[2025-12-26T22:14:26.403+0530] {local_task_job_runner.py:120} INFO - ::group::Pre task execution logs
[2025-12-26T22:14:26.417+0530] {taskinstance.py:2076} INFO - Dependencies all met for dep_context=non-requeueable deps ti=<TaskInstance: example_dynamic_task_mapping.add_one scheduled__2022-03-24T00:00:00+00:00 map_index=0 [queued]>
[2025-12-26T22:14:26.420+0530] {taskinstance.py:2076} INFO - Dependencies all met for dep_context=requeueable deps ti=<TaskInstance: example_dynamic_task_mapping.add_one scheduled__2022-03-24T00:00:00+00:00 map_index=0 [queued]>
[2025-12-26T22:14:26.421+0530] {taskinstance.py:2306} INFO - Starting attempt 1 of 1
[2025-12-26T22:14:26.433+0530] {taskinstance.py:2330} INFO - Executing <Mapped(_PythonDecoratedOperator): add_one> on 2022-03-24 00:00:00+00:00
[2025-12-26T22:14:26.435+0530] {standard_task_runner.py:64} INFO - Started process 4742 to run task
[2025-12-26T22:14:26.438+0530] {standard_task_runner.py:90} INFO - Running: ['airflow', 'tasks', 'run', 'example_dynamic_task_mapping', 'add_one', 'scheduled__2022-03-24T00:00:00+00:00', '--job-id', '248', '--raw', '--subdir', '/home/sathya/projects/training-kit/.venv-airflow/lib/python3.10/site-packages/airflow/example_dags/example_dynamic_task_mapping.py', '--cfg-path', '/tmp/tmpjn0_4mw6', '--map-index', '0']
[2025-12-26T22:14:26.439+0530] {standard_task_runner.py:91} INFO - Job 248: Subtask add_one
[2025-12-26T22:14:26.473+0530] {task_command.py:426} INFO - Running <TaskInstance: example_dynamic_task_mapping.add_one scheduled__2022-03-24T00:00:00+00:00 map_index=0 [running]> on host LAPTOP-A1PMOBSE.localdomain
[2025-12-26T22:14:26.529+0530] {taskinstance.py:2648} INFO - Exporting env vars: AIRFLOW_CTX_DAG_OWNER='airflow' AIRFLOW_CTX_DAG_ID='example_dynamic_task_mapping' AIRFLOW_CTX_TASK_ID='add_one' AIRFLOW_CTX_EXECUTION_DATE='2022-03-24T00:00:00+00:00' AIRFLOW_CTX_TRY_NUMBER='1' AIRFLOW_CTX_DAG_RUN_ID='scheduled__2022-03-24T00:00:00+00:00'
[2025-12-26T22:14:26.530+0530] {taskinstance.py:430} INFO - ::endgroup::
[2025-12-26T22:14:26.531+0530] {python.py:237} INFO - Done. Returned value was: 2
[2025-12-26T22:14:26.531+0530] {taskinstance.py:441} INFO - ::group::Post task execution logs
[2025-12-26T22:14:26.548+0530] {taskinstance.py:1206} INFO - Marking task as SUCCESS. dag_id=example_dynamic_task_mapping, task_id=add_one, run_id=scheduled__2022-03-24T00:00:00+00:00, map_index=0, execution_date=20220324T000000, start_date=20251226T164426, end_date=20251226T164426
[2025-12-26T22:14:26.570+0530] {local_task_job_runner.py:243} INFO - Task exited with return code 0
[2025-12-26T22:14:26.583+0530] {taskinstance.py:3503} INFO - 0 downstream tasks scheduled from follow-on schedule check
[2025-12-26T22:14:26.583+0530] {local_task_job_runner.py:222} INFO - ::endgroup::
[2026-03-10T23:00:23.557+0530] {local_task_job_runner.py:120} INFO - ::group::Pre task execution logs
[2026-03-10T23:00:23.582+0530] {taskinstance.py:2076} INFO - Dependencies all met for dep_context=non-requeueable deps ti=<TaskInstance: example_dynamic_task_mapping.add_one scheduled__2022-03-24T00:00:00+00:00 map_index=0 [queued]>
[2026-03-10T23:00:23.587+0530] {taskinstance.py:2076} INFO - Dependencies all met for dep_context=requeueable deps ti=<TaskInstance: example_dynamic_task_mapping.add_one scheduled__2022-03-24T00:00:00+00:00 map_index=0 [queued]>
[2026-03-10T23:00:23.588+0530] {taskinstance.py:2306} INFO - Starting attempt 1 of 1
[2026-03-10T23:00:23.608+0530] {taskinstance.py:2330} INFO - Executing <Mapped(_PythonDecoratedOperator): add_one> on 2022-03-24 00:00:00+00:00
[2026-03-10T23:00:23.614+0530] {standard_task_runner.py:64} INFO - Started process 4684 to run task
[2026-03-10T23:00:23.619+0530] {standard_task_runner.py:90} INFO - Running: ['airflow', 'tasks', 'run', 'example_dynamic_task_mapping', 'add_one', 'scheduled__2022-03-24T00:00:00+00:00', '--job-id', '371', '--raw', '--subdir', '/home/sathya/projects/training-kit/.venv-airflow/lib/python3.10/site-packages/airflow/example_dags/example_dynamic_task_mapping.py', '--cfg-path', '/tmp/tmpu4jp1itr', '--map-index', '0']
[2026-03-10T23:00:23.621+0530] {standard_task_runner.py:91} INFO - Job 371: Subtask add_one
[2026-03-10T23:00:23.669+0530] {task_command.py:426} INFO - Running <TaskInstance: example_dynamic_task_mapping.add_one scheduled__2022-03-24T00:00:00+00:00 map_index=0 [running]> on host LAPTOP-A1PMOBSE.localdomain
[2026-03-10T23:00:23.749+0530] {taskinstance.py:2648} INFO - Exporting env vars: AIRFLOW_CTX_DAG_OWNER='airflow' AIRFLOW_CTX_DAG_ID='example_dynamic_task_mapping' AIRFLOW_CTX_TASK_ID='add_one' AIRFLOW_CTX_EXECUTION_DATE='2022-03-24T00:00:00+00:00' AIRFLOW_CTX_TRY_NUMBER='1' AIRFLOW_CTX_DAG_RUN_ID='scheduled__2022-03-24T00:00:00+00:00'
[2026-03-10T23:00:23.750+0530] {taskinstance.py:430} INFO - ::endgroup::
[2026-03-10T23:00:23.750+0530] {python.py:237} INFO - Done. Returned value was: 2
[2026-03-10T23:00:23.750+0530] {taskinstance.py:441} INFO - ::group::Post task execution logs
[2026-03-10T23:00:23.771+0530] {taskinstance.py:1206} INFO - Marking task as SUCCESS. dag_id=example_dynamic_task_mapping, task_id=add_one, run_id=scheduled__2022-03-24T00:00:00+00:00, map_index=0, execution_date=20220324T000000, start_date=20260310T173023, end_date=20260310T173023
[2026-03-10T23:00:23.802+0530] {local_task_job_runner.py:243} INFO - Task exited with return code 0
[2026-03-10T23:00:23.823+0530] {taskinstance.py:3503} INFO - 0 downstream tasks scheduled from follow-on schedule check
[2026-03-10T23:00:23.824+0530] {local_task_job_runner.py:222} INFO - ::endgroup::
