[2025-12-27T19:33:40.570+0530] {local_task_job_runner.py:120} INFO - ::group::Pre task execution logs
[2025-12-27T19:33:40.593+0530] {taskinstance.py:2076} INFO - Dependencies all met for dep_context=non-requeueable deps ti=<TaskInstance: example_dynamic_task_mapping.add_one scheduled__2022-12-09T00:00:00+00:00 map_index=1 [queued]>
[2025-12-27T19:33:40.599+0530] {taskinstance.py:2076} INFO - Dependencies all met for dep_context=requeueable deps ti=<TaskInstance: example_dynamic_task_mapping.add_one scheduled__2022-12-09T00:00:00+00:00 map_index=1 [queued]>
[2025-12-27T19:33:40.600+0530] {taskinstance.py:2306} INFO - Starting attempt 1 of 1
[2025-12-27T19:33:40.619+0530] {taskinstance.py:2330} INFO - Executing <Mapped(_PythonDecoratedOperator): add_one> on 2022-12-09 00:00:00+00:00
[2025-12-27T19:33:40.622+0530] {standard_task_runner.py:64} INFO - Started process 1375 to run task
[2025-12-27T19:33:40.627+0530] {standard_task_runner.py:90} INFO - Running: ['airflow', 'tasks', 'run', 'example_dynamic_task_mapping', 'add_one', 'scheduled__2022-12-09T00:00:00+00:00', '--job-id', '1778', '--raw', '--subdir', '/home/sathya/projects/training-kit/.venv-airflow/lib/python3.10/site-packages/airflow/example_dags/example_dynamic_task_mapping.py', '--cfg-path', '/tmp/tmpzc48v8fy', '--map-index', '1']
[2025-12-27T19:33:40.627+0530] {standard_task_runner.py:91} INFO - Job 1778: Subtask add_one
[2025-12-27T19:33:40.676+0530] {task_command.py:426} INFO - Running <TaskInstance: example_dynamic_task_mapping.add_one scheduled__2022-12-09T00:00:00+00:00 map_index=1 [running]> on host LAPTOP-A1PMOBSE.localdomain
[2025-12-27T19:33:40.759+0530] {taskinstance.py:2648} INFO - Exporting env vars: AIRFLOW_CTX_DAG_OWNER='airflow' AIRFLOW_CTX_DAG_ID='example_dynamic_task_mapping' AIRFLOW_CTX_TASK_ID='add_one' AIRFLOW_CTX_EXECUTION_DATE='2022-12-09T00:00:00+00:00' AIRFLOW_CTX_TRY_NUMBER='1' AIRFLOW_CTX_DAG_RUN_ID='scheduled__2022-12-09T00:00:00+00:00'
[2025-12-27T19:33:40.760+0530] {taskinstance.py:430} INFO - ::endgroup::
[2025-12-27T19:33:40.761+0530] {python.py:237} INFO - Done. Returned value was: 3
[2025-12-27T19:33:40.761+0530] {taskinstance.py:441} INFO - ::group::Post task execution logs
[2025-12-27T19:33:40.783+0530] {taskinstance.py:1206} INFO - Marking task as SUCCESS. dag_id=example_dynamic_task_mapping, task_id=add_one, run_id=scheduled__2022-12-09T00:00:00+00:00, map_index=1, execution_date=20221209T000000, start_date=20251227T140340, end_date=20251227T140340
[2025-12-27T19:33:40.839+0530] {local_task_job_runner.py:243} INFO - Task exited with return code 0
[2025-12-27T19:33:40.870+0530] {taskinstance.py:3503} INFO - 0 downstream tasks scheduled from follow-on schedule check
[2025-12-27T19:33:40.870+0530] {local_task_job_runner.py:222} INFO - ::endgroup::
[2026-03-11T22:48:37.410+0530] {local_task_job_runner.py:120} INFO - ::group::Pre task execution logs
[2026-03-11T22:48:37.426+0530] {taskinstance.py:2076} INFO - Dependencies all met for dep_context=non-requeueable deps ti=<TaskInstance: example_dynamic_task_mapping.add_one scheduled__2022-12-09T00:00:00+00:00 map_index=1 [queued]>
[2026-03-11T22:48:37.430+0530] {taskinstance.py:2076} INFO - Dependencies all met for dep_context=requeueable deps ti=<TaskInstance: example_dynamic_task_mapping.add_one scheduled__2022-12-09T00:00:00+00:00 map_index=1 [queued]>
[2026-03-11T22:48:37.431+0530] {taskinstance.py:2306} INFO - Starting attempt 1 of 1
[2026-03-11T22:48:37.446+0530] {taskinstance.py:2330} INFO - Executing <Mapped(_PythonDecoratedOperator): add_one> on 2022-12-09 00:00:00+00:00
[2026-03-11T22:48:37.450+0530] {standard_task_runner.py:64} INFO - Started process 10694 to run task
[2026-03-11T22:48:37.453+0530] {standard_task_runner.py:90} INFO - Running: ['airflow', 'tasks', 'run', 'example_dynamic_task_mapping', 'add_one', 'scheduled__2022-12-09T00:00:00+00:00', '--job-id', '2085', '--raw', '--subdir', '/home/sathya/projects/training-kit/.venv-airflow/lib/python3.10/site-packages/airflow/example_dags/example_dynamic_task_mapping.py', '--cfg-path', '/tmp/tmpzqsc4j_0', '--map-index', '1']
[2026-03-11T22:48:37.454+0530] {standard_task_runner.py:91} INFO - Job 2085: Subtask add_one
[2026-03-11T22:48:37.487+0530] {task_command.py:426} INFO - Running <TaskInstance: example_dynamic_task_mapping.add_one scheduled__2022-12-09T00:00:00+00:00 map_index=1 [running]> on host LAPTOP-A1PMOBSE.localdomain
[2026-03-11T22:48:37.549+0530] {taskinstance.py:2648} INFO - Exporting env vars: AIRFLOW_CTX_DAG_OWNER='airflow' AIRFLOW_CTX_DAG_ID='example_dynamic_task_mapping' AIRFLOW_CTX_TASK_ID='add_one' AIRFLOW_CTX_EXECUTION_DATE='2022-12-09T00:00:00+00:00' AIRFLOW_CTX_TRY_NUMBER='1' AIRFLOW_CTX_DAG_RUN_ID='scheduled__2022-12-09T00:00:00+00:00'
[2026-03-11T22:48:37.550+0530] {taskinstance.py:430} INFO - ::endgroup::
[2026-03-11T22:48:37.551+0530] {python.py:237} INFO - Done. Returned value was: 3
[2026-03-11T22:48:37.551+0530] {taskinstance.py:441} INFO - ::group::Post task execution logs
[2026-03-11T22:48:37.566+0530] {taskinstance.py:1206} INFO - Marking task as SUCCESS. dag_id=example_dynamic_task_mapping, task_id=add_one, run_id=scheduled__2022-12-09T00:00:00+00:00, map_index=1, execution_date=20221209T000000, start_date=20260311T171837, end_date=20260311T171837
[2026-03-11T22:48:37.589+0530] {local_task_job_runner.py:243} INFO - Task exited with return code 0
[2026-03-11T22:48:37.601+0530] {taskinstance.py:3503} INFO - 0 downstream tasks scheduled from follow-on schedule check
[2026-03-11T22:48:37.601+0530] {local_task_job_runner.py:222} INFO - ::endgroup::
