[2025-12-26T22:56:30.320+0530] {local_task_job_runner.py:120} INFO - ::group::Pre task execution logs
[2025-12-26T22:56:30.342+0530] {taskinstance.py:2076} INFO - Dependencies all met for dep_context=non-requeueable deps ti=<TaskInstance: example_dynamic_task_mapping.sum_it scheduled__2022-10-01T00:00:00+00:00 [queued]>
[2025-12-26T22:56:30.347+0530] {taskinstance.py:2076} INFO - Dependencies all met for dep_context=requeueable deps ti=<TaskInstance: example_dynamic_task_mapping.sum_it scheduled__2022-10-01T00:00:00+00:00 [queued]>
[2025-12-26T22:56:30.347+0530] {taskinstance.py:2306} INFO - Starting attempt 1 of 1
[2025-12-26T22:56:30.363+0530] {taskinstance.py:2330} INFO - Executing <Task(_PythonDecoratedOperator): sum_it> on 2022-10-01 00:00:00+00:00
[2025-12-26T22:56:30.365+0530] {standard_task_runner.py:64} INFO - Started process 10271 to run task
[2025-12-26T22:56:30.369+0530] {standard_task_runner.py:90} INFO - Running: ['airflow', 'tasks', 'run', 'example_dynamic_task_mapping', 'sum_it', 'scheduled__2022-10-01T00:00:00+00:00', '--job-id', '1232', '--raw', '--subdir', '/home/sathya/projects/training-kit/.venv-airflow/lib/python3.10/site-packages/airflow/example_dags/example_dynamic_task_mapping.py', '--cfg-path', '/tmp/tmpb4iv8_hx']
[2025-12-26T22:56:30.369+0530] {standard_task_runner.py:91} INFO - Job 1232: Subtask sum_it
[2025-12-26T22:56:30.403+0530] {task_command.py:426} INFO - Running <TaskInstance: example_dynamic_task_mapping.sum_it scheduled__2022-10-01T00:00:00+00:00 [running]> on host LAPTOP-A1PMOBSE.localdomain
[2025-12-26T22:56:30.474+0530] {taskinstance.py:2648} INFO - Exporting env vars: AIRFLOW_CTX_DAG_OWNER='airflow' AIRFLOW_CTX_DAG_ID='example_dynamic_task_mapping' AIRFLOW_CTX_TASK_ID='sum_it' AIRFLOW_CTX_EXECUTION_DATE='2022-10-01T00:00:00+00:00' AIRFLOW_CTX_TRY_NUMBER='1' AIRFLOW_CTX_DAG_RUN_ID='scheduled__2022-10-01T00:00:00+00:00'
[2025-12-26T22:56:30.475+0530] {taskinstance.py:430} INFO - ::endgroup::
[2025-12-26T22:56:30.478+0530] {logging_mixin.py:188} INFO - Total was 9
[2025-12-26T22:56:30.478+0530] {python.py:237} INFO - Done. Returned value was: None
[2025-12-26T22:56:30.478+0530] {taskinstance.py:441} INFO - ::group::Post task execution logs
[2025-12-26T22:56:30.480+0530] {taskinstance.py:1206} INFO - Marking task as SUCCESS. dag_id=example_dynamic_task_mapping, task_id=sum_it, run_id=scheduled__2022-10-01T00:00:00+00:00, execution_date=20221001T000000, start_date=20251226T172630, end_date=20251226T172630
[2025-12-26T22:56:30.502+0530] {local_task_job_runner.py:243} INFO - Task exited with return code 0
[2025-12-26T22:56:30.512+0530] {taskinstance.py:3503} INFO - 0 downstream tasks scheduled from follow-on schedule check
[2025-12-26T22:56:30.513+0530] {local_task_job_runner.py:222} INFO - ::endgroup::
[2026-03-11T00:01:13.359+0530] {local_task_job_runner.py:120} INFO - ::group::Pre task execution logs
[2026-03-11T00:01:13.430+0530] {taskinstance.py:2076} INFO - Dependencies all met for dep_context=non-requeueable deps ti=<TaskInstance: example_dynamic_task_mapping.sum_it scheduled__2022-10-01T00:00:00+00:00 [queued]>
[2026-03-11T00:01:13.451+0530] {taskinstance.py:2076} INFO - Dependencies all met for dep_context=requeueable deps ti=<TaskInstance: example_dynamic_task_mapping.sum_it scheduled__2022-10-01T00:00:00+00:00 [queued]>
[2026-03-11T00:01:13.451+0530] {taskinstance.py:2306} INFO - Starting attempt 1 of 1
[2026-03-11T00:01:13.496+0530] {taskinstance.py:2330} INFO - Executing <Task(_PythonDecoratedOperator): sum_it> on 2022-10-01 00:00:00+00:00
[2026-03-11T00:01:13.511+0530] {standard_task_runner.py:64} INFO - Started process 16674 to run task
[2026-03-11T00:01:13.521+0530] {standard_task_runner.py:90} INFO - Running: ['airflow', 'tasks', 'run', 'example_dynamic_task_mapping', 'sum_it', 'scheduled__2022-10-01T00:00:00+00:00', '--job-id', '1521', '--raw', '--subdir', '/home/sathya/projects/training-kit/.venv-airflow/lib/python3.10/site-packages/airflow/example_dags/example_dynamic_task_mapping.py', '--cfg-path', '/tmp/tmpi6awv6lx']
[2026-03-11T00:01:13.532+0530] {standard_task_runner.py:91} INFO - Job 1521: Subtask sum_it
[2026-03-11T00:01:13.648+0530] {task_command.py:426} INFO - Running <TaskInstance: example_dynamic_task_mapping.sum_it scheduled__2022-10-01T00:00:00+00:00 [running]> on host LAPTOP-A1PMOBSE.localdomain
[2026-03-11T00:01:13.914+0530] {taskinstance.py:2648} INFO - Exporting env vars: AIRFLOW_CTX_DAG_OWNER='airflow' AIRFLOW_CTX_DAG_ID='example_dynamic_task_mapping' AIRFLOW_CTX_TASK_ID='sum_it' AIRFLOW_CTX_EXECUTION_DATE='2022-10-01T00:00:00+00:00' AIRFLOW_CTX_TRY_NUMBER='1' AIRFLOW_CTX_DAG_RUN_ID='scheduled__2022-10-01T00:00:00+00:00'
[2026-03-11T00:01:13.921+0530] {taskinstance.py:430} INFO - ::endgroup::
[2026-03-11T00:01:13.935+0530] {logging_mixin.py:188} INFO - Total was 9
[2026-03-11T00:01:13.936+0530] {python.py:237} INFO - Done. Returned value was: None
[2026-03-11T00:01:13.937+0530] {taskinstance.py:441} INFO - ::group::Post task execution logs
[2026-03-11T00:01:13.952+0530] {taskinstance.py:1206} INFO - Marking task as SUCCESS. dag_id=example_dynamic_task_mapping, task_id=sum_it, run_id=scheduled__2022-10-01T00:00:00+00:00, execution_date=20221001T000000, start_date=20260310T183113, end_date=20260310T183113
[2026-03-11T00:01:14.008+0530] {local_task_job_runner.py:243} INFO - Task exited with return code 0
[2026-03-11T00:01:14.034+0530] {taskinstance.py:3503} INFO - 0 downstream tasks scheduled from follow-on schedule check
[2026-03-11T00:01:14.035+0530] {local_task_job_runner.py:222} INFO - ::endgroup::
