[2025-12-26T22:19:07.635+0530] {local_task_job_runner.py:120} INFO - ::group::Pre task execution logs
[2025-12-26T22:19:07.672+0530] {taskinstance.py:2076} INFO - Dependencies all met for dep_context=non-requeueable deps ti=<TaskInstance: example_dynamic_task_mapping.add_one scheduled__2022-05-05T00:00:00+00:00 map_index=0 [queued]>
[2025-12-26T22:19:07.678+0530] {taskinstance.py:2076} INFO - Dependencies all met for dep_context=requeueable deps ti=<TaskInstance: example_dynamic_task_mapping.add_one scheduled__2022-05-05T00:00:00+00:00 map_index=0 [queued]>
[2025-12-26T22:19:07.678+0530] {taskinstance.py:2306} INFO - Starting attempt 1 of 1
[2025-12-26T22:19:07.730+0530] {taskinstance.py:2330} INFO - Executing <Mapped(_PythonDecoratedOperator): add_one> on 2022-05-05 00:00:00+00:00
[2025-12-26T22:19:07.735+0530] {standard_task_runner.py:64} INFO - Started process 5693 to run task
[2025-12-26T22:19:07.740+0530] {standard_task_runner.py:90} INFO - Running: ['airflow', 'tasks', 'run', 'example_dynamic_task_mapping', 'add_one', 'scheduled__2022-05-05T00:00:00+00:00', '--job-id', '443', '--raw', '--subdir', '/home/sathya/projects/training-kit/.venv-airflow/lib/python3.10/site-packages/airflow/example_dags/example_dynamic_task_mapping.py', '--cfg-path', '/tmp/tmp4_uumaps', '--map-index', '0']
[2025-12-26T22:19:07.742+0530] {standard_task_runner.py:91} INFO - Job 443: Subtask add_one
[2025-12-26T22:19:07.795+0530] {task_command.py:426} INFO - Running <TaskInstance: example_dynamic_task_mapping.add_one scheduled__2022-05-05T00:00:00+00:00 map_index=0 [running]> on host LAPTOP-A1PMOBSE.localdomain
[2025-12-26T22:19:07.885+0530] {taskinstance.py:2648} INFO - Exporting env vars: AIRFLOW_CTX_DAG_OWNER='airflow' AIRFLOW_CTX_DAG_ID='example_dynamic_task_mapping' AIRFLOW_CTX_TASK_ID='add_one' AIRFLOW_CTX_EXECUTION_DATE='2022-05-05T00:00:00+00:00' AIRFLOW_CTX_TRY_NUMBER='1' AIRFLOW_CTX_DAG_RUN_ID='scheduled__2022-05-05T00:00:00+00:00'
[2025-12-26T22:19:07.887+0530] {taskinstance.py:430} INFO - ::endgroup::
[2025-12-26T22:19:07.887+0530] {python.py:237} INFO - Done. Returned value was: 2
[2025-12-26T22:19:07.887+0530] {taskinstance.py:441} INFO - ::group::Post task execution logs
[2025-12-26T22:19:07.907+0530] {taskinstance.py:1206} INFO - Marking task as SUCCESS. dag_id=example_dynamic_task_mapping, task_id=add_one, run_id=scheduled__2022-05-05T00:00:00+00:00, map_index=0, execution_date=20220505T000000, start_date=20251226T164907, end_date=20251226T164907
[2025-12-26T22:19:07.965+0530] {local_task_job_runner.py:243} INFO - Task exited with return code 0
[2025-12-26T22:19:07.981+0530] {taskinstance.py:3503} INFO - 0 downstream tasks scheduled from follow-on schedule check
[2025-12-26T22:19:07.982+0530] {local_task_job_runner.py:222} INFO - ::endgroup::
[2026-03-10T23:08:39.680+0530] {local_task_job_runner.py:120} INFO - ::group::Pre task execution logs
[2026-03-10T23:08:39.715+0530] {taskinstance.py:2076} INFO - Dependencies all met for dep_context=non-requeueable deps ti=<TaskInstance: example_dynamic_task_mapping.add_one scheduled__2022-05-05T00:00:00+00:00 map_index=0 [queued]>
[2026-03-10T23:08:39.721+0530] {taskinstance.py:2076} INFO - Dependencies all met for dep_context=requeueable deps ti=<TaskInstance: example_dynamic_task_mapping.add_one scheduled__2022-05-05T00:00:00+00:00 map_index=0 [queued]>
[2026-03-10T23:08:39.721+0530] {taskinstance.py:2306} INFO - Starting attempt 1 of 1
[2026-03-10T23:08:39.742+0530] {taskinstance.py:2330} INFO - Executing <Mapped(_PythonDecoratedOperator): add_one> on 2022-05-05 00:00:00+00:00
[2026-03-10T23:08:39.749+0530] {standard_task_runner.py:64} INFO - Started process 6815 to run task
[2026-03-10T23:08:39.755+0530] {standard_task_runner.py:90} INFO - Running: ['airflow', 'tasks', 'run', 'example_dynamic_task_mapping', 'add_one', 'scheduled__2022-05-05T00:00:00+00:00', '--job-id', '577', '--raw', '--subdir', '/home/sathya/projects/training-kit/.venv-airflow/lib/python3.10/site-packages/airflow/example_dags/example_dynamic_task_mapping.py', '--cfg-path', '/tmp/tmph5s39f2k', '--map-index', '0']
[2026-03-10T23:08:39.762+0530] {standard_task_runner.py:91} INFO - Job 577: Subtask add_one
[2026-03-10T23:08:39.837+0530] {task_command.py:426} INFO - Running <TaskInstance: example_dynamic_task_mapping.add_one scheduled__2022-05-05T00:00:00+00:00 map_index=0 [running]> on host LAPTOP-A1PMOBSE.localdomain
[2026-03-10T23:08:40.006+0530] {taskinstance.py:2648} INFO - Exporting env vars: AIRFLOW_CTX_DAG_OWNER='airflow' AIRFLOW_CTX_DAG_ID='example_dynamic_task_mapping' AIRFLOW_CTX_TASK_ID='add_one' AIRFLOW_CTX_EXECUTION_DATE='2022-05-05T00:00:00+00:00' AIRFLOW_CTX_TRY_NUMBER='1' AIRFLOW_CTX_DAG_RUN_ID='scheduled__2022-05-05T00:00:00+00:00'
[2026-03-10T23:08:40.009+0530] {taskinstance.py:430} INFO - ::endgroup::
[2026-03-10T23:08:40.010+0530] {python.py:237} INFO - Done. Returned value was: 2
[2026-03-10T23:08:40.011+0530] {taskinstance.py:441} INFO - ::group::Post task execution logs
[2026-03-10T23:08:40.052+0530] {taskinstance.py:1206} INFO - Marking task as SUCCESS. dag_id=example_dynamic_task_mapping, task_id=add_one, run_id=scheduled__2022-05-05T00:00:00+00:00, map_index=0, execution_date=20220505T000000, start_date=20260310T173839, end_date=20260310T173840
[2026-03-10T23:08:40.121+0530] {local_task_job_runner.py:243} INFO - Task exited with return code 0
[2026-03-10T23:08:40.142+0530] {taskinstance.py:3503} INFO - 0 downstream tasks scheduled from follow-on schedule check
[2026-03-10T23:08:40.143+0530] {local_task_job_runner.py:222} INFO - ::endgroup::
