[2025-12-26T23:11:08.596+0530] {local_task_job_runner.py:120} INFO - ::group::Pre task execution logs
[2025-12-26T23:11:08.612+0530] {taskinstance.py:2076} INFO - Dependencies all met for dep_context=non-requeueable deps ti=<TaskInstance: example_params_trigger_ui.select_languages manual__2025-12-26T17:40:57+00:00 [queued]>
[2025-12-26T23:11:08.616+0530] {taskinstance.py:2076} INFO - Dependencies all met for dep_context=requeueable deps ti=<TaskInstance: example_params_trigger_ui.select_languages manual__2025-12-26T17:40:57+00:00 [queued]>
[2025-12-26T23:11:08.616+0530] {taskinstance.py:2306} INFO - Starting attempt 1 of 1
[2025-12-26T23:11:08.633+0530] {taskinstance.py:2330} INFO - Executing <Task(_BranchPythonDecoratedOperator): select_languages> on 2025-12-26 17:40:57+00:00
[2025-12-26T23:11:08.635+0530] {standard_task_runner.py:64} INFO - Started process 11812 to run task
[2025-12-26T23:11:08.638+0530] {standard_task_runner.py:90} INFO - Running: ['airflow', 'tasks', 'run', 'example_params_trigger_ui', 'select_languages', 'manual__2025-12-26T17:40:57+00:00', '--job-id', '1465', '--raw', '--subdir', '/home/sathya/projects/training-kit/.venv-airflow/lib/python3.10/site-packages/airflow/example_dags/example_params_trigger_ui.py', '--cfg-path', '/tmp/tmpnsxa8han']
[2025-12-26T23:11:08.639+0530] {standard_task_runner.py:91} INFO - Job 1465: Subtask select_languages
[2025-12-26T23:11:08.679+0530] {task_command.py:426} INFO - Running <TaskInstance: example_params_trigger_ui.select_languages manual__2025-12-26T17:40:57+00:00 [running]> on host LAPTOP-A1PMOBSE.localdomain
[2025-12-26T23:11:08.739+0530] {taskinstance.py:2648} INFO - Exporting env vars: AIRFLOW_CTX_DAG_OWNER='airflow' AIRFLOW_CTX_DAG_ID='example_params_trigger_ui' AIRFLOW_CTX_TASK_ID='select_languages' AIRFLOW_CTX_EXECUTION_DATE='2025-12-26T17:40:57+00:00' AIRFLOW_CTX_TRY_NUMBER='1' AIRFLOW_CTX_DAG_RUN_ID='manual__2025-12-26T17:40:57+00:00'
[2025-12-26T23:11:08.739+0530] {taskinstance.py:430} INFO - ::endgroup::
[2025-12-26T23:11:08.740+0530] {python.py:237} INFO - Done. Returned value was: ['generate_english_greeting', 'generate_german_greeting', 'generate_french_greeting']
[2025-12-26T23:11:08.740+0530] {branch.py:36} INFO - Branch into ['generate_english_greeting', 'generate_german_greeting', 'generate_french_greeting']
[2025-12-26T23:11:08.740+0530] {skipmixin.py:178} INFO - Following branch ['generate_english_greeting', 'generate_german_greeting', 'generate_french_greeting']
[2025-12-26T23:11:08.748+0530] {skipmixin.py:246} INFO - Skipping tasks []
[2025-12-26T23:11:08.759+0530] {taskinstance.py:441} INFO - ::group::Post task execution logs
[2025-12-26T23:11:08.773+0530] {taskinstance.py:1206} INFO - Marking task as SUCCESS. dag_id=example_params_trigger_ui, task_id=select_languages, run_id=manual__2025-12-26T17:40:57+00:00, execution_date=20251226T174057, start_date=20251226T174108, end_date=20251226T174108
[2025-12-26T23:11:08.820+0530] {local_task_job_runner.py:243} INFO - Task exited with return code 0
[2025-12-26T23:11:08.842+0530] {taskinstance.py:3503} INFO - 0 downstream tasks scheduled from follow-on schedule check
[2025-12-26T23:11:08.842+0530] {local_task_job_runner.py:222} INFO - ::endgroup::
