[2025-12-26T22:05:57.973+0530] {local_task_job_runner.py:120} INFO - ::group::Pre task execution logs
[2025-12-26T22:05:58.000+0530] {taskinstance.py:2076} INFO - Dependencies all met for dep_context=non-requeueable deps ti=<TaskInstance: example_dynamic_task_mapping.add_one scheduled__2022-03-06T00:00:00+00:00 map_index=0 [queued]>
[2025-12-26T22:05:58.009+0530] {taskinstance.py:2076} INFO - Dependencies all met for dep_context=requeueable deps ti=<TaskInstance: example_dynamic_task_mapping.add_one scheduled__2022-03-06T00:00:00+00:00 map_index=0 [queued]>
[2025-12-26T22:05:58.009+0530] {taskinstance.py:2306} INFO - Starting attempt 1 of 1
[2025-12-26T22:05:58.028+0530] {taskinstance.py:2330} INFO - Executing <Mapped(_PythonDecoratedOperator): add_one> on 2022-03-06 00:00:00+00:00
[2025-12-26T22:05:58.031+0530] {standard_task_runner.py:64} INFO - Started process 3665 to run task
[2025-12-26T22:05:58.037+0530] {standard_task_runner.py:90} INFO - Running: ['airflow', 'tasks', 'run', 'example_dynamic_task_mapping', 'add_one', 'scheduled__2022-03-06T00:00:00+00:00', '--job-id', '45', '--raw', '--subdir', '/home/sathya/projects/training-kit/.venv-airflow/lib/python3.10/site-packages/airflow/example_dags/example_dynamic_task_mapping.py', '--cfg-path', '/tmp/tmphjttvb1o', '--map-index', '0']
[2025-12-26T22:05:58.037+0530] {standard_task_runner.py:91} INFO - Job 45: Subtask add_one
[2025-12-26T22:05:58.108+0530] {task_command.py:426} INFO - Running <TaskInstance: example_dynamic_task_mapping.add_one scheduled__2022-03-06T00:00:00+00:00 map_index=0 [running]> on host LAPTOP-A1PMOBSE.localdomain
[2025-12-26T22:05:58.207+0530] {taskinstance.py:2648} INFO - Exporting env vars: AIRFLOW_CTX_DAG_OWNER='airflow' AIRFLOW_CTX_DAG_ID='example_dynamic_task_mapping' AIRFLOW_CTX_TASK_ID='add_one' AIRFLOW_CTX_EXECUTION_DATE='2022-03-06T00:00:00+00:00' AIRFLOW_CTX_TRY_NUMBER='1' AIRFLOW_CTX_DAG_RUN_ID='scheduled__2022-03-06T00:00:00+00:00'
[2025-12-26T22:05:58.209+0530] {taskinstance.py:430} INFO - ::endgroup::
[2025-12-26T22:05:58.210+0530] {python.py:237} INFO - Done. Returned value was: 2
[2025-12-26T22:05:58.210+0530] {taskinstance.py:441} INFO - ::group::Post task execution logs
[2025-12-26T22:05:58.238+0530] {taskinstance.py:1206} INFO - Marking task as SUCCESS. dag_id=example_dynamic_task_mapping, task_id=add_one, run_id=scheduled__2022-03-06T00:00:00+00:00, map_index=0, execution_date=20220306T000000, start_date=20251226T163558, end_date=20251226T163558
[2025-12-26T22:05:58.304+0530] {local_task_job_runner.py:243} INFO - Task exited with return code 0
[2025-12-26T22:05:58.330+0530] {taskinstance.py:3503} INFO - 0 downstream tasks scheduled from follow-on schedule check
[2025-12-26T22:05:58.330+0530] {local_task_job_runner.py:222} INFO - ::endgroup::
[2026-03-10T21:05:58.034+0530] {local_task_job_runner.py:120} INFO - ::group::Pre task execution logs
[2026-03-10T21:05:58.071+0530] {taskinstance.py:2076} INFO - Dependencies all met for dep_context=non-requeueable deps ti=<TaskInstance: example_dynamic_task_mapping.add_one scheduled__2022-03-06T00:00:00+00:00 map_index=0 [queued]>
[2026-03-10T21:05:58.079+0530] {taskinstance.py:2076} INFO - Dependencies all met for dep_context=requeueable deps ti=<TaskInstance: example_dynamic_task_mapping.add_one scheduled__2022-03-06T00:00:00+00:00 map_index=0 [queued]>
[2026-03-10T21:05:58.080+0530] {taskinstance.py:2306} INFO - Starting attempt 1 of 1
[2026-03-10T21:05:58.106+0530] {taskinstance.py:2330} INFO - Executing <Mapped(_PythonDecoratedOperator): add_one> on 2022-03-06 00:00:00+00:00
[2026-03-10T21:05:58.111+0530] {standard_task_runner.py:64} INFO - Started process 731 to run task
[2026-03-10T21:05:58.115+0530] {standard_task_runner.py:90} INFO - Running: ['airflow', 'tasks', 'run', 'example_dynamic_task_mapping', 'add_one', 'scheduled__2022-03-06T00:00:00+00:00', '--job-id', '46', '--raw', '--subdir', '/home/sathya/projects/training-kit/.venv-airflow/lib/python3.10/site-packages/airflow/example_dags/example_dynamic_task_mapping.py', '--cfg-path', '/tmp/tmpp80bwhut', '--map-index', '0']
[2026-03-10T21:05:58.118+0530] {standard_task_runner.py:91} INFO - Job 46: Subtask add_one
[2026-03-10T21:05:58.180+0530] {task_command.py:426} INFO - Running <TaskInstance: example_dynamic_task_mapping.add_one scheduled__2022-03-06T00:00:00+00:00 map_index=0 [running]> on host LAPTOP-A1PMOBSE.localdomain
[2026-03-10T21:05:58.274+0530] {taskinstance.py:2648} INFO - Exporting env vars: AIRFLOW_CTX_DAG_OWNER='airflow' AIRFLOW_CTX_DAG_ID='example_dynamic_task_mapping' AIRFLOW_CTX_TASK_ID='add_one' AIRFLOW_CTX_EXECUTION_DATE='2022-03-06T00:00:00+00:00' AIRFLOW_CTX_TRY_NUMBER='1' AIRFLOW_CTX_DAG_RUN_ID='scheduled__2022-03-06T00:00:00+00:00'
[2026-03-10T21:05:58.278+0530] {taskinstance.py:430} INFO - ::endgroup::
[2026-03-10T21:05:58.279+0530] {python.py:237} INFO - Done. Returned value was: 2
[2026-03-10T21:05:58.280+0530] {taskinstance.py:441} INFO - ::group::Post task execution logs
[2026-03-10T21:05:58.304+0530] {taskinstance.py:1206} INFO - Marking task as SUCCESS. dag_id=example_dynamic_task_mapping, task_id=add_one, run_id=scheduled__2022-03-06T00:00:00+00:00, map_index=0, execution_date=20220306T000000, start_date=20260310T153558, end_date=20260310T153558
[2026-03-10T21:05:58.340+0530] {local_task_job_runner.py:243} INFO - Task exited with return code 0
[2026-03-10T21:05:58.375+0530] {taskinstance.py:3503} INFO - 0 downstream tasks scheduled from follow-on schedule check
[2026-03-10T21:05:58.376+0530] {local_task_job_runner.py:222} INFO - ::endgroup::
