[2025-12-26T22:44:43.658+0530] {local_task_job_runner.py:120} INFO - ::group::Pre task execution logs
[2025-12-26T22:44:43.672+0530] {taskinstance.py:2076} INFO - Dependencies all met for dep_context=non-requeueable deps ti=<TaskInstance: example_dynamic_task_mapping.add_one scheduled__2022-08-15T00:00:00+00:00 map_index=2 [queued]>
[2025-12-26T22:44:43.676+0530] {taskinstance.py:2076} INFO - Dependencies all met for dep_context=requeueable deps ti=<TaskInstance: example_dynamic_task_mapping.add_one scheduled__2022-08-15T00:00:00+00:00 map_index=2 [queued]>
[2025-12-26T22:44:43.676+0530] {taskinstance.py:2306} INFO - Starting attempt 1 of 1
[2025-12-26T22:44:43.688+0530] {taskinstance.py:2330} INFO - Executing <Mapped(_PythonDecoratedOperator): add_one> on 2022-08-15 00:00:00+00:00
[2025-12-26T22:44:43.691+0530] {standard_task_runner.py:64} INFO - Started process 8857 to run task
[2025-12-26T22:44:43.693+0530] {standard_task_runner.py:90} INFO - Running: ['airflow', 'tasks', 'run', 'example_dynamic_task_mapping', 'add_one', 'scheduled__2022-08-15T00:00:00+00:00', '--job-id', '983', '--raw', '--subdir', '/home/sathya/projects/training-kit/.venv-airflow/lib/python3.10/site-packages/airflow/example_dags/example_dynamic_task_mapping.py', '--cfg-path', '/tmp/tmpu6s5ocr5', '--map-index', '2']
[2025-12-26T22:44:43.694+0530] {standard_task_runner.py:91} INFO - Job 983: Subtask add_one
[2025-12-26T22:44:43.721+0530] {task_command.py:426} INFO - Running <TaskInstance: example_dynamic_task_mapping.add_one scheduled__2022-08-15T00:00:00+00:00 map_index=2 [running]> on host LAPTOP-A1PMOBSE.localdomain
[2025-12-26T22:44:43.770+0530] {taskinstance.py:2648} INFO - Exporting env vars: AIRFLOW_CTX_DAG_OWNER='airflow' AIRFLOW_CTX_DAG_ID='example_dynamic_task_mapping' AIRFLOW_CTX_TASK_ID='add_one' AIRFLOW_CTX_EXECUTION_DATE='2022-08-15T00:00:00+00:00' AIRFLOW_CTX_TRY_NUMBER='1' AIRFLOW_CTX_DAG_RUN_ID='scheduled__2022-08-15T00:00:00+00:00'
[2025-12-26T22:44:43.771+0530] {taskinstance.py:430} INFO - ::endgroup::
[2025-12-26T22:44:43.771+0530] {python.py:237} INFO - Done. Returned value was: 4
[2025-12-26T22:44:43.771+0530] {taskinstance.py:441} INFO - ::group::Post task execution logs
[2025-12-26T22:44:43.783+0530] {taskinstance.py:1206} INFO - Marking task as SUCCESS. dag_id=example_dynamic_task_mapping, task_id=add_one, run_id=scheduled__2022-08-15T00:00:00+00:00, map_index=2, execution_date=20220815T000000, start_date=20251226T171443, end_date=20251226T171443
[2025-12-26T22:44:43.826+0530] {local_task_job_runner.py:243} INFO - Task exited with return code 0
[2025-12-26T22:44:43.845+0530] {taskinstance.py:3503} INFO - 1 downstream tasks scheduled from follow-on schedule check
[2025-12-26T22:44:43.853+0530] {local_task_job_runner.py:222} INFO - ::endgroup::
[2026-03-10T23:34:06.023+0530] {local_task_job_runner.py:120} INFO - ::group::Pre task execution logs
[2026-03-10T23:34:06.086+0530] {taskinstance.py:2076} INFO - Dependencies all met for dep_context=non-requeueable deps ti=<TaskInstance: example_dynamic_task_mapping.add_one scheduled__2022-08-15T00:00:00+00:00 map_index=2 [queued]>
[2026-03-10T23:34:06.100+0530] {taskinstance.py:2076} INFO - Dependencies all met for dep_context=requeueable deps ti=<TaskInstance: example_dynamic_task_mapping.add_one scheduled__2022-08-15T00:00:00+00:00 map_index=2 [queued]>
[2026-03-10T23:34:06.100+0530] {taskinstance.py:2306} INFO - Starting attempt 1 of 1
[2026-03-10T23:34:06.140+0530] {taskinstance.py:2330} INFO - Executing <Mapped(_PythonDecoratedOperator): add_one> on 2022-08-15 00:00:00+00:00
[2026-03-10T23:34:06.151+0530] {standard_task_runner.py:64} INFO - Started process 12809 to run task
[2026-03-10T23:34:06.161+0530] {standard_task_runner.py:90} INFO - Running: ['airflow', 'tasks', 'run', 'example_dynamic_task_mapping', 'add_one', 'scheduled__2022-08-15T00:00:00+00:00', '--job-id', '1158', '--raw', '--subdir', '/home/sathya/projects/training-kit/.venv-airflow/lib/python3.10/site-packages/airflow/example_dags/example_dynamic_task_mapping.py', '--cfg-path', '/tmp/tmpyfwxp5y7', '--map-index', '2']
[2026-03-10T23:34:06.166+0530] {standard_task_runner.py:91} INFO - Job 1158: Subtask add_one
[2026-03-10T23:34:06.291+0530] {task_command.py:426} INFO - Running <TaskInstance: example_dynamic_task_mapping.add_one scheduled__2022-08-15T00:00:00+00:00 map_index=2 [running]> on host LAPTOP-A1PMOBSE.localdomain
[2026-03-10T23:34:06.515+0530] {taskinstance.py:2648} INFO - Exporting env vars: AIRFLOW_CTX_DAG_OWNER='airflow' AIRFLOW_CTX_DAG_ID='example_dynamic_task_mapping' AIRFLOW_CTX_TASK_ID='add_one' AIRFLOW_CTX_EXECUTION_DATE='2022-08-15T00:00:00+00:00' AIRFLOW_CTX_TRY_NUMBER='1' AIRFLOW_CTX_DAG_RUN_ID='scheduled__2022-08-15T00:00:00+00:00'
[2026-03-10T23:34:06.518+0530] {taskinstance.py:430} INFO - ::endgroup::
[2026-03-10T23:34:06.519+0530] {python.py:237} INFO - Done. Returned value was: 4
[2026-03-10T23:34:06.520+0530] {taskinstance.py:441} INFO - ::group::Post task execution logs
[2026-03-10T23:34:06.565+0530] {taskinstance.py:1206} INFO - Marking task as SUCCESS. dag_id=example_dynamic_task_mapping, task_id=add_one, run_id=scheduled__2022-08-15T00:00:00+00:00, map_index=2, execution_date=20220815T000000, start_date=20260310T180406, end_date=20260310T180406
[2026-03-10T23:34:06.637+0530] {local_task_job_runner.py:243} INFO - Task exited with return code 0
[2026-03-10T23:34:06.697+0530] {taskinstance.py:3503} INFO - 1 downstream tasks scheduled from follow-on schedule check
[2026-03-10T23:34:06.710+0530] {local_task_job_runner.py:222} INFO - ::endgroup::
