[2025-12-27T19:37:50.852+0530] {local_task_job_runner.py:120} INFO - ::group::Pre task execution logs
[2025-12-27T19:37:50.878+0530] {taskinstance.py:2076} INFO - Dependencies all met for dep_context=non-requeueable deps ti=<TaskInstance: example_dynamic_task_mapping.add_one scheduled__2022-12-18T00:00:00+00:00 map_index=2 [queued]>
[2025-12-27T19:37:50.884+0530] {taskinstance.py:2076} INFO - Dependencies all met for dep_context=requeueable deps ti=<TaskInstance: example_dynamic_task_mapping.add_one scheduled__2022-12-18T00:00:00+00:00 map_index=2 [queued]>
[2025-12-27T19:37:50.884+0530] {taskinstance.py:2306} INFO - Starting attempt 1 of 1
[2025-12-27T19:37:50.902+0530] {taskinstance.py:2330} INFO - Executing <Mapped(_PythonDecoratedOperator): add_one> on 2022-12-18 00:00:00+00:00
[2025-12-27T19:37:50.906+0530] {standard_task_runner.py:64} INFO - Started process 1533 to run task
[2025-12-27T19:37:50.911+0530] {standard_task_runner.py:90} INFO - Running: ['airflow', 'tasks', 'run', 'example_dynamic_task_mapping', 'add_one', 'scheduled__2022-12-18T00:00:00+00:00', '--job-id', '1836', '--raw', '--subdir', '/home/sathya/projects/training-kit/.venv-airflow/lib/python3.10/site-packages/airflow/example_dags/example_dynamic_task_mapping.py', '--cfg-path', '/tmp/tmpk44lqlrt', '--map-index', '2']
[2025-12-27T19:37:50.911+0530] {standard_task_runner.py:91} INFO - Job 1836: Subtask add_one
[2025-12-27T19:37:50.954+0530] {task_command.py:426} INFO - Running <TaskInstance: example_dynamic_task_mapping.add_one scheduled__2022-12-18T00:00:00+00:00 map_index=2 [running]> on host LAPTOP-A1PMOBSE.localdomain
[2025-12-27T19:37:51.038+0530] {taskinstance.py:2648} INFO - Exporting env vars: AIRFLOW_CTX_DAG_OWNER='airflow' AIRFLOW_CTX_DAG_ID='example_dynamic_task_mapping' AIRFLOW_CTX_TASK_ID='add_one' AIRFLOW_CTX_EXECUTION_DATE='2022-12-18T00:00:00+00:00' AIRFLOW_CTX_TRY_NUMBER='1' AIRFLOW_CTX_DAG_RUN_ID='scheduled__2022-12-18T00:00:00+00:00'
[2025-12-27T19:37:51.039+0530] {taskinstance.py:430} INFO - ::endgroup::
[2025-12-27T19:37:51.040+0530] {python.py:237} INFO - Done. Returned value was: 4
[2025-12-27T19:37:51.040+0530] {taskinstance.py:441} INFO - ::group::Post task execution logs
[2025-12-27T19:37:51.058+0530] {taskinstance.py:1206} INFO - Marking task as SUCCESS. dag_id=example_dynamic_task_mapping, task_id=add_one, run_id=scheduled__2022-12-18T00:00:00+00:00, map_index=2, execution_date=20221218T000000, start_date=20251227T140750, end_date=20251227T140751
[2025-12-27T19:37:51.087+0530] {local_task_job_runner.py:243} INFO - Task exited with return code 0
[2025-12-27T19:37:51.106+0530] {taskinstance.py:3503} INFO - 1 downstream tasks scheduled from follow-on schedule check
[2025-12-27T19:37:51.114+0530] {local_task_job_runner.py:222} INFO - ::endgroup::
[2026-03-11T22:51:43.893+0530] {local_task_job_runner.py:120} INFO - ::group::Pre task execution logs
[2026-03-11T22:51:43.909+0530] {taskinstance.py:2076} INFO - Dependencies all met for dep_context=non-requeueable deps ti=<TaskInstance: example_dynamic_task_mapping.add_one scheduled__2022-12-18T00:00:00+00:00 map_index=2 [queued]>
[2026-03-11T22:51:43.913+0530] {taskinstance.py:2076} INFO - Dependencies all met for dep_context=requeueable deps ti=<TaskInstance: example_dynamic_task_mapping.add_one scheduled__2022-12-18T00:00:00+00:00 map_index=2 [queued]>
[2026-03-11T22:51:43.914+0530] {taskinstance.py:2306} INFO - Starting attempt 1 of 1
[2026-03-11T22:51:43.928+0530] {taskinstance.py:2330} INFO - Executing <Mapped(_PythonDecoratedOperator): add_one> on 2022-12-18 00:00:00+00:00
[2026-03-11T22:51:43.932+0530] {standard_task_runner.py:64} INFO - Started process 11221 to run task
[2026-03-11T22:51:43.935+0530] {standard_task_runner.py:90} INFO - Running: ['airflow', 'tasks', 'run', 'example_dynamic_task_mapping', 'add_one', 'scheduled__2022-12-18T00:00:00+00:00', '--job-id', '2138', '--raw', '--subdir', '/home/sathya/projects/training-kit/.venv-airflow/lib/python3.10/site-packages/airflow/example_dags/example_dynamic_task_mapping.py', '--cfg-path', '/tmp/tmp0otugdlm', '--map-index', '2']
[2026-03-11T22:51:43.937+0530] {standard_task_runner.py:91} INFO - Job 2138: Subtask add_one
[2026-03-11T22:51:43.968+0530] {task_command.py:426} INFO - Running <TaskInstance: example_dynamic_task_mapping.add_one scheduled__2022-12-18T00:00:00+00:00 map_index=2 [running]> on host LAPTOP-A1PMOBSE.localdomain
[2026-03-11T22:51:44.028+0530] {taskinstance.py:2648} INFO - Exporting env vars: AIRFLOW_CTX_DAG_OWNER='airflow' AIRFLOW_CTX_DAG_ID='example_dynamic_task_mapping' AIRFLOW_CTX_TASK_ID='add_one' AIRFLOW_CTX_EXECUTION_DATE='2022-12-18T00:00:00+00:00' AIRFLOW_CTX_TRY_NUMBER='1' AIRFLOW_CTX_DAG_RUN_ID='scheduled__2022-12-18T00:00:00+00:00'
[2026-03-11T22:51:44.029+0530] {taskinstance.py:430} INFO - ::endgroup::
[2026-03-11T22:51:44.029+0530] {python.py:237} INFO - Done. Returned value was: 4
[2026-03-11T22:51:44.029+0530] {taskinstance.py:441} INFO - ::group::Post task execution logs
[2026-03-11T22:51:44.043+0530] {taskinstance.py:1206} INFO - Marking task as SUCCESS. dag_id=example_dynamic_task_mapping, task_id=add_one, run_id=scheduled__2022-12-18T00:00:00+00:00, map_index=2, execution_date=20221218T000000, start_date=20260311T172143, end_date=20260311T172144
[2026-03-11T22:51:44.076+0530] {local_task_job_runner.py:243} INFO - Task exited with return code 0
[2026-03-11T22:51:44.092+0530] {taskinstance.py:3503} INFO - 1 downstream tasks scheduled from follow-on schedule check
[2026-03-11T22:51:44.101+0530] {local_task_job_runner.py:222} INFO - ::endgroup::
