[2025-12-26T21:52:06.041+0530] {processor.py:161} INFO - Started process (PID=1225) to work on /home/sathya/projects/training-kit/airflow_home/dags/elt_dag.py
[2025-12-26T21:52:06.042+0530] {processor.py:830} INFO - Processing file /home/sathya/projects/training-kit/airflow_home/dags/elt_dag.py for tasks to queue
[2025-12-26T21:52:06.044+0530] {logging_mixin.py:188} INFO - [2025-12-26T21:52:06.044+0530] {dagbag.py:545} INFO - Filling up the DagBag from /home/sathya/projects/training-kit/airflow_home/dags/elt_dag.py
[2025-12-26T21:52:06.058+0530] {processor.py:840} INFO - DAG(s) 'daily_elt' retrieved from /home/sathya/projects/training-kit/airflow_home/dags/elt_dag.py
[2025-12-26T21:52:06.091+0530] {logging_mixin.py:188} INFO - [2025-12-26T21:52:06.090+0530] {dag.py:3089} INFO - Sync 1 DAGs
[2025-12-26T21:52:06.131+0530] {logging_mixin.py:188} INFO - [2025-12-26T21:52:06.130+0530] {dag.py:3947} INFO - Setting next_dagrun for daily_elt to 2025-12-25 00:00:00+00:00, run_after=2025-12-26 00:00:00+00:00
[2025-12-26T21:52:06.168+0530] {processor.py:183} INFO - Processing /home/sathya/projects/training-kit/airflow_home/dags/elt_dag.py took 0.135 seconds
[2025-12-26T21:52:59.434+0530] {processor.py:161} INFO - Started process (PID=1361) to work on /home/sathya/projects/training-kit/airflow_home/dags/elt_dag.py
[2025-12-26T21:52:59.436+0530] {processor.py:830} INFO - Processing file /home/sathya/projects/training-kit/airflow_home/dags/elt_dag.py for tasks to queue
[2025-12-26T21:52:59.438+0530] {logging_mixin.py:188} INFO - [2025-12-26T21:52:59.437+0530] {dagbag.py:545} INFO - Filling up the DagBag from /home/sathya/projects/training-kit/airflow_home/dags/elt_dag.py
[2025-12-26T21:52:59.446+0530] {processor.py:840} INFO - DAG(s) 'daily_elt' retrieved from /home/sathya/projects/training-kit/airflow_home/dags/elt_dag.py
[2025-12-26T21:52:59.467+0530] {logging_mixin.py:188} INFO - [2025-12-26T21:52:59.467+0530] {dag.py:3089} INFO - Sync 1 DAGs
[2025-12-26T21:52:59.486+0530] {logging_mixin.py:188} INFO - [2025-12-26T21:52:59.486+0530] {dag.py:3947} INFO - Setting next_dagrun for daily_elt to 2025-12-25 00:00:00+00:00, run_after=2025-12-26 00:00:00+00:00
[2025-12-26T21:52:59.516+0530] {processor.py:183} INFO - Processing /home/sathya/projects/training-kit/airflow_home/dags/elt_dag.py took 0.092 seconds
[2025-12-26T21:53:51.309+0530] {processor.py:161} INFO - Started process (PID=1484) to work on /home/sathya/projects/training-kit/airflow_home/dags/elt_dag.py
[2025-12-26T21:53:51.311+0530] {processor.py:830} INFO - Processing file /home/sathya/projects/training-kit/airflow_home/dags/elt_dag.py for tasks to queue
[2025-12-26T21:53:51.315+0530] {logging_mixin.py:188} INFO - [2025-12-26T21:53:51.313+0530] {dagbag.py:545} INFO - Filling up the DagBag from /home/sathya/projects/training-kit/airflow_home/dags/elt_dag.py
[2025-12-26T21:53:51.328+0530] {processor.py:840} INFO - DAG(s) 'daily_elt' retrieved from /home/sathya/projects/training-kit/airflow_home/dags/elt_dag.py
[2025-12-26T21:53:51.353+0530] {logging_mixin.py:188} INFO - [2025-12-26T21:53:51.352+0530] {dag.py:3089} INFO - Sync 1 DAGs
[2025-12-26T21:53:51.501+0530] {logging_mixin.py:188} INFO - [2025-12-26T21:53:51.500+0530] {dag.py:3947} INFO - Setting next_dagrun for daily_elt to 2025-12-25 00:00:00+00:00, run_after=2025-12-26 00:00:00+00:00
[2025-12-26T21:53:51.540+0530] {processor.py:183} INFO - Processing /home/sathya/projects/training-kit/airflow_home/dags/elt_dag.py took 0.241 seconds
[2025-12-26T21:54:42.325+0530] {processor.py:161} INFO - Started process (PID=1588) to work on /home/sathya/projects/training-kit/airflow_home/dags/elt_dag.py
[2025-12-26T21:54:42.331+0530] {processor.py:830} INFO - Processing file /home/sathya/projects/training-kit/airflow_home/dags/elt_dag.py for tasks to queue
[2025-12-26T21:54:42.333+0530] {logging_mixin.py:188} INFO - [2025-12-26T21:54:42.333+0530] {dagbag.py:545} INFO - Filling up the DagBag from /home/sathya/projects/training-kit/airflow_home/dags/elt_dag.py
[2025-12-26T21:54:42.342+0530] {processor.py:840} INFO - DAG(s) 'daily_elt' retrieved from /home/sathya/projects/training-kit/airflow_home/dags/elt_dag.py
[2025-12-26T21:54:42.358+0530] {logging_mixin.py:188} INFO - [2025-12-26T21:54:42.358+0530] {dag.py:3089} INFO - Sync 1 DAGs
[2025-12-26T21:54:42.378+0530] {logging_mixin.py:188} INFO - [2025-12-26T21:54:42.378+0530] {dag.py:3947} INFO - Setting next_dagrun for daily_elt to 2025-12-25 00:00:00+00:00, run_after=2025-12-26 00:00:00+00:00
[2025-12-26T21:54:42.404+0530] {processor.py:183} INFO - Processing /home/sathya/projects/training-kit/airflow_home/dags/elt_dag.py took 0.086 seconds
[2025-12-26T21:55:00.081+0530] {processor.py:161} INFO - Started process (PID=1631) to work on /home/sathya/projects/training-kit/airflow_home/dags/elt_dag.py
[2025-12-26T21:55:00.088+0530] {processor.py:830} INFO - Processing file /home/sathya/projects/training-kit/airflow_home/dags/elt_dag.py for tasks to queue
[2025-12-26T21:55:00.090+0530] {logging_mixin.py:188} INFO - [2025-12-26T21:55:00.090+0530] {dagbag.py:545} INFO - Filling up the DagBag from /home/sathya/projects/training-kit/airflow_home/dags/elt_dag.py
[2025-12-26T21:55:00.104+0530] {processor.py:840} INFO - DAG(s) 'daily_elt' retrieved from /home/sathya/projects/training-kit/airflow_home/dags/elt_dag.py
[2025-12-26T21:55:00.127+0530] {logging_mixin.py:188} INFO - [2025-12-26T21:55:00.126+0530] {dag.py:3089} INFO - Sync 1 DAGs
[2025-12-26T21:55:00.150+0530] {logging_mixin.py:188} INFO - [2025-12-26T21:55:00.149+0530] {dag.py:3947} INFO - Setting next_dagrun for daily_elt to 2025-12-25 00:00:00+00:00, run_after=2025-12-26 00:00:00+00:00
[2025-12-26T21:55:00.189+0530] {processor.py:183} INFO - Processing /home/sathya/projects/training-kit/airflow_home/dags/elt_dag.py took 0.115 seconds
[2025-12-26T21:55:28.920+0530] {processor.py:161} INFO - Started process (PID=1717) to work on /home/sathya/projects/training-kit/airflow_home/dags/elt_dag.py
[2025-12-26T21:55:28.927+0530] {processor.py:830} INFO - Processing file /home/sathya/projects/training-kit/airflow_home/dags/elt_dag.py for tasks to queue
[2025-12-26T21:55:28.930+0530] {logging_mixin.py:188} INFO - [2025-12-26T21:55:28.929+0530] {dagbag.py:545} INFO - Filling up the DagBag from /home/sathya/projects/training-kit/airflow_home/dags/elt_dag.py
[2025-12-26T21:55:28.951+0530] {processor.py:840} INFO - DAG(s) 'daily_elt' retrieved from /home/sathya/projects/training-kit/airflow_home/dags/elt_dag.py
[2025-12-26T21:55:28.977+0530] {logging_mixin.py:188} INFO - [2025-12-26T21:55:28.977+0530] {dag.py:3089} INFO - Sync 1 DAGs
[2025-12-26T21:55:29.004+0530] {logging_mixin.py:188} INFO - [2025-12-26T21:55:29.003+0530] {dag.py:3947} INFO - Setting next_dagrun for daily_elt to 2025-12-25 00:00:00+00:00, run_after=2025-12-26 00:00:00+00:00
[2025-12-26T21:55:29.036+0530] {processor.py:183} INFO - Processing /home/sathya/projects/training-kit/airflow_home/dags/elt_dag.py took 0.130 seconds
[2025-12-26T21:55:58.266+0530] {processor.py:161} INFO - Started process (PID=1800) to work on /home/sathya/projects/training-kit/airflow_home/dags/elt_dag.py
[2025-12-26T21:55:58.272+0530] {processor.py:830} INFO - Processing file /home/sathya/projects/training-kit/airflow_home/dags/elt_dag.py for tasks to queue
[2025-12-26T21:55:58.278+0530] {logging_mixin.py:188} INFO - [2025-12-26T21:55:58.277+0530] {dagbag.py:545} INFO - Filling up the DagBag from /home/sathya/projects/training-kit/airflow_home/dags/elt_dag.py
[2025-12-26T21:55:58.288+0530] {processor.py:840} INFO - DAG(s) 'daily_elt' retrieved from /home/sathya/projects/training-kit/airflow_home/dags/elt_dag.py
[2025-12-26T21:55:58.314+0530] {logging_mixin.py:188} INFO - [2025-12-26T21:55:58.314+0530] {dag.py:3089} INFO - Sync 1 DAGs
[2025-12-26T21:55:58.338+0530] {logging_mixin.py:188} INFO - [2025-12-26T21:55:58.338+0530] {dag.py:3947} INFO - Setting next_dagrun for daily_elt to 2025-12-25 00:00:00+00:00, run_after=2025-12-26 00:00:00+00:00
[2025-12-26T21:55:58.373+0530] {processor.py:183} INFO - Processing /home/sathya/projects/training-kit/airflow_home/dags/elt_dag.py took 0.116 seconds
[2025-12-26T21:56:22.135+0530] {processor.py:161} INFO - Started process (PID=1874) to work on /home/sathya/projects/training-kit/airflow_home/dags/elt_dag.py
[2025-12-26T21:56:22.141+0530] {processor.py:830} INFO - Processing file /home/sathya/projects/training-kit/airflow_home/dags/elt_dag.py for tasks to queue
[2025-12-26T21:56:22.143+0530] {logging_mixin.py:188} INFO - [2025-12-26T21:56:22.142+0530] {dagbag.py:545} INFO - Filling up the DagBag from /home/sathya/projects/training-kit/airflow_home/dags/elt_dag.py
[2025-12-26T21:56:22.153+0530] {processor.py:840} INFO - DAG(s) 'daily_elt' retrieved from /home/sathya/projects/training-kit/airflow_home/dags/elt_dag.py
[2025-12-26T21:56:22.174+0530] {logging_mixin.py:188} INFO - [2025-12-26T21:56:22.173+0530] {dag.py:3089} INFO - Sync 1 DAGs
[2025-12-26T21:56:22.200+0530] {logging_mixin.py:188} INFO - [2025-12-26T21:56:22.200+0530] {dag.py:3947} INFO - Setting next_dagrun for daily_elt to 2025-12-25 00:00:00+00:00, run_after=2025-12-26 00:00:00+00:00
[2025-12-26T21:56:22.233+0530] {processor.py:183} INFO - Processing /home/sathya/projects/training-kit/airflow_home/dags/elt_dag.py took 0.105 seconds
[2025-12-26T21:56:50.914+0530] {processor.py:161} INFO - Started process (PID=1950) to work on /home/sathya/projects/training-kit/airflow_home/dags/elt_dag.py
[2025-12-26T21:56:50.916+0530] {processor.py:830} INFO - Processing file /home/sathya/projects/training-kit/airflow_home/dags/elt_dag.py for tasks to queue
[2025-12-26T21:56:50.918+0530] {logging_mixin.py:188} INFO - [2025-12-26T21:56:50.917+0530] {dagbag.py:545} INFO - Filling up the DagBag from /home/sathya/projects/training-kit/airflow_home/dags/elt_dag.py
[2025-12-26T21:56:50.927+0530] {processor.py:840} INFO - DAG(s) 'daily_elt' retrieved from /home/sathya/projects/training-kit/airflow_home/dags/elt_dag.py
[2025-12-26T21:56:50.943+0530] {logging_mixin.py:188} INFO - [2025-12-26T21:56:50.942+0530] {dag.py:3089} INFO - Sync 1 DAGs
[2025-12-26T21:56:51.073+0530] {logging_mixin.py:188} INFO - [2025-12-26T21:56:51.073+0530] {dag.py:3947} INFO - Setting next_dagrun for daily_elt to 2025-12-25 00:00:00+00:00, run_after=2025-12-26 00:00:00+00:00
[2025-12-26T21:56:51.114+0530] {processor.py:183} INFO - Processing /home/sathya/projects/training-kit/airflow_home/dags/elt_dag.py took 0.208 seconds
[2025-12-26T21:57:15.997+0530] {processor.py:161} INFO - Started process (PID=2024) to work on /home/sathya/projects/training-kit/airflow_home/dags/elt_dag.py
[2025-12-26T21:57:16.000+0530] {processor.py:830} INFO - Processing file /home/sathya/projects/training-kit/airflow_home/dags/elt_dag.py for tasks to queue
[2025-12-26T21:57:16.003+0530] {logging_mixin.py:188} INFO - [2025-12-26T21:57:16.003+0530] {dagbag.py:545} INFO - Filling up the DagBag from /home/sathya/projects/training-kit/airflow_home/dags/elt_dag.py
[2025-12-26T21:57:16.031+0530] {processor.py:840} INFO - DAG(s) 'daily_elt' retrieved from /home/sathya/projects/training-kit/airflow_home/dags/elt_dag.py
[2025-12-26T21:57:16.074+0530] {logging_mixin.py:188} INFO - [2025-12-26T21:57:16.073+0530] {dag.py:3089} INFO - Sync 1 DAGs
[2025-12-26T21:57:16.095+0530] {logging_mixin.py:188} INFO - [2025-12-26T21:57:16.094+0530] {dag.py:3947} INFO - Setting next_dagrun for daily_elt to 2025-12-25 00:00:00+00:00, run_after=2025-12-26 00:00:00+00:00
[2025-12-26T21:57:16.124+0530] {processor.py:183} INFO - Processing /home/sathya/projects/training-kit/airflow_home/dags/elt_dag.py took 0.157 seconds
[2025-12-26T21:57:23.248+0530] {processor.py:161} INFO - Started process (PID=2043) to work on /home/sathya/projects/training-kit/airflow_home/dags/elt_dag.py
[2025-12-26T21:57:23.250+0530] {processor.py:830} INFO - Processing file /home/sathya/projects/training-kit/airflow_home/dags/elt_dag.py for tasks to queue
[2025-12-26T21:57:23.252+0530] {logging_mixin.py:188} INFO - [2025-12-26T21:57:23.252+0530] {dagbag.py:545} INFO - Filling up the DagBag from /home/sathya/projects/training-kit/airflow_home/dags/elt_dag.py
[2025-12-26T21:57:23.263+0530] {processor.py:840} INFO - DAG(s) 'daily_elt' retrieved from /home/sathya/projects/training-kit/airflow_home/dags/elt_dag.py
[2025-12-26T21:57:23.405+0530] {logging_mixin.py:188} INFO - [2025-12-26T21:57:23.405+0530] {dag.py:3089} INFO - Sync 1 DAGs
[2025-12-26T21:57:23.423+0530] {logging_mixin.py:188} INFO - [2025-12-26T21:57:23.423+0530] {dag.py:3947} INFO - Setting next_dagrun for daily_elt to 2025-12-25 00:00:00+00:00, run_after=2025-12-26 00:00:00+00:00
[2025-12-26T21:57:23.467+0530] {processor.py:183} INFO - Processing /home/sathya/projects/training-kit/airflow_home/dags/elt_dag.py took 0.228 seconds
[2025-12-26T21:58:01.991+0530] {processor.py:161} INFO - Started process (PID=2166) to work on /home/sathya/projects/training-kit/airflow_home/dags/elt_dag.py
[2025-12-26T21:58:01.998+0530] {processor.py:830} INFO - Processing file /home/sathya/projects/training-kit/airflow_home/dags/elt_dag.py for tasks to queue
[2025-12-26T21:58:02.000+0530] {logging_mixin.py:188} INFO - [2025-12-26T21:58:01.999+0530] {dagbag.py:545} INFO - Filling up the DagBag from /home/sathya/projects/training-kit/airflow_home/dags/elt_dag.py
[2025-12-26T21:58:02.011+0530] {processor.py:840} INFO - DAG(s) 'daily_elt' retrieved from /home/sathya/projects/training-kit/airflow_home/dags/elt_dag.py
[2025-12-26T21:58:02.039+0530] {logging_mixin.py:188} INFO - [2025-12-26T21:58:02.039+0530] {dag.py:3089} INFO - Sync 1 DAGs
[2025-12-26T21:58:02.073+0530] {logging_mixin.py:188} INFO - [2025-12-26T21:58:02.072+0530] {dag.py:3947} INFO - Setting next_dagrun for daily_elt to 2025-12-25 00:00:00+00:00, run_after=2025-12-26 00:00:00+00:00
[2025-12-26T21:58:02.105+0530] {processor.py:183} INFO - Processing /home/sathya/projects/training-kit/airflow_home/dags/elt_dag.py took 0.124 seconds
[2025-12-26T21:58:14.834+0530] {processor.py:161} INFO - Started process (PID=2209) to work on /home/sathya/projects/training-kit/airflow_home/dags/elt_dag.py
[2025-12-26T21:58:14.835+0530] {processor.py:830} INFO - Processing file /home/sathya/projects/training-kit/airflow_home/dags/elt_dag.py for tasks to queue
[2025-12-26T21:58:14.838+0530] {logging_mixin.py:188} INFO - [2025-12-26T21:58:14.837+0530] {dagbag.py:545} INFO - Filling up the DagBag from /home/sathya/projects/training-kit/airflow_home/dags/elt_dag.py
[2025-12-26T21:58:14.851+0530] {processor.py:840} INFO - DAG(s) 'daily_elt' retrieved from /home/sathya/projects/training-kit/airflow_home/dags/elt_dag.py
[2025-12-26T21:58:14.874+0530] {logging_mixin.py:188} INFO - [2025-12-26T21:58:14.873+0530] {dag.py:3089} INFO - Sync 1 DAGs
[2025-12-26T21:58:14.901+0530] {logging_mixin.py:188} INFO - [2025-12-26T21:58:14.901+0530] {dag.py:3947} INFO - Setting next_dagrun for daily_elt to 2025-12-25 00:00:00+00:00, run_after=2025-12-26 00:00:00+00:00
[2025-12-26T21:58:14.928+0530] {processor.py:183} INFO - Processing /home/sathya/projects/training-kit/airflow_home/dags/elt_dag.py took 0.102 seconds
[2025-12-26T21:58:48.714+0530] {processor.py:161} INFO - Started process (PID=2323) to work on /home/sathya/projects/training-kit/airflow_home/dags/elt_dag.py
[2025-12-26T21:58:48.721+0530] {processor.py:830} INFO - Processing file /home/sathya/projects/training-kit/airflow_home/dags/elt_dag.py for tasks to queue
[2025-12-26T21:58:48.726+0530] {logging_mixin.py:188} INFO - [2025-12-26T21:58:48.725+0530] {dagbag.py:545} INFO - Filling up the DagBag from /home/sathya/projects/training-kit/airflow_home/dags/elt_dag.py
[2025-12-26T21:58:48.739+0530] {processor.py:840} INFO - DAG(s) 'daily_elt' retrieved from /home/sathya/projects/training-kit/airflow_home/dags/elt_dag.py
[2025-12-26T21:58:48.755+0530] {logging_mixin.py:188} INFO - [2025-12-26T21:58:48.754+0530] {dag.py:3089} INFO - Sync 1 DAGs
[2025-12-26T21:58:48.776+0530] {logging_mixin.py:188} INFO - [2025-12-26T21:58:48.776+0530] {dag.py:3947} INFO - Setting next_dagrun for daily_elt to 2025-12-25 00:00:00+00:00, run_after=2025-12-26 00:00:00+00:00
[2025-12-26T21:58:48.809+0530] {processor.py:183} INFO - Processing /home/sathya/projects/training-kit/airflow_home/dags/elt_dag.py took 0.105 seconds
[2025-12-26T21:59:00.938+0530] {processor.py:161} INFO - Started process (PID=2356) to work on /home/sathya/projects/training-kit/airflow_home/dags/elt_dag.py
[2025-12-26T21:59:00.953+0530] {processor.py:830} INFO - Processing file /home/sathya/projects/training-kit/airflow_home/dags/elt_dag.py for tasks to queue
[2025-12-26T21:59:00.959+0530] {logging_mixin.py:188} INFO - [2025-12-26T21:59:00.958+0530] {dagbag.py:545} INFO - Filling up the DagBag from /home/sathya/projects/training-kit/airflow_home/dags/elt_dag.py
[2025-12-26T21:59:00.974+0530] {processor.py:840} INFO - DAG(s) 'daily_elt' retrieved from /home/sathya/projects/training-kit/airflow_home/dags/elt_dag.py
[2025-12-26T21:59:01.001+0530] {logging_mixin.py:188} INFO - [2025-12-26T21:59:01.000+0530] {dag.py:3089} INFO - Sync 1 DAGs
[2025-12-26T21:59:01.030+0530] {logging_mixin.py:188} INFO - [2025-12-26T21:59:01.029+0530] {dag.py:3947} INFO - Setting next_dagrun for daily_elt to 2025-12-25 00:00:00+00:00, run_after=2025-12-26 00:00:00+00:00
[2025-12-26T21:59:01.063+0530] {processor.py:183} INFO - Processing /home/sathya/projects/training-kit/airflow_home/dags/elt_dag.py took 0.138 seconds
[2025-12-26T21:59:36.832+0530] {processor.py:161} INFO - Started process (PID=2469) to work on /home/sathya/projects/training-kit/airflow_home/dags/elt_dag.py
[2025-12-26T21:59:36.837+0530] {processor.py:830} INFO - Processing file /home/sathya/projects/training-kit/airflow_home/dags/elt_dag.py for tasks to queue
[2025-12-26T21:59:36.841+0530] {logging_mixin.py:188} INFO - [2025-12-26T21:59:36.840+0530] {dagbag.py:545} INFO - Filling up the DagBag from /home/sathya/projects/training-kit/airflow_home/dags/elt_dag.py
[2025-12-26T21:59:36.855+0530] {processor.py:840} INFO - DAG(s) 'daily_elt' retrieved from /home/sathya/projects/training-kit/airflow_home/dags/elt_dag.py
[2025-12-26T21:59:36.872+0530] {logging_mixin.py:188} INFO - [2025-12-26T21:59:36.871+0530] {dag.py:3089} INFO - Sync 1 DAGs
[2025-12-26T21:59:36.892+0530] {logging_mixin.py:188} INFO - [2025-12-26T21:59:36.892+0530] {dag.py:3947} INFO - Setting next_dagrun for daily_elt to 2025-12-25 00:00:00+00:00, run_after=2025-12-26 00:00:00+00:00
[2025-12-26T21:59:36.922+0530] {processor.py:183} INFO - Processing /home/sathya/projects/training-kit/airflow_home/dags/elt_dag.py took 0.097 seconds
[2025-12-26T21:59:43.684+0530] {processor.py:161} INFO - Started process (PID=2489) to work on /home/sathya/projects/training-kit/airflow_home/dags/elt_dag.py
[2025-12-26T21:59:43.685+0530] {processor.py:830} INFO - Processing file /home/sathya/projects/training-kit/airflow_home/dags/elt_dag.py for tasks to queue
[2025-12-26T21:59:43.688+0530] {logging_mixin.py:188} INFO - [2025-12-26T21:59:43.687+0530] {dagbag.py:545} INFO - Filling up the DagBag from /home/sathya/projects/training-kit/airflow_home/dags/elt_dag.py
[2025-12-26T21:59:43.707+0530] {processor.py:840} INFO - DAG(s) 'daily_elt' retrieved from /home/sathya/projects/training-kit/airflow_home/dags/elt_dag.py
[2025-12-26T21:59:43.728+0530] {logging_mixin.py:188} INFO - [2025-12-26T21:59:43.728+0530] {dag.py:3089} INFO - Sync 1 DAGs
[2025-12-26T21:59:43.751+0530] {logging_mixin.py:188} INFO - [2025-12-26T21:59:43.750+0530] {dag.py:3947} INFO - Setting next_dagrun for daily_elt to 2025-12-25 00:00:00+00:00, run_after=2025-12-26 00:00:00+00:00
[2025-12-26T21:59:43.794+0530] {processor.py:183} INFO - Processing /home/sathya/projects/training-kit/airflow_home/dags/elt_dag.py took 0.126 seconds
[2025-12-26T22:00:26.352+0530] {processor.py:161} INFO - Started process (PID=2647) to work on /home/sathya/projects/training-kit/airflow_home/dags/elt_dag.py
[2025-12-26T22:00:26.357+0530] {processor.py:830} INFO - Processing file /home/sathya/projects/training-kit/airflow_home/dags/elt_dag.py for tasks to queue
[2025-12-26T22:00:26.360+0530] {logging_mixin.py:188} INFO - [2025-12-26T22:00:26.360+0530] {dagbag.py:545} INFO - Filling up the DagBag from /home/sathya/projects/training-kit/airflow_home/dags/elt_dag.py
[2025-12-26T22:00:26.371+0530] {processor.py:840} INFO - DAG(s) 'daily_elt' retrieved from /home/sathya/projects/training-kit/airflow_home/dags/elt_dag.py
[2025-12-26T22:00:26.389+0530] {logging_mixin.py:188} INFO - [2025-12-26T22:00:26.389+0530] {dag.py:3089} INFO - Sync 1 DAGs
[2025-12-26T22:00:26.411+0530] {logging_mixin.py:188} INFO - [2025-12-26T22:00:26.411+0530] {dag.py:3947} INFO - Setting next_dagrun for daily_elt to 2025-12-25 00:00:00+00:00, run_after=2025-12-26 00:00:00+00:00
[2025-12-26T22:00:26.454+0530] {processor.py:183} INFO - Processing /home/sathya/projects/training-kit/airflow_home/dags/elt_dag.py took 0.113 seconds
[2025-12-26T22:00:32.768+0530] {processor.py:161} INFO - Started process (PID=2670) to work on /home/sathya/projects/training-kit/airflow_home/dags/elt_dag.py
[2025-12-26T22:00:32.770+0530] {processor.py:830} INFO - Processing file /home/sathya/projects/training-kit/airflow_home/dags/elt_dag.py for tasks to queue
[2025-12-26T22:00:32.772+0530] {logging_mixin.py:188} INFO - [2025-12-26T22:00:32.772+0530] {dagbag.py:545} INFO - Filling up the DagBag from /home/sathya/projects/training-kit/airflow_home/dags/elt_dag.py
[2025-12-26T22:00:32.783+0530] {processor.py:840} INFO - DAG(s) 'daily_elt' retrieved from /home/sathya/projects/training-kit/airflow_home/dags/elt_dag.py
[2025-12-26T22:00:32.802+0530] {logging_mixin.py:188} INFO - [2025-12-26T22:00:32.802+0530] {dag.py:3089} INFO - Sync 1 DAGs
[2025-12-26T22:00:32.824+0530] {logging_mixin.py:188} INFO - [2025-12-26T22:00:32.824+0530] {dag.py:3947} INFO - Setting next_dagrun for daily_elt to 2025-12-25 00:00:00+00:00, run_after=2025-12-26 00:00:00+00:00
[2025-12-26T22:00:32.882+0530] {processor.py:183} INFO - Processing /home/sathya/projects/training-kit/airflow_home/dags/elt_dag.py took 0.122 seconds
[2025-12-26T22:01:12.364+0530] {processor.py:161} INFO - Started process (PID=2795) to work on /home/sathya/projects/training-kit/airflow_home/dags/elt_dag.py
[2025-12-26T22:01:12.371+0530] {processor.py:830} INFO - Processing file /home/sathya/projects/training-kit/airflow_home/dags/elt_dag.py for tasks to queue
[2025-12-26T22:01:12.373+0530] {logging_mixin.py:188} INFO - [2025-12-26T22:01:12.372+0530] {dagbag.py:545} INFO - Filling up the DagBag from /home/sathya/projects/training-kit/airflow_home/dags/elt_dag.py
[2025-12-26T22:01:12.384+0530] {processor.py:840} INFO - DAG(s) 'daily_elt' retrieved from /home/sathya/projects/training-kit/airflow_home/dags/elt_dag.py
[2025-12-26T22:01:12.408+0530] {logging_mixin.py:188} INFO - [2025-12-26T22:01:12.407+0530] {dag.py:3089} INFO - Sync 1 DAGs
[2025-12-26T22:01:12.436+0530] {logging_mixin.py:188} INFO - [2025-12-26T22:01:12.436+0530] {dag.py:3947} INFO - Setting next_dagrun for daily_elt to 2025-12-25 00:00:00+00:00, run_after=2025-12-26 00:00:00+00:00
[2025-12-26T22:01:12.479+0530] {processor.py:183} INFO - Processing /home/sathya/projects/training-kit/airflow_home/dags/elt_dag.py took 0.125 seconds
[2025-12-26T22:01:19.053+0530] {processor.py:161} INFO - Started process (PID=2817) to work on /home/sathya/projects/training-kit/airflow_home/dags/elt_dag.py
[2025-12-26T22:01:19.054+0530] {processor.py:830} INFO - Processing file /home/sathya/projects/training-kit/airflow_home/dags/elt_dag.py for tasks to queue
[2025-12-26T22:01:19.055+0530] {logging_mixin.py:188} INFO - [2025-12-26T22:01:19.055+0530] {dagbag.py:545} INFO - Filling up the DagBag from /home/sathya/projects/training-kit/airflow_home/dags/elt_dag.py
[2025-12-26T22:01:19.067+0530] {processor.py:840} INFO - DAG(s) 'daily_elt' retrieved from /home/sathya/projects/training-kit/airflow_home/dags/elt_dag.py
[2025-12-26T22:01:19.085+0530] {logging_mixin.py:188} INFO - [2025-12-26T22:01:19.085+0530] {dag.py:3089} INFO - Sync 1 DAGs
[2025-12-26T22:01:19.107+0530] {logging_mixin.py:188} INFO - [2025-12-26T22:01:19.107+0530] {dag.py:3947} INFO - Setting next_dagrun for daily_elt to 2025-12-25 00:00:00+00:00, run_after=2025-12-26 00:00:00+00:00
[2025-12-26T22:01:19.145+0530] {processor.py:183} INFO - Processing /home/sathya/projects/training-kit/airflow_home/dags/elt_dag.py took 0.101 seconds
[2025-12-26T22:01:59.785+0530] {processor.py:161} INFO - Started process (PID=2937) to work on /home/sathya/projects/training-kit/airflow_home/dags/elt_dag.py
[2025-12-26T22:01:59.787+0530] {processor.py:830} INFO - Processing file /home/sathya/projects/training-kit/airflow_home/dags/elt_dag.py for tasks to queue
[2025-12-26T22:01:59.789+0530] {logging_mixin.py:188} INFO - [2025-12-26T22:01:59.788+0530] {dagbag.py:545} INFO - Filling up the DagBag from /home/sathya/projects/training-kit/airflow_home/dags/elt_dag.py
[2025-12-26T22:01:59.796+0530] {processor.py:840} INFO - DAG(s) 'daily_elt' retrieved from /home/sathya/projects/training-kit/airflow_home/dags/elt_dag.py
[2025-12-26T22:01:59.814+0530] {logging_mixin.py:188} INFO - [2025-12-26T22:01:59.814+0530] {dag.py:3089} INFO - Sync 1 DAGs
[2025-12-26T22:01:59.834+0530] {logging_mixin.py:188} INFO - [2025-12-26T22:01:59.834+0530] {dag.py:3947} INFO - Setting next_dagrun for daily_elt to 2025-12-25 00:00:00+00:00, run_after=2025-12-26 00:00:00+00:00
[2025-12-26T22:01:59.860+0530] {processor.py:183} INFO - Processing /home/sathya/projects/training-kit/airflow_home/dags/elt_dag.py took 0.084 seconds
[2025-12-26T22:02:07.767+0530] {processor.py:161} INFO - Started process (PID=2959) to work on /home/sathya/projects/training-kit/airflow_home/dags/elt_dag.py
[2025-12-26T22:02:07.774+0530] {processor.py:830} INFO - Processing file /home/sathya/projects/training-kit/airflow_home/dags/elt_dag.py for tasks to queue
[2025-12-26T22:02:07.776+0530] {logging_mixin.py:188} INFO - [2025-12-26T22:02:07.776+0530] {dagbag.py:545} INFO - Filling up the DagBag from /home/sathya/projects/training-kit/airflow_home/dags/elt_dag.py
[2025-12-26T22:02:07.788+0530] {processor.py:840} INFO - DAG(s) 'daily_elt' retrieved from /home/sathya/projects/training-kit/airflow_home/dags/elt_dag.py
[2025-12-26T22:02:07.809+0530] {logging_mixin.py:188} INFO - [2025-12-26T22:02:07.809+0530] {dag.py:3089} INFO - Sync 1 DAGs
[2025-12-26T22:02:07.840+0530] {logging_mixin.py:188} INFO - [2025-12-26T22:02:07.839+0530] {dag.py:3947} INFO - Setting next_dagrun for daily_elt to 2025-12-25 00:00:00+00:00, run_after=2025-12-26 00:00:00+00:00
[2025-12-26T22:02:07.895+0530] {processor.py:183} INFO - Processing /home/sathya/projects/training-kit/airflow_home/dags/elt_dag.py took 0.139 seconds
[2025-12-26T22:02:46.310+0530] {processor.py:161} INFO - Started process (PID=3082) to work on /home/sathya/projects/training-kit/airflow_home/dags/elt_dag.py
[2025-12-26T22:02:46.315+0530] {processor.py:830} INFO - Processing file /home/sathya/projects/training-kit/airflow_home/dags/elt_dag.py for tasks to queue
[2025-12-26T22:02:46.317+0530] {logging_mixin.py:188} INFO - [2025-12-26T22:02:46.317+0530] {dagbag.py:545} INFO - Filling up the DagBag from /home/sathya/projects/training-kit/airflow_home/dags/elt_dag.py
[2025-12-26T22:02:46.327+0530] {processor.py:840} INFO - DAG(s) 'daily_elt' retrieved from /home/sathya/projects/training-kit/airflow_home/dags/elt_dag.py
[2025-12-26T22:02:46.345+0530] {logging_mixin.py:188} INFO - [2025-12-26T22:02:46.345+0530] {dag.py:3089} INFO - Sync 1 DAGs
[2025-12-26T22:02:46.369+0530] {logging_mixin.py:188} INFO - [2025-12-26T22:02:46.369+0530] {dag.py:3947} INFO - Setting next_dagrun for daily_elt to 2025-12-25 00:00:00+00:00, run_after=2025-12-26 00:00:00+00:00
[2025-12-26T22:02:46.426+0530] {processor.py:183} INFO - Processing /home/sathya/projects/training-kit/airflow_home/dags/elt_dag.py took 0.124 seconds
[2025-12-26T22:02:55.034+0530] {processor.py:161} INFO - Started process (PID=3107) to work on /home/sathya/projects/training-kit/airflow_home/dags/elt_dag.py
[2025-12-26T22:02:55.041+0530] {processor.py:830} INFO - Processing file /home/sathya/projects/training-kit/airflow_home/dags/elt_dag.py for tasks to queue
[2025-12-26T22:02:55.043+0530] {logging_mixin.py:188} INFO - [2025-12-26T22:02:55.042+0530] {dagbag.py:545} INFO - Filling up the DagBag from /home/sathya/projects/training-kit/airflow_home/dags/elt_dag.py
[2025-12-26T22:02:55.052+0530] {processor.py:840} INFO - DAG(s) 'daily_elt' retrieved from /home/sathya/projects/training-kit/airflow_home/dags/elt_dag.py
[2025-12-26T22:02:55.108+0530] {logging_mixin.py:188} INFO - [2025-12-26T22:02:55.097+0530] {dag.py:3089} INFO - Sync 1 DAGs
[2025-12-26T22:02:55.140+0530] {logging_mixin.py:188} INFO - [2025-12-26T22:02:55.140+0530] {dag.py:3947} INFO - Setting next_dagrun for daily_elt to 2025-12-25 00:00:00+00:00, run_after=2025-12-26 00:00:00+00:00
[2025-12-26T22:02:55.193+0530] {processor.py:183} INFO - Processing /home/sathya/projects/training-kit/airflow_home/dags/elt_dag.py took 0.175 seconds
[2025-12-26T22:03:35.800+0530] {processor.py:161} INFO - Started process (PID=3236) to work on /home/sathya/projects/training-kit/airflow_home/dags/elt_dag.py
[2025-12-26T22:03:35.808+0530] {processor.py:830} INFO - Processing file /home/sathya/projects/training-kit/airflow_home/dags/elt_dag.py for tasks to queue
[2025-12-26T22:03:35.814+0530] {logging_mixin.py:188} INFO - [2025-12-26T22:03:35.812+0530] {dagbag.py:545} INFO - Filling up the DagBag from /home/sathya/projects/training-kit/airflow_home/dags/elt_dag.py
[2025-12-26T22:03:35.831+0530] {processor.py:840} INFO - DAG(s) 'daily_elt' retrieved from /home/sathya/projects/training-kit/airflow_home/dags/elt_dag.py
[2025-12-26T22:03:35.860+0530] {logging_mixin.py:188} INFO - [2025-12-26T22:03:35.860+0530] {dag.py:3089} INFO - Sync 1 DAGs
[2025-12-26T22:03:35.884+0530] {logging_mixin.py:188} INFO - [2025-12-26T22:03:35.884+0530] {dag.py:3947} INFO - Setting next_dagrun for daily_elt to 2025-12-25 00:00:00+00:00, run_after=2025-12-26 00:00:00+00:00
[2025-12-26T22:03:35.921+0530] {processor.py:183} INFO - Processing /home/sathya/projects/training-kit/airflow_home/dags/elt_dag.py took 0.138 seconds
[2025-12-26T22:03:42.467+0530] {processor.py:161} INFO - Started process (PID=3265) to work on /home/sathya/projects/training-kit/airflow_home/dags/elt_dag.py
[2025-12-26T22:03:42.468+0530] {processor.py:830} INFO - Processing file /home/sathya/projects/training-kit/airflow_home/dags/elt_dag.py for tasks to queue
[2025-12-26T22:03:42.470+0530] {logging_mixin.py:188} INFO - [2025-12-26T22:03:42.470+0530] {dagbag.py:545} INFO - Filling up the DagBag from /home/sathya/projects/training-kit/airflow_home/dags/elt_dag.py
[2025-12-26T22:03:42.481+0530] {processor.py:840} INFO - DAG(s) 'daily_elt' retrieved from /home/sathya/projects/training-kit/airflow_home/dags/elt_dag.py
[2025-12-26T22:03:42.500+0530] {logging_mixin.py:188} INFO - [2025-12-26T22:03:42.499+0530] {dag.py:3089} INFO - Sync 1 DAGs
[2025-12-26T22:03:42.524+0530] {logging_mixin.py:188} INFO - [2025-12-26T22:03:42.524+0530] {dag.py:3947} INFO - Setting next_dagrun for daily_elt to 2025-12-25 00:00:00+00:00, run_after=2025-12-26 00:00:00+00:00
[2025-12-26T22:03:42.566+0530] {processor.py:183} INFO - Processing /home/sathya/projects/training-kit/airflow_home/dags/elt_dag.py took 0.109 seconds
[2025-12-26T22:04:20.158+0530] {processor.py:161} INFO - Started process (PID=3367) to work on /home/sathya/projects/training-kit/airflow_home/dags/elt_dag.py
[2025-12-26T22:04:20.160+0530] {processor.py:830} INFO - Processing file /home/sathya/projects/training-kit/airflow_home/dags/elt_dag.py for tasks to queue
[2025-12-26T22:04:20.163+0530] {logging_mixin.py:188} INFO - [2025-12-26T22:04:20.163+0530] {dagbag.py:545} INFO - Filling up the DagBag from /home/sathya/projects/training-kit/airflow_home/dags/elt_dag.py
[2025-12-26T22:04:20.185+0530] {processor.py:840} INFO - DAG(s) 'daily_elt' retrieved from /home/sathya/projects/training-kit/airflow_home/dags/elt_dag.py
[2025-12-26T22:04:20.217+0530] {logging_mixin.py:188} INFO - [2025-12-26T22:04:20.217+0530] {dag.py:3089} INFO - Sync 1 DAGs
[2025-12-26T22:04:20.260+0530] {logging_mixin.py:188} INFO - [2025-12-26T22:04:20.260+0530] {dag.py:3947} INFO - Setting next_dagrun for daily_elt to 2025-12-25 00:00:00+00:00, run_after=2025-12-26 00:00:00+00:00
[2025-12-26T22:04:20.312+0530] {processor.py:183} INFO - Processing /home/sathya/projects/training-kit/airflow_home/dags/elt_dag.py took 0.176 seconds
[2025-12-26T22:04:42.553+0530] {processor.py:161} INFO - Started process (PID=3437) to work on /home/sathya/projects/training-kit/airflow_home/dags/elt_dag.py
[2025-12-26T22:04:42.555+0530] {processor.py:830} INFO - Processing file /home/sathya/projects/training-kit/airflow_home/dags/elt_dag.py for tasks to queue
[2025-12-26T22:04:42.559+0530] {logging_mixin.py:188} INFO - [2025-12-26T22:04:42.559+0530] {dagbag.py:545} INFO - Filling up the DagBag from /home/sathya/projects/training-kit/airflow_home/dags/elt_dag.py
[2025-12-26T22:04:42.577+0530] {processor.py:840} INFO - DAG(s) 'daily_elt' retrieved from /home/sathya/projects/training-kit/airflow_home/dags/elt_dag.py
[2025-12-26T22:04:42.614+0530] {logging_mixin.py:188} INFO - [2025-12-26T22:04:42.613+0530] {dag.py:3089} INFO - Sync 1 DAGs
[2025-12-26T22:04:42.655+0530] {logging_mixin.py:188} INFO - [2025-12-26T22:04:42.654+0530] {dag.py:3947} INFO - Setting next_dagrun for daily_elt to 2025-12-26 00:00:00+00:00, run_after=2025-12-27 00:00:00+00:00
[2025-12-26T22:04:42.705+0530] {processor.py:183} INFO - Processing /home/sathya/projects/training-kit/airflow_home/dags/elt_dag.py took 0.169 seconds
[2025-12-26T22:12:20.374+0530] {processor.py:161} INFO - Started process (PID=4429) to work on /home/sathya/projects/training-kit/airflow_home/dags/elt_dag.py
[2025-12-26T22:12:20.375+0530] {processor.py:830} INFO - Processing file /home/sathya/projects/training-kit/airflow_home/dags/elt_dag.py for tasks to queue
[2025-12-26T22:12:20.377+0530] {logging_mixin.py:188} INFO - [2025-12-26T22:12:20.376+0530] {dagbag.py:545} INFO - Filling up the DagBag from /home/sathya/projects/training-kit/airflow_home/dags/elt_dag.py
[2025-12-26T22:12:20.384+0530] {processor.py:840} INFO - DAG(s) 'daily_elt' retrieved from /home/sathya/projects/training-kit/airflow_home/dags/elt_dag.py
[2025-12-26T22:12:20.398+0530] {logging_mixin.py:188} INFO - [2025-12-26T22:12:20.398+0530] {dag.py:3089} INFO - Sync 1 DAGs
[2025-12-26T22:12:20.416+0530] {logging_mixin.py:188} INFO - [2025-12-26T22:12:20.415+0530] {dag.py:3947} INFO - Setting next_dagrun for daily_elt to 2025-12-26 00:00:00+00:00, run_after=2025-12-27 00:00:00+00:00
[2025-12-26T22:12:20.437+0530] {processor.py:183} INFO - Processing /home/sathya/projects/training-kit/airflow_home/dags/elt_dag.py took 0.069 seconds
[2025-12-26T22:12:54.305+0530] {processor.py:161} INFO - Started process (PID=4530) to work on /home/sathya/projects/training-kit/airflow_home/dags/elt_dag.py
[2025-12-26T22:12:54.307+0530] {processor.py:830} INFO - Processing file /home/sathya/projects/training-kit/airflow_home/dags/elt_dag.py for tasks to queue
[2025-12-26T22:12:54.308+0530] {logging_mixin.py:188} INFO - [2025-12-26T22:12:54.308+0530] {dagbag.py:545} INFO - Filling up the DagBag from /home/sathya/projects/training-kit/airflow_home/dags/elt_dag.py
[2025-12-26T22:12:54.316+0530] {processor.py:840} INFO - DAG(s) 'daily_elt' retrieved from /home/sathya/projects/training-kit/airflow_home/dags/elt_dag.py
[2025-12-26T22:12:54.330+0530] {logging_mixin.py:188} INFO - [2025-12-26T22:12:54.329+0530] {dag.py:3089} INFO - Sync 1 DAGs
[2025-12-26T22:12:54.349+0530] {logging_mixin.py:188} INFO - [2025-12-26T22:12:54.348+0530] {dag.py:3947} INFO - Setting next_dagrun for daily_elt to 2025-12-26 00:00:00+00:00, run_after=2025-12-27 00:00:00+00:00
[2025-12-26T22:12:54.373+0530] {processor.py:183} INFO - Processing /home/sathya/projects/training-kit/airflow_home/dags/elt_dag.py took 0.073 seconds
[2025-12-26T22:16:10.014+0530] {processor.py:161} INFO - Started process (PID=5106) to work on /home/sathya/projects/training-kit/airflow_home/dags/elt_dag.py
[2025-12-26T22:16:10.016+0530] {processor.py:830} INFO - Processing file /home/sathya/projects/training-kit/airflow_home/dags/elt_dag.py for tasks to queue
[2025-12-26T22:16:10.017+0530] {logging_mixin.py:188} INFO - [2025-12-26T22:16:10.017+0530] {dagbag.py:545} INFO - Filling up the DagBag from /home/sathya/projects/training-kit/airflow_home/dags/elt_dag.py
[2025-12-26T22:16:10.023+0530] {processor.py:840} INFO - DAG(s) 'daily_elt' retrieved from /home/sathya/projects/training-kit/airflow_home/dags/elt_dag.py
[2025-12-26T22:16:10.035+0530] {logging_mixin.py:188} INFO - [2025-12-26T22:16:10.035+0530] {dag.py:3089} INFO - Sync 1 DAGs
[2025-12-26T22:16:10.049+0530] {logging_mixin.py:188} INFO - [2025-12-26T22:16:10.049+0530] {dag.py:3947} INFO - Setting next_dagrun for daily_elt to 2025-12-26 00:00:00+00:00, run_after=2025-12-27 00:00:00+00:00
[2025-12-26T22:16:10.069+0530] {processor.py:183} INFO - Processing /home/sathya/projects/training-kit/airflow_home/dags/elt_dag.py took 0.060 seconds
[2025-12-26T22:16:47.399+0530] {processor.py:161} INFO - Started process (PID=5234) to work on /home/sathya/projects/training-kit/airflow_home/dags/elt_dag.py
[2025-12-26T22:16:47.401+0530] {processor.py:830} INFO - Processing file /home/sathya/projects/training-kit/airflow_home/dags/elt_dag.py for tasks to queue
[2025-12-26T22:16:47.402+0530] {logging_mixin.py:188} INFO - [2025-12-26T22:16:47.402+0530] {dagbag.py:545} INFO - Filling up the DagBag from /home/sathya/projects/training-kit/airflow_home/dags/elt_dag.py
[2025-12-26T22:16:47.410+0530] {processor.py:840} INFO - DAG(s) 'daily_elt' retrieved from /home/sathya/projects/training-kit/airflow_home/dags/elt_dag.py
[2025-12-26T22:16:47.423+0530] {logging_mixin.py:188} INFO - [2025-12-26T22:16:47.422+0530] {dag.py:3089} INFO - Sync 1 DAGs
[2025-12-26T22:16:47.446+0530] {logging_mixin.py:188} INFO - [2025-12-26T22:16:47.446+0530] {dag.py:3947} INFO - Setting next_dagrun for daily_elt to 2025-12-26 00:00:00+00:00, run_after=2025-12-27 00:00:00+00:00
[2025-12-26T22:16:47.466+0530] {processor.py:183} INFO - Processing /home/sathya/projects/training-kit/airflow_home/dags/elt_dag.py took 0.074 seconds
[2025-12-26T22:19:23.166+0530] {processor.py:161} INFO - Started process (PID=5752) to work on /home/sathya/projects/training-kit/airflow_home/dags/elt_dag.py
[2025-12-26T22:19:23.167+0530] {processor.py:830} INFO - Processing file /home/sathya/projects/training-kit/airflow_home/dags/elt_dag.py for tasks to queue
[2025-12-26T22:19:23.169+0530] {logging_mixin.py:188} INFO - [2025-12-26T22:19:23.169+0530] {dagbag.py:545} INFO - Filling up the DagBag from /home/sathya/projects/training-kit/airflow_home/dags/elt_dag.py
[2025-12-26T22:19:23.178+0530] {processor.py:840} INFO - DAG(s) 'daily_elt' retrieved from /home/sathya/projects/training-kit/airflow_home/dags/elt_dag.py
[2025-12-26T22:19:23.191+0530] {logging_mixin.py:188} INFO - [2025-12-26T22:19:23.191+0530] {dag.py:3089} INFO - Sync 1 DAGs
[2025-12-26T22:19:23.208+0530] {logging_mixin.py:188} INFO - [2025-12-26T22:19:23.207+0530] {dag.py:3947} INFO - Setting next_dagrun for daily_elt to 2025-12-26 00:00:00+00:00, run_after=2025-12-27 00:00:00+00:00
[2025-12-26T22:19:23.235+0530] {processor.py:183} INFO - Processing /home/sathya/projects/training-kit/airflow_home/dags/elt_dag.py took 0.075 seconds
[2025-12-26T22:19:29.270+0530] {processor.py:161} INFO - Started process (PID=5769) to work on /home/sathya/projects/training-kit/airflow_home/dags/elt_dag.py
[2025-12-26T22:19:29.271+0530] {processor.py:830} INFO - Processing file /home/sathya/projects/training-kit/airflow_home/dags/elt_dag.py for tasks to queue
[2025-12-26T22:19:29.273+0530] {logging_mixin.py:188} INFO - [2025-12-26T22:19:29.272+0530] {dagbag.py:545} INFO - Filling up the DagBag from /home/sathya/projects/training-kit/airflow_home/dags/elt_dag.py
[2025-12-26T22:19:29.280+0530] {processor.py:840} INFO - DAG(s) 'daily_elt' retrieved from /home/sathya/projects/training-kit/airflow_home/dags/elt_dag.py
[2025-12-26T22:19:29.293+0530] {logging_mixin.py:188} INFO - [2025-12-26T22:19:29.292+0530] {dag.py:3089} INFO - Sync 1 DAGs
[2025-12-26T22:19:29.308+0530] {logging_mixin.py:188} INFO - [2025-12-26T22:19:29.308+0530] {dag.py:3947} INFO - Setting next_dagrun for daily_elt to 2025-12-26 00:00:00+00:00, run_after=2025-12-27 00:00:00+00:00
[2025-12-26T22:19:29.330+0530] {processor.py:183} INFO - Processing /home/sathya/projects/training-kit/airflow_home/dags/elt_dag.py took 0.065 seconds
[2025-12-26T22:24:06.513+0530] {processor.py:161} INFO - Started process (PID=6369) to work on /home/sathya/projects/training-kit/airflow_home/dags/elt_dag.py
[2025-12-26T22:24:06.514+0530] {processor.py:830} INFO - Processing file /home/sathya/projects/training-kit/airflow_home/dags/elt_dag.py for tasks to queue
[2025-12-26T22:24:06.516+0530] {logging_mixin.py:188} INFO - [2025-12-26T22:24:06.516+0530] {dagbag.py:545} INFO - Filling up the DagBag from /home/sathya/projects/training-kit/airflow_home/dags/elt_dag.py
[2025-12-26T22:24:06.524+0530] {processor.py:840} INFO - DAG(s) 'daily_elt' retrieved from /home/sathya/projects/training-kit/airflow_home/dags/elt_dag.py
[2025-12-26T22:24:06.543+0530] {logging_mixin.py:188} INFO - [2025-12-26T22:24:06.543+0530] {dag.py:3089} INFO - Sync 1 DAGs
[2025-12-26T22:24:06.571+0530] {logging_mixin.py:188} INFO - [2025-12-26T22:24:06.570+0530] {dag.py:3947} INFO - Setting next_dagrun for daily_elt to 2025-12-26 00:00:00+00:00, run_after=2025-12-27 00:00:00+00:00
[2025-12-26T22:24:06.601+0530] {processor.py:183} INFO - Processing /home/sathya/projects/training-kit/airflow_home/dags/elt_dag.py took 0.096 seconds
[2025-12-26T22:29:53.466+0530] {processor.py:161} INFO - Started process (PID=7068) to work on /home/sathya/projects/training-kit/airflow_home/dags/elt_dag.py
[2025-12-26T22:29:53.478+0530] {processor.py:830} INFO - Processing file /home/sathya/projects/training-kit/airflow_home/dags/elt_dag.py for tasks to queue
[2025-12-26T22:29:53.480+0530] {logging_mixin.py:188} INFO - [2025-12-26T22:29:53.480+0530] {dagbag.py:545} INFO - Filling up the DagBag from /home/sathya/projects/training-kit/airflow_home/dags/elt_dag.py
[2025-12-26T22:29:53.489+0530] {processor.py:840} INFO - DAG(s) 'daily_elt' retrieved from /home/sathya/projects/training-kit/airflow_home/dags/elt_dag.py
[2025-12-26T22:29:53.503+0530] {logging_mixin.py:188} INFO - [2025-12-26T22:29:53.502+0530] {dag.py:3089} INFO - Sync 1 DAGs
[2025-12-26T22:29:53.519+0530] {logging_mixin.py:188} INFO - [2025-12-26T22:29:53.519+0530] {dag.py:3947} INFO - Setting next_dagrun for daily_elt to 2025-12-26 00:00:00+00:00, run_after=2025-12-27 00:00:00+00:00
[2025-12-26T22:29:53.553+0530] {processor.py:183} INFO - Processing /home/sathya/projects/training-kit/airflow_home/dags/elt_dag.py took 0.092 seconds
[2025-12-26T22:35:43.462+0530] {processor.py:161} INFO - Started process (PID=7801) to work on /home/sathya/projects/training-kit/airflow_home/dags/elt_dag.py
[2025-12-26T22:35:43.463+0530] {processor.py:830} INFO - Processing file /home/sathya/projects/training-kit/airflow_home/dags/elt_dag.py for tasks to queue
[2025-12-26T22:35:43.466+0530] {logging_mixin.py:188} INFO - [2025-12-26T22:35:43.465+0530] {dagbag.py:545} INFO - Filling up the DagBag from /home/sathya/projects/training-kit/airflow_home/dags/elt_dag.py
[2025-12-26T22:35:43.473+0530] {processor.py:840} INFO - DAG(s) 'daily_elt' retrieved from /home/sathya/projects/training-kit/airflow_home/dags/elt_dag.py
[2025-12-26T22:35:43.490+0530] {logging_mixin.py:188} INFO - [2025-12-26T22:35:43.490+0530] {dag.py:3089} INFO - Sync 1 DAGs
[2025-12-26T22:35:43.511+0530] {logging_mixin.py:188} INFO - [2025-12-26T22:35:43.511+0530] {dag.py:3947} INFO - Setting next_dagrun for daily_elt to 2025-12-26 00:00:00+00:00, run_after=2025-12-27 00:00:00+00:00
[2025-12-26T22:35:43.537+0530] {processor.py:183} INFO - Processing /home/sathya/projects/training-kit/airflow_home/dags/elt_dag.py took 0.082 seconds
[2025-12-26T22:41:52.702+0530] {processor.py:161} INFO - Started process (PID=8516) to work on /home/sathya/projects/training-kit/airflow_home/dags/elt_dag.py
[2025-12-26T22:41:52.704+0530] {processor.py:830} INFO - Processing file /home/sathya/projects/training-kit/airflow_home/dags/elt_dag.py for tasks to queue
[2025-12-26T22:41:52.706+0530] {logging_mixin.py:188} INFO - [2025-12-26T22:41:52.706+0530] {dagbag.py:545} INFO - Filling up the DagBag from /home/sathya/projects/training-kit/airflow_home/dags/elt_dag.py
[2025-12-26T22:41:52.716+0530] {processor.py:840} INFO - DAG(s) 'daily_elt' retrieved from /home/sathya/projects/training-kit/airflow_home/dags/elt_dag.py
[2025-12-26T22:41:52.729+0530] {logging_mixin.py:188} INFO - [2025-12-26T22:41:52.729+0530] {dag.py:3089} INFO - Sync 1 DAGs
[2025-12-26T22:41:52.744+0530] {logging_mixin.py:188} INFO - [2025-12-26T22:41:52.744+0530] {dag.py:3947} INFO - Setting next_dagrun for daily_elt to 2025-12-26 00:00:00+00:00, run_after=2025-12-27 00:00:00+00:00
[2025-12-26T22:41:52.764+0530] {processor.py:183} INFO - Processing /home/sathya/projects/training-kit/airflow_home/dags/elt_dag.py took 0.068 seconds
[2025-12-26T22:47:20.290+0530] {processor.py:161} INFO - Started process (PID=9172) to work on /home/sathya/projects/training-kit/airflow_home/dags/elt_dag.py
[2025-12-26T22:47:20.296+0530] {processor.py:830} INFO - Processing file /home/sathya/projects/training-kit/airflow_home/dags/elt_dag.py for tasks to queue
[2025-12-26T22:47:20.297+0530] {logging_mixin.py:188} INFO - [2025-12-26T22:47:20.297+0530] {dagbag.py:545} INFO - Filling up the DagBag from /home/sathya/projects/training-kit/airflow_home/dags/elt_dag.py
[2025-12-26T22:47:20.304+0530] {processor.py:840} INFO - DAG(s) 'daily_elt' retrieved from /home/sathya/projects/training-kit/airflow_home/dags/elt_dag.py
[2025-12-26T22:47:20.315+0530] {logging_mixin.py:188} INFO - [2025-12-26T22:47:20.315+0530] {dag.py:3089} INFO - Sync 1 DAGs
[2025-12-26T22:47:20.329+0530] {logging_mixin.py:188} INFO - [2025-12-26T22:47:20.328+0530] {dag.py:3947} INFO - Setting next_dagrun for daily_elt to 2025-12-26 00:00:00+00:00, run_after=2025-12-27 00:00:00+00:00
[2025-12-26T22:47:20.350+0530] {processor.py:183} INFO - Processing /home/sathya/projects/training-kit/airflow_home/dags/elt_dag.py took 0.066 seconds
[2025-12-26T22:52:34.457+0530] {processor.py:161} INFO - Started process (PID=9831) to work on /home/sathya/projects/training-kit/airflow_home/dags/elt_dag.py
[2025-12-26T22:52:34.459+0530] {processor.py:830} INFO - Processing file /home/sathya/projects/training-kit/airflow_home/dags/elt_dag.py for tasks to queue
[2025-12-26T22:52:34.461+0530] {logging_mixin.py:188} INFO - [2025-12-26T22:52:34.460+0530] {dagbag.py:545} INFO - Filling up the DagBag from /home/sathya/projects/training-kit/airflow_home/dags/elt_dag.py
[2025-12-26T22:52:34.469+0530] {processor.py:840} INFO - DAG(s) 'daily_elt' retrieved from /home/sathya/projects/training-kit/airflow_home/dags/elt_dag.py
[2025-12-26T22:52:34.489+0530] {logging_mixin.py:188} INFO - [2025-12-26T22:52:34.489+0530] {dag.py:3089} INFO - Sync 1 DAGs
[2025-12-26T22:52:34.511+0530] {logging_mixin.py:188} INFO - [2025-12-26T22:52:34.511+0530] {dag.py:3947} INFO - Setting next_dagrun for daily_elt to 2025-12-26 00:00:00+00:00, run_after=2025-12-27 00:00:00+00:00
[2025-12-26T22:52:34.534+0530] {processor.py:183} INFO - Processing /home/sathya/projects/training-kit/airflow_home/dags/elt_dag.py took 0.087 seconds
[2025-12-26T22:58:32.745+0530] {processor.py:161} INFO - Started process (PID=10505) to work on /home/sathya/projects/training-kit/airflow_home/dags/elt_dag.py
[2025-12-26T22:58:32.746+0530] {processor.py:830} INFO - Processing file /home/sathya/projects/training-kit/airflow_home/dags/elt_dag.py for tasks to queue
[2025-12-26T22:58:32.749+0530] {logging_mixin.py:188} INFO - [2025-12-26T22:58:32.749+0530] {dagbag.py:545} INFO - Filling up the DagBag from /home/sathya/projects/training-kit/airflow_home/dags/elt_dag.py
[2025-12-26T22:58:32.758+0530] {processor.py:840} INFO - DAG(s) 'daily_elt' retrieved from /home/sathya/projects/training-kit/airflow_home/dags/elt_dag.py
[2025-12-26T22:58:32.772+0530] {logging_mixin.py:188} INFO - [2025-12-26T22:58:32.771+0530] {dag.py:3089} INFO - Sync 1 DAGs
[2025-12-26T22:58:32.789+0530] {logging_mixin.py:188} INFO - [2025-12-26T22:58:32.789+0530] {dag.py:3947} INFO - Setting next_dagrun for daily_elt to 2025-12-26 00:00:00+00:00, run_after=2025-12-27 00:00:00+00:00
[2025-12-26T22:58:32.812+0530] {processor.py:183} INFO - Processing /home/sathya/projects/training-kit/airflow_home/dags/elt_dag.py took 0.072 seconds
[2025-12-26T23:07:15.318+0530] {processor.py:161} INFO - Started process (PID=11330) to work on /home/sathya/projects/training-kit/airflow_home/dags/elt_dag.py
[2025-12-26T23:07:15.319+0530] {processor.py:830} INFO - Processing file /home/sathya/projects/training-kit/airflow_home/dags/elt_dag.py for tasks to queue
[2025-12-26T23:07:15.320+0530] {logging_mixin.py:188} INFO - [2025-12-26T23:07:15.320+0530] {dagbag.py:545} INFO - Filling up the DagBag from /home/sathya/projects/training-kit/airflow_home/dags/elt_dag.py
[2025-12-26T23:07:15.330+0530] {processor.py:840} INFO - DAG(s) 'daily_elt' retrieved from /home/sathya/projects/training-kit/airflow_home/dags/elt_dag.py
[2025-12-26T23:07:15.345+0530] {logging_mixin.py:188} INFO - [2025-12-26T23:07:15.345+0530] {dag.py:3089} INFO - Sync 1 DAGs
[2025-12-26T23:07:15.365+0530] {logging_mixin.py:188} INFO - [2025-12-26T23:07:15.365+0530] {dag.py:3947} INFO - Setting next_dagrun for daily_elt to 2025-12-26 00:00:00+00:00, run_after=2025-12-27 00:00:00+00:00
[2025-12-26T23:07:15.387+0530] {processor.py:183} INFO - Processing /home/sathya/projects/training-kit/airflow_home/dags/elt_dag.py took 0.077 seconds
