[2025-12-26T22:53:36.827+0530] {local_task_job_runner.py:120} INFO - ::group::Pre task execution logs
[2025-12-26T22:53:36.845+0530] {taskinstance.py:2076} INFO - Dependencies all met for dep_context=non-requeueable deps ti=<TaskInstance: example_dynamic_task_mapping.sum_it scheduled__2022-09-21T00:00:00+00:00 [queued]>
[2025-12-26T22:53:36.850+0530] {taskinstance.py:2076} INFO - Dependencies all met for dep_context=requeueable deps ti=<TaskInstance: example_dynamic_task_mapping.sum_it scheduled__2022-09-21T00:00:00+00:00 [queued]>
[2025-12-26T22:53:36.850+0530] {taskinstance.py:2306} INFO - Starting attempt 1 of 1
[2025-12-26T22:53:36.863+0530] {taskinstance.py:2330} INFO - Executing <Task(_PythonDecoratedOperator): sum_it> on 2022-09-21 00:00:00+00:00
[2025-12-26T22:53:36.866+0530] {standard_task_runner.py:64} INFO - Started process 9944 to run task
[2025-12-26T22:53:36.869+0530] {standard_task_runner.py:90} INFO - Running: ['airflow', 'tasks', 'run', 'example_dynamic_task_mapping', 'sum_it', 'scheduled__2022-09-21T00:00:00+00:00', '--job-id', '1179', '--raw', '--subdir', '/home/sathya/projects/training-kit/.venv-airflow/lib/python3.10/site-packages/airflow/example_dags/example_dynamic_task_mapping.py', '--cfg-path', '/tmp/tmpf5ouh58e']
[2025-12-26T22:53:36.870+0530] {standard_task_runner.py:91} INFO - Job 1179: Subtask sum_it
[2025-12-26T22:53:36.902+0530] {task_command.py:426} INFO - Running <TaskInstance: example_dynamic_task_mapping.sum_it scheduled__2022-09-21T00:00:00+00:00 [running]> on host LAPTOP-A1PMOBSE.localdomain
[2025-12-26T22:53:36.965+0530] {taskinstance.py:2648} INFO - Exporting env vars: AIRFLOW_CTX_DAG_OWNER='airflow' AIRFLOW_CTX_DAG_ID='example_dynamic_task_mapping' AIRFLOW_CTX_TASK_ID='sum_it' AIRFLOW_CTX_EXECUTION_DATE='2022-09-21T00:00:00+00:00' AIRFLOW_CTX_TRY_NUMBER='1' AIRFLOW_CTX_DAG_RUN_ID='scheduled__2022-09-21T00:00:00+00:00'
[2025-12-26T22:53:36.966+0530] {taskinstance.py:430} INFO - ::endgroup::
[2025-12-26T22:53:36.968+0530] {logging_mixin.py:188} INFO - Total was 9
[2025-12-26T22:53:36.968+0530] {python.py:237} INFO - Done. Returned value was: None
[2025-12-26T22:53:36.968+0530] {taskinstance.py:441} INFO - ::group::Post task execution logs
[2025-12-26T22:53:36.971+0530] {taskinstance.py:1206} INFO - Marking task as SUCCESS. dag_id=example_dynamic_task_mapping, task_id=sum_it, run_id=scheduled__2022-09-21T00:00:00+00:00, execution_date=20220921T000000, start_date=20251226T172336, end_date=20251226T172336
[2025-12-26T22:53:37.001+0530] {local_task_job_runner.py:243} INFO - Task exited with return code 0
[2025-12-26T22:53:37.014+0530] {taskinstance.py:3503} INFO - 0 downstream tasks scheduled from follow-on schedule check
[2025-12-26T22:53:37.014+0530] {local_task_job_runner.py:222} INFO - ::endgroup::
[2026-03-10T23:56:01.066+0530] {local_task_job_runner.py:120} INFO - ::group::Pre task execution logs
[2026-03-10T23:56:01.114+0530] {taskinstance.py:2076} INFO - Dependencies all met for dep_context=non-requeueable deps ti=<TaskInstance: example_dynamic_task_mapping.sum_it scheduled__2022-09-21T00:00:00+00:00 [queued]>
[2026-03-10T23:56:01.129+0530] {taskinstance.py:2076} INFO - Dependencies all met for dep_context=requeueable deps ti=<TaskInstance: example_dynamic_task_mapping.sum_it scheduled__2022-09-21T00:00:00+00:00 [queued]>
[2026-03-10T23:56:01.129+0530] {taskinstance.py:2306} INFO - Starting attempt 1 of 1
[2026-03-10T23:56:01.172+0530] {taskinstance.py:2330} INFO - Executing <Task(_PythonDecoratedOperator): sum_it> on 2022-09-21 00:00:00+00:00
[2026-03-10T23:56:01.185+0530] {standard_task_runner.py:64} INFO - Started process 15934 to run task
[2026-03-10T23:56:01.201+0530] {standard_task_runner.py:90} INFO - Running: ['airflow', 'tasks', 'run', 'example_dynamic_task_mapping', 'sum_it', 'scheduled__2022-09-21T00:00:00+00:00', '--job-id', '1455', '--raw', '--subdir', '/home/sathya/projects/training-kit/.venv-airflow/lib/python3.10/site-packages/airflow/example_dags/example_dynamic_task_mapping.py', '--cfg-path', '/tmp/tmp271h8ul4']
[2026-03-10T23:56:01.206+0530] {standard_task_runner.py:91} INFO - Job 1455: Subtask sum_it
[2026-03-10T23:56:01.341+0530] {task_command.py:426} INFO - Running <TaskInstance: example_dynamic_task_mapping.sum_it scheduled__2022-09-21T00:00:00+00:00 [running]> on host LAPTOP-A1PMOBSE.localdomain
[2026-03-10T23:56:01.620+0530] {taskinstance.py:2648} INFO - Exporting env vars: AIRFLOW_CTX_DAG_OWNER='airflow' AIRFLOW_CTX_DAG_ID='example_dynamic_task_mapping' AIRFLOW_CTX_TASK_ID='sum_it' AIRFLOW_CTX_EXECUTION_DATE='2022-09-21T00:00:00+00:00' AIRFLOW_CTX_TRY_NUMBER='1' AIRFLOW_CTX_DAG_RUN_ID='scheduled__2022-09-21T00:00:00+00:00'
[2026-03-10T23:56:01.634+0530] {taskinstance.py:430} INFO - ::endgroup::
[2026-03-10T23:56:01.648+0530] {logging_mixin.py:188} INFO - Total was 9
[2026-03-10T23:56:01.649+0530] {python.py:237} INFO - Done. Returned value was: None
[2026-03-10T23:56:01.649+0530] {taskinstance.py:441} INFO - ::group::Post task execution logs
[2026-03-10T23:56:01.663+0530] {taskinstance.py:1206} INFO - Marking task as SUCCESS. dag_id=example_dynamic_task_mapping, task_id=sum_it, run_id=scheduled__2022-09-21T00:00:00+00:00, execution_date=20220921T000000, start_date=20260310T182601, end_date=20260310T182601
[2026-03-10T23:56:01.727+0530] {local_task_job_runner.py:243} INFO - Task exited with return code 0
[2026-03-10T23:56:01.751+0530] {taskinstance.py:3503} INFO - 0 downstream tasks scheduled from follow-on schedule check
[2026-03-10T23:56:01.752+0530] {local_task_job_runner.py:222} INFO - ::endgroup::
