[2025-12-26T22:35:50.976+0530] {local_task_job_runner.py:120} INFO - ::group::Pre task execution logs
[2025-12-26T22:35:50.997+0530] {taskinstance.py:2076} INFO - Dependencies all met for dep_context=non-requeueable deps ti=<TaskInstance: example_dynamic_task_mapping.sum_it scheduled__2022-07-11T00:00:00+00:00 [queued]>
[2025-12-26T22:35:51.002+0530] {taskinstance.py:2076} INFO - Dependencies all met for dep_context=requeueable deps ti=<TaskInstance: example_dynamic_task_mapping.sum_it scheduled__2022-07-11T00:00:00+00:00 [queued]>
[2025-12-26T22:35:51.002+0530] {taskinstance.py:2306} INFO - Starting attempt 1 of 1
[2025-12-26T22:35:51.017+0530] {taskinstance.py:2330} INFO - Executing <Task(_PythonDecoratedOperator): sum_it> on 2022-07-11 00:00:00+00:00
[2025-12-26T22:35:51.020+0530] {standard_task_runner.py:64} INFO - Started process 7818 to run task
[2025-12-26T22:35:51.023+0530] {standard_task_runner.py:90} INFO - Running: ['airflow', 'tasks', 'run', 'example_dynamic_task_mapping', 'sum_it', 'scheduled__2022-07-11T00:00:00+00:00', '--job-id', '804', '--raw', '--subdir', '/home/sathya/projects/training-kit/.venv-airflow/lib/python3.10/site-packages/airflow/example_dags/example_dynamic_task_mapping.py', '--cfg-path', '/tmp/tmpv7qxoecg']
[2025-12-26T22:35:51.024+0530] {standard_task_runner.py:91} INFO - Job 804: Subtask sum_it
[2025-12-26T22:35:51.058+0530] {task_command.py:426} INFO - Running <TaskInstance: example_dynamic_task_mapping.sum_it scheduled__2022-07-11T00:00:00+00:00 [running]> on host LAPTOP-A1PMOBSE.localdomain
[2025-12-26T22:35:51.128+0530] {taskinstance.py:2648} INFO - Exporting env vars: AIRFLOW_CTX_DAG_OWNER='airflow' AIRFLOW_CTX_DAG_ID='example_dynamic_task_mapping' AIRFLOW_CTX_TASK_ID='sum_it' AIRFLOW_CTX_EXECUTION_DATE='2022-07-11T00:00:00+00:00' AIRFLOW_CTX_TRY_NUMBER='1' AIRFLOW_CTX_DAG_RUN_ID='scheduled__2022-07-11T00:00:00+00:00'
[2025-12-26T22:35:51.129+0530] {taskinstance.py:430} INFO - ::endgroup::
[2025-12-26T22:35:51.132+0530] {logging_mixin.py:188} INFO - Total was 9
[2025-12-26T22:35:51.132+0530] {python.py:237} INFO - Done. Returned value was: None
[2025-12-26T22:35:51.132+0530] {taskinstance.py:441} INFO - ::group::Post task execution logs
[2025-12-26T22:35:51.135+0530] {taskinstance.py:1206} INFO - Marking task as SUCCESS. dag_id=example_dynamic_task_mapping, task_id=sum_it, run_id=scheduled__2022-07-11T00:00:00+00:00, execution_date=20220711T000000, start_date=20251226T170550, end_date=20251226T170551
[2025-12-26T22:35:51.160+0530] {local_task_job_runner.py:243} INFO - Task exited with return code 0
[2025-12-26T22:35:51.168+0530] {taskinstance.py:3503} INFO - 0 downstream tasks scheduled from follow-on schedule check
[2025-12-26T22:35:51.169+0530] {local_task_job_runner.py:222} INFO - ::endgroup::
[2026-03-10T23:22:57.247+0530] {local_task_job_runner.py:120} INFO - ::group::Pre task execution logs
[2026-03-10T23:22:57.277+0530] {taskinstance.py:2076} INFO - Dependencies all met for dep_context=non-requeueable deps ti=<TaskInstance: example_dynamic_task_mapping.sum_it scheduled__2022-07-11T00:00:00+00:00 [queued]>
[2026-03-10T23:22:57.288+0530] {taskinstance.py:2076} INFO - Dependencies all met for dep_context=requeueable deps ti=<TaskInstance: example_dynamic_task_mapping.sum_it scheduled__2022-07-11T00:00:00+00:00 [queued]>
[2026-03-10T23:22:57.288+0530] {taskinstance.py:2306} INFO - Starting attempt 1 of 1
[2026-03-10T23:22:57.310+0530] {taskinstance.py:2330} INFO - Executing <Task(_PythonDecoratedOperator): sum_it> on 2022-07-11 00:00:00+00:00
[2026-03-10T23:22:57.319+0530] {standard_task_runner.py:64} INFO - Started process 10572 to run task
[2026-03-10T23:22:57.324+0530] {standard_task_runner.py:90} INFO - Running: ['airflow', 'tasks', 'run', 'example_dynamic_task_mapping', 'sum_it', 'scheduled__2022-07-11T00:00:00+00:00', '--job-id', '946', '--raw', '--subdir', '/home/sathya/projects/training-kit/.venv-airflow/lib/python3.10/site-packages/airflow/example_dags/example_dynamic_task_mapping.py', '--cfg-path', '/tmp/tmpkyhptts8']
[2026-03-10T23:22:57.327+0530] {standard_task_runner.py:91} INFO - Job 946: Subtask sum_it
[2026-03-10T23:22:57.387+0530] {task_command.py:426} INFO - Running <TaskInstance: example_dynamic_task_mapping.sum_it scheduled__2022-07-11T00:00:00+00:00 [running]> on host LAPTOP-A1PMOBSE.localdomain
[2026-03-10T23:22:57.571+0530] {taskinstance.py:2648} INFO - Exporting env vars: AIRFLOW_CTX_DAG_OWNER='airflow' AIRFLOW_CTX_DAG_ID='example_dynamic_task_mapping' AIRFLOW_CTX_TASK_ID='sum_it' AIRFLOW_CTX_EXECUTION_DATE='2022-07-11T00:00:00+00:00' AIRFLOW_CTX_TRY_NUMBER='1' AIRFLOW_CTX_DAG_RUN_ID='scheduled__2022-07-11T00:00:00+00:00'
[2026-03-10T23:22:57.575+0530] {taskinstance.py:430} INFO - ::endgroup::
[2026-03-10T23:22:57.582+0530] {logging_mixin.py:188} INFO - Total was 9
[2026-03-10T23:22:57.582+0530] {python.py:237} INFO - Done. Returned value was: None
[2026-03-10T23:22:57.582+0530] {taskinstance.py:441} INFO - ::group::Post task execution logs
[2026-03-10T23:22:57.593+0530] {taskinstance.py:1206} INFO - Marking task as SUCCESS. dag_id=example_dynamic_task_mapping, task_id=sum_it, run_id=scheduled__2022-07-11T00:00:00+00:00, execution_date=20220711T000000, start_date=20260310T175257, end_date=20260310T175257
[2026-03-10T23:22:57.635+0530] {local_task_job_runner.py:243} INFO - Task exited with return code 0
[2026-03-10T23:22:57.650+0530] {taskinstance.py:3503} INFO - 0 downstream tasks scheduled from follow-on schedule check
[2026-03-10T23:22:57.651+0530] {local_task_job_runner.py:222} INFO - ::endgroup::
