[2026-03-11T22:16:19.124+0530] {local_task_job_runner.py:120} INFO - ::group::Pre task execution logs
[2026-03-11T22:16:19.139+0530] {taskinstance.py:2076} INFO - Dependencies all met for dep_context=non-requeueable deps ti=<TaskInstance: latest_only.latest_only scheduled__2026-03-11T12:00:00+00:00 [queued]>
[2026-03-11T22:16:19.142+0530] {taskinstance.py:2076} INFO - Dependencies all met for dep_context=requeueable deps ti=<TaskInstance: latest_only.latest_only scheduled__2026-03-11T12:00:00+00:00 [queued]>
[2026-03-11T22:16:19.142+0530] {taskinstance.py:2306} INFO - Starting attempt 1 of 1
[2026-03-11T22:16:19.159+0530] {taskinstance.py:2330} INFO - Executing <Task(LatestOnlyOperator): latest_only> on 2026-03-11 12:00:00+00:00
[2026-03-11T22:16:19.162+0530] {standard_task_runner.py:64} INFO - Started process 5825 to run task
[2026-03-11T22:16:19.165+0530] {standard_task_runner.py:90} INFO - Running: ['airflow', 'tasks', 'run', 'latest_only', 'latest_only', 'scheduled__2026-03-11T12:00:00+00:00', '--job-id', '1658', '--raw', '--subdir', '/home/sathya/projects/training-kit/.venv-airflow/lib/python3.10/site-packages/airflow/example_dags/example_latest_only.py', '--cfg-path', '/tmp/tmp0stq_im2']
[2026-03-11T22:16:19.167+0530] {standard_task_runner.py:91} INFO - Job 1658: Subtask latest_only
[2026-03-11T22:16:19.199+0530] {task_command.py:426} INFO - Running <TaskInstance: latest_only.latest_only scheduled__2026-03-11T12:00:00+00:00 [running]> on host LAPTOP-A1PMOBSE.localdomain
[2026-03-11T22:16:19.255+0530] {taskinstance.py:2648} INFO - Exporting env vars: AIRFLOW_CTX_DAG_OWNER='airflow' AIRFLOW_CTX_DAG_ID='latest_only' AIRFLOW_CTX_TASK_ID='latest_only' AIRFLOW_CTX_EXECUTION_DATE='2026-03-11T12:00:00+00:00' AIRFLOW_CTX_TRY_NUMBER='1' AIRFLOW_CTX_DAG_RUN_ID='scheduled__2026-03-11T12:00:00+00:00'
[2026-03-11T22:16:19.256+0530] {taskinstance.py:430} INFO - ::endgroup::
[2026-03-11T22:16:19.256+0530] {latest_only.py:63} INFO - Checking latest only with left_window: 2026-03-11 16:00:00+00:00 right_window: 2026-03-11 20:00:00+00:00 now: 2026-03-11 16:46:19.256769+00:00
[2026-03-11T22:16:19.256+0530] {latest_only.py:76} INFO - Latest, allowing execution to proceed.
[2026-03-11T22:16:19.256+0530] {branch.py:36} INFO - Branch into ['task1']
[2026-03-11T22:16:19.257+0530] {skipmixin.py:178} INFO - Following branch ['task1']
[2026-03-11T22:16:19.258+0530] {skipmixin.py:246} INFO - Skipping tasks []
[2026-03-11T22:16:19.270+0530] {taskinstance.py:441} INFO - ::group::Post task execution logs
[2026-03-11T22:16:19.282+0530] {taskinstance.py:1206} INFO - Marking task as SUCCESS. dag_id=latest_only, task_id=latest_only, run_id=scheduled__2026-03-11T12:00:00+00:00, execution_date=20260311T120000, start_date=20260311T164619, end_date=20260311T164619
[2026-03-11T22:16:19.302+0530] {local_task_job_runner.py:243} INFO - Task exited with return code 0
[2026-03-11T22:16:19.315+0530] {taskinstance.py:3503} INFO - 0 downstream tasks scheduled from follow-on schedule check
[2026-03-11T22:16:19.316+0530] {local_task_job_runner.py:222} INFO - ::endgroup::
