[2025-12-26T22:31:58.248+0530] {local_task_job_runner.py:120} INFO - ::group::Pre task execution logs
[2025-12-26T22:31:58.266+0530] {taskinstance.py:2076} INFO - Dependencies all met for dep_context=non-requeueable deps ti=<TaskInstance: example_dynamic_task_mapping.sum_it scheduled__2022-06-28T00:00:00+00:00 [queued]>
[2025-12-26T22:31:58.270+0530] {taskinstance.py:2076} INFO - Dependencies all met for dep_context=requeueable deps ti=<TaskInstance: example_dynamic_task_mapping.sum_it scheduled__2022-06-28T00:00:00+00:00 [queued]>
[2025-12-26T22:31:58.271+0530] {taskinstance.py:2306} INFO - Starting attempt 1 of 1
[2025-12-26T22:31:58.286+0530] {taskinstance.py:2330} INFO - Executing <Task(_PythonDecoratedOperator): sum_it> on 2022-06-28 00:00:00+00:00
[2025-12-26T22:31:58.289+0530] {standard_task_runner.py:64} INFO - Started process 7324 to run task
[2025-12-26T22:31:58.293+0530] {standard_task_runner.py:90} INFO - Running: ['airflow', 'tasks', 'run', 'example_dynamic_task_mapping', 'sum_it', 'scheduled__2022-06-28T00:00:00+00:00', '--job-id', '729', '--raw', '--subdir', '/home/sathya/projects/training-kit/.venv-airflow/lib/python3.10/site-packages/airflow/example_dags/example_dynamic_task_mapping.py', '--cfg-path', '/tmp/tmpd8pyojs4']
[2025-12-26T22:31:58.294+0530] {standard_task_runner.py:91} INFO - Job 729: Subtask sum_it
[2025-12-26T22:31:58.328+0530] {task_command.py:426} INFO - Running <TaskInstance: example_dynamic_task_mapping.sum_it scheduled__2022-06-28T00:00:00+00:00 [running]> on host LAPTOP-A1PMOBSE.localdomain
[2025-12-26T22:31:58.397+0530] {taskinstance.py:2648} INFO - Exporting env vars: AIRFLOW_CTX_DAG_OWNER='airflow' AIRFLOW_CTX_DAG_ID='example_dynamic_task_mapping' AIRFLOW_CTX_TASK_ID='sum_it' AIRFLOW_CTX_EXECUTION_DATE='2022-06-28T00:00:00+00:00' AIRFLOW_CTX_TRY_NUMBER='1' AIRFLOW_CTX_DAG_RUN_ID='scheduled__2022-06-28T00:00:00+00:00'
[2025-12-26T22:31:58.398+0530] {taskinstance.py:430} INFO - ::endgroup::
[2025-12-26T22:31:58.400+0530] {logging_mixin.py:188} INFO - Total was 9
[2025-12-26T22:31:58.400+0530] {python.py:237} INFO - Done. Returned value was: None
[2025-12-26T22:31:58.400+0530] {taskinstance.py:441} INFO - ::group::Post task execution logs
[2025-12-26T22:31:58.404+0530] {taskinstance.py:1206} INFO - Marking task as SUCCESS. dag_id=example_dynamic_task_mapping, task_id=sum_it, run_id=scheduled__2022-06-28T00:00:00+00:00, execution_date=20220628T000000, start_date=20251226T170158, end_date=20251226T170158
[2025-12-26T22:31:58.433+0530] {local_task_job_runner.py:243} INFO - Task exited with return code 0
[2025-12-26T22:31:58.442+0530] {taskinstance.py:3503} INFO - 0 downstream tasks scheduled from follow-on schedule check
[2025-12-26T22:31:58.442+0530] {local_task_job_runner.py:222} INFO - ::endgroup::
[2026-03-10T23:21:11.243+0530] {local_task_job_runner.py:120} INFO - ::group::Pre task execution logs
[2026-03-10T23:21:11.278+0530] {taskinstance.py:2076} INFO - Dependencies all met for dep_context=non-requeueable deps ti=<TaskInstance: example_dynamic_task_mapping.sum_it scheduled__2022-06-28T00:00:00+00:00 [queued]>
[2026-03-10T23:21:11.289+0530] {taskinstance.py:2076} INFO - Dependencies all met for dep_context=requeueable deps ti=<TaskInstance: example_dynamic_task_mapping.sum_it scheduled__2022-06-28T00:00:00+00:00 [queued]>
[2026-03-10T23:21:11.289+0530] {taskinstance.py:2306} INFO - Starting attempt 1 of 1
[2026-03-10T23:21:11.322+0530] {taskinstance.py:2330} INFO - Executing <Task(_PythonDecoratedOperator): sum_it> on 2022-06-28 00:00:00+00:00
[2026-03-10T23:21:11.330+0530] {standard_task_runner.py:64} INFO - Started process 9941 to run task
[2026-03-10T23:21:11.336+0530] {standard_task_runner.py:90} INFO - Running: ['airflow', 'tasks', 'run', 'example_dynamic_task_mapping', 'sum_it', 'scheduled__2022-06-28T00:00:00+00:00', '--job-id', '882', '--raw', '--subdir', '/home/sathya/projects/training-kit/.venv-airflow/lib/python3.10/site-packages/airflow/example_dags/example_dynamic_task_mapping.py', '--cfg-path', '/tmp/tmpk7to9o56']
[2026-03-10T23:21:11.338+0530] {standard_task_runner.py:91} INFO - Job 882: Subtask sum_it
[2026-03-10T23:21:11.424+0530] {task_command.py:426} INFO - Running <TaskInstance: example_dynamic_task_mapping.sum_it scheduled__2022-06-28T00:00:00+00:00 [running]> on host LAPTOP-A1PMOBSE.localdomain
[2026-03-10T23:21:11.565+0530] {taskinstance.py:2648} INFO - Exporting env vars: AIRFLOW_CTX_DAG_OWNER='airflow' AIRFLOW_CTX_DAG_ID='example_dynamic_task_mapping' AIRFLOW_CTX_TASK_ID='sum_it' AIRFLOW_CTX_EXECUTION_DATE='2022-06-28T00:00:00+00:00' AIRFLOW_CTX_TRY_NUMBER='1' AIRFLOW_CTX_DAG_RUN_ID='scheduled__2022-06-28T00:00:00+00:00'
[2026-03-10T23:21:11.569+0530] {taskinstance.py:430} INFO - ::endgroup::
[2026-03-10T23:21:11.576+0530] {logging_mixin.py:188} INFO - Total was 9
[2026-03-10T23:21:11.576+0530] {python.py:237} INFO - Done. Returned value was: None
[2026-03-10T23:21:11.576+0530] {taskinstance.py:441} INFO - ::group::Post task execution logs
[2026-03-10T23:21:11.589+0530] {taskinstance.py:1206} INFO - Marking task as SUCCESS. dag_id=example_dynamic_task_mapping, task_id=sum_it, run_id=scheduled__2022-06-28T00:00:00+00:00, execution_date=20220628T000000, start_date=20260310T175111, end_date=20260310T175111
[2026-03-10T23:21:11.635+0530] {local_task_job_runner.py:243} INFO - Task exited with return code 0
[2026-03-10T23:21:11.667+0530] {taskinstance.py:3503} INFO - 0 downstream tasks scheduled from follow-on schedule check
[2026-03-10T23:21:11.668+0530] {local_task_job_runner.py:222} INFO - ::endgroup::
