[2025-12-27T19:13:13.031+0530] {local_task_job_runner.py:120} INFO - ::group::Pre task execution logs
[2025-12-27T19:13:13.064+0530] {taskinstance.py:2076} INFO - Dependencies all met for dep_context=non-requeueable deps ti=<TaskInstance: example_dynamic_task_mapping.add_one scheduled__2022-11-17T00:00:00+00:00 map_index=2 [queued]>
[2025-12-27T19:13:13.072+0530] {taskinstance.py:2076} INFO - Dependencies all met for dep_context=requeueable deps ti=<TaskInstance: example_dynamic_task_mapping.add_one scheduled__2022-11-17T00:00:00+00:00 map_index=2 [queued]>
[2025-12-27T19:13:13.073+0530] {taskinstance.py:2306} INFO - Starting attempt 1 of 1
[2025-12-27T19:13:13.095+0530] {taskinstance.py:2330} INFO - Executing <Mapped(_PythonDecoratedOperator): add_one> on 2022-11-17 00:00:00+00:00
[2025-12-27T19:13:13.098+0530] {standard_task_runner.py:64} INFO - Started process 738 to run task
[2025-12-27T19:13:13.103+0530] {standard_task_runner.py:90} INFO - Running: ['airflow', 'tasks', 'run', 'example_dynamic_task_mapping', 'add_one', 'scheduled__2022-11-17T00:00:00+00:00', '--job-id', '1564', '--raw', '--subdir', '/home/sathya/projects/training-kit/.venv-airflow/lib/python3.10/site-packages/airflow/example_dags/example_dynamic_task_mapping.py', '--cfg-path', '/tmp/tmprkr2lerf', '--map-index', '2']
[2025-12-27T19:13:13.104+0530] {standard_task_runner.py:91} INFO - Job 1564: Subtask add_one
[2025-12-27T19:13:13.197+0530] {task_command.py:426} INFO - Running <TaskInstance: example_dynamic_task_mapping.add_one scheduled__2022-11-17T00:00:00+00:00 map_index=2 [running]> on host LAPTOP-A1PMOBSE.localdomain
[2025-12-27T19:13:13.371+0530] {taskinstance.py:2648} INFO - Exporting env vars: AIRFLOW_CTX_DAG_OWNER='airflow' AIRFLOW_CTX_DAG_ID='example_dynamic_task_mapping' AIRFLOW_CTX_TASK_ID='add_one' AIRFLOW_CTX_EXECUTION_DATE='2022-11-17T00:00:00+00:00' AIRFLOW_CTX_TRY_NUMBER='1' AIRFLOW_CTX_DAG_RUN_ID='scheduled__2022-11-17T00:00:00+00:00'
[2025-12-27T19:13:13.374+0530] {taskinstance.py:430} INFO - ::endgroup::
[2025-12-27T19:13:13.374+0530] {python.py:237} INFO - Done. Returned value was: 4
[2025-12-27T19:13:13.374+0530] {taskinstance.py:441} INFO - ::group::Post task execution logs
[2025-12-27T19:13:13.407+0530] {taskinstance.py:1206} INFO - Marking task as SUCCESS. dag_id=example_dynamic_task_mapping, task_id=add_one, run_id=scheduled__2022-11-17T00:00:00+00:00, map_index=2, execution_date=20221117T000000, start_date=20251227T134313, end_date=20251227T134313
[2025-12-27T19:13:13.440+0530] {local_task_job_runner.py:243} INFO - Task exited with return code 0
[2025-12-27T19:13:13.467+0530] {taskinstance.py:3503} INFO - 1 downstream tasks scheduled from follow-on schedule check
[2025-12-27T19:13:13.476+0530] {local_task_job_runner.py:222} INFO - ::endgroup::
[2026-03-11T22:41:23.732+0530] {local_task_job_runner.py:120} INFO - ::group::Pre task execution logs
[2026-03-11T22:41:23.748+0530] {taskinstance.py:2076} INFO - Dependencies all met for dep_context=non-requeueable deps ti=<TaskInstance: example_dynamic_task_mapping.add_one scheduled__2022-11-17T00:00:00+00:00 map_index=2 [queued]>
[2026-03-11T22:41:23.752+0530] {taskinstance.py:2076} INFO - Dependencies all met for dep_context=requeueable deps ti=<TaskInstance: example_dynamic_task_mapping.add_one scheduled__2022-11-17T00:00:00+00:00 map_index=2 [queued]>
[2026-03-11T22:41:23.752+0530] {taskinstance.py:2306} INFO - Starting attempt 1 of 1
[2026-03-11T22:41:23.769+0530] {taskinstance.py:2330} INFO - Executing <Mapped(_PythonDecoratedOperator): add_one> on 2022-11-17 00:00:00+00:00
[2026-03-11T22:41:23.772+0530] {standard_task_runner.py:64} INFO - Started process 9446 to run task
[2026-03-11T22:41:23.775+0530] {standard_task_runner.py:90} INFO - Running: ['airflow', 'tasks', 'run', 'example_dynamic_task_mapping', 'add_one', 'scheduled__2022-11-17T00:00:00+00:00', '--job-id', '1961', '--raw', '--subdir', '/home/sathya/projects/training-kit/.venv-airflow/lib/python3.10/site-packages/airflow/example_dags/example_dynamic_task_mapping.py', '--cfg-path', '/tmp/tmp5o7px2_5', '--map-index', '2']
[2026-03-11T22:41:23.777+0530] {standard_task_runner.py:91} INFO - Job 1961: Subtask add_one
[2026-03-11T22:41:23.811+0530] {task_command.py:426} INFO - Running <TaskInstance: example_dynamic_task_mapping.add_one scheduled__2022-11-17T00:00:00+00:00 map_index=2 [running]> on host LAPTOP-A1PMOBSE.localdomain
[2026-03-11T22:41:23.887+0530] {taskinstance.py:2648} INFO - Exporting env vars: AIRFLOW_CTX_DAG_OWNER='airflow' AIRFLOW_CTX_DAG_ID='example_dynamic_task_mapping' AIRFLOW_CTX_TASK_ID='add_one' AIRFLOW_CTX_EXECUTION_DATE='2022-11-17T00:00:00+00:00' AIRFLOW_CTX_TRY_NUMBER='1' AIRFLOW_CTX_DAG_RUN_ID='scheduled__2022-11-17T00:00:00+00:00'
[2026-03-11T22:41:23.889+0530] {taskinstance.py:430} INFO - ::endgroup::
[2026-03-11T22:41:23.889+0530] {python.py:237} INFO - Done. Returned value was: 4
[2026-03-11T22:41:23.889+0530] {taskinstance.py:441} INFO - ::group::Post task execution logs
[2026-03-11T22:41:23.907+0530] {taskinstance.py:1206} INFO - Marking task as SUCCESS. dag_id=example_dynamic_task_mapping, task_id=add_one, run_id=scheduled__2022-11-17T00:00:00+00:00, map_index=2, execution_date=20221117T000000, start_date=20260311T171123, end_date=20260311T171123
[2026-03-11T22:41:23.959+0530] {local_task_job_runner.py:243} INFO - Task exited with return code 0
[2026-03-11T22:41:23.977+0530] {taskinstance.py:3503} INFO - 1 downstream tasks scheduled from follow-on schedule check
[2026-03-11T22:41:23.985+0530] {local_task_job_runner.py:222} INFO - ::endgroup::
