[2025-12-26T23:11:58.015+0530] {local_task_job_runner.py:120} INFO - ::group::Pre task execution logs
[2025-12-26T23:11:58.037+0530] {taskinstance.py:2076} INFO - Dependencies all met for dep_context=non-requeueable deps ti=<TaskInstance: example_dynamic_task_mapping.add_one scheduled__2022-11-13T00:00:00+00:00 map_index=1 [queued]>
[2025-12-26T23:11:58.042+0530] {taskinstance.py:2076} INFO - Dependencies all met for dep_context=requeueable deps ti=<TaskInstance: example_dynamic_task_mapping.add_one scheduled__2022-11-13T00:00:00+00:00 map_index=1 [queued]>
[2025-12-26T23:11:58.042+0530] {taskinstance.py:2306} INFO - Starting attempt 1 of 1
[2025-12-26T23:11:58.057+0530] {taskinstance.py:2330} INFO - Executing <Mapped(_PythonDecoratedOperator): add_one> on 2022-11-13 00:00:00+00:00
[2025-12-26T23:11:58.060+0530] {standard_task_runner.py:64} INFO - Started process 11938 to run task
[2025-12-26T23:11:58.063+0530] {standard_task_runner.py:90} INFO - Running: ['airflow', 'tasks', 'run', 'example_dynamic_task_mapping', 'add_one', 'scheduled__2022-11-13T00:00:00+00:00', '--job-id', '1491', '--raw', '--subdir', '/home/sathya/projects/training-kit/.venv-airflow/lib/python3.10/site-packages/airflow/example_dags/example_dynamic_task_mapping.py', '--cfg-path', '/tmp/tmps265uupf', '--map-index', '1']
[2025-12-26T23:11:58.064+0530] {standard_task_runner.py:91} INFO - Job 1491: Subtask add_one
[2025-12-26T23:11:58.097+0530] {task_command.py:426} INFO - Running <TaskInstance: example_dynamic_task_mapping.add_one scheduled__2022-11-13T00:00:00+00:00 map_index=1 [running]> on host LAPTOP-A1PMOBSE.localdomain
[2025-12-26T23:11:58.157+0530] {taskinstance.py:2648} INFO - Exporting env vars: AIRFLOW_CTX_DAG_OWNER='airflow' AIRFLOW_CTX_DAG_ID='example_dynamic_task_mapping' AIRFLOW_CTX_TASK_ID='add_one' AIRFLOW_CTX_EXECUTION_DATE='2022-11-13T00:00:00+00:00' AIRFLOW_CTX_TRY_NUMBER='1' AIRFLOW_CTX_DAG_RUN_ID='scheduled__2022-11-13T00:00:00+00:00'
[2025-12-26T23:11:58.157+0530] {taskinstance.py:430} INFO - ::endgroup::
[2025-12-26T23:11:58.158+0530] {python.py:237} INFO - Done. Returned value was: 3
[2025-12-26T23:11:58.158+0530] {taskinstance.py:441} INFO - ::group::Post task execution logs
[2025-12-26T23:11:58.172+0530] {taskinstance.py:1206} INFO - Marking task as SUCCESS. dag_id=example_dynamic_task_mapping, task_id=add_one, run_id=scheduled__2022-11-13T00:00:00+00:00, map_index=1, execution_date=20221113T000000, start_date=20251226T174158, end_date=20251226T174158
[2025-12-26T23:11:58.206+0530] {local_task_job_runner.py:243} INFO - Task exited with return code 0
[2025-12-26T23:11:58.228+0530] {taskinstance.py:3503} INFO - 0 downstream tasks scheduled from follow-on schedule check
[2025-12-26T23:11:58.228+0530] {local_task_job_runner.py:222} INFO - ::endgroup::
[2026-03-11T22:39:39.996+0530] {local_task_job_runner.py:120} INFO - ::group::Pre task execution logs
[2026-03-11T22:39:40.012+0530] {taskinstance.py:2076} INFO - Dependencies all met for dep_context=non-requeueable deps ti=<TaskInstance: example_dynamic_task_mapping.add_one scheduled__2022-11-13T00:00:00+00:00 map_index=1 [queued]>
[2026-03-11T22:39:40.016+0530] {taskinstance.py:2076} INFO - Dependencies all met for dep_context=requeueable deps ti=<TaskInstance: example_dynamic_task_mapping.add_one scheduled__2022-11-13T00:00:00+00:00 map_index=1 [queued]>
[2026-03-11T22:39:40.017+0530] {taskinstance.py:2306} INFO - Starting attempt 1 of 1
[2026-03-11T22:39:40.032+0530] {taskinstance.py:2330} INFO - Executing <Mapped(_PythonDecoratedOperator): add_one> on 2022-11-13 00:00:00+00:00
[2026-03-11T22:39:40.036+0530] {standard_task_runner.py:64} INFO - Started process 9205 to run task
[2026-03-11T22:39:40.039+0530] {standard_task_runner.py:90} INFO - Running: ['airflow', 'tasks', 'run', 'example_dynamic_task_mapping', 'add_one', 'scheduled__2022-11-13T00:00:00+00:00', '--job-id', '1937', '--raw', '--subdir', '/home/sathya/projects/training-kit/.venv-airflow/lib/python3.10/site-packages/airflow/example_dags/example_dynamic_task_mapping.py', '--cfg-path', '/tmp/tmpeori_wpk', '--map-index', '1']
[2026-03-11T22:39:40.041+0530] {standard_task_runner.py:91} INFO - Job 1937: Subtask add_one
[2026-03-11T22:39:40.072+0530] {task_command.py:426} INFO - Running <TaskInstance: example_dynamic_task_mapping.add_one scheduled__2022-11-13T00:00:00+00:00 map_index=1 [running]> on host LAPTOP-A1PMOBSE.localdomain
[2026-03-11T22:39:40.131+0530] {taskinstance.py:2648} INFO - Exporting env vars: AIRFLOW_CTX_DAG_OWNER='airflow' AIRFLOW_CTX_DAG_ID='example_dynamic_task_mapping' AIRFLOW_CTX_TASK_ID='add_one' AIRFLOW_CTX_EXECUTION_DATE='2022-11-13T00:00:00+00:00' AIRFLOW_CTX_TRY_NUMBER='1' AIRFLOW_CTX_DAG_RUN_ID='scheduled__2022-11-13T00:00:00+00:00'
[2026-03-11T22:39:40.133+0530] {taskinstance.py:430} INFO - ::endgroup::
[2026-03-11T22:39:40.133+0530] {python.py:237} INFO - Done. Returned value was: 3
[2026-03-11T22:39:40.133+0530] {taskinstance.py:441} INFO - ::group::Post task execution logs
[2026-03-11T22:39:40.149+0530] {taskinstance.py:1206} INFO - Marking task as SUCCESS. dag_id=example_dynamic_task_mapping, task_id=add_one, run_id=scheduled__2022-11-13T00:00:00+00:00, map_index=1, execution_date=20221113T000000, start_date=20260311T170940, end_date=20260311T170940
[2026-03-11T22:39:40.180+0530] {local_task_job_runner.py:243} INFO - Task exited with return code 0
[2026-03-11T22:39:40.196+0530] {taskinstance.py:3503} INFO - 0 downstream tasks scheduled from follow-on schedule check
[2026-03-11T22:39:40.196+0530] {local_task_job_runner.py:222} INFO - ::endgroup::
