[2025-12-26T22:25:32.860+0530] {local_task_job_runner.py:120} INFO - ::group::Pre task execution logs
[2025-12-26T22:25:32.878+0530] {taskinstance.py:2076} INFO - Dependencies all met for dep_context=non-requeueable deps ti=<TaskInstance: example_dynamic_task_mapping.add_one scheduled__2022-06-01T00:00:00+00:00 map_index=0 [queued]>
[2025-12-26T22:25:32.883+0530] {taskinstance.py:2076} INFO - Dependencies all met for dep_context=requeueable deps ti=<TaskInstance: example_dynamic_task_mapping.add_one scheduled__2022-06-01T00:00:00+00:00 map_index=0 [queued]>
[2025-12-26T22:25:32.883+0530] {taskinstance.py:2306} INFO - Starting attempt 1 of 1
[2025-12-26T22:25:32.898+0530] {taskinstance.py:2330} INFO - Executing <Mapped(_PythonDecoratedOperator): add_one> on 2022-06-01 00:00:00+00:00
[2025-12-26T22:25:32.901+0530] {standard_task_runner.py:64} INFO - Started process 6523 to run task
[2025-12-26T22:25:32.904+0530] {standard_task_runner.py:90} INFO - Running: ['airflow', 'tasks', 'run', 'example_dynamic_task_mapping', 'add_one', 'scheduled__2022-06-01T00:00:00+00:00', '--job-id', '587', '--raw', '--subdir', '/home/sathya/projects/training-kit/.venv-airflow/lib/python3.10/site-packages/airflow/example_dags/example_dynamic_task_mapping.py', '--cfg-path', '/tmp/tmp6s0to7mp', '--map-index', '0']
[2025-12-26T22:25:32.904+0530] {standard_task_runner.py:91} INFO - Job 587: Subtask add_one
[2025-12-26T22:25:32.936+0530] {task_command.py:426} INFO - Running <TaskInstance: example_dynamic_task_mapping.add_one scheduled__2022-06-01T00:00:00+00:00 map_index=0 [running]> on host LAPTOP-A1PMOBSE.localdomain
[2025-12-26T22:25:32.998+0530] {taskinstance.py:2648} INFO - Exporting env vars: AIRFLOW_CTX_DAG_OWNER='airflow' AIRFLOW_CTX_DAG_ID='example_dynamic_task_mapping' AIRFLOW_CTX_TASK_ID='add_one' AIRFLOW_CTX_EXECUTION_DATE='2022-06-01T00:00:00+00:00' AIRFLOW_CTX_TRY_NUMBER='1' AIRFLOW_CTX_DAG_RUN_ID='scheduled__2022-06-01T00:00:00+00:00'
[2025-12-26T22:25:32.998+0530] {taskinstance.py:430} INFO - ::endgroup::
[2025-12-26T22:25:32.999+0530] {python.py:237} INFO - Done. Returned value was: 2
[2025-12-26T22:25:32.999+0530] {taskinstance.py:441} INFO - ::group::Post task execution logs
[2025-12-26T22:25:33.013+0530] {taskinstance.py:1206} INFO - Marking task as SUCCESS. dag_id=example_dynamic_task_mapping, task_id=add_one, run_id=scheduled__2022-06-01T00:00:00+00:00, map_index=0, execution_date=20220601T000000, start_date=20251226T165532, end_date=20251226T165533
[2025-12-26T22:25:33.043+0530] {local_task_job_runner.py:243} INFO - Task exited with return code 0
[2025-12-26T22:25:33.057+0530] {taskinstance.py:3503} INFO - 0 downstream tasks scheduled from follow-on schedule check
[2025-12-26T22:25:33.057+0530] {local_task_job_runner.py:222} INFO - ::endgroup::
[2026-03-10T23:14:20.619+0530] {local_task_job_runner.py:120} INFO - ::group::Pre task execution logs
[2026-03-10T23:14:20.646+0530] {taskinstance.py:2076} INFO - Dependencies all met for dep_context=non-requeueable deps ti=<TaskInstance: example_dynamic_task_mapping.add_one scheduled__2022-06-01T00:00:00+00:00 map_index=0 [queued]>
[2026-03-10T23:14:20.674+0530] {taskinstance.py:2076} INFO - Dependencies all met for dep_context=requeueable deps ti=<TaskInstance: example_dynamic_task_mapping.add_one scheduled__2022-06-01T00:00:00+00:00 map_index=0 [queued]>
[2026-03-10T23:14:20.674+0530] {taskinstance.py:2306} INFO - Starting attempt 1 of 1
[2026-03-10T23:14:20.706+0530] {taskinstance.py:2330} INFO - Executing <Mapped(_PythonDecoratedOperator): add_one> on 2022-06-01 00:00:00+00:00
[2026-03-10T23:14:20.715+0530] {standard_task_runner.py:64} INFO - Started process 8254 to run task
[2026-03-10T23:14:20.719+0530] {standard_task_runner.py:90} INFO - Running: ['airflow', 'tasks', 'run', 'example_dynamic_task_mapping', 'add_one', 'scheduled__2022-06-01T00:00:00+00:00', '--job-id', '717', '--raw', '--subdir', '/home/sathya/projects/training-kit/.venv-airflow/lib/python3.10/site-packages/airflow/example_dags/example_dynamic_task_mapping.py', '--cfg-path', '/tmp/tmpi_c3bul_', '--map-index', '0']
[2026-03-10T23:14:20.721+0530] {standard_task_runner.py:91} INFO - Job 717: Subtask add_one
[2026-03-10T23:14:20.779+0530] {task_command.py:426} INFO - Running <TaskInstance: example_dynamic_task_mapping.add_one scheduled__2022-06-01T00:00:00+00:00 map_index=0 [running]> on host LAPTOP-A1PMOBSE.localdomain
[2026-03-10T23:14:20.894+0530] {taskinstance.py:2648} INFO - Exporting env vars: AIRFLOW_CTX_DAG_OWNER='airflow' AIRFLOW_CTX_DAG_ID='example_dynamic_task_mapping' AIRFLOW_CTX_TASK_ID='add_one' AIRFLOW_CTX_EXECUTION_DATE='2022-06-01T00:00:00+00:00' AIRFLOW_CTX_TRY_NUMBER='1' AIRFLOW_CTX_DAG_RUN_ID='scheduled__2022-06-01T00:00:00+00:00'
[2026-03-10T23:14:20.896+0530] {taskinstance.py:430} INFO - ::endgroup::
[2026-03-10T23:14:20.897+0530] {python.py:237} INFO - Done. Returned value was: 2
[2026-03-10T23:14:20.897+0530] {taskinstance.py:441} INFO - ::group::Post task execution logs
[2026-03-10T23:14:20.926+0530] {taskinstance.py:1206} INFO - Marking task as SUCCESS. dag_id=example_dynamic_task_mapping, task_id=add_one, run_id=scheduled__2022-06-01T00:00:00+00:00, map_index=0, execution_date=20220601T000000, start_date=20260310T174420, end_date=20260310T174420
[2026-03-10T23:14:20.978+0530] {local_task_job_runner.py:243} INFO - Task exited with return code 0
[2026-03-10T23:14:21.011+0530] {taskinstance.py:3503} INFO - 0 downstream tasks scheduled from follow-on schedule check
[2026-03-10T23:14:21.012+0530] {local_task_job_runner.py:222} INFO - ::endgroup::
