[2025-12-26T23:07:23.687+0530] {local_task_job_runner.py:120} INFO - ::group::Pre task execution logs
[2025-12-26T23:07:23.705+0530] {taskinstance.py:2076} INFO - Dependencies all met for dep_context=non-requeueable deps ti=<TaskInstance: example_dynamic_task_mapping.add_one scheduled__2022-10-28T00:00:00+00:00 map_index=0 [queued]>
[2025-12-26T23:07:23.709+0530] {taskinstance.py:2076} INFO - Dependencies all met for dep_context=requeueable deps ti=<TaskInstance: example_dynamic_task_mapping.add_one scheduled__2022-10-28T00:00:00+00:00 map_index=0 [queued]>
[2025-12-26T23:07:23.709+0530] {taskinstance.py:2306} INFO - Starting attempt 1 of 1
[2025-12-26T23:07:23.722+0530] {taskinstance.py:2330} INFO - Executing <Mapped(_PythonDecoratedOperator): add_one> on 2022-10-28 00:00:00+00:00
[2025-12-26T23:07:23.725+0530] {standard_task_runner.py:64} INFO - Started process 11354 to run task
[2025-12-26T23:07:23.727+0530] {standard_task_runner.py:90} INFO - Running: ['airflow', 'tasks', 'run', 'example_dynamic_task_mapping', 'add_one', 'scheduled__2022-10-28T00:00:00+00:00', '--job-id', '1394', '--raw', '--subdir', '/home/sathya/projects/training-kit/.venv-airflow/lib/python3.10/site-packages/airflow/example_dags/example_dynamic_task_mapping.py', '--cfg-path', '/tmp/tmphsi_rv3k', '--map-index', '0']
[2025-12-26T23:07:23.728+0530] {standard_task_runner.py:91} INFO - Job 1394: Subtask add_one
[2025-12-26T23:07:23.758+0530] {task_command.py:426} INFO - Running <TaskInstance: example_dynamic_task_mapping.add_one scheduled__2022-10-28T00:00:00+00:00 map_index=0 [running]> on host LAPTOP-A1PMOBSE.localdomain
[2025-12-26T23:07:23.821+0530] {taskinstance.py:2648} INFO - Exporting env vars: AIRFLOW_CTX_DAG_OWNER='airflow' AIRFLOW_CTX_DAG_ID='example_dynamic_task_mapping' AIRFLOW_CTX_TASK_ID='add_one' AIRFLOW_CTX_EXECUTION_DATE='2022-10-28T00:00:00+00:00' AIRFLOW_CTX_TRY_NUMBER='1' AIRFLOW_CTX_DAG_RUN_ID='scheduled__2022-10-28T00:00:00+00:00'
[2025-12-26T23:07:23.822+0530] {taskinstance.py:430} INFO - ::endgroup::
[2025-12-26T23:07:23.822+0530] {python.py:237} INFO - Done. Returned value was: 2
[2025-12-26T23:07:23.822+0530] {taskinstance.py:441} INFO - ::group::Post task execution logs
[2025-12-26T23:07:23.836+0530] {taskinstance.py:1206} INFO - Marking task as SUCCESS. dag_id=example_dynamic_task_mapping, task_id=add_one, run_id=scheduled__2022-10-28T00:00:00+00:00, map_index=0, execution_date=20221028T000000, start_date=20251226T173723, end_date=20251226T173723
[2025-12-26T23:07:23.867+0530] {local_task_job_runner.py:243} INFO - Task exited with return code 0
[2025-12-26T23:07:23.885+0530] {taskinstance.py:3503} INFO - 0 downstream tasks scheduled from follow-on schedule check
[2025-12-26T23:07:23.885+0530] {local_task_job_runner.py:222} INFO - ::endgroup::
[2026-03-11T22:32:35.873+0530] {local_task_job_runner.py:120} INFO - ::group::Pre task execution logs
[2026-03-11T22:32:35.893+0530] {taskinstance.py:2076} INFO - Dependencies all met for dep_context=non-requeueable deps ti=<TaskInstance: example_dynamic_task_mapping.add_one scheduled__2022-10-28T00:00:00+00:00 map_index=0 [queued]>
[2026-03-11T22:32:35.902+0530] {taskinstance.py:2076} INFO - Dependencies all met for dep_context=requeueable deps ti=<TaskInstance: example_dynamic_task_mapping.add_one scheduled__2022-10-28T00:00:00+00:00 map_index=0 [queued]>
[2026-03-11T22:32:35.902+0530] {taskinstance.py:2306} INFO - Starting attempt 1 of 1
[2026-03-11T22:32:35.919+0530] {taskinstance.py:2330} INFO - Executing <Mapped(_PythonDecoratedOperator): add_one> on 2022-10-28 00:00:00+00:00
[2026-03-11T22:32:35.924+0530] {standard_task_runner.py:64} INFO - Started process 8186 to run task
[2026-03-11T22:32:35.928+0530] {standard_task_runner.py:90} INFO - Running: ['airflow', 'tasks', 'run', 'example_dynamic_task_mapping', 'add_one', 'scheduled__2022-10-28T00:00:00+00:00', '--job-id', '1836', '--raw', '--subdir', '/home/sathya/projects/training-kit/.venv-airflow/lib/python3.10/site-packages/airflow/example_dags/example_dynamic_task_mapping.py', '--cfg-path', '/tmp/tmplfph4jyd', '--map-index', '0']
[2026-03-11T22:32:35.930+0530] {standard_task_runner.py:91} INFO - Job 1836: Subtask add_one
[2026-03-11T22:32:35.968+0530] {task_command.py:426} INFO - Running <TaskInstance: example_dynamic_task_mapping.add_one scheduled__2022-10-28T00:00:00+00:00 map_index=0 [running]> on host LAPTOP-A1PMOBSE.localdomain
[2026-03-11T22:32:36.033+0530] {taskinstance.py:2648} INFO - Exporting env vars: AIRFLOW_CTX_DAG_OWNER='airflow' AIRFLOW_CTX_DAG_ID='example_dynamic_task_mapping' AIRFLOW_CTX_TASK_ID='add_one' AIRFLOW_CTX_EXECUTION_DATE='2022-10-28T00:00:00+00:00' AIRFLOW_CTX_TRY_NUMBER='1' AIRFLOW_CTX_DAG_RUN_ID='scheduled__2022-10-28T00:00:00+00:00'
[2026-03-11T22:32:36.035+0530] {taskinstance.py:430} INFO - ::endgroup::
[2026-03-11T22:32:36.035+0530] {python.py:237} INFO - Done. Returned value was: 2
[2026-03-11T22:32:36.035+0530] {taskinstance.py:441} INFO - ::group::Post task execution logs
[2026-03-11T22:32:36.055+0530] {taskinstance.py:1206} INFO - Marking task as SUCCESS. dag_id=example_dynamic_task_mapping, task_id=add_one, run_id=scheduled__2022-10-28T00:00:00+00:00, map_index=0, execution_date=20221028T000000, start_date=20260311T170235, end_date=20260311T170236
[2026-03-11T22:32:36.106+0530] {local_task_job_runner.py:243} INFO - Task exited with return code 0
[2026-03-11T22:32:36.123+0530] {taskinstance.py:3503} INFO - 0 downstream tasks scheduled from follow-on schedule check
[2026-03-11T22:32:36.124+0530] {local_task_job_runner.py:222} INFO - ::endgroup::
