[2025-12-26T22:15:26.996+0530] {local_task_job_runner.py:120} INFO - ::group::Pre task execution logs
[2025-12-26T22:15:27.033+0530] {taskinstance.py:2076} INFO - Dependencies all met for dep_context=non-requeueable deps ti=<TaskInstance: example_dynamic_task_mapping.add_one scheduled__2022-04-01T00:00:00+00:00 map_index=2 [queued]>
[2025-12-26T22:15:27.045+0530] {taskinstance.py:2076} INFO - Dependencies all met for dep_context=requeueable deps ti=<TaskInstance: example_dynamic_task_mapping.add_one scheduled__2022-04-01T00:00:00+00:00 map_index=2 [queued]>
[2025-12-26T22:15:27.048+0530] {taskinstance.py:2306} INFO - Starting attempt 1 of 1
[2025-12-26T22:15:27.079+0530] {taskinstance.py:2330} INFO - Executing <Mapped(_PythonDecoratedOperator): add_one> on 2022-04-01 00:00:00+00:00
[2025-12-26T22:15:27.087+0530] {standard_task_runner.py:64} INFO - Started process 4950 to run task
[2025-12-26T22:15:27.095+0530] {standard_task_runner.py:90} INFO - Running: ['airflow', 'tasks', 'run', 'example_dynamic_task_mapping', 'add_one', 'scheduled__2022-04-01T00:00:00+00:00', '--job-id', '289', '--raw', '--subdir', '/home/sathya/projects/training-kit/.venv-airflow/lib/python3.10/site-packages/airflow/example_dags/example_dynamic_task_mapping.py', '--cfg-path', '/tmp/tmp8ky0785_', '--map-index', '2']
[2025-12-26T22:15:27.096+0530] {standard_task_runner.py:91} INFO - Job 289: Subtask add_one
[2025-12-26T22:15:27.139+0530] {task_command.py:426} INFO - Running <TaskInstance: example_dynamic_task_mapping.add_one scheduled__2022-04-01T00:00:00+00:00 map_index=2 [running]> on host LAPTOP-A1PMOBSE.localdomain
[2025-12-26T22:15:27.220+0530] {taskinstance.py:2648} INFO - Exporting env vars: AIRFLOW_CTX_DAG_OWNER='airflow' AIRFLOW_CTX_DAG_ID='example_dynamic_task_mapping' AIRFLOW_CTX_TASK_ID='add_one' AIRFLOW_CTX_EXECUTION_DATE='2022-04-01T00:00:00+00:00' AIRFLOW_CTX_TRY_NUMBER='1' AIRFLOW_CTX_DAG_RUN_ID='scheduled__2022-04-01T00:00:00+00:00'
[2025-12-26T22:15:27.221+0530] {taskinstance.py:430} INFO - ::endgroup::
[2025-12-26T22:15:27.222+0530] {python.py:237} INFO - Done. Returned value was: 4
[2025-12-26T22:15:27.222+0530] {taskinstance.py:441} INFO - ::group::Post task execution logs
[2025-12-26T22:15:27.239+0530] {taskinstance.py:1206} INFO - Marking task as SUCCESS. dag_id=example_dynamic_task_mapping, task_id=add_one, run_id=scheduled__2022-04-01T00:00:00+00:00, map_index=2, execution_date=20220401T000000, start_date=20251226T164527, end_date=20251226T164527
[2025-12-26T22:15:27.270+0530] {local_task_job_runner.py:243} INFO - Task exited with return code 0
[2025-12-26T22:15:27.284+0530] {taskinstance.py:3503} INFO - 1 downstream tasks scheduled from follow-on schedule check
[2025-12-26T22:15:27.292+0530] {local_task_job_runner.py:222} INFO - ::endgroup::
[2026-03-10T23:01:57.435+0530] {local_task_job_runner.py:120} INFO - ::group::Pre task execution logs
[2026-03-10T23:01:57.488+0530] {taskinstance.py:2076} INFO - Dependencies all met for dep_context=non-requeueable deps ti=<TaskInstance: example_dynamic_task_mapping.add_one scheduled__2022-04-01T00:00:00+00:00 map_index=2 [queued]>
[2026-03-10T23:01:57.499+0530] {taskinstance.py:2076} INFO - Dependencies all met for dep_context=requeueable deps ti=<TaskInstance: example_dynamic_task_mapping.add_one scheduled__2022-04-01T00:00:00+00:00 map_index=2 [queued]>
[2026-03-10T23:01:57.499+0530] {taskinstance.py:2306} INFO - Starting attempt 1 of 1
[2026-03-10T23:01:57.544+0530] {taskinstance.py:2330} INFO - Executing <Mapped(_PythonDecoratedOperator): add_one> on 2022-04-01 00:00:00+00:00
[2026-03-10T23:01:57.555+0530] {standard_task_runner.py:64} INFO - Started process 5107 to run task
[2026-03-10T23:01:57.562+0530] {standard_task_runner.py:90} INFO - Running: ['airflow', 'tasks', 'run', 'example_dynamic_task_mapping', 'add_one', 'scheduled__2022-04-01T00:00:00+00:00', '--job-id', '413', '--raw', '--subdir', '/home/sathya/projects/training-kit/.venv-airflow/lib/python3.10/site-packages/airflow/example_dags/example_dynamic_task_mapping.py', '--cfg-path', '/tmp/tmpp3doxh6q', '--map-index', '2']
[2026-03-10T23:01:57.566+0530] {standard_task_runner.py:91} INFO - Job 413: Subtask add_one
[2026-03-10T23:01:57.641+0530] {task_command.py:426} INFO - Running <TaskInstance: example_dynamic_task_mapping.add_one scheduled__2022-04-01T00:00:00+00:00 map_index=2 [running]> on host LAPTOP-A1PMOBSE.localdomain
[2026-03-10T23:01:57.744+0530] {taskinstance.py:2648} INFO - Exporting env vars: AIRFLOW_CTX_DAG_OWNER='airflow' AIRFLOW_CTX_DAG_ID='example_dynamic_task_mapping' AIRFLOW_CTX_TASK_ID='add_one' AIRFLOW_CTX_EXECUTION_DATE='2022-04-01T00:00:00+00:00' AIRFLOW_CTX_TRY_NUMBER='1' AIRFLOW_CTX_DAG_RUN_ID='scheduled__2022-04-01T00:00:00+00:00'
[2026-03-10T23:01:57.746+0530] {taskinstance.py:430} INFO - ::endgroup::
[2026-03-10T23:01:57.747+0530] {python.py:237} INFO - Done. Returned value was: 4
[2026-03-10T23:01:57.747+0530] {taskinstance.py:441} INFO - ::group::Post task execution logs
[2026-03-10T23:01:57.771+0530] {taskinstance.py:1206} INFO - Marking task as SUCCESS. dag_id=example_dynamic_task_mapping, task_id=add_one, run_id=scheduled__2022-04-01T00:00:00+00:00, map_index=2, execution_date=20220401T000000, start_date=20260310T173157, end_date=20260310T173157
[2026-03-10T23:01:57.835+0530] {local_task_job_runner.py:243} INFO - Task exited with return code 0
[2026-03-10T23:01:57.859+0530] {taskinstance.py:3503} INFO - 1 downstream tasks scheduled from follow-on schedule check
[2026-03-10T23:01:57.877+0530] {local_task_job_runner.py:222} INFO - ::endgroup::
