[2026-03-11T22:13:51.160+0530] {local_task_job_runner.py:120} INFO - ::group::Pre task execution logs
[2026-03-11T22:13:51.173+0530] {taskinstance.py:2076} INFO - Dependencies all met for dep_context=non-requeueable deps ti=<TaskInstance: example_bash_operator.also_run_this scheduled__2026-03-10T00:00:00+00:00 [queued]>
[2026-03-11T22:13:51.177+0530] {taskinstance.py:2076} INFO - Dependencies all met for dep_context=requeueable deps ti=<TaskInstance: example_bash_operator.also_run_this scheduled__2026-03-10T00:00:00+00:00 [queued]>
[2026-03-11T22:13:51.177+0530] {taskinstance.py:2306} INFO - Starting attempt 1 of 1
[2026-03-11T22:13:51.193+0530] {taskinstance.py:2330} INFO - Executing <Task(BashOperator): also_run_this> on 2026-03-10 00:00:00+00:00
[2026-03-11T22:13:51.196+0530] {standard_task_runner.py:64} INFO - Started process 1400 to run task
[2026-03-11T22:13:51.200+0530] {standard_task_runner.py:90} INFO - Running: ['airflow', 'tasks', 'run', 'example_bash_operator', 'also_run_this', 'scheduled__2026-03-10T00:00:00+00:00', '--job-id', '1611', '--raw', '--subdir', '/home/sathya/projects/training-kit/.venv-airflow/lib/python3.10/site-packages/airflow/example_dags/example_bash_operator.py', '--cfg-path', '/tmp/tmp87nbp8lr']
[2026-03-11T22:13:51.201+0530] {standard_task_runner.py:91} INFO - Job 1611: Subtask also_run_this
[2026-03-11T22:13:51.235+0530] {task_command.py:426} INFO - Running <TaskInstance: example_bash_operator.also_run_this scheduled__2026-03-10T00:00:00+00:00 [running]> on host LAPTOP-A1PMOBSE.localdomain
[2026-03-11T22:13:51.293+0530] {taskinstance.py:2648} INFO - Exporting env vars: AIRFLOW_CTX_DAG_OWNER='airflow' AIRFLOW_CTX_DAG_ID='example_bash_operator' AIRFLOW_CTX_TASK_ID='also_run_this' AIRFLOW_CTX_EXECUTION_DATE='2026-03-10T00:00:00+00:00' AIRFLOW_CTX_TRY_NUMBER='1' AIRFLOW_CTX_DAG_RUN_ID='scheduled__2026-03-10T00:00:00+00:00'
[2026-03-11T22:13:51.294+0530] {taskinstance.py:430} INFO - ::endgroup::
[2026-03-11T22:13:51.294+0530] {subprocess.py:63} INFO - Tmp dir root location: /tmp
[2026-03-11T22:13:51.295+0530] {subprocess.py:75} INFO - Running command: ['/usr/bin/bash', '-c', 'echo "ti_key=example_bash_operator__also_run_this__20260310"']
[2026-03-11T22:13:51.300+0530] {subprocess.py:86} INFO - Output:
[2026-03-11T22:13:51.301+0530] {subprocess.py:93} INFO - ti_key=example_bash_operator__also_run_this__20260310
[2026-03-11T22:13:51.301+0530] {subprocess.py:97} INFO - Command exited with return code 0
[2026-03-11T22:13:51.301+0530] {taskinstance.py:441} INFO - ::group::Post task execution logs
[2026-03-11T22:13:51.320+0530] {taskinstance.py:1206} INFO - Marking task as SUCCESS. dag_id=example_bash_operator, task_id=also_run_this, run_id=scheduled__2026-03-10T00:00:00+00:00, execution_date=20260310T000000, start_date=20260311T164351, end_date=20260311T164351
[2026-03-11T22:13:51.376+0530] {local_task_job_runner.py:243} INFO - Task exited with return code 0
[2026-03-11T22:13:51.397+0530] {taskinstance.py:3503} INFO - 0 downstream tasks scheduled from follow-on schedule check
[2026-03-11T22:13:51.398+0530] {local_task_job_runner.py:222} INFO - ::endgroup::
