[2025-12-26T23:09:39.639+0530] {local_task_job_runner.py:120} INFO - ::group::Pre task execution logs
[2025-12-26T23:09:39.654+0530] {taskinstance.py:2076} INFO - Dependencies all met for dep_context=non-requeueable deps ti=<TaskInstance: example_dynamic_task_mapping.add_one scheduled__2022-11-07T00:00:00+00:00 map_index=0 [queued]>
[2025-12-26T23:09:39.660+0530] {taskinstance.py:2076} INFO - Dependencies all met for dep_context=requeueable deps ti=<TaskInstance: example_dynamic_task_mapping.add_one scheduled__2022-11-07T00:00:00+00:00 map_index=0 [queued]>
[2025-12-26T23:09:39.660+0530] {taskinstance.py:2306} INFO - Starting attempt 1 of 1
[2025-12-26T23:09:39.676+0530] {taskinstance.py:2330} INFO - Executing <Mapped(_PythonDecoratedOperator): add_one> on 2022-11-07 00:00:00+00:00
[2025-12-26T23:09:39.679+0530] {standard_task_runner.py:64} INFO - Started process 11633 to run task
[2025-12-26T23:09:39.682+0530] {standard_task_runner.py:90} INFO - Running: ['airflow', 'tasks', 'run', 'example_dynamic_task_mapping', 'add_one', 'scheduled__2022-11-07T00:00:00+00:00', '--job-id', '1444', '--raw', '--subdir', '/home/sathya/projects/training-kit/.venv-airflow/lib/python3.10/site-packages/airflow/example_dags/example_dynamic_task_mapping.py', '--cfg-path', '/tmp/tmpl6ud0xcc', '--map-index', '0']
[2025-12-26T23:09:39.683+0530] {standard_task_runner.py:91} INFO - Job 1444: Subtask add_one
[2025-12-26T23:09:39.720+0530] {task_command.py:426} INFO - Running <TaskInstance: example_dynamic_task_mapping.add_one scheduled__2022-11-07T00:00:00+00:00 map_index=0 [running]> on host LAPTOP-A1PMOBSE.localdomain
[2025-12-26T23:09:39.789+0530] {taskinstance.py:2648} INFO - Exporting env vars: AIRFLOW_CTX_DAG_OWNER='airflow' AIRFLOW_CTX_DAG_ID='example_dynamic_task_mapping' AIRFLOW_CTX_TASK_ID='add_one' AIRFLOW_CTX_EXECUTION_DATE='2022-11-07T00:00:00+00:00' AIRFLOW_CTX_TRY_NUMBER='1' AIRFLOW_CTX_DAG_RUN_ID='scheduled__2022-11-07T00:00:00+00:00'
[2025-12-26T23:09:39.790+0530] {taskinstance.py:430} INFO - ::endgroup::
[2025-12-26T23:09:39.790+0530] {python.py:237} INFO - Done. Returned value was: 2
[2025-12-26T23:09:39.791+0530] {taskinstance.py:441} INFO - ::group::Post task execution logs
[2025-12-26T23:09:39.808+0530] {taskinstance.py:1206} INFO - Marking task as SUCCESS. dag_id=example_dynamic_task_mapping, task_id=add_one, run_id=scheduled__2022-11-07T00:00:00+00:00, map_index=0, execution_date=20221107T000000, start_date=20251226T173939, end_date=20251226T173939
[2025-12-26T23:09:39.857+0530] {local_task_job_runner.py:243} INFO - Task exited with return code 0
[2025-12-26T23:09:39.880+0530] {taskinstance.py:3503} INFO - 0 downstream tasks scheduled from follow-on schedule check
[2025-12-26T23:09:39.880+0530] {local_task_job_runner.py:222} INFO - ::endgroup::
[2026-03-11T22:37:38.720+0530] {local_task_job_runner.py:120} INFO - ::group::Pre task execution logs
[2026-03-11T22:37:38.737+0530] {taskinstance.py:2076} INFO - Dependencies all met for dep_context=non-requeueable deps ti=<TaskInstance: example_dynamic_task_mapping.add_one scheduled__2022-11-07T00:00:00+00:00 map_index=0 [queued]>
[2026-03-11T22:37:38.741+0530] {taskinstance.py:2076} INFO - Dependencies all met for dep_context=requeueable deps ti=<TaskInstance: example_dynamic_task_mapping.add_one scheduled__2022-11-07T00:00:00+00:00 map_index=0 [queued]>
[2026-03-11T22:37:38.741+0530] {taskinstance.py:2306} INFO - Starting attempt 1 of 1
[2026-03-11T22:37:38.757+0530] {taskinstance.py:2330} INFO - Executing <Mapped(_PythonDecoratedOperator): add_one> on 2022-11-07 00:00:00+00:00
[2026-03-11T22:37:38.761+0530] {standard_task_runner.py:64} INFO - Started process 8840 to run task
[2026-03-11T22:37:38.765+0530] {standard_task_runner.py:90} INFO - Running: ['airflow', 'tasks', 'run', 'example_dynamic_task_mapping', 'add_one', 'scheduled__2022-11-07T00:00:00+00:00', '--job-id', '1901', '--raw', '--subdir', '/home/sathya/projects/training-kit/.venv-airflow/lib/python3.10/site-packages/airflow/example_dags/example_dynamic_task_mapping.py', '--cfg-path', '/tmp/tmpg4q4r_9x', '--map-index', '0']
[2026-03-11T22:37:38.766+0530] {standard_task_runner.py:91} INFO - Job 1901: Subtask add_one
[2026-03-11T22:37:38.797+0530] {task_command.py:426} INFO - Running <TaskInstance: example_dynamic_task_mapping.add_one scheduled__2022-11-07T00:00:00+00:00 map_index=0 [running]> on host LAPTOP-A1PMOBSE.localdomain
[2026-03-11T22:37:38.865+0530] {taskinstance.py:2648} INFO - Exporting env vars: AIRFLOW_CTX_DAG_OWNER='airflow' AIRFLOW_CTX_DAG_ID='example_dynamic_task_mapping' AIRFLOW_CTX_TASK_ID='add_one' AIRFLOW_CTX_EXECUTION_DATE='2022-11-07T00:00:00+00:00' AIRFLOW_CTX_TRY_NUMBER='1' AIRFLOW_CTX_DAG_RUN_ID='scheduled__2022-11-07T00:00:00+00:00'
[2026-03-11T22:37:38.866+0530] {taskinstance.py:430} INFO - ::endgroup::
[2026-03-11T22:37:38.866+0530] {python.py:237} INFO - Done. Returned value was: 2
[2026-03-11T22:37:38.866+0530] {taskinstance.py:441} INFO - ::group::Post task execution logs
[2026-03-11T22:37:38.890+0530] {taskinstance.py:1206} INFO - Marking task as SUCCESS. dag_id=example_dynamic_task_mapping, task_id=add_one, run_id=scheduled__2022-11-07T00:00:00+00:00, map_index=0, execution_date=20221107T000000, start_date=20260311T170738, end_date=20260311T170738
[2026-03-11T22:37:38.909+0530] {local_task_job_runner.py:243} INFO - Task exited with return code 0
[2026-03-11T22:37:38.923+0530] {taskinstance.py:3503} INFO - 0 downstream tasks scheduled from follow-on schedule check
[2026-03-11T22:37:38.923+0530] {local_task_job_runner.py:222} INFO - ::endgroup::
