[2025-12-26T22:33:43.639+0530] {local_task_job_runner.py:120} INFO - ::group::Pre task execution logs
[2025-12-26T22:33:43.657+0530] {taskinstance.py:2076} INFO - Dependencies all met for dep_context=non-requeueable deps ti=<TaskInstance: example_dynamic_task_mapping.add_one scheduled__2022-07-04T00:00:00+00:00 map_index=2 [queued]>
[2025-12-26T22:33:43.662+0530] {taskinstance.py:2076} INFO - Dependencies all met for dep_context=requeueable deps ti=<TaskInstance: example_dynamic_task_mapping.add_one scheduled__2022-07-04T00:00:00+00:00 map_index=2 [queued]>
[2025-12-26T22:33:43.662+0530] {taskinstance.py:2306} INFO - Starting attempt 1 of 1
[2025-12-26T22:33:43.675+0530] {taskinstance.py:2330} INFO - Executing <Mapped(_PythonDecoratedOperator): add_one> on 2022-07-04 00:00:00+00:00
[2025-12-26T22:33:43.677+0530] {standard_task_runner.py:64} INFO - Started process 7547 to run task
[2025-12-26T22:33:43.680+0530] {standard_task_runner.py:90} INFO - Running: ['airflow', 'tasks', 'run', 'example_dynamic_task_mapping', 'add_one', 'scheduled__2022-07-04T00:00:00+00:00', '--job-id', '761', '--raw', '--subdir', '/home/sathya/projects/training-kit/.venv-airflow/lib/python3.10/site-packages/airflow/example_dags/example_dynamic_task_mapping.py', '--cfg-path', '/tmp/tmpn7be7_ty', '--map-index', '2']
[2025-12-26T22:33:43.681+0530] {standard_task_runner.py:91} INFO - Job 761: Subtask add_one
[2025-12-26T22:33:43.730+0530] {task_command.py:426} INFO - Running <TaskInstance: example_dynamic_task_mapping.add_one scheduled__2022-07-04T00:00:00+00:00 map_index=2 [running]> on host LAPTOP-A1PMOBSE.localdomain
[2025-12-26T22:33:43.795+0530] {taskinstance.py:2648} INFO - Exporting env vars: AIRFLOW_CTX_DAG_OWNER='airflow' AIRFLOW_CTX_DAG_ID='example_dynamic_task_mapping' AIRFLOW_CTX_TASK_ID='add_one' AIRFLOW_CTX_EXECUTION_DATE='2022-07-04T00:00:00+00:00' AIRFLOW_CTX_TRY_NUMBER='1' AIRFLOW_CTX_DAG_RUN_ID='scheduled__2022-07-04T00:00:00+00:00'
[2025-12-26T22:33:43.796+0530] {taskinstance.py:430} INFO - ::endgroup::
[2025-12-26T22:33:43.797+0530] {python.py:237} INFO - Done. Returned value was: 4
[2025-12-26T22:33:43.797+0530] {taskinstance.py:441} INFO - ::group::Post task execution logs
[2025-12-26T22:33:43.812+0530] {taskinstance.py:1206} INFO - Marking task as SUCCESS. dag_id=example_dynamic_task_mapping, task_id=add_one, run_id=scheduled__2022-07-04T00:00:00+00:00, map_index=2, execution_date=20220704T000000, start_date=20251226T170343, end_date=20251226T170343
[2025-12-26T22:33:43.861+0530] {local_task_job_runner.py:243} INFO - Task exited with return code 0
[2025-12-26T22:33:43.881+0530] {taskinstance.py:3503} INFO - 1 downstream tasks scheduled from follow-on schedule check
[2025-12-26T22:33:43.889+0530] {local_task_job_runner.py:222} INFO - ::endgroup::
[2026-03-10T23:21:47.046+0530] {local_task_job_runner.py:120} INFO - ::group::Pre task execution logs
[2026-03-10T23:21:47.075+0530] {taskinstance.py:2076} INFO - Dependencies all met for dep_context=non-requeueable deps ti=<TaskInstance: example_dynamic_task_mapping.add_one scheduled__2022-07-04T00:00:00+00:00 map_index=2 [queued]>
[2026-03-10T23:21:47.084+0530] {taskinstance.py:2076} INFO - Dependencies all met for dep_context=requeueable deps ti=<TaskInstance: example_dynamic_task_mapping.add_one scheduled__2022-07-04T00:00:00+00:00 map_index=2 [queued]>
[2026-03-10T23:21:47.084+0530] {taskinstance.py:2306} INFO - Starting attempt 1 of 1
[2026-03-10T23:21:47.116+0530] {taskinstance.py:2330} INFO - Executing <Mapped(_PythonDecoratedOperator): add_one> on 2022-07-04 00:00:00+00:00
[2026-03-10T23:21:47.125+0530] {standard_task_runner.py:64} INFO - Started process 10167 to run task
[2026-03-10T23:21:47.138+0530] {standard_task_runner.py:90} INFO - Running: ['airflow', 'tasks', 'run', 'example_dynamic_task_mapping', 'add_one', 'scheduled__2022-07-04T00:00:00+00:00', '--job-id', '906', '--raw', '--subdir', '/home/sathya/projects/training-kit/.venv-airflow/lib/python3.10/site-packages/airflow/example_dags/example_dynamic_task_mapping.py', '--cfg-path', '/tmp/tmpgul91ghm', '--map-index', '2']
[2026-03-10T23:21:47.143+0530] {standard_task_runner.py:91} INFO - Job 906: Subtask add_one
[2026-03-10T23:21:47.246+0530] {task_command.py:426} INFO - Running <TaskInstance: example_dynamic_task_mapping.add_one scheduled__2022-07-04T00:00:00+00:00 map_index=2 [running]> on host LAPTOP-A1PMOBSE.localdomain
[2026-03-10T23:21:47.369+0530] {taskinstance.py:2648} INFO - Exporting env vars: AIRFLOW_CTX_DAG_OWNER='airflow' AIRFLOW_CTX_DAG_ID='example_dynamic_task_mapping' AIRFLOW_CTX_TASK_ID='add_one' AIRFLOW_CTX_EXECUTION_DATE='2022-07-04T00:00:00+00:00' AIRFLOW_CTX_TRY_NUMBER='1' AIRFLOW_CTX_DAG_RUN_ID='scheduled__2022-07-04T00:00:00+00:00'
[2026-03-10T23:21:47.370+0530] {taskinstance.py:430} INFO - ::endgroup::
[2026-03-10T23:21:47.371+0530] {python.py:237} INFO - Done. Returned value was: 4
[2026-03-10T23:21:47.371+0530] {taskinstance.py:441} INFO - ::group::Post task execution logs
[2026-03-10T23:21:47.404+0530] {taskinstance.py:1206} INFO - Marking task as SUCCESS. dag_id=example_dynamic_task_mapping, task_id=add_one, run_id=scheduled__2022-07-04T00:00:00+00:00, map_index=2, execution_date=20220704T000000, start_date=20260310T175147, end_date=20260310T175147
[2026-03-10T23:21:47.483+0530] {local_task_job_runner.py:243} INFO - Task exited with return code 0
[2026-03-10T23:21:47.519+0530] {taskinstance.py:3503} INFO - 1 downstream tasks scheduled from follow-on schedule check
[2026-03-10T23:21:47.542+0530] {local_task_job_runner.py:222} INFO - ::endgroup::
