[2025-12-26T22:25:20.608+0530] {local_task_job_runner.py:120} INFO - ::group::Pre task execution logs
[2025-12-26T22:25:20.624+0530] {taskinstance.py:2076} INFO - Dependencies all met for dep_context=non-requeueable deps ti=<TaskInstance: example_dynamic_task_mapping.add_one scheduled__2022-05-30T00:00:00+00:00 map_index=1 [queued]>
[2025-12-26T22:25:20.629+0530] {taskinstance.py:2076} INFO - Dependencies all met for dep_context=requeueable deps ti=<TaskInstance: example_dynamic_task_mapping.add_one scheduled__2022-05-30T00:00:00+00:00 map_index=1 [queued]>
[2025-12-26T22:25:20.629+0530] {taskinstance.py:2306} INFO - Starting attempt 1 of 1
[2025-12-26T22:25:20.644+0530] {taskinstance.py:2330} INFO - Executing <Mapped(_PythonDecoratedOperator): add_one> on 2022-05-30 00:00:00+00:00
[2025-12-26T22:25:20.647+0530] {standard_task_runner.py:64} INFO - Started process 6494 to run task
[2025-12-26T22:25:20.651+0530] {standard_task_runner.py:90} INFO - Running: ['airflow', 'tasks', 'run', 'example_dynamic_task_mapping', 'add_one', 'scheduled__2022-05-30T00:00:00+00:00', '--job-id', '580', '--raw', '--subdir', '/home/sathya/projects/training-kit/.venv-airflow/lib/python3.10/site-packages/airflow/example_dags/example_dynamic_task_mapping.py', '--cfg-path', '/tmp/tmpzylah0ys', '--map-index', '1']
[2025-12-26T22:25:20.651+0530] {standard_task_runner.py:91} INFO - Job 580: Subtask add_one
[2025-12-26T22:25:20.687+0530] {task_command.py:426} INFO - Running <TaskInstance: example_dynamic_task_mapping.add_one scheduled__2022-05-30T00:00:00+00:00 map_index=1 [running]> on host LAPTOP-A1PMOBSE.localdomain
[2025-12-26T22:25:20.745+0530] {taskinstance.py:2648} INFO - Exporting env vars: AIRFLOW_CTX_DAG_OWNER='airflow' AIRFLOW_CTX_DAG_ID='example_dynamic_task_mapping' AIRFLOW_CTX_TASK_ID='add_one' AIRFLOW_CTX_EXECUTION_DATE='2022-05-30T00:00:00+00:00' AIRFLOW_CTX_TRY_NUMBER='1' AIRFLOW_CTX_DAG_RUN_ID='scheduled__2022-05-30T00:00:00+00:00'
[2025-12-26T22:25:20.746+0530] {taskinstance.py:430} INFO - ::endgroup::
[2025-12-26T22:25:20.746+0530] {python.py:237} INFO - Done. Returned value was: 3
[2025-12-26T22:25:20.746+0530] {taskinstance.py:441} INFO - ::group::Post task execution logs
[2025-12-26T22:25:20.762+0530] {taskinstance.py:1206} INFO - Marking task as SUCCESS. dag_id=example_dynamic_task_mapping, task_id=add_one, run_id=scheduled__2022-05-30T00:00:00+00:00, map_index=1, execution_date=20220530T000000, start_date=20251226T165520, end_date=20251226T165520
[2025-12-26T22:25:20.787+0530] {local_task_job_runner.py:243} INFO - Task exited with return code 0
[2025-12-26T22:25:20.801+0530] {taskinstance.py:3503} INFO - 0 downstream tasks scheduled from follow-on schedule check
[2025-12-26T22:25:20.802+0530] {local_task_job_runner.py:222} INFO - ::endgroup::
[2026-03-10T23:14:05.530+0530] {local_task_job_runner.py:120} INFO - ::group::Pre task execution logs
[2026-03-10T23:14:05.561+0530] {taskinstance.py:2076} INFO - Dependencies all met for dep_context=non-requeueable deps ti=<TaskInstance: example_dynamic_task_mapping.add_one scheduled__2022-05-30T00:00:00+00:00 map_index=1 [queued]>
[2026-03-10T23:14:05.570+0530] {taskinstance.py:2076} INFO - Dependencies all met for dep_context=requeueable deps ti=<TaskInstance: example_dynamic_task_mapping.add_one scheduled__2022-05-30T00:00:00+00:00 map_index=1 [queued]>
[2026-03-10T23:14:05.570+0530] {taskinstance.py:2306} INFO - Starting attempt 1 of 1
[2026-03-10T23:14:05.595+0530] {taskinstance.py:2330} INFO - Executing <Mapped(_PythonDecoratedOperator): add_one> on 2022-05-30 00:00:00+00:00
[2026-03-10T23:14:05.608+0530] {standard_task_runner.py:64} INFO - Started process 8192 to run task
[2026-03-10T23:14:05.613+0530] {standard_task_runner.py:90} INFO - Running: ['airflow', 'tasks', 'run', 'example_dynamic_task_mapping', 'add_one', 'scheduled__2022-05-30T00:00:00+00:00', '--job-id', '710', '--raw', '--subdir', '/home/sathya/projects/training-kit/.venv-airflow/lib/python3.10/site-packages/airflow/example_dags/example_dynamic_task_mapping.py', '--cfg-path', '/tmp/tmpti9w5wjm', '--map-index', '1']
[2026-03-10T23:14:05.615+0530] {standard_task_runner.py:91} INFO - Job 710: Subtask add_one
[2026-03-10T23:14:05.708+0530] {task_command.py:426} INFO - Running <TaskInstance: example_dynamic_task_mapping.add_one scheduled__2022-05-30T00:00:00+00:00 map_index=1 [running]> on host LAPTOP-A1PMOBSE.localdomain
[2026-03-10T23:14:05.810+0530] {taskinstance.py:2648} INFO - Exporting env vars: AIRFLOW_CTX_DAG_OWNER='airflow' AIRFLOW_CTX_DAG_ID='example_dynamic_task_mapping' AIRFLOW_CTX_TASK_ID='add_one' AIRFLOW_CTX_EXECUTION_DATE='2022-05-30T00:00:00+00:00' AIRFLOW_CTX_TRY_NUMBER='1' AIRFLOW_CTX_DAG_RUN_ID='scheduled__2022-05-30T00:00:00+00:00'
[2026-03-10T23:14:05.812+0530] {taskinstance.py:430} INFO - ::endgroup::
[2026-03-10T23:14:05.812+0530] {python.py:237} INFO - Done. Returned value was: 3
[2026-03-10T23:14:05.812+0530] {taskinstance.py:441} INFO - ::group::Post task execution logs
[2026-03-10T23:14:05.837+0530] {taskinstance.py:1206} INFO - Marking task as SUCCESS. dag_id=example_dynamic_task_mapping, task_id=add_one, run_id=scheduled__2022-05-30T00:00:00+00:00, map_index=1, execution_date=20220530T000000, start_date=20260310T174405, end_date=20260310T174405
[2026-03-10T23:14:05.922+0530] {local_task_job_runner.py:243} INFO - Task exited with return code 0
[2026-03-10T23:14:05.956+0530] {taskinstance.py:3503} INFO - 0 downstream tasks scheduled from follow-on schedule check
[2026-03-10T23:14:05.957+0530] {local_task_job_runner.py:222} INFO - ::endgroup::
