[2025-12-27T19:30:10.340+0530] {local_task_job_runner.py:120} INFO - ::group::Pre task execution logs
[2025-12-27T19:30:10.368+0530] {taskinstance.py:2076} INFO - Dependencies all met for dep_context=non-requeueable deps ti=<TaskInstance: example_dynamic_task_mapping.add_one scheduled__2022-12-02T00:00:00+00:00 map_index=2 [queued]>
[2025-12-27T19:30:10.375+0530] {taskinstance.py:2076} INFO - Dependencies all met for dep_context=requeueable deps ti=<TaskInstance: example_dynamic_task_mapping.add_one scheduled__2022-12-02T00:00:00+00:00 map_index=2 [queued]>
[2025-12-27T19:30:10.375+0530] {taskinstance.py:2306} INFO - Starting attempt 1 of 1
[2025-12-27T19:30:10.394+0530] {taskinstance.py:2330} INFO - Executing <Mapped(_PythonDecoratedOperator): add_one> on 2022-12-02 00:00:00+00:00
[2025-12-27T19:30:10.397+0530] {standard_task_runner.py:64} INFO - Started process 1254 to run task
[2025-12-27T19:30:10.401+0530] {standard_task_runner.py:90} INFO - Running: ['airflow', 'tasks', 'run', 'example_dynamic_task_mapping', 'add_one', 'scheduled__2022-12-02T00:00:00+00:00', '--job-id', '1733', '--raw', '--subdir', '/home/sathya/projects/training-kit/.venv-airflow/lib/python3.10/site-packages/airflow/example_dags/example_dynamic_task_mapping.py', '--cfg-path', '/tmp/tmpxx2h7wkv', '--map-index', '2']
[2025-12-27T19:30:10.402+0530] {standard_task_runner.py:91} INFO - Job 1733: Subtask add_one
[2025-12-27T19:30:10.460+0530] {task_command.py:426} INFO - Running <TaskInstance: example_dynamic_task_mapping.add_one scheduled__2022-12-02T00:00:00+00:00 map_index=2 [running]> on host LAPTOP-A1PMOBSE.localdomain
[2025-12-27T19:30:10.547+0530] {taskinstance.py:2648} INFO - Exporting env vars: AIRFLOW_CTX_DAG_OWNER='airflow' AIRFLOW_CTX_DAG_ID='example_dynamic_task_mapping' AIRFLOW_CTX_TASK_ID='add_one' AIRFLOW_CTX_EXECUTION_DATE='2022-12-02T00:00:00+00:00' AIRFLOW_CTX_TRY_NUMBER='1' AIRFLOW_CTX_DAG_RUN_ID='scheduled__2022-12-02T00:00:00+00:00'
[2025-12-27T19:30:10.549+0530] {taskinstance.py:430} INFO - ::endgroup::
[2025-12-27T19:30:10.549+0530] {python.py:237} INFO - Done. Returned value was: 4
[2025-12-27T19:30:10.550+0530] {taskinstance.py:441} INFO - ::group::Post task execution logs
[2025-12-27T19:30:10.575+0530] {taskinstance.py:1206} INFO - Marking task as SUCCESS. dag_id=example_dynamic_task_mapping, task_id=add_one, run_id=scheduled__2022-12-02T00:00:00+00:00, map_index=2, execution_date=20221202T000000, start_date=20251227T140010, end_date=20251227T140010
[2025-12-27T19:30:10.614+0530] {local_task_job_runner.py:243} INFO - Task exited with return code 0
[2025-12-27T19:30:10.641+0530] {taskinstance.py:3503} INFO - 1 downstream tasks scheduled from follow-on schedule check
[2025-12-27T19:30:10.653+0530] {local_task_job_runner.py:222} INFO - ::endgroup::
[2026-03-11T22:46:02.339+0530] {local_task_job_runner.py:120} INFO - ::group::Pre task execution logs
[2026-03-11T22:46:02.355+0530] {taskinstance.py:2076} INFO - Dependencies all met for dep_context=non-requeueable deps ti=<TaskInstance: example_dynamic_task_mapping.add_one scheduled__2022-12-02T00:00:00+00:00 map_index=2 [queued]>
[2026-03-11T22:46:02.359+0530] {taskinstance.py:2076} INFO - Dependencies all met for dep_context=requeueable deps ti=<TaskInstance: example_dynamic_task_mapping.add_one scheduled__2022-12-02T00:00:00+00:00 map_index=2 [queued]>
[2026-03-11T22:46:02.360+0530] {taskinstance.py:2306} INFO - Starting attempt 1 of 1
[2026-03-11T22:46:02.377+0530] {taskinstance.py:2330} INFO - Executing <Mapped(_PythonDecoratedOperator): add_one> on 2022-12-02 00:00:00+00:00
[2026-03-11T22:46:02.381+0530] {standard_task_runner.py:64} INFO - Started process 10271 to run task
[2026-03-11T22:46:02.384+0530] {standard_task_runner.py:90} INFO - Running: ['airflow', 'tasks', 'run', 'example_dynamic_task_mapping', 'add_one', 'scheduled__2022-12-02T00:00:00+00:00', '--job-id', '2044', '--raw', '--subdir', '/home/sathya/projects/training-kit/.venv-airflow/lib/python3.10/site-packages/airflow/example_dags/example_dynamic_task_mapping.py', '--cfg-path', '/tmp/tmpdkw101m3', '--map-index', '2']
[2026-03-11T22:46:02.386+0530] {standard_task_runner.py:91} INFO - Job 2044: Subtask add_one
[2026-03-11T22:46:02.417+0530] {task_command.py:426} INFO - Running <TaskInstance: example_dynamic_task_mapping.add_one scheduled__2022-12-02T00:00:00+00:00 map_index=2 [running]> on host LAPTOP-A1PMOBSE.localdomain
[2026-03-11T22:46:02.481+0530] {taskinstance.py:2648} INFO - Exporting env vars: AIRFLOW_CTX_DAG_OWNER='airflow' AIRFLOW_CTX_DAG_ID='example_dynamic_task_mapping' AIRFLOW_CTX_TASK_ID='add_one' AIRFLOW_CTX_EXECUTION_DATE='2022-12-02T00:00:00+00:00' AIRFLOW_CTX_TRY_NUMBER='1' AIRFLOW_CTX_DAG_RUN_ID='scheduled__2022-12-02T00:00:00+00:00'
[2026-03-11T22:46:02.482+0530] {taskinstance.py:430} INFO - ::endgroup::
[2026-03-11T22:46:02.483+0530] {python.py:237} INFO - Done. Returned value was: 4
[2026-03-11T22:46:02.483+0530] {taskinstance.py:441} INFO - ::group::Post task execution logs
[2026-03-11T22:46:02.499+0530] {taskinstance.py:1206} INFO - Marking task as SUCCESS. dag_id=example_dynamic_task_mapping, task_id=add_one, run_id=scheduled__2022-12-02T00:00:00+00:00, map_index=2, execution_date=20221202T000000, start_date=20260311T171602, end_date=20260311T171602
[2026-03-11T22:46:02.528+0530] {local_task_job_runner.py:243} INFO - Task exited with return code 0
[2026-03-11T22:46:02.549+0530] {taskinstance.py:3503} INFO - 1 downstream tasks scheduled from follow-on schedule check
[2026-03-11T22:46:02.559+0530] {local_task_job_runner.py:222} INFO - ::endgroup::
