[2025-12-27T19:41:31.939+0530] {local_task_job_runner.py:120} INFO - ::group::Pre task execution logs
[2025-12-27T19:41:31.963+0530] {taskinstance.py:2076} INFO - Dependencies all met for dep_context=non-requeueable deps ti=<TaskInstance: example_dynamic_task_mapping.add_one scheduled__2022-12-26T00:00:00+00:00 map_index=0 [queued]>
[2025-12-27T19:41:31.969+0530] {taskinstance.py:2076} INFO - Dependencies all met for dep_context=requeueable deps ti=<TaskInstance: example_dynamic_task_mapping.add_one scheduled__2022-12-26T00:00:00+00:00 map_index=0 [queued]>
[2025-12-27T19:41:31.969+0530] {taskinstance.py:2306} INFO - Starting attempt 1 of 1
[2025-12-27T19:41:31.988+0530] {taskinstance.py:2330} INFO - Executing <Mapped(_PythonDecoratedOperator): add_one> on 2022-12-26 00:00:00+00:00
[2025-12-27T19:41:31.992+0530] {standard_task_runner.py:64} INFO - Started process 1670 to run task
[2025-12-27T19:41:31.997+0530] {standard_task_runner.py:90} INFO - Running: ['airflow', 'tasks', 'run', 'example_dynamic_task_mapping', 'add_one', 'scheduled__2022-12-26T00:00:00+00:00', '--job-id', '1885', '--raw', '--subdir', '/home/sathya/projects/training-kit/.venv-airflow/lib/python3.10/site-packages/airflow/example_dags/example_dynamic_task_mapping.py', '--cfg-path', '/tmp/tmp_m8n2ro5', '--map-index', '0']
[2025-12-27T19:41:31.998+0530] {standard_task_runner.py:91} INFO - Job 1885: Subtask add_one
[2025-12-27T19:41:32.040+0530] {task_command.py:426} INFO - Running <TaskInstance: example_dynamic_task_mapping.add_one scheduled__2022-12-26T00:00:00+00:00 map_index=0 [running]> on host LAPTOP-A1PMOBSE.localdomain
[2025-12-27T19:41:32.133+0530] {taskinstance.py:2648} INFO - Exporting env vars: AIRFLOW_CTX_DAG_OWNER='airflow' AIRFLOW_CTX_DAG_ID='example_dynamic_task_mapping' AIRFLOW_CTX_TASK_ID='add_one' AIRFLOW_CTX_EXECUTION_DATE='2022-12-26T00:00:00+00:00' AIRFLOW_CTX_TRY_NUMBER='1' AIRFLOW_CTX_DAG_RUN_ID='scheduled__2022-12-26T00:00:00+00:00'
[2025-12-27T19:41:32.134+0530] {taskinstance.py:430} INFO - ::endgroup::
[2025-12-27T19:41:32.134+0530] {python.py:237} INFO - Done. Returned value was: 2
[2025-12-27T19:41:32.134+0530] {taskinstance.py:441} INFO - ::group::Post task execution logs
[2025-12-27T19:41:32.152+0530] {taskinstance.py:1206} INFO - Marking task as SUCCESS. dag_id=example_dynamic_task_mapping, task_id=add_one, run_id=scheduled__2022-12-26T00:00:00+00:00, map_index=0, execution_date=20221226T000000, start_date=20251227T141131, end_date=20251227T141132
[2025-12-27T19:41:32.171+0530] {local_task_job_runner.py:243} INFO - Task exited with return code 0
[2025-12-27T19:41:32.190+0530] {taskinstance.py:3503} INFO - 0 downstream tasks scheduled from follow-on schedule check
[2025-12-27T19:41:32.191+0530] {local_task_job_runner.py:222} INFO - ::endgroup::
[2026-03-11T22:54:03.631+0530] {local_task_job_runner.py:120} INFO - ::group::Pre task execution logs
[2026-03-11T22:54:03.647+0530] {taskinstance.py:2076} INFO - Dependencies all met for dep_context=non-requeueable deps ti=<TaskInstance: example_dynamic_task_mapping.add_one scheduled__2022-12-26T00:00:00+00:00 map_index=0 [queued]>
[2026-03-11T22:54:03.651+0530] {taskinstance.py:2076} INFO - Dependencies all met for dep_context=requeueable deps ti=<TaskInstance: example_dynamic_task_mapping.add_one scheduled__2022-12-26T00:00:00+00:00 map_index=0 [queued]>
[2026-03-11T22:54:03.651+0530] {taskinstance.py:2306} INFO - Starting attempt 1 of 1
[2026-03-11T22:54:03.669+0530] {taskinstance.py:2330} INFO - Executing <Mapped(_PythonDecoratedOperator): add_one> on 2022-12-26 00:00:00+00:00
[2026-03-11T22:54:03.673+0530] {standard_task_runner.py:64} INFO - Started process 11636 to run task
[2026-03-11T22:54:03.676+0530] {standard_task_runner.py:90} INFO - Running: ['airflow', 'tasks', 'run', 'example_dynamic_task_mapping', 'add_one', 'scheduled__2022-12-26T00:00:00+00:00', '--job-id', '2179', '--raw', '--subdir', '/home/sathya/projects/training-kit/.venv-airflow/lib/python3.10/site-packages/airflow/example_dags/example_dynamic_task_mapping.py', '--cfg-path', '/tmp/tmp6piegfl5', '--map-index', '0']
[2026-03-11T22:54:03.678+0530] {standard_task_runner.py:91} INFO - Job 2179: Subtask add_one
[2026-03-11T22:54:03.711+0530] {task_command.py:426} INFO - Running <TaskInstance: example_dynamic_task_mapping.add_one scheduled__2022-12-26T00:00:00+00:00 map_index=0 [running]> on host LAPTOP-A1PMOBSE.localdomain
[2026-03-11T22:54:03.784+0530] {taskinstance.py:2648} INFO - Exporting env vars: AIRFLOW_CTX_DAG_OWNER='airflow' AIRFLOW_CTX_DAG_ID='example_dynamic_task_mapping' AIRFLOW_CTX_TASK_ID='add_one' AIRFLOW_CTX_EXECUTION_DATE='2022-12-26T00:00:00+00:00' AIRFLOW_CTX_TRY_NUMBER='1' AIRFLOW_CTX_DAG_RUN_ID='scheduled__2022-12-26T00:00:00+00:00'
[2026-03-11T22:54:03.786+0530] {taskinstance.py:430} INFO - ::endgroup::
[2026-03-11T22:54:03.786+0530] {python.py:237} INFO - Done. Returned value was: 2
[2026-03-11T22:54:03.786+0530] {taskinstance.py:441} INFO - ::group::Post task execution logs
[2026-03-11T22:54:03.801+0530] {taskinstance.py:1206} INFO - Marking task as SUCCESS. dag_id=example_dynamic_task_mapping, task_id=add_one, run_id=scheduled__2022-12-26T00:00:00+00:00, map_index=0, execution_date=20221226T000000, start_date=20260311T172403, end_date=20260311T172403
[2026-03-11T22:54:03.859+0530] {local_task_job_runner.py:243} INFO - Task exited with return code 0
[2026-03-11T22:54:03.882+0530] {taskinstance.py:3503} INFO - 0 downstream tasks scheduled from follow-on schedule check
[2026-03-11T22:54:03.882+0530] {local_task_job_runner.py:222} INFO - ::endgroup::
