[2025-12-26T22:29:58.947+0530] {local_task_job_runner.py:120} INFO - ::group::Pre task execution logs
[2025-12-26T22:29:58.963+0530] {taskinstance.py:2076} INFO - Dependencies all met for dep_context=non-requeueable deps ti=<TaskInstance: example_dynamic_task_mapping.add_one scheduled__2022-06-21T00:00:00+00:00 map_index=0 [queued]>
[2025-12-26T22:29:58.967+0530] {taskinstance.py:2076} INFO - Dependencies all met for dep_context=requeueable deps ti=<TaskInstance: example_dynamic_task_mapping.add_one scheduled__2022-06-21T00:00:00+00:00 map_index=0 [queued]>
[2025-12-26T22:29:58.967+0530] {taskinstance.py:2306} INFO - Starting attempt 1 of 1
[2025-12-26T22:29:58.984+0530] {taskinstance.py:2330} INFO - Executing <Mapped(_PythonDecoratedOperator): add_one> on 2022-06-21 00:00:00+00:00
[2025-12-26T22:29:58.986+0530] {standard_task_runner.py:64} INFO - Started process 7085 to run task
[2025-12-26T22:29:58.990+0530] {standard_task_runner.py:90} INFO - Running: ['airflow', 'tasks', 'run', 'example_dynamic_task_mapping', 'add_one', 'scheduled__2022-06-21T00:00:00+00:00', '--job-id', '687', '--raw', '--subdir', '/home/sathya/projects/training-kit/.venv-airflow/lib/python3.10/site-packages/airflow/example_dags/example_dynamic_task_mapping.py', '--cfg-path', '/tmp/tmpm33d5y6r', '--map-index', '0']
[2025-12-26T22:29:58.990+0530] {standard_task_runner.py:91} INFO - Job 687: Subtask add_one
[2025-12-26T22:29:59.019+0530] {task_command.py:426} INFO - Running <TaskInstance: example_dynamic_task_mapping.add_one scheduled__2022-06-21T00:00:00+00:00 map_index=0 [running]> on host LAPTOP-A1PMOBSE.localdomain
[2025-12-26T22:29:59.081+0530] {taskinstance.py:2648} INFO - Exporting env vars: AIRFLOW_CTX_DAG_OWNER='airflow' AIRFLOW_CTX_DAG_ID='example_dynamic_task_mapping' AIRFLOW_CTX_TASK_ID='add_one' AIRFLOW_CTX_EXECUTION_DATE='2022-06-21T00:00:00+00:00' AIRFLOW_CTX_TRY_NUMBER='1' AIRFLOW_CTX_DAG_RUN_ID='scheduled__2022-06-21T00:00:00+00:00'
[2025-12-26T22:29:59.082+0530] {taskinstance.py:430} INFO - ::endgroup::
[2025-12-26T22:29:59.083+0530] {python.py:237} INFO - Done. Returned value was: 2
[2025-12-26T22:29:59.083+0530] {taskinstance.py:441} INFO - ::group::Post task execution logs
[2025-12-26T22:29:59.096+0530] {taskinstance.py:1206} INFO - Marking task as SUCCESS. dag_id=example_dynamic_task_mapping, task_id=add_one, run_id=scheduled__2022-06-21T00:00:00+00:00, map_index=0, execution_date=20220621T000000, start_date=20251226T165958, end_date=20251226T165959
[2025-12-26T22:29:59.121+0530] {local_task_job_runner.py:243} INFO - Task exited with return code 0
[2025-12-26T22:29:59.136+0530] {taskinstance.py:3503} INFO - 0 downstream tasks scheduled from follow-on schedule check
[2025-12-26T22:29:59.137+0530] {local_task_job_runner.py:222} INFO - ::endgroup::
[2026-03-10T23:18:26.365+0530] {local_task_job_runner.py:120} INFO - ::group::Pre task execution logs
[2026-03-10T23:18:26.393+0530] {taskinstance.py:2076} INFO - Dependencies all met for dep_context=non-requeueable deps ti=<TaskInstance: example_dynamic_task_mapping.add_one scheduled__2022-06-21T00:00:00+00:00 map_index=0 [queued]>
[2026-03-10T23:18:26.399+0530] {taskinstance.py:2076} INFO - Dependencies all met for dep_context=requeueable deps ti=<TaskInstance: example_dynamic_task_mapping.add_one scheduled__2022-06-21T00:00:00+00:00 map_index=0 [queued]>
[2026-03-10T23:18:26.400+0530] {taskinstance.py:2306} INFO - Starting attempt 1 of 1
[2026-03-10T23:18:26.422+0530] {taskinstance.py:2330} INFO - Executing <Mapped(_PythonDecoratedOperator): add_one> on 2022-06-21 00:00:00+00:00
[2026-03-10T23:18:26.430+0530] {standard_task_runner.py:64} INFO - Started process 9257 to run task
[2026-03-10T23:18:26.435+0530] {standard_task_runner.py:90} INFO - Running: ['airflow', 'tasks', 'run', 'example_dynamic_task_mapping', 'add_one', 'scheduled__2022-06-21T00:00:00+00:00', '--job-id', '817', '--raw', '--subdir', '/home/sathya/projects/training-kit/.venv-airflow/lib/python3.10/site-packages/airflow/example_dags/example_dynamic_task_mapping.py', '--cfg-path', '/tmp/tmpu_54xphj', '--map-index', '0']
[2026-03-10T23:18:26.438+0530] {standard_task_runner.py:91} INFO - Job 817: Subtask add_one
[2026-03-10T23:18:26.504+0530] {task_command.py:426} INFO - Running <TaskInstance: example_dynamic_task_mapping.add_one scheduled__2022-06-21T00:00:00+00:00 map_index=0 [running]> on host LAPTOP-A1PMOBSE.localdomain
[2026-03-10T23:18:26.609+0530] {taskinstance.py:2648} INFO - Exporting env vars: AIRFLOW_CTX_DAG_OWNER='airflow' AIRFLOW_CTX_DAG_ID='example_dynamic_task_mapping' AIRFLOW_CTX_TASK_ID='add_one' AIRFLOW_CTX_EXECUTION_DATE='2022-06-21T00:00:00+00:00' AIRFLOW_CTX_TRY_NUMBER='1' AIRFLOW_CTX_DAG_RUN_ID='scheduled__2022-06-21T00:00:00+00:00'
[2026-03-10T23:18:26.610+0530] {taskinstance.py:430} INFO - ::endgroup::
[2026-03-10T23:18:26.611+0530] {python.py:237} INFO - Done. Returned value was: 2
[2026-03-10T23:18:26.611+0530] {taskinstance.py:441} INFO - ::group::Post task execution logs
[2026-03-10T23:18:26.636+0530] {taskinstance.py:1206} INFO - Marking task as SUCCESS. dag_id=example_dynamic_task_mapping, task_id=add_one, run_id=scheduled__2022-06-21T00:00:00+00:00, map_index=0, execution_date=20220621T000000, start_date=20260310T174826, end_date=20260310T174826
[2026-03-10T23:18:26.703+0530] {local_task_job_runner.py:243} INFO - Task exited with return code 0
[2026-03-10T23:18:26.729+0530] {taskinstance.py:3503} INFO - 0 downstream tasks scheduled from follow-on schedule check
[2026-03-10T23:18:26.729+0530] {local_task_job_runner.py:222} INFO - ::endgroup::
