[2025-12-25T23:32:39.520+0530] {processor.py:161} INFO - Started process (PID=2932) to work on /home/sathya/projects/training-kit/.venv-airflow/lib/python3.10/site-packages/airflow/example_dags/subdags/subdag.py
[2025-12-25T23:32:39.521+0530] {processor.py:830} INFO - Processing file /home/sathya/projects/training-kit/.venv-airflow/lib/python3.10/site-packages/airflow/example_dags/subdags/subdag.py for tasks to queue
[2025-12-25T23:32:39.523+0530] {logging_mixin.py:188} INFO - [2025-12-25T23:32:39.523+0530] {dagbag.py:545} INFO - Filling up the DagBag from /home/sathya/projects/training-kit/.venv-airflow/lib/python3.10/site-packages/airflow/example_dags/subdags/subdag.py
[2025-12-25T23:32:39.526+0530] {processor.py:842} WARNING - No viable dags retrieved from /home/sathya/projects/training-kit/.venv-airflow/lib/python3.10/site-packages/airflow/example_dags/subdags/subdag.py
[2025-12-25T23:32:39.538+0530] {processor.py:183} INFO - Processing /home/sathya/projects/training-kit/.venv-airflow/lib/python3.10/site-packages/airflow/example_dags/subdags/subdag.py took 0.027 seconds
[2025-12-25T23:33:40.985+0530] {processor.py:161} INFO - Started process (PID=2995) to work on /home/sathya/projects/training-kit/.venv-airflow/lib/python3.10/site-packages/airflow/example_dags/subdags/subdag.py
[2025-12-25T23:33:40.992+0530] {processor.py:830} INFO - Processing file /home/sathya/projects/training-kit/.venv-airflow/lib/python3.10/site-packages/airflow/example_dags/subdags/subdag.py for tasks to queue
[2025-12-25T23:33:40.994+0530] {logging_mixin.py:188} INFO - [2025-12-25T23:33:40.994+0530] {dagbag.py:545} INFO - Filling up the DagBag from /home/sathya/projects/training-kit/.venv-airflow/lib/python3.10/site-packages/airflow/example_dags/subdags/subdag.py
[2025-12-25T23:33:40.997+0530] {processor.py:842} WARNING - No viable dags retrieved from /home/sathya/projects/training-kit/.venv-airflow/lib/python3.10/site-packages/airflow/example_dags/subdags/subdag.py
[2025-12-25T23:33:41.014+0530] {processor.py:183} INFO - Processing /home/sathya/projects/training-kit/.venv-airflow/lib/python3.10/site-packages/airflow/example_dags/subdags/subdag.py took 0.036 seconds
[2025-12-25T23:34:33.647+0530] {processor.py:161} INFO - Started process (PID=3052) to work on /home/sathya/projects/training-kit/.venv-airflow/lib/python3.10/site-packages/airflow/example_dags/subdags/subdag.py
[2025-12-25T23:34:33.649+0530] {processor.py:830} INFO - Processing file /home/sathya/projects/training-kit/.venv-airflow/lib/python3.10/site-packages/airflow/example_dags/subdags/subdag.py for tasks to queue
[2025-12-25T23:34:33.651+0530] {logging_mixin.py:188} INFO - [2025-12-25T23:34:33.651+0530] {dagbag.py:545} INFO - Filling up the DagBag from /home/sathya/projects/training-kit/.venv-airflow/lib/python3.10/site-packages/airflow/example_dags/subdags/subdag.py
[2025-12-25T23:34:33.654+0530] {processor.py:842} WARNING - No viable dags retrieved from /home/sathya/projects/training-kit/.venv-airflow/lib/python3.10/site-packages/airflow/example_dags/subdags/subdag.py
[2025-12-25T23:34:33.665+0530] {processor.py:183} INFO - Processing /home/sathya/projects/training-kit/.venv-airflow/lib/python3.10/site-packages/airflow/example_dags/subdags/subdag.py took 0.027 seconds
[2025-12-25T23:35:28.949+0530] {processor.py:161} INFO - Started process (PID=3109) to work on /home/sathya/projects/training-kit/.venv-airflow/lib/python3.10/site-packages/airflow/example_dags/subdags/subdag.py
[2025-12-25T23:35:28.955+0530] {processor.py:830} INFO - Processing file /home/sathya/projects/training-kit/.venv-airflow/lib/python3.10/site-packages/airflow/example_dags/subdags/subdag.py for tasks to queue
[2025-12-25T23:35:28.958+0530] {logging_mixin.py:188} INFO - [2025-12-25T23:35:28.957+0530] {dagbag.py:545} INFO - Filling up the DagBag from /home/sathya/projects/training-kit/.venv-airflow/lib/python3.10/site-packages/airflow/example_dags/subdags/subdag.py
[2025-12-25T23:35:28.961+0530] {processor.py:842} WARNING - No viable dags retrieved from /home/sathya/projects/training-kit/.venv-airflow/lib/python3.10/site-packages/airflow/example_dags/subdags/subdag.py
[2025-12-25T23:35:28.973+0530] {processor.py:183} INFO - Processing /home/sathya/projects/training-kit/.venv-airflow/lib/python3.10/site-packages/airflow/example_dags/subdags/subdag.py took 0.036 seconds
[2025-12-25T23:36:12.576+0530] {processor.py:161} INFO - Started process (PID=3159) to work on /home/sathya/projects/training-kit/.venv-airflow/lib/python3.10/site-packages/airflow/example_dags/subdags/subdag.py
[2025-12-25T23:36:12.583+0530] {processor.py:830} INFO - Processing file /home/sathya/projects/training-kit/.venv-airflow/lib/python3.10/site-packages/airflow/example_dags/subdags/subdag.py for tasks to queue
[2025-12-25T23:36:12.586+0530] {logging_mixin.py:188} INFO - [2025-12-25T23:36:12.585+0530] {dagbag.py:545} INFO - Filling up the DagBag from /home/sathya/projects/training-kit/.venv-airflow/lib/python3.10/site-packages/airflow/example_dags/subdags/subdag.py
[2025-12-25T23:36:12.589+0530] {processor.py:842} WARNING - No viable dags retrieved from /home/sathya/projects/training-kit/.venv-airflow/lib/python3.10/site-packages/airflow/example_dags/subdags/subdag.py
[2025-12-25T23:36:12.616+0530] {processor.py:183} INFO - Processing /home/sathya/projects/training-kit/.venv-airflow/lib/python3.10/site-packages/airflow/example_dags/subdags/subdag.py took 0.053 seconds
[2025-12-25T23:36:57.605+0530] {processor.py:161} INFO - Started process (PID=3206) to work on /home/sathya/projects/training-kit/.venv-airflow/lib/python3.10/site-packages/airflow/example_dags/subdags/subdag.py
[2025-12-25T23:36:57.613+0530] {processor.py:830} INFO - Processing file /home/sathya/projects/training-kit/.venv-airflow/lib/python3.10/site-packages/airflow/example_dags/subdags/subdag.py for tasks to queue
[2025-12-25T23:36:57.617+0530] {logging_mixin.py:188} INFO - [2025-12-25T23:36:57.616+0530] {dagbag.py:545} INFO - Filling up the DagBag from /home/sathya/projects/training-kit/.venv-airflow/lib/python3.10/site-packages/airflow/example_dags/subdags/subdag.py
[2025-12-25T23:36:57.621+0530] {processor.py:842} WARNING - No viable dags retrieved from /home/sathya/projects/training-kit/.venv-airflow/lib/python3.10/site-packages/airflow/example_dags/subdags/subdag.py
[2025-12-25T23:36:57.657+0530] {processor.py:183} INFO - Processing /home/sathya/projects/training-kit/.venv-airflow/lib/python3.10/site-packages/airflow/example_dags/subdags/subdag.py took 0.069 seconds
[2025-12-25T23:37:37.398+0530] {processor.py:161} INFO - Started process (PID=3249) to work on /home/sathya/projects/training-kit/.venv-airflow/lib/python3.10/site-packages/airflow/example_dags/subdags/subdag.py
[2025-12-25T23:37:37.401+0530] {processor.py:830} INFO - Processing file /home/sathya/projects/training-kit/.venv-airflow/lib/python3.10/site-packages/airflow/example_dags/subdags/subdag.py for tasks to queue
[2025-12-25T23:37:37.402+0530] {logging_mixin.py:188} INFO - [2025-12-25T23:37:37.402+0530] {dagbag.py:545} INFO - Filling up the DagBag from /home/sathya/projects/training-kit/.venv-airflow/lib/python3.10/site-packages/airflow/example_dags/subdags/subdag.py
[2025-12-25T23:37:37.405+0530] {processor.py:842} WARNING - No viable dags retrieved from /home/sathya/projects/training-kit/.venv-airflow/lib/python3.10/site-packages/airflow/example_dags/subdags/subdag.py
[2025-12-25T23:37:37.418+0530] {processor.py:183} INFO - Processing /home/sathya/projects/training-kit/.venv-airflow/lib/python3.10/site-packages/airflow/example_dags/subdags/subdag.py took 0.034 seconds
[2025-12-25T23:38:19.792+0530] {processor.py:161} INFO - Started process (PID=3296) to work on /home/sathya/projects/training-kit/.venv-airflow/lib/python3.10/site-packages/airflow/example_dags/subdags/subdag.py
[2025-12-25T23:38:19.799+0530] {processor.py:830} INFO - Processing file /home/sathya/projects/training-kit/.venv-airflow/lib/python3.10/site-packages/airflow/example_dags/subdags/subdag.py for tasks to queue
[2025-12-25T23:38:19.804+0530] {logging_mixin.py:188} INFO - [2025-12-25T23:38:19.803+0530] {dagbag.py:545} INFO - Filling up the DagBag from /home/sathya/projects/training-kit/.venv-airflow/lib/python3.10/site-packages/airflow/example_dags/subdags/subdag.py
[2025-12-25T23:38:19.807+0530] {processor.py:842} WARNING - No viable dags retrieved from /home/sathya/projects/training-kit/.venv-airflow/lib/python3.10/site-packages/airflow/example_dags/subdags/subdag.py
[2025-12-25T23:38:19.821+0530] {processor.py:183} INFO - Processing /home/sathya/projects/training-kit/.venv-airflow/lib/python3.10/site-packages/airflow/example_dags/subdags/subdag.py took 0.038 seconds
[2025-12-25T23:39:01.935+0530] {processor.py:161} INFO - Started process (PID=3341) to work on /home/sathya/projects/training-kit/.venv-airflow/lib/python3.10/site-packages/airflow/example_dags/subdags/subdag.py
[2025-12-25T23:39:01.942+0530] {processor.py:830} INFO - Processing file /home/sathya/projects/training-kit/.venv-airflow/lib/python3.10/site-packages/airflow/example_dags/subdags/subdag.py for tasks to queue
[2025-12-25T23:39:01.944+0530] {logging_mixin.py:188} INFO - [2025-12-25T23:39:01.943+0530] {dagbag.py:545} INFO - Filling up the DagBag from /home/sathya/projects/training-kit/.venv-airflow/lib/python3.10/site-packages/airflow/example_dags/subdags/subdag.py
[2025-12-25T23:39:01.946+0530] {processor.py:842} WARNING - No viable dags retrieved from /home/sathya/projects/training-kit/.venv-airflow/lib/python3.10/site-packages/airflow/example_dags/subdags/subdag.py
[2025-12-25T23:39:01.960+0530] {processor.py:183} INFO - Processing /home/sathya/projects/training-kit/.venv-airflow/lib/python3.10/site-packages/airflow/example_dags/subdags/subdag.py took 0.032 seconds
[2025-12-25T23:39:51.759+0530] {processor.py:161} INFO - Started process (PID=3390) to work on /home/sathya/projects/training-kit/.venv-airflow/lib/python3.10/site-packages/airflow/example_dags/subdags/subdag.py
[2025-12-25T23:39:51.769+0530] {processor.py:830} INFO - Processing file /home/sathya/projects/training-kit/.venv-airflow/lib/python3.10/site-packages/airflow/example_dags/subdags/subdag.py for tasks to queue
[2025-12-25T23:39:51.775+0530] {logging_mixin.py:188} INFO - [2025-12-25T23:39:51.774+0530] {dagbag.py:545} INFO - Filling up the DagBag from /home/sathya/projects/training-kit/.venv-airflow/lib/python3.10/site-packages/airflow/example_dags/subdags/subdag.py
[2025-12-25T23:39:51.788+0530] {processor.py:842} WARNING - No viable dags retrieved from /home/sathya/projects/training-kit/.venv-airflow/lib/python3.10/site-packages/airflow/example_dags/subdags/subdag.py
[2025-12-25T23:39:51.823+0530] {processor.py:183} INFO - Processing /home/sathya/projects/training-kit/.venv-airflow/lib/python3.10/site-packages/airflow/example_dags/subdags/subdag.py took 0.089 seconds
[2025-12-25T23:40:37.673+0530] {processor.py:161} INFO - Started process (PID=3437) to work on /home/sathya/projects/training-kit/.venv-airflow/lib/python3.10/site-packages/airflow/example_dags/subdags/subdag.py
[2025-12-25T23:40:37.679+0530] {processor.py:830} INFO - Processing file /home/sathya/projects/training-kit/.venv-airflow/lib/python3.10/site-packages/airflow/example_dags/subdags/subdag.py for tasks to queue
[2025-12-25T23:40:37.681+0530] {logging_mixin.py:188} INFO - [2025-12-25T23:40:37.680+0530] {dagbag.py:545} INFO - Filling up the DagBag from /home/sathya/projects/training-kit/.venv-airflow/lib/python3.10/site-packages/airflow/example_dags/subdags/subdag.py
[2025-12-25T23:40:37.683+0530] {processor.py:842} WARNING - No viable dags retrieved from /home/sathya/projects/training-kit/.venv-airflow/lib/python3.10/site-packages/airflow/example_dags/subdags/subdag.py
[2025-12-25T23:40:37.694+0530] {processor.py:183} INFO - Processing /home/sathya/projects/training-kit/.venv-airflow/lib/python3.10/site-packages/airflow/example_dags/subdags/subdag.py took 0.027 seconds
[2025-12-25T23:41:28.405+0530] {processor.py:161} INFO - Started process (PID=3489) to work on /home/sathya/projects/training-kit/.venv-airflow/lib/python3.10/site-packages/airflow/example_dags/subdags/subdag.py
[2025-12-25T23:41:28.412+0530] {processor.py:830} INFO - Processing file /home/sathya/projects/training-kit/.venv-airflow/lib/python3.10/site-packages/airflow/example_dags/subdags/subdag.py for tasks to queue
[2025-12-25T23:41:28.415+0530] {logging_mixin.py:188} INFO - [2025-12-25T23:41:28.414+0530] {dagbag.py:545} INFO - Filling up the DagBag from /home/sathya/projects/training-kit/.venv-airflow/lib/python3.10/site-packages/airflow/example_dags/subdags/subdag.py
[2025-12-25T23:41:28.418+0530] {processor.py:842} WARNING - No viable dags retrieved from /home/sathya/projects/training-kit/.venv-airflow/lib/python3.10/site-packages/airflow/example_dags/subdags/subdag.py
[2025-12-25T23:41:28.431+0530] {processor.py:183} INFO - Processing /home/sathya/projects/training-kit/.venv-airflow/lib/python3.10/site-packages/airflow/example_dags/subdags/subdag.py took 0.036 seconds
[2025-12-25T23:42:16.338+0530] {processor.py:161} INFO - Started process (PID=3537) to work on /home/sathya/projects/training-kit/.venv-airflow/lib/python3.10/site-packages/airflow/example_dags/subdags/subdag.py
[2025-12-25T23:42:16.344+0530] {processor.py:830} INFO - Processing file /home/sathya/projects/training-kit/.venv-airflow/lib/python3.10/site-packages/airflow/example_dags/subdags/subdag.py for tasks to queue
[2025-12-25T23:42:16.346+0530] {logging_mixin.py:188} INFO - [2025-12-25T23:42:16.345+0530] {dagbag.py:545} INFO - Filling up the DagBag from /home/sathya/projects/training-kit/.venv-airflow/lib/python3.10/site-packages/airflow/example_dags/subdags/subdag.py
[2025-12-25T23:42:16.348+0530] {processor.py:842} WARNING - No viable dags retrieved from /home/sathya/projects/training-kit/.venv-airflow/lib/python3.10/site-packages/airflow/example_dags/subdags/subdag.py
[2025-12-25T23:42:16.360+0530] {processor.py:183} INFO - Processing /home/sathya/projects/training-kit/.venv-airflow/lib/python3.10/site-packages/airflow/example_dags/subdags/subdag.py took 0.030 seconds
[2025-12-25T23:43:03.521+0530] {processor.py:161} INFO - Started process (PID=3586) to work on /home/sathya/projects/training-kit/.venv-airflow/lib/python3.10/site-packages/airflow/example_dags/subdags/subdag.py
[2025-12-25T23:43:03.529+0530] {processor.py:830} INFO - Processing file /home/sathya/projects/training-kit/.venv-airflow/lib/python3.10/site-packages/airflow/example_dags/subdags/subdag.py for tasks to queue
[2025-12-25T23:43:03.532+0530] {logging_mixin.py:188} INFO - [2025-12-25T23:43:03.531+0530] {dagbag.py:545} INFO - Filling up the DagBag from /home/sathya/projects/training-kit/.venv-airflow/lib/python3.10/site-packages/airflow/example_dags/subdags/subdag.py
[2025-12-25T23:43:03.534+0530] {processor.py:842} WARNING - No viable dags retrieved from /home/sathya/projects/training-kit/.venv-airflow/lib/python3.10/site-packages/airflow/example_dags/subdags/subdag.py
[2025-12-25T23:43:03.548+0530] {processor.py:183} INFO - Processing /home/sathya/projects/training-kit/.venv-airflow/lib/python3.10/site-packages/airflow/example_dags/subdags/subdag.py took 0.033 seconds
[2025-12-25T23:43:45.852+0530] {processor.py:161} INFO - Started process (PID=3636) to work on /home/sathya/projects/training-kit/.venv-airflow/lib/python3.10/site-packages/airflow/example_dags/subdags/subdag.py
[2025-12-25T23:43:45.858+0530] {processor.py:830} INFO - Processing file /home/sathya/projects/training-kit/.venv-airflow/lib/python3.10/site-packages/airflow/example_dags/subdags/subdag.py for tasks to queue
[2025-12-25T23:43:45.860+0530] {logging_mixin.py:188} INFO - [2025-12-25T23:43:45.860+0530] {dagbag.py:545} INFO - Filling up the DagBag from /home/sathya/projects/training-kit/.venv-airflow/lib/python3.10/site-packages/airflow/example_dags/subdags/subdag.py
[2025-12-25T23:43:45.864+0530] {processor.py:842} WARNING - No viable dags retrieved from /home/sathya/projects/training-kit/.venv-airflow/lib/python3.10/site-packages/airflow/example_dags/subdags/subdag.py
[2025-12-25T23:43:45.878+0530] {processor.py:183} INFO - Processing /home/sathya/projects/training-kit/.venv-airflow/lib/python3.10/site-packages/airflow/example_dags/subdags/subdag.py took 0.037 seconds
[2025-12-25T23:44:28.376+0530] {processor.py:161} INFO - Started process (PID=3682) to work on /home/sathya/projects/training-kit/.venv-airflow/lib/python3.10/site-packages/airflow/example_dags/subdags/subdag.py
[2025-12-25T23:44:28.383+0530] {processor.py:830} INFO - Processing file /home/sathya/projects/training-kit/.venv-airflow/lib/python3.10/site-packages/airflow/example_dags/subdags/subdag.py for tasks to queue
[2025-12-25T23:44:28.384+0530] {logging_mixin.py:188} INFO - [2025-12-25T23:44:28.384+0530] {dagbag.py:545} INFO - Filling up the DagBag from /home/sathya/projects/training-kit/.venv-airflow/lib/python3.10/site-packages/airflow/example_dags/subdags/subdag.py
[2025-12-25T23:44:28.388+0530] {processor.py:842} WARNING - No viable dags retrieved from /home/sathya/projects/training-kit/.venv-airflow/lib/python3.10/site-packages/airflow/example_dags/subdags/subdag.py
[2025-12-25T23:44:28.400+0530] {processor.py:183} INFO - Processing /home/sathya/projects/training-kit/.venv-airflow/lib/python3.10/site-packages/airflow/example_dags/subdags/subdag.py took 0.031 seconds
[2025-12-25T23:45:09.271+0530] {processor.py:161} INFO - Started process (PID=3728) to work on /home/sathya/projects/training-kit/.venv-airflow/lib/python3.10/site-packages/airflow/example_dags/subdags/subdag.py
[2025-12-25T23:45:09.278+0530] {processor.py:830} INFO - Processing file /home/sathya/projects/training-kit/.venv-airflow/lib/python3.10/site-packages/airflow/example_dags/subdags/subdag.py for tasks to queue
[2025-12-25T23:45:09.281+0530] {logging_mixin.py:188} INFO - [2025-12-25T23:45:09.281+0530] {dagbag.py:545} INFO - Filling up the DagBag from /home/sathya/projects/training-kit/.venv-airflow/lib/python3.10/site-packages/airflow/example_dags/subdags/subdag.py
[2025-12-25T23:45:09.283+0530] {processor.py:842} WARNING - No viable dags retrieved from /home/sathya/projects/training-kit/.venv-airflow/lib/python3.10/site-packages/airflow/example_dags/subdags/subdag.py
[2025-12-25T23:45:09.302+0530] {processor.py:183} INFO - Processing /home/sathya/projects/training-kit/.venv-airflow/lib/python3.10/site-packages/airflow/example_dags/subdags/subdag.py took 0.039 seconds
[2025-12-25T23:45:52.688+0530] {processor.py:161} INFO - Started process (PID=3774) to work on /home/sathya/projects/training-kit/.venv-airflow/lib/python3.10/site-packages/airflow/example_dags/subdags/subdag.py
[2025-12-25T23:45:52.694+0530] {processor.py:830} INFO - Processing file /home/sathya/projects/training-kit/.venv-airflow/lib/python3.10/site-packages/airflow/example_dags/subdags/subdag.py for tasks to queue
[2025-12-25T23:45:52.696+0530] {logging_mixin.py:188} INFO - [2025-12-25T23:45:52.696+0530] {dagbag.py:545} INFO - Filling up the DagBag from /home/sathya/projects/training-kit/.venv-airflow/lib/python3.10/site-packages/airflow/example_dags/subdags/subdag.py
[2025-12-25T23:45:52.699+0530] {processor.py:842} WARNING - No viable dags retrieved from /home/sathya/projects/training-kit/.venv-airflow/lib/python3.10/site-packages/airflow/example_dags/subdags/subdag.py
[2025-12-25T23:45:52.711+0530] {processor.py:183} INFO - Processing /home/sathya/projects/training-kit/.venv-airflow/lib/python3.10/site-packages/airflow/example_dags/subdags/subdag.py took 0.030 seconds
[2025-12-25T23:46:40.829+0530] {processor.py:161} INFO - Started process (PID=3822) to work on /home/sathya/projects/training-kit/.venv-airflow/lib/python3.10/site-packages/airflow/example_dags/subdags/subdag.py
[2025-12-25T23:46:40.835+0530] {processor.py:830} INFO - Processing file /home/sathya/projects/training-kit/.venv-airflow/lib/python3.10/site-packages/airflow/example_dags/subdags/subdag.py for tasks to queue
[2025-12-25T23:46:40.837+0530] {logging_mixin.py:188} INFO - [2025-12-25T23:46:40.836+0530] {dagbag.py:545} INFO - Filling up the DagBag from /home/sathya/projects/training-kit/.venv-airflow/lib/python3.10/site-packages/airflow/example_dags/subdags/subdag.py
[2025-12-25T23:46:40.841+0530] {processor.py:842} WARNING - No viable dags retrieved from /home/sathya/projects/training-kit/.venv-airflow/lib/python3.10/site-packages/airflow/example_dags/subdags/subdag.py
[2025-12-25T23:46:40.854+0530] {processor.py:183} INFO - Processing /home/sathya/projects/training-kit/.venv-airflow/lib/python3.10/site-packages/airflow/example_dags/subdags/subdag.py took 0.036 seconds
[2025-12-25T23:47:26.810+0530] {processor.py:161} INFO - Started process (PID=3871) to work on /home/sathya/projects/training-kit/.venv-airflow/lib/python3.10/site-packages/airflow/example_dags/subdags/subdag.py
[2025-12-25T23:47:26.812+0530] {processor.py:830} INFO - Processing file /home/sathya/projects/training-kit/.venv-airflow/lib/python3.10/site-packages/airflow/example_dags/subdags/subdag.py for tasks to queue
[2025-12-25T23:47:26.815+0530] {logging_mixin.py:188} INFO - [2025-12-25T23:47:26.814+0530] {dagbag.py:545} INFO - Filling up the DagBag from /home/sathya/projects/training-kit/.venv-airflow/lib/python3.10/site-packages/airflow/example_dags/subdags/subdag.py
[2025-12-25T23:47:26.818+0530] {processor.py:842} WARNING - No viable dags retrieved from /home/sathya/projects/training-kit/.venv-airflow/lib/python3.10/site-packages/airflow/example_dags/subdags/subdag.py
[2025-12-25T23:47:26.831+0530] {processor.py:183} INFO - Processing /home/sathya/projects/training-kit/.venv-airflow/lib/python3.10/site-packages/airflow/example_dags/subdags/subdag.py took 0.038 seconds
[2025-12-25T23:48:17.221+0530] {processor.py:161} INFO - Started process (PID=3920) to work on /home/sathya/projects/training-kit/.venv-airflow/lib/python3.10/site-packages/airflow/example_dags/subdags/subdag.py
[2025-12-25T23:48:17.228+0530] {processor.py:830} INFO - Processing file /home/sathya/projects/training-kit/.venv-airflow/lib/python3.10/site-packages/airflow/example_dags/subdags/subdag.py for tasks to queue
[2025-12-25T23:48:17.230+0530] {logging_mixin.py:188} INFO - [2025-12-25T23:48:17.230+0530] {dagbag.py:545} INFO - Filling up the DagBag from /home/sathya/projects/training-kit/.venv-airflow/lib/python3.10/site-packages/airflow/example_dags/subdags/subdag.py
[2025-12-25T23:48:17.234+0530] {processor.py:842} WARNING - No viable dags retrieved from /home/sathya/projects/training-kit/.venv-airflow/lib/python3.10/site-packages/airflow/example_dags/subdags/subdag.py
[2025-12-25T23:48:17.248+0530] {processor.py:183} INFO - Processing /home/sathya/projects/training-kit/.venv-airflow/lib/python3.10/site-packages/airflow/example_dags/subdags/subdag.py took 0.038 seconds
[2025-12-25T23:49:04.940+0530] {processor.py:161} INFO - Started process (PID=3969) to work on /home/sathya/projects/training-kit/.venv-airflow/lib/python3.10/site-packages/airflow/example_dags/subdags/subdag.py
[2025-12-25T23:49:04.949+0530] {processor.py:830} INFO - Processing file /home/sathya/projects/training-kit/.venv-airflow/lib/python3.10/site-packages/airflow/example_dags/subdags/subdag.py for tasks to queue
[2025-12-25T23:49:04.953+0530] {logging_mixin.py:188} INFO - [2025-12-25T23:49:04.952+0530] {dagbag.py:545} INFO - Filling up the DagBag from /home/sathya/projects/training-kit/.venv-airflow/lib/python3.10/site-packages/airflow/example_dags/subdags/subdag.py
[2025-12-25T23:49:04.956+0530] {processor.py:842} WARNING - No viable dags retrieved from /home/sathya/projects/training-kit/.venv-airflow/lib/python3.10/site-packages/airflow/example_dags/subdags/subdag.py
[2025-12-25T23:49:04.974+0530] {processor.py:183} INFO - Processing /home/sathya/projects/training-kit/.venv-airflow/lib/python3.10/site-packages/airflow/example_dags/subdags/subdag.py took 0.055 seconds
[2025-12-25T23:49:55.511+0530] {processor.py:161} INFO - Started process (PID=4019) to work on /home/sathya/projects/training-kit/.venv-airflow/lib/python3.10/site-packages/airflow/example_dags/subdags/subdag.py
[2025-12-25T23:49:55.517+0530] {processor.py:830} INFO - Processing file /home/sathya/projects/training-kit/.venv-airflow/lib/python3.10/site-packages/airflow/example_dags/subdags/subdag.py for tasks to queue
[2025-12-25T23:49:55.519+0530] {logging_mixin.py:188} INFO - [2025-12-25T23:49:55.519+0530] {dagbag.py:545} INFO - Filling up the DagBag from /home/sathya/projects/training-kit/.venv-airflow/lib/python3.10/site-packages/airflow/example_dags/subdags/subdag.py
[2025-12-25T23:49:55.522+0530] {processor.py:842} WARNING - No viable dags retrieved from /home/sathya/projects/training-kit/.venv-airflow/lib/python3.10/site-packages/airflow/example_dags/subdags/subdag.py
[2025-12-25T23:49:55.536+0530] {processor.py:183} INFO - Processing /home/sathya/projects/training-kit/.venv-airflow/lib/python3.10/site-packages/airflow/example_dags/subdags/subdag.py took 0.034 seconds
[2025-12-25T23:50:47.982+0530] {processor.py:161} INFO - Started process (PID=4071) to work on /home/sathya/projects/training-kit/.venv-airflow/lib/python3.10/site-packages/airflow/example_dags/subdags/subdag.py
[2025-12-25T23:50:47.988+0530] {processor.py:830} INFO - Processing file /home/sathya/projects/training-kit/.venv-airflow/lib/python3.10/site-packages/airflow/example_dags/subdags/subdag.py for tasks to queue
[2025-12-25T23:50:47.991+0530] {logging_mixin.py:188} INFO - [2025-12-25T23:50:47.990+0530] {dagbag.py:545} INFO - Filling up the DagBag from /home/sathya/projects/training-kit/.venv-airflow/lib/python3.10/site-packages/airflow/example_dags/subdags/subdag.py
[2025-12-25T23:50:47.993+0530] {processor.py:842} WARNING - No viable dags retrieved from /home/sathya/projects/training-kit/.venv-airflow/lib/python3.10/site-packages/airflow/example_dags/subdags/subdag.py
[2025-12-25T23:50:48.002+0530] {processor.py:183} INFO - Processing /home/sathya/projects/training-kit/.venv-airflow/lib/python3.10/site-packages/airflow/example_dags/subdags/subdag.py took 0.027 seconds
[2025-12-25T23:51:34.032+0530] {processor.py:161} INFO - Started process (PID=4119) to work on /home/sathya/projects/training-kit/.venv-airflow/lib/python3.10/site-packages/airflow/example_dags/subdags/subdag.py
[2025-12-25T23:51:34.038+0530] {processor.py:830} INFO - Processing file /home/sathya/projects/training-kit/.venv-airflow/lib/python3.10/site-packages/airflow/example_dags/subdags/subdag.py for tasks to queue
[2025-12-25T23:51:34.040+0530] {logging_mixin.py:188} INFO - [2025-12-25T23:51:34.040+0530] {dagbag.py:545} INFO - Filling up the DagBag from /home/sathya/projects/training-kit/.venv-airflow/lib/python3.10/site-packages/airflow/example_dags/subdags/subdag.py
[2025-12-25T23:51:34.043+0530] {processor.py:842} WARNING - No viable dags retrieved from /home/sathya/projects/training-kit/.venv-airflow/lib/python3.10/site-packages/airflow/example_dags/subdags/subdag.py
[2025-12-25T23:51:34.058+0530] {processor.py:183} INFO - Processing /home/sathya/projects/training-kit/.venv-airflow/lib/python3.10/site-packages/airflow/example_dags/subdags/subdag.py took 0.034 seconds
[2025-12-25T23:52:14.874+0530] {processor.py:161} INFO - Started process (PID=4164) to work on /home/sathya/projects/training-kit/.venv-airflow/lib/python3.10/site-packages/airflow/example_dags/subdags/subdag.py
[2025-12-25T23:52:14.882+0530] {processor.py:830} INFO - Processing file /home/sathya/projects/training-kit/.venv-airflow/lib/python3.10/site-packages/airflow/example_dags/subdags/subdag.py for tasks to queue
[2025-12-25T23:52:14.884+0530] {logging_mixin.py:188} INFO - [2025-12-25T23:52:14.884+0530] {dagbag.py:545} INFO - Filling up the DagBag from /home/sathya/projects/training-kit/.venv-airflow/lib/python3.10/site-packages/airflow/example_dags/subdags/subdag.py
[2025-12-25T23:52:14.887+0530] {processor.py:842} WARNING - No viable dags retrieved from /home/sathya/projects/training-kit/.venv-airflow/lib/python3.10/site-packages/airflow/example_dags/subdags/subdag.py
[2025-12-25T23:52:14.901+0530] {processor.py:183} INFO - Processing /home/sathya/projects/training-kit/.venv-airflow/lib/python3.10/site-packages/airflow/example_dags/subdags/subdag.py took 0.034 seconds
[2025-12-25T23:53:00.627+0530] {processor.py:161} INFO - Started process (PID=4210) to work on /home/sathya/projects/training-kit/.venv-airflow/lib/python3.10/site-packages/airflow/example_dags/subdags/subdag.py
[2025-12-25T23:53:00.634+0530] {processor.py:830} INFO - Processing file /home/sathya/projects/training-kit/.venv-airflow/lib/python3.10/site-packages/airflow/example_dags/subdags/subdag.py for tasks to queue
[2025-12-25T23:53:00.636+0530] {logging_mixin.py:188} INFO - [2025-12-25T23:53:00.636+0530] {dagbag.py:545} INFO - Filling up the DagBag from /home/sathya/projects/training-kit/.venv-airflow/lib/python3.10/site-packages/airflow/example_dags/subdags/subdag.py
[2025-12-25T23:53:00.638+0530] {processor.py:842} WARNING - No viable dags retrieved from /home/sathya/projects/training-kit/.venv-airflow/lib/python3.10/site-packages/airflow/example_dags/subdags/subdag.py
[2025-12-25T23:53:00.651+0530] {processor.py:183} INFO - Processing /home/sathya/projects/training-kit/.venv-airflow/lib/python3.10/site-packages/airflow/example_dags/subdags/subdag.py took 0.031 seconds
[2025-12-25T23:53:53.426+0530] {processor.py:161} INFO - Started process (PID=4262) to work on /home/sathya/projects/training-kit/.venv-airflow/lib/python3.10/site-packages/airflow/example_dags/subdags/subdag.py
[2025-12-25T23:53:53.433+0530] {processor.py:830} INFO - Processing file /home/sathya/projects/training-kit/.venv-airflow/lib/python3.10/site-packages/airflow/example_dags/subdags/subdag.py for tasks to queue
[2025-12-25T23:53:53.435+0530] {logging_mixin.py:188} INFO - [2025-12-25T23:53:53.434+0530] {dagbag.py:545} INFO - Filling up the DagBag from /home/sathya/projects/training-kit/.venv-airflow/lib/python3.10/site-packages/airflow/example_dags/subdags/subdag.py
[2025-12-25T23:53:53.438+0530] {processor.py:842} WARNING - No viable dags retrieved from /home/sathya/projects/training-kit/.venv-airflow/lib/python3.10/site-packages/airflow/example_dags/subdags/subdag.py
[2025-12-25T23:53:53.451+0530] {processor.py:183} INFO - Processing /home/sathya/projects/training-kit/.venv-airflow/lib/python3.10/site-packages/airflow/example_dags/subdags/subdag.py took 0.033 seconds
[2025-12-25T23:54:39.865+0530] {processor.py:161} INFO - Started process (PID=4311) to work on /home/sathya/projects/training-kit/.venv-airflow/lib/python3.10/site-packages/airflow/example_dags/subdags/subdag.py
[2025-12-25T23:54:39.873+0530] {processor.py:830} INFO - Processing file /home/sathya/projects/training-kit/.venv-airflow/lib/python3.10/site-packages/airflow/example_dags/subdags/subdag.py for tasks to queue
[2025-12-25T23:54:39.879+0530] {logging_mixin.py:188} INFO - [2025-12-25T23:54:39.878+0530] {dagbag.py:545} INFO - Filling up the DagBag from /home/sathya/projects/training-kit/.venv-airflow/lib/python3.10/site-packages/airflow/example_dags/subdags/subdag.py
[2025-12-25T23:54:39.883+0530] {processor.py:842} WARNING - No viable dags retrieved from /home/sathya/projects/training-kit/.venv-airflow/lib/python3.10/site-packages/airflow/example_dags/subdags/subdag.py
[2025-12-25T23:54:39.915+0530] {processor.py:183} INFO - Processing /home/sathya/projects/training-kit/.venv-airflow/lib/python3.10/site-packages/airflow/example_dags/subdags/subdag.py took 0.065 seconds
[2025-12-25T23:55:35.727+0530] {processor.py:161} INFO - Started process (PID=4356) to work on /home/sathya/projects/training-kit/.venv-airflow/lib/python3.10/site-packages/airflow/example_dags/subdags/subdag.py
[2025-12-25T23:55:35.733+0530] {processor.py:830} INFO - Processing file /home/sathya/projects/training-kit/.venv-airflow/lib/python3.10/site-packages/airflow/example_dags/subdags/subdag.py for tasks to queue
[2025-12-25T23:55:35.735+0530] {logging_mixin.py:188} INFO - [2025-12-25T23:55:35.735+0530] {dagbag.py:545} INFO - Filling up the DagBag from /home/sathya/projects/training-kit/.venv-airflow/lib/python3.10/site-packages/airflow/example_dags/subdags/subdag.py
[2025-12-25T23:55:35.738+0530] {processor.py:842} WARNING - No viable dags retrieved from /home/sathya/projects/training-kit/.venv-airflow/lib/python3.10/site-packages/airflow/example_dags/subdags/subdag.py
[2025-12-25T23:55:35.752+0530] {processor.py:183} INFO - Processing /home/sathya/projects/training-kit/.venv-airflow/lib/python3.10/site-packages/airflow/example_dags/subdags/subdag.py took 0.032 seconds
[2025-12-25T23:56:30.418+0530] {processor.py:161} INFO - Started process (PID=4422) to work on /home/sathya/projects/training-kit/.venv-airflow/lib/python3.10/site-packages/airflow/example_dags/subdags/subdag.py
[2025-12-25T23:56:30.424+0530] {processor.py:830} INFO - Processing file /home/sathya/projects/training-kit/.venv-airflow/lib/python3.10/site-packages/airflow/example_dags/subdags/subdag.py for tasks to queue
[2025-12-25T23:56:30.426+0530] {logging_mixin.py:188} INFO - [2025-12-25T23:56:30.425+0530] {dagbag.py:545} INFO - Filling up the DagBag from /home/sathya/projects/training-kit/.venv-airflow/lib/python3.10/site-packages/airflow/example_dags/subdags/subdag.py
[2025-12-25T23:56:30.428+0530] {processor.py:842} WARNING - No viable dags retrieved from /home/sathya/projects/training-kit/.venv-airflow/lib/python3.10/site-packages/airflow/example_dags/subdags/subdag.py
[2025-12-25T23:56:30.440+0530] {processor.py:183} INFO - Processing /home/sathya/projects/training-kit/.venv-airflow/lib/python3.10/site-packages/airflow/example_dags/subdags/subdag.py took 0.029 seconds
[2025-12-25T23:57:21.366+0530] {processor.py:161} INFO - Started process (PID=4472) to work on /home/sathya/projects/training-kit/.venv-airflow/lib/python3.10/site-packages/airflow/example_dags/subdags/subdag.py
[2025-12-25T23:57:21.373+0530] {processor.py:830} INFO - Processing file /home/sathya/projects/training-kit/.venv-airflow/lib/python3.10/site-packages/airflow/example_dags/subdags/subdag.py for tasks to queue
[2025-12-25T23:57:21.375+0530] {logging_mixin.py:188} INFO - [2025-12-25T23:57:21.374+0530] {dagbag.py:545} INFO - Filling up the DagBag from /home/sathya/projects/training-kit/.venv-airflow/lib/python3.10/site-packages/airflow/example_dags/subdags/subdag.py
[2025-12-25T23:57:21.378+0530] {processor.py:842} WARNING - No viable dags retrieved from /home/sathya/projects/training-kit/.venv-airflow/lib/python3.10/site-packages/airflow/example_dags/subdags/subdag.py
[2025-12-25T23:57:21.393+0530] {processor.py:183} INFO - Processing /home/sathya/projects/training-kit/.venv-airflow/lib/python3.10/site-packages/airflow/example_dags/subdags/subdag.py took 0.035 seconds
[2025-12-25T23:58:17.860+0530] {processor.py:161} INFO - Started process (PID=4523) to work on /home/sathya/projects/training-kit/.venv-airflow/lib/python3.10/site-packages/airflow/example_dags/subdags/subdag.py
[2025-12-25T23:58:17.867+0530] {processor.py:830} INFO - Processing file /home/sathya/projects/training-kit/.venv-airflow/lib/python3.10/site-packages/airflow/example_dags/subdags/subdag.py for tasks to queue
[2025-12-25T23:58:17.871+0530] {logging_mixin.py:188} INFO - [2025-12-25T23:58:17.870+0530] {dagbag.py:545} INFO - Filling up the DagBag from /home/sathya/projects/training-kit/.venv-airflow/lib/python3.10/site-packages/airflow/example_dags/subdags/subdag.py
[2025-12-25T23:58:17.875+0530] {processor.py:842} WARNING - No viable dags retrieved from /home/sathya/projects/training-kit/.venv-airflow/lib/python3.10/site-packages/airflow/example_dags/subdags/subdag.py
[2025-12-25T23:58:17.887+0530] {processor.py:183} INFO - Processing /home/sathya/projects/training-kit/.venv-airflow/lib/python3.10/site-packages/airflow/example_dags/subdags/subdag.py took 0.035 seconds
[2025-12-25T23:59:04.824+0530] {processor.py:161} INFO - Started process (PID=4578) to work on /home/sathya/projects/training-kit/.venv-airflow/lib/python3.10/site-packages/airflow/example_dags/subdags/subdag.py
[2025-12-25T23:59:04.831+0530] {processor.py:830} INFO - Processing file /home/sathya/projects/training-kit/.venv-airflow/lib/python3.10/site-packages/airflow/example_dags/subdags/subdag.py for tasks to queue
[2025-12-25T23:59:04.834+0530] {logging_mixin.py:188} INFO - [2025-12-25T23:59:04.833+0530] {dagbag.py:545} INFO - Filling up the DagBag from /home/sathya/projects/training-kit/.venv-airflow/lib/python3.10/site-packages/airflow/example_dags/subdags/subdag.py
[2025-12-25T23:59:04.837+0530] {processor.py:842} WARNING - No viable dags retrieved from /home/sathya/projects/training-kit/.venv-airflow/lib/python3.10/site-packages/airflow/example_dags/subdags/subdag.py
[2025-12-25T23:59:04.850+0530] {processor.py:183} INFO - Processing /home/sathya/projects/training-kit/.venv-airflow/lib/python3.10/site-packages/airflow/example_dags/subdags/subdag.py took 0.036 seconds
[2025-12-25T23:59:51.014+0530] {processor.py:161} INFO - Started process (PID=4628) to work on /home/sathya/projects/training-kit/.venv-airflow/lib/python3.10/site-packages/airflow/example_dags/subdags/subdag.py
[2025-12-25T23:59:51.020+0530] {processor.py:830} INFO - Processing file /home/sathya/projects/training-kit/.venv-airflow/lib/python3.10/site-packages/airflow/example_dags/subdags/subdag.py for tasks to queue
[2025-12-25T23:59:51.023+0530] {logging_mixin.py:188} INFO - [2025-12-25T23:59:51.022+0530] {dagbag.py:545} INFO - Filling up the DagBag from /home/sathya/projects/training-kit/.venv-airflow/lib/python3.10/site-packages/airflow/example_dags/subdags/subdag.py
[2025-12-25T23:59:51.026+0530] {processor.py:842} WARNING - No viable dags retrieved from /home/sathya/projects/training-kit/.venv-airflow/lib/python3.10/site-packages/airflow/example_dags/subdags/subdag.py
[2025-12-25T23:59:51.040+0530] {processor.py:183} INFO - Processing /home/sathya/projects/training-kit/.venv-airflow/lib/python3.10/site-packages/airflow/example_dags/subdags/subdag.py took 0.050 seconds
[2025-12-26T00:00:31.673+0530] {processor.py:161} INFO - Started process (PID=4723) to work on /home/sathya/projects/training-kit/.venv-airflow/lib/python3.10/site-packages/airflow/example_dags/subdags/subdag.py
[2025-12-26T00:00:31.679+0530] {processor.py:830} INFO - Processing file /home/sathya/projects/training-kit/.venv-airflow/lib/python3.10/site-packages/airflow/example_dags/subdags/subdag.py for tasks to queue
[2025-12-26T00:00:31.681+0530] {logging_mixin.py:188} INFO - [2025-12-26T00:00:31.680+0530] {dagbag.py:545} INFO - Filling up the DagBag from /home/sathya/projects/training-kit/.venv-airflow/lib/python3.10/site-packages/airflow/example_dags/subdags/subdag.py
[2025-12-26T00:00:31.683+0530] {processor.py:842} WARNING - No viable dags retrieved from /home/sathya/projects/training-kit/.venv-airflow/lib/python3.10/site-packages/airflow/example_dags/subdags/subdag.py
[2025-12-26T00:00:31.694+0530] {processor.py:183} INFO - Processing /home/sathya/projects/training-kit/.venv-airflow/lib/python3.10/site-packages/airflow/example_dags/subdags/subdag.py took 0.027 seconds
[2025-12-26T00:01:17.315+0530] {processor.py:161} INFO - Started process (PID=4768) to work on /home/sathya/projects/training-kit/.venv-airflow/lib/python3.10/site-packages/airflow/example_dags/subdags/subdag.py
[2025-12-26T00:01:17.322+0530] {processor.py:830} INFO - Processing file /home/sathya/projects/training-kit/.venv-airflow/lib/python3.10/site-packages/airflow/example_dags/subdags/subdag.py for tasks to queue
[2025-12-26T00:01:17.324+0530] {logging_mixin.py:188} INFO - [2025-12-26T00:01:17.324+0530] {dagbag.py:545} INFO - Filling up the DagBag from /home/sathya/projects/training-kit/.venv-airflow/lib/python3.10/site-packages/airflow/example_dags/subdags/subdag.py
[2025-12-26T00:01:17.327+0530] {processor.py:842} WARNING - No viable dags retrieved from /home/sathya/projects/training-kit/.venv-airflow/lib/python3.10/site-packages/airflow/example_dags/subdags/subdag.py
[2025-12-26T00:01:17.339+0530] {processor.py:183} INFO - Processing /home/sathya/projects/training-kit/.venv-airflow/lib/python3.10/site-packages/airflow/example_dags/subdags/subdag.py took 0.035 seconds
[2025-12-26T00:01:59.093+0530] {processor.py:161} INFO - Started process (PID=4813) to work on /home/sathya/projects/training-kit/.venv-airflow/lib/python3.10/site-packages/airflow/example_dags/subdags/subdag.py
[2025-12-26T00:01:59.100+0530] {processor.py:830} INFO - Processing file /home/sathya/projects/training-kit/.venv-airflow/lib/python3.10/site-packages/airflow/example_dags/subdags/subdag.py for tasks to queue
[2025-12-26T00:01:59.103+0530] {logging_mixin.py:188} INFO - [2025-12-26T00:01:59.103+0530] {dagbag.py:545} INFO - Filling up the DagBag from /home/sathya/projects/training-kit/.venv-airflow/lib/python3.10/site-packages/airflow/example_dags/subdags/subdag.py
[2025-12-26T00:01:59.106+0530] {processor.py:842} WARNING - No viable dags retrieved from /home/sathya/projects/training-kit/.venv-airflow/lib/python3.10/site-packages/airflow/example_dags/subdags/subdag.py
[2025-12-26T00:01:59.119+0530] {processor.py:183} INFO - Processing /home/sathya/projects/training-kit/.venv-airflow/lib/python3.10/site-packages/airflow/example_dags/subdags/subdag.py took 0.036 seconds
[2025-12-26T00:02:38.823+0530] {processor.py:161} INFO - Started process (PID=4857) to work on /home/sathya/projects/training-kit/.venv-airflow/lib/python3.10/site-packages/airflow/example_dags/subdags/subdag.py
[2025-12-26T00:02:38.830+0530] {processor.py:830} INFO - Processing file /home/sathya/projects/training-kit/.venv-airflow/lib/python3.10/site-packages/airflow/example_dags/subdags/subdag.py for tasks to queue
[2025-12-26T00:02:38.832+0530] {logging_mixin.py:188} INFO - [2025-12-26T00:02:38.832+0530] {dagbag.py:545} INFO - Filling up the DagBag from /home/sathya/projects/training-kit/.venv-airflow/lib/python3.10/site-packages/airflow/example_dags/subdags/subdag.py
[2025-12-26T00:02:38.835+0530] {processor.py:842} WARNING - No viable dags retrieved from /home/sathya/projects/training-kit/.venv-airflow/lib/python3.10/site-packages/airflow/example_dags/subdags/subdag.py
[2025-12-26T00:02:38.849+0530] {processor.py:183} INFO - Processing /home/sathya/projects/training-kit/.venv-airflow/lib/python3.10/site-packages/airflow/example_dags/subdags/subdag.py took 0.035 seconds
[2025-12-26T00:03:24.598+0530] {processor.py:161} INFO - Started process (PID=4905) to work on /home/sathya/projects/training-kit/.venv-airflow/lib/python3.10/site-packages/airflow/example_dags/subdags/subdag.py
[2025-12-26T00:03:24.605+0530] {processor.py:830} INFO - Processing file /home/sathya/projects/training-kit/.venv-airflow/lib/python3.10/site-packages/airflow/example_dags/subdags/subdag.py for tasks to queue
[2025-12-26T00:03:24.608+0530] {logging_mixin.py:188} INFO - [2025-12-26T00:03:24.607+0530] {dagbag.py:545} INFO - Filling up the DagBag from /home/sathya/projects/training-kit/.venv-airflow/lib/python3.10/site-packages/airflow/example_dags/subdags/subdag.py
[2025-12-26T00:03:24.611+0530] {processor.py:842} WARNING - No viable dags retrieved from /home/sathya/projects/training-kit/.venv-airflow/lib/python3.10/site-packages/airflow/example_dags/subdags/subdag.py
[2025-12-26T00:03:24.626+0530] {processor.py:183} INFO - Processing /home/sathya/projects/training-kit/.venv-airflow/lib/python3.10/site-packages/airflow/example_dags/subdags/subdag.py took 0.039 seconds
[2025-12-26T00:04:11.871+0530] {processor.py:161} INFO - Started process (PID=4954) to work on /home/sathya/projects/training-kit/.venv-airflow/lib/python3.10/site-packages/airflow/example_dags/subdags/subdag.py
[2025-12-26T00:04:11.878+0530] {processor.py:830} INFO - Processing file /home/sathya/projects/training-kit/.venv-airflow/lib/python3.10/site-packages/airflow/example_dags/subdags/subdag.py for tasks to queue
[2025-12-26T00:04:11.881+0530] {logging_mixin.py:188} INFO - [2025-12-26T00:04:11.881+0530] {dagbag.py:545} INFO - Filling up the DagBag from /home/sathya/projects/training-kit/.venv-airflow/lib/python3.10/site-packages/airflow/example_dags/subdags/subdag.py
[2025-12-26T00:04:11.886+0530] {processor.py:842} WARNING - No viable dags retrieved from /home/sathya/projects/training-kit/.venv-airflow/lib/python3.10/site-packages/airflow/example_dags/subdags/subdag.py
[2025-12-26T00:04:11.898+0530] {processor.py:183} INFO - Processing /home/sathya/projects/training-kit/.venv-airflow/lib/python3.10/site-packages/airflow/example_dags/subdags/subdag.py took 0.047 seconds
[2025-12-26T00:04:59.899+0530] {processor.py:161} INFO - Started process (PID=5001) to work on /home/sathya/projects/training-kit/.venv-airflow/lib/python3.10/site-packages/airflow/example_dags/subdags/subdag.py
[2025-12-26T00:04:59.906+0530] {processor.py:830} INFO - Processing file /home/sathya/projects/training-kit/.venv-airflow/lib/python3.10/site-packages/airflow/example_dags/subdags/subdag.py for tasks to queue
[2025-12-26T00:04:59.909+0530] {logging_mixin.py:188} INFO - [2025-12-26T00:04:59.908+0530] {dagbag.py:545} INFO - Filling up the DagBag from /home/sathya/projects/training-kit/.venv-airflow/lib/python3.10/site-packages/airflow/example_dags/subdags/subdag.py
[2025-12-26T00:04:59.912+0530] {processor.py:842} WARNING - No viable dags retrieved from /home/sathya/projects/training-kit/.venv-airflow/lib/python3.10/site-packages/airflow/example_dags/subdags/subdag.py
[2025-12-26T00:04:59.925+0530] {processor.py:183} INFO - Processing /home/sathya/projects/training-kit/.venv-airflow/lib/python3.10/site-packages/airflow/example_dags/subdags/subdag.py took 0.039 seconds
[2025-12-26T00:05:48.679+0530] {processor.py:161} INFO - Started process (PID=5055) to work on /home/sathya/projects/training-kit/.venv-airflow/lib/python3.10/site-packages/airflow/example_dags/subdags/subdag.py
[2025-12-26T00:05:48.680+0530] {processor.py:830} INFO - Processing file /home/sathya/projects/training-kit/.venv-airflow/lib/python3.10/site-packages/airflow/example_dags/subdags/subdag.py for tasks to queue
[2025-12-26T00:05:48.682+0530] {logging_mixin.py:188} INFO - [2025-12-26T00:05:48.681+0530] {dagbag.py:545} INFO - Filling up the DagBag from /home/sathya/projects/training-kit/.venv-airflow/lib/python3.10/site-packages/airflow/example_dags/subdags/subdag.py
[2025-12-26T00:05:48.685+0530] {processor.py:842} WARNING - No viable dags retrieved from /home/sathya/projects/training-kit/.venv-airflow/lib/python3.10/site-packages/airflow/example_dags/subdags/subdag.py
[2025-12-26T00:05:48.697+0530] {processor.py:183} INFO - Processing /home/sathya/projects/training-kit/.venv-airflow/lib/python3.10/site-packages/airflow/example_dags/subdags/subdag.py took 0.029 seconds
[2025-12-26T00:06:40.262+0530] {processor.py:161} INFO - Started process (PID=5106) to work on /home/sathya/projects/training-kit/.venv-airflow/lib/python3.10/site-packages/airflow/example_dags/subdags/subdag.py
[2025-12-26T00:06:40.263+0530] {processor.py:830} INFO - Processing file /home/sathya/projects/training-kit/.venv-airflow/lib/python3.10/site-packages/airflow/example_dags/subdags/subdag.py for tasks to queue
[2025-12-26T00:06:40.265+0530] {logging_mixin.py:188} INFO - [2025-12-26T00:06:40.264+0530] {dagbag.py:545} INFO - Filling up the DagBag from /home/sathya/projects/training-kit/.venv-airflow/lib/python3.10/site-packages/airflow/example_dags/subdags/subdag.py
[2025-12-26T00:06:40.267+0530] {processor.py:842} WARNING - No viable dags retrieved from /home/sathya/projects/training-kit/.venv-airflow/lib/python3.10/site-packages/airflow/example_dags/subdags/subdag.py
[2025-12-26T00:06:40.282+0530] {processor.py:183} INFO - Processing /home/sathya/projects/training-kit/.venv-airflow/lib/python3.10/site-packages/airflow/example_dags/subdags/subdag.py took 0.029 seconds
[2025-12-26T00:07:29.036+0530] {processor.py:161} INFO - Started process (PID=5158) to work on /home/sathya/projects/training-kit/.venv-airflow/lib/python3.10/site-packages/airflow/example_dags/subdags/subdag.py
[2025-12-26T00:07:29.043+0530] {processor.py:830} INFO - Processing file /home/sathya/projects/training-kit/.venv-airflow/lib/python3.10/site-packages/airflow/example_dags/subdags/subdag.py for tasks to queue
[2025-12-26T00:07:29.045+0530] {logging_mixin.py:188} INFO - [2025-12-26T00:07:29.044+0530] {dagbag.py:545} INFO - Filling up the DagBag from /home/sathya/projects/training-kit/.venv-airflow/lib/python3.10/site-packages/airflow/example_dags/subdags/subdag.py
[2025-12-26T00:07:29.049+0530] {processor.py:842} WARNING - No viable dags retrieved from /home/sathya/projects/training-kit/.venv-airflow/lib/python3.10/site-packages/airflow/example_dags/subdags/subdag.py
[2025-12-26T00:07:29.063+0530] {processor.py:183} INFO - Processing /home/sathya/projects/training-kit/.venv-airflow/lib/python3.10/site-packages/airflow/example_dags/subdags/subdag.py took 0.038 seconds
[2025-12-26T00:08:14.981+0530] {processor.py:161} INFO - Started process (PID=5205) to work on /home/sathya/projects/training-kit/.venv-airflow/lib/python3.10/site-packages/airflow/example_dags/subdags/subdag.py
[2025-12-26T00:08:14.988+0530] {processor.py:830} INFO - Processing file /home/sathya/projects/training-kit/.venv-airflow/lib/python3.10/site-packages/airflow/example_dags/subdags/subdag.py for tasks to queue
[2025-12-26T00:08:14.989+0530] {logging_mixin.py:188} INFO - [2025-12-26T00:08:14.988+0530] {dagbag.py:545} INFO - Filling up the DagBag from /home/sathya/projects/training-kit/.venv-airflow/lib/python3.10/site-packages/airflow/example_dags/subdags/subdag.py
[2025-12-26T00:08:14.991+0530] {processor.py:842} WARNING - No viable dags retrieved from /home/sathya/projects/training-kit/.venv-airflow/lib/python3.10/site-packages/airflow/example_dags/subdags/subdag.py
[2025-12-26T00:08:15.006+0530] {processor.py:183} INFO - Processing /home/sathya/projects/training-kit/.venv-airflow/lib/python3.10/site-packages/airflow/example_dags/subdags/subdag.py took 0.034 seconds
[2025-12-26T00:09:06.070+0530] {processor.py:161} INFO - Started process (PID=5256) to work on /home/sathya/projects/training-kit/.venv-airflow/lib/python3.10/site-packages/airflow/example_dags/subdags/subdag.py
[2025-12-26T00:09:06.076+0530] {processor.py:830} INFO - Processing file /home/sathya/projects/training-kit/.venv-airflow/lib/python3.10/site-packages/airflow/example_dags/subdags/subdag.py for tasks to queue
[2025-12-26T00:09:06.078+0530] {logging_mixin.py:188} INFO - [2025-12-26T00:09:06.077+0530] {dagbag.py:545} INFO - Filling up the DagBag from /home/sathya/projects/training-kit/.venv-airflow/lib/python3.10/site-packages/airflow/example_dags/subdags/subdag.py
[2025-12-26T00:09:06.080+0530] {processor.py:842} WARNING - No viable dags retrieved from /home/sathya/projects/training-kit/.venv-airflow/lib/python3.10/site-packages/airflow/example_dags/subdags/subdag.py
[2025-12-26T00:09:06.097+0530] {processor.py:183} INFO - Processing /home/sathya/projects/training-kit/.venv-airflow/lib/python3.10/site-packages/airflow/example_dags/subdags/subdag.py took 0.035 seconds
[2025-12-26T00:09:57.050+0530] {processor.py:161} INFO - Started process (PID=5311) to work on /home/sathya/projects/training-kit/.venv-airflow/lib/python3.10/site-packages/airflow/example_dags/subdags/subdag.py
[2025-12-26T00:09:57.055+0530] {processor.py:830} INFO - Processing file /home/sathya/projects/training-kit/.venv-airflow/lib/python3.10/site-packages/airflow/example_dags/subdags/subdag.py for tasks to queue
[2025-12-26T00:09:57.057+0530] {logging_mixin.py:188} INFO - [2025-12-26T00:09:57.056+0530] {dagbag.py:545} INFO - Filling up the DagBag from /home/sathya/projects/training-kit/.venv-airflow/lib/python3.10/site-packages/airflow/example_dags/subdags/subdag.py
[2025-12-26T00:09:57.060+0530] {processor.py:842} WARNING - No viable dags retrieved from /home/sathya/projects/training-kit/.venv-airflow/lib/python3.10/site-packages/airflow/example_dags/subdags/subdag.py
[2025-12-26T00:09:57.070+0530] {processor.py:183} INFO - Processing /home/sathya/projects/training-kit/.venv-airflow/lib/python3.10/site-packages/airflow/example_dags/subdags/subdag.py took 0.030 seconds
[2025-12-26T00:10:45.142+0530] {processor.py:161} INFO - Started process (PID=5361) to work on /home/sathya/projects/training-kit/.venv-airflow/lib/python3.10/site-packages/airflow/example_dags/subdags/subdag.py
[2025-12-26T00:10:45.148+0530] {processor.py:830} INFO - Processing file /home/sathya/projects/training-kit/.venv-airflow/lib/python3.10/site-packages/airflow/example_dags/subdags/subdag.py for tasks to queue
[2025-12-26T00:10:45.150+0530] {logging_mixin.py:188} INFO - [2025-12-26T00:10:45.149+0530] {dagbag.py:545} INFO - Filling up the DagBag from /home/sathya/projects/training-kit/.venv-airflow/lib/python3.10/site-packages/airflow/example_dags/subdags/subdag.py
[2025-12-26T00:10:45.152+0530] {processor.py:842} WARNING - No viable dags retrieved from /home/sathya/projects/training-kit/.venv-airflow/lib/python3.10/site-packages/airflow/example_dags/subdags/subdag.py
[2025-12-26T00:10:45.163+0530] {processor.py:183} INFO - Processing /home/sathya/projects/training-kit/.venv-airflow/lib/python3.10/site-packages/airflow/example_dags/subdags/subdag.py took 0.031 seconds
[2025-12-26T00:11:31.234+0530] {processor.py:161} INFO - Started process (PID=5410) to work on /home/sathya/projects/training-kit/.venv-airflow/lib/python3.10/site-packages/airflow/example_dags/subdags/subdag.py
[2025-12-26T00:11:31.236+0530] {processor.py:830} INFO - Processing file /home/sathya/projects/training-kit/.venv-airflow/lib/python3.10/site-packages/airflow/example_dags/subdags/subdag.py for tasks to queue
[2025-12-26T00:11:31.237+0530] {logging_mixin.py:188} INFO - [2025-12-26T00:11:31.237+0530] {dagbag.py:545} INFO - Filling up the DagBag from /home/sathya/projects/training-kit/.venv-airflow/lib/python3.10/site-packages/airflow/example_dags/subdags/subdag.py
[2025-12-26T00:11:31.248+0530] {processor.py:842} WARNING - No viable dags retrieved from /home/sathya/projects/training-kit/.venv-airflow/lib/python3.10/site-packages/airflow/example_dags/subdags/subdag.py
[2025-12-26T00:11:31.268+0530] {processor.py:183} INFO - Processing /home/sathya/projects/training-kit/.venv-airflow/lib/python3.10/site-packages/airflow/example_dags/subdags/subdag.py took 0.048 seconds
[2025-12-26T00:12:16.107+0530] {processor.py:161} INFO - Started process (PID=5457) to work on /home/sathya/projects/training-kit/.venv-airflow/lib/python3.10/site-packages/airflow/example_dags/subdags/subdag.py
[2025-12-26T00:12:16.114+0530] {processor.py:830} INFO - Processing file /home/sathya/projects/training-kit/.venv-airflow/lib/python3.10/site-packages/airflow/example_dags/subdags/subdag.py for tasks to queue
[2025-12-26T00:12:16.115+0530] {logging_mixin.py:188} INFO - [2025-12-26T00:12:16.115+0530] {dagbag.py:545} INFO - Filling up the DagBag from /home/sathya/projects/training-kit/.venv-airflow/lib/python3.10/site-packages/airflow/example_dags/subdags/subdag.py
[2025-12-26T00:12:16.118+0530] {processor.py:842} WARNING - No viable dags retrieved from /home/sathya/projects/training-kit/.venv-airflow/lib/python3.10/site-packages/airflow/example_dags/subdags/subdag.py
[2025-12-26T00:12:16.130+0530] {processor.py:183} INFO - Processing /home/sathya/projects/training-kit/.venv-airflow/lib/python3.10/site-packages/airflow/example_dags/subdags/subdag.py took 0.031 seconds
[2025-12-26T00:13:03.045+0530] {processor.py:161} INFO - Started process (PID=5508) to work on /home/sathya/projects/training-kit/.venv-airflow/lib/python3.10/site-packages/airflow/example_dags/subdags/subdag.py
[2025-12-26T00:13:03.047+0530] {processor.py:830} INFO - Processing file /home/sathya/projects/training-kit/.venv-airflow/lib/python3.10/site-packages/airflow/example_dags/subdags/subdag.py for tasks to queue
[2025-12-26T00:13:03.048+0530] {logging_mixin.py:188} INFO - [2025-12-26T00:13:03.047+0530] {dagbag.py:545} INFO - Filling up the DagBag from /home/sathya/projects/training-kit/.venv-airflow/lib/python3.10/site-packages/airflow/example_dags/subdags/subdag.py
[2025-12-26T00:13:03.049+0530] {processor.py:842} WARNING - No viable dags retrieved from /home/sathya/projects/training-kit/.venv-airflow/lib/python3.10/site-packages/airflow/example_dags/subdags/subdag.py
[2025-12-26T00:13:03.062+0530] {processor.py:183} INFO - Processing /home/sathya/projects/training-kit/.venv-airflow/lib/python3.10/site-packages/airflow/example_dags/subdags/subdag.py took 0.033 seconds
[2025-12-26T00:13:51.282+0530] {processor.py:161} INFO - Started process (PID=5558) to work on /home/sathya/projects/training-kit/.venv-airflow/lib/python3.10/site-packages/airflow/example_dags/subdags/subdag.py
[2025-12-26T00:13:51.289+0530] {processor.py:830} INFO - Processing file /home/sathya/projects/training-kit/.venv-airflow/lib/python3.10/site-packages/airflow/example_dags/subdags/subdag.py for tasks to queue
[2025-12-26T00:13:51.290+0530] {logging_mixin.py:188} INFO - [2025-12-26T00:13:51.289+0530] {dagbag.py:545} INFO - Filling up the DagBag from /home/sathya/projects/training-kit/.venv-airflow/lib/python3.10/site-packages/airflow/example_dags/subdags/subdag.py
[2025-12-26T00:13:51.294+0530] {processor.py:842} WARNING - No viable dags retrieved from /home/sathya/projects/training-kit/.venv-airflow/lib/python3.10/site-packages/airflow/example_dags/subdags/subdag.py
[2025-12-26T00:13:51.313+0530] {processor.py:183} INFO - Processing /home/sathya/projects/training-kit/.venv-airflow/lib/python3.10/site-packages/airflow/example_dags/subdags/subdag.py took 0.041 seconds
[2025-12-26T00:14:38.757+0530] {processor.py:161} INFO - Started process (PID=5606) to work on /home/sathya/projects/training-kit/.venv-airflow/lib/python3.10/site-packages/airflow/example_dags/subdags/subdag.py
[2025-12-26T00:14:38.763+0530] {processor.py:830} INFO - Processing file /home/sathya/projects/training-kit/.venv-airflow/lib/python3.10/site-packages/airflow/example_dags/subdags/subdag.py for tasks to queue
[2025-12-26T00:14:38.764+0530] {logging_mixin.py:188} INFO - [2025-12-26T00:14:38.763+0530] {dagbag.py:545} INFO - Filling up the DagBag from /home/sathya/projects/training-kit/.venv-airflow/lib/python3.10/site-packages/airflow/example_dags/subdags/subdag.py
[2025-12-26T00:14:38.767+0530] {processor.py:842} WARNING - No viable dags retrieved from /home/sathya/projects/training-kit/.venv-airflow/lib/python3.10/site-packages/airflow/example_dags/subdags/subdag.py
[2025-12-26T00:14:38.780+0530] {processor.py:183} INFO - Processing /home/sathya/projects/training-kit/.venv-airflow/lib/python3.10/site-packages/airflow/example_dags/subdags/subdag.py took 0.032 seconds
[2025-12-26T00:15:29.069+0530] {processor.py:161} INFO - Started process (PID=5661) to work on /home/sathya/projects/training-kit/.venv-airflow/lib/python3.10/site-packages/airflow/example_dags/subdags/subdag.py
[2025-12-26T00:15:29.076+0530] {processor.py:830} INFO - Processing file /home/sathya/projects/training-kit/.venv-airflow/lib/python3.10/site-packages/airflow/example_dags/subdags/subdag.py for tasks to queue
[2025-12-26T00:15:29.078+0530] {logging_mixin.py:188} INFO - [2025-12-26T00:15:29.077+0530] {dagbag.py:545} INFO - Filling up the DagBag from /home/sathya/projects/training-kit/.venv-airflow/lib/python3.10/site-packages/airflow/example_dags/subdags/subdag.py
[2025-12-26T00:15:29.081+0530] {processor.py:842} WARNING - No viable dags retrieved from /home/sathya/projects/training-kit/.venv-airflow/lib/python3.10/site-packages/airflow/example_dags/subdags/subdag.py
[2025-12-26T00:15:29.093+0530] {processor.py:183} INFO - Processing /home/sathya/projects/training-kit/.venv-airflow/lib/python3.10/site-packages/airflow/example_dags/subdags/subdag.py took 0.037 seconds
[2025-12-26T00:16:19.108+0530] {processor.py:161} INFO - Started process (PID=5712) to work on /home/sathya/projects/training-kit/.venv-airflow/lib/python3.10/site-packages/airflow/example_dags/subdags/subdag.py
[2025-12-26T00:16:19.110+0530] {processor.py:830} INFO - Processing file /home/sathya/projects/training-kit/.venv-airflow/lib/python3.10/site-packages/airflow/example_dags/subdags/subdag.py for tasks to queue
[2025-12-26T00:16:19.111+0530] {logging_mixin.py:188} INFO - [2025-12-26T00:16:19.111+0530] {dagbag.py:545} INFO - Filling up the DagBag from /home/sathya/projects/training-kit/.venv-airflow/lib/python3.10/site-packages/airflow/example_dags/subdags/subdag.py
[2025-12-26T00:16:19.113+0530] {processor.py:842} WARNING - No viable dags retrieved from /home/sathya/projects/training-kit/.venv-airflow/lib/python3.10/site-packages/airflow/example_dags/subdags/subdag.py
[2025-12-26T00:16:19.126+0530] {processor.py:183} INFO - Processing /home/sathya/projects/training-kit/.venv-airflow/lib/python3.10/site-packages/airflow/example_dags/subdags/subdag.py took 0.031 seconds
[2025-12-26T00:17:07.223+0530] {processor.py:161} INFO - Started process (PID=5765) to work on /home/sathya/projects/training-kit/.venv-airflow/lib/python3.10/site-packages/airflow/example_dags/subdags/subdag.py
[2025-12-26T00:17:07.227+0530] {processor.py:830} INFO - Processing file /home/sathya/projects/training-kit/.venv-airflow/lib/python3.10/site-packages/airflow/example_dags/subdags/subdag.py for tasks to queue
[2025-12-26T00:17:07.228+0530] {logging_mixin.py:188} INFO - [2025-12-26T00:17:07.227+0530] {dagbag.py:545} INFO - Filling up the DagBag from /home/sathya/projects/training-kit/.venv-airflow/lib/python3.10/site-packages/airflow/example_dags/subdags/subdag.py
[2025-12-26T00:17:07.232+0530] {processor.py:842} WARNING - No viable dags retrieved from /home/sathya/projects/training-kit/.venv-airflow/lib/python3.10/site-packages/airflow/example_dags/subdags/subdag.py
[2025-12-26T00:17:07.252+0530] {processor.py:183} INFO - Processing /home/sathya/projects/training-kit/.venv-airflow/lib/python3.10/site-packages/airflow/example_dags/subdags/subdag.py took 0.040 seconds
[2025-12-26T00:17:58.066+0530] {processor.py:161} INFO - Started process (PID=5815) to work on /home/sathya/projects/training-kit/.venv-airflow/lib/python3.10/site-packages/airflow/example_dags/subdags/subdag.py
[2025-12-26T00:17:58.073+0530] {processor.py:830} INFO - Processing file /home/sathya/projects/training-kit/.venv-airflow/lib/python3.10/site-packages/airflow/example_dags/subdags/subdag.py for tasks to queue
[2025-12-26T00:17:58.076+0530] {logging_mixin.py:188} INFO - [2025-12-26T00:17:58.075+0530] {dagbag.py:545} INFO - Filling up the DagBag from /home/sathya/projects/training-kit/.venv-airflow/lib/python3.10/site-packages/airflow/example_dags/subdags/subdag.py
[2025-12-26T00:17:58.079+0530] {processor.py:842} WARNING - No viable dags retrieved from /home/sathya/projects/training-kit/.venv-airflow/lib/python3.10/site-packages/airflow/example_dags/subdags/subdag.py
[2025-12-26T00:17:58.091+0530] {processor.py:183} INFO - Processing /home/sathya/projects/training-kit/.venv-airflow/lib/python3.10/site-packages/airflow/example_dags/subdags/subdag.py took 0.039 seconds
[2025-12-26T00:18:45.985+0530] {processor.py:161} INFO - Started process (PID=5897) to work on /home/sathya/projects/training-kit/.venv-airflow/lib/python3.10/site-packages/airflow/example_dags/subdags/subdag.py
[2025-12-26T00:18:45.993+0530] {processor.py:830} INFO - Processing file /home/sathya/projects/training-kit/.venv-airflow/lib/python3.10/site-packages/airflow/example_dags/subdags/subdag.py for tasks to queue
[2025-12-26T00:18:45.994+0530] {logging_mixin.py:188} INFO - [2025-12-26T00:18:45.994+0530] {dagbag.py:545} INFO - Filling up the DagBag from /home/sathya/projects/training-kit/.venv-airflow/lib/python3.10/site-packages/airflow/example_dags/subdags/subdag.py
[2025-12-26T00:18:45.996+0530] {processor.py:842} WARNING - No viable dags retrieved from /home/sathya/projects/training-kit/.venv-airflow/lib/python3.10/site-packages/airflow/example_dags/subdags/subdag.py
[2025-12-26T00:18:46.009+0530] {processor.py:183} INFO - Processing /home/sathya/projects/training-kit/.venv-airflow/lib/python3.10/site-packages/airflow/example_dags/subdags/subdag.py took 0.032 seconds
[2025-12-26T00:19:33.517+0530] {processor.py:161} INFO - Started process (PID=5947) to work on /home/sathya/projects/training-kit/.venv-airflow/lib/python3.10/site-packages/airflow/example_dags/subdags/subdag.py
[2025-12-26T00:19:33.523+0530] {processor.py:830} INFO - Processing file /home/sathya/projects/training-kit/.venv-airflow/lib/python3.10/site-packages/airflow/example_dags/subdags/subdag.py for tasks to queue
[2025-12-26T00:19:33.524+0530] {logging_mixin.py:188} INFO - [2025-12-26T00:19:33.524+0530] {dagbag.py:545} INFO - Filling up the DagBag from /home/sathya/projects/training-kit/.venv-airflow/lib/python3.10/site-packages/airflow/example_dags/subdags/subdag.py
[2025-12-26T00:19:33.526+0530] {processor.py:842} WARNING - No viable dags retrieved from /home/sathya/projects/training-kit/.venv-airflow/lib/python3.10/site-packages/airflow/example_dags/subdags/subdag.py
[2025-12-26T00:19:33.538+0530] {processor.py:183} INFO - Processing /home/sathya/projects/training-kit/.venv-airflow/lib/python3.10/site-packages/airflow/example_dags/subdags/subdag.py took 0.027 seconds
[2025-12-26T00:20:18.600+0530] {processor.py:161} INFO - Started process (PID=5995) to work on /home/sathya/projects/training-kit/.venv-airflow/lib/python3.10/site-packages/airflow/example_dags/subdags/subdag.py
[2025-12-26T00:20:18.608+0530] {processor.py:830} INFO - Processing file /home/sathya/projects/training-kit/.venv-airflow/lib/python3.10/site-packages/airflow/example_dags/subdags/subdag.py for tasks to queue
[2025-12-26T00:20:18.610+0530] {logging_mixin.py:188} INFO - [2025-12-26T00:20:18.609+0530] {dagbag.py:545} INFO - Filling up the DagBag from /home/sathya/projects/training-kit/.venv-airflow/lib/python3.10/site-packages/airflow/example_dags/subdags/subdag.py
[2025-12-26T00:20:18.620+0530] {processor.py:842} WARNING - No viable dags retrieved from /home/sathya/projects/training-kit/.venv-airflow/lib/python3.10/site-packages/airflow/example_dags/subdags/subdag.py
[2025-12-26T00:20:18.634+0530] {processor.py:183} INFO - Processing /home/sathya/projects/training-kit/.venv-airflow/lib/python3.10/site-packages/airflow/example_dags/subdags/subdag.py took 0.042 seconds
[2025-12-26T00:21:04.269+0530] {processor.py:161} INFO - Started process (PID=6043) to work on /home/sathya/projects/training-kit/.venv-airflow/lib/python3.10/site-packages/airflow/example_dags/subdags/subdag.py
[2025-12-26T00:21:04.276+0530] {processor.py:830} INFO - Processing file /home/sathya/projects/training-kit/.venv-airflow/lib/python3.10/site-packages/airflow/example_dags/subdags/subdag.py for tasks to queue
[2025-12-26T00:21:04.278+0530] {logging_mixin.py:188} INFO - [2025-12-26T00:21:04.277+0530] {dagbag.py:545} INFO - Filling up the DagBag from /home/sathya/projects/training-kit/.venv-airflow/lib/python3.10/site-packages/airflow/example_dags/subdags/subdag.py
[2025-12-26T00:21:04.281+0530] {processor.py:842} WARNING - No viable dags retrieved from /home/sathya/projects/training-kit/.venv-airflow/lib/python3.10/site-packages/airflow/example_dags/subdags/subdag.py
[2025-12-26T00:21:04.293+0530] {processor.py:183} INFO - Processing /home/sathya/projects/training-kit/.venv-airflow/lib/python3.10/site-packages/airflow/example_dags/subdags/subdag.py took 0.035 seconds
[2025-12-26T00:21:45.551+0530] {processor.py:161} INFO - Started process (PID=6088) to work on /home/sathya/projects/training-kit/.venv-airflow/lib/python3.10/site-packages/airflow/example_dags/subdags/subdag.py
[2025-12-26T00:21:45.558+0530] {processor.py:830} INFO - Processing file /home/sathya/projects/training-kit/.venv-airflow/lib/python3.10/site-packages/airflow/example_dags/subdags/subdag.py for tasks to queue
[2025-12-26T00:21:45.560+0530] {logging_mixin.py:188} INFO - [2025-12-26T00:21:45.560+0530] {dagbag.py:545} INFO - Filling up the DagBag from /home/sathya/projects/training-kit/.venv-airflow/lib/python3.10/site-packages/airflow/example_dags/subdags/subdag.py
[2025-12-26T00:21:45.563+0530] {processor.py:842} WARNING - No viable dags retrieved from /home/sathya/projects/training-kit/.venv-airflow/lib/python3.10/site-packages/airflow/example_dags/subdags/subdag.py
[2025-12-26T00:21:45.578+0530] {processor.py:183} INFO - Processing /home/sathya/projects/training-kit/.venv-airflow/lib/python3.10/site-packages/airflow/example_dags/subdags/subdag.py took 0.034 seconds
[2025-12-26T00:22:30.468+0530] {processor.py:161} INFO - Started process (PID=6137) to work on /home/sathya/projects/training-kit/.venv-airflow/lib/python3.10/site-packages/airflow/example_dags/subdags/subdag.py
[2025-12-26T00:22:30.475+0530] {processor.py:830} INFO - Processing file /home/sathya/projects/training-kit/.venv-airflow/lib/python3.10/site-packages/airflow/example_dags/subdags/subdag.py for tasks to queue
[2025-12-26T00:22:30.476+0530] {logging_mixin.py:188} INFO - [2025-12-26T00:22:30.476+0530] {dagbag.py:545} INFO - Filling up the DagBag from /home/sathya/projects/training-kit/.venv-airflow/lib/python3.10/site-packages/airflow/example_dags/subdags/subdag.py
[2025-12-26T00:22:30.479+0530] {processor.py:842} WARNING - No viable dags retrieved from /home/sathya/projects/training-kit/.venv-airflow/lib/python3.10/site-packages/airflow/example_dags/subdags/subdag.py
[2025-12-26T00:22:30.491+0530] {processor.py:183} INFO - Processing /home/sathya/projects/training-kit/.venv-airflow/lib/python3.10/site-packages/airflow/example_dags/subdags/subdag.py took 0.032 seconds
[2025-12-26T00:23:20.065+0530] {processor.py:161} INFO - Started process (PID=6186) to work on /home/sathya/projects/training-kit/.venv-airflow/lib/python3.10/site-packages/airflow/example_dags/subdags/subdag.py
[2025-12-26T00:23:20.071+0530] {processor.py:830} INFO - Processing file /home/sathya/projects/training-kit/.venv-airflow/lib/python3.10/site-packages/airflow/example_dags/subdags/subdag.py for tasks to queue
[2025-12-26T00:23:20.072+0530] {logging_mixin.py:188} INFO - [2025-12-26T00:23:20.072+0530] {dagbag.py:545} INFO - Filling up the DagBag from /home/sathya/projects/training-kit/.venv-airflow/lib/python3.10/site-packages/airflow/example_dags/subdags/subdag.py
[2025-12-26T00:23:20.075+0530] {processor.py:842} WARNING - No viable dags retrieved from /home/sathya/projects/training-kit/.venv-airflow/lib/python3.10/site-packages/airflow/example_dags/subdags/subdag.py
[2025-12-26T00:23:20.089+0530] {processor.py:183} INFO - Processing /home/sathya/projects/training-kit/.venv-airflow/lib/python3.10/site-packages/airflow/example_dags/subdags/subdag.py took 0.031 seconds
[2025-12-26T00:24:10.145+0530] {processor.py:161} INFO - Started process (PID=6237) to work on /home/sathya/projects/training-kit/.venv-airflow/lib/python3.10/site-packages/airflow/example_dags/subdags/subdag.py
[2025-12-26T00:24:10.152+0530] {processor.py:830} INFO - Processing file /home/sathya/projects/training-kit/.venv-airflow/lib/python3.10/site-packages/airflow/example_dags/subdags/subdag.py for tasks to queue
[2025-12-26T00:24:10.153+0530] {logging_mixin.py:188} INFO - [2025-12-26T00:24:10.153+0530] {dagbag.py:545} INFO - Filling up the DagBag from /home/sathya/projects/training-kit/.venv-airflow/lib/python3.10/site-packages/airflow/example_dags/subdags/subdag.py
[2025-12-26T00:24:10.157+0530] {processor.py:842} WARNING - No viable dags retrieved from /home/sathya/projects/training-kit/.venv-airflow/lib/python3.10/site-packages/airflow/example_dags/subdags/subdag.py
[2025-12-26T00:24:10.170+0530] {processor.py:183} INFO - Processing /home/sathya/projects/training-kit/.venv-airflow/lib/python3.10/site-packages/airflow/example_dags/subdags/subdag.py took 0.035 seconds
[2025-12-26T00:24:57.849+0530] {processor.py:161} INFO - Started process (PID=6286) to work on /home/sathya/projects/training-kit/.venv-airflow/lib/python3.10/site-packages/airflow/example_dags/subdags/subdag.py
[2025-12-26T00:24:57.856+0530] {processor.py:830} INFO - Processing file /home/sathya/projects/training-kit/.venv-airflow/lib/python3.10/site-packages/airflow/example_dags/subdags/subdag.py for tasks to queue
[2025-12-26T00:24:57.857+0530] {logging_mixin.py:188} INFO - [2025-12-26T00:24:57.856+0530] {dagbag.py:545} INFO - Filling up the DagBag from /home/sathya/projects/training-kit/.venv-airflow/lib/python3.10/site-packages/airflow/example_dags/subdags/subdag.py
[2025-12-26T00:24:57.860+0530] {processor.py:842} WARNING - No viable dags retrieved from /home/sathya/projects/training-kit/.venv-airflow/lib/python3.10/site-packages/airflow/example_dags/subdags/subdag.py
[2025-12-26T00:24:57.875+0530] {processor.py:183} INFO - Processing /home/sathya/projects/training-kit/.venv-airflow/lib/python3.10/site-packages/airflow/example_dags/subdags/subdag.py took 0.035 seconds
[2025-12-26T00:25:43.160+0530] {processor.py:161} INFO - Started process (PID=6337) to work on /home/sathya/projects/training-kit/.venv-airflow/lib/python3.10/site-packages/airflow/example_dags/subdags/subdag.py
[2025-12-26T00:25:43.167+0530] {processor.py:830} INFO - Processing file /home/sathya/projects/training-kit/.venv-airflow/lib/python3.10/site-packages/airflow/example_dags/subdags/subdag.py for tasks to queue
[2025-12-26T00:25:43.169+0530] {logging_mixin.py:188} INFO - [2025-12-26T00:25:43.168+0530] {dagbag.py:545} INFO - Filling up the DagBag from /home/sathya/projects/training-kit/.venv-airflow/lib/python3.10/site-packages/airflow/example_dags/subdags/subdag.py
[2025-12-26T00:25:43.172+0530] {processor.py:842} WARNING - No viable dags retrieved from /home/sathya/projects/training-kit/.venv-airflow/lib/python3.10/site-packages/airflow/example_dags/subdags/subdag.py
[2025-12-26T00:25:43.184+0530] {processor.py:183} INFO - Processing /home/sathya/projects/training-kit/.venv-airflow/lib/python3.10/site-packages/airflow/example_dags/subdags/subdag.py took 0.033 seconds
[2025-12-26T00:26:31.851+0530] {processor.py:161} INFO - Started process (PID=6396) to work on /home/sathya/projects/training-kit/.venv-airflow/lib/python3.10/site-packages/airflow/example_dags/subdags/subdag.py
[2025-12-26T00:26:31.853+0530] {processor.py:830} INFO - Processing file /home/sathya/projects/training-kit/.venv-airflow/lib/python3.10/site-packages/airflow/example_dags/subdags/subdag.py for tasks to queue
[2025-12-26T00:26:31.855+0530] {logging_mixin.py:188} INFO - [2025-12-26T00:26:31.854+0530] {dagbag.py:545} INFO - Filling up the DagBag from /home/sathya/projects/training-kit/.venv-airflow/lib/python3.10/site-packages/airflow/example_dags/subdags/subdag.py
[2025-12-26T00:26:31.858+0530] {processor.py:842} WARNING - No viable dags retrieved from /home/sathya/projects/training-kit/.venv-airflow/lib/python3.10/site-packages/airflow/example_dags/subdags/subdag.py
[2025-12-26T00:26:31.877+0530] {processor.py:183} INFO - Processing /home/sathya/projects/training-kit/.venv-airflow/lib/python3.10/site-packages/airflow/example_dags/subdags/subdag.py took 0.036 seconds
[2025-12-26T00:27:23.227+0530] {processor.py:161} INFO - Started process (PID=6458) to work on /home/sathya/projects/training-kit/.venv-airflow/lib/python3.10/site-packages/airflow/example_dags/subdags/subdag.py
[2025-12-26T00:27:23.229+0530] {processor.py:830} INFO - Processing file /home/sathya/projects/training-kit/.venv-airflow/lib/python3.10/site-packages/airflow/example_dags/subdags/subdag.py for tasks to queue
[2025-12-26T00:27:23.230+0530] {logging_mixin.py:188} INFO - [2025-12-26T00:27:23.229+0530] {dagbag.py:545} INFO - Filling up the DagBag from /home/sathya/projects/training-kit/.venv-airflow/lib/python3.10/site-packages/airflow/example_dags/subdags/subdag.py
[2025-12-26T00:27:23.232+0530] {processor.py:842} WARNING - No viable dags retrieved from /home/sathya/projects/training-kit/.venv-airflow/lib/python3.10/site-packages/airflow/example_dags/subdags/subdag.py
[2025-12-26T00:27:23.242+0530] {processor.py:183} INFO - Processing /home/sathya/projects/training-kit/.venv-airflow/lib/python3.10/site-packages/airflow/example_dags/subdags/subdag.py took 0.022 seconds
[2025-12-26T00:28:05.842+0530] {processor.py:161} INFO - Started process (PID=6504) to work on /home/sathya/projects/training-kit/.venv-airflow/lib/python3.10/site-packages/airflow/example_dags/subdags/subdag.py
[2025-12-26T00:28:05.849+0530] {processor.py:830} INFO - Processing file /home/sathya/projects/training-kit/.venv-airflow/lib/python3.10/site-packages/airflow/example_dags/subdags/subdag.py for tasks to queue
[2025-12-26T00:28:05.851+0530] {logging_mixin.py:188} INFO - [2025-12-26T00:28:05.850+0530] {dagbag.py:545} INFO - Filling up the DagBag from /home/sathya/projects/training-kit/.venv-airflow/lib/python3.10/site-packages/airflow/example_dags/subdags/subdag.py
[2025-12-26T00:28:05.853+0530] {processor.py:842} WARNING - No viable dags retrieved from /home/sathya/projects/training-kit/.venv-airflow/lib/python3.10/site-packages/airflow/example_dags/subdags/subdag.py
[2025-12-26T00:28:05.868+0530] {processor.py:183} INFO - Processing /home/sathya/projects/training-kit/.venv-airflow/lib/python3.10/site-packages/airflow/example_dags/subdags/subdag.py took 0.036 seconds
[2025-12-26T00:28:51.617+0530] {processor.py:161} INFO - Started process (PID=6552) to work on /home/sathya/projects/training-kit/.venv-airflow/lib/python3.10/site-packages/airflow/example_dags/subdags/subdag.py
[2025-12-26T00:28:51.618+0530] {processor.py:830} INFO - Processing file /home/sathya/projects/training-kit/.venv-airflow/lib/python3.10/site-packages/airflow/example_dags/subdags/subdag.py for tasks to queue
[2025-12-26T00:28:51.619+0530] {logging_mixin.py:188} INFO - [2025-12-26T00:28:51.619+0530] {dagbag.py:545} INFO - Filling up the DagBag from /home/sathya/projects/training-kit/.venv-airflow/lib/python3.10/site-packages/airflow/example_dags/subdags/subdag.py
[2025-12-26T00:28:51.622+0530] {processor.py:842} WARNING - No viable dags retrieved from /home/sathya/projects/training-kit/.venv-airflow/lib/python3.10/site-packages/airflow/example_dags/subdags/subdag.py
[2025-12-26T00:28:51.635+0530] {processor.py:183} INFO - Processing /home/sathya/projects/training-kit/.venv-airflow/lib/python3.10/site-packages/airflow/example_dags/subdags/subdag.py took 0.026 seconds
[2025-12-26T00:29:34.703+0530] {processor.py:161} INFO - Started process (PID=6602) to work on /home/sathya/projects/training-kit/.venv-airflow/lib/python3.10/site-packages/airflow/example_dags/subdags/subdag.py
[2025-12-26T00:29:34.710+0530] {processor.py:830} INFO - Processing file /home/sathya/projects/training-kit/.venv-airflow/lib/python3.10/site-packages/airflow/example_dags/subdags/subdag.py for tasks to queue
[2025-12-26T00:29:34.712+0530] {logging_mixin.py:188} INFO - [2025-12-26T00:29:34.711+0530] {dagbag.py:545} INFO - Filling up the DagBag from /home/sathya/projects/training-kit/.venv-airflow/lib/python3.10/site-packages/airflow/example_dags/subdags/subdag.py
[2025-12-26T00:29:34.715+0530] {processor.py:842} WARNING - No viable dags retrieved from /home/sathya/projects/training-kit/.venv-airflow/lib/python3.10/site-packages/airflow/example_dags/subdags/subdag.py
[2025-12-26T00:29:34.728+0530] {processor.py:183} INFO - Processing /home/sathya/projects/training-kit/.venv-airflow/lib/python3.10/site-packages/airflow/example_dags/subdags/subdag.py took 0.039 seconds
[2025-12-26T00:30:21.555+0530] {processor.py:161} INFO - Started process (PID=6651) to work on /home/sathya/projects/training-kit/.venv-airflow/lib/python3.10/site-packages/airflow/example_dags/subdags/subdag.py
[2025-12-26T00:30:21.557+0530] {processor.py:830} INFO - Processing file /home/sathya/projects/training-kit/.venv-airflow/lib/python3.10/site-packages/airflow/example_dags/subdags/subdag.py for tasks to queue
[2025-12-26T00:30:21.558+0530] {logging_mixin.py:188} INFO - [2025-12-26T00:30:21.558+0530] {dagbag.py:545} INFO - Filling up the DagBag from /home/sathya/projects/training-kit/.venv-airflow/lib/python3.10/site-packages/airflow/example_dags/subdags/subdag.py
[2025-12-26T00:30:21.560+0530] {processor.py:842} WARNING - No viable dags retrieved from /home/sathya/projects/training-kit/.venv-airflow/lib/python3.10/site-packages/airflow/example_dags/subdags/subdag.py
[2025-12-26T00:30:21.572+0530] {processor.py:183} INFO - Processing /home/sathya/projects/training-kit/.venv-airflow/lib/python3.10/site-packages/airflow/example_dags/subdags/subdag.py took 0.024 seconds
[2025-12-26T00:31:14.851+0530] {processor.py:161} INFO - Started process (PID=6702) to work on /home/sathya/projects/training-kit/.venv-airflow/lib/python3.10/site-packages/airflow/example_dags/subdags/subdag.py
[2025-12-26T00:31:14.857+0530] {processor.py:830} INFO - Processing file /home/sathya/projects/training-kit/.venv-airflow/lib/python3.10/site-packages/airflow/example_dags/subdags/subdag.py for tasks to queue
[2025-12-26T00:31:14.859+0530] {logging_mixin.py:188} INFO - [2025-12-26T00:31:14.858+0530] {dagbag.py:545} INFO - Filling up the DagBag from /home/sathya/projects/training-kit/.venv-airflow/lib/python3.10/site-packages/airflow/example_dags/subdags/subdag.py
[2025-12-26T00:31:14.862+0530] {processor.py:842} WARNING - No viable dags retrieved from /home/sathya/projects/training-kit/.venv-airflow/lib/python3.10/site-packages/airflow/example_dags/subdags/subdag.py
[2025-12-26T00:31:14.873+0530] {processor.py:183} INFO - Processing /home/sathya/projects/training-kit/.venv-airflow/lib/python3.10/site-packages/airflow/example_dags/subdags/subdag.py took 0.036 seconds
[2025-12-26T00:32:07.762+0530] {processor.py:161} INFO - Started process (PID=6754) to work on /home/sathya/projects/training-kit/.venv-airflow/lib/python3.10/site-packages/airflow/example_dags/subdags/subdag.py
[2025-12-26T00:32:07.764+0530] {processor.py:830} INFO - Processing file /home/sathya/projects/training-kit/.venv-airflow/lib/python3.10/site-packages/airflow/example_dags/subdags/subdag.py for tasks to queue
[2025-12-26T00:32:07.765+0530] {logging_mixin.py:188} INFO - [2025-12-26T00:32:07.765+0530] {dagbag.py:545} INFO - Filling up the DagBag from /home/sathya/projects/training-kit/.venv-airflow/lib/python3.10/site-packages/airflow/example_dags/subdags/subdag.py
[2025-12-26T00:32:07.768+0530] {processor.py:842} WARNING - No viable dags retrieved from /home/sathya/projects/training-kit/.venv-airflow/lib/python3.10/site-packages/airflow/example_dags/subdags/subdag.py
[2025-12-26T00:32:07.784+0530] {processor.py:183} INFO - Processing /home/sathya/projects/training-kit/.venv-airflow/lib/python3.10/site-packages/airflow/example_dags/subdags/subdag.py took 0.033 seconds
[2025-12-26T00:32:55.569+0530] {processor.py:161} INFO - Started process (PID=6806) to work on /home/sathya/projects/training-kit/.venv-airflow/lib/python3.10/site-packages/airflow/example_dags/subdags/subdag.py
[2025-12-26T00:32:55.576+0530] {processor.py:830} INFO - Processing file /home/sathya/projects/training-kit/.venv-airflow/lib/python3.10/site-packages/airflow/example_dags/subdags/subdag.py for tasks to queue
[2025-12-26T00:32:55.577+0530] {logging_mixin.py:188} INFO - [2025-12-26T00:32:55.577+0530] {dagbag.py:545} INFO - Filling up the DagBag from /home/sathya/projects/training-kit/.venv-airflow/lib/python3.10/site-packages/airflow/example_dags/subdags/subdag.py
[2025-12-26T00:32:55.581+0530] {processor.py:842} WARNING - No viable dags retrieved from /home/sathya/projects/training-kit/.venv-airflow/lib/python3.10/site-packages/airflow/example_dags/subdags/subdag.py
[2025-12-26T00:32:55.594+0530] {processor.py:183} INFO - Processing /home/sathya/projects/training-kit/.venv-airflow/lib/python3.10/site-packages/airflow/example_dags/subdags/subdag.py took 0.035 seconds
[2025-12-26T00:33:39.378+0530] {processor.py:161} INFO - Started process (PID=6852) to work on /home/sathya/projects/training-kit/.venv-airflow/lib/python3.10/site-packages/airflow/example_dags/subdags/subdag.py
[2025-12-26T00:33:39.386+0530] {processor.py:830} INFO - Processing file /home/sathya/projects/training-kit/.venv-airflow/lib/python3.10/site-packages/airflow/example_dags/subdags/subdag.py for tasks to queue
[2025-12-26T00:33:39.388+0530] {logging_mixin.py:188} INFO - [2025-12-26T00:33:39.387+0530] {dagbag.py:545} INFO - Filling up the DagBag from /home/sathya/projects/training-kit/.venv-airflow/lib/python3.10/site-packages/airflow/example_dags/subdags/subdag.py
[2025-12-26T00:33:39.392+0530] {processor.py:842} WARNING - No viable dags retrieved from /home/sathya/projects/training-kit/.venv-airflow/lib/python3.10/site-packages/airflow/example_dags/subdags/subdag.py
[2025-12-26T00:33:39.408+0530] {processor.py:183} INFO - Processing /home/sathya/projects/training-kit/.venv-airflow/lib/python3.10/site-packages/airflow/example_dags/subdags/subdag.py took 0.042 seconds
[2025-12-26T00:34:23.666+0530] {processor.py:161} INFO - Started process (PID=6899) to work on /home/sathya/projects/training-kit/.venv-airflow/lib/python3.10/site-packages/airflow/example_dags/subdags/subdag.py
[2025-12-26T00:34:23.672+0530] {processor.py:830} INFO - Processing file /home/sathya/projects/training-kit/.venv-airflow/lib/python3.10/site-packages/airflow/example_dags/subdags/subdag.py for tasks to queue
[2025-12-26T00:34:23.673+0530] {logging_mixin.py:188} INFO - [2025-12-26T00:34:23.673+0530] {dagbag.py:545} INFO - Filling up the DagBag from /home/sathya/projects/training-kit/.venv-airflow/lib/python3.10/site-packages/airflow/example_dags/subdags/subdag.py
[2025-12-26T00:34:23.676+0530] {processor.py:842} WARNING - No viable dags retrieved from /home/sathya/projects/training-kit/.venv-airflow/lib/python3.10/site-packages/airflow/example_dags/subdags/subdag.py
[2025-12-26T00:34:23.688+0530] {processor.py:183} INFO - Processing /home/sathya/projects/training-kit/.venv-airflow/lib/python3.10/site-packages/airflow/example_dags/subdags/subdag.py took 0.031 seconds
[2025-12-26T00:35:10.104+0530] {processor.py:161} INFO - Started process (PID=6953) to work on /home/sathya/projects/training-kit/.venv-airflow/lib/python3.10/site-packages/airflow/example_dags/subdags/subdag.py
[2025-12-26T00:35:10.110+0530] {processor.py:830} INFO - Processing file /home/sathya/projects/training-kit/.venv-airflow/lib/python3.10/site-packages/airflow/example_dags/subdags/subdag.py for tasks to queue
[2025-12-26T00:35:10.112+0530] {logging_mixin.py:188} INFO - [2025-12-26T00:35:10.111+0530] {dagbag.py:545} INFO - Filling up the DagBag from /home/sathya/projects/training-kit/.venv-airflow/lib/python3.10/site-packages/airflow/example_dags/subdags/subdag.py
[2025-12-26T00:35:10.115+0530] {processor.py:842} WARNING - No viable dags retrieved from /home/sathya/projects/training-kit/.venv-airflow/lib/python3.10/site-packages/airflow/example_dags/subdags/subdag.py
[2025-12-26T00:35:10.130+0530] {processor.py:183} INFO - Processing /home/sathya/projects/training-kit/.venv-airflow/lib/python3.10/site-packages/airflow/example_dags/subdags/subdag.py took 0.034 seconds
[2025-12-26T00:36:00.843+0530] {processor.py:161} INFO - Started process (PID=7002) to work on /home/sathya/projects/training-kit/.venv-airflow/lib/python3.10/site-packages/airflow/example_dags/subdags/subdag.py
[2025-12-26T00:36:00.850+0530] {processor.py:830} INFO - Processing file /home/sathya/projects/training-kit/.venv-airflow/lib/python3.10/site-packages/airflow/example_dags/subdags/subdag.py for tasks to queue
[2025-12-26T00:36:00.852+0530] {logging_mixin.py:188} INFO - [2025-12-26T00:36:00.852+0530] {dagbag.py:545} INFO - Filling up the DagBag from /home/sathya/projects/training-kit/.venv-airflow/lib/python3.10/site-packages/airflow/example_dags/subdags/subdag.py
[2025-12-26T00:36:00.854+0530] {processor.py:842} WARNING - No viable dags retrieved from /home/sathya/projects/training-kit/.venv-airflow/lib/python3.10/site-packages/airflow/example_dags/subdags/subdag.py
[2025-12-26T00:36:00.873+0530] {processor.py:183} INFO - Processing /home/sathya/projects/training-kit/.venv-airflow/lib/python3.10/site-packages/airflow/example_dags/subdags/subdag.py took 0.037 seconds
[2025-12-26T00:36:48.479+0530] {processor.py:161} INFO - Started process (PID=7054) to work on /home/sathya/projects/training-kit/.venv-airflow/lib/python3.10/site-packages/airflow/example_dags/subdags/subdag.py
[2025-12-26T00:36:48.485+0530] {processor.py:830} INFO - Processing file /home/sathya/projects/training-kit/.venv-airflow/lib/python3.10/site-packages/airflow/example_dags/subdags/subdag.py for tasks to queue
[2025-12-26T00:36:48.486+0530] {logging_mixin.py:188} INFO - [2025-12-26T00:36:48.486+0530] {dagbag.py:545} INFO - Filling up the DagBag from /home/sathya/projects/training-kit/.venv-airflow/lib/python3.10/site-packages/airflow/example_dags/subdags/subdag.py
[2025-12-26T00:36:48.489+0530] {processor.py:842} WARNING - No viable dags retrieved from /home/sathya/projects/training-kit/.venv-airflow/lib/python3.10/site-packages/airflow/example_dags/subdags/subdag.py
[2025-12-26T00:36:48.501+0530] {processor.py:183} INFO - Processing /home/sathya/projects/training-kit/.venv-airflow/lib/python3.10/site-packages/airflow/example_dags/subdags/subdag.py took 0.029 seconds
[2025-12-26T00:37:31.084+0530] {processor.py:161} INFO - Started process (PID=7107) to work on /home/sathya/projects/training-kit/.venv-airflow/lib/python3.10/site-packages/airflow/example_dags/subdags/subdag.py
[2025-12-26T00:37:31.087+0530] {processor.py:830} INFO - Processing file /home/sathya/projects/training-kit/.venv-airflow/lib/python3.10/site-packages/airflow/example_dags/subdags/subdag.py for tasks to queue
[2025-12-26T00:37:31.088+0530] {logging_mixin.py:188} INFO - [2025-12-26T00:37:31.087+0530] {dagbag.py:545} INFO - Filling up the DagBag from /home/sathya/projects/training-kit/.venv-airflow/lib/python3.10/site-packages/airflow/example_dags/subdags/subdag.py
[2025-12-26T00:37:31.090+0530] {processor.py:842} WARNING - No viable dags retrieved from /home/sathya/projects/training-kit/.venv-airflow/lib/python3.10/site-packages/airflow/example_dags/subdags/subdag.py
[2025-12-26T00:37:31.113+0530] {processor.py:183} INFO - Processing /home/sathya/projects/training-kit/.venv-airflow/lib/python3.10/site-packages/airflow/example_dags/subdags/subdag.py took 0.040 seconds
