[2025-12-26T22:45:43.475+0530] {local_task_job_runner.py:120} INFO - ::group::Pre task execution logs
[2025-12-26T22:45:43.490+0530] {taskinstance.py:2076} INFO - Dependencies all met for dep_context=non-requeueable deps ti=<TaskInstance: example_dynamic_task_mapping.add_one scheduled__2022-08-19T00:00:00+00:00 map_index=0 [queued]>
[2025-12-26T22:45:43.493+0530] {taskinstance.py:2076} INFO - Dependencies all met for dep_context=requeueable deps ti=<TaskInstance: example_dynamic_task_mapping.add_one scheduled__2022-08-19T00:00:00+00:00 map_index=0 [queued]>
[2025-12-26T22:45:43.494+0530] {taskinstance.py:2306} INFO - Starting attempt 1 of 1
[2025-12-26T22:45:43.507+0530] {taskinstance.py:2330} INFO - Executing <Mapped(_PythonDecoratedOperator): add_one> on 2022-08-19 00:00:00+00:00
[2025-12-26T22:45:43.510+0530] {standard_task_runner.py:64} INFO - Started process 8982 to run task
[2025-12-26T22:45:43.512+0530] {standard_task_runner.py:90} INFO - Running: ['airflow', 'tasks', 'run', 'example_dynamic_task_mapping', 'add_one', 'scheduled__2022-08-19T00:00:00+00:00', '--job-id', '1004', '--raw', '--subdir', '/home/sathya/projects/training-kit/.venv-airflow/lib/python3.10/site-packages/airflow/example_dags/example_dynamic_task_mapping.py', '--cfg-path', '/tmp/tmpgy7wg14f', '--map-index', '0']
[2025-12-26T22:45:43.513+0530] {standard_task_runner.py:91} INFO - Job 1004: Subtask add_one
[2025-12-26T22:45:43.541+0530] {task_command.py:426} INFO - Running <TaskInstance: example_dynamic_task_mapping.add_one scheduled__2022-08-19T00:00:00+00:00 map_index=0 [running]> on host LAPTOP-A1PMOBSE.localdomain
[2025-12-26T22:45:43.600+0530] {taskinstance.py:2648} INFO - Exporting env vars: AIRFLOW_CTX_DAG_OWNER='airflow' AIRFLOW_CTX_DAG_ID='example_dynamic_task_mapping' AIRFLOW_CTX_TASK_ID='add_one' AIRFLOW_CTX_EXECUTION_DATE='2022-08-19T00:00:00+00:00' AIRFLOW_CTX_TRY_NUMBER='1' AIRFLOW_CTX_DAG_RUN_ID='scheduled__2022-08-19T00:00:00+00:00'
[2025-12-26T22:45:43.601+0530] {taskinstance.py:430} INFO - ::endgroup::
[2025-12-26T22:45:43.601+0530] {python.py:237} INFO - Done. Returned value was: 2
[2025-12-26T22:45:43.602+0530] {taskinstance.py:441} INFO - ::group::Post task execution logs
[2025-12-26T22:45:43.614+0530] {taskinstance.py:1206} INFO - Marking task as SUCCESS. dag_id=example_dynamic_task_mapping, task_id=add_one, run_id=scheduled__2022-08-19T00:00:00+00:00, map_index=0, execution_date=20220819T000000, start_date=20251226T171543, end_date=20251226T171543
[2025-12-26T22:45:43.654+0530] {local_task_job_runner.py:243} INFO - Task exited with return code 0
[2025-12-26T22:45:43.675+0530] {taskinstance.py:3503} INFO - 0 downstream tasks scheduled from follow-on schedule check
[2025-12-26T22:45:43.675+0530] {local_task_job_runner.py:222} INFO - ::endgroup::
[2026-03-10T23:34:40.722+0530] {local_task_job_runner.py:120} INFO - ::group::Pre task execution logs
[2026-03-10T23:34:40.800+0530] {taskinstance.py:2076} INFO - Dependencies all met for dep_context=non-requeueable deps ti=<TaskInstance: example_dynamic_task_mapping.add_one scheduled__2022-08-19T00:00:00+00:00 map_index=0 [queued]>
[2026-03-10T23:34:40.825+0530] {taskinstance.py:2076} INFO - Dependencies all met for dep_context=requeueable deps ti=<TaskInstance: example_dynamic_task_mapping.add_one scheduled__2022-08-19T00:00:00+00:00 map_index=0 [queued]>
[2026-03-10T23:34:40.825+0530] {taskinstance.py:2306} INFO - Starting attempt 1 of 1
[2026-03-10T23:34:40.882+0530] {taskinstance.py:2330} INFO - Executing <Mapped(_PythonDecoratedOperator): add_one> on 2022-08-19 00:00:00+00:00
[2026-03-10T23:34:40.896+0530] {standard_task_runner.py:64} INFO - Started process 12959 to run task
[2026-03-10T23:34:40.908+0530] {standard_task_runner.py:90} INFO - Running: ['airflow', 'tasks', 'run', 'example_dynamic_task_mapping', 'add_one', 'scheduled__2022-08-19T00:00:00+00:00', '--job-id', '1171', '--raw', '--subdir', '/home/sathya/projects/training-kit/.venv-airflow/lib/python3.10/site-packages/airflow/example_dags/example_dynamic_task_mapping.py', '--cfg-path', '/tmp/tmpjn9a8ul1', '--map-index', '0']
[2026-03-10T23:34:40.915+0530] {standard_task_runner.py:91} INFO - Job 1171: Subtask add_one
[2026-03-10T23:34:41.073+0530] {task_command.py:426} INFO - Running <TaskInstance: example_dynamic_task_mapping.add_one scheduled__2022-08-19T00:00:00+00:00 map_index=0 [running]> on host LAPTOP-A1PMOBSE.localdomain
[2026-03-10T23:34:41.310+0530] {taskinstance.py:2648} INFO - Exporting env vars: AIRFLOW_CTX_DAG_OWNER='airflow' AIRFLOW_CTX_DAG_ID='example_dynamic_task_mapping' AIRFLOW_CTX_TASK_ID='add_one' AIRFLOW_CTX_EXECUTION_DATE='2022-08-19T00:00:00+00:00' AIRFLOW_CTX_TRY_NUMBER='1' AIRFLOW_CTX_DAG_RUN_ID='scheduled__2022-08-19T00:00:00+00:00'
[2026-03-10T23:34:41.316+0530] {taskinstance.py:430} INFO - ::endgroup::
[2026-03-10T23:34:41.317+0530] {python.py:237} INFO - Done. Returned value was: 2
[2026-03-10T23:34:41.319+0530] {taskinstance.py:441} INFO - ::group::Post task execution logs
[2026-03-10T23:34:41.374+0530] {taskinstance.py:1206} INFO - Marking task as SUCCESS. dag_id=example_dynamic_task_mapping, task_id=add_one, run_id=scheduled__2022-08-19T00:00:00+00:00, map_index=0, execution_date=20220819T000000, start_date=20260310T180440, end_date=20260310T180441
[2026-03-10T23:34:41.436+0530] {local_task_job_runner.py:243} INFO - Task exited with return code 0
[2026-03-10T23:34:41.489+0530] {taskinstance.py:3503} INFO - 0 downstream tasks scheduled from follow-on schedule check
[2026-03-10T23:34:41.491+0530] {local_task_job_runner.py:222} INFO - ::endgroup::
