[2026-01-08T21:49:14.587+0530] {local_task_job_runner.py:120} INFO - ::group::Pre task execution logs
[2026-01-08T21:49:14.604+0530] {taskinstance.py:2076} INFO - Dependencies all met for dep_context=non-requeueable deps ti=<TaskInstance: example_setup_teardown.normal scheduled__2025-12-27T00:00:00+00:00 [queued]>
[2026-01-08T21:49:14.609+0530] {taskinstance.py:2076} INFO - Dependencies all met for dep_context=requeueable deps ti=<TaskInstance: example_setup_teardown.normal scheduled__2025-12-27T00:00:00+00:00 [queued]>
[2026-01-08T21:49:14.609+0530] {taskinstance.py:2306} INFO - Starting attempt 1 of 1
[2026-01-08T21:49:14.621+0530] {taskinstance.py:2330} INFO - Executing <Task(BashOperator): normal> on 2025-12-27 00:00:00+00:00
[2026-01-08T21:49:14.623+0530] {standard_task_runner.py:64} INFO - Started process 805 to run task
[2026-01-08T21:49:14.627+0530] {standard_task_runner.py:90} INFO - Running: ['airflow', 'tasks', 'run', 'example_setup_teardown', 'normal', 'scheduled__2025-12-27T00:00:00+00:00', '--job-id', '5138', '--raw', '--subdir', '/home/sathya/projects/training-kit/.venv-airflow/lib/python3.10/site-packages/airflow/example_dags/example_setup_teardown.py', '--cfg-path', '/tmp/tmpeac9bj_m']
[2026-01-08T21:49:14.628+0530] {standard_task_runner.py:91} INFO - Job 5138: Subtask normal
[2026-01-08T21:49:14.672+0530] {task_command.py:426} INFO - Running <TaskInstance: example_setup_teardown.normal scheduled__2025-12-27T00:00:00+00:00 [running]> on host LAPTOP-A1PMOBSE.localdomain
[2026-01-08T21:49:14.744+0530] {taskinstance.py:2648} INFO - Exporting env vars: AIRFLOW_CTX_DAG_OWNER='airflow' AIRFLOW_CTX_DAG_ID='example_setup_teardown' AIRFLOW_CTX_TASK_ID='normal' AIRFLOW_CTX_EXECUTION_DATE='2025-12-27T00:00:00+00:00' AIRFLOW_CTX_TRY_NUMBER='1' AIRFLOW_CTX_DAG_RUN_ID='scheduled__2025-12-27T00:00:00+00:00'
[2026-01-08T21:49:14.744+0530] {taskinstance.py:430} INFO - ::endgroup::
[2026-01-08T21:49:14.745+0530] {subprocess.py:63} INFO - Tmp dir root location: /tmp
[2026-01-08T21:49:14.745+0530] {subprocess.py:75} INFO - Running command: ['/usr/bin/bash', '-c', "echo 'I am just a normal task'"]
[2026-01-08T21:49:14.750+0530] {subprocess.py:86} INFO - Output:
[2026-01-08T21:49:14.751+0530] {subprocess.py:93} INFO - I am just a normal task
[2026-01-08T21:49:14.751+0530] {subprocess.py:97} INFO - Command exited with return code 0
[2026-01-08T21:49:14.752+0530] {taskinstance.py:441} INFO - ::group::Post task execution logs
[2026-01-08T21:49:14.770+0530] {taskinstance.py:1206} INFO - Marking task as SUCCESS. dag_id=example_setup_teardown, task_id=normal, run_id=scheduled__2025-12-27T00:00:00+00:00, execution_date=20251227T000000, start_date=20260108T161914, end_date=20260108T161914
[2026-01-08T21:49:14.800+0530] {local_task_job_runner.py:243} INFO - Task exited with return code 0
[2026-01-08T21:49:14.814+0530] {taskinstance.py:3503} INFO - 2 downstream tasks scheduled from follow-on schedule check
[2026-01-08T21:49:14.821+0530] {local_task_job_runner.py:222} INFO - ::endgroup::
