[2026-03-10T23:42:20.695+0530] {local_task_job_runner.py:120} INFO - ::group::Pre task execution logs
[2026-03-10T23:42:20.747+0530] {taskinstance.py:2076} INFO - Dependencies all met for dep_context=non-requeueable deps ti=<TaskInstance: daily_elt.dbt_run manual__2026-03-09T16:56:19.719507+00:00 [queued]>
[2026-03-10T23:42:20.764+0530] {taskinstance.py:2076} INFO - Dependencies all met for dep_context=requeueable deps ti=<TaskInstance: daily_elt.dbt_run manual__2026-03-09T16:56:19.719507+00:00 [queued]>
[2026-03-10T23:42:20.764+0530] {taskinstance.py:2306} INFO - Starting attempt 7 of 8
[2026-03-10T23:42:20.811+0530] {taskinstance.py:2330} INFO - Executing <Task(BashOperator): dbt_run> on 2026-03-09 16:56:19.719507+00:00
[2026-03-10T23:42:20.821+0530] {standard_task_runner.py:64} INFO - Started process 14074 to run task
[2026-03-10T23:42:20.831+0530] {standard_task_runner.py:90} INFO - Running: ['airflow', 'tasks', 'run', 'daily_elt', 'dbt_run', 'manual__2026-03-09T16:56:19.719507+00:00', '--job-id', '1277', '--raw', '--subdir', 'DAGS_FOLDER/elt_dag.py', '--cfg-path', '/tmp/tmpolqota02']
[2026-03-10T23:42:20.835+0530] {standard_task_runner.py:91} INFO - Job 1277: Subtask dbt_run
[2026-03-10T23:42:20.926+0530] {task_command.py:426} INFO - Running <TaskInstance: daily_elt.dbt_run manual__2026-03-09T16:56:19.719507+00:00 [running]> on host LAPTOP-A1PMOBSE.localdomain
[2026-03-10T23:42:21.091+0530] {taskinstance.py:2648} INFO - Exporting env vars: AIRFLOW_CTX_DAG_OWNER='data-eng' AIRFLOW_CTX_DAG_ID='daily_elt' AIRFLOW_CTX_TASK_ID='dbt_run' AIRFLOW_CTX_EXECUTION_DATE='2026-03-09T16:56:19.719507+00:00' AIRFLOW_CTX_TRY_NUMBER='7' AIRFLOW_CTX_DAG_RUN_ID='manual__2026-03-09T16:56:19.719507+00:00'
[2026-03-10T23:42:21.097+0530] {taskinstance.py:430} INFO - ::endgroup::
[2026-03-10T23:42:21.098+0530] {subprocess.py:63} INFO - Tmp dir root location: /tmp
[2026-03-10T23:42:21.100+0530] {subprocess.py:75} INFO - Running command: ['/usr/bin/bash', '-c', 'cd /home/sathya/projects/training-kit && dbt run --profiles-dir /home/sathya/projects/training-kit']
[2026-03-10T23:42:21.127+0530] {subprocess.py:86} INFO - Output:
[2026-03-10T23:42:24.167+0530] {subprocess.py:93} INFO - [0m18:12:24  Running with dbt=1.5.0
[2026-03-10T23:42:24.620+0530] {subprocess.py:93} INFO - [0m18:12:24  Found 0 models, 0 tests, 0 snapshots, 0 analyses, 307 macros, 0 operations, 0 seed files, 0 sources, 0 exposures, 0 metrics, 0 groups
[2026-03-10T23:42:24.625+0530] {subprocess.py:93} INFO - [0m18:12:24
[2026-03-10T23:42:24.625+0530] {subprocess.py:93} INFO - [0m18:12:24  Nothing to do. Try checking your model configs and model specification args
[2026-03-10T23:42:26.413+0530] {subprocess.py:97} INFO - Command exited with return code 0
[2026-03-10T23:42:26.415+0530] {taskinstance.py:441} INFO - ::group::Post task execution logs
[2026-03-10T23:42:26.467+0530] {taskinstance.py:1206} INFO - Marking task as SUCCESS. dag_id=daily_elt, task_id=dbt_run, run_id=manual__2026-03-09T16:56:19.719507+00:00, execution_date=20260309T165619, start_date=20260310T181220, end_date=20260310T181226
[2026-03-10T23:42:26.552+0530] {local_task_job_runner.py:243} INFO - Task exited with return code 0
[2026-03-10T23:42:26.581+0530] {taskinstance.py:3503} INFO - 1 downstream tasks scheduled from follow-on schedule check
[2026-03-10T23:42:26.598+0530] {local_task_job_runner.py:222} INFO - ::endgroup::
