[2026-03-10T22:58:52.380+0530] {local_task_job_runner.py:120} INFO - ::group::Pre task execution logs
[2026-03-10T22:58:52.403+0530] {taskinstance.py:2076} INFO - Dependencies all met for dep_context=non-requeueable deps ti=<TaskInstance: example_branch_python_operator_decorator.branching_virtualenv scheduled__2026-03-09T00:00:00+00:00 [queued]>
[2026-03-10T22:58:52.410+0530] {taskinstance.py:2076} INFO - Dependencies all met for dep_context=requeueable deps ti=<TaskInstance: example_branch_python_operator_decorator.branching_virtualenv scheduled__2026-03-09T00:00:00+00:00 [queued]>
[2026-03-10T22:58:52.410+0530] {taskinstance.py:2306} INFO - Starting attempt 1 of 1
[2026-03-10T22:58:52.426+0530] {taskinstance.py:2330} INFO - Executing <Task(_BranchPythonVirtualenvDecoratedOperator): branching_virtualenv> on 2026-03-09 00:00:00+00:00
[2026-03-10T22:58:52.432+0530] {standard_task_runner.py:64} INFO - Started process 4317 to run task
[2026-03-10T22:58:52.438+0530] {standard_task_runner.py:90} INFO - Running: ['airflow', 'tasks', 'run', 'example_branch_python_operator_decorator', 'branching_virtualenv', 'scheduled__2026-03-09T00:00:00+00:00', '--job-id', '337', '--raw', '--subdir', '/home/sathya/projects/training-kit/.venv-airflow/lib/python3.10/site-packages/airflow/example_dags/example_branch_operator_decorator.py', '--cfg-path', '/tmp/tmpfhq8lvu_']
[2026-03-10T22:58:52.441+0530] {standard_task_runner.py:91} INFO - Job 337: Subtask branching_virtualenv
[2026-03-10T22:58:52.497+0530] {task_command.py:426} INFO - Running <TaskInstance: example_branch_python_operator_decorator.branching_virtualenv scheduled__2026-03-09T00:00:00+00:00 [running]> on host LAPTOP-A1PMOBSE.localdomain
[2026-03-10T22:58:52.573+0530] {taskinstance.py:2648} INFO - Exporting env vars: AIRFLOW_CTX_DAG_OWNER='airflow' AIRFLOW_CTX_DAG_ID='example_branch_python_operator_decorator' AIRFLOW_CTX_TASK_ID='branching_virtualenv' AIRFLOW_CTX_EXECUTION_DATE='2026-03-09T00:00:00+00:00' AIRFLOW_CTX_TRY_NUMBER='1' AIRFLOW_CTX_DAG_RUN_ID='scheduled__2026-03-09T00:00:00+00:00'
[2026-03-10T22:58:52.575+0530] {taskinstance.py:430} INFO - ::endgroup::
[2026-03-10T22:58:52.579+0530] {python.py:708} INFO - Python virtual environment will be cached in /tmp/venv-ebe3c33d
[2026-03-10T22:58:52.580+0530] {python.py:720} INFO - Re-using cached Python virtual environment in /tmp/venv-ebe3c33d
[2026-03-10T22:58:52.588+0530] {process_utils.py:183} INFO - Executing cmd: /tmp/venv-ebe3c33d/bin/python /tmp/venv-callmiuwqnxi/script.py /tmp/venv-callmiuwqnxi/script.in /tmp/venv-callmiuwqnxi/script.out /tmp/venv-callmiuwqnxi/string_args.txt /tmp/venv-callmiuwqnxi/termination.log
[2026-03-10T22:58:52.589+0530] {process_utils.py:187} INFO - Output:
[2026-03-10T22:58:52.877+0530] {process_utils.py:191} INFO - Some numpy stuff: [0 1 2 3 4 5]
[2026-03-10T22:58:52.894+0530] {python.py:237} INFO - Done. Returned value was: venv_d
[2026-03-10T22:58:52.894+0530] {branch.py:36} INFO - Branch into venv_d
[2026-03-10T22:58:52.894+0530] {skipmixin.py:178} INFO - Following branch venv_d
[2026-03-10T22:58:52.905+0530] {skipmixin.py:246} INFO - Skipping tasks [('venv_c', -1), ('venv_a', -1), ('venv_b', -1)]
[2026-03-10T22:58:52.935+0530] {taskinstance.py:441} INFO - ::group::Post task execution logs
[2026-03-10T22:58:52.954+0530] {taskinstance.py:1206} INFO - Marking task as SUCCESS. dag_id=example_branch_python_operator_decorator, task_id=branching_virtualenv, run_id=scheduled__2026-03-09T00:00:00+00:00, execution_date=20260309T000000, start_date=20260310T172852, end_date=20260310T172852
[2026-03-10T22:58:53.008+0530] {local_task_job_runner.py:243} INFO - Task exited with return code 0
[2026-03-10T22:58:53.041+0530] {taskinstance.py:3503} INFO - 1 downstream tasks scheduled from follow-on schedule check
[2026-03-10T22:58:53.060+0530] {local_task_job_runner.py:222} INFO - ::endgroup::
