[2025-12-26T22:39:53.529+0530] {local_task_job_runner.py:120} INFO - ::group::Pre task execution logs
[2025-12-26T22:39:53.549+0530] {taskinstance.py:2076} INFO - Dependencies all met for dep_context=non-requeueable deps ti=<TaskInstance: example_dynamic_task_mapping.add_one scheduled__2022-07-26T00:00:00+00:00 map_index=1 [queued]>
[2025-12-26T22:39:53.554+0530] {taskinstance.py:2076} INFO - Dependencies all met for dep_context=requeueable deps ti=<TaskInstance: example_dynamic_task_mapping.add_one scheduled__2022-07-26T00:00:00+00:00 map_index=1 [queued]>
[2025-12-26T22:39:53.554+0530] {taskinstance.py:2306} INFO - Starting attempt 1 of 1
[2025-12-26T22:39:53.571+0530] {taskinstance.py:2330} INFO - Executing <Mapped(_PythonDecoratedOperator): add_one> on 2022-07-26 00:00:00+00:00
[2025-12-26T22:39:53.573+0530] {standard_task_runner.py:64} INFO - Started process 8275 to run task
[2025-12-26T22:39:53.578+0530] {standard_task_runner.py:90} INFO - Running: ['airflow', 'tasks', 'run', 'example_dynamic_task_mapping', 'add_one', 'scheduled__2022-07-26T00:00:00+00:00', '--job-id', '879', '--raw', '--subdir', '/home/sathya/projects/training-kit/.venv-airflow/lib/python3.10/site-packages/airflow/example_dags/example_dynamic_task_mapping.py', '--cfg-path', '/tmp/tmpnfxkawy3', '--map-index', '1']
[2025-12-26T22:39:53.578+0530] {standard_task_runner.py:91} INFO - Job 879: Subtask add_one
[2025-12-26T22:39:53.617+0530] {task_command.py:426} INFO - Running <TaskInstance: example_dynamic_task_mapping.add_one scheduled__2022-07-26T00:00:00+00:00 map_index=1 [running]> on host LAPTOP-A1PMOBSE.localdomain
[2025-12-26T22:39:53.675+0530] {taskinstance.py:2648} INFO - Exporting env vars: AIRFLOW_CTX_DAG_OWNER='airflow' AIRFLOW_CTX_DAG_ID='example_dynamic_task_mapping' AIRFLOW_CTX_TASK_ID='add_one' AIRFLOW_CTX_EXECUTION_DATE='2022-07-26T00:00:00+00:00' AIRFLOW_CTX_TRY_NUMBER='1' AIRFLOW_CTX_DAG_RUN_ID='scheduled__2022-07-26T00:00:00+00:00'
[2025-12-26T22:39:53.676+0530] {taskinstance.py:430} INFO - ::endgroup::
[2025-12-26T22:39:53.676+0530] {python.py:237} INFO - Done. Returned value was: 3
[2025-12-26T22:39:53.676+0530] {taskinstance.py:441} INFO - ::group::Post task execution logs
[2025-12-26T22:39:53.689+0530] {taskinstance.py:1206} INFO - Marking task as SUCCESS. dag_id=example_dynamic_task_mapping, task_id=add_one, run_id=scheduled__2022-07-26T00:00:00+00:00, map_index=1, execution_date=20220726T000000, start_date=20251226T170953, end_date=20251226T170953
[2025-12-26T22:39:53.715+0530] {local_task_job_runner.py:243} INFO - Task exited with return code 0
[2025-12-26T22:39:53.732+0530] {taskinstance.py:3503} INFO - 0 downstream tasks scheduled from follow-on schedule check
[2025-12-26T22:39:53.732+0530] {local_task_job_runner.py:222} INFO - ::endgroup::
[2026-03-10T23:26:51.803+0530] {local_task_job_runner.py:120} INFO - ::group::Pre task execution logs
[2026-03-10T23:26:51.857+0530] {taskinstance.py:2076} INFO - Dependencies all met for dep_context=non-requeueable deps ti=<TaskInstance: example_dynamic_task_mapping.add_one scheduled__2022-07-26T00:00:00+00:00 map_index=1 [queued]>
[2026-03-10T23:26:51.876+0530] {taskinstance.py:2076} INFO - Dependencies all met for dep_context=requeueable deps ti=<TaskInstance: example_dynamic_task_mapping.add_one scheduled__2022-07-26T00:00:00+00:00 map_index=1 [queued]>
[2026-03-10T23:26:51.876+0530] {taskinstance.py:2306} INFO - Starting attempt 1 of 1
[2026-03-10T23:26:51.929+0530] {taskinstance.py:2330} INFO - Executing <Mapped(_PythonDecoratedOperator): add_one> on 2022-07-26 00:00:00+00:00
[2026-03-10T23:26:51.941+0530] {standard_task_runner.py:64} INFO - Started process 11395 to run task
[2026-03-10T23:26:51.950+0530] {standard_task_runner.py:90} INFO - Running: ['airflow', 'tasks', 'run', 'example_dynamic_task_mapping', 'add_one', 'scheduled__2022-07-26T00:00:00+00:00', '--job-id', '1022', '--raw', '--subdir', '/home/sathya/projects/training-kit/.venv-airflow/lib/python3.10/site-packages/airflow/example_dags/example_dynamic_task_mapping.py', '--cfg-path', '/tmp/tmp0ule0cbj', '--map-index', '1']
[2026-03-10T23:26:51.956+0530] {standard_task_runner.py:91} INFO - Job 1022: Subtask add_one
[2026-03-10T23:26:52.057+0530] {task_command.py:426} INFO - Running <TaskInstance: example_dynamic_task_mapping.add_one scheduled__2022-07-26T00:00:00+00:00 map_index=1 [running]> on host LAPTOP-A1PMOBSE.localdomain
[2026-03-10T23:26:52.240+0530] {taskinstance.py:2648} INFO - Exporting env vars: AIRFLOW_CTX_DAG_OWNER='airflow' AIRFLOW_CTX_DAG_ID='example_dynamic_task_mapping' AIRFLOW_CTX_TASK_ID='add_one' AIRFLOW_CTX_EXECUTION_DATE='2022-07-26T00:00:00+00:00' AIRFLOW_CTX_TRY_NUMBER='1' AIRFLOW_CTX_DAG_RUN_ID='scheduled__2022-07-26T00:00:00+00:00'
[2026-03-10T23:26:52.243+0530] {taskinstance.py:430} INFO - ::endgroup::
[2026-03-10T23:26:52.244+0530] {python.py:237} INFO - Done. Returned value was: 3
[2026-03-10T23:26:52.244+0530] {taskinstance.py:441} INFO - ::group::Post task execution logs
[2026-03-10T23:26:52.289+0530] {taskinstance.py:1206} INFO - Marking task as SUCCESS. dag_id=example_dynamic_task_mapping, task_id=add_one, run_id=scheduled__2022-07-26T00:00:00+00:00, map_index=1, execution_date=20220726T000000, start_date=20260310T175651, end_date=20260310T175652
[2026-03-10T23:26:52.351+0530] {local_task_job_runner.py:243} INFO - Task exited with return code 0
[2026-03-10T23:26:52.404+0530] {taskinstance.py:3503} INFO - 0 downstream tasks scheduled from follow-on schedule check
[2026-03-10T23:26:52.407+0530] {local_task_job_runner.py:222} INFO - ::endgroup::
