[2025-12-27T19:35:28.640+0530] {local_task_job_runner.py:120} INFO - ::group::Pre task execution logs
[2025-12-27T19:35:28.665+0530] {taskinstance.py:2076} INFO - Dependencies all met for dep_context=non-requeueable deps ti=<TaskInstance: example_dynamic_task_mapping.sum_it scheduled__2022-12-12T00:00:00+00:00 [queued]>
[2025-12-27T19:35:28.670+0530] {taskinstance.py:2076} INFO - Dependencies all met for dep_context=requeueable deps ti=<TaskInstance: example_dynamic_task_mapping.sum_it scheduled__2022-12-12T00:00:00+00:00 [queued]>
[2025-12-27T19:35:28.671+0530] {taskinstance.py:2306} INFO - Starting attempt 1 of 1
[2025-12-27T19:35:28.688+0530] {taskinstance.py:2330} INFO - Executing <Task(_PythonDecoratedOperator): sum_it> on 2022-12-12 00:00:00+00:00
[2025-12-27T19:35:28.691+0530] {standard_task_runner.py:64} INFO - Started process 1440 to run task
[2025-12-27T19:35:28.696+0530] {standard_task_runner.py:90} INFO - Running: ['airflow', 'tasks', 'run', 'example_dynamic_task_mapping', 'sum_it', 'scheduled__2022-12-12T00:00:00+00:00', '--job-id', '1801', '--raw', '--subdir', '/home/sathya/projects/training-kit/.venv-airflow/lib/python3.10/site-packages/airflow/example_dags/example_dynamic_task_mapping.py', '--cfg-path', '/tmp/tmp5ak69bgz']
[2025-12-27T19:35:28.697+0530] {standard_task_runner.py:91} INFO - Job 1801: Subtask sum_it
[2025-12-27T19:35:28.737+0530] {task_command.py:426} INFO - Running <TaskInstance: example_dynamic_task_mapping.sum_it scheduled__2022-12-12T00:00:00+00:00 [running]> on host LAPTOP-A1PMOBSE.localdomain
[2025-12-27T19:35:28.827+0530] {taskinstance.py:2648} INFO - Exporting env vars: AIRFLOW_CTX_DAG_OWNER='airflow' AIRFLOW_CTX_DAG_ID='example_dynamic_task_mapping' AIRFLOW_CTX_TASK_ID='sum_it' AIRFLOW_CTX_EXECUTION_DATE='2022-12-12T00:00:00+00:00' AIRFLOW_CTX_TRY_NUMBER='1' AIRFLOW_CTX_DAG_RUN_ID='scheduled__2022-12-12T00:00:00+00:00'
[2025-12-27T19:35:28.829+0530] {taskinstance.py:430} INFO - ::endgroup::
[2025-12-27T19:35:28.833+0530] {logging_mixin.py:188} INFO - Total was 9
[2025-12-27T19:35:28.833+0530] {python.py:237} INFO - Done. Returned value was: None
[2025-12-27T19:35:28.833+0530] {taskinstance.py:441} INFO - ::group::Post task execution logs
[2025-12-27T19:35:28.837+0530] {taskinstance.py:1206} INFO - Marking task as SUCCESS. dag_id=example_dynamic_task_mapping, task_id=sum_it, run_id=scheduled__2022-12-12T00:00:00+00:00, execution_date=20221212T000000, start_date=20251227T140528, end_date=20251227T140528
[2025-12-27T19:35:28.868+0530] {local_task_job_runner.py:243} INFO - Task exited with return code 0
[2025-12-27T19:35:28.880+0530] {taskinstance.py:3503} INFO - 0 downstream tasks scheduled from follow-on schedule check
[2025-12-27T19:35:28.881+0530] {local_task_job_runner.py:222} INFO - ::endgroup::
[2026-03-11T22:49:47.915+0530] {local_task_job_runner.py:120} INFO - ::group::Pre task execution logs
[2026-03-11T22:49:47.932+0530] {taskinstance.py:2076} INFO - Dependencies all met for dep_context=non-requeueable deps ti=<TaskInstance: example_dynamic_task_mapping.sum_it scheduled__2022-12-12T00:00:00+00:00 [queued]>
[2026-03-11T22:49:47.937+0530] {taskinstance.py:2076} INFO - Dependencies all met for dep_context=requeueable deps ti=<TaskInstance: example_dynamic_task_mapping.sum_it scheduled__2022-12-12T00:00:00+00:00 [queued]>
[2026-03-11T22:49:47.937+0530] {taskinstance.py:2306} INFO - Starting attempt 1 of 1
[2026-03-11T22:49:47.954+0530] {taskinstance.py:2330} INFO - Executing <Task(_PythonDecoratedOperator): sum_it> on 2022-12-12 00:00:00+00:00
[2026-03-11T22:49:47.959+0530] {standard_task_runner.py:64} INFO - Started process 10896 to run task
[2026-03-11T22:49:47.962+0530] {standard_task_runner.py:90} INFO - Running: ['airflow', 'tasks', 'run', 'example_dynamic_task_mapping', 'sum_it', 'scheduled__2022-12-12T00:00:00+00:00', '--job-id', '2105', '--raw', '--subdir', '/home/sathya/projects/training-kit/.venv-airflow/lib/python3.10/site-packages/airflow/example_dags/example_dynamic_task_mapping.py', '--cfg-path', '/tmp/tmpp7un8rlh']
[2026-03-11T22:49:47.963+0530] {standard_task_runner.py:91} INFO - Job 2105: Subtask sum_it
[2026-03-11T22:49:47.998+0530] {task_command.py:426} INFO - Running <TaskInstance: example_dynamic_task_mapping.sum_it scheduled__2022-12-12T00:00:00+00:00 [running]> on host LAPTOP-A1PMOBSE.localdomain
[2026-03-11T22:49:48.077+0530] {taskinstance.py:2648} INFO - Exporting env vars: AIRFLOW_CTX_DAG_OWNER='airflow' AIRFLOW_CTX_DAG_ID='example_dynamic_task_mapping' AIRFLOW_CTX_TASK_ID='sum_it' AIRFLOW_CTX_EXECUTION_DATE='2022-12-12T00:00:00+00:00' AIRFLOW_CTX_TRY_NUMBER='1' AIRFLOW_CTX_DAG_RUN_ID='scheduled__2022-12-12T00:00:00+00:00'
[2026-03-11T22:49:48.079+0530] {taskinstance.py:430} INFO - ::endgroup::
[2026-03-11T22:49:48.083+0530] {logging_mixin.py:188} INFO - Total was 9
[2026-03-11T22:49:48.083+0530] {python.py:237} INFO - Done. Returned value was: None
[2026-03-11T22:49:48.083+0530] {taskinstance.py:441} INFO - ::group::Post task execution logs
[2026-03-11T22:49:48.088+0530] {taskinstance.py:1206} INFO - Marking task as SUCCESS. dag_id=example_dynamic_task_mapping, task_id=sum_it, run_id=scheduled__2022-12-12T00:00:00+00:00, execution_date=20221212T000000, start_date=20260311T171947, end_date=20260311T171948
[2026-03-11T22:49:48.148+0530] {local_task_job_runner.py:243} INFO - Task exited with return code 0
[2026-03-11T22:49:48.161+0530] {taskinstance.py:3503} INFO - 0 downstream tasks scheduled from follow-on schedule check
[2026-03-11T22:49:48.161+0530] {local_task_job_runner.py:222} INFO - ::endgroup::
