[2025-12-27T19:41:40.986+0530] {local_task_job_runner.py:120} INFO - ::group::Pre task execution logs
[2025-12-27T19:41:41.012+0530] {taskinstance.py:2076} INFO - Dependencies all met for dep_context=non-requeueable deps ti=<TaskInstance: example_dynamic_task_mapping.sum_it scheduled__2022-12-26T00:00:00+00:00 [queued]>
[2025-12-27T19:41:41.018+0530] {taskinstance.py:2076} INFO - Dependencies all met for dep_context=requeueable deps ti=<TaskInstance: example_dynamic_task_mapping.sum_it scheduled__2022-12-26T00:00:00+00:00 [queued]>
[2025-12-27T19:41:41.018+0530] {taskinstance.py:2306} INFO - Starting attempt 1 of 1
[2025-12-27T19:41:41.034+0530] {taskinstance.py:2330} INFO - Executing <Task(_PythonDecoratedOperator): sum_it> on 2022-12-26 00:00:00+00:00
[2025-12-27T19:41:41.039+0530] {standard_task_runner.py:64} INFO - Started process 1679 to run task
[2025-12-27T19:41:41.042+0530] {standard_task_runner.py:90} INFO - Running: ['airflow', 'tasks', 'run', 'example_dynamic_task_mapping', 'sum_it', 'scheduled__2022-12-26T00:00:00+00:00', '--job-id', '1889', '--raw', '--subdir', '/home/sathya/projects/training-kit/.venv-airflow/lib/python3.10/site-packages/airflow/example_dags/example_dynamic_task_mapping.py', '--cfg-path', '/tmp/tmpvuion1fd']
[2025-12-27T19:41:41.043+0530] {standard_task_runner.py:91} INFO - Job 1889: Subtask sum_it
[2025-12-27T19:41:41.092+0530] {task_command.py:426} INFO - Running <TaskInstance: example_dynamic_task_mapping.sum_it scheduled__2022-12-26T00:00:00+00:00 [running]> on host LAPTOP-A1PMOBSE.localdomain
[2025-12-27T19:41:41.189+0530] {taskinstance.py:2648} INFO - Exporting env vars: AIRFLOW_CTX_DAG_OWNER='airflow' AIRFLOW_CTX_DAG_ID='example_dynamic_task_mapping' AIRFLOW_CTX_TASK_ID='sum_it' AIRFLOW_CTX_EXECUTION_DATE='2022-12-26T00:00:00+00:00' AIRFLOW_CTX_TRY_NUMBER='1' AIRFLOW_CTX_DAG_RUN_ID='scheduled__2022-12-26T00:00:00+00:00'
[2025-12-27T19:41:41.190+0530] {taskinstance.py:430} INFO - ::endgroup::
[2025-12-27T19:41:41.194+0530] {logging_mixin.py:188} INFO - Total was 9
[2025-12-27T19:41:41.194+0530] {python.py:237} INFO - Done. Returned value was: None
[2025-12-27T19:41:41.194+0530] {taskinstance.py:441} INFO - ::group::Post task execution logs
[2025-12-27T19:41:41.197+0530] {taskinstance.py:1206} INFO - Marking task as SUCCESS. dag_id=example_dynamic_task_mapping, task_id=sum_it, run_id=scheduled__2022-12-26T00:00:00+00:00, execution_date=20221226T000000, start_date=20251227T141141, end_date=20251227T141141
[2025-12-27T19:41:41.220+0530] {local_task_job_runner.py:243} INFO - Task exited with return code 0
[2025-12-27T19:41:41.232+0530] {taskinstance.py:3503} INFO - 0 downstream tasks scheduled from follow-on schedule check
[2025-12-27T19:41:41.232+0530] {local_task_job_runner.py:222} INFO - ::endgroup::
[2026-03-11T22:54:34.541+0530] {local_task_job_runner.py:120} INFO - ::group::Pre task execution logs
[2026-03-11T22:54:34.556+0530] {taskinstance.py:2076} INFO - Dependencies all met for dep_context=non-requeueable deps ti=<TaskInstance: example_dynamic_task_mapping.sum_it scheduled__2022-12-26T00:00:00+00:00 [queued]>
[2026-03-11T22:54:34.560+0530] {taskinstance.py:2076} INFO - Dependencies all met for dep_context=requeueable deps ti=<TaskInstance: example_dynamic_task_mapping.sum_it scheduled__2022-12-26T00:00:00+00:00 [queued]>
[2026-03-11T22:54:34.560+0530] {taskinstance.py:2306} INFO - Starting attempt 1 of 1
[2026-03-11T22:54:34.574+0530] {taskinstance.py:2330} INFO - Executing <Task(_PythonDecoratedOperator): sum_it> on 2022-12-26 00:00:00+00:00
[2026-03-11T22:54:34.579+0530] {standard_task_runner.py:64} INFO - Started process 11699 to run task
[2026-03-11T22:54:34.581+0530] {standard_task_runner.py:90} INFO - Running: ['airflow', 'tasks', 'run', 'example_dynamic_task_mapping', 'sum_it', 'scheduled__2022-12-26T00:00:00+00:00', '--job-id', '2185', '--raw', '--subdir', '/home/sathya/projects/training-kit/.venv-airflow/lib/python3.10/site-packages/airflow/example_dags/example_dynamic_task_mapping.py', '--cfg-path', '/tmp/tmpqvf3u9be']
[2026-03-11T22:54:34.582+0530] {standard_task_runner.py:91} INFO - Job 2185: Subtask sum_it
[2026-03-11T22:54:34.614+0530] {task_command.py:426} INFO - Running <TaskInstance: example_dynamic_task_mapping.sum_it scheduled__2022-12-26T00:00:00+00:00 [running]> on host LAPTOP-A1PMOBSE.localdomain
[2026-03-11T22:54:34.688+0530] {taskinstance.py:2648} INFO - Exporting env vars: AIRFLOW_CTX_DAG_OWNER='airflow' AIRFLOW_CTX_DAG_ID='example_dynamic_task_mapping' AIRFLOW_CTX_TASK_ID='sum_it' AIRFLOW_CTX_EXECUTION_DATE='2022-12-26T00:00:00+00:00' AIRFLOW_CTX_TRY_NUMBER='1' AIRFLOW_CTX_DAG_RUN_ID='scheduled__2022-12-26T00:00:00+00:00'
[2026-03-11T22:54:34.690+0530] {taskinstance.py:430} INFO - ::endgroup::
[2026-03-11T22:54:34.692+0530] {logging_mixin.py:188} INFO - Total was 9
[2026-03-11T22:54:34.693+0530] {python.py:237} INFO - Done. Returned value was: None
[2026-03-11T22:54:34.693+0530] {taskinstance.py:441} INFO - ::group::Post task execution logs
[2026-03-11T22:54:34.697+0530] {taskinstance.py:1206} INFO - Marking task as SUCCESS. dag_id=example_dynamic_task_mapping, task_id=sum_it, run_id=scheduled__2022-12-26T00:00:00+00:00, execution_date=20221226T000000, start_date=20260311T172434, end_date=20260311T172434
[2026-03-11T22:54:34.722+0530] {local_task_job_runner.py:243} INFO - Task exited with return code 0
[2026-03-11T22:54:34.731+0530] {taskinstance.py:3503} INFO - 0 downstream tasks scheduled from follow-on schedule check
[2026-03-11T22:54:34.731+0530] {local_task_job_runner.py:222} INFO - ::endgroup::
