[2026-03-10T21:06:18.913+0530] {local_task_job_runner.py:120} INFO - ::group::Pre task execution logs
[2026-03-10T21:06:18.933+0530] {taskinstance.py:2076} INFO - Dependencies all met for dep_context=non-requeueable deps ti=<TaskInstance: example_branch_operator.branching scheduled__2026-03-08T00:00:00+00:00 [queued]>
[2026-03-10T21:06:18.939+0530] {taskinstance.py:2076} INFO - Dependencies all met for dep_context=requeueable deps ti=<TaskInstance: example_branch_operator.branching scheduled__2026-03-08T00:00:00+00:00 [queued]>
[2026-03-10T21:06:18.939+0530] {taskinstance.py:2306} INFO - Starting attempt 1 of 1
[2026-03-10T21:06:18.955+0530] {taskinstance.py:2330} INFO - Executing <Task(BranchPythonOperator): branching> on 2026-03-08 00:00:00+00:00
[2026-03-10T21:06:18.961+0530] {standard_task_runner.py:64} INFO - Started process 806 to run task
[2026-03-10T21:06:18.967+0530] {standard_task_runner.py:90} INFO - Running: ['airflow', 'tasks', 'run', 'example_branch_operator', 'branching', 'scheduled__2026-03-08T00:00:00+00:00', '--job-id', '52', '--raw', '--subdir', '/home/sathya/projects/training-kit/.venv-airflow/lib/python3.10/site-packages/airflow/example_dags/example_branch_operator.py', '--cfg-path', '/tmp/tmps8r8vtxo']
[2026-03-10T21:06:18.970+0530] {standard_task_runner.py:91} INFO - Job 52: Subtask branching
[2026-03-10T21:06:19.021+0530] {task_command.py:426} INFO - Running <TaskInstance: example_branch_operator.branching scheduled__2026-03-08T00:00:00+00:00 [running]> on host LAPTOP-A1PMOBSE.localdomain
[2026-03-10T21:06:19.093+0530] {taskinstance.py:2648} INFO - Exporting env vars: AIRFLOW_CTX_DAG_OWNER='airflow' AIRFLOW_CTX_DAG_ID='example_branch_operator' AIRFLOW_CTX_TASK_ID='branching' AIRFLOW_CTX_EXECUTION_DATE='2026-03-08T00:00:00+00:00' AIRFLOW_CTX_TRY_NUMBER='1' AIRFLOW_CTX_DAG_RUN_ID='scheduled__2026-03-08T00:00:00+00:00'
[2026-03-10T21:06:19.095+0530] {taskinstance.py:430} INFO - ::endgroup::
[2026-03-10T21:06:19.096+0530] {baseoperator.py:400} WARNING - BranchPythonOperator.execute cannot be called outside TaskInstance!
[2026-03-10T21:06:19.096+0530] {python.py:237} INFO - Done. Returned value was: branch_c
[2026-03-10T21:06:19.097+0530] {branch.py:36} INFO - Branch into branch_c
[2026-03-10T21:06:19.097+0530] {skipmixin.py:178} INFO - Following branch branch_c
[2026-03-10T21:06:19.108+0530] {skipmixin.py:246} INFO - Skipping tasks [('branch_a', -1), ('branch_d', -1), ('branch_b', -1)]
[2026-03-10T21:06:19.134+0530] {taskinstance.py:441} INFO - ::group::Post task execution logs
[2026-03-10T21:06:19.152+0530] {taskinstance.py:1206} INFO - Marking task as SUCCESS. dag_id=example_branch_operator, task_id=branching, run_id=scheduled__2026-03-08T00:00:00+00:00, execution_date=20260308T000000, start_date=20260310T153618, end_date=20260310T153619
[2026-03-10T21:06:19.192+0530] {local_task_job_runner.py:243} INFO - Task exited with return code 0
[2026-03-10T21:06:19.233+0530] {taskinstance.py:3503} INFO - 1 downstream tasks scheduled from follow-on schedule check
[2026-03-10T21:06:19.262+0530] {local_task_job_runner.py:222} INFO - ::endgroup::
