[2026-03-11T22:21:26.611+0530] {local_task_job_runner.py:120} INFO - ::group::Pre task execution logs
[2026-03-11T22:21:26.627+0530] {taskinstance.py:2076} INFO - Dependencies all met for dep_context=non-requeueable deps ti=<TaskInstance: example_branch_operator.branching_ext_python scheduled__2026-03-10T00:00:00+00:00 [queued]>
[2026-03-11T22:21:26.631+0530] {taskinstance.py:2076} INFO - Dependencies all met for dep_context=requeueable deps ti=<TaskInstance: example_branch_operator.branching_ext_python scheduled__2026-03-10T00:00:00+00:00 [queued]>
[2026-03-11T22:21:26.631+0530] {taskinstance.py:2306} INFO - Starting attempt 1 of 1
[2026-03-11T22:21:26.647+0530] {taskinstance.py:2330} INFO - Executing <Task(BranchExternalPythonOperator): branching_ext_python> on 2026-03-10 00:00:00+00:00
[2026-03-11T22:21:26.652+0530] {standard_task_runner.py:64} INFO - Started process 6793 to run task
[2026-03-11T22:21:26.657+0530] {standard_task_runner.py:90} INFO - Running: ['airflow', 'tasks', 'run', 'example_branch_operator', 'branching_ext_python', 'scheduled__2026-03-10T00:00:00+00:00', '--job-id', '1711', '--raw', '--subdir', '/home/sathya/projects/training-kit/.venv-airflow/lib/python3.10/site-packages/airflow/example_dags/example_branch_operator.py', '--cfg-path', '/tmp/tmpjlbth282']
[2026-03-11T22:21:26.659+0530] {standard_task_runner.py:91} INFO - Job 1711: Subtask branching_ext_python
[2026-03-11T22:21:26.695+0530] {task_command.py:426} INFO - Running <TaskInstance: example_branch_operator.branching_ext_python scheduled__2026-03-10T00:00:00+00:00 [running]> on host LAPTOP-A1PMOBSE.localdomain
[2026-03-11T22:21:26.764+0530] {taskinstance.py:2648} INFO - Exporting env vars: AIRFLOW_CTX_DAG_OWNER='airflow' AIRFLOW_CTX_DAG_ID='example_branch_operator' AIRFLOW_CTX_TASK_ID='branching_ext_python' AIRFLOW_CTX_EXECUTION_DATE='2026-03-10T00:00:00+00:00' AIRFLOW_CTX_TRY_NUMBER='1' AIRFLOW_CTX_DAG_RUN_ID='scheduled__2026-03-10T00:00:00+00:00'
[2026-03-11T22:21:26.766+0530] {taskinstance.py:430} INFO - ::endgroup::
[2026-03-11T22:21:26.766+0530] {baseoperator.py:400} WARNING - BranchExternalPythonOperator.execute cannot be called outside TaskInstance!
[2026-03-11T22:21:26.816+0530] {baseoperator.py:400} WARNING - BranchExternalPythonOperator.execute cannot be called outside TaskInstance!
[2026-03-11T22:21:26.838+0530] {process_utils.py:183} INFO - Executing cmd: /home/sathya/projects/training-kit/.venv-airflow/bin/python3.10 /tmp/venv-callv5yijz7e/script.py /tmp/venv-callv5yijz7e/script.in /tmp/venv-callv5yijz7e/script.out /tmp/venv-callv5yijz7e/string_args.txt /tmp/venv-callv5yijz7e/termination.log
[2026-03-11T22:21:26.839+0530] {process_utils.py:187} INFO - Output:
[2026-03-11T22:21:27.463+0530] {python.py:237} INFO - Done. Returned value was: ext_py_b
[2026-03-11T22:21:27.464+0530] {branch.py:36} INFO - Branch into ext_py_b
[2026-03-11T22:21:27.464+0530] {skipmixin.py:178} INFO - Following branch ext_py_b
[2026-03-11T22:21:27.470+0530] {skipmixin.py:246} INFO - Skipping tasks [('ext_py_d', -1), ('ext_py_a', -1), ('ext_py_c', -1)]
[2026-03-11T22:21:27.519+0530] {taskinstance.py:441} INFO - ::group::Post task execution logs
[2026-03-11T22:21:27.534+0530] {taskinstance.py:1206} INFO - Marking task as SUCCESS. dag_id=example_branch_operator, task_id=branching_ext_python, run_id=scheduled__2026-03-10T00:00:00+00:00, execution_date=20260310T000000, start_date=20260311T165126, end_date=20260311T165127
[2026-03-11T22:21:27.575+0530] {local_task_job_runner.py:243} INFO - Task exited with return code 0
[2026-03-11T22:21:27.601+0530] {taskinstance.py:3503} INFO - 1 downstream tasks scheduled from follow-on schedule check
[2026-03-11T22:21:27.610+0530] {local_task_job_runner.py:222} INFO - ::endgroup::
