[2025-12-26T22:51:58.503+0530] {local_task_job_runner.py:120} INFO - ::group::Pre task execution logs
[2025-12-26T22:51:58.519+0530] {taskinstance.py:2076} INFO - Dependencies all met for dep_context=non-requeueable deps ti=<TaskInstance: example_dynamic_task_mapping.add_one scheduled__2022-09-17T00:00:00+00:00 map_index=1 [queued]>
[2025-12-26T22:51:58.523+0530] {taskinstance.py:2076} INFO - Dependencies all met for dep_context=requeueable deps ti=<TaskInstance: example_dynamic_task_mapping.add_one scheduled__2022-09-17T00:00:00+00:00 map_index=1 [queued]>
[2025-12-26T22:51:58.523+0530] {taskinstance.py:2306} INFO - Starting attempt 1 of 1
[2025-12-26T22:51:58.536+0530] {taskinstance.py:2330} INFO - Executing <Mapped(_PythonDecoratedOperator): add_one> on 2022-09-17 00:00:00+00:00
[2025-12-26T22:51:58.539+0530] {standard_task_runner.py:64} INFO - Started process 9766 to run task
[2025-12-26T22:51:58.541+0530] {standard_task_runner.py:90} INFO - Running: ['airflow', 'tasks', 'run', 'example_dynamic_task_mapping', 'add_one', 'scheduled__2022-09-17T00:00:00+00:00', '--job-id', '1151', '--raw', '--subdir', '/home/sathya/projects/training-kit/.venv-airflow/lib/python3.10/site-packages/airflow/example_dags/example_dynamic_task_mapping.py', '--cfg-path', '/tmp/tmproo7rwui', '--map-index', '1']
[2025-12-26T22:51:58.542+0530] {standard_task_runner.py:91} INFO - Job 1151: Subtask add_one
[2025-12-26T22:51:58.574+0530] {task_command.py:426} INFO - Running <TaskInstance: example_dynamic_task_mapping.add_one scheduled__2022-09-17T00:00:00+00:00 map_index=1 [running]> on host LAPTOP-A1PMOBSE.localdomain
[2025-12-26T22:51:58.627+0530] {taskinstance.py:2648} INFO - Exporting env vars: AIRFLOW_CTX_DAG_OWNER='airflow' AIRFLOW_CTX_DAG_ID='example_dynamic_task_mapping' AIRFLOW_CTX_TASK_ID='add_one' AIRFLOW_CTX_EXECUTION_DATE='2022-09-17T00:00:00+00:00' AIRFLOW_CTX_TRY_NUMBER='1' AIRFLOW_CTX_DAG_RUN_ID='scheduled__2022-09-17T00:00:00+00:00'
[2025-12-26T22:51:58.628+0530] {taskinstance.py:430} INFO - ::endgroup::
[2025-12-26T22:51:58.628+0530] {python.py:237} INFO - Done. Returned value was: 3
[2025-12-26T22:51:58.628+0530] {taskinstance.py:441} INFO - ::group::Post task execution logs
[2025-12-26T22:51:58.640+0530] {taskinstance.py:1206} INFO - Marking task as SUCCESS. dag_id=example_dynamic_task_mapping, task_id=add_one, run_id=scheduled__2022-09-17T00:00:00+00:00, map_index=1, execution_date=20220917T000000, start_date=20251226T172158, end_date=20251226T172158
[2025-12-26T22:51:58.673+0530] {local_task_job_runner.py:243} INFO - Task exited with return code 0
[2025-12-26T22:51:58.692+0530] {taskinstance.py:3503} INFO - 0 downstream tasks scheduled from follow-on schedule check
[2025-12-26T22:51:58.693+0530] {local_task_job_runner.py:222} INFO - ::endgroup::
[2026-03-10T23:54:10.797+0530] {local_task_job_runner.py:120} INFO - ::group::Pre task execution logs
[2026-03-10T23:54:10.864+0530] {taskinstance.py:2076} INFO - Dependencies all met for dep_context=non-requeueable deps ti=<TaskInstance: example_dynamic_task_mapping.add_one scheduled__2022-09-17T00:00:00+00:00 map_index=1 [queued]>
[2026-03-10T23:54:10.881+0530] {taskinstance.py:2076} INFO - Dependencies all met for dep_context=requeueable deps ti=<TaskInstance: example_dynamic_task_mapping.add_one scheduled__2022-09-17T00:00:00+00:00 map_index=1 [queued]>
[2026-03-10T23:54:10.882+0530] {taskinstance.py:2306} INFO - Starting attempt 1 of 1
[2026-03-10T23:54:10.935+0530] {taskinstance.py:2330} INFO - Executing <Mapped(_PythonDecoratedOperator): add_one> on 2022-09-17 00:00:00+00:00
[2026-03-10T23:54:10.947+0530] {standard_task_runner.py:64} INFO - Started process 15661 to run task
[2026-03-10T23:54:10.957+0530] {standard_task_runner.py:90} INFO - Running: ['airflow', 'tasks', 'run', 'example_dynamic_task_mapping', 'add_one', 'scheduled__2022-09-17T00:00:00+00:00', '--job-id', '1428', '--raw', '--subdir', '/home/sathya/projects/training-kit/.venv-airflow/lib/python3.10/site-packages/airflow/example_dags/example_dynamic_task_mapping.py', '--cfg-path', '/tmp/tmpm2c8dxkh', '--map-index', '1']
[2026-03-10T23:54:10.963+0530] {standard_task_runner.py:91} INFO - Job 1428: Subtask add_one
[2026-03-10T23:54:11.060+0530] {task_command.py:426} INFO - Running <TaskInstance: example_dynamic_task_mapping.add_one scheduled__2022-09-17T00:00:00+00:00 map_index=1 [running]> on host LAPTOP-A1PMOBSE.localdomain
[2026-03-10T23:54:11.280+0530] {taskinstance.py:2648} INFO - Exporting env vars: AIRFLOW_CTX_DAG_OWNER='airflow' AIRFLOW_CTX_DAG_ID='example_dynamic_task_mapping' AIRFLOW_CTX_TASK_ID='add_one' AIRFLOW_CTX_EXECUTION_DATE='2022-09-17T00:00:00+00:00' AIRFLOW_CTX_TRY_NUMBER='1' AIRFLOW_CTX_DAG_RUN_ID='scheduled__2022-09-17T00:00:00+00:00'
[2026-03-10T23:54:11.283+0530] {taskinstance.py:430} INFO - ::endgroup::
[2026-03-10T23:54:11.284+0530] {python.py:237} INFO - Done. Returned value was: 3
[2026-03-10T23:54:11.285+0530] {taskinstance.py:441} INFO - ::group::Post task execution logs
[2026-03-10T23:54:11.333+0530] {taskinstance.py:1206} INFO - Marking task as SUCCESS. dag_id=example_dynamic_task_mapping, task_id=add_one, run_id=scheduled__2022-09-17T00:00:00+00:00, map_index=1, execution_date=20220917T000000, start_date=20260310T182410, end_date=20260310T182411
[2026-03-10T23:54:11.393+0530] {local_task_job_runner.py:243} INFO - Task exited with return code 0
[2026-03-10T23:54:11.435+0530] {taskinstance.py:3503} INFO - 0 downstream tasks scheduled from follow-on schedule check
[2026-03-10T23:54:11.436+0530] {local_task_job_runner.py:222} INFO - ::endgroup::
