[2025-12-26T23:05:31.724+0530] {local_task_job_runner.py:120} INFO - ::group::Pre task execution logs
[2025-12-26T23:05:31.741+0530] {taskinstance.py:2076} INFO - Dependencies all met for dep_context=non-requeueable deps ti=<TaskInstance: example_dynamic_task_mapping.sum_it scheduled__2022-10-21T00:00:00+00:00 [queued]>
[2025-12-26T23:05:31.745+0530] {taskinstance.py:2076} INFO - Dependencies all met for dep_context=requeueable deps ti=<TaskInstance: example_dynamic_task_mapping.sum_it scheduled__2022-10-21T00:00:00+00:00 [queued]>
[2025-12-26T23:05:31.745+0530] {taskinstance.py:2306} INFO - Starting attempt 1 of 1
[2025-12-26T23:05:31.764+0530] {taskinstance.py:2330} INFO - Executing <Task(_PythonDecoratedOperator): sum_it> on 2022-10-21 00:00:00+00:00
[2025-12-26T23:05:31.769+0530] {standard_task_runner.py:64} INFO - Started process 11132 to run task
[2025-12-26T23:05:31.773+0530] {standard_task_runner.py:90} INFO - Running: ['airflow', 'tasks', 'run', 'example_dynamic_task_mapping', 'sum_it', 'scheduled__2022-10-21T00:00:00+00:00', '--job-id', '1357', '--raw', '--subdir', '/home/sathya/projects/training-kit/.venv-airflow/lib/python3.10/site-packages/airflow/example_dags/example_dynamic_task_mapping.py', '--cfg-path', '/tmp/tmpfh58ame4']
[2025-12-26T23:05:31.773+0530] {standard_task_runner.py:91} INFO - Job 1357: Subtask sum_it
[2025-12-26T23:05:31.805+0530] {task_command.py:426} INFO - Running <TaskInstance: example_dynamic_task_mapping.sum_it scheduled__2022-10-21T00:00:00+00:00 [running]> on host LAPTOP-A1PMOBSE.localdomain
[2025-12-26T23:05:31.874+0530] {taskinstance.py:2648} INFO - Exporting env vars: AIRFLOW_CTX_DAG_OWNER='airflow' AIRFLOW_CTX_DAG_ID='example_dynamic_task_mapping' AIRFLOW_CTX_TASK_ID='sum_it' AIRFLOW_CTX_EXECUTION_DATE='2022-10-21T00:00:00+00:00' AIRFLOW_CTX_TRY_NUMBER='1' AIRFLOW_CTX_DAG_RUN_ID='scheduled__2022-10-21T00:00:00+00:00'
[2025-12-26T23:05:31.875+0530] {taskinstance.py:430} INFO - ::endgroup::
[2025-12-26T23:05:31.878+0530] {logging_mixin.py:188} INFO - Total was 9
[2025-12-26T23:05:31.878+0530] {python.py:237} INFO - Done. Returned value was: None
[2025-12-26T23:05:31.878+0530] {taskinstance.py:441} INFO - ::group::Post task execution logs
[2025-12-26T23:05:31.881+0530] {taskinstance.py:1206} INFO - Marking task as SUCCESS. dag_id=example_dynamic_task_mapping, task_id=sum_it, run_id=scheduled__2022-10-21T00:00:00+00:00, execution_date=20221021T000000, start_date=20251226T173531, end_date=20251226T173531
[2025-12-26T23:05:31.912+0530] {local_task_job_runner.py:243} INFO - Task exited with return code 0
[2025-12-26T23:05:31.921+0530] {taskinstance.py:3503} INFO - 0 downstream tasks scheduled from follow-on schedule check
[2025-12-26T23:05:31.921+0530] {local_task_job_runner.py:222} INFO - ::endgroup::
[2026-03-11T22:29:30.054+0530] {local_task_job_runner.py:120} INFO - ::group::Pre task execution logs
[2026-03-11T22:29:30.072+0530] {taskinstance.py:2076} INFO - Dependencies all met for dep_context=non-requeueable deps ti=<TaskInstance: example_dynamic_task_mapping.sum_it scheduled__2022-10-21T00:00:00+00:00 [queued]>
[2026-03-11T22:29:30.076+0530] {taskinstance.py:2076} INFO - Dependencies all met for dep_context=requeueable deps ti=<TaskInstance: example_dynamic_task_mapping.sum_it scheduled__2022-10-21T00:00:00+00:00 [queued]>
[2026-03-11T22:29:30.076+0530] {taskinstance.py:2306} INFO - Starting attempt 1 of 1
[2026-03-11T22:29:30.093+0530] {taskinstance.py:2330} INFO - Executing <Task(_PythonDecoratedOperator): sum_it> on 2022-10-21 00:00:00+00:00
[2026-03-11T22:29:30.098+0530] {standard_task_runner.py:64} INFO - Started process 7707 to run task
[2026-03-11T22:29:30.102+0530] {standard_task_runner.py:90} INFO - Running: ['airflow', 'tasks', 'run', 'example_dynamic_task_mapping', 'sum_it', 'scheduled__2022-10-21T00:00:00+00:00', '--job-id', '1792', '--raw', '--subdir', '/home/sathya/projects/training-kit/.venv-airflow/lib/python3.10/site-packages/airflow/example_dags/example_dynamic_task_mapping.py', '--cfg-path', '/tmp/tmphirmg1g0']
[2026-03-11T22:29:30.103+0530] {standard_task_runner.py:91} INFO - Job 1792: Subtask sum_it
[2026-03-11T22:29:30.157+0530] {task_command.py:426} INFO - Running <TaskInstance: example_dynamic_task_mapping.sum_it scheduled__2022-10-21T00:00:00+00:00 [running]> on host LAPTOP-A1PMOBSE.localdomain
[2026-03-11T22:29:30.235+0530] {taskinstance.py:2648} INFO - Exporting env vars: AIRFLOW_CTX_DAG_OWNER='airflow' AIRFLOW_CTX_DAG_ID='example_dynamic_task_mapping' AIRFLOW_CTX_TASK_ID='sum_it' AIRFLOW_CTX_EXECUTION_DATE='2022-10-21T00:00:00+00:00' AIRFLOW_CTX_TRY_NUMBER='1' AIRFLOW_CTX_DAG_RUN_ID='scheduled__2022-10-21T00:00:00+00:00'
[2026-03-11T22:29:30.237+0530] {taskinstance.py:430} INFO - ::endgroup::
[2026-03-11T22:29:30.239+0530] {logging_mixin.py:188} INFO - Total was 9
[2026-03-11T22:29:30.239+0530] {python.py:237} INFO - Done. Returned value was: None
[2026-03-11T22:29:30.239+0530] {taskinstance.py:441} INFO - ::group::Post task execution logs
[2026-03-11T22:29:30.246+0530] {taskinstance.py:1206} INFO - Marking task as SUCCESS. dag_id=example_dynamic_task_mapping, task_id=sum_it, run_id=scheduled__2022-10-21T00:00:00+00:00, execution_date=20221021T000000, start_date=20260311T165930, end_date=20260311T165930
[2026-03-11T22:29:30.282+0530] {local_task_job_runner.py:243} INFO - Task exited with return code 0
[2026-03-11T22:29:30.293+0530] {taskinstance.py:3503} INFO - 0 downstream tasks scheduled from follow-on schedule check
[2026-03-11T22:29:30.293+0530] {local_task_job_runner.py:222} INFO - ::endgroup::
