[2025-12-26T22:39:17.085+0530] {local_task_job_runner.py:120} INFO - ::group::Pre task execution logs
[2025-12-26T22:39:17.104+0530] {taskinstance.py:2076} INFO - Dependencies all met for dep_context=non-requeueable deps ti=<TaskInstance: example_dynamic_task_mapping.add_one scheduled__2022-07-21T00:00:00+00:00 map_index=2 [queued]>
[2025-12-26T22:39:17.109+0530] {taskinstance.py:2076} INFO - Dependencies all met for dep_context=requeueable deps ti=<TaskInstance: example_dynamic_task_mapping.add_one scheduled__2022-07-21T00:00:00+00:00 map_index=2 [queued]>
[2025-12-26T22:39:17.109+0530] {taskinstance.py:2306} INFO - Starting attempt 1 of 1
[2025-12-26T22:39:17.127+0530] {taskinstance.py:2330} INFO - Executing <Mapped(_PythonDecoratedOperator): add_one> on 2022-07-21 00:00:00+00:00
[2025-12-26T22:39:17.132+0530] {standard_task_runner.py:64} INFO - Started process 8183 to run task
[2025-12-26T22:39:17.137+0530] {standard_task_runner.py:90} INFO - Running: ['airflow', 'tasks', 'run', 'example_dynamic_task_mapping', 'add_one', 'scheduled__2022-07-21T00:00:00+00:00', '--job-id', '858', '--raw', '--subdir', '/home/sathya/projects/training-kit/.venv-airflow/lib/python3.10/site-packages/airflow/example_dags/example_dynamic_task_mapping.py', '--cfg-path', '/tmp/tmp4vdyjtqh', '--map-index', '2']
[2025-12-26T22:39:17.137+0530] {standard_task_runner.py:91} INFO - Job 858: Subtask add_one
[2025-12-26T22:39:17.186+0530] {task_command.py:426} INFO - Running <TaskInstance: example_dynamic_task_mapping.add_one scheduled__2022-07-21T00:00:00+00:00 map_index=2 [running]> on host LAPTOP-A1PMOBSE.localdomain
[2025-12-26T22:39:17.285+0530] {taskinstance.py:2648} INFO - Exporting env vars: AIRFLOW_CTX_DAG_OWNER='airflow' AIRFLOW_CTX_DAG_ID='example_dynamic_task_mapping' AIRFLOW_CTX_TASK_ID='add_one' AIRFLOW_CTX_EXECUTION_DATE='2022-07-21T00:00:00+00:00' AIRFLOW_CTX_TRY_NUMBER='1' AIRFLOW_CTX_DAG_RUN_ID='scheduled__2022-07-21T00:00:00+00:00'
[2025-12-26T22:39:17.292+0530] {taskinstance.py:430} INFO - ::endgroup::
[2025-12-26T22:39:17.293+0530] {python.py:237} INFO - Done. Returned value was: 4
[2025-12-26T22:39:17.294+0530] {taskinstance.py:441} INFO - ::group::Post task execution logs
[2025-12-26T22:39:17.313+0530] {taskinstance.py:1206} INFO - Marking task as SUCCESS. dag_id=example_dynamic_task_mapping, task_id=add_one, run_id=scheduled__2022-07-21T00:00:00+00:00, map_index=2, execution_date=20220721T000000, start_date=20251226T170917, end_date=20251226T170917
[2025-12-26T22:39:17.364+0530] {local_task_job_runner.py:243} INFO - Task exited with return code 0
[2025-12-26T22:39:17.378+0530] {taskinstance.py:3503} INFO - 1 downstream tasks scheduled from follow-on schedule check
[2025-12-26T22:39:17.387+0530] {local_task_job_runner.py:222} INFO - ::endgroup::
[2026-03-10T23:24:37.452+0530] {local_task_job_runner.py:120} INFO - ::group::Pre task execution logs
[2026-03-10T23:24:37.538+0530] {taskinstance.py:2076} INFO - Dependencies all met for dep_context=non-requeueable deps ti=<TaskInstance: example_dynamic_task_mapping.add_one scheduled__2022-07-21T00:00:00+00:00 map_index=2 [queued]>
[2026-03-10T23:24:37.558+0530] {taskinstance.py:2076} INFO - Dependencies all met for dep_context=requeueable deps ti=<TaskInstance: example_dynamic_task_mapping.add_one scheduled__2022-07-21T00:00:00+00:00 map_index=2 [queued]>
[2026-03-10T23:24:37.559+0530] {taskinstance.py:2306} INFO - Starting attempt 1 of 1
[2026-03-10T23:24:37.606+0530] {taskinstance.py:2330} INFO - Executing <Mapped(_PythonDecoratedOperator): add_one> on 2022-07-21 00:00:00+00:00
[2026-03-10T23:24:37.620+0530] {standard_task_runner.py:64} INFO - Started process 10978 to run task
[2026-03-10T23:24:37.630+0530] {standard_task_runner.py:90} INFO - Running: ['airflow', 'tasks', 'run', 'example_dynamic_task_mapping', 'add_one', 'scheduled__2022-07-21T00:00:00+00:00', '--job-id', '984', '--raw', '--subdir', '/home/sathya/projects/training-kit/.venv-airflow/lib/python3.10/site-packages/airflow/example_dags/example_dynamic_task_mapping.py', '--cfg-path', '/tmp/tmpwijmms74', '--map-index', '2']
[2026-03-10T23:24:37.635+0530] {standard_task_runner.py:91} INFO - Job 984: Subtask add_one
[2026-03-10T23:24:37.759+0530] {task_command.py:426} INFO - Running <TaskInstance: example_dynamic_task_mapping.add_one scheduled__2022-07-21T00:00:00+00:00 map_index=2 [running]> on host LAPTOP-A1PMOBSE.localdomain
[2026-03-10T23:24:37.964+0530] {taskinstance.py:2648} INFO - Exporting env vars: AIRFLOW_CTX_DAG_OWNER='airflow' AIRFLOW_CTX_DAG_ID='example_dynamic_task_mapping' AIRFLOW_CTX_TASK_ID='add_one' AIRFLOW_CTX_EXECUTION_DATE='2022-07-21T00:00:00+00:00' AIRFLOW_CTX_TRY_NUMBER='1' AIRFLOW_CTX_DAG_RUN_ID='scheduled__2022-07-21T00:00:00+00:00'
[2026-03-10T23:24:37.967+0530] {taskinstance.py:430} INFO - ::endgroup::
[2026-03-10T23:24:37.968+0530] {python.py:237} INFO - Done. Returned value was: 4
[2026-03-10T23:24:37.968+0530] {taskinstance.py:441} INFO - ::group::Post task execution logs
[2026-03-10T23:24:38.006+0530] {taskinstance.py:1206} INFO - Marking task as SUCCESS. dag_id=example_dynamic_task_mapping, task_id=add_one, run_id=scheduled__2022-07-21T00:00:00+00:00, map_index=2, execution_date=20220721T000000, start_date=20260310T175437, end_date=20260310T175438
[2026-03-10T23:24:38.055+0530] {local_task_job_runner.py:243} INFO - Task exited with return code 0
[2026-03-10T23:24:38.104+0530] {taskinstance.py:3503} INFO - 1 downstream tasks scheduled from follow-on schedule check
[2026-03-10T23:24:38.128+0530] {local_task_job_runner.py:222} INFO - ::endgroup::
