[2025-12-26T22:27:28.413+0530] {local_task_job_runner.py:120} INFO - ::group::Pre task execution logs
[2025-12-26T22:27:28.430+0530] {taskinstance.py:2076} INFO - Dependencies all met for dep_context=non-requeueable deps ti=<TaskInstance: example_dynamic_task_mapping.add_one scheduled__2022-06-08T00:00:00+00:00 map_index=1 [queued]>
[2025-12-26T22:27:28.434+0530] {taskinstance.py:2076} INFO - Dependencies all met for dep_context=requeueable deps ti=<TaskInstance: example_dynamic_task_mapping.add_one scheduled__2022-06-08T00:00:00+00:00 map_index=1 [queued]>
[2025-12-26T22:27:28.434+0530] {taskinstance.py:2306} INFO - Starting attempt 1 of 1
[2025-12-26T22:27:28.448+0530] {taskinstance.py:2330} INFO - Executing <Mapped(_PythonDecoratedOperator): add_one> on 2022-06-08 00:00:00+00:00
[2025-12-26T22:27:28.453+0530] {standard_task_runner.py:64} INFO - Started process 6762 to run task
[2025-12-26T22:27:28.458+0530] {standard_task_runner.py:90} INFO - Running: ['airflow', 'tasks', 'run', 'example_dynamic_task_mapping', 'add_one', 'scheduled__2022-06-08T00:00:00+00:00', '--job-id', '627', '--raw', '--subdir', '/home/sathya/projects/training-kit/.venv-airflow/lib/python3.10/site-packages/airflow/example_dags/example_dynamic_task_mapping.py', '--cfg-path', '/tmp/tmpy4lmgyy6', '--map-index', '1']
[2025-12-26T22:27:28.459+0530] {standard_task_runner.py:91} INFO - Job 627: Subtask add_one
[2025-12-26T22:27:28.498+0530] {task_command.py:426} INFO - Running <TaskInstance: example_dynamic_task_mapping.add_one scheduled__2022-06-08T00:00:00+00:00 map_index=1 [running]> on host LAPTOP-A1PMOBSE.localdomain
[2025-12-26T22:27:28.567+0530] {taskinstance.py:2648} INFO - Exporting env vars: AIRFLOW_CTX_DAG_OWNER='airflow' AIRFLOW_CTX_DAG_ID='example_dynamic_task_mapping' AIRFLOW_CTX_TASK_ID='add_one' AIRFLOW_CTX_EXECUTION_DATE='2022-06-08T00:00:00+00:00' AIRFLOW_CTX_TRY_NUMBER='1' AIRFLOW_CTX_DAG_RUN_ID='scheduled__2022-06-08T00:00:00+00:00'
[2025-12-26T22:27:28.568+0530] {taskinstance.py:430} INFO - ::endgroup::
[2025-12-26T22:27:28.568+0530] {python.py:237} INFO - Done. Returned value was: 3
[2025-12-26T22:27:28.568+0530] {taskinstance.py:441} INFO - ::group::Post task execution logs
[2025-12-26T22:27:28.587+0530] {taskinstance.py:1206} INFO - Marking task as SUCCESS. dag_id=example_dynamic_task_mapping, task_id=add_one, run_id=scheduled__2022-06-08T00:00:00+00:00, map_index=1, execution_date=20220608T000000, start_date=20251226T165728, end_date=20251226T165728
[2025-12-26T22:27:28.637+0530] {local_task_job_runner.py:243} INFO - Task exited with return code 0
[2025-12-26T22:27:28.657+0530] {taskinstance.py:3503} INFO - 0 downstream tasks scheduled from follow-on schedule check
[2025-12-26T22:27:28.658+0530] {local_task_job_runner.py:222} INFO - ::endgroup::
[2026-03-10T23:16:00.148+0530] {local_task_job_runner.py:120} INFO - ::group::Pre task execution logs
[2026-03-10T23:16:00.180+0530] {taskinstance.py:2076} INFO - Dependencies all met for dep_context=non-requeueable deps ti=<TaskInstance: example_dynamic_task_mapping.add_one scheduled__2022-06-08T00:00:00+00:00 map_index=1 [queued]>
[2026-03-10T23:16:00.188+0530] {taskinstance.py:2076} INFO - Dependencies all met for dep_context=requeueable deps ti=<TaskInstance: example_dynamic_task_mapping.add_one scheduled__2022-06-08T00:00:00+00:00 map_index=1 [queued]>
[2026-03-10T23:16:00.189+0530] {taskinstance.py:2306} INFO - Starting attempt 1 of 1
[2026-03-10T23:16:00.215+0530] {taskinstance.py:2330} INFO - Executing <Mapped(_PythonDecoratedOperator): add_one> on 2022-06-08 00:00:00+00:00
[2026-03-10T23:16:00.223+0530] {standard_task_runner.py:64} INFO - Started process 8642 to run task
[2026-03-10T23:16:00.227+0530] {standard_task_runner.py:90} INFO - Running: ['airflow', 'tasks', 'run', 'example_dynamic_task_mapping', 'add_one', 'scheduled__2022-06-08T00:00:00+00:00', '--job-id', '755', '--raw', '--subdir', '/home/sathya/projects/training-kit/.venv-airflow/lib/python3.10/site-packages/airflow/example_dags/example_dynamic_task_mapping.py', '--cfg-path', '/tmp/tmpyel01kyz', '--map-index', '1']
[2026-03-10T23:16:00.229+0530] {standard_task_runner.py:91} INFO - Job 755: Subtask add_one
[2026-03-10T23:16:00.294+0530] {task_command.py:426} INFO - Running <TaskInstance: example_dynamic_task_mapping.add_one scheduled__2022-06-08T00:00:00+00:00 map_index=1 [running]> on host LAPTOP-A1PMOBSE.localdomain
[2026-03-10T23:16:00.405+0530] {taskinstance.py:2648} INFO - Exporting env vars: AIRFLOW_CTX_DAG_OWNER='airflow' AIRFLOW_CTX_DAG_ID='example_dynamic_task_mapping' AIRFLOW_CTX_TASK_ID='add_one' AIRFLOW_CTX_EXECUTION_DATE='2022-06-08T00:00:00+00:00' AIRFLOW_CTX_TRY_NUMBER='1' AIRFLOW_CTX_DAG_RUN_ID='scheduled__2022-06-08T00:00:00+00:00'
[2026-03-10T23:16:00.407+0530] {taskinstance.py:430} INFO - ::endgroup::
[2026-03-10T23:16:00.407+0530] {python.py:237} INFO - Done. Returned value was: 3
[2026-03-10T23:16:00.407+0530] {taskinstance.py:441} INFO - ::group::Post task execution logs
[2026-03-10T23:16:00.435+0530] {taskinstance.py:1206} INFO - Marking task as SUCCESS. dag_id=example_dynamic_task_mapping, task_id=add_one, run_id=scheduled__2022-06-08T00:00:00+00:00, map_index=1, execution_date=20220608T000000, start_date=20260310T174600, end_date=20260310T174600
[2026-03-10T23:16:00.497+0530] {local_task_job_runner.py:243} INFO - Task exited with return code 0
[2026-03-10T23:16:00.528+0530] {taskinstance.py:3503} INFO - 0 downstream tasks scheduled from follow-on schedule check
[2026-03-10T23:16:00.529+0530] {local_task_job_runner.py:222} INFO - ::endgroup::
