[2025-12-26T22:17:18.641+0530] {local_task_job_runner.py:120} INFO - ::group::Pre task execution logs
[2025-12-26T22:17:18.660+0530] {taskinstance.py:2076} INFO - Dependencies all met for dep_context=non-requeueable deps ti=<TaskInstance: example_dynamic_task_mapping.add_one scheduled__2022-04-17T00:00:00+00:00 map_index=2 [queued]>
[2025-12-26T22:17:18.665+0530] {taskinstance.py:2076} INFO - Dependencies all met for dep_context=requeueable deps ti=<TaskInstance: example_dynamic_task_mapping.add_one scheduled__2022-04-17T00:00:00+00:00 map_index=2 [queued]>
[2025-12-26T22:17:18.665+0530] {taskinstance.py:2306} INFO - Starting attempt 1 of 1
[2025-12-26T22:17:18.680+0530] {taskinstance.py:2330} INFO - Executing <Mapped(_PythonDecoratedOperator): add_one> on 2022-04-17 00:00:00+00:00
[2025-12-26T22:17:18.683+0530] {standard_task_runner.py:64} INFO - Started process 5347 to run task
[2025-12-26T22:17:18.686+0530] {standard_task_runner.py:90} INFO - Running: ['airflow', 'tasks', 'run', 'example_dynamic_task_mapping', 'add_one', 'scheduled__2022-04-17T00:00:00+00:00', '--job-id', '365', '--raw', '--subdir', '/home/sathya/projects/training-kit/.venv-airflow/lib/python3.10/site-packages/airflow/example_dags/example_dynamic_task_mapping.py', '--cfg-path', '/tmp/tmplbd29tyo', '--map-index', '2']
[2025-12-26T22:17:18.686+0530] {standard_task_runner.py:91} INFO - Job 365: Subtask add_one
[2025-12-26T22:17:18.725+0530] {task_command.py:426} INFO - Running <TaskInstance: example_dynamic_task_mapping.add_one scheduled__2022-04-17T00:00:00+00:00 map_index=2 [running]> on host LAPTOP-A1PMOBSE.localdomain
[2025-12-26T22:17:18.794+0530] {taskinstance.py:2648} INFO - Exporting env vars: AIRFLOW_CTX_DAG_OWNER='airflow' AIRFLOW_CTX_DAG_ID='example_dynamic_task_mapping' AIRFLOW_CTX_TASK_ID='add_one' AIRFLOW_CTX_EXECUTION_DATE='2022-04-17T00:00:00+00:00' AIRFLOW_CTX_TRY_NUMBER='1' AIRFLOW_CTX_DAG_RUN_ID='scheduled__2022-04-17T00:00:00+00:00'
[2025-12-26T22:17:18.794+0530] {taskinstance.py:430} INFO - ::endgroup::
[2025-12-26T22:17:18.795+0530] {python.py:237} INFO - Done. Returned value was: 4
[2025-12-26T22:17:18.795+0530] {taskinstance.py:441} INFO - ::group::Post task execution logs
[2025-12-26T22:17:18.815+0530] {taskinstance.py:1206} INFO - Marking task as SUCCESS. dag_id=example_dynamic_task_mapping, task_id=add_one, run_id=scheduled__2022-04-17T00:00:00+00:00, map_index=2, execution_date=20220417T000000, start_date=20251226T164718, end_date=20251226T164718
[2025-12-26T22:17:18.866+0530] {local_task_job_runner.py:243} INFO - Task exited with return code 0
[2025-12-26T22:17:18.879+0530] {taskinstance.py:3503} INFO - 1 downstream tasks scheduled from follow-on schedule check
[2025-12-26T22:17:18.892+0530] {local_task_job_runner.py:222} INFO - ::endgroup::
[2026-03-10T23:05:35.184+0530] {local_task_job_runner.py:120} INFO - ::group::Pre task execution logs
[2026-03-10T23:05:35.209+0530] {taskinstance.py:2076} INFO - Dependencies all met for dep_context=non-requeueable deps ti=<TaskInstance: example_dynamic_task_mapping.add_one scheduled__2022-04-17T00:00:00+00:00 map_index=2 [queued]>
[2026-03-10T23:05:35.214+0530] {taskinstance.py:2076} INFO - Dependencies all met for dep_context=requeueable deps ti=<TaskInstance: example_dynamic_task_mapping.add_one scheduled__2022-04-17T00:00:00+00:00 map_index=2 [queued]>
[2026-03-10T23:05:35.215+0530] {taskinstance.py:2306} INFO - Starting attempt 1 of 1
[2026-03-10T23:05:35.232+0530] {taskinstance.py:2330} INFO - Executing <Mapped(_PythonDecoratedOperator): add_one> on 2022-04-17 00:00:00+00:00
[2026-03-10T23:05:35.237+0530] {standard_task_runner.py:64} INFO - Started process 6010 to run task
[2026-03-10T23:05:35.242+0530] {standard_task_runner.py:90} INFO - Running: ['airflow', 'tasks', 'run', 'example_dynamic_task_mapping', 'add_one', 'scheduled__2022-04-17T00:00:00+00:00', '--job-id', '499', '--raw', '--subdir', '/home/sathya/projects/training-kit/.venv-airflow/lib/python3.10/site-packages/airflow/example_dags/example_dynamic_task_mapping.py', '--cfg-path', '/tmp/tmp_qnt3i39', '--map-index', '2']
[2026-03-10T23:05:35.243+0530] {standard_task_runner.py:91} INFO - Job 499: Subtask add_one
[2026-03-10T23:05:35.286+0530] {task_command.py:426} INFO - Running <TaskInstance: example_dynamic_task_mapping.add_one scheduled__2022-04-17T00:00:00+00:00 map_index=2 [running]> on host LAPTOP-A1PMOBSE.localdomain
[2026-03-10T23:05:35.376+0530] {taskinstance.py:2648} INFO - Exporting env vars: AIRFLOW_CTX_DAG_OWNER='airflow' AIRFLOW_CTX_DAG_ID='example_dynamic_task_mapping' AIRFLOW_CTX_TASK_ID='add_one' AIRFLOW_CTX_EXECUTION_DATE='2022-04-17T00:00:00+00:00' AIRFLOW_CTX_TRY_NUMBER='1' AIRFLOW_CTX_DAG_RUN_ID='scheduled__2022-04-17T00:00:00+00:00'
[2026-03-10T23:05:35.378+0530] {taskinstance.py:430} INFO - ::endgroup::
[2026-03-10T23:05:35.378+0530] {python.py:237} INFO - Done. Returned value was: 4
[2026-03-10T23:05:35.378+0530] {taskinstance.py:441} INFO - ::group::Post task execution logs
[2026-03-10T23:05:35.399+0530] {taskinstance.py:1206} INFO - Marking task as SUCCESS. dag_id=example_dynamic_task_mapping, task_id=add_one, run_id=scheduled__2022-04-17T00:00:00+00:00, map_index=2, execution_date=20220417T000000, start_date=20260310T173535, end_date=20260310T173535
[2026-03-10T23:05:35.464+0530] {local_task_job_runner.py:243} INFO - Task exited with return code 0
[2026-03-10T23:05:35.489+0530] {taskinstance.py:3503} INFO - 1 downstream tasks scheduled from follow-on schedule check
[2026-03-10T23:05:35.499+0530] {local_task_job_runner.py:222} INFO - ::endgroup::
