[2025-12-26T22:51:35.522+0530] {local_task_job_runner.py:120} INFO - ::group::Pre task execution logs
[2025-12-26T22:51:35.541+0530] {taskinstance.py:2076} INFO - Dependencies all met for dep_context=non-requeueable deps ti=<TaskInstance: example_dynamic_task_mapping.add_one scheduled__2022-09-14T00:00:00+00:00 map_index=1 [queued]>
[2025-12-26T22:51:35.546+0530] {taskinstance.py:2076} INFO - Dependencies all met for dep_context=requeueable deps ti=<TaskInstance: example_dynamic_task_mapping.add_one scheduled__2022-09-14T00:00:00+00:00 map_index=1 [queued]>
[2025-12-26T22:51:35.546+0530] {taskinstance.py:2306} INFO - Starting attempt 1 of 1
[2025-12-26T22:51:35.560+0530] {taskinstance.py:2330} INFO - Executing <Mapped(_PythonDecoratedOperator): add_one> on 2022-09-14 00:00:00+00:00
[2025-12-26T22:51:35.563+0530] {standard_task_runner.py:64} INFO - Started process 9709 to run task
[2025-12-26T22:51:35.566+0530] {standard_task_runner.py:90} INFO - Running: ['airflow', 'tasks', 'run', 'example_dynamic_task_mapping', 'add_one', 'scheduled__2022-09-14T00:00:00+00:00', '--job-id', '1138', '--raw', '--subdir', '/home/sathya/projects/training-kit/.venv-airflow/lib/python3.10/site-packages/airflow/example_dags/example_dynamic_task_mapping.py', '--cfg-path', '/tmp/tmpyrgx9m28', '--map-index', '1']
[2025-12-26T22:51:35.566+0530] {standard_task_runner.py:91} INFO - Job 1138: Subtask add_one
[2025-12-26T22:51:35.600+0530] {task_command.py:426} INFO - Running <TaskInstance: example_dynamic_task_mapping.add_one scheduled__2022-09-14T00:00:00+00:00 map_index=1 [running]> on host LAPTOP-A1PMOBSE.localdomain
[2025-12-26T22:51:35.656+0530] {taskinstance.py:2648} INFO - Exporting env vars: AIRFLOW_CTX_DAG_OWNER='airflow' AIRFLOW_CTX_DAG_ID='example_dynamic_task_mapping' AIRFLOW_CTX_TASK_ID='add_one' AIRFLOW_CTX_EXECUTION_DATE='2022-09-14T00:00:00+00:00' AIRFLOW_CTX_TRY_NUMBER='1' AIRFLOW_CTX_DAG_RUN_ID='scheduled__2022-09-14T00:00:00+00:00'
[2025-12-26T22:51:35.656+0530] {taskinstance.py:430} INFO - ::endgroup::
[2025-12-26T22:51:35.657+0530] {python.py:237} INFO - Done. Returned value was: 3
[2025-12-26T22:51:35.657+0530] {taskinstance.py:441} INFO - ::group::Post task execution logs
[2025-12-26T22:51:35.670+0530] {taskinstance.py:1206} INFO - Marking task as SUCCESS. dag_id=example_dynamic_task_mapping, task_id=add_one, run_id=scheduled__2022-09-14T00:00:00+00:00, map_index=1, execution_date=20220914T000000, start_date=20251226T172135, end_date=20251226T172135
[2025-12-26T22:51:35.700+0530] {local_task_job_runner.py:243} INFO - Task exited with return code 0
[2025-12-26T22:51:35.716+0530] {taskinstance.py:3503} INFO - 0 downstream tasks scheduled from follow-on schedule check
[2025-12-26T22:51:35.717+0530] {local_task_job_runner.py:222} INFO - ::endgroup::
[2026-03-10T23:52:46.537+0530] {local_task_job_runner.py:120} INFO - ::group::Pre task execution logs
[2026-03-10T23:52:46.604+0530] {taskinstance.py:2076} INFO - Dependencies all met for dep_context=non-requeueable deps ti=<TaskInstance: example_dynamic_task_mapping.add_one scheduled__2022-09-14T00:00:00+00:00 map_index=1 [queued]>
[2026-03-10T23:52:46.623+0530] {taskinstance.py:2076} INFO - Dependencies all met for dep_context=requeueable deps ti=<TaskInstance: example_dynamic_task_mapping.add_one scheduled__2022-09-14T00:00:00+00:00 map_index=1 [queued]>
[2026-03-10T23:52:46.624+0530] {taskinstance.py:2306} INFO - Starting attempt 1 of 1
[2026-03-10T23:52:46.673+0530] {taskinstance.py:2330} INFO - Executing <Mapped(_PythonDecoratedOperator): add_one> on 2022-09-14 00:00:00+00:00
[2026-03-10T23:52:46.691+0530] {standard_task_runner.py:64} INFO - Started process 15428 to run task
[2026-03-10T23:52:46.702+0530] {standard_task_runner.py:90} INFO - Running: ['airflow', 'tasks', 'run', 'example_dynamic_task_mapping', 'add_one', 'scheduled__2022-09-14T00:00:00+00:00', '--job-id', '1406', '--raw', '--subdir', '/home/sathya/projects/training-kit/.venv-airflow/lib/python3.10/site-packages/airflow/example_dags/example_dynamic_task_mapping.py', '--cfg-path', '/tmp/tmp4hsigt8k', '--map-index', '1']
[2026-03-10T23:52:46.707+0530] {standard_task_runner.py:91} INFO - Job 1406: Subtask add_one
[2026-03-10T23:52:46.811+0530] {task_command.py:426} INFO - Running <TaskInstance: example_dynamic_task_mapping.add_one scheduled__2022-09-14T00:00:00+00:00 map_index=1 [running]> on host LAPTOP-A1PMOBSE.localdomain
[2026-03-10T23:52:47.020+0530] {taskinstance.py:2648} INFO - Exporting env vars: AIRFLOW_CTX_DAG_OWNER='airflow' AIRFLOW_CTX_DAG_ID='example_dynamic_task_mapping' AIRFLOW_CTX_TASK_ID='add_one' AIRFLOW_CTX_EXECUTION_DATE='2022-09-14T00:00:00+00:00' AIRFLOW_CTX_TRY_NUMBER='1' AIRFLOW_CTX_DAG_RUN_ID='scheduled__2022-09-14T00:00:00+00:00'
[2026-03-10T23:52:47.023+0530] {taskinstance.py:430} INFO - ::endgroup::
[2026-03-10T23:52:47.024+0530] {python.py:237} INFO - Done. Returned value was: 3
[2026-03-10T23:52:47.025+0530] {taskinstance.py:441} INFO - ::group::Post task execution logs
[2026-03-10T23:52:47.068+0530] {taskinstance.py:1206} INFO - Marking task as SUCCESS. dag_id=example_dynamic_task_mapping, task_id=add_one, run_id=scheduled__2022-09-14T00:00:00+00:00, map_index=1, execution_date=20220914T000000, start_date=20260310T182246, end_date=20260310T182247
[2026-03-10T23:52:47.144+0530] {local_task_job_runner.py:243} INFO - Task exited with return code 0
[2026-03-10T23:52:47.189+0530] {taskinstance.py:3503} INFO - 0 downstream tasks scheduled from follow-on schedule check
[2026-03-10T23:52:47.191+0530] {local_task_job_runner.py:222} INFO - ::endgroup::
