[2025-12-26T22:13:41.960+0530] {local_task_job_runner.py:120} INFO - ::group::Pre task execution logs
[2025-12-26T22:13:41.975+0530] {taskinstance.py:2076} INFO - Dependencies all met for dep_context=non-requeueable deps ti=<TaskInstance: example_dynamic_task_mapping.add_one scheduled__2022-03-21T00:00:00+00:00 map_index=1 [queued]>
[2025-12-26T22:13:41.979+0530] {taskinstance.py:2076} INFO - Dependencies all met for dep_context=requeueable deps ti=<TaskInstance: example_dynamic_task_mapping.add_one scheduled__2022-03-21T00:00:00+00:00 map_index=1 [queued]>
[2025-12-26T22:13:41.979+0530] {taskinstance.py:2306} INFO - Starting attempt 1 of 1
[2025-12-26T22:13:41.994+0530] {taskinstance.py:2330} INFO - Executing <Mapped(_PythonDecoratedOperator): add_one> on 2022-03-21 00:00:00+00:00
[2025-12-26T22:13:41.997+0530] {standard_task_runner.py:64} INFO - Started process 4671 to run task
[2025-12-26T22:13:42.000+0530] {standard_task_runner.py:90} INFO - Running: ['airflow', 'tasks', 'run', 'example_dynamic_task_mapping', 'add_one', 'scheduled__2022-03-21T00:00:00+00:00', '--job-id', '234', '--raw', '--subdir', '/home/sathya/projects/training-kit/.venv-airflow/lib/python3.10/site-packages/airflow/example_dags/example_dynamic_task_mapping.py', '--cfg-path', '/tmp/tmp5jcu87l_', '--map-index', '1']
[2025-12-26T22:13:42.000+0530] {standard_task_runner.py:91} INFO - Job 234: Subtask add_one
[2025-12-26T22:13:42.032+0530] {task_command.py:426} INFO - Running <TaskInstance: example_dynamic_task_mapping.add_one scheduled__2022-03-21T00:00:00+00:00 map_index=1 [running]> on host LAPTOP-A1PMOBSE.localdomain
[2025-12-26T22:13:42.093+0530] {taskinstance.py:2648} INFO - Exporting env vars: AIRFLOW_CTX_DAG_OWNER='airflow' AIRFLOW_CTX_DAG_ID='example_dynamic_task_mapping' AIRFLOW_CTX_TASK_ID='add_one' AIRFLOW_CTX_EXECUTION_DATE='2022-03-21T00:00:00+00:00' AIRFLOW_CTX_TRY_NUMBER='1' AIRFLOW_CTX_DAG_RUN_ID='scheduled__2022-03-21T00:00:00+00:00'
[2025-12-26T22:13:42.094+0530] {taskinstance.py:430} INFO - ::endgroup::
[2025-12-26T22:13:42.094+0530] {python.py:237} INFO - Done. Returned value was: 3
[2025-12-26T22:13:42.095+0530] {taskinstance.py:441} INFO - ::group::Post task execution logs
[2025-12-26T22:13:42.111+0530] {taskinstance.py:1206} INFO - Marking task as SUCCESS. dag_id=example_dynamic_task_mapping, task_id=add_one, run_id=scheduled__2022-03-21T00:00:00+00:00, map_index=1, execution_date=20220321T000000, start_date=20251226T164341, end_date=20251226T164342
[2025-12-26T22:13:42.142+0530] {local_task_job_runner.py:243} INFO - Task exited with return code 0
[2025-12-26T22:13:42.153+0530] {taskinstance.py:3503} INFO - 0 downstream tasks scheduled from follow-on schedule check
[2025-12-26T22:13:42.153+0530] {local_task_job_runner.py:222} INFO - ::endgroup::
[2026-03-10T22:59:18.551+0530] {local_task_job_runner.py:120} INFO - ::group::Pre task execution logs
[2026-03-10T22:59:18.575+0530] {taskinstance.py:2076} INFO - Dependencies all met for dep_context=non-requeueable deps ti=<TaskInstance: example_dynamic_task_mapping.add_one scheduled__2022-03-21T00:00:00+00:00 map_index=1 [queued]>
[2026-03-10T22:59:18.581+0530] {taskinstance.py:2076} INFO - Dependencies all met for dep_context=requeueable deps ti=<TaskInstance: example_dynamic_task_mapping.add_one scheduled__2022-03-21T00:00:00+00:00 map_index=1 [queued]>
[2026-03-10T22:59:18.582+0530] {taskinstance.py:2306} INFO - Starting attempt 1 of 1
[2026-03-10T22:59:18.599+0530] {taskinstance.py:2330} INFO - Executing <Mapped(_PythonDecoratedOperator): add_one> on 2022-03-21 00:00:00+00:00
[2026-03-10T22:59:18.605+0530] {standard_task_runner.py:64} INFO - Started process 4430 to run task
[2026-03-10T22:59:18.609+0530] {standard_task_runner.py:90} INFO - Running: ['airflow', 'tasks', 'run', 'example_dynamic_task_mapping', 'add_one', 'scheduled__2022-03-21T00:00:00+00:00', '--job-id', '347', '--raw', '--subdir', '/home/sathya/projects/training-kit/.venv-airflow/lib/python3.10/site-packages/airflow/example_dags/example_dynamic_task_mapping.py', '--cfg-path', '/tmp/tmp5pkqfq8n', '--map-index', '1']
[2026-03-10T22:59:18.613+0530] {standard_task_runner.py:91} INFO - Job 347: Subtask add_one
[2026-03-10T22:59:18.666+0530] {task_command.py:426} INFO - Running <TaskInstance: example_dynamic_task_mapping.add_one scheduled__2022-03-21T00:00:00+00:00 map_index=1 [running]> on host LAPTOP-A1PMOBSE.localdomain
[2026-03-10T22:59:18.745+0530] {taskinstance.py:2648} INFO - Exporting env vars: AIRFLOW_CTX_DAG_OWNER='airflow' AIRFLOW_CTX_DAG_ID='example_dynamic_task_mapping' AIRFLOW_CTX_TASK_ID='add_one' AIRFLOW_CTX_EXECUTION_DATE='2022-03-21T00:00:00+00:00' AIRFLOW_CTX_TRY_NUMBER='1' AIRFLOW_CTX_DAG_RUN_ID='scheduled__2022-03-21T00:00:00+00:00'
[2026-03-10T22:59:18.748+0530] {taskinstance.py:430} INFO - ::endgroup::
[2026-03-10T22:59:18.748+0530] {python.py:237} INFO - Done. Returned value was: 3
[2026-03-10T22:59:18.748+0530] {taskinstance.py:441} INFO - ::group::Post task execution logs
[2026-03-10T22:59:18.770+0530] {taskinstance.py:1206} INFO - Marking task as SUCCESS. dag_id=example_dynamic_task_mapping, task_id=add_one, run_id=scheduled__2022-03-21T00:00:00+00:00, map_index=1, execution_date=20220321T000000, start_date=20260310T172918, end_date=20260310T172918
[2026-03-10T22:59:18.797+0530] {local_task_job_runner.py:243} INFO - Task exited with return code 0
[2026-03-10T22:59:18.817+0530] {taskinstance.py:3503} INFO - 0 downstream tasks scheduled from follow-on schedule check
[2026-03-10T22:59:18.817+0530] {local_task_job_runner.py:222} INFO - ::endgroup::
