[2025-12-26T22:49:43.657+0530] {local_task_job_runner.py:120} INFO - ::group::Pre task execution logs
[2025-12-26T22:49:43.673+0530] {taskinstance.py:2076} INFO - Dependencies all met for dep_context=non-requeueable deps ti=<TaskInstance: example_dynamic_task_mapping.add_one scheduled__2022-09-07T00:00:00+00:00 map_index=2 [queued]>
[2025-12-26T22:49:43.677+0530] {taskinstance.py:2076} INFO - Dependencies all met for dep_context=requeueable deps ti=<TaskInstance: example_dynamic_task_mapping.add_one scheduled__2022-09-07T00:00:00+00:00 map_index=2 [queued]>
[2025-12-26T22:49:43.678+0530] {taskinstance.py:2306} INFO - Starting attempt 1 of 1
[2025-12-26T22:49:43.693+0530] {taskinstance.py:2330} INFO - Executing <Mapped(_PythonDecoratedOperator): add_one> on 2022-09-07 00:00:00+00:00
[2025-12-26T22:49:43.695+0530] {standard_task_runner.py:64} INFO - Started process 9493 to run task
[2025-12-26T22:49:43.698+0530] {standard_task_runner.py:90} INFO - Running: ['airflow', 'tasks', 'run', 'example_dynamic_task_mapping', 'add_one', 'scheduled__2022-09-07T00:00:00+00:00', '--job-id', '1101', '--raw', '--subdir', '/home/sathya/projects/training-kit/.venv-airflow/lib/python3.10/site-packages/airflow/example_dags/example_dynamic_task_mapping.py', '--cfg-path', '/tmp/tmpue4p3y5q', '--map-index', '2']
[2025-12-26T22:49:43.699+0530] {standard_task_runner.py:91} INFO - Job 1101: Subtask add_one
[2025-12-26T22:49:43.729+0530] {task_command.py:426} INFO - Running <TaskInstance: example_dynamic_task_mapping.add_one scheduled__2022-09-07T00:00:00+00:00 map_index=2 [running]> on host LAPTOP-A1PMOBSE.localdomain
[2025-12-26T22:49:43.784+0530] {taskinstance.py:2648} INFO - Exporting env vars: AIRFLOW_CTX_DAG_OWNER='airflow' AIRFLOW_CTX_DAG_ID='example_dynamic_task_mapping' AIRFLOW_CTX_TASK_ID='add_one' AIRFLOW_CTX_EXECUTION_DATE='2022-09-07T00:00:00+00:00' AIRFLOW_CTX_TRY_NUMBER='1' AIRFLOW_CTX_DAG_RUN_ID='scheduled__2022-09-07T00:00:00+00:00'
[2025-12-26T22:49:43.784+0530] {taskinstance.py:430} INFO - ::endgroup::
[2025-12-26T22:49:43.785+0530] {python.py:237} INFO - Done. Returned value was: 4
[2025-12-26T22:49:43.785+0530] {taskinstance.py:441} INFO - ::group::Post task execution logs
[2025-12-26T22:49:43.796+0530] {taskinstance.py:1206} INFO - Marking task as SUCCESS. dag_id=example_dynamic_task_mapping, task_id=add_one, run_id=scheduled__2022-09-07T00:00:00+00:00, map_index=2, execution_date=20220907T000000, start_date=20251226T171943, end_date=20251226T171943
[2025-12-26T22:49:43.834+0530] {local_task_job_runner.py:243} INFO - Task exited with return code 0
[2025-12-26T22:49:43.855+0530] {taskinstance.py:3503} INFO - 1 downstream tasks scheduled from follow-on schedule check
[2025-12-26T22:49:43.862+0530] {local_task_job_runner.py:222} INFO - ::endgroup::
[2026-03-10T23:49:26.851+0530] {local_task_job_runner.py:120} INFO - ::group::Pre task execution logs
[2026-03-10T23:49:26.932+0530] {taskinstance.py:2076} INFO - Dependencies all met for dep_context=non-requeueable deps ti=<TaskInstance: example_dynamic_task_mapping.add_one scheduled__2022-09-07T00:00:00+00:00 map_index=2 [queued]>
[2026-03-10T23:49:26.949+0530] {taskinstance.py:2076} INFO - Dependencies all met for dep_context=requeueable deps ti=<TaskInstance: example_dynamic_task_mapping.add_one scheduled__2022-09-07T00:00:00+00:00 map_index=2 [queued]>
[2026-03-10T23:49:26.949+0530] {taskinstance.py:2306} INFO - Starting attempt 1 of 1
[2026-03-10T23:49:26.995+0530] {taskinstance.py:2330} INFO - Executing <Mapped(_PythonDecoratedOperator): add_one> on 2022-09-07 00:00:00+00:00
[2026-03-10T23:49:27.008+0530] {standard_task_runner.py:64} INFO - Started process 14971 to run task
[2026-03-10T23:49:27.017+0530] {standard_task_runner.py:90} INFO - Running: ['airflow', 'tasks', 'run', 'example_dynamic_task_mapping', 'add_one', 'scheduled__2022-09-07T00:00:00+00:00', '--job-id', '1361', '--raw', '--subdir', '/home/sathya/projects/training-kit/.venv-airflow/lib/python3.10/site-packages/airflow/example_dags/example_dynamic_task_mapping.py', '--cfg-path', '/tmp/tmpflgp7hfj', '--map-index', '2']
[2026-03-10T23:49:27.021+0530] {standard_task_runner.py:91} INFO - Job 1361: Subtask add_one
[2026-03-10T23:49:27.112+0530] {task_command.py:426} INFO - Running <TaskInstance: example_dynamic_task_mapping.add_one scheduled__2022-09-07T00:00:00+00:00 map_index=2 [running]> on host LAPTOP-A1PMOBSE.localdomain
[2026-03-10T23:49:27.329+0530] {taskinstance.py:2648} INFO - Exporting env vars: AIRFLOW_CTX_DAG_OWNER='airflow' AIRFLOW_CTX_DAG_ID='example_dynamic_task_mapping' AIRFLOW_CTX_TASK_ID='add_one' AIRFLOW_CTX_EXECUTION_DATE='2022-09-07T00:00:00+00:00' AIRFLOW_CTX_TRY_NUMBER='1' AIRFLOW_CTX_DAG_RUN_ID='scheduled__2022-09-07T00:00:00+00:00'
[2026-03-10T23:49:27.333+0530] {taskinstance.py:430} INFO - ::endgroup::
[2026-03-10T23:49:27.333+0530] {python.py:237} INFO - Done. Returned value was: 4
[2026-03-10T23:49:27.334+0530] {taskinstance.py:441} INFO - ::group::Post task execution logs
[2026-03-10T23:49:27.371+0530] {taskinstance.py:1206} INFO - Marking task as SUCCESS. dag_id=example_dynamic_task_mapping, task_id=add_one, run_id=scheduled__2022-09-07T00:00:00+00:00, map_index=2, execution_date=20220907T000000, start_date=20260310T181926, end_date=20260310T181927
[2026-03-10T23:49:27.419+0530] {local_task_job_runner.py:243} INFO - Task exited with return code 0
[2026-03-10T23:49:27.466+0530] {taskinstance.py:3503} INFO - 1 downstream tasks scheduled from follow-on schedule check
[2026-03-10T23:49:27.486+0530] {local_task_job_runner.py:222} INFO - ::endgroup::
