[2025-12-27T19:24:06.479+0530] {local_task_job_runner.py:120} INFO - ::group::Pre task execution logs
[2025-12-27T19:24:06.507+0530] {taskinstance.py:2076} INFO - Dependencies all met for dep_context=non-requeueable deps ti=<TaskInstance: example_dynamic_task_mapping.add_one scheduled__2022-11-22T00:00:00+00:00 map_index=1 [queued]>
[2025-12-27T19:24:06.514+0530] {taskinstance.py:2076} INFO - Dependencies all met for dep_context=requeueable deps ti=<TaskInstance: example_dynamic_task_mapping.add_one scheduled__2022-11-22T00:00:00+00:00 map_index=1 [queued]>
[2025-12-27T19:24:06.514+0530] {taskinstance.py:2306} INFO - Starting attempt 1 of 1
[2025-12-27T19:24:06.531+0530] {taskinstance.py:2330} INFO - Executing <Mapped(_PythonDecoratedOperator): add_one> on 2022-11-22 00:00:00+00:00
[2025-12-27T19:24:06.535+0530] {standard_task_runner.py:64} INFO - Started process 1050 to run task
[2025-12-27T19:24:06.539+0530] {standard_task_runner.py:90} INFO - Running: ['airflow', 'tasks', 'run', 'example_dynamic_task_mapping', 'add_one', 'scheduled__2022-11-22T00:00:00+00:00', '--job-id', '1658', '--raw', '--subdir', '/home/sathya/projects/training-kit/.venv-airflow/lib/python3.10/site-packages/airflow/example_dags/example_dynamic_task_mapping.py', '--cfg-path', '/tmp/tmpvk5q0gtv', '--map-index', '1']
[2025-12-27T19:24:06.539+0530] {standard_task_runner.py:91} INFO - Job 1658: Subtask add_one
[2025-12-27T19:24:06.582+0530] {task_command.py:426} INFO - Running <TaskInstance: example_dynamic_task_mapping.add_one scheduled__2022-11-22T00:00:00+00:00 map_index=1 [running]> on host LAPTOP-A1PMOBSE.localdomain
[2025-12-27T19:24:06.668+0530] {taskinstance.py:2648} INFO - Exporting env vars: AIRFLOW_CTX_DAG_OWNER='airflow' AIRFLOW_CTX_DAG_ID='example_dynamic_task_mapping' AIRFLOW_CTX_TASK_ID='add_one' AIRFLOW_CTX_EXECUTION_DATE='2022-11-22T00:00:00+00:00' AIRFLOW_CTX_TRY_NUMBER='1' AIRFLOW_CTX_DAG_RUN_ID='scheduled__2022-11-22T00:00:00+00:00'
[2025-12-27T19:24:06.670+0530] {taskinstance.py:430} INFO - ::endgroup::
[2025-12-27T19:24:06.670+0530] {python.py:237} INFO - Done. Returned value was: 3
[2025-12-27T19:24:06.670+0530] {taskinstance.py:441} INFO - ::group::Post task execution logs
[2025-12-27T19:24:06.690+0530] {taskinstance.py:1206} INFO - Marking task as SUCCESS. dag_id=example_dynamic_task_mapping, task_id=add_one, run_id=scheduled__2022-11-22T00:00:00+00:00, map_index=1, execution_date=20221122T000000, start_date=20251227T135406, end_date=20251227T135406
[2025-12-27T19:24:06.711+0530] {local_task_job_runner.py:243} INFO - Task exited with return code 0
[2025-12-27T19:24:06.732+0530] {taskinstance.py:3503} INFO - 0 downstream tasks scheduled from follow-on schedule check
[2025-12-27T19:24:06.733+0530] {local_task_job_runner.py:222} INFO - ::endgroup::
[2026-03-11T22:42:40.896+0530] {local_task_job_runner.py:120} INFO - ::group::Pre task execution logs
[2026-03-11T22:42:40.921+0530] {taskinstance.py:2076} INFO - Dependencies all met for dep_context=non-requeueable deps ti=<TaskInstance: example_dynamic_task_mapping.add_one scheduled__2022-11-22T00:00:00+00:00 map_index=1 [queued]>
[2026-03-11T22:42:40.930+0530] {taskinstance.py:2076} INFO - Dependencies all met for dep_context=requeueable deps ti=<TaskInstance: example_dynamic_task_mapping.add_one scheduled__2022-11-22T00:00:00+00:00 map_index=1 [queued]>
[2026-03-11T22:42:40.930+0530] {taskinstance.py:2306} INFO - Starting attempt 1 of 1
[2026-03-11T22:42:40.954+0530] {taskinstance.py:2330} INFO - Executing <Mapped(_PythonDecoratedOperator): add_one> on 2022-11-22 00:00:00+00:00
[2026-03-11T22:42:40.960+0530] {standard_task_runner.py:64} INFO - Started process 9703 to run task
[2026-03-11T22:42:40.972+0530] {standard_task_runner.py:90} INFO - Running: ['airflow', 'tasks', 'run', 'example_dynamic_task_mapping', 'add_one', 'scheduled__2022-11-22T00:00:00+00:00', '--job-id', '1987', '--raw', '--subdir', '/home/sathya/projects/training-kit/.venv-airflow/lib/python3.10/site-packages/airflow/example_dags/example_dynamic_task_mapping.py', '--cfg-path', '/tmp/tmp2z4ce13j', '--map-index', '1']
[2026-03-11T22:42:40.975+0530] {standard_task_runner.py:91} INFO - Job 1987: Subtask add_one
[2026-03-11T22:42:41.022+0530] {task_command.py:426} INFO - Running <TaskInstance: example_dynamic_task_mapping.add_one scheduled__2022-11-22T00:00:00+00:00 map_index=1 [running]> on host LAPTOP-A1PMOBSE.localdomain
[2026-03-11T22:42:41.102+0530] {taskinstance.py:2648} INFO - Exporting env vars: AIRFLOW_CTX_DAG_OWNER='airflow' AIRFLOW_CTX_DAG_ID='example_dynamic_task_mapping' AIRFLOW_CTX_TASK_ID='add_one' AIRFLOW_CTX_EXECUTION_DATE='2022-11-22T00:00:00+00:00' AIRFLOW_CTX_TRY_NUMBER='1' AIRFLOW_CTX_DAG_RUN_ID='scheduled__2022-11-22T00:00:00+00:00'
[2026-03-11T22:42:41.103+0530] {taskinstance.py:430} INFO - ::endgroup::
[2026-03-11T22:42:41.104+0530] {python.py:237} INFO - Done. Returned value was: 3
[2026-03-11T22:42:41.104+0530] {taskinstance.py:441} INFO - ::group::Post task execution logs
[2026-03-11T22:42:41.119+0530] {taskinstance.py:1206} INFO - Marking task as SUCCESS. dag_id=example_dynamic_task_mapping, task_id=add_one, run_id=scheduled__2022-11-22T00:00:00+00:00, map_index=1, execution_date=20221122T000000, start_date=20260311T171240, end_date=20260311T171241
[2026-03-11T22:42:41.154+0530] {local_task_job_runner.py:243} INFO - Task exited with return code 0
[2026-03-11T22:42:41.168+0530] {taskinstance.py:3503} INFO - 0 downstream tasks scheduled from follow-on schedule check
[2026-03-11T22:42:41.169+0530] {local_task_job_runner.py:222} INFO - ::endgroup::
