[2025-12-26T22:29:33.346+0530] {local_task_job_runner.py:120} INFO - ::group::Pre task execution logs
[2025-12-26T22:29:33.364+0530] {taskinstance.py:2076} INFO - Dependencies all met for dep_context=non-requeueable deps ti=<TaskInstance: example_dynamic_task_mapping.add_one scheduled__2022-06-17T00:00:00+00:00 map_index=0 [queued]>
[2025-12-26T22:29:33.370+0530] {taskinstance.py:2076} INFO - Dependencies all met for dep_context=requeueable deps ti=<TaskInstance: example_dynamic_task_mapping.add_one scheduled__2022-06-17T00:00:00+00:00 map_index=0 [queued]>
[2025-12-26T22:29:33.370+0530] {taskinstance.py:2306} INFO - Starting attempt 1 of 1
[2025-12-26T22:29:33.387+0530] {taskinstance.py:2330} INFO - Executing <Mapped(_PythonDecoratedOperator): add_one> on 2022-06-17 00:00:00+00:00
[2025-12-26T22:29:33.389+0530] {standard_task_runner.py:64} INFO - Started process 7021 to run task
[2025-12-26T22:29:33.396+0530] {standard_task_runner.py:90} INFO - Running: ['airflow', 'tasks', 'run', 'example_dynamic_task_mapping', 'add_one', 'scheduled__2022-06-17T00:00:00+00:00', '--job-id', '672', '--raw', '--subdir', '/home/sathya/projects/training-kit/.venv-airflow/lib/python3.10/site-packages/airflow/example_dags/example_dynamic_task_mapping.py', '--cfg-path', '/tmp/tmpmqxfxn3t', '--map-index', '0']
[2025-12-26T22:29:33.396+0530] {standard_task_runner.py:91} INFO - Job 672: Subtask add_one
[2025-12-26T22:29:33.439+0530] {task_command.py:426} INFO - Running <TaskInstance: example_dynamic_task_mapping.add_one scheduled__2022-06-17T00:00:00+00:00 map_index=0 [running]> on host LAPTOP-A1PMOBSE.localdomain
[2025-12-26T22:29:33.499+0530] {taskinstance.py:2648} INFO - Exporting env vars: AIRFLOW_CTX_DAG_OWNER='airflow' AIRFLOW_CTX_DAG_ID='example_dynamic_task_mapping' AIRFLOW_CTX_TASK_ID='add_one' AIRFLOW_CTX_EXECUTION_DATE='2022-06-17T00:00:00+00:00' AIRFLOW_CTX_TRY_NUMBER='1' AIRFLOW_CTX_DAG_RUN_ID='scheduled__2022-06-17T00:00:00+00:00'
[2025-12-26T22:29:33.500+0530] {taskinstance.py:430} INFO - ::endgroup::
[2025-12-26T22:29:33.500+0530] {python.py:237} INFO - Done. Returned value was: 2
[2025-12-26T22:29:33.501+0530] {taskinstance.py:441} INFO - ::group::Post task execution logs
[2025-12-26T22:29:33.514+0530] {taskinstance.py:1206} INFO - Marking task as SUCCESS. dag_id=example_dynamic_task_mapping, task_id=add_one, run_id=scheduled__2022-06-17T00:00:00+00:00, map_index=0, execution_date=20220617T000000, start_date=20251226T165933, end_date=20251226T165933
[2025-12-26T22:29:33.536+0530] {local_task_job_runner.py:243} INFO - Task exited with return code 0
[2025-12-26T22:29:33.548+0530] {taskinstance.py:3503} INFO - 0 downstream tasks scheduled from follow-on schedule check
[2025-12-26T22:29:33.549+0530] {local_task_job_runner.py:222} INFO - ::endgroup::
[2026-03-10T23:17:54.455+0530] {local_task_job_runner.py:120} INFO - ::group::Pre task execution logs
[2026-03-10T23:17:54.490+0530] {taskinstance.py:2076} INFO - Dependencies all met for dep_context=non-requeueable deps ti=<TaskInstance: example_dynamic_task_mapping.add_one scheduled__2022-06-17T00:00:00+00:00 map_index=0 [queued]>
[2026-03-10T23:17:54.497+0530] {taskinstance.py:2076} INFO - Dependencies all met for dep_context=requeueable deps ti=<TaskInstance: example_dynamic_task_mapping.add_one scheduled__2022-06-17T00:00:00+00:00 map_index=0 [queued]>
[2026-03-10T23:17:54.498+0530] {taskinstance.py:2306} INFO - Starting attempt 1 of 1
[2026-03-10T23:17:54.517+0530] {taskinstance.py:2330} INFO - Executing <Mapped(_PythonDecoratedOperator): add_one> on 2022-06-17 00:00:00+00:00
[2026-03-10T23:17:54.524+0530] {standard_task_runner.py:64} INFO - Started process 9107 to run task
[2026-03-10T23:17:54.529+0530] {standard_task_runner.py:90} INFO - Running: ['airflow', 'tasks', 'run', 'example_dynamic_task_mapping', 'add_one', 'scheduled__2022-06-17T00:00:00+00:00', '--job-id', '802', '--raw', '--subdir', '/home/sathya/projects/training-kit/.venv-airflow/lib/python3.10/site-packages/airflow/example_dags/example_dynamic_task_mapping.py', '--cfg-path', '/tmp/tmpc5mi4hfv', '--map-index', '0']
[2026-03-10T23:17:54.531+0530] {standard_task_runner.py:91} INFO - Job 802: Subtask add_one
[2026-03-10T23:17:54.586+0530] {task_command.py:426} INFO - Running <TaskInstance: example_dynamic_task_mapping.add_one scheduled__2022-06-17T00:00:00+00:00 map_index=0 [running]> on host LAPTOP-A1PMOBSE.localdomain
[2026-03-10T23:17:54.697+0530] {taskinstance.py:2648} INFO - Exporting env vars: AIRFLOW_CTX_DAG_OWNER='airflow' AIRFLOW_CTX_DAG_ID='example_dynamic_task_mapping' AIRFLOW_CTX_TASK_ID='add_one' AIRFLOW_CTX_EXECUTION_DATE='2022-06-17T00:00:00+00:00' AIRFLOW_CTX_TRY_NUMBER='1' AIRFLOW_CTX_DAG_RUN_ID='scheduled__2022-06-17T00:00:00+00:00'
[2026-03-10T23:17:54.699+0530] {taskinstance.py:430} INFO - ::endgroup::
[2026-03-10T23:17:54.700+0530] {python.py:237} INFO - Done. Returned value was: 2
[2026-03-10T23:17:54.700+0530] {taskinstance.py:441} INFO - ::group::Post task execution logs
[2026-03-10T23:17:54.725+0530] {taskinstance.py:1206} INFO - Marking task as SUCCESS. dag_id=example_dynamic_task_mapping, task_id=add_one, run_id=scheduled__2022-06-17T00:00:00+00:00, map_index=0, execution_date=20220617T000000, start_date=20260310T174754, end_date=20260310T174754
[2026-03-10T23:17:54.755+0530] {local_task_job_runner.py:243} INFO - Task exited with return code 0
[2026-03-10T23:17:54.785+0530] {taskinstance.py:3503} INFO - 0 downstream tasks scheduled from follow-on schedule check
[2026-03-10T23:17:54.786+0530] {local_task_job_runner.py:222} INFO - ::endgroup::
