[2025-12-27T19:33:29.457+0530] {local_task_job_runner.py:120} INFO - ::group::Pre task execution logs
[2025-12-27T19:33:29.480+0530] {taskinstance.py:2076} INFO - Dependencies all met for dep_context=non-requeueable deps ti=<TaskInstance: example_dynamic_task_mapping.add_one scheduled__2022-12-08T00:00:00+00:00 map_index=0 [queued]>
[2025-12-27T19:33:29.487+0530] {taskinstance.py:2076} INFO - Dependencies all met for dep_context=requeueable deps ti=<TaskInstance: example_dynamic_task_mapping.add_one scheduled__2022-12-08T00:00:00+00:00 map_index=0 [queued]>
[2025-12-27T19:33:29.488+0530] {taskinstance.py:2306} INFO - Starting attempt 1 of 1
[2025-12-27T19:33:29.504+0530] {taskinstance.py:2330} INFO - Executing <Mapped(_PythonDecoratedOperator): add_one> on 2022-12-08 00:00:00+00:00
[2025-12-27T19:33:29.507+0530] {standard_task_runner.py:64} INFO - Started process 1363 to run task
[2025-12-27T19:33:29.511+0530] {standard_task_runner.py:90} INFO - Running: ['airflow', 'tasks', 'run', 'example_dynamic_task_mapping', 'add_one', 'scheduled__2022-12-08T00:00:00+00:00', '--job-id', '1773', '--raw', '--subdir', '/home/sathya/projects/training-kit/.venv-airflow/lib/python3.10/site-packages/airflow/example_dags/example_dynamic_task_mapping.py', '--cfg-path', '/tmp/tmp8_fiz198', '--map-index', '0']
[2025-12-27T19:33:29.512+0530] {standard_task_runner.py:91} INFO - Job 1773: Subtask add_one
[2025-12-27T19:33:29.554+0530] {task_command.py:426} INFO - Running <TaskInstance: example_dynamic_task_mapping.add_one scheduled__2022-12-08T00:00:00+00:00 map_index=0 [running]> on host LAPTOP-A1PMOBSE.localdomain
[2025-12-27T19:33:29.640+0530] {taskinstance.py:2648} INFO - Exporting env vars: AIRFLOW_CTX_DAG_OWNER='airflow' AIRFLOW_CTX_DAG_ID='example_dynamic_task_mapping' AIRFLOW_CTX_TASK_ID='add_one' AIRFLOW_CTX_EXECUTION_DATE='2022-12-08T00:00:00+00:00' AIRFLOW_CTX_TRY_NUMBER='1' AIRFLOW_CTX_DAG_RUN_ID='scheduled__2022-12-08T00:00:00+00:00'
[2025-12-27T19:33:29.641+0530] {taskinstance.py:430} INFO - ::endgroup::
[2025-12-27T19:33:29.641+0530] {python.py:237} INFO - Done. Returned value was: 2
[2025-12-27T19:33:29.642+0530] {taskinstance.py:441} INFO - ::group::Post task execution logs
[2025-12-27T19:33:29.659+0530] {taskinstance.py:1206} INFO - Marking task as SUCCESS. dag_id=example_dynamic_task_mapping, task_id=add_one, run_id=scheduled__2022-12-08T00:00:00+00:00, map_index=0, execution_date=20221208T000000, start_date=20251227T140329, end_date=20251227T140329
[2025-12-27T19:33:29.683+0530] {local_task_job_runner.py:243} INFO - Task exited with return code 0
[2025-12-27T19:33:29.702+0530] {taskinstance.py:3503} INFO - 0 downstream tasks scheduled from follow-on schedule check
[2025-12-27T19:33:29.703+0530] {local_task_job_runner.py:222} INFO - ::endgroup::
[2026-03-11T22:48:01.336+0530] {local_task_job_runner.py:120} INFO - ::group::Pre task execution logs
[2026-03-11T22:48:01.356+0530] {taskinstance.py:2076} INFO - Dependencies all met for dep_context=non-requeueable deps ti=<TaskInstance: example_dynamic_task_mapping.add_one scheduled__2022-12-08T00:00:00+00:00 map_index=0 [queued]>
[2026-03-11T22:48:01.360+0530] {taskinstance.py:2076} INFO - Dependencies all met for dep_context=requeueable deps ti=<TaskInstance: example_dynamic_task_mapping.add_one scheduled__2022-12-08T00:00:00+00:00 map_index=0 [queued]>
[2026-03-11T22:48:01.360+0530] {taskinstance.py:2306} INFO - Starting attempt 1 of 1
[2026-03-11T22:48:01.376+0530] {taskinstance.py:2330} INFO - Executing <Mapped(_PythonDecoratedOperator): add_one> on 2022-12-08 00:00:00+00:00
[2026-03-11T22:48:01.380+0530] {standard_task_runner.py:64} INFO - Started process 10595 to run task
[2026-03-11T22:48:01.384+0530] {standard_task_runner.py:90} INFO - Running: ['airflow', 'tasks', 'run', 'example_dynamic_task_mapping', 'add_one', 'scheduled__2022-12-08T00:00:00+00:00', '--job-id', '2076', '--raw', '--subdir', '/home/sathya/projects/training-kit/.venv-airflow/lib/python3.10/site-packages/airflow/example_dags/example_dynamic_task_mapping.py', '--cfg-path', '/tmp/tmplvz9o415', '--map-index', '0']
[2026-03-11T22:48:01.386+0530] {standard_task_runner.py:91} INFO - Job 2076: Subtask add_one
[2026-03-11T22:48:01.417+0530] {task_command.py:426} INFO - Running <TaskInstance: example_dynamic_task_mapping.add_one scheduled__2022-12-08T00:00:00+00:00 map_index=0 [running]> on host LAPTOP-A1PMOBSE.localdomain
[2026-03-11T22:48:01.485+0530] {taskinstance.py:2648} INFO - Exporting env vars: AIRFLOW_CTX_DAG_OWNER='airflow' AIRFLOW_CTX_DAG_ID='example_dynamic_task_mapping' AIRFLOW_CTX_TASK_ID='add_one' AIRFLOW_CTX_EXECUTION_DATE='2022-12-08T00:00:00+00:00' AIRFLOW_CTX_TRY_NUMBER='1' AIRFLOW_CTX_DAG_RUN_ID='scheduled__2022-12-08T00:00:00+00:00'
[2026-03-11T22:48:01.486+0530] {taskinstance.py:430} INFO - ::endgroup::
[2026-03-11T22:48:01.487+0530] {python.py:237} INFO - Done. Returned value was: 2
[2026-03-11T22:48:01.487+0530] {taskinstance.py:441} INFO - ::group::Post task execution logs
[2026-03-11T22:48:01.502+0530] {taskinstance.py:1206} INFO - Marking task as SUCCESS. dag_id=example_dynamic_task_mapping, task_id=add_one, run_id=scheduled__2022-12-08T00:00:00+00:00, map_index=0, execution_date=20221208T000000, start_date=20260311T171801, end_date=20260311T171801
[2026-03-11T22:48:01.526+0530] {local_task_job_runner.py:243} INFO - Task exited with return code 0
[2026-03-11T22:48:01.539+0530] {taskinstance.py:3503} INFO - 0 downstream tasks scheduled from follow-on schedule check
[2026-03-11T22:48:01.539+0530] {local_task_job_runner.py:222} INFO - ::endgroup::
