[2025-12-26T22:48:04.801+0530] {local_task_job_runner.py:120} INFO - ::group::Pre task execution logs
[2025-12-26T22:48:04.816+0530] {taskinstance.py:2076} INFO - Dependencies all met for dep_context=non-requeueable deps ti=<TaskInstance: example_dynamic_task_mapping.add_one scheduled__2022-09-01T00:00:00+00:00 map_index=2 [queued]>
[2025-12-26T22:48:04.820+0530] {taskinstance.py:2076} INFO - Dependencies all met for dep_context=requeueable deps ti=<TaskInstance: example_dynamic_task_mapping.add_one scheduled__2022-09-01T00:00:00+00:00 map_index=2 [queued]>
[2025-12-26T22:48:04.820+0530] {taskinstance.py:2306} INFO - Starting attempt 1 of 1
[2025-12-26T22:48:04.833+0530] {taskinstance.py:2330} INFO - Executing <Mapped(_PythonDecoratedOperator): add_one> on 2022-09-01 00:00:00+00:00
[2025-12-26T22:48:04.836+0530] {standard_task_runner.py:64} INFO - Started process 9298 to run task
[2025-12-26T22:48:04.838+0530] {standard_task_runner.py:90} INFO - Running: ['airflow', 'tasks', 'run', 'example_dynamic_task_mapping', 'add_one', 'scheduled__2022-09-01T00:00:00+00:00', '--job-id', '1067', '--raw', '--subdir', '/home/sathya/projects/training-kit/.venv-airflow/lib/python3.10/site-packages/airflow/example_dags/example_dynamic_task_mapping.py', '--cfg-path', '/tmp/tmpk234ylr8', '--map-index', '2']
[2025-12-26T22:48:04.839+0530] {standard_task_runner.py:91} INFO - Job 1067: Subtask add_one
[2025-12-26T22:48:04.868+0530] {task_command.py:426} INFO - Running <TaskInstance: example_dynamic_task_mapping.add_one scheduled__2022-09-01T00:00:00+00:00 map_index=2 [running]> on host LAPTOP-A1PMOBSE.localdomain
[2025-12-26T22:48:04.920+0530] {taskinstance.py:2648} INFO - Exporting env vars: AIRFLOW_CTX_DAG_OWNER='airflow' AIRFLOW_CTX_DAG_ID='example_dynamic_task_mapping' AIRFLOW_CTX_TASK_ID='add_one' AIRFLOW_CTX_EXECUTION_DATE='2022-09-01T00:00:00+00:00' AIRFLOW_CTX_TRY_NUMBER='1' AIRFLOW_CTX_DAG_RUN_ID='scheduled__2022-09-01T00:00:00+00:00'
[2025-12-26T22:48:04.921+0530] {taskinstance.py:430} INFO - ::endgroup::
[2025-12-26T22:48:04.921+0530] {python.py:237} INFO - Done. Returned value was: 4
[2025-12-26T22:48:04.921+0530] {taskinstance.py:441} INFO - ::group::Post task execution logs
[2025-12-26T22:48:04.935+0530] {taskinstance.py:1206} INFO - Marking task as SUCCESS. dag_id=example_dynamic_task_mapping, task_id=add_one, run_id=scheduled__2022-09-01T00:00:00+00:00, map_index=2, execution_date=20220901T000000, start_date=20251226T171804, end_date=20251226T171804
[2025-12-26T22:48:04.981+0530] {local_task_job_runner.py:243} INFO - Task exited with return code 0
[2025-12-26T22:48:05.005+0530] {taskinstance.py:3503} INFO - 1 downstream tasks scheduled from follow-on schedule check
[2025-12-26T22:48:05.014+0530] {local_task_job_runner.py:222} INFO - ::endgroup::
[2026-03-10T23:43:47.929+0530] {local_task_job_runner.py:120} INFO - ::group::Pre task execution logs
[2026-03-10T23:43:47.990+0530] {taskinstance.py:2076} INFO - Dependencies all met for dep_context=non-requeueable deps ti=<TaskInstance: example_dynamic_task_mapping.add_one scheduled__2022-09-01T00:00:00+00:00 map_index=2 [queued]>
[2026-03-10T23:43:48.013+0530] {taskinstance.py:2076} INFO - Dependencies all met for dep_context=requeueable deps ti=<TaskInstance: example_dynamic_task_mapping.add_one scheduled__2022-09-01T00:00:00+00:00 map_index=2 [queued]>
[2026-03-10T23:43:48.014+0530] {taskinstance.py:2306} INFO - Starting attempt 1 of 1
[2026-03-10T23:43:48.106+0530] {taskinstance.py:2330} INFO - Executing <Mapped(_PythonDecoratedOperator): add_one> on 2022-09-01 00:00:00+00:00
[2026-03-10T23:43:48.125+0530] {standard_task_runner.py:64} INFO - Started process 14281 to run task
[2026-03-10T23:43:48.135+0530] {standard_task_runner.py:90} INFO - Running: ['airflow', 'tasks', 'run', 'example_dynamic_task_mapping', 'add_one', 'scheduled__2022-09-01T00:00:00+00:00', '--job-id', '1295', '--raw', '--subdir', '/home/sathya/projects/training-kit/.venv-airflow/lib/python3.10/site-packages/airflow/example_dags/example_dynamic_task_mapping.py', '--cfg-path', '/tmp/tmpvuxcysjp', '--map-index', '2']
[2026-03-10T23:43:48.141+0530] {standard_task_runner.py:91} INFO - Job 1295: Subtask add_one
[2026-03-10T23:43:48.262+0530] {task_command.py:426} INFO - Running <TaskInstance: example_dynamic_task_mapping.add_one scheduled__2022-09-01T00:00:00+00:00 map_index=2 [running]> on host LAPTOP-A1PMOBSE.localdomain
[2026-03-10T23:43:48.494+0530] {taskinstance.py:2648} INFO - Exporting env vars: AIRFLOW_CTX_DAG_OWNER='airflow' AIRFLOW_CTX_DAG_ID='example_dynamic_task_mapping' AIRFLOW_CTX_TASK_ID='add_one' AIRFLOW_CTX_EXECUTION_DATE='2022-09-01T00:00:00+00:00' AIRFLOW_CTX_TRY_NUMBER='1' AIRFLOW_CTX_DAG_RUN_ID='scheduled__2022-09-01T00:00:00+00:00'
[2026-03-10T23:43:48.496+0530] {taskinstance.py:430} INFO - ::endgroup::
[2026-03-10T23:43:48.497+0530] {python.py:237} INFO - Done. Returned value was: 4
[2026-03-10T23:43:48.498+0530] {taskinstance.py:441} INFO - ::group::Post task execution logs
[2026-03-10T23:43:48.537+0530] {taskinstance.py:1206} INFO - Marking task as SUCCESS. dag_id=example_dynamic_task_mapping, task_id=add_one, run_id=scheduled__2022-09-01T00:00:00+00:00, map_index=2, execution_date=20220901T000000, start_date=20260310T181347, end_date=20260310T181348
[2026-03-10T23:43:48.620+0530] {local_task_job_runner.py:243} INFO - Task exited with return code 0
[2026-03-10T23:43:48.663+0530] {taskinstance.py:3503} INFO - 1 downstream tasks scheduled from follow-on schedule check
[2026-03-10T23:43:48.693+0530] {local_task_job_runner.py:222} INFO - ::endgroup::
