[2025-12-27T19:29:43.554+0530] {local_task_job_runner.py:120} INFO - ::group::Pre task execution logs
[2025-12-27T19:29:43.577+0530] {taskinstance.py:2076} INFO - Dependencies all met for dep_context=non-requeueable deps ti=<TaskInstance: example_dynamic_task_mapping.add_one scheduled__2022-11-30T00:00:00+00:00 map_index=1 [queued]>
[2025-12-27T19:29:43.583+0530] {taskinstance.py:2076} INFO - Dependencies all met for dep_context=requeueable deps ti=<TaskInstance: example_dynamic_task_mapping.add_one scheduled__2022-11-30T00:00:00+00:00 map_index=1 [queued]>
[2025-12-27T19:29:43.583+0530] {taskinstance.py:2306} INFO - Starting attempt 1 of 1
[2025-12-27T19:29:43.600+0530] {taskinstance.py:2330} INFO - Executing <Mapped(_PythonDecoratedOperator): add_one> on 2022-11-30 00:00:00+00:00
[2025-12-27T19:29:43.605+0530] {standard_task_runner.py:64} INFO - Started process 1225 to run task
[2025-12-27T19:29:43.610+0530] {standard_task_runner.py:90} INFO - Running: ['airflow', 'tasks', 'run', 'example_dynamic_task_mapping', 'add_one', 'scheduled__2022-11-30T00:00:00+00:00', '--job-id', '1722', '--raw', '--subdir', '/home/sathya/projects/training-kit/.venv-airflow/lib/python3.10/site-packages/airflow/example_dags/example_dynamic_task_mapping.py', '--cfg-path', '/tmp/tmp67rvqpnt', '--map-index', '1']
[2025-12-27T19:29:43.611+0530] {standard_task_runner.py:91} INFO - Job 1722: Subtask add_one
[2025-12-27T19:29:43.655+0530] {task_command.py:426} INFO - Running <TaskInstance: example_dynamic_task_mapping.add_one scheduled__2022-11-30T00:00:00+00:00 map_index=1 [running]> on host LAPTOP-A1PMOBSE.localdomain
[2025-12-27T19:29:43.733+0530] {taskinstance.py:2648} INFO - Exporting env vars: AIRFLOW_CTX_DAG_OWNER='airflow' AIRFLOW_CTX_DAG_ID='example_dynamic_task_mapping' AIRFLOW_CTX_TASK_ID='add_one' AIRFLOW_CTX_EXECUTION_DATE='2022-11-30T00:00:00+00:00' AIRFLOW_CTX_TRY_NUMBER='1' AIRFLOW_CTX_DAG_RUN_ID='scheduled__2022-11-30T00:00:00+00:00'
[2025-12-27T19:29:43.734+0530] {taskinstance.py:430} INFO - ::endgroup::
[2025-12-27T19:29:43.734+0530] {python.py:237} INFO - Done. Returned value was: 3
[2025-12-27T19:29:43.735+0530] {taskinstance.py:441} INFO - ::group::Post task execution logs
[2025-12-27T19:29:43.755+0530] {taskinstance.py:1206} INFO - Marking task as SUCCESS. dag_id=example_dynamic_task_mapping, task_id=add_one, run_id=scheduled__2022-11-30T00:00:00+00:00, map_index=1, execution_date=20221130T000000, start_date=20251227T135943, end_date=20251227T135943
[2025-12-27T19:29:43.782+0530] {local_task_job_runner.py:243} INFO - Task exited with return code 0
[2025-12-27T19:29:43.801+0530] {taskinstance.py:3503} INFO - 0 downstream tasks scheduled from follow-on schedule check
[2025-12-27T19:29:43.802+0530] {local_task_job_runner.py:222} INFO - ::endgroup::
[2026-03-11T22:45:43.336+0530] {local_task_job_runner.py:120} INFO - ::group::Pre task execution logs
[2026-03-11T22:45:43.353+0530] {taskinstance.py:2076} INFO - Dependencies all met for dep_context=non-requeueable deps ti=<TaskInstance: example_dynamic_task_mapping.add_one scheduled__2022-11-30T00:00:00+00:00 map_index=1 [queued]>
[2026-03-11T22:45:43.358+0530] {taskinstance.py:2076} INFO - Dependencies all met for dep_context=requeueable deps ti=<TaskInstance: example_dynamic_task_mapping.add_one scheduled__2022-11-30T00:00:00+00:00 map_index=1 [queued]>
[2026-03-11T22:45:43.358+0530] {taskinstance.py:2306} INFO - Starting attempt 1 of 1
[2026-03-11T22:45:43.373+0530] {taskinstance.py:2330} INFO - Executing <Mapped(_PythonDecoratedOperator): add_one> on 2022-11-30 00:00:00+00:00
[2026-03-11T22:45:43.377+0530] {standard_task_runner.py:64} INFO - Started process 10185 to run task
[2026-03-11T22:45:43.380+0530] {standard_task_runner.py:90} INFO - Running: ['airflow', 'tasks', 'run', 'example_dynamic_task_mapping', 'add_one', 'scheduled__2022-11-30T00:00:00+00:00', '--job-id', '2035', '--raw', '--subdir', '/home/sathya/projects/training-kit/.venv-airflow/lib/python3.10/site-packages/airflow/example_dags/example_dynamic_task_mapping.py', '--cfg-path', '/tmp/tmptqqxf3p3', '--map-index', '1']
[2026-03-11T22:45:43.382+0530] {standard_task_runner.py:91} INFO - Job 2035: Subtask add_one
[2026-03-11T22:45:43.417+0530] {task_command.py:426} INFO - Running <TaskInstance: example_dynamic_task_mapping.add_one scheduled__2022-11-30T00:00:00+00:00 map_index=1 [running]> on host LAPTOP-A1PMOBSE.localdomain
[2026-03-11T22:45:43.481+0530] {taskinstance.py:2648} INFO - Exporting env vars: AIRFLOW_CTX_DAG_OWNER='airflow' AIRFLOW_CTX_DAG_ID='example_dynamic_task_mapping' AIRFLOW_CTX_TASK_ID='add_one' AIRFLOW_CTX_EXECUTION_DATE='2022-11-30T00:00:00+00:00' AIRFLOW_CTX_TRY_NUMBER='1' AIRFLOW_CTX_DAG_RUN_ID='scheduled__2022-11-30T00:00:00+00:00'
[2026-03-11T22:45:43.482+0530] {taskinstance.py:430} INFO - ::endgroup::
[2026-03-11T22:45:43.482+0530] {python.py:237} INFO - Done. Returned value was: 3
[2026-03-11T22:45:43.482+0530] {taskinstance.py:441} INFO - ::group::Post task execution logs
[2026-03-11T22:45:43.497+0530] {taskinstance.py:1206} INFO - Marking task as SUCCESS. dag_id=example_dynamic_task_mapping, task_id=add_one, run_id=scheduled__2022-11-30T00:00:00+00:00, map_index=1, execution_date=20221130T000000, start_date=20260311T171543, end_date=20260311T171543
[2026-03-11T22:45:43.521+0530] {local_task_job_runner.py:243} INFO - Task exited with return code 0
[2026-03-11T22:45:43.539+0530] {taskinstance.py:3503} INFO - 0 downstream tasks scheduled from follow-on schedule check
[2026-03-11T22:45:43.539+0530] {local_task_job_runner.py:222} INFO - ::endgroup::
