[2025-12-27T19:09:30.707+0530] {processor.py:161} INFO - Started process (PID=562) to work on /home/sathya/projects/training-kit/.venv-airflow/lib/python3.10/site-packages/airflow/example_dags/plugins/workday.py
[2025-12-27T19:09:30.708+0530] {processor.py:830} INFO - Processing file /home/sathya/projects/training-kit/.venv-airflow/lib/python3.10/site-packages/airflow/example_dags/plugins/workday.py for tasks to queue
[2025-12-27T19:09:30.711+0530] {logging_mixin.py:188} INFO - [2025-12-27T19:09:30.711+0530] {dagbag.py:545} INFO - Filling up the DagBag from /home/sathya/projects/training-kit/.venv-airflow/lib/python3.10/site-packages/airflow/example_dags/plugins/workday.py
[2025-12-27T19:09:30.716+0530] {logging_mixin.py:188} INFO - [2025-12-27T19:09:30.716+0530] {workday.py:41} WARNING - Could not import pandas. Holidays will not be considered.
[2025-12-27T19:09:30.716+0530] {processor.py:842} WARNING - No viable dags retrieved from /home/sathya/projects/training-kit/.venv-airflow/lib/python3.10/site-packages/airflow/example_dags/plugins/workday.py
[2025-12-27T19:09:30.734+0530] {processor.py:183} INFO - Processing /home/sathya/projects/training-kit/.venv-airflow/lib/python3.10/site-packages/airflow/example_dags/plugins/workday.py took 0.042 seconds
[2025-12-27T19:26:42.548+0530] {processor.py:161} INFO - Started process (PID=1116) to work on /home/sathya/projects/training-kit/.venv-airflow/lib/python3.10/site-packages/airflow/example_dags/plugins/workday.py
[2025-12-27T19:26:42.550+0530] {processor.py:830} INFO - Processing file /home/sathya/projects/training-kit/.venv-airflow/lib/python3.10/site-packages/airflow/example_dags/plugins/workday.py for tasks to queue
[2025-12-27T19:26:42.552+0530] {logging_mixin.py:188} INFO - [2025-12-27T19:26:42.552+0530] {dagbag.py:545} INFO - Filling up the DagBag from /home/sathya/projects/training-kit/.venv-airflow/lib/python3.10/site-packages/airflow/example_dags/plugins/workday.py
[2025-12-27T19:26:42.556+0530] {logging_mixin.py:188} INFO - [2025-12-27T19:26:42.556+0530] {workday.py:41} WARNING - Could not import pandas. Holidays will not be considered.
[2025-12-27T19:26:42.557+0530] {processor.py:842} WARNING - No viable dags retrieved from /home/sathya/projects/training-kit/.venv-airflow/lib/python3.10/site-packages/airflow/example_dags/plugins/workday.py
[2025-12-27T19:26:42.574+0530] {processor.py:183} INFO - Processing /home/sathya/projects/training-kit/.venv-airflow/lib/python3.10/site-packages/airflow/example_dags/plugins/workday.py took 0.039 seconds
[2025-12-27T19:35:57.889+0530] {processor.py:161} INFO - Started process (PID=1469) to work on /home/sathya/projects/training-kit/.venv-airflow/lib/python3.10/site-packages/airflow/example_dags/plugins/workday.py
[2025-12-27T19:35:57.895+0530] {processor.py:830} INFO - Processing file /home/sathya/projects/training-kit/.venv-airflow/lib/python3.10/site-packages/airflow/example_dags/plugins/workday.py for tasks to queue
[2025-12-27T19:35:57.897+0530] {logging_mixin.py:188} INFO - [2025-12-27T19:35:57.896+0530] {dagbag.py:545} INFO - Filling up the DagBag from /home/sathya/projects/training-kit/.venv-airflow/lib/python3.10/site-packages/airflow/example_dags/plugins/workday.py
[2025-12-27T19:35:57.900+0530] {logging_mixin.py:188} INFO - [2025-12-27T19:35:57.900+0530] {workday.py:41} WARNING - Could not import pandas. Holidays will not be considered.
[2025-12-27T19:35:57.900+0530] {processor.py:842} WARNING - No viable dags retrieved from /home/sathya/projects/training-kit/.venv-airflow/lib/python3.10/site-packages/airflow/example_dags/plugins/workday.py
[2025-12-27T19:35:58.062+0530] {processor.py:183} INFO - Processing /home/sathya/projects/training-kit/.venv-airflow/lib/python3.10/site-packages/airflow/example_dags/plugins/workday.py took 0.181 seconds
[2025-12-27T19:44:04.266+0530] {processor.py:161} INFO - Started process (PID=1778) to work on /home/sathya/projects/training-kit/.venv-airflow/lib/python3.10/site-packages/airflow/example_dags/plugins/workday.py
[2025-12-27T19:44:04.270+0530] {processor.py:830} INFO - Processing file /home/sathya/projects/training-kit/.venv-airflow/lib/python3.10/site-packages/airflow/example_dags/plugins/workday.py for tasks to queue
[2025-12-27T19:44:04.272+0530] {logging_mixin.py:188} INFO - [2025-12-27T19:44:04.272+0530] {dagbag.py:545} INFO - Filling up the DagBag from /home/sathya/projects/training-kit/.venv-airflow/lib/python3.10/site-packages/airflow/example_dags/plugins/workday.py
[2025-12-27T19:44:04.276+0530] {logging_mixin.py:188} INFO - [2025-12-27T19:44:04.276+0530] {workday.py:41} WARNING - Could not import pandas. Holidays will not be considered.
[2025-12-27T19:44:04.276+0530] {processor.py:842} WARNING - No viable dags retrieved from /home/sathya/projects/training-kit/.venv-airflow/lib/python3.10/site-packages/airflow/example_dags/plugins/workday.py
[2025-12-27T19:44:04.292+0530] {processor.py:183} INFO - Processing /home/sathya/projects/training-kit/.venv-airflow/lib/python3.10/site-packages/airflow/example_dags/plugins/workday.py took 0.035 seconds
[2025-12-27T19:53:21.021+0530] {processor.py:161} INFO - Started process (PID=2122) to work on /home/sathya/projects/training-kit/.venv-airflow/lib/python3.10/site-packages/airflow/example_dags/plugins/workday.py
[2025-12-27T19:53:21.023+0530] {processor.py:830} INFO - Processing file /home/sathya/projects/training-kit/.venv-airflow/lib/python3.10/site-packages/airflow/example_dags/plugins/workday.py for tasks to queue
[2025-12-27T19:53:21.026+0530] {logging_mixin.py:188} INFO - [2025-12-27T19:53:21.025+0530] {dagbag.py:545} INFO - Filling up the DagBag from /home/sathya/projects/training-kit/.venv-airflow/lib/python3.10/site-packages/airflow/example_dags/plugins/workday.py
[2025-12-27T19:53:21.031+0530] {logging_mixin.py:188} INFO - [2025-12-27T19:53:21.031+0530] {workday.py:41} WARNING - Could not import pandas. Holidays will not be considered.
[2025-12-27T19:53:21.032+0530] {processor.py:842} WARNING - No viable dags retrieved from /home/sathya/projects/training-kit/.venv-airflow/lib/python3.10/site-packages/airflow/example_dags/plugins/workday.py
[2025-12-27T19:53:21.046+0530] {processor.py:183} INFO - Processing /home/sathya/projects/training-kit/.venv-airflow/lib/python3.10/site-packages/airflow/example_dags/plugins/workday.py took 0.034 seconds
[2025-12-27T20:01:31.067+0530] {processor.py:161} INFO - Started process (PID=2455) to work on /home/sathya/projects/training-kit/.venv-airflow/lib/python3.10/site-packages/airflow/example_dags/plugins/workday.py
[2025-12-27T20:01:31.069+0530] {processor.py:830} INFO - Processing file /home/sathya/projects/training-kit/.venv-airflow/lib/python3.10/site-packages/airflow/example_dags/plugins/workday.py for tasks to queue
[2025-12-27T20:01:31.071+0530] {logging_mixin.py:188} INFO - [2025-12-27T20:01:31.071+0530] {dagbag.py:545} INFO - Filling up the DagBag from /home/sathya/projects/training-kit/.venv-airflow/lib/python3.10/site-packages/airflow/example_dags/plugins/workday.py
[2025-12-27T20:01:31.075+0530] {logging_mixin.py:188} INFO - [2025-12-27T20:01:31.075+0530] {workday.py:41} WARNING - Could not import pandas. Holidays will not be considered.
[2025-12-27T20:01:31.075+0530] {processor.py:842} WARNING - No viable dags retrieved from /home/sathya/projects/training-kit/.venv-airflow/lib/python3.10/site-packages/airflow/example_dags/plugins/workday.py
[2025-12-27T20:01:31.087+0530] {processor.py:183} INFO - Processing /home/sathya/projects/training-kit/.venv-airflow/lib/python3.10/site-packages/airflow/example_dags/plugins/workday.py took 0.029 seconds
[2025-12-27T20:10:01.618+0530] {processor.py:161} INFO - Started process (PID=2816) to work on /home/sathya/projects/training-kit/.venv-airflow/lib/python3.10/site-packages/airflow/example_dags/plugins/workday.py
[2025-12-27T20:10:01.619+0530] {processor.py:830} INFO - Processing file /home/sathya/projects/training-kit/.venv-airflow/lib/python3.10/site-packages/airflow/example_dags/plugins/workday.py for tasks to queue
[2025-12-27T20:10:01.621+0530] {logging_mixin.py:188} INFO - [2025-12-27T20:10:01.621+0530] {dagbag.py:545} INFO - Filling up the DagBag from /home/sathya/projects/training-kit/.venv-airflow/lib/python3.10/site-packages/airflow/example_dags/plugins/workday.py
[2025-12-27T20:10:01.624+0530] {logging_mixin.py:188} INFO - [2025-12-27T20:10:01.624+0530] {workday.py:41} WARNING - Could not import pandas. Holidays will not be considered.
[2025-12-27T20:10:01.624+0530] {processor.py:842} WARNING - No viable dags retrieved from /home/sathya/projects/training-kit/.venv-airflow/lib/python3.10/site-packages/airflow/example_dags/plugins/workday.py
[2025-12-27T20:10:01.635+0530] {processor.py:183} INFO - Processing /home/sathya/projects/training-kit/.venv-airflow/lib/python3.10/site-packages/airflow/example_dags/plugins/workday.py took 0.024 seconds
[2025-12-27T20:16:37.122+0530] {processor.py:161} INFO - Started process (PID=3111) to work on /home/sathya/projects/training-kit/.venv-airflow/lib/python3.10/site-packages/airflow/example_dags/plugins/workday.py
[2025-12-27T20:16:37.123+0530] {processor.py:830} INFO - Processing file /home/sathya/projects/training-kit/.venv-airflow/lib/python3.10/site-packages/airflow/example_dags/plugins/workday.py for tasks to queue
[2025-12-27T20:16:37.125+0530] {logging_mixin.py:188} INFO - [2025-12-27T20:16:37.124+0530] {dagbag.py:545} INFO - Filling up the DagBag from /home/sathya/projects/training-kit/.venv-airflow/lib/python3.10/site-packages/airflow/example_dags/plugins/workday.py
[2025-12-27T20:16:37.128+0530] {logging_mixin.py:188} INFO - [2025-12-27T20:16:37.128+0530] {workday.py:41} WARNING - Could not import pandas. Holidays will not be considered.
[2025-12-27T20:16:37.128+0530] {processor.py:842} WARNING - No viable dags retrieved from /home/sathya/projects/training-kit/.venv-airflow/lib/python3.10/site-packages/airflow/example_dags/plugins/workday.py
[2025-12-27T20:16:37.139+0530] {processor.py:183} INFO - Processing /home/sathya/projects/training-kit/.venv-airflow/lib/python3.10/site-packages/airflow/example_dags/plugins/workday.py took 0.024 seconds
[2025-12-27T20:23:34.798+0530] {processor.py:161} INFO - Started process (PID=3402) to work on /home/sathya/projects/training-kit/.venv-airflow/lib/python3.10/site-packages/airflow/example_dags/plugins/workday.py
[2025-12-27T20:23:34.800+0530] {processor.py:830} INFO - Processing file /home/sathya/projects/training-kit/.venv-airflow/lib/python3.10/site-packages/airflow/example_dags/plugins/workday.py for tasks to queue
[2025-12-27T20:23:34.801+0530] {logging_mixin.py:188} INFO - [2025-12-27T20:23:34.801+0530] {dagbag.py:545} INFO - Filling up the DagBag from /home/sathya/projects/training-kit/.venv-airflow/lib/python3.10/site-packages/airflow/example_dags/plugins/workday.py
[2025-12-27T20:23:34.804+0530] {logging_mixin.py:188} INFO - [2025-12-27T20:23:34.804+0530] {workday.py:41} WARNING - Could not import pandas. Holidays will not be considered.
[2025-12-27T20:23:34.805+0530] {processor.py:842} WARNING - No viable dags retrieved from /home/sathya/projects/training-kit/.venv-airflow/lib/python3.10/site-packages/airflow/example_dags/plugins/workday.py
[2025-12-27T20:23:34.815+0530] {processor.py:183} INFO - Processing /home/sathya/projects/training-kit/.venv-airflow/lib/python3.10/site-packages/airflow/example_dags/plugins/workday.py took 0.023 seconds
[2025-12-27T20:30:37.816+0530] {processor.py:161} INFO - Started process (PID=3716) to work on /home/sathya/projects/training-kit/.venv-airflow/lib/python3.10/site-packages/airflow/example_dags/plugins/workday.py
[2025-12-27T20:30:37.818+0530] {processor.py:830} INFO - Processing file /home/sathya/projects/training-kit/.venv-airflow/lib/python3.10/site-packages/airflow/example_dags/plugins/workday.py for tasks to queue
[2025-12-27T20:30:37.819+0530] {logging_mixin.py:188} INFO - [2025-12-27T20:30:37.819+0530] {dagbag.py:545} INFO - Filling up the DagBag from /home/sathya/projects/training-kit/.venv-airflow/lib/python3.10/site-packages/airflow/example_dags/plugins/workday.py
[2025-12-27T20:30:37.822+0530] {logging_mixin.py:188} INFO - [2025-12-27T20:30:37.822+0530] {workday.py:41} WARNING - Could not import pandas. Holidays will not be considered.
[2025-12-27T20:30:37.823+0530] {processor.py:842} WARNING - No viable dags retrieved from /home/sathya/projects/training-kit/.venv-airflow/lib/python3.10/site-packages/airflow/example_dags/plugins/workday.py
[2025-12-27T20:30:37.834+0530] {processor.py:183} INFO - Processing /home/sathya/projects/training-kit/.venv-airflow/lib/python3.10/site-packages/airflow/example_dags/plugins/workday.py took 0.024 seconds
[2025-12-27T20:37:52.668+0530] {processor.py:161} INFO - Started process (PID=4009) to work on /home/sathya/projects/training-kit/.venv-airflow/lib/python3.10/site-packages/airflow/example_dags/plugins/workday.py
[2025-12-27T20:37:52.674+0530] {processor.py:830} INFO - Processing file /home/sathya/projects/training-kit/.venv-airflow/lib/python3.10/site-packages/airflow/example_dags/plugins/workday.py for tasks to queue
[2025-12-27T20:37:52.676+0530] {logging_mixin.py:188} INFO - [2025-12-27T20:37:52.676+0530] {dagbag.py:545} INFO - Filling up the DagBag from /home/sathya/projects/training-kit/.venv-airflow/lib/python3.10/site-packages/airflow/example_dags/plugins/workday.py
[2025-12-27T20:37:52.679+0530] {logging_mixin.py:188} INFO - [2025-12-27T20:37:52.679+0530] {workday.py:41} WARNING - Could not import pandas. Holidays will not be considered.
[2025-12-27T20:37:52.680+0530] {processor.py:842} WARNING - No viable dags retrieved from /home/sathya/projects/training-kit/.venv-airflow/lib/python3.10/site-packages/airflow/example_dags/plugins/workday.py
[2025-12-27T20:37:52.691+0530] {processor.py:183} INFO - Processing /home/sathya/projects/training-kit/.venv-airflow/lib/python3.10/site-packages/airflow/example_dags/plugins/workday.py took 0.030 seconds
[2025-12-27T20:45:53.565+0530] {processor.py:161} INFO - Started process (PID=4332) to work on /home/sathya/projects/training-kit/.venv-airflow/lib/python3.10/site-packages/airflow/example_dags/plugins/workday.py
[2025-12-27T20:45:53.567+0530] {processor.py:830} INFO - Processing file /home/sathya/projects/training-kit/.venv-airflow/lib/python3.10/site-packages/airflow/example_dags/plugins/workday.py for tasks to queue
[2025-12-27T20:45:53.570+0530] {logging_mixin.py:188} INFO - [2025-12-27T20:45:53.569+0530] {dagbag.py:545} INFO - Filling up the DagBag from /home/sathya/projects/training-kit/.venv-airflow/lib/python3.10/site-packages/airflow/example_dags/plugins/workday.py
[2025-12-27T20:45:53.576+0530] {logging_mixin.py:188} INFO - [2025-12-27T20:45:53.576+0530] {workday.py:41} WARNING - Could not import pandas. Holidays will not be considered.
[2025-12-27T20:45:53.577+0530] {processor.py:842} WARNING - No viable dags retrieved from /home/sathya/projects/training-kit/.venv-airflow/lib/python3.10/site-packages/airflow/example_dags/plugins/workday.py
[2025-12-27T20:45:53.594+0530] {processor.py:183} INFO - Processing /home/sathya/projects/training-kit/.venv-airflow/lib/python3.10/site-packages/airflow/example_dags/plugins/workday.py took 0.037 seconds
[2025-12-27T21:45:51.959+0530] {processor.py:161} INFO - Started process (PID=4716) to work on /home/sathya/projects/training-kit/.venv-airflow/lib/python3.10/site-packages/airflow/example_dags/plugins/workday.py
[2025-12-27T21:45:51.965+0530] {processor.py:830} INFO - Processing file /home/sathya/projects/training-kit/.venv-airflow/lib/python3.10/site-packages/airflow/example_dags/plugins/workday.py for tasks to queue
[2025-12-27T21:45:51.967+0530] {logging_mixin.py:188} INFO - [2025-12-27T21:45:51.967+0530] {dagbag.py:545} INFO - Filling up the DagBag from /home/sathya/projects/training-kit/.venv-airflow/lib/python3.10/site-packages/airflow/example_dags/plugins/workday.py
[2025-12-27T21:45:51.971+0530] {logging_mixin.py:188} INFO - [2025-12-27T21:45:51.970+0530] {workday.py:41} WARNING - Could not import pandas. Holidays will not be considered.
[2025-12-27T21:45:51.971+0530] {processor.py:842} WARNING - No viable dags retrieved from /home/sathya/projects/training-kit/.venv-airflow/lib/python3.10/site-packages/airflow/example_dags/plugins/workday.py
[2025-12-27T21:45:51.985+0530] {processor.py:183} INFO - Processing /home/sathya/projects/training-kit/.venv-airflow/lib/python3.10/site-packages/airflow/example_dags/plugins/workday.py took 0.033 seconds
[2025-12-27T21:57:32.715+0530] {processor.py:161} INFO - Started process (PID=5212) to work on /home/sathya/projects/training-kit/.venv-airflow/lib/python3.10/site-packages/airflow/example_dags/plugins/workday.py
[2025-12-27T21:57:32.717+0530] {processor.py:830} INFO - Processing file /home/sathya/projects/training-kit/.venv-airflow/lib/python3.10/site-packages/airflow/example_dags/plugins/workday.py for tasks to queue
[2025-12-27T21:57:32.719+0530] {logging_mixin.py:188} INFO - [2025-12-27T21:57:32.719+0530] {dagbag.py:545} INFO - Filling up the DagBag from /home/sathya/projects/training-kit/.venv-airflow/lib/python3.10/site-packages/airflow/example_dags/plugins/workday.py
[2025-12-27T21:57:32.722+0530] {logging_mixin.py:188} INFO - [2025-12-27T21:57:32.722+0530] {workday.py:41} WARNING - Could not import pandas. Holidays will not be considered.
[2025-12-27T21:57:32.722+0530] {processor.py:842} WARNING - No viable dags retrieved from /home/sathya/projects/training-kit/.venv-airflow/lib/python3.10/site-packages/airflow/example_dags/plugins/workday.py
[2025-12-27T21:57:32.734+0530] {processor.py:183} INFO - Processing /home/sathya/projects/training-kit/.venv-airflow/lib/python3.10/site-packages/airflow/example_dags/plugins/workday.py took 0.025 seconds
[2025-12-27T22:08:05.137+0530] {processor.py:161} INFO - Started process (PID=5604) to work on /home/sathya/projects/training-kit/.venv-airflow/lib/python3.10/site-packages/airflow/example_dags/plugins/workday.py
[2025-12-27T22:08:05.142+0530] {processor.py:830} INFO - Processing file /home/sathya/projects/training-kit/.venv-airflow/lib/python3.10/site-packages/airflow/example_dags/plugins/workday.py for tasks to queue
[2025-12-27T22:08:05.146+0530] {logging_mixin.py:188} INFO - [2025-12-27T22:08:05.145+0530] {dagbag.py:545} INFO - Filling up the DagBag from /home/sathya/projects/training-kit/.venv-airflow/lib/python3.10/site-packages/airflow/example_dags/plugins/workday.py
[2025-12-27T22:08:05.157+0530] {logging_mixin.py:188} INFO - [2025-12-27T22:08:05.156+0530] {workday.py:41} WARNING - Could not import pandas. Holidays will not be considered.
[2025-12-27T22:08:05.158+0530] {processor.py:842} WARNING - No viable dags retrieved from /home/sathya/projects/training-kit/.venv-airflow/lib/python3.10/site-packages/airflow/example_dags/plugins/workday.py
[2025-12-27T22:08:05.196+0530] {processor.py:183} INFO - Processing /home/sathya/projects/training-kit/.venv-airflow/lib/python3.10/site-packages/airflow/example_dags/plugins/workday.py took 0.080 seconds
[2025-12-27T22:28:16.177+0530] {processor.py:161} INFO - Started process (PID=6111) to work on /home/sathya/projects/training-kit/.venv-airflow/lib/python3.10/site-packages/airflow/example_dags/plugins/workday.py
[2025-12-27T22:28:16.178+0530] {processor.py:830} INFO - Processing file /home/sathya/projects/training-kit/.venv-airflow/lib/python3.10/site-packages/airflow/example_dags/plugins/workday.py for tasks to queue
[2025-12-27T22:28:16.179+0530] {logging_mixin.py:188} INFO - [2025-12-27T22:28:16.179+0530] {dagbag.py:545} INFO - Filling up the DagBag from /home/sathya/projects/training-kit/.venv-airflow/lib/python3.10/site-packages/airflow/example_dags/plugins/workday.py
[2025-12-27T22:28:16.182+0530] {logging_mixin.py:188} INFO - [2025-12-27T22:28:16.182+0530] {workday.py:41} WARNING - Could not import pandas. Holidays will not be considered.
[2025-12-27T22:28:16.182+0530] {processor.py:842} WARNING - No viable dags retrieved from /home/sathya/projects/training-kit/.venv-airflow/lib/python3.10/site-packages/airflow/example_dags/plugins/workday.py
[2025-12-27T22:28:16.192+0530] {processor.py:183} INFO - Processing /home/sathya/projects/training-kit/.venv-airflow/lib/python3.10/site-packages/airflow/example_dags/plugins/workday.py took 0.021 seconds
[2025-12-27T22:33:50.764+0530] {processor.py:161} INFO - Started process (PID=6433) to work on /home/sathya/projects/training-kit/.venv-airflow/lib/python3.10/site-packages/airflow/example_dags/plugins/workday.py
[2025-12-27T22:33:50.765+0530] {processor.py:830} INFO - Processing file /home/sathya/projects/training-kit/.venv-airflow/lib/python3.10/site-packages/airflow/example_dags/plugins/workday.py for tasks to queue
[2025-12-27T22:33:50.766+0530] {logging_mixin.py:188} INFO - [2025-12-27T22:33:50.766+0530] {dagbag.py:545} INFO - Filling up the DagBag from /home/sathya/projects/training-kit/.venv-airflow/lib/python3.10/site-packages/airflow/example_dags/plugins/workday.py
[2025-12-27T22:33:50.768+0530] {logging_mixin.py:188} INFO - [2025-12-27T22:33:50.768+0530] {workday.py:41} WARNING - Could not import pandas. Holidays will not be considered.
[2025-12-27T22:33:50.769+0530] {processor.py:842} WARNING - No viable dags retrieved from /home/sathya/projects/training-kit/.venv-airflow/lib/python3.10/site-packages/airflow/example_dags/plugins/workday.py
[2025-12-27T22:33:50.777+0530] {processor.py:183} INFO - Processing /home/sathya/projects/training-kit/.venv-airflow/lib/python3.10/site-packages/airflow/example_dags/plugins/workday.py took 0.018 seconds
[2025-12-27T22:38:06.967+0530] {processor.py:161} INFO - Started process (PID=6702) to work on /home/sathya/projects/training-kit/.venv-airflow/lib/python3.10/site-packages/airflow/example_dags/plugins/workday.py
[2025-12-27T22:38:06.968+0530] {processor.py:830} INFO - Processing file /home/sathya/projects/training-kit/.venv-airflow/lib/python3.10/site-packages/airflow/example_dags/plugins/workday.py for tasks to queue
[2025-12-27T22:38:06.970+0530] {logging_mixin.py:188} INFO - [2025-12-27T22:38:06.969+0530] {dagbag.py:545} INFO - Filling up the DagBag from /home/sathya/projects/training-kit/.venv-airflow/lib/python3.10/site-packages/airflow/example_dags/plugins/workday.py
[2025-12-27T22:38:06.973+0530] {logging_mixin.py:188} INFO - [2025-12-27T22:38:06.973+0530] {workday.py:41} WARNING - Could not import pandas. Holidays will not be considered.
[2025-12-27T22:38:06.973+0530] {processor.py:842} WARNING - No viable dags retrieved from /home/sathya/projects/training-kit/.venv-airflow/lib/python3.10/site-packages/airflow/example_dags/plugins/workday.py
[2025-12-27T22:38:06.981+0530] {processor.py:183} INFO - Processing /home/sathya/projects/training-kit/.venv-airflow/lib/python3.10/site-packages/airflow/example_dags/plugins/workday.py took 0.019 seconds
[2025-12-27T22:43:54.560+0530] {processor.py:161} INFO - Started process (PID=7013) to work on /home/sathya/projects/training-kit/.venv-airflow/lib/python3.10/site-packages/airflow/example_dags/plugins/workday.py
[2025-12-27T22:43:54.562+0530] {processor.py:830} INFO - Processing file /home/sathya/projects/training-kit/.venv-airflow/lib/python3.10/site-packages/airflow/example_dags/plugins/workday.py for tasks to queue
[2025-12-27T22:43:54.563+0530] {logging_mixin.py:188} INFO - [2025-12-27T22:43:54.562+0530] {dagbag.py:545} INFO - Filling up the DagBag from /home/sathya/projects/training-kit/.venv-airflow/lib/python3.10/site-packages/airflow/example_dags/plugins/workday.py
[2025-12-27T22:43:54.566+0530] {logging_mixin.py:188} INFO - [2025-12-27T22:43:54.566+0530] {workday.py:41} WARNING - Could not import pandas. Holidays will not be considered.
[2025-12-27T22:43:54.567+0530] {processor.py:842} WARNING - No viable dags retrieved from /home/sathya/projects/training-kit/.venv-airflow/lib/python3.10/site-packages/airflow/example_dags/plugins/workday.py
[2025-12-27T22:43:54.575+0530] {processor.py:183} INFO - Processing /home/sathya/projects/training-kit/.venv-airflow/lib/python3.10/site-packages/airflow/example_dags/plugins/workday.py took 0.020 seconds
[2025-12-27T22:49:55.769+0530] {processor.py:161} INFO - Started process (PID=7331) to work on /home/sathya/projects/training-kit/.venv-airflow/lib/python3.10/site-packages/airflow/example_dags/plugins/workday.py
[2025-12-27T22:49:55.776+0530] {processor.py:830} INFO - Processing file /home/sathya/projects/training-kit/.venv-airflow/lib/python3.10/site-packages/airflow/example_dags/plugins/workday.py for tasks to queue
[2025-12-27T22:49:55.778+0530] {logging_mixin.py:188} INFO - [2025-12-27T22:49:55.777+0530] {dagbag.py:545} INFO - Filling up the DagBag from /home/sathya/projects/training-kit/.venv-airflow/lib/python3.10/site-packages/airflow/example_dags/plugins/workday.py
[2025-12-27T22:49:55.781+0530] {logging_mixin.py:188} INFO - [2025-12-27T22:49:55.781+0530] {workday.py:41} WARNING - Could not import pandas. Holidays will not be considered.
[2025-12-27T22:49:55.782+0530] {processor.py:842} WARNING - No viable dags retrieved from /home/sathya/projects/training-kit/.venv-airflow/lib/python3.10/site-packages/airflow/example_dags/plugins/workday.py
[2025-12-27T22:49:55.791+0530] {processor.py:183} INFO - Processing /home/sathya/projects/training-kit/.venv-airflow/lib/python3.10/site-packages/airflow/example_dags/plugins/workday.py took 0.030 seconds
[2025-12-27T22:56:08.215+0530] {processor.py:161} INFO - Started process (PID=7721) to work on /home/sathya/projects/training-kit/.venv-airflow/lib/python3.10/site-packages/airflow/example_dags/plugins/workday.py
[2025-12-27T22:56:08.216+0530] {processor.py:830} INFO - Processing file /home/sathya/projects/training-kit/.venv-airflow/lib/python3.10/site-packages/airflow/example_dags/plugins/workday.py for tasks to queue
[2025-12-27T22:56:08.219+0530] {logging_mixin.py:188} INFO - [2025-12-27T22:56:08.218+0530] {dagbag.py:545} INFO - Filling up the DagBag from /home/sathya/projects/training-kit/.venv-airflow/lib/python3.10/site-packages/airflow/example_dags/plugins/workday.py
[2025-12-27T22:56:08.221+0530] {logging_mixin.py:188} INFO - [2025-12-27T22:56:08.221+0530] {workday.py:41} WARNING - Could not import pandas. Holidays will not be considered.
[2025-12-27T22:56:08.221+0530] {processor.py:842} WARNING - No viable dags retrieved from /home/sathya/projects/training-kit/.venv-airflow/lib/python3.10/site-packages/airflow/example_dags/plugins/workday.py
[2025-12-27T22:56:08.234+0530] {processor.py:183} INFO - Processing /home/sathya/projects/training-kit/.venv-airflow/lib/python3.10/site-packages/airflow/example_dags/plugins/workday.py took 0.025 seconds
[2025-12-27T23:03:13.232+0530] {processor.py:161} INFO - Started process (PID=8106) to work on /home/sathya/projects/training-kit/.venv-airflow/lib/python3.10/site-packages/airflow/example_dags/plugins/workday.py
[2025-12-27T23:03:13.233+0530] {processor.py:830} INFO - Processing file /home/sathya/projects/training-kit/.venv-airflow/lib/python3.10/site-packages/airflow/example_dags/plugins/workday.py for tasks to queue
[2025-12-27T23:03:13.234+0530] {logging_mixin.py:188} INFO - [2025-12-27T23:03:13.234+0530] {dagbag.py:545} INFO - Filling up the DagBag from /home/sathya/projects/training-kit/.venv-airflow/lib/python3.10/site-packages/airflow/example_dags/plugins/workday.py
[2025-12-27T23:03:13.236+0530] {logging_mixin.py:188} INFO - [2025-12-27T23:03:13.236+0530] {workday.py:41} WARNING - Could not import pandas. Holidays will not be considered.
[2025-12-27T23:03:13.237+0530] {processor.py:842} WARNING - No viable dags retrieved from /home/sathya/projects/training-kit/.venv-airflow/lib/python3.10/site-packages/airflow/example_dags/plugins/workday.py
[2025-12-27T23:03:13.246+0530] {processor.py:183} INFO - Processing /home/sathya/projects/training-kit/.venv-airflow/lib/python3.10/site-packages/airflow/example_dags/plugins/workday.py took 0.020 seconds
[2025-12-27T23:09:48.907+0530] {processor.py:161} INFO - Started process (PID=8557) to work on /home/sathya/projects/training-kit/.venv-airflow/lib/python3.10/site-packages/airflow/example_dags/plugins/workday.py
[2025-12-27T23:09:48.908+0530] {processor.py:830} INFO - Processing file /home/sathya/projects/training-kit/.venv-airflow/lib/python3.10/site-packages/airflow/example_dags/plugins/workday.py for tasks to queue
[2025-12-27T23:09:48.911+0530] {logging_mixin.py:188} INFO - [2025-12-27T23:09:48.910+0530] {dagbag.py:545} INFO - Filling up the DagBag from /home/sathya/projects/training-kit/.venv-airflow/lib/python3.10/site-packages/airflow/example_dags/plugins/workday.py
[2025-12-27T23:09:48.913+0530] {logging_mixin.py:188} INFO - [2025-12-27T23:09:48.913+0530] {workday.py:41} WARNING - Could not import pandas. Holidays will not be considered.
[2025-12-27T23:09:48.913+0530] {processor.py:842} WARNING - No viable dags retrieved from /home/sathya/projects/training-kit/.venv-airflow/lib/python3.10/site-packages/airflow/example_dags/plugins/workday.py
[2025-12-27T23:09:48.923+0530] {processor.py:183} INFO - Processing /home/sathya/projects/training-kit/.venv-airflow/lib/python3.10/site-packages/airflow/example_dags/plugins/workday.py took 0.021 seconds
[2025-12-27T23:15:57.249+0530] {processor.py:161} INFO - Started process (PID=9093) to work on /home/sathya/projects/training-kit/.venv-airflow/lib/python3.10/site-packages/airflow/example_dags/plugins/workday.py
[2025-12-27T23:15:57.251+0530] {processor.py:830} INFO - Processing file /home/sathya/projects/training-kit/.venv-airflow/lib/python3.10/site-packages/airflow/example_dags/plugins/workday.py for tasks to queue
[2025-12-27T23:15:57.252+0530] {logging_mixin.py:188} INFO - [2025-12-27T23:15:57.251+0530] {dagbag.py:545} INFO - Filling up the DagBag from /home/sathya/projects/training-kit/.venv-airflow/lib/python3.10/site-packages/airflow/example_dags/plugins/workday.py
[2025-12-27T23:15:57.254+0530] {logging_mixin.py:188} INFO - [2025-12-27T23:15:57.254+0530] {workday.py:41} WARNING - Could not import pandas. Holidays will not be considered.
[2025-12-27T23:15:57.254+0530] {processor.py:842} WARNING - No viable dags retrieved from /home/sathya/projects/training-kit/.venv-airflow/lib/python3.10/site-packages/airflow/example_dags/plugins/workday.py
[2025-12-27T23:15:57.264+0530] {processor.py:183} INFO - Processing /home/sathya/projects/training-kit/.venv-airflow/lib/python3.10/site-packages/airflow/example_dags/plugins/workday.py took 0.019 seconds
[2025-12-27T23:22:33.197+0530] {processor.py:161} INFO - Started process (PID=9843) to work on /home/sathya/projects/training-kit/.venv-airflow/lib/python3.10/site-packages/airflow/example_dags/plugins/workday.py
[2025-12-27T23:22:33.199+0530] {processor.py:830} INFO - Processing file /home/sathya/projects/training-kit/.venv-airflow/lib/python3.10/site-packages/airflow/example_dags/plugins/workday.py for tasks to queue
[2025-12-27T23:22:33.200+0530] {logging_mixin.py:188} INFO - [2025-12-27T23:22:33.200+0530] {dagbag.py:545} INFO - Filling up the DagBag from /home/sathya/projects/training-kit/.venv-airflow/lib/python3.10/site-packages/airflow/example_dags/plugins/workday.py
[2025-12-27T23:22:33.203+0530] {logging_mixin.py:188} INFO - [2025-12-27T23:22:33.202+0530] {workday.py:41} WARNING - Could not import pandas. Holidays will not be considered.
[2025-12-27T23:22:33.203+0530] {processor.py:842} WARNING - No viable dags retrieved from /home/sathya/projects/training-kit/.venv-airflow/lib/python3.10/site-packages/airflow/example_dags/plugins/workday.py
[2025-12-27T23:22:33.214+0530] {processor.py:183} INFO - Processing /home/sathya/projects/training-kit/.venv-airflow/lib/python3.10/site-packages/airflow/example_dags/plugins/workday.py took 0.024 seconds
[2025-12-27T23:29:08.635+0530] {processor.py:161} INFO - Started process (PID=10567) to work on /home/sathya/projects/training-kit/.venv-airflow/lib/python3.10/site-packages/airflow/example_dags/plugins/workday.py
[2025-12-27T23:29:08.637+0530] {processor.py:830} INFO - Processing file /home/sathya/projects/training-kit/.venv-airflow/lib/python3.10/site-packages/airflow/example_dags/plugins/workday.py for tasks to queue
[2025-12-27T23:29:08.639+0530] {logging_mixin.py:188} INFO - [2025-12-27T23:29:08.638+0530] {dagbag.py:545} INFO - Filling up the DagBag from /home/sathya/projects/training-kit/.venv-airflow/lib/python3.10/site-packages/airflow/example_dags/plugins/workday.py
[2025-12-27T23:29:08.645+0530] {logging_mixin.py:188} INFO - [2025-12-27T23:29:08.645+0530] {workday.py:41} WARNING - Could not import pandas. Holidays will not be considered.
[2025-12-27T23:29:08.645+0530] {processor.py:842} WARNING - No viable dags retrieved from /home/sathya/projects/training-kit/.venv-airflow/lib/python3.10/site-packages/airflow/example_dags/plugins/workday.py
[2025-12-27T23:29:08.655+0530] {processor.py:183} INFO - Processing /home/sathya/projects/training-kit/.venv-airflow/lib/python3.10/site-packages/airflow/example_dags/plugins/workday.py took 0.034 seconds
[2025-12-27T23:35:33.247+0530] {processor.py:161} INFO - Started process (PID=11300) to work on /home/sathya/projects/training-kit/.venv-airflow/lib/python3.10/site-packages/airflow/example_dags/plugins/workday.py
[2025-12-27T23:35:33.249+0530] {processor.py:830} INFO - Processing file /home/sathya/projects/training-kit/.venv-airflow/lib/python3.10/site-packages/airflow/example_dags/plugins/workday.py for tasks to queue
[2025-12-27T23:35:33.251+0530] {logging_mixin.py:188} INFO - [2025-12-27T23:35:33.250+0530] {dagbag.py:545} INFO - Filling up the DagBag from /home/sathya/projects/training-kit/.venv-airflow/lib/python3.10/site-packages/airflow/example_dags/plugins/workday.py
[2025-12-27T23:35:33.253+0530] {logging_mixin.py:188} INFO - [2025-12-27T23:35:33.253+0530] {workday.py:41} WARNING - Could not import pandas. Holidays will not be considered.
[2025-12-27T23:35:33.253+0530] {processor.py:842} WARNING - No viable dags retrieved from /home/sathya/projects/training-kit/.venv-airflow/lib/python3.10/site-packages/airflow/example_dags/plugins/workday.py
[2025-12-27T23:35:33.263+0530] {processor.py:183} INFO - Processing /home/sathya/projects/training-kit/.venv-airflow/lib/python3.10/site-packages/airflow/example_dags/plugins/workday.py took 0.020 seconds
[2025-12-27T23:41:53.044+0530] {processor.py:161} INFO - Started process (PID=12022) to work on /home/sathya/projects/training-kit/.venv-airflow/lib/python3.10/site-packages/airflow/example_dags/plugins/workday.py
[2025-12-27T23:41:53.050+0530] {processor.py:830} INFO - Processing file /home/sathya/projects/training-kit/.venv-airflow/lib/python3.10/site-packages/airflow/example_dags/plugins/workday.py for tasks to queue
[2025-12-27T23:41:53.051+0530] {logging_mixin.py:188} INFO - [2025-12-27T23:41:53.051+0530] {dagbag.py:545} INFO - Filling up the DagBag from /home/sathya/projects/training-kit/.venv-airflow/lib/python3.10/site-packages/airflow/example_dags/plugins/workday.py
[2025-12-27T23:41:53.054+0530] {logging_mixin.py:188} INFO - [2025-12-27T23:41:53.054+0530] {workday.py:41} WARNING - Could not import pandas. Holidays will not be considered.
[2025-12-27T23:41:53.054+0530] {processor.py:842} WARNING - No viable dags retrieved from /home/sathya/projects/training-kit/.venv-airflow/lib/python3.10/site-packages/airflow/example_dags/plugins/workday.py
[2025-12-27T23:41:53.067+0530] {processor.py:183} INFO - Processing /home/sathya/projects/training-kit/.venv-airflow/lib/python3.10/site-packages/airflow/example_dags/plugins/workday.py took 0.029 seconds
[2025-12-27T23:49:15.253+0530] {processor.py:161} INFO - Started process (PID=12806) to work on /home/sathya/projects/training-kit/.venv-airflow/lib/python3.10/site-packages/airflow/example_dags/plugins/workday.py
[2025-12-27T23:49:15.254+0530] {processor.py:830} INFO - Processing file /home/sathya/projects/training-kit/.venv-airflow/lib/python3.10/site-packages/airflow/example_dags/plugins/workday.py for tasks to queue
[2025-12-27T23:49:15.256+0530] {logging_mixin.py:188} INFO - [2025-12-27T23:49:15.255+0530] {dagbag.py:545} INFO - Filling up the DagBag from /home/sathya/projects/training-kit/.venv-airflow/lib/python3.10/site-packages/airflow/example_dags/plugins/workday.py
[2025-12-27T23:49:15.258+0530] {logging_mixin.py:188} INFO - [2025-12-27T23:49:15.258+0530] {workday.py:41} WARNING - Could not import pandas. Holidays will not be considered.
[2025-12-27T23:49:15.258+0530] {processor.py:842} WARNING - No viable dags retrieved from /home/sathya/projects/training-kit/.venv-airflow/lib/python3.10/site-packages/airflow/example_dags/plugins/workday.py
[2025-12-27T23:49:15.270+0530] {processor.py:183} INFO - Processing /home/sathya/projects/training-kit/.venv-airflow/lib/python3.10/site-packages/airflow/example_dags/plugins/workday.py took 0.026 seconds
[2025-12-27T23:56:01.782+0530] {processor.py:161} INFO - Started process (PID=13569) to work on /home/sathya/projects/training-kit/.venv-airflow/lib/python3.10/site-packages/airflow/example_dags/plugins/workday.py
[2025-12-27T23:56:01.783+0530] {processor.py:830} INFO - Processing file /home/sathya/projects/training-kit/.venv-airflow/lib/python3.10/site-packages/airflow/example_dags/plugins/workday.py for tasks to queue
[2025-12-27T23:56:01.784+0530] {logging_mixin.py:188} INFO - [2025-12-27T23:56:01.784+0530] {dagbag.py:545} INFO - Filling up the DagBag from /home/sathya/projects/training-kit/.venv-airflow/lib/python3.10/site-packages/airflow/example_dags/plugins/workday.py
[2025-12-27T23:56:01.786+0530] {logging_mixin.py:188} INFO - [2025-12-27T23:56:01.786+0530] {workday.py:41} WARNING - Could not import pandas. Holidays will not be considered.
[2025-12-27T23:56:01.787+0530] {processor.py:842} WARNING - No viable dags retrieved from /home/sathya/projects/training-kit/.venv-airflow/lib/python3.10/site-packages/airflow/example_dags/plugins/workday.py
[2025-12-27T23:56:01.799+0530] {processor.py:183} INFO - Processing /home/sathya/projects/training-kit/.venv-airflow/lib/python3.10/site-packages/airflow/example_dags/plugins/workday.py took 0.024 seconds
