[2025-12-26T22:26:28.072+0530] {local_task_job_runner.py:120} INFO - ::group::Pre task execution logs
[2025-12-26T22:26:28.087+0530] {taskinstance.py:2076} INFO - Dependencies all met for dep_context=non-requeueable deps ti=<TaskInstance: example_dynamic_task_mapping.add_one scheduled__2022-06-05T00:00:00+00:00 map_index=0 [queued]>
[2025-12-26T22:26:28.090+0530] {taskinstance.py:2076} INFO - Dependencies all met for dep_context=requeueable deps ti=<TaskInstance: example_dynamic_task_mapping.add_one scheduled__2022-06-05T00:00:00+00:00 map_index=0 [queued]>
[2025-12-26T22:26:28.091+0530] {taskinstance.py:2306} INFO - Starting attempt 1 of 1
[2025-12-26T22:26:28.102+0530] {taskinstance.py:2330} INFO - Executing <Mapped(_PythonDecoratedOperator): add_one> on 2022-06-05 00:00:00+00:00
[2025-12-26T22:26:28.104+0530] {standard_task_runner.py:64} INFO - Started process 6644 to run task
[2025-12-26T22:26:28.107+0530] {standard_task_runner.py:90} INFO - Running: ['airflow', 'tasks', 'run', 'example_dynamic_task_mapping', 'add_one', 'scheduled__2022-06-05T00:00:00+00:00', '--job-id', '608', '--raw', '--subdir', '/home/sathya/projects/training-kit/.venv-airflow/lib/python3.10/site-packages/airflow/example_dags/example_dynamic_task_mapping.py', '--cfg-path', '/tmp/tmpio_kbcse', '--map-index', '0']
[2025-12-26T22:26:28.107+0530] {standard_task_runner.py:91} INFO - Job 608: Subtask add_one
[2025-12-26T22:26:28.138+0530] {task_command.py:426} INFO - Running <TaskInstance: example_dynamic_task_mapping.add_one scheduled__2022-06-05T00:00:00+00:00 map_index=0 [running]> on host LAPTOP-A1PMOBSE.localdomain
[2025-12-26T22:26:28.202+0530] {taskinstance.py:2648} INFO - Exporting env vars: AIRFLOW_CTX_DAG_OWNER='airflow' AIRFLOW_CTX_DAG_ID='example_dynamic_task_mapping' AIRFLOW_CTX_TASK_ID='add_one' AIRFLOW_CTX_EXECUTION_DATE='2022-06-05T00:00:00+00:00' AIRFLOW_CTX_TRY_NUMBER='1' AIRFLOW_CTX_DAG_RUN_ID='scheduled__2022-06-05T00:00:00+00:00'
[2025-12-26T22:26:28.202+0530] {taskinstance.py:430} INFO - ::endgroup::
[2025-12-26T22:26:28.203+0530] {python.py:237} INFO - Done. Returned value was: 2
[2025-12-26T22:26:28.203+0530] {taskinstance.py:441} INFO - ::group::Post task execution logs
[2025-12-26T22:26:28.214+0530] {taskinstance.py:1206} INFO - Marking task as SUCCESS. dag_id=example_dynamic_task_mapping, task_id=add_one, run_id=scheduled__2022-06-05T00:00:00+00:00, map_index=0, execution_date=20220605T000000, start_date=20251226T165628, end_date=20251226T165628
[2025-12-26T22:26:28.240+0530] {local_task_job_runner.py:243} INFO - Task exited with return code 0
[2025-12-26T22:26:28.253+0530] {taskinstance.py:3503} INFO - 0 downstream tasks scheduled from follow-on schedule check
[2025-12-26T22:26:28.253+0530] {local_task_job_runner.py:222} INFO - ::endgroup::
[2026-03-10T23:15:29.367+0530] {local_task_job_runner.py:120} INFO - ::group::Pre task execution logs
[2026-03-10T23:15:29.400+0530] {taskinstance.py:2076} INFO - Dependencies all met for dep_context=non-requeueable deps ti=<TaskInstance: example_dynamic_task_mapping.add_one scheduled__2022-06-05T00:00:00+00:00 map_index=0 [queued]>
[2026-03-10T23:15:29.409+0530] {taskinstance.py:2076} INFO - Dependencies all met for dep_context=requeueable deps ti=<TaskInstance: example_dynamic_task_mapping.add_one scheduled__2022-06-05T00:00:00+00:00 map_index=0 [queued]>
[2026-03-10T23:15:29.409+0530] {taskinstance.py:2306} INFO - Starting attempt 1 of 1
[2026-03-10T23:15:29.437+0530] {taskinstance.py:2330} INFO - Executing <Mapped(_PythonDecoratedOperator): add_one> on 2022-06-05 00:00:00+00:00
[2026-03-10T23:15:29.451+0530] {standard_task_runner.py:64} INFO - Started process 8501 to run task
[2026-03-10T23:15:29.458+0530] {standard_task_runner.py:90} INFO - Running: ['airflow', 'tasks', 'run', 'example_dynamic_task_mapping', 'add_one', 'scheduled__2022-06-05T00:00:00+00:00', '--job-id', '741', '--raw', '--subdir', '/home/sathya/projects/training-kit/.venv-airflow/lib/python3.10/site-packages/airflow/example_dags/example_dynamic_task_mapping.py', '--cfg-path', '/tmp/tmp_5hxe_jv', '--map-index', '0']
[2026-03-10T23:15:29.461+0530] {standard_task_runner.py:91} INFO - Job 741: Subtask add_one
[2026-03-10T23:15:29.508+0530] {task_command.py:426} INFO - Running <TaskInstance: example_dynamic_task_mapping.add_one scheduled__2022-06-05T00:00:00+00:00 map_index=0 [running]> on host LAPTOP-A1PMOBSE.localdomain
[2026-03-10T23:15:29.611+0530] {taskinstance.py:2648} INFO - Exporting env vars: AIRFLOW_CTX_DAG_OWNER='airflow' AIRFLOW_CTX_DAG_ID='example_dynamic_task_mapping' AIRFLOW_CTX_TASK_ID='add_one' AIRFLOW_CTX_EXECUTION_DATE='2022-06-05T00:00:00+00:00' AIRFLOW_CTX_TRY_NUMBER='1' AIRFLOW_CTX_DAG_RUN_ID='scheduled__2022-06-05T00:00:00+00:00'
[2026-03-10T23:15:29.613+0530] {taskinstance.py:430} INFO - ::endgroup::
[2026-03-10T23:15:29.613+0530] {python.py:237} INFO - Done. Returned value was: 2
[2026-03-10T23:15:29.613+0530] {taskinstance.py:441} INFO - ::group::Post task execution logs
[2026-03-10T23:15:29.636+0530] {taskinstance.py:1206} INFO - Marking task as SUCCESS. dag_id=example_dynamic_task_mapping, task_id=add_one, run_id=scheduled__2022-06-05T00:00:00+00:00, map_index=0, execution_date=20220605T000000, start_date=20260310T174529, end_date=20260310T174529
[2026-03-10T23:15:29.684+0530] {local_task_job_runner.py:243} INFO - Task exited with return code 0
[2026-03-10T23:15:29.712+0530] {taskinstance.py:3503} INFO - 0 downstream tasks scheduled from follow-on schedule check
[2026-03-10T23:15:29.713+0530] {local_task_job_runner.py:222} INFO - ::endgroup::
