[2026-03-10T21:05:01.731+0530] {processor.py:161} INFO - Started process (PID=537) to work on /home/sathya/projects/training-kit/.venv-airflow/lib/python3.10/site-packages/airflow/example_dags/example_bash_operator.py
[2026-03-10T21:05:01.732+0530] {processor.py:830} INFO - Processing file /home/sathya/projects/training-kit/.venv-airflow/lib/python3.10/site-packages/airflow/example_dags/example_bash_operator.py for tasks to queue
[2026-03-10T21:05:01.735+0530] {logging_mixin.py:188} INFO - [2026-03-10T21:05:01.734+0530] {dagbag.py:545} INFO - Filling up the DagBag from /home/sathya/projects/training-kit/.venv-airflow/lib/python3.10/site-packages/airflow/example_dags/example_bash_operator.py
[2026-03-10T21:05:01.751+0530] {processor.py:840} INFO - DAG(s) 'example_bash_operator' retrieved from /home/sathya/projects/training-kit/.venv-airflow/lib/python3.10/site-packages/airflow/example_dags/example_bash_operator.py
[2026-03-10T21:05:01.847+0530] {logging_mixin.py:188} INFO - [2026-03-10T21:05:01.847+0530] {dag.py:3089} INFO - Sync 1 DAGs
[2026-03-10T21:05:01.868+0530] {logging_mixin.py:188} INFO - [2026-03-10T21:05:01.867+0530] {dag.py:3947} INFO - Setting next_dagrun for example_bash_operator to 2026-03-09 00:00:00+00:00, run_after=2026-03-10 00:00:00+00:00
[2026-03-10T21:05:01.916+0530] {processor.py:183} INFO - Processing /home/sathya/projects/training-kit/.venv-airflow/lib/python3.10/site-packages/airflow/example_dags/example_bash_operator.py took 0.191 seconds
[2026-03-10T23:00:37.776+0530] {processor.py:161} INFO - Started process (PID=4746) to work on /home/sathya/projects/training-kit/.venv-airflow/lib/python3.10/site-packages/airflow/example_dags/example_bash_operator.py
[2026-03-10T23:00:37.793+0530] {processor.py:830} INFO - Processing file /home/sathya/projects/training-kit/.venv-airflow/lib/python3.10/site-packages/airflow/example_dags/example_bash_operator.py for tasks to queue
[2026-03-10T23:00:37.796+0530] {logging_mixin.py:188} INFO - [2026-03-10T23:00:37.795+0530] {dagbag.py:545} INFO - Filling up the DagBag from /home/sathya/projects/training-kit/.venv-airflow/lib/python3.10/site-packages/airflow/example_dags/example_bash_operator.py
[2026-03-10T23:00:37.823+0530] {processor.py:840} INFO - DAG(s) 'example_bash_operator' retrieved from /home/sathya/projects/training-kit/.venv-airflow/lib/python3.10/site-packages/airflow/example_dags/example_bash_operator.py
[2026-03-10T23:00:37.869+0530] {logging_mixin.py:188} INFO - [2026-03-10T23:00:37.868+0530] {dag.py:3089} INFO - Sync 1 DAGs
[2026-03-10T23:00:37.899+0530] {logging_mixin.py:188} INFO - [2026-03-10T23:00:37.899+0530] {dag.py:3947} INFO - Setting next_dagrun for example_bash_operator to 2026-03-10 00:00:00+00:00, run_after=2026-03-11 00:00:00+00:00
[2026-03-10T23:00:37.938+0530] {processor.py:183} INFO - Processing /home/sathya/projects/training-kit/.venv-airflow/lib/python3.10/site-packages/airflow/example_dags/example_bash_operator.py took 0.171 seconds
[2026-03-10T23:04:42.017+0530] {processor.py:161} INFO - Started process (PID=5785) to work on /home/sathya/projects/training-kit/.venv-airflow/lib/python3.10/site-packages/airflow/example_dags/example_bash_operator.py
[2026-03-10T23:04:42.035+0530] {processor.py:830} INFO - Processing file /home/sathya/projects/training-kit/.venv-airflow/lib/python3.10/site-packages/airflow/example_dags/example_bash_operator.py for tasks to queue
[2026-03-10T23:04:42.045+0530] {logging_mixin.py:188} INFO - [2026-03-10T23:04:42.043+0530] {dagbag.py:545} INFO - Filling up the DagBag from /home/sathya/projects/training-kit/.venv-airflow/lib/python3.10/site-packages/airflow/example_dags/example_bash_operator.py
[2026-03-10T23:04:42.081+0530] {processor.py:840} INFO - DAG(s) 'example_bash_operator' retrieved from /home/sathya/projects/training-kit/.venv-airflow/lib/python3.10/site-packages/airflow/example_dags/example_bash_operator.py
[2026-03-10T23:04:42.121+0530] {logging_mixin.py:188} INFO - [2026-03-10T23:04:42.121+0530] {dag.py:3089} INFO - Sync 1 DAGs
[2026-03-10T23:04:42.159+0530] {logging_mixin.py:188} INFO - [2026-03-10T23:04:42.157+0530] {dag.py:3947} INFO - Setting next_dagrun for example_bash_operator to 2026-03-10 00:00:00+00:00, run_after=2026-03-11 00:00:00+00:00
[2026-03-10T23:04:42.199+0530] {processor.py:183} INFO - Processing /home/sathya/projects/training-kit/.venv-airflow/lib/python3.10/site-packages/airflow/example_dags/example_bash_operator.py took 0.229 seconds
[2026-03-10T23:12:12.184+0530] {processor.py:161} INFO - Started process (PID=7716) to work on /home/sathya/projects/training-kit/.venv-airflow/lib/python3.10/site-packages/airflow/example_dags/example_bash_operator.py
[2026-03-10T23:12:12.186+0530] {processor.py:830} INFO - Processing file /home/sathya/projects/training-kit/.venv-airflow/lib/python3.10/site-packages/airflow/example_dags/example_bash_operator.py for tasks to queue
[2026-03-10T23:12:12.188+0530] {logging_mixin.py:188} INFO - [2026-03-10T23:12:12.187+0530] {dagbag.py:545} INFO - Filling up the DagBag from /home/sathya/projects/training-kit/.venv-airflow/lib/python3.10/site-packages/airflow/example_dags/example_bash_operator.py
[2026-03-10T23:12:12.204+0530] {processor.py:840} INFO - DAG(s) 'example_bash_operator' retrieved from /home/sathya/projects/training-kit/.venv-airflow/lib/python3.10/site-packages/airflow/example_dags/example_bash_operator.py
[2026-03-10T23:12:12.238+0530] {logging_mixin.py:188} INFO - [2026-03-10T23:12:12.237+0530] {dag.py:3089} INFO - Sync 1 DAGs
[2026-03-10T23:12:12.260+0530] {logging_mixin.py:188} INFO - [2026-03-10T23:12:12.260+0530] {dag.py:3947} INFO - Setting next_dagrun for example_bash_operator to 2026-03-10 00:00:00+00:00, run_after=2026-03-11 00:00:00+00:00
[2026-03-10T23:12:12.291+0530] {processor.py:183} INFO - Processing /home/sathya/projects/training-kit/.venv-airflow/lib/python3.10/site-packages/airflow/example_dags/example_bash_operator.py took 0.119 seconds
[2026-03-10T23:17:51.124+0530] {processor.py:161} INFO - Started process (PID=9095) to work on /home/sathya/projects/training-kit/.venv-airflow/lib/python3.10/site-packages/airflow/example_dags/example_bash_operator.py
[2026-03-10T23:17:51.127+0530] {processor.py:830} INFO - Processing file /home/sathya/projects/training-kit/.venv-airflow/lib/python3.10/site-packages/airflow/example_dags/example_bash_operator.py for tasks to queue
[2026-03-10T23:17:51.128+0530] {logging_mixin.py:188} INFO - [2026-03-10T23:17:51.127+0530] {dagbag.py:545} INFO - Filling up the DagBag from /home/sathya/projects/training-kit/.venv-airflow/lib/python3.10/site-packages/airflow/example_dags/example_bash_operator.py
[2026-03-10T23:17:51.143+0530] {processor.py:840} INFO - DAG(s) 'example_bash_operator' retrieved from /home/sathya/projects/training-kit/.venv-airflow/lib/python3.10/site-packages/airflow/example_dags/example_bash_operator.py
[2026-03-10T23:17:51.169+0530] {logging_mixin.py:188} INFO - [2026-03-10T23:17:51.169+0530] {dag.py:3089} INFO - Sync 1 DAGs
[2026-03-10T23:17:51.193+0530] {logging_mixin.py:188} INFO - [2026-03-10T23:17:51.193+0530] {dag.py:3947} INFO - Setting next_dagrun for example_bash_operator to 2026-03-10 00:00:00+00:00, run_after=2026-03-11 00:00:00+00:00
[2026-03-10T23:17:51.274+0530] {processor.py:183} INFO - Processing /home/sathya/projects/training-kit/.venv-airflow/lib/python3.10/site-packages/airflow/example_dags/example_bash_operator.py took 0.159 seconds
[2026-03-10T23:24:05.050+0530] {processor.py:161} INFO - Started process (PID=10882) to work on /home/sathya/projects/training-kit/.venv-airflow/lib/python3.10/site-packages/airflow/example_dags/example_bash_operator.py
[2026-03-10T23:24:05.055+0530] {processor.py:830} INFO - Processing file /home/sathya/projects/training-kit/.venv-airflow/lib/python3.10/site-packages/airflow/example_dags/example_bash_operator.py for tasks to queue
[2026-03-10T23:24:05.058+0530] {logging_mixin.py:188} INFO - [2026-03-10T23:24:05.057+0530] {dagbag.py:545} INFO - Filling up the DagBag from /home/sathya/projects/training-kit/.venv-airflow/lib/python3.10/site-packages/airflow/example_dags/example_bash_operator.py
[2026-03-10T23:24:05.132+0530] {processor.py:840} INFO - DAG(s) 'example_bash_operator' retrieved from /home/sathya/projects/training-kit/.venv-airflow/lib/python3.10/site-packages/airflow/example_dags/example_bash_operator.py
[2026-03-10T23:24:05.269+0530] {logging_mixin.py:188} INFO - [2026-03-10T23:24:05.267+0530] {dag.py:3089} INFO - Sync 1 DAGs
[2026-03-10T23:24:05.354+0530] {logging_mixin.py:188} INFO - [2026-03-10T23:24:05.351+0530] {dag.py:3947} INFO - Setting next_dagrun for example_bash_operator to 2026-03-10 00:00:00+00:00, run_after=2026-03-11 00:00:00+00:00
[2026-03-10T23:24:05.487+0530] {processor.py:183} INFO - Processing /home/sathya/projects/training-kit/.venv-airflow/lib/python3.10/site-packages/airflow/example_dags/example_bash_operator.py took 0.463 seconds
[2026-03-10T23:25:43.704+0530] {processor.py:161} INFO - Started process (PID=11204) to work on /home/sathya/projects/training-kit/.venv-airflow/lib/python3.10/site-packages/airflow/example_dags/example_bash_operator.py
[2026-03-10T23:25:43.716+0530] {processor.py:830} INFO - Processing file /home/sathya/projects/training-kit/.venv-airflow/lib/python3.10/site-packages/airflow/example_dags/example_bash_operator.py for tasks to queue
[2026-03-10T23:25:43.718+0530] {logging_mixin.py:188} INFO - [2026-03-10T23:25:43.717+0530] {dagbag.py:545} INFO - Filling up the DagBag from /home/sathya/projects/training-kit/.venv-airflow/lib/python3.10/site-packages/airflow/example_dags/example_bash_operator.py
[2026-03-10T23:25:43.746+0530] {processor.py:840} INFO - DAG(s) 'example_bash_operator' retrieved from /home/sathya/projects/training-kit/.venv-airflow/lib/python3.10/site-packages/airflow/example_dags/example_bash_operator.py
[2026-03-10T23:25:43.802+0530] {logging_mixin.py:188} INFO - [2026-03-10T23:25:43.801+0530] {dag.py:3089} INFO - Sync 1 DAGs
[2026-03-10T23:25:43.850+0530] {logging_mixin.py:188} INFO - [2026-03-10T23:25:43.850+0530] {dag.py:3947} INFO - Setting next_dagrun for example_bash_operator to 2026-03-10 00:00:00+00:00, run_after=2026-03-11 00:00:00+00:00
[2026-03-10T23:25:43.913+0530] {processor.py:183} INFO - Processing /home/sathya/projects/training-kit/.venv-airflow/lib/python3.10/site-packages/airflow/example_dags/example_bash_operator.py took 0.224 seconds
[2026-03-10T23:33:12.652+0530] {processor.py:161} INFO - Started process (PID=12616) to work on /home/sathya/projects/training-kit/.venv-airflow/lib/python3.10/site-packages/airflow/example_dags/example_bash_operator.py
[2026-03-10T23:33:12.656+0530] {processor.py:830} INFO - Processing file /home/sathya/projects/training-kit/.venv-airflow/lib/python3.10/site-packages/airflow/example_dags/example_bash_operator.py for tasks to queue
[2026-03-10T23:33:12.663+0530] {logging_mixin.py:188} INFO - [2026-03-10T23:33:12.662+0530] {dagbag.py:545} INFO - Filling up the DagBag from /home/sathya/projects/training-kit/.venv-airflow/lib/python3.10/site-packages/airflow/example_dags/example_bash_operator.py
[2026-03-10T23:33:12.698+0530] {processor.py:840} INFO - DAG(s) 'example_bash_operator' retrieved from /home/sathya/projects/training-kit/.venv-airflow/lib/python3.10/site-packages/airflow/example_dags/example_bash_operator.py
[2026-03-10T23:33:12.765+0530] {logging_mixin.py:188} INFO - [2026-03-10T23:33:12.764+0530] {dag.py:3089} INFO - Sync 1 DAGs
[2026-03-10T23:33:12.817+0530] {logging_mixin.py:188} INFO - [2026-03-10T23:33:12.816+0530] {dag.py:3947} INFO - Setting next_dagrun for example_bash_operator to 2026-03-10 00:00:00+00:00, run_after=2026-03-11 00:00:00+00:00
[2026-03-10T23:33:12.893+0530] {processor.py:183} INFO - Processing /home/sathya/projects/training-kit/.venv-airflow/lib/python3.10/site-packages/airflow/example_dags/example_bash_operator.py took 0.259 seconds
[2026-03-10T23:36:25.963+0530] {processor.py:161} INFO - Started process (PID=13277) to work on /home/sathya/projects/training-kit/.venv-airflow/lib/python3.10/site-packages/airflow/example_dags/example_bash_operator.py
[2026-03-10T23:36:25.973+0530] {processor.py:830} INFO - Processing file /home/sathya/projects/training-kit/.venv-airflow/lib/python3.10/site-packages/airflow/example_dags/example_bash_operator.py for tasks to queue
[2026-03-10T23:36:25.976+0530] {logging_mixin.py:188} INFO - [2026-03-10T23:36:25.975+0530] {dagbag.py:545} INFO - Filling up the DagBag from /home/sathya/projects/training-kit/.venv-airflow/lib/python3.10/site-packages/airflow/example_dags/example_bash_operator.py
[2026-03-10T23:36:26.012+0530] {processor.py:840} INFO - DAG(s) 'example_bash_operator' retrieved from /home/sathya/projects/training-kit/.venv-airflow/lib/python3.10/site-packages/airflow/example_dags/example_bash_operator.py
[2026-03-10T23:36:26.095+0530] {logging_mixin.py:188} INFO - [2026-03-10T23:36:26.094+0530] {dag.py:3089} INFO - Sync 1 DAGs
[2026-03-10T23:36:26.200+0530] {logging_mixin.py:188} INFO - [2026-03-10T23:36:26.200+0530] {dag.py:3947} INFO - Setting next_dagrun for example_bash_operator to 2026-03-10 00:00:00+00:00, run_after=2026-03-11 00:00:00+00:00
[2026-03-10T23:36:26.305+0530] {processor.py:183} INFO - Processing /home/sathya/projects/training-kit/.venv-airflow/lib/python3.10/site-packages/airflow/example_dags/example_bash_operator.py took 0.365 seconds
[2026-03-10T23:36:30.159+0530] {processor.py:161} INFO - Started process (PID=13284) to work on /home/sathya/projects/training-kit/.venv-airflow/lib/python3.10/site-packages/airflow/example_dags/example_bash_operator.py
[2026-03-10T23:36:30.162+0530] {processor.py:830} INFO - Processing file /home/sathya/projects/training-kit/.venv-airflow/lib/python3.10/site-packages/airflow/example_dags/example_bash_operator.py for tasks to queue
[2026-03-10T23:36:30.165+0530] {logging_mixin.py:188} INFO - [2026-03-10T23:36:30.164+0530] {dagbag.py:545} INFO - Filling up the DagBag from /home/sathya/projects/training-kit/.venv-airflow/lib/python3.10/site-packages/airflow/example_dags/example_bash_operator.py
[2026-03-10T23:36:30.198+0530] {processor.py:840} INFO - DAG(s) 'example_bash_operator' retrieved from /home/sathya/projects/training-kit/.venv-airflow/lib/python3.10/site-packages/airflow/example_dags/example_bash_operator.py
[2026-03-10T23:36:30.265+0530] {logging_mixin.py:188} INFO - [2026-03-10T23:36:30.265+0530] {dag.py:3089} INFO - Sync 1 DAGs
[2026-03-10T23:36:30.310+0530] {logging_mixin.py:188} INFO - [2026-03-10T23:36:30.310+0530] {dag.py:3947} INFO - Setting next_dagrun for example_bash_operator to 2026-03-10 00:00:00+00:00, run_after=2026-03-11 00:00:00+00:00
[2026-03-10T23:36:30.369+0530] {processor.py:183} INFO - Processing /home/sathya/projects/training-kit/.venv-airflow/lib/python3.10/site-packages/airflow/example_dags/example_bash_operator.py took 0.229 seconds
[2026-03-10T23:52:11.124+0530] {processor.py:161} INFO - Started process (PID=15344) to work on /home/sathya/projects/training-kit/.venv-airflow/lib/python3.10/site-packages/airflow/example_dags/example_bash_operator.py
[2026-03-10T23:52:11.129+0530] {processor.py:830} INFO - Processing file /home/sathya/projects/training-kit/.venv-airflow/lib/python3.10/site-packages/airflow/example_dags/example_bash_operator.py for tasks to queue
[2026-03-10T23:52:11.133+0530] {logging_mixin.py:188} INFO - [2026-03-10T23:52:11.132+0530] {dagbag.py:545} INFO - Filling up the DagBag from /home/sathya/projects/training-kit/.venv-airflow/lib/python3.10/site-packages/airflow/example_dags/example_bash_operator.py
[2026-03-10T23:52:11.173+0530] {processor.py:840} INFO - DAG(s) 'example_bash_operator' retrieved from /home/sathya/projects/training-kit/.venv-airflow/lib/python3.10/site-packages/airflow/example_dags/example_bash_operator.py
[2026-03-10T23:52:11.258+0530] {logging_mixin.py:188} INFO - [2026-03-10T23:52:11.257+0530] {dag.py:3089} INFO - Sync 1 DAGs
[2026-03-10T23:52:11.318+0530] {logging_mixin.py:188} INFO - [2026-03-10T23:52:11.317+0530] {dag.py:3947} INFO - Setting next_dagrun for example_bash_operator to 2026-03-10 00:00:00+00:00, run_after=2026-03-11 00:00:00+00:00
[2026-03-10T23:52:11.395+0530] {processor.py:183} INFO - Processing /home/sathya/projects/training-kit/.venv-airflow/lib/python3.10/site-packages/airflow/example_dags/example_bash_operator.py took 0.295 seconds
[2026-03-10T23:52:17.337+0530] {processor.py:161} INFO - Started process (PID=15370) to work on /home/sathya/projects/training-kit/.venv-airflow/lib/python3.10/site-packages/airflow/example_dags/example_bash_operator.py
[2026-03-10T23:52:17.341+0530] {processor.py:830} INFO - Processing file /home/sathya/projects/training-kit/.venv-airflow/lib/python3.10/site-packages/airflow/example_dags/example_bash_operator.py for tasks to queue
[2026-03-10T23:52:17.344+0530] {logging_mixin.py:188} INFO - [2026-03-10T23:52:17.343+0530] {dagbag.py:545} INFO - Filling up the DagBag from /home/sathya/projects/training-kit/.venv-airflow/lib/python3.10/site-packages/airflow/example_dags/example_bash_operator.py
[2026-03-10T23:52:17.376+0530] {processor.py:840} INFO - DAG(s) 'example_bash_operator' retrieved from /home/sathya/projects/training-kit/.venv-airflow/lib/python3.10/site-packages/airflow/example_dags/example_bash_operator.py
[2026-03-10T23:52:17.470+0530] {logging_mixin.py:188} INFO - [2026-03-10T23:52:17.470+0530] {dag.py:3089} INFO - Sync 1 DAGs
[2026-03-10T23:52:17.535+0530] {logging_mixin.py:188} INFO - [2026-03-10T23:52:17.534+0530] {dag.py:3947} INFO - Setting next_dagrun for example_bash_operator to 2026-03-10 00:00:00+00:00, run_after=2026-03-11 00:00:00+00:00
[2026-03-10T23:52:15.346+0530] {processor.py:183} INFO - Processing /home/sathya/projects/training-kit/.venv-airflow/lib/python3.10/site-packages/airflow/example_dags/example_bash_operator.py took 0.299 seconds
[2026-03-11T00:03:41.357+0530] {processor.py:161} INFO - Started process (PID=17011) to work on /home/sathya/projects/training-kit/.venv-airflow/lib/python3.10/site-packages/airflow/example_dags/example_bash_operator.py
[2026-03-11T00:03:41.364+0530] {processor.py:830} INFO - Processing file /home/sathya/projects/training-kit/.venv-airflow/lib/python3.10/site-packages/airflow/example_dags/example_bash_operator.py for tasks to queue
[2026-03-11T00:03:41.370+0530] {logging_mixin.py:188} INFO - [2026-03-11T00:03:41.367+0530] {dagbag.py:545} INFO - Filling up the DagBag from /home/sathya/projects/training-kit/.venv-airflow/lib/python3.10/site-packages/airflow/example_dags/example_bash_operator.py
[2026-03-11T00:03:41.411+0530] {processor.py:840} INFO - DAG(s) 'example_bash_operator' retrieved from /home/sathya/projects/training-kit/.venv-airflow/lib/python3.10/site-packages/airflow/example_dags/example_bash_operator.py
[2026-03-11T00:03:41.516+0530] {logging_mixin.py:188} INFO - [2026-03-11T00:03:41.515+0530] {dag.py:3089} INFO - Sync 1 DAGs
[2026-03-11T00:03:41.574+0530] {logging_mixin.py:188} INFO - [2026-03-11T00:03:41.573+0530] {dag.py:3947} INFO - Setting next_dagrun for example_bash_operator to 2026-03-10 00:00:00+00:00, run_after=2026-03-11 00:00:00+00:00
[2026-03-11T00:03:41.642+0530] {processor.py:183} INFO - Processing /home/sathya/projects/training-kit/.venv-airflow/lib/python3.10/site-packages/airflow/example_dags/example_bash_operator.py took 0.326 seconds
