[2026-03-10T23:00:36.320+0530] {processor.py:161} INFO - Started process (PID=4736) to work on /home/sathya/projects/training-kit/.venv-airflow/lib/python3.10/site-packages/airflow/example_dags/example_branch_operator_decorator.py
[2026-03-10T23:00:36.321+0530] {processor.py:830} INFO - Processing file /home/sathya/projects/training-kit/.venv-airflow/lib/python3.10/site-packages/airflow/example_dags/example_branch_operator_decorator.py for tasks to queue
[2026-03-10T23:00:36.322+0530] {logging_mixin.py:188} INFO - [2026-03-10T23:00:36.322+0530] {dagbag.py:545} INFO - Filling up the DagBag from /home/sathya/projects/training-kit/.venv-airflow/lib/python3.10/site-packages/airflow/example_dags/example_branch_operator_decorator.py
[2026-03-10T23:00:36.348+0530] {processor.py:840} INFO - DAG(s) 'example_branch_python_operator_decorator' retrieved from /home/sathya/projects/training-kit/.venv-airflow/lib/python3.10/site-packages/airflow/example_dags/example_branch_operator_decorator.py
[2026-03-10T23:00:36.461+0530] {logging_mixin.py:188} INFO - [2026-03-10T23:00:36.461+0530] {dag.py:3089} INFO - Sync 1 DAGs
[2026-03-10T23:00:36.483+0530] {logging_mixin.py:188} INFO - [2026-03-10T23:00:36.482+0530] {dag.py:3947} INFO - Setting next_dagrun for example_branch_python_operator_decorator to 2026-03-10 00:00:00+00:00, run_after=2026-03-11 00:00:00+00:00
[2026-03-10T23:00:36.548+0530] {processor.py:183} INFO - Processing /home/sathya/projects/training-kit/.venv-airflow/lib/python3.10/site-packages/airflow/example_dags/example_branch_operator_decorator.py took 0.235 seconds
[2026-03-10T23:04:39.382+0530] {processor.py:161} INFO - Started process (PID=5764) to work on /home/sathya/projects/training-kit/.venv-airflow/lib/python3.10/site-packages/airflow/example_dags/example_branch_operator_decorator.py
[2026-03-10T23:04:39.384+0530] {processor.py:830} INFO - Processing file /home/sathya/projects/training-kit/.venv-airflow/lib/python3.10/site-packages/airflow/example_dags/example_branch_operator_decorator.py for tasks to queue
[2026-03-10T23:04:39.386+0530] {logging_mixin.py:188} INFO - [2026-03-10T23:04:39.385+0530] {dagbag.py:545} INFO - Filling up the DagBag from /home/sathya/projects/training-kit/.venv-airflow/lib/python3.10/site-packages/airflow/example_dags/example_branch_operator_decorator.py
[2026-03-10T23:04:39.407+0530] {processor.py:840} INFO - DAG(s) 'example_branch_python_operator_decorator' retrieved from /home/sathya/projects/training-kit/.venv-airflow/lib/python3.10/site-packages/airflow/example_dags/example_branch_operator_decorator.py
[2026-03-10T23:04:39.551+0530] {logging_mixin.py:188} INFO - [2026-03-10T23:04:39.551+0530] {dag.py:3089} INFO - Sync 1 DAGs
[2026-03-10T23:04:39.576+0530] {logging_mixin.py:188} INFO - [2026-03-10T23:04:39.576+0530] {dag.py:3947} INFO - Setting next_dagrun for example_branch_python_operator_decorator to 2026-03-10 00:00:00+00:00, run_after=2026-03-11 00:00:00+00:00
[2026-03-10T23:04:39.609+0530] {processor.py:183} INFO - Processing /home/sathya/projects/training-kit/.venv-airflow/lib/python3.10/site-packages/airflow/example_dags/example_branch_operator_decorator.py took 0.234 seconds
[2026-03-10T23:11:59.341+0530] {processor.py:161} INFO - Started process (PID=7656) to work on /home/sathya/projects/training-kit/.venv-airflow/lib/python3.10/site-packages/airflow/example_dags/example_branch_operator_decorator.py
[2026-03-10T23:11:59.343+0530] {processor.py:830} INFO - Processing file /home/sathya/projects/training-kit/.venv-airflow/lib/python3.10/site-packages/airflow/example_dags/example_branch_operator_decorator.py for tasks to queue
[2026-03-10T23:11:59.344+0530] {logging_mixin.py:188} INFO - [2026-03-10T23:11:59.344+0530] {dagbag.py:545} INFO - Filling up the DagBag from /home/sathya/projects/training-kit/.venv-airflow/lib/python3.10/site-packages/airflow/example_dags/example_branch_operator_decorator.py
[2026-03-10T23:11:59.367+0530] {processor.py:840} INFO - DAG(s) 'example_branch_python_operator_decorator' retrieved from /home/sathya/projects/training-kit/.venv-airflow/lib/python3.10/site-packages/airflow/example_dags/example_branch_operator_decorator.py
[2026-03-10T23:11:59.486+0530] {logging_mixin.py:188} INFO - [2026-03-10T23:11:59.485+0530] {dag.py:3089} INFO - Sync 1 DAGs
[2026-03-10T23:11:59.508+0530] {logging_mixin.py:188} INFO - [2026-03-10T23:11:59.508+0530] {dag.py:3947} INFO - Setting next_dagrun for example_branch_python_operator_decorator to 2026-03-10 00:00:00+00:00, run_after=2026-03-11 00:00:00+00:00
[2026-03-10T23:11:59.551+0530] {processor.py:183} INFO - Processing /home/sathya/projects/training-kit/.venv-airflow/lib/python3.10/site-packages/airflow/example_dags/example_branch_operator_decorator.py took 0.219 seconds
[2026-03-10T23:17:33.075+0530] {processor.py:161} INFO - Started process (PID=9010) to work on /home/sathya/projects/training-kit/.venv-airflow/lib/python3.10/site-packages/airflow/example_dags/example_branch_operator_decorator.py
[2026-03-10T23:17:33.078+0530] {processor.py:830} INFO - Processing file /home/sathya/projects/training-kit/.venv-airflow/lib/python3.10/site-packages/airflow/example_dags/example_branch_operator_decorator.py for tasks to queue
[2026-03-10T23:17:33.079+0530] {logging_mixin.py:188} INFO - [2026-03-10T23:17:33.078+0530] {dagbag.py:545} INFO - Filling up the DagBag from /home/sathya/projects/training-kit/.venv-airflow/lib/python3.10/site-packages/airflow/example_dags/example_branch_operator_decorator.py
[2026-03-10T23:17:33.104+0530] {processor.py:840} INFO - DAG(s) 'example_branch_python_operator_decorator' retrieved from /home/sathya/projects/training-kit/.venv-airflow/lib/python3.10/site-packages/airflow/example_dags/example_branch_operator_decorator.py
[2026-03-10T23:17:33.234+0530] {logging_mixin.py:188} INFO - [2026-03-10T23:17:33.233+0530] {dag.py:3089} INFO - Sync 1 DAGs
[2026-03-10T23:17:33.255+0530] {logging_mixin.py:188} INFO - [2026-03-10T23:17:33.255+0530] {dag.py:3947} INFO - Setting next_dagrun for example_branch_python_operator_decorator to 2026-03-10 00:00:00+00:00, run_after=2026-03-11 00:00:00+00:00
[2026-03-10T23:17:33.292+0530] {processor.py:183} INFO - Processing /home/sathya/projects/training-kit/.venv-airflow/lib/python3.10/site-packages/airflow/example_dags/example_branch_operator_decorator.py took 0.225 seconds
[2026-03-10T23:18:05.984+0530] {processor.py:161} INFO - Started process (PID=9171) to work on /home/sathya/projects/training-kit/.venv-airflow/lib/python3.10/site-packages/airflow/example_dags/example_branch_operator_decorator.py
[2026-03-10T23:18:05.989+0530] {processor.py:830} INFO - Processing file /home/sathya/projects/training-kit/.venv-airflow/lib/python3.10/site-packages/airflow/example_dags/example_branch_operator_decorator.py for tasks to queue
[2026-03-10T23:18:05.992+0530] {logging_mixin.py:188} INFO - [2026-03-10T23:18:05.990+0530] {dagbag.py:545} INFO - Filling up the DagBag from /home/sathya/projects/training-kit/.venv-airflow/lib/python3.10/site-packages/airflow/example_dags/example_branch_operator_decorator.py
[2026-03-10T23:18:06.046+0530] {processor.py:840} INFO - DAG(s) 'example_branch_python_operator_decorator' retrieved from /home/sathya/projects/training-kit/.venv-airflow/lib/python3.10/site-packages/airflow/example_dags/example_branch_operator_decorator.py
[2026-03-10T23:18:06.364+0530] {logging_mixin.py:188} INFO - [2026-03-10T23:18:06.363+0530] {dag.py:3089} INFO - Sync 1 DAGs
[2026-03-10T23:18:06.400+0530] {logging_mixin.py:188} INFO - [2026-03-10T23:18:06.400+0530] {dag.py:3947} INFO - Setting next_dagrun for example_branch_python_operator_decorator to 2026-03-10 00:00:00+00:00, run_after=2026-03-11 00:00:00+00:00
[2026-03-10T23:18:06.490+0530] {processor.py:183} INFO - Processing /home/sathya/projects/training-kit/.venv-airflow/lib/python3.10/site-packages/airflow/example_dags/example_branch_operator_decorator.py took 0.517 seconds
[2026-03-10T23:25:20.261+0530] {processor.py:161} INFO - Started process (PID=11134) to work on /home/sathya/projects/training-kit/.venv-airflow/lib/python3.10/site-packages/airflow/example_dags/example_branch_operator_decorator.py
[2026-03-10T23:25:20.266+0530] {processor.py:830} INFO - Processing file /home/sathya/projects/training-kit/.venv-airflow/lib/python3.10/site-packages/airflow/example_dags/example_branch_operator_decorator.py for tasks to queue
[2026-03-10T23:25:20.271+0530] {logging_mixin.py:188} INFO - [2026-03-10T23:25:20.269+0530] {dagbag.py:545} INFO - Filling up the DagBag from /home/sathya/projects/training-kit/.venv-airflow/lib/python3.10/site-packages/airflow/example_dags/example_branch_operator_decorator.py
[2026-03-10T23:25:20.346+0530] {processor.py:840} INFO - DAG(s) 'example_branch_python_operator_decorator' retrieved from /home/sathya/projects/training-kit/.venv-airflow/lib/python3.10/site-packages/airflow/example_dags/example_branch_operator_decorator.py
[2026-03-10T23:25:20.723+0530] {logging_mixin.py:188} INFO - [2026-03-10T23:25:20.722+0530] {dag.py:3089} INFO - Sync 1 DAGs
[2026-03-10T23:25:21.082+0530] {logging_mixin.py:188} INFO - [2026-03-10T23:25:21.081+0530] {dag.py:3947} INFO - Setting next_dagrun for example_branch_python_operator_decorator to 2026-03-10 00:00:00+00:00, run_after=2026-03-11 00:00:00+00:00
[2026-03-10T23:25:21.192+0530] {processor.py:183} INFO - Processing /home/sathya/projects/training-kit/.venv-airflow/lib/python3.10/site-packages/airflow/example_dags/example_branch_operator_decorator.py took 0.951 seconds
[2026-03-10T23:33:10.423+0530] {processor.py:161} INFO - Started process (PID=12612) to work on /home/sathya/projects/training-kit/.venv-airflow/lib/python3.10/site-packages/airflow/example_dags/example_branch_operator_decorator.py
[2026-03-10T23:33:10.430+0530] {processor.py:830} INFO - Processing file /home/sathya/projects/training-kit/.venv-airflow/lib/python3.10/site-packages/airflow/example_dags/example_branch_operator_decorator.py for tasks to queue
[2026-03-10T23:33:10.446+0530] {logging_mixin.py:188} INFO - [2026-03-10T23:33:10.442+0530] {dagbag.py:545} INFO - Filling up the DagBag from /home/sathya/projects/training-kit/.venv-airflow/lib/python3.10/site-packages/airflow/example_dags/example_branch_operator_decorator.py
[2026-03-10T23:33:10.579+0530] {processor.py:840} INFO - DAG(s) 'example_branch_python_operator_decorator' retrieved from /home/sathya/projects/training-kit/.venv-airflow/lib/python3.10/site-packages/airflow/example_dags/example_branch_operator_decorator.py
[2026-03-10T23:33:10.958+0530] {logging_mixin.py:188} INFO - [2026-03-10T23:33:10.957+0530] {dag.py:3089} INFO - Sync 1 DAGs
[2026-03-10T23:33:11.018+0530] {logging_mixin.py:188} INFO - [2026-03-10T23:33:11.017+0530] {dag.py:3947} INFO - Setting next_dagrun for example_branch_python_operator_decorator to 2026-03-10 00:00:00+00:00, run_after=2026-03-11 00:00:00+00:00
[2026-03-10T23:33:11.099+0530] {processor.py:183} INFO - Processing /home/sathya/projects/training-kit/.venv-airflow/lib/python3.10/site-packages/airflow/example_dags/example_branch_operator_decorator.py took 0.716 seconds
[2026-03-10T23:34:58.136+0530] {processor.py:161} INFO - Started process (PID=13019) to work on /home/sathya/projects/training-kit/.venv-airflow/lib/python3.10/site-packages/airflow/example_dags/example_branch_operator_decorator.py
[2026-03-10T23:34:58.139+0530] {processor.py:830} INFO - Processing file /home/sathya/projects/training-kit/.venv-airflow/lib/python3.10/site-packages/airflow/example_dags/example_branch_operator_decorator.py for tasks to queue
[2026-03-10T23:34:58.142+0530] {logging_mixin.py:188} INFO - [2026-03-10T23:34:58.141+0530] {dagbag.py:545} INFO - Filling up the DagBag from /home/sathya/projects/training-kit/.venv-airflow/lib/python3.10/site-packages/airflow/example_dags/example_branch_operator_decorator.py
[2026-03-10T23:34:58.208+0530] {processor.py:840} INFO - DAG(s) 'example_branch_python_operator_decorator' retrieved from /home/sathya/projects/training-kit/.venv-airflow/lib/python3.10/site-packages/airflow/example_dags/example_branch_operator_decorator.py
[2026-03-10T23:34:58.825+0530] {logging_mixin.py:188} INFO - [2026-03-10T23:34:58.824+0530] {dag.py:3089} INFO - Sync 1 DAGs
[2026-03-10T23:34:58.890+0530] {logging_mixin.py:188} INFO - [2026-03-10T23:34:58.889+0530] {dag.py:3947} INFO - Setting next_dagrun for example_branch_python_operator_decorator to 2026-03-10 00:00:00+00:00, run_after=2026-03-11 00:00:00+00:00
[2026-03-10T23:34:58.984+0530] {processor.py:183} INFO - Processing /home/sathya/projects/training-kit/.venv-airflow/lib/python3.10/site-packages/airflow/example_dags/example_branch_operator_decorator.py took 0.874 seconds
[2026-03-10T23:35:42.202+0530] {processor.py:161} INFO - Started process (PID=13156) to work on /home/sathya/projects/training-kit/.venv-airflow/lib/python3.10/site-packages/airflow/example_dags/example_branch_operator_decorator.py
[2026-03-10T23:35:42.206+0530] {processor.py:830} INFO - Processing file /home/sathya/projects/training-kit/.venv-airflow/lib/python3.10/site-packages/airflow/example_dags/example_branch_operator_decorator.py for tasks to queue
[2026-03-10T23:35:42.211+0530] {logging_mixin.py:188} INFO - [2026-03-10T23:35:42.210+0530] {dagbag.py:545} INFO - Filling up the DagBag from /home/sathya/projects/training-kit/.venv-airflow/lib/python3.10/site-packages/airflow/example_dags/example_branch_operator_decorator.py
[2026-03-10T23:35:42.280+0530] {processor.py:840} INFO - DAG(s) 'example_branch_python_operator_decorator' retrieved from /home/sathya/projects/training-kit/.venv-airflow/lib/python3.10/site-packages/airflow/example_dags/example_branch_operator_decorator.py
[2026-03-10T23:35:42.549+0530] {logging_mixin.py:188} INFO - [2026-03-10T23:35:42.549+0530] {dag.py:3089} INFO - Sync 1 DAGs
[2026-03-10T23:35:42.591+0530] {logging_mixin.py:188} INFO - [2026-03-10T23:35:42.590+0530] {dag.py:3947} INFO - Setting next_dagrun for example_branch_python_operator_decorator to 2026-03-10 00:00:00+00:00, run_after=2026-03-11 00:00:00+00:00
[2026-03-10T23:35:42.695+0530] {processor.py:183} INFO - Processing /home/sathya/projects/training-kit/.venv-airflow/lib/python3.10/site-packages/airflow/example_dags/example_branch_operator_decorator.py took 0.512 seconds
[2026-03-10T23:50:57.077+0530] {processor.py:161} INFO - Started process (PID=15184) to work on /home/sathya/projects/training-kit/.venv-airflow/lib/python3.10/site-packages/airflow/example_dags/example_branch_operator_decorator.py
[2026-03-10T23:50:57.081+0530] {processor.py:830} INFO - Processing file /home/sathya/projects/training-kit/.venv-airflow/lib/python3.10/site-packages/airflow/example_dags/example_branch_operator_decorator.py for tasks to queue
[2026-03-10T23:50:57.087+0530] {logging_mixin.py:188} INFO - [2026-03-10T23:50:57.086+0530] {dagbag.py:545} INFO - Filling up the DagBag from /home/sathya/projects/training-kit/.venv-airflow/lib/python3.10/site-packages/airflow/example_dags/example_branch_operator_decorator.py
[2026-03-10T23:50:57.160+0530] {processor.py:840} INFO - DAG(s) 'example_branch_python_operator_decorator' retrieved from /home/sathya/projects/training-kit/.venv-airflow/lib/python3.10/site-packages/airflow/example_dags/example_branch_operator_decorator.py
[2026-03-10T23:50:57.423+0530] {logging_mixin.py:188} INFO - [2026-03-10T23:50:57.423+0530] {dag.py:3089} INFO - Sync 1 DAGs
[2026-03-10T23:50:57.473+0530] {logging_mixin.py:188} INFO - [2026-03-10T23:50:57.471+0530] {dag.py:3947} INFO - Setting next_dagrun for example_branch_python_operator_decorator to 2026-03-10 00:00:00+00:00, run_after=2026-03-11 00:00:00+00:00
[2026-03-10T23:50:57.552+0530] {processor.py:183} INFO - Processing /home/sathya/projects/training-kit/.venv-airflow/lib/python3.10/site-packages/airflow/example_dags/example_branch_operator_decorator.py took 0.507 seconds
[2026-03-10T23:52:15.611+0530] {processor.py:161} INFO - Started process (PID=15359) to work on /home/sathya/projects/training-kit/.venv-airflow/lib/python3.10/site-packages/airflow/example_dags/example_branch_operator_decorator.py
[2026-03-10T23:52:15.614+0530] {processor.py:830} INFO - Processing file /home/sathya/projects/training-kit/.venv-airflow/lib/python3.10/site-packages/airflow/example_dags/example_branch_operator_decorator.py for tasks to queue
[2026-03-10T23:52:15.616+0530] {logging_mixin.py:188} INFO - [2026-03-10T23:52:15.615+0530] {dagbag.py:545} INFO - Filling up the DagBag from /home/sathya/projects/training-kit/.venv-airflow/lib/python3.10/site-packages/airflow/example_dags/example_branch_operator_decorator.py
[2026-03-10T23:52:15.679+0530] {processor.py:840} INFO - DAG(s) 'example_branch_python_operator_decorator' retrieved from /home/sathya/projects/training-kit/.venv-airflow/lib/python3.10/site-packages/airflow/example_dags/example_branch_operator_decorator.py
[2026-03-10T23:52:15.949+0530] {logging_mixin.py:188} INFO - [2026-03-10T23:52:15.949+0530] {dag.py:3089} INFO - Sync 1 DAGs
[2026-03-10T23:52:15.990+0530] {logging_mixin.py:188} INFO - [2026-03-10T23:52:15.989+0530] {dag.py:3947} INFO - Setting next_dagrun for example_branch_python_operator_decorator to 2026-03-10 00:00:00+00:00, run_after=2026-03-11 00:00:00+00:00
[2026-03-10T23:52:16.048+0530] {processor.py:183} INFO - Processing /home/sathya/projects/training-kit/.venv-airflow/lib/python3.10/site-packages/airflow/example_dags/example_branch_operator_decorator.py took 0.453 seconds
[2026-03-11T00:03:14.729+0530] {processor.py:161} INFO - Started process (PID=16948) to work on /home/sathya/projects/training-kit/.venv-airflow/lib/python3.10/site-packages/airflow/example_dags/example_branch_operator_decorator.py
[2026-03-11T00:03:14.737+0530] {processor.py:830} INFO - Processing file /home/sathya/projects/training-kit/.venv-airflow/lib/python3.10/site-packages/airflow/example_dags/example_branch_operator_decorator.py for tasks to queue
[2026-03-11T00:03:14.742+0530] {logging_mixin.py:188} INFO - [2026-03-11T00:03:14.740+0530] {dagbag.py:545} INFO - Filling up the DagBag from /home/sathya/projects/training-kit/.venv-airflow/lib/python3.10/site-packages/airflow/example_dags/example_branch_operator_decorator.py
[2026-03-11T00:03:14.802+0530] {processor.py:840} INFO - DAG(s) 'example_branch_python_operator_decorator' retrieved from /home/sathya/projects/training-kit/.venv-airflow/lib/python3.10/site-packages/airflow/example_dags/example_branch_operator_decorator.py
[2026-03-11T00:03:14.889+0530] {logging_mixin.py:188} INFO - [2026-03-11T00:03:14.888+0530] {dag.py:3089} INFO - Sync 1 DAGs
[2026-03-11T00:03:14.958+0530] {logging_mixin.py:188} INFO - [2026-03-11T00:03:14.958+0530] {dag.py:3947} INFO - Setting next_dagrun for example_branch_python_operator_decorator to 2026-03-10 00:00:00+00:00, run_after=2026-03-11 00:00:00+00:00
[2026-03-11T00:03:15.062+0530] {processor.py:183} INFO - Processing /home/sathya/projects/training-kit/.venv-airflow/lib/python3.10/site-packages/airflow/example_dags/example_branch_operator_decorator.py took 0.353 seconds
[2026-03-11T00:06:15.142+0530] {processor.py:161} INFO - Started process (PID=17331) to work on /home/sathya/projects/training-kit/.venv-airflow/lib/python3.10/site-packages/airflow/example_dags/example_branch_operator_decorator.py
[2026-03-11T00:06:15.146+0530] {processor.py:830} INFO - Processing file /home/sathya/projects/training-kit/.venv-airflow/lib/python3.10/site-packages/airflow/example_dags/example_branch_operator_decorator.py for tasks to queue
[2026-03-11T00:06:15.158+0530] {logging_mixin.py:188} INFO - [2026-03-11T00:06:15.154+0530] {dagbag.py:545} INFO - Filling up the DagBag from /home/sathya/projects/training-kit/.venv-airflow/lib/python3.10/site-packages/airflow/example_dags/example_branch_operator_decorator.py
[2026-03-11T00:06:15.299+0530] {processor.py:840} INFO - DAG(s) 'example_branch_python_operator_decorator' retrieved from /home/sathya/projects/training-kit/.venv-airflow/lib/python3.10/site-packages/airflow/example_dags/example_branch_operator_decorator.py
[2026-03-11T00:06:15.846+0530] {logging_mixin.py:188} INFO - [2026-03-11T00:06:15.846+0530] {dag.py:3089} INFO - Sync 1 DAGs
[2026-03-11T00:06:15.947+0530] {logging_mixin.py:188} INFO - [2026-03-11T00:06:15.946+0530] {dag.py:3947} INFO - Setting next_dagrun for example_branch_python_operator_decorator to 2026-03-10 00:00:00+00:00, run_after=2026-03-11 00:00:00+00:00
[2026-03-11T00:06:16.054+0530] {processor.py:183} INFO - Processing /home/sathya/projects/training-kit/.venv-airflow/lib/python3.10/site-packages/airflow/example_dags/example_branch_operator_decorator.py took 0.969 seconds
