[2026-03-10T22:57:48.039+0530] {processor.py:161} INFO - Started process (PID=4075) to work on /home/sathya/projects/training-kit/.venv-airflow/lib/python3.10/site-packages/airflow/example_dags/example_setup_teardown_taskflow.py
[2026-03-10T22:57:48.040+0530] {processor.py:830} INFO - Processing file /home/sathya/projects/training-kit/.venv-airflow/lib/python3.10/site-packages/airflow/example_dags/example_setup_teardown_taskflow.py for tasks to queue
[2026-03-10T22:57:48.041+0530] {logging_mixin.py:188} INFO - [2026-03-10T22:57:48.040+0530] {dagbag.py:545} INFO - Filling up the DagBag from /home/sathya/projects/training-kit/.venv-airflow/lib/python3.10/site-packages/airflow/example_dags/example_setup_teardown_taskflow.py
[2026-03-10T22:57:48.050+0530] {processor.py:840} INFO - DAG(s) 'example_setup_teardown_taskflow' retrieved from /home/sathya/projects/training-kit/.venv-airflow/lib/python3.10/site-packages/airflow/example_dags/example_setup_teardown_taskflow.py
[2026-03-10T22:57:48.170+0530] {logging_mixin.py:188} INFO - [2026-03-10T22:57:48.169+0530] {dag.py:3089} INFO - Sync 1 DAGs
[2026-03-10T22:57:48.186+0530] {logging_mixin.py:188} INFO - [2026-03-10T22:57:48.186+0530] {dag.py:3947} INFO - Setting next_dagrun for example_setup_teardown_taskflow to 2026-03-10 00:00:00+00:00, run_after=2026-03-11 00:00:00+00:00
[2026-03-10T22:57:48.224+0530] {processor.py:183} INFO - Processing /home/sathya/projects/training-kit/.venv-airflow/lib/python3.10/site-packages/airflow/example_dags/example_setup_teardown_taskflow.py took 0.195 seconds
[2026-03-10T23:00:11.592+0530] {processor.py:161} INFO - Started process (PID=4637) to work on /home/sathya/projects/training-kit/.venv-airflow/lib/python3.10/site-packages/airflow/example_dags/example_setup_teardown_taskflow.py
[2026-03-10T23:00:11.599+0530] {processor.py:830} INFO - Processing file /home/sathya/projects/training-kit/.venv-airflow/lib/python3.10/site-packages/airflow/example_dags/example_setup_teardown_taskflow.py for tasks to queue
[2026-03-10T23:00:11.601+0530] {logging_mixin.py:188} INFO - [2026-03-10T23:00:11.600+0530] {dagbag.py:545} INFO - Filling up the DagBag from /home/sathya/projects/training-kit/.venv-airflow/lib/python3.10/site-packages/airflow/example_dags/example_setup_teardown_taskflow.py
[2026-03-10T23:00:11.614+0530] {processor.py:840} INFO - DAG(s) 'example_setup_teardown_taskflow' retrieved from /home/sathya/projects/training-kit/.venv-airflow/lib/python3.10/site-packages/airflow/example_dags/example_setup_teardown_taskflow.py
[2026-03-10T23:00:11.641+0530] {logging_mixin.py:188} INFO - [2026-03-10T23:00:11.641+0530] {dag.py:3089} INFO - Sync 1 DAGs
[2026-03-10T23:00:11.670+0530] {logging_mixin.py:188} INFO - [2026-03-10T23:00:11.670+0530] {dag.py:3947} INFO - Setting next_dagrun for example_setup_teardown_taskflow to 2026-03-10 00:00:00+00:00, run_after=2026-03-11 00:00:00+00:00
[2026-03-10T23:00:11.711+0530] {processor.py:183} INFO - Processing /home/sathya/projects/training-kit/.venv-airflow/lib/python3.10/site-packages/airflow/example_dags/example_setup_teardown_taskflow.py took 0.127 seconds
[2026-03-10T23:03:32.182+0530] {processor.py:161} INFO - Started process (PID=5476) to work on /home/sathya/projects/training-kit/.venv-airflow/lib/python3.10/site-packages/airflow/example_dags/example_setup_teardown_taskflow.py
[2026-03-10T23:03:32.185+0530] {processor.py:830} INFO - Processing file /home/sathya/projects/training-kit/.venv-airflow/lib/python3.10/site-packages/airflow/example_dags/example_setup_teardown_taskflow.py for tasks to queue
[2026-03-10T23:03:32.186+0530] {logging_mixin.py:188} INFO - [2026-03-10T23:03:32.185+0530] {dagbag.py:545} INFO - Filling up the DagBag from /home/sathya/projects/training-kit/.venv-airflow/lib/python3.10/site-packages/airflow/example_dags/example_setup_teardown_taskflow.py
[2026-03-10T23:03:32.198+0530] {processor.py:840} INFO - DAG(s) 'example_setup_teardown_taskflow' retrieved from /home/sathya/projects/training-kit/.venv-airflow/lib/python3.10/site-packages/airflow/example_dags/example_setup_teardown_taskflow.py
[2026-03-10T23:03:32.222+0530] {logging_mixin.py:188} INFO - [2026-03-10T23:03:32.222+0530] {dag.py:3089} INFO - Sync 1 DAGs
[2026-03-10T23:03:32.246+0530] {logging_mixin.py:188} INFO - [2026-03-10T23:03:32.246+0530] {dag.py:3947} INFO - Setting next_dagrun for example_setup_teardown_taskflow to 2026-03-10 00:00:00+00:00, run_after=2026-03-11 00:00:00+00:00
[2026-03-10T23:03:32.290+0530] {processor.py:183} INFO - Processing /home/sathya/projects/training-kit/.venv-airflow/lib/python3.10/site-packages/airflow/example_dags/example_setup_teardown_taskflow.py took 0.119 seconds
[2026-03-10T23:07:37.427+0530] {processor.py:161} INFO - Started process (PID=6525) to work on /home/sathya/projects/training-kit/.venv-airflow/lib/python3.10/site-packages/airflow/example_dags/example_setup_teardown_taskflow.py
[2026-03-10T23:07:37.434+0530] {processor.py:830} INFO - Processing file /home/sathya/projects/training-kit/.venv-airflow/lib/python3.10/site-packages/airflow/example_dags/example_setup_teardown_taskflow.py for tasks to queue
[2026-03-10T23:07:37.435+0530] {logging_mixin.py:188} INFO - [2026-03-10T23:07:37.434+0530] {dagbag.py:545} INFO - Filling up the DagBag from /home/sathya/projects/training-kit/.venv-airflow/lib/python3.10/site-packages/airflow/example_dags/example_setup_teardown_taskflow.py
[2026-03-10T23:07:37.451+0530] {processor.py:840} INFO - DAG(s) 'example_setup_teardown_taskflow' retrieved from /home/sathya/projects/training-kit/.venv-airflow/lib/python3.10/site-packages/airflow/example_dags/example_setup_teardown_taskflow.py
[2026-03-10T23:07:37.480+0530] {logging_mixin.py:188} INFO - [2026-03-10T23:07:37.480+0530] {dag.py:3089} INFO - Sync 1 DAGs
[2026-03-10T23:07:37.511+0530] {logging_mixin.py:188} INFO - [2026-03-10T23:07:37.511+0530] {dag.py:3947} INFO - Setting next_dagrun for example_setup_teardown_taskflow to 2026-03-10 00:00:00+00:00, run_after=2026-03-11 00:00:00+00:00
[2026-03-10T23:07:37.559+0530] {processor.py:183} INFO - Processing /home/sathya/projects/training-kit/.venv-airflow/lib/python3.10/site-packages/airflow/example_dags/example_setup_teardown_taskflow.py took 0.143 seconds
[2026-03-10T23:09:33.127+0530] {processor.py:161} INFO - Started process (PID=7005) to work on /home/sathya/projects/training-kit/.venv-airflow/lib/python3.10/site-packages/airflow/example_dags/example_setup_teardown_taskflow.py
[2026-03-10T23:09:33.128+0530] {processor.py:830} INFO - Processing file /home/sathya/projects/training-kit/.venv-airflow/lib/python3.10/site-packages/airflow/example_dags/example_setup_teardown_taskflow.py for tasks to queue
[2026-03-10T23:09:33.129+0530] {logging_mixin.py:188} INFO - [2026-03-10T23:09:33.129+0530] {dagbag.py:545} INFO - Filling up the DagBag from /home/sathya/projects/training-kit/.venv-airflow/lib/python3.10/site-packages/airflow/example_dags/example_setup_teardown_taskflow.py
[2026-03-10T23:09:33.141+0530] {processor.py:840} INFO - DAG(s) 'example_setup_teardown_taskflow' retrieved from /home/sathya/projects/training-kit/.venv-airflow/lib/python3.10/site-packages/airflow/example_dags/example_setup_teardown_taskflow.py
[2026-03-10T23:09:33.163+0530] {logging_mixin.py:188} INFO - [2026-03-10T23:09:33.163+0530] {dag.py:3089} INFO - Sync 1 DAGs
[2026-03-10T23:09:33.187+0530] {logging_mixin.py:188} INFO - [2026-03-10T23:09:33.185+0530] {dag.py:3947} INFO - Setting next_dagrun for example_setup_teardown_taskflow to 2026-03-10 00:00:00+00:00, run_after=2026-03-11 00:00:00+00:00
[2026-03-10T23:09:33.215+0530] {processor.py:183} INFO - Processing /home/sathya/projects/training-kit/.venv-airflow/lib/python3.10/site-packages/airflow/example_dags/example_setup_teardown_taskflow.py took 0.095 seconds
[2026-03-10T23:14:53.962+0530] {processor.py:161} INFO - Started process (PID=8360) to work on /home/sathya/projects/training-kit/.venv-airflow/lib/python3.10/site-packages/airflow/example_dags/example_setup_teardown_taskflow.py
[2026-03-10T23:14:53.964+0530] {processor.py:830} INFO - Processing file /home/sathya/projects/training-kit/.venv-airflow/lib/python3.10/site-packages/airflow/example_dags/example_setup_teardown_taskflow.py for tasks to queue
[2026-03-10T23:14:53.965+0530] {logging_mixin.py:188} INFO - [2026-03-10T23:14:53.965+0530] {dagbag.py:545} INFO - Filling up the DagBag from /home/sathya/projects/training-kit/.venv-airflow/lib/python3.10/site-packages/airflow/example_dags/example_setup_teardown_taskflow.py
[2026-03-10T23:14:53.983+0530] {processor.py:840} INFO - DAG(s) 'example_setup_teardown_taskflow' retrieved from /home/sathya/projects/training-kit/.venv-airflow/lib/python3.10/site-packages/airflow/example_dags/example_setup_teardown_taskflow.py
[2026-03-10T23:14:54.021+0530] {logging_mixin.py:188} INFO - [2026-03-10T23:14:54.020+0530] {dag.py:3089} INFO - Sync 1 DAGs
[2026-03-10T23:14:54.073+0530] {logging_mixin.py:188} INFO - [2026-03-10T23:14:54.072+0530] {dag.py:3947} INFO - Setting next_dagrun for example_setup_teardown_taskflow to 2026-03-10 00:00:00+00:00, run_after=2026-03-11 00:00:00+00:00
[2026-03-10T23:14:54.124+0530] {processor.py:183} INFO - Processing /home/sathya/projects/training-kit/.venv-airflow/lib/python3.10/site-packages/airflow/example_dags/example_setup_teardown_taskflow.py took 0.181 seconds
[2026-03-10T23:15:54.020+0530] {processor.py:161} INFO - Started process (PID=8604) to work on /home/sathya/projects/training-kit/.venv-airflow/lib/python3.10/site-packages/airflow/example_dags/example_setup_teardown_taskflow.py
[2026-03-10T23:15:54.022+0530] {processor.py:830} INFO - Processing file /home/sathya/projects/training-kit/.venv-airflow/lib/python3.10/site-packages/airflow/example_dags/example_setup_teardown_taskflow.py for tasks to queue
[2026-03-10T23:15:54.024+0530] {logging_mixin.py:188} INFO - [2026-03-10T23:15:54.023+0530] {dagbag.py:545} INFO - Filling up the DagBag from /home/sathya/projects/training-kit/.venv-airflow/lib/python3.10/site-packages/airflow/example_dags/example_setup_teardown_taskflow.py
[2026-03-10T23:15:54.038+0530] {processor.py:840} INFO - DAG(s) 'example_setup_teardown_taskflow' retrieved from /home/sathya/projects/training-kit/.venv-airflow/lib/python3.10/site-packages/airflow/example_dags/example_setup_teardown_taskflow.py
[2026-03-10T23:15:54.057+0530] {logging_mixin.py:188} INFO - [2026-03-10T23:15:54.057+0530] {dag.py:3089} INFO - Sync 1 DAGs
[2026-03-10T23:15:54.079+0530] {logging_mixin.py:188} INFO - [2026-03-10T23:15:54.079+0530] {dag.py:3947} INFO - Setting next_dagrun for example_setup_teardown_taskflow to 2026-03-10 00:00:00+00:00, run_after=2026-03-11 00:00:00+00:00
[2026-03-10T23:15:54.115+0530] {processor.py:183} INFO - Processing /home/sathya/projects/training-kit/.venv-airflow/lib/python3.10/site-packages/airflow/example_dags/example_setup_teardown_taskflow.py took 0.114 seconds
[2026-03-10T23:21:44.954+0530] {processor.py:161} INFO - Started process (PID=10148) to work on /home/sathya/projects/training-kit/.venv-airflow/lib/python3.10/site-packages/airflow/example_dags/example_setup_teardown_taskflow.py
[2026-03-10T23:21:44.956+0530] {processor.py:830} INFO - Processing file /home/sathya/projects/training-kit/.venv-airflow/lib/python3.10/site-packages/airflow/example_dags/example_setup_teardown_taskflow.py for tasks to queue
[2026-03-10T23:21:44.958+0530] {logging_mixin.py:188} INFO - [2026-03-10T23:21:44.957+0530] {dagbag.py:545} INFO - Filling up the DagBag from /home/sathya/projects/training-kit/.venv-airflow/lib/python3.10/site-packages/airflow/example_dags/example_setup_teardown_taskflow.py
[2026-03-10T23:21:44.973+0530] {processor.py:840} INFO - DAG(s) 'example_setup_teardown_taskflow' retrieved from /home/sathya/projects/training-kit/.venv-airflow/lib/python3.10/site-packages/airflow/example_dags/example_setup_teardown_taskflow.py
[2026-03-10T23:21:45.000+0530] {logging_mixin.py:188} INFO - [2026-03-10T23:21:45.000+0530] {dag.py:3089} INFO - Sync 1 DAGs
[2026-03-10T23:21:45.024+0530] {logging_mixin.py:188} INFO - [2026-03-10T23:21:45.024+0530] {dag.py:3947} INFO - Setting next_dagrun for example_setup_teardown_taskflow to 2026-03-10 00:00:00+00:00, run_after=2026-03-11 00:00:00+00:00
[2026-03-10T23:21:45.069+0530] {processor.py:183} INFO - Processing /home/sathya/projects/training-kit/.venv-airflow/lib/python3.10/site-packages/airflow/example_dags/example_setup_teardown_taskflow.py took 0.126 seconds
[2026-03-10T23:22:21.008+0530] {processor.py:161} INFO - Started process (PID=10368) to work on /home/sathya/projects/training-kit/.venv-airflow/lib/python3.10/site-packages/airflow/example_dags/example_setup_teardown_taskflow.py
[2026-03-10T23:22:21.011+0530] {processor.py:830} INFO - Processing file /home/sathya/projects/training-kit/.venv-airflow/lib/python3.10/site-packages/airflow/example_dags/example_setup_teardown_taskflow.py for tasks to queue
[2026-03-10T23:22:21.013+0530] {logging_mixin.py:188} INFO - [2026-03-10T23:22:21.012+0530] {dagbag.py:545} INFO - Filling up the DagBag from /home/sathya/projects/training-kit/.venv-airflow/lib/python3.10/site-packages/airflow/example_dags/example_setup_teardown_taskflow.py
[2026-03-10T23:22:21.033+0530] {processor.py:840} INFO - DAG(s) 'example_setup_teardown_taskflow' retrieved from /home/sathya/projects/training-kit/.venv-airflow/lib/python3.10/site-packages/airflow/example_dags/example_setup_teardown_taskflow.py
[2026-03-10T23:22:21.066+0530] {logging_mixin.py:188} INFO - [2026-03-10T23:22:21.066+0530] {dag.py:3089} INFO - Sync 1 DAGs
[2026-03-10T23:22:21.094+0530] {logging_mixin.py:188} INFO - [2026-03-10T23:22:21.094+0530] {dag.py:3947} INFO - Setting next_dagrun for example_setup_teardown_taskflow to 2026-03-10 00:00:00+00:00, run_after=2026-03-11 00:00:00+00:00
[2026-03-10T23:22:21.210+0530] {processor.py:183} INFO - Processing /home/sathya/projects/training-kit/.venv-airflow/lib/python3.10/site-packages/airflow/example_dags/example_setup_teardown_taskflow.py took 0.213 seconds
[2026-03-10T23:24:47.218+0530] {processor.py:161} INFO - Started process (PID=11009) to work on /home/sathya/projects/training-kit/.venv-airflow/lib/python3.10/site-packages/airflow/example_dags/example_setup_teardown_taskflow.py
[2026-03-10T23:24:47.226+0530] {processor.py:830} INFO - Processing file /home/sathya/projects/training-kit/.venv-airflow/lib/python3.10/site-packages/airflow/example_dags/example_setup_teardown_taskflow.py for tasks to queue
[2026-03-10T23:24:47.232+0530] {logging_mixin.py:188} INFO - [2026-03-10T23:24:47.230+0530] {dagbag.py:545} INFO - Filling up the DagBag from /home/sathya/projects/training-kit/.venv-airflow/lib/python3.10/site-packages/airflow/example_dags/example_setup_teardown_taskflow.py
[2026-03-10T23:24:47.265+0530] {processor.py:840} INFO - DAG(s) 'example_setup_teardown_taskflow' retrieved from /home/sathya/projects/training-kit/.venv-airflow/lib/python3.10/site-packages/airflow/example_dags/example_setup_teardown_taskflow.py
[2026-03-10T23:24:47.317+0530] {logging_mixin.py:188} INFO - [2026-03-10T23:24:47.316+0530] {dag.py:3089} INFO - Sync 1 DAGs
[2026-03-10T23:24:47.361+0530] {logging_mixin.py:188} INFO - [2026-03-10T23:24:47.360+0530] {dag.py:3947} INFO - Setting next_dagrun for example_setup_teardown_taskflow to 2026-03-10 00:00:00+00:00, run_after=2026-03-11 00:00:00+00:00
[2026-03-10T23:24:47.440+0530] {processor.py:183} INFO - Processing /home/sathya/projects/training-kit/.venv-airflow/lib/python3.10/site-packages/airflow/example_dags/example_setup_teardown_taskflow.py took 0.241 seconds
[2026-03-10T23:28:55.054+0530] {processor.py:161} INFO - Started process (PID=11812) to work on /home/sathya/projects/training-kit/.venv-airflow/lib/python3.10/site-packages/airflow/example_dags/example_setup_teardown_taskflow.py
[2026-03-10T23:28:55.063+0530] {processor.py:830} INFO - Processing file /home/sathya/projects/training-kit/.venv-airflow/lib/python3.10/site-packages/airflow/example_dags/example_setup_teardown_taskflow.py for tasks to queue
[2026-03-10T23:28:55.065+0530] {logging_mixin.py:188} INFO - [2026-03-10T23:28:55.064+0530] {dagbag.py:545} INFO - Filling up the DagBag from /home/sathya/projects/training-kit/.venv-airflow/lib/python3.10/site-packages/airflow/example_dags/example_setup_teardown_taskflow.py
[2026-03-10T23:28:55.094+0530] {processor.py:840} INFO - DAG(s) 'example_setup_teardown_taskflow' retrieved from /home/sathya/projects/training-kit/.venv-airflow/lib/python3.10/site-packages/airflow/example_dags/example_setup_teardown_taskflow.py
[2026-03-10T23:28:55.154+0530] {logging_mixin.py:188} INFO - [2026-03-10T23:28:55.154+0530] {dag.py:3089} INFO - Sync 1 DAGs
[2026-03-10T23:28:55.209+0530] {logging_mixin.py:188} INFO - [2026-03-10T23:28:55.208+0530] {dag.py:3947} INFO - Setting next_dagrun for example_setup_teardown_taskflow to 2026-03-10 00:00:00+00:00, run_after=2026-03-11 00:00:00+00:00
[2026-03-10T23:28:55.289+0530] {processor.py:183} INFO - Processing /home/sathya/projects/training-kit/.venv-airflow/lib/python3.10/site-packages/airflow/example_dags/example_setup_teardown_taskflow.py took 0.253 seconds
[2026-03-10T23:30:27.599+0530] {processor.py:161} INFO - Started process (PID=12138) to work on /home/sathya/projects/training-kit/.venv-airflow/lib/python3.10/site-packages/airflow/example_dags/example_setup_teardown_taskflow.py
[2026-03-10T23:30:27.609+0530] {processor.py:830} INFO - Processing file /home/sathya/projects/training-kit/.venv-airflow/lib/python3.10/site-packages/airflow/example_dags/example_setup_teardown_taskflow.py for tasks to queue
[2026-03-10T23:30:27.613+0530] {logging_mixin.py:188} INFO - [2026-03-10T23:30:27.612+0530] {dagbag.py:545} INFO - Filling up the DagBag from /home/sathya/projects/training-kit/.venv-airflow/lib/python3.10/site-packages/airflow/example_dags/example_setup_teardown_taskflow.py
[2026-03-10T23:30:27.659+0530] {processor.py:840} INFO - DAG(s) 'example_setup_teardown_taskflow' retrieved from /home/sathya/projects/training-kit/.venv-airflow/lib/python3.10/site-packages/airflow/example_dags/example_setup_teardown_taskflow.py
[2026-03-10T23:30:27.724+0530] {logging_mixin.py:188} INFO - [2026-03-10T23:30:27.724+0530] {dag.py:3089} INFO - Sync 1 DAGs
[2026-03-10T23:30:27.806+0530] {logging_mixin.py:188} INFO - [2026-03-10T23:30:27.805+0530] {dag.py:3947} INFO - Setting next_dagrun for example_setup_teardown_taskflow to 2026-03-10 00:00:00+00:00, run_after=2026-03-11 00:00:00+00:00
[2026-03-10T23:30:27.872+0530] {processor.py:183} INFO - Processing /home/sathya/projects/training-kit/.venv-airflow/lib/python3.10/site-packages/airflow/example_dags/example_setup_teardown_taskflow.py took 0.295 seconds
[2026-03-10T23:45:10.549+0530] {processor.py:161} INFO - Started process (PID=14441) to work on /home/sathya/projects/training-kit/.venv-airflow/lib/python3.10/site-packages/airflow/example_dags/example_setup_teardown_taskflow.py
[2026-03-10T23:45:10.552+0530] {processor.py:830} INFO - Processing file /home/sathya/projects/training-kit/.venv-airflow/lib/python3.10/site-packages/airflow/example_dags/example_setup_teardown_taskflow.py for tasks to queue
[2026-03-10T23:45:10.561+0530] {logging_mixin.py:188} INFO - [2026-03-10T23:45:10.559+0530] {dagbag.py:545} INFO - Filling up the DagBag from /home/sathya/projects/training-kit/.venv-airflow/lib/python3.10/site-packages/airflow/example_dags/example_setup_teardown_taskflow.py
[2026-03-10T23:45:10.614+0530] {processor.py:840} INFO - DAG(s) 'example_setup_teardown_taskflow' retrieved from /home/sathya/projects/training-kit/.venv-airflow/lib/python3.10/site-packages/airflow/example_dags/example_setup_teardown_taskflow.py
[2026-03-10T23:45:10.690+0530] {logging_mixin.py:188} INFO - [2026-03-10T23:45:10.690+0530] {dag.py:3089} INFO - Sync 1 DAGs
[2026-03-10T23:45:10.770+0530] {logging_mixin.py:188} INFO - [2026-03-10T23:45:10.769+0530] {dag.py:3947} INFO - Setting next_dagrun for example_setup_teardown_taskflow to 2026-03-10 00:00:00+00:00, run_after=2026-03-11 00:00:00+00:00
[2026-03-10T23:45:10.846+0530] {processor.py:183} INFO - Processing /home/sathya/projects/training-kit/.venv-airflow/lib/python3.10/site-packages/airflow/example_dags/example_setup_teardown_taskflow.py took 0.329 seconds
[2026-03-10T23:47:41.100+0530] {processor.py:161} INFO - Started process (PID=14730) to work on /home/sathya/projects/training-kit/.venv-airflow/lib/python3.10/site-packages/airflow/example_dags/example_setup_teardown_taskflow.py
[2026-03-10T23:47:41.103+0530] {processor.py:830} INFO - Processing file /home/sathya/projects/training-kit/.venv-airflow/lib/python3.10/site-packages/airflow/example_dags/example_setup_teardown_taskflow.py for tasks to queue
[2026-03-10T23:47:41.106+0530] {logging_mixin.py:188} INFO - [2026-03-10T23:47:41.105+0530] {dagbag.py:545} INFO - Filling up the DagBag from /home/sathya/projects/training-kit/.venv-airflow/lib/python3.10/site-packages/airflow/example_dags/example_setup_teardown_taskflow.py
[2026-03-10T23:47:41.155+0530] {processor.py:840} INFO - DAG(s) 'example_setup_teardown_taskflow' retrieved from /home/sathya/projects/training-kit/.venv-airflow/lib/python3.10/site-packages/airflow/example_dags/example_setup_teardown_taskflow.py
[2026-03-10T23:47:41.207+0530] {logging_mixin.py:188} INFO - [2026-03-10T23:47:41.206+0530] {dag.py:3089} INFO - Sync 1 DAGs
[2026-03-10T23:47:41.253+0530] {logging_mixin.py:188} INFO - [2026-03-10T23:47:41.253+0530] {dag.py:3947} INFO - Setting next_dagrun for example_setup_teardown_taskflow to 2026-03-10 00:00:00+00:00, run_after=2026-03-11 00:00:00+00:00
[2026-03-10T23:47:41.330+0530] {processor.py:183} INFO - Processing /home/sathya/projects/training-kit/.venv-airflow/lib/python3.10/site-packages/airflow/example_dags/example_setup_teardown_taskflow.py took 0.249 seconds
[2026-03-10T23:57:07.323+0530] {processor.py:161} INFO - Started process (PID=16081) to work on /home/sathya/projects/training-kit/.venv-airflow/lib/python3.10/site-packages/airflow/example_dags/example_setup_teardown_taskflow.py
[2026-03-10T23:57:07.326+0530] {processor.py:830} INFO - Processing file /home/sathya/projects/training-kit/.venv-airflow/lib/python3.10/site-packages/airflow/example_dags/example_setup_teardown_taskflow.py for tasks to queue
[2026-03-10T23:57:07.330+0530] {logging_mixin.py:188} INFO - [2026-03-10T23:57:07.328+0530] {dagbag.py:545} INFO - Filling up the DagBag from /home/sathya/projects/training-kit/.venv-airflow/lib/python3.10/site-packages/airflow/example_dags/example_setup_teardown_taskflow.py
[2026-03-10T23:57:07.361+0530] {processor.py:840} INFO - DAG(s) 'example_setup_teardown_taskflow' retrieved from /home/sathya/projects/training-kit/.venv-airflow/lib/python3.10/site-packages/airflow/example_dags/example_setup_teardown_taskflow.py
[2026-03-10T23:57:07.416+0530] {logging_mixin.py:188} INFO - [2026-03-10T23:57:07.416+0530] {dag.py:3089} INFO - Sync 1 DAGs
[2026-03-10T23:57:07.481+0530] {logging_mixin.py:188} INFO - [2026-03-10T23:57:07.479+0530] {dag.py:3947} INFO - Setting next_dagrun for example_setup_teardown_taskflow to 2026-03-10 00:00:00+00:00, run_after=2026-03-11 00:00:00+00:00
[2026-03-10T23:57:07.620+0530] {processor.py:183} INFO - Processing /home/sathya/projects/training-kit/.venv-airflow/lib/python3.10/site-packages/airflow/example_dags/example_setup_teardown_taskflow.py took 0.321 seconds
[2026-03-10T23:58:14.338+0530] {processor.py:161} INFO - Started process (PID=16253) to work on /home/sathya/projects/training-kit/.venv-airflow/lib/python3.10/site-packages/airflow/example_dags/example_setup_teardown_taskflow.py
[2026-03-10T23:58:14.343+0530] {processor.py:830} INFO - Processing file /home/sathya/projects/training-kit/.venv-airflow/lib/python3.10/site-packages/airflow/example_dags/example_setup_teardown_taskflow.py for tasks to queue
[2026-03-10T23:58:14.350+0530] {logging_mixin.py:188} INFO - [2026-03-10T23:58:14.348+0530] {dagbag.py:545} INFO - Filling up the DagBag from /home/sathya/projects/training-kit/.venv-airflow/lib/python3.10/site-packages/airflow/example_dags/example_setup_teardown_taskflow.py
[2026-03-10T23:58:14.384+0530] {processor.py:840} INFO - DAG(s) 'example_setup_teardown_taskflow' retrieved from /home/sathya/projects/training-kit/.venv-airflow/lib/python3.10/site-packages/airflow/example_dags/example_setup_teardown_taskflow.py
[2026-03-10T23:58:14.527+0530] {logging_mixin.py:188} INFO - [2026-03-10T23:58:14.526+0530] {dag.py:3089} INFO - Sync 1 DAGs
[2026-03-10T23:58:14.581+0530] {logging_mixin.py:188} INFO - [2026-03-10T23:58:14.581+0530] {dag.py:3947} INFO - Setting next_dagrun for example_setup_teardown_taskflow to 2026-03-10 00:00:00+00:00, run_after=2026-03-11 00:00:00+00:00
[2026-03-10T23:58:14.668+0530] {processor.py:183} INFO - Processing /home/sathya/projects/training-kit/.venv-airflow/lib/python3.10/site-packages/airflow/example_dags/example_setup_teardown_taskflow.py took 0.358 seconds
