[2026-03-10T22:59:10.713+0530] {processor.py:161} INFO - Started process (PID=4395) to work on /home/sathya/projects/training-kit/.venv-airflow/lib/python3.10/site-packages/airflow/example_dags/example_kubernetes_executor.py
[2026-03-10T22:59:10.715+0530] {processor.py:830} INFO - Processing file /home/sathya/projects/training-kit/.venv-airflow/lib/python3.10/site-packages/airflow/example_dags/example_kubernetes_executor.py for tasks to queue
[2026-03-10T22:59:10.716+0530] {logging_mixin.py:188} INFO - [2026-03-10T22:59:10.716+0530] {dagbag.py:545} INFO - Filling up the DagBag from /home/sathya/projects/training-kit/.venv-airflow/lib/python3.10/site-packages/airflow/example_dags/example_kubernetes_executor.py
[2026-03-10T22:59:10.754+0530] {processor.py:840} INFO - DAG(s) 'example_kubernetes_executor' retrieved from /home/sathya/projects/training-kit/.venv-airflow/lib/python3.10/site-packages/airflow/example_dags/example_kubernetes_executor.py
[2026-03-10T22:59:10.882+0530] {logging_mixin.py:188} INFO - [2026-03-10T22:59:10.882+0530] {dag.py:3089} INFO - Sync 1 DAGs
[2026-03-10T22:59:10.897+0530] {logging_mixin.py:188} INFO - [2026-03-10T22:59:10.897+0530] {dag.py:3947} INFO - Setting next_dagrun for example_kubernetes_executor to None, run_after=None
[2026-03-10T22:59:10.946+0530] {processor.py:183} INFO - Processing /home/sathya/projects/training-kit/.venv-airflow/lib/python3.10/site-packages/airflow/example_dags/example_kubernetes_executor.py took 0.245 seconds
[2026-03-10T23:03:00.434+0530] {processor.py:161} INFO - Started process (PID=5373) to work on /home/sathya/projects/training-kit/.venv-airflow/lib/python3.10/site-packages/airflow/example_dags/example_kubernetes_executor.py
[2026-03-10T23:03:00.436+0530] {processor.py:830} INFO - Processing file /home/sathya/projects/training-kit/.venv-airflow/lib/python3.10/site-packages/airflow/example_dags/example_kubernetes_executor.py for tasks to queue
[2026-03-10T23:03:00.438+0530] {logging_mixin.py:188} INFO - [2026-03-10T23:03:00.437+0530] {dagbag.py:545} INFO - Filling up the DagBag from /home/sathya/projects/training-kit/.venv-airflow/lib/python3.10/site-packages/airflow/example_dags/example_kubernetes_executor.py
[2026-03-10T23:03:00.465+0530] {processor.py:840} INFO - DAG(s) 'example_kubernetes_executor' retrieved from /home/sathya/projects/training-kit/.venv-airflow/lib/python3.10/site-packages/airflow/example_dags/example_kubernetes_executor.py
[2026-03-10T23:03:00.500+0530] {logging_mixin.py:188} INFO - [2026-03-10T23:03:00.499+0530] {dag.py:3089} INFO - Sync 1 DAGs
[2026-03-10T23:03:00.516+0530] {logging_mixin.py:188} INFO - [2026-03-10T23:03:00.516+0530] {dag.py:3947} INFO - Setting next_dagrun for example_kubernetes_executor to None, run_after=None
[2026-03-10T23:03:00.583+0530] {processor.py:183} INFO - Processing /home/sathya/projects/training-kit/.venv-airflow/lib/python3.10/site-packages/airflow/example_dags/example_kubernetes_executor.py took 0.160 seconds
[2026-03-10T23:05:23.716+0530] {processor.py:161} INFO - Started process (PID=5953) to work on /home/sathya/projects/training-kit/.venv-airflow/lib/python3.10/site-packages/airflow/example_dags/example_kubernetes_executor.py
[2026-03-10T23:05:23.724+0530] {processor.py:830} INFO - Processing file /home/sathya/projects/training-kit/.venv-airflow/lib/python3.10/site-packages/airflow/example_dags/example_kubernetes_executor.py for tasks to queue
[2026-03-10T23:05:23.725+0530] {logging_mixin.py:188} INFO - [2026-03-10T23:05:23.725+0530] {dagbag.py:545} INFO - Filling up the DagBag from /home/sathya/projects/training-kit/.venv-airflow/lib/python3.10/site-packages/airflow/example_dags/example_kubernetes_executor.py
[2026-03-10T23:05:23.744+0530] {processor.py:840} INFO - DAG(s) 'example_kubernetes_executor' retrieved from /home/sathya/projects/training-kit/.venv-airflow/lib/python3.10/site-packages/airflow/example_dags/example_kubernetes_executor.py
[2026-03-10T23:05:23.774+0530] {logging_mixin.py:188} INFO - [2026-03-10T23:05:23.773+0530] {dag.py:3089} INFO - Sync 1 DAGs
[2026-03-10T23:05:23.789+0530] {logging_mixin.py:188} INFO - [2026-03-10T23:05:23.789+0530] {dag.py:3947} INFO - Setting next_dagrun for example_kubernetes_executor to None, run_after=None
[2026-03-10T23:05:23.835+0530] {processor.py:183} INFO - Processing /home/sathya/projects/training-kit/.venv-airflow/lib/python3.10/site-packages/airflow/example_dags/example_kubernetes_executor.py took 0.127 seconds
[2026-03-10T23:10:58.737+0530] {processor.py:161} INFO - Started process (PID=7392) to work on /home/sathya/projects/training-kit/.venv-airflow/lib/python3.10/site-packages/airflow/example_dags/example_kubernetes_executor.py
[2026-03-10T23:10:58.740+0530] {processor.py:830} INFO - Processing file /home/sathya/projects/training-kit/.venv-airflow/lib/python3.10/site-packages/airflow/example_dags/example_kubernetes_executor.py for tasks to queue
[2026-03-10T23:10:58.742+0530] {logging_mixin.py:188} INFO - [2026-03-10T23:10:58.741+0530] {dagbag.py:545} INFO - Filling up the DagBag from /home/sathya/projects/training-kit/.venv-airflow/lib/python3.10/site-packages/airflow/example_dags/example_kubernetes_executor.py
[2026-03-10T23:10:58.790+0530] {processor.py:840} INFO - DAG(s) 'example_kubernetes_executor' retrieved from /home/sathya/projects/training-kit/.venv-airflow/lib/python3.10/site-packages/airflow/example_dags/example_kubernetes_executor.py
[2026-03-10T23:10:58.820+0530] {logging_mixin.py:188} INFO - [2026-03-10T23:10:58.820+0530] {dag.py:3089} INFO - Sync 1 DAGs
[2026-03-10T23:10:58.839+0530] {logging_mixin.py:188} INFO - [2026-03-10T23:10:58.839+0530] {dag.py:3947} INFO - Setting next_dagrun for example_kubernetes_executor to None, run_after=None
[2026-03-10T23:10:58.883+0530] {processor.py:183} INFO - Processing /home/sathya/projects/training-kit/.venv-airflow/lib/python3.10/site-packages/airflow/example_dags/example_kubernetes_executor.py took 0.166 seconds
[2026-03-10T23:11:28.030+0530] {processor.py:161} INFO - Started process (PID=7492) to work on /home/sathya/projects/training-kit/.venv-airflow/lib/python3.10/site-packages/airflow/example_dags/example_kubernetes_executor.py
[2026-03-10T23:11:28.031+0530] {processor.py:830} INFO - Processing file /home/sathya/projects/training-kit/.venv-airflow/lib/python3.10/site-packages/airflow/example_dags/example_kubernetes_executor.py for tasks to queue
[2026-03-10T23:11:28.033+0530] {logging_mixin.py:188} INFO - [2026-03-10T23:11:28.033+0530] {dagbag.py:545} INFO - Filling up the DagBag from /home/sathya/projects/training-kit/.venv-airflow/lib/python3.10/site-packages/airflow/example_dags/example_kubernetes_executor.py
[2026-03-10T23:11:28.054+0530] {processor.py:840} INFO - DAG(s) 'example_kubernetes_executor' retrieved from /home/sathya/projects/training-kit/.venv-airflow/lib/python3.10/site-packages/airflow/example_dags/example_kubernetes_executor.py
[2026-03-10T23:11:28.084+0530] {logging_mixin.py:188} INFO - [2026-03-10T23:11:28.084+0530] {dag.py:3089} INFO - Sync 1 DAGs
[2026-03-10T23:11:28.098+0530] {logging_mixin.py:188} INFO - [2026-03-10T23:11:28.098+0530] {dag.py:3947} INFO - Setting next_dagrun for example_kubernetes_executor to None, run_after=None
[2026-03-10T23:11:28.123+0530] {processor.py:183} INFO - Processing /home/sathya/projects/training-kit/.venv-airflow/lib/python3.10/site-packages/airflow/example_dags/example_kubernetes_executor.py took 0.100 seconds
[2026-03-10T23:17:05.146+0530] {processor.py:161} INFO - Started process (PID=8892) to work on /home/sathya/projects/training-kit/.venv-airflow/lib/python3.10/site-packages/airflow/example_dags/example_kubernetes_executor.py
[2026-03-10T23:17:05.153+0530] {processor.py:830} INFO - Processing file /home/sathya/projects/training-kit/.venv-airflow/lib/python3.10/site-packages/airflow/example_dags/example_kubernetes_executor.py for tasks to queue
[2026-03-10T23:17:05.164+0530] {logging_mixin.py:188} INFO - [2026-03-10T23:17:05.159+0530] {dagbag.py:545} INFO - Filling up the DagBag from /home/sathya/projects/training-kit/.venv-airflow/lib/python3.10/site-packages/airflow/example_dags/example_kubernetes_executor.py
[2026-03-10T23:17:05.191+0530] {processor.py:840} INFO - DAG(s) 'example_kubernetes_executor' retrieved from /home/sathya/projects/training-kit/.venv-airflow/lib/python3.10/site-packages/airflow/example_dags/example_kubernetes_executor.py
[2026-03-10T23:17:05.237+0530] {logging_mixin.py:188} INFO - [2026-03-10T23:17:05.236+0530] {dag.py:3089} INFO - Sync 1 DAGs
[2026-03-10T23:17:05.251+0530] {logging_mixin.py:188} INFO - [2026-03-10T23:17:05.251+0530] {dag.py:3947} INFO - Setting next_dagrun for example_kubernetes_executor to None, run_after=None
[2026-03-10T23:17:05.282+0530] {processor.py:183} INFO - Processing /home/sathya/projects/training-kit/.venv-airflow/lib/python3.10/site-packages/airflow/example_dags/example_kubernetes_executor.py took 0.158 seconds
[2026-03-10T23:23:02.907+0530] {processor.py:161} INFO - Started process (PID=10611) to work on /home/sathya/projects/training-kit/.venv-airflow/lib/python3.10/site-packages/airflow/example_dags/example_kubernetes_executor.py
[2026-03-10T23:23:02.910+0530] {processor.py:830} INFO - Processing file /home/sathya/projects/training-kit/.venv-airflow/lib/python3.10/site-packages/airflow/example_dags/example_kubernetes_executor.py for tasks to queue
[2026-03-10T23:23:02.912+0530] {logging_mixin.py:188} INFO - [2026-03-10T23:23:02.911+0530] {dagbag.py:545} INFO - Filling up the DagBag from /home/sathya/projects/training-kit/.venv-airflow/lib/python3.10/site-packages/airflow/example_dags/example_kubernetes_executor.py
[2026-03-10T23:23:02.941+0530] {processor.py:840} INFO - DAG(s) 'example_kubernetes_executor' retrieved from /home/sathya/projects/training-kit/.venv-airflow/lib/python3.10/site-packages/airflow/example_dags/example_kubernetes_executor.py
[2026-03-10T23:23:02.978+0530] {logging_mixin.py:188} INFO - [2026-03-10T23:23:02.978+0530] {dag.py:3089} INFO - Sync 1 DAGs
[2026-03-10T23:23:03.002+0530] {logging_mixin.py:188} INFO - [2026-03-10T23:23:03.001+0530] {dag.py:3947} INFO - Setting next_dagrun for example_kubernetes_executor to None, run_after=None
[2026-03-10T23:23:03.045+0530] {processor.py:183} INFO - Processing /home/sathya/projects/training-kit/.venv-airflow/lib/python3.10/site-packages/airflow/example_dags/example_kubernetes_executor.py took 0.147 seconds
[2026-03-10T23:23:21.431+0530] {processor.py:161} INFO - Started process (PID=10728) to work on /home/sathya/projects/training-kit/.venv-airflow/lib/python3.10/site-packages/airflow/example_dags/example_kubernetes_executor.py
[2026-03-10T23:23:21.433+0530] {processor.py:830} INFO - Processing file /home/sathya/projects/training-kit/.venv-airflow/lib/python3.10/site-packages/airflow/example_dags/example_kubernetes_executor.py for tasks to queue
[2026-03-10T23:23:21.435+0530] {logging_mixin.py:188} INFO - [2026-03-10T23:23:21.434+0530] {dagbag.py:545} INFO - Filling up the DagBag from /home/sathya/projects/training-kit/.venv-airflow/lib/python3.10/site-packages/airflow/example_dags/example_kubernetes_executor.py
[2026-03-10T23:23:21.460+0530] {processor.py:840} INFO - DAG(s) 'example_kubernetes_executor' retrieved from /home/sathya/projects/training-kit/.venv-airflow/lib/python3.10/site-packages/airflow/example_dags/example_kubernetes_executor.py
[2026-03-10T23:23:21.494+0530] {logging_mixin.py:188} INFO - [2026-03-10T23:23:21.494+0530] {dag.py:3089} INFO - Sync 1 DAGs
[2026-03-10T23:23:21.510+0530] {logging_mixin.py:188} INFO - [2026-03-10T23:23:21.510+0530] {dag.py:3947} INFO - Setting next_dagrun for example_kubernetes_executor to None, run_after=None
[2026-03-10T23:23:21.553+0530] {processor.py:183} INFO - Processing /home/sathya/projects/training-kit/.venv-airflow/lib/python3.10/site-packages/airflow/example_dags/example_kubernetes_executor.py took 0.133 seconds
[2026-03-10T23:28:31.419+0530] {processor.py:161} INFO - Started process (PID=11750) to work on /home/sathya/projects/training-kit/.venv-airflow/lib/python3.10/site-packages/airflow/example_dags/example_kubernetes_executor.py
[2026-03-10T23:28:31.423+0530] {processor.py:830} INFO - Processing file /home/sathya/projects/training-kit/.venv-airflow/lib/python3.10/site-packages/airflow/example_dags/example_kubernetes_executor.py for tasks to queue
[2026-03-10T23:28:31.429+0530] {logging_mixin.py:188} INFO - [2026-03-10T23:28:31.428+0530] {dagbag.py:545} INFO - Filling up the DagBag from /home/sathya/projects/training-kit/.venv-airflow/lib/python3.10/site-packages/airflow/example_dags/example_kubernetes_executor.py
[2026-03-10T23:28:31.532+0530] {processor.py:840} INFO - DAG(s) 'example_kubernetes_executor' retrieved from /home/sathya/projects/training-kit/.venv-airflow/lib/python3.10/site-packages/airflow/example_dags/example_kubernetes_executor.py
[2026-03-10T23:28:31.615+0530] {logging_mixin.py:188} INFO - [2026-03-10T23:28:31.614+0530] {dag.py:3089} INFO - Sync 1 DAGs
[2026-03-10T23:28:31.652+0530] {logging_mixin.py:188} INFO - [2026-03-10T23:28:31.652+0530] {dag.py:3947} INFO - Setting next_dagrun for example_kubernetes_executor to None, run_after=None
[2026-03-10T23:28:31.761+0530] {processor.py:183} INFO - Processing /home/sathya/projects/training-kit/.venv-airflow/lib/python3.10/site-packages/airflow/example_dags/example_kubernetes_executor.py took 0.367 seconds
[2026-03-10T23:31:47.663+0530] {processor.py:161} INFO - Started process (PID=12388) to work on /home/sathya/projects/training-kit/.venv-airflow/lib/python3.10/site-packages/airflow/example_dags/example_kubernetes_executor.py
[2026-03-10T23:31:47.667+0530] {processor.py:830} INFO - Processing file /home/sathya/projects/training-kit/.venv-airflow/lib/python3.10/site-packages/airflow/example_dags/example_kubernetes_executor.py for tasks to queue
[2026-03-10T23:31:47.673+0530] {logging_mixin.py:188} INFO - [2026-03-10T23:31:47.672+0530] {dagbag.py:545} INFO - Filling up the DagBag from /home/sathya/projects/training-kit/.venv-airflow/lib/python3.10/site-packages/airflow/example_dags/example_kubernetes_executor.py
[2026-03-10T23:31:47.719+0530] {processor.py:840} INFO - DAG(s) 'example_kubernetes_executor' retrieved from /home/sathya/projects/training-kit/.venv-airflow/lib/python3.10/site-packages/airflow/example_dags/example_kubernetes_executor.py
[2026-03-10T23:31:47.781+0530] {logging_mixin.py:188} INFO - [2026-03-10T23:31:47.780+0530] {dag.py:3089} INFO - Sync 1 DAGs
[2026-03-10T23:31:47.809+0530] {logging_mixin.py:188} INFO - [2026-03-10T23:31:47.808+0530] {dag.py:3947} INFO - Setting next_dagrun for example_kubernetes_executor to None, run_after=None
[2026-03-10T23:31:47.895+0530] {processor.py:183} INFO - Processing /home/sathya/projects/training-kit/.venv-airflow/lib/python3.10/site-packages/airflow/example_dags/example_kubernetes_executor.py took 0.261 seconds
[2026-03-10T23:33:25.568+0530] {processor.py:161} INFO - Started process (PID=12658) to work on /home/sathya/projects/training-kit/.venv-airflow/lib/python3.10/site-packages/airflow/example_dags/example_kubernetes_executor.py
[2026-03-10T23:33:25.578+0530] {processor.py:830} INFO - Processing file /home/sathya/projects/training-kit/.venv-airflow/lib/python3.10/site-packages/airflow/example_dags/example_kubernetes_executor.py for tasks to queue
[2026-03-10T23:33:25.582+0530] {logging_mixin.py:188} INFO - [2026-03-10T23:33:25.581+0530] {dagbag.py:545} INFO - Filling up the DagBag from /home/sathya/projects/training-kit/.venv-airflow/lib/python3.10/site-packages/airflow/example_dags/example_kubernetes_executor.py
[2026-03-10T23:33:25.678+0530] {processor.py:840} INFO - DAG(s) 'example_kubernetes_executor' retrieved from /home/sathya/projects/training-kit/.venv-airflow/lib/python3.10/site-packages/airflow/example_dags/example_kubernetes_executor.py
[2026-03-10T23:33:25.772+0530] {logging_mixin.py:188} INFO - [2026-03-10T23:33:25.771+0530] {dag.py:3089} INFO - Sync 1 DAGs
[2026-03-10T23:33:25.818+0530] {logging_mixin.py:188} INFO - [2026-03-10T23:33:25.817+0530] {dag.py:3947} INFO - Setting next_dagrun for example_kubernetes_executor to None, run_after=None
[2026-03-10T23:33:26.154+0530] {processor.py:183} INFO - Processing /home/sathya/projects/training-kit/.venv-airflow/lib/python3.10/site-packages/airflow/example_dags/example_kubernetes_executor.py took 0.614 seconds
[2026-03-10T23:49:02.814+0530] {processor.py:161} INFO - Started process (PID=14902) to work on /home/sathya/projects/training-kit/.venv-airflow/lib/python3.10/site-packages/airflow/example_dags/example_kubernetes_executor.py
[2026-03-10T23:49:02.818+0530] {processor.py:830} INFO - Processing file /home/sathya/projects/training-kit/.venv-airflow/lib/python3.10/site-packages/airflow/example_dags/example_kubernetes_executor.py for tasks to queue
[2026-03-10T23:49:02.823+0530] {logging_mixin.py:188} INFO - [2026-03-10T23:49:02.822+0530] {dagbag.py:545} INFO - Filling up the DagBag from /home/sathya/projects/training-kit/.venv-airflow/lib/python3.10/site-packages/airflow/example_dags/example_kubernetes_executor.py
[2026-03-10T23:49:02.924+0530] {processor.py:840} INFO - DAG(s) 'example_kubernetes_executor' retrieved from /home/sathya/projects/training-kit/.venv-airflow/lib/python3.10/site-packages/airflow/example_dags/example_kubernetes_executor.py
[2026-03-10T23:49:03.007+0530] {logging_mixin.py:188} INFO - [2026-03-10T23:49:03.006+0530] {dag.py:3089} INFO - Sync 1 DAGs
[2026-03-10T23:49:03.036+0530] {logging_mixin.py:188} INFO - [2026-03-10T23:49:03.036+0530] {dag.py:3947} INFO - Setting next_dagrun for example_kubernetes_executor to None, run_after=None
[2026-03-10T23:49:03.143+0530] {processor.py:183} INFO - Processing /home/sathya/projects/training-kit/.venv-airflow/lib/python3.10/site-packages/airflow/example_dags/example_kubernetes_executor.py took 0.344 seconds
[2026-03-10T23:49:44.642+0530] {processor.py:161} INFO - Started process (PID=15021) to work on /home/sathya/projects/training-kit/.venv-airflow/lib/python3.10/site-packages/airflow/example_dags/example_kubernetes_executor.py
[2026-03-10T23:49:44.646+0530] {processor.py:830} INFO - Processing file /home/sathya/projects/training-kit/.venv-airflow/lib/python3.10/site-packages/airflow/example_dags/example_kubernetes_executor.py for tasks to queue
[2026-03-10T23:49:44.649+0530] {logging_mixin.py:188} INFO - [2026-03-10T23:49:44.648+0530] {dagbag.py:545} INFO - Filling up the DagBag from /home/sathya/projects/training-kit/.venv-airflow/lib/python3.10/site-packages/airflow/example_dags/example_kubernetes_executor.py
[2026-03-10T23:49:44.718+0530] {processor.py:840} INFO - DAG(s) 'example_kubernetes_executor' retrieved from /home/sathya/projects/training-kit/.venv-airflow/lib/python3.10/site-packages/airflow/example_dags/example_kubernetes_executor.py
[2026-03-10T23:49:44.785+0530] {logging_mixin.py:188} INFO - [2026-03-10T23:49:44.785+0530] {dag.py:3089} INFO - Sync 1 DAGs
[2026-03-10T23:49:44.816+0530] {logging_mixin.py:188} INFO - [2026-03-10T23:49:44.815+0530] {dag.py:3947} INFO - Setting next_dagrun for example_kubernetes_executor to None, run_after=None
[2026-03-10T23:49:42.454+0530] {processor.py:183} INFO - Processing /home/sathya/projects/training-kit/.venv-airflow/lib/python3.10/site-packages/airflow/example_dags/example_kubernetes_executor.py took 0.283 seconds
[2026-03-11T00:01:59.140+0530] {processor.py:161} INFO - Started process (PID=16759) to work on /home/sathya/projects/training-kit/.venv-airflow/lib/python3.10/site-packages/airflow/example_dags/example_kubernetes_executor.py
[2026-03-11T00:01:59.143+0530] {processor.py:830} INFO - Processing file /home/sathya/projects/training-kit/.venv-airflow/lib/python3.10/site-packages/airflow/example_dags/example_kubernetes_executor.py for tasks to queue
[2026-03-11T00:01:59.145+0530] {logging_mixin.py:188} INFO - [2026-03-11T00:01:59.145+0530] {dagbag.py:545} INFO - Filling up the DagBag from /home/sathya/projects/training-kit/.venv-airflow/lib/python3.10/site-packages/airflow/example_dags/example_kubernetes_executor.py
[2026-03-11T00:01:59.205+0530] {processor.py:840} INFO - DAG(s) 'example_kubernetes_executor' retrieved from /home/sathya/projects/training-kit/.venv-airflow/lib/python3.10/site-packages/airflow/example_dags/example_kubernetes_executor.py
[2026-03-11T00:01:59.272+0530] {logging_mixin.py:188} INFO - [2026-03-11T00:01:59.271+0530] {dag.py:3089} INFO - Sync 1 DAGs
[2026-03-11T00:01:59.302+0530] {logging_mixin.py:188} INFO - [2026-03-11T00:01:59.301+0530] {dag.py:3947} INFO - Setting next_dagrun for example_kubernetes_executor to None, run_after=None
[2026-03-11T00:01:59.366+0530] {processor.py:183} INFO - Processing /home/sathya/projects/training-kit/.venv-airflow/lib/python3.10/site-packages/airflow/example_dags/example_kubernetes_executor.py took 0.243 seconds
[2026-03-11T00:04:36.859+0530] {processor.py:161} INFO - Started process (PID=17121) to work on /home/sathya/projects/training-kit/.venv-airflow/lib/python3.10/site-packages/airflow/example_dags/example_kubernetes_executor.py
[2026-03-11T00:04:36.862+0530] {processor.py:830} INFO - Processing file /home/sathya/projects/training-kit/.venv-airflow/lib/python3.10/site-packages/airflow/example_dags/example_kubernetes_executor.py for tasks to queue
[2026-03-11T00:04:36.869+0530] {logging_mixin.py:188} INFO - [2026-03-11T00:04:36.867+0530] {dagbag.py:545} INFO - Filling up the DagBag from /home/sathya/projects/training-kit/.venv-airflow/lib/python3.10/site-packages/airflow/example_dags/example_kubernetes_executor.py
[2026-03-11T00:04:36.946+0530] {processor.py:840} INFO - DAG(s) 'example_kubernetes_executor' retrieved from /home/sathya/projects/training-kit/.venv-airflow/lib/python3.10/site-packages/airflow/example_dags/example_kubernetes_executor.py
[2026-03-11T00:04:37.013+0530] {logging_mixin.py:188} INFO - [2026-03-11T00:04:37.012+0530] {dag.py:3089} INFO - Sync 1 DAGs
[2026-03-11T00:04:37.042+0530] {logging_mixin.py:188} INFO - [2026-03-11T00:04:37.041+0530] {dag.py:3947} INFO - Setting next_dagrun for example_kubernetes_executor to None, run_after=None
[2026-03-11T00:04:37.124+0530] {processor.py:183} INFO - Processing /home/sathya/projects/training-kit/.venv-airflow/lib/python3.10/site-packages/airflow/example_dags/example_kubernetes_executor.py took 0.283 seconds
