[2026-03-10T23:00:37.347+0530] {processor.py:161} INFO - Started process (PID=4745) to work on /home/sathya/projects/training-kit/.venv-airflow/lib/python3.10/site-packages/airflow/example_dags/example_dag_decorator.py
[2026-03-10T23:00:37.348+0530] {processor.py:830} INFO - Processing file /home/sathya/projects/training-kit/.venv-airflow/lib/python3.10/site-packages/airflow/example_dags/example_dag_decorator.py for tasks to queue
[2026-03-10T23:00:37.348+0530] {logging_mixin.py:188} INFO - [2026-03-10T23:00:37.348+0530] {dagbag.py:545} INFO - Filling up the DagBag from /home/sathya/projects/training-kit/.venv-airflow/lib/python3.10/site-packages/airflow/example_dags/example_dag_decorator.py
[2026-03-10T23:00:37.491+0530] {processor.py:840} INFO - DAG(s) 'example_dag_decorator' retrieved from /home/sathya/projects/training-kit/.venv-airflow/lib/python3.10/site-packages/airflow/example_dags/example_dag_decorator.py
[2026-03-10T23:00:37.655+0530] {logging_mixin.py:188} INFO - [2026-03-10T23:00:37.654+0530] {dag.py:3089} INFO - Sync 1 DAGs
[2026-03-10T23:00:37.674+0530] {logging_mixin.py:188} INFO - [2026-03-10T23:00:37.673+0530] {dag.py:3947} INFO - Setting next_dagrun for example_dag_decorator to None, run_after=None
[2026-03-10T23:00:37.722+0530] {processor.py:183} INFO - Processing /home/sathya/projects/training-kit/.venv-airflow/lib/python3.10/site-packages/airflow/example_dags/example_dag_decorator.py took 0.387 seconds
[2026-03-10T23:04:39.867+0530] {processor.py:161} INFO - Started process (PID=5772) to work on /home/sathya/projects/training-kit/.venv-airflow/lib/python3.10/site-packages/airflow/example_dags/example_dag_decorator.py
[2026-03-10T23:04:39.877+0530] {processor.py:830} INFO - Processing file /home/sathya/projects/training-kit/.venv-airflow/lib/python3.10/site-packages/airflow/example_dags/example_dag_decorator.py for tasks to queue
[2026-03-10T23:04:39.879+0530] {logging_mixin.py:188} INFO - [2026-03-10T23:04:39.879+0530] {dagbag.py:545} INFO - Filling up the DagBag from /home/sathya/projects/training-kit/.venv-airflow/lib/python3.10/site-packages/airflow/example_dags/example_dag_decorator.py
[2026-03-10T23:04:39.997+0530] {processor.py:840} INFO - DAG(s) 'example_dag_decorator' retrieved from /home/sathya/projects/training-kit/.venv-airflow/lib/python3.10/site-packages/airflow/example_dags/example_dag_decorator.py
[2026-03-10T23:04:40.130+0530] {logging_mixin.py:188} INFO - [2026-03-10T23:04:40.130+0530] {dag.py:3089} INFO - Sync 1 DAGs
[2026-03-10T23:04:40.147+0530] {logging_mixin.py:188} INFO - [2026-03-10T23:04:40.146+0530] {dag.py:3947} INFO - Setting next_dagrun for example_dag_decorator to None, run_after=None
[2026-03-10T23:04:40.199+0530] {processor.py:183} INFO - Processing /home/sathya/projects/training-kit/.venv-airflow/lib/python3.10/site-packages/airflow/example_dags/example_dag_decorator.py took 0.385 seconds
[2026-03-10T23:12:11.627+0530] {processor.py:161} INFO - Started process (PID=7715) to work on /home/sathya/projects/training-kit/.venv-airflow/lib/python3.10/site-packages/airflow/example_dags/example_dag_decorator.py
[2026-03-10T23:12:11.629+0530] {processor.py:830} INFO - Processing file /home/sathya/projects/training-kit/.venv-airflow/lib/python3.10/site-packages/airflow/example_dags/example_dag_decorator.py for tasks to queue
[2026-03-10T23:12:11.630+0530] {logging_mixin.py:188} INFO - [2026-03-10T23:12:11.630+0530] {dagbag.py:545} INFO - Filling up the DagBag from /home/sathya/projects/training-kit/.venv-airflow/lib/python3.10/site-packages/airflow/example_dags/example_dag_decorator.py
[2026-03-10T23:12:11.771+0530] {processor.py:840} INFO - DAG(s) 'example_dag_decorator' retrieved from /home/sathya/projects/training-kit/.venv-airflow/lib/python3.10/site-packages/airflow/example_dags/example_dag_decorator.py
[2026-03-10T23:12:11.903+0530] {logging_mixin.py:188} INFO - [2026-03-10T23:12:11.903+0530] {dag.py:3089} INFO - Sync 1 DAGs
[2026-03-10T23:12:11.917+0530] {logging_mixin.py:188} INFO - [2026-03-10T23:12:11.916+0530] {dag.py:3947} INFO - Setting next_dagrun for example_dag_decorator to None, run_after=None
[2026-03-10T23:12:11.952+0530] {processor.py:183} INFO - Processing /home/sathya/projects/training-kit/.venv-airflow/lib/python3.10/site-packages/airflow/example_dags/example_dag_decorator.py took 0.333 seconds
[2026-03-10T23:17:45.665+0530] {processor.py:161} INFO - Started process (PID=9068) to work on /home/sathya/projects/training-kit/.venv-airflow/lib/python3.10/site-packages/airflow/example_dags/example_dag_decorator.py
[2026-03-10T23:17:45.667+0530] {processor.py:830} INFO - Processing file /home/sathya/projects/training-kit/.venv-airflow/lib/python3.10/site-packages/airflow/example_dags/example_dag_decorator.py for tasks to queue
[2026-03-10T23:17:45.669+0530] {logging_mixin.py:188} INFO - [2026-03-10T23:17:45.668+0530] {dagbag.py:545} INFO - Filling up the DagBag from /home/sathya/projects/training-kit/.venv-airflow/lib/python3.10/site-packages/airflow/example_dags/example_dag_decorator.py
[2026-03-10T23:17:45.877+0530] {processor.py:840} INFO - DAG(s) 'example_dag_decorator' retrieved from /home/sathya/projects/training-kit/.venv-airflow/lib/python3.10/site-packages/airflow/example_dags/example_dag_decorator.py
[2026-03-10T23:17:46.758+0530] {logging_mixin.py:188} INFO - [2026-03-10T23:17:46.758+0530] {dag.py:3089} INFO - Sync 1 DAGs
[2026-03-10T23:17:46.772+0530] {logging_mixin.py:188} INFO - [2026-03-10T23:17:46.771+0530] {dag.py:3947} INFO - Setting next_dagrun for example_dag_decorator to None, run_after=None
[2026-03-10T23:17:46.860+0530] {processor.py:183} INFO - Processing /home/sathya/projects/training-kit/.venv-airflow/lib/python3.10/site-packages/airflow/example_dags/example_dag_decorator.py took 1.211 seconds
[2026-03-10T23:24:03.672+0530] {processor.py:161} INFO - Started process (PID=10872) to work on /home/sathya/projects/training-kit/.venv-airflow/lib/python3.10/site-packages/airflow/example_dags/example_dag_decorator.py
[2026-03-10T23:24:03.677+0530] {processor.py:830} INFO - Processing file /home/sathya/projects/training-kit/.venv-airflow/lib/python3.10/site-packages/airflow/example_dags/example_dag_decorator.py for tasks to queue
[2026-03-10T23:24:03.681+0530] {logging_mixin.py:188} INFO - [2026-03-10T23:24:03.679+0530] {dagbag.py:545} INFO - Filling up the DagBag from /home/sathya/projects/training-kit/.venv-airflow/lib/python3.10/site-packages/airflow/example_dags/example_dag_decorator.py
[2026-03-10T23:24:04.344+0530] {processor.py:840} INFO - DAG(s) 'example_dag_decorator' retrieved from /home/sathya/projects/training-kit/.venv-airflow/lib/python3.10/site-packages/airflow/example_dags/example_dag_decorator.py
[2026-03-10T23:24:04.751+0530] {logging_mixin.py:188} INFO - [2026-03-10T23:24:04.750+0530] {dag.py:3089} INFO - Sync 1 DAGs
[2026-03-10T23:24:04.812+0530] {logging_mixin.py:188} INFO - [2026-03-10T23:24:04.812+0530] {dag.py:3947} INFO - Setting next_dagrun for example_dag_decorator to None, run_after=None
[2026-03-10T23:24:04.931+0530] {processor.py:183} INFO - Processing /home/sathya/projects/training-kit/.venv-airflow/lib/python3.10/site-packages/airflow/example_dags/example_dag_decorator.py took 1.291 seconds
[2026-03-10T23:25:21.329+0530] {processor.py:161} INFO - Started process (PID=11136) to work on /home/sathya/projects/training-kit/.venv-airflow/lib/python3.10/site-packages/airflow/example_dags/example_dag_decorator.py
[2026-03-10T23:25:21.332+0530] {processor.py:830} INFO - Processing file /home/sathya/projects/training-kit/.venv-airflow/lib/python3.10/site-packages/airflow/example_dags/example_dag_decorator.py for tasks to queue
[2026-03-10T23:25:21.335+0530] {logging_mixin.py:188} INFO - [2026-03-10T23:25:21.334+0530] {dagbag.py:545} INFO - Filling up the DagBag from /home/sathya/projects/training-kit/.venv-airflow/lib/python3.10/site-packages/airflow/example_dags/example_dag_decorator.py
[2026-03-10T23:25:21.577+0530] {processor.py:840} INFO - DAG(s) 'example_dag_decorator' retrieved from /home/sathya/projects/training-kit/.venv-airflow/lib/python3.10/site-packages/airflow/example_dags/example_dag_decorator.py
[2026-03-10T23:25:22.119+0530] {logging_mixin.py:188} INFO - [2026-03-10T23:25:22.119+0530] {dag.py:3089} INFO - Sync 1 DAGs
[2026-03-10T23:25:22.147+0530] {logging_mixin.py:188} INFO - [2026-03-10T23:25:22.146+0530] {dag.py:3947} INFO - Setting next_dagrun for example_dag_decorator to None, run_after=None
[2026-03-10T23:25:22.223+0530] {processor.py:183} INFO - Processing /home/sathya/projects/training-kit/.venv-airflow/lib/python3.10/site-packages/airflow/example_dags/example_dag_decorator.py took 0.911 seconds
[2026-03-10T23:33:11.812+0530] {processor.py:161} INFO - Started process (PID=12613) to work on /home/sathya/projects/training-kit/.venv-airflow/lib/python3.10/site-packages/airflow/example_dags/example_dag_decorator.py
[2026-03-10T23:33:11.821+0530] {processor.py:830} INFO - Processing file /home/sathya/projects/training-kit/.venv-airflow/lib/python3.10/site-packages/airflow/example_dags/example_dag_decorator.py for tasks to queue
[2026-03-10T23:33:11.826+0530] {logging_mixin.py:188} INFO - [2026-03-10T23:33:11.825+0530] {dagbag.py:545} INFO - Filling up the DagBag from /home/sathya/projects/training-kit/.venv-airflow/lib/python3.10/site-packages/airflow/example_dags/example_dag_decorator.py
[2026-03-10T23:33:12.175+0530] {processor.py:840} INFO - DAG(s) 'example_dag_decorator' retrieved from /home/sathya/projects/training-kit/.venv-airflow/lib/python3.10/site-packages/airflow/example_dags/example_dag_decorator.py
[2026-03-10T23:33:12.432+0530] {logging_mixin.py:188} INFO - [2026-03-10T23:33:12.432+0530] {dag.py:3089} INFO - Sync 1 DAGs
[2026-03-10T23:33:12.459+0530] {logging_mixin.py:188} INFO - [2026-03-10T23:33:12.459+0530] {dag.py:3947} INFO - Setting next_dagrun for example_dag_decorator to None, run_after=None
[2026-03-10T23:33:12.536+0530] {processor.py:183} INFO - Processing /home/sathya/projects/training-kit/.venv-airflow/lib/python3.10/site-packages/airflow/example_dags/example_dag_decorator.py took 0.746 seconds
[2026-03-10T23:35:43.550+0530] {processor.py:161} INFO - Started process (PID=13161) to work on /home/sathya/projects/training-kit/.venv-airflow/lib/python3.10/site-packages/airflow/example_dags/example_dag_decorator.py
[2026-03-10T23:35:43.558+0530] {processor.py:830} INFO - Processing file /home/sathya/projects/training-kit/.venv-airflow/lib/python3.10/site-packages/airflow/example_dags/example_dag_decorator.py for tasks to queue
[2026-03-10T23:35:43.560+0530] {logging_mixin.py:188} INFO - [2026-03-10T23:35:43.559+0530] {dagbag.py:545} INFO - Filling up the DagBag from /home/sathya/projects/training-kit/.venv-airflow/lib/python3.10/site-packages/airflow/example_dags/example_dag_decorator.py
[2026-03-10T23:35:44.029+0530] {processor.py:840} INFO - DAG(s) 'example_dag_decorator' retrieved from /home/sathya/projects/training-kit/.venv-airflow/lib/python3.10/site-packages/airflow/example_dags/example_dag_decorator.py
[2026-03-10T23:35:44.361+0530] {logging_mixin.py:188} INFO - [2026-03-10T23:35:44.360+0530] {dag.py:3089} INFO - Sync 1 DAGs
[2026-03-10T23:35:44.393+0530] {logging_mixin.py:188} INFO - [2026-03-10T23:35:44.392+0530] {dag.py:3947} INFO - Setting next_dagrun for example_dag_decorator to None, run_after=None
[2026-03-10T23:35:44.494+0530] {processor.py:183} INFO - Processing /home/sathya/projects/training-kit/.venv-airflow/lib/python3.10/site-packages/airflow/example_dags/example_dag_decorator.py took 0.980 seconds
[2026-03-10T23:36:26.471+0530] {processor.py:161} INFO - Started process (PID=13278) to work on /home/sathya/projects/training-kit/.venv-airflow/lib/python3.10/site-packages/airflow/example_dags/example_dag_decorator.py
[2026-03-10T23:36:26.476+0530] {processor.py:830} INFO - Processing file /home/sathya/projects/training-kit/.venv-airflow/lib/python3.10/site-packages/airflow/example_dags/example_dag_decorator.py for tasks to queue
[2026-03-10T23:36:26.478+0530] {logging_mixin.py:188} INFO - [2026-03-10T23:36:26.477+0530] {dagbag.py:545} INFO - Filling up the DagBag from /home/sathya/projects/training-kit/.venv-airflow/lib/python3.10/site-packages/airflow/example_dags/example_dag_decorator.py
[2026-03-10T23:36:27.093+0530] {processor.py:840} INFO - DAG(s) 'example_dag_decorator' retrieved from /home/sathya/projects/training-kit/.venv-airflow/lib/python3.10/site-packages/airflow/example_dags/example_dag_decorator.py
[2026-03-10T23:36:27.392+0530] {logging_mixin.py:188} INFO - [2026-03-10T23:36:27.392+0530] {dag.py:3089} INFO - Sync 1 DAGs
[2026-03-10T23:36:27.417+0530] {logging_mixin.py:188} INFO - [2026-03-10T23:36:27.416+0530] {dag.py:3947} INFO - Setting next_dagrun for example_dag_decorator to None, run_after=None
[2026-03-10T23:36:27.488+0530] {processor.py:183} INFO - Processing /home/sathya/projects/training-kit/.venv-airflow/lib/python3.10/site-packages/airflow/example_dags/example_dag_decorator.py took 1.038 seconds
[2026-03-10T23:52:08.000+0530] {processor.py:161} INFO - Started process (PID=15343) to work on /home/sathya/projects/training-kit/.venv-airflow/lib/python3.10/site-packages/airflow/example_dags/example_dag_decorator.py
[2026-03-10T23:52:08.005+0530] {processor.py:830} INFO - Processing file /home/sathya/projects/training-kit/.venv-airflow/lib/python3.10/site-packages/airflow/example_dags/example_dag_decorator.py for tasks to queue
[2026-03-10T23:52:08.010+0530] {logging_mixin.py:188} INFO - [2026-03-10T23:52:08.009+0530] {dagbag.py:545} INFO - Filling up the DagBag from /home/sathya/projects/training-kit/.venv-airflow/lib/python3.10/site-packages/airflow/example_dags/example_dag_decorator.py
[2026-03-10T23:52:08.454+0530] {processor.py:840} INFO - DAG(s) 'example_dag_decorator' retrieved from /home/sathya/projects/training-kit/.venv-airflow/lib/python3.10/site-packages/airflow/example_dags/example_dag_decorator.py
[2026-03-10T23:52:08.691+0530] {logging_mixin.py:188} INFO - [2026-03-10T23:52:08.691+0530] {dag.py:3089} INFO - Sync 1 DAGs
[2026-03-10T23:52:10.542+0530] {logging_mixin.py:188} INFO - [2026-03-10T23:52:10.542+0530] {dag.py:3947} INFO - Setting next_dagrun for example_dag_decorator to None, run_after=None
[2026-03-10T23:52:10.611+0530] {processor.py:183} INFO - Processing /home/sathya/projects/training-kit/.venv-airflow/lib/python3.10/site-packages/airflow/example_dags/example_dag_decorator.py took 2.625 seconds
[2026-03-10T23:52:16.665+0530] {processor.py:161} INFO - Started process (PID=15367) to work on /home/sathya/projects/training-kit/.venv-airflow/lib/python3.10/site-packages/airflow/example_dags/example_dag_decorator.py
[2026-03-10T23:52:16.667+0530] {processor.py:830} INFO - Processing file /home/sathya/projects/training-kit/.venv-airflow/lib/python3.10/site-packages/airflow/example_dags/example_dag_decorator.py for tasks to queue
[2026-03-10T23:52:16.670+0530] {logging_mixin.py:188} INFO - [2026-03-10T23:52:16.669+0530] {dagbag.py:545} INFO - Filling up the DagBag from /home/sathya/projects/training-kit/.venv-airflow/lib/python3.10/site-packages/airflow/example_dags/example_dag_decorator.py
[2026-03-10T23:52:17.079+0530] {processor.py:840} INFO - DAG(s) 'example_dag_decorator' retrieved from /home/sathya/projects/training-kit/.venv-airflow/lib/python3.10/site-packages/airflow/example_dags/example_dag_decorator.py
[2026-03-10T23:52:17.108+0530] {logging_mixin.py:188} INFO - [2026-03-10T23:52:17.107+0530] {dag.py:3089} INFO - Sync 1 DAGs
[2026-03-10T23:52:17.142+0530] {logging_mixin.py:188} INFO - [2026-03-10T23:52:17.142+0530] {dag.py:3947} INFO - Setting next_dagrun for example_dag_decorator to None, run_after=None
[2026-03-10T23:52:17.209+0530] {processor.py:183} INFO - Processing /home/sathya/projects/training-kit/.venv-airflow/lib/python3.10/site-packages/airflow/example_dags/example_dag_decorator.py took 0.562 seconds
[2026-03-11T00:03:39.856+0530] {processor.py:161} INFO - Started process (PID=17003) to work on /home/sathya/projects/training-kit/.venv-airflow/lib/python3.10/site-packages/airflow/example_dags/example_dag_decorator.py
[2026-03-11T00:03:39.860+0530] {processor.py:830} INFO - Processing file /home/sathya/projects/training-kit/.venv-airflow/lib/python3.10/site-packages/airflow/example_dags/example_dag_decorator.py for tasks to queue
[2026-03-11T00:03:39.863+0530] {logging_mixin.py:188} INFO - [2026-03-11T00:03:39.862+0530] {dagbag.py:545} INFO - Filling up the DagBag from /home/sathya/projects/training-kit/.venv-airflow/lib/python3.10/site-packages/airflow/example_dags/example_dag_decorator.py
[2026-03-11T00:03:40.339+0530] {processor.py:840} INFO - DAG(s) 'example_dag_decorator' retrieved from /home/sathya/projects/training-kit/.venv-airflow/lib/python3.10/site-packages/airflow/example_dags/example_dag_decorator.py
[2026-03-11T00:03:40.737+0530] {logging_mixin.py:188} INFO - [2026-03-11T00:03:40.737+0530] {dag.py:3089} INFO - Sync 1 DAGs
[2026-03-11T00:03:40.772+0530] {logging_mixin.py:188} INFO - [2026-03-11T00:03:40.772+0530] {dag.py:3947} INFO - Setting next_dagrun for example_dag_decorator to None, run_after=None
[2026-03-11T00:03:40.871+0530] {processor.py:183} INFO - Processing /home/sathya/projects/training-kit/.venv-airflow/lib/python3.10/site-packages/airflow/example_dags/example_dag_decorator.py took 1.037 seconds
