[2026-03-10T22:57:48.479+0530] {processor.py:161} INFO - Started process (PID=4077) to work on /home/sathya/projects/training-kit/.venv-airflow/lib/python3.10/site-packages/airflow/example_dags/example_latest_only_with_trigger.py
[2026-03-10T22:57:48.480+0530] {processor.py:830} INFO - Processing file /home/sathya/projects/training-kit/.venv-airflow/lib/python3.10/site-packages/airflow/example_dags/example_latest_only_with_trigger.py for tasks to queue
[2026-03-10T22:57:48.482+0530] {logging_mixin.py:188} INFO - [2026-03-10T22:57:48.481+0530] {dagbag.py:545} INFO - Filling up the DagBag from /home/sathya/projects/training-kit/.venv-airflow/lib/python3.10/site-packages/airflow/example_dags/example_latest_only_with_trigger.py
[2026-03-10T22:57:48.492+0530] {processor.py:840} INFO - DAG(s) 'latest_only_with_trigger' retrieved from /home/sathya/projects/training-kit/.venv-airflow/lib/python3.10/site-packages/airflow/example_dags/example_latest_only_with_trigger.py
[2026-03-10T22:57:48.605+0530] {logging_mixin.py:188} INFO - [2026-03-10T22:57:48.604+0530] {dag.py:3089} INFO - Sync 1 DAGs
[2026-03-10T22:57:48.625+0530] {logging_mixin.py:188} INFO - [2026-03-10T22:57:48.624+0530] {dag.py:3947} INFO - Setting next_dagrun for latest_only_with_trigger to 2026-03-10 16:00:00+00:00, run_after=2026-03-10 20:00:00+00:00
[2026-03-10T22:57:48.668+0530] {processor.py:183} INFO - Processing /home/sathya/projects/training-kit/.venv-airflow/lib/python3.10/site-packages/airflow/example_dags/example_latest_only_with_trigger.py took 0.200 seconds
[2026-03-10T23:00:23.263+0530] {processor.py:161} INFO - Started process (PID=4674) to work on /home/sathya/projects/training-kit/.venv-airflow/lib/python3.10/site-packages/airflow/example_dags/example_latest_only_with_trigger.py
[2026-03-10T23:00:23.264+0530] {processor.py:830} INFO - Processing file /home/sathya/projects/training-kit/.venv-airflow/lib/python3.10/site-packages/airflow/example_dags/example_latest_only_with_trigger.py for tasks to queue
[2026-03-10T23:00:23.267+0530] {logging_mixin.py:188} INFO - [2026-03-10T23:00:23.266+0530] {dagbag.py:545} INFO - Filling up the DagBag from /home/sathya/projects/training-kit/.venv-airflow/lib/python3.10/site-packages/airflow/example_dags/example_latest_only_with_trigger.py
[2026-03-10T23:00:23.273+0530] {processor.py:840} INFO - DAG(s) 'latest_only_with_trigger' retrieved from /home/sathya/projects/training-kit/.venv-airflow/lib/python3.10/site-packages/airflow/example_dags/example_latest_only_with_trigger.py
[2026-03-10T23:00:23.295+0530] {logging_mixin.py:188} INFO - [2026-03-10T23:00:23.295+0530] {dag.py:3089} INFO - Sync 1 DAGs
[2026-03-10T23:00:23.316+0530] {logging_mixin.py:188} INFO - [2026-03-10T23:00:23.316+0530] {dag.py:3947} INFO - Setting next_dagrun for latest_only_with_trigger to 2026-03-10 16:00:00+00:00, run_after=2026-03-10 20:00:00+00:00
[2026-03-10T23:00:23.346+0530] {processor.py:183} INFO - Processing /home/sathya/projects/training-kit/.venv-airflow/lib/python3.10/site-packages/airflow/example_dags/example_latest_only_with_trigger.py took 0.092 seconds
[2026-03-10T23:03:32.582+0530] {processor.py:161} INFO - Started process (PID=5477) to work on /home/sathya/projects/training-kit/.venv-airflow/lib/python3.10/site-packages/airflow/example_dags/example_latest_only_with_trigger.py
[2026-03-10T23:03:32.584+0530] {processor.py:830} INFO - Processing file /home/sathya/projects/training-kit/.venv-airflow/lib/python3.10/site-packages/airflow/example_dags/example_latest_only_with_trigger.py for tasks to queue
[2026-03-10T23:03:32.585+0530] {logging_mixin.py:188} INFO - [2026-03-10T23:03:32.585+0530] {dagbag.py:545} INFO - Filling up the DagBag from /home/sathya/projects/training-kit/.venv-airflow/lib/python3.10/site-packages/airflow/example_dags/example_latest_only_with_trigger.py
[2026-03-10T23:03:32.598+0530] {processor.py:840} INFO - DAG(s) 'latest_only_with_trigger' retrieved from /home/sathya/projects/training-kit/.venv-airflow/lib/python3.10/site-packages/airflow/example_dags/example_latest_only_with_trigger.py
[2026-03-10T23:03:32.628+0530] {logging_mixin.py:188} INFO - [2026-03-10T23:03:32.628+0530] {dag.py:3089} INFO - Sync 1 DAGs
[2026-03-10T23:03:32.674+0530] {logging_mixin.py:188} INFO - [2026-03-10T23:03:32.673+0530] {dag.py:3947} INFO - Setting next_dagrun for latest_only_with_trigger to 2026-03-10 16:00:00+00:00, run_after=2026-03-10 20:00:00+00:00
[2026-03-10T23:03:32.739+0530] {processor.py:183} INFO - Processing /home/sathya/projects/training-kit/.venv-airflow/lib/python3.10/site-packages/airflow/example_dags/example_latest_only_with_trigger.py took 0.170 seconds
[2026-03-10T23:07:46.805+0530] {processor.py:161} INFO - Started process (PID=6582) to work on /home/sathya/projects/training-kit/.venv-airflow/lib/python3.10/site-packages/airflow/example_dags/example_latest_only_with_trigger.py
[2026-03-10T23:07:46.807+0530] {processor.py:830} INFO - Processing file /home/sathya/projects/training-kit/.venv-airflow/lib/python3.10/site-packages/airflow/example_dags/example_latest_only_with_trigger.py for tasks to queue
[2026-03-10T23:07:46.808+0530] {logging_mixin.py:188} INFO - [2026-03-10T23:07:46.807+0530] {dagbag.py:545} INFO - Filling up the DagBag from /home/sathya/projects/training-kit/.venv-airflow/lib/python3.10/site-packages/airflow/example_dags/example_latest_only_with_trigger.py
[2026-03-10T23:07:46.818+0530] {processor.py:840} INFO - DAG(s) 'latest_only_with_trigger' retrieved from /home/sathya/projects/training-kit/.venv-airflow/lib/python3.10/site-packages/airflow/example_dags/example_latest_only_with_trigger.py
[2026-03-10T23:07:46.839+0530] {logging_mixin.py:188} INFO - [2026-03-10T23:07:46.839+0530] {dag.py:3089} INFO - Sync 1 DAGs
[2026-03-10T23:07:46.867+0530] {logging_mixin.py:188} INFO - [2026-03-10T23:07:46.867+0530] {dag.py:3947} INFO - Setting next_dagrun for latest_only_with_trigger to 2026-03-10 16:00:00+00:00, run_after=2026-03-10 20:00:00+00:00
[2026-03-10T23:07:46.924+0530] {processor.py:183} INFO - Processing /home/sathya/projects/training-kit/.venv-airflow/lib/python3.10/site-packages/airflow/example_dags/example_latest_only_with_trigger.py took 0.128 seconds
[2026-03-10T23:09:33.403+0530] {processor.py:161} INFO - Started process (PID=7007) to work on /home/sathya/projects/training-kit/.venv-airflow/lib/python3.10/site-packages/airflow/example_dags/example_latest_only_with_trigger.py
[2026-03-10T23:09:33.405+0530] {processor.py:830} INFO - Processing file /home/sathya/projects/training-kit/.venv-airflow/lib/python3.10/site-packages/airflow/example_dags/example_latest_only_with_trigger.py for tasks to queue
[2026-03-10T23:09:33.407+0530] {logging_mixin.py:188} INFO - [2026-03-10T23:09:33.406+0530] {dagbag.py:545} INFO - Filling up the DagBag from /home/sathya/projects/training-kit/.venv-airflow/lib/python3.10/site-packages/airflow/example_dags/example_latest_only_with_trigger.py
[2026-03-10T23:09:33.420+0530] {processor.py:840} INFO - DAG(s) 'latest_only_with_trigger' retrieved from /home/sathya/projects/training-kit/.venv-airflow/lib/python3.10/site-packages/airflow/example_dags/example_latest_only_with_trigger.py
[2026-03-10T23:09:33.448+0530] {logging_mixin.py:188} INFO - [2026-03-10T23:09:33.447+0530] {dag.py:3089} INFO - Sync 1 DAGs
[2026-03-10T23:09:33.472+0530] {logging_mixin.py:188} INFO - [2026-03-10T23:09:33.471+0530] {dag.py:3947} INFO - Setting next_dagrun for latest_only_with_trigger to 2026-03-10 16:00:00+00:00, run_after=2026-03-10 20:00:00+00:00
[2026-03-10T23:09:33.512+0530] {processor.py:183} INFO - Processing /home/sathya/projects/training-kit/.venv-airflow/lib/python3.10/site-packages/airflow/example_dags/example_latest_only_with_trigger.py took 0.123 seconds
[2026-03-10T23:14:54.179+0530] {processor.py:161} INFO - Started process (PID=8362) to work on /home/sathya/projects/training-kit/.venv-airflow/lib/python3.10/site-packages/airflow/example_dags/example_latest_only_with_trigger.py
[2026-03-10T23:14:54.188+0530] {processor.py:830} INFO - Processing file /home/sathya/projects/training-kit/.venv-airflow/lib/python3.10/site-packages/airflow/example_dags/example_latest_only_with_trigger.py for tasks to queue
[2026-03-10T23:14:54.191+0530] {logging_mixin.py:188} INFO - [2026-03-10T23:14:54.190+0530] {dagbag.py:545} INFO - Filling up the DagBag from /home/sathya/projects/training-kit/.venv-airflow/lib/python3.10/site-packages/airflow/example_dags/example_latest_only_with_trigger.py
[2026-03-10T23:14:54.203+0530] {processor.py:840} INFO - DAG(s) 'latest_only_with_trigger' retrieved from /home/sathya/projects/training-kit/.venv-airflow/lib/python3.10/site-packages/airflow/example_dags/example_latest_only_with_trigger.py
[2026-03-10T23:14:54.234+0530] {logging_mixin.py:188} INFO - [2026-03-10T23:14:54.234+0530] {dag.py:3089} INFO - Sync 1 DAGs
[2026-03-10T23:14:54.261+0530] {logging_mixin.py:188} INFO - [2026-03-10T23:14:54.260+0530] {dag.py:3947} INFO - Setting next_dagrun for latest_only_with_trigger to 2026-03-10 16:00:00+00:00, run_after=2026-03-10 20:00:00+00:00
[2026-03-10T23:14:54.309+0530] {processor.py:183} INFO - Processing /home/sathya/projects/training-kit/.venv-airflow/lib/python3.10/site-packages/airflow/example_dags/example_latest_only_with_trigger.py took 0.141 seconds
[2026-03-10T23:15:54.913+0530] {processor.py:161} INFO - Started process (PID=8605) to work on /home/sathya/projects/training-kit/.venv-airflow/lib/python3.10/site-packages/airflow/example_dags/example_latest_only_with_trigger.py
[2026-03-10T23:15:54.915+0530] {processor.py:830} INFO - Processing file /home/sathya/projects/training-kit/.venv-airflow/lib/python3.10/site-packages/airflow/example_dags/example_latest_only_with_trigger.py for tasks to queue
[2026-03-10T23:15:54.916+0530] {logging_mixin.py:188} INFO - [2026-03-10T23:15:54.915+0530] {dagbag.py:545} INFO - Filling up the DagBag from /home/sathya/projects/training-kit/.venv-airflow/lib/python3.10/site-packages/airflow/example_dags/example_latest_only_with_trigger.py
[2026-03-10T23:15:54.925+0530] {processor.py:840} INFO - DAG(s) 'latest_only_with_trigger' retrieved from /home/sathya/projects/training-kit/.venv-airflow/lib/python3.10/site-packages/airflow/example_dags/example_latest_only_with_trigger.py
[2026-03-10T23:15:54.945+0530] {logging_mixin.py:188} INFO - [2026-03-10T23:15:54.945+0530] {dag.py:3089} INFO - Sync 1 DAGs
[2026-03-10T23:15:54.965+0530] {logging_mixin.py:188} INFO - [2026-03-10T23:15:54.965+0530] {dag.py:3947} INFO - Setting next_dagrun for latest_only_with_trigger to 2026-03-10 16:00:00+00:00, run_after=2026-03-10 20:00:00+00:00
[2026-03-10T23:15:54.998+0530] {processor.py:183} INFO - Processing /home/sathya/projects/training-kit/.venv-airflow/lib/python3.10/site-packages/airflow/example_dags/example_latest_only_with_trigger.py took 0.094 seconds
[2026-03-10T23:21:46.502+0530] {processor.py:161} INFO - Started process (PID=10166) to work on /home/sathya/projects/training-kit/.venv-airflow/lib/python3.10/site-packages/airflow/example_dags/example_latest_only_with_trigger.py
[2026-03-10T23:21:46.507+0530] {processor.py:830} INFO - Processing file /home/sathya/projects/training-kit/.venv-airflow/lib/python3.10/site-packages/airflow/example_dags/example_latest_only_with_trigger.py for tasks to queue
[2026-03-10T23:21:46.509+0530] {logging_mixin.py:188} INFO - [2026-03-10T23:21:46.508+0530] {dagbag.py:545} INFO - Filling up the DagBag from /home/sathya/projects/training-kit/.venv-airflow/lib/python3.10/site-packages/airflow/example_dags/example_latest_only_with_trigger.py
[2026-03-10T23:21:46.525+0530] {processor.py:840} INFO - DAG(s) 'latest_only_with_trigger' retrieved from /home/sathya/projects/training-kit/.venv-airflow/lib/python3.10/site-packages/airflow/example_dags/example_latest_only_with_trigger.py
[2026-03-10T23:21:46.575+0530] {logging_mixin.py:188} INFO - [2026-03-10T23:21:46.575+0530] {dag.py:3089} INFO - Sync 1 DAGs
[2026-03-10T23:21:46.644+0530] {logging_mixin.py:188} INFO - [2026-03-10T23:21:46.644+0530] {dag.py:3947} INFO - Setting next_dagrun for latest_only_with_trigger to 2026-03-10 16:00:00+00:00, run_after=2026-03-10 20:00:00+00:00
[2026-03-10T23:21:46.696+0530] {processor.py:183} INFO - Processing /home/sathya/projects/training-kit/.venv-airflow/lib/python3.10/site-packages/airflow/example_dags/example_latest_only_with_trigger.py took 0.220 seconds
[2026-03-10T23:22:21.575+0530] {processor.py:161} INFO - Started process (PID=10369) to work on /home/sathya/projects/training-kit/.venv-airflow/lib/python3.10/site-packages/airflow/example_dags/example_latest_only_with_trigger.py
[2026-03-10T23:22:21.578+0530] {processor.py:830} INFO - Processing file /home/sathya/projects/training-kit/.venv-airflow/lib/python3.10/site-packages/airflow/example_dags/example_latest_only_with_trigger.py for tasks to queue
[2026-03-10T23:22:21.580+0530] {logging_mixin.py:188} INFO - [2026-03-10T23:22:21.579+0530] {dagbag.py:545} INFO - Filling up the DagBag from /home/sathya/projects/training-kit/.venv-airflow/lib/python3.10/site-packages/airflow/example_dags/example_latest_only_with_trigger.py
[2026-03-10T23:22:21.593+0530] {processor.py:840} INFO - DAG(s) 'latest_only_with_trigger' retrieved from /home/sathya/projects/training-kit/.venv-airflow/lib/python3.10/site-packages/airflow/example_dags/example_latest_only_with_trigger.py
[2026-03-10T23:22:21.622+0530] {logging_mixin.py:188} INFO - [2026-03-10T23:22:21.622+0530] {dag.py:3089} INFO - Sync 1 DAGs
[2026-03-10T23:22:21.651+0530] {logging_mixin.py:188} INFO - [2026-03-10T23:22:21.650+0530] {dag.py:3947} INFO - Setting next_dagrun for latest_only_with_trigger to 2026-03-10 16:00:00+00:00, run_after=2026-03-10 20:00:00+00:00
[2026-03-10T23:22:21.700+0530] {processor.py:183} INFO - Processing /home/sathya/projects/training-kit/.venv-airflow/lib/python3.10/site-packages/airflow/example_dags/example_latest_only_with_trigger.py took 0.136 seconds
[2026-03-10T23:24:47.992+0530] {processor.py:161} INFO - Started process (PID=11010) to work on /home/sathya/projects/training-kit/.venv-airflow/lib/python3.10/site-packages/airflow/example_dags/example_latest_only_with_trigger.py
[2026-03-10T23:24:47.996+0530] {processor.py:830} INFO - Processing file /home/sathya/projects/training-kit/.venv-airflow/lib/python3.10/site-packages/airflow/example_dags/example_latest_only_with_trigger.py for tasks to queue
[2026-03-10T23:24:48.001+0530] {logging_mixin.py:188} INFO - [2026-03-10T23:24:48.000+0530] {dagbag.py:545} INFO - Filling up the DagBag from /home/sathya/projects/training-kit/.venv-airflow/lib/python3.10/site-packages/airflow/example_dags/example_latest_only_with_trigger.py
[2026-03-10T23:24:48.018+0530] {processor.py:840} INFO - DAG(s) 'latest_only_with_trigger' retrieved from /home/sathya/projects/training-kit/.venv-airflow/lib/python3.10/site-packages/airflow/example_dags/example_latest_only_with_trigger.py
[2026-03-10T23:24:48.072+0530] {logging_mixin.py:188} INFO - [2026-03-10T23:24:48.072+0530] {dag.py:3089} INFO - Sync 1 DAGs
[2026-03-10T23:24:48.124+0530] {logging_mixin.py:188} INFO - [2026-03-10T23:24:48.123+0530] {dag.py:3947} INFO - Setting next_dagrun for latest_only_with_trigger to 2026-03-10 16:00:00+00:00, run_after=2026-03-10 20:00:00+00:00
[2026-03-10T23:24:48.195+0530] {processor.py:183} INFO - Processing /home/sathya/projects/training-kit/.venv-airflow/lib/python3.10/site-packages/airflow/example_dags/example_latest_only_with_trigger.py took 0.224 seconds
[2026-03-10T23:29:23.582+0530] {processor.py:161} INFO - Started process (PID=11918) to work on /home/sathya/projects/training-kit/.venv-airflow/lib/python3.10/site-packages/airflow/example_dags/example_latest_only_with_trigger.py
[2026-03-10T23:29:23.591+0530] {processor.py:830} INFO - Processing file /home/sathya/projects/training-kit/.venv-airflow/lib/python3.10/site-packages/airflow/example_dags/example_latest_only_with_trigger.py for tasks to queue
[2026-03-10T23:29:23.595+0530] {logging_mixin.py:188} INFO - [2026-03-10T23:29:23.593+0530] {dagbag.py:545} INFO - Filling up the DagBag from /home/sathya/projects/training-kit/.venv-airflow/lib/python3.10/site-packages/airflow/example_dags/example_latest_only_with_trigger.py
[2026-03-10T23:29:23.616+0530] {processor.py:840} INFO - DAG(s) 'latest_only_with_trigger' retrieved from /home/sathya/projects/training-kit/.venv-airflow/lib/python3.10/site-packages/airflow/example_dags/example_latest_only_with_trigger.py
[2026-03-10T23:29:23.668+0530] {logging_mixin.py:188} INFO - [2026-03-10T23:29:23.667+0530] {dag.py:3089} INFO - Sync 1 DAGs
[2026-03-10T23:29:23.724+0530] {logging_mixin.py:188} INFO - [2026-03-10T23:29:23.724+0530] {dag.py:3947} INFO - Setting next_dagrun for latest_only_with_trigger to 2026-03-10 16:00:00+00:00, run_after=2026-03-10 20:00:00+00:00
[2026-03-10T23:29:23.792+0530] {processor.py:183} INFO - Processing /home/sathya/projects/training-kit/.venv-airflow/lib/python3.10/site-packages/airflow/example_dags/example_latest_only_with_trigger.py took 0.230 seconds
[2026-03-10T23:30:52.955+0530] {processor.py:161} INFO - Started process (PID=12204) to work on /home/sathya/projects/training-kit/.venv-airflow/lib/python3.10/site-packages/airflow/example_dags/example_latest_only_with_trigger.py
[2026-03-10T23:30:52.964+0530] {processor.py:830} INFO - Processing file /home/sathya/projects/training-kit/.venv-airflow/lib/python3.10/site-packages/airflow/example_dags/example_latest_only_with_trigger.py for tasks to queue
[2026-03-10T23:30:52.967+0530] {logging_mixin.py:188} INFO - [2026-03-10T23:30:52.966+0530] {dagbag.py:545} INFO - Filling up the DagBag from /home/sathya/projects/training-kit/.venv-airflow/lib/python3.10/site-packages/airflow/example_dags/example_latest_only_with_trigger.py
[2026-03-10T23:30:52.992+0530] {processor.py:840} INFO - DAG(s) 'latest_only_with_trigger' retrieved from /home/sathya/projects/training-kit/.venv-airflow/lib/python3.10/site-packages/airflow/example_dags/example_latest_only_with_trigger.py
[2026-03-10T23:30:53.046+0530] {logging_mixin.py:188} INFO - [2026-03-10T23:30:53.046+0530] {dag.py:3089} INFO - Sync 1 DAGs
[2026-03-10T23:30:53.149+0530] {logging_mixin.py:188} INFO - [2026-03-10T23:30:53.148+0530] {dag.py:3947} INFO - Setting next_dagrun for latest_only_with_trigger to 2026-03-10 16:00:00+00:00, run_after=2026-03-10 20:00:00+00:00
[2026-03-10T23:30:53.285+0530] {processor.py:183} INFO - Processing /home/sathya/projects/training-kit/.venv-airflow/lib/python3.10/site-packages/airflow/example_dags/example_latest_only_with_trigger.py took 0.347 seconds
[2026-03-10T23:45:11.348+0530] {processor.py:161} INFO - Started process (PID=14442) to work on /home/sathya/projects/training-kit/.venv-airflow/lib/python3.10/site-packages/airflow/example_dags/example_latest_only_with_trigger.py
[2026-03-10T23:45:11.351+0530] {processor.py:830} INFO - Processing file /home/sathya/projects/training-kit/.venv-airflow/lib/python3.10/site-packages/airflow/example_dags/example_latest_only_with_trigger.py for tasks to queue
[2026-03-10T23:45:11.360+0530] {logging_mixin.py:188} INFO - [2026-03-10T23:45:11.359+0530] {dagbag.py:545} INFO - Filling up the DagBag from /home/sathya/projects/training-kit/.venv-airflow/lib/python3.10/site-packages/airflow/example_dags/example_latest_only_with_trigger.py
[2026-03-10T23:45:11.377+0530] {processor.py:840} INFO - DAG(s) 'latest_only_with_trigger' retrieved from /home/sathya/projects/training-kit/.venv-airflow/lib/python3.10/site-packages/airflow/example_dags/example_latest_only_with_trigger.py
[2026-03-10T23:45:11.433+0530] {logging_mixin.py:188} INFO - [2026-03-10T23:45:11.432+0530] {dag.py:3089} INFO - Sync 1 DAGs
[2026-03-10T23:45:11.503+0530] {logging_mixin.py:188} INFO - [2026-03-10T23:45:11.503+0530] {dag.py:3947} INFO - Setting next_dagrun for latest_only_with_trigger to 2026-03-10 16:00:00+00:00, run_after=2026-03-10 20:00:00+00:00
[2026-03-10T23:45:11.575+0530] {processor.py:183} INFO - Processing /home/sathya/projects/training-kit/.venv-airflow/lib/python3.10/site-packages/airflow/example_dags/example_latest_only_with_trigger.py took 0.243 seconds
[2026-03-10T23:47:42.152+0530] {processor.py:161} INFO - Started process (PID=14731) to work on /home/sathya/projects/training-kit/.venv-airflow/lib/python3.10/site-packages/airflow/example_dags/example_latest_only_with_trigger.py
[2026-03-10T23:47:42.158+0530] {processor.py:830} INFO - Processing file /home/sathya/projects/training-kit/.venv-airflow/lib/python3.10/site-packages/airflow/example_dags/example_latest_only_with_trigger.py for tasks to queue
[2026-03-10T23:47:42.162+0530] {logging_mixin.py:188} INFO - [2026-03-10T23:47:42.160+0530] {dagbag.py:545} INFO - Filling up the DagBag from /home/sathya/projects/training-kit/.venv-airflow/lib/python3.10/site-packages/airflow/example_dags/example_latest_only_with_trigger.py
[2026-03-10T23:47:42.208+0530] {processor.py:840} INFO - DAG(s) 'latest_only_with_trigger' retrieved from /home/sathya/projects/training-kit/.venv-airflow/lib/python3.10/site-packages/airflow/example_dags/example_latest_only_with_trigger.py
[2026-03-10T23:47:42.257+0530] {logging_mixin.py:188} INFO - [2026-03-10T23:47:42.256+0530] {dag.py:3089} INFO - Sync 1 DAGs
[2026-03-10T23:47:42.302+0530] {logging_mixin.py:188} INFO - [2026-03-10T23:47:42.301+0530] {dag.py:3947} INFO - Setting next_dagrun for latest_only_with_trigger to 2026-03-10 16:00:00+00:00, run_after=2026-03-10 20:00:00+00:00
[2026-03-10T23:47:42.384+0530] {processor.py:183} INFO - Processing /home/sathya/projects/training-kit/.venv-airflow/lib/python3.10/site-packages/airflow/example_dags/example_latest_only_with_trigger.py took 0.254 seconds
[2026-03-10T23:57:08.156+0530] {processor.py:161} INFO - Started process (PID=16089) to work on /home/sathya/projects/training-kit/.venv-airflow/lib/python3.10/site-packages/airflow/example_dags/example_latest_only_with_trigger.py
[2026-03-10T23:57:08.161+0530] {processor.py:830} INFO - Processing file /home/sathya/projects/training-kit/.venv-airflow/lib/python3.10/site-packages/airflow/example_dags/example_latest_only_with_trigger.py for tasks to queue
[2026-03-10T23:57:08.164+0530] {logging_mixin.py:188} INFO - [2026-03-10T23:57:08.163+0530] {dagbag.py:545} INFO - Filling up the DagBag from /home/sathya/projects/training-kit/.venv-airflow/lib/python3.10/site-packages/airflow/example_dags/example_latest_only_with_trigger.py
[2026-03-10T23:57:08.181+0530] {processor.py:840} INFO - DAG(s) 'latest_only_with_trigger' retrieved from /home/sathya/projects/training-kit/.venv-airflow/lib/python3.10/site-packages/airflow/example_dags/example_latest_only_with_trigger.py
[2026-03-10T23:57:08.236+0530] {logging_mixin.py:188} INFO - [2026-03-10T23:57:08.235+0530] {dag.py:3089} INFO - Sync 1 DAGs
[2026-03-10T23:57:08.299+0530] {logging_mixin.py:188} INFO - [2026-03-10T23:57:08.298+0530] {dag.py:3947} INFO - Setting next_dagrun for latest_only_with_trigger to 2026-03-10 16:00:00+00:00, run_after=2026-03-10 20:00:00+00:00
[2026-03-10T23:57:08.384+0530] {processor.py:183} INFO - Processing /home/sathya/projects/training-kit/.venv-airflow/lib/python3.10/site-packages/airflow/example_dags/example_latest_only_with_trigger.py took 0.246 seconds
[2026-03-10T23:58:14.771+0530] {processor.py:161} INFO - Started process (PID=16255) to work on /home/sathya/projects/training-kit/.venv-airflow/lib/python3.10/site-packages/airflow/example_dags/example_latest_only_with_trigger.py
[2026-03-10T23:58:14.775+0530] {processor.py:830} INFO - Processing file /home/sathya/projects/training-kit/.venv-airflow/lib/python3.10/site-packages/airflow/example_dags/example_latest_only_with_trigger.py for tasks to queue
[2026-03-10T23:58:14.780+0530] {logging_mixin.py:188} INFO - [2026-03-10T23:58:14.779+0530] {dagbag.py:545} INFO - Filling up the DagBag from /home/sathya/projects/training-kit/.venv-airflow/lib/python3.10/site-packages/airflow/example_dags/example_latest_only_with_trigger.py
[2026-03-10T23:58:14.798+0530] {processor.py:840} INFO - DAG(s) 'latest_only_with_trigger' retrieved from /home/sathya/projects/training-kit/.venv-airflow/lib/python3.10/site-packages/airflow/example_dags/example_latest_only_with_trigger.py
[2026-03-10T23:58:14.855+0530] {logging_mixin.py:188} INFO - [2026-03-10T23:58:14.854+0530] {dag.py:3089} INFO - Sync 1 DAGs
[2026-03-10T23:58:14.916+0530] {logging_mixin.py:188} INFO - [2026-03-10T23:58:14.916+0530] {dag.py:3947} INFO - Setting next_dagrun for latest_only_with_trigger to 2026-03-10 16:00:00+00:00, run_after=2026-03-10 20:00:00+00:00
[2026-03-10T23:58:15.000+0530] {processor.py:183} INFO - Processing /home/sathya/projects/training-kit/.venv-airflow/lib/python3.10/site-packages/airflow/example_dags/example_latest_only_with_trigger.py took 0.248 seconds
