[2026-03-10T22:57:58.211+0530] {processor.py:161} INFO - Started process (PID=4122) to work on /home/sathya/projects/training-kit/.venv-airflow/lib/python3.10/site-packages/airflow/example_dags/example_params_trigger_ui.py
[2026-03-10T22:57:58.212+0530] {processor.py:830} INFO - Processing file /home/sathya/projects/training-kit/.venv-airflow/lib/python3.10/site-packages/airflow/example_dags/example_params_trigger_ui.py for tasks to queue
[2026-03-10T22:57:58.213+0530] {logging_mixin.py:188} INFO - [2026-03-10T22:57:58.213+0530] {dagbag.py:545} INFO - Filling up the DagBag from /home/sathya/projects/training-kit/.venv-airflow/lib/python3.10/site-packages/airflow/example_dags/example_params_trigger_ui.py
[2026-03-10T22:57:58.230+0530] {processor.py:840} INFO - DAG(s) 'example_params_trigger_ui' retrieved from /home/sathya/projects/training-kit/.venv-airflow/lib/python3.10/site-packages/airflow/example_dags/example_params_trigger_ui.py
[2026-03-10T22:57:58.345+0530] {logging_mixin.py:188} INFO - [2026-03-10T22:57:58.345+0530] {dag.py:3089} INFO - Sync 1 DAGs
[2026-03-10T22:57:58.356+0530] {logging_mixin.py:188} INFO - [2026-03-10T22:57:58.356+0530] {dag.py:3947} INFO - Setting next_dagrun for example_params_trigger_ui to None, run_after=None
[2026-03-10T22:57:58.394+0530] {processor.py:183} INFO - Processing /home/sathya/projects/training-kit/.venv-airflow/lib/python3.10/site-packages/airflow/example_dags/example_params_trigger_ui.py took 0.189 seconds
[2026-03-10T23:01:53.185+0530] {processor.py:161} INFO - Started process (PID=5074) to work on /home/sathya/projects/training-kit/.venv-airflow/lib/python3.10/site-packages/airflow/example_dags/example_params_trigger_ui.py
[2026-03-10T23:01:53.187+0530] {processor.py:830} INFO - Processing file /home/sathya/projects/training-kit/.venv-airflow/lib/python3.10/site-packages/airflow/example_dags/example_params_trigger_ui.py for tasks to queue
[2026-03-10T23:01:53.190+0530] {logging_mixin.py:188} INFO - [2026-03-10T23:01:53.189+0530] {dagbag.py:545} INFO - Filling up the DagBag from /home/sathya/projects/training-kit/.venv-airflow/lib/python3.10/site-packages/airflow/example_dags/example_params_trigger_ui.py
[2026-03-10T23:01:53.208+0530] {processor.py:840} INFO - DAG(s) 'example_params_trigger_ui' retrieved from /home/sathya/projects/training-kit/.venv-airflow/lib/python3.10/site-packages/airflow/example_dags/example_params_trigger_ui.py
[2026-03-10T23:01:53.256+0530] {logging_mixin.py:188} INFO - [2026-03-10T23:01:53.256+0530] {dag.py:3089} INFO - Sync 1 DAGs
[2026-03-10T23:01:53.272+0530] {logging_mixin.py:188} INFO - [2026-03-10T23:01:53.272+0530] {dag.py:3947} INFO - Setting next_dagrun for example_params_trigger_ui to None, run_after=None
[2026-03-10T23:01:53.313+0530] {processor.py:183} INFO - Processing /home/sathya/projects/training-kit/.venv-airflow/lib/python3.10/site-packages/airflow/example_dags/example_params_trigger_ui.py took 0.137 seconds
[2026-03-10T23:04:17.418+0530] {processor.py:161} INFO - Started process (PID=5692) to work on /home/sathya/projects/training-kit/.venv-airflow/lib/python3.10/site-packages/airflow/example_dags/example_params_trigger_ui.py
[2026-03-10T23:04:17.421+0530] {processor.py:830} INFO - Processing file /home/sathya/projects/training-kit/.venv-airflow/lib/python3.10/site-packages/airflow/example_dags/example_params_trigger_ui.py for tasks to queue
[2026-03-10T23:04:17.423+0530] {logging_mixin.py:188} INFO - [2026-03-10T23:04:17.422+0530] {dagbag.py:545} INFO - Filling up the DagBag from /home/sathya/projects/training-kit/.venv-airflow/lib/python3.10/site-packages/airflow/example_dags/example_params_trigger_ui.py
[2026-03-10T23:04:17.440+0530] {processor.py:840} INFO - DAG(s) 'example_params_trigger_ui' retrieved from /home/sathya/projects/training-kit/.venv-airflow/lib/python3.10/site-packages/airflow/example_dags/example_params_trigger_ui.py
[2026-03-10T23:04:17.490+0530] {logging_mixin.py:188} INFO - [2026-03-10T23:04:17.490+0530] {dag.py:3089} INFO - Sync 1 DAGs
[2026-03-10T23:04:17.502+0530] {logging_mixin.py:188} INFO - [2026-03-10T23:04:17.501+0530] {dag.py:3947} INFO - Setting next_dagrun for example_params_trigger_ui to None, run_after=None
[2026-03-10T23:04:17.536+0530] {processor.py:183} INFO - Processing /home/sathya/projects/training-kit/.venv-airflow/lib/python3.10/site-packages/airflow/example_dags/example_params_trigger_ui.py took 0.129 seconds
[2026-03-10T23:09:11.313+0530] {processor.py:161} INFO - Started process (PID=6934) to work on /home/sathya/projects/training-kit/.venv-airflow/lib/python3.10/site-packages/airflow/example_dags/example_params_trigger_ui.py
[2026-03-10T23:09:11.314+0530] {processor.py:830} INFO - Processing file /home/sathya/projects/training-kit/.venv-airflow/lib/python3.10/site-packages/airflow/example_dags/example_params_trigger_ui.py for tasks to queue
[2026-03-10T23:09:11.315+0530] {logging_mixin.py:188} INFO - [2026-03-10T23:09:11.315+0530] {dagbag.py:545} INFO - Filling up the DagBag from /home/sathya/projects/training-kit/.venv-airflow/lib/python3.10/site-packages/airflow/example_dags/example_params_trigger_ui.py
[2026-03-10T23:09:11.333+0530] {processor.py:840} INFO - DAG(s) 'example_params_trigger_ui' retrieved from /home/sathya/projects/training-kit/.venv-airflow/lib/python3.10/site-packages/airflow/example_dags/example_params_trigger_ui.py
[2026-03-10T23:09:11.389+0530] {logging_mixin.py:188} INFO - [2026-03-10T23:09:11.388+0530] {dag.py:3089} INFO - Sync 1 DAGs
[2026-03-10T23:09:11.401+0530] {logging_mixin.py:188} INFO - [2026-03-10T23:09:11.401+0530] {dag.py:3947} INFO - Setting next_dagrun for example_params_trigger_ui to None, run_after=None
[2026-03-10T23:09:11.429+0530] {processor.py:183} INFO - Processing /home/sathya/projects/training-kit/.venv-airflow/lib/python3.10/site-packages/airflow/example_dags/example_params_trigger_ui.py took 0.124 seconds
[2026-03-10T23:10:19.207+0530] {processor.py:161} INFO - Started process (PID=7230) to work on /home/sathya/projects/training-kit/.venv-airflow/lib/python3.10/site-packages/airflow/example_dags/example_params_trigger_ui.py
[2026-03-10T23:10:19.209+0530] {processor.py:830} INFO - Processing file /home/sathya/projects/training-kit/.venv-airflow/lib/python3.10/site-packages/airflow/example_dags/example_params_trigger_ui.py for tasks to queue
[2026-03-10T23:10:19.210+0530] {logging_mixin.py:188} INFO - [2026-03-10T23:10:19.209+0530] {dagbag.py:545} INFO - Filling up the DagBag from /home/sathya/projects/training-kit/.venv-airflow/lib/python3.10/site-packages/airflow/example_dags/example_params_trigger_ui.py
[2026-03-10T23:10:19.222+0530] {processor.py:840} INFO - DAG(s) 'example_params_trigger_ui' retrieved from /home/sathya/projects/training-kit/.venv-airflow/lib/python3.10/site-packages/airflow/example_dags/example_params_trigger_ui.py
[2026-03-10T23:10:19.278+0530] {logging_mixin.py:188} INFO - [2026-03-10T23:10:19.277+0530] {dag.py:3089} INFO - Sync 1 DAGs
[2026-03-10T23:10:19.291+0530] {logging_mixin.py:188} INFO - [2026-03-10T23:10:19.290+0530] {dag.py:3947} INFO - Setting next_dagrun for example_params_trigger_ui to None, run_after=None
[2026-03-10T23:10:19.328+0530] {processor.py:183} INFO - Processing /home/sathya/projects/training-kit/.venv-airflow/lib/python3.10/site-packages/airflow/example_dags/example_params_trigger_ui.py took 0.132 seconds
[2026-03-10T23:15:43.604+0530] {processor.py:161} INFO - Started process (PID=8568) to work on /home/sathya/projects/training-kit/.venv-airflow/lib/python3.10/site-packages/airflow/example_dags/example_params_trigger_ui.py
[2026-03-10T23:15:43.606+0530] {processor.py:830} INFO - Processing file /home/sathya/projects/training-kit/.venv-airflow/lib/python3.10/site-packages/airflow/example_dags/example_params_trigger_ui.py for tasks to queue
[2026-03-10T23:15:43.608+0530] {logging_mixin.py:188} INFO - [2026-03-10T23:15:43.607+0530] {dagbag.py:545} INFO - Filling up the DagBag from /home/sathya/projects/training-kit/.venv-airflow/lib/python3.10/site-packages/airflow/example_dags/example_params_trigger_ui.py
[2026-03-10T23:15:43.631+0530] {processor.py:840} INFO - DAG(s) 'example_params_trigger_ui' retrieved from /home/sathya/projects/training-kit/.venv-airflow/lib/python3.10/site-packages/airflow/example_dags/example_params_trigger_ui.py
[2026-03-10T23:15:43.765+0530] {logging_mixin.py:188} INFO - [2026-03-10T23:15:43.763+0530] {dag.py:3089} INFO - Sync 1 DAGs
[2026-03-10T23:15:43.816+0530] {logging_mixin.py:188} INFO - [2026-03-10T23:15:43.816+0530] {dag.py:3947} INFO - Setting next_dagrun for example_params_trigger_ui to None, run_after=None
[2026-03-10T23:15:43.902+0530] {processor.py:183} INFO - Processing /home/sathya/projects/training-kit/.venv-airflow/lib/python3.10/site-packages/airflow/example_dags/example_params_trigger_ui.py took 0.312 seconds
[2026-03-10T23:16:41.847+0530] {processor.py:161} INFO - Started process (PID=8808) to work on /home/sathya/projects/training-kit/.venv-airflow/lib/python3.10/site-packages/airflow/example_dags/example_params_trigger_ui.py
[2026-03-10T23:16:41.849+0530] {processor.py:830} INFO - Processing file /home/sathya/projects/training-kit/.venv-airflow/lib/python3.10/site-packages/airflow/example_dags/example_params_trigger_ui.py for tasks to queue
[2026-03-10T23:16:41.850+0530] {logging_mixin.py:188} INFO - [2026-03-10T23:16:41.850+0530] {dagbag.py:545} INFO - Filling up the DagBag from /home/sathya/projects/training-kit/.venv-airflow/lib/python3.10/site-packages/airflow/example_dags/example_params_trigger_ui.py
[2026-03-10T23:16:41.868+0530] {processor.py:840} INFO - DAG(s) 'example_params_trigger_ui' retrieved from /home/sathya/projects/training-kit/.venv-airflow/lib/python3.10/site-packages/airflow/example_dags/example_params_trigger_ui.py
[2026-03-10T23:16:41.910+0530] {logging_mixin.py:188} INFO - [2026-03-10T23:16:41.910+0530] {dag.py:3089} INFO - Sync 1 DAGs
[2026-03-10T23:16:41.927+0530] {logging_mixin.py:188} INFO - [2026-03-10T23:16:41.926+0530] {dag.py:3947} INFO - Setting next_dagrun for example_params_trigger_ui to None, run_after=None
[2026-03-10T23:16:41.958+0530] {processor.py:183} INFO - Processing /home/sathya/projects/training-kit/.venv-airflow/lib/python3.10/site-packages/airflow/example_dags/example_params_trigger_ui.py took 0.127 seconds
[2026-03-10T23:22:26.041+0530] {processor.py:161} INFO - Started process (PID=10394) to work on /home/sathya/projects/training-kit/.venv-airflow/lib/python3.10/site-packages/airflow/example_dags/example_params_trigger_ui.py
[2026-03-10T23:22:26.046+0530] {processor.py:830} INFO - Processing file /home/sathya/projects/training-kit/.venv-airflow/lib/python3.10/site-packages/airflow/example_dags/example_params_trigger_ui.py for tasks to queue
[2026-03-10T23:22:26.048+0530] {logging_mixin.py:188} INFO - [2026-03-10T23:22:26.047+0530] {dagbag.py:545} INFO - Filling up the DagBag from /home/sathya/projects/training-kit/.venv-airflow/lib/python3.10/site-packages/airflow/example_dags/example_params_trigger_ui.py
[2026-03-10T23:22:26.070+0530] {processor.py:840} INFO - DAG(s) 'example_params_trigger_ui' retrieved from /home/sathya/projects/training-kit/.venv-airflow/lib/python3.10/site-packages/airflow/example_dags/example_params_trigger_ui.py
[2026-03-10T23:22:26.181+0530] {logging_mixin.py:188} INFO - [2026-03-10T23:22:26.180+0530] {dag.py:3089} INFO - Sync 1 DAGs
[2026-03-10T23:22:26.204+0530] {logging_mixin.py:188} INFO - [2026-03-10T23:22:26.204+0530] {dag.py:3947} INFO - Setting next_dagrun for example_params_trigger_ui to None, run_after=None
[2026-03-10T23:22:26.300+0530] {processor.py:183} INFO - Processing /home/sathya/projects/training-kit/.venv-airflow/lib/python3.10/site-packages/airflow/example_dags/example_params_trigger_ui.py took 0.273 seconds
[2026-03-10T23:23:08.526+0530] {processor.py:161} INFO - Started process (PID=10643) to work on /home/sathya/projects/training-kit/.venv-airflow/lib/python3.10/site-packages/airflow/example_dags/example_params_trigger_ui.py
[2026-03-10T23:23:08.528+0530] {processor.py:830} INFO - Processing file /home/sathya/projects/training-kit/.venv-airflow/lib/python3.10/site-packages/airflow/example_dags/example_params_trigger_ui.py for tasks to queue
[2026-03-10T23:23:08.529+0530] {logging_mixin.py:188} INFO - [2026-03-10T23:23:08.529+0530] {dagbag.py:545} INFO - Filling up the DagBag from /home/sathya/projects/training-kit/.venv-airflow/lib/python3.10/site-packages/airflow/example_dags/example_params_trigger_ui.py
[2026-03-10T23:23:08.559+0530] {processor.py:840} INFO - DAG(s) 'example_params_trigger_ui' retrieved from /home/sathya/projects/training-kit/.venv-airflow/lib/python3.10/site-packages/airflow/example_dags/example_params_trigger_ui.py
[2026-03-10T23:23:08.638+0530] {logging_mixin.py:188} INFO - [2026-03-10T23:23:08.638+0530] {dag.py:3089} INFO - Sync 1 DAGs
[2026-03-10T23:23:08.664+0530] {logging_mixin.py:188} INFO - [2026-03-10T23:23:08.663+0530] {dag.py:3947} INFO - Setting next_dagrun for example_params_trigger_ui to None, run_after=None
[2026-03-10T23:23:08.765+0530] {processor.py:183} INFO - Processing /home/sathya/projects/training-kit/.venv-airflow/lib/python3.10/site-packages/airflow/example_dags/example_params_trigger_ui.py took 0.253 seconds
[2026-03-10T23:28:07.678+0530] {processor.py:161} INFO - Started process (PID=11679) to work on /home/sathya/projects/training-kit/.venv-airflow/lib/python3.10/site-packages/airflow/example_dags/example_params_trigger_ui.py
[2026-03-10T23:28:07.689+0530] {processor.py:830} INFO - Processing file /home/sathya/projects/training-kit/.venv-airflow/lib/python3.10/site-packages/airflow/example_dags/example_params_trigger_ui.py for tasks to queue
[2026-03-10T23:28:07.694+0530] {logging_mixin.py:188} INFO - [2026-03-10T23:28:07.693+0530] {dagbag.py:545} INFO - Filling up the DagBag from /home/sathya/projects/training-kit/.venv-airflow/lib/python3.10/site-packages/airflow/example_dags/example_params_trigger_ui.py
[2026-03-10T23:28:07.747+0530] {processor.py:840} INFO - DAG(s) 'example_params_trigger_ui' retrieved from /home/sathya/projects/training-kit/.venv-airflow/lib/python3.10/site-packages/airflow/example_dags/example_params_trigger_ui.py
[2026-03-10T23:28:07.877+0530] {logging_mixin.py:188} INFO - [2026-03-10T23:28:07.877+0530] {dag.py:3089} INFO - Sync 1 DAGs
[2026-03-10T23:28:07.918+0530] {logging_mixin.py:188} INFO - [2026-03-10T23:28:07.918+0530] {dag.py:3947} INFO - Setting next_dagrun for example_params_trigger_ui to None, run_after=None
[2026-03-10T23:28:07.998+0530] {processor.py:183} INFO - Processing /home/sathya/projects/training-kit/.venv-airflow/lib/python3.10/site-packages/airflow/example_dags/example_params_trigger_ui.py took 0.340 seconds
[2026-03-10T23:30:14.989+0530] {processor.py:161} INFO - Started process (PID=12083) to work on /home/sathya/projects/training-kit/.venv-airflow/lib/python3.10/site-packages/airflow/example_dags/example_params_trigger_ui.py
[2026-03-10T23:30:14.996+0530] {processor.py:830} INFO - Processing file /home/sathya/projects/training-kit/.venv-airflow/lib/python3.10/site-packages/airflow/example_dags/example_params_trigger_ui.py for tasks to queue
[2026-03-10T23:30:14.999+0530] {logging_mixin.py:188} INFO - [2026-03-10T23:30:14.998+0530] {dagbag.py:545} INFO - Filling up the DagBag from /home/sathya/projects/training-kit/.venv-airflow/lib/python3.10/site-packages/airflow/example_dags/example_params_trigger_ui.py
[2026-03-10T23:30:15.041+0530] {processor.py:840} INFO - DAG(s) 'example_params_trigger_ui' retrieved from /home/sathya/projects/training-kit/.venv-airflow/lib/python3.10/site-packages/airflow/example_dags/example_params_trigger_ui.py
[2026-03-10T23:30:15.160+0530] {logging_mixin.py:188} INFO - [2026-03-10T23:30:15.160+0530] {dag.py:3089} INFO - Sync 1 DAGs
[2026-03-10T23:30:15.194+0530] {logging_mixin.py:188} INFO - [2026-03-10T23:30:15.193+0530] {dag.py:3947} INFO - Setting next_dagrun for example_params_trigger_ui to None, run_after=None
[2026-03-10T23:30:15.266+0530] {processor.py:183} INFO - Processing /home/sathya/projects/training-kit/.venv-airflow/lib/python3.10/site-packages/airflow/example_dags/example_params_trigger_ui.py took 0.305 seconds
[2026-03-10T23:31:21.326+0530] {processor.py:161} INFO - Started process (PID=12296) to work on /home/sathya/projects/training-kit/.venv-airflow/lib/python3.10/site-packages/airflow/example_dags/example_params_trigger_ui.py
[2026-03-10T23:31:21.337+0530] {processor.py:830} INFO - Processing file /home/sathya/projects/training-kit/.venv-airflow/lib/python3.10/site-packages/airflow/example_dags/example_params_trigger_ui.py for tasks to queue
[2026-03-10T23:31:21.340+0530] {logging_mixin.py:188} INFO - [2026-03-10T23:31:21.339+0530] {dagbag.py:545} INFO - Filling up the DagBag from /home/sathya/projects/training-kit/.venv-airflow/lib/python3.10/site-packages/airflow/example_dags/example_params_trigger_ui.py
[2026-03-10T23:31:21.371+0530] {processor.py:840} INFO - DAG(s) 'example_params_trigger_ui' retrieved from /home/sathya/projects/training-kit/.venv-airflow/lib/python3.10/site-packages/airflow/example_dags/example_params_trigger_ui.py
[2026-03-10T23:31:21.470+0530] {logging_mixin.py:188} INFO - [2026-03-10T23:31:21.470+0530] {dag.py:3089} INFO - Sync 1 DAGs
[2026-03-10T23:31:21.495+0530] {logging_mixin.py:188} INFO - [2026-03-10T23:31:21.495+0530] {dag.py:3947} INFO - Setting next_dagrun for example_params_trigger_ui to None, run_after=None
[2026-03-10T23:31:21.573+0530] {processor.py:183} INFO - Processing /home/sathya/projects/training-kit/.venv-airflow/lib/python3.10/site-packages/airflow/example_dags/example_params_trigger_ui.py took 0.262 seconds
[2026-03-10T23:47:01.756+0530] {processor.py:161} INFO - Started process (PID=14634) to work on /home/sathya/projects/training-kit/.venv-airflow/lib/python3.10/site-packages/airflow/example_dags/example_params_trigger_ui.py
[2026-03-10T23:47:01.760+0530] {processor.py:830} INFO - Processing file /home/sathya/projects/training-kit/.venv-airflow/lib/python3.10/site-packages/airflow/example_dags/example_params_trigger_ui.py for tasks to queue
[2026-03-10T23:47:01.765+0530] {logging_mixin.py:188} INFO - [2026-03-10T23:47:01.764+0530] {dagbag.py:545} INFO - Filling up the DagBag from /home/sathya/projects/training-kit/.venv-airflow/lib/python3.10/site-packages/airflow/example_dags/example_params_trigger_ui.py
[2026-03-10T23:47:01.838+0530] {processor.py:840} INFO - DAG(s) 'example_params_trigger_ui' retrieved from /home/sathya/projects/training-kit/.venv-airflow/lib/python3.10/site-packages/airflow/example_dags/example_params_trigger_ui.py
[2026-03-10T23:47:02.017+0530] {logging_mixin.py:188} INFO - [2026-03-10T23:47:02.017+0530] {dag.py:3089} INFO - Sync 1 DAGs
[2026-03-10T23:47:02.050+0530] {logging_mixin.py:188} INFO - [2026-03-10T23:47:02.049+0530] {dag.py:3947} INFO - Setting next_dagrun for example_params_trigger_ui to None, run_after=None
[2026-03-10T23:47:02.117+0530] {processor.py:183} INFO - Processing /home/sathya/projects/training-kit/.venv-airflow/lib/python3.10/site-packages/airflow/example_dags/example_params_trigger_ui.py took 0.384 seconds
[2026-03-10T23:48:06.595+0530] {processor.py:161} INFO - Started process (PID=14803) to work on /home/sathya/projects/training-kit/.venv-airflow/lib/python3.10/site-packages/airflow/example_dags/example_params_trigger_ui.py
[2026-03-10T23:48:06.603+0530] {processor.py:830} INFO - Processing file /home/sathya/projects/training-kit/.venv-airflow/lib/python3.10/site-packages/airflow/example_dags/example_params_trigger_ui.py for tasks to queue
[2026-03-10T23:48:06.605+0530] {logging_mixin.py:188} INFO - [2026-03-10T23:48:06.604+0530] {dagbag.py:545} INFO - Filling up the DagBag from /home/sathya/projects/training-kit/.venv-airflow/lib/python3.10/site-packages/airflow/example_dags/example_params_trigger_ui.py
[2026-03-10T23:48:06.651+0530] {processor.py:840} INFO - DAG(s) 'example_params_trigger_ui' retrieved from /home/sathya/projects/training-kit/.venv-airflow/lib/python3.10/site-packages/airflow/example_dags/example_params_trigger_ui.py
[2026-03-10T23:48:06.794+0530] {logging_mixin.py:188} INFO - [2026-03-10T23:48:06.793+0530] {dag.py:3089} INFO - Sync 1 DAGs
[2026-03-10T23:48:06.834+0530] {logging_mixin.py:188} INFO - [2026-03-10T23:48:06.834+0530] {dag.py:3947} INFO - Setting next_dagrun for example_params_trigger_ui to None, run_after=None
[2026-03-10T23:48:06.935+0530] {processor.py:183} INFO - Processing /home/sathya/projects/training-kit/.venv-airflow/lib/python3.10/site-packages/airflow/example_dags/example_params_trigger_ui.py took 0.360 seconds
[2026-03-10T23:58:51.971+0530] {processor.py:161} INFO - Started process (PID=16338) to work on /home/sathya/projects/training-kit/.venv-airflow/lib/python3.10/site-packages/airflow/example_dags/example_params_trigger_ui.py
[2026-03-10T23:58:51.974+0530] {processor.py:830} INFO - Processing file /home/sathya/projects/training-kit/.venv-airflow/lib/python3.10/site-packages/airflow/example_dags/example_params_trigger_ui.py for tasks to queue
[2026-03-10T23:58:51.976+0530] {logging_mixin.py:188} INFO - [2026-03-10T23:58:51.975+0530] {dagbag.py:545} INFO - Filling up the DagBag from /home/sathya/projects/training-kit/.venv-airflow/lib/python3.10/site-packages/airflow/example_dags/example_params_trigger_ui.py
[2026-03-10T23:58:52.006+0530] {processor.py:840} INFO - DAG(s) 'example_params_trigger_ui' retrieved from /home/sathya/projects/training-kit/.venv-airflow/lib/python3.10/site-packages/airflow/example_dags/example_params_trigger_ui.py
[2026-03-10T23:58:52.110+0530] {logging_mixin.py:188} INFO - [2026-03-10T23:58:52.109+0530] {dag.py:3089} INFO - Sync 1 DAGs
[2026-03-10T23:58:52.139+0530] {logging_mixin.py:188} INFO - [2026-03-10T23:58:52.138+0530] {dag.py:3947} INFO - Setting next_dagrun for example_params_trigger_ui to None, run_after=None
[2026-03-10T23:58:52.219+0530] {processor.py:183} INFO - Processing /home/sathya/projects/training-kit/.venv-airflow/lib/python3.10/site-packages/airflow/example_dags/example_params_trigger_ui.py took 0.265 seconds
[2026-03-11T00:01:29.652+0530] {processor.py:161} INFO - Started process (PID=16710) to work on /home/sathya/projects/training-kit/.venv-airflow/lib/python3.10/site-packages/airflow/example_dags/example_params_trigger_ui.py
[2026-03-11T00:01:29.657+0530] {processor.py:830} INFO - Processing file /home/sathya/projects/training-kit/.venv-airflow/lib/python3.10/site-packages/airflow/example_dags/example_params_trigger_ui.py for tasks to queue
[2026-03-11T00:01:29.665+0530] {logging_mixin.py:188} INFO - [2026-03-11T00:01:29.663+0530] {dagbag.py:545} INFO - Filling up the DagBag from /home/sathya/projects/training-kit/.venv-airflow/lib/python3.10/site-packages/airflow/example_dags/example_params_trigger_ui.py
[2026-03-11T00:01:29.731+0530] {processor.py:840} INFO - DAG(s) 'example_params_trigger_ui' retrieved from /home/sathya/projects/training-kit/.venv-airflow/lib/python3.10/site-packages/airflow/example_dags/example_params_trigger_ui.py
[2026-03-11T00:01:29.884+0530] {logging_mixin.py:188} INFO - [2026-03-11T00:01:29.883+0530] {dag.py:3089} INFO - Sync 1 DAGs
[2026-03-11T00:01:29.926+0530] {logging_mixin.py:188} INFO - [2026-03-11T00:01:29.925+0530] {dag.py:3947} INFO - Setting next_dagrun for example_params_trigger_ui to None, run_after=None
[2026-03-11T00:01:30.004+0530] {processor.py:183} INFO - Processing /home/sathya/projects/training-kit/.venv-airflow/lib/python3.10/site-packages/airflow/example_dags/example_params_trigger_ui.py took 0.377 seconds
