[2026-03-10T22:58:21.306+0530] {processor.py:161} INFO - Started process (PID=4223) to work on /home/sathya/projects/training-kit/.venv-airflow/lib/python3.10/site-packages/airflow/example_dags/example_latest_only.py
[2026-03-10T22:58:21.307+0530] {processor.py:830} INFO - Processing file /home/sathya/projects/training-kit/.venv-airflow/lib/python3.10/site-packages/airflow/example_dags/example_latest_only.py for tasks to queue
[2026-03-10T22:58:21.309+0530] {logging_mixin.py:188} INFO - [2026-03-10T22:58:21.308+0530] {dagbag.py:545} INFO - Filling up the DagBag from /home/sathya/projects/training-kit/.venv-airflow/lib/python3.10/site-packages/airflow/example_dags/example_latest_only.py
[2026-03-10T22:58:21.317+0530] {processor.py:840} INFO - DAG(s) 'latest_only' retrieved from /home/sathya/projects/training-kit/.venv-airflow/lib/python3.10/site-packages/airflow/example_dags/example_latest_only.py
[2026-03-10T22:58:21.459+0530] {logging_mixin.py:188} INFO - [2026-03-10T22:58:21.458+0530] {dag.py:3089} INFO - Sync 1 DAGs
[2026-03-10T22:58:21.482+0530] {logging_mixin.py:188} INFO - [2026-03-10T22:58:21.482+0530] {dag.py:3947} INFO - Setting next_dagrun for latest_only to 2026-03-10 16:00:00+00:00, run_after=2026-03-10 20:00:00+00:00
[2026-03-10T22:58:21.526+0530] {processor.py:183} INFO - Processing /home/sathya/projects/training-kit/.venv-airflow/lib/python3.10/site-packages/airflow/example_dags/example_latest_only.py took 0.231 seconds
[2026-03-10T23:02:05.816+0530] {processor.py:161} INFO - Started process (PID=5144) to work on /home/sathya/projects/training-kit/.venv-airflow/lib/python3.10/site-packages/airflow/example_dags/example_latest_only.py
[2026-03-10T23:02:05.819+0530] {processor.py:830} INFO - Processing file /home/sathya/projects/training-kit/.venv-airflow/lib/python3.10/site-packages/airflow/example_dags/example_latest_only.py for tasks to queue
[2026-03-10T23:02:05.823+0530] {logging_mixin.py:188} INFO - [2026-03-10T23:02:05.822+0530] {dagbag.py:545} INFO - Filling up the DagBag from /home/sathya/projects/training-kit/.venv-airflow/lib/python3.10/site-packages/airflow/example_dags/example_latest_only.py
[2026-03-10T23:02:05.831+0530] {processor.py:840} INFO - DAG(s) 'latest_only' retrieved from /home/sathya/projects/training-kit/.venv-airflow/lib/python3.10/site-packages/airflow/example_dags/example_latest_only.py
[2026-03-10T23:02:05.867+0530] {logging_mixin.py:188} INFO - [2026-03-10T23:02:05.866+0530] {dag.py:3089} INFO - Sync 1 DAGs
[2026-03-10T23:02:05.889+0530] {logging_mixin.py:188} INFO - [2026-03-10T23:02:05.889+0530] {dag.py:3947} INFO - Setting next_dagrun for latest_only to 2026-03-10 16:00:00+00:00, run_after=2026-03-10 20:00:00+00:00
[2026-03-10T23:02:05.927+0530] {processor.py:183} INFO - Processing /home/sathya/projects/training-kit/.venv-airflow/lib/python3.10/site-packages/airflow/example_dags/example_latest_only.py took 0.119 seconds
[2026-03-10T23:04:33.642+0530] {processor.py:161} INFO - Started process (PID=5733) to work on /home/sathya/projects/training-kit/.venv-airflow/lib/python3.10/site-packages/airflow/example_dags/example_latest_only.py
[2026-03-10T23:04:33.646+0530] {processor.py:830} INFO - Processing file /home/sathya/projects/training-kit/.venv-airflow/lib/python3.10/site-packages/airflow/example_dags/example_latest_only.py for tasks to queue
[2026-03-10T23:04:33.649+0530] {logging_mixin.py:188} INFO - [2026-03-10T23:04:33.648+0530] {dagbag.py:545} INFO - Filling up the DagBag from /home/sathya/projects/training-kit/.venv-airflow/lib/python3.10/site-packages/airflow/example_dags/example_latest_only.py
[2026-03-10T23:04:33.662+0530] {processor.py:840} INFO - DAG(s) 'latest_only' retrieved from /home/sathya/projects/training-kit/.venv-airflow/lib/python3.10/site-packages/airflow/example_dags/example_latest_only.py
[2026-03-10T23:04:33.716+0530] {logging_mixin.py:188} INFO - [2026-03-10T23:04:33.715+0530] {dag.py:3089} INFO - Sync 1 DAGs
[2026-03-10T23:04:33.752+0530] {logging_mixin.py:188} INFO - [2026-03-10T23:04:33.752+0530] {dag.py:3947} INFO - Setting next_dagrun for latest_only to 2026-03-10 16:00:00+00:00, run_after=2026-03-10 20:00:00+00:00
[2026-03-10T23:04:33.795+0530] {processor.py:183} INFO - Processing /home/sathya/projects/training-kit/.venv-airflow/lib/python3.10/site-packages/airflow/example_dags/example_latest_only.py took 0.171 seconds
[2026-03-10T23:09:48.436+0530] {processor.py:161} INFO - Started process (PID=7082) to work on /home/sathya/projects/training-kit/.venv-airflow/lib/python3.10/site-packages/airflow/example_dags/example_latest_only.py
[2026-03-10T23:09:48.438+0530] {processor.py:830} INFO - Processing file /home/sathya/projects/training-kit/.venv-airflow/lib/python3.10/site-packages/airflow/example_dags/example_latest_only.py for tasks to queue
[2026-03-10T23:09:48.439+0530] {logging_mixin.py:188} INFO - [2026-03-10T23:09:48.439+0530] {dagbag.py:545} INFO - Filling up the DagBag from /home/sathya/projects/training-kit/.venv-airflow/lib/python3.10/site-packages/airflow/example_dags/example_latest_only.py
[2026-03-10T23:09:48.446+0530] {processor.py:840} INFO - DAG(s) 'latest_only' retrieved from /home/sathya/projects/training-kit/.venv-airflow/lib/python3.10/site-packages/airflow/example_dags/example_latest_only.py
[2026-03-10T23:09:48.469+0530] {logging_mixin.py:188} INFO - [2026-03-10T23:09:48.469+0530] {dag.py:3089} INFO - Sync 1 DAGs
[2026-03-10T23:09:48.496+0530] {logging_mixin.py:188} INFO - [2026-03-10T23:09:48.496+0530] {dag.py:3947} INFO - Setting next_dagrun for latest_only to 2026-03-10 16:00:00+00:00, run_after=2026-03-10 20:00:00+00:00
[2026-03-10T23:09:48.537+0530] {processor.py:183} INFO - Processing /home/sathya/projects/training-kit/.venv-airflow/lib/python3.10/site-packages/airflow/example_dags/example_latest_only.py took 0.112 seconds
[2026-03-10T23:10:32.688+0530] {processor.py:161} INFO - Started process (PID=7287) to work on /home/sathya/projects/training-kit/.venv-airflow/lib/python3.10/site-packages/airflow/example_dags/example_latest_only.py
[2026-03-10T23:10:32.690+0530] {processor.py:830} INFO - Processing file /home/sathya/projects/training-kit/.venv-airflow/lib/python3.10/site-packages/airflow/example_dags/example_latest_only.py for tasks to queue
[2026-03-10T23:10:32.691+0530] {logging_mixin.py:188} INFO - [2026-03-10T23:10:32.691+0530] {dagbag.py:545} INFO - Filling up the DagBag from /home/sathya/projects/training-kit/.venv-airflow/lib/python3.10/site-packages/airflow/example_dags/example_latest_only.py
[2026-03-10T23:10:32.699+0530] {processor.py:840} INFO - DAG(s) 'latest_only' retrieved from /home/sathya/projects/training-kit/.venv-airflow/lib/python3.10/site-packages/airflow/example_dags/example_latest_only.py
[2026-03-10T23:10:32.719+0530] {logging_mixin.py:188} INFO - [2026-03-10T23:10:32.718+0530] {dag.py:3089} INFO - Sync 1 DAGs
[2026-03-10T23:10:32.749+0530] {logging_mixin.py:188} INFO - [2026-03-10T23:10:32.749+0530] {dag.py:3947} INFO - Setting next_dagrun for latest_only to 2026-03-10 16:00:00+00:00, run_after=2026-03-10 20:00:00+00:00
[2026-03-10T23:10:32.806+0530] {processor.py:183} INFO - Processing /home/sathya/projects/training-kit/.venv-airflow/lib/python3.10/site-packages/airflow/example_dags/example_latest_only.py took 0.132 seconds
[2026-03-10T23:16:53.163+0530] {processor.py:161} INFO - Started process (PID=8846) to work on /home/sathya/projects/training-kit/.venv-airflow/lib/python3.10/site-packages/airflow/example_dags/example_latest_only.py
[2026-03-10T23:16:53.165+0530] {processor.py:830} INFO - Processing file /home/sathya/projects/training-kit/.venv-airflow/lib/python3.10/site-packages/airflow/example_dags/example_latest_only.py for tasks to queue
[2026-03-10T23:16:53.166+0530] {logging_mixin.py:188} INFO - [2026-03-10T23:16:53.166+0530] {dagbag.py:545} INFO - Filling up the DagBag from /home/sathya/projects/training-kit/.venv-airflow/lib/python3.10/site-packages/airflow/example_dags/example_latest_only.py
[2026-03-10T23:16:53.172+0530] {processor.py:840} INFO - DAG(s) 'latest_only' retrieved from /home/sathya/projects/training-kit/.venv-airflow/lib/python3.10/site-packages/airflow/example_dags/example_latest_only.py
[2026-03-10T23:16:53.195+0530] {logging_mixin.py:188} INFO - [2026-03-10T23:16:53.195+0530] {dag.py:3089} INFO - Sync 1 DAGs
[2026-03-10T23:16:53.214+0530] {logging_mixin.py:188} INFO - [2026-03-10T23:16:53.213+0530] {dag.py:3947} INFO - Setting next_dagrun for latest_only to 2026-03-10 16:00:00+00:00, run_after=2026-03-10 20:00:00+00:00
[2026-03-10T23:16:53.244+0530] {processor.py:183} INFO - Processing /home/sathya/projects/training-kit/.venv-airflow/lib/python3.10/site-packages/airflow/example_dags/example_latest_only.py took 0.090 seconds
[2026-03-10T23:17:14.800+0530] {processor.py:161} INFO - Started process (PID=8914) to work on /home/sathya/projects/training-kit/.venv-airflow/lib/python3.10/site-packages/airflow/example_dags/example_latest_only.py
[2026-03-10T23:17:14.801+0530] {processor.py:830} INFO - Processing file /home/sathya/projects/training-kit/.venv-airflow/lib/python3.10/site-packages/airflow/example_dags/example_latest_only.py for tasks to queue
[2026-03-10T23:17:14.803+0530] {logging_mixin.py:188} INFO - [2026-03-10T23:17:14.802+0530] {dagbag.py:545} INFO - Filling up the DagBag from /home/sathya/projects/training-kit/.venv-airflow/lib/python3.10/site-packages/airflow/example_dags/example_latest_only.py
[2026-03-10T23:17:14.818+0530] {processor.py:840} INFO - DAG(s) 'latest_only' retrieved from /home/sathya/projects/training-kit/.venv-airflow/lib/python3.10/site-packages/airflow/example_dags/example_latest_only.py
[2026-03-10T23:17:14.842+0530] {logging_mixin.py:188} INFO - [2026-03-10T23:17:14.842+0530] {dag.py:3089} INFO - Sync 1 DAGs
[2026-03-10T23:17:14.877+0530] {logging_mixin.py:188} INFO - [2026-03-10T23:17:14.876+0530] {dag.py:3947} INFO - Setting next_dagrun for latest_only to 2026-03-10 16:00:00+00:00, run_after=2026-03-10 20:00:00+00:00
[2026-03-10T23:17:14.924+0530] {processor.py:183} INFO - Processing /home/sathya/projects/training-kit/.venv-airflow/lib/python3.10/site-packages/airflow/example_dags/example_latest_only.py took 0.140 seconds
[2026-03-10T23:22:27.789+0530] {processor.py:161} INFO - Started process (PID=10409) to work on /home/sathya/projects/training-kit/.venv-airflow/lib/python3.10/site-packages/airflow/example_dags/example_latest_only.py
[2026-03-10T23:22:27.796+0530] {processor.py:830} INFO - Processing file /home/sathya/projects/training-kit/.venv-airflow/lib/python3.10/site-packages/airflow/example_dags/example_latest_only.py for tasks to queue
[2026-03-10T23:22:27.808+0530] {logging_mixin.py:188} INFO - [2026-03-10T23:22:27.806+0530] {dagbag.py:545} INFO - Filling up the DagBag from /home/sathya/projects/training-kit/.venv-airflow/lib/python3.10/site-packages/airflow/example_dags/example_latest_only.py
[2026-03-10T23:22:27.836+0530] {processor.py:840} INFO - DAG(s) 'latest_only' retrieved from /home/sathya/projects/training-kit/.venv-airflow/lib/python3.10/site-packages/airflow/example_dags/example_latest_only.py
[2026-03-10T23:22:27.880+0530] {logging_mixin.py:188} INFO - [2026-03-10T23:22:27.880+0530] {dag.py:3089} INFO - Sync 1 DAGs
[2026-03-10T23:22:27.914+0530] {logging_mixin.py:188} INFO - [2026-03-10T23:22:27.914+0530] {dag.py:3947} INFO - Setting next_dagrun for latest_only to 2026-03-10 16:00:00+00:00, run_after=2026-03-10 20:00:00+00:00
[2026-03-10T23:22:28.056+0530] {processor.py:183} INFO - Processing /home/sathya/projects/training-kit/.venv-airflow/lib/python3.10/site-packages/airflow/example_dags/example_latest_only.py took 0.297 seconds
[2026-03-10T23:23:10.021+0530] {processor.py:161} INFO - Started process (PID=10646) to work on /home/sathya/projects/training-kit/.venv-airflow/lib/python3.10/site-packages/airflow/example_dags/example_latest_only.py
[2026-03-10T23:23:10.024+0530] {processor.py:830} INFO - Processing file /home/sathya/projects/training-kit/.venv-airflow/lib/python3.10/site-packages/airflow/example_dags/example_latest_only.py for tasks to queue
[2026-03-10T23:23:10.025+0530] {logging_mixin.py:188} INFO - [2026-03-10T23:23:10.024+0530] {dagbag.py:545} INFO - Filling up the DagBag from /home/sathya/projects/training-kit/.venv-airflow/lib/python3.10/site-packages/airflow/example_dags/example_latest_only.py
[2026-03-10T23:23:10.033+0530] {processor.py:840} INFO - DAG(s) 'latest_only' retrieved from /home/sathya/projects/training-kit/.venv-airflow/lib/python3.10/site-packages/airflow/example_dags/example_latest_only.py
[2026-03-10T23:23:10.057+0530] {logging_mixin.py:188} INFO - [2026-03-10T23:23:10.056+0530] {dag.py:3089} INFO - Sync 1 DAGs
[2026-03-10T23:23:10.080+0530] {logging_mixin.py:188} INFO - [2026-03-10T23:23:10.080+0530] {dag.py:3947} INFO - Setting next_dagrun for latest_only to 2026-03-10 16:00:00+00:00, run_after=2026-03-10 20:00:00+00:00
[2026-03-10T23:23:10.130+0530] {processor.py:183} INFO - Processing /home/sathya/projects/training-kit/.venv-airflow/lib/python3.10/site-packages/airflow/example_dags/example_latest_only.py took 0.117 seconds
[2026-03-10T23:28:08.857+0530] {processor.py:161} INFO - Started process (PID=11683) to work on /home/sathya/projects/training-kit/.venv-airflow/lib/python3.10/site-packages/airflow/example_dags/example_latest_only.py
[2026-03-10T23:28:08.864+0530] {processor.py:830} INFO - Processing file /home/sathya/projects/training-kit/.venv-airflow/lib/python3.10/site-packages/airflow/example_dags/example_latest_only.py for tasks to queue
[2026-03-10T23:28:08.870+0530] {logging_mixin.py:188} INFO - [2026-03-10T23:28:08.869+0530] {dagbag.py:545} INFO - Filling up the DagBag from /home/sathya/projects/training-kit/.venv-airflow/lib/python3.10/site-packages/airflow/example_dags/example_latest_only.py
[2026-03-10T23:28:08.891+0530] {processor.py:840} INFO - DAG(s) 'latest_only' retrieved from /home/sathya/projects/training-kit/.venv-airflow/lib/python3.10/site-packages/airflow/example_dags/example_latest_only.py
[2026-03-10T23:28:08.980+0530] {logging_mixin.py:188} INFO - [2026-03-10T23:28:08.979+0530] {dag.py:3089} INFO - Sync 1 DAGs
[2026-03-10T23:28:09.066+0530] {logging_mixin.py:188} INFO - [2026-03-10T23:28:09.066+0530] {dag.py:3947} INFO - Setting next_dagrun for latest_only to 2026-03-10 16:00:00+00:00, run_after=2026-03-10 20:00:00+00:00
[2026-03-10T23:28:09.408+0530] {processor.py:183} INFO - Processing /home/sathya/projects/training-kit/.venv-airflow/lib/python3.10/site-packages/airflow/example_dags/example_latest_only.py took 0.571 seconds
[2026-03-10T23:31:16.922+0530] {processor.py:161} INFO - Started process (PID=12289) to work on /home/sathya/projects/training-kit/.venv-airflow/lib/python3.10/site-packages/airflow/example_dags/example_latest_only.py
[2026-03-10T23:31:16.928+0530] {processor.py:830} INFO - Processing file /home/sathya/projects/training-kit/.venv-airflow/lib/python3.10/site-packages/airflow/example_dags/example_latest_only.py for tasks to queue
[2026-03-10T23:31:16.931+0530] {logging_mixin.py:188} INFO - [2026-03-10T23:31:16.930+0530] {dagbag.py:545} INFO - Filling up the DagBag from /home/sathya/projects/training-kit/.venv-airflow/lib/python3.10/site-packages/airflow/example_dags/example_latest_only.py
[2026-03-10T23:31:16.952+0530] {processor.py:840} INFO - DAG(s) 'latest_only' retrieved from /home/sathya/projects/training-kit/.venv-airflow/lib/python3.10/site-packages/airflow/example_dags/example_latest_only.py
[2026-03-10T23:31:17.005+0530] {logging_mixin.py:188} INFO - [2026-03-10T23:31:17.004+0530] {dag.py:3089} INFO - Sync 1 DAGs
[2026-03-10T23:31:17.062+0530] {logging_mixin.py:188} INFO - [2026-03-10T23:31:17.061+0530] {dag.py:3947} INFO - Setting next_dagrun for latest_only to 2026-03-10 16:00:00+00:00, run_after=2026-03-10 20:00:00+00:00
[2026-03-10T23:31:17.164+0530] {processor.py:183} INFO - Processing /home/sathya/projects/training-kit/.venv-airflow/lib/python3.10/site-packages/airflow/example_dags/example_latest_only.py took 0.262 seconds
[2026-03-10T23:31:23.876+0530] {processor.py:161} INFO - Started process (PID=12316) to work on /home/sathya/projects/training-kit/.venv-airflow/lib/python3.10/site-packages/airflow/example_dags/example_latest_only.py
[2026-03-10T23:31:23.881+0530] {processor.py:830} INFO - Processing file /home/sathya/projects/training-kit/.venv-airflow/lib/python3.10/site-packages/airflow/example_dags/example_latest_only.py for tasks to queue
[2026-03-10T23:31:23.884+0530] {logging_mixin.py:188} INFO - [2026-03-10T23:31:23.883+0530] {dagbag.py:545} INFO - Filling up the DagBag from /home/sathya/projects/training-kit/.venv-airflow/lib/python3.10/site-packages/airflow/example_dags/example_latest_only.py
[2026-03-10T23:31:23.907+0530] {processor.py:840} INFO - DAG(s) 'latest_only' retrieved from /home/sathya/projects/training-kit/.venv-airflow/lib/python3.10/site-packages/airflow/example_dags/example_latest_only.py
[2026-03-10T23:31:23.970+0530] {logging_mixin.py:188} INFO - [2026-03-10T23:31:23.969+0530] {dag.py:3089} INFO - Sync 1 DAGs
[2026-03-10T23:31:24.051+0530] {logging_mixin.py:188} INFO - [2026-03-10T23:31:24.050+0530] {dag.py:3947} INFO - Setting next_dagrun for latest_only to 2026-03-10 16:00:00+00:00, run_after=2026-03-10 20:00:00+00:00
[2026-03-10T23:31:24.480+0530] {processor.py:183} INFO - Processing /home/sathya/projects/training-kit/.venv-airflow/lib/python3.10/site-packages/airflow/example_dags/example_latest_only.py took 0.631 seconds
[2026-03-10T23:47:32.284+0530] {processor.py:161} INFO - Started process (PID=14709) to work on /home/sathya/projects/training-kit/.venv-airflow/lib/python3.10/site-packages/airflow/example_dags/example_latest_only.py
[2026-03-10T23:47:32.287+0530] {processor.py:830} INFO - Processing file /home/sathya/projects/training-kit/.venv-airflow/lib/python3.10/site-packages/airflow/example_dags/example_latest_only.py for tasks to queue
[2026-03-10T23:47:32.292+0530] {logging_mixin.py:188} INFO - [2026-03-10T23:47:32.291+0530] {dagbag.py:545} INFO - Filling up the DagBag from /home/sathya/projects/training-kit/.venv-airflow/lib/python3.10/site-packages/airflow/example_dags/example_latest_only.py
[2026-03-10T23:47:32.309+0530] {processor.py:840} INFO - DAG(s) 'latest_only' retrieved from /home/sathya/projects/training-kit/.venv-airflow/lib/python3.10/site-packages/airflow/example_dags/example_latest_only.py
[2026-03-10T23:47:32.358+0530] {logging_mixin.py:188} INFO - [2026-03-10T23:47:32.358+0530] {dag.py:3089} INFO - Sync 1 DAGs
[2026-03-10T23:47:32.412+0530] {logging_mixin.py:188} INFO - [2026-03-10T23:47:32.411+0530] {dag.py:3947} INFO - Setting next_dagrun for latest_only to 2026-03-10 16:00:00+00:00, run_after=2026-03-10 20:00:00+00:00
[2026-03-10T23:47:32.495+0530] {processor.py:183} INFO - Processing /home/sathya/projects/training-kit/.venv-airflow/lib/python3.10/site-packages/airflow/example_dags/example_latest_only.py took 0.237 seconds
[2026-03-10T23:49:22.893+0530] {processor.py:161} INFO - Started process (PID=14961) to work on /home/sathya/projects/training-kit/.venv-airflow/lib/python3.10/site-packages/airflow/example_dags/example_latest_only.py
[2026-03-10T23:49:22.904+0530] {processor.py:830} INFO - Processing file /home/sathya/projects/training-kit/.venv-airflow/lib/python3.10/site-packages/airflow/example_dags/example_latest_only.py for tasks to queue
[2026-03-10T23:49:22.909+0530] {logging_mixin.py:188} INFO - [2026-03-10T23:49:22.907+0530] {dagbag.py:545} INFO - Filling up the DagBag from /home/sathya/projects/training-kit/.venv-airflow/lib/python3.10/site-packages/airflow/example_dags/example_latest_only.py
[2026-03-10T23:49:22.925+0530] {processor.py:840} INFO - DAG(s) 'latest_only' retrieved from /home/sathya/projects/training-kit/.venv-airflow/lib/python3.10/site-packages/airflow/example_dags/example_latest_only.py
[2026-03-10T23:49:23.002+0530] {logging_mixin.py:188} INFO - [2026-03-10T23:49:23.000+0530] {dag.py:3089} INFO - Sync 1 DAGs
[2026-03-10T23:49:23.058+0530] {logging_mixin.py:188} INFO - [2026-03-10T23:49:23.057+0530] {dag.py:3947} INFO - Setting next_dagrun for latest_only to 2026-03-10 16:00:00+00:00, run_after=2026-03-10 20:00:00+00:00
[2026-03-10T23:49:23.162+0530] {processor.py:183} INFO - Processing /home/sathya/projects/training-kit/.venv-airflow/lib/python3.10/site-packages/airflow/example_dags/example_latest_only.py took 0.289 seconds
[2026-03-11T00:01:15.733+0530] {processor.py:161} INFO - Started process (PID=16677) to work on /home/sathya/projects/training-kit/.venv-airflow/lib/python3.10/site-packages/airflow/example_dags/example_latest_only.py
[2026-03-11T00:01:15.738+0530] {processor.py:830} INFO - Processing file /home/sathya/projects/training-kit/.venv-airflow/lib/python3.10/site-packages/airflow/example_dags/example_latest_only.py for tasks to queue
[2026-03-11T00:01:15.747+0530] {logging_mixin.py:188} INFO - [2026-03-11T00:01:15.743+0530] {dagbag.py:545} INFO - Filling up the DagBag from /home/sathya/projects/training-kit/.venv-airflow/lib/python3.10/site-packages/airflow/example_dags/example_latest_only.py
[2026-03-11T00:01:15.799+0530] {processor.py:840} INFO - DAG(s) 'latest_only' retrieved from /home/sathya/projects/training-kit/.venv-airflow/lib/python3.10/site-packages/airflow/example_dags/example_latest_only.py
[2026-03-11T00:01:15.884+0530] {logging_mixin.py:188} INFO - [2026-03-11T00:01:15.883+0530] {dag.py:3089} INFO - Sync 1 DAGs
[2026-03-11T00:01:15.974+0530] {logging_mixin.py:188} INFO - [2026-03-11T00:01:15.974+0530] {dag.py:3947} INFO - Setting next_dagrun for latest_only to 2026-03-10 16:00:00+00:00, run_after=2026-03-10 20:00:00+00:00
[2026-03-11T00:01:16.077+0530] {processor.py:183} INFO - Processing /home/sathya/projects/training-kit/.venv-airflow/lib/python3.10/site-packages/airflow/example_dags/example_latest_only.py took 0.387 seconds
[2026-03-11T00:03:09.967+0530] {processor.py:161} INFO - Started process (PID=16938) to work on /home/sathya/projects/training-kit/.venv-airflow/lib/python3.10/site-packages/airflow/example_dags/example_latest_only.py
[2026-03-11T00:03:09.971+0530] {processor.py:830} INFO - Processing file /home/sathya/projects/training-kit/.venv-airflow/lib/python3.10/site-packages/airflow/example_dags/example_latest_only.py for tasks to queue
[2026-03-11T00:03:09.976+0530] {logging_mixin.py:188} INFO - [2026-03-11T00:03:09.975+0530] {dagbag.py:545} INFO - Filling up the DagBag from /home/sathya/projects/training-kit/.venv-airflow/lib/python3.10/site-packages/airflow/example_dags/example_latest_only.py
[2026-03-11T00:03:09.992+0530] {processor.py:840} INFO - DAG(s) 'latest_only' retrieved from /home/sathya/projects/training-kit/.venv-airflow/lib/python3.10/site-packages/airflow/example_dags/example_latest_only.py
[2026-03-11T00:03:10.048+0530] {logging_mixin.py:188} INFO - [2026-03-11T00:03:10.048+0530] {dag.py:3089} INFO - Sync 1 DAGs
[2026-03-11T00:03:10.126+0530] {logging_mixin.py:188} INFO - [2026-03-11T00:03:10.126+0530] {dag.py:3947} INFO - Setting next_dagrun for latest_only to 2026-03-10 16:00:00+00:00, run_after=2026-03-10 20:00:00+00:00
[2026-03-11T00:03:10.214+0530] {processor.py:183} INFO - Processing /home/sathya/projects/training-kit/.venv-airflow/lib/python3.10/site-packages/airflow/example_dags/example_latest_only.py took 0.278 seconds
