[2026-03-10T22:57:34.339+0530] {processor.py:161} INFO - Started process (PID=4010) to work on /home/sathya/projects/training-kit/.venv-airflow/lib/python3.10/site-packages/airflow/example_dags/example_setup_teardown.py
[2026-03-10T22:57:34.340+0530] {processor.py:830} INFO - Processing file /home/sathya/projects/training-kit/.venv-airflow/lib/python3.10/site-packages/airflow/example_dags/example_setup_teardown.py for tasks to queue
[2026-03-10T22:57:34.341+0530] {logging_mixin.py:188} INFO - [2026-03-10T22:57:34.341+0530] {dagbag.py:545} INFO - Filling up the DagBag from /home/sathya/projects/training-kit/.venv-airflow/lib/python3.10/site-packages/airflow/example_dags/example_setup_teardown.py
[2026-03-10T22:57:34.352+0530] {processor.py:840} INFO - DAG(s) 'example_setup_teardown' retrieved from /home/sathya/projects/training-kit/.venv-airflow/lib/python3.10/site-packages/airflow/example_dags/example_setup_teardown.py
[2026-03-10T22:57:34.501+0530] {logging_mixin.py:188} INFO - [2026-03-10T22:57:34.500+0530] {dag.py:3089} INFO - Sync 1 DAGs
[2026-03-10T22:57:34.540+0530] {logging_mixin.py:188} INFO - [2026-03-10T22:57:34.540+0530] {dag.py:3947} INFO - Setting next_dagrun for example_setup_teardown to 2026-03-10 00:00:00+00:00, run_after=2026-03-11 00:00:00+00:00
[2026-03-10T22:57:34.607+0530] {processor.py:183} INFO - Processing /home/sathya/projects/training-kit/.venv-airflow/lib/python3.10/site-packages/airflow/example_dags/example_setup_teardown.py took 0.280 seconds
[2026-03-10T22:59:35.206+0530] {processor.py:161} INFO - Started process (PID=4506) to work on /home/sathya/projects/training-kit/.venv-airflow/lib/python3.10/site-packages/airflow/example_dags/example_setup_teardown.py
[2026-03-10T22:59:35.207+0530] {processor.py:830} INFO - Processing file /home/sathya/projects/training-kit/.venv-airflow/lib/python3.10/site-packages/airflow/example_dags/example_setup_teardown.py for tasks to queue
[2026-03-10T22:59:35.211+0530] {logging_mixin.py:188} INFO - [2026-03-10T22:59:35.209+0530] {dagbag.py:545} INFO - Filling up the DagBag from /home/sathya/projects/training-kit/.venv-airflow/lib/python3.10/site-packages/airflow/example_dags/example_setup_teardown.py
[2026-03-10T22:59:35.219+0530] {processor.py:840} INFO - DAG(s) 'example_setup_teardown' retrieved from /home/sathya/projects/training-kit/.venv-airflow/lib/python3.10/site-packages/airflow/example_dags/example_setup_teardown.py
[2026-03-10T22:59:35.241+0530] {logging_mixin.py:188} INFO - [2026-03-10T22:59:35.241+0530] {dag.py:3089} INFO - Sync 1 DAGs
[2026-03-10T22:59:35.269+0530] {logging_mixin.py:188} INFO - [2026-03-10T22:59:35.269+0530] {dag.py:3947} INFO - Setting next_dagrun for example_setup_teardown to 2026-03-10 00:00:00+00:00, run_after=2026-03-11 00:00:00+00:00
[2026-03-10T22:59:35.307+0530] {processor.py:183} INFO - Processing /home/sathya/projects/training-kit/.venv-airflow/lib/python3.10/site-packages/airflow/example_dags/example_setup_teardown.py took 0.109 seconds
[2026-03-10T23:02:24.166+0530] {processor.py:161} INFO - Started process (PID=5223) to work on /home/sathya/projects/training-kit/.venv-airflow/lib/python3.10/site-packages/airflow/example_dags/example_setup_teardown.py
[2026-03-10T23:02:24.168+0530] {processor.py:830} INFO - Processing file /home/sathya/projects/training-kit/.venv-airflow/lib/python3.10/site-packages/airflow/example_dags/example_setup_teardown.py for tasks to queue
[2026-03-10T23:02:24.169+0530] {logging_mixin.py:188} INFO - [2026-03-10T23:02:24.168+0530] {dagbag.py:545} INFO - Filling up the DagBag from /home/sathya/projects/training-kit/.venv-airflow/lib/python3.10/site-packages/airflow/example_dags/example_setup_teardown.py
[2026-03-10T23:02:24.178+0530] {processor.py:840} INFO - DAG(s) 'example_setup_teardown' retrieved from /home/sathya/projects/training-kit/.venv-airflow/lib/python3.10/site-packages/airflow/example_dags/example_setup_teardown.py
[2026-03-10T23:02:24.205+0530] {logging_mixin.py:188} INFO - [2026-03-10T23:02:24.205+0530] {dag.py:3089} INFO - Sync 1 DAGs
[2026-03-10T23:02:24.233+0530] {logging_mixin.py:188} INFO - [2026-03-10T23:02:24.233+0530] {dag.py:3947} INFO - Setting next_dagrun for example_setup_teardown to 2026-03-10 00:00:00+00:00, run_after=2026-03-11 00:00:00+00:00
[2026-03-10T23:02:24.268+0530] {processor.py:183} INFO - Processing /home/sathya/projects/training-kit/.venv-airflow/lib/python3.10/site-packages/airflow/example_dags/example_setup_teardown.py took 0.113 seconds
[2026-03-10T23:07:16.899+0530] {processor.py:161} INFO - Started process (PID=6430) to work on /home/sathya/projects/training-kit/.venv-airflow/lib/python3.10/site-packages/airflow/example_dags/example_setup_teardown.py
[2026-03-10T23:07:16.902+0530] {processor.py:830} INFO - Processing file /home/sathya/projects/training-kit/.venv-airflow/lib/python3.10/site-packages/airflow/example_dags/example_setup_teardown.py for tasks to queue
[2026-03-10T23:07:16.904+0530] {logging_mixin.py:188} INFO - [2026-03-10T23:07:16.903+0530] {dagbag.py:545} INFO - Filling up the DagBag from /home/sathya/projects/training-kit/.venv-airflow/lib/python3.10/site-packages/airflow/example_dags/example_setup_teardown.py
[2026-03-10T23:07:16.916+0530] {processor.py:840} INFO - DAG(s) 'example_setup_teardown' retrieved from /home/sathya/projects/training-kit/.venv-airflow/lib/python3.10/site-packages/airflow/example_dags/example_setup_teardown.py
[2026-03-10T23:07:16.937+0530] {logging_mixin.py:188} INFO - [2026-03-10T23:07:16.937+0530] {dag.py:3089} INFO - Sync 1 DAGs
[2026-03-10T23:07:16.960+0530] {logging_mixin.py:188} INFO - [2026-03-10T23:07:16.960+0530] {dag.py:3947} INFO - Setting next_dagrun for example_setup_teardown to 2026-03-10 00:00:00+00:00, run_after=2026-03-11 00:00:00+00:00
[2026-03-10T23:07:16.992+0530] {processor.py:183} INFO - Processing /home/sathya/projects/training-kit/.venv-airflow/lib/python3.10/site-packages/airflow/example_dags/example_setup_teardown.py took 0.105 seconds
[2026-03-10T23:08:35.887+0530] {processor.py:161} INFO - Started process (PID=6805) to work on /home/sathya/projects/training-kit/.venv-airflow/lib/python3.10/site-packages/airflow/example_dags/example_setup_teardown.py
[2026-03-10T23:08:35.889+0530] {processor.py:830} INFO - Processing file /home/sathya/projects/training-kit/.venv-airflow/lib/python3.10/site-packages/airflow/example_dags/example_setup_teardown.py for tasks to queue
[2026-03-10T23:08:35.890+0530] {logging_mixin.py:188} INFO - [2026-03-10T23:08:35.889+0530] {dagbag.py:545} INFO - Filling up the DagBag from /home/sathya/projects/training-kit/.venv-airflow/lib/python3.10/site-packages/airflow/example_dags/example_setup_teardown.py
[2026-03-10T23:08:35.900+0530] {processor.py:840} INFO - DAG(s) 'example_setup_teardown' retrieved from /home/sathya/projects/training-kit/.venv-airflow/lib/python3.10/site-packages/airflow/example_dags/example_setup_teardown.py
[2026-03-10T23:08:35.923+0530] {logging_mixin.py:188} INFO - [2026-03-10T23:08:35.923+0530] {dag.py:3089} INFO - Sync 1 DAGs
[2026-03-10T23:08:35.953+0530] {logging_mixin.py:188} INFO - [2026-03-10T23:08:35.952+0530] {dag.py:3947} INFO - Setting next_dagrun for example_setup_teardown to 2026-03-10 00:00:00+00:00, run_after=2026-03-11 00:00:00+00:00
[2026-03-10T23:08:35.984+0530] {processor.py:183} INFO - Processing /home/sathya/projects/training-kit/.venv-airflow/lib/python3.10/site-packages/airflow/example_dags/example_setup_teardown.py took 0.107 seconds
[2026-03-10T23:14:39.547+0530] {processor.py:161} INFO - Started process (PID=8317) to work on /home/sathya/projects/training-kit/.venv-airflow/lib/python3.10/site-packages/airflow/example_dags/example_setup_teardown.py
[2026-03-10T23:14:39.548+0530] {processor.py:830} INFO - Processing file /home/sathya/projects/training-kit/.venv-airflow/lib/python3.10/site-packages/airflow/example_dags/example_setup_teardown.py for tasks to queue
[2026-03-10T23:14:39.551+0530] {logging_mixin.py:188} INFO - [2026-03-10T23:14:39.549+0530] {dagbag.py:545} INFO - Filling up the DagBag from /home/sathya/projects/training-kit/.venv-airflow/lib/python3.10/site-packages/airflow/example_dags/example_setup_teardown.py
[2026-03-10T23:14:39.557+0530] {processor.py:840} INFO - DAG(s) 'example_setup_teardown' retrieved from /home/sathya/projects/training-kit/.venv-airflow/lib/python3.10/site-packages/airflow/example_dags/example_setup_teardown.py
[2026-03-10T23:14:39.575+0530] {logging_mixin.py:188} INFO - [2026-03-10T23:14:39.575+0530] {dag.py:3089} INFO - Sync 1 DAGs
[2026-03-10T23:14:39.594+0530] {logging_mixin.py:188} INFO - [2026-03-10T23:14:39.594+0530] {dag.py:3947} INFO - Setting next_dagrun for example_setup_teardown to 2026-03-10 00:00:00+00:00, run_after=2026-03-11 00:00:00+00:00
[2026-03-10T23:14:39.623+0530] {processor.py:183} INFO - Processing /home/sathya/projects/training-kit/.venv-airflow/lib/python3.10/site-packages/airflow/example_dags/example_setup_teardown.py took 0.082 seconds
[2026-03-10T23:15:26.390+0530] {processor.py:161} INFO - Started process (PID=8482) to work on /home/sathya/projects/training-kit/.venv-airflow/lib/python3.10/site-packages/airflow/example_dags/example_setup_teardown.py
[2026-03-10T23:15:26.391+0530] {processor.py:830} INFO - Processing file /home/sathya/projects/training-kit/.venv-airflow/lib/python3.10/site-packages/airflow/example_dags/example_setup_teardown.py for tasks to queue
[2026-03-10T23:15:26.392+0530] {logging_mixin.py:188} INFO - [2026-03-10T23:15:26.392+0530] {dagbag.py:545} INFO - Filling up the DagBag from /home/sathya/projects/training-kit/.venv-airflow/lib/python3.10/site-packages/airflow/example_dags/example_setup_teardown.py
[2026-03-10T23:15:26.403+0530] {processor.py:840} INFO - DAG(s) 'example_setup_teardown' retrieved from /home/sathya/projects/training-kit/.venv-airflow/lib/python3.10/site-packages/airflow/example_dags/example_setup_teardown.py
[2026-03-10T23:15:26.424+0530] {logging_mixin.py:188} INFO - [2026-03-10T23:15:26.423+0530] {dag.py:3089} INFO - Sync 1 DAGs
[2026-03-10T23:15:26.446+0530] {logging_mixin.py:188} INFO - [2026-03-10T23:15:26.446+0530] {dag.py:3947} INFO - Setting next_dagrun for example_setup_teardown to 2026-03-10 00:00:00+00:00, run_after=2026-03-11 00:00:00+00:00
[2026-03-10T23:15:26.488+0530] {processor.py:183} INFO - Processing /home/sathya/projects/training-kit/.venv-airflow/lib/python3.10/site-packages/airflow/example_dags/example_setup_teardown.py took 0.105 seconds
[2026-03-10T23:21:19.280+0530] {processor.py:161} INFO - Started process (PID=9992) to work on /home/sathya/projects/training-kit/.venv-airflow/lib/python3.10/site-packages/airflow/example_dags/example_setup_teardown.py
[2026-03-10T23:21:19.283+0530] {processor.py:830} INFO - Processing file /home/sathya/projects/training-kit/.venv-airflow/lib/python3.10/site-packages/airflow/example_dags/example_setup_teardown.py for tasks to queue
[2026-03-10T23:21:19.285+0530] {logging_mixin.py:188} INFO - [2026-03-10T23:21:19.284+0530] {dagbag.py:545} INFO - Filling up the DagBag from /home/sathya/projects/training-kit/.venv-airflow/lib/python3.10/site-packages/airflow/example_dags/example_setup_teardown.py
[2026-03-10T23:21:19.295+0530] {processor.py:840} INFO - DAG(s) 'example_setup_teardown' retrieved from /home/sathya/projects/training-kit/.venv-airflow/lib/python3.10/site-packages/airflow/example_dags/example_setup_teardown.py
[2026-03-10T23:21:19.316+0530] {logging_mixin.py:188} INFO - [2026-03-10T23:21:19.315+0530] {dag.py:3089} INFO - Sync 1 DAGs
[2026-03-10T23:21:19.346+0530] {logging_mixin.py:188} INFO - [2026-03-10T23:21:19.345+0530] {dag.py:3947} INFO - Setting next_dagrun for example_setup_teardown to 2026-03-10 00:00:00+00:00, run_after=2026-03-11 00:00:00+00:00
[2026-03-10T23:21:19.395+0530] {processor.py:183} INFO - Processing /home/sathya/projects/training-kit/.venv-airflow/lib/python3.10/site-packages/airflow/example_dags/example_setup_teardown.py took 0.129 seconds
[2026-03-10T23:21:57.012+0530] {processor.py:161} INFO - Started process (PID=10232) to work on /home/sathya/projects/training-kit/.venv-airflow/lib/python3.10/site-packages/airflow/example_dags/example_setup_teardown.py
[2026-03-10T23:21:57.015+0530] {processor.py:830} INFO - Processing file /home/sathya/projects/training-kit/.venv-airflow/lib/python3.10/site-packages/airflow/example_dags/example_setup_teardown.py for tasks to queue
[2026-03-10T23:21:57.019+0530] {logging_mixin.py:188} INFO - [2026-03-10T23:21:57.016+0530] {dagbag.py:545} INFO - Filling up the DagBag from /home/sathya/projects/training-kit/.venv-airflow/lib/python3.10/site-packages/airflow/example_dags/example_setup_teardown.py
[2026-03-10T23:21:57.027+0530] {processor.py:840} INFO - DAG(s) 'example_setup_teardown' retrieved from /home/sathya/projects/training-kit/.venv-airflow/lib/python3.10/site-packages/airflow/example_dags/example_setup_teardown.py
[2026-03-10T23:21:57.058+0530] {logging_mixin.py:188} INFO - [2026-03-10T23:21:57.058+0530] {dag.py:3089} INFO - Sync 1 DAGs
[2026-03-10T23:21:57.086+0530] {logging_mixin.py:188} INFO - [2026-03-10T23:21:57.085+0530] {dag.py:3947} INFO - Setting next_dagrun for example_setup_teardown to 2026-03-10 00:00:00+00:00, run_after=2026-03-11 00:00:00+00:00
[2026-03-10T23:21:57.124+0530] {processor.py:183} INFO - Processing /home/sathya/projects/training-kit/.venv-airflow/lib/python3.10/site-packages/airflow/example_dags/example_setup_teardown.py took 0.122 seconds
[2026-03-10T23:23:50.067+0530] {processor.py:161} INFO - Started process (PID=10806) to work on /home/sathya/projects/training-kit/.venv-airflow/lib/python3.10/site-packages/airflow/example_dags/example_setup_teardown.py
[2026-03-10T23:23:50.072+0530] {processor.py:830} INFO - Processing file /home/sathya/projects/training-kit/.venv-airflow/lib/python3.10/site-packages/airflow/example_dags/example_setup_teardown.py for tasks to queue
[2026-03-10T23:23:50.078+0530] {logging_mixin.py:188} INFO - [2026-03-10T23:23:50.077+0530] {dagbag.py:545} INFO - Filling up the DagBag from /home/sathya/projects/training-kit/.venv-airflow/lib/python3.10/site-packages/airflow/example_dags/example_setup_teardown.py
[2026-03-10T23:23:50.115+0530] {processor.py:840} INFO - DAG(s) 'example_setup_teardown' retrieved from /home/sathya/projects/training-kit/.venv-airflow/lib/python3.10/site-packages/airflow/example_dags/example_setup_teardown.py
[2026-03-10T23:23:48.159+0530] {logging_mixin.py:188} INFO - [2026-03-10T23:23:48.158+0530] {dag.py:3089} INFO - Sync 1 DAGs
[2026-03-10T23:23:48.227+0530] {logging_mixin.py:188} INFO - [2026-03-10T23:23:48.226+0530] {dag.py:3947} INFO - Setting next_dagrun for example_setup_teardown to 2026-03-10 00:00:00+00:00, run_after=2026-03-11 00:00:00+00:00
[2026-03-10T23:23:48.300+0530] {processor.py:183} INFO - Processing /home/sathya/projects/training-kit/.venv-airflow/lib/python3.10/site-packages/airflow/example_dags/example_setup_teardown.py took 0.290 seconds
[2026-03-10T23:27:32.593+0530] {processor.py:161} INFO - Started process (PID=11539) to work on /home/sathya/projects/training-kit/.venv-airflow/lib/python3.10/site-packages/airflow/example_dags/example_setup_teardown.py
[2026-03-10T23:27:32.614+0530] {processor.py:830} INFO - Processing file /home/sathya/projects/training-kit/.venv-airflow/lib/python3.10/site-packages/airflow/example_dags/example_setup_teardown.py for tasks to queue
[2026-03-10T23:27:32.628+0530] {logging_mixin.py:188} INFO - [2026-03-10T23:27:32.615+0530] {dagbag.py:545} INFO - Filling up the DagBag from /home/sathya/projects/training-kit/.venv-airflow/lib/python3.10/site-packages/airflow/example_dags/example_setup_teardown.py
[2026-03-10T23:27:32.670+0530] {processor.py:840} INFO - DAG(s) 'example_setup_teardown' retrieved from /home/sathya/projects/training-kit/.venv-airflow/lib/python3.10/site-packages/airflow/example_dags/example_setup_teardown.py
[2026-03-10T23:27:32.717+0530] {logging_mixin.py:188} INFO - [2026-03-10T23:27:32.716+0530] {dag.py:3089} INFO - Sync 1 DAGs
[2026-03-10T23:27:32.765+0530] {logging_mixin.py:188} INFO - [2026-03-10T23:27:32.765+0530] {dag.py:3947} INFO - Setting next_dagrun for example_setup_teardown to 2026-03-10 00:00:00+00:00, run_after=2026-03-11 00:00:00+00:00
[2026-03-10T23:27:32.830+0530] {processor.py:183} INFO - Processing /home/sathya/projects/training-kit/.venv-airflow/lib/python3.10/site-packages/airflow/example_dags/example_setup_teardown.py took 0.267 seconds
[2026-03-10T23:30:19.832+0530] {processor.py:161} INFO - Started process (PID=12101) to work on /home/sathya/projects/training-kit/.venv-airflow/lib/python3.10/site-packages/airflow/example_dags/example_setup_teardown.py
[2026-03-10T23:30:19.840+0530] {processor.py:830} INFO - Processing file /home/sathya/projects/training-kit/.venv-airflow/lib/python3.10/site-packages/airflow/example_dags/example_setup_teardown.py for tasks to queue
[2026-03-10T23:30:19.843+0530] {logging_mixin.py:188} INFO - [2026-03-10T23:30:19.842+0530] {dagbag.py:545} INFO - Filling up the DagBag from /home/sathya/projects/training-kit/.venv-airflow/lib/python3.10/site-packages/airflow/example_dags/example_setup_teardown.py
[2026-03-10T23:30:19.862+0530] {processor.py:840} INFO - DAG(s) 'example_setup_teardown' retrieved from /home/sathya/projects/training-kit/.venv-airflow/lib/python3.10/site-packages/airflow/example_dags/example_setup_teardown.py
[2026-03-10T23:30:19.913+0530] {logging_mixin.py:188} INFO - [2026-03-10T23:30:19.912+0530] {dag.py:3089} INFO - Sync 1 DAGs
[2026-03-10T23:30:19.989+0530] {logging_mixin.py:188} INFO - [2026-03-10T23:30:19.989+0530] {dag.py:3947} INFO - Setting next_dagrun for example_setup_teardown to 2026-03-10 00:00:00+00:00, run_after=2026-03-11 00:00:00+00:00
[2026-03-10T23:30:20.079+0530] {processor.py:183} INFO - Processing /home/sathya/projects/training-kit/.venv-airflow/lib/python3.10/site-packages/airflow/example_dags/example_setup_teardown.py took 0.266 seconds
[2026-03-10T23:40:15.675+0530] {processor.py:161} INFO - Started process (PID=13851) to work on /home/sathya/projects/training-kit/.venv-airflow/lib/python3.10/site-packages/airflow/example_dags/example_setup_teardown.py
[2026-03-10T23:40:15.680+0530] {processor.py:830} INFO - Processing file /home/sathya/projects/training-kit/.venv-airflow/lib/python3.10/site-packages/airflow/example_dags/example_setup_teardown.py for tasks to queue
[2026-03-10T23:40:15.685+0530] {logging_mixin.py:188} INFO - [2026-03-10T23:40:15.684+0530] {dagbag.py:545} INFO - Filling up the DagBag from /home/sathya/projects/training-kit/.venv-airflow/lib/python3.10/site-packages/airflow/example_dags/example_setup_teardown.py
[2026-03-10T23:40:15.709+0530] {processor.py:840} INFO - DAG(s) 'example_setup_teardown' retrieved from /home/sathya/projects/training-kit/.venv-airflow/lib/python3.10/site-packages/airflow/example_dags/example_setup_teardown.py
[2026-03-10T23:40:15.766+0530] {logging_mixin.py:188} INFO - [2026-03-10T23:40:15.765+0530] {dag.py:3089} INFO - Sync 1 DAGs
[2026-03-10T23:40:15.816+0530] {logging_mixin.py:188} INFO - [2026-03-10T23:40:15.816+0530] {dag.py:3947} INFO - Setting next_dagrun for example_setup_teardown to 2026-03-10 00:00:00+00:00, run_after=2026-03-11 00:00:00+00:00
[2026-03-10T23:40:15.899+0530] {processor.py:183} INFO - Processing /home/sathya/projects/training-kit/.venv-airflow/lib/python3.10/site-packages/airflow/example_dags/example_setup_teardown.py took 0.271 seconds
[2026-03-10T23:46:48.466+0530] {processor.py:161} INFO - Started process (PID=14602) to work on /home/sathya/projects/training-kit/.venv-airflow/lib/python3.10/site-packages/airflow/example_dags/example_setup_teardown.py
[2026-03-10T23:46:48.470+0530] {processor.py:830} INFO - Processing file /home/sathya/projects/training-kit/.venv-airflow/lib/python3.10/site-packages/airflow/example_dags/example_setup_teardown.py for tasks to queue
[2026-03-10T23:46:48.478+0530] {logging_mixin.py:188} INFO - [2026-03-10T23:46:48.476+0530] {dagbag.py:545} INFO - Filling up the DagBag from /home/sathya/projects/training-kit/.venv-airflow/lib/python3.10/site-packages/airflow/example_dags/example_setup_teardown.py
[2026-03-10T23:46:48.503+0530] {processor.py:840} INFO - DAG(s) 'example_setup_teardown' retrieved from /home/sathya/projects/training-kit/.venv-airflow/lib/python3.10/site-packages/airflow/example_dags/example_setup_teardown.py
[2026-03-10T23:46:48.553+0530] {logging_mixin.py:188} INFO - [2026-03-10T23:46:48.552+0530] {dag.py:3089} INFO - Sync 1 DAGs
[2026-03-10T23:46:48.642+0530] {logging_mixin.py:188} INFO - [2026-03-10T23:46:48.641+0530] {dag.py:3947} INFO - Setting next_dagrun for example_setup_teardown to 2026-03-10 00:00:00+00:00, run_after=2026-03-11 00:00:00+00:00
[2026-03-10T23:46:48.730+0530] {processor.py:183} INFO - Processing /home/sathya/projects/training-kit/.venv-airflow/lib/python3.10/site-packages/airflow/example_dags/example_setup_teardown.py took 0.286 seconds
[2026-03-10T23:55:39.758+0530] {processor.py:161} INFO - Started process (PID=15896) to work on /home/sathya/projects/training-kit/.venv-airflow/lib/python3.10/site-packages/airflow/example_dags/example_setup_teardown.py
[2026-03-10T23:55:39.762+0530] {processor.py:830} INFO - Processing file /home/sathya/projects/training-kit/.venv-airflow/lib/python3.10/site-packages/airflow/example_dags/example_setup_teardown.py for tasks to queue
[2026-03-10T23:55:39.764+0530] {logging_mixin.py:188} INFO - [2026-03-10T23:55:39.763+0530] {dagbag.py:545} INFO - Filling up the DagBag from /home/sathya/projects/training-kit/.venv-airflow/lib/python3.10/site-packages/airflow/example_dags/example_setup_teardown.py
[2026-03-10T23:55:39.796+0530] {processor.py:840} INFO - DAG(s) 'example_setup_teardown' retrieved from /home/sathya/projects/training-kit/.venv-airflow/lib/python3.10/site-packages/airflow/example_dags/example_setup_teardown.py
[2026-03-10T23:55:39.839+0530] {logging_mixin.py:188} INFO - [2026-03-10T23:55:39.838+0530] {dag.py:3089} INFO - Sync 1 DAGs
[2026-03-10T23:55:39.887+0530] {logging_mixin.py:188} INFO - [2026-03-10T23:55:39.886+0530] {dag.py:3947} INFO - Setting next_dagrun for example_setup_teardown to 2026-03-10 00:00:00+00:00, run_after=2026-03-11 00:00:00+00:00
[2026-03-10T23:55:39.953+0530] {processor.py:183} INFO - Processing /home/sathya/projects/training-kit/.venv-airflow/lib/python3.10/site-packages/airflow/example_dags/example_setup_teardown.py took 0.214 seconds
[2026-03-10T23:57:15.243+0530] {processor.py:161} INFO - Started process (PID=16109) to work on /home/sathya/projects/training-kit/.venv-airflow/lib/python3.10/site-packages/airflow/example_dags/example_setup_teardown.py
[2026-03-10T23:57:15.246+0530] {processor.py:830} INFO - Processing file /home/sathya/projects/training-kit/.venv-airflow/lib/python3.10/site-packages/airflow/example_dags/example_setup_teardown.py for tasks to queue
[2026-03-10T23:57:15.253+0530] {logging_mixin.py:188} INFO - [2026-03-10T23:57:15.252+0530] {dagbag.py:545} INFO - Filling up the DagBag from /home/sathya/projects/training-kit/.venv-airflow/lib/python3.10/site-packages/airflow/example_dags/example_setup_teardown.py
[2026-03-10T23:57:15.275+0530] {processor.py:840} INFO - DAG(s) 'example_setup_teardown' retrieved from /home/sathya/projects/training-kit/.venv-airflow/lib/python3.10/site-packages/airflow/example_dags/example_setup_teardown.py
[2026-03-10T23:57:15.326+0530] {logging_mixin.py:188} INFO - [2026-03-10T23:57:15.325+0530] {dag.py:3089} INFO - Sync 1 DAGs
[2026-03-10T23:57:15.412+0530] {logging_mixin.py:188} INFO - [2026-03-10T23:57:15.412+0530] {dag.py:3947} INFO - Setting next_dagrun for example_setup_teardown to 2026-03-10 00:00:00+00:00, run_after=2026-03-11 00:00:00+00:00
[2026-03-10T23:57:15.496+0530] {processor.py:183} INFO - Processing /home/sathya/projects/training-kit/.venv-airflow/lib/python3.10/site-packages/airflow/example_dags/example_setup_teardown.py took 0.280 seconds
