[2026-03-10T22:59:51.800+0530] {processor.py:161} INFO - Started process (PID=4581) to work on /home/sathya/projects/training-kit/.venv-airflow/lib/python3.10/site-packages/airflow/example_dags/example_branch_labels.py
[2026-03-10T22:59:51.801+0530] {processor.py:830} INFO - Processing file /home/sathya/projects/training-kit/.venv-airflow/lib/python3.10/site-packages/airflow/example_dags/example_branch_labels.py for tasks to queue
[2026-03-10T22:59:51.802+0530] {logging_mixin.py:188} INFO - [2026-03-10T22:59:51.802+0530] {dagbag.py:545} INFO - Filling up the DagBag from /home/sathya/projects/training-kit/.venv-airflow/lib/python3.10/site-packages/airflow/example_dags/example_branch_labels.py
[2026-03-10T22:59:51.810+0530] {processor.py:840} INFO - DAG(s) 'example_branch_labels' retrieved from /home/sathya/projects/training-kit/.venv-airflow/lib/python3.10/site-packages/airflow/example_dags/example_branch_labels.py
[2026-03-10T22:59:51.906+0530] {logging_mixin.py:188} INFO - [2026-03-10T22:59:51.906+0530] {dag.py:3089} INFO - Sync 1 DAGs
[2026-03-10T22:59:51.923+0530] {logging_mixin.py:188} INFO - [2026-03-10T22:59:51.923+0530] {dag.py:3947} INFO - Setting next_dagrun for example_branch_labels to 2026-03-10 00:00:00+00:00, run_after=2026-03-11 00:00:00+00:00
[2026-03-10T22:59:51.970+0530] {processor.py:183} INFO - Processing /home/sathya/projects/training-kit/.venv-airflow/lib/python3.10/site-packages/airflow/example_dags/example_branch_labels.py took 0.182 seconds
[2026-03-10T23:03:19.793+0530] {processor.py:161} INFO - Started process (PID=5436) to work on /home/sathya/projects/training-kit/.venv-airflow/lib/python3.10/site-packages/airflow/example_dags/example_branch_labels.py
[2026-03-10T23:03:19.795+0530] {processor.py:830} INFO - Processing file /home/sathya/projects/training-kit/.venv-airflow/lib/python3.10/site-packages/airflow/example_dags/example_branch_labels.py for tasks to queue
[2026-03-10T23:03:19.797+0530] {logging_mixin.py:188} INFO - [2026-03-10T23:03:19.797+0530] {dagbag.py:545} INFO - Filling up the DagBag from /home/sathya/projects/training-kit/.venv-airflow/lib/python3.10/site-packages/airflow/example_dags/example_branch_labels.py
[2026-03-10T23:03:19.811+0530] {processor.py:840} INFO - DAG(s) 'example_branch_labels' retrieved from /home/sathya/projects/training-kit/.venv-airflow/lib/python3.10/site-packages/airflow/example_dags/example_branch_labels.py
[2026-03-10T23:03:19.837+0530] {logging_mixin.py:188} INFO - [2026-03-10T23:03:19.837+0530] {dag.py:3089} INFO - Sync 1 DAGs
[2026-03-10T23:03:19.868+0530] {logging_mixin.py:188} INFO - [2026-03-10T23:03:19.867+0530] {dag.py:3947} INFO - Setting next_dagrun for example_branch_labels to 2026-03-10 00:00:00+00:00, run_after=2026-03-11 00:00:00+00:00
[2026-03-10T23:03:19.919+0530] {processor.py:183} INFO - Processing /home/sathya/projects/training-kit/.venv-airflow/lib/python3.10/site-packages/airflow/example_dags/example_branch_labels.py took 0.137 seconds
[2026-03-10T23:06:11.848+0530] {processor.py:161} INFO - Started process (PID=6168) to work on /home/sathya/projects/training-kit/.venv-airflow/lib/python3.10/site-packages/airflow/example_dags/example_branch_labels.py
[2026-03-10T23:06:11.853+0530] {processor.py:830} INFO - Processing file /home/sathya/projects/training-kit/.venv-airflow/lib/python3.10/site-packages/airflow/example_dags/example_branch_labels.py for tasks to queue
[2026-03-10T23:06:11.854+0530] {logging_mixin.py:188} INFO - [2026-03-10T23:06:11.854+0530] {dagbag.py:545} INFO - Filling up the DagBag from /home/sathya/projects/training-kit/.venv-airflow/lib/python3.10/site-packages/airflow/example_dags/example_branch_labels.py
[2026-03-10T23:06:11.865+0530] {processor.py:840} INFO - DAG(s) 'example_branch_labels' retrieved from /home/sathya/projects/training-kit/.venv-airflow/lib/python3.10/site-packages/airflow/example_dags/example_branch_labels.py
[2026-03-10T23:06:11.891+0530] {logging_mixin.py:188} INFO - [2026-03-10T23:06:11.891+0530] {dag.py:3089} INFO - Sync 1 DAGs
[2026-03-10T23:06:11.916+0530] {logging_mixin.py:188} INFO - [2026-03-10T23:06:11.916+0530] {dag.py:3947} INFO - Setting next_dagrun for example_branch_labels to 2026-03-10 00:00:00+00:00, run_after=2026-03-11 00:00:00+00:00
[2026-03-10T23:06:11.949+0530] {processor.py:183} INFO - Processing /home/sathya/projects/training-kit/.venv-airflow/lib/python3.10/site-packages/airflow/example_dags/example_branch_labels.py took 0.110 seconds
[2026-03-10T23:11:00.279+0530] {processor.py:161} INFO - Started process (PID=7395) to work on /home/sathya/projects/training-kit/.venv-airflow/lib/python3.10/site-packages/airflow/example_dags/example_branch_labels.py
[2026-03-10T23:11:00.281+0530] {processor.py:830} INFO - Processing file /home/sathya/projects/training-kit/.venv-airflow/lib/python3.10/site-packages/airflow/example_dags/example_branch_labels.py for tasks to queue
[2026-03-10T23:11:00.282+0530] {logging_mixin.py:188} INFO - [2026-03-10T23:11:00.282+0530] {dagbag.py:545} INFO - Filling up the DagBag from /home/sathya/projects/training-kit/.venv-airflow/lib/python3.10/site-packages/airflow/example_dags/example_branch_labels.py
[2026-03-10T23:11:00.294+0530] {processor.py:840} INFO - DAG(s) 'example_branch_labels' retrieved from /home/sathya/projects/training-kit/.venv-airflow/lib/python3.10/site-packages/airflow/example_dags/example_branch_labels.py
[2026-03-10T23:11:00.318+0530] {logging_mixin.py:188} INFO - [2026-03-10T23:11:00.318+0530] {dag.py:3089} INFO - Sync 1 DAGs
[2026-03-10T23:11:00.347+0530] {logging_mixin.py:188} INFO - [2026-03-10T23:11:00.347+0530] {dag.py:3947} INFO - Setting next_dagrun for example_branch_labels to 2026-03-10 00:00:00+00:00, run_after=2026-03-11 00:00:00+00:00
[2026-03-10T23:11:00.386+0530] {processor.py:183} INFO - Processing /home/sathya/projects/training-kit/.venv-airflow/lib/python3.10/site-packages/airflow/example_dags/example_branch_labels.py took 0.115 seconds
[2026-03-10T23:17:35.378+0530] {processor.py:161} INFO - Started process (PID=9020) to work on /home/sathya/projects/training-kit/.venv-airflow/lib/python3.10/site-packages/airflow/example_dags/example_branch_labels.py
[2026-03-10T23:17:35.381+0530] {processor.py:830} INFO - Processing file /home/sathya/projects/training-kit/.venv-airflow/lib/python3.10/site-packages/airflow/example_dags/example_branch_labels.py for tasks to queue
[2026-03-10T23:17:35.384+0530] {logging_mixin.py:188} INFO - [2026-03-10T23:17:35.382+0530] {dagbag.py:545} INFO - Filling up the DagBag from /home/sathya/projects/training-kit/.venv-airflow/lib/python3.10/site-packages/airflow/example_dags/example_branch_labels.py
[2026-03-10T23:17:35.393+0530] {processor.py:840} INFO - DAG(s) 'example_branch_labels' retrieved from /home/sathya/projects/training-kit/.venv-airflow/lib/python3.10/site-packages/airflow/example_dags/example_branch_labels.py
[2026-03-10T23:17:35.414+0530] {logging_mixin.py:188} INFO - [2026-03-10T23:17:35.413+0530] {dag.py:3089} INFO - Sync 1 DAGs
[2026-03-10T23:17:35.433+0530] {logging_mixin.py:188} INFO - [2026-03-10T23:17:35.433+0530] {dag.py:3947} INFO - Setting next_dagrun for example_branch_labels to 2026-03-10 00:00:00+00:00, run_after=2026-03-11 00:00:00+00:00
[2026-03-10T23:17:35.470+0530] {processor.py:183} INFO - Processing /home/sathya/projects/training-kit/.venv-airflow/lib/python3.10/site-packages/airflow/example_dags/example_branch_labels.py took 0.098 seconds
[2026-03-10T23:23:45.279+0530] {processor.py:161} INFO - Started process (PID=10793) to work on /home/sathya/projects/training-kit/.venv-airflow/lib/python3.10/site-packages/airflow/example_dags/example_branch_labels.py
[2026-03-10T23:23:45.295+0530] {processor.py:830} INFO - Processing file /home/sathya/projects/training-kit/.venv-airflow/lib/python3.10/site-packages/airflow/example_dags/example_branch_labels.py for tasks to queue
[2026-03-10T23:23:45.300+0530] {logging_mixin.py:188} INFO - [2026-03-10T23:23:45.298+0530] {dagbag.py:545} INFO - Filling up the DagBag from /home/sathya/projects/training-kit/.venv-airflow/lib/python3.10/site-packages/airflow/example_dags/example_branch_labels.py
[2026-03-10T23:23:45.374+0530] {processor.py:840} INFO - DAG(s) 'example_branch_labels' retrieved from /home/sathya/projects/training-kit/.venv-airflow/lib/python3.10/site-packages/airflow/example_dags/example_branch_labels.py
[2026-03-10T23:23:45.450+0530] {logging_mixin.py:188} INFO - [2026-03-10T23:23:45.449+0530] {dag.py:3089} INFO - Sync 1 DAGs
[2026-03-10T23:23:45.520+0530] {logging_mixin.py:188} INFO - [2026-03-10T23:23:45.519+0530] {dag.py:3947} INFO - Setting next_dagrun for example_branch_labels to 2026-03-10 00:00:00+00:00, run_after=2026-03-11 00:00:00+00:00
[2026-03-10T23:23:45.600+0530] {processor.py:183} INFO - Processing /home/sathya/projects/training-kit/.venv-airflow/lib/python3.10/site-packages/airflow/example_dags/example_branch_labels.py took 0.352 seconds
[2026-03-10T23:24:00.986+0530] {processor.py:161} INFO - Started process (PID=10865) to work on /home/sathya/projects/training-kit/.venv-airflow/lib/python3.10/site-packages/airflow/example_dags/example_branch_labels.py
[2026-03-10T23:24:00.990+0530] {processor.py:830} INFO - Processing file /home/sathya/projects/training-kit/.venv-airflow/lib/python3.10/site-packages/airflow/example_dags/example_branch_labels.py for tasks to queue
[2026-03-10T23:24:00.993+0530] {logging_mixin.py:188} INFO - [2026-03-10T23:24:00.991+0530] {dagbag.py:545} INFO - Filling up the DagBag from /home/sathya/projects/training-kit/.venv-airflow/lib/python3.10/site-packages/airflow/example_dags/example_branch_labels.py
[2026-03-10T23:24:01.028+0530] {processor.py:840} INFO - DAG(s) 'example_branch_labels' retrieved from /home/sathya/projects/training-kit/.venv-airflow/lib/python3.10/site-packages/airflow/example_dags/example_branch_labels.py
[2026-03-10T23:24:01.119+0530] {logging_mixin.py:188} INFO - [2026-03-10T23:24:01.115+0530] {dag.py:3089} INFO - Sync 1 DAGs
[2026-03-10T23:24:01.198+0530] {logging_mixin.py:188} INFO - [2026-03-10T23:24:01.197+0530] {dag.py:3947} INFO - Setting next_dagrun for example_branch_labels to 2026-03-10 00:00:00+00:00, run_after=2026-03-11 00:00:00+00:00
[2026-03-10T23:24:01.283+0530] {processor.py:183} INFO - Processing /home/sathya/projects/training-kit/.venv-airflow/lib/python3.10/site-packages/airflow/example_dags/example_branch_labels.py took 0.320 seconds
[2026-03-10T23:29:09.984+0530] {processor.py:161} INFO - Started process (PID=11860) to work on /home/sathya/projects/training-kit/.venv-airflow/lib/python3.10/site-packages/airflow/example_dags/example_branch_labels.py
[2026-03-10T23:29:09.988+0530] {processor.py:830} INFO - Processing file /home/sathya/projects/training-kit/.venv-airflow/lib/python3.10/site-packages/airflow/example_dags/example_branch_labels.py for tasks to queue
[2026-03-10T23:29:09.994+0530] {logging_mixin.py:188} INFO - [2026-03-10T23:29:09.993+0530] {dagbag.py:545} INFO - Filling up the DagBag from /home/sathya/projects/training-kit/.venv-airflow/lib/python3.10/site-packages/airflow/example_dags/example_branch_labels.py
[2026-03-10T23:29:10.022+0530] {processor.py:840} INFO - DAG(s) 'example_branch_labels' retrieved from /home/sathya/projects/training-kit/.venv-airflow/lib/python3.10/site-packages/airflow/example_dags/example_branch_labels.py
[2026-03-10T23:29:10.077+0530] {logging_mixin.py:188} INFO - [2026-03-10T23:29:10.077+0530] {dag.py:3089} INFO - Sync 1 DAGs
[2026-03-10T23:29:10.138+0530] {logging_mixin.py:188} INFO - [2026-03-10T23:29:10.137+0530] {dag.py:3947} INFO - Setting next_dagrun for example_branch_labels to 2026-03-10 00:00:00+00:00, run_after=2026-03-11 00:00:00+00:00
[2026-03-10T23:29:10.212+0530] {processor.py:183} INFO - Processing /home/sathya/projects/training-kit/.venv-airflow/lib/python3.10/site-packages/airflow/example_dags/example_branch_labels.py took 0.250 seconds
[2026-03-10T23:33:28.911+0530] {processor.py:161} INFO - Started process (PID=12670) to work on /home/sathya/projects/training-kit/.venv-airflow/lib/python3.10/site-packages/airflow/example_dags/example_branch_labels.py
[2026-03-10T23:33:28.919+0530] {processor.py:830} INFO - Processing file /home/sathya/projects/training-kit/.venv-airflow/lib/python3.10/site-packages/airflow/example_dags/example_branch_labels.py for tasks to queue
[2026-03-10T23:33:28.923+0530] {logging_mixin.py:188} INFO - [2026-03-10T23:33:28.922+0530] {dagbag.py:545} INFO - Filling up the DagBag from /home/sathya/projects/training-kit/.venv-airflow/lib/python3.10/site-packages/airflow/example_dags/example_branch_labels.py
[2026-03-10T23:33:28.965+0530] {processor.py:840} INFO - DAG(s) 'example_branch_labels' retrieved from /home/sathya/projects/training-kit/.venv-airflow/lib/python3.10/site-packages/airflow/example_dags/example_branch_labels.py
[2026-03-10T23:33:29.031+0530] {logging_mixin.py:188} INFO - [2026-03-10T23:33:29.030+0530] {dag.py:3089} INFO - Sync 1 DAGs
[2026-03-10T23:33:29.103+0530] {logging_mixin.py:188} INFO - [2026-03-10T23:33:29.102+0530] {dag.py:3947} INFO - Setting next_dagrun for example_branch_labels to 2026-03-10 00:00:00+00:00, run_after=2026-03-11 00:00:00+00:00
[2026-03-10T23:33:29.231+0530] {processor.py:183} INFO - Processing /home/sathya/projects/training-kit/.venv-airflow/lib/python3.10/site-packages/airflow/example_dags/example_branch_labels.py took 0.343 seconds
[2026-03-10T23:33:43.322+0530] {processor.py:161} INFO - Started process (PID=12733) to work on /home/sathya/projects/training-kit/.venv-airflow/lib/python3.10/site-packages/airflow/example_dags/example_branch_labels.py
[2026-03-10T23:33:43.324+0530] {processor.py:830} INFO - Processing file /home/sathya/projects/training-kit/.venv-airflow/lib/python3.10/site-packages/airflow/example_dags/example_branch_labels.py for tasks to queue
[2026-03-10T23:33:43.327+0530] {logging_mixin.py:188} INFO - [2026-03-10T23:33:43.326+0530] {dagbag.py:545} INFO - Filling up the DagBag from /home/sathya/projects/training-kit/.venv-airflow/lib/python3.10/site-packages/airflow/example_dags/example_branch_labels.py
[2026-03-10T23:33:43.350+0530] {processor.py:840} INFO - DAG(s) 'example_branch_labels' retrieved from /home/sathya/projects/training-kit/.venv-airflow/lib/python3.10/site-packages/airflow/example_dags/example_branch_labels.py
[2026-03-10T23:33:43.408+0530] {logging_mixin.py:188} INFO - [2026-03-10T23:33:43.407+0530] {dag.py:3089} INFO - Sync 1 DAGs
[2026-03-10T23:33:43.470+0530] {logging_mixin.py:188} INFO - [2026-03-10T23:33:43.470+0530] {dag.py:3947} INFO - Setting next_dagrun for example_branch_labels to 2026-03-10 00:00:00+00:00, run_after=2026-03-11 00:00:00+00:00
[2026-03-10T23:33:43.534+0530] {processor.py:183} INFO - Processing /home/sathya/projects/training-kit/.venv-airflow/lib/python3.10/site-packages/airflow/example_dags/example_branch_labels.py took 0.228 seconds
[2026-03-10T23:50:19.119+0530] {processor.py:161} INFO - Started process (PID=15102) to work on /home/sathya/projects/training-kit/.venv-airflow/lib/python3.10/site-packages/airflow/example_dags/example_branch_labels.py
[2026-03-10T23:50:19.122+0530] {processor.py:830} INFO - Processing file /home/sathya/projects/training-kit/.venv-airflow/lib/python3.10/site-packages/airflow/example_dags/example_branch_labels.py for tasks to queue
[2026-03-10T23:50:19.125+0530] {logging_mixin.py:188} INFO - [2026-03-10T23:50:19.124+0530] {dagbag.py:545} INFO - Filling up the DagBag from /home/sathya/projects/training-kit/.venv-airflow/lib/python3.10/site-packages/airflow/example_dags/example_branch_labels.py
[2026-03-10T23:50:19.143+0530] {processor.py:840} INFO - DAG(s) 'example_branch_labels' retrieved from /home/sathya/projects/training-kit/.venv-airflow/lib/python3.10/site-packages/airflow/example_dags/example_branch_labels.py
[2026-03-10T23:50:19.188+0530] {logging_mixin.py:188} INFO - [2026-03-10T23:50:19.188+0530] {dag.py:3089} INFO - Sync 1 DAGs
[2026-03-10T23:50:19.243+0530] {logging_mixin.py:188} INFO - [2026-03-10T23:50:19.243+0530] {dag.py:3947} INFO - Setting next_dagrun for example_branch_labels to 2026-03-10 00:00:00+00:00, run_after=2026-03-11 00:00:00+00:00
[2026-03-10T23:50:19.311+0530] {processor.py:183} INFO - Processing /home/sathya/projects/training-kit/.venv-airflow/lib/python3.10/site-packages/airflow/example_dags/example_branch_labels.py took 0.212 seconds
[2026-03-10T23:50:36.784+0530] {processor.py:161} INFO - Started process (PID=15141) to work on /home/sathya/projects/training-kit/.venv-airflow/lib/python3.10/site-packages/airflow/example_dags/example_branch_labels.py
[2026-03-10T23:50:36.786+0530] {processor.py:830} INFO - Processing file /home/sathya/projects/training-kit/.venv-airflow/lib/python3.10/site-packages/airflow/example_dags/example_branch_labels.py for tasks to queue
[2026-03-10T23:50:36.790+0530] {logging_mixin.py:188} INFO - [2026-03-10T23:50:36.789+0530] {dagbag.py:545} INFO - Filling up the DagBag from /home/sathya/projects/training-kit/.venv-airflow/lib/python3.10/site-packages/airflow/example_dags/example_branch_labels.py
[2026-03-10T23:50:36.818+0530] {processor.py:840} INFO - DAG(s) 'example_branch_labels' retrieved from /home/sathya/projects/training-kit/.venv-airflow/lib/python3.10/site-packages/airflow/example_dags/example_branch_labels.py
[2026-03-10T23:50:36.856+0530] {logging_mixin.py:188} INFO - [2026-03-10T23:50:36.855+0530] {dag.py:3089} INFO - Sync 1 DAGs
[2026-03-10T23:50:36.902+0530] {logging_mixin.py:188} INFO - [2026-03-10T23:50:36.901+0530] {dag.py:3947} INFO - Setting next_dagrun for example_branch_labels to 2026-03-10 00:00:00+00:00, run_after=2026-03-11 00:00:00+00:00
[2026-03-10T23:50:36.965+0530] {processor.py:183} INFO - Processing /home/sathya/projects/training-kit/.venv-airflow/lib/python3.10/site-packages/airflow/example_dags/example_branch_labels.py took 0.195 seconds
[2026-03-11T00:02:23.737+0530] {processor.py:161} INFO - Started process (PID=16839) to work on /home/sathya/projects/training-kit/.venv-airflow/lib/python3.10/site-packages/airflow/example_dags/example_branch_labels.py
[2026-03-11T00:02:23.740+0530] {processor.py:830} INFO - Processing file /home/sathya/projects/training-kit/.venv-airflow/lib/python3.10/site-packages/airflow/example_dags/example_branch_labels.py for tasks to queue
[2026-03-11T00:02:23.743+0530] {logging_mixin.py:188} INFO - [2026-03-11T00:02:23.742+0530] {dagbag.py:545} INFO - Filling up the DagBag from /home/sathya/projects/training-kit/.venv-airflow/lib/python3.10/site-packages/airflow/example_dags/example_branch_labels.py
[2026-03-11T00:02:23.771+0530] {processor.py:840} INFO - DAG(s) 'example_branch_labels' retrieved from /home/sathya/projects/training-kit/.venv-airflow/lib/python3.10/site-packages/airflow/example_dags/example_branch_labels.py
[2026-03-11T00:02:23.826+0530] {logging_mixin.py:188} INFO - [2026-03-11T00:02:23.825+0530] {dag.py:3089} INFO - Sync 1 DAGs
[2026-03-11T00:02:23.888+0530] {logging_mixin.py:188} INFO - [2026-03-11T00:02:23.887+0530] {dag.py:3947} INFO - Setting next_dagrun for example_branch_labels to 2026-03-10 00:00:00+00:00, run_after=2026-03-11 00:00:00+00:00
[2026-03-11T00:02:23.953+0530] {processor.py:183} INFO - Processing /home/sathya/projects/training-kit/.venv-airflow/lib/python3.10/site-packages/airflow/example_dags/example_branch_labels.py took 0.244 seconds
[2026-03-11T00:04:38.314+0530] {processor.py:161} INFO - Started process (PID=17124) to work on /home/sathya/projects/training-kit/.venv-airflow/lib/python3.10/site-packages/airflow/example_dags/example_branch_labels.py
[2026-03-11T00:04:38.322+0530] {processor.py:830} INFO - Processing file /home/sathya/projects/training-kit/.venv-airflow/lib/python3.10/site-packages/airflow/example_dags/example_branch_labels.py for tasks to queue
[2026-03-11T00:04:38.330+0530] {logging_mixin.py:188} INFO - [2026-03-11T00:04:38.329+0530] {dagbag.py:545} INFO - Filling up the DagBag from /home/sathya/projects/training-kit/.venv-airflow/lib/python3.10/site-packages/airflow/example_dags/example_branch_labels.py
[2026-03-11T00:04:38.362+0530] {processor.py:840} INFO - DAG(s) 'example_branch_labels' retrieved from /home/sathya/projects/training-kit/.venv-airflow/lib/python3.10/site-packages/airflow/example_dags/example_branch_labels.py
[2026-03-11T00:04:38.472+0530] {logging_mixin.py:188} INFO - [2026-03-11T00:04:38.472+0530] {dag.py:3089} INFO - Sync 1 DAGs
[2026-03-11T00:04:38.537+0530] {logging_mixin.py:188} INFO - [2026-03-11T00:04:38.536+0530] {dag.py:3947} INFO - Setting next_dagrun for example_branch_labels to 2026-03-10 00:00:00+00:00, run_after=2026-03-11 00:00:00+00:00
[2026-03-11T00:04:38.617+0530] {processor.py:183} INFO - Processing /home/sathya/projects/training-kit/.venv-airflow/lib/python3.10/site-packages/airflow/example_dags/example_branch_labels.py took 0.319 seconds
