[2026-03-10T22:57:47.505+0530] {processor.py:161} INFO - Started process (PID=4071) to work on /home/sathya/projects/training-kit/.venv-airflow/lib/python3.10/site-packages/airflow/example_dags/example_short_circuit_decorator.py
[2026-03-10T22:57:47.507+0530] {processor.py:830} INFO - Processing file /home/sathya/projects/training-kit/.venv-airflow/lib/python3.10/site-packages/airflow/example_dags/example_short_circuit_decorator.py for tasks to queue
[2026-03-10T22:57:47.509+0530] {logging_mixin.py:188} INFO - [2026-03-10T22:57:47.508+0530] {dagbag.py:545} INFO - Filling up the DagBag from /home/sathya/projects/training-kit/.venv-airflow/lib/python3.10/site-packages/airflow/example_dags/example_short_circuit_decorator.py
[2026-03-10T22:57:47.525+0530] {processor.py:840} INFO - DAG(s) 'example_short_circuit_decorator' retrieved from /home/sathya/projects/training-kit/.venv-airflow/lib/python3.10/site-packages/airflow/example_dags/example_short_circuit_decorator.py
[2026-03-10T22:57:47.661+0530] {logging_mixin.py:188} INFO - [2026-03-10T22:57:47.660+0530] {dag.py:3089} INFO - Sync 1 DAGs
[2026-03-10T22:57:47.684+0530] {logging_mixin.py:188} INFO - [2026-03-10T22:57:47.684+0530] {dag.py:3947} INFO - Setting next_dagrun for example_short_circuit_decorator to 2026-03-10 00:00:00+00:00, run_after=2026-03-11 00:00:00+00:00
[2026-03-10T22:57:47.738+0530] {processor.py:183} INFO - Processing /home/sathya/projects/training-kit/.venv-airflow/lib/python3.10/site-packages/airflow/example_dags/example_short_circuit_decorator.py took 0.247 seconds
[2026-03-10T23:00:10.944+0530] {processor.py:161} INFO - Started process (PID=4634) to work on /home/sathya/projects/training-kit/.venv-airflow/lib/python3.10/site-packages/airflow/example_dags/example_short_circuit_decorator.py
[2026-03-10T23:00:10.947+0530] {processor.py:830} INFO - Processing file /home/sathya/projects/training-kit/.venv-airflow/lib/python3.10/site-packages/airflow/example_dags/example_short_circuit_decorator.py for tasks to queue
[2026-03-10T23:00:10.949+0530] {logging_mixin.py:188} INFO - [2026-03-10T23:00:10.948+0530] {dagbag.py:545} INFO - Filling up the DagBag from /home/sathya/projects/training-kit/.venv-airflow/lib/python3.10/site-packages/airflow/example_dags/example_short_circuit_decorator.py
[2026-03-10T23:00:10.962+0530] {processor.py:840} INFO - DAG(s) 'example_short_circuit_decorator' retrieved from /home/sathya/projects/training-kit/.venv-airflow/lib/python3.10/site-packages/airflow/example_dags/example_short_circuit_decorator.py
[2026-03-10T23:00:10.989+0530] {logging_mixin.py:188} INFO - [2026-03-10T23:00:10.989+0530] {dag.py:3089} INFO - Sync 1 DAGs
[2026-03-10T23:00:11.014+0530] {logging_mixin.py:188} INFO - [2026-03-10T23:00:11.014+0530] {dag.py:3947} INFO - Setting next_dagrun for example_short_circuit_decorator to 2026-03-10 00:00:00+00:00, run_after=2026-03-11 00:00:00+00:00
[2026-03-10T23:00:11.056+0530] {processor.py:183} INFO - Processing /home/sathya/projects/training-kit/.venv-airflow/lib/python3.10/site-packages/airflow/example_dags/example_short_circuit_decorator.py took 0.120 seconds
[2026-03-10T23:02:45.746+0530] {processor.py:161} INFO - Started process (PID=5297) to work on /home/sathya/projects/training-kit/.venv-airflow/lib/python3.10/site-packages/airflow/example_dags/example_short_circuit_decorator.py
[2026-03-10T23:02:45.748+0530] {processor.py:830} INFO - Processing file /home/sathya/projects/training-kit/.venv-airflow/lib/python3.10/site-packages/airflow/example_dags/example_short_circuit_decorator.py for tasks to queue
[2026-03-10T23:02:45.749+0530] {logging_mixin.py:188} INFO - [2026-03-10T23:02:45.749+0530] {dagbag.py:545} INFO - Filling up the DagBag from /home/sathya/projects/training-kit/.venv-airflow/lib/python3.10/site-packages/airflow/example_dags/example_short_circuit_decorator.py
[2026-03-10T23:02:45.759+0530] {processor.py:840} INFO - DAG(s) 'example_short_circuit_decorator' retrieved from /home/sathya/projects/training-kit/.venv-airflow/lib/python3.10/site-packages/airflow/example_dags/example_short_circuit_decorator.py
[2026-03-10T23:02:45.780+0530] {logging_mixin.py:188} INFO - [2026-03-10T23:02:45.779+0530] {dag.py:3089} INFO - Sync 1 DAGs
[2026-03-10T23:02:45.803+0530] {logging_mixin.py:188} INFO - [2026-03-10T23:02:45.802+0530] {dag.py:3947} INFO - Setting next_dagrun for example_short_circuit_decorator to 2026-03-10 00:00:00+00:00, run_after=2026-03-11 00:00:00+00:00
[2026-03-10T23:02:45.867+0530] {processor.py:183} INFO - Processing /home/sathya/projects/training-kit/.venv-airflow/lib/python3.10/site-packages/airflow/example_dags/example_short_circuit_decorator.py took 0.130 seconds
[2026-03-10T23:07:34.608+0530] {processor.py:161} INFO - Started process (PID=6514) to work on /home/sathya/projects/training-kit/.venv-airflow/lib/python3.10/site-packages/airflow/example_dags/example_short_circuit_decorator.py
[2026-03-10T23:07:34.615+0530] {processor.py:830} INFO - Processing file /home/sathya/projects/training-kit/.venv-airflow/lib/python3.10/site-packages/airflow/example_dags/example_short_circuit_decorator.py for tasks to queue
[2026-03-10T23:07:34.617+0530] {logging_mixin.py:188} INFO - [2026-03-10T23:07:34.616+0530] {dagbag.py:545} INFO - Filling up the DagBag from /home/sathya/projects/training-kit/.venv-airflow/lib/python3.10/site-packages/airflow/example_dags/example_short_circuit_decorator.py
[2026-03-10T23:07:34.632+0530] {processor.py:840} INFO - DAG(s) 'example_short_circuit_decorator' retrieved from /home/sathya/projects/training-kit/.venv-airflow/lib/python3.10/site-packages/airflow/example_dags/example_short_circuit_decorator.py
[2026-03-10T23:07:34.672+0530] {logging_mixin.py:188} INFO - [2026-03-10T23:07:34.672+0530] {dag.py:3089} INFO - Sync 1 DAGs
[2026-03-10T23:07:34.692+0530] {logging_mixin.py:188} INFO - [2026-03-10T23:07:34.692+0530] {dag.py:3947} INFO - Setting next_dagrun for example_short_circuit_decorator to 2026-03-10 00:00:00+00:00, run_after=2026-03-11 00:00:00+00:00
[2026-03-10T23:07:34.726+0530] {processor.py:183} INFO - Processing /home/sathya/projects/training-kit/.venv-airflow/lib/python3.10/site-packages/airflow/example_dags/example_short_circuit_decorator.py took 0.127 seconds
[2026-03-10T23:08:52.326+0530] {processor.py:161} INFO - Started process (PID=6872) to work on /home/sathya/projects/training-kit/.venv-airflow/lib/python3.10/site-packages/airflow/example_dags/example_short_circuit_decorator.py
[2026-03-10T23:08:52.327+0530] {processor.py:830} INFO - Processing file /home/sathya/projects/training-kit/.venv-airflow/lib/python3.10/site-packages/airflow/example_dags/example_short_circuit_decorator.py for tasks to queue
[2026-03-10T23:08:52.328+0530] {logging_mixin.py:188} INFO - [2026-03-10T23:08:52.328+0530] {dagbag.py:545} INFO - Filling up the DagBag from /home/sathya/projects/training-kit/.venv-airflow/lib/python3.10/site-packages/airflow/example_dags/example_short_circuit_decorator.py
[2026-03-10T23:08:52.338+0530] {processor.py:840} INFO - DAG(s) 'example_short_circuit_decorator' retrieved from /home/sathya/projects/training-kit/.venv-airflow/lib/python3.10/site-packages/airflow/example_dags/example_short_circuit_decorator.py
[2026-03-10T23:08:52.363+0530] {logging_mixin.py:188} INFO - [2026-03-10T23:08:52.363+0530] {dag.py:3089} INFO - Sync 1 DAGs
[2026-03-10T23:08:52.383+0530] {logging_mixin.py:188} INFO - [2026-03-10T23:08:52.383+0530] {dag.py:3947} INFO - Setting next_dagrun for example_short_circuit_decorator to 2026-03-10 00:00:00+00:00, run_after=2026-03-11 00:00:00+00:00
[2026-03-10T23:08:52.410+0530] {processor.py:183} INFO - Processing /home/sathya/projects/training-kit/.venv-airflow/lib/python3.10/site-packages/airflow/example_dags/example_short_circuit_decorator.py took 0.093 seconds
[2026-03-10T23:14:51.260+0530] {processor.py:161} INFO - Started process (PID=8358) to work on /home/sathya/projects/training-kit/.venv-airflow/lib/python3.10/site-packages/airflow/example_dags/example_short_circuit_decorator.py
[2026-03-10T23:14:51.262+0530] {processor.py:830} INFO - Processing file /home/sathya/projects/training-kit/.venv-airflow/lib/python3.10/site-packages/airflow/example_dags/example_short_circuit_decorator.py for tasks to queue
[2026-03-10T23:14:51.264+0530] {logging_mixin.py:188} INFO - [2026-03-10T23:14:51.263+0530] {dagbag.py:545} INFO - Filling up the DagBag from /home/sathya/projects/training-kit/.venv-airflow/lib/python3.10/site-packages/airflow/example_dags/example_short_circuit_decorator.py
[2026-03-10T23:14:51.279+0530] {processor.py:840} INFO - DAG(s) 'example_short_circuit_decorator' retrieved from /home/sathya/projects/training-kit/.venv-airflow/lib/python3.10/site-packages/airflow/example_dags/example_short_circuit_decorator.py
[2026-03-10T23:14:51.314+0530] {logging_mixin.py:188} INFO - [2026-03-10T23:14:51.313+0530] {dag.py:3089} INFO - Sync 1 DAGs
[2026-03-10T23:14:51.338+0530] {logging_mixin.py:188} INFO - [2026-03-10T23:14:51.337+0530] {dag.py:3947} INFO - Setting next_dagrun for example_short_circuit_decorator to 2026-03-10 00:00:00+00:00, run_after=2026-03-11 00:00:00+00:00
[2026-03-10T23:14:51.391+0530] {processor.py:183} INFO - Processing /home/sathya/projects/training-kit/.venv-airflow/lib/python3.10/site-packages/airflow/example_dags/example_short_circuit_decorator.py took 0.143 seconds
[2026-03-10T23:15:51.286+0530] {processor.py:161} INFO - Started process (PID=8600) to work on /home/sathya/projects/training-kit/.venv-airflow/lib/python3.10/site-packages/airflow/example_dags/example_short_circuit_decorator.py
[2026-03-10T23:15:51.288+0530] {processor.py:830} INFO - Processing file /home/sathya/projects/training-kit/.venv-airflow/lib/python3.10/site-packages/airflow/example_dags/example_short_circuit_decorator.py for tasks to queue
[2026-03-10T23:15:51.289+0530] {logging_mixin.py:188} INFO - [2026-03-10T23:15:51.289+0530] {dagbag.py:545} INFO - Filling up the DagBag from /home/sathya/projects/training-kit/.venv-airflow/lib/python3.10/site-packages/airflow/example_dags/example_short_circuit_decorator.py
[2026-03-10T23:15:51.303+0530] {processor.py:840} INFO - DAG(s) 'example_short_circuit_decorator' retrieved from /home/sathya/projects/training-kit/.venv-airflow/lib/python3.10/site-packages/airflow/example_dags/example_short_circuit_decorator.py
[2026-03-10T23:15:51.325+0530] {logging_mixin.py:188} INFO - [2026-03-10T23:15:51.325+0530] {dag.py:3089} INFO - Sync 1 DAGs
[2026-03-10T23:15:51.345+0530] {logging_mixin.py:188} INFO - [2026-03-10T23:15:51.345+0530] {dag.py:3947} INFO - Setting next_dagrun for example_short_circuit_decorator to 2026-03-10 00:00:00+00:00, run_after=2026-03-11 00:00:00+00:00
[2026-03-10T23:15:51.377+0530] {processor.py:183} INFO - Processing /home/sathya/projects/training-kit/.venv-airflow/lib/python3.10/site-packages/airflow/example_dags/example_short_circuit_decorator.py took 0.098 seconds
[2026-03-10T23:21:42.005+0530] {processor.py:161} INFO - Started process (PID=10134) to work on /home/sathya/projects/training-kit/.venv-airflow/lib/python3.10/site-packages/airflow/example_dags/example_short_circuit_decorator.py
[2026-03-10T23:21:42.007+0530] {processor.py:830} INFO - Processing file /home/sathya/projects/training-kit/.venv-airflow/lib/python3.10/site-packages/airflow/example_dags/example_short_circuit_decorator.py for tasks to queue
[2026-03-10T23:21:42.008+0530] {logging_mixin.py:188} INFO - [2026-03-10T23:21:42.008+0530] {dagbag.py:545} INFO - Filling up the DagBag from /home/sathya/projects/training-kit/.venv-airflow/lib/python3.10/site-packages/airflow/example_dags/example_short_circuit_decorator.py
[2026-03-10T23:21:42.026+0530] {processor.py:840} INFO - DAG(s) 'example_short_circuit_decorator' retrieved from /home/sathya/projects/training-kit/.venv-airflow/lib/python3.10/site-packages/airflow/example_dags/example_short_circuit_decorator.py
[2026-03-10T23:21:42.058+0530] {logging_mixin.py:188} INFO - [2026-03-10T23:21:42.058+0530] {dag.py:3089} INFO - Sync 1 DAGs
[2026-03-10T23:21:42.080+0530] {logging_mixin.py:188} INFO - [2026-03-10T23:21:42.080+0530] {dag.py:3947} INFO - Setting next_dagrun for example_short_circuit_decorator to 2026-03-10 00:00:00+00:00, run_after=2026-03-11 00:00:00+00:00
[2026-03-10T23:21:42.113+0530] {processor.py:183} INFO - Processing /home/sathya/projects/training-kit/.venv-airflow/lib/python3.10/site-packages/airflow/example_dags/example_short_circuit_decorator.py took 0.116 seconds
[2026-03-10T23:21:59.135+0530] {processor.py:161} INFO - Started process (PID=10250) to work on /home/sathya/projects/training-kit/.venv-airflow/lib/python3.10/site-packages/airflow/example_dags/example_short_circuit_decorator.py
[2026-03-10T23:21:59.136+0530] {processor.py:830} INFO - Processing file /home/sathya/projects/training-kit/.venv-airflow/lib/python3.10/site-packages/airflow/example_dags/example_short_circuit_decorator.py for tasks to queue
[2026-03-10T23:21:59.137+0530] {logging_mixin.py:188} INFO - [2026-03-10T23:21:59.137+0530] {dagbag.py:545} INFO - Filling up the DagBag from /home/sathya/projects/training-kit/.venv-airflow/lib/python3.10/site-packages/airflow/example_dags/example_short_circuit_decorator.py
[2026-03-10T23:21:59.155+0530] {processor.py:840} INFO - DAG(s) 'example_short_circuit_decorator' retrieved from /home/sathya/projects/training-kit/.venv-airflow/lib/python3.10/site-packages/airflow/example_dags/example_short_circuit_decorator.py
[2026-03-10T23:21:59.189+0530] {logging_mixin.py:188} INFO - [2026-03-10T23:21:59.188+0530] {dag.py:3089} INFO - Sync 1 DAGs
[2026-03-10T23:21:59.213+0530] {logging_mixin.py:188} INFO - [2026-03-10T23:21:59.212+0530] {dag.py:3947} INFO - Setting next_dagrun for example_short_circuit_decorator to 2026-03-10 00:00:00+00:00, run_after=2026-03-11 00:00:00+00:00
[2026-03-10T23:21:59.261+0530] {processor.py:183} INFO - Processing /home/sathya/projects/training-kit/.venv-airflow/lib/python3.10/site-packages/airflow/example_dags/example_short_circuit_decorator.py took 0.135 seconds
[2026-03-10T23:24:16.643+0530] {processor.py:161} INFO - Started process (PID=10912) to work on /home/sathya/projects/training-kit/.venv-airflow/lib/python3.10/site-packages/airflow/example_dags/example_short_circuit_decorator.py
[2026-03-10T23:24:16.651+0530] {processor.py:830} INFO - Processing file /home/sathya/projects/training-kit/.venv-airflow/lib/python3.10/site-packages/airflow/example_dags/example_short_circuit_decorator.py for tasks to queue
[2026-03-10T23:24:16.657+0530] {logging_mixin.py:188} INFO - [2026-03-10T23:24:16.656+0530] {dagbag.py:545} INFO - Filling up the DagBag from /home/sathya/projects/training-kit/.venv-airflow/lib/python3.10/site-packages/airflow/example_dags/example_short_circuit_decorator.py
[2026-03-10T23:24:16.690+0530] {processor.py:840} INFO - DAG(s) 'example_short_circuit_decorator' retrieved from /home/sathya/projects/training-kit/.venv-airflow/lib/python3.10/site-packages/airflow/example_dags/example_short_circuit_decorator.py
[2026-03-10T23:24:16.795+0530] {logging_mixin.py:188} INFO - [2026-03-10T23:24:16.795+0530] {dag.py:3089} INFO - Sync 1 DAGs
[2026-03-10T23:24:16.854+0530] {logging_mixin.py:188} INFO - [2026-03-10T23:24:16.853+0530] {dag.py:3947} INFO - Setting next_dagrun for example_short_circuit_decorator to 2026-03-10 00:00:00+00:00, run_after=2026-03-11 00:00:00+00:00
[2026-03-10T23:24:16.932+0530] {processor.py:183} INFO - Processing /home/sathya/projects/training-kit/.venv-airflow/lib/python3.10/site-packages/airflow/example_dags/example_short_circuit_decorator.py took 0.305 seconds
[2026-03-10T23:28:53.946+0530] {processor.py:161} INFO - Started process (PID=11809) to work on /home/sathya/projects/training-kit/.venv-airflow/lib/python3.10/site-packages/airflow/example_dags/example_short_circuit_decorator.py
[2026-03-10T23:28:53.954+0530] {processor.py:830} INFO - Processing file /home/sathya/projects/training-kit/.venv-airflow/lib/python3.10/site-packages/airflow/example_dags/example_short_circuit_decorator.py for tasks to queue
[2026-03-10T23:28:53.957+0530] {logging_mixin.py:188} INFO - [2026-03-10T23:28:53.956+0530] {dagbag.py:545} INFO - Filling up the DagBag from /home/sathya/projects/training-kit/.venv-airflow/lib/python3.10/site-packages/airflow/example_dags/example_short_circuit_decorator.py
[2026-03-10T23:28:53.986+0530] {processor.py:840} INFO - DAG(s) 'example_short_circuit_decorator' retrieved from /home/sathya/projects/training-kit/.venv-airflow/lib/python3.10/site-packages/airflow/example_dags/example_short_circuit_decorator.py
[2026-03-10T23:28:54.051+0530] {logging_mixin.py:188} INFO - [2026-03-10T23:28:54.050+0530] {dag.py:3089} INFO - Sync 1 DAGs
[2026-03-10T23:28:54.101+0530] {logging_mixin.py:188} INFO - [2026-03-10T23:28:54.100+0530] {dag.py:3947} INFO - Setting next_dagrun for example_short_circuit_decorator to 2026-03-10 00:00:00+00:00, run_after=2026-03-11 00:00:00+00:00
[2026-03-10T23:28:54.169+0530] {processor.py:183} INFO - Processing /home/sathya/projects/training-kit/.venv-airflow/lib/python3.10/site-packages/airflow/example_dags/example_short_circuit_decorator.py took 0.243 seconds
[2026-03-10T23:30:26.635+0530] {processor.py:161} INFO - Started process (PID=12134) to work on /home/sathya/projects/training-kit/.venv-airflow/lib/python3.10/site-packages/airflow/example_dags/example_short_circuit_decorator.py
[2026-03-10T23:30:26.640+0530] {processor.py:830} INFO - Processing file /home/sathya/projects/training-kit/.venv-airflow/lib/python3.10/site-packages/airflow/example_dags/example_short_circuit_decorator.py for tasks to queue
[2026-03-10T23:30:26.645+0530] {logging_mixin.py:188} INFO - [2026-03-10T23:30:26.643+0530] {dagbag.py:545} INFO - Filling up the DagBag from /home/sathya/projects/training-kit/.venv-airflow/lib/python3.10/site-packages/airflow/example_dags/example_short_circuit_decorator.py
[2026-03-10T23:30:26.686+0530] {processor.py:840} INFO - DAG(s) 'example_short_circuit_decorator' retrieved from /home/sathya/projects/training-kit/.venv-airflow/lib/python3.10/site-packages/airflow/example_dags/example_short_circuit_decorator.py
[2026-03-10T23:30:26.754+0530] {logging_mixin.py:188} INFO - [2026-03-10T23:30:26.752+0530] {dag.py:3089} INFO - Sync 1 DAGs
[2026-03-10T23:30:26.835+0530] {logging_mixin.py:188} INFO - [2026-03-10T23:30:26.835+0530] {dag.py:3947} INFO - Setting next_dagrun for example_short_circuit_decorator to 2026-03-10 00:00:00+00:00, run_after=2026-03-11 00:00:00+00:00
[2026-03-10T23:30:26.924+0530] {processor.py:183} INFO - Processing /home/sathya/projects/training-kit/.venv-airflow/lib/python3.10/site-packages/airflow/example_dags/example_short_circuit_decorator.py took 0.321 seconds
[2026-03-10T23:42:31.637+0530] {processor.py:161} INFO - Started process (PID=14098) to work on /home/sathya/projects/training-kit/.venv-airflow/lib/python3.10/site-packages/airflow/example_dags/example_short_circuit_decorator.py
[2026-03-10T23:42:31.645+0530] {processor.py:830} INFO - Processing file /home/sathya/projects/training-kit/.venv-airflow/lib/python3.10/site-packages/airflow/example_dags/example_short_circuit_decorator.py for tasks to queue
[2026-03-10T23:42:31.663+0530] {logging_mixin.py:188} INFO - [2026-03-10T23:42:31.660+0530] {dagbag.py:545} INFO - Filling up the DagBag from /home/sathya/projects/training-kit/.venv-airflow/lib/python3.10/site-packages/airflow/example_dags/example_short_circuit_decorator.py
[2026-03-10T23:42:31.772+0530] {processor.py:840} INFO - DAG(s) 'example_short_circuit_decorator' retrieved from /home/sathya/projects/training-kit/.venv-airflow/lib/python3.10/site-packages/airflow/example_dags/example_short_circuit_decorator.py
[2026-03-10T23:42:31.860+0530] {logging_mixin.py:188} INFO - [2026-03-10T23:42:31.860+0530] {dag.py:3089} INFO - Sync 1 DAGs
[2026-03-10T23:42:31.961+0530] {logging_mixin.py:188} INFO - [2026-03-10T23:42:31.960+0530] {dag.py:3947} INFO - Setting next_dagrun for example_short_circuit_decorator to 2026-03-10 00:00:00+00:00, run_after=2026-03-11 00:00:00+00:00
[2026-03-10T23:42:32.055+0530] {processor.py:183} INFO - Processing /home/sathya/projects/training-kit/.venv-airflow/lib/python3.10/site-packages/airflow/example_dags/example_short_circuit_decorator.py took 0.467 seconds
[2026-03-10T23:46:49.161+0530] {processor.py:161} INFO - Started process (PID=14605) to work on /home/sathya/projects/training-kit/.venv-airflow/lib/python3.10/site-packages/airflow/example_dags/example_short_circuit_decorator.py
[2026-03-10T23:46:49.164+0530] {processor.py:830} INFO - Processing file /home/sathya/projects/training-kit/.venv-airflow/lib/python3.10/site-packages/airflow/example_dags/example_short_circuit_decorator.py for tasks to queue
[2026-03-10T23:46:49.167+0530] {logging_mixin.py:188} INFO - [2026-03-10T23:46:49.166+0530] {dagbag.py:545} INFO - Filling up the DagBag from /home/sathya/projects/training-kit/.venv-airflow/lib/python3.10/site-packages/airflow/example_dags/example_short_circuit_decorator.py
[2026-03-10T23:46:49.207+0530] {processor.py:840} INFO - DAG(s) 'example_short_circuit_decorator' retrieved from /home/sathya/projects/training-kit/.venv-airflow/lib/python3.10/site-packages/airflow/example_dags/example_short_circuit_decorator.py
[2026-03-10T23:46:49.266+0530] {logging_mixin.py:188} INFO - [2026-03-10T23:46:49.265+0530] {dag.py:3089} INFO - Sync 1 DAGs
[2026-03-10T23:46:49.320+0530] {logging_mixin.py:188} INFO - [2026-03-10T23:46:49.318+0530] {dag.py:3947} INFO - Setting next_dagrun for example_short_circuit_decorator to 2026-03-10 00:00:00+00:00, run_after=2026-03-11 00:00:00+00:00
[2026-03-10T23:46:49.389+0530] {processor.py:183} INFO - Processing /home/sathya/projects/training-kit/.venv-airflow/lib/python3.10/site-packages/airflow/example_dags/example_short_circuit_decorator.py took 0.248 seconds
[2026-03-10T23:56:10.782+0530] {processor.py:161} INFO - Started process (PID=15957) to work on /home/sathya/projects/training-kit/.venv-airflow/lib/python3.10/site-packages/airflow/example_dags/example_short_circuit_decorator.py
[2026-03-10T23:56:10.788+0530] {processor.py:830} INFO - Processing file /home/sathya/projects/training-kit/.venv-airflow/lib/python3.10/site-packages/airflow/example_dags/example_short_circuit_decorator.py for tasks to queue
[2026-03-10T23:56:10.792+0530] {logging_mixin.py:188} INFO - [2026-03-10T23:56:10.791+0530] {dagbag.py:545} INFO - Filling up the DagBag from /home/sathya/projects/training-kit/.venv-airflow/lib/python3.10/site-packages/airflow/example_dags/example_short_circuit_decorator.py
[2026-03-10T23:56:10.819+0530] {processor.py:840} INFO - DAG(s) 'example_short_circuit_decorator' retrieved from /home/sathya/projects/training-kit/.venv-airflow/lib/python3.10/site-packages/airflow/example_dags/example_short_circuit_decorator.py
[2026-03-10T23:56:10.891+0530] {logging_mixin.py:188} INFO - [2026-03-10T23:56:10.890+0530] {dag.py:3089} INFO - Sync 1 DAGs
[2026-03-10T23:56:10.949+0530] {logging_mixin.py:188} INFO - [2026-03-10T23:56:10.949+0530] {dag.py:3947} INFO - Setting next_dagrun for example_short_circuit_decorator to 2026-03-10 00:00:00+00:00, run_after=2026-03-11 00:00:00+00:00
[2026-03-10T23:56:11.029+0530] {processor.py:183} INFO - Processing /home/sathya/projects/training-kit/.venv-airflow/lib/python3.10/site-packages/airflow/example_dags/example_short_circuit_decorator.py took 0.270 seconds
[2026-03-10T23:57:37.805+0530] {processor.py:161} INFO - Started process (PID=16165) to work on /home/sathya/projects/training-kit/.venv-airflow/lib/python3.10/site-packages/airflow/example_dags/example_short_circuit_decorator.py
[2026-03-10T23:57:37.812+0530] {processor.py:830} INFO - Processing file /home/sathya/projects/training-kit/.venv-airflow/lib/python3.10/site-packages/airflow/example_dags/example_short_circuit_decorator.py for tasks to queue
[2026-03-10T23:57:37.822+0530] {logging_mixin.py:188} INFO - [2026-03-10T23:57:37.821+0530] {dagbag.py:545} INFO - Filling up the DagBag from /home/sathya/projects/training-kit/.venv-airflow/lib/python3.10/site-packages/airflow/example_dags/example_short_circuit_decorator.py
[2026-03-10T23:57:37.863+0530] {processor.py:840} INFO - DAG(s) 'example_short_circuit_decorator' retrieved from /home/sathya/projects/training-kit/.venv-airflow/lib/python3.10/site-packages/airflow/example_dags/example_short_circuit_decorator.py
[2026-03-10T23:57:37.937+0530] {logging_mixin.py:188} INFO - [2026-03-10T23:57:37.936+0530] {dag.py:3089} INFO - Sync 1 DAGs
[2026-03-10T23:57:37.990+0530] {logging_mixin.py:188} INFO - [2026-03-10T23:57:37.990+0530] {dag.py:3947} INFO - Setting next_dagrun for example_short_circuit_decorator to 2026-03-10 00:00:00+00:00, run_after=2026-03-11 00:00:00+00:00
[2026-03-10T23:57:38.078+0530] {processor.py:183} INFO - Processing /home/sathya/projects/training-kit/.venv-airflow/lib/python3.10/site-packages/airflow/example_dags/example_short_circuit_decorator.py took 0.296 seconds
