[2026-03-10T22:59:10.381+0530] {processor.py:161} INFO - Started process (PID=4393) to work on /home/sathya/projects/training-kit/.venv-airflow/lib/python3.10/site-packages/airflow/example_dags/example_local_kubernetes_executor.py
[2026-03-10T22:59:10.384+0530] {processor.py:830} INFO - Processing file /home/sathya/projects/training-kit/.venv-airflow/lib/python3.10/site-packages/airflow/example_dags/example_local_kubernetes_executor.py for tasks to queue
[2026-03-10T22:59:10.385+0530] {logging_mixin.py:188} INFO - [2026-03-10T22:59:10.385+0530] {dagbag.py:545} INFO - Filling up the DagBag from /home/sathya/projects/training-kit/.venv-airflow/lib/python3.10/site-packages/airflow/example_dags/example_local_kubernetes_executor.py
[2026-03-10T22:59:10.415+0530] {processor.py:840} INFO - DAG(s) 'example_local_kubernetes_executor' retrieved from /home/sathya/projects/training-kit/.venv-airflow/lib/python3.10/site-packages/airflow/example_dags/example_local_kubernetes_executor.py
[2026-03-10T22:59:10.557+0530] {logging_mixin.py:188} INFO - [2026-03-10T22:59:10.556+0530] {dag.py:3089} INFO - Sync 1 DAGs
[2026-03-10T22:59:10.570+0530] {logging_mixin.py:188} INFO - [2026-03-10T22:59:10.569+0530] {dag.py:3947} INFO - Setting next_dagrun for example_local_kubernetes_executor to None, run_after=None
[2026-03-10T22:59:10.613+0530] {processor.py:183} INFO - Processing /home/sathya/projects/training-kit/.venv-airflow/lib/python3.10/site-packages/airflow/example_dags/example_local_kubernetes_executor.py took 0.244 seconds
[2026-03-10T23:02:59.962+0530] {processor.py:161} INFO - Started process (PID=5371) to work on /home/sathya/projects/training-kit/.venv-airflow/lib/python3.10/site-packages/airflow/example_dags/example_local_kubernetes_executor.py
[2026-03-10T23:02:59.968+0530] {processor.py:830} INFO - Processing file /home/sathya/projects/training-kit/.venv-airflow/lib/python3.10/site-packages/airflow/example_dags/example_local_kubernetes_executor.py for tasks to queue
[2026-03-10T23:02:59.972+0530] {logging_mixin.py:188} INFO - [2026-03-10T23:02:59.971+0530] {dagbag.py:545} INFO - Filling up the DagBag from /home/sathya/projects/training-kit/.venv-airflow/lib/python3.10/site-packages/airflow/example_dags/example_local_kubernetes_executor.py
[2026-03-10T23:02:59.991+0530] {processor.py:840} INFO - DAG(s) 'example_local_kubernetes_executor' retrieved from /home/sathya/projects/training-kit/.venv-airflow/lib/python3.10/site-packages/airflow/example_dags/example_local_kubernetes_executor.py
[2026-03-10T23:03:00.036+0530] {logging_mixin.py:188} INFO - [2026-03-10T23:03:00.035+0530] {dag.py:3089} INFO - Sync 1 DAGs
[2026-03-10T23:03:00.056+0530] {logging_mixin.py:188} INFO - [2026-03-10T23:03:00.055+0530] {dag.py:3947} INFO - Setting next_dagrun for example_local_kubernetes_executor to None, run_after=None
[2026-03-10T23:03:00.153+0530] {processor.py:183} INFO - Processing /home/sathya/projects/training-kit/.venv-airflow/lib/python3.10/site-packages/airflow/example_dags/example_local_kubernetes_executor.py took 0.201 seconds
[2026-03-10T23:05:20.028+0530] {processor.py:161} INFO - Started process (PID=5934) to work on /home/sathya/projects/training-kit/.venv-airflow/lib/python3.10/site-packages/airflow/example_dags/example_local_kubernetes_executor.py
[2026-03-10T23:05:20.029+0530] {processor.py:830} INFO - Processing file /home/sathya/projects/training-kit/.venv-airflow/lib/python3.10/site-packages/airflow/example_dags/example_local_kubernetes_executor.py for tasks to queue
[2026-03-10T23:05:20.031+0530] {logging_mixin.py:188} INFO - [2026-03-10T23:05:20.030+0530] {dagbag.py:545} INFO - Filling up the DagBag from /home/sathya/projects/training-kit/.venv-airflow/lib/python3.10/site-packages/airflow/example_dags/example_local_kubernetes_executor.py
[2026-03-10T23:05:20.046+0530] {processor.py:840} INFO - DAG(s) 'example_local_kubernetes_executor' retrieved from /home/sathya/projects/training-kit/.venv-airflow/lib/python3.10/site-packages/airflow/example_dags/example_local_kubernetes_executor.py
[2026-03-10T23:05:20.071+0530] {logging_mixin.py:188} INFO - [2026-03-10T23:05:20.070+0530] {dag.py:3089} INFO - Sync 1 DAGs
[2026-03-10T23:05:20.089+0530] {logging_mixin.py:188} INFO - [2026-03-10T23:05:20.089+0530] {dag.py:3947} INFO - Setting next_dagrun for example_local_kubernetes_executor to None, run_after=None
[2026-03-10T23:05:20.147+0530] {processor.py:183} INFO - Processing /home/sathya/projects/training-kit/.venv-airflow/lib/python3.10/site-packages/airflow/example_dags/example_local_kubernetes_executor.py took 0.129 seconds
[2026-03-10T23:10:06.675+0530] {processor.py:161} INFO - Started process (PID=7172) to work on /home/sathya/projects/training-kit/.venv-airflow/lib/python3.10/site-packages/airflow/example_dags/example_local_kubernetes_executor.py
[2026-03-10T23:10:06.677+0530] {processor.py:830} INFO - Processing file /home/sathya/projects/training-kit/.venv-airflow/lib/python3.10/site-packages/airflow/example_dags/example_local_kubernetes_executor.py for tasks to queue
[2026-03-10T23:10:06.679+0530] {logging_mixin.py:188} INFO - [2026-03-10T23:10:06.678+0530] {dagbag.py:545} INFO - Filling up the DagBag from /home/sathya/projects/training-kit/.venv-airflow/lib/python3.10/site-packages/airflow/example_dags/example_local_kubernetes_executor.py
[2026-03-10T23:10:06.720+0530] {processor.py:840} INFO - DAG(s) 'example_local_kubernetes_executor' retrieved from /home/sathya/projects/training-kit/.venv-airflow/lib/python3.10/site-packages/airflow/example_dags/example_local_kubernetes_executor.py
[2026-03-10T23:10:06.770+0530] {logging_mixin.py:188} INFO - [2026-03-10T23:10:06.769+0530] {dag.py:3089} INFO - Sync 1 DAGs
[2026-03-10T23:10:06.796+0530] {logging_mixin.py:188} INFO - [2026-03-10T23:10:06.795+0530] {dag.py:3947} INFO - Setting next_dagrun for example_local_kubernetes_executor to None, run_after=None
[2026-03-10T23:10:06.850+0530] {processor.py:183} INFO - Processing /home/sathya/projects/training-kit/.venv-airflow/lib/python3.10/site-packages/airflow/example_dags/example_local_kubernetes_executor.py took 0.187 seconds
[2026-03-10T23:10:48.996+0530] {processor.py:161} INFO - Started process (PID=7346) to work on /home/sathya/projects/training-kit/.venv-airflow/lib/python3.10/site-packages/airflow/example_dags/example_local_kubernetes_executor.py
[2026-03-10T23:10:48.998+0530] {processor.py:830} INFO - Processing file /home/sathya/projects/training-kit/.venv-airflow/lib/python3.10/site-packages/airflow/example_dags/example_local_kubernetes_executor.py for tasks to queue
[2026-03-10T23:10:48.999+0530] {logging_mixin.py:188} INFO - [2026-03-10T23:10:48.998+0530] {dagbag.py:545} INFO - Filling up the DagBag from /home/sathya/projects/training-kit/.venv-airflow/lib/python3.10/site-packages/airflow/example_dags/example_local_kubernetes_executor.py
[2026-03-10T23:10:49.018+0530] {processor.py:840} INFO - DAG(s) 'example_local_kubernetes_executor' retrieved from /home/sathya/projects/training-kit/.venv-airflow/lib/python3.10/site-packages/airflow/example_dags/example_local_kubernetes_executor.py
[2026-03-10T23:10:49.042+0530] {logging_mixin.py:188} INFO - [2026-03-10T23:10:49.042+0530] {dag.py:3089} INFO - Sync 1 DAGs
[2026-03-10T23:10:49.052+0530] {logging_mixin.py:188} INFO - [2026-03-10T23:10:49.052+0530] {dag.py:3947} INFO - Setting next_dagrun for example_local_kubernetes_executor to None, run_after=None
[2026-03-10T23:10:49.083+0530] {processor.py:183} INFO - Processing /home/sathya/projects/training-kit/.venv-airflow/lib/python3.10/site-packages/airflow/example_dags/example_local_kubernetes_executor.py took 0.096 seconds
[2026-03-10T23:17:04.726+0530] {processor.py:161} INFO - Started process (PID=8891) to work on /home/sathya/projects/training-kit/.venv-airflow/lib/python3.10/site-packages/airflow/example_dags/example_local_kubernetes_executor.py
[2026-03-10T23:17:04.728+0530] {processor.py:830} INFO - Processing file /home/sathya/projects/training-kit/.venv-airflow/lib/python3.10/site-packages/airflow/example_dags/example_local_kubernetes_executor.py for tasks to queue
[2026-03-10T23:17:04.729+0530] {logging_mixin.py:188} INFO - [2026-03-10T23:17:04.729+0530] {dagbag.py:545} INFO - Filling up the DagBag from /home/sathya/projects/training-kit/.venv-airflow/lib/python3.10/site-packages/airflow/example_dags/example_local_kubernetes_executor.py
[2026-03-10T23:17:04.757+0530] {processor.py:840} INFO - DAG(s) 'example_local_kubernetes_executor' retrieved from /home/sathya/projects/training-kit/.venv-airflow/lib/python3.10/site-packages/airflow/example_dags/example_local_kubernetes_executor.py
[2026-03-10T23:17:04.815+0530] {logging_mixin.py:188} INFO - [2026-03-10T23:17:04.815+0530] {dag.py:3089} INFO - Sync 1 DAGs
[2026-03-10T23:17:04.827+0530] {logging_mixin.py:188} INFO - [2026-03-10T23:17:04.827+0530] {dag.py:3947} INFO - Setting next_dagrun for example_local_kubernetes_executor to None, run_after=None
[2026-03-10T23:17:04.858+0530] {processor.py:183} INFO - Processing /home/sathya/projects/training-kit/.venv-airflow/lib/python3.10/site-packages/airflow/example_dags/example_local_kubernetes_executor.py took 0.143 seconds
[2026-03-10T23:17:32.216+0530] {processor.py:161} INFO - Started process (PID=9009) to work on /home/sathya/projects/training-kit/.venv-airflow/lib/python3.10/site-packages/airflow/example_dags/example_local_kubernetes_executor.py
[2026-03-10T23:17:32.217+0530] {processor.py:830} INFO - Processing file /home/sathya/projects/training-kit/.venv-airflow/lib/python3.10/site-packages/airflow/example_dags/example_local_kubernetes_executor.py for tasks to queue
[2026-03-10T23:17:32.218+0530] {logging_mixin.py:188} INFO - [2026-03-10T23:17:32.217+0530] {dagbag.py:545} INFO - Filling up the DagBag from /home/sathya/projects/training-kit/.venv-airflow/lib/python3.10/site-packages/airflow/example_dags/example_local_kubernetes_executor.py
[2026-03-10T23:17:32.254+0530] {processor.py:840} INFO - DAG(s) 'example_local_kubernetes_executor' retrieved from /home/sathya/projects/training-kit/.venv-airflow/lib/python3.10/site-packages/airflow/example_dags/example_local_kubernetes_executor.py
[2026-03-10T23:17:32.291+0530] {logging_mixin.py:188} INFO - [2026-03-10T23:17:32.291+0530] {dag.py:3089} INFO - Sync 1 DAGs
[2026-03-10T23:17:32.305+0530] {logging_mixin.py:188} INFO - [2026-03-10T23:17:32.305+0530] {dag.py:3947} INFO - Setting next_dagrun for example_local_kubernetes_executor to None, run_after=None
[2026-03-10T23:17:32.344+0530] {processor.py:183} INFO - Processing /home/sathya/projects/training-kit/.venv-airflow/lib/python3.10/site-packages/airflow/example_dags/example_local_kubernetes_executor.py took 0.136 seconds
[2026-03-10T23:22:40.456+0530] {processor.py:161} INFO - Started process (PID=10475) to work on /home/sathya/projects/training-kit/.venv-airflow/lib/python3.10/site-packages/airflow/example_dags/example_local_kubernetes_executor.py
[2026-03-10T23:22:40.459+0530] {processor.py:830} INFO - Processing file /home/sathya/projects/training-kit/.venv-airflow/lib/python3.10/site-packages/airflow/example_dags/example_local_kubernetes_executor.py for tasks to queue
[2026-03-10T23:22:40.461+0530] {logging_mixin.py:188} INFO - [2026-03-10T23:22:40.460+0530] {dagbag.py:545} INFO - Filling up the DagBag from /home/sathya/projects/training-kit/.venv-airflow/lib/python3.10/site-packages/airflow/example_dags/example_local_kubernetes_executor.py
[2026-03-10T23:22:40.481+0530] {processor.py:840} INFO - DAG(s) 'example_local_kubernetes_executor' retrieved from /home/sathya/projects/training-kit/.venv-airflow/lib/python3.10/site-packages/airflow/example_dags/example_local_kubernetes_executor.py
[2026-03-10T23:22:40.518+0530] {logging_mixin.py:188} INFO - [2026-03-10T23:22:40.517+0530] {dag.py:3089} INFO - Sync 1 DAGs
[2026-03-10T23:22:40.540+0530] {logging_mixin.py:188} INFO - [2026-03-10T23:22:40.539+0530] {dag.py:3947} INFO - Setting next_dagrun for example_local_kubernetes_executor to None, run_after=None
[2026-03-10T23:22:40.588+0530] {processor.py:183} INFO - Processing /home/sathya/projects/training-kit/.venv-airflow/lib/python3.10/site-packages/airflow/example_dags/example_local_kubernetes_executor.py took 0.141 seconds
[2026-03-10T23:23:11.397+0530] {processor.py:161} INFO - Started process (PID=10663) to work on /home/sathya/projects/training-kit/.venv-airflow/lib/python3.10/site-packages/airflow/example_dags/example_local_kubernetes_executor.py
[2026-03-10T23:23:11.399+0530] {processor.py:830} INFO - Processing file /home/sathya/projects/training-kit/.venv-airflow/lib/python3.10/site-packages/airflow/example_dags/example_local_kubernetes_executor.py for tasks to queue
[2026-03-10T23:23:11.400+0530] {logging_mixin.py:188} INFO - [2026-03-10T23:23:11.399+0530] {dagbag.py:545} INFO - Filling up the DagBag from /home/sathya/projects/training-kit/.venv-airflow/lib/python3.10/site-packages/airflow/example_dags/example_local_kubernetes_executor.py
[2026-03-10T23:23:11.432+0530] {processor.py:840} INFO - DAG(s) 'example_local_kubernetes_executor' retrieved from /home/sathya/projects/training-kit/.venv-airflow/lib/python3.10/site-packages/airflow/example_dags/example_local_kubernetes_executor.py
[2026-03-10T23:23:11.498+0530] {logging_mixin.py:188} INFO - [2026-03-10T23:23:11.497+0530] {dag.py:3089} INFO - Sync 1 DAGs
[2026-03-10T23:23:11.518+0530] {logging_mixin.py:188} INFO - [2026-03-10T23:23:11.517+0530] {dag.py:3947} INFO - Setting next_dagrun for example_local_kubernetes_executor to None, run_after=None
[2026-03-10T23:23:11.602+0530] {processor.py:183} INFO - Processing /home/sathya/projects/training-kit/.venv-airflow/lib/python3.10/site-packages/airflow/example_dags/example_local_kubernetes_executor.py took 0.220 seconds
[2026-03-10T23:28:09.986+0530] {processor.py:161} INFO - Started process (PID=11693) to work on /home/sathya/projects/training-kit/.venv-airflow/lib/python3.10/site-packages/airflow/example_dags/example_local_kubernetes_executor.py
[2026-03-10T23:28:09.990+0530] {processor.py:830} INFO - Processing file /home/sathya/projects/training-kit/.venv-airflow/lib/python3.10/site-packages/airflow/example_dags/example_local_kubernetes_executor.py for tasks to queue
[2026-03-10T23:28:09.996+0530] {logging_mixin.py:188} INFO - [2026-03-10T23:28:09.995+0530] {dagbag.py:545} INFO - Filling up the DagBag from /home/sathya/projects/training-kit/.venv-airflow/lib/python3.10/site-packages/airflow/example_dags/example_local_kubernetes_executor.py
[2026-03-10T23:28:10.078+0530] {processor.py:840} INFO - DAG(s) 'example_local_kubernetes_executor' retrieved from /home/sathya/projects/training-kit/.venv-airflow/lib/python3.10/site-packages/airflow/example_dags/example_local_kubernetes_executor.py
[2026-03-10T23:28:10.156+0530] {logging_mixin.py:188} INFO - [2026-03-10T23:28:10.156+0530] {dag.py:3089} INFO - Sync 1 DAGs
[2026-03-10T23:28:10.201+0530] {logging_mixin.py:188} INFO - [2026-03-10T23:28:10.200+0530] {dag.py:3947} INFO - Setting next_dagrun for example_local_kubernetes_executor to None, run_after=None
[2026-03-10T23:28:10.276+0530] {processor.py:183} INFO - Processing /home/sathya/projects/training-kit/.venv-airflow/lib/python3.10/site-packages/airflow/example_dags/example_local_kubernetes_executor.py took 0.308 seconds
[2026-03-10T23:31:46.888+0530] {processor.py:161} INFO - Started process (PID=12386) to work on /home/sathya/projects/training-kit/.venv-airflow/lib/python3.10/site-packages/airflow/example_dags/example_local_kubernetes_executor.py
[2026-03-10T23:31:46.898+0530] {processor.py:830} INFO - Processing file /home/sathya/projects/training-kit/.venv-airflow/lib/python3.10/site-packages/airflow/example_dags/example_local_kubernetes_executor.py for tasks to queue
[2026-03-10T23:31:46.902+0530] {logging_mixin.py:188} INFO - [2026-03-10T23:31:46.900+0530] {dagbag.py:545} INFO - Filling up the DagBag from /home/sathya/projects/training-kit/.venv-airflow/lib/python3.10/site-packages/airflow/example_dags/example_local_kubernetes_executor.py
[2026-03-10T23:31:46.928+0530] {processor.py:840} INFO - DAG(s) 'example_local_kubernetes_executor' retrieved from /home/sathya/projects/training-kit/.venv-airflow/lib/python3.10/site-packages/airflow/example_dags/example_local_kubernetes_executor.py
[2026-03-10T23:31:46.997+0530] {logging_mixin.py:188} INFO - [2026-03-10T23:31:46.996+0530] {dag.py:3089} INFO - Sync 1 DAGs
[2026-03-10T23:31:47.033+0530] {logging_mixin.py:188} INFO - [2026-03-10T23:31:47.032+0530] {dag.py:3947} INFO - Setting next_dagrun for example_local_kubernetes_executor to None, run_after=None
[2026-03-10T23:31:47.113+0530] {processor.py:183} INFO - Processing /home/sathya/projects/training-kit/.venv-airflow/lib/python3.10/site-packages/airflow/example_dags/example_local_kubernetes_executor.py took 0.248 seconds
[2026-03-10T23:33:24.423+0530] {processor.py:161} INFO - Started process (PID=12657) to work on /home/sathya/projects/training-kit/.venv-airflow/lib/python3.10/site-packages/airflow/example_dags/example_local_kubernetes_executor.py
[2026-03-10T23:33:24.467+0530] {processor.py:830} INFO - Processing file /home/sathya/projects/training-kit/.venv-airflow/lib/python3.10/site-packages/airflow/example_dags/example_local_kubernetes_executor.py for tasks to queue
[2026-03-10T23:33:24.470+0530] {logging_mixin.py:188} INFO - [2026-03-10T23:33:24.469+0530] {dagbag.py:545} INFO - Filling up the DagBag from /home/sathya/projects/training-kit/.venv-airflow/lib/python3.10/site-packages/airflow/example_dags/example_local_kubernetes_executor.py
[2026-03-10T23:33:24.548+0530] {processor.py:840} INFO - DAG(s) 'example_local_kubernetes_executor' retrieved from /home/sathya/projects/training-kit/.venv-airflow/lib/python3.10/site-packages/airflow/example_dags/example_local_kubernetes_executor.py
[2026-03-10T23:33:24.623+0530] {logging_mixin.py:188} INFO - [2026-03-10T23:33:24.622+0530] {dag.py:3089} INFO - Sync 1 DAGs
[2026-03-10T23:33:24.663+0530] {logging_mixin.py:188} INFO - [2026-03-10T23:33:24.663+0530] {dag.py:3947} INFO - Setting next_dagrun for example_local_kubernetes_executor to None, run_after=None
[2026-03-10T23:33:24.769+0530] {processor.py:183} INFO - Processing /home/sathya/projects/training-kit/.venv-airflow/lib/python3.10/site-packages/airflow/example_dags/example_local_kubernetes_executor.py took 0.372 seconds
[2026-03-10T23:49:02.382+0530] {processor.py:161} INFO - Started process (PID=14900) to work on /home/sathya/projects/training-kit/.venv-airflow/lib/python3.10/site-packages/airflow/example_dags/example_local_kubernetes_executor.py
[2026-03-10T23:49:02.385+0530] {processor.py:830} INFO - Processing file /home/sathya/projects/training-kit/.venv-airflow/lib/python3.10/site-packages/airflow/example_dags/example_local_kubernetes_executor.py for tasks to queue
[2026-03-10T23:49:02.392+0530] {logging_mixin.py:188} INFO - [2026-03-10T23:49:02.391+0530] {dagbag.py:545} INFO - Filling up the DagBag from /home/sathya/projects/training-kit/.venv-airflow/lib/python3.10/site-packages/airflow/example_dags/example_local_kubernetes_executor.py
[2026-03-10T23:49:02.496+0530] {processor.py:840} INFO - DAG(s) 'example_local_kubernetes_executor' retrieved from /home/sathya/projects/training-kit/.venv-airflow/lib/python3.10/site-packages/airflow/example_dags/example_local_kubernetes_executor.py
[2026-03-10T23:49:02.589+0530] {logging_mixin.py:188} INFO - [2026-03-10T23:49:02.588+0530] {dag.py:3089} INFO - Sync 1 DAGs
[2026-03-10T23:49:02.642+0530] {logging_mixin.py:188} INFO - [2026-03-10T23:49:02.641+0530] {dag.py:3947} INFO - Setting next_dagrun for example_local_kubernetes_executor to None, run_after=None
[2026-03-10T23:49:02.729+0530] {processor.py:183} INFO - Processing /home/sathya/projects/training-kit/.venv-airflow/lib/python3.10/site-packages/airflow/example_dags/example_local_kubernetes_executor.py took 0.372 seconds
[2026-03-10T23:49:44.058+0530] {processor.py:161} INFO - Started process (PID=15020) to work on /home/sathya/projects/training-kit/.venv-airflow/lib/python3.10/site-packages/airflow/example_dags/example_local_kubernetes_executor.py
[2026-03-10T23:49:44.069+0530] {processor.py:830} INFO - Processing file /home/sathya/projects/training-kit/.venv-airflow/lib/python3.10/site-packages/airflow/example_dags/example_local_kubernetes_executor.py for tasks to queue
[2026-03-10T23:49:44.071+0530] {logging_mixin.py:188} INFO - [2026-03-10T23:49:44.070+0530] {dagbag.py:545} INFO - Filling up the DagBag from /home/sathya/projects/training-kit/.venv-airflow/lib/python3.10/site-packages/airflow/example_dags/example_local_kubernetes_executor.py
[2026-03-10T23:49:44.131+0530] {processor.py:840} INFO - DAG(s) 'example_local_kubernetes_executor' retrieved from /home/sathya/projects/training-kit/.venv-airflow/lib/python3.10/site-packages/airflow/example_dags/example_local_kubernetes_executor.py
[2026-03-10T23:49:44.190+0530] {logging_mixin.py:188} INFO - [2026-03-10T23:49:44.190+0530] {dag.py:3089} INFO - Sync 1 DAGs
[2026-03-10T23:49:44.220+0530] {logging_mixin.py:188} INFO - [2026-03-10T23:49:44.220+0530] {dag.py:3947} INFO - Setting next_dagrun for example_local_kubernetes_executor to None, run_after=None
[2026-03-10T23:49:44.285+0530] {processor.py:183} INFO - Processing /home/sathya/projects/training-kit/.venv-airflow/lib/python3.10/site-packages/airflow/example_dags/example_local_kubernetes_executor.py took 0.244 seconds
[2026-03-11T00:01:17.581+0530] {processor.py:161} INFO - Started process (PID=16680) to work on /home/sathya/projects/training-kit/.venv-airflow/lib/python3.10/site-packages/airflow/example_dags/example_local_kubernetes_executor.py
[2026-03-11T00:01:17.584+0530] {processor.py:830} INFO - Processing file /home/sathya/projects/training-kit/.venv-airflow/lib/python3.10/site-packages/airflow/example_dags/example_local_kubernetes_executor.py for tasks to queue
[2026-03-11T00:01:17.588+0530] {logging_mixin.py:188} INFO - [2026-03-11T00:01:17.586+0530] {dagbag.py:545} INFO - Filling up the DagBag from /home/sathya/projects/training-kit/.venv-airflow/lib/python3.10/site-packages/airflow/example_dags/example_local_kubernetes_executor.py
[2026-03-11T00:01:17.654+0530] {processor.py:840} INFO - DAG(s) 'example_local_kubernetes_executor' retrieved from /home/sathya/projects/training-kit/.venv-airflow/lib/python3.10/site-packages/airflow/example_dags/example_local_kubernetes_executor.py
[2026-03-11T00:01:17.734+0530] {logging_mixin.py:188} INFO - [2026-03-11T00:01:17.733+0530] {dag.py:3089} INFO - Sync 1 DAGs
[2026-03-11T00:01:17.781+0530] {logging_mixin.py:188} INFO - [2026-03-11T00:01:17.780+0530] {dag.py:3947} INFO - Setting next_dagrun for example_local_kubernetes_executor to None, run_after=None
[2026-03-11T00:01:17.878+0530] {processor.py:183} INFO - Processing /home/sathya/projects/training-kit/.venv-airflow/lib/python3.10/site-packages/airflow/example_dags/example_local_kubernetes_executor.py took 0.322 seconds
[2026-03-11T00:04:36.152+0530] {processor.py:161} INFO - Started process (PID=17119) to work on /home/sathya/projects/training-kit/.venv-airflow/lib/python3.10/site-packages/airflow/example_dags/example_local_kubernetes_executor.py
[2026-03-11T00:04:36.160+0530] {processor.py:830} INFO - Processing file /home/sathya/projects/training-kit/.venv-airflow/lib/python3.10/site-packages/airflow/example_dags/example_local_kubernetes_executor.py for tasks to queue
[2026-03-11T00:04:36.166+0530] {logging_mixin.py:188} INFO - [2026-03-11T00:04:36.164+0530] {dagbag.py:545} INFO - Filling up the DagBag from /home/sathya/projects/training-kit/.venv-airflow/lib/python3.10/site-packages/airflow/example_dags/example_local_kubernetes_executor.py
[2026-03-11T00:04:36.258+0530] {processor.py:840} INFO - DAG(s) 'example_local_kubernetes_executor' retrieved from /home/sathya/projects/training-kit/.venv-airflow/lib/python3.10/site-packages/airflow/example_dags/example_local_kubernetes_executor.py
[2026-03-11T00:04:36.330+0530] {logging_mixin.py:188} INFO - [2026-03-11T00:04:36.330+0530] {dag.py:3089} INFO - Sync 1 DAGs
[2026-03-11T00:04:36.361+0530] {logging_mixin.py:188} INFO - [2026-03-11T00:04:36.360+0530] {dag.py:3947} INFO - Setting next_dagrun for example_local_kubernetes_executor to None, run_after=None
[2026-03-11T00:04:36.436+0530] {processor.py:183} INFO - Processing /home/sathya/projects/training-kit/.venv-airflow/lib/python3.10/site-packages/airflow/example_dags/example_local_kubernetes_executor.py took 0.302 seconds
