[2026-03-10T22:58:20.996+0530] {processor.py:161} INFO - Started process (PID=4221) to work on /home/sathya/projects/training-kit/.venv-airflow/lib/python3.10/site-packages/airflow/example_dags/example_dynamic_task_mapping.py
[2026-03-10T22:58:20.997+0530] {processor.py:830} INFO - Processing file /home/sathya/projects/training-kit/.venv-airflow/lib/python3.10/site-packages/airflow/example_dags/example_dynamic_task_mapping.py for tasks to queue
[2026-03-10T22:58:20.999+0530] {logging_mixin.py:188} INFO - [2026-03-10T22:58:20.998+0530] {dagbag.py:545} INFO - Filling up the DagBag from /home/sathya/projects/training-kit/.venv-airflow/lib/python3.10/site-packages/airflow/example_dags/example_dynamic_task_mapping.py
[2026-03-10T22:58:21.012+0530] {processor.py:840} INFO - DAG(s) 'example_dynamic_task_mapping' retrieved from /home/sathya/projects/training-kit/.venv-airflow/lib/python3.10/site-packages/airflow/example_dags/example_dynamic_task_mapping.py
[2026-03-10T22:58:21.153+0530] {logging_mixin.py:188} INFO - [2026-03-10T22:58:21.153+0530] {dag.py:3089} INFO - Sync 1 DAGs
[2026-03-10T22:58:21.174+0530] {logging_mixin.py:188} INFO - [2026-03-10T22:58:21.174+0530] {dag.py:3947} INFO - Setting next_dagrun for example_dynamic_task_mapping to 2022-03-20 00:00:00+00:00, run_after=2022-03-21 00:00:00+00:00
[2026-03-10T22:58:21.247+0530] {processor.py:183} INFO - Processing /home/sathya/projects/training-kit/.venv-airflow/lib/python3.10/site-packages/airflow/example_dags/example_dynamic_task_mapping.py took 0.265 seconds
[2026-03-10T23:01:55.772+0530] {processor.py:161} INFO - Started process (PID=5085) to work on /home/sathya/projects/training-kit/.venv-airflow/lib/python3.10/site-packages/airflow/example_dags/example_dynamic_task_mapping.py
[2026-03-10T23:01:55.774+0530] {processor.py:830} INFO - Processing file /home/sathya/projects/training-kit/.venv-airflow/lib/python3.10/site-packages/airflow/example_dags/example_dynamic_task_mapping.py for tasks to queue
[2026-03-10T23:01:55.779+0530] {logging_mixin.py:188} INFO - [2026-03-10T23:01:55.778+0530] {dagbag.py:545} INFO - Filling up the DagBag from /home/sathya/projects/training-kit/.venv-airflow/lib/python3.10/site-packages/airflow/example_dags/example_dynamic_task_mapping.py
[2026-03-10T23:01:55.795+0530] {processor.py:840} INFO - DAG(s) 'example_dynamic_task_mapping' retrieved from /home/sathya/projects/training-kit/.venv-airflow/lib/python3.10/site-packages/airflow/example_dags/example_dynamic_task_mapping.py
[2026-03-10T23:01:53.897+0530] {logging_mixin.py:188} INFO - [2026-03-10T23:01:53.897+0530] {dag.py:3089} INFO - Sync 1 DAGs
[2026-03-10T23:01:53.921+0530] {logging_mixin.py:188} INFO - [2026-03-10T23:01:53.921+0530] {dag.py:3947} INFO - Setting next_dagrun for example_dynamic_task_mapping to 2022-04-02 00:00:00+00:00, run_after=2022-04-03 00:00:00+00:00
[2026-03-10T23:01:53.948+0530] {processor.py:183} INFO - Processing /home/sathya/projects/training-kit/.venv-airflow/lib/python3.10/site-packages/airflow/example_dags/example_dynamic_task_mapping.py took 0.106 seconds
[2026-03-10T23:04:33.260+0530] {processor.py:161} INFO - Started process (PID=5732) to work on /home/sathya/projects/training-kit/.venv-airflow/lib/python3.10/site-packages/airflow/example_dags/example_dynamic_task_mapping.py
[2026-03-10T23:04:33.262+0530] {processor.py:830} INFO - Processing file /home/sathya/projects/training-kit/.venv-airflow/lib/python3.10/site-packages/airflow/example_dags/example_dynamic_task_mapping.py for tasks to queue
[2026-03-10T23:04:33.263+0530] {logging_mixin.py:188} INFO - [2026-03-10T23:04:33.263+0530] {dagbag.py:545} INFO - Filling up the DagBag from /home/sathya/projects/training-kit/.venv-airflow/lib/python3.10/site-packages/airflow/example_dags/example_dynamic_task_mapping.py
[2026-03-10T23:04:33.271+0530] {processor.py:840} INFO - DAG(s) 'example_dynamic_task_mapping' retrieved from /home/sathya/projects/training-kit/.venv-airflow/lib/python3.10/site-packages/airflow/example_dags/example_dynamic_task_mapping.py
[2026-03-10T23:04:33.302+0530] {logging_mixin.py:188} INFO - [2026-03-10T23:04:33.301+0530] {dag.py:3089} INFO - Sync 1 DAGs
[2026-03-10T23:04:33.326+0530] {logging_mixin.py:188} INFO - [2026-03-10T23:04:33.326+0530] {dag.py:3947} INFO - Setting next_dagrun for example_dynamic_task_mapping to 2022-04-14 00:00:00+00:00, run_after=2022-04-15 00:00:00+00:00
[2026-03-10T23:04:33.365+0530] {processor.py:183} INFO - Processing /home/sathya/projects/training-kit/.venv-airflow/lib/python3.10/site-packages/airflow/example_dags/example_dynamic_task_mapping.py took 0.118 seconds
[2026-03-10T23:09:36.713+0530] {processor.py:161} INFO - Started process (PID=7025) to work on /home/sathya/projects/training-kit/.venv-airflow/lib/python3.10/site-packages/airflow/example_dags/example_dynamic_task_mapping.py
[2026-03-10T23:09:36.715+0530] {processor.py:830} INFO - Processing file /home/sathya/projects/training-kit/.venv-airflow/lib/python3.10/site-packages/airflow/example_dags/example_dynamic_task_mapping.py for tasks to queue
[2026-03-10T23:09:36.717+0530] {logging_mixin.py:188} INFO - [2026-03-10T23:09:36.716+0530] {dagbag.py:545} INFO - Filling up the DagBag from /home/sathya/projects/training-kit/.venv-airflow/lib/python3.10/site-packages/airflow/example_dags/example_dynamic_task_mapping.py
[2026-03-10T23:09:36.734+0530] {processor.py:840} INFO - DAG(s) 'example_dynamic_task_mapping' retrieved from /home/sathya/projects/training-kit/.venv-airflow/lib/python3.10/site-packages/airflow/example_dags/example_dynamic_task_mapping.py
[2026-03-10T23:09:36.808+0530] {logging_mixin.py:188} INFO - [2026-03-10T23:09:36.795+0530] {dag.py:3089} INFO - Sync 1 DAGs
[2026-03-10T23:09:36.851+0530] {logging_mixin.py:188} INFO - [2026-03-10T23:09:36.851+0530] {dag.py:3947} INFO - Setting next_dagrun for example_dynamic_task_mapping to 2022-05-09 00:00:00+00:00, run_after=2022-05-10 00:00:00+00:00
[2026-03-10T23:09:36.892+0530] {processor.py:183} INFO - Processing /home/sathya/projects/training-kit/.venv-airflow/lib/python3.10/site-packages/airflow/example_dags/example_dynamic_task_mapping.py took 0.195 seconds
[2026-03-10T23:10:32.254+0530] {processor.py:161} INFO - Started process (PID=7286) to work on /home/sathya/projects/training-kit/.venv-airflow/lib/python3.10/site-packages/airflow/example_dags/example_dynamic_task_mapping.py
[2026-03-10T23:10:32.256+0530] {processor.py:830} INFO - Processing file /home/sathya/projects/training-kit/.venv-airflow/lib/python3.10/site-packages/airflow/example_dags/example_dynamic_task_mapping.py for tasks to queue
[2026-03-10T23:10:32.258+0530] {logging_mixin.py:188} INFO - [2026-03-10T23:10:32.257+0530] {dagbag.py:545} INFO - Filling up the DagBag from /home/sathya/projects/training-kit/.venv-airflow/lib/python3.10/site-packages/airflow/example_dags/example_dynamic_task_mapping.py
[2026-03-10T23:10:32.265+0530] {processor.py:840} INFO - DAG(s) 'example_dynamic_task_mapping' retrieved from /home/sathya/projects/training-kit/.venv-airflow/lib/python3.10/site-packages/airflow/example_dags/example_dynamic_task_mapping.py
[2026-03-10T23:10:32.285+0530] {logging_mixin.py:188} INFO - [2026-03-10T23:10:32.285+0530] {dag.py:3089} INFO - Sync 1 DAGs
[2026-03-10T23:10:32.312+0530] {logging_mixin.py:188} INFO - [2026-03-10T23:10:32.311+0530] {dag.py:3947} INFO - Setting next_dagrun for example_dynamic_task_mapping to 2022-05-15 00:00:00+00:00, run_after=2022-05-16 00:00:00+00:00
[2026-03-10T23:10:32.362+0530] {processor.py:183} INFO - Processing /home/sathya/projects/training-kit/.venv-airflow/lib/python3.10/site-packages/airflow/example_dags/example_dynamic_task_mapping.py took 0.119 seconds
[2026-03-10T23:16:04.147+0530] {processor.py:161} INFO - Started process (PID=8662) to work on /home/sathya/projects/training-kit/.venv-airflow/lib/python3.10/site-packages/airflow/example_dags/example_dynamic_task_mapping.py
[2026-03-10T23:16:04.148+0530] {processor.py:830} INFO - Processing file /home/sathya/projects/training-kit/.venv-airflow/lib/python3.10/site-packages/airflow/example_dags/example_dynamic_task_mapping.py for tasks to queue
[2026-03-10T23:16:04.150+0530] {logging_mixin.py:188} INFO - [2026-03-10T23:16:04.149+0530] {dagbag.py:545} INFO - Filling up the DagBag from /home/sathya/projects/training-kit/.venv-airflow/lib/python3.10/site-packages/airflow/example_dags/example_dynamic_task_mapping.py
[2026-03-10T23:16:04.158+0530] {processor.py:840} INFO - DAG(s) 'example_dynamic_task_mapping' retrieved from /home/sathya/projects/training-kit/.venv-airflow/lib/python3.10/site-packages/airflow/example_dags/example_dynamic_task_mapping.py
[2026-03-10T23:16:04.185+0530] {logging_mixin.py:188} INFO - [2026-03-10T23:16:04.185+0530] {dag.py:3089} INFO - Sync 1 DAGs
[2026-03-10T23:16:04.212+0530] {logging_mixin.py:188} INFO - [2026-03-10T23:16:04.212+0530] {dag.py:3947} INFO - Setting next_dagrun for example_dynamic_task_mapping to 2022-06-10 00:00:00+00:00, run_after=2022-06-11 00:00:00+00:00
[2026-03-10T23:16:04.251+0530] {processor.py:183} INFO - Processing /home/sathya/projects/training-kit/.venv-airflow/lib/python3.10/site-packages/airflow/example_dags/example_dynamic_task_mapping.py took 0.113 seconds
[2026-03-10T23:17:14.409+0530] {processor.py:161} INFO - Started process (PID=8913) to work on /home/sathya/projects/training-kit/.venv-airflow/lib/python3.10/site-packages/airflow/example_dags/example_dynamic_task_mapping.py
[2026-03-10T23:17:14.411+0530] {processor.py:830} INFO - Processing file /home/sathya/projects/training-kit/.venv-airflow/lib/python3.10/site-packages/airflow/example_dags/example_dynamic_task_mapping.py for tasks to queue
[2026-03-10T23:17:14.412+0530] {logging_mixin.py:188} INFO - [2026-03-10T23:17:14.412+0530] {dagbag.py:545} INFO - Filling up the DagBag from /home/sathya/projects/training-kit/.venv-airflow/lib/python3.10/site-packages/airflow/example_dags/example_dynamic_task_mapping.py
[2026-03-10T23:17:14.424+0530] {processor.py:840} INFO - DAG(s) 'example_dynamic_task_mapping' retrieved from /home/sathya/projects/training-kit/.venv-airflow/lib/python3.10/site-packages/airflow/example_dags/example_dynamic_task_mapping.py
[2026-03-10T23:17:14.444+0530] {logging_mixin.py:188} INFO - [2026-03-10T23:17:14.443+0530] {dag.py:3089} INFO - Sync 1 DAGs
[2026-03-10T23:17:14.470+0530] {logging_mixin.py:188} INFO - [2026-03-10T23:17:14.469+0530] {dag.py:3947} INFO - Setting next_dagrun for example_dynamic_task_mapping to 2022-06-13 00:00:00+00:00, run_after=2022-06-14 00:00:00+00:00
[2026-03-10T23:17:14.506+0530] {processor.py:183} INFO - Processing /home/sathya/projects/training-kit/.venv-airflow/lib/python3.10/site-packages/airflow/example_dags/example_dynamic_task_mapping.py took 0.105 seconds
[2026-03-10T23:22:27.320+0530] {processor.py:161} INFO - Started process (PID=10405) to work on /home/sathya/projects/training-kit/.venv-airflow/lib/python3.10/site-packages/airflow/example_dags/example_dynamic_task_mapping.py
[2026-03-10T23:22:27.328+0530] {processor.py:830} INFO - Processing file /home/sathya/projects/training-kit/.venv-airflow/lib/python3.10/site-packages/airflow/example_dags/example_dynamic_task_mapping.py for tasks to queue
[2026-03-10T23:22:27.330+0530] {logging_mixin.py:188} INFO - [2026-03-10T23:22:27.329+0530] {dagbag.py:545} INFO - Filling up the DagBag from /home/sathya/projects/training-kit/.venv-airflow/lib/python3.10/site-packages/airflow/example_dags/example_dynamic_task_mapping.py
[2026-03-10T23:22:27.340+0530] {processor.py:840} INFO - DAG(s) 'example_dynamic_task_mapping' retrieved from /home/sathya/projects/training-kit/.venv-airflow/lib/python3.10/site-packages/airflow/example_dags/example_dynamic_task_mapping.py
[2026-03-10T23:22:27.399+0530] {logging_mixin.py:188} INFO - [2026-03-10T23:22:27.398+0530] {dag.py:3089} INFO - Sync 1 DAGs
[2026-03-10T23:22:27.462+0530] {logging_mixin.py:188} INFO - [2026-03-10T23:22:27.461+0530] {dag.py:3947} INFO - Setting next_dagrun for example_dynamic_task_mapping to 2022-07-13 00:00:00+00:00, run_after=2022-07-14 00:00:00+00:00
[2026-03-10T23:22:27.682+0530] {processor.py:183} INFO - Processing /home/sathya/projects/training-kit/.venv-airflow/lib/python3.10/site-packages/airflow/example_dags/example_dynamic_task_mapping.py took 0.373 seconds
[2026-03-10T23:23:09.808+0530] {processor.py:161} INFO - Started process (PID=10645) to work on /home/sathya/projects/training-kit/.venv-airflow/lib/python3.10/site-packages/airflow/example_dags/example_dynamic_task_mapping.py
[2026-03-10T23:23:09.810+0530] {processor.py:830} INFO - Processing file /home/sathya/projects/training-kit/.venv-airflow/lib/python3.10/site-packages/airflow/example_dags/example_dynamic_task_mapping.py for tasks to queue
[2026-03-10T23:23:09.812+0530] {logging_mixin.py:188} INFO - [2026-03-10T23:23:09.811+0530] {dagbag.py:545} INFO - Filling up the DagBag from /home/sathya/projects/training-kit/.venv-airflow/lib/python3.10/site-packages/airflow/example_dags/example_dynamic_task_mapping.py
[2026-03-10T23:23:09.827+0530] {processor.py:840} INFO - DAG(s) 'example_dynamic_task_mapping' retrieved from /home/sathya/projects/training-kit/.venv-airflow/lib/python3.10/site-packages/airflow/example_dags/example_dynamic_task_mapping.py
[2026-03-10T23:23:09.855+0530] {logging_mixin.py:188} INFO - [2026-03-10T23:23:09.854+0530] {dag.py:3089} INFO - Sync 1 DAGs
[2026-03-10T23:23:09.892+0530] {logging_mixin.py:188} INFO - [2026-03-10T23:23:09.891+0530] {dag.py:3947} INFO - Setting next_dagrun for example_dynamic_task_mapping to 2022-07-17 00:00:00+00:00, run_after=2022-07-18 00:00:00+00:00
[2026-03-10T23:23:09.937+0530] {processor.py:183} INFO - Processing /home/sathya/projects/training-kit/.venv-airflow/lib/python3.10/site-packages/airflow/example_dags/example_dynamic_task_mapping.py took 0.144 seconds
[2026-03-10T23:28:08.467+0530] {processor.py:161} INFO - Started process (PID=11682) to work on /home/sathya/projects/training-kit/.venv-airflow/lib/python3.10/site-packages/airflow/example_dags/example_dynamic_task_mapping.py
[2026-03-10T23:28:08.481+0530] {processor.py:830} INFO - Processing file /home/sathya/projects/training-kit/.venv-airflow/lib/python3.10/site-packages/airflow/example_dags/example_dynamic_task_mapping.py for tasks to queue
[2026-03-10T23:28:08.485+0530] {logging_mixin.py:188} INFO - [2026-03-10T23:28:08.484+0530] {dagbag.py:545} INFO - Filling up the DagBag from /home/sathya/projects/training-kit/.venv-airflow/lib/python3.10/site-packages/airflow/example_dags/example_dynamic_task_mapping.py
[2026-03-10T23:28:08.510+0530] {processor.py:840} INFO - DAG(s) 'example_dynamic_task_mapping' retrieved from /home/sathya/projects/training-kit/.venv-airflow/lib/python3.10/site-packages/airflow/example_dags/example_dynamic_task_mapping.py
[2026-03-10T23:28:08.561+0530] {logging_mixin.py:188} INFO - [2026-03-10T23:28:08.561+0530] {dag.py:3089} INFO - Sync 1 DAGs
[2026-03-10T23:28:08.626+0530] {logging_mixin.py:188} INFO - [2026-03-10T23:28:08.626+0530] {dag.py:3947} INFO - Setting next_dagrun for example_dynamic_task_mapping to 2022-08-01 00:00:00+00:00, run_after=2022-08-02 00:00:00+00:00
[2026-03-10T23:28:08.719+0530] {processor.py:183} INFO - Processing /home/sathya/projects/training-kit/.venv-airflow/lib/python3.10/site-packages/airflow/example_dags/example_dynamic_task_mapping.py took 0.276 seconds
[2026-03-10T23:31:15.975+0530] {processor.py:161} INFO - Started process (PID=12287) to work on /home/sathya/projects/training-kit/.venv-airflow/lib/python3.10/site-packages/airflow/example_dags/example_dynamic_task_mapping.py
[2026-03-10T23:31:15.980+0530] {processor.py:830} INFO - Processing file /home/sathya/projects/training-kit/.venv-airflow/lib/python3.10/site-packages/airflow/example_dags/example_dynamic_task_mapping.py for tasks to queue
[2026-03-10T23:31:15.983+0530] {logging_mixin.py:188} INFO - [2026-03-10T23:31:15.981+0530] {dagbag.py:545} INFO - Filling up the DagBag from /home/sathya/projects/training-kit/.venv-airflow/lib/python3.10/site-packages/airflow/example_dags/example_dynamic_task_mapping.py
[2026-03-10T23:31:16.005+0530] {processor.py:840} INFO - DAG(s) 'example_dynamic_task_mapping' retrieved from /home/sathya/projects/training-kit/.venv-airflow/lib/python3.10/site-packages/airflow/example_dags/example_dynamic_task_mapping.py
[2026-03-10T23:31:16.055+0530] {logging_mixin.py:188} INFO - [2026-03-10T23:31:16.055+0530] {dag.py:3089} INFO - Sync 1 DAGs
[2026-03-10T23:31:16.112+0530] {logging_mixin.py:188} INFO - [2026-03-10T23:31:16.112+0530] {dag.py:3947} INFO - Setting next_dagrun for example_dynamic_task_mapping to 2022-08-11 00:00:00+00:00, run_after=2022-08-12 00:00:00+00:00
[2026-03-10T23:31:16.229+0530] {processor.py:183} INFO - Processing /home/sathya/projects/training-kit/.venv-airflow/lib/python3.10/site-packages/airflow/example_dags/example_dynamic_task_mapping.py took 0.275 seconds
[2026-03-10T23:31:22.783+0530] {processor.py:161} INFO - Started process (PID=12312) to work on /home/sathya/projects/training-kit/.venv-airflow/lib/python3.10/site-packages/airflow/example_dags/example_dynamic_task_mapping.py
[2026-03-10T23:31:22.786+0530] {processor.py:830} INFO - Processing file /home/sathya/projects/training-kit/.venv-airflow/lib/python3.10/site-packages/airflow/example_dags/example_dynamic_task_mapping.py for tasks to queue
[2026-03-10T23:31:22.789+0530] {logging_mixin.py:188} INFO - [2026-03-10T23:31:22.788+0530] {dagbag.py:545} INFO - Filling up the DagBag from /home/sathya/projects/training-kit/.venv-airflow/lib/python3.10/site-packages/airflow/example_dags/example_dynamic_task_mapping.py
[2026-03-10T23:31:22.807+0530] {processor.py:840} INFO - DAG(s) 'example_dynamic_task_mapping' retrieved from /home/sathya/projects/training-kit/.venv-airflow/lib/python3.10/site-packages/airflow/example_dags/example_dynamic_task_mapping.py
[2026-03-10T23:31:22.872+0530] {logging_mixin.py:188} INFO - [2026-03-10T23:31:22.872+0530] {dag.py:3089} INFO - Sync 1 DAGs
[2026-03-10T23:31:22.928+0530] {logging_mixin.py:188} INFO - [2026-03-10T23:31:22.928+0530] {dag.py:3947} INFO - Setting next_dagrun for example_dynamic_task_mapping to 2022-08-12 00:00:00+00:00, run_after=2022-08-13 00:00:00+00:00
[2026-03-10T23:31:23.015+0530] {processor.py:183} INFO - Processing /home/sathya/projects/training-kit/.venv-airflow/lib/python3.10/site-packages/airflow/example_dags/example_dynamic_task_mapping.py took 0.249 seconds
[2026-03-10T23:47:31.483+0530] {processor.py:161} INFO - Started process (PID=14707) to work on /home/sathya/projects/training-kit/.venv-airflow/lib/python3.10/site-packages/airflow/example_dags/example_dynamic_task_mapping.py
[2026-03-10T23:47:31.486+0530] {processor.py:830} INFO - Processing file /home/sathya/projects/training-kit/.venv-airflow/lib/python3.10/site-packages/airflow/example_dags/example_dynamic_task_mapping.py for tasks to queue
[2026-03-10T23:47:31.490+0530] {logging_mixin.py:188} INFO - [2026-03-10T23:47:31.489+0530] {dagbag.py:545} INFO - Filling up the DagBag from /home/sathya/projects/training-kit/.venv-airflow/lib/python3.10/site-packages/airflow/example_dags/example_dynamic_task_mapping.py
[2026-03-10T23:47:31.508+0530] {processor.py:840} INFO - DAG(s) 'example_dynamic_task_mapping' retrieved from /home/sathya/projects/training-kit/.venv-airflow/lib/python3.10/site-packages/airflow/example_dags/example_dynamic_task_mapping.py
[2026-03-10T23:47:31.571+0530] {logging_mixin.py:188} INFO - [2026-03-10T23:47:31.571+0530] {dag.py:3089} INFO - Sync 1 DAGs
[2026-03-10T23:47:31.643+0530] {logging_mixin.py:188} INFO - [2026-03-10T23:47:31.642+0530] {dag.py:3947} INFO - Setting next_dagrun for example_dynamic_task_mapping to 2022-09-04 00:00:00+00:00, run_after=2022-09-05 00:00:00+00:00
[2026-03-10T23:47:31.702+0530] {processor.py:183} INFO - Processing /home/sathya/projects/training-kit/.venv-airflow/lib/python3.10/site-packages/airflow/example_dags/example_dynamic_task_mapping.py took 0.233 seconds
[2026-03-10T23:49:21.854+0530] {processor.py:161} INFO - Started process (PID=14960) to work on /home/sathya/projects/training-kit/.venv-airflow/lib/python3.10/site-packages/airflow/example_dags/example_dynamic_task_mapping.py
[2026-03-10T23:49:21.859+0530] {processor.py:830} INFO - Processing file /home/sathya/projects/training-kit/.venv-airflow/lib/python3.10/site-packages/airflow/example_dags/example_dynamic_task_mapping.py for tasks to queue
[2026-03-10T23:49:21.861+0530] {logging_mixin.py:188} INFO - [2026-03-10T23:49:21.861+0530] {dagbag.py:545} INFO - Filling up the DagBag from /home/sathya/projects/training-kit/.venv-airflow/lib/python3.10/site-packages/airflow/example_dags/example_dynamic_task_mapping.py
[2026-03-10T23:49:21.877+0530] {processor.py:840} INFO - DAG(s) 'example_dynamic_task_mapping' retrieved from /home/sathya/projects/training-kit/.venv-airflow/lib/python3.10/site-packages/airflow/example_dags/example_dynamic_task_mapping.py
[2026-03-10T23:49:21.916+0530] {logging_mixin.py:188} INFO - [2026-03-10T23:49:21.915+0530] {dag.py:3089} INFO - Sync 1 DAGs
[2026-03-10T23:49:21.956+0530] {logging_mixin.py:188} INFO - [2026-03-10T23:49:21.956+0530] {dag.py:3947} INFO - Setting next_dagrun for example_dynamic_task_mapping to 2022-09-08 00:00:00+00:00, run_after=2022-09-09 00:00:00+00:00
[2026-03-10T23:49:22.039+0530] {processor.py:183} INFO - Processing /home/sathya/projects/training-kit/.venv-airflow/lib/python3.10/site-packages/airflow/example_dags/example_dynamic_task_mapping.py took 0.199 seconds
[2026-03-10T23:59:09.734+0530] {processor.py:161} INFO - Started process (PID=16375) to work on /home/sathya/projects/training-kit/.venv-airflow/lib/python3.10/site-packages/airflow/example_dags/example_dynamic_task_mapping.py
[2026-03-10T23:59:09.738+0530] {processor.py:830} INFO - Processing file /home/sathya/projects/training-kit/.venv-airflow/lib/python3.10/site-packages/airflow/example_dags/example_dynamic_task_mapping.py for tasks to queue
[2026-03-10T23:59:09.742+0530] {logging_mixin.py:188} INFO - [2026-03-10T23:59:09.741+0530] {dagbag.py:545} INFO - Filling up the DagBag from /home/sathya/projects/training-kit/.venv-airflow/lib/python3.10/site-packages/airflow/example_dags/example_dynamic_task_mapping.py
[2026-03-10T23:59:09.760+0530] {processor.py:840} INFO - DAG(s) 'example_dynamic_task_mapping' retrieved from /home/sathya/projects/training-kit/.venv-airflow/lib/python3.10/site-packages/airflow/example_dags/example_dynamic_task_mapping.py
[2026-03-10T23:59:09.815+0530] {logging_mixin.py:188} INFO - [2026-03-10T23:59:09.814+0530] {dag.py:3089} INFO - Sync 1 DAGs
[2026-03-10T23:59:09.865+0530] {logging_mixin.py:188} INFO - [2026-03-10T23:59:09.864+0530] {dag.py:3947} INFO - Setting next_dagrun for example_dynamic_task_mapping to 2022-10-01 00:00:00+00:00, run_after=2022-10-02 00:00:00+00:00
[2026-03-10T23:59:09.935+0530] {processor.py:183} INFO - Processing /home/sathya/projects/training-kit/.venv-airflow/lib/python3.10/site-packages/airflow/example_dags/example_dynamic_task_mapping.py took 0.225 seconds
[2026-03-11T00:02:10.386+0530] {processor.py:161} INFO - Started process (PID=16791) to work on /home/sathya/projects/training-kit/.venv-airflow/lib/python3.10/site-packages/airflow/example_dags/example_dynamic_task_mapping.py
[2026-03-11T00:02:10.390+0530] {processor.py:830} INFO - Processing file /home/sathya/projects/training-kit/.venv-airflow/lib/python3.10/site-packages/airflow/example_dags/example_dynamic_task_mapping.py for tasks to queue
[2026-03-11T00:02:10.396+0530] {logging_mixin.py:188} INFO - [2026-03-11T00:02:10.395+0530] {dagbag.py:545} INFO - Filling up the DagBag from /home/sathya/projects/training-kit/.venv-airflow/lib/python3.10/site-packages/airflow/example_dags/example_dynamic_task_mapping.py
[2026-03-11T00:02:10.421+0530] {processor.py:840} INFO - DAG(s) 'example_dynamic_task_mapping' retrieved from /home/sathya/projects/training-kit/.venv-airflow/lib/python3.10/site-packages/airflow/example_dags/example_dynamic_task_mapping.py
[2026-03-11T00:02:10.466+0530] {logging_mixin.py:188} INFO - [2026-03-11T00:02:10.466+0530] {dag.py:3089} INFO - Sync 1 DAGs
[2026-03-11T00:02:10.538+0530] {logging_mixin.py:188} INFO - [2026-03-11T00:02:10.537+0530] {dag.py:3947} INFO - Setting next_dagrun for example_dynamic_task_mapping to 2022-10-05 00:00:00+00:00, run_after=2022-10-06 00:00:00+00:00
[2026-03-11T00:02:10.614+0530] {processor.py:183} INFO - Processing /home/sathya/projects/training-kit/.venv-airflow/lib/python3.10/site-packages/airflow/example_dags/example_dynamic_task_mapping.py took 0.261 seconds
