[2025-12-27T23:41:21.645+0530] {local_task_job_runner.py:120} INFO - ::group::Pre task execution logs
[2025-12-27T23:41:21.680+0530] {taskinstance.py:2076} INFO - Dependencies all met for dep_context=non-requeueable deps ti=<TaskInstance: example_branch_dop_operator_v3.should_run scheduled__2025-12-27T18:10:00+00:00 [queued]>
[2025-12-27T23:41:21.688+0530] {taskinstance.py:2076} INFO - Dependencies all met for dep_context=requeueable deps ti=<TaskInstance: example_branch_dop_operator_v3.should_run scheduled__2025-12-27T18:10:00+00:00 [queued]>
[2025-12-27T23:41:21.688+0530] {taskinstance.py:2306} INFO - Starting attempt 1 of 1
[2025-12-27T23:41:21.718+0530] {taskinstance.py:2330} INFO - Executing <Task(_BranchPythonDecoratedOperator): should_run> on 2025-12-27 18:10:00+00:00
[2025-12-27T23:41:21.721+0530] {standard_task_runner.py:64} INFO - Started process 11951 to run task
[2025-12-27T23:41:21.729+0530] {standard_task_runner.py:90} INFO - Running: ['airflow', 'tasks', 'run', 'example_branch_dop_operator_v3', 'should_run', 'scheduled__2025-12-27T18:10:00+00:00', '--job-id', '4846', '--raw', '--subdir', '/home/sathya/projects/training-kit/.venv-airflow/lib/python3.10/site-packages/airflow/example_dags/example_branch_python_dop_operator_3.py', '--cfg-path', '/tmp/tmpyve250p9']
[2025-12-27T23:41:21.730+0530] {standard_task_runner.py:91} INFO - Job 4846: Subtask should_run
[2025-12-27T23:41:21.788+0530] {task_command.py:426} INFO - Running <TaskInstance: example_branch_dop_operator_v3.should_run scheduled__2025-12-27T18:10:00+00:00 [running]> on host LAPTOP-A1PMOBSE.localdomain
[2025-12-27T23:41:21.883+0530] {taskinstance.py:2648} INFO - Exporting env vars: AIRFLOW_CTX_DAG_OWNER='airflow' AIRFLOW_CTX_DAG_ID='example_branch_dop_operator_v3' AIRFLOW_CTX_TASK_ID='should_run' AIRFLOW_CTX_EXECUTION_DATE='2025-12-27T18:10:00+00:00' AIRFLOW_CTX_TRY_NUMBER='1' AIRFLOW_CTX_DAG_RUN_ID='scheduled__2025-12-27T18:10:00+00:00'
[2025-12-27T23:41:21.884+0530] {taskinstance.py:430} INFO - ::endgroup::
[2025-12-27T23:41:21.889+0530] {logging_mixin.py:188} WARNING - /home/sathya/projects/training-kit/.venv-airflow/lib/python3.10/site-packages/airflow/utils/context.py:320 AirflowContextDeprecationWarning: Accessing 'execution_date' from the template is deprecated and will be removed in a future version. Please use 'data_interval_start' or 'logical_date' instead.
[2025-12-27T23:41:21.889+0530] {logging_mixin.py:188} INFO - ------------- exec dttm = 2025-12-27 18:10:00+00:00 and minute = 10
[2025-12-27T23:41:21.889+0530] {python.py:237} INFO - Done. Returned value was: empty_task_1
[2025-12-27T23:41:21.889+0530] {branch.py:36} INFO - Branch into empty_task_1
[2025-12-27T23:41:21.890+0530] {skipmixin.py:178} INFO - Following branch empty_task_1
[2025-12-27T23:41:21.895+0530] {skipmixin.py:246} INFO - Skipping tasks [('empty_task_2', -1)]
[2025-12-27T23:41:21.926+0530] {taskinstance.py:441} INFO - ::group::Post task execution logs
[2025-12-27T23:41:21.941+0530] {taskinstance.py:1206} INFO - Marking task as SUCCESS. dag_id=example_branch_dop_operator_v3, task_id=should_run, run_id=scheduled__2025-12-27T18:10:00+00:00, execution_date=20251227T181000, start_date=20251227T181121, end_date=20251227T181121
[2025-12-27T23:41:21.982+0530] {local_task_job_runner.py:243} INFO - Task exited with return code 0
[2025-12-27T23:41:22.008+0530] {taskinstance.py:3503} INFO - 0 downstream tasks scheduled from follow-on schedule check
[2025-12-27T23:41:22.009+0530] {local_task_job_runner.py:222} INFO - ::endgroup::
