[2025-12-26T23:07:41.684+0530] {local_task_job_runner.py:120} INFO - ::group::Pre task execution logs
[2025-12-26T23:07:41.701+0530] {taskinstance.py:2076} INFO - Dependencies all met for dep_context=non-requeueable deps ti=<TaskInstance: example_dynamic_task_mapping.add_one scheduled__2022-10-30T00:00:00+00:00 map_index=2 [queued]>
[2025-12-26T23:07:41.707+0530] {taskinstance.py:2076} INFO - Dependencies all met for dep_context=requeueable deps ti=<TaskInstance: example_dynamic_task_mapping.add_one scheduled__2022-10-30T00:00:00+00:00 map_index=2 [queued]>
[2025-12-26T23:07:41.707+0530] {taskinstance.py:2306} INFO - Starting attempt 1 of 1
[2025-12-26T23:07:41.721+0530] {taskinstance.py:2330} INFO - Executing <Mapped(_PythonDecoratedOperator): add_one> on 2022-10-30 00:00:00+00:00
[2025-12-26T23:07:41.723+0530] {standard_task_runner.py:64} INFO - Started process 11397 to run task
[2025-12-26T23:07:41.726+0530] {standard_task_runner.py:90} INFO - Running: ['airflow', 'tasks', 'run', 'example_dynamic_task_mapping', 'add_one', 'scheduled__2022-10-30T00:00:00+00:00', '--job-id', '1404', '--raw', '--subdir', '/home/sathya/projects/training-kit/.venv-airflow/lib/python3.10/site-packages/airflow/example_dags/example_dynamic_task_mapping.py', '--cfg-path', '/tmp/tmpzfms361d', '--map-index', '2']
[2025-12-26T23:07:41.726+0530] {standard_task_runner.py:91} INFO - Job 1404: Subtask add_one
[2025-12-26T23:07:41.758+0530] {task_command.py:426} INFO - Running <TaskInstance: example_dynamic_task_mapping.add_one scheduled__2022-10-30T00:00:00+00:00 map_index=2 [running]> on host LAPTOP-A1PMOBSE.localdomain
[2025-12-26T23:07:41.823+0530] {taskinstance.py:2648} INFO - Exporting env vars: AIRFLOW_CTX_DAG_OWNER='airflow' AIRFLOW_CTX_DAG_ID='example_dynamic_task_mapping' AIRFLOW_CTX_TASK_ID='add_one' AIRFLOW_CTX_EXECUTION_DATE='2022-10-30T00:00:00+00:00' AIRFLOW_CTX_TRY_NUMBER='1' AIRFLOW_CTX_DAG_RUN_ID='scheduled__2022-10-30T00:00:00+00:00'
[2025-12-26T23:07:41.823+0530] {taskinstance.py:430} INFO - ::endgroup::
[2025-12-26T23:07:41.824+0530] {python.py:237} INFO - Done. Returned value was: 4
[2025-12-26T23:07:41.824+0530] {taskinstance.py:441} INFO - ::group::Post task execution logs
[2025-12-26T23:07:41.838+0530] {taskinstance.py:1206} INFO - Marking task as SUCCESS. dag_id=example_dynamic_task_mapping, task_id=add_one, run_id=scheduled__2022-10-30T00:00:00+00:00, map_index=2, execution_date=20221030T000000, start_date=20251226T173741, end_date=20251226T173741
[2025-12-26T23:07:41.869+0530] {local_task_job_runner.py:243} INFO - Task exited with return code 0
[2025-12-26T23:07:41.890+0530] {taskinstance.py:3503} INFO - 1 downstream tasks scheduled from follow-on schedule check
[2025-12-26T23:07:41.902+0530] {local_task_job_runner.py:222} INFO - ::endgroup::
[2026-03-11T22:33:36.605+0530] {local_task_job_runner.py:120} INFO - ::group::Pre task execution logs
[2026-03-11T22:33:36.628+0530] {taskinstance.py:2076} INFO - Dependencies all met for dep_context=non-requeueable deps ti=<TaskInstance: example_dynamic_task_mapping.add_one scheduled__2022-10-30T00:00:00+00:00 map_index=2 [queued]>
[2026-03-11T22:33:36.633+0530] {taskinstance.py:2076} INFO - Dependencies all met for dep_context=requeueable deps ti=<TaskInstance: example_dynamic_task_mapping.add_one scheduled__2022-10-30T00:00:00+00:00 map_index=2 [queued]>
[2026-03-11T22:33:36.633+0530] {taskinstance.py:2306} INFO - Starting attempt 1 of 1
[2026-03-11T22:33:36.657+0530] {taskinstance.py:2330} INFO - Executing <Mapped(_PythonDecoratedOperator): add_one> on 2022-10-30 00:00:00+00:00
[2026-03-11T22:33:36.663+0530] {standard_task_runner.py:64} INFO - Started process 8325 to run task
[2026-03-11T22:33:36.667+0530] {standard_task_runner.py:90} INFO - Running: ['airflow', 'tasks', 'run', 'example_dynamic_task_mapping', 'add_one', 'scheduled__2022-10-30T00:00:00+00:00', '--job-id', '1850', '--raw', '--subdir', '/home/sathya/projects/training-kit/.venv-airflow/lib/python3.10/site-packages/airflow/example_dags/example_dynamic_task_mapping.py', '--cfg-path', '/tmp/tmp36nxhqr7', '--map-index', '2']
[2026-03-11T22:33:36.669+0530] {standard_task_runner.py:91} INFO - Job 1850: Subtask add_one
[2026-03-11T22:33:36.710+0530] {task_command.py:426} INFO - Running <TaskInstance: example_dynamic_task_mapping.add_one scheduled__2022-10-30T00:00:00+00:00 map_index=2 [running]> on host LAPTOP-A1PMOBSE.localdomain
[2026-03-11T22:33:36.783+0530] {taskinstance.py:2648} INFO - Exporting env vars: AIRFLOW_CTX_DAG_OWNER='airflow' AIRFLOW_CTX_DAG_ID='example_dynamic_task_mapping' AIRFLOW_CTX_TASK_ID='add_one' AIRFLOW_CTX_EXECUTION_DATE='2022-10-30T00:00:00+00:00' AIRFLOW_CTX_TRY_NUMBER='1' AIRFLOW_CTX_DAG_RUN_ID='scheduled__2022-10-30T00:00:00+00:00'
[2026-03-11T22:33:36.785+0530] {taskinstance.py:430} INFO - ::endgroup::
[2026-03-11T22:33:36.785+0530] {python.py:237} INFO - Done. Returned value was: 4
[2026-03-11T22:33:36.785+0530] {taskinstance.py:441} INFO - ::group::Post task execution logs
[2026-03-11T22:33:36.802+0530] {taskinstance.py:1206} INFO - Marking task as SUCCESS. dag_id=example_dynamic_task_mapping, task_id=add_one, run_id=scheduled__2022-10-30T00:00:00+00:00, map_index=2, execution_date=20221030T000000, start_date=20260311T170336, end_date=20260311T170336
[2026-03-11T22:33:36.849+0530] {local_task_job_runner.py:243} INFO - Task exited with return code 0
[2026-03-11T22:33:36.868+0530] {taskinstance.py:3503} INFO - 1 downstream tasks scheduled from follow-on schedule check
[2026-03-11T22:33:36.876+0530] {local_task_job_runner.py:222} INFO - ::endgroup::
