[2025-12-26T22:21:32.799+0530] {local_task_job_runner.py:120} INFO - ::group::Pre task execution logs
[2025-12-26T22:21:32.814+0530] {taskinstance.py:2076} INFO - Dependencies all met for dep_context=non-requeueable deps ti=<TaskInstance: example_dynamic_task_mapping.add_one scheduled__2022-05-16T00:00:00+00:00 map_index=0 [queued]>
[2025-12-26T22:21:32.818+0530] {taskinstance.py:2076} INFO - Dependencies all met for dep_context=requeueable deps ti=<TaskInstance: example_dynamic_task_mapping.add_one scheduled__2022-05-16T00:00:00+00:00 map_index=0 [queued]>
[2025-12-26T22:21:32.818+0530] {taskinstance.py:2306} INFO - Starting attempt 1 of 1
[2025-12-26T22:21:32.830+0530] {taskinstance.py:2330} INFO - Executing <Mapped(_PythonDecoratedOperator): add_one> on 2022-05-16 00:00:00+00:00
[2025-12-26T22:21:32.832+0530] {standard_task_runner.py:64} INFO - Started process 6026 to run task
[2025-12-26T22:21:32.835+0530] {standard_task_runner.py:90} INFO - Running: ['airflow', 'tasks', 'run', 'example_dynamic_task_mapping', 'add_one', 'scheduled__2022-05-16T00:00:00+00:00', '--job-id', '502', '--raw', '--subdir', '/home/sathya/projects/training-kit/.venv-airflow/lib/python3.10/site-packages/airflow/example_dags/example_dynamic_task_mapping.py', '--cfg-path', '/tmp/tmp0ut96a2o', '--map-index', '0']
[2025-12-26T22:21:32.836+0530] {standard_task_runner.py:91} INFO - Job 502: Subtask add_one
[2025-12-26T22:21:32.863+0530] {task_command.py:426} INFO - Running <TaskInstance: example_dynamic_task_mapping.add_one scheduled__2022-05-16T00:00:00+00:00 map_index=0 [running]> on host LAPTOP-A1PMOBSE.localdomain
[2025-12-26T22:21:32.922+0530] {taskinstance.py:2648} INFO - Exporting env vars: AIRFLOW_CTX_DAG_OWNER='airflow' AIRFLOW_CTX_DAG_ID='example_dynamic_task_mapping' AIRFLOW_CTX_TASK_ID='add_one' AIRFLOW_CTX_EXECUTION_DATE='2022-05-16T00:00:00+00:00' AIRFLOW_CTX_TRY_NUMBER='1' AIRFLOW_CTX_DAG_RUN_ID='scheduled__2022-05-16T00:00:00+00:00'
[2025-12-26T22:21:32.923+0530] {taskinstance.py:430} INFO - ::endgroup::
[2025-12-26T22:21:32.924+0530] {python.py:237} INFO - Done. Returned value was: 2
[2025-12-26T22:21:32.924+0530] {taskinstance.py:441} INFO - ::group::Post task execution logs
[2025-12-26T22:21:32.939+0530] {taskinstance.py:1206} INFO - Marking task as SUCCESS. dag_id=example_dynamic_task_mapping, task_id=add_one, run_id=scheduled__2022-05-16T00:00:00+00:00, map_index=0, execution_date=20220516T000000, start_date=20251226T165132, end_date=20251226T165132
[2025-12-26T22:21:32.967+0530] {local_task_job_runner.py:243} INFO - Task exited with return code 0
[2025-12-26T22:21:32.984+0530] {taskinstance.py:3503} INFO - 0 downstream tasks scheduled from follow-on schedule check
[2025-12-26T22:21:32.984+0530] {local_task_job_runner.py:222} INFO - ::endgroup::
[2026-03-10T23:11:19.551+0530] {local_task_job_runner.py:120} INFO - ::group::Pre task execution logs
[2026-03-10T23:11:19.586+0530] {taskinstance.py:2076} INFO - Dependencies all met for dep_context=non-requeueable deps ti=<TaskInstance: example_dynamic_task_mapping.add_one scheduled__2022-05-16T00:00:00+00:00 map_index=0 [queued]>
[2026-03-10T23:11:19.593+0530] {taskinstance.py:2076} INFO - Dependencies all met for dep_context=requeueable deps ti=<TaskInstance: example_dynamic_task_mapping.add_one scheduled__2022-05-16T00:00:00+00:00 map_index=0 [queued]>
[2026-03-10T23:11:19.593+0530] {taskinstance.py:2306} INFO - Starting attempt 1 of 1
[2026-03-10T23:11:19.620+0530] {taskinstance.py:2330} INFO - Executing <Mapped(_PythonDecoratedOperator): add_one> on 2022-05-16 00:00:00+00:00
[2026-03-10T23:11:19.644+0530] {standard_task_runner.py:64} INFO - Started process 7460 to run task
[2026-03-10T23:11:19.648+0530] {standard_task_runner.py:90} INFO - Running: ['airflow', 'tasks', 'run', 'example_dynamic_task_mapping', 'add_one', 'scheduled__2022-05-16T00:00:00+00:00', '--job-id', '641', '--raw', '--subdir', '/home/sathya/projects/training-kit/.venv-airflow/lib/python3.10/site-packages/airflow/example_dags/example_dynamic_task_mapping.py', '--cfg-path', '/tmp/tmpabbvk0or', '--map-index', '0']
[2026-03-10T23:11:19.651+0530] {standard_task_runner.py:91} INFO - Job 641: Subtask add_one
[2026-03-10T23:11:19.704+0530] {task_command.py:426} INFO - Running <TaskInstance: example_dynamic_task_mapping.add_one scheduled__2022-05-16T00:00:00+00:00 map_index=0 [running]> on host LAPTOP-A1PMOBSE.localdomain
[2026-03-10T23:11:19.811+0530] {taskinstance.py:2648} INFO - Exporting env vars: AIRFLOW_CTX_DAG_OWNER='airflow' AIRFLOW_CTX_DAG_ID='example_dynamic_task_mapping' AIRFLOW_CTX_TASK_ID='add_one' AIRFLOW_CTX_EXECUTION_DATE='2022-05-16T00:00:00+00:00' AIRFLOW_CTX_TRY_NUMBER='1' AIRFLOW_CTX_DAG_RUN_ID='scheduled__2022-05-16T00:00:00+00:00'
[2026-03-10T23:11:19.814+0530] {taskinstance.py:430} INFO - ::endgroup::
[2026-03-10T23:11:19.815+0530] {python.py:237} INFO - Done. Returned value was: 2
[2026-03-10T23:11:19.815+0530] {taskinstance.py:441} INFO - ::group::Post task execution logs
[2026-03-10T23:11:19.852+0530] {taskinstance.py:1206} INFO - Marking task as SUCCESS. dag_id=example_dynamic_task_mapping, task_id=add_one, run_id=scheduled__2022-05-16T00:00:00+00:00, map_index=0, execution_date=20220516T000000, start_date=20260310T174119, end_date=20260310T174119
[2026-03-10T23:11:19.914+0530] {local_task_job_runner.py:243} INFO - Task exited with return code 0
[2026-03-10T23:11:19.948+0530] {taskinstance.py:3503} INFO - 0 downstream tasks scheduled from follow-on schedule check
[2026-03-10T23:11:19.949+0530] {local_task_job_runner.py:222} INFO - ::endgroup::
