[2025-12-27T19:37:53.228+0530] {local_task_job_runner.py:120} INFO - ::group::Pre task execution logs
[2025-12-27T19:37:53.252+0530] {taskinstance.py:2076} INFO - Dependencies all met for dep_context=non-requeueable deps ti=<TaskInstance: example_dynamic_task_mapping.sum_it scheduled__2022-12-18T00:00:00+00:00 [queued]>
[2025-12-27T19:37:53.258+0530] {taskinstance.py:2076} INFO - Dependencies all met for dep_context=requeueable deps ti=<TaskInstance: example_dynamic_task_mapping.sum_it scheduled__2022-12-18T00:00:00+00:00 [queued]>
[2025-12-27T19:37:53.258+0530] {taskinstance.py:2306} INFO - Starting attempt 1 of 1
[2025-12-27T19:37:53.275+0530] {taskinstance.py:2330} INFO - Executing <Task(_PythonDecoratedOperator): sum_it> on 2022-12-18 00:00:00+00:00
[2025-12-27T19:37:53.278+0530] {standard_task_runner.py:64} INFO - Started process 1537 to run task
[2025-12-27T19:37:53.282+0530] {standard_task_runner.py:90} INFO - Running: ['airflow', 'tasks', 'run', 'example_dynamic_task_mapping', 'sum_it', 'scheduled__2022-12-18T00:00:00+00:00', '--job-id', '1837', '--raw', '--subdir', '/home/sathya/projects/training-kit/.venv-airflow/lib/python3.10/site-packages/airflow/example_dags/example_dynamic_task_mapping.py', '--cfg-path', '/tmp/tmp1c34nijm']
[2025-12-27T19:37:53.283+0530] {standard_task_runner.py:91} INFO - Job 1837: Subtask sum_it
[2025-12-27T19:37:53.324+0530] {task_command.py:426} INFO - Running <TaskInstance: example_dynamic_task_mapping.sum_it scheduled__2022-12-18T00:00:00+00:00 [running]> on host LAPTOP-A1PMOBSE.localdomain
[2025-12-27T19:37:53.426+0530] {taskinstance.py:2648} INFO - Exporting env vars: AIRFLOW_CTX_DAG_OWNER='airflow' AIRFLOW_CTX_DAG_ID='example_dynamic_task_mapping' AIRFLOW_CTX_TASK_ID='sum_it' AIRFLOW_CTX_EXECUTION_DATE='2022-12-18T00:00:00+00:00' AIRFLOW_CTX_TRY_NUMBER='1' AIRFLOW_CTX_DAG_RUN_ID='scheduled__2022-12-18T00:00:00+00:00'
[2025-12-27T19:37:53.428+0530] {taskinstance.py:430} INFO - ::endgroup::
[2025-12-27T19:37:53.431+0530] {logging_mixin.py:188} INFO - Total was 9
[2025-12-27T19:37:53.431+0530] {python.py:237} INFO - Done. Returned value was: None
[2025-12-27T19:37:53.432+0530] {taskinstance.py:441} INFO - ::group::Post task execution logs
[2025-12-27T19:37:53.436+0530] {taskinstance.py:1206} INFO - Marking task as SUCCESS. dag_id=example_dynamic_task_mapping, task_id=sum_it, run_id=scheduled__2022-12-18T00:00:00+00:00, execution_date=20221218T000000, start_date=20251227T140753, end_date=20251227T140753
[2025-12-27T19:37:53.455+0530] {local_task_job_runner.py:243} INFO - Task exited with return code 0
[2025-12-27T19:37:53.466+0530] {taskinstance.py:3503} INFO - 0 downstream tasks scheduled from follow-on schedule check
[2025-12-27T19:37:53.466+0530] {local_task_job_runner.py:222} INFO - ::endgroup::
[2026-03-11T22:51:46.145+0530] {local_task_job_runner.py:120} INFO - ::group::Pre task execution logs
[2026-03-11T22:51:46.160+0530] {taskinstance.py:2076} INFO - Dependencies all met for dep_context=non-requeueable deps ti=<TaskInstance: example_dynamic_task_mapping.sum_it scheduled__2022-12-18T00:00:00+00:00 [queued]>
[2026-03-11T22:51:46.164+0530] {taskinstance.py:2076} INFO - Dependencies all met for dep_context=requeueable deps ti=<TaskInstance: example_dynamic_task_mapping.sum_it scheduled__2022-12-18T00:00:00+00:00 [queued]>
[2026-03-11T22:51:46.164+0530] {taskinstance.py:2306} INFO - Starting attempt 1 of 1
[2026-03-11T22:51:46.178+0530] {taskinstance.py:2330} INFO - Executing <Task(_PythonDecoratedOperator): sum_it> on 2022-12-18 00:00:00+00:00
[2026-03-11T22:51:46.181+0530] {standard_task_runner.py:64} INFO - Started process 11231 to run task
[2026-03-11T22:51:46.184+0530] {standard_task_runner.py:90} INFO - Running: ['airflow', 'tasks', 'run', 'example_dynamic_task_mapping', 'sum_it', 'scheduled__2022-12-18T00:00:00+00:00', '--job-id', '2139', '--raw', '--subdir', '/home/sathya/projects/training-kit/.venv-airflow/lib/python3.10/site-packages/airflow/example_dags/example_dynamic_task_mapping.py', '--cfg-path', '/tmp/tmpm9gackb5']
[2026-03-11T22:51:46.185+0530] {standard_task_runner.py:91} INFO - Job 2139: Subtask sum_it
[2026-03-11T22:51:46.214+0530] {task_command.py:426} INFO - Running <TaskInstance: example_dynamic_task_mapping.sum_it scheduled__2022-12-18T00:00:00+00:00 [running]> on host LAPTOP-A1PMOBSE.localdomain
[2026-03-11T22:51:46.284+0530] {taskinstance.py:2648} INFO - Exporting env vars: AIRFLOW_CTX_DAG_OWNER='airflow' AIRFLOW_CTX_DAG_ID='example_dynamic_task_mapping' AIRFLOW_CTX_TASK_ID='sum_it' AIRFLOW_CTX_EXECUTION_DATE='2022-12-18T00:00:00+00:00' AIRFLOW_CTX_TRY_NUMBER='1' AIRFLOW_CTX_DAG_RUN_ID='scheduled__2022-12-18T00:00:00+00:00'
[2026-03-11T22:51:46.286+0530] {taskinstance.py:430} INFO - ::endgroup::
[2026-03-11T22:51:46.288+0530] {logging_mixin.py:188} INFO - Total was 9
[2026-03-11T22:51:46.288+0530] {python.py:237} INFO - Done. Returned value was: None
[2026-03-11T22:51:46.288+0530] {taskinstance.py:441} INFO - ::group::Post task execution logs
[2026-03-11T22:51:46.292+0530] {taskinstance.py:1206} INFO - Marking task as SUCCESS. dag_id=example_dynamic_task_mapping, task_id=sum_it, run_id=scheduled__2022-12-18T00:00:00+00:00, execution_date=20221218T000000, start_date=20260311T172146, end_date=20260311T172146
[2026-03-11T22:51:46.325+0530] {local_task_job_runner.py:243} INFO - Task exited with return code 0
[2026-03-11T22:51:46.337+0530] {taskinstance.py:3503} INFO - 0 downstream tasks scheduled from follow-on schedule check
[2026-03-11T22:51:46.337+0530] {local_task_job_runner.py:222} INFO - ::endgroup::
