[2025-12-26T22:17:49.477+0530] {local_task_job_runner.py:120} INFO - ::group::Pre task execution logs
[2025-12-26T22:17:49.497+0530] {taskinstance.py:2076} INFO - Dependencies all met for dep_context=non-requeueable deps ti=<TaskInstance: example_dynamic_task_mapping.add_one scheduled__2022-04-24T00:00:00+00:00 map_index=0 [queued]>
[2025-12-26T22:17:49.502+0530] {taskinstance.py:2076} INFO - Dependencies all met for dep_context=requeueable deps ti=<TaskInstance: example_dynamic_task_mapping.add_one scheduled__2022-04-24T00:00:00+00:00 map_index=0 [queued]>
[2025-12-26T22:17:49.502+0530] {taskinstance.py:2306} INFO - Starting attempt 1 of 1
[2025-12-26T22:17:49.520+0530] {taskinstance.py:2330} INFO - Executing <Mapped(_PythonDecoratedOperator): add_one> on 2022-04-24 00:00:00+00:00
[2025-12-26T22:17:49.523+0530] {standard_task_runner.py:64} INFO - Started process 5449 to run task
[2025-12-26T22:17:49.526+0530] {standard_task_runner.py:90} INFO - Running: ['airflow', 'tasks', 'run', 'example_dynamic_task_mapping', 'add_one', 'scheduled__2022-04-24T00:00:00+00:00', '--job-id', '392', '--raw', '--subdir', '/home/sathya/projects/training-kit/.venv-airflow/lib/python3.10/site-packages/airflow/example_dags/example_dynamic_task_mapping.py', '--cfg-path', '/tmp/tmpxdsb0fo7', '--map-index', '0']
[2025-12-26T22:17:49.527+0530] {standard_task_runner.py:91} INFO - Job 392: Subtask add_one
[2025-12-26T22:17:49.561+0530] {task_command.py:426} INFO - Running <TaskInstance: example_dynamic_task_mapping.add_one scheduled__2022-04-24T00:00:00+00:00 map_index=0 [running]> on host LAPTOP-A1PMOBSE.localdomain
[2025-12-26T22:17:49.630+0530] {taskinstance.py:2648} INFO - Exporting env vars: AIRFLOW_CTX_DAG_OWNER='airflow' AIRFLOW_CTX_DAG_ID='example_dynamic_task_mapping' AIRFLOW_CTX_TASK_ID='add_one' AIRFLOW_CTX_EXECUTION_DATE='2022-04-24T00:00:00+00:00' AIRFLOW_CTX_TRY_NUMBER='1' AIRFLOW_CTX_DAG_RUN_ID='scheduled__2022-04-24T00:00:00+00:00'
[2025-12-26T22:17:49.631+0530] {taskinstance.py:430} INFO - ::endgroup::
[2025-12-26T22:17:49.631+0530] {python.py:237} INFO - Done. Returned value was: 2
[2025-12-26T22:17:49.631+0530] {taskinstance.py:441} INFO - ::group::Post task execution logs
[2025-12-26T22:17:49.647+0530] {taskinstance.py:1206} INFO - Marking task as SUCCESS. dag_id=example_dynamic_task_mapping, task_id=add_one, run_id=scheduled__2022-04-24T00:00:00+00:00, map_index=0, execution_date=20220424T000000, start_date=20251226T164749, end_date=20251226T164749
[2025-12-26T22:17:49.665+0530] {local_task_job_runner.py:243} INFO - Task exited with return code 0
[2025-12-26T22:17:49.679+0530] {taskinstance.py:3503} INFO - 0 downstream tasks scheduled from follow-on schedule check
[2025-12-26T22:17:49.679+0530] {local_task_job_runner.py:222} INFO - ::endgroup::
[2026-03-10T23:06:52.180+0530] {local_task_job_runner.py:120} INFO - ::group::Pre task execution logs
[2026-03-10T23:06:52.208+0530] {taskinstance.py:2076} INFO - Dependencies all met for dep_context=non-requeueable deps ti=<TaskInstance: example_dynamic_task_mapping.add_one scheduled__2022-04-24T00:00:00+00:00 map_index=0 [queued]>
[2026-03-10T23:06:52.213+0530] {taskinstance.py:2076} INFO - Dependencies all met for dep_context=requeueable deps ti=<TaskInstance: example_dynamic_task_mapping.add_one scheduled__2022-04-24T00:00:00+00:00 map_index=0 [queued]>
[2026-03-10T23:06:52.213+0530] {taskinstance.py:2306} INFO - Starting attempt 1 of 1
[2026-03-10T23:06:52.234+0530] {taskinstance.py:2330} INFO - Executing <Mapped(_PythonDecoratedOperator): add_one> on 2022-04-24 00:00:00+00:00
[2026-03-10T23:06:52.242+0530] {standard_task_runner.py:64} INFO - Started process 6317 to run task
[2026-03-10T23:06:52.247+0530] {standard_task_runner.py:90} INFO - Running: ['airflow', 'tasks', 'run', 'example_dynamic_task_mapping', 'add_one', 'scheduled__2022-04-24T00:00:00+00:00', '--job-id', '529', '--raw', '--subdir', '/home/sathya/projects/training-kit/.venv-airflow/lib/python3.10/site-packages/airflow/example_dags/example_dynamic_task_mapping.py', '--cfg-path', '/tmp/tmpd36n353s', '--map-index', '0']
[2026-03-10T23:06:52.250+0530] {standard_task_runner.py:91} INFO - Job 529: Subtask add_one
[2026-03-10T23:06:52.312+0530] {task_command.py:426} INFO - Running <TaskInstance: example_dynamic_task_mapping.add_one scheduled__2022-04-24T00:00:00+00:00 map_index=0 [running]> on host LAPTOP-A1PMOBSE.localdomain
[2026-03-10T23:06:52.413+0530] {taskinstance.py:2648} INFO - Exporting env vars: AIRFLOW_CTX_DAG_OWNER='airflow' AIRFLOW_CTX_DAG_ID='example_dynamic_task_mapping' AIRFLOW_CTX_TASK_ID='add_one' AIRFLOW_CTX_EXECUTION_DATE='2022-04-24T00:00:00+00:00' AIRFLOW_CTX_TRY_NUMBER='1' AIRFLOW_CTX_DAG_RUN_ID='scheduled__2022-04-24T00:00:00+00:00'
[2026-03-10T23:06:52.416+0530] {taskinstance.py:430} INFO - ::endgroup::
[2026-03-10T23:06:52.416+0530] {python.py:237} INFO - Done. Returned value was: 2
[2026-03-10T23:06:52.417+0530] {taskinstance.py:441} INFO - ::group::Post task execution logs
[2026-03-10T23:06:52.438+0530] {taskinstance.py:1206} INFO - Marking task as SUCCESS. dag_id=example_dynamic_task_mapping, task_id=add_one, run_id=scheduled__2022-04-24T00:00:00+00:00, map_index=0, execution_date=20220424T000000, start_date=20260310T173652, end_date=20260310T173652
[2026-03-10T23:06:52.471+0530] {local_task_job_runner.py:243} INFO - Task exited with return code 0
[2026-03-10T23:06:52.490+0530] {taskinstance.py:3503} INFO - 0 downstream tasks scheduled from follow-on schedule check
[2026-03-10T23:06:52.491+0530] {local_task_job_runner.py:222} INFO - ::endgroup::
