[2025-12-26T22:59:51.168+0530] {local_task_job_runner.py:120} INFO - ::group::Pre task execution logs
[2025-12-26T22:59:51.190+0530] {taskinstance.py:2076} INFO - Dependencies all met for dep_context=non-requeueable deps ti=<TaskInstance: example_dynamic_task_mapping.add_one scheduled__2022-10-14T00:00:00+00:00 map_index=1 [queued]>
[2025-12-26T22:59:51.195+0530] {taskinstance.py:2076} INFO - Dependencies all met for dep_context=requeueable deps ti=<TaskInstance: example_dynamic_task_mapping.add_one scheduled__2022-10-14T00:00:00+00:00 map_index=1 [queued]>
[2025-12-26T22:59:51.195+0530] {taskinstance.py:2306} INFO - Starting attempt 1 of 1
[2025-12-26T22:59:51.212+0530] {taskinstance.py:2330} INFO - Executing <Mapped(_PythonDecoratedOperator): add_one> on 2022-10-14 00:00:00+00:00
[2025-12-26T22:59:51.216+0530] {standard_task_runner.py:64} INFO - Started process 10664 to run task
[2025-12-26T22:59:51.219+0530] {standard_task_runner.py:90} INFO - Running: ['airflow', 'tasks', 'run', 'example_dynamic_task_mapping', 'add_one', 'scheduled__2022-10-14T00:00:00+00:00', '--job-id', '1299', '--raw', '--subdir', '/home/sathya/projects/training-kit/.venv-airflow/lib/python3.10/site-packages/airflow/example_dags/example_dynamic_task_mapping.py', '--cfg-path', '/tmp/tmp3zhbzltp', '--map-index', '1']
[2025-12-26T22:59:51.220+0530] {standard_task_runner.py:91} INFO - Job 1299: Subtask add_one
[2025-12-26T22:59:51.261+0530] {task_command.py:426} INFO - Running <TaskInstance: example_dynamic_task_mapping.add_one scheduled__2022-10-14T00:00:00+00:00 map_index=1 [running]> on host LAPTOP-A1PMOBSE.localdomain
[2025-12-26T22:59:51.332+0530] {taskinstance.py:2648} INFO - Exporting env vars: AIRFLOW_CTX_DAG_OWNER='airflow' AIRFLOW_CTX_DAG_ID='example_dynamic_task_mapping' AIRFLOW_CTX_TASK_ID='add_one' AIRFLOW_CTX_EXECUTION_DATE='2022-10-14T00:00:00+00:00' AIRFLOW_CTX_TRY_NUMBER='1' AIRFLOW_CTX_DAG_RUN_ID='scheduled__2022-10-14T00:00:00+00:00'
[2025-12-26T22:59:51.334+0530] {taskinstance.py:430} INFO - ::endgroup::
[2025-12-26T22:59:51.334+0530] {python.py:237} INFO - Done. Returned value was: 3
[2025-12-26T22:59:51.334+0530] {taskinstance.py:441} INFO - ::group::Post task execution logs
[2025-12-26T22:59:51.355+0530] {taskinstance.py:1206} INFO - Marking task as SUCCESS. dag_id=example_dynamic_task_mapping, task_id=add_one, run_id=scheduled__2022-10-14T00:00:00+00:00, map_index=1, execution_date=20221014T000000, start_date=20251226T172951, end_date=20251226T172951
[2025-12-26T22:59:51.402+0530] {local_task_job_runner.py:243} INFO - Task exited with return code 0
[2025-12-26T22:59:51.421+0530] {taskinstance.py:3503} INFO - 0 downstream tasks scheduled from follow-on schedule check
[2025-12-26T22:59:51.422+0530] {local_task_job_runner.py:222} INFO - ::endgroup::
[2026-03-11T22:17:13.497+0530] {local_task_job_runner.py:120} INFO - ::group::Pre task execution logs
[2026-03-11T22:17:13.514+0530] {taskinstance.py:2076} INFO - Dependencies all met for dep_context=non-requeueable deps ti=<TaskInstance: example_dynamic_task_mapping.add_one scheduled__2022-10-14T00:00:00+00:00 map_index=1 [queued]>
[2026-03-11T22:17:13.520+0530] {taskinstance.py:2076} INFO - Dependencies all met for dep_context=requeueable deps ti=<TaskInstance: example_dynamic_task_mapping.add_one scheduled__2022-10-14T00:00:00+00:00 map_index=1 [queued]>
[2026-03-11T22:17:13.520+0530] {taskinstance.py:2306} INFO - Starting attempt 1 of 1
[2026-03-11T22:17:13.536+0530] {taskinstance.py:2330} INFO - Executing <Mapped(_PythonDecoratedOperator): add_one> on 2022-10-14 00:00:00+00:00
[2026-03-11T22:17:13.540+0530] {standard_task_runner.py:64} INFO - Started process 5904 to run task
[2026-03-11T22:17:13.543+0530] {standard_task_runner.py:90} INFO - Running: ['airflow', 'tasks', 'run', 'example_dynamic_task_mapping', 'add_one', 'scheduled__2022-10-14T00:00:00+00:00', '--job-id', '1665', '--raw', '--subdir', '/home/sathya/projects/training-kit/.venv-airflow/lib/python3.10/site-packages/airflow/example_dags/example_dynamic_task_mapping.py', '--cfg-path', '/tmp/tmpnciu8mr2', '--map-index', '1']
[2026-03-11T22:17:13.545+0530] {standard_task_runner.py:91} INFO - Job 1665: Subtask add_one
[2026-03-11T22:17:13.580+0530] {task_command.py:426} INFO - Running <TaskInstance: example_dynamic_task_mapping.add_one scheduled__2022-10-14T00:00:00+00:00 map_index=1 [running]> on host LAPTOP-A1PMOBSE.localdomain
[2026-03-11T22:17:13.644+0530] {taskinstance.py:2648} INFO - Exporting env vars: AIRFLOW_CTX_DAG_OWNER='airflow' AIRFLOW_CTX_DAG_ID='example_dynamic_task_mapping' AIRFLOW_CTX_TASK_ID='add_one' AIRFLOW_CTX_EXECUTION_DATE='2022-10-14T00:00:00+00:00' AIRFLOW_CTX_TRY_NUMBER='1' AIRFLOW_CTX_DAG_RUN_ID='scheduled__2022-10-14T00:00:00+00:00'
[2026-03-11T22:17:13.644+0530] {taskinstance.py:430} INFO - ::endgroup::
[2026-03-11T22:17:13.645+0530] {python.py:237} INFO - Done. Returned value was: 3
[2026-03-11T22:17:13.645+0530] {taskinstance.py:441} INFO - ::group::Post task execution logs
[2026-03-11T22:17:13.660+0530] {taskinstance.py:1206} INFO - Marking task as SUCCESS. dag_id=example_dynamic_task_mapping, task_id=add_one, run_id=scheduled__2022-10-14T00:00:00+00:00, map_index=1, execution_date=20221014T000000, start_date=20260311T164713, end_date=20260311T164713
[2026-03-11T22:17:13.682+0530] {local_task_job_runner.py:243} INFO - Task exited with return code 0
[2026-03-11T22:17:13.697+0530] {taskinstance.py:3503} INFO - 0 downstream tasks scheduled from follow-on schedule check
[2026-03-11T22:17:13.697+0530] {local_task_job_runner.py:222} INFO - ::endgroup::
