[2025-12-26T23:09:51.749+0530] {local_task_job_runner.py:120} INFO - ::group::Pre task execution logs
[2025-12-26T23:09:51.777+0530] {taskinstance.py:2076} INFO - Dependencies all met for dep_context=non-requeueable deps ti=<TaskInstance: example_dynamic_task_mapping.add_one scheduled__2022-11-08T00:00:00+00:00 map_index=2 [queued]>
[2025-12-26T23:09:51.783+0530] {taskinstance.py:2076} INFO - Dependencies all met for dep_context=requeueable deps ti=<TaskInstance: example_dynamic_task_mapping.add_one scheduled__2022-11-08T00:00:00+00:00 map_index=2 [queued]>
[2025-12-26T23:09:51.783+0530] {taskinstance.py:2306} INFO - Starting attempt 1 of 1
[2025-12-26T23:09:51.803+0530] {taskinstance.py:2330} INFO - Executing <Mapped(_PythonDecoratedOperator): add_one> on 2022-11-08 00:00:00+00:00
[2025-12-26T23:09:51.805+0530] {standard_task_runner.py:64} INFO - Started process 11661 to run task
[2025-12-26T23:09:51.811+0530] {standard_task_runner.py:90} INFO - Running: ['airflow', 'tasks', 'run', 'example_dynamic_task_mapping', 'add_one', 'scheduled__2022-11-08T00:00:00+00:00', '--job-id', '1450', '--raw', '--subdir', '/home/sathya/projects/training-kit/.venv-airflow/lib/python3.10/site-packages/airflow/example_dags/example_dynamic_task_mapping.py', '--cfg-path', '/tmp/tmphct7vz9q', '--map-index', '2']
[2025-12-26T23:09:51.814+0530] {standard_task_runner.py:91} INFO - Job 1450: Subtask add_one
[2025-12-26T23:09:51.891+0530] {task_command.py:426} INFO - Running <TaskInstance: example_dynamic_task_mapping.add_one scheduled__2022-11-08T00:00:00+00:00 map_index=2 [running]> on host LAPTOP-A1PMOBSE.localdomain
[2025-12-26T23:09:51.983+0530] {taskinstance.py:2648} INFO - Exporting env vars: AIRFLOW_CTX_DAG_OWNER='airflow' AIRFLOW_CTX_DAG_ID='example_dynamic_task_mapping' AIRFLOW_CTX_TASK_ID='add_one' AIRFLOW_CTX_EXECUTION_DATE='2022-11-08T00:00:00+00:00' AIRFLOW_CTX_TRY_NUMBER='1' AIRFLOW_CTX_DAG_RUN_ID='scheduled__2022-11-08T00:00:00+00:00'
[2025-12-26T23:09:51.984+0530] {taskinstance.py:430} INFO - ::endgroup::
[2025-12-26T23:09:51.984+0530] {python.py:237} INFO - Done. Returned value was: 4
[2025-12-26T23:09:51.985+0530] {taskinstance.py:441} INFO - ::group::Post task execution logs
[2025-12-26T23:09:52.004+0530] {taskinstance.py:1206} INFO - Marking task as SUCCESS. dag_id=example_dynamic_task_mapping, task_id=add_one, run_id=scheduled__2022-11-08T00:00:00+00:00, map_index=2, execution_date=20221108T000000, start_date=20251226T173951, end_date=20251226T173952
[2025-12-26T23:09:52.040+0530] {local_task_job_runner.py:243} INFO - Task exited with return code 0
[2025-12-26T23:09:52.058+0530] {taskinstance.py:3503} INFO - 1 downstream tasks scheduled from follow-on schedule check
[2025-12-26T23:09:52.069+0530] {local_task_job_runner.py:222} INFO - ::endgroup::
[2026-03-11T22:37:55.534+0530] {local_task_job_runner.py:120} INFO - ::group::Pre task execution logs
[2026-03-11T22:37:55.551+0530] {taskinstance.py:2076} INFO - Dependencies all met for dep_context=non-requeueable deps ti=<TaskInstance: example_dynamic_task_mapping.add_one scheduled__2022-11-08T00:00:00+00:00 map_index=2 [queued]>
[2026-03-11T22:37:55.555+0530] {taskinstance.py:2076} INFO - Dependencies all met for dep_context=requeueable deps ti=<TaskInstance: example_dynamic_task_mapping.add_one scheduled__2022-11-08T00:00:00+00:00 map_index=2 [queued]>
[2026-03-11T22:37:55.555+0530] {taskinstance.py:2306} INFO - Starting attempt 1 of 1
[2026-03-11T22:37:55.570+0530] {taskinstance.py:2330} INFO - Executing <Mapped(_PythonDecoratedOperator): add_one> on 2022-11-08 00:00:00+00:00
[2026-03-11T22:37:55.574+0530] {standard_task_runner.py:64} INFO - Started process 8908 to run task
[2026-03-11T22:37:55.578+0530] {standard_task_runner.py:90} INFO - Running: ['airflow', 'tasks', 'run', 'example_dynamic_task_mapping', 'add_one', 'scheduled__2022-11-08T00:00:00+00:00', '--job-id', '1908', '--raw', '--subdir', '/home/sathya/projects/training-kit/.venv-airflow/lib/python3.10/site-packages/airflow/example_dags/example_dynamic_task_mapping.py', '--cfg-path', '/tmp/tmpxy2burgh', '--map-index', '2']
[2026-03-11T22:37:55.579+0530] {standard_task_runner.py:91} INFO - Job 1908: Subtask add_one
[2026-03-11T22:37:55.611+0530] {task_command.py:426} INFO - Running <TaskInstance: example_dynamic_task_mapping.add_one scheduled__2022-11-08T00:00:00+00:00 map_index=2 [running]> on host LAPTOP-A1PMOBSE.localdomain
[2026-03-11T22:37:55.668+0530] {taskinstance.py:2648} INFO - Exporting env vars: AIRFLOW_CTX_DAG_OWNER='airflow' AIRFLOW_CTX_DAG_ID='example_dynamic_task_mapping' AIRFLOW_CTX_TASK_ID='add_one' AIRFLOW_CTX_EXECUTION_DATE='2022-11-08T00:00:00+00:00' AIRFLOW_CTX_TRY_NUMBER='1' AIRFLOW_CTX_DAG_RUN_ID='scheduled__2022-11-08T00:00:00+00:00'
[2026-03-11T22:37:55.669+0530] {taskinstance.py:430} INFO - ::endgroup::
[2026-03-11T22:37:55.669+0530] {python.py:237} INFO - Done. Returned value was: 4
[2026-03-11T22:37:55.670+0530] {taskinstance.py:441} INFO - ::group::Post task execution logs
[2026-03-11T22:37:55.686+0530] {taskinstance.py:1206} INFO - Marking task as SUCCESS. dag_id=example_dynamic_task_mapping, task_id=add_one, run_id=scheduled__2022-11-08T00:00:00+00:00, map_index=2, execution_date=20221108T000000, start_date=20260311T170755, end_date=20260311T170755
[2026-03-11T22:37:55.719+0530] {local_task_job_runner.py:243} INFO - Task exited with return code 0
[2026-03-11T22:37:55.734+0530] {taskinstance.py:3503} INFO - 1 downstream tasks scheduled from follow-on schedule check
[2026-03-11T22:37:55.742+0530] {local_task_job_runner.py:222} INFO - ::endgroup::
