[2025-12-26T23:10:26.089+0530] {local_task_job_runner.py:120} INFO - ::group::Pre task execution logs
[2025-12-26T23:10:26.107+0530] {taskinstance.py:2076} INFO - Dependencies all met for dep_context=non-requeueable deps ti=<TaskInstance: example_dynamic_task_mapping.sum_it scheduled__2022-11-09T00:00:00+00:00 [queued]>
[2025-12-26T23:10:26.112+0530] {taskinstance.py:2076} INFO - Dependencies all met for dep_context=requeueable deps ti=<TaskInstance: example_dynamic_task_mapping.sum_it scheduled__2022-11-09T00:00:00+00:00 [queued]>
[2025-12-26T23:10:26.112+0530] {taskinstance.py:2306} INFO - Starting attempt 1 of 1
[2025-12-26T23:10:26.130+0530] {taskinstance.py:2330} INFO - Executing <Task(_PythonDecoratedOperator): sum_it> on 2022-11-09 00:00:00+00:00
[2025-12-26T23:10:26.133+0530] {standard_task_runner.py:64} INFO - Started process 11725 to run task
[2025-12-26T23:10:26.137+0530] {standard_task_runner.py:90} INFO - Running: ['airflow', 'tasks', 'run', 'example_dynamic_task_mapping', 'sum_it', 'scheduled__2022-11-09T00:00:00+00:00', '--job-id', '1458', '--raw', '--subdir', '/home/sathya/projects/training-kit/.venv-airflow/lib/python3.10/site-packages/airflow/example_dags/example_dynamic_task_mapping.py', '--cfg-path', '/tmp/tmp_t0mhpgx']
[2025-12-26T23:10:26.137+0530] {standard_task_runner.py:91} INFO - Job 1458: Subtask sum_it
[2025-12-26T23:10:26.171+0530] {task_command.py:426} INFO - Running <TaskInstance: example_dynamic_task_mapping.sum_it scheduled__2022-11-09T00:00:00+00:00 [running]> on host LAPTOP-A1PMOBSE.localdomain
[2025-12-26T23:10:26.249+0530] {taskinstance.py:2648} INFO - Exporting env vars: AIRFLOW_CTX_DAG_OWNER='airflow' AIRFLOW_CTX_DAG_ID='example_dynamic_task_mapping' AIRFLOW_CTX_TASK_ID='sum_it' AIRFLOW_CTX_EXECUTION_DATE='2022-11-09T00:00:00+00:00' AIRFLOW_CTX_TRY_NUMBER='1' AIRFLOW_CTX_DAG_RUN_ID='scheduled__2022-11-09T00:00:00+00:00'
[2025-12-26T23:10:26.250+0530] {taskinstance.py:430} INFO - ::endgroup::
[2025-12-26T23:10:26.252+0530] {logging_mixin.py:188} INFO - Total was 9
[2025-12-26T23:10:26.253+0530] {python.py:237} INFO - Done. Returned value was: None
[2025-12-26T23:10:26.253+0530] {taskinstance.py:441} INFO - ::group::Post task execution logs
[2025-12-26T23:10:26.256+0530] {taskinstance.py:1206} INFO - Marking task as SUCCESS. dag_id=example_dynamic_task_mapping, task_id=sum_it, run_id=scheduled__2022-11-09T00:00:00+00:00, execution_date=20221109T000000, start_date=20251226T174026, end_date=20251226T174026
[2025-12-26T23:10:26.314+0530] {local_task_job_runner.py:243} INFO - Task exited with return code 0
[2025-12-26T23:10:26.341+0530] {taskinstance.py:3503} INFO - 0 downstream tasks scheduled from follow-on schedule check
[2025-12-26T23:10:26.342+0530] {local_task_job_runner.py:222} INFO - ::endgroup::
[2026-03-11T22:38:28.630+0530] {local_task_job_runner.py:120} INFO - ::group::Pre task execution logs
[2026-03-11T22:38:28.646+0530] {taskinstance.py:2076} INFO - Dependencies all met for dep_context=non-requeueable deps ti=<TaskInstance: example_dynamic_task_mapping.sum_it scheduled__2022-11-09T00:00:00+00:00 [queued]>
[2026-03-11T22:38:28.650+0530] {taskinstance.py:2076} INFO - Dependencies all met for dep_context=requeueable deps ti=<TaskInstance: example_dynamic_task_mapping.sum_it scheduled__2022-11-09T00:00:00+00:00 [queued]>
[2026-03-11T22:38:28.650+0530] {taskinstance.py:2306} INFO - Starting attempt 1 of 1
[2026-03-11T22:38:28.665+0530] {taskinstance.py:2330} INFO - Executing <Task(_PythonDecoratedOperator): sum_it> on 2022-11-09 00:00:00+00:00
[2026-03-11T22:38:28.669+0530] {standard_task_runner.py:64} INFO - Started process 8990 to run task
[2026-03-11T22:38:28.674+0530] {standard_task_runner.py:90} INFO - Running: ['airflow', 'tasks', 'run', 'example_dynamic_task_mapping', 'sum_it', 'scheduled__2022-11-09T00:00:00+00:00', '--job-id', '1916', '--raw', '--subdir', '/home/sathya/projects/training-kit/.venv-airflow/lib/python3.10/site-packages/airflow/example_dags/example_dynamic_task_mapping.py', '--cfg-path', '/tmp/tmpscwycodd']
[2026-03-11T22:38:28.676+0530] {standard_task_runner.py:91} INFO - Job 1916: Subtask sum_it
[2026-03-11T22:38:28.706+0530] {task_command.py:426} INFO - Running <TaskInstance: example_dynamic_task_mapping.sum_it scheduled__2022-11-09T00:00:00+00:00 [running]> on host LAPTOP-A1PMOBSE.localdomain
[2026-03-11T22:38:28.772+0530] {taskinstance.py:2648} INFO - Exporting env vars: AIRFLOW_CTX_DAG_OWNER='airflow' AIRFLOW_CTX_DAG_ID='example_dynamic_task_mapping' AIRFLOW_CTX_TASK_ID='sum_it' AIRFLOW_CTX_EXECUTION_DATE='2022-11-09T00:00:00+00:00' AIRFLOW_CTX_TRY_NUMBER='1' AIRFLOW_CTX_DAG_RUN_ID='scheduled__2022-11-09T00:00:00+00:00'
[2026-03-11T22:38:28.773+0530] {taskinstance.py:430} INFO - ::endgroup::
[2026-03-11T22:38:28.776+0530] {logging_mixin.py:188} INFO - Total was 9
[2026-03-11T22:38:28.776+0530] {python.py:237} INFO - Done. Returned value was: None
[2026-03-11T22:38:28.776+0530] {taskinstance.py:441} INFO - ::group::Post task execution logs
[2026-03-11T22:38:28.781+0530] {taskinstance.py:1206} INFO - Marking task as SUCCESS. dag_id=example_dynamic_task_mapping, task_id=sum_it, run_id=scheduled__2022-11-09T00:00:00+00:00, execution_date=20221109T000000, start_date=20260311T170828, end_date=20260311T170828
[2026-03-11T22:38:28.818+0530] {local_task_job_runner.py:243} INFO - Task exited with return code 0
[2026-03-11T22:38:28.833+0530] {taskinstance.py:3503} INFO - 0 downstream tasks scheduled from follow-on schedule check
[2026-03-11T22:38:28.834+0530] {local_task_job_runner.py:222} INFO - ::endgroup::
