[2025-12-26T22:06:22.650+0530] {local_task_job_runner.py:120} INFO - ::group::Pre task execution logs
[2025-12-26T22:06:22.687+0530] {taskinstance.py:2076} INFO - Dependencies all met for dep_context=non-requeueable deps ti=<TaskInstance: example_dynamic_task_mapping.sum_it scheduled__2022-03-04T00:00:00+00:00 [queued]>
[2025-12-26T22:06:22.701+0530] {taskinstance.py:2076} INFO - Dependencies all met for dep_context=requeueable deps ti=<TaskInstance: example_dynamic_task_mapping.sum_it scheduled__2022-03-04T00:00:00+00:00 [queued]>
[2025-12-26T22:06:22.702+0530] {taskinstance.py:2306} INFO - Starting attempt 1 of 1
[2025-12-26T22:06:22.731+0530] {taskinstance.py:2330} INFO - Executing <Task(_PythonDecoratedOperator): sum_it> on 2022-03-04 00:00:00+00:00
[2025-12-26T22:06:22.735+0530] {standard_task_runner.py:64} INFO - Started process 3735 to run task
[2025-12-26T22:06:22.740+0530] {standard_task_runner.py:90} INFO - Running: ['airflow', 'tasks', 'run', 'example_dynamic_task_mapping', 'sum_it', 'scheduled__2022-03-04T00:00:00+00:00', '--job-id', '64', '--raw', '--subdir', '/home/sathya/projects/training-kit/.venv-airflow/lib/python3.10/site-packages/airflow/example_dags/example_dynamic_task_mapping.py', '--cfg-path', '/tmp/tmpf7boiev7']
[2025-12-26T22:06:22.740+0530] {standard_task_runner.py:91} INFO - Job 64: Subtask sum_it
[2025-12-26T22:06:22.792+0530] {task_command.py:426} INFO - Running <TaskInstance: example_dynamic_task_mapping.sum_it scheduled__2022-03-04T00:00:00+00:00 [running]> on host LAPTOP-A1PMOBSE.localdomain
[2025-12-26T22:06:22.882+0530] {taskinstance.py:2648} INFO - Exporting env vars: AIRFLOW_CTX_DAG_OWNER='airflow' AIRFLOW_CTX_DAG_ID='example_dynamic_task_mapping' AIRFLOW_CTX_TASK_ID='sum_it' AIRFLOW_CTX_EXECUTION_DATE='2022-03-04T00:00:00+00:00' AIRFLOW_CTX_TRY_NUMBER='1' AIRFLOW_CTX_DAG_RUN_ID='scheduled__2022-03-04T00:00:00+00:00'
[2025-12-26T22:06:22.883+0530] {taskinstance.py:430} INFO - ::endgroup::
[2025-12-26T22:06:22.886+0530] {logging_mixin.py:188} INFO - Total was 9
[2025-12-26T22:06:22.886+0530] {python.py:237} INFO - Done. Returned value was: None
[2025-12-26T22:06:22.887+0530] {taskinstance.py:441} INFO - ::group::Post task execution logs
[2025-12-26T22:06:22.891+0530] {taskinstance.py:1206} INFO - Marking task as SUCCESS. dag_id=example_dynamic_task_mapping, task_id=sum_it, run_id=scheduled__2022-03-04T00:00:00+00:00, execution_date=20220304T000000, start_date=20251226T163622, end_date=20251226T163622
[2025-12-26T22:06:22.924+0530] {local_task_job_runner.py:243} INFO - Task exited with return code 0
[2025-12-26T22:06:22.939+0530] {taskinstance.py:3503} INFO - 0 downstream tasks scheduled from follow-on schedule check
[2025-12-26T22:06:22.940+0530] {local_task_job_runner.py:222} INFO - ::endgroup::
[2026-03-10T22:15:26.950+0530] {local_task_job_runner.py:120} INFO - ::group::Pre task execution logs
[2026-03-10T22:15:26.980+0530] {taskinstance.py:2076} INFO - Dependencies all met for dep_context=non-requeueable deps ti=<TaskInstance: example_dynamic_task_mapping.sum_it scheduled__2022-03-04T00:00:00+00:00 [queued]>
[2026-03-10T22:15:26.987+0530] {taskinstance.py:2076} INFO - Dependencies all met for dep_context=requeueable deps ti=<TaskInstance: example_dynamic_task_mapping.sum_it scheduled__2022-03-04T00:00:00+00:00 [queued]>
[2026-03-10T22:15:26.988+0530] {taskinstance.py:2306} INFO - Starting attempt 1 of 1
[2026-03-10T22:15:27.017+0530] {taskinstance.py:2330} INFO - Executing <Task(_PythonDecoratedOperator): sum_it> on 2022-03-04 00:00:00+00:00
[2026-03-10T22:15:27.027+0530] {standard_task_runner.py:64} INFO - Started process 2512 to run task
[2026-03-10T22:15:27.034+0530] {standard_task_runner.py:90} INFO - Running: ['airflow', 'tasks', 'run', 'example_dynamic_task_mapping', 'sum_it', 'scheduled__2022-03-04T00:00:00+00:00', '--job-id', '210', '--raw', '--subdir', '/home/sathya/projects/training-kit/.venv-airflow/lib/python3.10/site-packages/airflow/example_dags/example_dynamic_task_mapping.py', '--cfg-path', '/tmp/tmp628sn_lh']
[2026-03-10T22:15:27.037+0530] {standard_task_runner.py:91} INFO - Job 210: Subtask sum_it
[2026-03-10T22:15:27.118+0530] {task_command.py:426} INFO - Running <TaskInstance: example_dynamic_task_mapping.sum_it scheduled__2022-03-04T00:00:00+00:00 [running]> on host LAPTOP-A1PMOBSE.localdomain
[2026-03-10T22:15:27.229+0530] {taskinstance.py:2648} INFO - Exporting env vars: AIRFLOW_CTX_DAG_OWNER='airflow' AIRFLOW_CTX_DAG_ID='example_dynamic_task_mapping' AIRFLOW_CTX_TASK_ID='sum_it' AIRFLOW_CTX_EXECUTION_DATE='2022-03-04T00:00:00+00:00' AIRFLOW_CTX_TRY_NUMBER='1' AIRFLOW_CTX_DAG_RUN_ID='scheduled__2022-03-04T00:00:00+00:00'
[2026-03-10T22:15:27.233+0530] {taskinstance.py:430} INFO - ::endgroup::
[2026-03-10T22:15:27.243+0530] {logging_mixin.py:188} INFO - Total was 9
[2026-03-10T22:15:27.243+0530] {python.py:237} INFO - Done. Returned value was: None
[2026-03-10T22:15:27.244+0530] {taskinstance.py:441} INFO - ::group::Post task execution logs
[2026-03-10T22:15:27.253+0530] {taskinstance.py:1206} INFO - Marking task as SUCCESS. dag_id=example_dynamic_task_mapping, task_id=sum_it, run_id=scheduled__2022-03-04T00:00:00+00:00, execution_date=20220304T000000, start_date=20260310T164526, end_date=20260310T164527
[2026-03-10T22:15:27.290+0530] {local_task_job_runner.py:243} INFO - Task exited with return code 0
[2026-03-10T22:15:27.314+0530] {taskinstance.py:3503} INFO - 0 downstream tasks scheduled from follow-on schedule check
[2026-03-10T22:15:27.315+0530] {local_task_job_runner.py:222} INFO - ::endgroup::
