[2025-12-27T19:26:09.821+0530] {local_task_job_runner.py:120} INFO - ::group::Pre task execution logs
[2025-12-27T19:26:09.847+0530] {taskinstance.py:2076} INFO - Dependencies all met for dep_context=non-requeueable deps ti=<TaskInstance: example_dynamic_task_mapping.add_one scheduled__2022-11-23T00:00:00+00:00 map_index=1 [queued]>
[2025-12-27T19:26:09.853+0530] {taskinstance.py:2076} INFO - Dependencies all met for dep_context=requeueable deps ti=<TaskInstance: example_dynamic_task_mapping.add_one scheduled__2022-11-23T00:00:00+00:00 map_index=1 [queued]>
[2025-12-27T19:26:09.853+0530] {taskinstance.py:2306} INFO - Starting attempt 1 of 1
[2025-12-27T19:26:09.870+0530] {taskinstance.py:2330} INFO - Executing <Mapped(_PythonDecoratedOperator): add_one> on 2022-11-23 00:00:00+00:00
[2025-12-27T19:26:09.873+0530] {standard_task_runner.py:64} INFO - Started process 1102 to run task
[2025-12-27T19:26:09.878+0530] {standard_task_runner.py:90} INFO - Running: ['airflow', 'tasks', 'run', 'example_dynamic_task_mapping', 'add_one', 'scheduled__2022-11-23T00:00:00+00:00', '--job-id', '1675', '--raw', '--subdir', '/home/sathya/projects/training-kit/.venv-airflow/lib/python3.10/site-packages/airflow/example_dags/example_dynamic_task_mapping.py', '--cfg-path', '/tmp/tmp3ut5xdn3', '--map-index', '1']
[2025-12-27T19:26:09.879+0530] {standard_task_runner.py:91} INFO - Job 1675: Subtask add_one
[2025-12-27T19:26:09.921+0530] {task_command.py:426} INFO - Running <TaskInstance: example_dynamic_task_mapping.add_one scheduled__2022-11-23T00:00:00+00:00 map_index=1 [running]> on host LAPTOP-A1PMOBSE.localdomain
[2025-12-27T19:26:09.996+0530] {taskinstance.py:2648} INFO - Exporting env vars: AIRFLOW_CTX_DAG_OWNER='airflow' AIRFLOW_CTX_DAG_ID='example_dynamic_task_mapping' AIRFLOW_CTX_TASK_ID='add_one' AIRFLOW_CTX_EXECUTION_DATE='2022-11-23T00:00:00+00:00' AIRFLOW_CTX_TRY_NUMBER='1' AIRFLOW_CTX_DAG_RUN_ID='scheduled__2022-11-23T00:00:00+00:00'
[2025-12-27T19:26:09.997+0530] {taskinstance.py:430} INFO - ::endgroup::
[2025-12-27T19:26:09.998+0530] {python.py:237} INFO - Done. Returned value was: 3
[2025-12-27T19:26:09.998+0530] {taskinstance.py:441} INFO - ::group::Post task execution logs
[2025-12-27T19:26:10.014+0530] {taskinstance.py:1206} INFO - Marking task as SUCCESS. dag_id=example_dynamic_task_mapping, task_id=add_one, run_id=scheduled__2022-11-23T00:00:00+00:00, map_index=1, execution_date=20221123T000000, start_date=20251227T135609, end_date=20251227T135610
[2025-12-27T19:26:10.053+0530] {local_task_job_runner.py:243} INFO - Task exited with return code 0
[2025-12-27T19:26:10.074+0530] {taskinstance.py:3503} INFO - 0 downstream tasks scheduled from follow-on schedule check
[2025-12-27T19:26:10.075+0530] {local_task_job_runner.py:222} INFO - ::endgroup::
[2026-03-11T22:43:28.845+0530] {local_task_job_runner.py:120} INFO - ::group::Pre task execution logs
[2026-03-11T22:43:28.869+0530] {taskinstance.py:2076} INFO - Dependencies all met for dep_context=non-requeueable deps ti=<TaskInstance: example_dynamic_task_mapping.add_one scheduled__2022-11-23T00:00:00+00:00 map_index=1 [queued]>
[2026-03-11T22:43:28.874+0530] {taskinstance.py:2076} INFO - Dependencies all met for dep_context=requeueable deps ti=<TaskInstance: example_dynamic_task_mapping.add_one scheduled__2022-11-23T00:00:00+00:00 map_index=1 [queued]>
[2026-03-11T22:43:28.875+0530] {taskinstance.py:2306} INFO - Starting attempt 1 of 1
[2026-03-11T22:43:28.907+0530] {taskinstance.py:2330} INFO - Executing <Mapped(_PythonDecoratedOperator): add_one> on 2022-11-23 00:00:00+00:00
[2026-03-11T22:43:28.917+0530] {standard_task_runner.py:64} INFO - Started process 9796 to run task
[2026-03-11T22:43:28.930+0530] {standard_task_runner.py:90} INFO - Running: ['airflow', 'tasks', 'run', 'example_dynamic_task_mapping', 'add_one', 'scheduled__2022-11-23T00:00:00+00:00', '--job-id', '1996', '--raw', '--subdir', '/home/sathya/projects/training-kit/.venv-airflow/lib/python3.10/site-packages/airflow/example_dags/example_dynamic_task_mapping.py', '--cfg-path', '/tmp/tmp2iqzarrw', '--map-index', '1']
[2026-03-11T22:43:28.934+0530] {standard_task_runner.py:91} INFO - Job 1996: Subtask add_one
[2026-03-11T22:43:28.983+0530] {task_command.py:426} INFO - Running <TaskInstance: example_dynamic_task_mapping.add_one scheduled__2022-11-23T00:00:00+00:00 map_index=1 [running]> on host LAPTOP-A1PMOBSE.localdomain
[2026-03-11T22:43:29.064+0530] {taskinstance.py:2648} INFO - Exporting env vars: AIRFLOW_CTX_DAG_OWNER='airflow' AIRFLOW_CTX_DAG_ID='example_dynamic_task_mapping' AIRFLOW_CTX_TASK_ID='add_one' AIRFLOW_CTX_EXECUTION_DATE='2022-11-23T00:00:00+00:00' AIRFLOW_CTX_TRY_NUMBER='1' AIRFLOW_CTX_DAG_RUN_ID='scheduled__2022-11-23T00:00:00+00:00'
[2026-03-11T22:43:29.065+0530] {taskinstance.py:430} INFO - ::endgroup::
[2026-03-11T22:43:29.066+0530] {python.py:237} INFO - Done. Returned value was: 3
[2026-03-11T22:43:29.066+0530] {taskinstance.py:441} INFO - ::group::Post task execution logs
[2026-03-11T22:43:29.090+0530] {taskinstance.py:1206} INFO - Marking task as SUCCESS. dag_id=example_dynamic_task_mapping, task_id=add_one, run_id=scheduled__2022-11-23T00:00:00+00:00, map_index=1, execution_date=20221123T000000, start_date=20260311T171328, end_date=20260311T171329
[2026-03-11T22:43:29.115+0530] {local_task_job_runner.py:243} INFO - Task exited with return code 0
[2026-03-11T22:43:29.133+0530] {taskinstance.py:3503} INFO - 0 downstream tasks scheduled from follow-on schedule check
[2026-03-11T22:43:29.134+0530] {local_task_job_runner.py:222} INFO - ::endgroup::
