[2025-12-27T19:46:02.195+0530] {local_task_job_runner.py:120} INFO - ::group::Pre task execution logs
[2025-12-27T19:46:02.224+0530] {taskinstance.py:2076} INFO - Dependencies all met for dep_context=non-requeueable deps ti=<TaskInstance: example_dynamic_task_mapping.add_one scheduled__2023-01-07T00:00:00+00:00 map_index=0 [queued]>
[2025-12-27T19:46:02.232+0530] {taskinstance.py:2076} INFO - Dependencies all met for dep_context=requeueable deps ti=<TaskInstance: example_dynamic_task_mapping.add_one scheduled__2023-01-07T00:00:00+00:00 map_index=0 [queued]>
[2025-12-27T19:46:02.232+0530] {taskinstance.py:2306} INFO - Starting attempt 1 of 1
[2025-12-27T19:46:02.263+0530] {taskinstance.py:2330} INFO - Executing <Mapped(_PythonDecoratedOperator): add_one> on 2023-01-07 00:00:00+00:00
[2025-12-27T19:46:02.271+0530] {standard_task_runner.py:64} INFO - Started process 1855 to run task
[2025-12-27T19:46:02.278+0530] {standard_task_runner.py:90} INFO - Running: ['airflow', 'tasks', 'run', 'example_dynamic_task_mapping', 'add_one', 'scheduled__2023-01-07T00:00:00+00:00', '--job-id', '1954', '--raw', '--subdir', '/home/sathya/projects/training-kit/.venv-airflow/lib/python3.10/site-packages/airflow/example_dags/example_dynamic_task_mapping.py', '--cfg-path', '/tmp/tmp9tsl_zxl', '--map-index', '0']
[2025-12-27T19:46:02.279+0530] {standard_task_runner.py:91} INFO - Job 1954: Subtask add_one
[2025-12-27T19:46:02.339+0530] {task_command.py:426} INFO - Running <TaskInstance: example_dynamic_task_mapping.add_one scheduled__2023-01-07T00:00:00+00:00 map_index=0 [running]> on host LAPTOP-A1PMOBSE.localdomain
[2025-12-27T19:46:02.475+0530] {taskinstance.py:2648} INFO - Exporting env vars: AIRFLOW_CTX_DAG_OWNER='airflow' AIRFLOW_CTX_DAG_ID='example_dynamic_task_mapping' AIRFLOW_CTX_TASK_ID='add_one' AIRFLOW_CTX_EXECUTION_DATE='2023-01-07T00:00:00+00:00' AIRFLOW_CTX_TRY_NUMBER='1' AIRFLOW_CTX_DAG_RUN_ID='scheduled__2023-01-07T00:00:00+00:00'
[2025-12-27T19:46:02.477+0530] {taskinstance.py:430} INFO - ::endgroup::
[2025-12-27T19:46:02.478+0530] {python.py:237} INFO - Done. Returned value was: 2
[2025-12-27T19:46:02.479+0530] {taskinstance.py:441} INFO - ::group::Post task execution logs
[2025-12-27T19:46:02.503+0530] {taskinstance.py:1206} INFO - Marking task as SUCCESS. dag_id=example_dynamic_task_mapping, task_id=add_one, run_id=scheduled__2023-01-07T00:00:00+00:00, map_index=0, execution_date=20230107T000000, start_date=20251227T141602, end_date=20251227T141602
[2025-12-27T19:46:02.530+0530] {local_task_job_runner.py:243} INFO - Task exited with return code 0
[2025-12-27T19:46:02.554+0530] {taskinstance.py:3503} INFO - 0 downstream tasks scheduled from follow-on schedule check
[2025-12-27T19:46:02.555+0530] {local_task_job_runner.py:222} INFO - ::endgroup::
[2026-03-11T22:57:56.729+0530] {local_task_job_runner.py:120} INFO - ::group::Pre task execution logs
[2026-03-11T22:57:56.745+0530] {taskinstance.py:2076} INFO - Dependencies all met for dep_context=non-requeueable deps ti=<TaskInstance: example_dynamic_task_mapping.add_one scheduled__2023-01-07T00:00:00+00:00 map_index=0 [queued]>
[2026-03-11T22:57:56.749+0530] {taskinstance.py:2076} INFO - Dependencies all met for dep_context=requeueable deps ti=<TaskInstance: example_dynamic_task_mapping.add_one scheduled__2023-01-07T00:00:00+00:00 map_index=0 [queued]>
[2026-03-11T22:57:56.749+0530] {taskinstance.py:2306} INFO - Starting attempt 1 of 1
[2026-03-11T22:57:56.762+0530] {taskinstance.py:2330} INFO - Executing <Mapped(_PythonDecoratedOperator): add_one> on 2023-01-07 00:00:00+00:00
[2026-03-11T22:57:56.766+0530] {standard_task_runner.py:64} INFO - Started process 12292 to run task
[2026-03-11T22:57:56.768+0530] {standard_task_runner.py:90} INFO - Running: ['airflow', 'tasks', 'run', 'example_dynamic_task_mapping', 'add_one', 'scheduled__2023-01-07T00:00:00+00:00', '--job-id', '2245', '--raw', '--subdir', '/home/sathya/projects/training-kit/.venv-airflow/lib/python3.10/site-packages/airflow/example_dags/example_dynamic_task_mapping.py', '--cfg-path', '/tmp/tmpn4stt62u', '--map-index', '0']
[2026-03-11T22:57:56.770+0530] {standard_task_runner.py:91} INFO - Job 2245: Subtask add_one
[2026-03-11T22:57:56.799+0530] {task_command.py:426} INFO - Running <TaskInstance: example_dynamic_task_mapping.add_one scheduled__2023-01-07T00:00:00+00:00 map_index=0 [running]> on host LAPTOP-A1PMOBSE.localdomain
[2026-03-11T22:57:56.864+0530] {taskinstance.py:2648} INFO - Exporting env vars: AIRFLOW_CTX_DAG_OWNER='airflow' AIRFLOW_CTX_DAG_ID='example_dynamic_task_mapping' AIRFLOW_CTX_TASK_ID='add_one' AIRFLOW_CTX_EXECUTION_DATE='2023-01-07T00:00:00+00:00' AIRFLOW_CTX_TRY_NUMBER='1' AIRFLOW_CTX_DAG_RUN_ID='scheduled__2023-01-07T00:00:00+00:00'
[2026-03-11T22:57:56.866+0530] {taskinstance.py:430} INFO - ::endgroup::
[2026-03-11T22:57:56.866+0530] {python.py:237} INFO - Done. Returned value was: 2
[2026-03-11T22:57:56.866+0530] {taskinstance.py:441} INFO - ::group::Post task execution logs
[2026-03-11T22:57:56.881+0530] {taskinstance.py:1206} INFO - Marking task as SUCCESS. dag_id=example_dynamic_task_mapping, task_id=add_one, run_id=scheduled__2023-01-07T00:00:00+00:00, map_index=0, execution_date=20230107T000000, start_date=20260311T172756, end_date=20260311T172756
[2026-03-11T22:57:56.905+0530] {local_task_job_runner.py:243} INFO - Task exited with return code 0
[2026-03-11T22:57:56.923+0530] {taskinstance.py:3503} INFO - 0 downstream tasks scheduled from follow-on schedule check
[2026-03-11T22:57:56.924+0530] {local_task_job_runner.py:222} INFO - ::endgroup::
