[2025-12-26T22:39:39.025+0530] {local_task_job_runner.py:120} INFO - ::group::Pre task execution logs
[2025-12-26T22:39:39.043+0530] {taskinstance.py:2076} INFO - Dependencies all met for dep_context=non-requeueable deps ti=<TaskInstance: example_dynamic_task_mapping.add_one scheduled__2022-07-24T00:00:00+00:00 map_index=1 [queued]>
[2025-12-26T22:39:39.047+0530] {taskinstance.py:2076} INFO - Dependencies all met for dep_context=requeueable deps ti=<TaskInstance: example_dynamic_task_mapping.add_one scheduled__2022-07-24T00:00:00+00:00 map_index=1 [queued]>
[2025-12-26T22:39:39.047+0530] {taskinstance.py:2306} INFO - Starting attempt 1 of 1
[2025-12-26T22:39:39.062+0530] {taskinstance.py:2330} INFO - Executing <Mapped(_PythonDecoratedOperator): add_one> on 2022-07-24 00:00:00+00:00
[2025-12-26T22:39:39.064+0530] {standard_task_runner.py:64} INFO - Started process 8235 to run task
[2025-12-26T22:39:39.067+0530] {standard_task_runner.py:90} INFO - Running: ['airflow', 'tasks', 'run', 'example_dynamic_task_mapping', 'add_one', 'scheduled__2022-07-24T00:00:00+00:00', '--job-id', '870', '--raw', '--subdir', '/home/sathya/projects/training-kit/.venv-airflow/lib/python3.10/site-packages/airflow/example_dags/example_dynamic_task_mapping.py', '--cfg-path', '/tmp/tmp9ihbclyt', '--map-index', '1']
[2025-12-26T22:39:39.067+0530] {standard_task_runner.py:91} INFO - Job 870: Subtask add_one
[2025-12-26T22:39:39.100+0530] {task_command.py:426} INFO - Running <TaskInstance: example_dynamic_task_mapping.add_one scheduled__2022-07-24T00:00:00+00:00 map_index=1 [running]> on host LAPTOP-A1PMOBSE.localdomain
[2025-12-26T22:39:39.155+0530] {taskinstance.py:2648} INFO - Exporting env vars: AIRFLOW_CTX_DAG_OWNER='airflow' AIRFLOW_CTX_DAG_ID='example_dynamic_task_mapping' AIRFLOW_CTX_TASK_ID='add_one' AIRFLOW_CTX_EXECUTION_DATE='2022-07-24T00:00:00+00:00' AIRFLOW_CTX_TRY_NUMBER='1' AIRFLOW_CTX_DAG_RUN_ID='scheduled__2022-07-24T00:00:00+00:00'
[2025-12-26T22:39:39.156+0530] {taskinstance.py:430} INFO - ::endgroup::
[2025-12-26T22:39:39.156+0530] {python.py:237} INFO - Done. Returned value was: 3
[2025-12-26T22:39:39.156+0530] {taskinstance.py:441} INFO - ::group::Post task execution logs
[2025-12-26T22:39:39.168+0530] {taskinstance.py:1206} INFO - Marking task as SUCCESS. dag_id=example_dynamic_task_mapping, task_id=add_one, run_id=scheduled__2022-07-24T00:00:00+00:00, map_index=1, execution_date=20220724T000000, start_date=20251226T170939, end_date=20251226T170939
[2025-12-26T22:39:39.199+0530] {local_task_job_runner.py:243} INFO - Task exited with return code 0
[2025-12-26T22:39:39.218+0530] {taskinstance.py:3503} INFO - 0 downstream tasks scheduled from follow-on schedule check
[2025-12-26T22:39:39.218+0530] {local_task_job_runner.py:222} INFO - ::endgroup::
[2026-03-10T23:25:34.343+0530] {local_task_job_runner.py:120} INFO - ::group::Pre task execution logs
[2026-03-10T23:25:34.404+0530] {taskinstance.py:2076} INFO - Dependencies all met for dep_context=non-requeueable deps ti=<TaskInstance: example_dynamic_task_mapping.add_one scheduled__2022-07-24T00:00:00+00:00 map_index=1 [queued]>
[2026-03-10T23:25:34.421+0530] {taskinstance.py:2076} INFO - Dependencies all met for dep_context=requeueable deps ti=<TaskInstance: example_dynamic_task_mapping.add_one scheduled__2022-07-24T00:00:00+00:00 map_index=1 [queued]>
[2026-03-10T23:25:34.422+0530] {taskinstance.py:2306} INFO - Starting attempt 1 of 1
[2026-03-10T23:25:34.474+0530] {taskinstance.py:2330} INFO - Executing <Mapped(_PythonDecoratedOperator): add_one> on 2022-07-24 00:00:00+00:00
[2026-03-10T23:25:34.487+0530] {standard_task_runner.py:64} INFO - Started process 11183 to run task
[2026-03-10T23:25:34.497+0530] {standard_task_runner.py:90} INFO - Running: ['airflow', 'tasks', 'run', 'example_dynamic_task_mapping', 'add_one', 'scheduled__2022-07-24T00:00:00+00:00', '--job-id', '1002', '--raw', '--subdir', '/home/sathya/projects/training-kit/.venv-airflow/lib/python3.10/site-packages/airflow/example_dags/example_dynamic_task_mapping.py', '--cfg-path', '/tmp/tmp61usmazk', '--map-index', '1']
[2026-03-10T23:25:34.502+0530] {standard_task_runner.py:91} INFO - Job 1002: Subtask add_one
[2026-03-10T23:25:34.616+0530] {task_command.py:426} INFO - Running <TaskInstance: example_dynamic_task_mapping.add_one scheduled__2022-07-24T00:00:00+00:00 map_index=1 [running]> on host LAPTOP-A1PMOBSE.localdomain
[2026-03-10T23:25:34.814+0530] {taskinstance.py:2648} INFO - Exporting env vars: AIRFLOW_CTX_DAG_OWNER='airflow' AIRFLOW_CTX_DAG_ID='example_dynamic_task_mapping' AIRFLOW_CTX_TASK_ID='add_one' AIRFLOW_CTX_EXECUTION_DATE='2022-07-24T00:00:00+00:00' AIRFLOW_CTX_TRY_NUMBER='1' AIRFLOW_CTX_DAG_RUN_ID='scheduled__2022-07-24T00:00:00+00:00'
[2026-03-10T23:25:34.818+0530] {taskinstance.py:430} INFO - ::endgroup::
[2026-03-10T23:25:34.819+0530] {python.py:237} INFO - Done. Returned value was: 3
[2026-03-10T23:25:34.820+0530] {taskinstance.py:441} INFO - ::group::Post task execution logs
[2026-03-10T23:25:34.866+0530] {taskinstance.py:1206} INFO - Marking task as SUCCESS. dag_id=example_dynamic_task_mapping, task_id=add_one, run_id=scheduled__2022-07-24T00:00:00+00:00, map_index=1, execution_date=20220724T000000, start_date=20260310T175534, end_date=20260310T175534
[2026-03-10T23:25:34.931+0530] {local_task_job_runner.py:243} INFO - Task exited with return code 0
[2026-03-10T23:25:34.985+0530] {taskinstance.py:3503} INFO - 0 downstream tasks scheduled from follow-on schedule check
[2026-03-10T23:25:34.986+0530] {local_task_job_runner.py:222} INFO - ::endgroup::
