[2025-12-26T22:53:39.560+0530] {local_task_job_runner.py:120} INFO - ::group::Pre task execution logs
[2025-12-26T22:53:39.581+0530] {taskinstance.py:2076} INFO - Dependencies all met for dep_context=non-requeueable deps ti=<TaskInstance: example_dynamic_task_mapping.add_one scheduled__2022-09-22T00:00:00+00:00 map_index=0 [queued]>
[2025-12-26T22:53:39.586+0530] {taskinstance.py:2076} INFO - Dependencies all met for dep_context=requeueable deps ti=<TaskInstance: example_dynamic_task_mapping.add_one scheduled__2022-09-22T00:00:00+00:00 map_index=0 [queued]>
[2025-12-26T22:53:39.586+0530] {taskinstance.py:2306} INFO - Starting attempt 1 of 1
[2025-12-26T22:53:39.603+0530] {taskinstance.py:2330} INFO - Executing <Mapped(_PythonDecoratedOperator): add_one> on 2022-09-22 00:00:00+00:00
[2025-12-26T22:53:39.606+0530] {standard_task_runner.py:64} INFO - Started process 9949 to run task
[2025-12-26T22:53:39.609+0530] {standard_task_runner.py:90} INFO - Running: ['airflow', 'tasks', 'run', 'example_dynamic_task_mapping', 'add_one', 'scheduled__2022-09-22T00:00:00+00:00', '--job-id', '1180', '--raw', '--subdir', '/home/sathya/projects/training-kit/.venv-airflow/lib/python3.10/site-packages/airflow/example_dags/example_dynamic_task_mapping.py', '--cfg-path', '/tmp/tmpx65upmxo', '--map-index', '0']
[2025-12-26T22:53:39.610+0530] {standard_task_runner.py:91} INFO - Job 1180: Subtask add_one
[2025-12-26T22:53:39.646+0530] {task_command.py:426} INFO - Running <TaskInstance: example_dynamic_task_mapping.add_one scheduled__2022-09-22T00:00:00+00:00 map_index=0 [running]> on host LAPTOP-A1PMOBSE.localdomain
[2025-12-26T22:53:39.716+0530] {taskinstance.py:2648} INFO - Exporting env vars: AIRFLOW_CTX_DAG_OWNER='airflow' AIRFLOW_CTX_DAG_ID='example_dynamic_task_mapping' AIRFLOW_CTX_TASK_ID='add_one' AIRFLOW_CTX_EXECUTION_DATE='2022-09-22T00:00:00+00:00' AIRFLOW_CTX_TRY_NUMBER='1' AIRFLOW_CTX_DAG_RUN_ID='scheduled__2022-09-22T00:00:00+00:00'
[2025-12-26T22:53:39.717+0530] {taskinstance.py:430} INFO - ::endgroup::
[2025-12-26T22:53:39.717+0530] {python.py:237} INFO - Done. Returned value was: 2
[2025-12-26T22:53:39.717+0530] {taskinstance.py:441} INFO - ::group::Post task execution logs
[2025-12-26T22:53:39.732+0530] {taskinstance.py:1206} INFO - Marking task as SUCCESS. dag_id=example_dynamic_task_mapping, task_id=add_one, run_id=scheduled__2022-09-22T00:00:00+00:00, map_index=0, execution_date=20220922T000000, start_date=20251226T172339, end_date=20251226T172339
[2025-12-26T22:53:39.749+0530] {local_task_job_runner.py:243} INFO - Task exited with return code 0
[2025-12-26T22:53:39.763+0530] {taskinstance.py:3503} INFO - 0 downstream tasks scheduled from follow-on schedule check
[2025-12-26T22:53:39.764+0530] {local_task_job_runner.py:222} INFO - ::endgroup::
[2026-03-10T23:55:44.352+0530] {local_task_job_runner.py:120} INFO - ::group::Pre task execution logs
[2026-03-10T23:55:44.406+0530] {taskinstance.py:2076} INFO - Dependencies all met for dep_context=non-requeueable deps ti=<TaskInstance: example_dynamic_task_mapping.add_one scheduled__2022-09-22T00:00:00+00:00 map_index=0 [queued]>
[2026-03-10T23:55:44.421+0530] {taskinstance.py:2076} INFO - Dependencies all met for dep_context=requeueable deps ti=<TaskInstance: example_dynamic_task_mapping.add_one scheduled__2022-09-22T00:00:00+00:00 map_index=0 [queued]>
[2026-03-10T23:55:44.422+0530] {taskinstance.py:2306} INFO - Starting attempt 1 of 1
[2026-03-10T23:55:44.469+0530] {taskinstance.py:2330} INFO - Executing <Mapped(_PythonDecoratedOperator): add_one> on 2022-09-22 00:00:00+00:00
[2026-03-10T23:55:44.479+0530] {standard_task_runner.py:64} INFO - Started process 15906 to run task
[2026-03-10T23:55:44.488+0530] {standard_task_runner.py:90} INFO - Running: ['airflow', 'tasks', 'run', 'example_dynamic_task_mapping', 'add_one', 'scheduled__2022-09-22T00:00:00+00:00', '--job-id', '1452', '--raw', '--subdir', '/home/sathya/projects/training-kit/.venv-airflow/lib/python3.10/site-packages/airflow/example_dags/example_dynamic_task_mapping.py', '--cfg-path', '/tmp/tmpmr0718x4', '--map-index', '0']
[2026-03-10T23:55:44.492+0530] {standard_task_runner.py:91} INFO - Job 1452: Subtask add_one
[2026-03-10T23:55:44.582+0530] {task_command.py:426} INFO - Running <TaskInstance: example_dynamic_task_mapping.add_one scheduled__2022-09-22T00:00:00+00:00 map_index=0 [running]> on host LAPTOP-A1PMOBSE.localdomain
[2026-03-10T23:55:44.761+0530] {taskinstance.py:2648} INFO - Exporting env vars: AIRFLOW_CTX_DAG_OWNER='airflow' AIRFLOW_CTX_DAG_ID='example_dynamic_task_mapping' AIRFLOW_CTX_TASK_ID='add_one' AIRFLOW_CTX_EXECUTION_DATE='2022-09-22T00:00:00+00:00' AIRFLOW_CTX_TRY_NUMBER='1' AIRFLOW_CTX_DAG_RUN_ID='scheduled__2022-09-22T00:00:00+00:00'
[2026-03-10T23:55:44.764+0530] {taskinstance.py:430} INFO - ::endgroup::
[2026-03-10T23:55:44.764+0530] {python.py:237} INFO - Done. Returned value was: 2
[2026-03-10T23:55:44.765+0530] {taskinstance.py:441} INFO - ::group::Post task execution logs
[2026-03-10T23:55:44.815+0530] {taskinstance.py:1206} INFO - Marking task as SUCCESS. dag_id=example_dynamic_task_mapping, task_id=add_one, run_id=scheduled__2022-09-22T00:00:00+00:00, map_index=0, execution_date=20220922T000000, start_date=20260310T182544, end_date=20260310T182544
[2026-03-10T23:55:44.893+0530] {local_task_job_runner.py:243} INFO - Task exited with return code 0
[2026-03-10T23:55:44.938+0530] {taskinstance.py:3503} INFO - 0 downstream tasks scheduled from follow-on schedule check
[2026-03-10T23:55:44.940+0530] {local_task_job_runner.py:222} INFO - ::endgroup::
