[2025-12-26T23:09:33.518+0530] {local_task_job_runner.py:120} INFO - ::group::Pre task execution logs
[2025-12-26T23:09:33.538+0530] {taskinstance.py:2076} INFO - Dependencies all met for dep_context=non-requeueable deps ti=<TaskInstance: example_dynamic_task_mapping.add_one scheduled__2022-11-06T00:00:00+00:00 map_index=1 [queued]>
[2025-12-26T23:09:33.542+0530] {taskinstance.py:2076} INFO - Dependencies all met for dep_context=requeueable deps ti=<TaskInstance: example_dynamic_task_mapping.add_one scheduled__2022-11-06T00:00:00+00:00 map_index=1 [queued]>
[2025-12-26T23:09:33.542+0530] {taskinstance.py:2306} INFO - Starting attempt 1 of 1
[2025-12-26T23:09:33.559+0530] {taskinstance.py:2330} INFO - Executing <Mapped(_PythonDecoratedOperator): add_one> on 2022-11-06 00:00:00+00:00
[2025-12-26T23:09:33.561+0530] {standard_task_runner.py:64} INFO - Started process 11618 to run task
[2025-12-26T23:09:33.564+0530] {standard_task_runner.py:90} INFO - Running: ['airflow', 'tasks', 'run', 'example_dynamic_task_mapping', 'add_one', 'scheduled__2022-11-06T00:00:00+00:00', '--job-id', '1441', '--raw', '--subdir', '/home/sathya/projects/training-kit/.venv-airflow/lib/python3.10/site-packages/airflow/example_dags/example_dynamic_task_mapping.py', '--cfg-path', '/tmp/tmpfy5skair', '--map-index', '1']
[2025-12-26T23:09:33.565+0530] {standard_task_runner.py:91} INFO - Job 1441: Subtask add_one
[2025-12-26T23:09:33.600+0530] {task_command.py:426} INFO - Running <TaskInstance: example_dynamic_task_mapping.add_one scheduled__2022-11-06T00:00:00+00:00 map_index=1 [running]> on host LAPTOP-A1PMOBSE.localdomain
[2025-12-26T23:09:33.748+0530] {taskinstance.py:2648} INFO - Exporting env vars: AIRFLOW_CTX_DAG_OWNER='airflow' AIRFLOW_CTX_DAG_ID='example_dynamic_task_mapping' AIRFLOW_CTX_TASK_ID='add_one' AIRFLOW_CTX_EXECUTION_DATE='2022-11-06T00:00:00+00:00' AIRFLOW_CTX_TRY_NUMBER='1' AIRFLOW_CTX_DAG_RUN_ID='scheduled__2022-11-06T00:00:00+00:00'
[2025-12-26T23:09:33.759+0530] {taskinstance.py:430} INFO - ::endgroup::
[2025-12-26T23:09:33.760+0530] {python.py:237} INFO - Done. Returned value was: 3
[2025-12-26T23:09:33.760+0530] {taskinstance.py:441} INFO - ::group::Post task execution logs
[2025-12-26T23:09:33.817+0530] {taskinstance.py:1206} INFO - Marking task as SUCCESS. dag_id=example_dynamic_task_mapping, task_id=add_one, run_id=scheduled__2022-11-06T00:00:00+00:00, map_index=1, execution_date=20221106T000000, start_date=20251226T173933, end_date=20251226T173933
[2025-12-26T23:09:33.882+0530] {local_task_job_runner.py:243} INFO - Task exited with return code 0
[2025-12-26T23:09:33.898+0530] {taskinstance.py:3503} INFO - 0 downstream tasks scheduled from follow-on schedule check
[2025-12-26T23:09:33.899+0530] {local_task_job_runner.py:222} INFO - ::endgroup::
[2026-03-11T22:36:51.500+0530] {local_task_job_runner.py:120} INFO - ::group::Pre task execution logs
[2026-03-11T22:36:51.536+0530] {taskinstance.py:2076} INFO - Dependencies all met for dep_context=non-requeueable deps ti=<TaskInstance: example_dynamic_task_mapping.add_one scheduled__2022-11-06T00:00:00+00:00 map_index=1 [queued]>
[2026-03-11T22:36:51.548+0530] {taskinstance.py:2076} INFO - Dependencies all met for dep_context=requeueable deps ti=<TaskInstance: example_dynamic_task_mapping.add_one scheduled__2022-11-06T00:00:00+00:00 map_index=1 [queued]>
[2026-03-11T22:36:51.549+0530] {taskinstance.py:2306} INFO - Starting attempt 1 of 1
[2026-03-11T22:36:51.584+0530] {taskinstance.py:2330} INFO - Executing <Mapped(_PythonDecoratedOperator): add_one> on 2022-11-06 00:00:00+00:00
[2026-03-11T22:36:51.590+0530] {standard_task_runner.py:64} INFO - Started process 8760 to run task
[2026-03-11T22:36:51.595+0530] {standard_task_runner.py:90} INFO - Running: ['airflow', 'tasks', 'run', 'example_dynamic_task_mapping', 'add_one', 'scheduled__2022-11-06T00:00:00+00:00', '--job-id', '1893', '--raw', '--subdir', '/home/sathya/projects/training-kit/.venv-airflow/lib/python3.10/site-packages/airflow/example_dags/example_dynamic_task_mapping.py', '--cfg-path', '/tmp/tmptwlcq6s_', '--map-index', '1']
[2026-03-11T22:36:51.597+0530] {standard_task_runner.py:91} INFO - Job 1893: Subtask add_one
[2026-03-11T22:36:51.675+0530] {task_command.py:426} INFO - Running <TaskInstance: example_dynamic_task_mapping.add_one scheduled__2022-11-06T00:00:00+00:00 map_index=1 [running]> on host LAPTOP-A1PMOBSE.localdomain
[2026-03-11T22:36:51.773+0530] {taskinstance.py:2648} INFO - Exporting env vars: AIRFLOW_CTX_DAG_OWNER='airflow' AIRFLOW_CTX_DAG_ID='example_dynamic_task_mapping' AIRFLOW_CTX_TASK_ID='add_one' AIRFLOW_CTX_EXECUTION_DATE='2022-11-06T00:00:00+00:00' AIRFLOW_CTX_TRY_NUMBER='1' AIRFLOW_CTX_DAG_RUN_ID='scheduled__2022-11-06T00:00:00+00:00'
[2026-03-11T22:36:51.776+0530] {taskinstance.py:430} INFO - ::endgroup::
[2026-03-11T22:36:51.777+0530] {python.py:237} INFO - Done. Returned value was: 3
[2026-03-11T22:36:51.777+0530] {taskinstance.py:441} INFO - ::group::Post task execution logs
[2026-03-11T22:36:51.810+0530] {taskinstance.py:1206} INFO - Marking task as SUCCESS. dag_id=example_dynamic_task_mapping, task_id=add_one, run_id=scheduled__2022-11-06T00:00:00+00:00, map_index=1, execution_date=20221106T000000, start_date=20260311T170651, end_date=20260311T170651
[2026-03-11T22:36:51.863+0530] {local_task_job_runner.py:243} INFO - Task exited with return code 0
[2026-03-11T22:36:51.885+0530] {taskinstance.py:3503} INFO - 0 downstream tasks scheduled from follow-on schedule check
[2026-03-11T22:36:51.886+0530] {local_task_job_runner.py:222} INFO - ::endgroup::
