[2025-12-27T19:11:02.625+0530] {local_task_job_runner.py:120} INFO - ::group::Pre task execution logs
[2025-12-27T19:11:02.653+0530] {taskinstance.py:2076} INFO - Dependencies all met for dep_context=non-requeueable deps ti=<TaskInstance: example_short_circuit_operator.condition_is_True scheduled__2025-12-26T00:00:00+00:00 [queued]>
[2025-12-27T19:11:02.664+0530] {taskinstance.py:2076} INFO - Dependencies all met for dep_context=requeueable deps ti=<TaskInstance: example_short_circuit_operator.condition_is_True scheduled__2025-12-26T00:00:00+00:00 [queued]>
[2025-12-27T19:11:02.664+0530] {taskinstance.py:2306} INFO - Starting attempt 1 of 1
[2025-12-27T19:11:02.685+0530] {taskinstance.py:2330} INFO - Executing <Task(ShortCircuitOperator): condition_is_True> on 2025-12-26 00:00:00+00:00
[2025-12-27T19:11:02.692+0530] {standard_task_runner.py:64} INFO - Started process 622 to run task
[2025-12-27T19:11:02.704+0530] {standard_task_runner.py:90} INFO - Running: ['airflow', 'tasks', 'run', 'example_short_circuit_operator', 'condition_is_True', 'scheduled__2025-12-26T00:00:00+00:00', '--job-id', '1519', '--raw', '--subdir', '/home/sathya/projects/training-kit/.venv-airflow/lib/python3.10/site-packages/airflow/example_dags/example_short_circuit_operator.py', '--cfg-path', '/tmp/tmp9l_80jrz']
[2025-12-27T19:11:02.706+0530] {standard_task_runner.py:91} INFO - Job 1519: Subtask condition_is_True
[2025-12-27T19:11:02.770+0530] {task_command.py:426} INFO - Running <TaskInstance: example_short_circuit_operator.condition_is_True scheduled__2025-12-26T00:00:00+00:00 [running]> on host LAPTOP-A1PMOBSE.localdomain
[2025-12-27T19:11:02.905+0530] {taskinstance.py:2648} INFO - Exporting env vars: AIRFLOW_CTX_DAG_OWNER='airflow' AIRFLOW_CTX_DAG_ID='example_short_circuit_operator' AIRFLOW_CTX_TASK_ID='condition_is_True' AIRFLOW_CTX_EXECUTION_DATE='2025-12-26T00:00:00+00:00' AIRFLOW_CTX_TRY_NUMBER='1' AIRFLOW_CTX_DAG_RUN_ID='scheduled__2025-12-26T00:00:00+00:00'
[2025-12-27T19:11:02.909+0530] {taskinstance.py:430} INFO - ::endgroup::
[2025-12-27T19:11:02.909+0530] {baseoperator.py:400} WARNING - ShortCircuitOperator.execute cannot be called outside TaskInstance!
[2025-12-27T19:11:02.910+0530] {python.py:237} INFO - Done. Returned value was: True
[2025-12-27T19:11:02.912+0530] {python.py:304} INFO - Condition result is True
[2025-12-27T19:11:02.912+0530] {python.py:307} INFO - Proceeding with downstream tasks...
[2025-12-27T19:11:02.912+0530] {taskinstance.py:441} INFO - ::group::Post task execution logs
[2025-12-27T19:11:02.936+0530] {taskinstance.py:1206} INFO - Marking task as SUCCESS. dag_id=example_short_circuit_operator, task_id=condition_is_True, run_id=scheduled__2025-12-26T00:00:00+00:00, execution_date=20251226T000000, start_date=20251227T134102, end_date=20251227T134102
[2025-12-27T19:11:02.995+0530] {local_task_job_runner.py:243} INFO - Task exited with return code 0
[2025-12-27T19:11:03.029+0530] {taskinstance.py:3503} INFO - 0 downstream tasks scheduled from follow-on schedule check
[2025-12-27T19:11:03.030+0530] {local_task_job_runner.py:222} INFO - ::endgroup::
