[2025-12-26T22:20:06.417+0530] {local_task_job_runner.py:120} INFO - ::group::Pre task execution logs
[2025-12-26T22:20:06.438+0530] {taskinstance.py:2076} INFO - Dependencies all met for dep_context=non-requeueable deps ti=<TaskInstance: example_dynamic_task_mapping.add_one scheduled__2022-05-12T00:00:00+00:00 map_index=1 [queued]>
[2025-12-26T22:20:06.444+0530] {taskinstance.py:2076} INFO - Dependencies all met for dep_context=requeueable deps ti=<TaskInstance: example_dynamic_task_mapping.add_one scheduled__2022-05-12T00:00:00+00:00 map_index=1 [queued]>
[2025-12-26T22:20:06.444+0530] {taskinstance.py:2306} INFO - Starting attempt 1 of 1
[2025-12-26T22:20:06.460+0530] {taskinstance.py:2330} INFO - Executing <Mapped(_PythonDecoratedOperator): add_one> on 2022-05-12 00:00:00+00:00
[2025-12-26T22:20:06.463+0530] {standard_task_runner.py:64} INFO - Started process 5867 to run task
[2025-12-26T22:20:06.467+0530] {standard_task_runner.py:90} INFO - Running: ['airflow', 'tasks', 'run', 'example_dynamic_task_mapping', 'add_one', 'scheduled__2022-05-12T00:00:00+00:00', '--job-id', '478', '--raw', '--subdir', '/home/sathya/projects/training-kit/.venv-airflow/lib/python3.10/site-packages/airflow/example_dags/example_dynamic_task_mapping.py', '--cfg-path', '/tmp/tmpaqj5y0r1', '--map-index', '1']
[2025-12-26T22:20:06.467+0530] {standard_task_runner.py:91} INFO - Job 478: Subtask add_one
[2025-12-26T22:20:06.505+0530] {task_command.py:426} INFO - Running <TaskInstance: example_dynamic_task_mapping.add_one scheduled__2022-05-12T00:00:00+00:00 map_index=1 [running]> on host LAPTOP-A1PMOBSE.localdomain
[2025-12-26T22:20:06.573+0530] {taskinstance.py:2648} INFO - Exporting env vars: AIRFLOW_CTX_DAG_OWNER='airflow' AIRFLOW_CTX_DAG_ID='example_dynamic_task_mapping' AIRFLOW_CTX_TASK_ID='add_one' AIRFLOW_CTX_EXECUTION_DATE='2022-05-12T00:00:00+00:00' AIRFLOW_CTX_TRY_NUMBER='1' AIRFLOW_CTX_DAG_RUN_ID='scheduled__2022-05-12T00:00:00+00:00'
[2025-12-26T22:20:06.574+0530] {taskinstance.py:430} INFO - ::endgroup::
[2025-12-26T22:20:06.575+0530] {python.py:237} INFO - Done. Returned value was: 3
[2025-12-26T22:20:06.575+0530] {taskinstance.py:441} INFO - ::group::Post task execution logs
[2025-12-26T22:20:06.592+0530] {taskinstance.py:1206} INFO - Marking task as SUCCESS. dag_id=example_dynamic_task_mapping, task_id=add_one, run_id=scheduled__2022-05-12T00:00:00+00:00, map_index=1, execution_date=20220512T000000, start_date=20251226T165006, end_date=20251226T165006
[2025-12-26T22:20:06.649+0530] {local_task_job_runner.py:243} INFO - Task exited with return code 0
[2025-12-26T22:20:06.665+0530] {taskinstance.py:3503} INFO - 0 downstream tasks scheduled from follow-on schedule check
[2025-12-26T22:20:06.666+0530] {local_task_job_runner.py:222} INFO - ::endgroup::
[2026-03-10T23:10:17.689+0530] {local_task_job_runner.py:120} INFO - ::group::Pre task execution logs
[2026-03-10T23:10:17.727+0530] {taskinstance.py:2076} INFO - Dependencies all met for dep_context=non-requeueable deps ti=<TaskInstance: example_dynamic_task_mapping.add_one scheduled__2022-05-12T00:00:00+00:00 map_index=1 [queued]>
[2026-03-10T23:10:17.745+0530] {taskinstance.py:2076} INFO - Dependencies all met for dep_context=requeueable deps ti=<TaskInstance: example_dynamic_task_mapping.add_one scheduled__2022-05-12T00:00:00+00:00 map_index=1 [queued]>
[2026-03-10T23:10:17.746+0530] {taskinstance.py:2306} INFO - Starting attempt 1 of 1
[2026-03-10T23:10:17.775+0530] {taskinstance.py:2330} INFO - Executing <Mapped(_PythonDecoratedOperator): add_one> on 2022-05-12 00:00:00+00:00
[2026-03-10T23:10:17.783+0530] {standard_task_runner.py:64} INFO - Started process 7227 to run task
[2026-03-10T23:10:17.788+0530] {standard_task_runner.py:90} INFO - Running: ['airflow', 'tasks', 'run', 'example_dynamic_task_mapping', 'add_one', 'scheduled__2022-05-12T00:00:00+00:00', '--job-id', '618', '--raw', '--subdir', '/home/sathya/projects/training-kit/.venv-airflow/lib/python3.10/site-packages/airflow/example_dags/example_dynamic_task_mapping.py', '--cfg-path', '/tmp/tmp31np36s6', '--map-index', '1']
[2026-03-10T23:10:17.790+0530] {standard_task_runner.py:91} INFO - Job 618: Subtask add_one
[2026-03-10T23:10:17.854+0530] {task_command.py:426} INFO - Running <TaskInstance: example_dynamic_task_mapping.add_one scheduled__2022-05-12T00:00:00+00:00 map_index=1 [running]> on host LAPTOP-A1PMOBSE.localdomain
[2026-03-10T23:10:17.979+0530] {taskinstance.py:2648} INFO - Exporting env vars: AIRFLOW_CTX_DAG_OWNER='airflow' AIRFLOW_CTX_DAG_ID='example_dynamic_task_mapping' AIRFLOW_CTX_TASK_ID='add_one' AIRFLOW_CTX_EXECUTION_DATE='2022-05-12T00:00:00+00:00' AIRFLOW_CTX_TRY_NUMBER='1' AIRFLOW_CTX_DAG_RUN_ID='scheduled__2022-05-12T00:00:00+00:00'
[2026-03-10T23:10:17.981+0530] {taskinstance.py:430} INFO - ::endgroup::
[2026-03-10T23:10:17.981+0530] {python.py:237} INFO - Done. Returned value was: 3
[2026-03-10T23:10:17.981+0530] {taskinstance.py:441} INFO - ::group::Post task execution logs
[2026-03-10T23:10:18.005+0530] {taskinstance.py:1206} INFO - Marking task as SUCCESS. dag_id=example_dynamic_task_mapping, task_id=add_one, run_id=scheduled__2022-05-12T00:00:00+00:00, map_index=1, execution_date=20220512T000000, start_date=20260310T174017, end_date=20260310T174018
[2026-03-10T23:10:18.045+0530] {local_task_job_runner.py:243} INFO - Task exited with return code 0
[2026-03-10T23:10:18.082+0530] {taskinstance.py:3503} INFO - 0 downstream tasks scheduled from follow-on schedule check
[2026-03-10T23:10:18.083+0530] {local_task_job_runner.py:222} INFO - ::endgroup::
