[2026-01-14T19:51:30.596+0530] {processor.py:161} INFO - Started process (PID=1563) to work on /home/sathya/projects/training-kit/.venv-airflow/lib/python3.10/site-packages/airflow/example_dags/plugins/listener_plugin.py
[2026-01-14T19:51:30.597+0530] {processor.py:830} INFO - Processing file /home/sathya/projects/training-kit/.venv-airflow/lib/python3.10/site-packages/airflow/example_dags/plugins/listener_plugin.py for tasks to queue
[2026-01-14T19:51:30.599+0530] {logging_mixin.py:188} INFO - [2026-01-14T19:51:30.598+0530] {dagbag.py:545} INFO - Filling up the DagBag from /home/sathya/projects/training-kit/.venv-airflow/lib/python3.10/site-packages/airflow/example_dags/plugins/listener_plugin.py
[2026-01-14T19:51:30.602+0530] {processor.py:842} WARNING - No viable dags retrieved from /home/sathya/projects/training-kit/.venv-airflow/lib/python3.10/site-packages/airflow/example_dags/plugins/listener_plugin.py
[2026-01-14T19:51:30.623+0530] {processor.py:183} INFO - Processing /home/sathya/projects/training-kit/.venv-airflow/lib/python3.10/site-packages/airflow/example_dags/plugins/listener_plugin.py took 0.034 seconds
[2026-01-14T19:52:30.010+0530] {processor.py:161} INFO - Started process (PID=1714) to work on /home/sathya/projects/training-kit/.venv-airflow/lib/python3.10/site-packages/airflow/example_dags/plugins/listener_plugin.py
[2026-01-14T19:52:30.014+0530] {processor.py:830} INFO - Processing file /home/sathya/projects/training-kit/.venv-airflow/lib/python3.10/site-packages/airflow/example_dags/plugins/listener_plugin.py for tasks to queue
[2026-01-14T19:52:30.028+0530] {logging_mixin.py:188} INFO - [2026-01-14T19:52:30.026+0530] {dagbag.py:545} INFO - Filling up the DagBag from /home/sathya/projects/training-kit/.venv-airflow/lib/python3.10/site-packages/airflow/example_dags/plugins/listener_plugin.py
[2026-01-14T19:52:30.037+0530] {processor.py:842} WARNING - No viable dags retrieved from /home/sathya/projects/training-kit/.venv-airflow/lib/python3.10/site-packages/airflow/example_dags/plugins/listener_plugin.py
[2026-01-14T19:52:30.074+0530] {processor.py:183} INFO - Processing /home/sathya/projects/training-kit/.venv-airflow/lib/python3.10/site-packages/airflow/example_dags/plugins/listener_plugin.py took 0.082 seconds
[2026-01-14T19:53:09.098+0530] {processor.py:161} INFO - Started process (PID=1867) to work on /home/sathya/projects/training-kit/.venv-airflow/lib/python3.10/site-packages/airflow/example_dags/plugins/listener_plugin.py
[2026-01-14T19:53:09.100+0530] {processor.py:830} INFO - Processing file /home/sathya/projects/training-kit/.venv-airflow/lib/python3.10/site-packages/airflow/example_dags/plugins/listener_plugin.py for tasks to queue
[2026-01-14T19:53:09.103+0530] {logging_mixin.py:188} INFO - [2026-01-14T19:53:09.102+0530] {dagbag.py:545} INFO - Filling up the DagBag from /home/sathya/projects/training-kit/.venv-airflow/lib/python3.10/site-packages/airflow/example_dags/plugins/listener_plugin.py
[2026-01-14T19:53:09.107+0530] {processor.py:842} WARNING - No viable dags retrieved from /home/sathya/projects/training-kit/.venv-airflow/lib/python3.10/site-packages/airflow/example_dags/plugins/listener_plugin.py
[2026-01-14T19:53:09.124+0530] {processor.py:183} INFO - Processing /home/sathya/projects/training-kit/.venv-airflow/lib/python3.10/site-packages/airflow/example_dags/plugins/listener_plugin.py took 0.037 seconds
[2026-01-14T19:53:27.938+0530] {processor.py:161} INFO - Started process (PID=1933) to work on /home/sathya/projects/training-kit/.venv-airflow/lib/python3.10/site-packages/airflow/example_dags/plugins/listener_plugin.py
[2026-01-14T19:53:27.940+0530] {processor.py:830} INFO - Processing file /home/sathya/projects/training-kit/.venv-airflow/lib/python3.10/site-packages/airflow/example_dags/plugins/listener_plugin.py for tasks to queue
[2026-01-14T19:53:27.943+0530] {logging_mixin.py:188} INFO - [2026-01-14T19:53:27.942+0530] {dagbag.py:545} INFO - Filling up the DagBag from /home/sathya/projects/training-kit/.venv-airflow/lib/python3.10/site-packages/airflow/example_dags/plugins/listener_plugin.py
[2026-01-14T19:53:27.946+0530] {processor.py:842} WARNING - No viable dags retrieved from /home/sathya/projects/training-kit/.venv-airflow/lib/python3.10/site-packages/airflow/example_dags/plugins/listener_plugin.py
[2026-01-14T19:53:27.959+0530] {processor.py:183} INFO - Processing /home/sathya/projects/training-kit/.venv-airflow/lib/python3.10/site-packages/airflow/example_dags/plugins/listener_plugin.py took 0.030 seconds
[2026-01-14T19:54:06.804+0530] {processor.py:161} INFO - Started process (PID=2074) to work on /home/sathya/projects/training-kit/.venv-airflow/lib/python3.10/site-packages/airflow/example_dags/plugins/listener_plugin.py
[2026-01-14T19:54:06.806+0530] {processor.py:830} INFO - Processing file /home/sathya/projects/training-kit/.venv-airflow/lib/python3.10/site-packages/airflow/example_dags/plugins/listener_plugin.py for tasks to queue
[2026-01-14T19:54:06.808+0530] {logging_mixin.py:188} INFO - [2026-01-14T19:54:06.807+0530] {dagbag.py:545} INFO - Filling up the DagBag from /home/sathya/projects/training-kit/.venv-airflow/lib/python3.10/site-packages/airflow/example_dags/plugins/listener_plugin.py
[2026-01-14T19:54:06.813+0530] {processor.py:842} WARNING - No viable dags retrieved from /home/sathya/projects/training-kit/.venv-airflow/lib/python3.10/site-packages/airflow/example_dags/plugins/listener_plugin.py
[2026-01-14T19:54:06.827+0530] {processor.py:183} INFO - Processing /home/sathya/projects/training-kit/.venv-airflow/lib/python3.10/site-packages/airflow/example_dags/plugins/listener_plugin.py took 0.039 seconds
[2026-01-14T19:54:24.858+0530] {processor.py:161} INFO - Started process (PID=2140) to work on /home/sathya/projects/training-kit/.venv-airflow/lib/python3.10/site-packages/airflow/example_dags/plugins/listener_plugin.py
[2026-01-14T19:54:24.861+0530] {processor.py:830} INFO - Processing file /home/sathya/projects/training-kit/.venv-airflow/lib/python3.10/site-packages/airflow/example_dags/plugins/listener_plugin.py for tasks to queue
[2026-01-14T19:54:24.863+0530] {logging_mixin.py:188} INFO - [2026-01-14T19:54:24.862+0530] {dagbag.py:545} INFO - Filling up the DagBag from /home/sathya/projects/training-kit/.venv-airflow/lib/python3.10/site-packages/airflow/example_dags/plugins/listener_plugin.py
[2026-01-14T19:54:24.868+0530] {processor.py:842} WARNING - No viable dags retrieved from /home/sathya/projects/training-kit/.venv-airflow/lib/python3.10/site-packages/airflow/example_dags/plugins/listener_plugin.py
[2026-01-14T19:54:24.883+0530] {processor.py:183} INFO - Processing /home/sathya/projects/training-kit/.venv-airflow/lib/python3.10/site-packages/airflow/example_dags/plugins/listener_plugin.py took 0.035 seconds
[2026-01-14T19:55:04.654+0530] {processor.py:161} INFO - Started process (PID=2284) to work on /home/sathya/projects/training-kit/.venv-airflow/lib/python3.10/site-packages/airflow/example_dags/plugins/listener_plugin.py
[2026-01-14T19:55:04.656+0530] {processor.py:830} INFO - Processing file /home/sathya/projects/training-kit/.venv-airflow/lib/python3.10/site-packages/airflow/example_dags/plugins/listener_plugin.py for tasks to queue
[2026-01-14T19:55:04.658+0530] {logging_mixin.py:188} INFO - [2026-01-14T19:55:04.657+0530] {dagbag.py:545} INFO - Filling up the DagBag from /home/sathya/projects/training-kit/.venv-airflow/lib/python3.10/site-packages/airflow/example_dags/plugins/listener_plugin.py
[2026-01-14T19:55:04.669+0530] {processor.py:842} WARNING - No viable dags retrieved from /home/sathya/projects/training-kit/.venv-airflow/lib/python3.10/site-packages/airflow/example_dags/plugins/listener_plugin.py
[2026-01-14T19:55:04.690+0530] {processor.py:183} INFO - Processing /home/sathya/projects/training-kit/.venv-airflow/lib/python3.10/site-packages/airflow/example_dags/plugins/listener_plugin.py took 0.049 seconds
[2026-01-14T19:55:30.730+0530] {processor.py:161} INFO - Started process (PID=2329) to work on /home/sathya/projects/training-kit/.venv-airflow/lib/python3.10/site-packages/airflow/example_dags/plugins/listener_plugin.py
[2026-01-14T19:55:30.731+0530] {processor.py:830} INFO - Processing file /home/sathya/projects/training-kit/.venv-airflow/lib/python3.10/site-packages/airflow/example_dags/plugins/listener_plugin.py for tasks to queue
[2026-01-14T19:55:30.732+0530] {logging_mixin.py:188} INFO - [2026-01-14T19:55:30.732+0530] {dagbag.py:545} INFO - Filling up the DagBag from /home/sathya/projects/training-kit/.venv-airflow/lib/python3.10/site-packages/airflow/example_dags/plugins/listener_plugin.py
[2026-01-14T19:55:30.734+0530] {processor.py:842} WARNING - No viable dags retrieved from /home/sathya/projects/training-kit/.venv-airflow/lib/python3.10/site-packages/airflow/example_dags/plugins/listener_plugin.py
[2026-01-14T19:55:30.744+0530] {processor.py:183} INFO - Processing /home/sathya/projects/training-kit/.venv-airflow/lib/python3.10/site-packages/airflow/example_dags/plugins/listener_plugin.py took 0.019 seconds
[2026-01-14T19:57:08.605+0530] {processor.py:161} INFO - Started process (PID=2512) to work on /home/sathya/projects/training-kit/.venv-airflow/lib/python3.10/site-packages/airflow/example_dags/plugins/listener_plugin.py
[2026-01-14T19:57:08.607+0530] {processor.py:830} INFO - Processing file /home/sathya/projects/training-kit/.venv-airflow/lib/python3.10/site-packages/airflow/example_dags/plugins/listener_plugin.py for tasks to queue
[2026-01-14T19:57:08.609+0530] {logging_mixin.py:188} INFO - [2026-01-14T19:57:08.608+0530] {dagbag.py:545} INFO - Filling up the DagBag from /home/sathya/projects/training-kit/.venv-airflow/lib/python3.10/site-packages/airflow/example_dags/plugins/listener_plugin.py
[2026-01-14T19:57:08.613+0530] {processor.py:842} WARNING - No viable dags retrieved from /home/sathya/projects/training-kit/.venv-airflow/lib/python3.10/site-packages/airflow/example_dags/plugins/listener_plugin.py
[2026-01-14T19:57:08.633+0530] {processor.py:183} INFO - Processing /home/sathya/projects/training-kit/.venv-airflow/lib/python3.10/site-packages/airflow/example_dags/plugins/listener_plugin.py took 0.037 seconds
[2026-01-14T19:58:04.812+0530] {processor.py:161} INFO - Started process (PID=2605) to work on /home/sathya/projects/training-kit/.venv-airflow/lib/python3.10/site-packages/airflow/example_dags/plugins/listener_plugin.py
[2026-01-14T19:58:04.815+0530] {processor.py:830} INFO - Processing file /home/sathya/projects/training-kit/.venv-airflow/lib/python3.10/site-packages/airflow/example_dags/plugins/listener_plugin.py for tasks to queue
[2026-01-14T19:58:04.819+0530] {logging_mixin.py:188} INFO - [2026-01-14T19:58:04.818+0530] {dagbag.py:545} INFO - Filling up the DagBag from /home/sathya/projects/training-kit/.venv-airflow/lib/python3.10/site-packages/airflow/example_dags/plugins/listener_plugin.py
[2026-01-14T19:58:04.831+0530] {processor.py:842} WARNING - No viable dags retrieved from /home/sathya/projects/training-kit/.venv-airflow/lib/python3.10/site-packages/airflow/example_dags/plugins/listener_plugin.py
[2026-01-14T19:58:04.851+0530] {processor.py:183} INFO - Processing /home/sathya/projects/training-kit/.venv-airflow/lib/python3.10/site-packages/airflow/example_dags/plugins/listener_plugin.py took 0.054 seconds
[2026-01-14T19:59:00.523+0530] {processor.py:161} INFO - Started process (PID=2693) to work on /home/sathya/projects/training-kit/.venv-airflow/lib/python3.10/site-packages/airflow/example_dags/plugins/listener_plugin.py
[2026-01-14T19:59:00.525+0530] {processor.py:830} INFO - Processing file /home/sathya/projects/training-kit/.venv-airflow/lib/python3.10/site-packages/airflow/example_dags/plugins/listener_plugin.py for tasks to queue
[2026-01-14T19:59:00.527+0530] {logging_mixin.py:188} INFO - [2026-01-14T19:59:00.526+0530] {dagbag.py:545} INFO - Filling up the DagBag from /home/sathya/projects/training-kit/.venv-airflow/lib/python3.10/site-packages/airflow/example_dags/plugins/listener_plugin.py
[2026-01-14T19:59:00.529+0530] {processor.py:842} WARNING - No viable dags retrieved from /home/sathya/projects/training-kit/.venv-airflow/lib/python3.10/site-packages/airflow/example_dags/plugins/listener_plugin.py
[2026-01-14T19:59:00.545+0530] {processor.py:183} INFO - Processing /home/sathya/projects/training-kit/.venv-airflow/lib/python3.10/site-packages/airflow/example_dags/plugins/listener_plugin.py took 0.039 seconds
[2026-01-14T19:59:57.629+0530] {processor.py:161} INFO - Started process (PID=2790) to work on /home/sathya/projects/training-kit/.venv-airflow/lib/python3.10/site-packages/airflow/example_dags/plugins/listener_plugin.py
[2026-01-14T19:59:57.632+0530] {processor.py:830} INFO - Processing file /home/sathya/projects/training-kit/.venv-airflow/lib/python3.10/site-packages/airflow/example_dags/plugins/listener_plugin.py for tasks to queue
[2026-01-14T19:59:57.635+0530] {logging_mixin.py:188} INFO - [2026-01-14T19:59:57.634+0530] {dagbag.py:545} INFO - Filling up the DagBag from /home/sathya/projects/training-kit/.venv-airflow/lib/python3.10/site-packages/airflow/example_dags/plugins/listener_plugin.py
[2026-01-14T19:59:57.638+0530] {processor.py:842} WARNING - No viable dags retrieved from /home/sathya/projects/training-kit/.venv-airflow/lib/python3.10/site-packages/airflow/example_dags/plugins/listener_plugin.py
[2026-01-14T19:59:57.658+0530] {processor.py:183} INFO - Processing /home/sathya/projects/training-kit/.venv-airflow/lib/python3.10/site-packages/airflow/example_dags/plugins/listener_plugin.py took 0.039 seconds
[2026-01-14T20:00:52.370+0530] {processor.py:161} INFO - Started process (PID=2884) to work on /home/sathya/projects/training-kit/.venv-airflow/lib/python3.10/site-packages/airflow/example_dags/plugins/listener_plugin.py
[2026-01-14T20:00:52.372+0530] {processor.py:830} INFO - Processing file /home/sathya/projects/training-kit/.venv-airflow/lib/python3.10/site-packages/airflow/example_dags/plugins/listener_plugin.py for tasks to queue
[2026-01-14T20:00:52.376+0530] {logging_mixin.py:188} INFO - [2026-01-14T20:00:52.375+0530] {dagbag.py:545} INFO - Filling up the DagBag from /home/sathya/projects/training-kit/.venv-airflow/lib/python3.10/site-packages/airflow/example_dags/plugins/listener_plugin.py
[2026-01-14T20:00:52.382+0530] {processor.py:842} WARNING - No viable dags retrieved from /home/sathya/projects/training-kit/.venv-airflow/lib/python3.10/site-packages/airflow/example_dags/plugins/listener_plugin.py
[2026-01-14T20:00:52.401+0530] {processor.py:183} INFO - Processing /home/sathya/projects/training-kit/.venv-airflow/lib/python3.10/site-packages/airflow/example_dags/plugins/listener_plugin.py took 0.042 seconds
[2026-01-14T20:04:27.360+0530] {processor.py:161} INFO - Started process (PID=3098) to work on /home/sathya/projects/training-kit/.venv-airflow/lib/python3.10/site-packages/airflow/example_dags/plugins/listener_plugin.py
[2026-01-14T20:04:27.361+0530] {processor.py:830} INFO - Processing file /home/sathya/projects/training-kit/.venv-airflow/lib/python3.10/site-packages/airflow/example_dags/plugins/listener_plugin.py for tasks to queue
[2026-01-14T20:04:27.362+0530] {logging_mixin.py:188} INFO - [2026-01-14T20:04:27.362+0530] {dagbag.py:545} INFO - Filling up the DagBag from /home/sathya/projects/training-kit/.venv-airflow/lib/python3.10/site-packages/airflow/example_dags/plugins/listener_plugin.py
[2026-01-14T20:04:27.365+0530] {processor.py:842} WARNING - No viable dags retrieved from /home/sathya/projects/training-kit/.venv-airflow/lib/python3.10/site-packages/airflow/example_dags/plugins/listener_plugin.py
[2026-01-14T20:04:27.379+0530] {processor.py:183} INFO - Processing /home/sathya/projects/training-kit/.venv-airflow/lib/python3.10/site-packages/airflow/example_dags/plugins/listener_plugin.py took 0.025 seconds
[2026-01-14T20:05:26.371+0530] {processor.py:161} INFO - Started process (PID=3200) to work on /home/sathya/projects/training-kit/.venv-airflow/lib/python3.10/site-packages/airflow/example_dags/plugins/listener_plugin.py
[2026-01-14T20:05:26.383+0530] {processor.py:830} INFO - Processing file /home/sathya/projects/training-kit/.venv-airflow/lib/python3.10/site-packages/airflow/example_dags/plugins/listener_plugin.py for tasks to queue
[2026-01-14T20:05:26.385+0530] {logging_mixin.py:188} INFO - [2026-01-14T20:05:26.385+0530] {dagbag.py:545} INFO - Filling up the DagBag from /home/sathya/projects/training-kit/.venv-airflow/lib/python3.10/site-packages/airflow/example_dags/plugins/listener_plugin.py
[2026-01-14T20:05:26.389+0530] {processor.py:842} WARNING - No viable dags retrieved from /home/sathya/projects/training-kit/.venv-airflow/lib/python3.10/site-packages/airflow/example_dags/plugins/listener_plugin.py
[2026-01-14T20:05:26.408+0530] {processor.py:183} INFO - Processing /home/sathya/projects/training-kit/.venv-airflow/lib/python3.10/site-packages/airflow/example_dags/plugins/listener_plugin.py took 0.050 seconds
