[2025-12-26T22:19:26.220+0530] {local_task_job_runner.py:120} INFO - ::group::Pre task execution logs
[2025-12-26T22:19:26.245+0530] {taskinstance.py:2076} INFO - Dependencies all met for dep_context=non-requeueable deps ti=<TaskInstance: example_dynamic_task_mapping.add_one scheduled__2022-05-07T00:00:00+00:00 map_index=1 [queued]>
[2025-12-26T22:19:26.250+0530] {taskinstance.py:2076} INFO - Dependencies all met for dep_context=requeueable deps ti=<TaskInstance: example_dynamic_task_mapping.add_one scheduled__2022-05-07T00:00:00+00:00 map_index=1 [queued]>
[2025-12-26T22:19:26.251+0530] {taskinstance.py:2306} INFO - Starting attempt 1 of 1
[2025-12-26T22:19:26.265+0530] {taskinstance.py:2330} INFO - Executing <Mapped(_PythonDecoratedOperator): add_one> on 2022-05-07 00:00:00+00:00
[2025-12-26T22:19:26.270+0530] {standard_task_runner.py:64} INFO - Started process 5760 to run task
[2025-12-26T22:19:26.275+0530] {standard_task_runner.py:90} INFO - Running: ['airflow', 'tasks', 'run', 'example_dynamic_task_mapping', 'add_one', 'scheduled__2022-05-07T00:00:00+00:00', '--job-id', '457', '--raw', '--subdir', '/home/sathya/projects/training-kit/.venv-airflow/lib/python3.10/site-packages/airflow/example_dags/example_dynamic_task_mapping.py', '--cfg-path', '/tmp/tmpr06xft_u', '--map-index', '1']
[2025-12-26T22:19:26.276+0530] {standard_task_runner.py:91} INFO - Job 457: Subtask add_one
[2025-12-26T22:19:26.335+0530] {task_command.py:426} INFO - Running <TaskInstance: example_dynamic_task_mapping.add_one scheduled__2022-05-07T00:00:00+00:00 map_index=1 [running]> on host LAPTOP-A1PMOBSE.localdomain
[2025-12-26T22:19:26.399+0530] {taskinstance.py:2648} INFO - Exporting env vars: AIRFLOW_CTX_DAG_OWNER='airflow' AIRFLOW_CTX_DAG_ID='example_dynamic_task_mapping' AIRFLOW_CTX_TASK_ID='add_one' AIRFLOW_CTX_EXECUTION_DATE='2022-05-07T00:00:00+00:00' AIRFLOW_CTX_TRY_NUMBER='1' AIRFLOW_CTX_DAG_RUN_ID='scheduled__2022-05-07T00:00:00+00:00'
[2025-12-26T22:19:26.400+0530] {taskinstance.py:430} INFO - ::endgroup::
[2025-12-26T22:19:26.401+0530] {python.py:237} INFO - Done. Returned value was: 3
[2025-12-26T22:19:26.401+0530] {taskinstance.py:441} INFO - ::group::Post task execution logs
[2025-12-26T22:19:26.422+0530] {taskinstance.py:1206} INFO - Marking task as SUCCESS. dag_id=example_dynamic_task_mapping, task_id=add_one, run_id=scheduled__2022-05-07T00:00:00+00:00, map_index=1, execution_date=20220507T000000, start_date=20251226T164926, end_date=20251226T164926
[2025-12-26T22:19:26.459+0530] {local_task_job_runner.py:243} INFO - Task exited with return code 0
[2025-12-26T22:19:26.473+0530] {taskinstance.py:3503} INFO - 0 downstream tasks scheduled from follow-on schedule check
[2025-12-26T22:19:26.474+0530] {local_task_job_runner.py:222} INFO - ::endgroup::
[2026-03-10T23:09:20.011+0530] {local_task_job_runner.py:120} INFO - ::group::Pre task execution logs
[2026-03-10T23:09:20.040+0530] {taskinstance.py:2076} INFO - Dependencies all met for dep_context=non-requeueable deps ti=<TaskInstance: example_dynamic_task_mapping.add_one scheduled__2022-05-07T00:00:00+00:00 map_index=1 [queued]>
[2026-03-10T23:09:20.048+0530] {taskinstance.py:2076} INFO - Dependencies all met for dep_context=requeueable deps ti=<TaskInstance: example_dynamic_task_mapping.add_one scheduled__2022-05-07T00:00:00+00:00 map_index=1 [queued]>
[2026-03-10T23:09:20.048+0530] {taskinstance.py:2306} INFO - Starting attempt 1 of 1
[2026-03-10T23:09:20.068+0530] {taskinstance.py:2330} INFO - Executing <Mapped(_PythonDecoratedOperator): add_one> on 2022-05-07 00:00:00+00:00
[2026-03-10T23:09:20.074+0530] {standard_task_runner.py:64} INFO - Started process 6963 to run task
[2026-03-10T23:09:20.080+0530] {standard_task_runner.py:90} INFO - Running: ['airflow', 'tasks', 'run', 'example_dynamic_task_mapping', 'add_one', 'scheduled__2022-05-07T00:00:00+00:00', '--job-id', '592', '--raw', '--subdir', '/home/sathya/projects/training-kit/.venv-airflow/lib/python3.10/site-packages/airflow/example_dags/example_dynamic_task_mapping.py', '--cfg-path', '/tmp/tmp2_8vjh9y', '--map-index', '1']
[2026-03-10T23:09:20.083+0530] {standard_task_runner.py:91} INFO - Job 592: Subtask add_one
[2026-03-10T23:09:20.145+0530] {task_command.py:426} INFO - Running <TaskInstance: example_dynamic_task_mapping.add_one scheduled__2022-05-07T00:00:00+00:00 map_index=1 [running]> on host LAPTOP-A1PMOBSE.localdomain
[2026-03-10T23:09:20.315+0530] {taskinstance.py:2648} INFO - Exporting env vars: AIRFLOW_CTX_DAG_OWNER='airflow' AIRFLOW_CTX_DAG_ID='example_dynamic_task_mapping' AIRFLOW_CTX_TASK_ID='add_one' AIRFLOW_CTX_EXECUTION_DATE='2022-05-07T00:00:00+00:00' AIRFLOW_CTX_TRY_NUMBER='1' AIRFLOW_CTX_DAG_RUN_ID='scheduled__2022-05-07T00:00:00+00:00'
[2026-03-10T23:09:20.318+0530] {taskinstance.py:430} INFO - ::endgroup::
[2026-03-10T23:09:20.319+0530] {python.py:237} INFO - Done. Returned value was: 3
[2026-03-10T23:09:20.319+0530] {taskinstance.py:441} INFO - ::group::Post task execution logs
[2026-03-10T23:09:20.346+0530] {taskinstance.py:1206} INFO - Marking task as SUCCESS. dag_id=example_dynamic_task_mapping, task_id=add_one, run_id=scheduled__2022-05-07T00:00:00+00:00, map_index=1, execution_date=20220507T000000, start_date=20260310T173920, end_date=20260310T173920
[2026-03-10T23:09:20.435+0530] {local_task_job_runner.py:243} INFO - Task exited with return code 0
[2026-03-10T23:09:20.469+0530] {taskinstance.py:3503} INFO - 0 downstream tasks scheduled from follow-on schedule check
[2026-03-10T23:09:20.470+0530] {local_task_job_runner.py:222} INFO - ::endgroup::
