[2025-12-27T19:39:47.438+0530] {local_task_job_runner.py:120} INFO - ::group::Pre task execution logs
[2025-12-27T19:39:47.462+0530] {taskinstance.py:2076} INFO - Dependencies all met for dep_context=non-requeueable deps ti=<TaskInstance: example_dynamic_task_mapping.sum_it scheduled__2022-12-22T00:00:00+00:00 [queued]>
[2025-12-27T19:39:47.468+0530] {taskinstance.py:2076} INFO - Dependencies all met for dep_context=requeueable deps ti=<TaskInstance: example_dynamic_task_mapping.sum_it scheduled__2022-12-22T00:00:00+00:00 [queued]>
[2025-12-27T19:39:47.468+0530] {taskinstance.py:2306} INFO - Starting attempt 1 of 1
[2025-12-27T19:39:47.486+0530] {taskinstance.py:2330} INFO - Executing <Task(_PythonDecoratedOperator): sum_it> on 2022-12-22 00:00:00+00:00
[2025-12-27T19:39:47.489+0530] {standard_task_runner.py:64} INFO - Started process 1607 to run task
[2025-12-27T19:39:47.494+0530] {standard_task_runner.py:90} INFO - Running: ['airflow', 'tasks', 'run', 'example_dynamic_task_mapping', 'sum_it', 'scheduled__2022-12-22T00:00:00+00:00', '--job-id', '1863', '--raw', '--subdir', '/home/sathya/projects/training-kit/.venv-airflow/lib/python3.10/site-packages/airflow/example_dags/example_dynamic_task_mapping.py', '--cfg-path', '/tmp/tmplkc907mn']
[2025-12-27T19:39:47.495+0530] {standard_task_runner.py:91} INFO - Job 1863: Subtask sum_it
[2025-12-27T19:39:47.544+0530] {task_command.py:426} INFO - Running <TaskInstance: example_dynamic_task_mapping.sum_it scheduled__2022-12-22T00:00:00+00:00 [running]> on host LAPTOP-A1PMOBSE.localdomain
[2025-12-27T19:39:47.654+0530] {taskinstance.py:2648} INFO - Exporting env vars: AIRFLOW_CTX_DAG_OWNER='airflow' AIRFLOW_CTX_DAG_ID='example_dynamic_task_mapping' AIRFLOW_CTX_TASK_ID='sum_it' AIRFLOW_CTX_EXECUTION_DATE='2022-12-22T00:00:00+00:00' AIRFLOW_CTX_TRY_NUMBER='1' AIRFLOW_CTX_DAG_RUN_ID='scheduled__2022-12-22T00:00:00+00:00'
[2025-12-27T19:39:47.656+0530] {taskinstance.py:430} INFO - ::endgroup::
[2025-12-27T19:39:47.660+0530] {logging_mixin.py:188} INFO - Total was 9
[2025-12-27T19:39:47.660+0530] {python.py:237} INFO - Done. Returned value was: None
[2025-12-27T19:39:47.660+0530] {taskinstance.py:441} INFO - ::group::Post task execution logs
[2025-12-27T19:39:47.664+0530] {taskinstance.py:1206} INFO - Marking task as SUCCESS. dag_id=example_dynamic_task_mapping, task_id=sum_it, run_id=scheduled__2022-12-22T00:00:00+00:00, execution_date=20221222T000000, start_date=20251227T140947, end_date=20251227T140947
[2025-12-27T19:39:47.707+0530] {local_task_job_runner.py:243} INFO - Task exited with return code 0
[2025-12-27T19:39:47.729+0530] {taskinstance.py:3503} INFO - 0 downstream tasks scheduled from follow-on schedule check
[2025-12-27T19:39:47.729+0530] {local_task_job_runner.py:222} INFO - ::endgroup::
[2026-03-11T22:53:33.301+0530] {local_task_job_runner.py:120} INFO - ::group::Pre task execution logs
[2026-03-11T22:53:33.320+0530] {taskinstance.py:2076} INFO - Dependencies all met for dep_context=non-requeueable deps ti=<TaskInstance: example_dynamic_task_mapping.sum_it scheduled__2022-12-22T00:00:00+00:00 [queued]>
[2026-03-11T22:53:33.323+0530] {taskinstance.py:2076} INFO - Dependencies all met for dep_context=requeueable deps ti=<TaskInstance: example_dynamic_task_mapping.sum_it scheduled__2022-12-22T00:00:00+00:00 [queued]>
[2026-03-11T22:53:33.324+0530] {taskinstance.py:2306} INFO - Starting attempt 1 of 1
[2026-03-11T22:53:33.341+0530] {taskinstance.py:2330} INFO - Executing <Task(_PythonDecoratedOperator): sum_it> on 2022-12-22 00:00:00+00:00
[2026-03-11T22:53:33.345+0530] {standard_task_runner.py:64} INFO - Started process 11500 to run task
[2026-03-11T22:53:33.350+0530] {standard_task_runner.py:90} INFO - Running: ['airflow', 'tasks', 'run', 'example_dynamic_task_mapping', 'sum_it', 'scheduled__2022-12-22T00:00:00+00:00', '--job-id', '2165', '--raw', '--subdir', '/home/sathya/projects/training-kit/.venv-airflow/lib/python3.10/site-packages/airflow/example_dags/example_dynamic_task_mapping.py', '--cfg-path', '/tmp/tmp8wmb9fjj']
[2026-03-11T22:53:33.351+0530] {standard_task_runner.py:91} INFO - Job 2165: Subtask sum_it
[2026-03-11T22:53:33.389+0530] {task_command.py:426} INFO - Running <TaskInstance: example_dynamic_task_mapping.sum_it scheduled__2022-12-22T00:00:00+00:00 [running]> on host LAPTOP-A1PMOBSE.localdomain
[2026-03-11T22:53:33.467+0530] {taskinstance.py:2648} INFO - Exporting env vars: AIRFLOW_CTX_DAG_OWNER='airflow' AIRFLOW_CTX_DAG_ID='example_dynamic_task_mapping' AIRFLOW_CTX_TASK_ID='sum_it' AIRFLOW_CTX_EXECUTION_DATE='2022-12-22T00:00:00+00:00' AIRFLOW_CTX_TRY_NUMBER='1' AIRFLOW_CTX_DAG_RUN_ID='scheduled__2022-12-22T00:00:00+00:00'
[2026-03-11T22:53:33.469+0530] {taskinstance.py:430} INFO - ::endgroup::
[2026-03-11T22:53:33.472+0530] {logging_mixin.py:188} INFO - Total was 9
[2026-03-11T22:53:33.472+0530] {python.py:237} INFO - Done. Returned value was: None
[2026-03-11T22:53:33.472+0530] {taskinstance.py:441} INFO - ::group::Post task execution logs
[2026-03-11T22:53:33.476+0530] {taskinstance.py:1206} INFO - Marking task as SUCCESS. dag_id=example_dynamic_task_mapping, task_id=sum_it, run_id=scheduled__2022-12-22T00:00:00+00:00, execution_date=20221222T000000, start_date=20260311T172333, end_date=20260311T172333
[2026-03-11T22:53:33.532+0530] {local_task_job_runner.py:243} INFO - Task exited with return code 0
[2026-03-11T22:53:33.546+0530] {taskinstance.py:3503} INFO - 0 downstream tasks scheduled from follow-on schedule check
[2026-03-11T22:53:33.546+0530] {local_task_job_runner.py:222} INFO - ::endgroup::
