[2025-12-26T22:45:53.880+0530] {local_task_job_runner.py:120} INFO - ::group::Pre task execution logs
[2025-12-26T22:45:53.896+0530] {taskinstance.py:2076} INFO - Dependencies all met for dep_context=non-requeueable deps ti=<TaskInstance: example_dynamic_task_mapping.add_one scheduled__2022-08-21T00:00:00+00:00 map_index=1 [queued]>
[2025-12-26T22:45:53.900+0530] {taskinstance.py:2076} INFO - Dependencies all met for dep_context=requeueable deps ti=<TaskInstance: example_dynamic_task_mapping.add_one scheduled__2022-08-21T00:00:00+00:00 map_index=1 [queued]>
[2025-12-26T22:45:53.900+0530] {taskinstance.py:2306} INFO - Starting attempt 1 of 1
[2025-12-26T22:45:53.914+0530] {taskinstance.py:2330} INFO - Executing <Mapped(_PythonDecoratedOperator): add_one> on 2022-08-21 00:00:00+00:00
[2025-12-26T22:45:53.916+0530] {standard_task_runner.py:64} INFO - Started process 9013 to run task
[2025-12-26T22:45:53.919+0530] {standard_task_runner.py:90} INFO - Running: ['airflow', 'tasks', 'run', 'example_dynamic_task_mapping', 'add_one', 'scheduled__2022-08-21T00:00:00+00:00', '--job-id', '1012', '--raw', '--subdir', '/home/sathya/projects/training-kit/.venv-airflow/lib/python3.10/site-packages/airflow/example_dags/example_dynamic_task_mapping.py', '--cfg-path', '/tmp/tmp3xuenwxx', '--map-index', '1']
[2025-12-26T22:45:53.920+0530] {standard_task_runner.py:91} INFO - Job 1012: Subtask add_one
[2025-12-26T22:45:53.949+0530] {task_command.py:426} INFO - Running <TaskInstance: example_dynamic_task_mapping.add_one scheduled__2022-08-21T00:00:00+00:00 map_index=1 [running]> on host LAPTOP-A1PMOBSE.localdomain
[2025-12-26T22:45:54.006+0530] {taskinstance.py:2648} INFO - Exporting env vars: AIRFLOW_CTX_DAG_OWNER='airflow' AIRFLOW_CTX_DAG_ID='example_dynamic_task_mapping' AIRFLOW_CTX_TASK_ID='add_one' AIRFLOW_CTX_EXECUTION_DATE='2022-08-21T00:00:00+00:00' AIRFLOW_CTX_TRY_NUMBER='1' AIRFLOW_CTX_DAG_RUN_ID='scheduled__2022-08-21T00:00:00+00:00'
[2025-12-26T22:45:54.007+0530] {taskinstance.py:430} INFO - ::endgroup::
[2025-12-26T22:45:54.007+0530] {python.py:237} INFO - Done. Returned value was: 3
[2025-12-26T22:45:54.008+0530] {taskinstance.py:441} INFO - ::group::Post task execution logs
[2025-12-26T22:45:54.021+0530] {taskinstance.py:1206} INFO - Marking task as SUCCESS. dag_id=example_dynamic_task_mapping, task_id=add_one, run_id=scheduled__2022-08-21T00:00:00+00:00, map_index=1, execution_date=20220821T000000, start_date=20251226T171553, end_date=20251226T171554
[2025-12-26T22:45:54.061+0530] {local_task_job_runner.py:243} INFO - Task exited with return code 0
[2025-12-26T22:45:54.081+0530] {taskinstance.py:3503} INFO - 0 downstream tasks scheduled from follow-on schedule check
[2025-12-26T22:45:54.082+0530] {local_task_job_runner.py:222} INFO - ::endgroup::
[2026-03-10T23:35:34.288+0530] {local_task_job_runner.py:120} INFO - ::group::Pre task execution logs
[2026-03-10T23:35:34.446+0530] {taskinstance.py:2076} INFO - Dependencies all met for dep_context=non-requeueable deps ti=<TaskInstance: example_dynamic_task_mapping.add_one scheduled__2022-08-21T00:00:00+00:00 map_index=1 [queued]>
[2026-03-10T23:35:34.516+0530] {taskinstance.py:2076} INFO - Dependencies all met for dep_context=requeueable deps ti=<TaskInstance: example_dynamic_task_mapping.add_one scheduled__2022-08-21T00:00:00+00:00 map_index=1 [queued]>
[2026-03-10T23:35:34.517+0530] {taskinstance.py:2306} INFO - Starting attempt 1 of 1
[2026-03-10T23:35:34.633+0530] {taskinstance.py:2330} INFO - Executing <Mapped(_PythonDecoratedOperator): add_one> on 2022-08-21 00:00:00+00:00
[2026-03-10T23:35:34.647+0530] {standard_task_runner.py:64} INFO - Started process 13131 to run task
[2026-03-10T23:35:34.659+0530] {standard_task_runner.py:90} INFO - Running: ['airflow', 'tasks', 'run', 'example_dynamic_task_mapping', 'add_one', 'scheduled__2022-08-21T00:00:00+00:00', '--job-id', '1188', '--raw', '--subdir', '/home/sathya/projects/training-kit/.venv-airflow/lib/python3.10/site-packages/airflow/example_dags/example_dynamic_task_mapping.py', '--cfg-path', '/tmp/tmpldsz6nnr', '--map-index', '1']
[2026-03-10T23:35:34.663+0530] {standard_task_runner.py:91} INFO - Job 1188: Subtask add_one
[2026-03-10T23:35:34.755+0530] {task_command.py:426} INFO - Running <TaskInstance: example_dynamic_task_mapping.add_one scheduled__2022-08-21T00:00:00+00:00 map_index=1 [running]> on host LAPTOP-A1PMOBSE.localdomain
[2026-03-10T23:35:34.958+0530] {taskinstance.py:2648} INFO - Exporting env vars: AIRFLOW_CTX_DAG_OWNER='airflow' AIRFLOW_CTX_DAG_ID='example_dynamic_task_mapping' AIRFLOW_CTX_TASK_ID='add_one' AIRFLOW_CTX_EXECUTION_DATE='2022-08-21T00:00:00+00:00' AIRFLOW_CTX_TRY_NUMBER='1' AIRFLOW_CTX_DAG_RUN_ID='scheduled__2022-08-21T00:00:00+00:00'
[2026-03-10T23:35:34.961+0530] {taskinstance.py:430} INFO - ::endgroup::
[2026-03-10T23:35:34.962+0530] {python.py:237} INFO - Done. Returned value was: 3
[2026-03-10T23:35:34.963+0530] {taskinstance.py:441} INFO - ::group::Post task execution logs
[2026-03-10T23:35:35.011+0530] {taskinstance.py:1206} INFO - Marking task as SUCCESS. dag_id=example_dynamic_task_mapping, task_id=add_one, run_id=scheduled__2022-08-21T00:00:00+00:00, map_index=1, execution_date=20220821T000000, start_date=20260310T180534, end_date=20260310T180535
[2026-03-10T23:35:35.092+0530] {local_task_job_runner.py:243} INFO - Task exited with return code 0
[2026-03-10T23:35:35.140+0530] {taskinstance.py:3503} INFO - 0 downstream tasks scheduled from follow-on schedule check
[2026-03-10T23:35:35.142+0530] {local_task_job_runner.py:222} INFO - ::endgroup::
