[2026-01-08T21:49:40.962+0530] {local_task_job_runner.py:120} INFO - ::group::Pre task execution logs
[2026-01-08T21:49:40.981+0530] {taskinstance.py:2076} INFO - Dependencies all met for dep_context=non-requeueable deps ti=<TaskInstance: example_setup_teardown.root_setup scheduled__2026-01-07T00:00:00+00:00 [queued]>
[2026-01-08T21:49:40.986+0530] {taskinstance.py:2076} INFO - Dependencies all met for dep_context=requeueable deps ti=<TaskInstance: example_setup_teardown.root_setup scheduled__2026-01-07T00:00:00+00:00 [queued]>
[2026-01-08T21:49:40.986+0530] {taskinstance.py:2306} INFO - Starting attempt 1 of 1
[2026-01-08T21:49:41.002+0530] {taskinstance.py:2330} INFO - Executing <Task(BashOperator): root_setup> on 2026-01-07 00:00:00+00:00
[2026-01-08T21:49:41.004+0530] {standard_task_runner.py:64} INFO - Started process 852 to run task
[2026-01-08T21:49:41.009+0530] {standard_task_runner.py:90} INFO - Running: ['airflow', 'tasks', 'run', 'example_setup_teardown', 'root_setup', 'scheduled__2026-01-07T00:00:00+00:00', '--job-id', '5153', '--raw', '--subdir', '/home/sathya/projects/training-kit/.venv-airflow/lib/python3.10/site-packages/airflow/example_dags/example_setup_teardown.py', '--cfg-path', '/tmp/tmpxzq0pp7g']
[2026-01-08T21:49:41.009+0530] {standard_task_runner.py:91} INFO - Job 5153: Subtask root_setup
[2026-01-08T21:49:41.055+0530] {task_command.py:426} INFO - Running <TaskInstance: example_setup_teardown.root_setup scheduled__2026-01-07T00:00:00+00:00 [running]> on host LAPTOP-A1PMOBSE.localdomain
[2026-01-08T21:49:41.135+0530] {taskinstance.py:2648} INFO - Exporting env vars: AIRFLOW_CTX_DAG_OWNER='airflow' AIRFLOW_CTX_DAG_ID='example_setup_teardown' AIRFLOW_CTX_TASK_ID='root_setup' AIRFLOW_CTX_EXECUTION_DATE='2026-01-07T00:00:00+00:00' AIRFLOW_CTX_TRY_NUMBER='1' AIRFLOW_CTX_DAG_RUN_ID='scheduled__2026-01-07T00:00:00+00:00'
[2026-01-08T21:49:41.136+0530] {taskinstance.py:430} INFO - ::endgroup::
[2026-01-08T21:49:41.136+0530] {subprocess.py:63} INFO - Tmp dir root location: /tmp
[2026-01-08T21:49:41.137+0530] {subprocess.py:75} INFO - Running command: ['/usr/bin/bash', '-c', "echo 'Hello from root_setup'"]
[2026-01-08T21:49:41.142+0530] {subprocess.py:86} INFO - Output:
[2026-01-08T21:49:41.143+0530] {subprocess.py:93} INFO - Hello from root_setup
[2026-01-08T21:49:41.144+0530] {subprocess.py:97} INFO - Command exited with return code 0
[2026-01-08T21:49:41.144+0530] {taskinstance.py:441} INFO - ::group::Post task execution logs
[2026-01-08T21:49:41.163+0530] {taskinstance.py:1206} INFO - Marking task as SUCCESS. dag_id=example_setup_teardown, task_id=root_setup, run_id=scheduled__2026-01-07T00:00:00+00:00, execution_date=20260107T000000, start_date=20260108T161940, end_date=20260108T161941
[2026-01-08T21:49:41.182+0530] {local_task_job_runner.py:243} INFO - Task exited with return code 0
[2026-01-08T21:49:41.196+0530] {taskinstance.py:3503} INFO - 1 downstream tasks scheduled from follow-on schedule check
[2026-01-08T21:49:41.204+0530] {local_task_job_runner.py:222} INFO - ::endgroup::
