[2025-12-26T22:31:28.326+0530] {local_task_job_runner.py:120} INFO - ::group::Pre task execution logs
[2025-12-26T22:31:28.343+0530] {taskinstance.py:2076} INFO - Dependencies all met for dep_context=non-requeueable deps ti=<TaskInstance: example_dynamic_task_mapping.add_one scheduled__2022-06-25T00:00:00+00:00 map_index=0 [queued]>
[2025-12-26T22:31:28.347+0530] {taskinstance.py:2076} INFO - Dependencies all met for dep_context=requeueable deps ti=<TaskInstance: example_dynamic_task_mapping.add_one scheduled__2022-06-25T00:00:00+00:00 map_index=0 [queued]>
[2025-12-26T22:31:28.347+0530] {taskinstance.py:2306} INFO - Starting attempt 1 of 1
[2025-12-26T22:31:28.361+0530] {taskinstance.py:2330} INFO - Executing <Mapped(_PythonDecoratedOperator): add_one> on 2022-06-25 00:00:00+00:00
[2025-12-26T22:31:28.364+0530] {standard_task_runner.py:64} INFO - Started process 7250 to run task
[2025-12-26T22:31:28.366+0530] {standard_task_runner.py:90} INFO - Running: ['airflow', 'tasks', 'run', 'example_dynamic_task_mapping', 'add_one', 'scheduled__2022-06-25T00:00:00+00:00', '--job-id', '713', '--raw', '--subdir', '/home/sathya/projects/training-kit/.venv-airflow/lib/python3.10/site-packages/airflow/example_dags/example_dynamic_task_mapping.py', '--cfg-path', '/tmp/tmp7xj1ihzn', '--map-index', '0']
[2025-12-26T22:31:28.367+0530] {standard_task_runner.py:91} INFO - Job 713: Subtask add_one
[2025-12-26T22:31:28.399+0530] {task_command.py:426} INFO - Running <TaskInstance: example_dynamic_task_mapping.add_one scheduled__2022-06-25T00:00:00+00:00 map_index=0 [running]> on host LAPTOP-A1PMOBSE.localdomain
[2025-12-26T22:31:28.462+0530] {taskinstance.py:2648} INFO - Exporting env vars: AIRFLOW_CTX_DAG_OWNER='airflow' AIRFLOW_CTX_DAG_ID='example_dynamic_task_mapping' AIRFLOW_CTX_TASK_ID='add_one' AIRFLOW_CTX_EXECUTION_DATE='2022-06-25T00:00:00+00:00' AIRFLOW_CTX_TRY_NUMBER='1' AIRFLOW_CTX_DAG_RUN_ID='scheduled__2022-06-25T00:00:00+00:00'
[2025-12-26T22:31:28.463+0530] {taskinstance.py:430} INFO - ::endgroup::
[2025-12-26T22:31:28.463+0530] {python.py:237} INFO - Done. Returned value was: 2
[2025-12-26T22:31:28.463+0530] {taskinstance.py:441} INFO - ::group::Post task execution logs
[2025-12-26T22:31:28.481+0530] {taskinstance.py:1206} INFO - Marking task as SUCCESS. dag_id=example_dynamic_task_mapping, task_id=add_one, run_id=scheduled__2022-06-25T00:00:00+00:00, map_index=0, execution_date=20220625T000000, start_date=20251226T170128, end_date=20251226T170128
[2025-12-26T22:31:28.540+0530] {local_task_job_runner.py:243} INFO - Task exited with return code 0
[2025-12-26T22:31:28.557+0530] {taskinstance.py:3503} INFO - 0 downstream tasks scheduled from follow-on schedule check
[2025-12-26T22:31:28.557+0530] {local_task_job_runner.py:222} INFO - ::endgroup::
[2026-03-10T23:19:47.277+0530] {local_task_job_runner.py:120} INFO - ::group::Pre task execution logs
[2026-03-10T23:19:47.303+0530] {taskinstance.py:2076} INFO - Dependencies all met for dep_context=non-requeueable deps ti=<TaskInstance: example_dynamic_task_mapping.add_one scheduled__2022-06-25T00:00:00+00:00 map_index=0 [queued]>
[2026-03-10T23:19:47.311+0530] {taskinstance.py:2076} INFO - Dependencies all met for dep_context=requeueable deps ti=<TaskInstance: example_dynamic_task_mapping.add_one scheduled__2022-06-25T00:00:00+00:00 map_index=0 [queued]>
[2026-03-10T23:19:47.311+0530] {taskinstance.py:2306} INFO - Starting attempt 1 of 1
[2026-03-10T23:19:47.330+0530] {taskinstance.py:2330} INFO - Executing <Mapped(_PythonDecoratedOperator): add_one> on 2022-06-25 00:00:00+00:00
[2026-03-10T23:19:47.335+0530] {standard_task_runner.py:64} INFO - Started process 9542 to run task
[2026-03-10T23:19:47.340+0530] {standard_task_runner.py:90} INFO - Running: ['airflow', 'tasks', 'run', 'example_dynamic_task_mapping', 'add_one', 'scheduled__2022-06-25T00:00:00+00:00', '--job-id', '844', '--raw', '--subdir', '/home/sathya/projects/training-kit/.venv-airflow/lib/python3.10/site-packages/airflow/example_dags/example_dynamic_task_mapping.py', '--cfg-path', '/tmp/tmpoh2ms646', '--map-index', '0']
[2026-03-10T23:19:47.344+0530] {standard_task_runner.py:91} INFO - Job 844: Subtask add_one
[2026-03-10T23:19:47.398+0530] {task_command.py:426} INFO - Running <TaskInstance: example_dynamic_task_mapping.add_one scheduled__2022-06-25T00:00:00+00:00 map_index=0 [running]> on host LAPTOP-A1PMOBSE.localdomain
[2026-03-10T23:19:47.492+0530] {taskinstance.py:2648} INFO - Exporting env vars: AIRFLOW_CTX_DAG_OWNER='airflow' AIRFLOW_CTX_DAG_ID='example_dynamic_task_mapping' AIRFLOW_CTX_TASK_ID='add_one' AIRFLOW_CTX_EXECUTION_DATE='2022-06-25T00:00:00+00:00' AIRFLOW_CTX_TRY_NUMBER='1' AIRFLOW_CTX_DAG_RUN_ID='scheduled__2022-06-25T00:00:00+00:00'
[2026-03-10T23:19:47.494+0530] {taskinstance.py:430} INFO - ::endgroup::
[2026-03-10T23:19:47.494+0530] {python.py:237} INFO - Done. Returned value was: 2
[2026-03-10T23:19:47.494+0530] {taskinstance.py:441} INFO - ::group::Post task execution logs
[2026-03-10T23:19:47.513+0530] {taskinstance.py:1206} INFO - Marking task as SUCCESS. dag_id=example_dynamic_task_mapping, task_id=add_one, run_id=scheduled__2022-06-25T00:00:00+00:00, map_index=0, execution_date=20220625T000000, start_date=20260310T174947, end_date=20260310T174947
[2026-03-10T23:19:47.563+0530] {local_task_job_runner.py:243} INFO - Task exited with return code 0
[2026-03-10T23:19:47.581+0530] {taskinstance.py:3503} INFO - 0 downstream tasks scheduled from follow-on schedule check
[2026-03-10T23:19:47.581+0530] {local_task_job_runner.py:222} INFO - ::endgroup::
