[2025-12-26T22:19:10.516+0530] {local_task_job_runner.py:120} INFO - ::group::Pre task execution logs
[2025-12-26T22:19:10.539+0530] {taskinstance.py:2076} INFO - Dependencies all met for dep_context=non-requeueable deps ti=<TaskInstance: example_dynamic_task_mapping.add_one scheduled__2022-05-05T00:00:00+00:00 map_index=1 [queued]>
[2025-12-26T22:19:10.544+0530] {taskinstance.py:2076} INFO - Dependencies all met for dep_context=requeueable deps ti=<TaskInstance: example_dynamic_task_mapping.add_one scheduled__2022-05-05T00:00:00+00:00 map_index=1 [queued]>
[2025-12-26T22:19:10.544+0530] {taskinstance.py:2306} INFO - Starting attempt 1 of 1
[2025-12-26T22:19:10.562+0530] {taskinstance.py:2330} INFO - Executing <Mapped(_PythonDecoratedOperator): add_one> on 2022-05-05 00:00:00+00:00
[2025-12-26T22:19:10.564+0530] {standard_task_runner.py:64} INFO - Started process 5699 to run task
[2025-12-26T22:19:10.570+0530] {standard_task_runner.py:90} INFO - Running: ['airflow', 'tasks', 'run', 'example_dynamic_task_mapping', 'add_one', 'scheduled__2022-05-05T00:00:00+00:00', '--job-id', '444', '--raw', '--subdir', '/home/sathya/projects/training-kit/.venv-airflow/lib/python3.10/site-packages/airflow/example_dags/example_dynamic_task_mapping.py', '--cfg-path', '/tmp/tmpbkfq_8v5', '--map-index', '1']
[2025-12-26T22:19:10.571+0530] {standard_task_runner.py:91} INFO - Job 444: Subtask add_one
[2025-12-26T22:19:10.618+0530] {task_command.py:426} INFO - Running <TaskInstance: example_dynamic_task_mapping.add_one scheduled__2022-05-05T00:00:00+00:00 map_index=1 [running]> on host LAPTOP-A1PMOBSE.localdomain
[2025-12-26T22:19:10.708+0530] {taskinstance.py:2648} INFO - Exporting env vars: AIRFLOW_CTX_DAG_OWNER='airflow' AIRFLOW_CTX_DAG_ID='example_dynamic_task_mapping' AIRFLOW_CTX_TASK_ID='add_one' AIRFLOW_CTX_EXECUTION_DATE='2022-05-05T00:00:00+00:00' AIRFLOW_CTX_TRY_NUMBER='1' AIRFLOW_CTX_DAG_RUN_ID='scheduled__2022-05-05T00:00:00+00:00'
[2025-12-26T22:19:10.710+0530] {taskinstance.py:430} INFO - ::endgroup::
[2025-12-26T22:19:10.711+0530] {python.py:237} INFO - Done. Returned value was: 3
[2025-12-26T22:19:10.711+0530] {taskinstance.py:441} INFO - ::group::Post task execution logs
[2025-12-26T22:19:10.732+0530] {taskinstance.py:1206} INFO - Marking task as SUCCESS. dag_id=example_dynamic_task_mapping, task_id=add_one, run_id=scheduled__2022-05-05T00:00:00+00:00, map_index=1, execution_date=20220505T000000, start_date=20251226T164910, end_date=20251226T164910
[2025-12-26T22:19:10.795+0530] {local_task_job_runner.py:243} INFO - Task exited with return code 0
[2025-12-26T22:19:10.813+0530] {taskinstance.py:3503} INFO - 0 downstream tasks scheduled from follow-on schedule check
[2025-12-26T22:19:10.814+0530] {local_task_job_runner.py:222} INFO - ::endgroup::
[2026-03-10T23:08:44.483+0530] {local_task_job_runner.py:120} INFO - ::group::Pre task execution logs
[2026-03-10T23:08:44.510+0530] {taskinstance.py:2076} INFO - Dependencies all met for dep_context=non-requeueable deps ti=<TaskInstance: example_dynamic_task_mapping.add_one scheduled__2022-05-05T00:00:00+00:00 map_index=1 [queued]>
[2026-03-10T23:08:44.516+0530] {taskinstance.py:2076} INFO - Dependencies all met for dep_context=requeueable deps ti=<TaskInstance: example_dynamic_task_mapping.add_one scheduled__2022-05-05T00:00:00+00:00 map_index=1 [queued]>
[2026-03-10T23:08:44.516+0530] {taskinstance.py:2306} INFO - Starting attempt 1 of 1
[2026-03-10T23:08:44.534+0530] {taskinstance.py:2330} INFO - Executing <Mapped(_PythonDecoratedOperator): add_one> on 2022-05-05 00:00:00+00:00
[2026-03-10T23:08:44.539+0530] {standard_task_runner.py:64} INFO - Started process 6834 to run task
[2026-03-10T23:08:44.545+0530] {standard_task_runner.py:90} INFO - Running: ['airflow', 'tasks', 'run', 'example_dynamic_task_mapping', 'add_one', 'scheduled__2022-05-05T00:00:00+00:00', '--job-id', '579', '--raw', '--subdir', '/home/sathya/projects/training-kit/.venv-airflow/lib/python3.10/site-packages/airflow/example_dags/example_dynamic_task_mapping.py', '--cfg-path', '/tmp/tmpasjulwd3', '--map-index', '1']
[2026-03-10T23:08:44.548+0530] {standard_task_runner.py:91} INFO - Job 579: Subtask add_one
[2026-03-10T23:08:44.609+0530] {task_command.py:426} INFO - Running <TaskInstance: example_dynamic_task_mapping.add_one scheduled__2022-05-05T00:00:00+00:00 map_index=1 [running]> on host LAPTOP-A1PMOBSE.localdomain
[2026-03-10T23:08:44.689+0530] {taskinstance.py:2648} INFO - Exporting env vars: AIRFLOW_CTX_DAG_OWNER='airflow' AIRFLOW_CTX_DAG_ID='example_dynamic_task_mapping' AIRFLOW_CTX_TASK_ID='add_one' AIRFLOW_CTX_EXECUTION_DATE='2022-05-05T00:00:00+00:00' AIRFLOW_CTX_TRY_NUMBER='1' AIRFLOW_CTX_DAG_RUN_ID='scheduled__2022-05-05T00:00:00+00:00'
[2026-03-10T23:08:44.691+0530] {taskinstance.py:430} INFO - ::endgroup::
[2026-03-10T23:08:44.692+0530] {python.py:237} INFO - Done. Returned value was: 3
[2026-03-10T23:08:44.692+0530] {taskinstance.py:441} INFO - ::group::Post task execution logs
[2026-03-10T23:08:44.715+0530] {taskinstance.py:1206} INFO - Marking task as SUCCESS. dag_id=example_dynamic_task_mapping, task_id=add_one, run_id=scheduled__2022-05-05T00:00:00+00:00, map_index=1, execution_date=20220505T000000, start_date=20260310T173844, end_date=20260310T173844
[2026-03-10T23:08:44.759+0530] {local_task_job_runner.py:243} INFO - Task exited with return code 0
[2026-03-10T23:08:44.793+0530] {taskinstance.py:3503} INFO - 0 downstream tasks scheduled from follow-on schedule check
[2026-03-10T23:08:44.793+0530] {local_task_job_runner.py:222} INFO - ::endgroup::
