[2025-12-26T22:23:31.703+0530] {local_task_job_runner.py:120} INFO - ::group::Pre task execution logs
[2025-12-26T22:23:31.721+0530] {taskinstance.py:2076} INFO - Dependencies all met for dep_context=non-requeueable deps ti=<TaskInstance: example_dynamic_task_mapping.sum_it scheduled__2022-05-23T00:00:00+00:00 [queued]>
[2025-12-26T22:23:31.727+0530] {taskinstance.py:2076} INFO - Dependencies all met for dep_context=requeueable deps ti=<TaskInstance: example_dynamic_task_mapping.sum_it scheduled__2022-05-23T00:00:00+00:00 [queued]>
[2025-12-26T22:23:31.727+0530] {taskinstance.py:2306} INFO - Starting attempt 1 of 1
[2025-12-26T22:23:31.741+0530] {taskinstance.py:2330} INFO - Executing <Task(_PythonDecoratedOperator): sum_it> on 2022-05-23 00:00:00+00:00
[2025-12-26T22:23:31.744+0530] {standard_task_runner.py:64} INFO - Started process 6273 to run task
[2025-12-26T22:23:31.747+0530] {standard_task_runner.py:90} INFO - Running: ['airflow', 'tasks', 'run', 'example_dynamic_task_mapping', 'sum_it', 'scheduled__2022-05-23T00:00:00+00:00', '--job-id', '545', '--raw', '--subdir', '/home/sathya/projects/training-kit/.venv-airflow/lib/python3.10/site-packages/airflow/example_dags/example_dynamic_task_mapping.py', '--cfg-path', '/tmp/tmp_hdlhj2o']
[2025-12-26T22:23:31.748+0530] {standard_task_runner.py:91} INFO - Job 545: Subtask sum_it
[2025-12-26T22:23:31.785+0530] {task_command.py:426} INFO - Running <TaskInstance: example_dynamic_task_mapping.sum_it scheduled__2022-05-23T00:00:00+00:00 [running]> on host LAPTOP-A1PMOBSE.localdomain
[2025-12-26T22:23:31.860+0530] {taskinstance.py:2648} INFO - Exporting env vars: AIRFLOW_CTX_DAG_OWNER='airflow' AIRFLOW_CTX_DAG_ID='example_dynamic_task_mapping' AIRFLOW_CTX_TASK_ID='sum_it' AIRFLOW_CTX_EXECUTION_DATE='2022-05-23T00:00:00+00:00' AIRFLOW_CTX_TRY_NUMBER='1' AIRFLOW_CTX_DAG_RUN_ID='scheduled__2022-05-23T00:00:00+00:00'
[2025-12-26T22:23:31.861+0530] {taskinstance.py:430} INFO - ::endgroup::
[2025-12-26T22:23:31.864+0530] {logging_mixin.py:188} INFO - Total was 9
[2025-12-26T22:23:31.864+0530] {python.py:237} INFO - Done. Returned value was: None
[2025-12-26T22:23:31.864+0530] {taskinstance.py:441} INFO - ::group::Post task execution logs
[2025-12-26T22:23:31.867+0530] {taskinstance.py:1206} INFO - Marking task as SUCCESS. dag_id=example_dynamic_task_mapping, task_id=sum_it, run_id=scheduled__2022-05-23T00:00:00+00:00, execution_date=20220523T000000, start_date=20251226T165331, end_date=20251226T165331
[2025-12-26T22:23:31.889+0530] {local_task_job_runner.py:243} INFO - Task exited with return code 0
[2025-12-26T22:23:31.899+0530] {taskinstance.py:3503} INFO - 0 downstream tasks scheduled from follow-on schedule check
[2025-12-26T22:23:31.899+0530] {local_task_job_runner.py:222} INFO - ::endgroup::
[2026-03-10T23:13:01.997+0530] {local_task_job_runner.py:120} INFO - ::group::Pre task execution logs
[2026-03-10T23:13:02.031+0530] {taskinstance.py:2076} INFO - Dependencies all met for dep_context=non-requeueable deps ti=<TaskInstance: example_dynamic_task_mapping.sum_it scheduled__2022-05-23T00:00:00+00:00 [queued]>
[2026-03-10T23:13:02.040+0530] {taskinstance.py:2076} INFO - Dependencies all met for dep_context=requeueable deps ti=<TaskInstance: example_dynamic_task_mapping.sum_it scheduled__2022-05-23T00:00:00+00:00 [queued]>
[2026-03-10T23:13:02.040+0530] {taskinstance.py:2306} INFO - Starting attempt 1 of 1
[2026-03-10T23:13:02.061+0530] {taskinstance.py:2330} INFO - Executing <Task(_PythonDecoratedOperator): sum_it> on 2022-05-23 00:00:00+00:00
[2026-03-10T23:13:02.066+0530] {standard_task_runner.py:64} INFO - Started process 7931 to run task
[2026-03-10T23:13:02.070+0530] {standard_task_runner.py:90} INFO - Running: ['airflow', 'tasks', 'run', 'example_dynamic_task_mapping', 'sum_it', 'scheduled__2022-05-23T00:00:00+00:00', '--job-id', '687', '--raw', '--subdir', '/home/sathya/projects/training-kit/.venv-airflow/lib/python3.10/site-packages/airflow/example_dags/example_dynamic_task_mapping.py', '--cfg-path', '/tmp/tmppa2maw5m']
[2026-03-10T23:13:02.072+0530] {standard_task_runner.py:91} INFO - Job 687: Subtask sum_it
[2026-03-10T23:13:02.119+0530] {task_command.py:426} INFO - Running <TaskInstance: example_dynamic_task_mapping.sum_it scheduled__2022-05-23T00:00:00+00:00 [running]> on host LAPTOP-A1PMOBSE.localdomain
[2026-03-10T23:13:02.292+0530] {taskinstance.py:2648} INFO - Exporting env vars: AIRFLOW_CTX_DAG_OWNER='airflow' AIRFLOW_CTX_DAG_ID='example_dynamic_task_mapping' AIRFLOW_CTX_TASK_ID='sum_it' AIRFLOW_CTX_EXECUTION_DATE='2022-05-23T00:00:00+00:00' AIRFLOW_CTX_TRY_NUMBER='1' AIRFLOW_CTX_DAG_RUN_ID='scheduled__2022-05-23T00:00:00+00:00'
[2026-03-10T23:13:02.294+0530] {taskinstance.py:430} INFO - ::endgroup::
[2026-03-10T23:13:02.297+0530] {logging_mixin.py:188} INFO - Total was 9
[2026-03-10T23:13:02.297+0530] {python.py:237} INFO - Done. Returned value was: None
[2026-03-10T23:13:02.298+0530] {taskinstance.py:441} INFO - ::group::Post task execution logs
[2026-03-10T23:13:02.303+0530] {taskinstance.py:1206} INFO - Marking task as SUCCESS. dag_id=example_dynamic_task_mapping, task_id=sum_it, run_id=scheduled__2022-05-23T00:00:00+00:00, execution_date=20220523T000000, start_date=20260310T174302, end_date=20260310T174302
[2026-03-10T23:13:02.346+0530] {local_task_job_runner.py:243} INFO - Task exited with return code 0
[2026-03-10T23:13:02.357+0530] {taskinstance.py:3503} INFO - 0 downstream tasks scheduled from follow-on schedule check
[2026-03-10T23:13:02.358+0530] {local_task_job_runner.py:222} INFO - ::endgroup::
