[2025-12-26T22:14:12.015+0530] {local_task_job_runner.py:120} INFO - ::group::Pre task execution logs
[2025-12-26T22:14:12.032+0530] {taskinstance.py:2076} INFO - Dependencies all met for dep_context=non-requeueable deps ti=<TaskInstance: example_dynamic_task_mapping.sum_it scheduled__2022-03-19T00:00:00+00:00 [queued]>
[2025-12-26T22:14:12.046+0530] {taskinstance.py:2076} INFO - Dependencies all met for dep_context=requeueable deps ti=<TaskInstance: example_dynamic_task_mapping.sum_it scheduled__2022-03-19T00:00:00+00:00 [queued]>
[2025-12-26T22:14:12.046+0530] {taskinstance.py:2306} INFO - Starting attempt 1 of 1
[2025-12-26T22:14:12.064+0530] {taskinstance.py:2330} INFO - Executing <Task(_PythonDecoratedOperator): sum_it> on 2022-03-19 00:00:00+00:00
[2025-12-26T22:14:12.068+0530] {standard_task_runner.py:64} INFO - Started process 4686 to run task
[2025-12-26T22:14:12.071+0530] {standard_task_runner.py:90} INFO - Running: ['airflow', 'tasks', 'run', 'example_dynamic_task_mapping', 'sum_it', 'scheduled__2022-03-19T00:00:00+00:00', '--job-id', '237', '--raw', '--subdir', '/home/sathya/projects/training-kit/.venv-airflow/lib/python3.10/site-packages/airflow/example_dags/example_dynamic_task_mapping.py', '--cfg-path', '/tmp/tmp4xmrjq3b']
[2025-12-26T22:14:12.072+0530] {standard_task_runner.py:91} INFO - Job 237: Subtask sum_it
[2025-12-26T22:14:12.140+0530] {task_command.py:426} INFO - Running <TaskInstance: example_dynamic_task_mapping.sum_it scheduled__2022-03-19T00:00:00+00:00 [running]> on host LAPTOP-A1PMOBSE.localdomain
[2025-12-26T22:14:12.205+0530] {taskinstance.py:2648} INFO - Exporting env vars: AIRFLOW_CTX_DAG_OWNER='airflow' AIRFLOW_CTX_DAG_ID='example_dynamic_task_mapping' AIRFLOW_CTX_TASK_ID='sum_it' AIRFLOW_CTX_EXECUTION_DATE='2022-03-19T00:00:00+00:00' AIRFLOW_CTX_TRY_NUMBER='1' AIRFLOW_CTX_DAG_RUN_ID='scheduled__2022-03-19T00:00:00+00:00'
[2025-12-26T22:14:12.206+0530] {taskinstance.py:430} INFO - ::endgroup::
[2025-12-26T22:14:12.208+0530] {logging_mixin.py:188} INFO - Total was 9
[2025-12-26T22:14:12.209+0530] {python.py:237} INFO - Done. Returned value was: None
[2025-12-26T22:14:12.209+0530] {taskinstance.py:441} INFO - ::group::Post task execution logs
[2025-12-26T22:14:12.211+0530] {taskinstance.py:1206} INFO - Marking task as SUCCESS. dag_id=example_dynamic_task_mapping, task_id=sum_it, run_id=scheduled__2022-03-19T00:00:00+00:00, execution_date=20220319T000000, start_date=20251226T164412, end_date=20251226T164412
[2025-12-26T22:14:12.246+0530] {local_task_job_runner.py:243} INFO - Task exited with return code 0
[2025-12-26T22:14:12.255+0530] {taskinstance.py:3503} INFO - 0 downstream tasks scheduled from follow-on schedule check
[2025-12-26T22:14:12.256+0530] {local_task_job_runner.py:222} INFO - ::endgroup::
[2026-03-10T22:58:12.231+0530] {local_task_job_runner.py:120} INFO - ::group::Pre task execution logs
[2026-03-10T22:58:12.253+0530] {taskinstance.py:2076} INFO - Dependencies all met for dep_context=non-requeueable deps ti=<TaskInstance: example_dynamic_task_mapping.sum_it scheduled__2022-03-19T00:00:00+00:00 [queued]>
[2026-03-10T22:58:12.259+0530] {taskinstance.py:2076} INFO - Dependencies all met for dep_context=requeueable deps ti=<TaskInstance: example_dynamic_task_mapping.sum_it scheduled__2022-03-19T00:00:00+00:00 [queued]>
[2026-03-10T22:58:12.259+0530] {taskinstance.py:2306} INFO - Starting attempt 1 of 1
[2026-03-10T22:58:12.281+0530] {taskinstance.py:2330} INFO - Executing <Task(_PythonDecoratedOperator): sum_it> on 2022-03-19 00:00:00+00:00
[2026-03-10T22:58:12.290+0530] {standard_task_runner.py:64} INFO - Started process 4189 to run task
[2026-03-10T22:58:12.294+0530] {standard_task_runner.py:90} INFO - Running: ['airflow', 'tasks', 'run', 'example_dynamic_task_mapping', 'sum_it', 'scheduled__2022-03-19T00:00:00+00:00', '--job-id', '327', '--raw', '--subdir', '/home/sathya/projects/training-kit/.venv-airflow/lib/python3.10/site-packages/airflow/example_dags/example_dynamic_task_mapping.py', '--cfg-path', '/tmp/tmp9031iw7l']
[2026-03-10T22:58:12.296+0530] {standard_task_runner.py:91} INFO - Job 327: Subtask sum_it
[2026-03-10T22:58:12.345+0530] {task_command.py:426} INFO - Running <TaskInstance: example_dynamic_task_mapping.sum_it scheduled__2022-03-19T00:00:00+00:00 [running]> on host LAPTOP-A1PMOBSE.localdomain
[2026-03-10T22:58:12.444+0530] {taskinstance.py:2648} INFO - Exporting env vars: AIRFLOW_CTX_DAG_OWNER='airflow' AIRFLOW_CTX_DAG_ID='example_dynamic_task_mapping' AIRFLOW_CTX_TASK_ID='sum_it' AIRFLOW_CTX_EXECUTION_DATE='2022-03-19T00:00:00+00:00' AIRFLOW_CTX_TRY_NUMBER='1' AIRFLOW_CTX_DAG_RUN_ID='scheduled__2022-03-19T00:00:00+00:00'
[2026-03-10T22:58:12.446+0530] {taskinstance.py:430} INFO - ::endgroup::
[2026-03-10T22:58:12.450+0530] {logging_mixin.py:188} INFO - Total was 9
[2026-03-10T22:58:12.451+0530] {python.py:237} INFO - Done. Returned value was: None
[2026-03-10T22:58:12.451+0530] {taskinstance.py:441} INFO - ::group::Post task execution logs
[2026-03-10T22:58:12.459+0530] {taskinstance.py:1206} INFO - Marking task as SUCCESS. dag_id=example_dynamic_task_mapping, task_id=sum_it, run_id=scheduled__2022-03-19T00:00:00+00:00, execution_date=20220319T000000, start_date=20260310T172812, end_date=20260310T172812
[2026-03-10T22:58:12.516+0530] {local_task_job_runner.py:243} INFO - Task exited with return code 0
[2026-03-10T22:58:12.536+0530] {taskinstance.py:3503} INFO - 0 downstream tasks scheduled from follow-on schedule check
[2026-03-10T22:58:12.537+0530] {local_task_job_runner.py:222} INFO - ::endgroup::
