[2025-12-26T22:14:57.369+0530] {local_task_job_runner.py:120} INFO - ::group::Pre task execution logs
[2025-12-26T22:14:57.387+0530] {taskinstance.py:2076} INFO - Dependencies all met for dep_context=non-requeueable deps ti=<TaskInstance: example_dynamic_task_mapping.add_one scheduled__2022-03-28T00:00:00+00:00 map_index=1 [queued]>
[2025-12-26T22:14:57.392+0530] {taskinstance.py:2076} INFO - Dependencies all met for dep_context=requeueable deps ti=<TaskInstance: example_dynamic_task_mapping.add_one scheduled__2022-03-28T00:00:00+00:00 map_index=1 [queued]>
[2025-12-26T22:14:57.392+0530] {taskinstance.py:2306} INFO - Starting attempt 1 of 1
[2025-12-26T22:14:57.408+0530] {taskinstance.py:2330} INFO - Executing <Mapped(_PythonDecoratedOperator): add_one> on 2022-03-28 00:00:00+00:00
[2025-12-26T22:14:57.410+0530] {standard_task_runner.py:64} INFO - Started process 4844 to run task
[2025-12-26T22:14:57.413+0530] {standard_task_runner.py:90} INFO - Running: ['airflow', 'tasks', 'run', 'example_dynamic_task_mapping', 'add_one', 'scheduled__2022-03-28T00:00:00+00:00', '--job-id', '268', '--raw', '--subdir', '/home/sathya/projects/training-kit/.venv-airflow/lib/python3.10/site-packages/airflow/example_dags/example_dynamic_task_mapping.py', '--cfg-path', '/tmp/tmphlvjdmbk', '--map-index', '1']
[2025-12-26T22:14:57.414+0530] {standard_task_runner.py:91} INFO - Job 268: Subtask add_one
[2025-12-26T22:14:57.451+0530] {task_command.py:426} INFO - Running <TaskInstance: example_dynamic_task_mapping.add_one scheduled__2022-03-28T00:00:00+00:00 map_index=1 [running]> on host LAPTOP-A1PMOBSE.localdomain
[2025-12-26T22:14:57.519+0530] {taskinstance.py:2648} INFO - Exporting env vars: AIRFLOW_CTX_DAG_OWNER='airflow' AIRFLOW_CTX_DAG_ID='example_dynamic_task_mapping' AIRFLOW_CTX_TASK_ID='add_one' AIRFLOW_CTX_EXECUTION_DATE='2022-03-28T00:00:00+00:00' AIRFLOW_CTX_TRY_NUMBER='1' AIRFLOW_CTX_DAG_RUN_ID='scheduled__2022-03-28T00:00:00+00:00'
[2025-12-26T22:14:57.520+0530] {taskinstance.py:430} INFO - ::endgroup::
[2025-12-26T22:14:57.521+0530] {python.py:237} INFO - Done. Returned value was: 3
[2025-12-26T22:14:57.521+0530] {taskinstance.py:441} INFO - ::group::Post task execution logs
[2025-12-26T22:14:57.536+0530] {taskinstance.py:1206} INFO - Marking task as SUCCESS. dag_id=example_dynamic_task_mapping, task_id=add_one, run_id=scheduled__2022-03-28T00:00:00+00:00, map_index=1, execution_date=20220328T000000, start_date=20251226T164457, end_date=20251226T164457
[2025-12-26T22:14:57.554+0530] {local_task_job_runner.py:243} INFO - Task exited with return code 0
[2025-12-26T22:14:57.567+0530] {taskinstance.py:3503} INFO - 0 downstream tasks scheduled from follow-on schedule check
[2025-12-26T22:14:57.568+0530] {local_task_job_runner.py:222} INFO - ::endgroup::
[2026-03-10T23:01:27.580+0530] {local_task_job_runner.py:120} INFO - ::group::Pre task execution logs
[2026-03-10T23:01:27.627+0530] {taskinstance.py:2076} INFO - Dependencies all met for dep_context=non-requeueable deps ti=<TaskInstance: example_dynamic_task_mapping.add_one scheduled__2022-03-28T00:00:00+00:00 map_index=1 [queued]>
[2026-03-10T23:01:27.636+0530] {taskinstance.py:2076} INFO - Dependencies all met for dep_context=requeueable deps ti=<TaskInstance: example_dynamic_task_mapping.add_one scheduled__2022-03-28T00:00:00+00:00 map_index=1 [queued]>
[2026-03-10T23:01:27.636+0530] {taskinstance.py:2306} INFO - Starting attempt 1 of 1
[2026-03-10T23:01:27.660+0530] {taskinstance.py:2330} INFO - Executing <Mapped(_PythonDecoratedOperator): add_one> on 2022-03-28 00:00:00+00:00
[2026-03-10T23:01:27.667+0530] {standard_task_runner.py:64} INFO - Started process 4961 to run task
[2026-03-10T23:01:27.672+0530] {standard_task_runner.py:90} INFO - Running: ['airflow', 'tasks', 'run', 'example_dynamic_task_mapping', 'add_one', 'scheduled__2022-03-28T00:00:00+00:00', '--job-id', '398', '--raw', '--subdir', '/home/sathya/projects/training-kit/.venv-airflow/lib/python3.10/site-packages/airflow/example_dags/example_dynamic_task_mapping.py', '--cfg-path', '/tmp/tmpnq93k1t0', '--map-index', '1']
[2026-03-10T23:01:27.675+0530] {standard_task_runner.py:91} INFO - Job 398: Subtask add_one
[2026-03-10T23:01:27.732+0530] {task_command.py:426} INFO - Running <TaskInstance: example_dynamic_task_mapping.add_one scheduled__2022-03-28T00:00:00+00:00 map_index=1 [running]> on host LAPTOP-A1PMOBSE.localdomain
[2026-03-10T23:01:27.826+0530] {taskinstance.py:2648} INFO - Exporting env vars: AIRFLOW_CTX_DAG_OWNER='airflow' AIRFLOW_CTX_DAG_ID='example_dynamic_task_mapping' AIRFLOW_CTX_TASK_ID='add_one' AIRFLOW_CTX_EXECUTION_DATE='2022-03-28T00:00:00+00:00' AIRFLOW_CTX_TRY_NUMBER='1' AIRFLOW_CTX_DAG_RUN_ID='scheduled__2022-03-28T00:00:00+00:00'
[2026-03-10T23:01:27.830+0530] {taskinstance.py:430} INFO - ::endgroup::
[2026-03-10T23:01:27.831+0530] {python.py:237} INFO - Done. Returned value was: 3
[2026-03-10T23:01:27.831+0530] {taskinstance.py:441} INFO - ::group::Post task execution logs
[2026-03-10T23:01:27.869+0530] {taskinstance.py:1206} INFO - Marking task as SUCCESS. dag_id=example_dynamic_task_mapping, task_id=add_one, run_id=scheduled__2022-03-28T00:00:00+00:00, map_index=1, execution_date=20220328T000000, start_date=20260310T173127, end_date=20260310T173127
[2026-03-10T23:01:27.936+0530] {local_task_job_runner.py:243} INFO - Task exited with return code 0
[2026-03-10T23:01:27.959+0530] {taskinstance.py:3503} INFO - 0 downstream tasks scheduled from follow-on schedule check
[2026-03-10T23:01:27.960+0530] {local_task_job_runner.py:222} INFO - ::endgroup::
