[2025-12-26T22:11:48.318+0530] {local_task_job_runner.py:120} INFO - ::group::Pre task execution logs
[2025-12-26T22:11:48.334+0530] {taskinstance.py:2076} INFO - Dependencies all met for dep_context=non-requeueable deps ti=<TaskInstance: example_dynamic_task_mapping.add_one scheduled__2022-03-10T00:00:00+00:00 map_index=1 [queued]>
[2025-12-26T22:11:48.338+0530] {taskinstance.py:2076} INFO - Dependencies all met for dep_context=requeueable deps ti=<TaskInstance: example_dynamic_task_mapping.add_one scheduled__2022-03-10T00:00:00+00:00 map_index=1 [queued]>
[2025-12-26T22:11:48.339+0530] {taskinstance.py:2306} INFO - Starting attempt 1 of 1
[2025-12-26T22:11:48.352+0530] {taskinstance.py:2330} INFO - Executing <Mapped(_PythonDecoratedOperator): add_one> on 2022-03-10 00:00:00+00:00
[2025-12-26T22:11:48.354+0530] {standard_task_runner.py:64} INFO - Started process 4350 to run task
[2025-12-26T22:11:48.357+0530] {standard_task_runner.py:90} INFO - Running: ['airflow', 'tasks', 'run', 'example_dynamic_task_mapping', 'add_one', 'scheduled__2022-03-10T00:00:00+00:00', '--job-id', '154', '--raw', '--subdir', '/home/sathya/projects/training-kit/.venv-airflow/lib/python3.10/site-packages/airflow/example_dags/example_dynamic_task_mapping.py', '--cfg-path', '/tmp/tmprgd02g6j', '--map-index', '1']
[2025-12-26T22:11:48.358+0530] {standard_task_runner.py:91} INFO - Job 154: Subtask add_one
[2025-12-26T22:11:48.388+0530] {task_command.py:426} INFO - Running <TaskInstance: example_dynamic_task_mapping.add_one scheduled__2022-03-10T00:00:00+00:00 map_index=1 [running]> on host LAPTOP-A1PMOBSE.localdomain
[2025-12-26T22:11:48.440+0530] {taskinstance.py:2648} INFO - Exporting env vars: AIRFLOW_CTX_DAG_OWNER='airflow' AIRFLOW_CTX_DAG_ID='example_dynamic_task_mapping' AIRFLOW_CTX_TASK_ID='add_one' AIRFLOW_CTX_EXECUTION_DATE='2022-03-10T00:00:00+00:00' AIRFLOW_CTX_TRY_NUMBER='1' AIRFLOW_CTX_DAG_RUN_ID='scheduled__2022-03-10T00:00:00+00:00'
[2025-12-26T22:11:48.441+0530] {taskinstance.py:430} INFO - ::endgroup::
[2025-12-26T22:11:48.441+0530] {python.py:237} INFO - Done. Returned value was: 3
[2025-12-26T22:11:48.441+0530] {taskinstance.py:441} INFO - ::group::Post task execution logs
[2025-12-26T22:11:48.453+0530] {taskinstance.py:1206} INFO - Marking task as SUCCESS. dag_id=example_dynamic_task_mapping, task_id=add_one, run_id=scheduled__2022-03-10T00:00:00+00:00, map_index=1, execution_date=20220310T000000, start_date=20251226T164148, end_date=20251226T164148
[2025-12-26T22:11:48.493+0530] {local_task_job_runner.py:243} INFO - Task exited with return code 0
[2025-12-26T22:11:48.515+0530] {taskinstance.py:3503} INFO - 0 downstream tasks scheduled from follow-on schedule check
[2025-12-26T22:11:48.515+0530] {local_task_job_runner.py:222} INFO - ::endgroup::
[2026-03-10T21:10:45.068+0530] {local_task_job_runner.py:120} INFO - ::group::Pre task execution logs
[2026-03-10T21:10:45.092+0530] {taskinstance.py:2076} INFO - Dependencies all met for dep_context=non-requeueable deps ti=<TaskInstance: example_dynamic_task_mapping.add_one scheduled__2022-03-10T00:00:00+00:00 map_index=1 [queued]>
[2026-03-10T21:10:45.102+0530] {taskinstance.py:2076} INFO - Dependencies all met for dep_context=requeueable deps ti=<TaskInstance: example_dynamic_task_mapping.add_one scheduled__2022-03-10T00:00:00+00:00 map_index=1 [queued]>
[2026-03-10T21:10:45.102+0530] {taskinstance.py:2306} INFO - Starting attempt 1 of 1
[2026-03-10T21:10:45.123+0530] {taskinstance.py:2330} INFO - Executing <Mapped(_PythonDecoratedOperator): add_one> on 2022-03-10 00:00:00+00:00
[2026-03-10T21:10:45.133+0530] {standard_task_runner.py:64} INFO - Started process 1490 to run task
[2026-03-10T21:10:45.139+0530] {standard_task_runner.py:90} INFO - Running: ['airflow', 'tasks', 'run', 'example_dynamic_task_mapping', 'add_one', 'scheduled__2022-03-10T00:00:00+00:00', '--job-id', '117', '--raw', '--subdir', '/home/sathya/projects/training-kit/.venv-airflow/lib/python3.10/site-packages/airflow/example_dags/example_dynamic_task_mapping.py', '--cfg-path', '/tmp/tmpdorva4bm', '--map-index', '1']
[2026-03-10T21:10:45.142+0530] {standard_task_runner.py:91} INFO - Job 117: Subtask add_one
[2026-03-10T21:10:45.204+0530] {task_command.py:426} INFO - Running <TaskInstance: example_dynamic_task_mapping.add_one scheduled__2022-03-10T00:00:00+00:00 map_index=1 [running]> on host LAPTOP-A1PMOBSE.localdomain
[2026-03-10T21:10:45.470+0530] {taskinstance.py:2648} INFO - Exporting env vars: AIRFLOW_CTX_DAG_OWNER='airflow' AIRFLOW_CTX_DAG_ID='example_dynamic_task_mapping' AIRFLOW_CTX_TASK_ID='add_one' AIRFLOW_CTX_EXECUTION_DATE='2022-03-10T00:00:00+00:00' AIRFLOW_CTX_TRY_NUMBER='1' AIRFLOW_CTX_DAG_RUN_ID='scheduled__2022-03-10T00:00:00+00:00'
[2026-03-10T21:10:45.471+0530] {taskinstance.py:430} INFO - ::endgroup::
[2026-03-10T21:10:45.471+0530] {python.py:237} INFO - Done. Returned value was: 3
[2026-03-10T21:10:45.472+0530] {taskinstance.py:441} INFO - ::group::Post task execution logs
[2026-03-10T21:10:45.498+0530] {taskinstance.py:1206} INFO - Marking task as SUCCESS. dag_id=example_dynamic_task_mapping, task_id=add_one, run_id=scheduled__2022-03-10T00:00:00+00:00, map_index=1, execution_date=20220310T000000, start_date=20260310T154045, end_date=20260310T154045
[2026-03-10T21:10:45.545+0530] {local_task_job_runner.py:243} INFO - Task exited with return code 0
[2026-03-10T21:10:45.574+0530] {taskinstance.py:3503} INFO - 0 downstream tasks scheduled from follow-on schedule check
[2026-03-10T21:10:45.574+0530] {local_task_job_runner.py:222} INFO - ::endgroup::
