[2025-12-26T22:49:45.272+0530] {local_task_job_runner.py:120} INFO - ::group::Pre task execution logs
[2025-12-26T22:49:45.292+0530] {taskinstance.py:2076} INFO - Dependencies all met for dep_context=non-requeueable deps ti=<TaskInstance: example_dynamic_task_mapping.sum_it scheduled__2022-09-06T00:00:00+00:00 [queued]>
[2025-12-26T22:49:45.296+0530] {taskinstance.py:2076} INFO - Dependencies all met for dep_context=requeueable deps ti=<TaskInstance: example_dynamic_task_mapping.sum_it scheduled__2022-09-06T00:00:00+00:00 [queued]>
[2025-12-26T22:49:45.296+0530] {taskinstance.py:2306} INFO - Starting attempt 1 of 1
[2025-12-26T22:49:45.317+0530] {taskinstance.py:2330} INFO - Executing <Task(_PythonDecoratedOperator): sum_it> on 2022-09-06 00:00:00+00:00
[2025-12-26T22:49:45.319+0530] {standard_task_runner.py:64} INFO - Started process 9497 to run task
[2025-12-26T22:49:45.322+0530] {standard_task_runner.py:90} INFO - Running: ['airflow', 'tasks', 'run', 'example_dynamic_task_mapping', 'sum_it', 'scheduled__2022-09-06T00:00:00+00:00', '--job-id', '1102', '--raw', '--subdir', '/home/sathya/projects/training-kit/.venv-airflow/lib/python3.10/site-packages/airflow/example_dags/example_dynamic_task_mapping.py', '--cfg-path', '/tmp/tmp81n_7fq8']
[2025-12-26T22:49:45.322+0530] {standard_task_runner.py:91} INFO - Job 1102: Subtask sum_it
[2025-12-26T22:49:45.361+0530] {task_command.py:426} INFO - Running <TaskInstance: example_dynamic_task_mapping.sum_it scheduled__2022-09-06T00:00:00+00:00 [running]> on host LAPTOP-A1PMOBSE.localdomain
[2025-12-26T22:49:45.424+0530] {taskinstance.py:2648} INFO - Exporting env vars: AIRFLOW_CTX_DAG_OWNER='airflow' AIRFLOW_CTX_DAG_ID='example_dynamic_task_mapping' AIRFLOW_CTX_TASK_ID='sum_it' AIRFLOW_CTX_EXECUTION_DATE='2022-09-06T00:00:00+00:00' AIRFLOW_CTX_TRY_NUMBER='1' AIRFLOW_CTX_DAG_RUN_ID='scheduled__2022-09-06T00:00:00+00:00'
[2025-12-26T22:49:45.425+0530] {taskinstance.py:430} INFO - ::endgroup::
[2025-12-26T22:49:45.427+0530] {logging_mixin.py:188} INFO - Total was 9
[2025-12-26T22:49:45.427+0530] {python.py:237} INFO - Done. Returned value was: None
[2025-12-26T22:49:45.427+0530] {taskinstance.py:441} INFO - ::group::Post task execution logs
[2025-12-26T22:49:45.430+0530] {taskinstance.py:1206} INFO - Marking task as SUCCESS. dag_id=example_dynamic_task_mapping, task_id=sum_it, run_id=scheduled__2022-09-06T00:00:00+00:00, execution_date=20220906T000000, start_date=20251226T171945, end_date=20251226T171945
[2025-12-26T22:49:45.463+0530] {local_task_job_runner.py:243} INFO - Task exited with return code 0
[2025-12-26T22:49:45.474+0530] {taskinstance.py:3503} INFO - 0 downstream tasks scheduled from follow-on schedule check
[2025-12-26T22:49:45.474+0530] {local_task_job_runner.py:222} INFO - ::endgroup::
[2026-03-10T23:49:40.830+0530] {local_task_job_runner.py:120} INFO - ::group::Pre task execution logs
[2026-03-10T23:49:40.893+0530] {taskinstance.py:2076} INFO - Dependencies all met for dep_context=non-requeueable deps ti=<TaskInstance: example_dynamic_task_mapping.sum_it scheduled__2022-09-06T00:00:00+00:00 [queued]>
[2026-03-10T23:49:40.908+0530] {taskinstance.py:2076} INFO - Dependencies all met for dep_context=requeueable deps ti=<TaskInstance: example_dynamic_task_mapping.sum_it scheduled__2022-09-06T00:00:00+00:00 [queued]>
[2026-03-10T23:49:40.908+0530] {taskinstance.py:2306} INFO - Starting attempt 1 of 1
[2026-03-10T23:49:40.950+0530] {taskinstance.py:2330} INFO - Executing <Task(_PythonDecoratedOperator): sum_it> on 2022-09-06 00:00:00+00:00
[2026-03-10T23:49:40.961+0530] {standard_task_runner.py:64} INFO - Started process 15009 to run task
[2026-03-10T23:49:40.969+0530] {standard_task_runner.py:90} INFO - Running: ['airflow', 'tasks', 'run', 'example_dynamic_task_mapping', 'sum_it', 'scheduled__2022-09-06T00:00:00+00:00', '--job-id', '1365', '--raw', '--subdir', '/home/sathya/projects/training-kit/.venv-airflow/lib/python3.10/site-packages/airflow/example_dags/example_dynamic_task_mapping.py', '--cfg-path', '/tmp/tmpg_odu_zk']
[2026-03-10T23:49:40.973+0530] {standard_task_runner.py:91} INFO - Job 1365: Subtask sum_it
[2026-03-10T23:49:41.070+0530] {task_command.py:426} INFO - Running <TaskInstance: example_dynamic_task_mapping.sum_it scheduled__2022-09-06T00:00:00+00:00 [running]> on host LAPTOP-A1PMOBSE.localdomain
[2026-03-10T23:49:41.341+0530] {taskinstance.py:2648} INFO - Exporting env vars: AIRFLOW_CTX_DAG_OWNER='airflow' AIRFLOW_CTX_DAG_ID='example_dynamic_task_mapping' AIRFLOW_CTX_TASK_ID='sum_it' AIRFLOW_CTX_EXECUTION_DATE='2022-09-06T00:00:00+00:00' AIRFLOW_CTX_TRY_NUMBER='1' AIRFLOW_CTX_DAG_RUN_ID='scheduled__2022-09-06T00:00:00+00:00'
[2026-03-10T23:49:41.349+0530] {taskinstance.py:430} INFO - ::endgroup::
[2026-03-10T23:49:41.368+0530] {logging_mixin.py:188} INFO - Total was 9
[2026-03-10T23:49:41.369+0530] {python.py:237} INFO - Done. Returned value was: None
[2026-03-10T23:49:41.369+0530] {taskinstance.py:441} INFO - ::group::Post task execution logs
[2026-03-10T23:49:41.393+0530] {taskinstance.py:1206} INFO - Marking task as SUCCESS. dag_id=example_dynamic_task_mapping, task_id=sum_it, run_id=scheduled__2022-09-06T00:00:00+00:00, execution_date=20220906T000000, start_date=20260310T181940, end_date=20260310T181941
[2026-03-10T23:49:41.451+0530] {local_task_job_runner.py:243} INFO - Task exited with return code 0
[2026-03-10T23:49:41.476+0530] {taskinstance.py:3503} INFO - 0 downstream tasks scheduled from follow-on schedule check
[2026-03-10T23:49:41.477+0530] {local_task_job_runner.py:222} INFO - ::endgroup::
