[2025-12-26T22:57:49.700+0530] {local_task_job_runner.py:120} INFO - ::group::Pre task execution logs
[2025-12-26T22:57:49.718+0530] {taskinstance.py:2076} INFO - Dependencies all met for dep_context=non-requeueable deps ti=<TaskInstance: example_dynamic_task_mapping.sum_it scheduled__2022-10-06T00:00:00+00:00 [queued]>
[2025-12-26T22:57:49.722+0530] {taskinstance.py:2076} INFO - Dependencies all met for dep_context=requeueable deps ti=<TaskInstance: example_dynamic_task_mapping.sum_it scheduled__2022-10-06T00:00:00+00:00 [queued]>
[2025-12-26T22:57:49.722+0530] {taskinstance.py:2306} INFO - Starting attempt 1 of 1
[2025-12-26T22:57:49.738+0530] {taskinstance.py:2330} INFO - Executing <Task(_PythonDecoratedOperator): sum_it> on 2022-10-06 00:00:00+00:00
[2025-12-26T22:57:49.740+0530] {standard_task_runner.py:64} INFO - Started process 10426 to run task
[2025-12-26T22:57:49.743+0530] {standard_task_runner.py:90} INFO - Running: ['airflow', 'tasks', 'run', 'example_dynamic_task_mapping', 'sum_it', 'scheduled__2022-10-06T00:00:00+00:00', '--job-id', '1259', '--raw', '--subdir', '/home/sathya/projects/training-kit/.venv-airflow/lib/python3.10/site-packages/airflow/example_dags/example_dynamic_task_mapping.py', '--cfg-path', '/tmp/tmp9u9_7qsd']
[2025-12-26T22:57:49.744+0530] {standard_task_runner.py:91} INFO - Job 1259: Subtask sum_it
[2025-12-26T22:57:49.777+0530] {task_command.py:426} INFO - Running <TaskInstance: example_dynamic_task_mapping.sum_it scheduled__2022-10-06T00:00:00+00:00 [running]> on host LAPTOP-A1PMOBSE.localdomain
[2025-12-26T22:57:49.850+0530] {taskinstance.py:2648} INFO - Exporting env vars: AIRFLOW_CTX_DAG_OWNER='airflow' AIRFLOW_CTX_DAG_ID='example_dynamic_task_mapping' AIRFLOW_CTX_TASK_ID='sum_it' AIRFLOW_CTX_EXECUTION_DATE='2022-10-06T00:00:00+00:00' AIRFLOW_CTX_TRY_NUMBER='1' AIRFLOW_CTX_DAG_RUN_ID='scheduled__2022-10-06T00:00:00+00:00'
[2025-12-26T22:57:49.851+0530] {taskinstance.py:430} INFO - ::endgroup::
[2025-12-26T22:57:49.853+0530] {logging_mixin.py:188} INFO - Total was 9
[2025-12-26T22:57:49.854+0530] {python.py:237} INFO - Done. Returned value was: None
[2025-12-26T22:57:49.854+0530] {taskinstance.py:441} INFO - ::group::Post task execution logs
[2025-12-26T22:57:49.857+0530] {taskinstance.py:1206} INFO - Marking task as SUCCESS. dag_id=example_dynamic_task_mapping, task_id=sum_it, run_id=scheduled__2022-10-06T00:00:00+00:00, execution_date=20221006T000000, start_date=20251226T172749, end_date=20251226T172749
[2025-12-26T22:57:49.880+0530] {local_task_job_runner.py:243} INFO - Task exited with return code 0
[2025-12-26T22:57:49.890+0530] {taskinstance.py:3503} INFO - 0 downstream tasks scheduled from follow-on schedule check
[2025-12-26T22:57:49.890+0530] {local_task_job_runner.py:222} INFO - ::endgroup::
[2026-03-11T00:04:06.897+0530] {local_task_job_runner.py:120} INFO - ::group::Pre task execution logs
[2026-03-11T00:04:06.949+0530] {taskinstance.py:2076} INFO - Dependencies all met for dep_context=non-requeueable deps ti=<TaskInstance: example_dynamic_task_mapping.sum_it scheduled__2022-10-06T00:00:00+00:00 [queued]>
[2026-03-11T00:04:06.964+0530] {taskinstance.py:2076} INFO - Dependencies all met for dep_context=requeueable deps ti=<TaskInstance: example_dynamic_task_mapping.sum_it scheduled__2022-10-06T00:00:00+00:00 [queued]>
[2026-03-11T00:04:06.964+0530] {taskinstance.py:2306} INFO - Starting attempt 1 of 1
[2026-03-11T00:04:07.012+0530] {taskinstance.py:2330} INFO - Executing <Task(_PythonDecoratedOperator): sum_it> on 2022-10-06 00:00:00+00:00
[2026-03-11T00:04:07.033+0530] {standard_task_runner.py:64} INFO - Started process 17061 to run task
[2026-03-11T00:04:07.044+0530] {standard_task_runner.py:90} INFO - Running: ['airflow', 'tasks', 'run', 'example_dynamic_task_mapping', 'sum_it', 'scheduled__2022-10-06T00:00:00+00:00', '--job-id', '1559', '--raw', '--subdir', '/home/sathya/projects/training-kit/.venv-airflow/lib/python3.10/site-packages/airflow/example_dags/example_dynamic_task_mapping.py', '--cfg-path', '/tmp/tmp67y0kax8']
[2026-03-11T00:04:07.050+0530] {standard_task_runner.py:91} INFO - Job 1559: Subtask sum_it
[2026-03-11T00:04:07.169+0530] {task_command.py:426} INFO - Running <TaskInstance: example_dynamic_task_mapping.sum_it scheduled__2022-10-06T00:00:00+00:00 [running]> on host LAPTOP-A1PMOBSE.localdomain
[2026-03-11T00:04:07.410+0530] {taskinstance.py:2648} INFO - Exporting env vars: AIRFLOW_CTX_DAG_OWNER='airflow' AIRFLOW_CTX_DAG_ID='example_dynamic_task_mapping' AIRFLOW_CTX_TASK_ID='sum_it' AIRFLOW_CTX_EXECUTION_DATE='2022-10-06T00:00:00+00:00' AIRFLOW_CTX_TRY_NUMBER='1' AIRFLOW_CTX_DAG_RUN_ID='scheduled__2022-10-06T00:00:00+00:00'
[2026-03-11T00:04:07.418+0530] {taskinstance.py:430} INFO - ::endgroup::
[2026-03-11T00:04:07.428+0530] {logging_mixin.py:188} INFO - Total was 9
[2026-03-11T00:04:07.428+0530] {python.py:237} INFO - Done. Returned value was: None
[2026-03-11T00:04:07.429+0530] {taskinstance.py:441} INFO - ::group::Post task execution logs
[2026-03-11T00:04:07.446+0530] {taskinstance.py:1206} INFO - Marking task as SUCCESS. dag_id=example_dynamic_task_mapping, task_id=sum_it, run_id=scheduled__2022-10-06T00:00:00+00:00, execution_date=20221006T000000, start_date=20260310T183406, end_date=20260310T183407
[2026-03-11T00:04:07.533+0530] {local_task_job_runner.py:243} INFO - Task exited with return code 0
[2026-03-11T00:04:07.562+0530] {taskinstance.py:3503} INFO - 0 downstream tasks scheduled from follow-on schedule check
[2026-03-11T00:04:07.563+0530] {local_task_job_runner.py:222} INFO - ::endgroup::
