[2025-12-26T22:23:12.842+0530] {local_task_job_runner.py:120} INFO - ::group::Pre task execution logs
[2025-12-26T22:23:12.859+0530] {taskinstance.py:2076} INFO - Dependencies all met for dep_context=non-requeueable deps ti=<TaskInstance: example_branch_dop_operator_v3.should_run scheduled__2025-12-26T16:52:00+00:00 [queued]>
[2025-12-26T22:23:12.863+0530] {taskinstance.py:2076} INFO - Dependencies all met for dep_context=requeueable deps ti=<TaskInstance: example_branch_dop_operator_v3.should_run scheduled__2025-12-26T16:52:00+00:00 [queued]>
[2025-12-26T22:23:12.864+0530] {taskinstance.py:2306} INFO - Starting attempt 1 of 1
[2025-12-26T22:23:12.878+0530] {taskinstance.py:2330} INFO - Executing <Task(_BranchPythonDecoratedOperator): should_run> on 2025-12-26 16:52:00+00:00
[2025-12-26T22:23:12.881+0530] {standard_task_runner.py:64} INFO - Started process 6219 to run task
[2025-12-26T22:23:12.884+0530] {standard_task_runner.py:90} INFO - Running: ['airflow', 'tasks', 'run', 'example_branch_dop_operator_v3', 'should_run', 'scheduled__2025-12-26T16:52:00+00:00', '--job-id', '533', '--raw', '--subdir', '/home/sathya/projects/training-kit/.venv-airflow/lib/python3.10/site-packages/airflow/example_dags/example_branch_python_dop_operator_3.py', '--cfg-path', '/tmp/tmp81s4pgsf']
[2025-12-26T22:23:12.884+0530] {standard_task_runner.py:91} INFO - Job 533: Subtask should_run
[2025-12-26T22:23:12.915+0530] {task_command.py:426} INFO - Running <TaskInstance: example_branch_dop_operator_v3.should_run scheduled__2025-12-26T16:52:00+00:00 [running]> on host LAPTOP-A1PMOBSE.localdomain
[2025-12-26T22:23:12.966+0530] {taskinstance.py:2648} INFO - Exporting env vars: AIRFLOW_CTX_DAG_OWNER='airflow' AIRFLOW_CTX_DAG_ID='example_branch_dop_operator_v3' AIRFLOW_CTX_TASK_ID='should_run' AIRFLOW_CTX_EXECUTION_DATE='2025-12-26T16:52:00+00:00' AIRFLOW_CTX_TRY_NUMBER='1' AIRFLOW_CTX_DAG_RUN_ID='scheduled__2025-12-26T16:52:00+00:00'
[2025-12-26T22:23:12.967+0530] {taskinstance.py:430} INFO - ::endgroup::
[2025-12-26T22:23:12.971+0530] {logging_mixin.py:188} WARNING - /home/sathya/projects/training-kit/.venv-airflow/lib/python3.10/site-packages/airflow/utils/context.py:320 AirflowContextDeprecationWarning: Accessing 'execution_date' from the template is deprecated and will be removed in a future version. Please use 'data_interval_start' or 'logical_date' instead.
[2025-12-26T22:23:12.971+0530] {logging_mixin.py:188} INFO - ------------- exec dttm = 2025-12-26 16:52:00+00:00 and minute = 52
[2025-12-26T22:23:12.971+0530] {python.py:237} INFO - Done. Returned value was: empty_task_1
[2025-12-26T22:23:12.971+0530] {branch.py:36} INFO - Branch into empty_task_1
[2025-12-26T22:23:12.971+0530] {skipmixin.py:178} INFO - Following branch empty_task_1
[2025-12-26T22:23:12.974+0530] {skipmixin.py:246} INFO - Skipping tasks [('empty_task_2', -1)]
[2025-12-26T22:23:12.992+0530] {taskinstance.py:441} INFO - ::group::Post task execution logs
[2025-12-26T22:23:13.003+0530] {taskinstance.py:1206} INFO - Marking task as SUCCESS. dag_id=example_branch_dop_operator_v3, task_id=should_run, run_id=scheduled__2025-12-26T16:52:00+00:00, execution_date=20251226T165200, start_date=20251226T165312, end_date=20251226T165313
[2025-12-26T22:23:13.056+0530] {local_task_job_runner.py:243} INFO - Task exited with return code 0
[2025-12-26T22:23:13.068+0530] {taskinstance.py:3503} INFO - 0 downstream tasks scheduled from follow-on schedule check
[2025-12-26T22:23:13.069+0530] {local_task_job_runner.py:222} INFO - ::endgroup::
