[2025-12-26T22:42:34.319+0530] {local_task_job_runner.py:120} INFO - ::group::Pre task execution logs
[2025-12-26T22:42:34.337+0530] {taskinstance.py:2076} INFO - Dependencies all met for dep_context=non-requeueable deps ti=<TaskInstance: example_dynamic_task_mapping.add_one scheduled__2022-08-06T00:00:00+00:00 map_index=0 [queued]>
[2025-12-26T22:42:34.342+0530] {taskinstance.py:2076} INFO - Dependencies all met for dep_context=requeueable deps ti=<TaskInstance: example_dynamic_task_mapping.add_one scheduled__2022-08-06T00:00:00+00:00 map_index=0 [queued]>
[2025-12-26T22:42:34.342+0530] {taskinstance.py:2306} INFO - Starting attempt 1 of 1
[2025-12-26T22:42:34.355+0530] {taskinstance.py:2330} INFO - Executing <Mapped(_PythonDecoratedOperator): add_one> on 2022-08-06 00:00:00+00:00
[2025-12-26T22:42:34.357+0530] {standard_task_runner.py:64} INFO - Started process 8594 to run task
[2025-12-26T22:42:34.361+0530] {standard_task_runner.py:90} INFO - Running: ['airflow', 'tasks', 'run', 'example_dynamic_task_mapping', 'add_one', 'scheduled__2022-08-06T00:00:00+00:00', '--job-id', '935', '--raw', '--subdir', '/home/sathya/projects/training-kit/.venv-airflow/lib/python3.10/site-packages/airflow/example_dags/example_dynamic_task_mapping.py', '--cfg-path', '/tmp/tmpg85euaxd', '--map-index', '0']
[2025-12-26T22:42:34.361+0530] {standard_task_runner.py:91} INFO - Job 935: Subtask add_one
[2025-12-26T22:42:34.396+0530] {task_command.py:426} INFO - Running <TaskInstance: example_dynamic_task_mapping.add_one scheduled__2022-08-06T00:00:00+00:00 map_index=0 [running]> on host LAPTOP-A1PMOBSE.localdomain
[2025-12-26T22:42:34.462+0530] {taskinstance.py:2648} INFO - Exporting env vars: AIRFLOW_CTX_DAG_OWNER='airflow' AIRFLOW_CTX_DAG_ID='example_dynamic_task_mapping' AIRFLOW_CTX_TASK_ID='add_one' AIRFLOW_CTX_EXECUTION_DATE='2022-08-06T00:00:00+00:00' AIRFLOW_CTX_TRY_NUMBER='1' AIRFLOW_CTX_DAG_RUN_ID='scheduled__2022-08-06T00:00:00+00:00'
[2025-12-26T22:42:34.463+0530] {taskinstance.py:430} INFO - ::endgroup::
[2025-12-26T22:42:34.463+0530] {python.py:237} INFO - Done. Returned value was: 2
[2025-12-26T22:42:34.463+0530] {taskinstance.py:441} INFO - ::group::Post task execution logs
[2025-12-26T22:42:34.477+0530] {taskinstance.py:1206} INFO - Marking task as SUCCESS. dag_id=example_dynamic_task_mapping, task_id=add_one, run_id=scheduled__2022-08-06T00:00:00+00:00, map_index=0, execution_date=20220806T000000, start_date=20251226T171234, end_date=20251226T171234
[2025-12-26T22:42:34.494+0530] {local_task_job_runner.py:243} INFO - Task exited with return code 0
[2025-12-26T22:42:34.511+0530] {taskinstance.py:3503} INFO - 0 downstream tasks scheduled from follow-on schedule check
[2025-12-26T22:42:34.512+0530] {local_task_job_runner.py:222} INFO - ::endgroup::
[2026-03-10T23:29:59.730+0530] {local_task_job_runner.py:120} INFO - ::group::Pre task execution logs
[2026-03-10T23:29:59.792+0530] {taskinstance.py:2076} INFO - Dependencies all met for dep_context=non-requeueable deps ti=<TaskInstance: example_dynamic_task_mapping.add_one scheduled__2022-08-06T00:00:00+00:00 map_index=0 [queued]>
[2026-03-10T23:29:59.811+0530] {taskinstance.py:2076} INFO - Dependencies all met for dep_context=requeueable deps ti=<TaskInstance: example_dynamic_task_mapping.add_one scheduled__2022-08-06T00:00:00+00:00 map_index=0 [queued]>
[2026-03-10T23:29:59.812+0530] {taskinstance.py:2306} INFO - Starting attempt 1 of 1
[2026-03-10T23:29:59.863+0530] {taskinstance.py:2330} INFO - Executing <Mapped(_PythonDecoratedOperator): add_one> on 2022-08-06 00:00:00+00:00
[2026-03-10T23:29:59.875+0530] {standard_task_runner.py:64} INFO - Started process 12046 to run task
[2026-03-10T23:29:59.884+0530] {standard_task_runner.py:90} INFO - Running: ['airflow', 'tasks', 'run', 'example_dynamic_task_mapping', 'add_one', 'scheduled__2022-08-06T00:00:00+00:00', '--job-id', '1085', '--raw', '--subdir', '/home/sathya/projects/training-kit/.venv-airflow/lib/python3.10/site-packages/airflow/example_dags/example_dynamic_task_mapping.py', '--cfg-path', '/tmp/tmpsmpit3r8', '--map-index', '0']
[2026-03-10T23:29:59.889+0530] {standard_task_runner.py:91} INFO - Job 1085: Subtask add_one
[2026-03-10T23:29:59.975+0530] {task_command.py:426} INFO - Running <TaskInstance: example_dynamic_task_mapping.add_one scheduled__2022-08-06T00:00:00+00:00 map_index=0 [running]> on host LAPTOP-A1PMOBSE.localdomain
[2026-03-10T23:30:00.152+0530] {taskinstance.py:2648} INFO - Exporting env vars: AIRFLOW_CTX_DAG_OWNER='airflow' AIRFLOW_CTX_DAG_ID='example_dynamic_task_mapping' AIRFLOW_CTX_TASK_ID='add_one' AIRFLOW_CTX_EXECUTION_DATE='2022-08-06T00:00:00+00:00' AIRFLOW_CTX_TRY_NUMBER='1' AIRFLOW_CTX_DAG_RUN_ID='scheduled__2022-08-06T00:00:00+00:00'
[2026-03-10T23:30:00.156+0530] {taskinstance.py:430} INFO - ::endgroup::
[2026-03-10T23:30:00.157+0530] {python.py:237} INFO - Done. Returned value was: 2
[2026-03-10T23:30:00.157+0530] {taskinstance.py:441} INFO - ::group::Post task execution logs
[2026-03-10T23:30:00.203+0530] {taskinstance.py:1206} INFO - Marking task as SUCCESS. dag_id=example_dynamic_task_mapping, task_id=add_one, run_id=scheduled__2022-08-06T00:00:00+00:00, map_index=0, execution_date=20220806T000000, start_date=20260310T175959, end_date=20260310T180000
[2026-03-10T23:30:00.276+0530] {local_task_job_runner.py:243} INFO - Task exited with return code 0
[2026-03-10T23:30:00.332+0530] {taskinstance.py:3503} INFO - 0 downstream tasks scheduled from follow-on schedule check
[2026-03-10T23:30:00.334+0530] {local_task_job_runner.py:222} INFO - ::endgroup::
