[2025-12-26T22:31:20.005+0530] {local_task_job_runner.py:120} INFO - ::group::Pre task execution logs
[2025-12-26T22:31:20.022+0530] {taskinstance.py:2076} INFO - Dependencies all met for dep_context=non-requeueable deps ti=<TaskInstance: example_dynamic_task_mapping.add_one scheduled__2022-06-23T00:00:00+00:00 map_index=2 [queued]>
[2025-12-26T22:31:20.026+0530] {taskinstance.py:2076} INFO - Dependencies all met for dep_context=requeueable deps ti=<TaskInstance: example_dynamic_task_mapping.add_one scheduled__2022-06-23T00:00:00+00:00 map_index=2 [queued]>
[2025-12-26T22:31:20.027+0530] {taskinstance.py:2306} INFO - Starting attempt 1 of 1
[2025-12-26T22:31:20.040+0530] {taskinstance.py:2330} INFO - Executing <Mapped(_PythonDecoratedOperator): add_one> on 2022-06-23 00:00:00+00:00
[2025-12-26T22:31:20.043+0530] {standard_task_runner.py:64} INFO - Started process 7224 to run task
[2025-12-26T22:31:20.045+0530] {standard_task_runner.py:90} INFO - Running: ['airflow', 'tasks', 'run', 'example_dynamic_task_mapping', 'add_one', 'scheduled__2022-06-23T00:00:00+00:00', '--job-id', '707', '--raw', '--subdir', '/home/sathya/projects/training-kit/.venv-airflow/lib/python3.10/site-packages/airflow/example_dags/example_dynamic_task_mapping.py', '--cfg-path', '/tmp/tmphj5tp8fo', '--map-index', '2']
[2025-12-26T22:31:20.046+0530] {standard_task_runner.py:91} INFO - Job 707: Subtask add_one
[2025-12-26T22:31:20.075+0530] {task_command.py:426} INFO - Running <TaskInstance: example_dynamic_task_mapping.add_one scheduled__2022-06-23T00:00:00+00:00 map_index=2 [running]> on host LAPTOP-A1PMOBSE.localdomain
[2025-12-26T22:31:20.127+0530] {taskinstance.py:2648} INFO - Exporting env vars: AIRFLOW_CTX_DAG_OWNER='airflow' AIRFLOW_CTX_DAG_ID='example_dynamic_task_mapping' AIRFLOW_CTX_TASK_ID='add_one' AIRFLOW_CTX_EXECUTION_DATE='2022-06-23T00:00:00+00:00' AIRFLOW_CTX_TRY_NUMBER='1' AIRFLOW_CTX_DAG_RUN_ID='scheduled__2022-06-23T00:00:00+00:00'
[2025-12-26T22:31:20.127+0530] {taskinstance.py:430} INFO - ::endgroup::
[2025-12-26T22:31:20.128+0530] {python.py:237} INFO - Done. Returned value was: 4
[2025-12-26T22:31:20.128+0530] {taskinstance.py:441} INFO - ::group::Post task execution logs
[2025-12-26T22:31:20.140+0530] {taskinstance.py:1206} INFO - Marking task as SUCCESS. dag_id=example_dynamic_task_mapping, task_id=add_one, run_id=scheduled__2022-06-23T00:00:00+00:00, map_index=2, execution_date=20220623T000000, start_date=20251226T170120, end_date=20251226T170120
[2025-12-26T22:31:20.182+0530] {local_task_job_runner.py:243} INFO - Task exited with return code 0
[2025-12-26T22:31:20.206+0530] {taskinstance.py:3503} INFO - 1 downstream tasks scheduled from follow-on schedule check
[2025-12-26T22:31:20.214+0530] {local_task_job_runner.py:222} INFO - ::endgroup::
[2026-03-10T23:19:22.234+0530] {local_task_job_runner.py:120} INFO - ::group::Pre task execution logs
[2026-03-10T23:19:22.275+0530] {taskinstance.py:2076} INFO - Dependencies all met for dep_context=non-requeueable deps ti=<TaskInstance: example_dynamic_task_mapping.add_one scheduled__2022-06-23T00:00:00+00:00 map_index=2 [queued]>
[2026-03-10T23:19:22.284+0530] {taskinstance.py:2076} INFO - Dependencies all met for dep_context=requeueable deps ti=<TaskInstance: example_dynamic_task_mapping.add_one scheduled__2022-06-23T00:00:00+00:00 map_index=2 [queued]>
[2026-03-10T23:19:22.284+0530] {taskinstance.py:2306} INFO - Starting attempt 1 of 1
[2026-03-10T23:19:22.309+0530] {taskinstance.py:2330} INFO - Executing <Mapped(_PythonDecoratedOperator): add_one> on 2022-06-23 00:00:00+00:00
[2026-03-10T23:19:22.315+0530] {standard_task_runner.py:64} INFO - Started process 9443 to run task
[2026-03-10T23:19:22.321+0530] {standard_task_runner.py:90} INFO - Running: ['airflow', 'tasks', 'run', 'example_dynamic_task_mapping', 'add_one', 'scheduled__2022-06-23T00:00:00+00:00', '--job-id', '834', '--raw', '--subdir', '/home/sathya/projects/training-kit/.venv-airflow/lib/python3.10/site-packages/airflow/example_dags/example_dynamic_task_mapping.py', '--cfg-path', '/tmp/tmpd40krvmo', '--map-index', '2']
[2026-03-10T23:19:22.323+0530] {standard_task_runner.py:91} INFO - Job 834: Subtask add_one
[2026-03-10T23:19:22.398+0530] {task_command.py:426} INFO - Running <TaskInstance: example_dynamic_task_mapping.add_one scheduled__2022-06-23T00:00:00+00:00 map_index=2 [running]> on host LAPTOP-A1PMOBSE.localdomain
[2026-03-10T23:19:22.495+0530] {taskinstance.py:2648} INFO - Exporting env vars: AIRFLOW_CTX_DAG_OWNER='airflow' AIRFLOW_CTX_DAG_ID='example_dynamic_task_mapping' AIRFLOW_CTX_TASK_ID='add_one' AIRFLOW_CTX_EXECUTION_DATE='2022-06-23T00:00:00+00:00' AIRFLOW_CTX_TRY_NUMBER='1' AIRFLOW_CTX_DAG_RUN_ID='scheduled__2022-06-23T00:00:00+00:00'
[2026-03-10T23:19:22.500+0530] {taskinstance.py:430} INFO - ::endgroup::
[2026-03-10T23:19:22.501+0530] {python.py:237} INFO - Done. Returned value was: 4
[2026-03-10T23:19:22.501+0530] {taskinstance.py:441} INFO - ::group::Post task execution logs
[2026-03-10T23:19:22.529+0530] {taskinstance.py:1206} INFO - Marking task as SUCCESS. dag_id=example_dynamic_task_mapping, task_id=add_one, run_id=scheduled__2022-06-23T00:00:00+00:00, map_index=2, execution_date=20220623T000000, start_date=20260310T174922, end_date=20260310T174922
[2026-03-10T23:19:22.595+0530] {local_task_job_runner.py:243} INFO - Task exited with return code 0
[2026-03-10T23:19:22.617+0530] {taskinstance.py:3503} INFO - 1 downstream tasks scheduled from follow-on schedule check
[2026-03-10T23:19:22.630+0530] {local_task_job_runner.py:222} INFO - ::endgroup::
