[2025-12-26T22:05:29.140+0530] {local_task_job_runner.py:120} INFO - ::group::Pre task execution logs
[2025-12-26T22:05:29.174+0530] {taskinstance.py:2076} INFO - Dependencies all met for dep_context=non-requeueable deps ti=<TaskInstance: example_dynamic_task_mapping.add_one scheduled__2022-03-04T00:00:00+00:00 map_index=0 [queued]>
[2025-12-26T22:05:29.183+0530] {taskinstance.py:2076} INFO - Dependencies all met for dep_context=requeueable deps ti=<TaskInstance: example_dynamic_task_mapping.add_one scheduled__2022-03-04T00:00:00+00:00 map_index=0 [queued]>
[2025-12-26T22:05:29.184+0530] {taskinstance.py:2306} INFO - Starting attempt 1 of 1
[2025-12-26T22:05:29.214+0530] {taskinstance.py:2330} INFO - Executing <Mapped(_PythonDecoratedOperator): add_one> on 2022-03-04 00:00:00+00:00
[2025-12-26T22:05:29.218+0530] {standard_task_runner.py:64} INFO - Started process 3592 to run task
[2025-12-26T22:05:29.222+0530] {standard_task_runner.py:90} INFO - Running: ['airflow', 'tasks', 'run', 'example_dynamic_task_mapping', 'add_one', 'scheduled__2022-03-04T00:00:00+00:00', '--job-id', '29', '--raw', '--subdir', '/home/sathya/projects/training-kit/.venv-airflow/lib/python3.10/site-packages/airflow/example_dags/example_dynamic_task_mapping.py', '--cfg-path', '/tmp/tmpjssy3rp2', '--map-index', '0']
[2025-12-26T22:05:29.222+0530] {standard_task_runner.py:91} INFO - Job 29: Subtask add_one
[2025-12-26T22:05:29.308+0530] {task_command.py:426} INFO - Running <TaskInstance: example_dynamic_task_mapping.add_one scheduled__2022-03-04T00:00:00+00:00 map_index=0 [running]> on host LAPTOP-A1PMOBSE.localdomain
[2025-12-26T22:05:29.400+0530] {taskinstance.py:2648} INFO - Exporting env vars: AIRFLOW_CTX_DAG_OWNER='airflow' AIRFLOW_CTX_DAG_ID='example_dynamic_task_mapping' AIRFLOW_CTX_TASK_ID='add_one' AIRFLOW_CTX_EXECUTION_DATE='2022-03-04T00:00:00+00:00' AIRFLOW_CTX_TRY_NUMBER='1' AIRFLOW_CTX_DAG_RUN_ID='scheduled__2022-03-04T00:00:00+00:00'
[2025-12-26T22:05:29.407+0530] {taskinstance.py:430} INFO - ::endgroup::
[2025-12-26T22:05:29.408+0530] {python.py:237} INFO - Done. Returned value was: 2
[2025-12-26T22:05:29.408+0530] {taskinstance.py:441} INFO - ::group::Post task execution logs
[2025-12-26T22:05:29.442+0530] {taskinstance.py:1206} INFO - Marking task as SUCCESS. dag_id=example_dynamic_task_mapping, task_id=add_one, run_id=scheduled__2022-03-04T00:00:00+00:00, map_index=0, execution_date=20220304T000000, start_date=20251226T163529, end_date=20251226T163529
[2025-12-26T22:05:29.476+0530] {local_task_job_runner.py:243} INFO - Task exited with return code 0
[2025-12-26T22:05:29.519+0530] {taskinstance.py:3503} INFO - 0 downstream tasks scheduled from follow-on schedule check
[2025-12-26T22:05:29.520+0530] {local_task_job_runner.py:222} INFO - ::endgroup::
[2026-03-09T20:59:50.182+0530] {local_task_job_runner.py:120} INFO - ::group::Pre task execution logs
[2026-03-09T20:59:50.202+0530] {taskinstance.py:2076} INFO - Dependencies all met for dep_context=non-requeueable deps ti=<TaskInstance: example_dynamic_task_mapping.add_one scheduled__2022-03-04T00:00:00+00:00 map_index=0 [queued]>
[2026-03-09T20:59:50.205+0530] {taskinstance.py:2076} INFO - Dependencies all met for dep_context=requeueable deps ti=<TaskInstance: example_dynamic_task_mapping.add_one scheduled__2022-03-04T00:00:00+00:00 map_index=0 [queued]>
[2026-03-09T20:59:50.206+0530] {taskinstance.py:2306} INFO - Starting attempt 1 of 1
[2026-03-09T20:59:50.221+0530] {taskinstance.py:2330} INFO - Executing <Mapped(_PythonDecoratedOperator): add_one> on 2022-03-04 00:00:00+00:00
[2026-03-09T20:59:50.226+0530] {standard_task_runner.py:64} INFO - Started process 20274 to run task
[2026-03-09T20:59:50.230+0530] {standard_task_runner.py:90} INFO - Running: ['airflow', 'tasks', 'run', 'example_dynamic_task_mapping', 'add_one', 'scheduled__2022-03-04T00:00:00+00:00', '--job-id', '12', '--raw', '--subdir', '/home/sathya/projects/training-kit/.venv-airflow/lib/python3.10/site-packages/airflow/example_dags/example_dynamic_task_mapping.py', '--cfg-path', '/tmp/tmpei2i202l', '--map-index', '0']
[2026-03-09T20:59:50.231+0530] {standard_task_runner.py:91} INFO - Job 12: Subtask add_one
[2026-03-09T20:59:50.266+0530] {task_command.py:426} INFO - Running <TaskInstance: example_dynamic_task_mapping.add_one scheduled__2022-03-04T00:00:00+00:00 map_index=0 [running]> on host LAPTOP-A1PMOBSE.localdomain
[2026-03-09T20:59:50.322+0530] {taskinstance.py:2648} INFO - Exporting env vars: AIRFLOW_CTX_DAG_OWNER='airflow' AIRFLOW_CTX_DAG_ID='example_dynamic_task_mapping' AIRFLOW_CTX_TASK_ID='add_one' AIRFLOW_CTX_EXECUTION_DATE='2022-03-04T00:00:00+00:00' AIRFLOW_CTX_TRY_NUMBER='1' AIRFLOW_CTX_DAG_RUN_ID='scheduled__2022-03-04T00:00:00+00:00'
[2026-03-09T20:59:50.323+0530] {taskinstance.py:430} INFO - ::endgroup::
[2026-03-09T20:59:50.324+0530] {python.py:237} INFO - Done. Returned value was: 2
[2026-03-09T20:59:50.324+0530] {taskinstance.py:441} INFO - ::group::Post task execution logs
[2026-03-09T20:59:50.337+0530] {taskinstance.py:1206} INFO - Marking task as SUCCESS. dag_id=example_dynamic_task_mapping, task_id=add_one, run_id=scheduled__2022-03-04T00:00:00+00:00, map_index=0, execution_date=20220304T000000, start_date=20260309T152950, end_date=20260309T152950
[2026-03-09T20:59:50.369+0530] {local_task_job_runner.py:243} INFO - Task exited with return code 0
[2026-03-09T20:59:50.386+0530] {taskinstance.py:3503} INFO - 0 downstream tasks scheduled from follow-on schedule check
[2026-03-09T20:59:50.387+0530] {local_task_job_runner.py:222} INFO - ::endgroup::
