[2025-12-26T23:03:51.491+0530] {local_task_job_runner.py:120} INFO - ::group::Pre task execution logs
[2025-12-26T23:03:51.520+0530] {taskinstance.py:2076} INFO - Dependencies all met for dep_context=non-requeueable deps ti=<TaskInstance: example_dynamic_task_mapping.add_one scheduled__2022-10-20T00:00:00+00:00 map_index=1 [queued]>
[2025-12-26T23:03:51.529+0530] {taskinstance.py:2076} INFO - Dependencies all met for dep_context=requeueable deps ti=<TaskInstance: example_dynamic_task_mapping.add_one scheduled__2022-10-20T00:00:00+00:00 map_index=1 [queued]>
[2025-12-26T23:03:51.529+0530] {taskinstance.py:2306} INFO - Starting attempt 1 of 1
[2025-12-26T23:03:51.561+0530] {taskinstance.py:2330} INFO - Executing <Mapped(_PythonDecoratedOperator): add_one> on 2022-10-20 00:00:00+00:00
[2025-12-26T23:03:51.565+0530] {standard_task_runner.py:64} INFO - Started process 10995 to run task
[2025-12-26T23:03:51.569+0530] {standard_task_runner.py:90} INFO - Running: ['airflow', 'tasks', 'run', 'example_dynamic_task_mapping', 'add_one', 'scheduled__2022-10-20T00:00:00+00:00', '--job-id', '1342', '--raw', '--subdir', '/home/sathya/projects/training-kit/.venv-airflow/lib/python3.10/site-packages/airflow/example_dags/example_dynamic_task_mapping.py', '--cfg-path', '/tmp/tmpiaytg5it', '--map-index', '1']
[2025-12-26T23:03:51.570+0530] {standard_task_runner.py:91} INFO - Job 1342: Subtask add_one
[2025-12-26T23:03:51.656+0530] {task_command.py:426} INFO - Running <TaskInstance: example_dynamic_task_mapping.add_one scheduled__2022-10-20T00:00:00+00:00 map_index=1 [running]> on host LAPTOP-A1PMOBSE.localdomain
[2025-12-26T23:03:51.860+0530] {taskinstance.py:2648} INFO - Exporting env vars: AIRFLOW_CTX_DAG_OWNER='airflow' AIRFLOW_CTX_DAG_ID='example_dynamic_task_mapping' AIRFLOW_CTX_TASK_ID='add_one' AIRFLOW_CTX_EXECUTION_DATE='2022-10-20T00:00:00+00:00' AIRFLOW_CTX_TRY_NUMBER='1' AIRFLOW_CTX_DAG_RUN_ID='scheduled__2022-10-20T00:00:00+00:00'
[2025-12-26T23:03:51.865+0530] {taskinstance.py:430} INFO - ::endgroup::
[2025-12-26T23:03:51.868+0530] {python.py:237} INFO - Done. Returned value was: 3
[2025-12-26T23:03:51.869+0530] {taskinstance.py:441} INFO - ::group::Post task execution logs
[2025-12-26T23:03:51.893+0530] {taskinstance.py:1206} INFO - Marking task as SUCCESS. dag_id=example_dynamic_task_mapping, task_id=add_one, run_id=scheduled__2022-10-20T00:00:00+00:00, map_index=1, execution_date=20221020T000000, start_date=20251226T173351, end_date=20251226T173351
[2025-12-26T23:03:52.008+0530] {local_task_job_runner.py:243} INFO - Task exited with return code 0
[2025-12-26T23:03:52.034+0530] {taskinstance.py:3503} INFO - 0 downstream tasks scheduled from follow-on schedule check
[2025-12-26T23:03:52.035+0530] {local_task_job_runner.py:222} INFO - ::endgroup::
[2026-03-11T22:28:13.373+0530] {local_task_job_runner.py:120} INFO - ::group::Pre task execution logs
[2026-03-11T22:28:13.401+0530] {taskinstance.py:2076} INFO - Dependencies all met for dep_context=non-requeueable deps ti=<TaskInstance: example_dynamic_task_mapping.add_one scheduled__2022-10-20T00:00:00+00:00 map_index=1 [queued]>
[2026-03-11T22:28:13.405+0530] {taskinstance.py:2076} INFO - Dependencies all met for dep_context=requeueable deps ti=<TaskInstance: example_dynamic_task_mapping.add_one scheduled__2022-10-20T00:00:00+00:00 map_index=1 [queued]>
[2026-03-11T22:28:13.405+0530] {taskinstance.py:2306} INFO - Starting attempt 1 of 1
[2026-03-11T22:28:13.422+0530] {taskinstance.py:2330} INFO - Executing <Mapped(_PythonDecoratedOperator): add_one> on 2022-10-20 00:00:00+00:00
[2026-03-11T22:28:13.428+0530] {standard_task_runner.py:64} INFO - Started process 7562 to run task
[2026-03-11T22:28:13.433+0530] {standard_task_runner.py:90} INFO - Running: ['airflow', 'tasks', 'run', 'example_dynamic_task_mapping', 'add_one', 'scheduled__2022-10-20T00:00:00+00:00', '--job-id', '1779', '--raw', '--subdir', '/home/sathya/projects/training-kit/.venv-airflow/lib/python3.10/site-packages/airflow/example_dags/example_dynamic_task_mapping.py', '--cfg-path', '/tmp/tmp15o6sndh', '--map-index', '1']
[2026-03-11T22:28:13.436+0530] {standard_task_runner.py:91} INFO - Job 1779: Subtask add_one
[2026-03-11T22:28:13.479+0530] {task_command.py:426} INFO - Running <TaskInstance: example_dynamic_task_mapping.add_one scheduled__2022-10-20T00:00:00+00:00 map_index=1 [running]> on host LAPTOP-A1PMOBSE.localdomain
[2026-03-11T22:28:13.545+0530] {taskinstance.py:2648} INFO - Exporting env vars: AIRFLOW_CTX_DAG_OWNER='airflow' AIRFLOW_CTX_DAG_ID='example_dynamic_task_mapping' AIRFLOW_CTX_TASK_ID='add_one' AIRFLOW_CTX_EXECUTION_DATE='2022-10-20T00:00:00+00:00' AIRFLOW_CTX_TRY_NUMBER='1' AIRFLOW_CTX_DAG_RUN_ID='scheduled__2022-10-20T00:00:00+00:00'
[2026-03-11T22:28:13.546+0530] {taskinstance.py:430} INFO - ::endgroup::
[2026-03-11T22:28:13.547+0530] {python.py:237} INFO - Done. Returned value was: 3
[2026-03-11T22:28:13.547+0530] {taskinstance.py:441} INFO - ::group::Post task execution logs
[2026-03-11T22:28:13.565+0530] {taskinstance.py:1206} INFO - Marking task as SUCCESS. dag_id=example_dynamic_task_mapping, task_id=add_one, run_id=scheduled__2022-10-20T00:00:00+00:00, map_index=1, execution_date=20221020T000000, start_date=20260311T165813, end_date=20260311T165813
[2026-03-11T22:28:13.611+0530] {local_task_job_runner.py:243} INFO - Task exited with return code 0
[2026-03-11T22:28:13.631+0530] {taskinstance.py:3503} INFO - 0 downstream tasks scheduled from follow-on schedule check
[2026-03-11T22:28:13.632+0530] {local_task_job_runner.py:222} INFO - ::endgroup::
