[2025-12-26T22:41:40.044+0530] {local_task_job_runner.py:120} INFO - ::group::Pre task execution logs
[2025-12-26T22:41:40.062+0530] {taskinstance.py:2076} INFO - Dependencies all met for dep_context=non-requeueable deps ti=<TaskInstance: example_dynamic_task_mapping.add_one scheduled__2022-08-01T00:00:00+00:00 map_index=2 [queued]>
[2025-12-26T22:41:40.067+0530] {taskinstance.py:2076} INFO - Dependencies all met for dep_context=requeueable deps ti=<TaskInstance: example_dynamic_task_mapping.add_one scheduled__2022-08-01T00:00:00+00:00 map_index=2 [queued]>
[2025-12-26T22:41:40.068+0530] {taskinstance.py:2306} INFO - Starting attempt 1 of 1
[2025-12-26T22:41:40.082+0530] {taskinstance.py:2330} INFO - Executing <Mapped(_PythonDecoratedOperator): add_one> on 2022-08-01 00:00:00+00:00
[2025-12-26T22:41:40.084+0530] {standard_task_runner.py:64} INFO - Started process 8481 to run task
[2025-12-26T22:41:40.087+0530] {standard_task_runner.py:90} INFO - Running: ['airflow', 'tasks', 'run', 'example_dynamic_task_mapping', 'add_one', 'scheduled__2022-08-01T00:00:00+00:00', '--job-id', '914', '--raw', '--subdir', '/home/sathya/projects/training-kit/.venv-airflow/lib/python3.10/site-packages/airflow/example_dags/example_dynamic_task_mapping.py', '--cfg-path', '/tmp/tmp02bx2g5_', '--map-index', '2']
[2025-12-26T22:41:40.087+0530] {standard_task_runner.py:91} INFO - Job 914: Subtask add_one
[2025-12-26T22:41:40.118+0530] {task_command.py:426} INFO - Running <TaskInstance: example_dynamic_task_mapping.add_one scheduled__2022-08-01T00:00:00+00:00 map_index=2 [running]> on host LAPTOP-A1PMOBSE.localdomain
[2025-12-26T22:41:40.180+0530] {taskinstance.py:2648} INFO - Exporting env vars: AIRFLOW_CTX_DAG_OWNER='airflow' AIRFLOW_CTX_DAG_ID='example_dynamic_task_mapping' AIRFLOW_CTX_TASK_ID='add_one' AIRFLOW_CTX_EXECUTION_DATE='2022-08-01T00:00:00+00:00' AIRFLOW_CTX_TRY_NUMBER='1' AIRFLOW_CTX_DAG_RUN_ID='scheduled__2022-08-01T00:00:00+00:00'
[2025-12-26T22:41:40.181+0530] {taskinstance.py:430} INFO - ::endgroup::
[2025-12-26T22:41:40.181+0530] {python.py:237} INFO - Done. Returned value was: 4
[2025-12-26T22:41:40.181+0530] {taskinstance.py:441} INFO - ::group::Post task execution logs
[2025-12-26T22:41:40.195+0530] {taskinstance.py:1206} INFO - Marking task as SUCCESS. dag_id=example_dynamic_task_mapping, task_id=add_one, run_id=scheduled__2022-08-01T00:00:00+00:00, map_index=2, execution_date=20220801T000000, start_date=20251226T171140, end_date=20251226T171140
[2025-12-26T22:41:40.230+0530] {local_task_job_runner.py:243} INFO - Task exited with return code 0
[2025-12-26T22:41:40.246+0530] {taskinstance.py:3503} INFO - 1 downstream tasks scheduled from follow-on schedule check
[2025-12-26T22:41:40.254+0530] {local_task_job_runner.py:222} INFO - ::endgroup::
[2026-03-10T23:28:29.037+0530] {local_task_job_runner.py:120} INFO - ::group::Pre task execution logs
[2026-03-10T23:28:29.139+0530] {taskinstance.py:2076} INFO - Dependencies all met for dep_context=non-requeueable deps ti=<TaskInstance: example_dynamic_task_mapping.add_one scheduled__2022-08-01T00:00:00+00:00 map_index=2 [queued]>
[2026-03-10T23:28:29.169+0530] {taskinstance.py:2076} INFO - Dependencies all met for dep_context=requeueable deps ti=<TaskInstance: example_dynamic_task_mapping.add_one scheduled__2022-08-01T00:00:00+00:00 map_index=2 [queued]>
[2026-03-10T23:28:29.169+0530] {taskinstance.py:2306} INFO - Starting attempt 1 of 1
[2026-03-10T23:28:29.221+0530] {taskinstance.py:2330} INFO - Executing <Mapped(_PythonDecoratedOperator): add_one> on 2022-08-01 00:00:00+00:00
[2026-03-10T23:28:29.232+0530] {standard_task_runner.py:64} INFO - Started process 11748 to run task
[2026-03-10T23:28:29.244+0530] {standard_task_runner.py:90} INFO - Running: ['airflow', 'tasks', 'run', 'example_dynamic_task_mapping', 'add_one', 'scheduled__2022-08-01T00:00:00+00:00', '--job-id', '1055', '--raw', '--subdir', '/home/sathya/projects/training-kit/.venv-airflow/lib/python3.10/site-packages/airflow/example_dags/example_dynamic_task_mapping.py', '--cfg-path', '/tmp/tmp8wo9lftk', '--map-index', '2']
[2026-03-10T23:28:29.249+0530] {standard_task_runner.py:91} INFO - Job 1055: Subtask add_one
[2026-03-10T23:28:29.380+0530] {task_command.py:426} INFO - Running <TaskInstance: example_dynamic_task_mapping.add_one scheduled__2022-08-01T00:00:00+00:00 map_index=2 [running]> on host LAPTOP-A1PMOBSE.localdomain
[2026-03-10T23:28:29.799+0530] {taskinstance.py:2648} INFO - Exporting env vars: AIRFLOW_CTX_DAG_OWNER='airflow' AIRFLOW_CTX_DAG_ID='example_dynamic_task_mapping' AIRFLOW_CTX_TASK_ID='add_one' AIRFLOW_CTX_EXECUTION_DATE='2022-08-01T00:00:00+00:00' AIRFLOW_CTX_TRY_NUMBER='1' AIRFLOW_CTX_DAG_RUN_ID='scheduled__2022-08-01T00:00:00+00:00'
[2026-03-10T23:28:29.803+0530] {taskinstance.py:430} INFO - ::endgroup::
[2026-03-10T23:28:29.804+0530] {python.py:237} INFO - Done. Returned value was: 4
[2026-03-10T23:28:29.804+0530] {taskinstance.py:441} INFO - ::group::Post task execution logs
[2026-03-10T23:28:29.853+0530] {taskinstance.py:1206} INFO - Marking task as SUCCESS. dag_id=example_dynamic_task_mapping, task_id=add_one, run_id=scheduled__2022-08-01T00:00:00+00:00, map_index=2, execution_date=20220801T000000, start_date=20260310T175829, end_date=20260310T175829
[2026-03-10T23:28:29.932+0530] {local_task_job_runner.py:243} INFO - Task exited with return code 0
[2026-03-10T23:28:29.979+0530] {taskinstance.py:3503} INFO - 1 downstream tasks scheduled from follow-on schedule check
[2026-03-10T23:28:30.002+0530] {local_task_job_runner.py:222} INFO - ::endgroup::
