[2025-12-27T19:28:05.917+0530] {local_task_job_runner.py:120} INFO - ::group::Pre task execution logs
[2025-12-27T19:28:05.941+0530] {taskinstance.py:2076} INFO - Dependencies all met for dep_context=non-requeueable deps ti=<TaskInstance: example_dynamic_task_mapping.sum_it scheduled__2022-11-26T00:00:00+00:00 [queued]>
[2025-12-27T19:28:05.949+0530] {taskinstance.py:2076} INFO - Dependencies all met for dep_context=requeueable deps ti=<TaskInstance: example_dynamic_task_mapping.sum_it scheduled__2022-11-26T00:00:00+00:00 [queued]>
[2025-12-27T19:28:05.949+0530] {taskinstance.py:2306} INFO - Starting attempt 1 of 1
[2025-12-27T19:28:05.968+0530] {taskinstance.py:2330} INFO - Executing <Task(_PythonDecoratedOperator): sum_it> on 2022-11-26 00:00:00+00:00
[2025-12-27T19:28:05.971+0530] {standard_task_runner.py:64} INFO - Started process 1172 to run task
[2025-12-27T19:28:05.975+0530] {standard_task_runner.py:90} INFO - Running: ['airflow', 'tasks', 'run', 'example_dynamic_task_mapping', 'sum_it', 'scheduled__2022-11-26T00:00:00+00:00', '--job-id', '1702', '--raw', '--subdir', '/home/sathya/projects/training-kit/.venv-airflow/lib/python3.10/site-packages/airflow/example_dags/example_dynamic_task_mapping.py', '--cfg-path', '/tmp/tmpzawal9lm']
[2025-12-27T19:28:05.976+0530] {standard_task_runner.py:91} INFO - Job 1702: Subtask sum_it
[2025-12-27T19:28:06.017+0530] {task_command.py:426} INFO - Running <TaskInstance: example_dynamic_task_mapping.sum_it scheduled__2022-11-26T00:00:00+00:00 [running]> on host LAPTOP-A1PMOBSE.localdomain
[2025-12-27T19:28:06.109+0530] {taskinstance.py:2648} INFO - Exporting env vars: AIRFLOW_CTX_DAG_OWNER='airflow' AIRFLOW_CTX_DAG_ID='example_dynamic_task_mapping' AIRFLOW_CTX_TASK_ID='sum_it' AIRFLOW_CTX_EXECUTION_DATE='2022-11-26T00:00:00+00:00' AIRFLOW_CTX_TRY_NUMBER='1' AIRFLOW_CTX_DAG_RUN_ID='scheduled__2022-11-26T00:00:00+00:00'
[2025-12-27T19:28:06.110+0530] {taskinstance.py:430} INFO - ::endgroup::
[2025-12-27T19:28:06.114+0530] {logging_mixin.py:188} INFO - Total was 9
[2025-12-27T19:28:06.114+0530] {python.py:237} INFO - Done. Returned value was: None
[2025-12-27T19:28:06.114+0530] {taskinstance.py:441} INFO - ::group::Post task execution logs
[2025-12-27T19:28:06.118+0530] {taskinstance.py:1206} INFO - Marking task as SUCCESS. dag_id=example_dynamic_task_mapping, task_id=sum_it, run_id=scheduled__2022-11-26T00:00:00+00:00, execution_date=20221126T000000, start_date=20251227T135805, end_date=20251227T135806
[2025-12-27T19:28:06.148+0530] {local_task_job_runner.py:243} INFO - Task exited with return code 0
[2025-12-27T19:28:06.160+0530] {taskinstance.py:3503} INFO - 0 downstream tasks scheduled from follow-on schedule check
[2025-12-27T19:28:06.160+0530] {local_task_job_runner.py:222} INFO - ::endgroup::
[2026-03-11T22:44:02.251+0530] {local_task_job_runner.py:120} INFO - ::group::Pre task execution logs
[2026-03-11T22:44:02.265+0530] {taskinstance.py:2076} INFO - Dependencies all met for dep_context=non-requeueable deps ti=<TaskInstance: example_dynamic_task_mapping.sum_it scheduled__2022-11-26T00:00:00+00:00 [queued]>
[2026-03-11T22:44:02.271+0530] {taskinstance.py:2076} INFO - Dependencies all met for dep_context=requeueable deps ti=<TaskInstance: example_dynamic_task_mapping.sum_it scheduled__2022-11-26T00:00:00+00:00 [queued]>
[2026-03-11T22:44:02.272+0530] {taskinstance.py:2306} INFO - Starting attempt 1 of 1
[2026-03-11T22:44:02.287+0530] {taskinstance.py:2330} INFO - Executing <Task(_PythonDecoratedOperator): sum_it> on 2022-11-26 00:00:00+00:00
[2026-03-11T22:44:02.290+0530] {standard_task_runner.py:64} INFO - Started process 9940 to run task
[2026-03-11T22:44:02.293+0530] {standard_task_runner.py:90} INFO - Running: ['airflow', 'tasks', 'run', 'example_dynamic_task_mapping', 'sum_it', 'scheduled__2022-11-26T00:00:00+00:00', '--job-id', '2011', '--raw', '--subdir', '/home/sathya/projects/training-kit/.venv-airflow/lib/python3.10/site-packages/airflow/example_dags/example_dynamic_task_mapping.py', '--cfg-path', '/tmp/tmpflvc9gw8']
[2026-03-11T22:44:02.294+0530] {standard_task_runner.py:91} INFO - Job 2011: Subtask sum_it
[2026-03-11T22:44:02.327+0530] {task_command.py:426} INFO - Running <TaskInstance: example_dynamic_task_mapping.sum_it scheduled__2022-11-26T00:00:00+00:00 [running]> on host LAPTOP-A1PMOBSE.localdomain
[2026-03-11T22:44:02.401+0530] {taskinstance.py:2648} INFO - Exporting env vars: AIRFLOW_CTX_DAG_OWNER='airflow' AIRFLOW_CTX_DAG_ID='example_dynamic_task_mapping' AIRFLOW_CTX_TASK_ID='sum_it' AIRFLOW_CTX_EXECUTION_DATE='2022-11-26T00:00:00+00:00' AIRFLOW_CTX_TRY_NUMBER='1' AIRFLOW_CTX_DAG_RUN_ID='scheduled__2022-11-26T00:00:00+00:00'
[2026-03-11T22:44:02.403+0530] {taskinstance.py:430} INFO - ::endgroup::
[2026-03-11T22:44:02.406+0530] {logging_mixin.py:188} INFO - Total was 9
[2026-03-11T22:44:02.406+0530] {python.py:237} INFO - Done. Returned value was: None
[2026-03-11T22:44:02.406+0530] {taskinstance.py:441} INFO - ::group::Post task execution logs
[2026-03-11T22:44:02.410+0530] {taskinstance.py:1206} INFO - Marking task as SUCCESS. dag_id=example_dynamic_task_mapping, task_id=sum_it, run_id=scheduled__2022-11-26T00:00:00+00:00, execution_date=20221126T000000, start_date=20260311T171402, end_date=20260311T171402
[2026-03-11T22:44:02.428+0530] {local_task_job_runner.py:243} INFO - Task exited with return code 0
[2026-03-11T22:44:02.437+0530] {taskinstance.py:3503} INFO - 0 downstream tasks scheduled from follow-on schedule check
[2026-03-11T22:44:02.437+0530] {local_task_job_runner.py:222} INFO - ::endgroup::
