[2025-12-26T22:40:32.519+0530] {local_task_job_runner.py:120} INFO - ::group::Pre task execution logs
[2025-12-26T22:40:32.535+0530] {taskinstance.py:2076} INFO - Dependencies all met for dep_context=non-requeueable deps ti=<TaskInstance: example_dynamic_task_mapping.sum_it scheduled__2022-07-27T00:00:00+00:00 [queued]>
[2025-12-26T22:40:32.539+0530] {taskinstance.py:2076} INFO - Dependencies all met for dep_context=requeueable deps ti=<TaskInstance: example_dynamic_task_mapping.sum_it scheduled__2022-07-27T00:00:00+00:00 [queued]>
[2025-12-26T22:40:32.539+0530] {taskinstance.py:2306} INFO - Starting attempt 1 of 1
[2025-12-26T22:40:32.553+0530] {taskinstance.py:2330} INFO - Executing <Task(_PythonDecoratedOperator): sum_it> on 2022-07-27 00:00:00+00:00
[2025-12-26T22:40:32.556+0530] {standard_task_runner.py:64} INFO - Started process 8348 to run task
[2025-12-26T22:40:32.559+0530] {standard_task_runner.py:90} INFO - Running: ['airflow', 'tasks', 'run', 'example_dynamic_task_mapping', 'sum_it', 'scheduled__2022-07-27T00:00:00+00:00', '--job-id', '891', '--raw', '--subdir', '/home/sathya/projects/training-kit/.venv-airflow/lib/python3.10/site-packages/airflow/example_dags/example_dynamic_task_mapping.py', '--cfg-path', '/tmp/tmp5o4xfpe5']
[2025-12-26T22:40:32.559+0530] {standard_task_runner.py:91} INFO - Job 891: Subtask sum_it
[2025-12-26T22:40:32.590+0530] {task_command.py:426} INFO - Running <TaskInstance: example_dynamic_task_mapping.sum_it scheduled__2022-07-27T00:00:00+00:00 [running]> on host LAPTOP-A1PMOBSE.localdomain
[2025-12-26T22:40:32.655+0530] {taskinstance.py:2648} INFO - Exporting env vars: AIRFLOW_CTX_DAG_OWNER='airflow' AIRFLOW_CTX_DAG_ID='example_dynamic_task_mapping' AIRFLOW_CTX_TASK_ID='sum_it' AIRFLOW_CTX_EXECUTION_DATE='2022-07-27T00:00:00+00:00' AIRFLOW_CTX_TRY_NUMBER='1' AIRFLOW_CTX_DAG_RUN_ID='scheduled__2022-07-27T00:00:00+00:00'
[2025-12-26T22:40:32.656+0530] {taskinstance.py:430} INFO - ::endgroup::
[2025-12-26T22:40:32.658+0530] {logging_mixin.py:188} INFO - Total was 9
[2025-12-26T22:40:32.658+0530] {python.py:237} INFO - Done. Returned value was: None
[2025-12-26T22:40:32.658+0530] {taskinstance.py:441} INFO - ::group::Post task execution logs
[2025-12-26T22:40:32.662+0530] {taskinstance.py:1206} INFO - Marking task as SUCCESS. dag_id=example_dynamic_task_mapping, task_id=sum_it, run_id=scheduled__2022-07-27T00:00:00+00:00, execution_date=20220727T000000, start_date=20251226T171032, end_date=20251226T171032
[2025-12-26T22:40:32.696+0530] {local_task_job_runner.py:243} INFO - Task exited with return code 0
[2025-12-26T22:40:32.707+0530] {taskinstance.py:3503} INFO - 0 downstream tasks scheduled from follow-on schedule check
[2025-12-26T22:40:32.707+0530] {local_task_job_runner.py:222} INFO - ::endgroup::
[2026-03-10T23:27:25.720+0530] {local_task_job_runner.py:120} INFO - ::group::Pre task execution logs
[2026-03-10T23:27:25.783+0530] {taskinstance.py:2076} INFO - Dependencies all met for dep_context=non-requeueable deps ti=<TaskInstance: example_dynamic_task_mapping.sum_it scheduled__2022-07-27T00:00:00+00:00 [queued]>
[2026-03-10T23:27:25.800+0530] {taskinstance.py:2076} INFO - Dependencies all met for dep_context=requeueable deps ti=<TaskInstance: example_dynamic_task_mapping.sum_it scheduled__2022-07-27T00:00:00+00:00 [queued]>
[2026-03-10T23:27:25.800+0530] {taskinstance.py:2306} INFO - Starting attempt 1 of 1
[2026-03-10T23:27:25.850+0530] {taskinstance.py:2330} INFO - Executing <Task(_PythonDecoratedOperator): sum_it> on 2022-07-27 00:00:00+00:00
[2026-03-10T23:27:25.861+0530] {standard_task_runner.py:64} INFO - Started process 11520 to run task
[2026-03-10T23:27:25.870+0530] {standard_task_runner.py:90} INFO - Running: ['airflow', 'tasks', 'run', 'example_dynamic_task_mapping', 'sum_it', 'scheduled__2022-07-27T00:00:00+00:00', '--job-id', '1033', '--raw', '--subdir', '/home/sathya/projects/training-kit/.venv-airflow/lib/python3.10/site-packages/airflow/example_dags/example_dynamic_task_mapping.py', '--cfg-path', '/tmp/tmp4906g1v2']
[2026-03-10T23:27:25.875+0530] {standard_task_runner.py:91} INFO - Job 1033: Subtask sum_it
[2026-03-10T23:27:25.974+0530] {task_command.py:426} INFO - Running <TaskInstance: example_dynamic_task_mapping.sum_it scheduled__2022-07-27T00:00:00+00:00 [running]> on host LAPTOP-A1PMOBSE.localdomain
[2026-03-10T23:27:26.220+0530] {taskinstance.py:2648} INFO - Exporting env vars: AIRFLOW_CTX_DAG_OWNER='airflow' AIRFLOW_CTX_DAG_ID='example_dynamic_task_mapping' AIRFLOW_CTX_TASK_ID='sum_it' AIRFLOW_CTX_EXECUTION_DATE='2022-07-27T00:00:00+00:00' AIRFLOW_CTX_TRY_NUMBER='1' AIRFLOW_CTX_DAG_RUN_ID='scheduled__2022-07-27T00:00:00+00:00'
[2026-03-10T23:27:26.225+0530] {taskinstance.py:430} INFO - ::endgroup::
[2026-03-10T23:27:26.233+0530] {logging_mixin.py:188} INFO - Total was 9
[2026-03-10T23:27:26.233+0530] {python.py:237} INFO - Done. Returned value was: None
[2026-03-10T23:27:26.234+0530] {taskinstance.py:441} INFO - ::group::Post task execution logs
[2026-03-10T23:27:26.251+0530] {taskinstance.py:1206} INFO - Marking task as SUCCESS. dag_id=example_dynamic_task_mapping, task_id=sum_it, run_id=scheduled__2022-07-27T00:00:00+00:00, execution_date=20220727T000000, start_date=20260310T175725, end_date=20260310T175726
[2026-03-10T23:27:26.298+0530] {local_task_job_runner.py:243} INFO - Task exited with return code 0
[2026-03-10T23:27:26.329+0530] {taskinstance.py:3503} INFO - 0 downstream tasks scheduled from follow-on schedule check
[2026-03-10T23:27:26.330+0530] {local_task_job_runner.py:222} INFO - ::endgroup::
