[2025-12-27T19:15:12.217+0530] {local_task_job_runner.py:120} INFO - ::group::Pre task execution logs
[2025-12-27T19:15:12.255+0530] {taskinstance.py:2076} INFO - Dependencies all met for dep_context=non-requeueable deps ti=<TaskInstance: example_dynamic_task_mapping.add_one scheduled__2022-11-19T00:00:00+00:00 map_index=1 [queued]>
[2025-12-27T19:15:12.266+0530] {taskinstance.py:2076} INFO - Dependencies all met for dep_context=requeueable deps ti=<TaskInstance: example_dynamic_task_mapping.add_one scheduled__2022-11-19T00:00:00+00:00 map_index=1 [queued]>
[2025-12-27T19:15:12.266+0530] {taskinstance.py:2306} INFO - Starting attempt 1 of 1
[2025-12-27T19:15:12.301+0530] {taskinstance.py:2330} INFO - Executing <Mapped(_PythonDecoratedOperator): add_one> on 2022-11-19 00:00:00+00:00
[2025-12-27T19:15:12.303+0530] {standard_task_runner.py:64} INFO - Started process 824 to run task
[2025-12-27T19:15:12.308+0530] {standard_task_runner.py:90} INFO - Running: ['airflow', 'tasks', 'run', 'example_dynamic_task_mapping', 'add_one', 'scheduled__2022-11-19T00:00:00+00:00', '--job-id', '1593', '--raw', '--subdir', '/home/sathya/projects/training-kit/.venv-airflow/lib/python3.10/site-packages/airflow/example_dags/example_dynamic_task_mapping.py', '--cfg-path', '/tmp/tmp_qlizvp3', '--map-index', '1']
[2025-12-27T19:15:12.310+0530] {standard_task_runner.py:91} INFO - Job 1593: Subtask add_one
[2025-12-27T19:15:12.368+0530] {task_command.py:426} INFO - Running <TaskInstance: example_dynamic_task_mapping.add_one scheduled__2022-11-19T00:00:00+00:00 map_index=1 [running]> on host LAPTOP-A1PMOBSE.localdomain
[2025-12-27T19:15:12.451+0530] {taskinstance.py:2648} INFO - Exporting env vars: AIRFLOW_CTX_DAG_OWNER='airflow' AIRFLOW_CTX_DAG_ID='example_dynamic_task_mapping' AIRFLOW_CTX_TASK_ID='add_one' AIRFLOW_CTX_EXECUTION_DATE='2022-11-19T00:00:00+00:00' AIRFLOW_CTX_TRY_NUMBER='1' AIRFLOW_CTX_DAG_RUN_ID='scheduled__2022-11-19T00:00:00+00:00'
[2025-12-27T19:15:12.452+0530] {taskinstance.py:430} INFO - ::endgroup::
[2025-12-27T19:15:12.452+0530] {python.py:237} INFO - Done. Returned value was: 3
[2025-12-27T19:15:12.453+0530] {taskinstance.py:441} INFO - ::group::Post task execution logs
[2025-12-27T19:15:12.469+0530] {taskinstance.py:1206} INFO - Marking task as SUCCESS. dag_id=example_dynamic_task_mapping, task_id=add_one, run_id=scheduled__2022-11-19T00:00:00+00:00, map_index=1, execution_date=20221119T000000, start_date=20251227T134512, end_date=20251227T134512
[2025-12-27T19:15:12.524+0530] {local_task_job_runner.py:243} INFO - Task exited with return code 0
[2025-12-27T19:15:12.546+0530] {taskinstance.py:3503} INFO - 0 downstream tasks scheduled from follow-on schedule check
[2025-12-27T19:15:12.546+0530] {local_task_job_runner.py:222} INFO - ::endgroup::
[2026-03-11T22:41:46.212+0530] {local_task_job_runner.py:120} INFO - ::group::Pre task execution logs
[2026-03-11T22:41:46.240+0530] {taskinstance.py:2076} INFO - Dependencies all met for dep_context=non-requeueable deps ti=<TaskInstance: example_dynamic_task_mapping.add_one scheduled__2022-11-19T00:00:00+00:00 map_index=1 [queued]>
[2026-03-11T22:41:46.246+0530] {taskinstance.py:2076} INFO - Dependencies all met for dep_context=requeueable deps ti=<TaskInstance: example_dynamic_task_mapping.add_one scheduled__2022-11-19T00:00:00+00:00 map_index=1 [queued]>
[2026-03-11T22:41:46.246+0530] {taskinstance.py:2306} INFO - Starting attempt 1 of 1
[2026-03-11T22:41:46.262+0530] {taskinstance.py:2330} INFO - Executing <Mapped(_PythonDecoratedOperator): add_one> on 2022-11-19 00:00:00+00:00
[2026-03-11T22:41:46.270+0530] {standard_task_runner.py:64} INFO - Started process 9543 to run task
[2026-03-11T22:41:46.275+0530] {standard_task_runner.py:90} INFO - Running: ['airflow', 'tasks', 'run', 'example_dynamic_task_mapping', 'add_one', 'scheduled__2022-11-19T00:00:00+00:00', '--job-id', '1971', '--raw', '--subdir', '/home/sathya/projects/training-kit/.venv-airflow/lib/python3.10/site-packages/airflow/example_dags/example_dynamic_task_mapping.py', '--cfg-path', '/tmp/tmpt2kr79p3', '--map-index', '1']
[2026-03-11T22:41:46.276+0530] {standard_task_runner.py:91} INFO - Job 1971: Subtask add_one
[2026-03-11T22:41:46.309+0530] {task_command.py:426} INFO - Running <TaskInstance: example_dynamic_task_mapping.add_one scheduled__2022-11-19T00:00:00+00:00 map_index=1 [running]> on host LAPTOP-A1PMOBSE.localdomain
[2026-03-11T22:41:46.377+0530] {taskinstance.py:2648} INFO - Exporting env vars: AIRFLOW_CTX_DAG_OWNER='airflow' AIRFLOW_CTX_DAG_ID='example_dynamic_task_mapping' AIRFLOW_CTX_TASK_ID='add_one' AIRFLOW_CTX_EXECUTION_DATE='2022-11-19T00:00:00+00:00' AIRFLOW_CTX_TRY_NUMBER='1' AIRFLOW_CTX_DAG_RUN_ID='scheduled__2022-11-19T00:00:00+00:00'
[2026-03-11T22:41:46.378+0530] {taskinstance.py:430} INFO - ::endgroup::
[2026-03-11T22:41:46.379+0530] {python.py:237} INFO - Done. Returned value was: 3
[2026-03-11T22:41:46.379+0530] {taskinstance.py:441} INFO - ::group::Post task execution logs
[2026-03-11T22:41:46.400+0530] {taskinstance.py:1206} INFO - Marking task as SUCCESS. dag_id=example_dynamic_task_mapping, task_id=add_one, run_id=scheduled__2022-11-19T00:00:00+00:00, map_index=1, execution_date=20221119T000000, start_date=20260311T171146, end_date=20260311T171146
[2026-03-11T22:41:46.462+0530] {local_task_job_runner.py:243} INFO - Task exited with return code 0
[2026-03-11T22:41:46.479+0530] {taskinstance.py:3503} INFO - 0 downstream tasks scheduled from follow-on schedule check
[2026-03-11T22:41:46.480+0530] {local_task_job_runner.py:222} INFO - ::endgroup::
