[2025-12-27T19:55:57.889+0530] {local_task_job_runner.py:120} INFO - ::group::Pre task execution logs
[2025-12-27T19:55:57.910+0530] {taskinstance.py:2076} INFO - Dependencies all met for dep_context=non-requeueable deps ti=<TaskInstance: example_dynamic_task_mapping.sum_it scheduled__2023-01-30T00:00:00+00:00 [queued]>
[2025-12-27T19:55:57.916+0530] {taskinstance.py:2076} INFO - Dependencies all met for dep_context=requeueable deps ti=<TaskInstance: example_dynamic_task_mapping.sum_it scheduled__2023-01-30T00:00:00+00:00 [queued]>
[2025-12-27T19:55:57.916+0530] {taskinstance.py:2306} INFO - Starting attempt 1 of 1
[2025-12-27T19:55:57.931+0530] {taskinstance.py:2330} INFO - Executing <Task(_PythonDecoratedOperator): sum_it> on 2023-01-30 00:00:00+00:00
[2025-12-27T19:55:57.934+0530] {standard_task_runner.py:64} INFO - Started process 2248 to run task
[2025-12-27T19:55:57.938+0530] {standard_task_runner.py:90} INFO - Running: ['airflow', 'tasks', 'run', 'example_dynamic_task_mapping', 'sum_it', 'scheduled__2023-01-30T00:00:00+00:00', '--job-id', '2099', '--raw', '--subdir', '/home/sathya/projects/training-kit/.venv-airflow/lib/python3.10/site-packages/airflow/example_dags/example_dynamic_task_mapping.py', '--cfg-path', '/tmp/tmpb9_e2lc7']
[2025-12-27T19:55:57.939+0530] {standard_task_runner.py:91} INFO - Job 2099: Subtask sum_it
[2025-12-27T19:55:57.987+0530] {task_command.py:426} INFO - Running <TaskInstance: example_dynamic_task_mapping.sum_it scheduled__2023-01-30T00:00:00+00:00 [running]> on host LAPTOP-A1PMOBSE.localdomain
[2025-12-27T19:55:58.078+0530] {taskinstance.py:2648} INFO - Exporting env vars: AIRFLOW_CTX_DAG_OWNER='airflow' AIRFLOW_CTX_DAG_ID='example_dynamic_task_mapping' AIRFLOW_CTX_TASK_ID='sum_it' AIRFLOW_CTX_EXECUTION_DATE='2023-01-30T00:00:00+00:00' AIRFLOW_CTX_TRY_NUMBER='1' AIRFLOW_CTX_DAG_RUN_ID='scheduled__2023-01-30T00:00:00+00:00'
[2025-12-27T19:55:58.079+0530] {taskinstance.py:430} INFO - ::endgroup::
[2025-12-27T19:55:58.083+0530] {logging_mixin.py:188} INFO - Total was 9
[2025-12-27T19:55:58.083+0530] {python.py:237} INFO - Done. Returned value was: None
[2025-12-27T19:55:58.083+0530] {taskinstance.py:441} INFO - ::group::Post task execution logs
[2025-12-27T19:55:58.087+0530] {taskinstance.py:1206} INFO - Marking task as SUCCESS. dag_id=example_dynamic_task_mapping, task_id=sum_it, run_id=scheduled__2023-01-30T00:00:00+00:00, execution_date=20230130T000000, start_date=20251227T142557, end_date=20251227T142558
[2025-12-27T19:55:58.111+0530] {local_task_job_runner.py:243} INFO - Task exited with return code 0
[2025-12-27T19:55:58.121+0530] {taskinstance.py:3503} INFO - 0 downstream tasks scheduled from follow-on schedule check
[2025-12-27T19:55:58.122+0530] {local_task_job_runner.py:222} INFO - ::endgroup::
[2026-03-11T23:06:02.718+0530] {local_task_job_runner.py:120} INFO - ::group::Pre task execution logs
[2026-03-11T23:06:02.734+0530] {taskinstance.py:2076} INFO - Dependencies all met for dep_context=non-requeueable deps ti=<TaskInstance: example_dynamic_task_mapping.sum_it scheduled__2023-01-30T00:00:00+00:00 [queued]>
[2026-03-11T23:06:02.738+0530] {taskinstance.py:2076} INFO - Dependencies all met for dep_context=requeueable deps ti=<TaskInstance: example_dynamic_task_mapping.sum_it scheduled__2023-01-30T00:00:00+00:00 [queued]>
[2026-03-11T23:06:02.739+0530] {taskinstance.py:2306} INFO - Starting attempt 1 of 1
[2026-03-11T23:06:02.754+0530] {taskinstance.py:2330} INFO - Executing <Task(_PythonDecoratedOperator): sum_it> on 2023-01-30 00:00:00+00:00
[2026-03-11T23:06:02.758+0530] {standard_task_runner.py:64} INFO - Started process 13702 to run task
[2026-03-11T23:06:02.762+0530] {standard_task_runner.py:90} INFO - Running: ['airflow', 'tasks', 'run', 'example_dynamic_task_mapping', 'sum_it', 'scheduled__2023-01-30T00:00:00+00:00', '--job-id', '2384', '--raw', '--subdir', '/home/sathya/projects/training-kit/.venv-airflow/lib/python3.10/site-packages/airflow/example_dags/example_dynamic_task_mapping.py', '--cfg-path', '/tmp/tmpw23tp8ow']
[2026-03-11T23:06:02.763+0530] {standard_task_runner.py:91} INFO - Job 2384: Subtask sum_it
[2026-03-11T23:06:02.809+0530] {task_command.py:426} INFO - Running <TaskInstance: example_dynamic_task_mapping.sum_it scheduled__2023-01-30T00:00:00+00:00 [running]> on host LAPTOP-A1PMOBSE.localdomain
[2026-03-11T23:06:02.885+0530] {taskinstance.py:2648} INFO - Exporting env vars: AIRFLOW_CTX_DAG_OWNER='airflow' AIRFLOW_CTX_DAG_ID='example_dynamic_task_mapping' AIRFLOW_CTX_TASK_ID='sum_it' AIRFLOW_CTX_EXECUTION_DATE='2023-01-30T00:00:00+00:00' AIRFLOW_CTX_TRY_NUMBER='1' AIRFLOW_CTX_DAG_RUN_ID='scheduled__2023-01-30T00:00:00+00:00'
[2026-03-11T23:06:02.886+0530] {taskinstance.py:430} INFO - ::endgroup::
[2026-03-11T23:06:02.889+0530] {logging_mixin.py:188} INFO - Total was 9
[2026-03-11T23:06:02.889+0530] {python.py:237} INFO - Done. Returned value was: None
[2026-03-11T23:06:02.889+0530] {taskinstance.py:441} INFO - ::group::Post task execution logs
[2026-03-11T23:06:02.893+0530] {taskinstance.py:1206} INFO - Marking task as SUCCESS. dag_id=example_dynamic_task_mapping, task_id=sum_it, run_id=scheduled__2023-01-30T00:00:00+00:00, execution_date=20230130T000000, start_date=20260311T173602, end_date=20260311T173602
[2026-03-11T23:06:02.949+0530] {local_task_job_runner.py:243} INFO - Task exited with return code 0
[2026-03-11T23:06:02.963+0530] {taskinstance.py:3503} INFO - 0 downstream tasks scheduled from follow-on schedule check
[2026-03-11T23:06:02.964+0530] {local_task_job_runner.py:222} INFO - ::endgroup::
