[2025-12-27T19:12:30.942+0530] {local_task_job_runner.py:120} INFO - ::group::Pre task execution logs
[2025-12-27T19:12:30.973+0530] {taskinstance.py:2076} INFO - Dependencies all met for dep_context=non-requeueable deps ti=<TaskInstance: example_dynamic_task_mapping.add_one scheduled__2022-11-16T00:00:00+00:00 map_index=1 [queued]>
[2025-12-27T19:12:30.979+0530] {taskinstance.py:2076} INFO - Dependencies all met for dep_context=requeueable deps ti=<TaskInstance: example_dynamic_task_mapping.add_one scheduled__2022-11-16T00:00:00+00:00 map_index=1 [queued]>
[2025-12-27T19:12:30.981+0530] {taskinstance.py:2306} INFO - Starting attempt 1 of 1
[2025-12-27T19:12:31.011+0530] {taskinstance.py:2330} INFO - Executing <Mapped(_PythonDecoratedOperator): add_one> on 2022-11-16 00:00:00+00:00
[2025-12-27T19:12:31.016+0530] {standard_task_runner.py:64} INFO - Started process 697 to run task
[2025-12-27T19:12:31.022+0530] {standard_task_runner.py:90} INFO - Running: ['airflow', 'tasks', 'run', 'example_dynamic_task_mapping', 'add_one', 'scheduled__2022-11-16T00:00:00+00:00', '--job-id', '1549', '--raw', '--subdir', '/home/sathya/projects/training-kit/.venv-airflow/lib/python3.10/site-packages/airflow/example_dags/example_dynamic_task_mapping.py', '--cfg-path', '/tmp/tmps9uvugat', '--map-index', '1']
[2025-12-27T19:12:31.022+0530] {standard_task_runner.py:91} INFO - Job 1549: Subtask add_one
[2025-12-27T19:12:31.081+0530] {task_command.py:426} INFO - Running <TaskInstance: example_dynamic_task_mapping.add_one scheduled__2022-11-16T00:00:00+00:00 map_index=1 [running]> on host LAPTOP-A1PMOBSE.localdomain
[2025-12-27T19:12:31.182+0530] {taskinstance.py:2648} INFO - Exporting env vars: AIRFLOW_CTX_DAG_OWNER='airflow' AIRFLOW_CTX_DAG_ID='example_dynamic_task_mapping' AIRFLOW_CTX_TASK_ID='add_one' AIRFLOW_CTX_EXECUTION_DATE='2022-11-16T00:00:00+00:00' AIRFLOW_CTX_TRY_NUMBER='1' AIRFLOW_CTX_DAG_RUN_ID='scheduled__2022-11-16T00:00:00+00:00'
[2025-12-27T19:12:31.183+0530] {taskinstance.py:430} INFO - ::endgroup::
[2025-12-27T19:12:31.184+0530] {python.py:237} INFO - Done. Returned value was: 3
[2025-12-27T19:12:31.184+0530] {taskinstance.py:441} INFO - ::group::Post task execution logs
[2025-12-27T19:12:31.206+0530] {taskinstance.py:1206} INFO - Marking task as SUCCESS. dag_id=example_dynamic_task_mapping, task_id=add_one, run_id=scheduled__2022-11-16T00:00:00+00:00, map_index=1, execution_date=20221116T000000, start_date=20251227T134230, end_date=20251227T134231
[2025-12-27T19:12:31.235+0530] {local_task_job_runner.py:243} INFO - Task exited with return code 0
[2025-12-27T19:12:31.264+0530] {taskinstance.py:3503} INFO - 0 downstream tasks scheduled from follow-on schedule check
[2025-12-27T19:12:31.264+0530] {local_task_job_runner.py:222} INFO - ::endgroup::
[2026-03-11T22:40:07.303+0530] {local_task_job_runner.py:120} INFO - ::group::Pre task execution logs
[2026-03-11T22:40:07.320+0530] {taskinstance.py:2076} INFO - Dependencies all met for dep_context=non-requeueable deps ti=<TaskInstance: example_dynamic_task_mapping.add_one scheduled__2022-11-16T00:00:00+00:00 map_index=1 [queued]>
[2026-03-11T22:40:07.324+0530] {taskinstance.py:2076} INFO - Dependencies all met for dep_context=requeueable deps ti=<TaskInstance: example_dynamic_task_mapping.add_one scheduled__2022-11-16T00:00:00+00:00 map_index=1 [queued]>
[2026-03-11T22:40:07.325+0530] {taskinstance.py:2306} INFO - Starting attempt 1 of 1
[2026-03-11T22:40:07.339+0530] {taskinstance.py:2330} INFO - Executing <Mapped(_PythonDecoratedOperator): add_one> on 2022-11-16 00:00:00+00:00
[2026-03-11T22:40:07.343+0530] {standard_task_runner.py:64} INFO - Started process 9334 to run task
[2026-03-11T22:40:07.346+0530] {standard_task_runner.py:90} INFO - Running: ['airflow', 'tasks', 'run', 'example_dynamic_task_mapping', 'add_one', 'scheduled__2022-11-16T00:00:00+00:00', '--job-id', '1950', '--raw', '--subdir', '/home/sathya/projects/training-kit/.venv-airflow/lib/python3.10/site-packages/airflow/example_dags/example_dynamic_task_mapping.py', '--cfg-path', '/tmp/tmp3q9d9l_o', '--map-index', '1']
[2026-03-11T22:40:07.347+0530] {standard_task_runner.py:91} INFO - Job 1950: Subtask add_one
[2026-03-11T22:40:07.379+0530] {task_command.py:426} INFO - Running <TaskInstance: example_dynamic_task_mapping.add_one scheduled__2022-11-16T00:00:00+00:00 map_index=1 [running]> on host LAPTOP-A1PMOBSE.localdomain
[2026-03-11T22:40:07.434+0530] {taskinstance.py:2648} INFO - Exporting env vars: AIRFLOW_CTX_DAG_OWNER='airflow' AIRFLOW_CTX_DAG_ID='example_dynamic_task_mapping' AIRFLOW_CTX_TASK_ID='add_one' AIRFLOW_CTX_EXECUTION_DATE='2022-11-16T00:00:00+00:00' AIRFLOW_CTX_TRY_NUMBER='1' AIRFLOW_CTX_DAG_RUN_ID='scheduled__2022-11-16T00:00:00+00:00'
[2026-03-11T22:40:07.435+0530] {taskinstance.py:430} INFO - ::endgroup::
[2026-03-11T22:40:07.436+0530] {python.py:237} INFO - Done. Returned value was: 3
[2026-03-11T22:40:07.436+0530] {taskinstance.py:441} INFO - ::group::Post task execution logs
[2026-03-11T22:40:07.449+0530] {taskinstance.py:1206} INFO - Marking task as SUCCESS. dag_id=example_dynamic_task_mapping, task_id=add_one, run_id=scheduled__2022-11-16T00:00:00+00:00, map_index=1, execution_date=20221116T000000, start_date=20260311T171007, end_date=20260311T171007
[2026-03-11T22:40:07.489+0530] {local_task_job_runner.py:243} INFO - Task exited with return code 0
[2026-03-11T22:40:07.512+0530] {taskinstance.py:3503} INFO - 0 downstream tasks scheduled from follow-on schedule check
[2026-03-11T22:40:07.512+0530] {local_task_job_runner.py:222} INFO - ::endgroup::
