[2025-12-27T19:14:43.207+0530] {local_task_job_runner.py:120} INFO - ::group::Pre task execution logs
[2025-12-27T19:14:43.244+0530] {taskinstance.py:2076} INFO - Dependencies all met for dep_context=non-requeueable deps ti=<TaskInstance: example_dynamic_task_mapping.sum_it scheduled__2022-11-16T00:00:00+00:00 [queued]>
[2025-12-27T19:14:43.252+0530] {taskinstance.py:2076} INFO - Dependencies all met for dep_context=requeueable deps ti=<TaskInstance: example_dynamic_task_mapping.sum_it scheduled__2022-11-16T00:00:00+00:00 [queued]>
[2025-12-27T19:14:43.252+0530] {taskinstance.py:2306} INFO - Starting attempt 1 of 1
[2025-12-27T19:14:43.277+0530] {taskinstance.py:2330} INFO - Executing <Task(_PythonDecoratedOperator): sum_it> on 2022-11-16 00:00:00+00:00
[2025-12-27T19:14:43.280+0530] {standard_task_runner.py:64} INFO - Started process 792 to run task
[2025-12-27T19:14:43.283+0530] {standard_task_runner.py:90} INFO - Running: ['airflow', 'tasks', 'run', 'example_dynamic_task_mapping', 'sum_it', 'scheduled__2022-11-16T00:00:00+00:00', '--job-id', '1584', '--raw', '--subdir', '/home/sathya/projects/training-kit/.venv-airflow/lib/python3.10/site-packages/airflow/example_dags/example_dynamic_task_mapping.py', '--cfg-path', '/tmp/tmpkz3f5ixc']
[2025-12-27T19:14:43.284+0530] {standard_task_runner.py:91} INFO - Job 1584: Subtask sum_it
[2025-12-27T19:14:43.327+0530] {task_command.py:426} INFO - Running <TaskInstance: example_dynamic_task_mapping.sum_it scheduled__2022-11-16T00:00:00+00:00 [running]> on host LAPTOP-A1PMOBSE.localdomain
[2025-12-27T19:14:43.431+0530] {taskinstance.py:2648} INFO - Exporting env vars: AIRFLOW_CTX_DAG_OWNER='airflow' AIRFLOW_CTX_DAG_ID='example_dynamic_task_mapping' AIRFLOW_CTX_TASK_ID='sum_it' AIRFLOW_CTX_EXECUTION_DATE='2022-11-16T00:00:00+00:00' AIRFLOW_CTX_TRY_NUMBER='1' AIRFLOW_CTX_DAG_RUN_ID='scheduled__2022-11-16T00:00:00+00:00'
[2025-12-27T19:14:43.432+0530] {taskinstance.py:430} INFO - ::endgroup::
[2025-12-27T19:14:43.435+0530] {logging_mixin.py:188} INFO - Total was 9
[2025-12-27T19:14:43.435+0530] {python.py:237} INFO - Done. Returned value was: None
[2025-12-27T19:14:43.435+0530] {taskinstance.py:441} INFO - ::group::Post task execution logs
[2025-12-27T19:14:43.438+0530] {taskinstance.py:1206} INFO - Marking task as SUCCESS. dag_id=example_dynamic_task_mapping, task_id=sum_it, run_id=scheduled__2022-11-16T00:00:00+00:00, execution_date=20221116T000000, start_date=20251227T134443, end_date=20251227T134443
[2025-12-27T19:14:43.496+0530] {local_task_job_runner.py:243} INFO - Task exited with return code 0
[2025-12-27T19:14:43.514+0530] {taskinstance.py:3503} INFO - 0 downstream tasks scheduled from follow-on schedule check
[2025-12-27T19:14:43.515+0530] {local_task_job_runner.py:222} INFO - ::endgroup::
[2026-03-11T22:40:41.582+0530] {local_task_job_runner.py:120} INFO - ::group::Pre task execution logs
[2026-03-11T22:40:41.603+0530] {taskinstance.py:2076} INFO - Dependencies all met for dep_context=non-requeueable deps ti=<TaskInstance: example_dynamic_task_mapping.sum_it scheduled__2022-11-16T00:00:00+00:00 [queued]>
[2026-03-11T22:40:41.608+0530] {taskinstance.py:2076} INFO - Dependencies all met for dep_context=requeueable deps ti=<TaskInstance: example_dynamic_task_mapping.sum_it scheduled__2022-11-16T00:00:00+00:00 [queued]>
[2026-03-11T22:40:41.608+0530] {taskinstance.py:2306} INFO - Starting attempt 1 of 1
[2026-03-11T22:40:41.625+0530] {taskinstance.py:2330} INFO - Executing <Task(_PythonDecoratedOperator): sum_it> on 2022-11-16 00:00:00+00:00
[2026-03-11T22:40:41.631+0530] {standard_task_runner.py:64} INFO - Started process 9385 to run task
[2026-03-11T22:40:41.638+0530] {standard_task_runner.py:90} INFO - Running: ['airflow', 'tasks', 'run', 'example_dynamic_task_mapping', 'sum_it', 'scheduled__2022-11-16T00:00:00+00:00', '--job-id', '1955', '--raw', '--subdir', '/home/sathya/projects/training-kit/.venv-airflow/lib/python3.10/site-packages/airflow/example_dags/example_dynamic_task_mapping.py', '--cfg-path', '/tmp/tmpm81ec9wh']
[2026-03-11T22:40:41.640+0530] {standard_task_runner.py:91} INFO - Job 1955: Subtask sum_it
[2026-03-11T22:40:41.679+0530] {task_command.py:426} INFO - Running <TaskInstance: example_dynamic_task_mapping.sum_it scheduled__2022-11-16T00:00:00+00:00 [running]> on host LAPTOP-A1PMOBSE.localdomain
[2026-03-11T22:40:41.752+0530] {taskinstance.py:2648} INFO - Exporting env vars: AIRFLOW_CTX_DAG_OWNER='airflow' AIRFLOW_CTX_DAG_ID='example_dynamic_task_mapping' AIRFLOW_CTX_TASK_ID='sum_it' AIRFLOW_CTX_EXECUTION_DATE='2022-11-16T00:00:00+00:00' AIRFLOW_CTX_TRY_NUMBER='1' AIRFLOW_CTX_DAG_RUN_ID='scheduled__2022-11-16T00:00:00+00:00'
[2026-03-11T22:40:41.754+0530] {taskinstance.py:430} INFO - ::endgroup::
[2026-03-11T22:40:41.756+0530] {logging_mixin.py:188} INFO - Total was 9
[2026-03-11T22:40:41.756+0530] {python.py:237} INFO - Done. Returned value was: None
[2026-03-11T22:40:41.756+0530] {taskinstance.py:441} INFO - ::group::Post task execution logs
[2026-03-11T22:40:41.760+0530] {taskinstance.py:1206} INFO - Marking task as SUCCESS. dag_id=example_dynamic_task_mapping, task_id=sum_it, run_id=scheduled__2022-11-16T00:00:00+00:00, execution_date=20221116T000000, start_date=20260311T171041, end_date=20260311T171041
[2026-03-11T22:40:41.822+0530] {local_task_job_runner.py:243} INFO - Task exited with return code 0
[2026-03-11T22:40:41.838+0530] {taskinstance.py:3503} INFO - 0 downstream tasks scheduled from follow-on schedule check
[2026-03-11T22:40:41.838+0530] {local_task_job_runner.py:222} INFO - ::endgroup::
