[2025-12-27T22:41:07.286+0530] {local_task_job_runner.py:120} INFO - ::group::Pre task execution logs
[2025-12-27T22:41:07.301+0530] {taskinstance.py:2076} INFO - Dependencies all met for dep_context=non-requeueable deps ti=<TaskInstance: example_branch_dop_operator_v3.should_run scheduled__2025-12-27T17:10:00+00:00 [queued]>
[2025-12-27T22:41:07.305+0530] {taskinstance.py:2076} INFO - Dependencies all met for dep_context=requeueable deps ti=<TaskInstance: example_branch_dop_operator_v3.should_run scheduled__2025-12-27T17:10:00+00:00 [queued]>
[2025-12-27T22:41:07.306+0530] {taskinstance.py:2306} INFO - Starting attempt 1 of 1
[2025-12-27T22:41:07.318+0530] {taskinstance.py:2330} INFO - Executing <Task(_BranchPythonDecoratedOperator): should_run> on 2025-12-27 17:10:00+00:00
[2025-12-27T22:41:07.321+0530] {standard_task_runner.py:64} INFO - Started process 6833 to run task
[2025-12-27T22:41:07.324+0530] {standard_task_runner.py:90} INFO - Running: ['airflow', 'tasks', 'run', 'example_branch_dop_operator_v3', 'should_run', 'scheduled__2025-12-27T17:10:00+00:00', '--job-id', '3671', '--raw', '--subdir', '/home/sathya/projects/training-kit/.venv-airflow/lib/python3.10/site-packages/airflow/example_dags/example_branch_python_dop_operator_3.py', '--cfg-path', '/tmp/tmpe_12s5xw']
[2025-12-27T22:41:07.324+0530] {standard_task_runner.py:91} INFO - Job 3671: Subtask should_run
[2025-12-27T22:41:07.355+0530] {task_command.py:426} INFO - Running <TaskInstance: example_branch_dop_operator_v3.should_run scheduled__2025-12-27T17:10:00+00:00 [running]> on host LAPTOP-A1PMOBSE.localdomain
[2025-12-27T22:41:07.420+0530] {taskinstance.py:2648} INFO - Exporting env vars: AIRFLOW_CTX_DAG_OWNER='airflow' AIRFLOW_CTX_DAG_ID='example_branch_dop_operator_v3' AIRFLOW_CTX_TASK_ID='should_run' AIRFLOW_CTX_EXECUTION_DATE='2025-12-27T17:10:00+00:00' AIRFLOW_CTX_TRY_NUMBER='1' AIRFLOW_CTX_DAG_RUN_ID='scheduled__2025-12-27T17:10:00+00:00'
[2025-12-27T22:41:07.421+0530] {taskinstance.py:430} INFO - ::endgroup::
[2025-12-27T22:41:07.424+0530] {logging_mixin.py:188} WARNING - /home/sathya/projects/training-kit/.venv-airflow/lib/python3.10/site-packages/airflow/utils/context.py:320 AirflowContextDeprecationWarning: Accessing 'execution_date' from the template is deprecated and will be removed in a future version. Please use 'data_interval_start' or 'logical_date' instead.
[2025-12-27T22:41:07.425+0530] {logging_mixin.py:188} INFO - ------------- exec dttm = 2025-12-27 17:10:00+00:00 and minute = 10
[2025-12-27T22:41:07.425+0530] {python.py:237} INFO - Done. Returned value was: empty_task_1
[2025-12-27T22:41:07.425+0530] {branch.py:36} INFO - Branch into empty_task_1
[2025-12-27T22:41:07.425+0530] {skipmixin.py:178} INFO - Following branch empty_task_1
[2025-12-27T22:41:07.428+0530] {skipmixin.py:246} INFO - Skipping tasks [('empty_task_2', -1)]
[2025-12-27T22:41:07.448+0530] {taskinstance.py:441} INFO - ::group::Post task execution logs
[2025-12-27T22:41:07.459+0530] {taskinstance.py:1206} INFO - Marking task as SUCCESS. dag_id=example_branch_dop_operator_v3, task_id=should_run, run_id=scheduled__2025-12-27T17:10:00+00:00, execution_date=20251227T171000, start_date=20251227T171107, end_date=20251227T171107
[2025-12-27T22:41:07.496+0530] {local_task_job_runner.py:243} INFO - Task exited with return code 0
[2025-12-27T22:41:07.515+0530] {taskinstance.py:3503} INFO - 0 downstream tasks scheduled from follow-on schedule check
[2025-12-27T22:41:07.516+0530] {local_task_job_runner.py:222} INFO - ::endgroup::
