[2025-12-26T22:46:02.700+0530] {local_task_job_runner.py:120} INFO - ::group::Pre task execution logs
[2025-12-26T22:46:02.716+0530] {taskinstance.py:2076} INFO - Dependencies all met for dep_context=non-requeueable deps ti=<TaskInstance: example_dynamic_task_mapping.add_one scheduled__2022-08-22T00:00:00+00:00 map_index=1 [queued]>
[2025-12-26T22:46:02.720+0530] {taskinstance.py:2076} INFO - Dependencies all met for dep_context=requeueable deps ti=<TaskInstance: example_dynamic_task_mapping.add_one scheduled__2022-08-22T00:00:00+00:00 map_index=1 [queued]>
[2025-12-26T22:46:02.721+0530] {taskinstance.py:2306} INFO - Starting attempt 1 of 1
[2025-12-26T22:46:02.734+0530] {taskinstance.py:2330} INFO - Executing <Mapped(_PythonDecoratedOperator): add_one> on 2022-08-22 00:00:00+00:00
[2025-12-26T22:46:02.736+0530] {standard_task_runner.py:64} INFO - Started process 9036 to run task
[2025-12-26T22:46:02.738+0530] {standard_task_runner.py:90} INFO - Running: ['airflow', 'tasks', 'run', 'example_dynamic_task_mapping', 'add_one', 'scheduled__2022-08-22T00:00:00+00:00', '--job-id', '1017', '--raw', '--subdir', '/home/sathya/projects/training-kit/.venv-airflow/lib/python3.10/site-packages/airflow/example_dags/example_dynamic_task_mapping.py', '--cfg-path', '/tmp/tmp9rawspf2', '--map-index', '1']
[2025-12-26T22:46:02.739+0530] {standard_task_runner.py:91} INFO - Job 1017: Subtask add_one
[2025-12-26T22:46:02.769+0530] {task_command.py:426} INFO - Running <TaskInstance: example_dynamic_task_mapping.add_one scheduled__2022-08-22T00:00:00+00:00 map_index=1 [running]> on host LAPTOP-A1PMOBSE.localdomain
[2025-12-26T22:46:02.819+0530] {taskinstance.py:2648} INFO - Exporting env vars: AIRFLOW_CTX_DAG_OWNER='airflow' AIRFLOW_CTX_DAG_ID='example_dynamic_task_mapping' AIRFLOW_CTX_TASK_ID='add_one' AIRFLOW_CTX_EXECUTION_DATE='2022-08-22T00:00:00+00:00' AIRFLOW_CTX_TRY_NUMBER='1' AIRFLOW_CTX_DAG_RUN_ID='scheduled__2022-08-22T00:00:00+00:00'
[2025-12-26T22:46:02.820+0530] {taskinstance.py:430} INFO - ::endgroup::
[2025-12-26T22:46:02.820+0530] {python.py:237} INFO - Done. Returned value was: 3
[2025-12-26T22:46:02.820+0530] {taskinstance.py:441} INFO - ::group::Post task execution logs
[2025-12-26T22:46:02.833+0530] {taskinstance.py:1206} INFO - Marking task as SUCCESS. dag_id=example_dynamic_task_mapping, task_id=add_one, run_id=scheduled__2022-08-22T00:00:00+00:00, map_index=1, execution_date=20220822T000000, start_date=20251226T171602, end_date=20251226T171602
[2025-12-26T22:46:02.875+0530] {local_task_job_runner.py:243} INFO - Task exited with return code 0
[2025-12-26T22:46:02.896+0530] {taskinstance.py:3503} INFO - 0 downstream tasks scheduled from follow-on schedule check
[2025-12-26T22:46:02.896+0530] {local_task_job_runner.py:222} INFO - ::endgroup::
[2026-03-10T23:35:56.112+0530] {local_task_job_runner.py:120} INFO - ::group::Pre task execution logs
[2026-03-10T23:35:56.186+0530] {taskinstance.py:2076} INFO - Dependencies all met for dep_context=non-requeueable deps ti=<TaskInstance: example_dynamic_task_mapping.add_one scheduled__2022-08-22T00:00:00+00:00 map_index=1 [queued]>
[2026-03-10T23:35:56.201+0530] {taskinstance.py:2076} INFO - Dependencies all met for dep_context=requeueable deps ti=<TaskInstance: example_dynamic_task_mapping.add_one scheduled__2022-08-22T00:00:00+00:00 map_index=1 [queued]>
[2026-03-10T23:35:56.202+0530] {taskinstance.py:2306} INFO - Starting attempt 1 of 1
[2026-03-10T23:35:56.247+0530] {taskinstance.py:2330} INFO - Executing <Mapped(_PythonDecoratedOperator): add_one> on 2022-08-22 00:00:00+00:00
[2026-03-10T23:35:56.260+0530] {standard_task_runner.py:64} INFO - Started process 13198 to run task
[2026-03-10T23:35:56.270+0530] {standard_task_runner.py:90} INFO - Running: ['airflow', 'tasks', 'run', 'example_dynamic_task_mapping', 'add_one', 'scheduled__2022-08-22T00:00:00+00:00', '--job-id', '1194', '--raw', '--subdir', '/home/sathya/projects/training-kit/.venv-airflow/lib/python3.10/site-packages/airflow/example_dags/example_dynamic_task_mapping.py', '--cfg-path', '/tmp/tmp8xi962xr', '--map-index', '1']
[2026-03-10T23:35:56.276+0530] {standard_task_runner.py:91} INFO - Job 1194: Subtask add_one
[2026-03-10T23:35:56.419+0530] {task_command.py:426} INFO - Running <TaskInstance: example_dynamic_task_mapping.add_one scheduled__2022-08-22T00:00:00+00:00 map_index=1 [running]> on host LAPTOP-A1PMOBSE.localdomain
[2026-03-10T23:35:56.693+0530] {taskinstance.py:2648} INFO - Exporting env vars: AIRFLOW_CTX_DAG_OWNER='airflow' AIRFLOW_CTX_DAG_ID='example_dynamic_task_mapping' AIRFLOW_CTX_TASK_ID='add_one' AIRFLOW_CTX_EXECUTION_DATE='2022-08-22T00:00:00+00:00' AIRFLOW_CTX_TRY_NUMBER='1' AIRFLOW_CTX_DAG_RUN_ID='scheduled__2022-08-22T00:00:00+00:00'
[2026-03-10T23:35:56.697+0530] {taskinstance.py:430} INFO - ::endgroup::
[2026-03-10T23:35:56.698+0530] {python.py:237} INFO - Done. Returned value was: 3
[2026-03-10T23:35:56.698+0530] {taskinstance.py:441} INFO - ::group::Post task execution logs
[2026-03-10T23:35:56.741+0530] {taskinstance.py:1206} INFO - Marking task as SUCCESS. dag_id=example_dynamic_task_mapping, task_id=add_one, run_id=scheduled__2022-08-22T00:00:00+00:00, map_index=1, execution_date=20220822T000000, start_date=20260310T180556, end_date=20260310T180556
[2026-03-10T23:35:56.789+0530] {local_task_job_runner.py:243} INFO - Task exited with return code 0
[2026-03-10T23:35:56.870+0530] {taskinstance.py:3503} INFO - 0 downstream tasks scheduled from follow-on schedule check
[2026-03-10T23:35:56.871+0530] {local_task_job_runner.py:222} INFO - ::endgroup::
