[2025-12-27T19:46:55.345+0530] {local_task_job_runner.py:120} INFO - ::group::Pre task execution logs
[2025-12-27T19:46:55.371+0530] {taskinstance.py:2076} INFO - Dependencies all met for dep_context=non-requeueable deps ti=<TaskInstance: example_dynamic_task_mapping.sum_it scheduled__2023-01-08T00:00:00+00:00 [queued]>
[2025-12-27T19:46:55.378+0530] {taskinstance.py:2076} INFO - Dependencies all met for dep_context=requeueable deps ti=<TaskInstance: example_dynamic_task_mapping.sum_it scheduled__2023-01-08T00:00:00+00:00 [queued]>
[2025-12-27T19:46:55.378+0530] {taskinstance.py:2306} INFO - Starting attempt 1 of 1
[2025-12-27T19:46:55.396+0530] {taskinstance.py:2330} INFO - Executing <Task(_PythonDecoratedOperator): sum_it> on 2023-01-08 00:00:00+00:00
[2025-12-27T19:46:55.400+0530] {standard_task_runner.py:64} INFO - Started process 1890 to run task
[2025-12-27T19:46:55.405+0530] {standard_task_runner.py:90} INFO - Running: ['airflow', 'tasks', 'run', 'example_dynamic_task_mapping', 'sum_it', 'scheduled__2023-01-08T00:00:00+00:00', '--job-id', '1968', '--raw', '--subdir', '/home/sathya/projects/training-kit/.venv-airflow/lib/python3.10/site-packages/airflow/example_dags/example_dynamic_task_mapping.py', '--cfg-path', '/tmp/tmpp4rd9cvu']
[2025-12-27T19:46:55.405+0530] {standard_task_runner.py:91} INFO - Job 1968: Subtask sum_it
[2025-12-27T19:46:55.446+0530] {task_command.py:426} INFO - Running <TaskInstance: example_dynamic_task_mapping.sum_it scheduled__2023-01-08T00:00:00+00:00 [running]> on host LAPTOP-A1PMOBSE.localdomain
[2025-12-27T19:46:55.545+0530] {taskinstance.py:2648} INFO - Exporting env vars: AIRFLOW_CTX_DAG_OWNER='airflow' AIRFLOW_CTX_DAG_ID='example_dynamic_task_mapping' AIRFLOW_CTX_TASK_ID='sum_it' AIRFLOW_CTX_EXECUTION_DATE='2023-01-08T00:00:00+00:00' AIRFLOW_CTX_TRY_NUMBER='1' AIRFLOW_CTX_DAG_RUN_ID='scheduled__2023-01-08T00:00:00+00:00'
[2025-12-27T19:46:55.546+0530] {taskinstance.py:430} INFO - ::endgroup::
[2025-12-27T19:46:55.550+0530] {logging_mixin.py:188} INFO - Total was 9
[2025-12-27T19:46:55.550+0530] {python.py:237} INFO - Done. Returned value was: None
[2025-12-27T19:46:55.550+0530] {taskinstance.py:441} INFO - ::group::Post task execution logs
[2025-12-27T19:46:55.554+0530] {taskinstance.py:1206} INFO - Marking task as SUCCESS. dag_id=example_dynamic_task_mapping, task_id=sum_it, run_id=scheduled__2023-01-08T00:00:00+00:00, execution_date=20230108T000000, start_date=20251227T141655, end_date=20251227T141655
[2025-12-27T19:46:55.578+0530] {local_task_job_runner.py:243} INFO - Task exited with return code 0
[2025-12-27T19:46:55.589+0530] {taskinstance.py:3503} INFO - 0 downstream tasks scheduled from follow-on schedule check
[2025-12-27T19:46:55.590+0530] {local_task_job_runner.py:222} INFO - ::endgroup::
[2026-03-11T22:59:25.949+0530] {local_task_job_runner.py:120} INFO - ::group::Pre task execution logs
[2026-03-11T22:59:25.965+0530] {taskinstance.py:2076} INFO - Dependencies all met for dep_context=non-requeueable deps ti=<TaskInstance: example_dynamic_task_mapping.sum_it scheduled__2023-01-08T00:00:00+00:00 [queued]>
[2026-03-11T22:59:25.969+0530] {taskinstance.py:2076} INFO - Dependencies all met for dep_context=requeueable deps ti=<TaskInstance: example_dynamic_task_mapping.sum_it scheduled__2023-01-08T00:00:00+00:00 [queued]>
[2026-03-11T22:59:25.969+0530] {taskinstance.py:2306} INFO - Starting attempt 1 of 1
[2026-03-11T22:59:25.982+0530] {taskinstance.py:2330} INFO - Executing <Task(_PythonDecoratedOperator): sum_it> on 2023-01-08 00:00:00+00:00
[2026-03-11T22:59:25.987+0530] {standard_task_runner.py:64} INFO - Started process 12503 to run task
[2026-03-11T22:59:25.990+0530] {standard_task_runner.py:90} INFO - Running: ['airflow', 'tasks', 'run', 'example_dynamic_task_mapping', 'sum_it', 'scheduled__2023-01-08T00:00:00+00:00', '--job-id', '2265', '--raw', '--subdir', '/home/sathya/projects/training-kit/.venv-airflow/lib/python3.10/site-packages/airflow/example_dags/example_dynamic_task_mapping.py', '--cfg-path', '/tmp/tmpd8zg7_hy']
[2026-03-11T22:59:25.991+0530] {standard_task_runner.py:91} INFO - Job 2265: Subtask sum_it
[2026-03-11T22:59:26.024+0530] {task_command.py:426} INFO - Running <TaskInstance: example_dynamic_task_mapping.sum_it scheduled__2023-01-08T00:00:00+00:00 [running]> on host LAPTOP-A1PMOBSE.localdomain
[2026-03-11T22:59:26.103+0530] {taskinstance.py:2648} INFO - Exporting env vars: AIRFLOW_CTX_DAG_OWNER='airflow' AIRFLOW_CTX_DAG_ID='example_dynamic_task_mapping' AIRFLOW_CTX_TASK_ID='sum_it' AIRFLOW_CTX_EXECUTION_DATE='2023-01-08T00:00:00+00:00' AIRFLOW_CTX_TRY_NUMBER='1' AIRFLOW_CTX_DAG_RUN_ID='scheduled__2023-01-08T00:00:00+00:00'
[2026-03-11T22:59:26.104+0530] {taskinstance.py:430} INFO - ::endgroup::
[2026-03-11T22:59:26.107+0530] {logging_mixin.py:188} INFO - Total was 9
[2026-03-11T22:59:26.107+0530] {python.py:237} INFO - Done. Returned value was: None
[2026-03-11T22:59:26.107+0530] {taskinstance.py:441} INFO - ::group::Post task execution logs
[2026-03-11T22:59:26.111+0530] {taskinstance.py:1206} INFO - Marking task as SUCCESS. dag_id=example_dynamic_task_mapping, task_id=sum_it, run_id=scheduled__2023-01-08T00:00:00+00:00, execution_date=20230108T000000, start_date=20260311T172925, end_date=20260311T172926
[2026-03-11T22:59:26.131+0530] {local_task_job_runner.py:243} INFO - Task exited with return code 0
[2026-03-11T22:59:26.139+0530] {taskinstance.py:3503} INFO - 0 downstream tasks scheduled from follow-on schedule check
[2026-03-11T22:59:26.139+0530] {local_task_job_runner.py:222} INFO - ::endgroup::
