[2025-12-27T19:42:18.442+0530] {local_task_job_runner.py:120} INFO - ::group::Pre task execution logs
[2025-12-27T19:42:18.467+0530] {taskinstance.py:2076} INFO - Dependencies all met for dep_context=non-requeueable deps ti=<TaskInstance: example_dynamic_task_mapping.add_one scheduled__2022-12-30T00:00:00+00:00 map_index=2 [queued]>
[2025-12-27T19:42:18.473+0530] {taskinstance.py:2076} INFO - Dependencies all met for dep_context=requeueable deps ti=<TaskInstance: example_dynamic_task_mapping.add_one scheduled__2022-12-30T00:00:00+00:00 map_index=2 [queued]>
[2025-12-27T19:42:18.473+0530] {taskinstance.py:2306} INFO - Starting attempt 1 of 1
[2025-12-27T19:42:18.490+0530] {taskinstance.py:2330} INFO - Executing <Mapped(_PythonDecoratedOperator): add_one> on 2022-12-30 00:00:00+00:00
[2025-12-27T19:42:18.493+0530] {standard_task_runner.py:64} INFO - Started process 1718 to run task
[2025-12-27T19:42:18.498+0530] {standard_task_runner.py:90} INFO - Running: ['airflow', 'tasks', 'run', 'example_dynamic_task_mapping', 'add_one', 'scheduled__2022-12-30T00:00:00+00:00', '--job-id', '1904', '--raw', '--subdir', '/home/sathya/projects/training-kit/.venv-airflow/lib/python3.10/site-packages/airflow/example_dags/example_dynamic_task_mapping.py', '--cfg-path', '/tmp/tmpcnjv_46_', '--map-index', '2']
[2025-12-27T19:42:18.499+0530] {standard_task_runner.py:91} INFO - Job 1904: Subtask add_one
[2025-12-27T19:42:18.544+0530] {task_command.py:426} INFO - Running <TaskInstance: example_dynamic_task_mapping.add_one scheduled__2022-12-30T00:00:00+00:00 map_index=2 [running]> on host LAPTOP-A1PMOBSE.localdomain
[2025-12-27T19:42:18.626+0530] {taskinstance.py:2648} INFO - Exporting env vars: AIRFLOW_CTX_DAG_OWNER='airflow' AIRFLOW_CTX_DAG_ID='example_dynamic_task_mapping' AIRFLOW_CTX_TASK_ID='add_one' AIRFLOW_CTX_EXECUTION_DATE='2022-12-30T00:00:00+00:00' AIRFLOW_CTX_TRY_NUMBER='1' AIRFLOW_CTX_DAG_RUN_ID='scheduled__2022-12-30T00:00:00+00:00'
[2025-12-27T19:42:18.627+0530] {taskinstance.py:430} INFO - ::endgroup::
[2025-12-27T19:42:18.628+0530] {python.py:237} INFO - Done. Returned value was: 4
[2025-12-27T19:42:18.628+0530] {taskinstance.py:441} INFO - ::group::Post task execution logs
[2025-12-27T19:42:18.648+0530] {taskinstance.py:1206} INFO - Marking task as SUCCESS. dag_id=example_dynamic_task_mapping, task_id=add_one, run_id=scheduled__2022-12-30T00:00:00+00:00, map_index=2, execution_date=20221230T000000, start_date=20251227T141218, end_date=20251227T141218
[2025-12-27T19:42:18.713+0530] {local_task_job_runner.py:243} INFO - Task exited with return code 0
[2025-12-27T19:42:18.740+0530] {taskinstance.py:3503} INFO - 1 downstream tasks scheduled from follow-on schedule check
[2025-12-27T19:42:18.752+0530] {local_task_job_runner.py:222} INFO - ::endgroup::
[2026-03-11T22:55:47.634+0530] {local_task_job_runner.py:120} INFO - ::group::Pre task execution logs
[2026-03-11T22:55:47.651+0530] {taskinstance.py:2076} INFO - Dependencies all met for dep_context=non-requeueable deps ti=<TaskInstance: example_dynamic_task_mapping.add_one scheduled__2022-12-30T00:00:00+00:00 map_index=2 [queued]>
[2026-03-11T22:55:47.656+0530] {taskinstance.py:2076} INFO - Dependencies all met for dep_context=requeueable deps ti=<TaskInstance: example_dynamic_task_mapping.add_one scheduled__2022-12-30T00:00:00+00:00 map_index=2 [queued]>
[2026-03-11T22:55:47.656+0530] {taskinstance.py:2306} INFO - Starting attempt 1 of 1
[2026-03-11T22:55:47.672+0530] {taskinstance.py:2330} INFO - Executing <Mapped(_PythonDecoratedOperator): add_one> on 2022-12-30 00:00:00+00:00
[2026-03-11T22:55:47.676+0530] {standard_task_runner.py:64} INFO - Started process 11908 to run task
[2026-03-11T22:55:47.679+0530] {standard_task_runner.py:90} INFO - Running: ['airflow', 'tasks', 'run', 'example_dynamic_task_mapping', 'add_one', 'scheduled__2022-12-30T00:00:00+00:00', '--job-id', '2206', '--raw', '--subdir', '/home/sathya/projects/training-kit/.venv-airflow/lib/python3.10/site-packages/airflow/example_dags/example_dynamic_task_mapping.py', '--cfg-path', '/tmp/tmpwniyyxq8', '--map-index', '2']
[2026-03-11T22:55:47.681+0530] {standard_task_runner.py:91} INFO - Job 2206: Subtask add_one
[2026-03-11T22:55:47.711+0530] {task_command.py:426} INFO - Running <TaskInstance: example_dynamic_task_mapping.add_one scheduled__2022-12-30T00:00:00+00:00 map_index=2 [running]> on host LAPTOP-A1PMOBSE.localdomain
[2026-03-11T22:55:47.774+0530] {taskinstance.py:2648} INFO - Exporting env vars: AIRFLOW_CTX_DAG_OWNER='airflow' AIRFLOW_CTX_DAG_ID='example_dynamic_task_mapping' AIRFLOW_CTX_TASK_ID='add_one' AIRFLOW_CTX_EXECUTION_DATE='2022-12-30T00:00:00+00:00' AIRFLOW_CTX_TRY_NUMBER='1' AIRFLOW_CTX_DAG_RUN_ID='scheduled__2022-12-30T00:00:00+00:00'
[2026-03-11T22:55:47.775+0530] {taskinstance.py:430} INFO - ::endgroup::
[2026-03-11T22:55:47.776+0530] {python.py:237} INFO - Done. Returned value was: 4
[2026-03-11T22:55:47.776+0530] {taskinstance.py:441} INFO - ::group::Post task execution logs
[2026-03-11T22:55:47.791+0530] {taskinstance.py:1206} INFO - Marking task as SUCCESS. dag_id=example_dynamic_task_mapping, task_id=add_one, run_id=scheduled__2022-12-30T00:00:00+00:00, map_index=2, execution_date=20221230T000000, start_date=20260311T172547, end_date=20260311T172547
[2026-03-11T22:55:47.820+0530] {local_task_job_runner.py:243} INFO - Task exited with return code 0
[2026-03-11T22:55:47.832+0530] {taskinstance.py:3503} INFO - 1 downstream tasks scheduled from follow-on schedule check
[2026-03-11T22:55:47.846+0530] {local_task_job_runner.py:222} INFO - ::endgroup::
