[2026-03-11T22:13:38.243+0530] {local_task_job_runner.py:120} INFO - ::group::Pre task execution logs
[2026-03-11T22:13:38.258+0530] {taskinstance.py:2076} INFO - Dependencies all met for dep_context=non-requeueable deps ti=<TaskInstance: example_bash_operator.runme_2 scheduled__2026-03-10T00:00:00+00:00 [queued]>
[2026-03-11T22:13:38.262+0530] {taskinstance.py:2076} INFO - Dependencies all met for dep_context=requeueable deps ti=<TaskInstance: example_bash_operator.runme_2 scheduled__2026-03-10T00:00:00+00:00 [queued]>
[2026-03-11T22:13:38.262+0530] {taskinstance.py:2306} INFO - Starting attempt 1 of 1
[2026-03-11T22:13:38.279+0530] {taskinstance.py:2330} INFO - Executing <Task(BashOperator): runme_2> on 2026-03-10 00:00:00+00:00
[2026-03-11T22:13:38.284+0530] {standard_task_runner.py:64} INFO - Started process 1344 to run task
[2026-03-11T22:13:38.289+0530] {standard_task_runner.py:90} INFO - Running: ['airflow', 'tasks', 'run', 'example_bash_operator', 'runme_2', 'scheduled__2026-03-10T00:00:00+00:00', '--job-id', '1608', '--raw', '--subdir', '/home/sathya/projects/training-kit/.venv-airflow/lib/python3.10/site-packages/airflow/example_dags/example_bash_operator.py', '--cfg-path', '/tmp/tmp0njf56by']
[2026-03-11T22:13:38.290+0530] {standard_task_runner.py:91} INFO - Job 1608: Subtask runme_2
[2026-03-11T22:13:38.335+0530] {task_command.py:426} INFO - Running <TaskInstance: example_bash_operator.runme_2 scheduled__2026-03-10T00:00:00+00:00 [running]> on host LAPTOP-A1PMOBSE.localdomain
[2026-03-11T22:13:38.403+0530] {taskinstance.py:2648} INFO - Exporting env vars: AIRFLOW_CTX_DAG_OWNER='airflow' AIRFLOW_CTX_DAG_ID='example_bash_operator' AIRFLOW_CTX_TASK_ID='runme_2' AIRFLOW_CTX_EXECUTION_DATE='2026-03-10T00:00:00+00:00' AIRFLOW_CTX_TRY_NUMBER='1' AIRFLOW_CTX_DAG_RUN_ID='scheduled__2026-03-10T00:00:00+00:00'
[2026-03-11T22:13:38.408+0530] {taskinstance.py:430} INFO - ::endgroup::
[2026-03-11T22:13:38.412+0530] {subprocess.py:63} INFO - Tmp dir root location: /tmp
[2026-03-11T22:13:38.413+0530] {subprocess.py:75} INFO - Running command: ['/usr/bin/bash', '-c', 'echo "example_bash_operator__runme_2__20260310" && sleep 1']
[2026-03-11T22:13:38.422+0530] {subprocess.py:86} INFO - Output:
[2026-03-11T22:13:38.423+0530] {subprocess.py:93} INFO - example_bash_operator__runme_2__20260310
[2026-03-11T22:13:39.441+0530] {subprocess.py:97} INFO - Command exited with return code 0
[2026-03-11T22:13:39.443+0530] {taskinstance.py:441} INFO - ::group::Post task execution logs
[2026-03-11T22:13:39.476+0530] {taskinstance.py:1206} INFO - Marking task as SUCCESS. dag_id=example_bash_operator, task_id=runme_2, run_id=scheduled__2026-03-10T00:00:00+00:00, execution_date=20260310T000000, start_date=20260311T164338, end_date=20260311T164339
[2026-03-11T22:13:39.516+0530] {local_task_job_runner.py:243} INFO - Task exited with return code 0
[2026-03-11T22:13:39.538+0530] {taskinstance.py:3503} INFO - 1 downstream tasks scheduled from follow-on schedule check
[2026-03-11T22:13:39.551+0530] {local_task_job_runner.py:222} INFO - ::endgroup::
