[2025-12-26T22:13:09.435+0530] {local_task_job_runner.py:120} INFO - ::group::Pre task execution logs
[2025-12-26T22:13:09.457+0530] {taskinstance.py:2076} INFO - Dependencies all met for dep_context=non-requeueable deps ti=<TaskInstance: example_dynamic_task_mapping.add_one scheduled__2022-03-16T00:00:00+00:00 map_index=1 [queued]>
[2025-12-26T22:13:09.462+0530] {taskinstance.py:2076} INFO - Dependencies all met for dep_context=requeueable deps ti=<TaskInstance: example_dynamic_task_mapping.add_one scheduled__2022-03-16T00:00:00+00:00 map_index=1 [queued]>
[2025-12-26T22:13:09.462+0530] {taskinstance.py:2306} INFO - Starting attempt 1 of 1
[2025-12-26T22:13:09.478+0530] {taskinstance.py:2330} INFO - Executing <Mapped(_PythonDecoratedOperator): add_one> on 2022-03-16 00:00:00+00:00
[2025-12-26T22:13:09.480+0530] {standard_task_runner.py:64} INFO - Started process 4573 to run task
[2025-12-26T22:13:09.483+0530] {standard_task_runner.py:90} INFO - Running: ['airflow', 'tasks', 'run', 'example_dynamic_task_mapping', 'add_one', 'scheduled__2022-03-16T00:00:00+00:00', '--job-id', '212', '--raw', '--subdir', '/home/sathya/projects/training-kit/.venv-airflow/lib/python3.10/site-packages/airflow/example_dags/example_dynamic_task_mapping.py', '--cfg-path', '/tmp/tmps0mp1ogb', '--map-index', '1']
[2025-12-26T22:13:09.484+0530] {standard_task_runner.py:91} INFO - Job 212: Subtask add_one
[2025-12-26T22:13:09.517+0530] {task_command.py:426} INFO - Running <TaskInstance: example_dynamic_task_mapping.add_one scheduled__2022-03-16T00:00:00+00:00 map_index=1 [running]> on host LAPTOP-A1PMOBSE.localdomain
[2025-12-26T22:13:09.576+0530] {taskinstance.py:2648} INFO - Exporting env vars: AIRFLOW_CTX_DAG_OWNER='airflow' AIRFLOW_CTX_DAG_ID='example_dynamic_task_mapping' AIRFLOW_CTX_TASK_ID='add_one' AIRFLOW_CTX_EXECUTION_DATE='2022-03-16T00:00:00+00:00' AIRFLOW_CTX_TRY_NUMBER='1' AIRFLOW_CTX_DAG_RUN_ID='scheduled__2022-03-16T00:00:00+00:00'
[2025-12-26T22:13:09.577+0530] {taskinstance.py:430} INFO - ::endgroup::
[2025-12-26T22:13:09.577+0530] {python.py:237} INFO - Done. Returned value was: 3
[2025-12-26T22:13:09.577+0530] {taskinstance.py:441} INFO - ::group::Post task execution logs
[2025-12-26T22:13:09.591+0530] {taskinstance.py:1206} INFO - Marking task as SUCCESS. dag_id=example_dynamic_task_mapping, task_id=add_one, run_id=scheduled__2022-03-16T00:00:00+00:00, map_index=1, execution_date=20220316T000000, start_date=20251226T164309, end_date=20251226T164309
[2025-12-26T22:13:09.622+0530] {local_task_job_runner.py:243} INFO - Task exited with return code 0
[2025-12-26T22:13:09.636+0530] {taskinstance.py:3503} INFO - 0 downstream tasks scheduled from follow-on schedule check
[2025-12-26T22:13:09.637+0530] {local_task_job_runner.py:222} INFO - ::endgroup::
[2026-03-10T22:12:47.320+0530] {local_task_job_runner.py:120} INFO - ::group::Pre task execution logs
[2026-03-10T22:12:47.354+0530] {taskinstance.py:2076} INFO - Dependencies all met for dep_context=non-requeueable deps ti=<TaskInstance: example_dynamic_task_mapping.add_one scheduled__2022-03-16T00:00:00+00:00 map_index=1 [queued]>
[2026-03-10T22:12:47.362+0530] {taskinstance.py:2076} INFO - Dependencies all met for dep_context=requeueable deps ti=<TaskInstance: example_dynamic_task_mapping.add_one scheduled__2022-03-16T00:00:00+00:00 map_index=1 [queued]>
[2026-03-10T22:12:47.362+0530] {taskinstance.py:2306} INFO - Starting attempt 1 of 1
[2026-03-10T22:12:47.385+0530] {taskinstance.py:2330} INFO - Executing <Mapped(_PythonDecoratedOperator): add_one> on 2022-03-16 00:00:00+00:00
[2026-03-10T22:12:47.391+0530] {standard_task_runner.py:64} INFO - Started process 2239 to run task
[2026-03-10T22:12:47.397+0530] {standard_task_runner.py:90} INFO - Running: ['airflow', 'tasks', 'run', 'example_dynamic_task_mapping', 'add_one', 'scheduled__2022-03-16T00:00:00+00:00', '--job-id', '188', '--raw', '--subdir', '/home/sathya/projects/training-kit/.venv-airflow/lib/python3.10/site-packages/airflow/example_dags/example_dynamic_task_mapping.py', '--cfg-path', '/tmp/tmpdo6ag6bt', '--map-index', '1']
[2026-03-10T22:12:47.399+0530] {standard_task_runner.py:91} INFO - Job 188: Subtask add_one
[2026-03-10T22:12:47.464+0530] {task_command.py:426} INFO - Running <TaskInstance: example_dynamic_task_mapping.add_one scheduled__2022-03-16T00:00:00+00:00 map_index=1 [running]> on host LAPTOP-A1PMOBSE.localdomain
[2026-03-10T22:12:47.554+0530] {taskinstance.py:2648} INFO - Exporting env vars: AIRFLOW_CTX_DAG_OWNER='airflow' AIRFLOW_CTX_DAG_ID='example_dynamic_task_mapping' AIRFLOW_CTX_TASK_ID='add_one' AIRFLOW_CTX_EXECUTION_DATE='2022-03-16T00:00:00+00:00' AIRFLOW_CTX_TRY_NUMBER='1' AIRFLOW_CTX_DAG_RUN_ID='scheduled__2022-03-16T00:00:00+00:00'
[2026-03-10T22:12:47.555+0530] {taskinstance.py:430} INFO - ::endgroup::
[2026-03-10T22:12:47.556+0530] {python.py:237} INFO - Done. Returned value was: 3
[2026-03-10T22:12:47.556+0530] {taskinstance.py:441} INFO - ::group::Post task execution logs
[2026-03-10T22:12:47.578+0530] {taskinstance.py:1206} INFO - Marking task as SUCCESS. dag_id=example_dynamic_task_mapping, task_id=add_one, run_id=scheduled__2022-03-16T00:00:00+00:00, map_index=1, execution_date=20220316T000000, start_date=20260310T164247, end_date=20260310T164247
[2026-03-10T22:12:47.618+0530] {local_task_job_runner.py:243} INFO - Task exited with return code 0
[2026-03-10T22:12:47.649+0530] {taskinstance.py:3503} INFO - 0 downstream tasks scheduled from follow-on schedule check
[2026-03-10T22:12:47.649+0530] {local_task_job_runner.py:222} INFO - ::endgroup::
