[2026-03-10T21:08:28.580+0530] {local_task_job_runner.py:120} INFO - ::group::Pre task execution logs
[2026-03-10T21:08:28.605+0530] {taskinstance.py:2076} INFO - Dependencies all met for dep_context=non-requeueable deps ti=<TaskInstance: example_setup_teardown.section_1.taskgroup_setup scheduled__2026-03-09T00:00:00+00:00 [queued]>
[2026-03-10T21:08:28.612+0530] {taskinstance.py:2076} INFO - Dependencies all met for dep_context=requeueable deps ti=<TaskInstance: example_setup_teardown.section_1.taskgroup_setup scheduled__2026-03-09T00:00:00+00:00 [queued]>
[2026-03-10T21:08:28.612+0530] {taskinstance.py:2306} INFO - Starting attempt 1 of 1
[2026-03-10T21:08:28.630+0530] {taskinstance.py:2330} INFO - Executing <Task(BashOperator): section_1.taskgroup_setup> on 2026-03-09 00:00:00+00:00
[2026-03-10T21:08:28.635+0530] {standard_task_runner.py:64} INFO - Started process 1138 to run task
[2026-03-10T21:08:28.642+0530] {standard_task_runner.py:90} INFO - Running: ['airflow', 'tasks', 'run', 'example_setup_teardown', 'section_1.taskgroup_setup', 'scheduled__2026-03-09T00:00:00+00:00', '--job-id', '82', '--raw', '--subdir', '/home/sathya/projects/training-kit/.venv-airflow/lib/python3.10/site-packages/airflow/example_dags/example_setup_teardown.py', '--cfg-path', '/tmp/tmp2ksszx3d']
[2026-03-10T21:08:28.644+0530] {standard_task_runner.py:91} INFO - Job 82: Subtask section_1.taskgroup_setup
[2026-03-10T21:08:28.697+0530] {task_command.py:426} INFO - Running <TaskInstance: example_setup_teardown.section_1.taskgroup_setup scheduled__2026-03-09T00:00:00+00:00 [running]> on host LAPTOP-A1PMOBSE.localdomain
[2026-03-10T21:08:28.772+0530] {taskinstance.py:2648} INFO - Exporting env vars: AIRFLOW_CTX_DAG_OWNER='airflow' AIRFLOW_CTX_DAG_ID='example_setup_teardown' AIRFLOW_CTX_TASK_ID='section_1.taskgroup_setup' AIRFLOW_CTX_EXECUTION_DATE='2026-03-09T00:00:00+00:00' AIRFLOW_CTX_TRY_NUMBER='1' AIRFLOW_CTX_DAG_RUN_ID='scheduled__2026-03-09T00:00:00+00:00'
[2026-03-10T21:08:28.774+0530] {taskinstance.py:430} INFO - ::endgroup::
[2026-03-10T21:08:28.775+0530] {subprocess.py:63} INFO - Tmp dir root location: /tmp
[2026-03-10T21:08:28.775+0530] {subprocess.py:75} INFO - Running command: ['/usr/bin/bash', '-c', "echo 'Hello from taskgroup_setup'"]
[2026-03-10T21:08:28.799+0530] {subprocess.py:86} INFO - Output:
[2026-03-10T21:08:28.800+0530] {subprocess.py:93} INFO - Hello from taskgroup_setup
[2026-03-10T21:08:28.801+0530] {subprocess.py:97} INFO - Command exited with return code 0
[2026-03-10T21:08:28.801+0530] {taskinstance.py:441} INFO - ::group::Post task execution logs
[2026-03-10T21:08:28.826+0530] {taskinstance.py:1206} INFO - Marking task as SUCCESS. dag_id=example_setup_teardown, task_id=section_1.taskgroup_setup, run_id=scheduled__2026-03-09T00:00:00+00:00, execution_date=20260309T000000, start_date=20260310T153828, end_date=20260310T153828
[2026-03-10T21:08:28.864+0530] {local_task_job_runner.py:243} INFO - Task exited with return code 0
[2026-03-10T21:08:28.887+0530] {taskinstance.py:3503} INFO - 1 downstream tasks scheduled from follow-on schedule check
[2026-03-10T21:08:28.895+0530] {local_task_job_runner.py:222} INFO - ::endgroup::
