[2025-12-26T22:34:33.359+0530] {local_task_job_runner.py:120} INFO - ::group::Pre task execution logs
[2025-12-26T22:34:33.375+0530] {taskinstance.py:2076} INFO - Dependencies all met for dep_context=non-requeueable deps ti=<TaskInstance: example_dynamic_task_mapping.sum_it scheduled__2022-07-06T00:00:00+00:00 [queued]>
[2025-12-26T22:34:33.380+0530] {taskinstance.py:2076} INFO - Dependencies all met for dep_context=requeueable deps ti=<TaskInstance: example_dynamic_task_mapping.sum_it scheduled__2022-07-06T00:00:00+00:00 [queued]>
[2025-12-26T22:34:33.380+0530] {taskinstance.py:2306} INFO - Starting attempt 1 of 1
[2025-12-26T22:34:33.394+0530] {taskinstance.py:2330} INFO - Executing <Task(_PythonDecoratedOperator): sum_it> on 2022-07-06 00:00:00+00:00
[2025-12-26T22:34:33.396+0530] {standard_task_runner.py:64} INFO - Started process 7648 to run task
[2025-12-26T22:34:33.399+0530] {standard_task_runner.py:90} INFO - Running: ['airflow', 'tasks', 'run', 'example_dynamic_task_mapping', 'sum_it', 'scheduled__2022-07-06T00:00:00+00:00', '--job-id', '777', '--raw', '--subdir', '/home/sathya/projects/training-kit/.venv-airflow/lib/python3.10/site-packages/airflow/example_dags/example_dynamic_task_mapping.py', '--cfg-path', '/tmp/tmpey6mvwor']
[2025-12-26T22:34:33.399+0530] {standard_task_runner.py:91} INFO - Job 777: Subtask sum_it
[2025-12-26T22:34:33.430+0530] {task_command.py:426} INFO - Running <TaskInstance: example_dynamic_task_mapping.sum_it scheduled__2022-07-06T00:00:00+00:00 [running]> on host LAPTOP-A1PMOBSE.localdomain
[2025-12-26T22:34:33.502+0530] {taskinstance.py:2648} INFO - Exporting env vars: AIRFLOW_CTX_DAG_OWNER='airflow' AIRFLOW_CTX_DAG_ID='example_dynamic_task_mapping' AIRFLOW_CTX_TASK_ID='sum_it' AIRFLOW_CTX_EXECUTION_DATE='2022-07-06T00:00:00+00:00' AIRFLOW_CTX_TRY_NUMBER='1' AIRFLOW_CTX_DAG_RUN_ID='scheduled__2022-07-06T00:00:00+00:00'
[2025-12-26T22:34:33.503+0530] {taskinstance.py:430} INFO - ::endgroup::
[2025-12-26T22:34:33.505+0530] {logging_mixin.py:188} INFO - Total was 9
[2025-12-26T22:34:33.505+0530] {python.py:237} INFO - Done. Returned value was: None
[2025-12-26T22:34:33.505+0530] {taskinstance.py:441} INFO - ::group::Post task execution logs
[2025-12-26T22:34:33.508+0530] {taskinstance.py:1206} INFO - Marking task as SUCCESS. dag_id=example_dynamic_task_mapping, task_id=sum_it, run_id=scheduled__2022-07-06T00:00:00+00:00, execution_date=20220706T000000, start_date=20251226T170433, end_date=20251226T170433
[2025-12-26T22:34:33.541+0530] {local_task_job_runner.py:243} INFO - Task exited with return code 0
[2025-12-26T22:34:33.550+0530] {taskinstance.py:3503} INFO - 0 downstream tasks scheduled from follow-on schedule check
[2025-12-26T22:34:33.550+0530] {local_task_job_runner.py:222} INFO - ::endgroup::
[2026-03-10T23:22:19.587+0530] {local_task_job_runner.py:120} INFO - ::group::Pre task execution logs
[2026-03-10T23:22:19.622+0530] {taskinstance.py:2076} INFO - Dependencies all met for dep_context=non-requeueable deps ti=<TaskInstance: example_dynamic_task_mapping.sum_it scheduled__2022-07-06T00:00:00+00:00 [queued]>
[2026-03-10T23:22:19.632+0530] {taskinstance.py:2076} INFO - Dependencies all met for dep_context=requeueable deps ti=<TaskInstance: example_dynamic_task_mapping.sum_it scheduled__2022-07-06T00:00:00+00:00 [queued]>
[2026-03-10T23:22:19.633+0530] {taskinstance.py:2306} INFO - Starting attempt 1 of 1
[2026-03-10T23:22:19.679+0530] {taskinstance.py:2330} INFO - Executing <Task(_PythonDecoratedOperator): sum_it> on 2022-07-06 00:00:00+00:00
[2026-03-10T23:22:19.702+0530] {standard_task_runner.py:64} INFO - Started process 10358 to run task
[2026-03-10T23:22:19.734+0530] {standard_task_runner.py:90} INFO - Running: ['airflow', 'tasks', 'run', 'example_dynamic_task_mapping', 'sum_it', 'scheduled__2022-07-06T00:00:00+00:00', '--job-id', '925', '--raw', '--subdir', '/home/sathya/projects/training-kit/.venv-airflow/lib/python3.10/site-packages/airflow/example_dags/example_dynamic_task_mapping.py', '--cfg-path', '/tmp/tmpal6o39f8']
[2026-03-10T23:22:19.747+0530] {standard_task_runner.py:91} INFO - Job 925: Subtask sum_it
[2026-03-10T23:22:19.871+0530] {task_command.py:426} INFO - Running <TaskInstance: example_dynamic_task_mapping.sum_it scheduled__2022-07-06T00:00:00+00:00 [running]> on host LAPTOP-A1PMOBSE.localdomain
[2026-03-10T23:22:20.025+0530] {taskinstance.py:2648} INFO - Exporting env vars: AIRFLOW_CTX_DAG_OWNER='airflow' AIRFLOW_CTX_DAG_ID='example_dynamic_task_mapping' AIRFLOW_CTX_TASK_ID='sum_it' AIRFLOW_CTX_EXECUTION_DATE='2022-07-06T00:00:00+00:00' AIRFLOW_CTX_TRY_NUMBER='1' AIRFLOW_CTX_DAG_RUN_ID='scheduled__2022-07-06T00:00:00+00:00'
[2026-03-10T23:22:20.027+0530] {taskinstance.py:430} INFO - ::endgroup::
[2026-03-10T23:22:20.031+0530] {logging_mixin.py:188} INFO - Total was 9
[2026-03-10T23:22:20.032+0530] {python.py:237} INFO - Done. Returned value was: None
[2026-03-10T23:22:20.032+0530] {taskinstance.py:441} INFO - ::group::Post task execution logs
[2026-03-10T23:22:20.038+0530] {taskinstance.py:1206} INFO - Marking task as SUCCESS. dag_id=example_dynamic_task_mapping, task_id=sum_it, run_id=scheduled__2022-07-06T00:00:00+00:00, execution_date=20220706T000000, start_date=20260310T175219, end_date=20260310T175220
[2026-03-10T23:22:20.086+0530] {local_task_job_runner.py:243} INFO - Task exited with return code 0
[2026-03-10T23:22:20.098+0530] {taskinstance.py:3503} INFO - 0 downstream tasks scheduled from follow-on schedule check
[2026-03-10T23:22:20.099+0530] {local_task_job_runner.py:222} INFO - ::endgroup::
