[2025-12-26T22:53:47.338+0530] {local_task_job_runner.py:120} INFO - ::group::Pre task execution logs
[2025-12-26T22:53:47.358+0530] {taskinstance.py:2076} INFO - Dependencies all met for dep_context=non-requeueable deps ti=<TaskInstance: example_dynamic_task_mapping.sum_it scheduled__2022-09-22T00:00:00+00:00 [queued]>
[2025-12-26T22:53:47.362+0530] {taskinstance.py:2076} INFO - Dependencies all met for dep_context=requeueable deps ti=<TaskInstance: example_dynamic_task_mapping.sum_it scheduled__2022-09-22T00:00:00+00:00 [queued]>
[2025-12-26T22:53:47.362+0530] {taskinstance.py:2306} INFO - Starting attempt 1 of 1
[2025-12-26T22:53:47.378+0530] {taskinstance.py:2330} INFO - Executing <Task(_PythonDecoratedOperator): sum_it> on 2022-09-22 00:00:00+00:00
[2025-12-26T22:53:47.380+0530] {standard_task_runner.py:64} INFO - Started process 9963 to run task
[2025-12-26T22:53:47.389+0530] {standard_task_runner.py:90} INFO - Running: ['airflow', 'tasks', 'run', 'example_dynamic_task_mapping', 'sum_it', 'scheduled__2022-09-22T00:00:00+00:00', '--job-id', '1183', '--raw', '--subdir', '/home/sathya/projects/training-kit/.venv-airflow/lib/python3.10/site-packages/airflow/example_dags/example_dynamic_task_mapping.py', '--cfg-path', '/tmp/tmpu9vskxc8']
[2025-12-26T22:53:47.391+0530] {standard_task_runner.py:91} INFO - Job 1183: Subtask sum_it
[2025-12-26T22:53:47.427+0530] {task_command.py:426} INFO - Running <TaskInstance: example_dynamic_task_mapping.sum_it scheduled__2022-09-22T00:00:00+00:00 [running]> on host LAPTOP-A1PMOBSE.localdomain
[2025-12-26T22:53:47.518+0530] {taskinstance.py:2648} INFO - Exporting env vars: AIRFLOW_CTX_DAG_OWNER='airflow' AIRFLOW_CTX_DAG_ID='example_dynamic_task_mapping' AIRFLOW_CTX_TASK_ID='sum_it' AIRFLOW_CTX_EXECUTION_DATE='2022-09-22T00:00:00+00:00' AIRFLOW_CTX_TRY_NUMBER='1' AIRFLOW_CTX_DAG_RUN_ID='scheduled__2022-09-22T00:00:00+00:00'
[2025-12-26T22:53:47.519+0530] {taskinstance.py:430} INFO - ::endgroup::
[2025-12-26T22:53:47.521+0530] {logging_mixin.py:188} INFO - Total was 9
[2025-12-26T22:53:47.521+0530] {python.py:237} INFO - Done. Returned value was: None
[2025-12-26T22:53:47.521+0530] {taskinstance.py:441} INFO - ::group::Post task execution logs
[2025-12-26T22:53:47.524+0530] {taskinstance.py:1206} INFO - Marking task as SUCCESS. dag_id=example_dynamic_task_mapping, task_id=sum_it, run_id=scheduled__2022-09-22T00:00:00+00:00, execution_date=20220922T000000, start_date=20251226T172347, end_date=20251226T172347
[2025-12-26T22:53:47.573+0530] {local_task_job_runner.py:243} INFO - Task exited with return code 0
[2025-12-26T22:53:47.589+0530] {taskinstance.py:3503} INFO - 0 downstream tasks scheduled from follow-on schedule check
[2025-12-26T22:53:47.590+0530] {local_task_job_runner.py:222} INFO - ::endgroup::
[2026-03-10T23:56:54.933+0530] {local_task_job_runner.py:120} INFO - ::group::Pre task execution logs
[2026-03-10T23:56:54.989+0530] {taskinstance.py:2076} INFO - Dependencies all met for dep_context=non-requeueable deps ti=<TaskInstance: example_dynamic_task_mapping.sum_it scheduled__2022-09-22T00:00:00+00:00 [queued]>
[2026-03-10T23:56:55.016+0530] {taskinstance.py:2076} INFO - Dependencies all met for dep_context=requeueable deps ti=<TaskInstance: example_dynamic_task_mapping.sum_it scheduled__2022-09-22T00:00:00+00:00 [queued]>
[2026-03-10T23:56:55.019+0530] {taskinstance.py:2306} INFO - Starting attempt 1 of 1
[2026-03-10T23:56:55.084+0530] {taskinstance.py:2330} INFO - Executing <Task(_PythonDecoratedOperator): sum_it> on 2022-09-22 00:00:00+00:00
[2026-03-10T23:56:55.106+0530] {standard_task_runner.py:64} INFO - Started process 16059 to run task
[2026-03-10T23:56:55.117+0530] {standard_task_runner.py:90} INFO - Running: ['airflow', 'tasks', 'run', 'example_dynamic_task_mapping', 'sum_it', 'scheduled__2022-09-22T00:00:00+00:00', '--job-id', '1467', '--raw', '--subdir', '/home/sathya/projects/training-kit/.venv-airflow/lib/python3.10/site-packages/airflow/example_dags/example_dynamic_task_mapping.py', '--cfg-path', '/tmp/tmp7hh4m_tb']
[2026-03-10T23:56:55.124+0530] {standard_task_runner.py:91} INFO - Job 1467: Subtask sum_it
[2026-03-10T23:56:55.280+0530] {task_command.py:426} INFO - Running <TaskInstance: example_dynamic_task_mapping.sum_it scheduled__2022-09-22T00:00:00+00:00 [running]> on host LAPTOP-A1PMOBSE.localdomain
[2026-03-10T23:56:55.599+0530] {taskinstance.py:2648} INFO - Exporting env vars: AIRFLOW_CTX_DAG_OWNER='airflow' AIRFLOW_CTX_DAG_ID='example_dynamic_task_mapping' AIRFLOW_CTX_TASK_ID='sum_it' AIRFLOW_CTX_EXECUTION_DATE='2022-09-22T00:00:00+00:00' AIRFLOW_CTX_TRY_NUMBER='1' AIRFLOW_CTX_DAG_RUN_ID='scheduled__2022-09-22T00:00:00+00:00'
[2026-03-10T23:56:55.604+0530] {taskinstance.py:430} INFO - ::endgroup::
[2026-03-10T23:56:55.613+0530] {logging_mixin.py:188} INFO - Total was 9
[2026-03-10T23:56:55.614+0530] {python.py:237} INFO - Done. Returned value was: None
[2026-03-10T23:56:55.614+0530] {taskinstance.py:441} INFO - ::group::Post task execution logs
[2026-03-10T23:56:55.630+0530] {taskinstance.py:1206} INFO - Marking task as SUCCESS. dag_id=example_dynamic_task_mapping, task_id=sum_it, run_id=scheduled__2022-09-22T00:00:00+00:00, execution_date=20220922T000000, start_date=20260310T182654, end_date=20260310T182655
[2026-03-10T23:56:55.679+0530] {local_task_job_runner.py:243} INFO - Task exited with return code 0
[2026-03-10T23:56:55.704+0530] {taskinstance.py:3503} INFO - 0 downstream tasks scheduled from follow-on schedule check
[2026-03-10T23:56:55.706+0530] {local_task_job_runner.py:222} INFO - ::endgroup::
