[2025-12-26T22:39:56.872+0530] {local_task_job_runner.py:120} INFO - ::group::Pre task execution logs
[2025-12-26T22:39:56.889+0530] {taskinstance.py:2076} INFO - Dependencies all met for dep_context=non-requeueable deps ti=<TaskInstance: example_dynamic_task_mapping.add_one scheduled__2022-07-27T00:00:00+00:00 map_index=0 [queued]>
[2025-12-26T22:39:56.893+0530] {taskinstance.py:2076} INFO - Dependencies all met for dep_context=requeueable deps ti=<TaskInstance: example_dynamic_task_mapping.add_one scheduled__2022-07-27T00:00:00+00:00 map_index=0 [queued]>
[2025-12-26T22:39:56.893+0530] {taskinstance.py:2306} INFO - Starting attempt 1 of 1
[2025-12-26T22:39:56.906+0530] {taskinstance.py:2330} INFO - Executing <Mapped(_PythonDecoratedOperator): add_one> on 2022-07-27 00:00:00+00:00
[2025-12-26T22:39:56.909+0530] {standard_task_runner.py:64} INFO - Started process 8284 to run task
[2025-12-26T22:39:56.911+0530] {standard_task_runner.py:90} INFO - Running: ['airflow', 'tasks', 'run', 'example_dynamic_task_mapping', 'add_one', 'scheduled__2022-07-27T00:00:00+00:00', '--job-id', '881', '--raw', '--subdir', '/home/sathya/projects/training-kit/.venv-airflow/lib/python3.10/site-packages/airflow/example_dags/example_dynamic_task_mapping.py', '--cfg-path', '/tmp/tmpfz4b7275', '--map-index', '0']
[2025-12-26T22:39:56.912+0530] {standard_task_runner.py:91} INFO - Job 881: Subtask add_one
[2025-12-26T22:39:56.940+0530] {task_command.py:426} INFO - Running <TaskInstance: example_dynamic_task_mapping.add_one scheduled__2022-07-27T00:00:00+00:00 map_index=0 [running]> on host LAPTOP-A1PMOBSE.localdomain
[2025-12-26T22:39:57.000+0530] {taskinstance.py:2648} INFO - Exporting env vars: AIRFLOW_CTX_DAG_OWNER='airflow' AIRFLOW_CTX_DAG_ID='example_dynamic_task_mapping' AIRFLOW_CTX_TASK_ID='add_one' AIRFLOW_CTX_EXECUTION_DATE='2022-07-27T00:00:00+00:00' AIRFLOW_CTX_TRY_NUMBER='1' AIRFLOW_CTX_DAG_RUN_ID='scheduled__2022-07-27T00:00:00+00:00'
[2025-12-26T22:39:57.000+0530] {taskinstance.py:430} INFO - ::endgroup::
[2025-12-26T22:39:57.001+0530] {python.py:237} INFO - Done. Returned value was: 2
[2025-12-26T22:39:57.001+0530] {taskinstance.py:441} INFO - ::group::Post task execution logs
[2025-12-26T22:39:57.013+0530] {taskinstance.py:1206} INFO - Marking task as SUCCESS. dag_id=example_dynamic_task_mapping, task_id=add_one, run_id=scheduled__2022-07-27T00:00:00+00:00, map_index=0, execution_date=20220727T000000, start_date=20251226T170956, end_date=20251226T170957
[2025-12-26T22:39:57.044+0530] {local_task_job_runner.py:243} INFO - Task exited with return code 0
[2025-12-26T22:39:57.064+0530] {taskinstance.py:3503} INFO - 0 downstream tasks scheduled from follow-on schedule check
[2025-12-26T22:39:57.065+0530] {local_task_job_runner.py:222} INFO - ::endgroup::
[2026-03-10T23:26:50.075+0530] {local_task_job_runner.py:120} INFO - ::group::Pre task execution logs
[2026-03-10T23:26:50.148+0530] {taskinstance.py:2076} INFO - Dependencies all met for dep_context=non-requeueable deps ti=<TaskInstance: example_dynamic_task_mapping.add_one scheduled__2022-07-27T00:00:00+00:00 map_index=0 [queued]>
[2026-03-10T23:26:50.164+0530] {taskinstance.py:2076} INFO - Dependencies all met for dep_context=requeueable deps ti=<TaskInstance: example_dynamic_task_mapping.add_one scheduled__2022-07-27T00:00:00+00:00 map_index=0 [queued]>
[2026-03-10T23:26:50.165+0530] {taskinstance.py:2306} INFO - Starting attempt 1 of 1
[2026-03-10T23:26:50.233+0530] {taskinstance.py:2330} INFO - Executing <Mapped(_PythonDecoratedOperator): add_one> on 2022-07-27 00:00:00+00:00
[2026-03-10T23:26:50.248+0530] {standard_task_runner.py:64} INFO - Started process 11387 to run task
[2026-03-10T23:26:50.256+0530] {standard_task_runner.py:90} INFO - Running: ['airflow', 'tasks', 'run', 'example_dynamic_task_mapping', 'add_one', 'scheduled__2022-07-27T00:00:00+00:00', '--job-id', '1021', '--raw', '--subdir', '/home/sathya/projects/training-kit/.venv-airflow/lib/python3.10/site-packages/airflow/example_dags/example_dynamic_task_mapping.py', '--cfg-path', '/tmp/tmp_qq_heoq', '--map-index', '0']
[2026-03-10T23:26:50.263+0530] {standard_task_runner.py:91} INFO - Job 1021: Subtask add_one
[2026-03-10T23:26:50.384+0530] {task_command.py:426} INFO - Running <TaskInstance: example_dynamic_task_mapping.add_one scheduled__2022-07-27T00:00:00+00:00 map_index=0 [running]> on host LAPTOP-A1PMOBSE.localdomain
[2026-03-10T23:26:50.636+0530] {taskinstance.py:2648} INFO - Exporting env vars: AIRFLOW_CTX_DAG_OWNER='airflow' AIRFLOW_CTX_DAG_ID='example_dynamic_task_mapping' AIRFLOW_CTX_TASK_ID='add_one' AIRFLOW_CTX_EXECUTION_DATE='2022-07-27T00:00:00+00:00' AIRFLOW_CTX_TRY_NUMBER='1' AIRFLOW_CTX_DAG_RUN_ID='scheduled__2022-07-27T00:00:00+00:00'
[2026-03-10T23:26:50.640+0530] {taskinstance.py:430} INFO - ::endgroup::
[2026-03-10T23:26:50.642+0530] {python.py:237} INFO - Done. Returned value was: 2
[2026-03-10T23:26:50.643+0530] {taskinstance.py:441} INFO - ::group::Post task execution logs
[2026-03-10T23:26:50.771+0530] {taskinstance.py:1206} INFO - Marking task as SUCCESS. dag_id=example_dynamic_task_mapping, task_id=add_one, run_id=scheduled__2022-07-27T00:00:00+00:00, map_index=0, execution_date=20220727T000000, start_date=20260310T175650, end_date=20260310T175650
[2026-03-10T23:26:50.852+0530] {local_task_job_runner.py:243} INFO - Task exited with return code 0
[2026-03-10T23:26:50.913+0530] {taskinstance.py:3503} INFO - 0 downstream tasks scheduled from follow-on schedule check
[2026-03-10T23:26:50.915+0530] {local_task_job_runner.py:222} INFO - ::endgroup::
