[2025-12-27T19:55:45.355+0530] {local_task_job_runner.py:120} INFO - ::group::Pre task execution logs
[2025-12-27T19:55:45.409+0530] {taskinstance.py:2076} INFO - Dependencies all met for dep_context=non-requeueable deps ti=<TaskInstance: example_dynamic_task_mapping.add_one scheduled__2023-01-29T00:00:00+00:00 map_index=1 [queued]>
[2025-12-27T19:55:45.414+0530] {taskinstance.py:2076} INFO - Dependencies all met for dep_context=requeueable deps ti=<TaskInstance: example_dynamic_task_mapping.add_one scheduled__2023-01-29T00:00:00+00:00 map_index=1 [queued]>
[2025-12-27T19:55:45.415+0530] {taskinstance.py:2306} INFO - Starting attempt 1 of 1
[2025-12-27T19:55:45.438+0530] {taskinstance.py:2330} INFO - Executing <Mapped(_PythonDecoratedOperator): add_one> on 2023-01-29 00:00:00+00:00
[2025-12-27T19:55:45.441+0530] {standard_task_runner.py:64} INFO - Started process 2230 to run task
[2025-12-27T19:55:45.445+0530] {standard_task_runner.py:90} INFO - Running: ['airflow', 'tasks', 'run', 'example_dynamic_task_mapping', 'add_one', 'scheduled__2023-01-29T00:00:00+00:00', '--job-id', '2093', '--raw', '--subdir', '/home/sathya/projects/training-kit/.venv-airflow/lib/python3.10/site-packages/airflow/example_dags/example_dynamic_task_mapping.py', '--cfg-path', '/tmp/tmpts8mf56j', '--map-index', '1']
[2025-12-27T19:55:45.445+0530] {standard_task_runner.py:91} INFO - Job 2093: Subtask add_one
[2025-12-27T19:55:45.490+0530] {task_command.py:426} INFO - Running <TaskInstance: example_dynamic_task_mapping.add_one scheduled__2023-01-29T00:00:00+00:00 map_index=1 [running]> on host LAPTOP-A1PMOBSE.localdomain
[2025-12-27T19:55:45.568+0530] {taskinstance.py:2648} INFO - Exporting env vars: AIRFLOW_CTX_DAG_OWNER='airflow' AIRFLOW_CTX_DAG_ID='example_dynamic_task_mapping' AIRFLOW_CTX_TASK_ID='add_one' AIRFLOW_CTX_EXECUTION_DATE='2023-01-29T00:00:00+00:00' AIRFLOW_CTX_TRY_NUMBER='1' AIRFLOW_CTX_DAG_RUN_ID='scheduled__2023-01-29T00:00:00+00:00'
[2025-12-27T19:55:45.569+0530] {taskinstance.py:430} INFO - ::endgroup::
[2025-12-27T19:55:45.570+0530] {python.py:237} INFO - Done. Returned value was: 3
[2025-12-27T19:55:45.570+0530] {taskinstance.py:441} INFO - ::group::Post task execution logs
[2025-12-27T19:55:45.586+0530] {taskinstance.py:1206} INFO - Marking task as SUCCESS. dag_id=example_dynamic_task_mapping, task_id=add_one, run_id=scheduled__2023-01-29T00:00:00+00:00, map_index=1, execution_date=20230129T000000, start_date=20251227T142545, end_date=20251227T142545
[2025-12-27T19:55:45.618+0530] {local_task_job_runner.py:243} INFO - Task exited with return code 0
[2025-12-27T19:55:45.638+0530] {taskinstance.py:3503} INFO - 0 downstream tasks scheduled from follow-on schedule check
[2025-12-27T19:55:45.639+0530] {local_task_job_runner.py:222} INFO - ::endgroup::
[2026-03-11T23:05:45.450+0530] {local_task_job_runner.py:120} INFO - ::group::Pre task execution logs
[2026-03-11T23:05:45.465+0530] {taskinstance.py:2076} INFO - Dependencies all met for dep_context=non-requeueable deps ti=<TaskInstance: example_dynamic_task_mapping.add_one scheduled__2023-01-29T00:00:00+00:00 map_index=1 [queued]>
[2026-03-11T23:05:45.469+0530] {taskinstance.py:2076} INFO - Dependencies all met for dep_context=requeueable deps ti=<TaskInstance: example_dynamic_task_mapping.add_one scheduled__2023-01-29T00:00:00+00:00 map_index=1 [queued]>
[2026-03-11T23:05:45.469+0530] {taskinstance.py:2306} INFO - Starting attempt 1 of 1
[2026-03-11T23:05:45.484+0530] {taskinstance.py:2330} INFO - Executing <Mapped(_PythonDecoratedOperator): add_one> on 2023-01-29 00:00:00+00:00
[2026-03-11T23:05:45.488+0530] {standard_task_runner.py:64} INFO - Started process 13618 to run task
[2026-03-11T23:05:45.491+0530] {standard_task_runner.py:90} INFO - Running: ['airflow', 'tasks', 'run', 'example_dynamic_task_mapping', 'add_one', 'scheduled__2023-01-29T00:00:00+00:00', '--job-id', '2375', '--raw', '--subdir', '/home/sathya/projects/training-kit/.venv-airflow/lib/python3.10/site-packages/airflow/example_dags/example_dynamic_task_mapping.py', '--cfg-path', '/tmp/tmpaonxxfdv', '--map-index', '1']
[2026-03-11T23:05:45.493+0530] {standard_task_runner.py:91} INFO - Job 2375: Subtask add_one
[2026-03-11T23:05:45.528+0530] {task_command.py:426} INFO - Running <TaskInstance: example_dynamic_task_mapping.add_one scheduled__2023-01-29T00:00:00+00:00 map_index=1 [running]> on host LAPTOP-A1PMOBSE.localdomain
[2026-03-11T23:05:45.589+0530] {taskinstance.py:2648} INFO - Exporting env vars: AIRFLOW_CTX_DAG_OWNER='airflow' AIRFLOW_CTX_DAG_ID='example_dynamic_task_mapping' AIRFLOW_CTX_TASK_ID='add_one' AIRFLOW_CTX_EXECUTION_DATE='2023-01-29T00:00:00+00:00' AIRFLOW_CTX_TRY_NUMBER='1' AIRFLOW_CTX_DAG_RUN_ID='scheduled__2023-01-29T00:00:00+00:00'
[2026-03-11T23:05:45.590+0530] {taskinstance.py:430} INFO - ::endgroup::
[2026-03-11T23:05:45.590+0530] {python.py:237} INFO - Done. Returned value was: 3
[2026-03-11T23:05:45.590+0530] {taskinstance.py:441} INFO - ::group::Post task execution logs
[2026-03-11T23:05:45.605+0530] {taskinstance.py:1206} INFO - Marking task as SUCCESS. dag_id=example_dynamic_task_mapping, task_id=add_one, run_id=scheduled__2023-01-29T00:00:00+00:00, map_index=1, execution_date=20230129T000000, start_date=20260311T173545, end_date=20260311T173545
[2026-03-11T23:05:45.632+0530] {local_task_job_runner.py:243} INFO - Task exited with return code 0
[2026-03-11T23:05:45.648+0530] {taskinstance.py:3503} INFO - 0 downstream tasks scheduled from follow-on schedule check
[2026-03-11T23:05:45.648+0530] {local_task_job_runner.py:222} INFO - ::endgroup::
