[2025-12-26T22:37:12.885+0530] {local_task_job_runner.py:120} INFO - ::group::Pre task execution logs
[2025-12-26T22:37:12.903+0530] {taskinstance.py:2076} INFO - Dependencies all met for dep_context=non-requeueable deps ti=<TaskInstance: example_dynamic_task_mapping.add_one scheduled__2022-07-15T00:00:00+00:00 map_index=2 [queued]>
[2025-12-26T22:37:12.908+0530] {taskinstance.py:2076} INFO - Dependencies all met for dep_context=requeueable deps ti=<TaskInstance: example_dynamic_task_mapping.add_one scheduled__2022-07-15T00:00:00+00:00 map_index=2 [queued]>
[2025-12-26T22:37:12.908+0530] {taskinstance.py:2306} INFO - Starting attempt 1 of 1
[2025-12-26T22:37:12.924+0530] {taskinstance.py:2330} INFO - Executing <Mapped(_PythonDecoratedOperator): add_one> on 2022-07-15 00:00:00+00:00
[2025-12-26T22:37:12.927+0530] {standard_task_runner.py:64} INFO - Started process 7954 to run task
[2025-12-26T22:37:12.931+0530] {standard_task_runner.py:90} INFO - Running: ['airflow', 'tasks', 'run', 'example_dynamic_task_mapping', 'add_one', 'scheduled__2022-07-15T00:00:00+00:00', '--job-id', '822', '--raw', '--subdir', '/home/sathya/projects/training-kit/.venv-airflow/lib/python3.10/site-packages/airflow/example_dags/example_dynamic_task_mapping.py', '--cfg-path', '/tmp/tmpf0etwvrr', '--map-index', '2']
[2025-12-26T22:37:12.932+0530] {standard_task_runner.py:91} INFO - Job 822: Subtask add_one
[2025-12-26T22:37:12.965+0530] {task_command.py:426} INFO - Running <TaskInstance: example_dynamic_task_mapping.add_one scheduled__2022-07-15T00:00:00+00:00 map_index=2 [running]> on host LAPTOP-A1PMOBSE.localdomain
[2025-12-26T22:37:13.022+0530] {taskinstance.py:2648} INFO - Exporting env vars: AIRFLOW_CTX_DAG_OWNER='airflow' AIRFLOW_CTX_DAG_ID='example_dynamic_task_mapping' AIRFLOW_CTX_TASK_ID='add_one' AIRFLOW_CTX_EXECUTION_DATE='2022-07-15T00:00:00+00:00' AIRFLOW_CTX_TRY_NUMBER='1' AIRFLOW_CTX_DAG_RUN_ID='scheduled__2022-07-15T00:00:00+00:00'
[2025-12-26T22:37:13.023+0530] {taskinstance.py:430} INFO - ::endgroup::
[2025-12-26T22:37:13.023+0530] {python.py:237} INFO - Done. Returned value was: 4
[2025-12-26T22:37:13.023+0530] {taskinstance.py:441} INFO - ::group::Post task execution logs
[2025-12-26T22:37:13.036+0530] {taskinstance.py:1206} INFO - Marking task as SUCCESS. dag_id=example_dynamic_task_mapping, task_id=add_one, run_id=scheduled__2022-07-15T00:00:00+00:00, map_index=2, execution_date=20220715T000000, start_date=20251226T170712, end_date=20251226T170713
[2025-12-26T22:37:13.062+0530] {local_task_job_runner.py:243} INFO - Task exited with return code 0
[2025-12-26T22:37:13.075+0530] {taskinstance.py:3503} INFO - 1 downstream tasks scheduled from follow-on schedule check
[2025-12-26T22:37:13.083+0530] {local_task_job_runner.py:222} INFO - ::endgroup::
[2026-03-10T23:23:02.325+0530] {local_task_job_runner.py:120} INFO - ::group::Pre task execution logs
[2026-03-10T23:23:02.379+0530] {taskinstance.py:2076} INFO - Dependencies all met for dep_context=non-requeueable deps ti=<TaskInstance: example_dynamic_task_mapping.add_one scheduled__2022-07-15T00:00:00+00:00 map_index=2 [queued]>
[2026-03-10T23:23:02.393+0530] {taskinstance.py:2076} INFO - Dependencies all met for dep_context=requeueable deps ti=<TaskInstance: example_dynamic_task_mapping.add_one scheduled__2022-07-15T00:00:00+00:00 map_index=2 [queued]>
[2026-03-10T23:23:02.394+0530] {taskinstance.py:2306} INFO - Starting attempt 1 of 1
[2026-03-10T23:23:02.421+0530] {taskinstance.py:2330} INFO - Executing <Mapped(_PythonDecoratedOperator): add_one> on 2022-07-15 00:00:00+00:00
[2026-03-10T23:23:02.428+0530] {standard_task_runner.py:64} INFO - Started process 10610 to run task
[2026-03-10T23:23:02.434+0530] {standard_task_runner.py:90} INFO - Running: ['airflow', 'tasks', 'run', 'example_dynamic_task_mapping', 'add_one', 'scheduled__2022-07-15T00:00:00+00:00', '--job-id', '950', '--raw', '--subdir', '/home/sathya/projects/training-kit/.venv-airflow/lib/python3.10/site-packages/airflow/example_dags/example_dynamic_task_mapping.py', '--cfg-path', '/tmp/tmp5c7jmzdm', '--map-index', '2']
[2026-03-10T23:23:02.438+0530] {standard_task_runner.py:91} INFO - Job 950: Subtask add_one
[2026-03-10T23:23:02.501+0530] {task_command.py:426} INFO - Running <TaskInstance: example_dynamic_task_mapping.add_one scheduled__2022-07-15T00:00:00+00:00 map_index=2 [running]> on host LAPTOP-A1PMOBSE.localdomain
[2026-03-10T23:23:02.620+0530] {taskinstance.py:2648} INFO - Exporting env vars: AIRFLOW_CTX_DAG_OWNER='airflow' AIRFLOW_CTX_DAG_ID='example_dynamic_task_mapping' AIRFLOW_CTX_TASK_ID='add_one' AIRFLOW_CTX_EXECUTION_DATE='2022-07-15T00:00:00+00:00' AIRFLOW_CTX_TRY_NUMBER='1' AIRFLOW_CTX_DAG_RUN_ID='scheduled__2022-07-15T00:00:00+00:00'
[2026-03-10T23:23:02.622+0530] {taskinstance.py:430} INFO - ::endgroup::
[2026-03-10T23:23:02.623+0530] {python.py:237} INFO - Done. Returned value was: 4
[2026-03-10T23:23:02.623+0530] {taskinstance.py:441} INFO - ::group::Post task execution logs
[2026-03-10T23:23:02.653+0530] {taskinstance.py:1206} INFO - Marking task as SUCCESS. dag_id=example_dynamic_task_mapping, task_id=add_one, run_id=scheduled__2022-07-15T00:00:00+00:00, map_index=2, execution_date=20220715T000000, start_date=20260310T175302, end_date=20260310T175302
[2026-03-10T23:23:02.702+0530] {local_task_job_runner.py:243} INFO - Task exited with return code 0
[2026-03-10T23:23:02.734+0530] {taskinstance.py:3503} INFO - 1 downstream tasks scheduled from follow-on schedule check
[2026-03-10T23:23:02.747+0530] {local_task_job_runner.py:222} INFO - ::endgroup::
