[2025-12-26T22:57:47.714+0530] {local_task_job_runner.py:120} INFO - ::group::Pre task execution logs
[2025-12-26T22:57:47.733+0530] {taskinstance.py:2076} INFO - Dependencies all met for dep_context=non-requeueable deps ti=<TaskInstance: example_dynamic_task_mapping.add_one scheduled__2022-10-06T00:00:00+00:00 map_index=2 [queued]>
[2025-12-26T22:57:47.739+0530] {taskinstance.py:2076} INFO - Dependencies all met for dep_context=requeueable deps ti=<TaskInstance: example_dynamic_task_mapping.add_one scheduled__2022-10-06T00:00:00+00:00 map_index=2 [queued]>
[2025-12-26T22:57:47.739+0530] {taskinstance.py:2306} INFO - Starting attempt 1 of 1
[2025-12-26T22:57:47.755+0530] {taskinstance.py:2330} INFO - Executing <Mapped(_PythonDecoratedOperator): add_one> on 2022-10-06 00:00:00+00:00
[2025-12-26T22:57:47.758+0530] {standard_task_runner.py:64} INFO - Started process 10420 to run task
[2025-12-26T22:57:47.761+0530] {standard_task_runner.py:90} INFO - Running: ['airflow', 'tasks', 'run', 'example_dynamic_task_mapping', 'add_one', 'scheduled__2022-10-06T00:00:00+00:00', '--job-id', '1258', '--raw', '--subdir', '/home/sathya/projects/training-kit/.venv-airflow/lib/python3.10/site-packages/airflow/example_dags/example_dynamic_task_mapping.py', '--cfg-path', '/tmp/tmpotms0nfn', '--map-index', '2']
[2025-12-26T22:57:47.762+0530] {standard_task_runner.py:91} INFO - Job 1258: Subtask add_one
[2025-12-26T22:57:47.795+0530] {task_command.py:426} INFO - Running <TaskInstance: example_dynamic_task_mapping.add_one scheduled__2022-10-06T00:00:00+00:00 map_index=2 [running]> on host LAPTOP-A1PMOBSE.localdomain
[2025-12-26T22:57:47.855+0530] {taskinstance.py:2648} INFO - Exporting env vars: AIRFLOW_CTX_DAG_OWNER='airflow' AIRFLOW_CTX_DAG_ID='example_dynamic_task_mapping' AIRFLOW_CTX_TASK_ID='add_one' AIRFLOW_CTX_EXECUTION_DATE='2022-10-06T00:00:00+00:00' AIRFLOW_CTX_TRY_NUMBER='1' AIRFLOW_CTX_DAG_RUN_ID='scheduled__2022-10-06T00:00:00+00:00'
[2025-12-26T22:57:47.855+0530] {taskinstance.py:430} INFO - ::endgroup::
[2025-12-26T22:57:47.856+0530] {python.py:237} INFO - Done. Returned value was: 4
[2025-12-26T22:57:47.856+0530] {taskinstance.py:441} INFO - ::group::Post task execution logs
[2025-12-26T22:57:47.870+0530] {taskinstance.py:1206} INFO - Marking task as SUCCESS. dag_id=example_dynamic_task_mapping, task_id=add_one, run_id=scheduled__2022-10-06T00:00:00+00:00, map_index=2, execution_date=20221006T000000, start_date=20251226T172747, end_date=20251226T172747
[2025-12-26T22:57:47.904+0530] {local_task_job_runner.py:243} INFO - Task exited with return code 0
[2025-12-26T22:57:47.923+0530] {taskinstance.py:3503} INFO - 1 downstream tasks scheduled from follow-on schedule check
[2025-12-26T22:57:47.932+0530] {local_task_job_runner.py:222} INFO - ::endgroup::
[2026-03-11T00:03:37.728+0530] {local_task_job_runner.py:120} INFO - ::group::Pre task execution logs
[2026-03-11T00:03:37.794+0530] {taskinstance.py:2076} INFO - Dependencies all met for dep_context=non-requeueable deps ti=<TaskInstance: example_dynamic_task_mapping.add_one scheduled__2022-10-06T00:00:00+00:00 map_index=2 [queued]>
[2026-03-11T00:03:37.812+0530] {taskinstance.py:2076} INFO - Dependencies all met for dep_context=requeueable deps ti=<TaskInstance: example_dynamic_task_mapping.add_one scheduled__2022-10-06T00:00:00+00:00 map_index=2 [queued]>
[2026-03-11T00:03:37.813+0530] {taskinstance.py:2306} INFO - Starting attempt 1 of 1
[2026-03-11T00:03:37.869+0530] {taskinstance.py:2330} INFO - Executing <Mapped(_PythonDecoratedOperator): add_one> on 2022-10-06 00:00:00+00:00
[2026-03-11T00:03:37.882+0530] {standard_task_runner.py:64} INFO - Started process 17002 to run task
[2026-03-11T00:03:37.891+0530] {standard_task_runner.py:90} INFO - Running: ['airflow', 'tasks', 'run', 'example_dynamic_task_mapping', 'add_one', 'scheduled__2022-10-06T00:00:00+00:00', '--job-id', '1553', '--raw', '--subdir', '/home/sathya/projects/training-kit/.venv-airflow/lib/python3.10/site-packages/airflow/example_dags/example_dynamic_task_mapping.py', '--cfg-path', '/tmp/tmpn6tyls2j', '--map-index', '2']
[2026-03-11T00:03:37.898+0530] {standard_task_runner.py:91} INFO - Job 1553: Subtask add_one
[2026-03-11T00:03:38.003+0530] {task_command.py:426} INFO - Running <TaskInstance: example_dynamic_task_mapping.add_one scheduled__2022-10-06T00:00:00+00:00 map_index=2 [running]> on host LAPTOP-A1PMOBSE.localdomain
[2026-03-11T00:03:38.234+0530] {taskinstance.py:2648} INFO - Exporting env vars: AIRFLOW_CTX_DAG_OWNER='airflow' AIRFLOW_CTX_DAG_ID='example_dynamic_task_mapping' AIRFLOW_CTX_TASK_ID='add_one' AIRFLOW_CTX_EXECUTION_DATE='2022-10-06T00:00:00+00:00' AIRFLOW_CTX_TRY_NUMBER='1' AIRFLOW_CTX_DAG_RUN_ID='scheduled__2022-10-06T00:00:00+00:00'
[2026-03-11T00:03:38.237+0530] {taskinstance.py:430} INFO - ::endgroup::
[2026-03-11T00:03:38.238+0530] {python.py:237} INFO - Done. Returned value was: 4
[2026-03-11T00:03:38.238+0530] {taskinstance.py:441} INFO - ::group::Post task execution logs
[2026-03-11T00:03:38.284+0530] {taskinstance.py:1206} INFO - Marking task as SUCCESS. dag_id=example_dynamic_task_mapping, task_id=add_one, run_id=scheduled__2022-10-06T00:00:00+00:00, map_index=2, execution_date=20221006T000000, start_date=20260310T183337, end_date=20260310T183338
[2026-03-11T00:03:38.337+0530] {local_task_job_runner.py:243} INFO - Task exited with return code 0
[2026-03-11T00:03:38.388+0530] {taskinstance.py:3503} INFO - 1 downstream tasks scheduled from follow-on schedule check
[2026-03-11T00:03:38.407+0530] {local_task_job_runner.py:222} INFO - ::endgroup::
