[2025-12-27T19:54:35.597+0530] {local_task_job_runner.py:120} INFO - ::group::Pre task execution logs
[2025-12-27T19:54:35.619+0530] {taskinstance.py:2076} INFO - Dependencies all met for dep_context=non-requeueable deps ti=<TaskInstance: example_dynamic_task_mapping.add_one scheduled__2023-01-26T00:00:00+00:00 map_index=0 [queued]>
[2025-12-27T19:54:35.625+0530] {taskinstance.py:2076} INFO - Dependencies all met for dep_context=requeueable deps ti=<TaskInstance: example_dynamic_task_mapping.add_one scheduled__2023-01-26T00:00:00+00:00 map_index=0 [queued]>
[2025-12-27T19:54:35.625+0530] {taskinstance.py:2306} INFO - Starting attempt 1 of 1
[2025-12-27T19:54:35.641+0530] {taskinstance.py:2330} INFO - Executing <Mapped(_PythonDecoratedOperator): add_one> on 2023-01-26 00:00:00+00:00
[2025-12-27T19:54:35.645+0530] {standard_task_runner.py:64} INFO - Started process 2179 to run task
[2025-12-27T19:54:35.649+0530] {standard_task_runner.py:90} INFO - Running: ['airflow', 'tasks', 'run', 'example_dynamic_task_mapping', 'add_one', 'scheduled__2023-01-26T00:00:00+00:00', '--job-id', '2074', '--raw', '--subdir', '/home/sathya/projects/training-kit/.venv-airflow/lib/python3.10/site-packages/airflow/example_dags/example_dynamic_task_mapping.py', '--cfg-path', '/tmp/tmpgd8n0b7h', '--map-index', '0']
[2025-12-27T19:54:35.650+0530] {standard_task_runner.py:91} INFO - Job 2074: Subtask add_one
[2025-12-27T19:54:35.699+0530] {task_command.py:426} INFO - Running <TaskInstance: example_dynamic_task_mapping.add_one scheduled__2023-01-26T00:00:00+00:00 map_index=0 [running]> on host LAPTOP-A1PMOBSE.localdomain
[2025-12-27T19:54:35.782+0530] {taskinstance.py:2648} INFO - Exporting env vars: AIRFLOW_CTX_DAG_OWNER='airflow' AIRFLOW_CTX_DAG_ID='example_dynamic_task_mapping' AIRFLOW_CTX_TASK_ID='add_one' AIRFLOW_CTX_EXECUTION_DATE='2023-01-26T00:00:00+00:00' AIRFLOW_CTX_TRY_NUMBER='1' AIRFLOW_CTX_DAG_RUN_ID='scheduled__2023-01-26T00:00:00+00:00'
[2025-12-27T19:54:35.783+0530] {taskinstance.py:430} INFO - ::endgroup::
[2025-12-27T19:54:35.783+0530] {python.py:237} INFO - Done. Returned value was: 2
[2025-12-27T19:54:35.784+0530] {taskinstance.py:441} INFO - ::group::Post task execution logs
[2025-12-27T19:54:35.799+0530] {taskinstance.py:1206} INFO - Marking task as SUCCESS. dag_id=example_dynamic_task_mapping, task_id=add_one, run_id=scheduled__2023-01-26T00:00:00+00:00, map_index=0, execution_date=20230126T000000, start_date=20251227T142435, end_date=20251227T142435
[2025-12-27T19:54:35.828+0530] {local_task_job_runner.py:243} INFO - Task exited with return code 0
[2025-12-27T19:54:35.846+0530] {taskinstance.py:3503} INFO - 0 downstream tasks scheduled from follow-on schedule check
[2025-12-27T19:54:35.846+0530] {local_task_job_runner.py:222} INFO - ::endgroup::
[2026-03-11T23:05:12.023+0530] {local_task_job_runner.py:120} INFO - ::group::Pre task execution logs
[2026-03-11T23:05:12.040+0530] {taskinstance.py:2076} INFO - Dependencies all met for dep_context=non-requeueable deps ti=<TaskInstance: example_dynamic_task_mapping.add_one scheduled__2023-01-26T00:00:00+00:00 map_index=0 [queued]>
[2026-03-11T23:05:12.044+0530] {taskinstance.py:2076} INFO - Dependencies all met for dep_context=requeueable deps ti=<TaskInstance: example_dynamic_task_mapping.add_one scheduled__2023-01-26T00:00:00+00:00 map_index=0 [queued]>
[2026-03-11T23:05:12.044+0530] {taskinstance.py:2306} INFO - Starting attempt 1 of 1
[2026-03-11T23:05:12.060+0530] {taskinstance.py:2330} INFO - Executing <Mapped(_PythonDecoratedOperator): add_one> on 2023-01-26 00:00:00+00:00
[2026-03-11T23:05:12.064+0530] {standard_task_runner.py:64} INFO - Started process 13464 to run task
[2026-03-11T23:05:12.068+0530] {standard_task_runner.py:90} INFO - Running: ['airflow', 'tasks', 'run', 'example_dynamic_task_mapping', 'add_one', 'scheduled__2023-01-26T00:00:00+00:00', '--job-id', '2359', '--raw', '--subdir', '/home/sathya/projects/training-kit/.venv-airflow/lib/python3.10/site-packages/airflow/example_dags/example_dynamic_task_mapping.py', '--cfg-path', '/tmp/tmp1fa_4csp', '--map-index', '0']
[2026-03-11T23:05:12.070+0530] {standard_task_runner.py:91} INFO - Job 2359: Subtask add_one
[2026-03-11T23:05:12.104+0530] {task_command.py:426} INFO - Running <TaskInstance: example_dynamic_task_mapping.add_one scheduled__2023-01-26T00:00:00+00:00 map_index=0 [running]> on host LAPTOP-A1PMOBSE.localdomain
[2026-03-11T23:05:12.175+0530] {taskinstance.py:2648} INFO - Exporting env vars: AIRFLOW_CTX_DAG_OWNER='airflow' AIRFLOW_CTX_DAG_ID='example_dynamic_task_mapping' AIRFLOW_CTX_TASK_ID='add_one' AIRFLOW_CTX_EXECUTION_DATE='2023-01-26T00:00:00+00:00' AIRFLOW_CTX_TRY_NUMBER='1' AIRFLOW_CTX_DAG_RUN_ID='scheduled__2023-01-26T00:00:00+00:00'
[2026-03-11T23:05:12.176+0530] {taskinstance.py:430} INFO - ::endgroup::
[2026-03-11T23:05:12.176+0530] {python.py:237} INFO - Done. Returned value was: 2
[2026-03-11T23:05:12.176+0530] {taskinstance.py:441} INFO - ::group::Post task execution logs
[2026-03-11T23:05:12.193+0530] {taskinstance.py:1206} INFO - Marking task as SUCCESS. dag_id=example_dynamic_task_mapping, task_id=add_one, run_id=scheduled__2023-01-26T00:00:00+00:00, map_index=0, execution_date=20230126T000000, start_date=20260311T173512, end_date=20260311T173512
[2026-03-11T23:05:12.212+0530] {local_task_job_runner.py:243} INFO - Task exited with return code 0
[2026-03-11T23:05:12.228+0530] {taskinstance.py:3503} INFO - 0 downstream tasks scheduled from follow-on schedule check
[2026-03-11T23:05:12.229+0530] {local_task_job_runner.py:222} INFO - ::endgroup::
