[2025-12-26T23:06:34.968+0530] {local_task_job_runner.py:120} INFO - ::group::Pre task execution logs
[2025-12-26T23:06:34.986+0530] {taskinstance.py:2076} INFO - Dependencies all met for dep_context=non-requeueable deps ti=<TaskInstance: example_dynamic_task_mapping.add_one scheduled__2022-10-26T00:00:00+00:00 map_index=2 [queued]>
[2025-12-26T23:06:34.991+0530] {taskinstance.py:2076} INFO - Dependencies all met for dep_context=requeueable deps ti=<TaskInstance: example_dynamic_task_mapping.add_one scheduled__2022-10-26T00:00:00+00:00 map_index=2 [queued]>
[2025-12-26T23:06:34.992+0530] {taskinstance.py:2306} INFO - Starting attempt 1 of 1
[2025-12-26T23:06:35.012+0530] {taskinstance.py:2330} INFO - Executing <Mapped(_PythonDecoratedOperator): add_one> on 2022-10-26 00:00:00+00:00
[2025-12-26T23:06:35.014+0530] {standard_task_runner.py:64} INFO - Started process 11267 to run task
[2025-12-26T23:06:35.022+0530] {standard_task_runner.py:90} INFO - Running: ['airflow', 'tasks', 'run', 'example_dynamic_task_mapping', 'add_one', 'scheduled__2022-10-26T00:00:00+00:00', '--job-id', '1382', '--raw', '--subdir', '/home/sathya/projects/training-kit/.venv-airflow/lib/python3.10/site-packages/airflow/example_dags/example_dynamic_task_mapping.py', '--cfg-path', '/tmp/tmp3ji7hvml', '--map-index', '2']
[2025-12-26T23:06:35.023+0530] {standard_task_runner.py:91} INFO - Job 1382: Subtask add_one
[2025-12-26T23:06:35.059+0530] {task_command.py:426} INFO - Running <TaskInstance: example_dynamic_task_mapping.add_one scheduled__2022-10-26T00:00:00+00:00 map_index=2 [running]> on host LAPTOP-A1PMOBSE.localdomain
[2025-12-26T23:06:35.121+0530] {taskinstance.py:2648} INFO - Exporting env vars: AIRFLOW_CTX_DAG_OWNER='airflow' AIRFLOW_CTX_DAG_ID='example_dynamic_task_mapping' AIRFLOW_CTX_TASK_ID='add_one' AIRFLOW_CTX_EXECUTION_DATE='2022-10-26T00:00:00+00:00' AIRFLOW_CTX_TRY_NUMBER='1' AIRFLOW_CTX_DAG_RUN_ID='scheduled__2022-10-26T00:00:00+00:00'
[2025-12-26T23:06:35.122+0530] {taskinstance.py:430} INFO - ::endgroup::
[2025-12-26T23:06:35.122+0530] {python.py:237} INFO - Done. Returned value was: 4
[2025-12-26T23:06:35.122+0530] {taskinstance.py:441} INFO - ::group::Post task execution logs
[2025-12-26T23:06:35.137+0530] {taskinstance.py:1206} INFO - Marking task as SUCCESS. dag_id=example_dynamic_task_mapping, task_id=add_one, run_id=scheduled__2022-10-26T00:00:00+00:00, map_index=2, execution_date=20221026T000000, start_date=20251226T173634, end_date=20251226T173635
[2025-12-26T23:06:35.157+0530] {local_task_job_runner.py:243} INFO - Task exited with return code 0
[2025-12-26T23:06:35.170+0530] {taskinstance.py:3503} INFO - 1 downstream tasks scheduled from follow-on schedule check
[2025-12-26T23:06:35.177+0530] {local_task_job_runner.py:222} INFO - ::endgroup::
[2026-03-11T22:31:42.516+0530] {local_task_job_runner.py:120} INFO - ::group::Pre task execution logs
[2026-03-11T22:31:42.574+0530] {taskinstance.py:2076} INFO - Dependencies all met for dep_context=non-requeueable deps ti=<TaskInstance: example_dynamic_task_mapping.add_one scheduled__2022-10-26T00:00:00+00:00 map_index=2 [queued]>
[2026-03-11T22:31:42.596+0530] {taskinstance.py:2076} INFO - Dependencies all met for dep_context=requeueable deps ti=<TaskInstance: example_dynamic_task_mapping.add_one scheduled__2022-10-26T00:00:00+00:00 map_index=2 [queued]>
[2026-03-11T22:31:42.596+0530] {taskinstance.py:2306} INFO - Starting attempt 1 of 1
[2026-03-11T22:31:42.626+0530] {taskinstance.py:2330} INFO - Executing <Mapped(_PythonDecoratedOperator): add_one> on 2022-10-26 00:00:00+00:00
[2026-03-11T22:31:42.632+0530] {standard_task_runner.py:64} INFO - Started process 8040 to run task
[2026-03-11T22:31:42.639+0530] {standard_task_runner.py:90} INFO - Running: ['airflow', 'tasks', 'run', 'example_dynamic_task_mapping', 'add_one', 'scheduled__2022-10-26T00:00:00+00:00', '--job-id', '1825', '--raw', '--subdir', '/home/sathya/projects/training-kit/.venv-airflow/lib/python3.10/site-packages/airflow/example_dags/example_dynamic_task_mapping.py', '--cfg-path', '/tmp/tmpl7dw8pmt', '--map-index', '2']
[2026-03-11T22:31:42.644+0530] {standard_task_runner.py:91} INFO - Job 1825: Subtask add_one
[2026-03-11T22:31:42.701+0530] {task_command.py:426} INFO - Running <TaskInstance: example_dynamic_task_mapping.add_one scheduled__2022-10-26T00:00:00+00:00 map_index=2 [running]> on host LAPTOP-A1PMOBSE.localdomain
[2026-03-11T22:31:42.809+0530] {taskinstance.py:2648} INFO - Exporting env vars: AIRFLOW_CTX_DAG_OWNER='airflow' AIRFLOW_CTX_DAG_ID='example_dynamic_task_mapping' AIRFLOW_CTX_TASK_ID='add_one' AIRFLOW_CTX_EXECUTION_DATE='2022-10-26T00:00:00+00:00' AIRFLOW_CTX_TRY_NUMBER='1' AIRFLOW_CTX_DAG_RUN_ID='scheduled__2022-10-26T00:00:00+00:00'
[2026-03-11T22:31:42.810+0530] {taskinstance.py:430} INFO - ::endgroup::
[2026-03-11T22:31:42.811+0530] {python.py:237} INFO - Done. Returned value was: 4
[2026-03-11T22:31:42.811+0530] {taskinstance.py:441} INFO - ::group::Post task execution logs
[2026-03-11T22:31:42.834+0530] {taskinstance.py:1206} INFO - Marking task as SUCCESS. dag_id=example_dynamic_task_mapping, task_id=add_one, run_id=scheduled__2022-10-26T00:00:00+00:00, map_index=2, execution_date=20221026T000000, start_date=20260311T170142, end_date=20260311T170142
[2026-03-11T22:31:42.869+0530] {local_task_job_runner.py:243} INFO - Task exited with return code 0
[2026-03-11T22:31:42.898+0530] {taskinstance.py:3503} INFO - 1 downstream tasks scheduled from follow-on schedule check
[2026-03-11T22:31:42.910+0530] {local_task_job_runner.py:222} INFO - ::endgroup::
