[2025-12-27T19:45:55.839+0530] {local_task_job_runner.py:120} INFO - ::group::Pre task execution logs
[2025-12-27T19:45:55.862+0530] {taskinstance.py:2076} INFO - Dependencies all met for dep_context=non-requeueable deps ti=<TaskInstance: example_dynamic_task_mapping.sum_it scheduled__2023-01-05T00:00:00+00:00 [queued]>
[2025-12-27T19:45:55.868+0530] {taskinstance.py:2076} INFO - Dependencies all met for dep_context=requeueable deps ti=<TaskInstance: example_dynamic_task_mapping.sum_it scheduled__2023-01-05T00:00:00+00:00 [queued]>
[2025-12-27T19:45:55.868+0530] {taskinstance.py:2306} INFO - Starting attempt 1 of 1
[2025-12-27T19:45:55.888+0530] {taskinstance.py:2330} INFO - Executing <Task(_PythonDecoratedOperator): sum_it> on 2023-01-05 00:00:00+00:00
[2025-12-27T19:45:55.891+0530] {standard_task_runner.py:64} INFO - Started process 1848 to run task
[2025-12-27T19:45:55.895+0530] {standard_task_runner.py:90} INFO - Running: ['airflow', 'tasks', 'run', 'example_dynamic_task_mapping', 'sum_it', 'scheduled__2023-01-05T00:00:00+00:00', '--job-id', '1952', '--raw', '--subdir', '/home/sathya/projects/training-kit/.venv-airflow/lib/python3.10/site-packages/airflow/example_dags/example_dynamic_task_mapping.py', '--cfg-path', '/tmp/tmpko0_br5d']
[2025-12-27T19:45:55.896+0530] {standard_task_runner.py:91} INFO - Job 1952: Subtask sum_it
[2025-12-27T19:45:55.941+0530] {task_command.py:426} INFO - Running <TaskInstance: example_dynamic_task_mapping.sum_it scheduled__2023-01-05T00:00:00+00:00 [running]> on host LAPTOP-A1PMOBSE.localdomain
[2025-12-27T19:45:56.041+0530] {taskinstance.py:2648} INFO - Exporting env vars: AIRFLOW_CTX_DAG_OWNER='airflow' AIRFLOW_CTX_DAG_ID='example_dynamic_task_mapping' AIRFLOW_CTX_TASK_ID='sum_it' AIRFLOW_CTX_EXECUTION_DATE='2023-01-05T00:00:00+00:00' AIRFLOW_CTX_TRY_NUMBER='1' AIRFLOW_CTX_DAG_RUN_ID='scheduled__2023-01-05T00:00:00+00:00'
[2025-12-27T19:45:56.043+0530] {taskinstance.py:430} INFO - ::endgroup::
[2025-12-27T19:45:56.046+0530] {logging_mixin.py:188} INFO - Total was 9
[2025-12-27T19:45:56.046+0530] {python.py:237} INFO - Done. Returned value was: None
[2025-12-27T19:45:56.046+0530] {taskinstance.py:441} INFO - ::group::Post task execution logs
[2025-12-27T19:45:56.051+0530] {taskinstance.py:1206} INFO - Marking task as SUCCESS. dag_id=example_dynamic_task_mapping, task_id=sum_it, run_id=scheduled__2023-01-05T00:00:00+00:00, execution_date=20230105T000000, start_date=20251227T141555, end_date=20251227T141556
[2025-12-27T19:45:56.069+0530] {local_task_job_runner.py:243} INFO - Task exited with return code 0
[2025-12-27T19:45:56.080+0530] {taskinstance.py:3503} INFO - 0 downstream tasks scheduled from follow-on schedule check
[2025-12-27T19:45:56.081+0530] {local_task_job_runner.py:222} INFO - ::endgroup::
[2026-03-11T22:57:54.258+0530] {local_task_job_runner.py:120} INFO - ::group::Pre task execution logs
[2026-03-11T22:57:54.275+0530] {taskinstance.py:2076} INFO - Dependencies all met for dep_context=non-requeueable deps ti=<TaskInstance: example_dynamic_task_mapping.sum_it scheduled__2023-01-05T00:00:00+00:00 [queued]>
[2026-03-11T22:57:54.279+0530] {taskinstance.py:2076} INFO - Dependencies all met for dep_context=requeueable deps ti=<TaskInstance: example_dynamic_task_mapping.sum_it scheduled__2023-01-05T00:00:00+00:00 [queued]>
[2026-03-11T22:57:54.279+0530] {taskinstance.py:2306} INFO - Starting attempt 1 of 1
[2026-03-11T22:57:54.296+0530] {taskinstance.py:2330} INFO - Executing <Task(_PythonDecoratedOperator): sum_it> on 2023-01-05 00:00:00+00:00
[2026-03-11T22:57:54.300+0530] {standard_task_runner.py:64} INFO - Started process 12282 to run task
[2026-03-11T22:57:54.303+0530] {standard_task_runner.py:90} INFO - Running: ['airflow', 'tasks', 'run', 'example_dynamic_task_mapping', 'sum_it', 'scheduled__2023-01-05T00:00:00+00:00', '--job-id', '2244', '--raw', '--subdir', '/home/sathya/projects/training-kit/.venv-airflow/lib/python3.10/site-packages/airflow/example_dags/example_dynamic_task_mapping.py', '--cfg-path', '/tmp/tmpmycttett']
[2026-03-11T22:57:54.305+0530] {standard_task_runner.py:91} INFO - Job 2244: Subtask sum_it
[2026-03-11T22:57:54.339+0530] {task_command.py:426} INFO - Running <TaskInstance: example_dynamic_task_mapping.sum_it scheduled__2023-01-05T00:00:00+00:00 [running]> on host LAPTOP-A1PMOBSE.localdomain
[2026-03-11T22:57:54.419+0530] {taskinstance.py:2648} INFO - Exporting env vars: AIRFLOW_CTX_DAG_OWNER='airflow' AIRFLOW_CTX_DAG_ID='example_dynamic_task_mapping' AIRFLOW_CTX_TASK_ID='sum_it' AIRFLOW_CTX_EXECUTION_DATE='2023-01-05T00:00:00+00:00' AIRFLOW_CTX_TRY_NUMBER='1' AIRFLOW_CTX_DAG_RUN_ID='scheduled__2023-01-05T00:00:00+00:00'
[2026-03-11T22:57:54.420+0530] {taskinstance.py:430} INFO - ::endgroup::
[2026-03-11T22:57:54.423+0530] {logging_mixin.py:188} INFO - Total was 9
[2026-03-11T22:57:54.423+0530] {python.py:237} INFO - Done. Returned value was: None
[2026-03-11T22:57:54.423+0530] {taskinstance.py:441} INFO - ::group::Post task execution logs
[2026-03-11T22:57:54.427+0530] {taskinstance.py:1206} INFO - Marking task as SUCCESS. dag_id=example_dynamic_task_mapping, task_id=sum_it, run_id=scheduled__2023-01-05T00:00:00+00:00, execution_date=20230105T000000, start_date=20260311T172754, end_date=20260311T172754
[2026-03-11T22:57:54.486+0530] {local_task_job_runner.py:243} INFO - Task exited with return code 0
[2026-03-11T22:57:54.499+0530] {taskinstance.py:3503} INFO - 0 downstream tasks scheduled from follow-on schedule check
[2026-03-11T22:57:54.500+0530] {local_task_job_runner.py:222} INFO - ::endgroup::
