[2025-12-27T19:24:09.058+0530] {local_task_job_runner.py:120} INFO - ::group::Pre task execution logs
[2025-12-27T19:24:09.092+0530] {taskinstance.py:2076} INFO - Dependencies all met for dep_context=non-requeueable deps ti=<TaskInstance: example_dynamic_task_mapping.add_one scheduled__2022-11-22T00:00:00+00:00 map_index=2 [queued]>
[2025-12-27T19:24:09.103+0530] {taskinstance.py:2076} INFO - Dependencies all met for dep_context=requeueable deps ti=<TaskInstance: example_dynamic_task_mapping.add_one scheduled__2022-11-22T00:00:00+00:00 map_index=2 [queued]>
[2025-12-27T19:24:09.103+0530] {taskinstance.py:2306} INFO - Starting attempt 1 of 1
[2025-12-27T19:24:09.152+0530] {taskinstance.py:2330} INFO - Executing <Mapped(_PythonDecoratedOperator): add_one> on 2022-11-22 00:00:00+00:00
[2025-12-27T19:24:09.158+0530] {standard_task_runner.py:64} INFO - Started process 1052 to run task
[2025-12-27T19:24:09.164+0530] {standard_task_runner.py:90} INFO - Running: ['airflow', 'tasks', 'run', 'example_dynamic_task_mapping', 'add_one', 'scheduled__2022-11-22T00:00:00+00:00', '--job-id', '1659', '--raw', '--subdir', '/home/sathya/projects/training-kit/.venv-airflow/lib/python3.10/site-packages/airflow/example_dags/example_dynamic_task_mapping.py', '--cfg-path', '/tmp/tmpoakpnbyf', '--map-index', '2']
[2025-12-27T19:24:09.165+0530] {standard_task_runner.py:91} INFO - Job 1659: Subtask add_one
[2025-12-27T19:24:09.221+0530] {task_command.py:426} INFO - Running <TaskInstance: example_dynamic_task_mapping.add_one scheduled__2022-11-22T00:00:00+00:00 map_index=2 [running]> on host LAPTOP-A1PMOBSE.localdomain
[2025-12-27T19:24:09.330+0530] {taskinstance.py:2648} INFO - Exporting env vars: AIRFLOW_CTX_DAG_OWNER='airflow' AIRFLOW_CTX_DAG_ID='example_dynamic_task_mapping' AIRFLOW_CTX_TASK_ID='add_one' AIRFLOW_CTX_EXECUTION_DATE='2022-11-22T00:00:00+00:00' AIRFLOW_CTX_TRY_NUMBER='1' AIRFLOW_CTX_DAG_RUN_ID='scheduled__2022-11-22T00:00:00+00:00'
[2025-12-27T19:24:09.331+0530] {taskinstance.py:430} INFO - ::endgroup::
[2025-12-27T19:24:09.332+0530] {python.py:237} INFO - Done. Returned value was: 4
[2025-12-27T19:24:09.332+0530] {taskinstance.py:441} INFO - ::group::Post task execution logs
[2025-12-27T19:24:09.357+0530] {taskinstance.py:1206} INFO - Marking task as SUCCESS. dag_id=example_dynamic_task_mapping, task_id=add_one, run_id=scheduled__2022-11-22T00:00:00+00:00, map_index=2, execution_date=20221122T000000, start_date=20251227T135409, end_date=20251227T135409
[2025-12-27T19:24:09.419+0530] {local_task_job_runner.py:243} INFO - Task exited with return code 0
[2025-12-27T19:24:09.447+0530] {taskinstance.py:3503} INFO - 1 downstream tasks scheduled from follow-on schedule check
[2025-12-27T19:24:09.461+0530] {local_task_job_runner.py:222} INFO - ::endgroup::
[2026-03-11T22:42:43.571+0530] {local_task_job_runner.py:120} INFO - ::group::Pre task execution logs
[2026-03-11T22:42:43.587+0530] {taskinstance.py:2076} INFO - Dependencies all met for dep_context=non-requeueable deps ti=<TaskInstance: example_dynamic_task_mapping.add_one scheduled__2022-11-22T00:00:00+00:00 map_index=2 [queued]>
[2026-03-11T22:42:43.592+0530] {taskinstance.py:2076} INFO - Dependencies all met for dep_context=requeueable deps ti=<TaskInstance: example_dynamic_task_mapping.add_one scheduled__2022-11-22T00:00:00+00:00 map_index=2 [queued]>
[2026-03-11T22:42:43.592+0530] {taskinstance.py:2306} INFO - Starting attempt 1 of 1
[2026-03-11T22:42:43.606+0530] {taskinstance.py:2330} INFO - Executing <Mapped(_PythonDecoratedOperator): add_one> on 2022-11-22 00:00:00+00:00
[2026-03-11T22:42:43.610+0530] {standard_task_runner.py:64} INFO - Started process 9712 to run task
[2026-03-11T22:42:43.613+0530] {standard_task_runner.py:90} INFO - Running: ['airflow', 'tasks', 'run', 'example_dynamic_task_mapping', 'add_one', 'scheduled__2022-11-22T00:00:00+00:00', '--job-id', '1988', '--raw', '--subdir', '/home/sathya/projects/training-kit/.venv-airflow/lib/python3.10/site-packages/airflow/example_dags/example_dynamic_task_mapping.py', '--cfg-path', '/tmp/tmp870506f_', '--map-index', '2']
[2026-03-11T22:42:43.614+0530] {standard_task_runner.py:91} INFO - Job 1988: Subtask add_one
[2026-03-11T22:42:43.645+0530] {task_command.py:426} INFO - Running <TaskInstance: example_dynamic_task_mapping.add_one scheduled__2022-11-22T00:00:00+00:00 map_index=2 [running]> on host LAPTOP-A1PMOBSE.localdomain
[2026-03-11T22:42:43.706+0530] {taskinstance.py:2648} INFO - Exporting env vars: AIRFLOW_CTX_DAG_OWNER='airflow' AIRFLOW_CTX_DAG_ID='example_dynamic_task_mapping' AIRFLOW_CTX_TASK_ID='add_one' AIRFLOW_CTX_EXECUTION_DATE='2022-11-22T00:00:00+00:00' AIRFLOW_CTX_TRY_NUMBER='1' AIRFLOW_CTX_DAG_RUN_ID='scheduled__2022-11-22T00:00:00+00:00'
[2026-03-11T22:42:43.707+0530] {taskinstance.py:430} INFO - ::endgroup::
[2026-03-11T22:42:43.707+0530] {python.py:237} INFO - Done. Returned value was: 4
[2026-03-11T22:42:43.708+0530] {taskinstance.py:441} INFO - ::group::Post task execution logs
[2026-03-11T22:42:43.723+0530] {taskinstance.py:1206} INFO - Marking task as SUCCESS. dag_id=example_dynamic_task_mapping, task_id=add_one, run_id=scheduled__2022-11-22T00:00:00+00:00, map_index=2, execution_date=20221122T000000, start_date=20260311T171243, end_date=20260311T171243
[2026-03-11T22:42:43.754+0530] {local_task_job_runner.py:243} INFO - Task exited with return code 0
[2026-03-11T22:42:43.770+0530] {taskinstance.py:3503} INFO - 1 downstream tasks scheduled from follow-on schedule check
[2026-03-11T22:42:43.778+0530] {local_task_job_runner.py:222} INFO - ::endgroup::
