[2026-03-10T23:32:09.027+0530] {local_task_job_runner.py:120} INFO - ::group::Pre task execution logs
[2026-03-10T23:32:09.073+0530] {taskinstance.py:2076} INFO - Dependencies all met for dep_context=non-requeueable deps ti=<TaskInstance: daily_elt.dbt_run manual__2026-03-10T17:32:17.098222+00:00 [queued]>
[2026-03-10T23:32:09.087+0530] {taskinstance.py:2076} INFO - Dependencies all met for dep_context=requeueable deps ti=<TaskInstance: daily_elt.dbt_run manual__2026-03-10T17:32:17.098222+00:00 [queued]>
[2026-03-10T23:32:09.088+0530] {taskinstance.py:2306} INFO - Starting attempt 5 of 6
[2026-03-10T23:32:09.138+0530] {taskinstance.py:2330} INFO - Executing <Task(BashOperator): dbt_run> on 2026-03-10 17:32:17.098222+00:00
[2026-03-10T23:32:09.156+0530] {standard_task_runner.py:64} INFO - Started process 12455 to run task
[2026-03-10T23:32:09.166+0530] {standard_task_runner.py:90} INFO - Running: ['airflow', 'tasks', 'run', 'daily_elt', 'dbt_run', 'manual__2026-03-10T17:32:17.098222+00:00', '--job-id', '1122', '--raw', '--subdir', 'DAGS_FOLDER/elt_dag.py', '--cfg-path', '/tmp/tmpox3tclo6']
[2026-03-10T23:32:09.171+0530] {standard_task_runner.py:91} INFO - Job 1122: Subtask dbt_run
[2026-03-10T23:32:09.281+0530] {task_command.py:426} INFO - Running <TaskInstance: daily_elt.dbt_run manual__2026-03-10T17:32:17.098222+00:00 [running]> on host LAPTOP-A1PMOBSE.localdomain
[2026-03-10T23:32:09.499+0530] {taskinstance.py:2648} INFO - Exporting env vars: AIRFLOW_CTX_DAG_OWNER='data-eng' AIRFLOW_CTX_DAG_ID='daily_elt' AIRFLOW_CTX_TASK_ID='dbt_run' AIRFLOW_CTX_EXECUTION_DATE='2026-03-10T17:32:17.098222+00:00' AIRFLOW_CTX_TRY_NUMBER='5' AIRFLOW_CTX_DAG_RUN_ID='manual__2026-03-10T17:32:17.098222+00:00'
[2026-03-10T23:32:09.503+0530] {taskinstance.py:430} INFO - ::endgroup::
[2026-03-10T23:32:09.504+0530] {subprocess.py:63} INFO - Tmp dir root location: /tmp
[2026-03-10T23:32:09.506+0530] {subprocess.py:75} INFO - Running command: ['/usr/bin/bash', '-c', 'cd /home/sathya/projects/training-kit && dbt run --profiles-dir /home/sathya/projects/training-kit']
[2026-03-10T23:32:09.532+0530] {subprocess.py:86} INFO - Output:
[2026-03-10T23:32:11.867+0530] {subprocess.py:93} INFO - [0m18:02:11  Running with dbt=1.5.0
[2026-03-10T23:32:11.879+0530] {subprocess.py:93} INFO - [0m18:02:11  Encountered an error:
[2026-03-10T23:32:11.880+0530] {subprocess.py:93} INFO - Runtime Error
[2026-03-10T23:32:11.881+0530] {subprocess.py:93} INFO -   Could not find profile named 'training_project'
[2026-03-10T23:32:13.637+0530] {subprocess.py:97} INFO - Command exited with return code 2
[2026-03-10T23:32:13.639+0530] {taskinstance.py:441} INFO - ::group::Post task execution logs
[2026-03-10T23:32:13.677+0530] {taskinstance.py:2905} ERROR - Task failed with exception
Traceback (most recent call last):
  File "/home/sathya/projects/training-kit/.venv-airflow/lib/python3.10/site-packages/airflow/models/taskinstance.py", line 465, in _execute_task
    result = _execute_callable(context=context, **execute_callable_kwargs)
  File "/home/sathya/projects/training-kit/.venv-airflow/lib/python3.10/site-packages/airflow/models/taskinstance.py", line 432, in _execute_callable
    return execute_callable(context=context, **execute_callable_kwargs)
  File "/home/sathya/projects/training-kit/.venv-airflow/lib/python3.10/site-packages/airflow/models/baseoperator.py", line 401, in wrapper
    return func(self, *args, **kwargs)
  File "/home/sathya/projects/training-kit/.venv-airflow/lib/python3.10/site-packages/airflow/operators/bash.py", line 243, in execute
    raise AirflowException(
airflow.exceptions.AirflowException: Bash command failed. The command returned a non-zero exit code 2.
[2026-03-10T23:32:13.697+0530] {taskinstance.py:1206} INFO - Marking task as UP_FOR_RETRY. dag_id=daily_elt, task_id=dbt_run, run_id=manual__2026-03-10T17:32:17.098222+00:00, execution_date=20260310T173217, start_date=20260310T180209, end_date=20260310T180213
[2026-03-10T23:32:13.750+0530] {standard_task_runner.py:110} ERROR - Failed to execute job 1122 for task dbt_run (Bash command failed. The command returned a non-zero exit code 2.; 12455)
[2026-03-10T23:32:13.996+0530] {local_task_job_runner.py:243} INFO - Task exited with return code 1
[2026-03-10T23:32:14.042+0530] {taskinstance.py:3503} INFO - 0 downstream tasks scheduled from follow-on schedule check
[2026-03-10T23:32:14.045+0530] {local_task_job_runner.py:222} INFO - ::endgroup::
