[2026-03-10T23:13:12.375+0530] {local_task_job_runner.py:120} INFO - ::group::Pre task execution logs
[2026-03-10T23:13:12.402+0530] {taskinstance.py:2076} INFO - Dependencies all met for dep_context=non-requeueable deps ti=<TaskInstance: daily_elt.dbt_run manual__2026-03-10T17:32:17.098222+00:00 [queued]>
[2026-03-10T23:13:12.409+0530] {taskinstance.py:2076} INFO - Dependencies all met for dep_context=requeueable deps ti=<TaskInstance: daily_elt.dbt_run manual__2026-03-10T17:32:17.098222+00:00 [queued]>
[2026-03-10T23:13:12.409+0530] {taskinstance.py:2306} INFO - Starting attempt 1 of 2
[2026-03-10T23:13:12.437+0530] {taskinstance.py:2330} INFO - Executing <Task(BashOperator): dbt_run> on 2026-03-10 17:32:17.098222+00:00
[2026-03-10T23:13:12.443+0530] {standard_task_runner.py:64} INFO - Started process 7987 to run task
[2026-03-10T23:13:12.447+0530] {standard_task_runner.py:90} INFO - Running: ['airflow', 'tasks', 'run', 'daily_elt', 'dbt_run', 'manual__2026-03-10T17:32:17.098222+00:00', '--job-id', '691', '--raw', '--subdir', 'DAGS_FOLDER/elt_dag.py', '--cfg-path', '/tmp/tmpq9pvj03v']
[2026-03-10T23:13:12.449+0530] {standard_task_runner.py:91} INFO - Job 691: Subtask dbt_run
[2026-03-10T23:13:12.509+0530] {task_command.py:426} INFO - Running <TaskInstance: daily_elt.dbt_run manual__2026-03-10T17:32:17.098222+00:00 [running]> on host LAPTOP-A1PMOBSE.localdomain
[2026-03-10T23:13:12.622+0530] {taskinstance.py:2648} INFO - Exporting env vars: AIRFLOW_CTX_DAG_OWNER='data-eng' AIRFLOW_CTX_DAG_ID='daily_elt' AIRFLOW_CTX_TASK_ID='dbt_run' AIRFLOW_CTX_EXECUTION_DATE='2026-03-10T17:32:17.098222+00:00' AIRFLOW_CTX_TRY_NUMBER='1' AIRFLOW_CTX_DAG_RUN_ID='manual__2026-03-10T17:32:17.098222+00:00'
[2026-03-10T23:13:12.625+0530] {taskinstance.py:430} INFO - ::endgroup::
[2026-03-10T23:13:12.626+0530] {subprocess.py:63} INFO - Tmp dir root location: /tmp
[2026-03-10T23:13:12.627+0530] {subprocess.py:75} INFO - Running command: ['/usr/bin/bash', '-c', 'cd ~/projects/training-kit/dbt_project/training_project && dbt run --profiles-dir ~/projects/training-kit/dbt']
[2026-03-10T23:13:12.642+0530] {subprocess.py:86} INFO - Output:
[2026-03-10T23:13:12.644+0530] {subprocess.py:93} INFO - /usr/bin/bash: line 1: cd: /home/sathya/projects/training-kit/dbt_project/training_project: No such file or directory
[2026-03-10T23:13:12.644+0530] {subprocess.py:97} INFO - Command exited with return code 1
[2026-03-10T23:13:12.645+0530] {taskinstance.py:441} INFO - ::group::Post task execution logs
[2026-03-10T23:13:12.655+0530] {taskinstance.py:2905} ERROR - Task failed with exception
Traceback (most recent call last):
  File "/home/sathya/projects/training-kit/.venv-airflow/lib/python3.10/site-packages/airflow/models/taskinstance.py", line 465, in _execute_task
    result = _execute_callable(context=context, **execute_callable_kwargs)
  File "/home/sathya/projects/training-kit/.venv-airflow/lib/python3.10/site-packages/airflow/models/taskinstance.py", line 432, in _execute_callable
    return execute_callable(context=context, **execute_callable_kwargs)
  File "/home/sathya/projects/training-kit/.venv-airflow/lib/python3.10/site-packages/airflow/models/baseoperator.py", line 401, in wrapper
    return func(self, *args, **kwargs)
  File "/home/sathya/projects/training-kit/.venv-airflow/lib/python3.10/site-packages/airflow/operators/bash.py", line 243, in execute
    raise AirflowException(
airflow.exceptions.AirflowException: Bash command failed. The command returned a non-zero exit code 1.
[2026-03-10T23:13:12.662+0530] {taskinstance.py:1206} INFO - Marking task as UP_FOR_RETRY. dag_id=daily_elt, task_id=dbt_run, run_id=manual__2026-03-10T17:32:17.098222+00:00, execution_date=20260310T173217, start_date=20260310T174312, end_date=20260310T174312
[2026-03-10T23:13:12.697+0530] {standard_task_runner.py:110} ERROR - Failed to execute job 691 for task dbt_run (Bash command failed. The command returned a non-zero exit code 1.; 7987)
[2026-03-10T23:13:12.717+0530] {local_task_job_runner.py:243} INFO - Task exited with return code 1
[2026-03-10T23:13:12.756+0530] {taskinstance.py:3503} INFO - 0 downstream tasks scheduled from follow-on schedule check
[2026-03-10T23:13:12.758+0530] {local_task_job_runner.py:222} INFO - ::endgroup::
