[2025-12-27T19:48:02.573+0530] {local_task_job_runner.py:120} INFO - ::group::Pre task execution logs
[2025-12-27T19:48:02.596+0530] {taskinstance.py:2076} INFO - Dependencies all met for dep_context=non-requeueable deps ti=<TaskInstance: example_dynamic_task_mapping.sum_it scheduled__2023-01-10T00:00:00+00:00 [queued]>
[2025-12-27T19:48:02.602+0530] {taskinstance.py:2076} INFO - Dependencies all met for dep_context=requeueable deps ti=<TaskInstance: example_dynamic_task_mapping.sum_it scheduled__2023-01-10T00:00:00+00:00 [queued]>
[2025-12-27T19:48:02.602+0530] {taskinstance.py:2306} INFO - Starting attempt 1 of 1
[2025-12-27T19:48:02.622+0530] {taskinstance.py:2330} INFO - Executing <Task(_PythonDecoratedOperator): sum_it> on 2023-01-10 00:00:00+00:00
[2025-12-27T19:48:02.625+0530] {standard_task_runner.py:64} INFO - Started process 1926 to run task
[2025-12-27T19:48:02.631+0530] {standard_task_runner.py:90} INFO - Running: ['airflow', 'tasks', 'run', 'example_dynamic_task_mapping', 'sum_it', 'scheduled__2023-01-10T00:00:00+00:00', '--job-id', '1982', '--raw', '--subdir', '/home/sathya/projects/training-kit/.venv-airflow/lib/python3.10/site-packages/airflow/example_dags/example_dynamic_task_mapping.py', '--cfg-path', '/tmp/tmp9lhzx20h']
[2025-12-27T19:48:02.632+0530] {standard_task_runner.py:91} INFO - Job 1982: Subtask sum_it
[2025-12-27T19:48:02.683+0530] {task_command.py:426} INFO - Running <TaskInstance: example_dynamic_task_mapping.sum_it scheduled__2023-01-10T00:00:00+00:00 [running]> on host LAPTOP-A1PMOBSE.localdomain
[2025-12-27T19:48:02.777+0530] {taskinstance.py:2648} INFO - Exporting env vars: AIRFLOW_CTX_DAG_OWNER='airflow' AIRFLOW_CTX_DAG_ID='example_dynamic_task_mapping' AIRFLOW_CTX_TASK_ID='sum_it' AIRFLOW_CTX_EXECUTION_DATE='2023-01-10T00:00:00+00:00' AIRFLOW_CTX_TRY_NUMBER='1' AIRFLOW_CTX_DAG_RUN_ID='scheduled__2023-01-10T00:00:00+00:00'
[2025-12-27T19:48:02.781+0530] {taskinstance.py:430} INFO - ::endgroup::
[2025-12-27T19:48:02.784+0530] {logging_mixin.py:188} INFO - Total was 9
[2025-12-27T19:48:02.784+0530] {python.py:237} INFO - Done. Returned value was: None
[2025-12-27T19:48:02.785+0530] {taskinstance.py:441} INFO - ::group::Post task execution logs
[2025-12-27T19:48:02.789+0530] {taskinstance.py:1206} INFO - Marking task as SUCCESS. dag_id=example_dynamic_task_mapping, task_id=sum_it, run_id=scheduled__2023-01-10T00:00:00+00:00, execution_date=20230110T000000, start_date=20251227T141802, end_date=20251227T141802
[2025-12-27T19:48:02.843+0530] {local_task_job_runner.py:243} INFO - Task exited with return code 0
[2025-12-27T19:48:02.864+0530] {taskinstance.py:3503} INFO - 0 downstream tasks scheduled from follow-on schedule check
[2025-12-27T19:48:02.865+0530] {local_task_job_runner.py:222} INFO - ::endgroup::
[2026-03-11T22:59:36.686+0530] {local_task_job_runner.py:120} INFO - ::group::Pre task execution logs
[2026-03-11T22:59:36.704+0530] {taskinstance.py:2076} INFO - Dependencies all met for dep_context=non-requeueable deps ti=<TaskInstance: example_dynamic_task_mapping.sum_it scheduled__2023-01-10T00:00:00+00:00 [queued]>
[2026-03-11T22:59:36.709+0530] {taskinstance.py:2076} INFO - Dependencies all met for dep_context=requeueable deps ti=<TaskInstance: example_dynamic_task_mapping.sum_it scheduled__2023-01-10T00:00:00+00:00 [queued]>
[2026-03-11T22:59:36.709+0530] {taskinstance.py:2306} INFO - Starting attempt 1 of 1
[2026-03-11T22:59:36.724+0530] {taskinstance.py:2330} INFO - Executing <Task(_PythonDecoratedOperator): sum_it> on 2023-01-10 00:00:00+00:00
[2026-03-11T22:59:36.729+0530] {standard_task_runner.py:64} INFO - Started process 12573 to run task
[2026-03-11T22:59:36.732+0530] {standard_task_runner.py:90} INFO - Running: ['airflow', 'tasks', 'run', 'example_dynamic_task_mapping', 'sum_it', 'scheduled__2023-01-10T00:00:00+00:00', '--job-id', '2271', '--raw', '--subdir', '/home/sathya/projects/training-kit/.venv-airflow/lib/python3.10/site-packages/airflow/example_dags/example_dynamic_task_mapping.py', '--cfg-path', '/tmp/tmpuob68ygc']
[2026-03-11T22:59:36.734+0530] {standard_task_runner.py:91} INFO - Job 2271: Subtask sum_it
[2026-03-11T22:59:36.776+0530] {task_command.py:426} INFO - Running <TaskInstance: example_dynamic_task_mapping.sum_it scheduled__2023-01-10T00:00:00+00:00 [running]> on host LAPTOP-A1PMOBSE.localdomain
[2026-03-11T22:59:36.859+0530] {taskinstance.py:2648} INFO - Exporting env vars: AIRFLOW_CTX_DAG_OWNER='airflow' AIRFLOW_CTX_DAG_ID='example_dynamic_task_mapping' AIRFLOW_CTX_TASK_ID='sum_it' AIRFLOW_CTX_EXECUTION_DATE='2023-01-10T00:00:00+00:00' AIRFLOW_CTX_TRY_NUMBER='1' AIRFLOW_CTX_DAG_RUN_ID='scheduled__2023-01-10T00:00:00+00:00'
[2026-03-11T22:59:36.861+0530] {taskinstance.py:430} INFO - ::endgroup::
[2026-03-11T22:59:36.864+0530] {logging_mixin.py:188} INFO - Total was 9
[2026-03-11T22:59:36.864+0530] {python.py:237} INFO - Done. Returned value was: None
[2026-03-11T22:59:36.864+0530] {taskinstance.py:441} INFO - ::group::Post task execution logs
[2026-03-11T22:59:36.868+0530] {taskinstance.py:1206} INFO - Marking task as SUCCESS. dag_id=example_dynamic_task_mapping, task_id=sum_it, run_id=scheduled__2023-01-10T00:00:00+00:00, execution_date=20230110T000000, start_date=20260311T172936, end_date=20260311T172936
[2026-03-11T22:59:36.918+0530] {local_task_job_runner.py:243} INFO - Task exited with return code 0
[2026-03-11T22:59:36.935+0530] {taskinstance.py:3503} INFO - 0 downstream tasks scheduled from follow-on schedule check
[2026-03-11T22:59:36.935+0530] {local_task_job_runner.py:222} INFO - ::endgroup::
