[2025-12-27T19:10:45.675+0530] {local_task_job_runner.py:120} INFO - ::group::Pre task execution logs
[2025-12-27T19:10:45.707+0530] {taskinstance.py:2076} INFO - Dependencies all met for dep_context=non-requeueable deps ti=<TaskInstance: example_setup_teardown.normal scheduled__2025-12-26T00:00:00+00:00 [queued]>
[2025-12-27T19:10:45.716+0530] {taskinstance.py:2076} INFO - Dependencies all met for dep_context=requeueable deps ti=<TaskInstance: example_setup_teardown.normal scheduled__2025-12-26T00:00:00+00:00 [queued]>
[2025-12-27T19:10:45.716+0530] {taskinstance.py:2306} INFO - Starting attempt 1 of 1
[2025-12-27T19:10:45.740+0530] {taskinstance.py:2330} INFO - Executing <Task(BashOperator): normal> on 2025-12-26 00:00:00+00:00
[2025-12-27T19:10:45.743+0530] {standard_task_runner.py:64} INFO - Started process 606 to run task
[2025-12-27T19:10:45.750+0530] {standard_task_runner.py:90} INFO - Running: ['airflow', 'tasks', 'run', 'example_setup_teardown', 'normal', 'scheduled__2025-12-26T00:00:00+00:00', '--job-id', '1513', '--raw', '--subdir', '/home/sathya/projects/training-kit/.venv-airflow/lib/python3.10/site-packages/airflow/example_dags/example_setup_teardown.py', '--cfg-path', '/tmp/tmpi6k1q283']
[2025-12-27T19:10:45.750+0530] {standard_task_runner.py:91} INFO - Job 1513: Subtask normal
[2025-12-27T19:10:45.807+0530] {task_command.py:426} INFO - Running <TaskInstance: example_setup_teardown.normal scheduled__2025-12-26T00:00:00+00:00 [running]> on host LAPTOP-A1PMOBSE.localdomain
[2025-12-27T19:10:45.919+0530] {taskinstance.py:2648} INFO - Exporting env vars: AIRFLOW_CTX_DAG_OWNER='airflow' AIRFLOW_CTX_DAG_ID='example_setup_teardown' AIRFLOW_CTX_TASK_ID='normal' AIRFLOW_CTX_EXECUTION_DATE='2025-12-26T00:00:00+00:00' AIRFLOW_CTX_TRY_NUMBER='1' AIRFLOW_CTX_DAG_RUN_ID='scheduled__2025-12-26T00:00:00+00:00'
[2025-12-27T19:10:45.921+0530] {taskinstance.py:430} INFO - ::endgroup::
[2025-12-27T19:10:45.922+0530] {subprocess.py:63} INFO - Tmp dir root location: /tmp
[2025-12-27T19:10:45.922+0530] {subprocess.py:75} INFO - Running command: ['/usr/bin/bash', '-c', "echo 'I am just a normal task'"]
[2025-12-27T19:10:45.928+0530] {subprocess.py:86} INFO - Output:
[2025-12-27T19:10:45.930+0530] {subprocess.py:93} INFO - I am just a normal task
[2025-12-27T19:10:45.930+0530] {subprocess.py:97} INFO - Command exited with return code 0
[2025-12-27T19:10:45.931+0530] {taskinstance.py:441} INFO - ::group::Post task execution logs
[2025-12-27T19:10:45.960+0530] {taskinstance.py:1206} INFO - Marking task as SUCCESS. dag_id=example_setup_teardown, task_id=normal, run_id=scheduled__2025-12-26T00:00:00+00:00, execution_date=20251226T000000, start_date=20251227T134045, end_date=20251227T134045
[2025-12-27T19:10:46.003+0530] {local_task_job_runner.py:243} INFO - Task exited with return code 0
[2025-12-27T19:10:46.039+0530] {taskinstance.py:3503} INFO - 2 downstream tasks scheduled from follow-on schedule check
[2025-12-27T19:10:46.054+0530] {local_task_job_runner.py:222} INFO - ::endgroup::
