[2025-12-26T22:27:06.587+0530] {local_task_job_runner.py:120} INFO - ::group::Pre task execution logs
[2025-12-26T22:27:06.603+0530] {taskinstance.py:2076} INFO - Dependencies all met for dep_context=non-requeueable deps ti=<TaskInstance: example_dynamic_task_mapping.add_one scheduled__2022-06-06T00:00:00+00:00 map_index=0 [queued]>
[2025-12-26T22:27:06.607+0530] {taskinstance.py:2076} INFO - Dependencies all met for dep_context=requeueable deps ti=<TaskInstance: example_dynamic_task_mapping.add_one scheduled__2022-06-06T00:00:00+00:00 map_index=0 [queued]>
[2025-12-26T22:27:06.607+0530] {taskinstance.py:2306} INFO - Starting attempt 1 of 1
[2025-12-26T22:27:06.621+0530] {taskinstance.py:2330} INFO - Executing <Mapped(_PythonDecoratedOperator): add_one> on 2022-06-06 00:00:00+00:00
[2025-12-26T22:27:06.624+0530] {standard_task_runner.py:64} INFO - Started process 6704 to run task
[2025-12-26T22:27:06.626+0530] {standard_task_runner.py:90} INFO - Running: ['airflow', 'tasks', 'run', 'example_dynamic_task_mapping', 'add_one', 'scheduled__2022-06-06T00:00:00+00:00', '--job-id', '614', '--raw', '--subdir', '/home/sathya/projects/training-kit/.venv-airflow/lib/python3.10/site-packages/airflow/example_dags/example_dynamic_task_mapping.py', '--cfg-path', '/tmp/tmpvevy9lmg', '--map-index', '0']
[2025-12-26T22:27:06.627+0530] {standard_task_runner.py:91} INFO - Job 614: Subtask add_one
[2025-12-26T22:27:06.655+0530] {task_command.py:426} INFO - Running <TaskInstance: example_dynamic_task_mapping.add_one scheduled__2022-06-06T00:00:00+00:00 map_index=0 [running]> on host LAPTOP-A1PMOBSE.localdomain
[2025-12-26T22:27:06.711+0530] {taskinstance.py:2648} INFO - Exporting env vars: AIRFLOW_CTX_DAG_OWNER='airflow' AIRFLOW_CTX_DAG_ID='example_dynamic_task_mapping' AIRFLOW_CTX_TASK_ID='add_one' AIRFLOW_CTX_EXECUTION_DATE='2022-06-06T00:00:00+00:00' AIRFLOW_CTX_TRY_NUMBER='1' AIRFLOW_CTX_DAG_RUN_ID='scheduled__2022-06-06T00:00:00+00:00'
[2025-12-26T22:27:06.712+0530] {taskinstance.py:430} INFO - ::endgroup::
[2025-12-26T22:27:06.713+0530] {python.py:237} INFO - Done. Returned value was: 2
[2025-12-26T22:27:06.713+0530] {taskinstance.py:441} INFO - ::group::Post task execution logs
[2025-12-26T22:27:06.725+0530] {taskinstance.py:1206} INFO - Marking task as SUCCESS. dag_id=example_dynamic_task_mapping, task_id=add_one, run_id=scheduled__2022-06-06T00:00:00+00:00, map_index=0, execution_date=20220606T000000, start_date=20251226T165706, end_date=20251226T165706
[2025-12-26T22:27:06.758+0530] {local_task_job_runner.py:243} INFO - Task exited with return code 0
[2025-12-26T22:27:06.773+0530] {taskinstance.py:3503} INFO - 0 downstream tasks scheduled from follow-on schedule check
[2025-12-26T22:27:06.774+0530] {local_task_job_runner.py:222} INFO - ::endgroup::
[2026-03-10T23:15:35.140+0530] {local_task_job_runner.py:120} INFO - ::group::Pre task execution logs
[2026-03-10T23:15:35.169+0530] {taskinstance.py:2076} INFO - Dependencies all met for dep_context=non-requeueable deps ti=<TaskInstance: example_dynamic_task_mapping.add_one scheduled__2022-06-06T00:00:00+00:00 map_index=0 [queued]>
[2026-03-10T23:15:35.174+0530] {taskinstance.py:2076} INFO - Dependencies all met for dep_context=requeueable deps ti=<TaskInstance: example_dynamic_task_mapping.add_one scheduled__2022-06-06T00:00:00+00:00 map_index=0 [queued]>
[2026-03-10T23:15:35.174+0530] {taskinstance.py:2306} INFO - Starting attempt 1 of 1
[2026-03-10T23:15:35.199+0530] {taskinstance.py:2330} INFO - Executing <Mapped(_PythonDecoratedOperator): add_one> on 2022-06-06 00:00:00+00:00
[2026-03-10T23:15:35.207+0530] {standard_task_runner.py:64} INFO - Started process 8523 to run task
[2026-03-10T23:15:35.212+0530] {standard_task_runner.py:90} INFO - Running: ['airflow', 'tasks', 'run', 'example_dynamic_task_mapping', 'add_one', 'scheduled__2022-06-06T00:00:00+00:00', '--job-id', '743', '--raw', '--subdir', '/home/sathya/projects/training-kit/.venv-airflow/lib/python3.10/site-packages/airflow/example_dags/example_dynamic_task_mapping.py', '--cfg-path', '/tmp/tmpz2bql2e7', '--map-index', '0']
[2026-03-10T23:15:35.214+0530] {standard_task_runner.py:91} INFO - Job 743: Subtask add_one
[2026-03-10T23:15:35.273+0530] {task_command.py:426} INFO - Running <TaskInstance: example_dynamic_task_mapping.add_one scheduled__2022-06-06T00:00:00+00:00 map_index=0 [running]> on host LAPTOP-A1PMOBSE.localdomain
[2026-03-10T23:15:35.370+0530] {taskinstance.py:2648} INFO - Exporting env vars: AIRFLOW_CTX_DAG_OWNER='airflow' AIRFLOW_CTX_DAG_ID='example_dynamic_task_mapping' AIRFLOW_CTX_TASK_ID='add_one' AIRFLOW_CTX_EXECUTION_DATE='2022-06-06T00:00:00+00:00' AIRFLOW_CTX_TRY_NUMBER='1' AIRFLOW_CTX_DAG_RUN_ID='scheduled__2022-06-06T00:00:00+00:00'
[2026-03-10T23:15:35.371+0530] {taskinstance.py:430} INFO - ::endgroup::
[2026-03-10T23:15:35.372+0530] {python.py:237} INFO - Done. Returned value was: 2
[2026-03-10T23:15:35.372+0530] {taskinstance.py:441} INFO - ::group::Post task execution logs
[2026-03-10T23:15:35.394+0530] {taskinstance.py:1206} INFO - Marking task as SUCCESS. dag_id=example_dynamic_task_mapping, task_id=add_one, run_id=scheduled__2022-06-06T00:00:00+00:00, map_index=0, execution_date=20220606T000000, start_date=20260310T174535, end_date=20260310T174535
[2026-03-10T23:15:35.435+0530] {local_task_job_runner.py:243} INFO - Task exited with return code 0
[2026-03-10T23:15:35.458+0530] {taskinstance.py:3503} INFO - 0 downstream tasks scheduled from follow-on schedule check
[2026-03-10T23:15:35.459+0530] {local_task_job_runner.py:222} INFO - ::endgroup::
