[2025-12-27T19:41:34.075+0530] {local_task_job_runner.py:120} INFO - ::group::Pre task execution logs
[2025-12-27T19:41:34.100+0530] {taskinstance.py:2076} INFO - Dependencies all met for dep_context=non-requeueable deps ti=<TaskInstance: example_dynamic_task_mapping.add_one scheduled__2022-12-26T00:00:00+00:00 map_index=1 [queued]>
[2025-12-27T19:41:34.105+0530] {taskinstance.py:2076} INFO - Dependencies all met for dep_context=requeueable deps ti=<TaskInstance: example_dynamic_task_mapping.add_one scheduled__2022-12-26T00:00:00+00:00 map_index=1 [queued]>
[2025-12-27T19:41:34.106+0530] {taskinstance.py:2306} INFO - Starting attempt 1 of 1
[2025-12-27T19:41:34.124+0530] {taskinstance.py:2330} INFO - Executing <Mapped(_PythonDecoratedOperator): add_one> on 2022-12-26 00:00:00+00:00
[2025-12-27T19:41:34.128+0530] {standard_task_runner.py:64} INFO - Started process 1672 to run task
[2025-12-27T19:41:34.133+0530] {standard_task_runner.py:90} INFO - Running: ['airflow', 'tasks', 'run', 'example_dynamic_task_mapping', 'add_one', 'scheduled__2022-12-26T00:00:00+00:00', '--job-id', '1886', '--raw', '--subdir', '/home/sathya/projects/training-kit/.venv-airflow/lib/python3.10/site-packages/airflow/example_dags/example_dynamic_task_mapping.py', '--cfg-path', '/tmp/tmpmlxi_e68', '--map-index', '1']
[2025-12-27T19:41:34.133+0530] {standard_task_runner.py:91} INFO - Job 1886: Subtask add_one
[2025-12-27T19:41:34.175+0530] {task_command.py:426} INFO - Running <TaskInstance: example_dynamic_task_mapping.add_one scheduled__2022-12-26T00:00:00+00:00 map_index=1 [running]> on host LAPTOP-A1PMOBSE.localdomain
[2025-12-27T19:41:34.264+0530] {taskinstance.py:2648} INFO - Exporting env vars: AIRFLOW_CTX_DAG_OWNER='airflow' AIRFLOW_CTX_DAG_ID='example_dynamic_task_mapping' AIRFLOW_CTX_TASK_ID='add_one' AIRFLOW_CTX_EXECUTION_DATE='2022-12-26T00:00:00+00:00' AIRFLOW_CTX_TRY_NUMBER='1' AIRFLOW_CTX_DAG_RUN_ID='scheduled__2022-12-26T00:00:00+00:00'
[2025-12-27T19:41:34.265+0530] {taskinstance.py:430} INFO - ::endgroup::
[2025-12-27T19:41:34.266+0530] {python.py:237} INFO - Done. Returned value was: 3
[2025-12-27T19:41:34.266+0530] {taskinstance.py:441} INFO - ::group::Post task execution logs
[2025-12-27T19:41:34.283+0530] {taskinstance.py:1206} INFO - Marking task as SUCCESS. dag_id=example_dynamic_task_mapping, task_id=add_one, run_id=scheduled__2022-12-26T00:00:00+00:00, map_index=1, execution_date=20221226T000000, start_date=20251227T141134, end_date=20251227T141134
[2025-12-27T19:41:34.305+0530] {local_task_job_runner.py:243} INFO - Task exited with return code 0
[2025-12-27T19:41:34.324+0530] {taskinstance.py:3503} INFO - 0 downstream tasks scheduled from follow-on schedule check
[2025-12-27T19:41:34.325+0530] {local_task_job_runner.py:222} INFO - ::endgroup::
[2026-03-11T22:54:05.888+0530] {local_task_job_runner.py:120} INFO - ::group::Pre task execution logs
[2026-03-11T22:54:05.908+0530] {taskinstance.py:2076} INFO - Dependencies all met for dep_context=non-requeueable deps ti=<TaskInstance: example_dynamic_task_mapping.add_one scheduled__2022-12-26T00:00:00+00:00 map_index=1 [queued]>
[2026-03-11T22:54:05.913+0530] {taskinstance.py:2076} INFO - Dependencies all met for dep_context=requeueable deps ti=<TaskInstance: example_dynamic_task_mapping.add_one scheduled__2022-12-26T00:00:00+00:00 map_index=1 [queued]>
[2026-03-11T22:54:05.913+0530] {taskinstance.py:2306} INFO - Starting attempt 1 of 1
[2026-03-11T22:54:05.930+0530] {taskinstance.py:2330} INFO - Executing <Mapped(_PythonDecoratedOperator): add_one> on 2022-12-26 00:00:00+00:00
[2026-03-11T22:54:05.934+0530] {standard_task_runner.py:64} INFO - Started process 11646 to run task
[2026-03-11T22:54:05.938+0530] {standard_task_runner.py:90} INFO - Running: ['airflow', 'tasks', 'run', 'example_dynamic_task_mapping', 'add_one', 'scheduled__2022-12-26T00:00:00+00:00', '--job-id', '2180', '--raw', '--subdir', '/home/sathya/projects/training-kit/.venv-airflow/lib/python3.10/site-packages/airflow/example_dags/example_dynamic_task_mapping.py', '--cfg-path', '/tmp/tmp7jby2lmn', '--map-index', '1']
[2026-03-11T22:54:05.939+0530] {standard_task_runner.py:91} INFO - Job 2180: Subtask add_one
[2026-03-11T22:54:05.981+0530] {task_command.py:426} INFO - Running <TaskInstance: example_dynamic_task_mapping.add_one scheduled__2022-12-26T00:00:00+00:00 map_index=1 [running]> on host LAPTOP-A1PMOBSE.localdomain
[2026-03-11T22:54:06.045+0530] {taskinstance.py:2648} INFO - Exporting env vars: AIRFLOW_CTX_DAG_OWNER='airflow' AIRFLOW_CTX_DAG_ID='example_dynamic_task_mapping' AIRFLOW_CTX_TASK_ID='add_one' AIRFLOW_CTX_EXECUTION_DATE='2022-12-26T00:00:00+00:00' AIRFLOW_CTX_TRY_NUMBER='1' AIRFLOW_CTX_DAG_RUN_ID='scheduled__2022-12-26T00:00:00+00:00'
[2026-03-11T22:54:06.046+0530] {taskinstance.py:430} INFO - ::endgroup::
[2026-03-11T22:54:06.046+0530] {python.py:237} INFO - Done. Returned value was: 3
[2026-03-11T22:54:06.046+0530] {taskinstance.py:441} INFO - ::group::Post task execution logs
[2026-03-11T22:54:06.062+0530] {taskinstance.py:1206} INFO - Marking task as SUCCESS. dag_id=example_dynamic_task_mapping, task_id=add_one, run_id=scheduled__2022-12-26T00:00:00+00:00, map_index=1, execution_date=20221226T000000, start_date=20260311T172405, end_date=20260311T172406
[2026-03-11T22:54:06.120+0530] {local_task_job_runner.py:243} INFO - Task exited with return code 0
[2026-03-11T22:54:06.145+0530] {taskinstance.py:3503} INFO - 0 downstream tasks scheduled from follow-on schedule check
[2026-03-11T22:54:06.146+0530] {local_task_job_runner.py:222} INFO - ::endgroup::
