[2026-03-10T22:58:10.694+0530] {local_task_job_runner.py:120} INFO - ::group::Pre task execution logs
[2026-03-10T22:58:10.725+0530] {taskinstance.py:2076} INFO - Dependencies all met for dep_context=non-requeueable deps ti=<TaskInstance: example_branch_python_operator_decorator.branching_virtualenv scheduled__2026-03-08T00:00:00+00:00 [queued]>
[2026-03-10T22:58:10.737+0530] {taskinstance.py:2076} INFO - Dependencies all met for dep_context=requeueable deps ti=<TaskInstance: example_branch_python_operator_decorator.branching_virtualenv scheduled__2026-03-08T00:00:00+00:00 [queued]>
[2026-03-10T22:58:10.737+0530] {taskinstance.py:2306} INFO - Starting attempt 1 of 1
[2026-03-10T22:58:10.764+0530] {taskinstance.py:2330} INFO - Executing <Task(_BranchPythonVirtualenvDecoratedOperator): branching_virtualenv> on 2026-03-08 00:00:00+00:00
[2026-03-10T22:58:10.772+0530] {standard_task_runner.py:64} INFO - Started process 4174 to run task
[2026-03-10T22:58:10.777+0530] {standard_task_runner.py:90} INFO - Running: ['airflow', 'tasks', 'run', 'example_branch_python_operator_decorator', 'branching_virtualenv', 'scheduled__2026-03-08T00:00:00+00:00', '--job-id', '326', '--raw', '--subdir', '/home/sathya/projects/training-kit/.venv-airflow/lib/python3.10/site-packages/airflow/example_dags/example_branch_operator_decorator.py', '--cfg-path', '/tmp/tmpbjmq97g7']
[2026-03-10T22:58:10.779+0530] {standard_task_runner.py:91} INFO - Job 326: Subtask branching_virtualenv
[2026-03-10T22:58:10.836+0530] {task_command.py:426} INFO - Running <TaskInstance: example_branch_python_operator_decorator.branching_virtualenv scheduled__2026-03-08T00:00:00+00:00 [running]> on host LAPTOP-A1PMOBSE.localdomain
[2026-03-10T22:58:10.919+0530] {taskinstance.py:2648} INFO - Exporting env vars: AIRFLOW_CTX_DAG_OWNER='airflow' AIRFLOW_CTX_DAG_ID='example_branch_python_operator_decorator' AIRFLOW_CTX_TASK_ID='branching_virtualenv' AIRFLOW_CTX_EXECUTION_DATE='2026-03-08T00:00:00+00:00' AIRFLOW_CTX_TRY_NUMBER='1' AIRFLOW_CTX_DAG_RUN_ID='scheduled__2026-03-08T00:00:00+00:00'
[2026-03-10T22:58:10.921+0530] {taskinstance.py:430} INFO - ::endgroup::
[2026-03-10T22:58:10.925+0530] {python.py:708} INFO - Python virtual environment will be cached in /tmp/venv-ebe3c33d
[2026-03-10T22:58:10.926+0530] {process_utils.py:183} INFO - Executing cmd: /home/sathya/projects/training-kit/.venv-airflow/bin/python3.10 -m virtualenv /tmp/venv-ebe3c33d --system-site-packages --python=python
[2026-03-10T22:58:10.929+0530] {process_utils.py:187} INFO - Output:
[2026-03-10T22:58:11.311+0530] {process_utils.py:191} INFO - created virtual environment CPython3.10.12.final.0-64 in 273ms
[2026-03-10T22:58:11.311+0530] {process_utils.py:191} INFO -   creator CPython3Posix(dest=/tmp/venv-ebe3c33d, clear=False, no_vcs_ignore=False, global=True)
[2026-03-10T22:58:11.311+0530] {process_utils.py:191} INFO -   seeder FromAppData(download=False, pip=bundle, setuptools=bundle, via=copy, app_data_dir=/home/sathya/.local/share/virtualenv)
[2026-03-10T22:58:11.312+0530] {process_utils.py:191} INFO -     added seed packages: pip==26.0.1, setuptools==82.0.0
[2026-03-10T22:58:11.312+0530] {process_utils.py:191} INFO -   activators BashActivator,CShellActivator,FishActivator,NushellActivator,PowerShellActivator,PythonActivator
[2026-03-10T22:58:11.349+0530] {process_utils.py:183} INFO - Executing cmd: /tmp/venv-ebe3c33d/bin/pip install -r /tmp/venv-ebe3c33d/requirements.txt
[2026-03-10T22:58:11.351+0530] {process_utils.py:187} INFO - Output:
[2026-03-10T22:58:13.116+0530] {process_utils.py:191} INFO - Collecting numpy~=1.24.4 (from -r /tmp/venv-ebe3c33d/requirements.txt (line 1))
[2026-03-10T22:58:13.127+0530] {process_utils.py:191} INFO -   Using cached numpy-1.24.4-cp310-cp310-manylinux_2_17_x86_64.manylinux2014_x86_64.whl.metadata (5.6 kB)
[2026-03-10T22:58:13.133+0530] {process_utils.py:191} INFO - Using cached numpy-1.24.4-cp310-cp310-manylinux_2_17_x86_64.manylinux2014_x86_64.whl (17.3 MB)
[2026-03-10T22:58:13.251+0530] {process_utils.py:191} INFO - Installing collected packages: numpy
[2026-03-10T22:58:16.038+0530] {process_utils.py:191} INFO - Successfully installed numpy-1.24.4
[2026-03-10T22:58:16.601+0530] {python.py:746} INFO - New Python virtual environment created in /tmp/venv-ebe3c33d
[2026-03-10T22:58:16.610+0530] {process_utils.py:183} INFO - Executing cmd: /tmp/venv-ebe3c33d/bin/python /tmp/venv-callihis16k3/script.py /tmp/venv-callihis16k3/script.in /tmp/venv-callihis16k3/script.out /tmp/venv-callihis16k3/string_args.txt /tmp/venv-callihis16k3/termination.log
[2026-03-10T22:58:16.612+0530] {process_utils.py:187} INFO - Output:
[2026-03-10T22:58:16.858+0530] {process_utils.py:191} INFO - Some numpy stuff: [0 1 2 3 4 5]
[2026-03-10T22:58:16.877+0530] {python.py:237} INFO - Done. Returned value was: venv_a
[2026-03-10T22:58:16.877+0530] {branch.py:36} INFO - Branch into venv_a
[2026-03-10T22:58:16.878+0530] {skipmixin.py:178} INFO - Following branch venv_a
[2026-03-10T22:58:16.892+0530] {skipmixin.py:246} INFO - Skipping tasks [('venv_d', -1), ('venv_c', -1), ('venv_b', -1)]
[2026-03-10T22:58:16.928+0530] {taskinstance.py:441} INFO - ::group::Post task execution logs
[2026-03-10T22:58:16.952+0530] {taskinstance.py:1206} INFO - Marking task as SUCCESS. dag_id=example_branch_python_operator_decorator, task_id=branching_virtualenv, run_id=scheduled__2026-03-08T00:00:00+00:00, execution_date=20260308T000000, start_date=20260310T172810, end_date=20260310T172816
[2026-03-10T22:58:17.009+0530] {local_task_job_runner.py:243} INFO - Task exited with return code 0
[2026-03-10T22:58:17.041+0530] {taskinstance.py:3503} INFO - 1 downstream tasks scheduled from follow-on schedule check
[2026-03-10T22:58:17.062+0530] {local_task_job_runner.py:222} INFO - ::endgroup::
