[2025-12-26T23:00:34.686+0530] {local_task_job_runner.py:120} INFO - ::group::Pre task execution logs
[2025-12-26T23:00:34.703+0530] {taskinstance.py:2076} INFO - Dependencies all met for dep_context=non-requeueable deps ti=<TaskInstance: example_dynamic_task_mapping.add_one scheduled__2022-10-16T00:00:00+00:00 map_index=0 [queued]>
[2025-12-26T23:00:34.709+0530] {taskinstance.py:2076} INFO - Dependencies all met for dep_context=requeueable deps ti=<TaskInstance: example_dynamic_task_mapping.add_one scheduled__2022-10-16T00:00:00+00:00 map_index=0 [queued]>
[2025-12-26T23:00:34.709+0530] {taskinstance.py:2306} INFO - Starting attempt 1 of 1
[2025-12-26T23:00:34.723+0530] {taskinstance.py:2330} INFO - Executing <Mapped(_PythonDecoratedOperator): add_one> on 2022-10-16 00:00:00+00:00
[2025-12-26T23:00:34.725+0530] {standard_task_runner.py:64} INFO - Started process 10735 to run task
[2025-12-26T23:00:34.729+0530] {standard_task_runner.py:90} INFO - Running: ['airflow', 'tasks', 'run', 'example_dynamic_task_mapping', 'add_one', 'scheduled__2022-10-16T00:00:00+00:00', '--job-id', '1310', '--raw', '--subdir', '/home/sathya/projects/training-kit/.venv-airflow/lib/python3.10/site-packages/airflow/example_dags/example_dynamic_task_mapping.py', '--cfg-path', '/tmp/tmpqfj0cvi2', '--map-index', '0']
[2025-12-26T23:00:34.729+0530] {standard_task_runner.py:91} INFO - Job 1310: Subtask add_one
[2025-12-26T23:00:34.764+0530] {task_command.py:426} INFO - Running <TaskInstance: example_dynamic_task_mapping.add_one scheduled__2022-10-16T00:00:00+00:00 map_index=0 [running]> on host LAPTOP-A1PMOBSE.localdomain
[2025-12-26T23:00:34.832+0530] {taskinstance.py:2648} INFO - Exporting env vars: AIRFLOW_CTX_DAG_OWNER='airflow' AIRFLOW_CTX_DAG_ID='example_dynamic_task_mapping' AIRFLOW_CTX_TASK_ID='add_one' AIRFLOW_CTX_EXECUTION_DATE='2022-10-16T00:00:00+00:00' AIRFLOW_CTX_TRY_NUMBER='1' AIRFLOW_CTX_DAG_RUN_ID='scheduled__2022-10-16T00:00:00+00:00'
[2025-12-26T23:00:34.833+0530] {taskinstance.py:430} INFO - ::endgroup::
[2025-12-26T23:00:34.834+0530] {python.py:237} INFO - Done. Returned value was: 2
[2025-12-26T23:00:34.834+0530] {taskinstance.py:441} INFO - ::group::Post task execution logs
[2025-12-26T23:00:34.849+0530] {taskinstance.py:1206} INFO - Marking task as SUCCESS. dag_id=example_dynamic_task_mapping, task_id=add_one, run_id=scheduled__2022-10-16T00:00:00+00:00, map_index=0, execution_date=20221016T000000, start_date=20251226T173034, end_date=20251226T173034
[2025-12-26T23:00:34.866+0530] {local_task_job_runner.py:243} INFO - Task exited with return code 0
[2025-12-26T23:00:34.882+0530] {taskinstance.py:3503} INFO - 0 downstream tasks scheduled from follow-on schedule check
[2025-12-26T23:00:34.882+0530] {local_task_job_runner.py:222} INFO - ::endgroup::
[2026-03-11T22:23:59.383+0530] {local_task_job_runner.py:120} INFO - ::group::Pre task execution logs
[2026-03-11T22:23:59.399+0530] {taskinstance.py:2076} INFO - Dependencies all met for dep_context=non-requeueable deps ti=<TaskInstance: example_dynamic_task_mapping.add_one scheduled__2022-10-16T00:00:00+00:00 map_index=0 [queued]>
[2026-03-11T22:23:59.405+0530] {taskinstance.py:2076} INFO - Dependencies all met for dep_context=requeueable deps ti=<TaskInstance: example_dynamic_task_mapping.add_one scheduled__2022-10-16T00:00:00+00:00 map_index=0 [queued]>
[2026-03-11T22:23:59.405+0530] {taskinstance.py:2306} INFO - Starting attempt 1 of 1
[2026-03-11T22:23:59.421+0530] {taskinstance.py:2330} INFO - Executing <Mapped(_PythonDecoratedOperator): add_one> on 2022-10-16 00:00:00+00:00
[2026-03-11T22:23:59.425+0530] {standard_task_runner.py:64} INFO - Started process 7045 to run task
[2026-03-11T22:23:59.427+0530] {standard_task_runner.py:90} INFO - Running: ['airflow', 'tasks', 'run', 'example_dynamic_task_mapping', 'add_one', 'scheduled__2022-10-16T00:00:00+00:00', '--job-id', '1734', '--raw', '--subdir', '/home/sathya/projects/training-kit/.venv-airflow/lib/python3.10/site-packages/airflow/example_dags/example_dynamic_task_mapping.py', '--cfg-path', '/tmp/tmpw0ajcq0y', '--map-index', '0']
[2026-03-11T22:23:59.429+0530] {standard_task_runner.py:91} INFO - Job 1734: Subtask add_one
[2026-03-11T22:23:59.466+0530] {task_command.py:426} INFO - Running <TaskInstance: example_dynamic_task_mapping.add_one scheduled__2022-10-16T00:00:00+00:00 map_index=0 [running]> on host LAPTOP-A1PMOBSE.localdomain
[2026-03-11T22:23:59.536+0530] {taskinstance.py:2648} INFO - Exporting env vars: AIRFLOW_CTX_DAG_OWNER='airflow' AIRFLOW_CTX_DAG_ID='example_dynamic_task_mapping' AIRFLOW_CTX_TASK_ID='add_one' AIRFLOW_CTX_EXECUTION_DATE='2022-10-16T00:00:00+00:00' AIRFLOW_CTX_TRY_NUMBER='1' AIRFLOW_CTX_DAG_RUN_ID='scheduled__2022-10-16T00:00:00+00:00'
[2026-03-11T22:23:59.537+0530] {taskinstance.py:430} INFO - ::endgroup::
[2026-03-11T22:23:59.537+0530] {python.py:237} INFO - Done. Returned value was: 2
[2026-03-11T22:23:59.537+0530] {taskinstance.py:441} INFO - ::group::Post task execution logs
[2026-03-11T22:23:59.553+0530] {taskinstance.py:1206} INFO - Marking task as SUCCESS. dag_id=example_dynamic_task_mapping, task_id=add_one, run_id=scheduled__2022-10-16T00:00:00+00:00, map_index=0, execution_date=20221016T000000, start_date=20260311T165359, end_date=20260311T165359
[2026-03-11T22:23:59.571+0530] {local_task_job_runner.py:243} INFO - Task exited with return code 0
[2026-03-11T22:23:59.583+0530] {taskinstance.py:3503} INFO - 0 downstream tasks scheduled from follow-on schedule check
[2026-03-11T22:23:59.583+0530] {local_task_job_runner.py:222} INFO - ::endgroup::
