[2025-12-27T19:55:28.678+0530] {local_task_job_runner.py:120} INFO - ::group::Pre task execution logs
[2025-12-27T19:55:28.699+0530] {taskinstance.py:2076} INFO - Dependencies all met for dep_context=non-requeueable deps ti=<TaskInstance: example_dynamic_task_mapping.add_one scheduled__2023-01-27T00:00:00+00:00 map_index=2 [queued]>
[2025-12-27T19:55:28.704+0530] {taskinstance.py:2076} INFO - Dependencies all met for dep_context=requeueable deps ti=<TaskInstance: example_dynamic_task_mapping.add_one scheduled__2023-01-27T00:00:00+00:00 map_index=2 [queued]>
[2025-12-27T19:55:28.704+0530] {taskinstance.py:2306} INFO - Starting attempt 1 of 1
[2025-12-27T19:55:28.720+0530] {taskinstance.py:2330} INFO - Executing <Mapped(_PythonDecoratedOperator): add_one> on 2023-01-27 00:00:00+00:00
[2025-12-27T19:55:28.723+0530] {standard_task_runner.py:64} INFO - Started process 2209 to run task
[2025-12-27T19:55:28.727+0530] {standard_task_runner.py:90} INFO - Running: ['airflow', 'tasks', 'run', 'example_dynamic_task_mapping', 'add_one', 'scheduled__2023-01-27T00:00:00+00:00', '--job-id', '2085', '--raw', '--subdir', '/home/sathya/projects/training-kit/.venv-airflow/lib/python3.10/site-packages/airflow/example_dags/example_dynamic_task_mapping.py', '--cfg-path', '/tmp/tmpw95c_n9s', '--map-index', '2']
[2025-12-27T19:55:28.728+0530] {standard_task_runner.py:91} INFO - Job 2085: Subtask add_one
[2025-12-27T19:55:28.763+0530] {task_command.py:426} INFO - Running <TaskInstance: example_dynamic_task_mapping.add_one scheduled__2023-01-27T00:00:00+00:00 map_index=2 [running]> on host LAPTOP-A1PMOBSE.localdomain
[2025-12-27T19:55:28.833+0530] {taskinstance.py:2648} INFO - Exporting env vars: AIRFLOW_CTX_DAG_OWNER='airflow' AIRFLOW_CTX_DAG_ID='example_dynamic_task_mapping' AIRFLOW_CTX_TASK_ID='add_one' AIRFLOW_CTX_EXECUTION_DATE='2023-01-27T00:00:00+00:00' AIRFLOW_CTX_TRY_NUMBER='1' AIRFLOW_CTX_DAG_RUN_ID='scheduled__2023-01-27T00:00:00+00:00'
[2025-12-27T19:55:28.834+0530] {taskinstance.py:430} INFO - ::endgroup::
[2025-12-27T19:55:28.834+0530] {python.py:237} INFO - Done. Returned value was: 4
[2025-12-27T19:55:28.834+0530] {taskinstance.py:441} INFO - ::group::Post task execution logs
[2025-12-27T19:55:28.850+0530] {taskinstance.py:1206} INFO - Marking task as SUCCESS. dag_id=example_dynamic_task_mapping, task_id=add_one, run_id=scheduled__2023-01-27T00:00:00+00:00, map_index=2, execution_date=20230127T000000, start_date=20251227T142528, end_date=20251227T142528
[2025-12-27T19:55:28.900+0530] {local_task_job_runner.py:243} INFO - Task exited with return code 0
[2025-12-27T19:55:28.924+0530] {taskinstance.py:3503} INFO - 1 downstream tasks scheduled from follow-on schedule check
[2025-12-27T19:55:28.940+0530] {local_task_job_runner.py:222} INFO - ::endgroup::
[2026-03-11T23:05:24.783+0530] {local_task_job_runner.py:120} INFO - ::group::Pre task execution logs
[2026-03-11T23:05:24.801+0530] {taskinstance.py:2076} INFO - Dependencies all met for dep_context=non-requeueable deps ti=<TaskInstance: example_dynamic_task_mapping.add_one scheduled__2023-01-27T00:00:00+00:00 map_index=2 [queued]>
[2026-03-11T23:05:24.806+0530] {taskinstance.py:2076} INFO - Dependencies all met for dep_context=requeueable deps ti=<TaskInstance: example_dynamic_task_mapping.add_one scheduled__2023-01-27T00:00:00+00:00 map_index=2 [queued]>
[2026-03-11T23:05:24.806+0530] {taskinstance.py:2306} INFO - Starting attempt 1 of 1
[2026-03-11T23:05:24.822+0530] {taskinstance.py:2330} INFO - Executing <Mapped(_PythonDecoratedOperator): add_one> on 2023-01-27 00:00:00+00:00
[2026-03-11T23:05:24.825+0530] {standard_task_runner.py:64} INFO - Started process 13529 to run task
[2026-03-11T23:05:24.828+0530] {standard_task_runner.py:90} INFO - Running: ['airflow', 'tasks', 'run', 'example_dynamic_task_mapping', 'add_one', 'scheduled__2023-01-27T00:00:00+00:00', '--job-id', '2366', '--raw', '--subdir', '/home/sathya/projects/training-kit/.venv-airflow/lib/python3.10/site-packages/airflow/example_dags/example_dynamic_task_mapping.py', '--cfg-path', '/tmp/tmp0g2bc29n', '--map-index', '2']
[2026-03-11T23:05:24.829+0530] {standard_task_runner.py:91} INFO - Job 2366: Subtask add_one
[2026-03-11T23:05:24.862+0530] {task_command.py:426} INFO - Running <TaskInstance: example_dynamic_task_mapping.add_one scheduled__2023-01-27T00:00:00+00:00 map_index=2 [running]> on host LAPTOP-A1PMOBSE.localdomain
[2026-03-11T23:05:24.924+0530] {taskinstance.py:2648} INFO - Exporting env vars: AIRFLOW_CTX_DAG_OWNER='airflow' AIRFLOW_CTX_DAG_ID='example_dynamic_task_mapping' AIRFLOW_CTX_TASK_ID='add_one' AIRFLOW_CTX_EXECUTION_DATE='2023-01-27T00:00:00+00:00' AIRFLOW_CTX_TRY_NUMBER='1' AIRFLOW_CTX_DAG_RUN_ID='scheduled__2023-01-27T00:00:00+00:00'
[2026-03-11T23:05:24.925+0530] {taskinstance.py:430} INFO - ::endgroup::
[2026-03-11T23:05:24.925+0530] {python.py:237} INFO - Done. Returned value was: 4
[2026-03-11T23:05:24.926+0530] {taskinstance.py:441} INFO - ::group::Post task execution logs
[2026-03-11T23:05:24.942+0530] {taskinstance.py:1206} INFO - Marking task as SUCCESS. dag_id=example_dynamic_task_mapping, task_id=add_one, run_id=scheduled__2023-01-27T00:00:00+00:00, map_index=2, execution_date=20230127T000000, start_date=20260311T173524, end_date=20260311T173524
[2026-03-11T23:05:24.967+0530] {local_task_job_runner.py:243} INFO - Task exited with return code 0
[2026-03-11T23:05:24.981+0530] {taskinstance.py:3503} INFO - 1 downstream tasks scheduled from follow-on schedule check
[2026-03-11T23:05:24.990+0530] {local_task_job_runner.py:222} INFO - ::endgroup::
