[2025-12-26T22:06:26.268+0530] {local_task_job_runner.py:120} INFO - ::group::Pre task execution logs
[2025-12-26T22:06:26.294+0530] {taskinstance.py:2076} INFO - Dependencies all met for dep_context=non-requeueable deps ti=<TaskInstance: example_subdag_operator.section-1 scheduled__2022-01-01T00:00:00+00:00 [queued]>
[2025-12-26T22:06:26.299+0530] {taskinstance.py:2076} INFO - Dependencies all met for dep_context=requeueable deps ti=<TaskInstance: example_subdag_operator.section-1 scheduled__2022-01-01T00:00:00+00:00 [queued]>
[2025-12-26T22:06:26.299+0530] {taskinstance.py:2306} INFO - Starting attempt 1 of 3
[2025-12-26T22:06:26.322+0530] {taskinstance.py:2330} INFO - Executing <Task(SubDagOperator): section-1> on 2022-01-01 00:00:00+00:00
[2025-12-26T22:06:26.326+0530] {standard_task_runner.py:64} INFO - Started process 3747 to run task
[2025-12-26T22:06:26.331+0530] {standard_task_runner.py:90} INFO - Running: ['airflow', 'tasks', 'run', 'example_subdag_operator', 'section-1', 'scheduled__2022-01-01T00:00:00+00:00', '--job-id', '66', '--raw', '--subdir', '/home/sathya/projects/training-kit/.venv-airflow/lib/python3.10/site-packages/airflow/example_dags/example_subdag_operator.py', '--cfg-path', '/tmp/tmpppz8kns_']
[2025-12-26T22:06:26.332+0530] {standard_task_runner.py:91} INFO - Job 66: Subtask section-1
[2025-12-26T22:06:26.377+0530] {task_command.py:426} INFO - Running <TaskInstance: example_subdag_operator.section-1 scheduled__2022-01-01T00:00:00+00:00 [running]> on host LAPTOP-A1PMOBSE.localdomain
[2025-12-26T22:06:26.543+0530] {taskinstance.py:2648} INFO - Exporting env vars: AIRFLOW_CTX_DAG_OWNER='airflow' AIRFLOW_CTX_DAG_ID='example_subdag_operator' AIRFLOW_CTX_TASK_ID='section-1' AIRFLOW_CTX_EXECUTION_DATE='2022-01-01T00:00:00+00:00' AIRFLOW_CTX_TRY_NUMBER='1' AIRFLOW_CTX_DAG_RUN_ID='scheduled__2022-01-01T00:00:00+00:00'
[2025-12-26T22:06:26.565+0530] {logging_mixin.py:188} WARNING - /home/sathya/projects/training-kit/.venv-airflow/lib/python3.10/site-packages/airflow/utils/context.py:212 AirflowContextDeprecationWarning: Accessing 'execution_date' from the template is deprecated and will be removed in a future version. Please use 'data_interval_start' or 'logical_date' instead.
[2025-12-26T22:06:26.594+0530] {subdag.py:180} INFO - Created DagRun: scheduled__2022-01-01T00:00:00+00:00
[2025-12-26T22:06:26.594+0530] {taskinstance.py:430} INFO - ::endgroup::
[2025-12-26T22:09:17.928+0530] {base.py:294} INFO - Success criteria met. Exiting.
[2025-12-26T22:09:17.928+0530] {taskinstance.py:441} INFO - ::group::Post task execution logs
[2025-12-26T22:09:17.931+0530] {subdag.py:195} INFO - Execution finished. State is success
[2025-12-26T22:09:17.935+0530] {taskinstance.py:1206} INFO - Marking task as SUCCESS. dag_id=example_subdag_operator, task_id=section-1, run_id=scheduled__2022-01-01T00:00:00+00:00, execution_date=20220101T000000, start_date=20251226T163626, end_date=20251226T163917
[2025-12-26T22:09:17.974+0530] {local_task_job_runner.py:243} INFO - Task exited with return code 0
[2025-12-26T22:09:17.993+0530] {taskinstance.py:3503} INFO - 0 downstream tasks scheduled from follow-on schedule check
[2025-12-26T22:09:17.994+0530] {local_task_job_runner.py:222} INFO - ::endgroup::
[2026-03-09T21:00:08.586+0530] {local_task_job_runner.py:120} INFO - ::group::Pre task execution logs
[2026-03-09T21:00:08.604+0530] {taskinstance.py:2076} INFO - Dependencies all met for dep_context=non-requeueable deps ti=<TaskInstance: example_subdag_operator.section-1 scheduled__2022-01-01T00:00:00+00:00 [queued]>
[2026-03-09T21:00:08.608+0530] {taskinstance.py:2076} INFO - Dependencies all met for dep_context=requeueable deps ti=<TaskInstance: example_subdag_operator.section-1 scheduled__2022-01-01T00:00:00+00:00 [queued]>
[2026-03-09T21:00:08.608+0530] {taskinstance.py:2306} INFO - Starting attempt 1 of 3
[2026-03-09T21:00:08.623+0530] {taskinstance.py:2330} INFO - Executing <Task(SubDagOperator): section-1> on 2022-01-01 00:00:00+00:00
[2026-03-09T21:00:08.627+0530] {standard_task_runner.py:64} INFO - Started process 20346 to run task
[2026-03-09T21:00:08.632+0530] {standard_task_runner.py:90} INFO - Running: ['airflow', 'tasks', 'run', 'example_subdag_operator', 'section-1', 'scheduled__2022-01-01T00:00:00+00:00', '--job-id', '18', '--raw', '--subdir', '/home/sathya/projects/training-kit/.venv-airflow/lib/python3.10/site-packages/airflow/example_dags/example_subdag_operator.py', '--cfg-path', '/tmp/tmpv1vtcx4q']
[2026-03-09T21:00:08.635+0530] {standard_task_runner.py:91} INFO - Job 18: Subtask section-1
[2026-03-09T21:00:08.674+0530] {task_command.py:426} INFO - Running <TaskInstance: example_subdag_operator.section-1 scheduled__2022-01-01T00:00:00+00:00 [running]> on host LAPTOP-A1PMOBSE.localdomain
[2026-03-09T21:00:08.734+0530] {taskinstance.py:2648} INFO - Exporting env vars: AIRFLOW_CTX_DAG_OWNER='airflow' AIRFLOW_CTX_DAG_ID='example_subdag_operator' AIRFLOW_CTX_TASK_ID='section-1' AIRFLOW_CTX_EXECUTION_DATE='2022-01-01T00:00:00+00:00' AIRFLOW_CTX_TRY_NUMBER='1' AIRFLOW_CTX_DAG_RUN_ID='scheduled__2022-01-01T00:00:00+00:00'
[2026-03-09T21:00:08.745+0530] {logging_mixin.py:188} WARNING - /home/sathya/projects/training-kit/.venv-airflow/lib/python3.10/site-packages/airflow/utils/context.py:212 AirflowContextDeprecationWarning: Accessing 'execution_date' from the template is deprecated and will be removed in a future version. Please use 'data_interval_start' or 'logical_date' instead.
[2026-03-09T21:00:08.772+0530] {subdag.py:180} INFO - Created DagRun: scheduled__2022-01-01T00:00:00+00:00
[2026-03-09T21:00:08.773+0530] {taskinstance.py:430} INFO - ::endgroup::
[2026-03-09T23:11:03.252+0530] {taskinstance.py:2611} ERROR - Received SIGTERM. Terminating subprocesses.
[2026-03-09T23:11:03.236+0530] {local_task_job_runner.py:124} ERROR - Received SIGTERM. Terminating subprocesses
[2026-03-09T23:11:03.310+0530] {taskinstance.py:441} INFO - ::group::Post task execution logs
[2026-03-09T23:11:03.338+0530] {process_utils.py:132} INFO - Sending Signals.SIGTERM to group 20346. PIDs of all processes in the group: [20346]
[2026-03-09T23:11:03.341+0530] {process_utils.py:87} INFO - Sending the signal Signals.SIGTERM to group 20346
[2026-03-09T23:11:03.344+0530] {taskinstance.py:2611} ERROR - Received SIGTERM. Terminating subprocesses.
[2026-03-09T23:11:03.401+0530] {process_utils.py:80} INFO - Process psutil.Process(pid=20346, status='terminated', exitcode=2, started='21:00:08') (20346) terminated with exit code 2
[2026-03-09T23:11:03.408+0530] {local_task_job_runner.py:243} INFO - Task exited with return code 143
[2026-03-09T23:11:03.550+0530] {taskinstance.py:3503} INFO - 0 downstream tasks scheduled from follow-on schedule check
[2026-03-09T23:11:08.618+0530] {local_task_job_runner.py:120} INFO - ::group::Pre task execution logs
[2026-03-09T23:11:08.637+0530] {taskinstance.py:2066} INFO - Dependencies not met for <TaskInstance: example_subdag_operator.section-1 scheduled__2022-01-01T00:00:00+00:00 [running]>, dependency 'Task Instance Not Running' FAILED: Task is in the running state
[2026-03-09T23:11:08.637+0530] {taskinstance.py:2066} INFO - Dependencies not met for <TaskInstance: example_subdag_operator.section-1 scheduled__2022-01-01T00:00:00+00:00 [running]>, dependency 'Task Instance State' FAILED: Task is in the 'running' state.
[2026-03-09T23:11:08.637+0530] {local_task_job_runner.py:163} INFO - Task is not able to be run
