[2025-12-26T22:57:37.853+0530] {local_task_job_runner.py:120} INFO - ::group::Pre task execution logs
[2025-12-26T22:57:37.872+0530] {taskinstance.py:2076} INFO - Dependencies all met for dep_context=non-requeueable deps ti=<TaskInstance: example_dynamic_task_mapping.add_one scheduled__2022-10-05T00:00:00+00:00 map_index=0 [queued]>
[2025-12-26T22:57:37.877+0530] {taskinstance.py:2076} INFO - Dependencies all met for dep_context=requeueable deps ti=<TaskInstance: example_dynamic_task_mapping.add_one scheduled__2022-10-05T00:00:00+00:00 map_index=0 [queued]>
[2025-12-26T22:57:37.877+0530] {taskinstance.py:2306} INFO - Starting attempt 1 of 1
[2025-12-26T22:57:37.892+0530] {taskinstance.py:2330} INFO - Executing <Mapped(_PythonDecoratedOperator): add_one> on 2022-10-05 00:00:00+00:00
[2025-12-26T22:57:37.895+0530] {standard_task_runner.py:64} INFO - Started process 10393 to run task
[2025-12-26T22:57:37.898+0530] {standard_task_runner.py:90} INFO - Running: ['airflow', 'tasks', 'run', 'example_dynamic_task_mapping', 'add_one', 'scheduled__2022-10-05T00:00:00+00:00', '--job-id', '1252', '--raw', '--subdir', '/home/sathya/projects/training-kit/.venv-airflow/lib/python3.10/site-packages/airflow/example_dags/example_dynamic_task_mapping.py', '--cfg-path', '/tmp/tmpmuqoqljf', '--map-index', '0']
[2025-12-26T22:57:37.899+0530] {standard_task_runner.py:91} INFO - Job 1252: Subtask add_one
[2025-12-26T22:57:37.932+0530] {task_command.py:426} INFO - Running <TaskInstance: example_dynamic_task_mapping.add_one scheduled__2022-10-05T00:00:00+00:00 map_index=0 [running]> on host LAPTOP-A1PMOBSE.localdomain
[2025-12-26T22:57:37.999+0530] {taskinstance.py:2648} INFO - Exporting env vars: AIRFLOW_CTX_DAG_OWNER='airflow' AIRFLOW_CTX_DAG_ID='example_dynamic_task_mapping' AIRFLOW_CTX_TASK_ID='add_one' AIRFLOW_CTX_EXECUTION_DATE='2022-10-05T00:00:00+00:00' AIRFLOW_CTX_TRY_NUMBER='1' AIRFLOW_CTX_DAG_RUN_ID='scheduled__2022-10-05T00:00:00+00:00'
[2025-12-26T22:57:38.000+0530] {taskinstance.py:430} INFO - ::endgroup::
[2025-12-26T22:57:38.000+0530] {python.py:237} INFO - Done. Returned value was: 2
[2025-12-26T22:57:38.001+0530] {taskinstance.py:441} INFO - ::group::Post task execution logs
[2025-12-26T22:57:38.016+0530] {taskinstance.py:1206} INFO - Marking task as SUCCESS. dag_id=example_dynamic_task_mapping, task_id=add_one, run_id=scheduled__2022-10-05T00:00:00+00:00, map_index=0, execution_date=20221005T000000, start_date=20251226T172737, end_date=20251226T172738
[2025-12-26T22:57:38.040+0530] {local_task_job_runner.py:243} INFO - Task exited with return code 0
[2025-12-26T22:57:38.054+0530] {taskinstance.py:3503} INFO - 0 downstream tasks scheduled from follow-on schedule check
[2025-12-26T22:57:38.055+0530] {local_task_job_runner.py:222} INFO - ::endgroup::
[2026-03-11T00:02:29.191+0530] {local_task_job_runner.py:120} INFO - ::group::Pre task execution logs
[2026-03-11T00:02:29.257+0530] {taskinstance.py:2076} INFO - Dependencies all met for dep_context=non-requeueable deps ti=<TaskInstance: example_dynamic_task_mapping.add_one scheduled__2022-10-05T00:00:00+00:00 map_index=0 [queued]>
[2026-03-11T00:02:29.276+0530] {taskinstance.py:2076} INFO - Dependencies all met for dep_context=requeueable deps ti=<TaskInstance: example_dynamic_task_mapping.add_one scheduled__2022-10-05T00:00:00+00:00 map_index=0 [queued]>
[2026-03-11T00:02:29.276+0530] {taskinstance.py:2306} INFO - Starting attempt 1 of 1
[2026-03-11T00:02:29.328+0530] {taskinstance.py:2330} INFO - Executing <Mapped(_PythonDecoratedOperator): add_one> on 2022-10-05 00:00:00+00:00
[2026-03-11T00:02:29.345+0530] {standard_task_runner.py:64} INFO - Started process 16858 to run task
[2026-03-11T00:02:29.357+0530] {standard_task_runner.py:90} INFO - Running: ['airflow', 'tasks', 'run', 'example_dynamic_task_mapping', 'add_one', 'scheduled__2022-10-05T00:00:00+00:00', '--job-id', '1539', '--raw', '--subdir', '/home/sathya/projects/training-kit/.venv-airflow/lib/python3.10/site-packages/airflow/example_dags/example_dynamic_task_mapping.py', '--cfg-path', '/tmp/tmp2a5ui317', '--map-index', '0']
[2026-03-11T00:02:29.362+0530] {standard_task_runner.py:91} INFO - Job 1539: Subtask add_one
[2026-03-11T00:02:29.478+0530] {task_command.py:426} INFO - Running <TaskInstance: example_dynamic_task_mapping.add_one scheduled__2022-10-05T00:00:00+00:00 map_index=0 [running]> on host LAPTOP-A1PMOBSE.localdomain
[2026-03-11T00:02:29.723+0530] {taskinstance.py:2648} INFO - Exporting env vars: AIRFLOW_CTX_DAG_OWNER='airflow' AIRFLOW_CTX_DAG_ID='example_dynamic_task_mapping' AIRFLOW_CTX_TASK_ID='add_one' AIRFLOW_CTX_EXECUTION_DATE='2022-10-05T00:00:00+00:00' AIRFLOW_CTX_TRY_NUMBER='1' AIRFLOW_CTX_DAG_RUN_ID='scheduled__2022-10-05T00:00:00+00:00'
[2026-03-11T00:02:29.726+0530] {taskinstance.py:430} INFO - ::endgroup::
[2026-03-11T00:02:29.727+0530] {python.py:237} INFO - Done. Returned value was: 2
[2026-03-11T00:02:29.727+0530] {taskinstance.py:441} INFO - ::group::Post task execution logs
[2026-03-11T00:02:29.767+0530] {taskinstance.py:1206} INFO - Marking task as SUCCESS. dag_id=example_dynamic_task_mapping, task_id=add_one, run_id=scheduled__2022-10-05T00:00:00+00:00, map_index=0, execution_date=20221005T000000, start_date=20260310T183229, end_date=20260310T183229
[2026-03-11T00:02:29.833+0530] {local_task_job_runner.py:243} INFO - Task exited with return code 0
[2026-03-11T00:02:29.889+0530] {taskinstance.py:3503} INFO - 0 downstream tasks scheduled from follow-on schedule check
[2026-03-11T00:02:29.891+0530] {local_task_job_runner.py:222} INFO - ::endgroup::
