[2025-12-26T22:34:00.824+0530] {local_task_job_runner.py:120} INFO - ::group::Pre task execution logs
[2025-12-26T22:34:00.858+0530] {taskinstance.py:2076} INFO - Dependencies all met for dep_context=non-requeueable deps ti=<TaskInstance: example_dynamic_task_mapping.add_one scheduled__2022-07-06T00:00:00+00:00 map_index=2 [queued]>
[2025-12-26T22:34:00.864+0530] {taskinstance.py:2076} INFO - Dependencies all met for dep_context=requeueable deps ti=<TaskInstance: example_dynamic_task_mapping.add_one scheduled__2022-07-06T00:00:00+00:00 map_index=2 [queued]>
[2025-12-26T22:34:00.865+0530] {taskinstance.py:2306} INFO - Starting attempt 1 of 1
[2025-12-26T22:34:00.883+0530] {taskinstance.py:2330} INFO - Executing <Mapped(_PythonDecoratedOperator): add_one> on 2022-07-06 00:00:00+00:00
[2025-12-26T22:34:00.885+0530] {standard_task_runner.py:64} INFO - Started process 7587 to run task
[2025-12-26T22:34:00.889+0530] {standard_task_runner.py:90} INFO - Running: ['airflow', 'tasks', 'run', 'example_dynamic_task_mapping', 'add_one', 'scheduled__2022-07-06T00:00:00+00:00', '--job-id', '769', '--raw', '--subdir', '/home/sathya/projects/training-kit/.venv-airflow/lib/python3.10/site-packages/airflow/example_dags/example_dynamic_task_mapping.py', '--cfg-path', '/tmp/tmpmmunb1a5', '--map-index', '2']
[2025-12-26T22:34:00.889+0530] {standard_task_runner.py:91} INFO - Job 769: Subtask add_one
[2025-12-26T22:34:00.922+0530] {task_command.py:426} INFO - Running <TaskInstance: example_dynamic_task_mapping.add_one scheduled__2022-07-06T00:00:00+00:00 map_index=2 [running]> on host LAPTOP-A1PMOBSE.localdomain
[2025-12-26T22:34:00.984+0530] {taskinstance.py:2648} INFO - Exporting env vars: AIRFLOW_CTX_DAG_OWNER='airflow' AIRFLOW_CTX_DAG_ID='example_dynamic_task_mapping' AIRFLOW_CTX_TASK_ID='add_one' AIRFLOW_CTX_EXECUTION_DATE='2022-07-06T00:00:00+00:00' AIRFLOW_CTX_TRY_NUMBER='1' AIRFLOW_CTX_DAG_RUN_ID='scheduled__2022-07-06T00:00:00+00:00'
[2025-12-26T22:34:00.985+0530] {taskinstance.py:430} INFO - ::endgroup::
[2025-12-26T22:34:00.985+0530] {python.py:237} INFO - Done. Returned value was: 4
[2025-12-26T22:34:00.985+0530] {taskinstance.py:441} INFO - ::group::Post task execution logs
[2025-12-26T22:34:01.001+0530] {taskinstance.py:1206} INFO - Marking task as SUCCESS. dag_id=example_dynamic_task_mapping, task_id=add_one, run_id=scheduled__2022-07-06T00:00:00+00:00, map_index=2, execution_date=20220706T000000, start_date=20251226T170400, end_date=20251226T170401
[2025-12-26T22:34:01.031+0530] {local_task_job_runner.py:243} INFO - Task exited with return code 0
[2025-12-26T22:34:01.047+0530] {taskinstance.py:3503} INFO - 1 downstream tasks scheduled from follow-on schedule check
[2025-12-26T22:34:01.055+0530] {local_task_job_runner.py:222} INFO - ::endgroup::
[2026-03-10T23:21:59.508+0530] {local_task_job_runner.py:120} INFO - ::group::Pre task execution logs
[2026-03-10T23:21:59.560+0530] {taskinstance.py:2076} INFO - Dependencies all met for dep_context=non-requeueable deps ti=<TaskInstance: example_dynamic_task_mapping.add_one scheduled__2022-07-06T00:00:00+00:00 map_index=2 [queued]>
[2026-03-10T23:21:59.569+0530] {taskinstance.py:2076} INFO - Dependencies all met for dep_context=requeueable deps ti=<TaskInstance: example_dynamic_task_mapping.add_one scheduled__2022-07-06T00:00:00+00:00 map_index=2 [queued]>
[2026-03-10T23:21:59.570+0530] {taskinstance.py:2306} INFO - Starting attempt 1 of 1
[2026-03-10T23:21:59.604+0530] {taskinstance.py:2330} INFO - Executing <Mapped(_PythonDecoratedOperator): add_one> on 2022-07-06 00:00:00+00:00
[2026-03-10T23:21:59.610+0530] {standard_task_runner.py:64} INFO - Started process 10252 to run task
[2026-03-10T23:21:59.615+0530] {standard_task_runner.py:90} INFO - Running: ['airflow', 'tasks', 'run', 'example_dynamic_task_mapping', 'add_one', 'scheduled__2022-07-06T00:00:00+00:00', '--job-id', '914', '--raw', '--subdir', '/home/sathya/projects/training-kit/.venv-airflow/lib/python3.10/site-packages/airflow/example_dags/example_dynamic_task_mapping.py', '--cfg-path', '/tmp/tmpfo1_btxq', '--map-index', '2']
[2026-03-10T23:21:59.619+0530] {standard_task_runner.py:91} INFO - Job 914: Subtask add_one
[2026-03-10T23:21:59.669+0530] {task_command.py:426} INFO - Running <TaskInstance: example_dynamic_task_mapping.add_one scheduled__2022-07-06T00:00:00+00:00 map_index=2 [running]> on host LAPTOP-A1PMOBSE.localdomain
[2026-03-10T23:21:59.768+0530] {taskinstance.py:2648} INFO - Exporting env vars: AIRFLOW_CTX_DAG_OWNER='airflow' AIRFLOW_CTX_DAG_ID='example_dynamic_task_mapping' AIRFLOW_CTX_TASK_ID='add_one' AIRFLOW_CTX_EXECUTION_DATE='2022-07-06T00:00:00+00:00' AIRFLOW_CTX_TRY_NUMBER='1' AIRFLOW_CTX_DAG_RUN_ID='scheduled__2022-07-06T00:00:00+00:00'
[2026-03-10T23:21:59.770+0530] {taskinstance.py:430} INFO - ::endgroup::
[2026-03-10T23:21:59.771+0530] {python.py:237} INFO - Done. Returned value was: 4
[2026-03-10T23:21:59.771+0530] {taskinstance.py:441} INFO - ::group::Post task execution logs
[2026-03-10T23:21:59.797+0530] {taskinstance.py:1206} INFO - Marking task as SUCCESS. dag_id=example_dynamic_task_mapping, task_id=add_one, run_id=scheduled__2022-07-06T00:00:00+00:00, map_index=2, execution_date=20220706T000000, start_date=20260310T175159, end_date=20260310T175159
[2026-03-10T23:21:59.850+0530] {local_task_job_runner.py:243} INFO - Task exited with return code 0
[2026-03-10T23:21:59.868+0530] {taskinstance.py:3503} INFO - 1 downstream tasks scheduled from follow-on schedule check
[2026-03-10T23:21:59.880+0530] {local_task_job_runner.py:222} INFO - ::endgroup::
