[2025-12-26T22:16:34.815+0530] {local_task_job_runner.py:120} INFO - ::group::Pre task execution logs
[2025-12-26T22:16:34.841+0530] {taskinstance.py:2076} INFO - Dependencies all met for dep_context=non-requeueable deps ti=<TaskInstance: example_dynamic_task_mapping.sum_it scheduled__2022-04-09T00:00:00+00:00 [queued]>
[2025-12-26T22:16:34.847+0530] {taskinstance.py:2076} INFO - Dependencies all met for dep_context=requeueable deps ti=<TaskInstance: example_dynamic_task_mapping.sum_it scheduled__2022-04-09T00:00:00+00:00 [queued]>
[2025-12-26T22:16:34.847+0530] {taskinstance.py:2306} INFO - Starting attempt 1 of 1
[2025-12-26T22:16:34.868+0530] {taskinstance.py:2330} INFO - Executing <Task(_PythonDecoratedOperator): sum_it> on 2022-04-09 00:00:00+00:00
[2025-12-26T22:16:34.871+0530] {standard_task_runner.py:64} INFO - Started process 5177 to run task
[2025-12-26T22:16:34.875+0530] {standard_task_runner.py:90} INFO - Running: ['airflow', 'tasks', 'run', 'example_dynamic_task_mapping', 'sum_it', 'scheduled__2022-04-09T00:00:00+00:00', '--job-id', '339', '--raw', '--subdir', '/home/sathya/projects/training-kit/.venv-airflow/lib/python3.10/site-packages/airflow/example_dags/example_dynamic_task_mapping.py', '--cfg-path', '/tmp/tmpz3marvyn']
[2025-12-26T22:16:34.876+0530] {standard_task_runner.py:91} INFO - Job 339: Subtask sum_it
[2025-12-26T22:16:34.920+0530] {task_command.py:426} INFO - Running <TaskInstance: example_dynamic_task_mapping.sum_it scheduled__2022-04-09T00:00:00+00:00 [running]> on host LAPTOP-A1PMOBSE.localdomain
[2025-12-26T22:16:35.018+0530] {taskinstance.py:2648} INFO - Exporting env vars: AIRFLOW_CTX_DAG_OWNER='airflow' AIRFLOW_CTX_DAG_ID='example_dynamic_task_mapping' AIRFLOW_CTX_TASK_ID='sum_it' AIRFLOW_CTX_EXECUTION_DATE='2022-04-09T00:00:00+00:00' AIRFLOW_CTX_TRY_NUMBER='1' AIRFLOW_CTX_DAG_RUN_ID='scheduled__2022-04-09T00:00:00+00:00'
[2025-12-26T22:16:35.019+0530] {taskinstance.py:430} INFO - ::endgroup::
[2025-12-26T22:16:35.025+0530] {logging_mixin.py:188} INFO - Total was 9
[2025-12-26T22:16:35.025+0530] {python.py:237} INFO - Done. Returned value was: None
[2025-12-26T22:16:35.026+0530] {taskinstance.py:441} INFO - ::group::Post task execution logs
[2025-12-26T22:16:35.038+0530] {taskinstance.py:1206} INFO - Marking task as SUCCESS. dag_id=example_dynamic_task_mapping, task_id=sum_it, run_id=scheduled__2022-04-09T00:00:00+00:00, execution_date=20220409T000000, start_date=20251226T164634, end_date=20251226T164635
[2025-12-26T22:16:35.095+0530] {local_task_job_runner.py:243} INFO - Task exited with return code 0
[2025-12-26T22:16:35.112+0530] {taskinstance.py:3503} INFO - 0 downstream tasks scheduled from follow-on schedule check
[2025-12-26T22:16:35.113+0530] {local_task_job_runner.py:222} INFO - ::endgroup::
[2026-03-10T23:04:05.350+0530] {local_task_job_runner.py:120} INFO - ::group::Pre task execution logs
[2026-03-10T23:04:05.384+0530] {taskinstance.py:2076} INFO - Dependencies all met for dep_context=non-requeueable deps ti=<TaskInstance: example_dynamic_task_mapping.sum_it scheduled__2022-04-09T00:00:00+00:00 [queued]>
[2026-03-10T23:04:05.397+0530] {taskinstance.py:2076} INFO - Dependencies all met for dep_context=requeueable deps ti=<TaskInstance: example_dynamic_task_mapping.sum_it scheduled__2022-04-09T00:00:00+00:00 [queued]>
[2026-03-10T23:04:05.398+0530] {taskinstance.py:2306} INFO - Starting attempt 1 of 1
[2026-03-10T23:04:05.424+0530] {taskinstance.py:2330} INFO - Executing <Task(_PythonDecoratedOperator): sum_it> on 2022-04-09 00:00:00+00:00
[2026-03-10T23:04:05.434+0530] {standard_task_runner.py:64} INFO - Started process 5631 to run task
[2026-03-10T23:04:05.439+0530] {standard_task_runner.py:90} INFO - Running: ['airflow', 'tasks', 'run', 'example_dynamic_task_mapping', 'sum_it', 'scheduled__2022-04-09T00:00:00+00:00', '--job-id', '464', '--raw', '--subdir', '/home/sathya/projects/training-kit/.venv-airflow/lib/python3.10/site-packages/airflow/example_dags/example_dynamic_task_mapping.py', '--cfg-path', '/tmp/tmp4ylvntlm']
[2026-03-10T23:04:05.442+0530] {standard_task_runner.py:91} INFO - Job 464: Subtask sum_it
[2026-03-10T23:04:05.488+0530] {task_command.py:426} INFO - Running <TaskInstance: example_dynamic_task_mapping.sum_it scheduled__2022-04-09T00:00:00+00:00 [running]> on host LAPTOP-A1PMOBSE.localdomain
[2026-03-10T23:04:05.591+0530] {taskinstance.py:2648} INFO - Exporting env vars: AIRFLOW_CTX_DAG_OWNER='airflow' AIRFLOW_CTX_DAG_ID='example_dynamic_task_mapping' AIRFLOW_CTX_TASK_ID='sum_it' AIRFLOW_CTX_EXECUTION_DATE='2022-04-09T00:00:00+00:00' AIRFLOW_CTX_TRY_NUMBER='1' AIRFLOW_CTX_DAG_RUN_ID='scheduled__2022-04-09T00:00:00+00:00'
[2026-03-10T23:04:05.593+0530] {taskinstance.py:430} INFO - ::endgroup::
[2026-03-10T23:04:05.597+0530] {logging_mixin.py:188} INFO - Total was 9
[2026-03-10T23:04:05.597+0530] {python.py:237} INFO - Done. Returned value was: None
[2026-03-10T23:04:05.597+0530] {taskinstance.py:441} INFO - ::group::Post task execution logs
[2026-03-10T23:04:05.603+0530] {taskinstance.py:1206} INFO - Marking task as SUCCESS. dag_id=example_dynamic_task_mapping, task_id=sum_it, run_id=scheduled__2022-04-09T00:00:00+00:00, execution_date=20220409T000000, start_date=20260310T173405, end_date=20260310T173405
[2026-03-10T23:04:05.670+0530] {local_task_job_runner.py:243} INFO - Task exited with return code 0
[2026-03-10T23:04:05.681+0530] {taskinstance.py:3503} INFO - 0 downstream tasks scheduled from follow-on schedule check
[2026-03-10T23:04:05.682+0530] {local_task_job_runner.py:222} INFO - ::endgroup::
