[2025-12-27T19:26:50.801+0530] {local_task_job_runner.py:120} INFO - ::group::Pre task execution logs
[2025-12-27T19:26:50.827+0530] {taskinstance.py:2076} INFO - Dependencies all met for dep_context=non-requeueable deps ti=<TaskInstance: example_dynamic_task_mapping.sum_it scheduled__2022-11-23T00:00:00+00:00 [queued]>
[2025-12-27T19:26:50.833+0530] {taskinstance.py:2076} INFO - Dependencies all met for dep_context=requeueable deps ti=<TaskInstance: example_dynamic_task_mapping.sum_it scheduled__2022-11-23T00:00:00+00:00 [queued]>
[2025-12-27T19:26:50.833+0530] {taskinstance.py:2306} INFO - Starting attempt 1 of 1
[2025-12-27T19:26:50.850+0530] {taskinstance.py:2330} INFO - Executing <Task(_PythonDecoratedOperator): sum_it> on 2022-11-23 00:00:00+00:00
[2025-12-27T19:26:50.853+0530] {standard_task_runner.py:64} INFO - Started process 1124 to run task
[2025-12-27T19:26:50.858+0530] {standard_task_runner.py:90} INFO - Running: ['airflow', 'tasks', 'run', 'example_dynamic_task_mapping', 'sum_it', 'scheduled__2022-11-23T00:00:00+00:00', '--job-id', '1684', '--raw', '--subdir', '/home/sathya/projects/training-kit/.venv-airflow/lib/python3.10/site-packages/airflow/example_dags/example_dynamic_task_mapping.py', '--cfg-path', '/tmp/tmpa_eqnikl']
[2025-12-27T19:26:50.859+0530] {standard_task_runner.py:91} INFO - Job 1684: Subtask sum_it
[2025-12-27T19:26:50.910+0530] {task_command.py:426} INFO - Running <TaskInstance: example_dynamic_task_mapping.sum_it scheduled__2022-11-23T00:00:00+00:00 [running]> on host LAPTOP-A1PMOBSE.localdomain
[2025-12-27T19:26:51.000+0530] {taskinstance.py:2648} INFO - Exporting env vars: AIRFLOW_CTX_DAG_OWNER='airflow' AIRFLOW_CTX_DAG_ID='example_dynamic_task_mapping' AIRFLOW_CTX_TASK_ID='sum_it' AIRFLOW_CTX_EXECUTION_DATE='2022-11-23T00:00:00+00:00' AIRFLOW_CTX_TRY_NUMBER='1' AIRFLOW_CTX_DAG_RUN_ID='scheduled__2022-11-23T00:00:00+00:00'
[2025-12-27T19:26:51.001+0530] {taskinstance.py:430} INFO - ::endgroup::
[2025-12-27T19:26:51.005+0530] {logging_mixin.py:188} INFO - Total was 9
[2025-12-27T19:26:51.005+0530] {python.py:237} INFO - Done. Returned value was: None
[2025-12-27T19:26:51.005+0530] {taskinstance.py:441} INFO - ::group::Post task execution logs
[2025-12-27T19:26:51.011+0530] {taskinstance.py:1206} INFO - Marking task as SUCCESS. dag_id=example_dynamic_task_mapping, task_id=sum_it, run_id=scheduled__2022-11-23T00:00:00+00:00, execution_date=20221123T000000, start_date=20251227T135650, end_date=20251227T135651
[2025-12-27T19:26:51.031+0530] {local_task_job_runner.py:243} INFO - Task exited with return code 0
[2025-12-27T19:26:51.043+0530] {taskinstance.py:3503} INFO - 0 downstream tasks scheduled from follow-on schedule check
[2025-12-27T19:26:51.043+0530] {local_task_job_runner.py:222} INFO - ::endgroup::
[2026-03-11T22:43:35.469+0530] {local_task_job_runner.py:120} INFO - ::group::Pre task execution logs
[2026-03-11T22:43:35.484+0530] {taskinstance.py:2076} INFO - Dependencies all met for dep_context=non-requeueable deps ti=<TaskInstance: example_dynamic_task_mapping.sum_it scheduled__2022-11-23T00:00:00+00:00 [queued]>
[2026-03-11T22:43:35.488+0530] {taskinstance.py:2076} INFO - Dependencies all met for dep_context=requeueable deps ti=<TaskInstance: example_dynamic_task_mapping.sum_it scheduled__2022-11-23T00:00:00+00:00 [queued]>
[2026-03-11T22:43:35.489+0530] {taskinstance.py:2306} INFO - Starting attempt 1 of 1
[2026-03-11T22:43:35.503+0530] {taskinstance.py:2330} INFO - Executing <Task(_PythonDecoratedOperator): sum_it> on 2022-11-23 00:00:00+00:00
[2026-03-11T22:43:35.507+0530] {standard_task_runner.py:64} INFO - Started process 9825 to run task
[2026-03-11T22:43:35.510+0530] {standard_task_runner.py:90} INFO - Running: ['airflow', 'tasks', 'run', 'example_dynamic_task_mapping', 'sum_it', 'scheduled__2022-11-23T00:00:00+00:00', '--job-id', '1999', '--raw', '--subdir', '/home/sathya/projects/training-kit/.venv-airflow/lib/python3.10/site-packages/airflow/example_dags/example_dynamic_task_mapping.py', '--cfg-path', '/tmp/tmpmjg40rwb']
[2026-03-11T22:43:35.511+0530] {standard_task_runner.py:91} INFO - Job 1999: Subtask sum_it
[2026-03-11T22:43:35.544+0530] {task_command.py:426} INFO - Running <TaskInstance: example_dynamic_task_mapping.sum_it scheduled__2022-11-23T00:00:00+00:00 [running]> on host LAPTOP-A1PMOBSE.localdomain
[2026-03-11T22:43:35.613+0530] {taskinstance.py:2648} INFO - Exporting env vars: AIRFLOW_CTX_DAG_OWNER='airflow' AIRFLOW_CTX_DAG_ID='example_dynamic_task_mapping' AIRFLOW_CTX_TASK_ID='sum_it' AIRFLOW_CTX_EXECUTION_DATE='2022-11-23T00:00:00+00:00' AIRFLOW_CTX_TRY_NUMBER='1' AIRFLOW_CTX_DAG_RUN_ID='scheduled__2022-11-23T00:00:00+00:00'
[2026-03-11T22:43:35.615+0530] {taskinstance.py:430} INFO - ::endgroup::
[2026-03-11T22:43:35.617+0530] {logging_mixin.py:188} INFO - Total was 9
[2026-03-11T22:43:35.617+0530] {python.py:237} INFO - Done. Returned value was: None
[2026-03-11T22:43:35.618+0530] {taskinstance.py:441} INFO - ::group::Post task execution logs
[2026-03-11T22:43:35.621+0530] {taskinstance.py:1206} INFO - Marking task as SUCCESS. dag_id=example_dynamic_task_mapping, task_id=sum_it, run_id=scheduled__2022-11-23T00:00:00+00:00, execution_date=20221123T000000, start_date=20260311T171335, end_date=20260311T171335
[2026-03-11T22:43:35.651+0530] {local_task_job_runner.py:243} INFO - Task exited with return code 0
[2026-03-11T22:43:35.660+0530] {taskinstance.py:3503} INFO - 0 downstream tasks scheduled from follow-on schedule check
[2026-03-11T22:43:35.661+0530] {local_task_job_runner.py:222} INFO - ::endgroup::
