[2025-12-26T23:00:03.514+0530] {local_task_job_runner.py:120} INFO - ::group::Pre task execution logs
[2025-12-26T23:00:03.544+0530] {taskinstance.py:2076} INFO - Dependencies all met for dep_context=non-requeueable deps ti=<TaskInstance: example_dynamic_task_mapping.add_one scheduled__2022-10-15T00:00:00+00:00 map_index=2 [queued]>
[2025-12-26T23:00:03.558+0530] {taskinstance.py:2076} INFO - Dependencies all met for dep_context=requeueable deps ti=<TaskInstance: example_dynamic_task_mapping.add_one scheduled__2022-10-15T00:00:00+00:00 map_index=2 [queued]>
[2025-12-26T23:00:03.558+0530] {taskinstance.py:2306} INFO - Starting attempt 1 of 1
[2025-12-26T23:00:03.586+0530] {taskinstance.py:2330} INFO - Executing <Mapped(_PythonDecoratedOperator): add_one> on 2022-10-15 00:00:00+00:00
[2025-12-26T23:00:03.589+0530] {standard_task_runner.py:64} INFO - Started process 10688 to run task
[2025-12-26T23:00:03.594+0530] {standard_task_runner.py:90} INFO - Running: ['airflow', 'tasks', 'run', 'example_dynamic_task_mapping', 'add_one', 'scheduled__2022-10-15T00:00:00+00:00', '--job-id', '1304', '--raw', '--subdir', '/home/sathya/projects/training-kit/.venv-airflow/lib/python3.10/site-packages/airflow/example_dags/example_dynamic_task_mapping.py', '--cfg-path', '/tmp/tmpo33_r92m', '--map-index', '2']
[2025-12-26T23:00:03.595+0530] {standard_task_runner.py:91} INFO - Job 1304: Subtask add_one
[2025-12-26T23:00:03.666+0530] {task_command.py:426} INFO - Running <TaskInstance: example_dynamic_task_mapping.add_one scheduled__2022-10-15T00:00:00+00:00 map_index=2 [running]> on host LAPTOP-A1PMOBSE.localdomain
[2025-12-26T23:00:03.756+0530] {taskinstance.py:2648} INFO - Exporting env vars: AIRFLOW_CTX_DAG_OWNER='airflow' AIRFLOW_CTX_DAG_ID='example_dynamic_task_mapping' AIRFLOW_CTX_TASK_ID='add_one' AIRFLOW_CTX_EXECUTION_DATE='2022-10-15T00:00:00+00:00' AIRFLOW_CTX_TRY_NUMBER='1' AIRFLOW_CTX_DAG_RUN_ID='scheduled__2022-10-15T00:00:00+00:00'
[2025-12-26T23:00:03.757+0530] {taskinstance.py:430} INFO - ::endgroup::
[2025-12-26T23:00:03.758+0530] {python.py:237} INFO - Done. Returned value was: 4
[2025-12-26T23:00:03.758+0530] {taskinstance.py:441} INFO - ::group::Post task execution logs
[2025-12-26T23:00:03.775+0530] {taskinstance.py:1206} INFO - Marking task as SUCCESS. dag_id=example_dynamic_task_mapping, task_id=add_one, run_id=scheduled__2022-10-15T00:00:00+00:00, map_index=2, execution_date=20221015T000000, start_date=20251226T173003, end_date=20251226T173003
[2025-12-26T23:00:03.813+0530] {local_task_job_runner.py:243} INFO - Task exited with return code 0
[2025-12-26T23:00:03.830+0530] {taskinstance.py:3503} INFO - 1 downstream tasks scheduled from follow-on schedule check
[2025-12-26T23:00:03.838+0530] {local_task_job_runner.py:222} INFO - ::endgroup::
[2026-03-11T22:18:13.606+0530] {local_task_job_runner.py:120} INFO - ::group::Pre task execution logs
[2026-03-11T22:18:13.627+0530] {taskinstance.py:2076} INFO - Dependencies all met for dep_context=non-requeueable deps ti=<TaskInstance: example_dynamic_task_mapping.add_one scheduled__2022-10-15T00:00:00+00:00 map_index=2 [queued]>
[2026-03-11T22:18:13.632+0530] {taskinstance.py:2076} INFO - Dependencies all met for dep_context=requeueable deps ti=<TaskInstance: example_dynamic_task_mapping.add_one scheduled__2022-10-15T00:00:00+00:00 map_index=2 [queued]>
[2026-03-11T22:18:13.632+0530] {taskinstance.py:2306} INFO - Starting attempt 1 of 1
[2026-03-11T22:18:13.649+0530] {taskinstance.py:2330} INFO - Executing <Mapped(_PythonDecoratedOperator): add_one> on 2022-10-15 00:00:00+00:00
[2026-03-11T22:18:13.653+0530] {standard_task_runner.py:64} INFO - Started process 6078 to run task
[2026-03-11T22:18:13.657+0530] {standard_task_runner.py:90} INFO - Running: ['airflow', 'tasks', 'run', 'example_dynamic_task_mapping', 'add_one', 'scheduled__2022-10-15T00:00:00+00:00', '--job-id', '1682', '--raw', '--subdir', '/home/sathya/projects/training-kit/.venv-airflow/lib/python3.10/site-packages/airflow/example_dags/example_dynamic_task_mapping.py', '--cfg-path', '/tmp/tmpy55qhkwd', '--map-index', '2']
[2026-03-11T22:18:13.659+0530] {standard_task_runner.py:91} INFO - Job 1682: Subtask add_one
[2026-03-11T22:18:13.693+0530] {task_command.py:426} INFO - Running <TaskInstance: example_dynamic_task_mapping.add_one scheduled__2022-10-15T00:00:00+00:00 map_index=2 [running]> on host LAPTOP-A1PMOBSE.localdomain
[2026-03-11T22:18:13.756+0530] {taskinstance.py:2648} INFO - Exporting env vars: AIRFLOW_CTX_DAG_OWNER='airflow' AIRFLOW_CTX_DAG_ID='example_dynamic_task_mapping' AIRFLOW_CTX_TASK_ID='add_one' AIRFLOW_CTX_EXECUTION_DATE='2022-10-15T00:00:00+00:00' AIRFLOW_CTX_TRY_NUMBER='1' AIRFLOW_CTX_DAG_RUN_ID='scheduled__2022-10-15T00:00:00+00:00'
[2026-03-11T22:18:13.757+0530] {taskinstance.py:430} INFO - ::endgroup::
[2026-03-11T22:18:13.757+0530] {python.py:237} INFO - Done. Returned value was: 4
[2026-03-11T22:18:13.757+0530] {taskinstance.py:441} INFO - ::group::Post task execution logs
[2026-03-11T22:18:13.773+0530] {taskinstance.py:1206} INFO - Marking task as SUCCESS. dag_id=example_dynamic_task_mapping, task_id=add_one, run_id=scheduled__2022-10-15T00:00:00+00:00, map_index=2, execution_date=20221015T000000, start_date=20260311T164813, end_date=20260311T164813
[2026-03-11T22:18:13.799+0530] {local_task_job_runner.py:243} INFO - Task exited with return code 0
[2026-03-11T22:18:13.812+0530] {taskinstance.py:3503} INFO - 1 downstream tasks scheduled from follow-on schedule check
[2026-03-11T22:18:13.821+0530] {local_task_job_runner.py:222} INFO - ::endgroup::
