[2025-12-26T22:07:26.868+0530] {local_task_job_runner.py:120} INFO - ::group::Pre task execution logs
[2025-12-26T22:07:26.902+0530] {taskinstance.py:2076} INFO - Dependencies all met for dep_context=non-requeueable deps ti=<TaskInstance: example_xcom.puller scheduled__2021-01-01T00:00:00+00:00 [queued]>
[2025-12-26T22:07:26.911+0530] {taskinstance.py:2076} INFO - Dependencies all met for dep_context=requeueable deps ti=<TaskInstance: example_xcom.puller scheduled__2021-01-01T00:00:00+00:00 [queued]>
[2025-12-26T22:07:26.911+0530] {taskinstance.py:2306} INFO - Starting attempt 1 of 1
[2025-12-26T22:07:26.936+0530] {taskinstance.py:2330} INFO - Executing <Task(_PythonDecoratedOperator): puller> on 2021-01-01 00:00:00+00:00
[2025-12-26T22:07:26.941+0530] {standard_task_runner.py:64} INFO - Started process 3859 to run task
[2025-12-26T22:07:26.948+0530] {standard_task_runner.py:90} INFO - Running: ['airflow', 'tasks', 'run', 'example_xcom', 'puller', 'scheduled__2021-01-01T00:00:00+00:00', '--job-id', '81', '--raw', '--subdir', '/home/sathya/projects/training-kit/.venv-airflow/lib/python3.10/site-packages/airflow/example_dags/example_xcom.py', '--cfg-path', '/tmp/tmptoydy9r8']
[2025-12-26T22:07:26.949+0530] {standard_task_runner.py:91} INFO - Job 81: Subtask puller
[2025-12-26T22:07:27.021+0530] {task_command.py:426} INFO - Running <TaskInstance: example_xcom.puller scheduled__2021-01-01T00:00:00+00:00 [running]> on host LAPTOP-A1PMOBSE.localdomain
[2025-12-26T22:07:27.129+0530] {taskinstance.py:2648} INFO - Exporting env vars: AIRFLOW_CTX_DAG_OWNER='airflow' AIRFLOW_CTX_DAG_ID='example_xcom' AIRFLOW_CTX_TASK_ID='puller' AIRFLOW_CTX_EXECUTION_DATE='2021-01-01T00:00:00+00:00' AIRFLOW_CTX_TRY_NUMBER='1' AIRFLOW_CTX_DAG_RUN_ID='scheduled__2021-01-01T00:00:00+00:00'
[2025-12-26T22:07:27.131+0530] {taskinstance.py:430} INFO - ::endgroup::
[2025-12-26T22:07:27.135+0530] {python.py:237} INFO - Done. Returned value was: None
[2025-12-26T22:07:27.136+0530] {taskinstance.py:441} INFO - ::group::Post task execution logs
[2025-12-26T22:07:27.140+0530] {taskinstance.py:1206} INFO - Marking task as SUCCESS. dag_id=example_xcom, task_id=puller, run_id=scheduled__2021-01-01T00:00:00+00:00, execution_date=20210101T000000, start_date=20251226T163726, end_date=20251226T163727
[2025-12-26T22:07:27.179+0530] {local_task_job_runner.py:243} INFO - Task exited with return code 0
[2025-12-26T22:07:27.200+0530] {taskinstance.py:3503} INFO - 0 downstream tasks scheduled from follow-on schedule check
[2025-12-26T22:07:27.200+0530] {local_task_job_runner.py:222} INFO - ::endgroup::
[2026-03-10T22:15:24.444+0530] {local_task_job_runner.py:120} INFO - ::group::Pre task execution logs
[2026-03-10T22:15:24.479+0530] {taskinstance.py:2076} INFO - Dependencies all met for dep_context=non-requeueable deps ti=<TaskInstance: example_xcom.puller scheduled__2021-01-01T00:00:00+00:00 [queued]>
[2026-03-10T22:15:24.486+0530] {taskinstance.py:2076} INFO - Dependencies all met for dep_context=requeueable deps ti=<TaskInstance: example_xcom.puller scheduled__2021-01-01T00:00:00+00:00 [queued]>
[2026-03-10T22:15:24.486+0530] {taskinstance.py:2306} INFO - Starting attempt 1 of 1
[2026-03-10T22:15:24.508+0530] {taskinstance.py:2330} INFO - Executing <Task(_PythonDecoratedOperator): puller> on 2021-01-01 00:00:00+00:00
[2026-03-10T22:15:24.515+0530] {standard_task_runner.py:64} INFO - Started process 2502 to run task
[2026-03-10T22:15:24.520+0530] {standard_task_runner.py:90} INFO - Running: ['airflow', 'tasks', 'run', 'example_xcom', 'puller', 'scheduled__2021-01-01T00:00:00+00:00', '--job-id', '209', '--raw', '--subdir', '/home/sathya/projects/training-kit/.venv-airflow/lib/python3.10/site-packages/airflow/example_dags/example_xcom.py', '--cfg-path', '/tmp/tmpxoiucr2r']
[2026-03-10T22:15:24.522+0530] {standard_task_runner.py:91} INFO - Job 209: Subtask puller
[2026-03-10T22:15:24.584+0530] {task_command.py:426} INFO - Running <TaskInstance: example_xcom.puller scheduled__2021-01-01T00:00:00+00:00 [running]> on host LAPTOP-A1PMOBSE.localdomain
[2026-03-10T22:15:24.683+0530] {taskinstance.py:2648} INFO - Exporting env vars: AIRFLOW_CTX_DAG_OWNER='airflow' AIRFLOW_CTX_DAG_ID='example_xcom' AIRFLOW_CTX_TASK_ID='puller' AIRFLOW_CTX_EXECUTION_DATE='2021-01-01T00:00:00+00:00' AIRFLOW_CTX_TRY_NUMBER='1' AIRFLOW_CTX_DAG_RUN_ID='scheduled__2021-01-01T00:00:00+00:00'
[2026-03-10T22:15:24.688+0530] {taskinstance.py:430} INFO - ::endgroup::
[2026-03-10T22:15:24.694+0530] {python.py:237} INFO - Done. Returned value was: None
[2026-03-10T22:15:24.695+0530] {taskinstance.py:441} INFO - ::group::Post task execution logs
[2026-03-10T22:15:24.699+0530] {taskinstance.py:1206} INFO - Marking task as SUCCESS. dag_id=example_xcom, task_id=puller, run_id=scheduled__2021-01-01T00:00:00+00:00, execution_date=20210101T000000, start_date=20260310T164524, end_date=20260310T164524
[2026-03-10T22:15:24.753+0530] {local_task_job_runner.py:243} INFO - Task exited with return code 0
[2026-03-10T22:15:24.780+0530] {taskinstance.py:3503} INFO - 0 downstream tasks scheduled from follow-on schedule check
[2026-03-10T22:15:24.781+0530] {local_task_job_runner.py:222} INFO - ::endgroup::
