[2025-12-26T22:13:27.627+0530] {local_task_job_runner.py:120} INFO - ::group::Pre task execution logs
[2025-12-26T22:13:27.655+0530] {taskinstance.py:2076} INFO - Dependencies all met for dep_context=non-requeueable deps ti=<TaskInstance: example_dynamic_task_mapping.add_one scheduled__2022-03-17T00:00:00+00:00 map_index=2 [queued]>
[2025-12-26T22:13:27.661+0530] {taskinstance.py:2076} INFO - Dependencies all met for dep_context=requeueable deps ti=<TaskInstance: example_dynamic_task_mapping.add_one scheduled__2022-03-17T00:00:00+00:00 map_index=2 [queued]>
[2025-12-26T22:13:27.661+0530] {taskinstance.py:2306} INFO - Starting attempt 1 of 1
[2025-12-26T22:13:27.683+0530] {taskinstance.py:2330} INFO - Executing <Mapped(_PythonDecoratedOperator): add_one> on 2022-03-17 00:00:00+00:00
[2025-12-26T22:13:27.686+0530] {standard_task_runner.py:64} INFO - Started process 4626 to run task
[2025-12-26T22:13:27.690+0530] {standard_task_runner.py:90} INFO - Running: ['airflow', 'tasks', 'run', 'example_dynamic_task_mapping', 'add_one', 'scheduled__2022-03-17T00:00:00+00:00', '--job-id', '223', '--raw', '--subdir', '/home/sathya/projects/training-kit/.venv-airflow/lib/python3.10/site-packages/airflow/example_dags/example_dynamic_task_mapping.py', '--cfg-path', '/tmp/tmp6pklwk48', '--map-index', '2']
[2025-12-26T22:13:27.691+0530] {standard_task_runner.py:91} INFO - Job 223: Subtask add_one
[2025-12-26T22:13:27.734+0530] {task_command.py:426} INFO - Running <TaskInstance: example_dynamic_task_mapping.add_one scheduled__2022-03-17T00:00:00+00:00 map_index=2 [running]> on host LAPTOP-A1PMOBSE.localdomain
[2025-12-26T22:13:27.818+0530] {taskinstance.py:2648} INFO - Exporting env vars: AIRFLOW_CTX_DAG_OWNER='airflow' AIRFLOW_CTX_DAG_ID='example_dynamic_task_mapping' AIRFLOW_CTX_TASK_ID='add_one' AIRFLOW_CTX_EXECUTION_DATE='2022-03-17T00:00:00+00:00' AIRFLOW_CTX_TRY_NUMBER='1' AIRFLOW_CTX_DAG_RUN_ID='scheduled__2022-03-17T00:00:00+00:00'
[2025-12-26T22:13:27.819+0530] {taskinstance.py:430} INFO - ::endgroup::
[2025-12-26T22:13:27.819+0530] {python.py:237} INFO - Done. Returned value was: 4
[2025-12-26T22:13:27.819+0530] {taskinstance.py:441} INFO - ::group::Post task execution logs
[2025-12-26T22:13:27.838+0530] {taskinstance.py:1206} INFO - Marking task as SUCCESS. dag_id=example_dynamic_task_mapping, task_id=add_one, run_id=scheduled__2022-03-17T00:00:00+00:00, map_index=2, execution_date=20220317T000000, start_date=20251226T164327, end_date=20251226T164327
[2025-12-26T22:13:26.034+0530] {local_task_job_runner.py:243} INFO - Task exited with return code 0
[2025-12-26T22:13:26.051+0530] {taskinstance.py:3503} INFO - 1 downstream tasks scheduled from follow-on schedule check
[2025-12-26T22:13:26.060+0530] {local_task_job_runner.py:222} INFO - ::endgroup::
[2026-03-10T22:14:41.989+0530] {local_task_job_runner.py:120} INFO - ::group::Pre task execution logs
[2026-03-10T22:14:42.031+0530] {taskinstance.py:2076} INFO - Dependencies all met for dep_context=non-requeueable deps ti=<TaskInstance: example_dynamic_task_mapping.add_one scheduled__2022-03-17T00:00:00+00:00 map_index=2 [queued]>
[2026-03-10T22:14:42.039+0530] {taskinstance.py:2076} INFO - Dependencies all met for dep_context=requeueable deps ti=<TaskInstance: example_dynamic_task_mapping.add_one scheduled__2022-03-17T00:00:00+00:00 map_index=2 [queued]>
[2026-03-10T22:14:42.039+0530] {taskinstance.py:2306} INFO - Starting attempt 1 of 1
[2026-03-10T22:14:42.061+0530] {taskinstance.py:2330} INFO - Executing <Mapped(_PythonDecoratedOperator): add_one> on 2022-03-17 00:00:00+00:00
[2026-03-10T22:14:42.069+0530] {standard_task_runner.py:64} INFO - Started process 2431 to run task
[2026-03-10T22:14:42.075+0530] {standard_task_runner.py:90} INFO - Running: ['airflow', 'tasks', 'run', 'example_dynamic_task_mapping', 'add_one', 'scheduled__2022-03-17T00:00:00+00:00', '--job-id', '203', '--raw', '--subdir', '/home/sathya/projects/training-kit/.venv-airflow/lib/python3.10/site-packages/airflow/example_dags/example_dynamic_task_mapping.py', '--cfg-path', '/tmp/tmp58h57ihc', '--map-index', '2']
[2026-03-10T22:14:42.077+0530] {standard_task_runner.py:91} INFO - Job 203: Subtask add_one
[2026-03-10T22:14:42.131+0530] {task_command.py:426} INFO - Running <TaskInstance: example_dynamic_task_mapping.add_one scheduled__2022-03-17T00:00:00+00:00 map_index=2 [running]> on host LAPTOP-A1PMOBSE.localdomain
[2026-03-10T22:14:42.223+0530] {taskinstance.py:2648} INFO - Exporting env vars: AIRFLOW_CTX_DAG_OWNER='airflow' AIRFLOW_CTX_DAG_ID='example_dynamic_task_mapping' AIRFLOW_CTX_TASK_ID='add_one' AIRFLOW_CTX_EXECUTION_DATE='2022-03-17T00:00:00+00:00' AIRFLOW_CTX_TRY_NUMBER='1' AIRFLOW_CTX_DAG_RUN_ID='scheduled__2022-03-17T00:00:00+00:00'
[2026-03-10T22:14:42.226+0530] {taskinstance.py:430} INFO - ::endgroup::
[2026-03-10T22:14:42.227+0530] {python.py:237} INFO - Done. Returned value was: 4
[2026-03-10T22:14:42.227+0530] {taskinstance.py:441} INFO - ::group::Post task execution logs
[2026-03-10T22:14:42.253+0530] {taskinstance.py:1206} INFO - Marking task as SUCCESS. dag_id=example_dynamic_task_mapping, task_id=add_one, run_id=scheduled__2022-03-17T00:00:00+00:00, map_index=2, execution_date=20220317T000000, start_date=20260310T164442, end_date=20260310T164442
[2026-03-10T22:14:42.303+0530] {local_task_job_runner.py:243} INFO - Task exited with return code 0
[2026-03-10T22:14:42.326+0530] {taskinstance.py:3503} INFO - 1 downstream tasks scheduled from follow-on schedule check
[2026-03-10T22:14:42.338+0530] {local_task_job_runner.py:222} INFO - ::endgroup::
