[2025-12-26T22:44:09.385+0530] {local_task_job_runner.py:120} INFO - ::group::Pre task execution logs
[2025-12-26T22:44:09.402+0530] {taskinstance.py:2076} INFO - Dependencies all met for dep_context=non-requeueable deps ti=<TaskInstance: example_dynamic_task_mapping.add_one scheduled__2022-08-14T00:00:00+00:00 map_index=0 [queued]>
[2025-12-26T22:44:09.407+0530] {taskinstance.py:2076} INFO - Dependencies all met for dep_context=requeueable deps ti=<TaskInstance: example_dynamic_task_mapping.add_one scheduled__2022-08-14T00:00:00+00:00 map_index=0 [queued]>
[2025-12-26T22:44:09.407+0530] {taskinstance.py:2306} INFO - Starting attempt 1 of 1
[2025-12-26T22:44:09.423+0530] {taskinstance.py:2330} INFO - Executing <Mapped(_PythonDecoratedOperator): add_one> on 2022-08-14 00:00:00+00:00
[2025-12-26T22:44:09.426+0530] {standard_task_runner.py:64} INFO - Started process 8798 to run task
[2025-12-26T22:44:09.429+0530] {standard_task_runner.py:90} INFO - Running: ['airflow', 'tasks', 'run', 'example_dynamic_task_mapping', 'add_one', 'scheduled__2022-08-14T00:00:00+00:00', '--job-id', '974', '--raw', '--subdir', '/home/sathya/projects/training-kit/.venv-airflow/lib/python3.10/site-packages/airflow/example_dags/example_dynamic_task_mapping.py', '--cfg-path', '/tmp/tmpilq1yrmi', '--map-index', '0']
[2025-12-26T22:44:09.430+0530] {standard_task_runner.py:91} INFO - Job 974: Subtask add_one
[2025-12-26T22:44:09.472+0530] {task_command.py:426} INFO - Running <TaskInstance: example_dynamic_task_mapping.add_one scheduled__2022-08-14T00:00:00+00:00 map_index=0 [running]> on host LAPTOP-A1PMOBSE.localdomain
[2025-12-26T22:44:09.553+0530] {taskinstance.py:2648} INFO - Exporting env vars: AIRFLOW_CTX_DAG_OWNER='airflow' AIRFLOW_CTX_DAG_ID='example_dynamic_task_mapping' AIRFLOW_CTX_TASK_ID='add_one' AIRFLOW_CTX_EXECUTION_DATE='2022-08-14T00:00:00+00:00' AIRFLOW_CTX_TRY_NUMBER='1' AIRFLOW_CTX_DAG_RUN_ID='scheduled__2022-08-14T00:00:00+00:00'
[2025-12-26T22:44:09.554+0530] {taskinstance.py:430} INFO - ::endgroup::
[2025-12-26T22:44:09.554+0530] {python.py:237} INFO - Done. Returned value was: 2
[2025-12-26T22:44:09.554+0530] {taskinstance.py:441} INFO - ::group::Post task execution logs
[2025-12-26T22:44:09.573+0530] {taskinstance.py:1206} INFO - Marking task as SUCCESS. dag_id=example_dynamic_task_mapping, task_id=add_one, run_id=scheduled__2022-08-14T00:00:00+00:00, map_index=0, execution_date=20220814T000000, start_date=20251226T171409, end_date=20251226T171409
[2025-12-26T22:44:09.602+0530] {local_task_job_runner.py:243} INFO - Task exited with return code 0
[2025-12-26T22:44:09.615+0530] {taskinstance.py:3503} INFO - 0 downstream tasks scheduled from follow-on schedule check
[2025-12-26T22:44:09.616+0530] {local_task_job_runner.py:222} INFO - ::endgroup::
[2026-03-10T23:32:40.675+0530] {local_task_job_runner.py:120} INFO - ::group::Pre task execution logs
[2026-03-10T23:32:40.734+0530] {taskinstance.py:2076} INFO - Dependencies all met for dep_context=non-requeueable deps ti=<TaskInstance: example_dynamic_task_mapping.add_one scheduled__2022-08-14T00:00:00+00:00 map_index=0 [queued]>
[2026-03-10T23:32:40.754+0530] {taskinstance.py:2076} INFO - Dependencies all met for dep_context=requeueable deps ti=<TaskInstance: example_dynamic_task_mapping.add_one scheduled__2022-08-14T00:00:00+00:00 map_index=0 [queued]>
[2026-03-10T23:32:40.754+0530] {taskinstance.py:2306} INFO - Starting attempt 1 of 1
[2026-03-10T23:32:40.805+0530] {taskinstance.py:2330} INFO - Executing <Mapped(_PythonDecoratedOperator): add_one> on 2022-08-14 00:00:00+00:00
[2026-03-10T23:32:40.820+0530] {standard_task_runner.py:64} INFO - Started process 12549 to run task
[2026-03-10T23:32:40.839+0530] {standard_task_runner.py:90} INFO - Running: ['airflow', 'tasks', 'run', 'example_dynamic_task_mapping', 'add_one', 'scheduled__2022-08-14T00:00:00+00:00', '--job-id', '1133', '--raw', '--subdir', '/home/sathya/projects/training-kit/.venv-airflow/lib/python3.10/site-packages/airflow/example_dags/example_dynamic_task_mapping.py', '--cfg-path', '/tmp/tmpvuw3qmsi', '--map-index', '0']
[2026-03-10T23:32:40.845+0530] {standard_task_runner.py:91} INFO - Job 1133: Subtask add_one
[2026-03-10T23:32:40.971+0530] {task_command.py:426} INFO - Running <TaskInstance: example_dynamic_task_mapping.add_one scheduled__2022-08-14T00:00:00+00:00 map_index=0 [running]> on host LAPTOP-A1PMOBSE.localdomain
[2026-03-10T23:32:41.199+0530] {taskinstance.py:2648} INFO - Exporting env vars: AIRFLOW_CTX_DAG_OWNER='airflow' AIRFLOW_CTX_DAG_ID='example_dynamic_task_mapping' AIRFLOW_CTX_TASK_ID='add_one' AIRFLOW_CTX_EXECUTION_DATE='2022-08-14T00:00:00+00:00' AIRFLOW_CTX_TRY_NUMBER='1' AIRFLOW_CTX_DAG_RUN_ID='scheduled__2022-08-14T00:00:00+00:00'
[2026-03-10T23:32:41.203+0530] {taskinstance.py:430} INFO - ::endgroup::
[2026-03-10T23:32:41.205+0530] {python.py:237} INFO - Done. Returned value was: 2
[2026-03-10T23:32:41.206+0530] {taskinstance.py:441} INFO - ::group::Post task execution logs
[2026-03-10T23:32:41.250+0530] {taskinstance.py:1206} INFO - Marking task as SUCCESS. dag_id=example_dynamic_task_mapping, task_id=add_one, run_id=scheduled__2022-08-14T00:00:00+00:00, map_index=0, execution_date=20220814T000000, start_date=20260310T180240, end_date=20260310T180241
[2026-03-10T23:32:41.310+0530] {local_task_job_runner.py:243} INFO - Task exited with return code 0
[2026-03-10T23:32:41.354+0530] {taskinstance.py:3503} INFO - 0 downstream tasks scheduled from follow-on schedule check
[2026-03-10T23:32:41.355+0530] {local_task_job_runner.py:222} INFO - ::endgroup::
