[2025-12-26T22:22:06.237+0530] {local_task_job_runner.py:120} INFO - ::group::Pre task execution logs
[2025-12-26T22:22:06.252+0530] {taskinstance.py:2076} INFO - Dependencies all met for dep_context=non-requeueable deps ti=<TaskInstance: example_dynamic_task_mapping.add_one scheduled__2022-05-20T00:00:00+00:00 map_index=2 [queued]>
[2025-12-26T22:22:06.256+0530] {taskinstance.py:2076} INFO - Dependencies all met for dep_context=requeueable deps ti=<TaskInstance: example_dynamic_task_mapping.add_one scheduled__2022-05-20T00:00:00+00:00 map_index=2 [queued]>
[2025-12-26T22:22:06.256+0530] {taskinstance.py:2306} INFO - Starting attempt 1 of 1
[2025-12-26T22:22:06.269+0530] {taskinstance.py:2330} INFO - Executing <Mapped(_PythonDecoratedOperator): add_one> on 2022-05-20 00:00:00+00:00
[2025-12-26T22:22:06.272+0530] {standard_task_runner.py:64} INFO - Started process 6115 to run task
[2025-12-26T22:22:06.274+0530] {standard_task_runner.py:90} INFO - Running: ['airflow', 'tasks', 'run', 'example_dynamic_task_mapping', 'add_one', 'scheduled__2022-05-20T00:00:00+00:00', '--job-id', '522', '--raw', '--subdir', '/home/sathya/projects/training-kit/.venv-airflow/lib/python3.10/site-packages/airflow/example_dags/example_dynamic_task_mapping.py', '--cfg-path', '/tmp/tmpirdsgr70', '--map-index', '2']
[2025-12-26T22:22:06.274+0530] {standard_task_runner.py:91} INFO - Job 522: Subtask add_one
[2025-12-26T22:22:06.304+0530] {task_command.py:426} INFO - Running <TaskInstance: example_dynamic_task_mapping.add_one scheduled__2022-05-20T00:00:00+00:00 map_index=2 [running]> on host LAPTOP-A1PMOBSE.localdomain
[2025-12-26T22:22:06.355+0530] {taskinstance.py:2648} INFO - Exporting env vars: AIRFLOW_CTX_DAG_OWNER='airflow' AIRFLOW_CTX_DAG_ID='example_dynamic_task_mapping' AIRFLOW_CTX_TASK_ID='add_one' AIRFLOW_CTX_EXECUTION_DATE='2022-05-20T00:00:00+00:00' AIRFLOW_CTX_TRY_NUMBER='1' AIRFLOW_CTX_DAG_RUN_ID='scheduled__2022-05-20T00:00:00+00:00'
[2025-12-26T22:22:06.355+0530] {taskinstance.py:430} INFO - ::endgroup::
[2025-12-26T22:22:06.355+0530] {python.py:237} INFO - Done. Returned value was: 4
[2025-12-26T22:22:06.356+0530] {taskinstance.py:441} INFO - ::group::Post task execution logs
[2025-12-26T22:22:06.369+0530] {taskinstance.py:1206} INFO - Marking task as SUCCESS. dag_id=example_dynamic_task_mapping, task_id=add_one, run_id=scheduled__2022-05-20T00:00:00+00:00, map_index=2, execution_date=20220520T000000, start_date=20251226T165206, end_date=20251226T165206
[2025-12-26T22:22:06.408+0530] {local_task_job_runner.py:243} INFO - Task exited with return code 0
[2025-12-26T22:22:06.430+0530] {taskinstance.py:3503} INFO - 1 downstream tasks scheduled from follow-on schedule check
[2025-12-26T22:22:06.439+0530] {local_task_job_runner.py:222} INFO - ::endgroup::
[2026-03-10T23:11:51.941+0530] {local_task_job_runner.py:120} INFO - ::group::Pre task execution logs
[2026-03-10T23:11:51.967+0530] {taskinstance.py:2076} INFO - Dependencies all met for dep_context=non-requeueable deps ti=<TaskInstance: example_dynamic_task_mapping.add_one scheduled__2022-05-20T00:00:00+00:00 map_index=2 [queued]>
[2026-03-10T23:11:51.975+0530] {taskinstance.py:2076} INFO - Dependencies all met for dep_context=requeueable deps ti=<TaskInstance: example_dynamic_task_mapping.add_one scheduled__2022-05-20T00:00:00+00:00 map_index=2 [queued]>
[2026-03-10T23:11:51.976+0530] {taskinstance.py:2306} INFO - Starting attempt 1 of 1
[2026-03-10T23:11:52.000+0530] {taskinstance.py:2330} INFO - Executing <Mapped(_PythonDecoratedOperator): add_one> on 2022-05-20 00:00:00+00:00
[2026-03-10T23:11:52.006+0530] {standard_task_runner.py:64} INFO - Started process 7614 to run task
[2026-03-10T23:11:52.012+0530] {standard_task_runner.py:90} INFO - Running: ['airflow', 'tasks', 'run', 'example_dynamic_task_mapping', 'add_one', 'scheduled__2022-05-20T00:00:00+00:00', '--job-id', '657', '--raw', '--subdir', '/home/sathya/projects/training-kit/.venv-airflow/lib/python3.10/site-packages/airflow/example_dags/example_dynamic_task_mapping.py', '--cfg-path', '/tmp/tmpqiyqfq7m', '--map-index', '2']
[2026-03-10T23:11:52.014+0530] {standard_task_runner.py:91} INFO - Job 657: Subtask add_one
[2026-03-10T23:11:52.063+0530] {task_command.py:426} INFO - Running <TaskInstance: example_dynamic_task_mapping.add_one scheduled__2022-05-20T00:00:00+00:00 map_index=2 [running]> on host LAPTOP-A1PMOBSE.localdomain
[2026-03-10T23:11:52.144+0530] {taskinstance.py:2648} INFO - Exporting env vars: AIRFLOW_CTX_DAG_OWNER='airflow' AIRFLOW_CTX_DAG_ID='example_dynamic_task_mapping' AIRFLOW_CTX_TASK_ID='add_one' AIRFLOW_CTX_EXECUTION_DATE='2022-05-20T00:00:00+00:00' AIRFLOW_CTX_TRY_NUMBER='1' AIRFLOW_CTX_DAG_RUN_ID='scheduled__2022-05-20T00:00:00+00:00'
[2026-03-10T23:11:52.145+0530] {taskinstance.py:430} INFO - ::endgroup::
[2026-03-10T23:11:52.146+0530] {python.py:237} INFO - Done. Returned value was: 4
[2026-03-10T23:11:52.146+0530] {taskinstance.py:441} INFO - ::group::Post task execution logs
[2026-03-10T23:11:52.175+0530] {taskinstance.py:1206} INFO - Marking task as SUCCESS. dag_id=example_dynamic_task_mapping, task_id=add_one, run_id=scheduled__2022-05-20T00:00:00+00:00, map_index=2, execution_date=20220520T000000, start_date=20260310T174151, end_date=20260310T174152
[2026-03-10T23:11:52.232+0530] {local_task_job_runner.py:243} INFO - Task exited with return code 0
[2026-03-10T23:11:52.250+0530] {taskinstance.py:3503} INFO - 1 downstream tasks scheduled from follow-on schedule check
[2026-03-10T23:11:52.259+0530] {local_task_job_runner.py:222} INFO - ::endgroup::
