[2025-12-26T21:52:52.281+0530] {processor.py:161} INFO - Started process (PID=1345) to work on /home/sathya/projects/training-kit/.venv-airflow/lib/python3.10/site-packages/airflow/example_dags/example_branch_datetime_operator.py
[2025-12-26T21:52:52.282+0530] {processor.py:830} INFO - Processing file /home/sathya/projects/training-kit/.venv-airflow/lib/python3.10/site-packages/airflow/example_dags/example_branch_datetime_operator.py for tasks to queue
[2025-12-26T21:52:52.284+0530] {logging_mixin.py:188} INFO - [2025-12-26T21:52:52.284+0530] {dagbag.py:545} INFO - Filling up the DagBag from /home/sathya/projects/training-kit/.venv-airflow/lib/python3.10/site-packages/airflow/example_dags/example_branch_datetime_operator.py
[2025-12-26T21:52:52.302+0530] {processor.py:840} INFO - DAG(s) 'example_branch_datetime_operator_3', 'example_branch_datetime_operator_2', 'example_branch_datetime_operator' retrieved from /home/sathya/projects/training-kit/.venv-airflow/lib/python3.10/site-packages/airflow/example_dags/example_branch_datetime_operator.py
[2025-12-26T21:52:52.330+0530] {logging_mixin.py:188} INFO - [2025-12-26T21:52:52.329+0530] {dag.py:3089} INFO - Sync 3 DAGs
[2025-12-26T21:52:52.349+0530] {logging_mixin.py:188} INFO - [2025-12-26T21:52:52.348+0530] {dag.py:3947} INFO - Setting next_dagrun for example_branch_datetime_operator to 2025-12-25 00:00:00+00:00, run_after=2025-12-26 00:00:00+00:00
[2025-12-26T21:52:52.352+0530] {logging_mixin.py:188} INFO - [2025-12-26T21:52:52.352+0530] {dag.py:3947} INFO - Setting next_dagrun for example_branch_datetime_operator_2 to 2025-12-25 00:00:00+00:00, run_after=2025-12-26 00:00:00+00:00
[2025-12-26T21:52:52.354+0530] {logging_mixin.py:188} INFO - [2025-12-26T21:52:52.354+0530] {dag.py:3947} INFO - Setting next_dagrun for example_branch_datetime_operator_3 to 2025-12-25 00:00:00+00:00, run_after=2025-12-26 00:00:00+00:00
[2025-12-26T21:52:52.383+0530] {processor.py:183} INFO - Processing /home/sathya/projects/training-kit/.venv-airflow/lib/python3.10/site-packages/airflow/example_dags/example_branch_datetime_operator.py took 0.109 seconds
[2025-12-26T21:53:47.013+0530] {processor.py:161} INFO - Started process (PID=1477) to work on /home/sathya/projects/training-kit/.venv-airflow/lib/python3.10/site-packages/airflow/example_dags/example_branch_datetime_operator.py
[2025-12-26T21:53:47.023+0530] {processor.py:830} INFO - Processing file /home/sathya/projects/training-kit/.venv-airflow/lib/python3.10/site-packages/airflow/example_dags/example_branch_datetime_operator.py for tasks to queue
[2025-12-26T21:53:47.025+0530] {logging_mixin.py:188} INFO - [2025-12-26T21:53:47.025+0530] {dagbag.py:545} INFO - Filling up the DagBag from /home/sathya/projects/training-kit/.venv-airflow/lib/python3.10/site-packages/airflow/example_dags/example_branch_datetime_operator.py
[2025-12-26T21:53:47.039+0530] {processor.py:840} INFO - DAG(s) 'example_branch_datetime_operator_3', 'example_branch_datetime_operator_2', 'example_branch_datetime_operator' retrieved from /home/sathya/projects/training-kit/.venv-airflow/lib/python3.10/site-packages/airflow/example_dags/example_branch_datetime_operator.py
[2025-12-26T21:53:47.080+0530] {logging_mixin.py:188} INFO - [2025-12-26T21:53:47.080+0530] {dag.py:3089} INFO - Sync 3 DAGs
[2025-12-26T21:53:47.248+0530] {logging_mixin.py:188} INFO - [2025-12-26T21:53:47.247+0530] {dag.py:3947} INFO - Setting next_dagrun for example_branch_datetime_operator to 2025-12-25 00:00:00+00:00, run_after=2025-12-26 00:00:00+00:00
[2025-12-26T21:53:47.254+0530] {logging_mixin.py:188} INFO - [2025-12-26T21:53:47.254+0530] {dag.py:3947} INFO - Setting next_dagrun for example_branch_datetime_operator_2 to 2025-12-25 00:00:00+00:00, run_after=2025-12-26 00:00:00+00:00
[2025-12-26T21:53:47.257+0530] {logging_mixin.py:188} INFO - [2025-12-26T21:53:47.257+0530] {dag.py:3947} INFO - Setting next_dagrun for example_branch_datetime_operator_3 to 2025-12-25 00:00:00+00:00, run_after=2025-12-26 00:00:00+00:00
[2025-12-26T21:53:47.295+0530] {processor.py:183} INFO - Processing /home/sathya/projects/training-kit/.venv-airflow/lib/python3.10/site-packages/airflow/example_dags/example_branch_datetime_operator.py took 0.290 seconds
[2025-12-26T21:54:41.058+0530] {processor.py:161} INFO - Started process (PID=1586) to work on /home/sathya/projects/training-kit/.venv-airflow/lib/python3.10/site-packages/airflow/example_dags/example_branch_datetime_operator.py
[2025-12-26T21:54:41.065+0530] {processor.py:830} INFO - Processing file /home/sathya/projects/training-kit/.venv-airflow/lib/python3.10/site-packages/airflow/example_dags/example_branch_datetime_operator.py for tasks to queue
[2025-12-26T21:54:41.069+0530] {logging_mixin.py:188} INFO - [2025-12-26T21:54:41.068+0530] {dagbag.py:545} INFO - Filling up the DagBag from /home/sathya/projects/training-kit/.venv-airflow/lib/python3.10/site-packages/airflow/example_dags/example_branch_datetime_operator.py
[2025-12-26T21:54:41.084+0530] {processor.py:840} INFO - DAG(s) 'example_branch_datetime_operator', 'example_branch_datetime_operator_3', 'example_branch_datetime_operator_2' retrieved from /home/sathya/projects/training-kit/.venv-airflow/lib/python3.10/site-packages/airflow/example_dags/example_branch_datetime_operator.py
[2025-12-26T21:54:41.105+0530] {logging_mixin.py:188} INFO - [2025-12-26T21:54:41.105+0530] {dag.py:3089} INFO - Sync 3 DAGs
[2025-12-26T21:54:41.124+0530] {logging_mixin.py:188} INFO - [2025-12-26T21:54:41.124+0530] {dag.py:3947} INFO - Setting next_dagrun for example_branch_datetime_operator to 2025-12-25 00:00:00+00:00, run_after=2025-12-26 00:00:00+00:00
[2025-12-26T21:54:41.128+0530] {logging_mixin.py:188} INFO - [2025-12-26T21:54:41.128+0530] {dag.py:3947} INFO - Setting next_dagrun for example_branch_datetime_operator_2 to 2025-12-25 00:00:00+00:00, run_after=2025-12-26 00:00:00+00:00
[2025-12-26T21:54:41.130+0530] {logging_mixin.py:188} INFO - [2025-12-26T21:54:41.130+0530] {dag.py:3947} INFO - Setting next_dagrun for example_branch_datetime_operator_3 to 2025-12-25 00:00:00+00:00, run_after=2025-12-26 00:00:00+00:00
[2025-12-26T21:54:41.158+0530] {processor.py:183} INFO - Processing /home/sathya/projects/training-kit/.venv-airflow/lib/python3.10/site-packages/airflow/example_dags/example_branch_datetime_operator.py took 0.110 seconds
[2025-12-26T21:55:49.461+0530] {processor.py:161} INFO - Started process (PID=1776) to work on /home/sathya/projects/training-kit/.venv-airflow/lib/python3.10/site-packages/airflow/example_dags/example_branch_datetime_operator.py
[2025-12-26T21:55:49.463+0530] {processor.py:830} INFO - Processing file /home/sathya/projects/training-kit/.venv-airflow/lib/python3.10/site-packages/airflow/example_dags/example_branch_datetime_operator.py for tasks to queue
[2025-12-26T21:55:49.466+0530] {logging_mixin.py:188} INFO - [2025-12-26T21:55:49.466+0530] {dagbag.py:545} INFO - Filling up the DagBag from /home/sathya/projects/training-kit/.venv-airflow/lib/python3.10/site-packages/airflow/example_dags/example_branch_datetime_operator.py
[2025-12-26T21:55:49.483+0530] {processor.py:840} INFO - DAG(s) 'example_branch_datetime_operator_3', 'example_branch_datetime_operator', 'example_branch_datetime_operator_2' retrieved from /home/sathya/projects/training-kit/.venv-airflow/lib/python3.10/site-packages/airflow/example_dags/example_branch_datetime_operator.py
[2025-12-26T21:55:49.515+0530] {logging_mixin.py:188} INFO - [2025-12-26T21:55:49.515+0530] {dag.py:3089} INFO - Sync 3 DAGs
[2025-12-26T21:55:49.539+0530] {logging_mixin.py:188} INFO - [2025-12-26T21:55:49.539+0530] {dag.py:3947} INFO - Setting next_dagrun for example_branch_datetime_operator to 2025-12-25 00:00:00+00:00, run_after=2025-12-26 00:00:00+00:00
[2025-12-26T21:55:49.543+0530] {logging_mixin.py:188} INFO - [2025-12-26T21:55:49.543+0530] {dag.py:3947} INFO - Setting next_dagrun for example_branch_datetime_operator_2 to 2025-12-25 00:00:00+00:00, run_after=2025-12-26 00:00:00+00:00
[2025-12-26T21:55:49.545+0530] {logging_mixin.py:188} INFO - [2025-12-26T21:55:49.544+0530] {dag.py:3947} INFO - Setting next_dagrun for example_branch_datetime_operator_3 to 2025-12-25 00:00:00+00:00, run_after=2025-12-26 00:00:00+00:00
[2025-12-26T21:55:49.570+0530] {processor.py:183} INFO - Processing /home/sathya/projects/training-kit/.venv-airflow/lib/python3.10/site-packages/airflow/example_dags/example_branch_datetime_operator.py took 0.119 seconds
[2025-12-26T21:55:54.855+0530] {processor.py:161} INFO - Started process (PID=1791) to work on /home/sathya/projects/training-kit/.venv-airflow/lib/python3.10/site-packages/airflow/example_dags/example_branch_datetime_operator.py
[2025-12-26T21:55:54.861+0530] {processor.py:830} INFO - Processing file /home/sathya/projects/training-kit/.venv-airflow/lib/python3.10/site-packages/airflow/example_dags/example_branch_datetime_operator.py for tasks to queue
[2025-12-26T21:55:54.865+0530] {logging_mixin.py:188} INFO - [2025-12-26T21:55:54.864+0530] {dagbag.py:545} INFO - Filling up the DagBag from /home/sathya/projects/training-kit/.venv-airflow/lib/python3.10/site-packages/airflow/example_dags/example_branch_datetime_operator.py
[2025-12-26T21:55:54.880+0530] {processor.py:840} INFO - DAG(s) 'example_branch_datetime_operator_3', 'example_branch_datetime_operator', 'example_branch_datetime_operator_2' retrieved from /home/sathya/projects/training-kit/.venv-airflow/lib/python3.10/site-packages/airflow/example_dags/example_branch_datetime_operator.py
[2025-12-26T21:55:54.908+0530] {logging_mixin.py:188} INFO - [2025-12-26T21:55:54.908+0530] {dag.py:3089} INFO - Sync 3 DAGs
[2025-12-26T21:55:54.931+0530] {logging_mixin.py:188} INFO - [2025-12-26T21:55:54.931+0530] {dag.py:3947} INFO - Setting next_dagrun for example_branch_datetime_operator to 2025-12-25 00:00:00+00:00, run_after=2025-12-26 00:00:00+00:00
[2025-12-26T21:55:54.940+0530] {logging_mixin.py:188} INFO - [2025-12-26T21:55:54.940+0530] {dag.py:3947} INFO - Setting next_dagrun for example_branch_datetime_operator_2 to 2025-12-25 00:00:00+00:00, run_after=2025-12-26 00:00:00+00:00
[2025-12-26T21:55:54.943+0530] {logging_mixin.py:188} INFO - [2025-12-26T21:55:54.943+0530] {dag.py:3947} INFO - Setting next_dagrun for example_branch_datetime_operator_3 to 2025-12-25 00:00:00+00:00, run_after=2025-12-26 00:00:00+00:00
[2025-12-26T21:55:54.982+0530] {processor.py:183} INFO - Processing /home/sathya/projects/training-kit/.venv-airflow/lib/python3.10/site-packages/airflow/example_dags/example_branch_datetime_operator.py took 0.135 seconds
[2025-12-26T21:56:45.339+0530] {processor.py:161} INFO - Started process (PID=1936) to work on /home/sathya/projects/training-kit/.venv-airflow/lib/python3.10/site-packages/airflow/example_dags/example_branch_datetime_operator.py
[2025-12-26T21:56:45.346+0530] {processor.py:830} INFO - Processing file /home/sathya/projects/training-kit/.venv-airflow/lib/python3.10/site-packages/airflow/example_dags/example_branch_datetime_operator.py for tasks to queue
[2025-12-26T21:56:45.350+0530] {logging_mixin.py:188} INFO - [2025-12-26T21:56:45.349+0530] {dagbag.py:545} INFO - Filling up the DagBag from /home/sathya/projects/training-kit/.venv-airflow/lib/python3.10/site-packages/airflow/example_dags/example_branch_datetime_operator.py
[2025-12-26T21:56:45.371+0530] {processor.py:840} INFO - DAG(s) 'example_branch_datetime_operator', 'example_branch_datetime_operator_3', 'example_branch_datetime_operator_2' retrieved from /home/sathya/projects/training-kit/.venv-airflow/lib/python3.10/site-packages/airflow/example_dags/example_branch_datetime_operator.py
[2025-12-26T21:56:45.417+0530] {logging_mixin.py:188} INFO - [2025-12-26T21:56:45.417+0530] {dag.py:3089} INFO - Sync 3 DAGs
[2025-12-26T21:56:45.682+0530] {logging_mixin.py:188} INFO - [2025-12-26T21:56:45.681+0530] {dag.py:3947} INFO - Setting next_dagrun for example_branch_datetime_operator to 2025-12-25 00:00:00+00:00, run_after=2025-12-26 00:00:00+00:00
[2025-12-26T21:56:45.689+0530] {logging_mixin.py:188} INFO - [2025-12-26T21:56:45.688+0530] {dag.py:3947} INFO - Setting next_dagrun for example_branch_datetime_operator_2 to 2025-12-25 00:00:00+00:00, run_after=2025-12-26 00:00:00+00:00
[2025-12-26T21:56:45.692+0530] {logging_mixin.py:188} INFO - [2025-12-26T21:56:45.691+0530] {dag.py:3947} INFO - Setting next_dagrun for example_branch_datetime_operator_3 to 2025-12-25 00:00:00+00:00, run_after=2025-12-26 00:00:00+00:00
[2025-12-26T21:56:45.752+0530] {processor.py:183} INFO - Processing /home/sathya/projects/training-kit/.venv-airflow/lib/python3.10/site-packages/airflow/example_dags/example_branch_datetime_operator.py took 0.427 seconds
[2025-12-26T21:57:11.546+0530] {processor.py:161} INFO - Started process (PID=2013) to work on /home/sathya/projects/training-kit/.venv-airflow/lib/python3.10/site-packages/airflow/example_dags/example_branch_datetime_operator.py
[2025-12-26T21:57:11.551+0530] {processor.py:830} INFO - Processing file /home/sathya/projects/training-kit/.venv-airflow/lib/python3.10/site-packages/airflow/example_dags/example_branch_datetime_operator.py for tasks to queue
[2025-12-26T21:57:11.560+0530] {logging_mixin.py:188} INFO - [2025-12-26T21:57:11.558+0530] {dagbag.py:545} INFO - Filling up the DagBag from /home/sathya/projects/training-kit/.venv-airflow/lib/python3.10/site-packages/airflow/example_dags/example_branch_datetime_operator.py
[2025-12-26T21:57:11.590+0530] {processor.py:840} INFO - DAG(s) 'example_branch_datetime_operator_2', 'example_branch_datetime_operator', 'example_branch_datetime_operator_3' retrieved from /home/sathya/projects/training-kit/.venv-airflow/lib/python3.10/site-packages/airflow/example_dags/example_branch_datetime_operator.py
[2025-12-26T21:57:11.630+0530] {logging_mixin.py:188} INFO - [2025-12-26T21:57:11.630+0530] {dag.py:3089} INFO - Sync 3 DAGs
[2025-12-26T21:57:11.673+0530] {logging_mixin.py:188} INFO - [2025-12-26T21:57:11.673+0530] {dag.py:3947} INFO - Setting next_dagrun for example_branch_datetime_operator to 2025-12-25 00:00:00+00:00, run_after=2025-12-26 00:00:00+00:00
[2025-12-26T21:57:11.682+0530] {logging_mixin.py:188} INFO - [2025-12-26T21:57:11.682+0530] {dag.py:3947} INFO - Setting next_dagrun for example_branch_datetime_operator_2 to 2025-12-25 00:00:00+00:00, run_after=2025-12-26 00:00:00+00:00
[2025-12-26T21:57:11.684+0530] {logging_mixin.py:188} INFO - [2025-12-26T21:57:11.684+0530] {dag.py:3947} INFO - Setting next_dagrun for example_branch_datetime_operator_3 to 2025-12-25 00:00:00+00:00, run_after=2025-12-26 00:00:00+00:00
[2025-12-26T21:57:11.749+0530] {processor.py:183} INFO - Processing /home/sathya/projects/training-kit/.venv-airflow/lib/python3.10/site-packages/airflow/example_dags/example_branch_datetime_operator.py took 0.231 seconds
[2025-12-26T21:57:47.729+0530] {processor.py:161} INFO - Started process (PID=2122) to work on /home/sathya/projects/training-kit/.venv-airflow/lib/python3.10/site-packages/airflow/example_dags/example_branch_datetime_operator.py
[2025-12-26T21:57:47.736+0530] {processor.py:830} INFO - Processing file /home/sathya/projects/training-kit/.venv-airflow/lib/python3.10/site-packages/airflow/example_dags/example_branch_datetime_operator.py for tasks to queue
[2025-12-26T21:57:47.739+0530] {logging_mixin.py:188} INFO - [2025-12-26T21:57:47.738+0530] {dagbag.py:545} INFO - Filling up the DagBag from /home/sathya/projects/training-kit/.venv-airflow/lib/python3.10/site-packages/airflow/example_dags/example_branch_datetime_operator.py
[2025-12-26T21:57:47.755+0530] {processor.py:840} INFO - DAG(s) 'example_branch_datetime_operator', 'example_branch_datetime_operator_3', 'example_branch_datetime_operator_2' retrieved from /home/sathya/projects/training-kit/.venv-airflow/lib/python3.10/site-packages/airflow/example_dags/example_branch_datetime_operator.py
[2025-12-26T21:57:47.788+0530] {logging_mixin.py:188} INFO - [2025-12-26T21:57:47.787+0530] {dag.py:3089} INFO - Sync 3 DAGs
[2025-12-26T21:57:47.813+0530] {logging_mixin.py:188} INFO - [2025-12-26T21:57:47.813+0530] {dag.py:3947} INFO - Setting next_dagrun for example_branch_datetime_operator to 2025-12-25 00:00:00+00:00, run_after=2025-12-26 00:00:00+00:00
[2025-12-26T21:57:47.818+0530] {logging_mixin.py:188} INFO - [2025-12-26T21:57:47.818+0530] {dag.py:3947} INFO - Setting next_dagrun for example_branch_datetime_operator_2 to 2025-12-25 00:00:00+00:00, run_after=2025-12-26 00:00:00+00:00
[2025-12-26T21:57:47.820+0530] {logging_mixin.py:188} INFO - [2025-12-26T21:57:47.819+0530] {dag.py:3947} INFO - Setting next_dagrun for example_branch_datetime_operator_3 to 2025-12-25 00:00:00+00:00, run_after=2025-12-26 00:00:00+00:00
[2025-12-26T21:57:47.856+0530] {processor.py:183} INFO - Processing /home/sathya/projects/training-kit/.venv-airflow/lib/python3.10/site-packages/airflow/example_dags/example_branch_datetime_operator.py took 0.137 seconds
[2025-12-26T21:58:19.780+0530] {processor.py:161} INFO - Started process (PID=2227) to work on /home/sathya/projects/training-kit/.venv-airflow/lib/python3.10/site-packages/airflow/example_dags/example_branch_datetime_operator.py
[2025-12-26T21:58:19.787+0530] {processor.py:830} INFO - Processing file /home/sathya/projects/training-kit/.venv-airflow/lib/python3.10/site-packages/airflow/example_dags/example_branch_datetime_operator.py for tasks to queue
[2025-12-26T21:58:19.789+0530] {logging_mixin.py:188} INFO - [2025-12-26T21:58:19.789+0530] {dagbag.py:545} INFO - Filling up the DagBag from /home/sathya/projects/training-kit/.venv-airflow/lib/python3.10/site-packages/airflow/example_dags/example_branch_datetime_operator.py
[2025-12-26T21:58:19.807+0530] {processor.py:840} INFO - DAG(s) 'example_branch_datetime_operator_3', 'example_branch_datetime_operator', 'example_branch_datetime_operator_2' retrieved from /home/sathya/projects/training-kit/.venv-airflow/lib/python3.10/site-packages/airflow/example_dags/example_branch_datetime_operator.py
[2025-12-26T21:58:19.829+0530] {logging_mixin.py:188} INFO - [2025-12-26T21:58:19.828+0530] {dag.py:3089} INFO - Sync 3 DAGs
[2025-12-26T21:58:19.848+0530] {logging_mixin.py:188} INFO - [2025-12-26T21:58:19.848+0530] {dag.py:3947} INFO - Setting next_dagrun for example_branch_datetime_operator to 2025-12-25 00:00:00+00:00, run_after=2025-12-26 00:00:00+00:00
[2025-12-26T21:58:19.853+0530] {logging_mixin.py:188} INFO - [2025-12-26T21:58:19.853+0530] {dag.py:3947} INFO - Setting next_dagrun for example_branch_datetime_operator_2 to 2025-12-25 00:00:00+00:00, run_after=2025-12-26 00:00:00+00:00
[2025-12-26T21:58:19.855+0530] {logging_mixin.py:188} INFO - [2025-12-26T21:58:19.854+0530] {dag.py:3947} INFO - Setting next_dagrun for example_branch_datetime_operator_3 to 2025-12-25 00:00:00+00:00, run_after=2025-12-26 00:00:00+00:00
[2025-12-26T21:58:19.884+0530] {processor.py:183} INFO - Processing /home/sathya/projects/training-kit/.venv-airflow/lib/python3.10/site-packages/airflow/example_dags/example_branch_datetime_operator.py took 0.111 seconds
[2025-12-26T21:58:56.571+0530] {processor.py:161} INFO - Started process (PID=2344) to work on /home/sathya/projects/training-kit/.venv-airflow/lib/python3.10/site-packages/airflow/example_dags/example_branch_datetime_operator.py
[2025-12-26T21:58:56.578+0530] {processor.py:830} INFO - Processing file /home/sathya/projects/training-kit/.venv-airflow/lib/python3.10/site-packages/airflow/example_dags/example_branch_datetime_operator.py for tasks to queue
[2025-12-26T21:58:56.579+0530] {logging_mixin.py:188} INFO - [2025-12-26T21:58:56.579+0530] {dagbag.py:545} INFO - Filling up the DagBag from /home/sathya/projects/training-kit/.venv-airflow/lib/python3.10/site-packages/airflow/example_dags/example_branch_datetime_operator.py
[2025-12-26T21:58:56.594+0530] {processor.py:840} INFO - DAG(s) 'example_branch_datetime_operator_3', 'example_branch_datetime_operator', 'example_branch_datetime_operator_2' retrieved from /home/sathya/projects/training-kit/.venv-airflow/lib/python3.10/site-packages/airflow/example_dags/example_branch_datetime_operator.py
[2025-12-26T21:58:56.625+0530] {logging_mixin.py:188} INFO - [2025-12-26T21:58:56.624+0530] {dag.py:3089} INFO - Sync 3 DAGs
[2025-12-26T21:58:56.655+0530] {logging_mixin.py:188} INFO - [2025-12-26T21:58:56.655+0530] {dag.py:3947} INFO - Setting next_dagrun for example_branch_datetime_operator to 2025-12-25 00:00:00+00:00, run_after=2025-12-26 00:00:00+00:00
[2025-12-26T21:58:56.661+0530] {logging_mixin.py:188} INFO - [2025-12-26T21:58:56.660+0530] {dag.py:3947} INFO - Setting next_dagrun for example_branch_datetime_operator_2 to 2025-12-25 00:00:00+00:00, run_after=2025-12-26 00:00:00+00:00
[2025-12-26T21:58:56.662+0530] {logging_mixin.py:188} INFO - [2025-12-26T21:58:56.662+0530] {dag.py:3947} INFO - Setting next_dagrun for example_branch_datetime_operator_3 to 2025-12-25 00:00:00+00:00, run_after=2025-12-26 00:00:00+00:00
[2025-12-26T21:58:56.694+0530] {processor.py:183} INFO - Processing /home/sathya/projects/training-kit/.venv-airflow/lib/python3.10/site-packages/airflow/example_dags/example_branch_datetime_operator.py took 0.132 seconds
[2025-12-26T21:59:33.848+0530] {processor.py:161} INFO - Started process (PID=2455) to work on /home/sathya/projects/training-kit/.venv-airflow/lib/python3.10/site-packages/airflow/example_dags/example_branch_datetime_operator.py
[2025-12-26T21:59:33.856+0530] {processor.py:830} INFO - Processing file /home/sathya/projects/training-kit/.venv-airflow/lib/python3.10/site-packages/airflow/example_dags/example_branch_datetime_operator.py for tasks to queue
[2025-12-26T21:59:33.859+0530] {logging_mixin.py:188} INFO - [2025-12-26T21:59:33.858+0530] {dagbag.py:545} INFO - Filling up the DagBag from /home/sathya/projects/training-kit/.venv-airflow/lib/python3.10/site-packages/airflow/example_dags/example_branch_datetime_operator.py
[2025-12-26T21:59:33.871+0530] {processor.py:840} INFO - DAG(s) 'example_branch_datetime_operator', 'example_branch_datetime_operator_2', 'example_branch_datetime_operator_3' retrieved from /home/sathya/projects/training-kit/.venv-airflow/lib/python3.10/site-packages/airflow/example_dags/example_branch_datetime_operator.py
[2025-12-26T21:59:33.900+0530] {logging_mixin.py:188} INFO - [2025-12-26T21:59:33.899+0530] {dag.py:3089} INFO - Sync 3 DAGs
[2025-12-26T21:59:33.929+0530] {logging_mixin.py:188} INFO - [2025-12-26T21:59:33.929+0530] {dag.py:3947} INFO - Setting next_dagrun for example_branch_datetime_operator to 2025-12-25 00:00:00+00:00, run_after=2025-12-26 00:00:00+00:00
[2025-12-26T21:59:33.934+0530] {logging_mixin.py:188} INFO - [2025-12-26T21:59:33.933+0530] {dag.py:3947} INFO - Setting next_dagrun for example_branch_datetime_operator_2 to 2025-12-25 00:00:00+00:00, run_after=2025-12-26 00:00:00+00:00
[2025-12-26T21:59:33.937+0530] {logging_mixin.py:188} INFO - [2025-12-26T21:59:33.937+0530] {dag.py:3947} INFO - Setting next_dagrun for example_branch_datetime_operator_3 to 2025-12-25 00:00:00+00:00, run_after=2025-12-26 00:00:00+00:00
[2025-12-26T21:59:33.970+0530] {processor.py:183} INFO - Processing /home/sathya/projects/training-kit/.venv-airflow/lib/python3.10/site-packages/airflow/example_dags/example_branch_datetime_operator.py took 0.136 seconds
[2025-12-26T22:00:01.706+0530] {processor.py:161} INFO - Started process (PID=2571) to work on /home/sathya/projects/training-kit/.venv-airflow/lib/python3.10/site-packages/airflow/example_dags/example_branch_datetime_operator.py
[2025-12-26T22:00:01.713+0530] {processor.py:830} INFO - Processing file /home/sathya/projects/training-kit/.venv-airflow/lib/python3.10/site-packages/airflow/example_dags/example_branch_datetime_operator.py for tasks to queue
[2025-12-26T22:00:01.716+0530] {logging_mixin.py:188} INFO - [2025-12-26T22:00:01.715+0530] {dagbag.py:545} INFO - Filling up the DagBag from /home/sathya/projects/training-kit/.venv-airflow/lib/python3.10/site-packages/airflow/example_dags/example_branch_datetime_operator.py
[2025-12-26T22:00:01.730+0530] {processor.py:840} INFO - DAG(s) 'example_branch_datetime_operator', 'example_branch_datetime_operator_3', 'example_branch_datetime_operator_2' retrieved from /home/sathya/projects/training-kit/.venv-airflow/lib/python3.10/site-packages/airflow/example_dags/example_branch_datetime_operator.py
[2025-12-26T22:00:01.750+0530] {logging_mixin.py:188} INFO - [2025-12-26T22:00:01.750+0530] {dag.py:3089} INFO - Sync 3 DAGs
[2025-12-26T22:00:01.770+0530] {logging_mixin.py:188} INFO - [2025-12-26T22:00:01.770+0530] {dag.py:3947} INFO - Setting next_dagrun for example_branch_datetime_operator to 2025-12-25 00:00:00+00:00, run_after=2025-12-26 00:00:00+00:00
[2025-12-26T22:00:01.774+0530] {logging_mixin.py:188} INFO - [2025-12-26T22:00:01.773+0530] {dag.py:3947} INFO - Setting next_dagrun for example_branch_datetime_operator_2 to 2025-12-25 00:00:00+00:00, run_after=2025-12-26 00:00:00+00:00
[2025-12-26T22:00:01.775+0530] {logging_mixin.py:188} INFO - [2025-12-26T22:00:01.775+0530] {dag.py:3947} INFO - Setting next_dagrun for example_branch_datetime_operator_3 to 2025-12-25 00:00:00+00:00, run_after=2025-12-26 00:00:00+00:00
[2025-12-26T22:00:01.796+0530] {processor.py:183} INFO - Processing /home/sathya/projects/training-kit/.venv-airflow/lib/python3.10/site-packages/airflow/example_dags/example_branch_datetime_operator.py took 0.097 seconds
[2025-12-26T22:00:45.764+0530] {processor.py:161} INFO - Started process (PID=2714) to work on /home/sathya/projects/training-kit/.venv-airflow/lib/python3.10/site-packages/airflow/example_dags/example_branch_datetime_operator.py
[2025-12-26T22:00:45.765+0530] {processor.py:830} INFO - Processing file /home/sathya/projects/training-kit/.venv-airflow/lib/python3.10/site-packages/airflow/example_dags/example_branch_datetime_operator.py for tasks to queue
[2025-12-26T22:00:45.768+0530] {logging_mixin.py:188} INFO - [2025-12-26T22:00:45.767+0530] {dagbag.py:545} INFO - Filling up the DagBag from /home/sathya/projects/training-kit/.venv-airflow/lib/python3.10/site-packages/airflow/example_dags/example_branch_datetime_operator.py
[2025-12-26T22:00:45.778+0530] {processor.py:840} INFO - DAG(s) 'example_branch_datetime_operator', 'example_branch_datetime_operator_2', 'example_branch_datetime_operator_3' retrieved from /home/sathya/projects/training-kit/.venv-airflow/lib/python3.10/site-packages/airflow/example_dags/example_branch_datetime_operator.py
[2025-12-26T22:00:45.801+0530] {logging_mixin.py:188} INFO - [2025-12-26T22:00:45.801+0530] {dag.py:3089} INFO - Sync 3 DAGs
[2025-12-26T22:00:45.825+0530] {logging_mixin.py:188} INFO - [2025-12-26T22:00:45.825+0530] {dag.py:3947} INFO - Setting next_dagrun for example_branch_datetime_operator to 2025-12-25 00:00:00+00:00, run_after=2025-12-26 00:00:00+00:00
[2025-12-26T22:00:45.830+0530] {logging_mixin.py:188} INFO - [2025-12-26T22:00:45.829+0530] {dag.py:3947} INFO - Setting next_dagrun for example_branch_datetime_operator_2 to 2025-12-25 00:00:00+00:00, run_after=2025-12-26 00:00:00+00:00
[2025-12-26T22:00:45.832+0530] {logging_mixin.py:188} INFO - [2025-12-26T22:00:45.832+0530] {dag.py:3947} INFO - Setting next_dagrun for example_branch_datetime_operator_3 to 2025-12-25 00:00:00+00:00, run_after=2025-12-26 00:00:00+00:00
[2025-12-26T22:00:45.867+0530] {processor.py:183} INFO - Processing /home/sathya/projects/training-kit/.venv-airflow/lib/python3.10/site-packages/airflow/example_dags/example_branch_datetime_operator.py took 0.109 seconds
[2025-12-26T22:00:53.453+0530] {processor.py:161} INFO - Started process (PID=2739) to work on /home/sathya/projects/training-kit/.venv-airflow/lib/python3.10/site-packages/airflow/example_dags/example_branch_datetime_operator.py
[2025-12-26T22:00:53.454+0530] {processor.py:830} INFO - Processing file /home/sathya/projects/training-kit/.venv-airflow/lib/python3.10/site-packages/airflow/example_dags/example_branch_datetime_operator.py for tasks to queue
[2025-12-26T22:00:53.456+0530] {logging_mixin.py:188} INFO - [2025-12-26T22:00:53.455+0530] {dagbag.py:545} INFO - Filling up the DagBag from /home/sathya/projects/training-kit/.venv-airflow/lib/python3.10/site-packages/airflow/example_dags/example_branch_datetime_operator.py
[2025-12-26T22:00:53.476+0530] {processor.py:840} INFO - DAG(s) 'example_branch_datetime_operator_3', 'example_branch_datetime_operator', 'example_branch_datetime_operator_2' retrieved from /home/sathya/projects/training-kit/.venv-airflow/lib/python3.10/site-packages/airflow/example_dags/example_branch_datetime_operator.py
[2025-12-26T22:00:53.520+0530] {logging_mixin.py:188} INFO - [2025-12-26T22:00:53.520+0530] {dag.py:3089} INFO - Sync 3 DAGs
[2025-12-26T22:00:53.581+0530] {logging_mixin.py:188} INFO - [2025-12-26T22:00:53.581+0530] {dag.py:3947} INFO - Setting next_dagrun for example_branch_datetime_operator to 2025-12-25 00:00:00+00:00, run_after=2025-12-26 00:00:00+00:00
[2025-12-26T22:00:53.586+0530] {logging_mixin.py:188} INFO - [2025-12-26T22:00:53.586+0530] {dag.py:3947} INFO - Setting next_dagrun for example_branch_datetime_operator_2 to 2025-12-25 00:00:00+00:00, run_after=2025-12-26 00:00:00+00:00
[2025-12-26T22:00:53.591+0530] {logging_mixin.py:188} INFO - [2025-12-26T22:00:53.591+0530] {dag.py:3947} INFO - Setting next_dagrun for example_branch_datetime_operator_3 to 2025-12-25 00:00:00+00:00, run_after=2025-12-26 00:00:00+00:00
[2025-12-26T22:00:53.620+0530] {processor.py:183} INFO - Processing /home/sathya/projects/training-kit/.venv-airflow/lib/python3.10/site-packages/airflow/example_dags/example_branch_datetime_operator.py took 0.179 seconds
[2025-12-26T22:01:56.051+0530] {processor.py:161} INFO - Started process (PID=2925) to work on /home/sathya/projects/training-kit/.venv-airflow/lib/python3.10/site-packages/airflow/example_dags/example_branch_datetime_operator.py
[2025-12-26T22:01:56.053+0530] {processor.py:830} INFO - Processing file /home/sathya/projects/training-kit/.venv-airflow/lib/python3.10/site-packages/airflow/example_dags/example_branch_datetime_operator.py for tasks to queue
[2025-12-26T22:01:56.055+0530] {logging_mixin.py:188} INFO - [2025-12-26T22:01:56.055+0530] {dagbag.py:545} INFO - Filling up the DagBag from /home/sathya/projects/training-kit/.venv-airflow/lib/python3.10/site-packages/airflow/example_dags/example_branch_datetime_operator.py
[2025-12-26T22:01:56.068+0530] {processor.py:840} INFO - DAG(s) 'example_branch_datetime_operator_2', 'example_branch_datetime_operator_3', 'example_branch_datetime_operator' retrieved from /home/sathya/projects/training-kit/.venv-airflow/lib/python3.10/site-packages/airflow/example_dags/example_branch_datetime_operator.py
[2025-12-26T22:01:56.094+0530] {logging_mixin.py:188} INFO - [2025-12-26T22:01:56.094+0530] {dag.py:3089} INFO - Sync 3 DAGs
[2025-12-26T22:01:56.121+0530] {logging_mixin.py:188} INFO - [2025-12-26T22:01:56.120+0530] {dag.py:3947} INFO - Setting next_dagrun for example_branch_datetime_operator to 2025-12-25 00:00:00+00:00, run_after=2025-12-26 00:00:00+00:00
[2025-12-26T22:01:56.125+0530] {logging_mixin.py:188} INFO - [2025-12-26T22:01:56.125+0530] {dag.py:3947} INFO - Setting next_dagrun for example_branch_datetime_operator_2 to 2025-12-25 00:00:00+00:00, run_after=2025-12-26 00:00:00+00:00
[2025-12-26T22:01:56.127+0530] {logging_mixin.py:188} INFO - [2025-12-26T22:01:56.127+0530] {dag.py:3947} INFO - Setting next_dagrun for example_branch_datetime_operator_3 to 2025-12-25 00:00:00+00:00, run_after=2025-12-26 00:00:00+00:00
[2025-12-26T22:01:56.155+0530] {processor.py:183} INFO - Processing /home/sathya/projects/training-kit/.venv-airflow/lib/python3.10/site-packages/airflow/example_dags/example_branch_datetime_operator.py took 0.116 seconds
[2025-12-26T22:02:05.794+0530] {processor.py:161} INFO - Started process (PID=2953) to work on /home/sathya/projects/training-kit/.venv-airflow/lib/python3.10/site-packages/airflow/example_dags/example_branch_datetime_operator.py
[2025-12-26T22:02:05.801+0530] {processor.py:830} INFO - Processing file /home/sathya/projects/training-kit/.venv-airflow/lib/python3.10/site-packages/airflow/example_dags/example_branch_datetime_operator.py for tasks to queue
[2025-12-26T22:02:05.803+0530] {logging_mixin.py:188} INFO - [2025-12-26T22:02:05.802+0530] {dagbag.py:545} INFO - Filling up the DagBag from /home/sathya/projects/training-kit/.venv-airflow/lib/python3.10/site-packages/airflow/example_dags/example_branch_datetime_operator.py
[2025-12-26T22:02:05.817+0530] {processor.py:840} INFO - DAG(s) 'example_branch_datetime_operator_3', 'example_branch_datetime_operator', 'example_branch_datetime_operator_2' retrieved from /home/sathya/projects/training-kit/.venv-airflow/lib/python3.10/site-packages/airflow/example_dags/example_branch_datetime_operator.py
[2025-12-26T22:02:05.845+0530] {logging_mixin.py:188} INFO - [2025-12-26T22:02:05.845+0530] {dag.py:3089} INFO - Sync 3 DAGs
[2025-12-26T22:02:05.867+0530] {logging_mixin.py:188} INFO - [2025-12-26T22:02:05.867+0530] {dag.py:3947} INFO - Setting next_dagrun for example_branch_datetime_operator to 2025-12-25 00:00:00+00:00, run_after=2025-12-26 00:00:00+00:00
[2025-12-26T22:02:05.871+0530] {logging_mixin.py:188} INFO - [2025-12-26T22:02:05.871+0530] {dag.py:3947} INFO - Setting next_dagrun for example_branch_datetime_operator_2 to 2025-12-25 00:00:00+00:00, run_after=2025-12-26 00:00:00+00:00
[2025-12-26T22:02:05.873+0530] {logging_mixin.py:188} INFO - [2025-12-26T22:02:05.872+0530] {dag.py:3947} INFO - Setting next_dagrun for example_branch_datetime_operator_3 to 2025-12-25 00:00:00+00:00, run_after=2025-12-26 00:00:00+00:00
[2025-12-26T22:02:05.916+0530] {processor.py:183} INFO - Processing /home/sathya/projects/training-kit/.venv-airflow/lib/python3.10/site-packages/airflow/example_dags/example_branch_datetime_operator.py took 0.130 seconds
[2025-12-26T22:03:07.251+0530] {processor.py:161} INFO - Started process (PID=3141) to work on /home/sathya/projects/training-kit/.venv-airflow/lib/python3.10/site-packages/airflow/example_dags/example_branch_datetime_operator.py
[2025-12-26T22:03:07.258+0530] {processor.py:830} INFO - Processing file /home/sathya/projects/training-kit/.venv-airflow/lib/python3.10/site-packages/airflow/example_dags/example_branch_datetime_operator.py for tasks to queue
[2025-12-26T22:03:07.261+0530] {logging_mixin.py:188} INFO - [2025-12-26T22:03:07.261+0530] {dagbag.py:545} INFO - Filling up the DagBag from /home/sathya/projects/training-kit/.venv-airflow/lib/python3.10/site-packages/airflow/example_dags/example_branch_datetime_operator.py
[2025-12-26T22:03:07.280+0530] {processor.py:840} INFO - DAG(s) 'example_branch_datetime_operator_2', 'example_branch_datetime_operator', 'example_branch_datetime_operator_3' retrieved from /home/sathya/projects/training-kit/.venv-airflow/lib/python3.10/site-packages/airflow/example_dags/example_branch_datetime_operator.py
[2025-12-26T22:03:07.307+0530] {logging_mixin.py:188} INFO - [2025-12-26T22:03:07.306+0530] {dag.py:3089} INFO - Sync 3 DAGs
[2025-12-26T22:03:07.336+0530] {logging_mixin.py:188} INFO - [2025-12-26T22:03:07.335+0530] {dag.py:3947} INFO - Setting next_dagrun for example_branch_datetime_operator to 2025-12-25 00:00:00+00:00, run_after=2025-12-26 00:00:00+00:00
[2025-12-26T22:03:07.343+0530] {logging_mixin.py:188} INFO - [2025-12-26T22:03:07.343+0530] {dag.py:3947} INFO - Setting next_dagrun for example_branch_datetime_operator_2 to 2025-12-25 00:00:00+00:00, run_after=2025-12-26 00:00:00+00:00
[2025-12-26T22:03:07.346+0530] {logging_mixin.py:188} INFO - [2025-12-26T22:03:07.346+0530] {dag.py:3947} INFO - Setting next_dagrun for example_branch_datetime_operator_3 to 2025-12-25 00:00:00+00:00, run_after=2025-12-26 00:00:00+00:00
[2025-12-26T22:03:07.378+0530] {processor.py:183} INFO - Processing /home/sathya/projects/training-kit/.venv-airflow/lib/python3.10/site-packages/airflow/example_dags/example_branch_datetime_operator.py took 0.137 seconds
[2025-12-26T22:03:17.363+0530] {processor.py:161} INFO - Started process (PID=3181) to work on /home/sathya/projects/training-kit/.venv-airflow/lib/python3.10/site-packages/airflow/example_dags/example_branch_datetime_operator.py
[2025-12-26T22:03:17.365+0530] {processor.py:830} INFO - Processing file /home/sathya/projects/training-kit/.venv-airflow/lib/python3.10/site-packages/airflow/example_dags/example_branch_datetime_operator.py for tasks to queue
[2025-12-26T22:03:17.368+0530] {logging_mixin.py:188} INFO - [2025-12-26T22:03:17.368+0530] {dagbag.py:545} INFO - Filling up the DagBag from /home/sathya/projects/training-kit/.venv-airflow/lib/python3.10/site-packages/airflow/example_dags/example_branch_datetime_operator.py
[2025-12-26T22:03:17.390+0530] {processor.py:840} INFO - DAG(s) 'example_branch_datetime_operator_3', 'example_branch_datetime_operator', 'example_branch_datetime_operator_2' retrieved from /home/sathya/projects/training-kit/.venv-airflow/lib/python3.10/site-packages/airflow/example_dags/example_branch_datetime_operator.py
[2025-12-26T22:03:17.440+0530] {logging_mixin.py:188} INFO - [2025-12-26T22:03:17.440+0530] {dag.py:3089} INFO - Sync 3 DAGs
[2025-12-26T22:03:17.466+0530] {logging_mixin.py:188} INFO - [2025-12-26T22:03:17.466+0530] {dag.py:3947} INFO - Setting next_dagrun for example_branch_datetime_operator to 2025-12-25 00:00:00+00:00, run_after=2025-12-26 00:00:00+00:00
[2025-12-26T22:03:17.471+0530] {logging_mixin.py:188} INFO - [2025-12-26T22:03:17.471+0530] {dag.py:3947} INFO - Setting next_dagrun for example_branch_datetime_operator_2 to 2025-12-25 00:00:00+00:00, run_after=2025-12-26 00:00:00+00:00
[2025-12-26T22:03:17.474+0530] {logging_mixin.py:188} INFO - [2025-12-26T22:03:17.474+0530] {dag.py:3947} INFO - Setting next_dagrun for example_branch_datetime_operator_3 to 2025-12-25 00:00:00+00:00, run_after=2025-12-26 00:00:00+00:00
[2025-12-26T22:03:17.509+0530] {processor.py:183} INFO - Processing /home/sathya/projects/training-kit/.venv-airflow/lib/python3.10/site-packages/airflow/example_dags/example_branch_datetime_operator.py took 0.156 seconds
[2025-12-26T22:04:37.195+0530] {processor.py:161} INFO - Started process (PID=3422) to work on /home/sathya/projects/training-kit/.venv-airflow/lib/python3.10/site-packages/airflow/example_dags/example_branch_datetime_operator.py
[2025-12-26T22:04:37.201+0530] {processor.py:830} INFO - Processing file /home/sathya/projects/training-kit/.venv-airflow/lib/python3.10/site-packages/airflow/example_dags/example_branch_datetime_operator.py for tasks to queue
[2025-12-26T22:04:37.204+0530] {logging_mixin.py:188} INFO - [2025-12-26T22:04:37.203+0530] {dagbag.py:545} INFO - Filling up the DagBag from /home/sathya/projects/training-kit/.venv-airflow/lib/python3.10/site-packages/airflow/example_dags/example_branch_datetime_operator.py
[2025-12-26T22:04:37.221+0530] {processor.py:840} INFO - DAG(s) 'example_branch_datetime_operator_2', 'example_branch_datetime_operator', 'example_branch_datetime_operator_3' retrieved from /home/sathya/projects/training-kit/.venv-airflow/lib/python3.10/site-packages/airflow/example_dags/example_branch_datetime_operator.py
[2025-12-26T22:04:37.256+0530] {logging_mixin.py:188} INFO - [2025-12-26T22:04:37.256+0530] {dag.py:3089} INFO - Sync 3 DAGs
[2025-12-26T22:04:37.291+0530] {logging_mixin.py:188} INFO - [2025-12-26T22:04:37.291+0530] {dag.py:3947} INFO - Setting next_dagrun for example_branch_datetime_operator to 2025-12-25 00:00:00+00:00, run_after=2025-12-26 00:00:00+00:00
[2025-12-26T22:04:37.298+0530] {logging_mixin.py:188} INFO - [2025-12-26T22:04:37.298+0530] {dag.py:3947} INFO - Setting next_dagrun for example_branch_datetime_operator_2 to 2025-12-25 00:00:00+00:00, run_after=2025-12-26 00:00:00+00:00
[2025-12-26T22:04:37.301+0530] {logging_mixin.py:188} INFO - [2025-12-26T22:04:37.301+0530] {dag.py:3947} INFO - Setting next_dagrun for example_branch_datetime_operator_3 to 2025-12-25 00:00:00+00:00, run_after=2025-12-26 00:00:00+00:00
[2025-12-26T22:04:37.345+0530] {processor.py:183} INFO - Processing /home/sathya/projects/training-kit/.venv-airflow/lib/python3.10/site-packages/airflow/example_dags/example_branch_datetime_operator.py took 0.160 seconds
[2025-12-26T22:09:26.460+0530] {processor.py:161} INFO - Started process (PID=4083) to work on /home/sathya/projects/training-kit/.venv-airflow/lib/python3.10/site-packages/airflow/example_dags/example_branch_datetime_operator.py
[2025-12-26T22:09:26.461+0530] {processor.py:830} INFO - Processing file /home/sathya/projects/training-kit/.venv-airflow/lib/python3.10/site-packages/airflow/example_dags/example_branch_datetime_operator.py for tasks to queue
[2025-12-26T22:09:26.463+0530] {logging_mixin.py:188} INFO - [2025-12-26T22:09:26.463+0530] {dagbag.py:545} INFO - Filling up the DagBag from /home/sathya/projects/training-kit/.venv-airflow/lib/python3.10/site-packages/airflow/example_dags/example_branch_datetime_operator.py
[2025-12-26T22:09:26.472+0530] {processor.py:840} INFO - DAG(s) 'example_branch_datetime_operator_2', 'example_branch_datetime_operator_3', 'example_branch_datetime_operator' retrieved from /home/sathya/projects/training-kit/.venv-airflow/lib/python3.10/site-packages/airflow/example_dags/example_branch_datetime_operator.py
[2025-12-26T22:09:26.489+0530] {logging_mixin.py:188} INFO - [2025-12-26T22:09:26.488+0530] {dag.py:3089} INFO - Sync 3 DAGs
[2025-12-26T22:09:26.507+0530] {logging_mixin.py:188} INFO - [2025-12-26T22:09:26.507+0530] {dag.py:3947} INFO - Setting next_dagrun for example_branch_datetime_operator to 2025-12-26 00:00:00+00:00, run_after=2025-12-27 00:00:00+00:00
[2025-12-26T22:09:26.510+0530] {logging_mixin.py:188} INFO - [2025-12-26T22:09:26.510+0530] {dag.py:3947} INFO - Setting next_dagrun for example_branch_datetime_operator_2 to 2025-12-26 00:00:00+00:00, run_after=2025-12-27 00:00:00+00:00
[2025-12-26T22:09:26.512+0530] {logging_mixin.py:188} INFO - [2025-12-26T22:09:26.512+0530] {dag.py:3947} INFO - Setting next_dagrun for example_branch_datetime_operator_3 to 2025-12-26 00:00:00+00:00, run_after=2025-12-27 00:00:00+00:00
[2025-12-26T22:09:26.537+0530] {processor.py:183} INFO - Processing /home/sathya/projects/training-kit/.venv-airflow/lib/python3.10/site-packages/airflow/example_dags/example_branch_datetime_operator.py took 0.084 seconds
[2025-12-26T22:15:48.637+0530] {processor.py:161} INFO - Started process (PID=5029) to work on /home/sathya/projects/training-kit/.venv-airflow/lib/python3.10/site-packages/airflow/example_dags/example_branch_datetime_operator.py
[2025-12-26T22:15:48.643+0530] {processor.py:830} INFO - Processing file /home/sathya/projects/training-kit/.venv-airflow/lib/python3.10/site-packages/airflow/example_dags/example_branch_datetime_operator.py for tasks to queue
[2025-12-26T22:15:48.646+0530] {logging_mixin.py:188} INFO - [2025-12-26T22:15:48.646+0530] {dagbag.py:545} INFO - Filling up the DagBag from /home/sathya/projects/training-kit/.venv-airflow/lib/python3.10/site-packages/airflow/example_dags/example_branch_datetime_operator.py
[2025-12-26T22:15:48.654+0530] {processor.py:840} INFO - DAG(s) 'example_branch_datetime_operator_3', 'example_branch_datetime_operator_2', 'example_branch_datetime_operator' retrieved from /home/sathya/projects/training-kit/.venv-airflow/lib/python3.10/site-packages/airflow/example_dags/example_branch_datetime_operator.py
[2025-12-26T22:15:48.674+0530] {logging_mixin.py:188} INFO - [2025-12-26T22:15:48.673+0530] {dag.py:3089} INFO - Sync 3 DAGs
[2025-12-26T22:15:48.698+0530] {logging_mixin.py:188} INFO - [2025-12-26T22:15:48.698+0530] {dag.py:3947} INFO - Setting next_dagrun for example_branch_datetime_operator to 2025-12-26 00:00:00+00:00, run_after=2025-12-27 00:00:00+00:00
[2025-12-26T22:15:48.703+0530] {logging_mixin.py:188} INFO - [2025-12-26T22:15:48.703+0530] {dag.py:3947} INFO - Setting next_dagrun for example_branch_datetime_operator_2 to 2025-12-26 00:00:00+00:00, run_after=2025-12-27 00:00:00+00:00
[2025-12-26T22:15:48.706+0530] {logging_mixin.py:188} INFO - [2025-12-26T22:15:48.706+0530] {dag.py:3947} INFO - Setting next_dagrun for example_branch_datetime_operator_3 to 2025-12-26 00:00:00+00:00, run_after=2025-12-27 00:00:00+00:00
[2025-12-26T22:15:48.736+0530] {processor.py:183} INFO - Processing /home/sathya/projects/training-kit/.venv-airflow/lib/python3.10/site-packages/airflow/example_dags/example_branch_datetime_operator.py took 0.104 seconds
[2025-12-26T22:16:07.520+0530] {processor.py:161} INFO - Started process (PID=5095) to work on /home/sathya/projects/training-kit/.venv-airflow/lib/python3.10/site-packages/airflow/example_dags/example_branch_datetime_operator.py
[2025-12-26T22:16:07.521+0530] {processor.py:830} INFO - Processing file /home/sathya/projects/training-kit/.venv-airflow/lib/python3.10/site-packages/airflow/example_dags/example_branch_datetime_operator.py for tasks to queue
[2025-12-26T22:16:07.523+0530] {logging_mixin.py:188} INFO - [2025-12-26T22:16:07.522+0530] {dagbag.py:545} INFO - Filling up the DagBag from /home/sathya/projects/training-kit/.venv-airflow/lib/python3.10/site-packages/airflow/example_dags/example_branch_datetime_operator.py
[2025-12-26T22:16:07.532+0530] {processor.py:840} INFO - DAG(s) 'example_branch_datetime_operator_3', 'example_branch_datetime_operator', 'example_branch_datetime_operator_2' retrieved from /home/sathya/projects/training-kit/.venv-airflow/lib/python3.10/site-packages/airflow/example_dags/example_branch_datetime_operator.py
[2025-12-26T22:16:07.551+0530] {logging_mixin.py:188} INFO - [2025-12-26T22:16:07.550+0530] {dag.py:3089} INFO - Sync 3 DAGs
[2025-12-26T22:16:07.568+0530] {logging_mixin.py:188} INFO - [2025-12-26T22:16:07.568+0530] {dag.py:3947} INFO - Setting next_dagrun for example_branch_datetime_operator to 2025-12-26 00:00:00+00:00, run_after=2025-12-27 00:00:00+00:00
[2025-12-26T22:16:07.573+0530] {logging_mixin.py:188} INFO - [2025-12-26T22:16:07.572+0530] {dag.py:3947} INFO - Setting next_dagrun for example_branch_datetime_operator_2 to 2025-12-26 00:00:00+00:00, run_after=2025-12-27 00:00:00+00:00
[2025-12-26T22:16:07.575+0530] {logging_mixin.py:188} INFO - [2025-12-26T22:16:07.575+0530] {dag.py:3947} INFO - Setting next_dagrun for example_branch_datetime_operator_3 to 2025-12-26 00:00:00+00:00, run_after=2025-12-27 00:00:00+00:00
[2025-12-26T22:16:07.603+0530] {processor.py:183} INFO - Processing /home/sathya/projects/training-kit/.venv-airflow/lib/python3.10/site-packages/airflow/example_dags/example_branch_datetime_operator.py took 0.089 seconds
[2025-12-26T22:19:04.535+0530] {processor.py:161} INFO - Started process (PID=5683) to work on /home/sathya/projects/training-kit/.venv-airflow/lib/python3.10/site-packages/airflow/example_dags/example_branch_datetime_operator.py
[2025-12-26T22:19:04.536+0530] {processor.py:830} INFO - Processing file /home/sathya/projects/training-kit/.venv-airflow/lib/python3.10/site-packages/airflow/example_dags/example_branch_datetime_operator.py for tasks to queue
[2025-12-26T22:19:04.538+0530] {logging_mixin.py:188} INFO - [2025-12-26T22:19:04.537+0530] {dagbag.py:545} INFO - Filling up the DagBag from /home/sathya/projects/training-kit/.venv-airflow/lib/python3.10/site-packages/airflow/example_dags/example_branch_datetime_operator.py
[2025-12-26T22:19:04.548+0530] {processor.py:840} INFO - DAG(s) 'example_branch_datetime_operator_2', 'example_branch_datetime_operator_3', 'example_branch_datetime_operator' retrieved from /home/sathya/projects/training-kit/.venv-airflow/lib/python3.10/site-packages/airflow/example_dags/example_branch_datetime_operator.py
[2025-12-26T22:19:04.568+0530] {logging_mixin.py:188} INFO - [2025-12-26T22:19:04.568+0530] {dag.py:3089} INFO - Sync 3 DAGs
[2025-12-26T22:19:04.591+0530] {logging_mixin.py:188} INFO - [2025-12-26T22:19:04.590+0530] {dag.py:3947} INFO - Setting next_dagrun for example_branch_datetime_operator to 2025-12-26 00:00:00+00:00, run_after=2025-12-27 00:00:00+00:00
[2025-12-26T22:19:04.597+0530] {logging_mixin.py:188} INFO - [2025-12-26T22:19:04.597+0530] {dag.py:3947} INFO - Setting next_dagrun for example_branch_datetime_operator_2 to 2025-12-26 00:00:00+00:00, run_after=2025-12-27 00:00:00+00:00
[2025-12-26T22:19:04.600+0530] {logging_mixin.py:188} INFO - [2025-12-26T22:19:04.600+0530] {dag.py:3947} INFO - Setting next_dagrun for example_branch_datetime_operator_3 to 2025-12-26 00:00:00+00:00, run_after=2025-12-27 00:00:00+00:00
[2025-12-26T22:19:04.624+0530] {processor.py:183} INFO - Processing /home/sathya/projects/training-kit/.venv-airflow/lib/python3.10/site-packages/airflow/example_dags/example_branch_datetime_operator.py took 0.099 seconds
[2025-12-26T22:23:52.158+0530] {processor.py:161} INFO - Started process (PID=6327) to work on /home/sathya/projects/training-kit/.venv-airflow/lib/python3.10/site-packages/airflow/example_dags/example_branch_datetime_operator.py
[2025-12-26T22:23:52.159+0530] {processor.py:830} INFO - Processing file /home/sathya/projects/training-kit/.venv-airflow/lib/python3.10/site-packages/airflow/example_dags/example_branch_datetime_operator.py for tasks to queue
[2025-12-26T22:23:52.161+0530] {logging_mixin.py:188} INFO - [2025-12-26T22:23:52.160+0530] {dagbag.py:545} INFO - Filling up the DagBag from /home/sathya/projects/training-kit/.venv-airflow/lib/python3.10/site-packages/airflow/example_dags/example_branch_datetime_operator.py
[2025-12-26T22:23:52.168+0530] {processor.py:840} INFO - DAG(s) 'example_branch_datetime_operator_2', 'example_branch_datetime_operator', 'example_branch_datetime_operator_3' retrieved from /home/sathya/projects/training-kit/.venv-airflow/lib/python3.10/site-packages/airflow/example_dags/example_branch_datetime_operator.py
[2025-12-26T22:23:52.182+0530] {logging_mixin.py:188} INFO - [2025-12-26T22:23:52.182+0530] {dag.py:3089} INFO - Sync 3 DAGs
[2025-12-26T22:23:52.195+0530] {logging_mixin.py:188} INFO - [2025-12-26T22:23:52.195+0530] {dag.py:3947} INFO - Setting next_dagrun for example_branch_datetime_operator to 2025-12-26 00:00:00+00:00, run_after=2025-12-27 00:00:00+00:00
[2025-12-26T22:23:52.198+0530] {logging_mixin.py:188} INFO - [2025-12-26T22:23:52.198+0530] {dag.py:3947} INFO - Setting next_dagrun for example_branch_datetime_operator_2 to 2025-12-26 00:00:00+00:00, run_after=2025-12-27 00:00:00+00:00
[2025-12-26T22:23:52.199+0530] {logging_mixin.py:188} INFO - [2025-12-26T22:23:52.199+0530] {dag.py:3947} INFO - Setting next_dagrun for example_branch_datetime_operator_3 to 2025-12-26 00:00:00+00:00, run_after=2025-12-27 00:00:00+00:00
[2025-12-26T22:23:52.216+0530] {processor.py:183} INFO - Processing /home/sathya/projects/training-kit/.venv-airflow/lib/python3.10/site-packages/airflow/example_dags/example_branch_datetime_operator.py took 0.064 seconds
[2025-12-26T22:35:21.520+0530] {processor.py:161} INFO - Started process (PID=7743) to work on /home/sathya/projects/training-kit/.venv-airflow/lib/python3.10/site-packages/airflow/example_dags/example_branch_datetime_operator.py
[2025-12-26T22:35:21.521+0530] {processor.py:830} INFO - Processing file /home/sathya/projects/training-kit/.venv-airflow/lib/python3.10/site-packages/airflow/example_dags/example_branch_datetime_operator.py for tasks to queue
[2025-12-26T22:35:21.524+0530] {logging_mixin.py:188} INFO - [2025-12-26T22:35:21.523+0530] {dagbag.py:545} INFO - Filling up the DagBag from /home/sathya/projects/training-kit/.venv-airflow/lib/python3.10/site-packages/airflow/example_dags/example_branch_datetime_operator.py
[2025-12-26T22:35:21.533+0530] {processor.py:840} INFO - DAG(s) 'example_branch_datetime_operator_3', 'example_branch_datetime_operator', 'example_branch_datetime_operator_2' retrieved from /home/sathya/projects/training-kit/.venv-airflow/lib/python3.10/site-packages/airflow/example_dags/example_branch_datetime_operator.py
[2025-12-26T22:35:21.557+0530] {logging_mixin.py:188} INFO - [2025-12-26T22:35:21.557+0530] {dag.py:3089} INFO - Sync 3 DAGs
[2025-12-26T22:35:21.576+0530] {logging_mixin.py:188} INFO - [2025-12-26T22:35:21.576+0530] {dag.py:3947} INFO - Setting next_dagrun for example_branch_datetime_operator to 2025-12-26 00:00:00+00:00, run_after=2025-12-27 00:00:00+00:00
[2025-12-26T22:35:21.581+0530] {logging_mixin.py:188} INFO - [2025-12-26T22:35:21.581+0530] {dag.py:3947} INFO - Setting next_dagrun for example_branch_datetime_operator_2 to 2025-12-26 00:00:00+00:00, run_after=2025-12-27 00:00:00+00:00
[2025-12-26T22:35:21.583+0530] {logging_mixin.py:188} INFO - [2025-12-26T22:35:21.582+0530] {dag.py:3947} INFO - Setting next_dagrun for example_branch_datetime_operator_3 to 2025-12-26 00:00:00+00:00, run_after=2025-12-27 00:00:00+00:00
[2025-12-26T22:35:21.615+0530] {processor.py:183} INFO - Processing /home/sathya/projects/training-kit/.venv-airflow/lib/python3.10/site-packages/airflow/example_dags/example_branch_datetime_operator.py took 0.104 seconds
[2025-12-26T22:46:35.262+0530] {processor.py:161} INFO - Started process (PID=9093) to work on /home/sathya/projects/training-kit/.venv-airflow/lib/python3.10/site-packages/airflow/example_dags/example_branch_datetime_operator.py
[2025-12-26T22:46:35.264+0530] {processor.py:830} INFO - Processing file /home/sathya/projects/training-kit/.venv-airflow/lib/python3.10/site-packages/airflow/example_dags/example_branch_datetime_operator.py for tasks to queue
[2025-12-26T22:46:35.265+0530] {logging_mixin.py:188} INFO - [2025-12-26T22:46:35.265+0530] {dagbag.py:545} INFO - Filling up the DagBag from /home/sathya/projects/training-kit/.venv-airflow/lib/python3.10/site-packages/airflow/example_dags/example_branch_datetime_operator.py
[2025-12-26T22:46:35.273+0530] {processor.py:840} INFO - DAG(s) 'example_branch_datetime_operator_3', 'example_branch_datetime_operator_2', 'example_branch_datetime_operator' retrieved from /home/sathya/projects/training-kit/.venv-airflow/lib/python3.10/site-packages/airflow/example_dags/example_branch_datetime_operator.py
[2025-12-26T22:46:35.290+0530] {logging_mixin.py:188} INFO - [2025-12-26T22:46:35.290+0530] {dag.py:3089} INFO - Sync 3 DAGs
[2025-12-26T22:46:35.306+0530] {logging_mixin.py:188} INFO - [2025-12-26T22:46:35.306+0530] {dag.py:3947} INFO - Setting next_dagrun for example_branch_datetime_operator to 2025-12-26 00:00:00+00:00, run_after=2025-12-27 00:00:00+00:00
[2025-12-26T22:46:35.309+0530] {logging_mixin.py:188} INFO - [2025-12-26T22:46:35.309+0530] {dag.py:3947} INFO - Setting next_dagrun for example_branch_datetime_operator_2 to 2025-12-26 00:00:00+00:00, run_after=2025-12-27 00:00:00+00:00
[2025-12-26T22:46:35.311+0530] {logging_mixin.py:188} INFO - [2025-12-26T22:46:35.311+0530] {dag.py:3947} INFO - Setting next_dagrun for example_branch_datetime_operator_3 to 2025-12-26 00:00:00+00:00, run_after=2025-12-27 00:00:00+00:00
[2025-12-26T22:46:35.330+0530] {processor.py:183} INFO - Processing /home/sathya/projects/training-kit/.venv-airflow/lib/python3.10/site-packages/airflow/example_dags/example_branch_datetime_operator.py took 0.074 seconds
[2025-12-26T22:51:55.601+0530] {processor.py:161} INFO - Started process (PID=9757) to work on /home/sathya/projects/training-kit/.venv-airflow/lib/python3.10/site-packages/airflow/example_dags/example_branch_datetime_operator.py
[2025-12-26T22:51:55.607+0530] {processor.py:830} INFO - Processing file /home/sathya/projects/training-kit/.venv-airflow/lib/python3.10/site-packages/airflow/example_dags/example_branch_datetime_operator.py for tasks to queue
[2025-12-26T22:51:55.609+0530] {logging_mixin.py:188} INFO - [2025-12-26T22:51:55.609+0530] {dagbag.py:545} INFO - Filling up the DagBag from /home/sathya/projects/training-kit/.venv-airflow/lib/python3.10/site-packages/airflow/example_dags/example_branch_datetime_operator.py
[2025-12-26T22:51:55.618+0530] {processor.py:840} INFO - DAG(s) 'example_branch_datetime_operator_3', 'example_branch_datetime_operator_2', 'example_branch_datetime_operator' retrieved from /home/sathya/projects/training-kit/.venv-airflow/lib/python3.10/site-packages/airflow/example_dags/example_branch_datetime_operator.py
[2025-12-26T22:51:55.635+0530] {logging_mixin.py:188} INFO - [2025-12-26T22:51:55.634+0530] {dag.py:3089} INFO - Sync 3 DAGs
[2025-12-26T22:51:55.651+0530] {logging_mixin.py:188} INFO - [2025-12-26T22:51:55.650+0530] {dag.py:3947} INFO - Setting next_dagrun for example_branch_datetime_operator to 2025-12-26 00:00:00+00:00, run_after=2025-12-27 00:00:00+00:00
[2025-12-26T22:51:55.654+0530] {logging_mixin.py:188} INFO - [2025-12-26T22:51:55.653+0530] {dag.py:3947} INFO - Setting next_dagrun for example_branch_datetime_operator_2 to 2025-12-26 00:00:00+00:00, run_after=2025-12-27 00:00:00+00:00
[2025-12-26T22:51:55.655+0530] {logging_mixin.py:188} INFO - [2025-12-26T22:51:55.655+0530] {dag.py:3947} INFO - Setting next_dagrun for example_branch_datetime_operator_3 to 2025-12-26 00:00:00+00:00, run_after=2025-12-27 00:00:00+00:00
[2025-12-26T22:51:55.674+0530] {processor.py:183} INFO - Processing /home/sathya/projects/training-kit/.venv-airflow/lib/python3.10/site-packages/airflow/example_dags/example_branch_datetime_operator.py took 0.078 seconds
[2025-12-26T22:57:50.283+0530] {processor.py:161} INFO - Started process (PID=10428) to work on /home/sathya/projects/training-kit/.venv-airflow/lib/python3.10/site-packages/airflow/example_dags/example_branch_datetime_operator.py
[2025-12-26T22:57:50.289+0530] {processor.py:830} INFO - Processing file /home/sathya/projects/training-kit/.venv-airflow/lib/python3.10/site-packages/airflow/example_dags/example_branch_datetime_operator.py for tasks to queue
[2025-12-26T22:57:50.291+0530] {logging_mixin.py:188} INFO - [2025-12-26T22:57:50.290+0530] {dagbag.py:545} INFO - Filling up the DagBag from /home/sathya/projects/training-kit/.venv-airflow/lib/python3.10/site-packages/airflow/example_dags/example_branch_datetime_operator.py
[2025-12-26T22:57:50.300+0530] {processor.py:840} INFO - DAG(s) 'example_branch_datetime_operator_2', 'example_branch_datetime_operator_3', 'example_branch_datetime_operator' retrieved from /home/sathya/projects/training-kit/.venv-airflow/lib/python3.10/site-packages/airflow/example_dags/example_branch_datetime_operator.py
[2025-12-26T22:57:50.318+0530] {logging_mixin.py:188} INFO - [2025-12-26T22:57:50.318+0530] {dag.py:3089} INFO - Sync 3 DAGs
[2025-12-26T22:57:50.336+0530] {logging_mixin.py:188} INFO - [2025-12-26T22:57:50.335+0530] {dag.py:3947} INFO - Setting next_dagrun for example_branch_datetime_operator to 2025-12-26 00:00:00+00:00, run_after=2025-12-27 00:00:00+00:00
[2025-12-26T22:57:50.339+0530] {logging_mixin.py:188} INFO - [2025-12-26T22:57:50.339+0530] {dag.py:3947} INFO - Setting next_dagrun for example_branch_datetime_operator_2 to 2025-12-26 00:00:00+00:00, run_after=2025-12-27 00:00:00+00:00
[2025-12-26T22:57:50.341+0530] {logging_mixin.py:188} INFO - [2025-12-26T22:57:50.341+0530] {dag.py:3947} INFO - Setting next_dagrun for example_branch_datetime_operator_3 to 2025-12-26 00:00:00+00:00, run_after=2025-12-27 00:00:00+00:00
[2025-12-26T22:57:50.361+0530] {processor.py:183} INFO - Processing /home/sathya/projects/training-kit/.venv-airflow/lib/python3.10/site-packages/airflow/example_dags/example_branch_datetime_operator.py took 0.084 seconds
[2025-12-26T23:06:02.714+0530] {processor.py:161} INFO - Started process (PID=11213) to work on /home/sathya/projects/training-kit/.venv-airflow/lib/python3.10/site-packages/airflow/example_dags/example_branch_datetime_operator.py
[2025-12-26T23:06:02.715+0530] {processor.py:830} INFO - Processing file /home/sathya/projects/training-kit/.venv-airflow/lib/python3.10/site-packages/airflow/example_dags/example_branch_datetime_operator.py for tasks to queue
[2025-12-26T23:06:02.717+0530] {logging_mixin.py:188} INFO - [2025-12-26T23:06:02.716+0530] {dagbag.py:545} INFO - Filling up the DagBag from /home/sathya/projects/training-kit/.venv-airflow/lib/python3.10/site-packages/airflow/example_dags/example_branch_datetime_operator.py
[2025-12-26T23:06:02.725+0530] {processor.py:840} INFO - DAG(s) 'example_branch_datetime_operator_2', 'example_branch_datetime_operator_3', 'example_branch_datetime_operator' retrieved from /home/sathya/projects/training-kit/.venv-airflow/lib/python3.10/site-packages/airflow/example_dags/example_branch_datetime_operator.py
[2025-12-26T23:06:02.745+0530] {logging_mixin.py:188} INFO - [2025-12-26T23:06:02.745+0530] {dag.py:3089} INFO - Sync 3 DAGs
[2025-12-26T23:06:02.764+0530] {logging_mixin.py:188} INFO - [2025-12-26T23:06:02.763+0530] {dag.py:3947} INFO - Setting next_dagrun for example_branch_datetime_operator to 2025-12-26 00:00:00+00:00, run_after=2025-12-27 00:00:00+00:00
[2025-12-26T23:06:02.768+0530] {logging_mixin.py:188} INFO - [2025-12-26T23:06:02.767+0530] {dag.py:3947} INFO - Setting next_dagrun for example_branch_datetime_operator_2 to 2025-12-26 00:00:00+00:00, run_after=2025-12-27 00:00:00+00:00
[2025-12-26T23:06:02.769+0530] {logging_mixin.py:188} INFO - [2025-12-26T23:06:02.769+0530] {dag.py:3947} INFO - Setting next_dagrun for example_branch_datetime_operator_3 to 2025-12-26 00:00:00+00:00, run_after=2025-12-27 00:00:00+00:00
[2025-12-26T23:06:02.789+0530] {processor.py:183} INFO - Processing /home/sathya/projects/training-kit/.venv-airflow/lib/python3.10/site-packages/airflow/example_dags/example_branch_datetime_operator.py took 0.081 seconds
