[2025-12-26T21:52:37.890+0530] {processor.py:161} INFO - Started process (PID=1314) to work on /home/sathya/projects/training-kit/.venv-airflow/lib/python3.10/site-packages/airflow/example_dags/example_nested_branch_dag.py
[2025-12-26T21:52:37.894+0530] {processor.py:830} INFO - Processing file /home/sathya/projects/training-kit/.venv-airflow/lib/python3.10/site-packages/airflow/example_dags/example_nested_branch_dag.py for tasks to queue
[2025-12-26T21:52:37.900+0530] {logging_mixin.py:188} INFO - [2025-12-26T21:52:37.897+0530] {dagbag.py:545} INFO - Filling up the DagBag from /home/sathya/projects/training-kit/.venv-airflow/lib/python3.10/site-packages/airflow/example_dags/example_nested_branch_dag.py
[2025-12-26T21:52:37.919+0530] {processor.py:840} INFO - DAG(s) 'example_nested_branch_dag' retrieved from /home/sathya/projects/training-kit/.venv-airflow/lib/python3.10/site-packages/airflow/example_dags/example_nested_branch_dag.py
[2025-12-26T21:52:37.960+0530] {logging_mixin.py:188} INFO - [2025-12-26T21:52:37.960+0530] {dag.py:3089} INFO - Sync 1 DAGs
[2025-12-26T21:52:38.003+0530] {logging_mixin.py:188} INFO - [2025-12-26T21:52:38.003+0530] {dag.py:3947} INFO - Setting next_dagrun for example_nested_branch_dag to 2025-12-25 00:00:00+00:00, run_after=2025-12-26 00:00:00+00:00
[2025-12-26T21:52:38.039+0530] {processor.py:183} INFO - Processing /home/sathya/projects/training-kit/.venv-airflow/lib/python3.10/site-packages/airflow/example_dags/example_nested_branch_dag.py took 0.162 seconds
[2025-12-26T21:53:32.193+0530] {processor.py:161} INFO - Started process (PID=1427) to work on /home/sathya/projects/training-kit/.venv-airflow/lib/python3.10/site-packages/airflow/example_dags/example_nested_branch_dag.py
[2025-12-26T21:53:32.199+0530] {processor.py:830} INFO - Processing file /home/sathya/projects/training-kit/.venv-airflow/lib/python3.10/site-packages/airflow/example_dags/example_nested_branch_dag.py for tasks to queue
[2025-12-26T21:53:32.201+0530] {logging_mixin.py:188} INFO - [2025-12-26T21:53:32.200+0530] {dagbag.py:545} INFO - Filling up the DagBag from /home/sathya/projects/training-kit/.venv-airflow/lib/python3.10/site-packages/airflow/example_dags/example_nested_branch_dag.py
[2025-12-26T21:53:32.212+0530] {processor.py:840} INFO - DAG(s) 'example_nested_branch_dag' retrieved from /home/sathya/projects/training-kit/.venv-airflow/lib/python3.10/site-packages/airflow/example_dags/example_nested_branch_dag.py
[2025-12-26T21:53:32.237+0530] {logging_mixin.py:188} INFO - [2025-12-26T21:53:32.236+0530] {dag.py:3089} INFO - Sync 1 DAGs
[2025-12-26T21:53:32.260+0530] {logging_mixin.py:188} INFO - [2025-12-26T21:53:32.260+0530] {dag.py:3947} INFO - Setting next_dagrun for example_nested_branch_dag to 2025-12-25 00:00:00+00:00, run_after=2025-12-26 00:00:00+00:00
[2025-12-26T21:53:32.428+0530] {processor.py:183} INFO - Processing /home/sathya/projects/training-kit/.venv-airflow/lib/python3.10/site-packages/airflow/example_dags/example_nested_branch_dag.py took 0.242 seconds
[2025-12-26T21:54:28.510+0530] {processor.py:161} INFO - Started process (PID=1560) to work on /home/sathya/projects/training-kit/.venv-airflow/lib/python3.10/site-packages/airflow/example_dags/example_nested_branch_dag.py
[2025-12-26T21:54:28.517+0530] {processor.py:830} INFO - Processing file /home/sathya/projects/training-kit/.venv-airflow/lib/python3.10/site-packages/airflow/example_dags/example_nested_branch_dag.py for tasks to queue
[2025-12-26T21:54:28.520+0530] {logging_mixin.py:188} INFO - [2025-12-26T21:54:28.519+0530] {dagbag.py:545} INFO - Filling up the DagBag from /home/sathya/projects/training-kit/.venv-airflow/lib/python3.10/site-packages/airflow/example_dags/example_nested_branch_dag.py
[2025-12-26T21:54:28.535+0530] {processor.py:840} INFO - DAG(s) 'example_nested_branch_dag' retrieved from /home/sathya/projects/training-kit/.venv-airflow/lib/python3.10/site-packages/airflow/example_dags/example_nested_branch_dag.py
[2025-12-26T21:54:28.573+0530] {logging_mixin.py:188} INFO - [2025-12-26T21:54:28.571+0530] {dag.py:3089} INFO - Sync 1 DAGs
[2025-12-26T21:54:28.609+0530] {logging_mixin.py:188} INFO - [2025-12-26T21:54:28.608+0530] {dag.py:3947} INFO - Setting next_dagrun for example_nested_branch_dag to 2025-12-25 00:00:00+00:00, run_after=2025-12-26 00:00:00+00:00
[2025-12-26T21:54:28.653+0530] {processor.py:183} INFO - Processing /home/sathya/projects/training-kit/.venv-airflow/lib/python3.10/site-packages/airflow/example_dags/example_nested_branch_dag.py took 0.151 seconds
[2025-12-26T21:55:16.633+0530] {processor.py:161} INFO - Started process (PID=1682) to work on /home/sathya/projects/training-kit/.venv-airflow/lib/python3.10/site-packages/airflow/example_dags/example_nested_branch_dag.py
[2025-12-26T21:55:16.635+0530] {processor.py:830} INFO - Processing file /home/sathya/projects/training-kit/.venv-airflow/lib/python3.10/site-packages/airflow/example_dags/example_nested_branch_dag.py for tasks to queue
[2025-12-26T21:55:16.638+0530] {logging_mixin.py:188} INFO - [2025-12-26T21:55:16.638+0530] {dagbag.py:545} INFO - Filling up the DagBag from /home/sathya/projects/training-kit/.venv-airflow/lib/python3.10/site-packages/airflow/example_dags/example_nested_branch_dag.py
[2025-12-26T21:55:16.651+0530] {processor.py:840} INFO - DAG(s) 'example_nested_branch_dag' retrieved from /home/sathya/projects/training-kit/.venv-airflow/lib/python3.10/site-packages/airflow/example_dags/example_nested_branch_dag.py
[2025-12-26T21:55:16.670+0530] {logging_mixin.py:188} INFO - [2025-12-26T21:55:16.669+0530] {dag.py:3089} INFO - Sync 1 DAGs
[2025-12-26T21:55:16.693+0530] {logging_mixin.py:188} INFO - [2025-12-26T21:55:16.693+0530] {dag.py:3947} INFO - Setting next_dagrun for example_nested_branch_dag to 2025-12-25 00:00:00+00:00, run_after=2025-12-26 00:00:00+00:00
[2025-12-26T21:55:16.736+0530] {processor.py:183} INFO - Processing /home/sathya/projects/training-kit/.venv-airflow/lib/python3.10/site-packages/airflow/example_dags/example_nested_branch_dag.py took 0.112 seconds
[2025-12-26T21:55:34.236+0530] {processor.py:161} INFO - Started process (PID=1736) to work on /home/sathya/projects/training-kit/.venv-airflow/lib/python3.10/site-packages/airflow/example_dags/example_nested_branch_dag.py
[2025-12-26T21:55:34.243+0530] {processor.py:830} INFO - Processing file /home/sathya/projects/training-kit/.venv-airflow/lib/python3.10/site-packages/airflow/example_dags/example_nested_branch_dag.py for tasks to queue
[2025-12-26T21:55:34.247+0530] {logging_mixin.py:188} INFO - [2025-12-26T21:55:34.245+0530] {dagbag.py:545} INFO - Filling up the DagBag from /home/sathya/projects/training-kit/.venv-airflow/lib/python3.10/site-packages/airflow/example_dags/example_nested_branch_dag.py
[2025-12-26T21:55:34.264+0530] {processor.py:840} INFO - DAG(s) 'example_nested_branch_dag' retrieved from /home/sathya/projects/training-kit/.venv-airflow/lib/python3.10/site-packages/airflow/example_dags/example_nested_branch_dag.py
[2025-12-26T21:55:34.292+0530] {logging_mixin.py:188} INFO - [2025-12-26T21:55:34.292+0530] {dag.py:3089} INFO - Sync 1 DAGs
[2025-12-26T21:55:34.314+0530] {logging_mixin.py:188} INFO - [2025-12-26T21:55:34.313+0530] {dag.py:3947} INFO - Setting next_dagrun for example_nested_branch_dag to 2025-12-25 00:00:00+00:00, run_after=2025-12-26 00:00:00+00:00
[2025-12-26T21:55:34.351+0530] {processor.py:183} INFO - Processing /home/sathya/projects/training-kit/.venv-airflow/lib/python3.10/site-packages/airflow/example_dags/example_nested_branch_dag.py took 0.127 seconds
[2025-12-26T21:56:09.349+0530] {processor.py:161} INFO - Started process (PID=1836) to work on /home/sathya/projects/training-kit/.venv-airflow/lib/python3.10/site-packages/airflow/example_dags/example_nested_branch_dag.py
[2025-12-26T21:56:09.356+0530] {processor.py:830} INFO - Processing file /home/sathya/projects/training-kit/.venv-airflow/lib/python3.10/site-packages/airflow/example_dags/example_nested_branch_dag.py for tasks to queue
[2025-12-26T21:56:09.358+0530] {logging_mixin.py:188} INFO - [2025-12-26T21:56:09.358+0530] {dagbag.py:545} INFO - Filling up the DagBag from /home/sathya/projects/training-kit/.venv-airflow/lib/python3.10/site-packages/airflow/example_dags/example_nested_branch_dag.py
[2025-12-26T21:56:09.374+0530] {processor.py:840} INFO - DAG(s) 'example_nested_branch_dag' retrieved from /home/sathya/projects/training-kit/.venv-airflow/lib/python3.10/site-packages/airflow/example_dags/example_nested_branch_dag.py
[2025-12-26T21:56:09.404+0530] {logging_mixin.py:188} INFO - [2025-12-26T21:56:09.404+0530] {dag.py:3089} INFO - Sync 1 DAGs
[2025-12-26T21:56:09.435+0530] {logging_mixin.py:188} INFO - [2025-12-26T21:56:09.434+0530] {dag.py:3947} INFO - Setting next_dagrun for example_nested_branch_dag to 2025-12-25 00:00:00+00:00, run_after=2025-12-26 00:00:00+00:00
[2025-12-26T21:56:09.503+0530] {processor.py:183} INFO - Processing /home/sathya/projects/training-kit/.venv-airflow/lib/python3.10/site-packages/airflow/example_dags/example_nested_branch_dag.py took 0.167 seconds
[2025-12-26T21:56:30.185+0530] {processor.py:161} INFO - Started process (PID=1894) to work on /home/sathya/projects/training-kit/.venv-airflow/lib/python3.10/site-packages/airflow/example_dags/example_nested_branch_dag.py
[2025-12-26T21:56:30.186+0530] {processor.py:830} INFO - Processing file /home/sathya/projects/training-kit/.venv-airflow/lib/python3.10/site-packages/airflow/example_dags/example_nested_branch_dag.py for tasks to queue
[2025-12-26T21:56:30.189+0530] {logging_mixin.py:188} INFO - [2025-12-26T21:56:30.188+0530] {dagbag.py:545} INFO - Filling up the DagBag from /home/sathya/projects/training-kit/.venv-airflow/lib/python3.10/site-packages/airflow/example_dags/example_nested_branch_dag.py
[2025-12-26T21:56:30.201+0530] {processor.py:840} INFO - DAG(s) 'example_nested_branch_dag' retrieved from /home/sathya/projects/training-kit/.venv-airflow/lib/python3.10/site-packages/airflow/example_dags/example_nested_branch_dag.py
[2025-12-26T21:56:30.224+0530] {logging_mixin.py:188} INFO - [2025-12-26T21:56:30.224+0530] {dag.py:3089} INFO - Sync 1 DAGs
[2025-12-26T21:56:30.250+0530] {logging_mixin.py:188} INFO - [2025-12-26T21:56:30.250+0530] {dag.py:3947} INFO - Setting next_dagrun for example_nested_branch_dag to 2025-12-25 00:00:00+00:00, run_after=2025-12-26 00:00:00+00:00
[2025-12-26T21:56:30.383+0530] {processor.py:183} INFO - Processing /home/sathya/projects/training-kit/.venv-airflow/lib/python3.10/site-packages/airflow/example_dags/example_nested_branch_dag.py took 0.206 seconds
[2025-12-26T21:57:01.190+0530] {processor.py:161} INFO - Started process (PID=1987) to work on /home/sathya/projects/training-kit/.venv-airflow/lib/python3.10/site-packages/airflow/example_dags/example_nested_branch_dag.py
[2025-12-26T21:57:01.198+0530] {processor.py:830} INFO - Processing file /home/sathya/projects/training-kit/.venv-airflow/lib/python3.10/site-packages/airflow/example_dags/example_nested_branch_dag.py for tasks to queue
[2025-12-26T21:57:01.204+0530] {logging_mixin.py:188} INFO - [2025-12-26T21:57:01.203+0530] {dagbag.py:545} INFO - Filling up the DagBag from /home/sathya/projects/training-kit/.venv-airflow/lib/python3.10/site-packages/airflow/example_dags/example_nested_branch_dag.py
[2025-12-26T21:57:01.225+0530] {processor.py:840} INFO - DAG(s) 'example_nested_branch_dag' retrieved from /home/sathya/projects/training-kit/.venv-airflow/lib/python3.10/site-packages/airflow/example_dags/example_nested_branch_dag.py
[2025-12-26T21:57:01.259+0530] {logging_mixin.py:188} INFO - [2025-12-26T21:57:01.259+0530] {dag.py:3089} INFO - Sync 1 DAGs
[2025-12-26T21:57:01.285+0530] {logging_mixin.py:188} INFO - [2025-12-26T21:57:01.284+0530] {dag.py:3947} INFO - Setting next_dagrun for example_nested_branch_dag to 2025-12-25 00:00:00+00:00, run_after=2025-12-26 00:00:00+00:00
[2025-12-26T21:57:01.313+0530] {processor.py:183} INFO - Processing /home/sathya/projects/training-kit/.venv-airflow/lib/python3.10/site-packages/airflow/example_dags/example_nested_branch_dag.py took 0.140 seconds
[2025-12-26T21:57:33.511+0530] {processor.py:161} INFO - Started process (PID=2076) to work on /home/sathya/projects/training-kit/.venv-airflow/lib/python3.10/site-packages/airflow/example_dags/example_nested_branch_dag.py
[2025-12-26T21:57:33.517+0530] {processor.py:830} INFO - Processing file /home/sathya/projects/training-kit/.venv-airflow/lib/python3.10/site-packages/airflow/example_dags/example_nested_branch_dag.py for tasks to queue
[2025-12-26T21:57:33.519+0530] {logging_mixin.py:188} INFO - [2025-12-26T21:57:33.519+0530] {dagbag.py:545} INFO - Filling up the DagBag from /home/sathya/projects/training-kit/.venv-airflow/lib/python3.10/site-packages/airflow/example_dags/example_nested_branch_dag.py
[2025-12-26T21:57:33.674+0530] {processor.py:840} INFO - DAG(s) 'example_nested_branch_dag' retrieved from /home/sathya/projects/training-kit/.venv-airflow/lib/python3.10/site-packages/airflow/example_dags/example_nested_branch_dag.py
[2025-12-26T21:57:33.697+0530] {logging_mixin.py:188} INFO - [2025-12-26T21:57:33.697+0530] {dag.py:3089} INFO - Sync 1 DAGs
[2025-12-26T21:57:33.719+0530] {logging_mixin.py:188} INFO - [2025-12-26T21:57:33.718+0530] {dag.py:3947} INFO - Setting next_dagrun for example_nested_branch_dag to 2025-12-25 00:00:00+00:00, run_after=2025-12-26 00:00:00+00:00
[2025-12-26T21:57:33.758+0530] {processor.py:183} INFO - Processing /home/sathya/projects/training-kit/.venv-airflow/lib/python3.10/site-packages/airflow/example_dags/example_nested_branch_dag.py took 0.255 seconds
[2025-12-26T21:57:51.607+0530] {processor.py:161} INFO - Started process (PID=2132) to work on /home/sathya/projects/training-kit/.venv-airflow/lib/python3.10/site-packages/airflow/example_dags/example_nested_branch_dag.py
[2025-12-26T21:57:51.609+0530] {processor.py:830} INFO - Processing file /home/sathya/projects/training-kit/.venv-airflow/lib/python3.10/site-packages/airflow/example_dags/example_nested_branch_dag.py for tasks to queue
[2025-12-26T21:57:51.612+0530] {logging_mixin.py:188} INFO - [2025-12-26T21:57:51.611+0530] {dagbag.py:545} INFO - Filling up the DagBag from /home/sathya/projects/training-kit/.venv-airflow/lib/python3.10/site-packages/airflow/example_dags/example_nested_branch_dag.py
[2025-12-26T21:57:51.625+0530] {processor.py:840} INFO - DAG(s) 'example_nested_branch_dag' retrieved from /home/sathya/projects/training-kit/.venv-airflow/lib/python3.10/site-packages/airflow/example_dags/example_nested_branch_dag.py
[2025-12-26T21:57:51.643+0530] {logging_mixin.py:188} INFO - [2025-12-26T21:57:51.643+0530] {dag.py:3089} INFO - Sync 1 DAGs
[2025-12-26T21:57:51.704+0530] {logging_mixin.py:188} INFO - [2025-12-26T21:57:51.693+0530] {dag.py:3947} INFO - Setting next_dagrun for example_nested_branch_dag to 2025-12-25 00:00:00+00:00, run_after=2025-12-26 00:00:00+00:00
[2025-12-26T21:57:51.762+0530] {processor.py:183} INFO - Processing /home/sathya/projects/training-kit/.venv-airflow/lib/python3.10/site-packages/airflow/example_dags/example_nested_branch_dag.py took 0.165 seconds
[2025-12-26T21:58:25.099+0530] {processor.py:161} INFO - Started process (PID=2244) to work on /home/sathya/projects/training-kit/.venv-airflow/lib/python3.10/site-packages/airflow/example_dags/example_nested_branch_dag.py
[2025-12-26T21:58:25.102+0530] {processor.py:830} INFO - Processing file /home/sathya/projects/training-kit/.venv-airflow/lib/python3.10/site-packages/airflow/example_dags/example_nested_branch_dag.py for tasks to queue
[2025-12-26T21:58:25.106+0530] {logging_mixin.py:188} INFO - [2025-12-26T21:58:25.105+0530] {dagbag.py:545} INFO - Filling up the DagBag from /home/sathya/projects/training-kit/.venv-airflow/lib/python3.10/site-packages/airflow/example_dags/example_nested_branch_dag.py
[2025-12-26T21:58:25.128+0530] {processor.py:840} INFO - DAG(s) 'example_nested_branch_dag' retrieved from /home/sathya/projects/training-kit/.venv-airflow/lib/python3.10/site-packages/airflow/example_dags/example_nested_branch_dag.py
[2025-12-26T21:58:25.162+0530] {logging_mixin.py:188} INFO - [2025-12-26T21:58:25.161+0530] {dag.py:3089} INFO - Sync 1 DAGs
[2025-12-26T21:58:25.186+0530] {logging_mixin.py:188} INFO - [2025-12-26T21:58:25.185+0530] {dag.py:3947} INFO - Setting next_dagrun for example_nested_branch_dag to 2025-12-25 00:00:00+00:00, run_after=2025-12-26 00:00:00+00:00
[2025-12-26T21:58:25.215+0530] {processor.py:183} INFO - Processing /home/sathya/projects/training-kit/.venv-airflow/lib/python3.10/site-packages/airflow/example_dags/example_nested_branch_dag.py took 0.128 seconds
[2025-12-26T21:58:40.207+0530] {processor.py:161} INFO - Started process (PID=2295) to work on /home/sathya/projects/training-kit/.venv-airflow/lib/python3.10/site-packages/airflow/example_dags/example_nested_branch_dag.py
[2025-12-26T21:58:40.214+0530] {processor.py:830} INFO - Processing file /home/sathya/projects/training-kit/.venv-airflow/lib/python3.10/site-packages/airflow/example_dags/example_nested_branch_dag.py for tasks to queue
[2025-12-26T21:58:40.218+0530] {logging_mixin.py:188} INFO - [2025-12-26T21:58:40.217+0530] {dagbag.py:545} INFO - Filling up the DagBag from /home/sathya/projects/training-kit/.venv-airflow/lib/python3.10/site-packages/airflow/example_dags/example_nested_branch_dag.py
[2025-12-26T21:58:40.232+0530] {processor.py:840} INFO - DAG(s) 'example_nested_branch_dag' retrieved from /home/sathya/projects/training-kit/.venv-airflow/lib/python3.10/site-packages/airflow/example_dags/example_nested_branch_dag.py
[2025-12-26T21:58:40.252+0530] {logging_mixin.py:188} INFO - [2025-12-26T21:58:40.251+0530] {dag.py:3089} INFO - Sync 1 DAGs
[2025-12-26T21:58:40.277+0530] {logging_mixin.py:188} INFO - [2025-12-26T21:58:40.276+0530] {dag.py:3947} INFO - Setting next_dagrun for example_nested_branch_dag to 2025-12-25 00:00:00+00:00, run_after=2025-12-26 00:00:00+00:00
[2025-12-26T21:58:40.306+0530] {processor.py:183} INFO - Processing /home/sathya/projects/training-kit/.venv-airflow/lib/python3.10/site-packages/airflow/example_dags/example_nested_branch_dag.py took 0.110 seconds
[2025-12-26T21:59:15.199+0530] {processor.py:161} INFO - Started process (PID=2402) to work on /home/sathya/projects/training-kit/.venv-airflow/lib/python3.10/site-packages/airflow/example_dags/example_nested_branch_dag.py
[2025-12-26T21:59:15.207+0530] {processor.py:830} INFO - Processing file /home/sathya/projects/training-kit/.venv-airflow/lib/python3.10/site-packages/airflow/example_dags/example_nested_branch_dag.py for tasks to queue
[2025-12-26T21:59:15.210+0530] {logging_mixin.py:188} INFO - [2025-12-26T21:59:15.210+0530] {dagbag.py:545} INFO - Filling up the DagBag from /home/sathya/projects/training-kit/.venv-airflow/lib/python3.10/site-packages/airflow/example_dags/example_nested_branch_dag.py
[2025-12-26T21:59:15.232+0530] {processor.py:840} INFO - DAG(s) 'example_nested_branch_dag' retrieved from /home/sathya/projects/training-kit/.venv-airflow/lib/python3.10/site-packages/airflow/example_dags/example_nested_branch_dag.py
[2025-12-26T21:59:15.260+0530] {logging_mixin.py:188} INFO - [2025-12-26T21:59:15.260+0530] {dag.py:3089} INFO - Sync 1 DAGs
[2025-12-26T21:59:15.285+0530] {logging_mixin.py:188} INFO - [2025-12-26T21:59:15.285+0530] {dag.py:3947} INFO - Setting next_dagrun for example_nested_branch_dag to 2025-12-25 00:00:00+00:00, run_after=2025-12-26 00:00:00+00:00
[2025-12-26T21:59:15.319+0530] {processor.py:183} INFO - Processing /home/sathya/projects/training-kit/.venv-airflow/lib/python3.10/site-packages/airflow/example_dags/example_nested_branch_dag.py took 0.130 seconds
[2025-12-26T21:59:30.115+0530] {processor.py:161} INFO - Started process (PID=2444) to work on /home/sathya/projects/training-kit/.venv-airflow/lib/python3.10/site-packages/airflow/example_dags/example_nested_branch_dag.py
[2025-12-26T21:59:30.116+0530] {processor.py:830} INFO - Processing file /home/sathya/projects/training-kit/.venv-airflow/lib/python3.10/site-packages/airflow/example_dags/example_nested_branch_dag.py for tasks to queue
[2025-12-26T21:59:30.117+0530] {logging_mixin.py:188} INFO - [2025-12-26T21:59:30.117+0530] {dagbag.py:545} INFO - Filling up the DagBag from /home/sathya/projects/training-kit/.venv-airflow/lib/python3.10/site-packages/airflow/example_dags/example_nested_branch_dag.py
[2025-12-26T21:59:30.129+0530] {processor.py:840} INFO - DAG(s) 'example_nested_branch_dag' retrieved from /home/sathya/projects/training-kit/.venv-airflow/lib/python3.10/site-packages/airflow/example_dags/example_nested_branch_dag.py
[2025-12-26T21:59:30.144+0530] {logging_mixin.py:188} INFO - [2025-12-26T21:59:30.144+0530] {dag.py:3089} INFO - Sync 1 DAGs
[2025-12-26T21:59:30.161+0530] {logging_mixin.py:188} INFO - [2025-12-26T21:59:30.161+0530] {dag.py:3947} INFO - Setting next_dagrun for example_nested_branch_dag to 2025-12-25 00:00:00+00:00, run_after=2025-12-26 00:00:00+00:00
[2025-12-26T21:59:30.190+0530] {processor.py:183} INFO - Processing /home/sathya/projects/training-kit/.venv-airflow/lib/python3.10/site-packages/airflow/example_dags/example_nested_branch_dag.py took 0.081 seconds
[2025-12-26T22:00:17.247+0530] {processor.py:161} INFO - Started process (PID=2621) to work on /home/sathya/projects/training-kit/.venv-airflow/lib/python3.10/site-packages/airflow/example_dags/example_nested_branch_dag.py
[2025-12-26T22:00:17.255+0530] {processor.py:830} INFO - Processing file /home/sathya/projects/training-kit/.venv-airflow/lib/python3.10/site-packages/airflow/example_dags/example_nested_branch_dag.py for tasks to queue
[2025-12-26T22:00:17.258+0530] {logging_mixin.py:188} INFO - [2025-12-26T22:00:17.257+0530] {dagbag.py:545} INFO - Filling up the DagBag from /home/sathya/projects/training-kit/.venv-airflow/lib/python3.10/site-packages/airflow/example_dags/example_nested_branch_dag.py
[2025-12-26T22:00:17.277+0530] {processor.py:840} INFO - DAG(s) 'example_nested_branch_dag' retrieved from /home/sathya/projects/training-kit/.venv-airflow/lib/python3.10/site-packages/airflow/example_dags/example_nested_branch_dag.py
[2025-12-26T22:00:17.300+0530] {logging_mixin.py:188} INFO - [2025-12-26T22:00:17.300+0530] {dag.py:3089} INFO - Sync 1 DAGs
[2025-12-26T22:00:17.322+0530] {logging_mixin.py:188} INFO - [2025-12-26T22:00:17.322+0530] {dag.py:3947} INFO - Setting next_dagrun for example_nested_branch_dag to 2025-12-25 00:00:00+00:00, run_after=2025-12-26 00:00:00+00:00
[2025-12-26T22:00:17.357+0530] {processor.py:183} INFO - Processing /home/sathya/projects/training-kit/.venv-airflow/lib/python3.10/site-packages/airflow/example_dags/example_nested_branch_dag.py took 0.122 seconds
[2025-12-26T22:00:22.926+0530] {processor.py:161} INFO - Started process (PID=2639) to work on /home/sathya/projects/training-kit/.venv-airflow/lib/python3.10/site-packages/airflow/example_dags/example_nested_branch_dag.py
[2025-12-26T22:00:22.927+0530] {processor.py:830} INFO - Processing file /home/sathya/projects/training-kit/.venv-airflow/lib/python3.10/site-packages/airflow/example_dags/example_nested_branch_dag.py for tasks to queue
[2025-12-26T22:00:22.929+0530] {logging_mixin.py:188} INFO - [2025-12-26T22:00:22.928+0530] {dagbag.py:545} INFO - Filling up the DagBag from /home/sathya/projects/training-kit/.venv-airflow/lib/python3.10/site-packages/airflow/example_dags/example_nested_branch_dag.py
[2025-12-26T22:00:22.948+0530] {processor.py:840} INFO - DAG(s) 'example_nested_branch_dag' retrieved from /home/sathya/projects/training-kit/.venv-airflow/lib/python3.10/site-packages/airflow/example_dags/example_nested_branch_dag.py
[2025-12-26T22:00:22.968+0530] {logging_mixin.py:188} INFO - [2025-12-26T22:00:22.967+0530] {dag.py:3089} INFO - Sync 1 DAGs
[2025-12-26T22:00:22.989+0530] {logging_mixin.py:188} INFO - [2025-12-26T22:00:22.989+0530] {dag.py:3947} INFO - Setting next_dagrun for example_nested_branch_dag to 2025-12-25 00:00:00+00:00, run_after=2025-12-26 00:00:00+00:00
[2025-12-26T22:00:23.033+0530] {processor.py:183} INFO - Processing /home/sathya/projects/training-kit/.venv-airflow/lib/python3.10/site-packages/airflow/example_dags/example_nested_branch_dag.py took 0.115 seconds
[2025-12-26T22:01:06.406+0530] {processor.py:161} INFO - Started process (PID=2774) to work on /home/sathya/projects/training-kit/.venv-airflow/lib/python3.10/site-packages/airflow/example_dags/example_nested_branch_dag.py
[2025-12-26T22:01:06.408+0530] {processor.py:830} INFO - Processing file /home/sathya/projects/training-kit/.venv-airflow/lib/python3.10/site-packages/airflow/example_dags/example_nested_branch_dag.py for tasks to queue
[2025-12-26T22:01:06.422+0530] {logging_mixin.py:188} INFO - [2025-12-26T22:01:06.422+0530] {dagbag.py:545} INFO - Filling up the DagBag from /home/sathya/projects/training-kit/.venv-airflow/lib/python3.10/site-packages/airflow/example_dags/example_nested_branch_dag.py
[2025-12-26T22:01:06.451+0530] {processor.py:840} INFO - DAG(s) 'example_nested_branch_dag' retrieved from /home/sathya/projects/training-kit/.venv-airflow/lib/python3.10/site-packages/airflow/example_dags/example_nested_branch_dag.py
[2025-12-26T22:01:06.485+0530] {logging_mixin.py:188} INFO - [2025-12-26T22:01:06.484+0530] {dag.py:3089} INFO - Sync 1 DAGs
[2025-12-26T22:01:06.513+0530] {logging_mixin.py:188} INFO - [2025-12-26T22:01:06.513+0530] {dag.py:3947} INFO - Setting next_dagrun for example_nested_branch_dag to 2025-12-25 00:00:00+00:00, run_after=2025-12-26 00:00:00+00:00
[2025-12-26T22:01:06.562+0530] {processor.py:183} INFO - Processing /home/sathya/projects/training-kit/.venv-airflow/lib/python3.10/site-packages/airflow/example_dags/example_nested_branch_dag.py took 0.172 seconds
[2025-12-26T22:01:12.483+0530] {processor.py:161} INFO - Started process (PID=2796) to work on /home/sathya/projects/training-kit/.venv-airflow/lib/python3.10/site-packages/airflow/example_dags/example_nested_branch_dag.py
[2025-12-26T22:01:12.484+0530] {processor.py:830} INFO - Processing file /home/sathya/projects/training-kit/.venv-airflow/lib/python3.10/site-packages/airflow/example_dags/example_nested_branch_dag.py for tasks to queue
[2025-12-26T22:01:12.486+0530] {logging_mixin.py:188} INFO - [2025-12-26T22:01:12.486+0530] {dagbag.py:545} INFO - Filling up the DagBag from /home/sathya/projects/training-kit/.venv-airflow/lib/python3.10/site-packages/airflow/example_dags/example_nested_branch_dag.py
[2025-12-26T22:01:12.501+0530] {processor.py:840} INFO - DAG(s) 'example_nested_branch_dag' retrieved from /home/sathya/projects/training-kit/.venv-airflow/lib/python3.10/site-packages/airflow/example_dags/example_nested_branch_dag.py
[2025-12-26T22:01:12.523+0530] {logging_mixin.py:188} INFO - [2025-12-26T22:01:12.522+0530] {dag.py:3089} INFO - Sync 1 DAGs
[2025-12-26T22:01:12.547+0530] {logging_mixin.py:188} INFO - [2025-12-26T22:01:12.547+0530] {dag.py:3947} INFO - Setting next_dagrun for example_nested_branch_dag to 2025-12-25 00:00:00+00:00, run_after=2025-12-26 00:00:00+00:00
[2025-12-26T22:01:12.588+0530] {processor.py:183} INFO - Processing /home/sathya/projects/training-kit/.venv-airflow/lib/python3.10/site-packages/airflow/example_dags/example_nested_branch_dag.py took 0.115 seconds
[2025-12-26T22:02:14.971+0530] {processor.py:161} INFO - Started process (PID=2984) to work on /home/sathya/projects/training-kit/.venv-airflow/lib/python3.10/site-packages/airflow/example_dags/example_nested_branch_dag.py
[2025-12-26T22:02:14.978+0530] {processor.py:830} INFO - Processing file /home/sathya/projects/training-kit/.venv-airflow/lib/python3.10/site-packages/airflow/example_dags/example_nested_branch_dag.py for tasks to queue
[2025-12-26T22:02:14.979+0530] {logging_mixin.py:188} INFO - [2025-12-26T22:02:14.979+0530] {dagbag.py:545} INFO - Filling up the DagBag from /home/sathya/projects/training-kit/.venv-airflow/lib/python3.10/site-packages/airflow/example_dags/example_nested_branch_dag.py
[2025-12-26T22:02:14.993+0530] {processor.py:840} INFO - DAG(s) 'example_nested_branch_dag' retrieved from /home/sathya/projects/training-kit/.venv-airflow/lib/python3.10/site-packages/airflow/example_dags/example_nested_branch_dag.py
[2025-12-26T22:02:15.026+0530] {logging_mixin.py:188} INFO - [2025-12-26T22:02:15.025+0530] {dag.py:3089} INFO - Sync 1 DAGs
[2025-12-26T22:02:15.050+0530] {logging_mixin.py:188} INFO - [2025-12-26T22:02:15.048+0530] {dag.py:3947} INFO - Setting next_dagrun for example_nested_branch_dag to 2025-12-25 00:00:00+00:00, run_after=2025-12-26 00:00:00+00:00
[2025-12-26T22:02:15.085+0530] {processor.py:183} INFO - Processing /home/sathya/projects/training-kit/.venv-airflow/lib/python3.10/site-packages/airflow/example_dags/example_nested_branch_dag.py took 0.123 seconds
[2025-12-26T22:02:21.221+0530] {processor.py:161} INFO - Started process (PID=3002) to work on /home/sathya/projects/training-kit/.venv-airflow/lib/python3.10/site-packages/airflow/example_dags/example_nested_branch_dag.py
[2025-12-26T22:02:21.223+0530] {processor.py:830} INFO - Processing file /home/sathya/projects/training-kit/.venv-airflow/lib/python3.10/site-packages/airflow/example_dags/example_nested_branch_dag.py for tasks to queue
[2025-12-26T22:02:21.226+0530] {logging_mixin.py:188} INFO - [2025-12-26T22:02:21.225+0530] {dagbag.py:545} INFO - Filling up the DagBag from /home/sathya/projects/training-kit/.venv-airflow/lib/python3.10/site-packages/airflow/example_dags/example_nested_branch_dag.py
[2025-12-26T22:02:21.239+0530] {processor.py:840} INFO - DAG(s) 'example_nested_branch_dag' retrieved from /home/sathya/projects/training-kit/.venv-airflow/lib/python3.10/site-packages/airflow/example_dags/example_nested_branch_dag.py
[2025-12-26T22:02:21.259+0530] {logging_mixin.py:188} INFO - [2025-12-26T22:02:21.259+0530] {dag.py:3089} INFO - Sync 1 DAGs
[2025-12-26T22:02:21.297+0530] {logging_mixin.py:188} INFO - [2025-12-26T22:02:21.297+0530] {dag.py:3947} INFO - Setting next_dagrun for example_nested_branch_dag to 2025-12-25 00:00:00+00:00, run_after=2025-12-26 00:00:00+00:00
[2025-12-26T22:02:21.332+0530] {processor.py:183} INFO - Processing /home/sathya/projects/training-kit/.venv-airflow/lib/python3.10/site-packages/airflow/example_dags/example_nested_branch_dag.py took 0.119 seconds
[2025-12-26T22:03:04.265+0530] {processor.py:161} INFO - Started process (PID=3134) to work on /home/sathya/projects/training-kit/.venv-airflow/lib/python3.10/site-packages/airflow/example_dags/example_nested_branch_dag.py
[2025-12-26T22:03:04.272+0530] {processor.py:830} INFO - Processing file /home/sathya/projects/training-kit/.venv-airflow/lib/python3.10/site-packages/airflow/example_dags/example_nested_branch_dag.py for tasks to queue
[2025-12-26T22:03:04.275+0530] {logging_mixin.py:188} INFO - [2025-12-26T22:03:04.274+0530] {dagbag.py:545} INFO - Filling up the DagBag from /home/sathya/projects/training-kit/.venv-airflow/lib/python3.10/site-packages/airflow/example_dags/example_nested_branch_dag.py
[2025-12-26T22:03:04.291+0530] {processor.py:840} INFO - DAG(s) 'example_nested_branch_dag' retrieved from /home/sathya/projects/training-kit/.venv-airflow/lib/python3.10/site-packages/airflow/example_dags/example_nested_branch_dag.py
[2025-12-26T22:03:04.320+0530] {logging_mixin.py:188} INFO - [2025-12-26T22:03:04.319+0530] {dag.py:3089} INFO - Sync 1 DAGs
[2025-12-26T22:03:04.348+0530] {logging_mixin.py:188} INFO - [2025-12-26T22:03:04.348+0530] {dag.py:3947} INFO - Setting next_dagrun for example_nested_branch_dag to 2025-12-25 00:00:00+00:00, run_after=2025-12-26 00:00:00+00:00
[2025-12-26T22:03:04.384+0530] {processor.py:183} INFO - Processing /home/sathya/projects/training-kit/.venv-airflow/lib/python3.10/site-packages/airflow/example_dags/example_nested_branch_dag.py took 0.129 seconds
[2025-12-26T22:03:10.383+0530] {processor.py:161} INFO - Started process (PID=3152) to work on /home/sathya/projects/training-kit/.venv-airflow/lib/python3.10/site-packages/airflow/example_dags/example_nested_branch_dag.py
[2025-12-26T22:03:10.386+0530] {processor.py:830} INFO - Processing file /home/sathya/projects/training-kit/.venv-airflow/lib/python3.10/site-packages/airflow/example_dags/example_nested_branch_dag.py for tasks to queue
[2025-12-26T22:03:10.397+0530] {logging_mixin.py:188} INFO - [2025-12-26T22:03:10.397+0530] {dagbag.py:545} INFO - Filling up the DagBag from /home/sathya/projects/training-kit/.venv-airflow/lib/python3.10/site-packages/airflow/example_dags/example_nested_branch_dag.py
[2025-12-26T22:03:10.413+0530] {processor.py:840} INFO - DAG(s) 'example_nested_branch_dag' retrieved from /home/sathya/projects/training-kit/.venv-airflow/lib/python3.10/site-packages/airflow/example_dags/example_nested_branch_dag.py
[2025-12-26T22:03:10.431+0530] {logging_mixin.py:188} INFO - [2025-12-26T22:03:10.430+0530] {dag.py:3089} INFO - Sync 1 DAGs
[2025-12-26T22:03:10.461+0530] {logging_mixin.py:188} INFO - [2025-12-26T22:03:10.461+0530] {dag.py:3947} INFO - Setting next_dagrun for example_nested_branch_dag to 2025-12-25 00:00:00+00:00, run_after=2025-12-26 00:00:00+00:00
[2025-12-26T22:03:10.501+0530] {processor.py:183} INFO - Processing /home/sathya/projects/training-kit/.venv-airflow/lib/python3.10/site-packages/airflow/example_dags/example_nested_branch_dag.py took 0.136 seconds
[2025-12-26T22:03:56.976+0530] {processor.py:161} INFO - Started process (PID=3304) to work on /home/sathya/projects/training-kit/.venv-airflow/lib/python3.10/site-packages/airflow/example_dags/example_nested_branch_dag.py
[2025-12-26T22:03:56.983+0530] {processor.py:830} INFO - Processing file /home/sathya/projects/training-kit/.venv-airflow/lib/python3.10/site-packages/airflow/example_dags/example_nested_branch_dag.py for tasks to queue
[2025-12-26T22:03:56.986+0530] {logging_mixin.py:188} INFO - [2025-12-26T22:03:56.985+0530] {dagbag.py:545} INFO - Filling up the DagBag from /home/sathya/projects/training-kit/.venv-airflow/lib/python3.10/site-packages/airflow/example_dags/example_nested_branch_dag.py
[2025-12-26T22:03:57.010+0530] {processor.py:840} INFO - DAG(s) 'example_nested_branch_dag' retrieved from /home/sathya/projects/training-kit/.venv-airflow/lib/python3.10/site-packages/airflow/example_dags/example_nested_branch_dag.py
[2025-12-26T22:03:57.043+0530] {logging_mixin.py:188} INFO - [2025-12-26T22:03:57.042+0530] {dag.py:3089} INFO - Sync 1 DAGs
[2025-12-26T22:03:57.077+0530] {logging_mixin.py:188} INFO - [2025-12-26T22:03:57.077+0530] {dag.py:3947} INFO - Setting next_dagrun for example_nested_branch_dag to 2025-12-25 00:00:00+00:00, run_after=2025-12-26 00:00:00+00:00
[2025-12-26T22:03:57.123+0530] {processor.py:183} INFO - Processing /home/sathya/projects/training-kit/.venv-airflow/lib/python3.10/site-packages/airflow/example_dags/example_nested_branch_dag.py took 0.159 seconds
[2025-12-26T22:04:11.925+0530] {processor.py:161} INFO - Started process (PID=3346) to work on /home/sathya/projects/training-kit/.venv-airflow/lib/python3.10/site-packages/airflow/example_dags/example_nested_branch_dag.py
[2025-12-26T22:04:11.926+0530] {processor.py:830} INFO - Processing file /home/sathya/projects/training-kit/.venv-airflow/lib/python3.10/site-packages/airflow/example_dags/example_nested_branch_dag.py for tasks to queue
[2025-12-26T22:04:11.928+0530] {logging_mixin.py:188} INFO - [2025-12-26T22:04:11.928+0530] {dagbag.py:545} INFO - Filling up the DagBag from /home/sathya/projects/training-kit/.venv-airflow/lib/python3.10/site-packages/airflow/example_dags/example_nested_branch_dag.py
[2025-12-26T22:04:11.939+0530] {processor.py:840} INFO - DAG(s) 'example_nested_branch_dag' retrieved from /home/sathya/projects/training-kit/.venv-airflow/lib/python3.10/site-packages/airflow/example_dags/example_nested_branch_dag.py
[2025-12-26T22:04:11.959+0530] {logging_mixin.py:188} INFO - [2025-12-26T22:04:11.959+0530] {dag.py:3089} INFO - Sync 1 DAGs
[2025-12-26T22:04:11.979+0530] {logging_mixin.py:188} INFO - [2025-12-26T22:04:11.978+0530] {dag.py:3947} INFO - Setting next_dagrun for example_nested_branch_dag to 2025-12-25 00:00:00+00:00, run_after=2025-12-26 00:00:00+00:00
[2025-12-26T22:04:12.006+0530] {processor.py:183} INFO - Processing /home/sathya/projects/training-kit/.venv-airflow/lib/python3.10/site-packages/airflow/example_dags/example_nested_branch_dag.py took 0.089 seconds
[2025-12-26T22:12:49.828+0530] {processor.py:161} INFO - Started process (PID=4513) to work on /home/sathya/projects/training-kit/.venv-airflow/lib/python3.10/site-packages/airflow/example_dags/example_nested_branch_dag.py
[2025-12-26T22:12:49.829+0530] {processor.py:830} INFO - Processing file /home/sathya/projects/training-kit/.venv-airflow/lib/python3.10/site-packages/airflow/example_dags/example_nested_branch_dag.py for tasks to queue
[2025-12-26T22:12:49.831+0530] {logging_mixin.py:188} INFO - [2025-12-26T22:12:49.831+0530] {dagbag.py:545} INFO - Filling up the DagBag from /home/sathya/projects/training-kit/.venv-airflow/lib/python3.10/site-packages/airflow/example_dags/example_nested_branch_dag.py
[2025-12-26T22:12:49.851+0530] {processor.py:840} INFO - DAG(s) 'example_nested_branch_dag' retrieved from /home/sathya/projects/training-kit/.venv-airflow/lib/python3.10/site-packages/airflow/example_dags/example_nested_branch_dag.py
[2025-12-26T22:12:49.891+0530] {logging_mixin.py:188} INFO - [2025-12-26T22:12:49.891+0530] {dag.py:3089} INFO - Sync 1 DAGs
[2025-12-26T22:12:49.913+0530] {logging_mixin.py:188} INFO - [2025-12-26T22:12:49.913+0530] {dag.py:3947} INFO - Setting next_dagrun for example_nested_branch_dag to 2025-12-26 00:00:00+00:00, run_after=2025-12-27 00:00:00+00:00
[2025-12-26T22:12:49.951+0530] {processor.py:183} INFO - Processing /home/sathya/projects/training-kit/.venv-airflow/lib/python3.10/site-packages/airflow/example_dags/example_nested_branch_dag.py took 0.131 seconds
[2025-12-26T22:15:12.800+0530] {processor.py:161} INFO - Started process (PID=4891) to work on /home/sathya/projects/training-kit/.venv-airflow/lib/python3.10/site-packages/airflow/example_dags/example_nested_branch_dag.py
[2025-12-26T22:15:12.801+0530] {processor.py:830} INFO - Processing file /home/sathya/projects/training-kit/.venv-airflow/lib/python3.10/site-packages/airflow/example_dags/example_nested_branch_dag.py for tasks to queue
[2025-12-26T22:15:12.802+0530] {logging_mixin.py:188} INFO - [2025-12-26T22:15:12.802+0530] {dagbag.py:545} INFO - Filling up the DagBag from /home/sathya/projects/training-kit/.venv-airflow/lib/python3.10/site-packages/airflow/example_dags/example_nested_branch_dag.py
[2025-12-26T22:15:12.810+0530] {processor.py:840} INFO - DAG(s) 'example_nested_branch_dag' retrieved from /home/sathya/projects/training-kit/.venv-airflow/lib/python3.10/site-packages/airflow/example_dags/example_nested_branch_dag.py
[2025-12-26T22:15:12.822+0530] {logging_mixin.py:188} INFO - [2025-12-26T22:15:12.821+0530] {dag.py:3089} INFO - Sync 1 DAGs
[2025-12-26T22:15:12.834+0530] {logging_mixin.py:188} INFO - [2025-12-26T22:15:12.834+0530] {dag.py:3947} INFO - Setting next_dagrun for example_nested_branch_dag to 2025-12-26 00:00:00+00:00, run_after=2025-12-27 00:00:00+00:00
[2025-12-26T22:15:12.852+0530] {processor.py:183} INFO - Processing /home/sathya/projects/training-kit/.venv-airflow/lib/python3.10/site-packages/airflow/example_dags/example_nested_branch_dag.py took 0.057 seconds
[2025-12-26T22:18:17.126+0530] {processor.py:161} INFO - Started process (PID=5537) to work on /home/sathya/projects/training-kit/.venv-airflow/lib/python3.10/site-packages/airflow/example_dags/example_nested_branch_dag.py
[2025-12-26T22:18:17.135+0530] {processor.py:830} INFO - Processing file /home/sathya/projects/training-kit/.venv-airflow/lib/python3.10/site-packages/airflow/example_dags/example_nested_branch_dag.py for tasks to queue
[2025-12-26T22:18:17.137+0530] {logging_mixin.py:188} INFO - [2025-12-26T22:18:17.136+0530] {dagbag.py:545} INFO - Filling up the DagBag from /home/sathya/projects/training-kit/.venv-airflow/lib/python3.10/site-packages/airflow/example_dags/example_nested_branch_dag.py
[2025-12-26T22:18:17.145+0530] {processor.py:840} INFO - DAG(s) 'example_nested_branch_dag' retrieved from /home/sathya/projects/training-kit/.venv-airflow/lib/python3.10/site-packages/airflow/example_dags/example_nested_branch_dag.py
[2025-12-26T22:18:17.158+0530] {logging_mixin.py:188} INFO - [2025-12-26T22:18:17.158+0530] {dag.py:3089} INFO - Sync 1 DAGs
[2025-12-26T22:18:17.175+0530] {logging_mixin.py:188} INFO - [2025-12-26T22:18:17.175+0530] {dag.py:3947} INFO - Setting next_dagrun for example_nested_branch_dag to 2025-12-26 00:00:00+00:00, run_after=2025-12-27 00:00:00+00:00
[2025-12-26T22:18:17.199+0530] {processor.py:183} INFO - Processing /home/sathya/projects/training-kit/.venv-airflow/lib/python3.10/site-packages/airflow/example_dags/example_nested_branch_dag.py took 0.078 seconds
[2025-12-26T22:18:33.176+0530] {processor.py:161} INFO - Started process (PID=5592) to work on /home/sathya/projects/training-kit/.venv-airflow/lib/python3.10/site-packages/airflow/example_dags/example_nested_branch_dag.py
[2025-12-26T22:18:33.179+0530] {processor.py:830} INFO - Processing file /home/sathya/projects/training-kit/.venv-airflow/lib/python3.10/site-packages/airflow/example_dags/example_nested_branch_dag.py for tasks to queue
[2025-12-26T22:18:33.183+0530] {logging_mixin.py:188} INFO - [2025-12-26T22:18:33.181+0530] {dagbag.py:545} INFO - Filling up the DagBag from /home/sathya/projects/training-kit/.venv-airflow/lib/python3.10/site-packages/airflow/example_dags/example_nested_branch_dag.py
[2025-12-26T22:18:33.193+0530] {processor.py:840} INFO - DAG(s) 'example_nested_branch_dag' retrieved from /home/sathya/projects/training-kit/.venv-airflow/lib/python3.10/site-packages/airflow/example_dags/example_nested_branch_dag.py
[2025-12-26T22:18:33.233+0530] {logging_mixin.py:188} INFO - [2025-12-26T22:18:33.232+0530] {dag.py:3089} INFO - Sync 1 DAGs
[2025-12-26T22:18:33.257+0530] {logging_mixin.py:188} INFO - [2025-12-26T22:18:33.257+0530] {dag.py:3947} INFO - Setting next_dagrun for example_nested_branch_dag to 2025-12-26 00:00:00+00:00, run_after=2025-12-27 00:00:00+00:00
[2025-12-26T22:18:33.308+0530] {processor.py:183} INFO - Processing /home/sathya/projects/training-kit/.venv-airflow/lib/python3.10/site-packages/airflow/example_dags/example_nested_branch_dag.py took 0.143 seconds
[2025-12-26T22:22:35.317+0530] {processor.py:161} INFO - Started process (PID=6161) to work on /home/sathya/projects/training-kit/.venv-airflow/lib/python3.10/site-packages/airflow/example_dags/example_nested_branch_dag.py
[2025-12-26T22:22:35.318+0530] {processor.py:830} INFO - Processing file /home/sathya/projects/training-kit/.venv-airflow/lib/python3.10/site-packages/airflow/example_dags/example_nested_branch_dag.py for tasks to queue
[2025-12-26T22:22:35.320+0530] {logging_mixin.py:188} INFO - [2025-12-26T22:22:35.319+0530] {dagbag.py:545} INFO - Filling up the DagBag from /home/sathya/projects/training-kit/.venv-airflow/lib/python3.10/site-packages/airflow/example_dags/example_nested_branch_dag.py
[2025-12-26T22:22:35.328+0530] {processor.py:840} INFO - DAG(s) 'example_nested_branch_dag' retrieved from /home/sathya/projects/training-kit/.venv-airflow/lib/python3.10/site-packages/airflow/example_dags/example_nested_branch_dag.py
[2025-12-26T22:22:35.342+0530] {logging_mixin.py:188} INFO - [2025-12-26T22:22:35.342+0530] {dag.py:3089} INFO - Sync 1 DAGs
[2025-12-26T22:22:35.358+0530] {logging_mixin.py:188} INFO - [2025-12-26T22:22:35.358+0530] {dag.py:3947} INFO - Setting next_dagrun for example_nested_branch_dag to 2025-12-26 00:00:00+00:00, run_after=2025-12-27 00:00:00+00:00
[2025-12-26T22:22:35.383+0530] {processor.py:183} INFO - Processing /home/sathya/projects/training-kit/.venv-airflow/lib/python3.10/site-packages/airflow/example_dags/example_nested_branch_dag.py took 0.072 seconds
[2025-12-26T22:28:04.703+0530] {processor.py:161} INFO - Started process (PID=6859) to work on /home/sathya/projects/training-kit/.venv-airflow/lib/python3.10/site-packages/airflow/example_dags/example_nested_branch_dag.py
[2025-12-26T22:28:04.705+0530] {processor.py:830} INFO - Processing file /home/sathya/projects/training-kit/.venv-airflow/lib/python3.10/site-packages/airflow/example_dags/example_nested_branch_dag.py for tasks to queue
[2025-12-26T22:28:04.706+0530] {logging_mixin.py:188} INFO - [2025-12-26T22:28:04.706+0530] {dagbag.py:545} INFO - Filling up the DagBag from /home/sathya/projects/training-kit/.venv-airflow/lib/python3.10/site-packages/airflow/example_dags/example_nested_branch_dag.py
[2025-12-26T22:28:04.713+0530] {processor.py:840} INFO - DAG(s) 'example_nested_branch_dag' retrieved from /home/sathya/projects/training-kit/.venv-airflow/lib/python3.10/site-packages/airflow/example_dags/example_nested_branch_dag.py
[2025-12-26T22:28:04.725+0530] {logging_mixin.py:188} INFO - [2025-12-26T22:28:04.725+0530] {dag.py:3089} INFO - Sync 1 DAGs
[2025-12-26T22:28:04.738+0530] {logging_mixin.py:188} INFO - [2025-12-26T22:28:04.738+0530] {dag.py:3947} INFO - Setting next_dagrun for example_nested_branch_dag to 2025-12-26 00:00:00+00:00, run_after=2025-12-27 00:00:00+00:00
[2025-12-26T22:28:04.758+0530] {processor.py:183} INFO - Processing /home/sathya/projects/training-kit/.venv-airflow/lib/python3.10/site-packages/airflow/example_dags/example_nested_branch_dag.py took 0.059 seconds
[2025-12-26T22:33:47.891+0530] {processor.py:161} INFO - Started process (PID=7558) to work on /home/sathya/projects/training-kit/.venv-airflow/lib/python3.10/site-packages/airflow/example_dags/example_nested_branch_dag.py
[2025-12-26T22:33:47.903+0530] {processor.py:830} INFO - Processing file /home/sathya/projects/training-kit/.venv-airflow/lib/python3.10/site-packages/airflow/example_dags/example_nested_branch_dag.py for tasks to queue
[2025-12-26T22:33:47.905+0530] {logging_mixin.py:188} INFO - [2025-12-26T22:33:47.904+0530] {dagbag.py:545} INFO - Filling up the DagBag from /home/sathya/projects/training-kit/.venv-airflow/lib/python3.10/site-packages/airflow/example_dags/example_nested_branch_dag.py
[2025-12-26T22:33:47.913+0530] {processor.py:840} INFO - DAG(s) 'example_nested_branch_dag' retrieved from /home/sathya/projects/training-kit/.venv-airflow/lib/python3.10/site-packages/airflow/example_dags/example_nested_branch_dag.py
[2025-12-26T22:33:47.926+0530] {logging_mixin.py:188} INFO - [2025-12-26T22:33:47.926+0530] {dag.py:3089} INFO - Sync 1 DAGs
[2025-12-26T22:33:47.940+0530] {logging_mixin.py:188} INFO - [2025-12-26T22:33:47.940+0530] {dag.py:3947} INFO - Setting next_dagrun for example_nested_branch_dag to 2025-12-26 00:00:00+00:00, run_after=2025-12-27 00:00:00+00:00
[2025-12-26T22:33:47.958+0530] {processor.py:183} INFO - Processing /home/sathya/projects/training-kit/.venv-airflow/lib/python3.10/site-packages/airflow/example_dags/example_nested_branch_dag.py took 0.073 seconds
[2025-12-26T22:39:55.679+0530] {processor.py:161} INFO - Started process (PID=8280) to work on /home/sathya/projects/training-kit/.venv-airflow/lib/python3.10/site-packages/airflow/example_dags/example_nested_branch_dag.py
[2025-12-26T22:39:55.681+0530] {processor.py:830} INFO - Processing file /home/sathya/projects/training-kit/.venv-airflow/lib/python3.10/site-packages/airflow/example_dags/example_nested_branch_dag.py for tasks to queue
[2025-12-26T22:39:55.682+0530] {logging_mixin.py:188} INFO - [2025-12-26T22:39:55.682+0530] {dagbag.py:545} INFO - Filling up the DagBag from /home/sathya/projects/training-kit/.venv-airflow/lib/python3.10/site-packages/airflow/example_dags/example_nested_branch_dag.py
[2025-12-26T22:39:55.690+0530] {processor.py:840} INFO - DAG(s) 'example_nested_branch_dag' retrieved from /home/sathya/projects/training-kit/.venv-airflow/lib/python3.10/site-packages/airflow/example_dags/example_nested_branch_dag.py
[2025-12-26T22:39:55.703+0530] {logging_mixin.py:188} INFO - [2025-12-26T22:39:55.703+0530] {dag.py:3089} INFO - Sync 1 DAGs
[2025-12-26T22:39:55.717+0530] {logging_mixin.py:188} INFO - [2025-12-26T22:39:55.717+0530] {dag.py:3947} INFO - Setting next_dagrun for example_nested_branch_dag to 2025-12-26 00:00:00+00:00, run_after=2025-12-27 00:00:00+00:00
[2025-12-26T22:39:55.736+0530] {processor.py:183} INFO - Processing /home/sathya/projects/training-kit/.venv-airflow/lib/python3.10/site-packages/airflow/example_dags/example_nested_branch_dag.py took 0.062 seconds
[2025-12-26T22:45:39.550+0530] {processor.py:161} INFO - Started process (PID=8971) to work on /home/sathya/projects/training-kit/.venv-airflow/lib/python3.10/site-packages/airflow/example_dags/example_nested_branch_dag.py
[2025-12-26T22:45:39.551+0530] {processor.py:830} INFO - Processing file /home/sathya/projects/training-kit/.venv-airflow/lib/python3.10/site-packages/airflow/example_dags/example_nested_branch_dag.py for tasks to queue
[2025-12-26T22:45:39.552+0530] {logging_mixin.py:188} INFO - [2025-12-26T22:45:39.552+0530] {dagbag.py:545} INFO - Filling up the DagBag from /home/sathya/projects/training-kit/.venv-airflow/lib/python3.10/site-packages/airflow/example_dags/example_nested_branch_dag.py
[2025-12-26T22:45:39.561+0530] {processor.py:840} INFO - DAG(s) 'example_nested_branch_dag' retrieved from /home/sathya/projects/training-kit/.venv-airflow/lib/python3.10/site-packages/airflow/example_dags/example_nested_branch_dag.py
[2025-12-26T22:45:39.574+0530] {logging_mixin.py:188} INFO - [2025-12-26T22:45:39.574+0530] {dag.py:3089} INFO - Sync 1 DAGs
[2025-12-26T22:45:39.588+0530] {logging_mixin.py:188} INFO - [2025-12-26T22:45:39.588+0530] {dag.py:3947} INFO - Setting next_dagrun for example_nested_branch_dag to 2025-12-26 00:00:00+00:00, run_after=2025-12-27 00:00:00+00:00
[2025-12-26T22:45:39.608+0530] {processor.py:183} INFO - Processing /home/sathya/projects/training-kit/.venv-airflow/lib/python3.10/site-packages/airflow/example_dags/example_nested_branch_dag.py took 0.064 seconds
[2025-12-26T22:50:04.717+0530] {processor.py:161} INFO - Started process (PID=9549) to work on /home/sathya/projects/training-kit/.venv-airflow/lib/python3.10/site-packages/airflow/example_dags/example_nested_branch_dag.py
[2025-12-26T22:50:04.719+0530] {processor.py:830} INFO - Processing file /home/sathya/projects/training-kit/.venv-airflow/lib/python3.10/site-packages/airflow/example_dags/example_nested_branch_dag.py for tasks to queue
[2025-12-26T22:50:04.721+0530] {logging_mixin.py:188} INFO - [2025-12-26T22:50:04.721+0530] {dagbag.py:545} INFO - Filling up the DagBag from /home/sathya/projects/training-kit/.venv-airflow/lib/python3.10/site-packages/airflow/example_dags/example_nested_branch_dag.py
[2025-12-26T22:50:04.729+0530] {processor.py:840} INFO - DAG(s) 'example_nested_branch_dag' retrieved from /home/sathya/projects/training-kit/.venv-airflow/lib/python3.10/site-packages/airflow/example_dags/example_nested_branch_dag.py
[2025-12-26T22:50:04.745+0530] {logging_mixin.py:188} INFO - [2025-12-26T22:50:04.745+0530] {dag.py:3089} INFO - Sync 1 DAGs
[2025-12-26T22:50:04.759+0530] {logging_mixin.py:188} INFO - [2025-12-26T22:50:04.759+0530] {dag.py:3947} INFO - Setting next_dagrun for example_nested_branch_dag to 2025-12-26 00:00:00+00:00, run_after=2025-12-27 00:00:00+00:00
[2025-12-26T22:50:04.785+0530] {processor.py:183} INFO - Processing /home/sathya/projects/training-kit/.venv-airflow/lib/python3.10/site-packages/airflow/example_dags/example_nested_branch_dag.py took 0.073 seconds
[2025-12-26T22:56:04.828+0530] {processor.py:161} INFO - Started process (PID=10231) to work on /home/sathya/projects/training-kit/.venv-airflow/lib/python3.10/site-packages/airflow/example_dags/example_nested_branch_dag.py
[2025-12-26T22:56:04.830+0530] {processor.py:830} INFO - Processing file /home/sathya/projects/training-kit/.venv-airflow/lib/python3.10/site-packages/airflow/example_dags/example_nested_branch_dag.py for tasks to queue
[2025-12-26T22:56:04.831+0530] {logging_mixin.py:188} INFO - [2025-12-26T22:56:04.831+0530] {dagbag.py:545} INFO - Filling up the DagBag from /home/sathya/projects/training-kit/.venv-airflow/lib/python3.10/site-packages/airflow/example_dags/example_nested_branch_dag.py
[2025-12-26T22:56:04.842+0530] {processor.py:840} INFO - DAG(s) 'example_nested_branch_dag' retrieved from /home/sathya/projects/training-kit/.venv-airflow/lib/python3.10/site-packages/airflow/example_dags/example_nested_branch_dag.py
[2025-12-26T22:56:04.857+0530] {logging_mixin.py:188} INFO - [2025-12-26T22:56:04.856+0530] {dag.py:3089} INFO - Sync 1 DAGs
[2025-12-26T22:56:04.873+0530] {logging_mixin.py:188} INFO - [2025-12-26T22:56:04.872+0530] {dag.py:3947} INFO - Setting next_dagrun for example_nested_branch_dag to 2025-12-26 00:00:00+00:00, run_after=2025-12-27 00:00:00+00:00
[2025-12-26T22:56:04.893+0530] {processor.py:183} INFO - Processing /home/sathya/projects/training-kit/.venv-airflow/lib/python3.10/site-packages/airflow/example_dags/example_nested_branch_dag.py took 0.071 seconds
[2025-12-26T23:04:01.627+0530] {processor.py:161} INFO - Started process (PID=11011) to work on /home/sathya/projects/training-kit/.venv-airflow/lib/python3.10/site-packages/airflow/example_dags/example_nested_branch_dag.py
[2025-12-26T23:04:01.629+0530] {processor.py:830} INFO - Processing file /home/sathya/projects/training-kit/.venv-airflow/lib/python3.10/site-packages/airflow/example_dags/example_nested_branch_dag.py for tasks to queue
[2025-12-26T23:04:01.632+0530] {logging_mixin.py:188} INFO - [2025-12-26T23:04:01.631+0530] {dagbag.py:545} INFO - Filling up the DagBag from /home/sathya/projects/training-kit/.venv-airflow/lib/python3.10/site-packages/airflow/example_dags/example_nested_branch_dag.py
[2025-12-26T23:04:01.665+0530] {processor.py:840} INFO - DAG(s) 'example_nested_branch_dag' retrieved from /home/sathya/projects/training-kit/.venv-airflow/lib/python3.10/site-packages/airflow/example_dags/example_nested_branch_dag.py
[2025-12-26T23:04:01.686+0530] {logging_mixin.py:188} INFO - [2025-12-26T23:04:01.685+0530] {dag.py:3089} INFO - Sync 1 DAGs
[2025-12-26T23:04:01.716+0530] {logging_mixin.py:188} INFO - [2025-12-26T23:04:01.715+0530] {dag.py:3947} INFO - Setting next_dagrun for example_nested_branch_dag to 2025-12-26 00:00:00+00:00, run_after=2025-12-27 00:00:00+00:00
[2025-12-26T23:04:01.751+0530] {processor.py:183} INFO - Processing /home/sathya/projects/training-kit/.venv-airflow/lib/python3.10/site-packages/airflow/example_dags/example_nested_branch_dag.py took 0.135 seconds
[2025-12-26T23:10:01.809+0530] {processor.py:161} INFO - Started process (PID=11683) to work on /home/sathya/projects/training-kit/.venv-airflow/lib/python3.10/site-packages/airflow/example_dags/example_nested_branch_dag.py
[2025-12-26T23:10:01.811+0530] {processor.py:830} INFO - Processing file /home/sathya/projects/training-kit/.venv-airflow/lib/python3.10/site-packages/airflow/example_dags/example_nested_branch_dag.py for tasks to queue
[2025-12-26T23:10:01.814+0530] {logging_mixin.py:188} INFO - [2025-12-26T23:10:01.814+0530] {dagbag.py:545} INFO - Filling up the DagBag from /home/sathya/projects/training-kit/.venv-airflow/lib/python3.10/site-packages/airflow/example_dags/example_nested_branch_dag.py
[2025-12-26T23:10:01.823+0530] {processor.py:840} INFO - DAG(s) 'example_nested_branch_dag' retrieved from /home/sathya/projects/training-kit/.venv-airflow/lib/python3.10/site-packages/airflow/example_dags/example_nested_branch_dag.py
[2025-12-26T23:10:01.847+0530] {logging_mixin.py:188} INFO - [2025-12-26T23:10:01.846+0530] {dag.py:3089} INFO - Sync 1 DAGs
[2025-12-26T23:10:01.869+0530] {logging_mixin.py:188} INFO - [2025-12-26T23:10:01.869+0530] {dag.py:3947} INFO - Setting next_dagrun for example_nested_branch_dag to 2025-12-26 00:00:00+00:00, run_after=2025-12-27 00:00:00+00:00
[2025-12-26T23:10:01.893+0530] {processor.py:183} INFO - Processing /home/sathya/projects/training-kit/.venv-airflow/lib/python3.10/site-packages/airflow/example_dags/example_nested_branch_dag.py took 0.090 seconds
