[2025-12-26T21:52:49.913+0530] {processor.py:161} INFO - Started process (PID=1340) to work on /home/sathya/projects/training-kit/.venv-airflow/lib/python3.10/site-packages/airflow/example_dags/example_params_ui_tutorial.py
[2025-12-26T21:52:49.914+0530] {processor.py:830} INFO - Processing file /home/sathya/projects/training-kit/.venv-airflow/lib/python3.10/site-packages/airflow/example_dags/example_params_ui_tutorial.py for tasks to queue
[2025-12-26T21:52:49.915+0530] {logging_mixin.py:188} INFO - [2025-12-26T21:52:49.915+0530] {dagbag.py:545} INFO - Filling up the DagBag from /home/sathya/projects/training-kit/.venv-airflow/lib/python3.10/site-packages/airflow/example_dags/example_params_ui_tutorial.py
[2025-12-26T21:52:49.930+0530] {processor.py:840} INFO - DAG(s) 'example_params_ui_tutorial' retrieved from /home/sathya/projects/training-kit/.venv-airflow/lib/python3.10/site-packages/airflow/example_dags/example_params_ui_tutorial.py
[2025-12-26T21:52:49.977+0530] {logging_mixin.py:188} INFO - [2025-12-26T21:52:49.977+0530] {dag.py:3089} INFO - Sync 1 DAGs
[2025-12-26T21:52:49.989+0530] {logging_mixin.py:188} INFO - [2025-12-26T21:52:49.989+0530] {dag.py:3947} INFO - Setting next_dagrun for example_params_ui_tutorial to None, run_after=None
[2025-12-26T21:52:50.021+0530] {processor.py:183} INFO - Processing /home/sathya/projects/training-kit/.venv-airflow/lib/python3.10/site-packages/airflow/example_dags/example_params_ui_tutorial.py took 0.121 seconds
[2025-12-26T21:53:44.493+0530] {processor.py:161} INFO - Started process (PID=1471) to work on /home/sathya/projects/training-kit/.venv-airflow/lib/python3.10/site-packages/airflow/example_dags/example_params_ui_tutorial.py
[2025-12-26T21:53:44.500+0530] {processor.py:830} INFO - Processing file /home/sathya/projects/training-kit/.venv-airflow/lib/python3.10/site-packages/airflow/example_dags/example_params_ui_tutorial.py for tasks to queue
[2025-12-26T21:53:44.502+0530] {logging_mixin.py:188} INFO - [2025-12-26T21:53:44.502+0530] {dagbag.py:545} INFO - Filling up the DagBag from /home/sathya/projects/training-kit/.venv-airflow/lib/python3.10/site-packages/airflow/example_dags/example_params_ui_tutorial.py
[2025-12-26T21:53:44.509+0530] {processor.py:840} INFO - DAG(s) 'example_params_ui_tutorial' retrieved from /home/sathya/projects/training-kit/.venv-airflow/lib/python3.10/site-packages/airflow/example_dags/example_params_ui_tutorial.py
[2025-12-26T21:53:44.552+0530] {logging_mixin.py:188} INFO - [2025-12-26T21:53:44.551+0530] {dag.py:3089} INFO - Sync 1 DAGs
[2025-12-26T21:53:44.660+0530] {logging_mixin.py:188} INFO - [2025-12-26T21:53:44.660+0530] {dag.py:3947} INFO - Setting next_dagrun for example_params_ui_tutorial to None, run_after=None
[2025-12-26T21:53:44.694+0530] {processor.py:183} INFO - Processing /home/sathya/projects/training-kit/.venv-airflow/lib/python3.10/site-packages/airflow/example_dags/example_params_ui_tutorial.py took 0.207 seconds
[2025-12-26T21:54:39.027+0530] {processor.py:161} INFO - Started process (PID=1581) to work on /home/sathya/projects/training-kit/.venv-airflow/lib/python3.10/site-packages/airflow/example_dags/example_params_ui_tutorial.py
[2025-12-26T21:54:39.034+0530] {processor.py:830} INFO - Processing file /home/sathya/projects/training-kit/.venv-airflow/lib/python3.10/site-packages/airflow/example_dags/example_params_ui_tutorial.py for tasks to queue
[2025-12-26T21:54:39.036+0530] {logging_mixin.py:188} INFO - [2025-12-26T21:54:39.036+0530] {dagbag.py:545} INFO - Filling up the DagBag from /home/sathya/projects/training-kit/.venv-airflow/lib/python3.10/site-packages/airflow/example_dags/example_params_ui_tutorial.py
[2025-12-26T21:54:39.043+0530] {processor.py:840} INFO - DAG(s) 'example_params_ui_tutorial' retrieved from /home/sathya/projects/training-kit/.venv-airflow/lib/python3.10/site-packages/airflow/example_dags/example_params_ui_tutorial.py
[2025-12-26T21:54:39.079+0530] {logging_mixin.py:188} INFO - [2025-12-26T21:54:39.079+0530] {dag.py:3089} INFO - Sync 1 DAGs
[2025-12-26T21:54:39.089+0530] {logging_mixin.py:188} INFO - [2025-12-26T21:54:39.088+0530] {dag.py:3947} INFO - Setting next_dagrun for example_params_ui_tutorial to None, run_after=None
[2025-12-26T21:54:39.114+0530] {processor.py:183} INFO - Processing /home/sathya/projects/training-kit/.venv-airflow/lib/python3.10/site-packages/airflow/example_dags/example_params_ui_tutorial.py took 0.093 seconds
[2025-12-26T21:55:47.005+0530] {processor.py:161} INFO - Started process (PID=1770) to work on /home/sathya/projects/training-kit/.venv-airflow/lib/python3.10/site-packages/airflow/example_dags/example_params_ui_tutorial.py
[2025-12-26T21:55:47.012+0530] {processor.py:830} INFO - Processing file /home/sathya/projects/training-kit/.venv-airflow/lib/python3.10/site-packages/airflow/example_dags/example_params_ui_tutorial.py for tasks to queue
[2025-12-26T21:55:47.015+0530] {logging_mixin.py:188} INFO - [2025-12-26T21:55:47.015+0530] {dagbag.py:545} INFO - Filling up the DagBag from /home/sathya/projects/training-kit/.venv-airflow/lib/python3.10/site-packages/airflow/example_dags/example_params_ui_tutorial.py
[2025-12-26T21:55:47.031+0530] {processor.py:840} INFO - DAG(s) 'example_params_ui_tutorial' retrieved from /home/sathya/projects/training-kit/.venv-airflow/lib/python3.10/site-packages/airflow/example_dags/example_params_ui_tutorial.py
[2025-12-26T21:55:47.113+0530] {logging_mixin.py:188} INFO - [2025-12-26T21:55:47.112+0530] {dag.py:3089} INFO - Sync 1 DAGs
[2025-12-26T21:55:47.129+0530] {logging_mixin.py:188} INFO - [2025-12-26T21:55:47.129+0530] {dag.py:3947} INFO - Setting next_dagrun for example_params_ui_tutorial to None, run_after=None
[2025-12-26T21:55:47.166+0530] {processor.py:183} INFO - Processing /home/sathya/projects/training-kit/.venv-airflow/lib/python3.10/site-packages/airflow/example_dags/example_params_ui_tutorial.py took 0.172 seconds
[2025-12-26T21:55:52.896+0530] {processor.py:161} INFO - Started process (PID=1785) to work on /home/sathya/projects/training-kit/.venv-airflow/lib/python3.10/site-packages/airflow/example_dags/example_params_ui_tutorial.py
[2025-12-26T21:55:52.898+0530] {processor.py:830} INFO - Processing file /home/sathya/projects/training-kit/.venv-airflow/lib/python3.10/site-packages/airflow/example_dags/example_params_ui_tutorial.py for tasks to queue
[2025-12-26T21:55:52.900+0530] {logging_mixin.py:188} INFO - [2025-12-26T21:55:52.900+0530] {dagbag.py:545} INFO - Filling up the DagBag from /home/sathya/projects/training-kit/.venv-airflow/lib/python3.10/site-packages/airflow/example_dags/example_params_ui_tutorial.py
[2025-12-26T21:55:52.914+0530] {processor.py:840} INFO - DAG(s) 'example_params_ui_tutorial' retrieved from /home/sathya/projects/training-kit/.venv-airflow/lib/python3.10/site-packages/airflow/example_dags/example_params_ui_tutorial.py
[2025-12-26T21:55:52.971+0530] {logging_mixin.py:188} INFO - [2025-12-26T21:55:52.971+0530] {dag.py:3089} INFO - Sync 1 DAGs
[2025-12-26T21:55:52.987+0530] {logging_mixin.py:188} INFO - [2025-12-26T21:55:52.987+0530] {dag.py:3947} INFO - Setting next_dagrun for example_params_ui_tutorial to None, run_after=None
[2025-12-26T21:55:53.030+0530] {processor.py:183} INFO - Processing /home/sathya/projects/training-kit/.venv-airflow/lib/python3.10/site-packages/airflow/example_dags/example_params_ui_tutorial.py took 0.148 seconds
[2025-12-26T21:56:42.634+0530] {processor.py:161} INFO - Started process (PID=1930) to work on /home/sathya/projects/training-kit/.venv-airflow/lib/python3.10/site-packages/airflow/example_dags/example_params_ui_tutorial.py
[2025-12-26T21:56:42.640+0530] {processor.py:830} INFO - Processing file /home/sathya/projects/training-kit/.venv-airflow/lib/python3.10/site-packages/airflow/example_dags/example_params_ui_tutorial.py for tasks to queue
[2025-12-26T21:56:42.645+0530] {logging_mixin.py:188} INFO - [2025-12-26T21:56:42.645+0530] {dagbag.py:545} INFO - Filling up the DagBag from /home/sathya/projects/training-kit/.venv-airflow/lib/python3.10/site-packages/airflow/example_dags/example_params_ui_tutorial.py
[2025-12-26T21:56:42.662+0530] {processor.py:840} INFO - DAG(s) 'example_params_ui_tutorial' retrieved from /home/sathya/projects/training-kit/.venv-airflow/lib/python3.10/site-packages/airflow/example_dags/example_params_ui_tutorial.py
[2025-12-26T21:56:42.732+0530] {logging_mixin.py:188} INFO - [2025-12-26T21:56:42.731+0530] {dag.py:3089} INFO - Sync 1 DAGs
[2025-12-26T21:56:42.927+0530] {logging_mixin.py:188} INFO - [2025-12-26T21:56:42.926+0530] {dag.py:3947} INFO - Setting next_dagrun for example_params_ui_tutorial to None, run_after=None
[2025-12-26T21:56:43.023+0530] {processor.py:183} INFO - Processing /home/sathya/projects/training-kit/.venv-airflow/lib/python3.10/site-packages/airflow/example_dags/example_params_ui_tutorial.py took 0.396 seconds
[2025-12-26T21:57:09.241+0530] {processor.py:161} INFO - Started process (PID=2007) to work on /home/sathya/projects/training-kit/.venv-airflow/lib/python3.10/site-packages/airflow/example_dags/example_params_ui_tutorial.py
[2025-12-26T21:57:09.254+0530] {processor.py:830} INFO - Processing file /home/sathya/projects/training-kit/.venv-airflow/lib/python3.10/site-packages/airflow/example_dags/example_params_ui_tutorial.py for tasks to queue
[2025-12-26T21:57:09.256+0530] {logging_mixin.py:188} INFO - [2025-12-26T21:57:09.256+0530] {dagbag.py:545} INFO - Filling up the DagBag from /home/sathya/projects/training-kit/.venv-airflow/lib/python3.10/site-packages/airflow/example_dags/example_params_ui_tutorial.py
[2025-12-26T21:57:09.269+0530] {processor.py:840} INFO - DAG(s) 'example_params_ui_tutorial' retrieved from /home/sathya/projects/training-kit/.venv-airflow/lib/python3.10/site-packages/airflow/example_dags/example_params_ui_tutorial.py
[2025-12-26T21:57:09.312+0530] {logging_mixin.py:188} INFO - [2025-12-26T21:57:09.312+0530] {dag.py:3089} INFO - Sync 1 DAGs
[2025-12-26T21:57:09.327+0530] {logging_mixin.py:188} INFO - [2025-12-26T21:57:09.327+0530] {dag.py:3947} INFO - Setting next_dagrun for example_params_ui_tutorial to None, run_after=None
[2025-12-26T21:57:09.360+0530] {processor.py:183} INFO - Processing /home/sathya/projects/training-kit/.venv-airflow/lib/python3.10/site-packages/airflow/example_dags/example_params_ui_tutorial.py took 0.126 seconds
[2025-12-26T21:57:46.180+0530] {processor.py:161} INFO - Started process (PID=2116) to work on /home/sathya/projects/training-kit/.venv-airflow/lib/python3.10/site-packages/airflow/example_dags/example_params_ui_tutorial.py
[2025-12-26T21:57:46.182+0530] {processor.py:830} INFO - Processing file /home/sathya/projects/training-kit/.venv-airflow/lib/python3.10/site-packages/airflow/example_dags/example_params_ui_tutorial.py for tasks to queue
[2025-12-26T21:57:46.184+0530] {logging_mixin.py:188} INFO - [2025-12-26T21:57:46.183+0530] {dagbag.py:545} INFO - Filling up the DagBag from /home/sathya/projects/training-kit/.venv-airflow/lib/python3.10/site-packages/airflow/example_dags/example_params_ui_tutorial.py
[2025-12-26T21:57:46.194+0530] {processor.py:840} INFO - DAG(s) 'example_params_ui_tutorial' retrieved from /home/sathya/projects/training-kit/.venv-airflow/lib/python3.10/site-packages/airflow/example_dags/example_params_ui_tutorial.py
[2025-12-26T21:57:46.233+0530] {logging_mixin.py:188} INFO - [2025-12-26T21:57:46.233+0530] {dag.py:3089} INFO - Sync 1 DAGs
[2025-12-26T21:57:46.243+0530] {logging_mixin.py:188} INFO - [2025-12-26T21:57:46.243+0530] {dag.py:3947} INFO - Setting next_dagrun for example_params_ui_tutorial to None, run_after=None
[2025-12-26T21:57:46.267+0530] {processor.py:183} INFO - Processing /home/sathya/projects/training-kit/.venv-airflow/lib/python3.10/site-packages/airflow/example_dags/example_params_ui_tutorial.py took 0.097 seconds
[2025-12-26T21:58:18.189+0530] {processor.py:161} INFO - Started process (PID=2221) to work on /home/sathya/projects/training-kit/.venv-airflow/lib/python3.10/site-packages/airflow/example_dags/example_params_ui_tutorial.py
[2025-12-26T21:58:18.196+0530] {processor.py:830} INFO - Processing file /home/sathya/projects/training-kit/.venv-airflow/lib/python3.10/site-packages/airflow/example_dags/example_params_ui_tutorial.py for tasks to queue
[2025-12-26T21:58:18.198+0530] {logging_mixin.py:188} INFO - [2025-12-26T21:58:18.198+0530] {dagbag.py:545} INFO - Filling up the DagBag from /home/sathya/projects/training-kit/.venv-airflow/lib/python3.10/site-packages/airflow/example_dags/example_params_ui_tutorial.py
[2025-12-26T21:58:18.210+0530] {processor.py:840} INFO - DAG(s) 'example_params_ui_tutorial' retrieved from /home/sathya/projects/training-kit/.venv-airflow/lib/python3.10/site-packages/airflow/example_dags/example_params_ui_tutorial.py
[2025-12-26T21:58:18.305+0530] {logging_mixin.py:188} INFO - [2025-12-26T21:58:18.305+0530] {dag.py:3089} INFO - Sync 1 DAGs
[2025-12-26T21:58:18.319+0530] {logging_mixin.py:188} INFO - [2025-12-26T21:58:18.319+0530] {dag.py:3947} INFO - Setting next_dagrun for example_params_ui_tutorial to None, run_after=None
[2025-12-26T21:58:18.351+0530] {processor.py:183} INFO - Processing /home/sathya/projects/training-kit/.venv-airflow/lib/python3.10/site-packages/airflow/example_dags/example_params_ui_tutorial.py took 0.172 seconds
[2025-12-26T21:58:54.107+0530] {processor.py:161} INFO - Started process (PID=2336) to work on /home/sathya/projects/training-kit/.venv-airflow/lib/python3.10/site-packages/airflow/example_dags/example_params_ui_tutorial.py
[2025-12-26T21:58:54.114+0530] {processor.py:830} INFO - Processing file /home/sathya/projects/training-kit/.venv-airflow/lib/python3.10/site-packages/airflow/example_dags/example_params_ui_tutorial.py for tasks to queue
[2025-12-26T21:58:54.117+0530] {logging_mixin.py:188} INFO - [2025-12-26T21:58:54.116+0530] {dagbag.py:545} INFO - Filling up the DagBag from /home/sathya/projects/training-kit/.venv-airflow/lib/python3.10/site-packages/airflow/example_dags/example_params_ui_tutorial.py
[2025-12-26T21:58:54.132+0530] {processor.py:840} INFO - DAG(s) 'example_params_ui_tutorial' retrieved from /home/sathya/projects/training-kit/.venv-airflow/lib/python3.10/site-packages/airflow/example_dags/example_params_ui_tutorial.py
[2025-12-26T21:58:54.196+0530] {logging_mixin.py:188} INFO - [2025-12-26T21:58:54.196+0530] {dag.py:3089} INFO - Sync 1 DAGs
[2025-12-26T21:58:54.213+0530] {logging_mixin.py:188} INFO - [2025-12-26T21:58:54.212+0530] {dag.py:3947} INFO - Setting next_dagrun for example_params_ui_tutorial to None, run_after=None
[2025-12-26T21:58:54.265+0530] {processor.py:183} INFO - Processing /home/sathya/projects/training-kit/.venv-airflow/lib/python3.10/site-packages/airflow/example_dags/example_params_ui_tutorial.py took 0.172 seconds
[2025-12-26T21:59:10.564+0530] {processor.py:161} INFO - Started process (PID=2387) to work on /home/sathya/projects/training-kit/.venv-airflow/lib/python3.10/site-packages/airflow/example_dags/example_params_ui_tutorial.py
[2025-12-26T21:59:10.567+0530] {processor.py:830} INFO - Processing file /home/sathya/projects/training-kit/.venv-airflow/lib/python3.10/site-packages/airflow/example_dags/example_params_ui_tutorial.py for tasks to queue
[2025-12-26T21:59:10.569+0530] {logging_mixin.py:188} INFO - [2025-12-26T21:59:10.568+0530] {dagbag.py:545} INFO - Filling up the DagBag from /home/sathya/projects/training-kit/.venv-airflow/lib/python3.10/site-packages/airflow/example_dags/example_params_ui_tutorial.py
[2025-12-26T21:59:10.578+0530] {processor.py:840} INFO - DAG(s) 'example_params_ui_tutorial' retrieved from /home/sathya/projects/training-kit/.venv-airflow/lib/python3.10/site-packages/airflow/example_dags/example_params_ui_tutorial.py
[2025-12-26T21:59:10.624+0530] {logging_mixin.py:188} INFO - [2025-12-26T21:59:10.623+0530] {dag.py:3089} INFO - Sync 1 DAGs
[2025-12-26T21:59:10.638+0530] {logging_mixin.py:188} INFO - [2025-12-26T21:59:10.638+0530] {dag.py:3947} INFO - Setting next_dagrun for example_params_ui_tutorial to None, run_after=None
[2025-12-26T21:59:10.680+0530] {processor.py:183} INFO - Processing /home/sathya/projects/training-kit/.venv-airflow/lib/python3.10/site-packages/airflow/example_dags/example_params_ui_tutorial.py took 0.126 seconds
[2025-12-26T21:59:59.707+0530] {processor.py:161} INFO - Started process (PID=2552) to work on /home/sathya/projects/training-kit/.venv-airflow/lib/python3.10/site-packages/airflow/example_dags/example_params_ui_tutorial.py
[2025-12-26T21:59:59.715+0530] {processor.py:830} INFO - Processing file /home/sathya/projects/training-kit/.venv-airflow/lib/python3.10/site-packages/airflow/example_dags/example_params_ui_tutorial.py for tasks to queue
[2025-12-26T21:59:59.718+0530] {logging_mixin.py:188} INFO - [2025-12-26T21:59:59.718+0530] {dagbag.py:545} INFO - Filling up the DagBag from /home/sathya/projects/training-kit/.venv-airflow/lib/python3.10/site-packages/airflow/example_dags/example_params_ui_tutorial.py
[2025-12-26T21:59:59.739+0530] {processor.py:840} INFO - DAG(s) 'example_params_ui_tutorial' retrieved from /home/sathya/projects/training-kit/.venv-airflow/lib/python3.10/site-packages/airflow/example_dags/example_params_ui_tutorial.py
[2025-12-26T21:59:59.790+0530] {logging_mixin.py:188} INFO - [2025-12-26T21:59:59.790+0530] {dag.py:3089} INFO - Sync 1 DAGs
[2025-12-26T21:59:59.806+0530] {logging_mixin.py:188} INFO - [2025-12-26T21:59:59.806+0530] {dag.py:3947} INFO - Setting next_dagrun for example_params_ui_tutorial to None, run_after=None
[2025-12-26T21:59:59.851+0530] {processor.py:183} INFO - Processing /home/sathya/projects/training-kit/.venv-airflow/lib/python3.10/site-packages/airflow/example_dags/example_params_ui_tutorial.py took 0.155 seconds
[2025-12-26T22:00:22.558+0530] {processor.py:161} INFO - Started process (PID=2637) to work on /home/sathya/projects/training-kit/.venv-airflow/lib/python3.10/site-packages/airflow/example_dags/example_params_ui_tutorial.py
[2025-12-26T22:00:22.559+0530] {processor.py:830} INFO - Processing file /home/sathya/projects/training-kit/.venv-airflow/lib/python3.10/site-packages/airflow/example_dags/example_params_ui_tutorial.py for tasks to queue
[2025-12-26T22:00:22.561+0530] {logging_mixin.py:188} INFO - [2025-12-26T22:00:22.561+0530] {dagbag.py:545} INFO - Filling up the DagBag from /home/sathya/projects/training-kit/.venv-airflow/lib/python3.10/site-packages/airflow/example_dags/example_params_ui_tutorial.py
[2025-12-26T22:00:22.570+0530] {processor.py:840} INFO - DAG(s) 'example_params_ui_tutorial' retrieved from /home/sathya/projects/training-kit/.venv-airflow/lib/python3.10/site-packages/airflow/example_dags/example_params_ui_tutorial.py
[2025-12-26T22:00:22.619+0530] {logging_mixin.py:188} INFO - [2025-12-26T22:00:22.618+0530] {dag.py:3089} INFO - Sync 1 DAGs
[2025-12-26T22:00:22.636+0530] {logging_mixin.py:188} INFO - [2025-12-26T22:00:22.635+0530] {dag.py:3947} INFO - Setting next_dagrun for example_params_ui_tutorial to None, run_after=None
[2025-12-26T22:00:22.676+0530] {processor.py:183} INFO - Processing /home/sathya/projects/training-kit/.venv-airflow/lib/python3.10/site-packages/airflow/example_dags/example_params_ui_tutorial.py took 0.128 seconds
[2025-12-26T22:00:50.891+0530] {processor.py:161} INFO - Started process (PID=2729) to work on /home/sathya/projects/training-kit/.venv-airflow/lib/python3.10/site-packages/airflow/example_dags/example_params_ui_tutorial.py
[2025-12-26T22:00:50.898+0530] {processor.py:830} INFO - Processing file /home/sathya/projects/training-kit/.venv-airflow/lib/python3.10/site-packages/airflow/example_dags/example_params_ui_tutorial.py for tasks to queue
[2025-12-26T22:00:50.902+0530] {logging_mixin.py:188} INFO - [2025-12-26T22:00:50.901+0530] {dagbag.py:545} INFO - Filling up the DagBag from /home/sathya/projects/training-kit/.venv-airflow/lib/python3.10/site-packages/airflow/example_dags/example_params_ui_tutorial.py
[2025-12-26T22:00:50.912+0530] {processor.py:840} INFO - DAG(s) 'example_params_ui_tutorial' retrieved from /home/sathya/projects/training-kit/.venv-airflow/lib/python3.10/site-packages/airflow/example_dags/example_params_ui_tutorial.py
[2025-12-26T22:00:50.955+0530] {logging_mixin.py:188} INFO - [2025-12-26T22:00:50.955+0530] {dag.py:3089} INFO - Sync 1 DAGs
[2025-12-26T22:00:50.967+0530] {logging_mixin.py:188} INFO - [2025-12-26T22:00:50.967+0530] {dag.py:3947} INFO - Setting next_dagrun for example_params_ui_tutorial to None, run_after=None
[2025-12-26T22:00:51.002+0530] {processor.py:183} INFO - Processing /home/sathya/projects/training-kit/.venv-airflow/lib/python3.10/site-packages/airflow/example_dags/example_params_ui_tutorial.py took 0.121 seconds
[2025-12-26T22:01:33.247+0530] {processor.py:161} INFO - Started process (PID=2859) to work on /home/sathya/projects/training-kit/.venv-airflow/lib/python3.10/site-packages/airflow/example_dags/example_params_ui_tutorial.py
[2025-12-26T22:01:33.251+0530] {processor.py:830} INFO - Processing file /home/sathya/projects/training-kit/.venv-airflow/lib/python3.10/site-packages/airflow/example_dags/example_params_ui_tutorial.py for tasks to queue
[2025-12-26T22:01:33.254+0530] {logging_mixin.py:188} INFO - [2025-12-26T22:01:33.253+0530] {dagbag.py:545} INFO - Filling up the DagBag from /home/sathya/projects/training-kit/.venv-airflow/lib/python3.10/site-packages/airflow/example_dags/example_params_ui_tutorial.py
[2025-12-26T22:01:33.266+0530] {processor.py:840} INFO - DAG(s) 'example_params_ui_tutorial' retrieved from /home/sathya/projects/training-kit/.venv-airflow/lib/python3.10/site-packages/airflow/example_dags/example_params_ui_tutorial.py
[2025-12-26T22:01:33.318+0530] {logging_mixin.py:188} INFO - [2025-12-26T22:01:33.318+0530] {dag.py:3089} INFO - Sync 1 DAGs
[2025-12-26T22:01:33.332+0530] {logging_mixin.py:188} INFO - [2025-12-26T22:01:33.331+0530] {dag.py:3947} INFO - Setting next_dagrun for example_params_ui_tutorial to None, run_after=None
[2025-12-26T22:01:33.361+0530] {processor.py:183} INFO - Processing /home/sathya/projects/training-kit/.venv-airflow/lib/python3.10/site-packages/airflow/example_dags/example_params_ui_tutorial.py took 0.126 seconds
[2025-12-26T22:02:03.348+0530] {processor.py:161} INFO - Started process (PID=2947) to work on /home/sathya/projects/training-kit/.venv-airflow/lib/python3.10/site-packages/airflow/example_dags/example_params_ui_tutorial.py
[2025-12-26T22:02:03.351+0530] {processor.py:830} INFO - Processing file /home/sathya/projects/training-kit/.venv-airflow/lib/python3.10/site-packages/airflow/example_dags/example_params_ui_tutorial.py for tasks to queue
[2025-12-26T22:02:03.354+0530] {logging_mixin.py:188} INFO - [2025-12-26T22:02:03.353+0530] {dagbag.py:545} INFO - Filling up the DagBag from /home/sathya/projects/training-kit/.venv-airflow/lib/python3.10/site-packages/airflow/example_dags/example_params_ui_tutorial.py
[2025-12-26T22:02:03.365+0530] {processor.py:840} INFO - DAG(s) 'example_params_ui_tutorial' retrieved from /home/sathya/projects/training-kit/.venv-airflow/lib/python3.10/site-packages/airflow/example_dags/example_params_ui_tutorial.py
[2025-12-26T22:02:03.427+0530] {logging_mixin.py:188} INFO - [2025-12-26T22:02:03.426+0530] {dag.py:3089} INFO - Sync 1 DAGs
[2025-12-26T22:02:03.439+0530] {logging_mixin.py:188} INFO - [2025-12-26T22:02:03.439+0530] {dag.py:3947} INFO - Setting next_dagrun for example_params_ui_tutorial to None, run_after=None
[2025-12-26T22:02:03.484+0530] {processor.py:183} INFO - Processing /home/sathya/projects/training-kit/.venv-airflow/lib/python3.10/site-packages/airflow/example_dags/example_params_ui_tutorial.py took 0.147 seconds
[2025-12-26T22:02:43.384+0530] {processor.py:161} INFO - Started process (PID=3074) to work on /home/sathya/projects/training-kit/.venv-airflow/lib/python3.10/site-packages/airflow/example_dags/example_params_ui_tutorial.py
[2025-12-26T22:02:43.393+0530] {processor.py:830} INFO - Processing file /home/sathya/projects/training-kit/.venv-airflow/lib/python3.10/site-packages/airflow/example_dags/example_params_ui_tutorial.py for tasks to queue
[2025-12-26T22:02:43.396+0530] {logging_mixin.py:188} INFO - [2025-12-26T22:02:43.395+0530] {dagbag.py:545} INFO - Filling up the DagBag from /home/sathya/projects/training-kit/.venv-airflow/lib/python3.10/site-packages/airflow/example_dags/example_params_ui_tutorial.py
[2025-12-26T22:02:43.411+0530] {processor.py:840} INFO - DAG(s) 'example_params_ui_tutorial' retrieved from /home/sathya/projects/training-kit/.venv-airflow/lib/python3.10/site-packages/airflow/example_dags/example_params_ui_tutorial.py
[2025-12-26T22:02:43.469+0530] {logging_mixin.py:188} INFO - [2025-12-26T22:02:43.468+0530] {dag.py:3089} INFO - Sync 1 DAGs
[2025-12-26T22:02:43.486+0530] {logging_mixin.py:188} INFO - [2025-12-26T22:02:43.485+0530] {dag.py:3947} INFO - Setting next_dagrun for example_params_ui_tutorial to None, run_after=None
[2025-12-26T22:02:43.530+0530] {processor.py:183} INFO - Processing /home/sathya/projects/training-kit/.venv-airflow/lib/python3.10/site-packages/airflow/example_dags/example_params_ui_tutorial.py took 0.158 seconds
[2025-12-26T22:03:14.944+0530] {processor.py:161} INFO - Started process (PID=3170) to work on /home/sathya/projects/training-kit/.venv-airflow/lib/python3.10/site-packages/airflow/example_dags/example_params_ui_tutorial.py
[2025-12-26T22:03:14.945+0530] {processor.py:830} INFO - Processing file /home/sathya/projects/training-kit/.venv-airflow/lib/python3.10/site-packages/airflow/example_dags/example_params_ui_tutorial.py for tasks to queue
[2025-12-26T22:03:14.948+0530] {logging_mixin.py:188} INFO - [2025-12-26T22:03:14.948+0530] {dagbag.py:545} INFO - Filling up the DagBag from /home/sathya/projects/training-kit/.venv-airflow/lib/python3.10/site-packages/airflow/example_dags/example_params_ui_tutorial.py
[2025-12-26T22:03:14.957+0530] {processor.py:840} INFO - DAG(s) 'example_params_ui_tutorial' retrieved from /home/sathya/projects/training-kit/.venv-airflow/lib/python3.10/site-packages/airflow/example_dags/example_params_ui_tutorial.py
[2025-12-26T22:03:14.997+0530] {logging_mixin.py:188} INFO - [2025-12-26T22:03:14.997+0530] {dag.py:3089} INFO - Sync 1 DAGs
[2025-12-26T22:03:15.006+0530] {logging_mixin.py:188} INFO - [2025-12-26T22:03:15.006+0530] {dag.py:3947} INFO - Setting next_dagrun for example_params_ui_tutorial to None, run_after=None
[2025-12-26T22:03:15.051+0530] {processor.py:183} INFO - Processing /home/sathya/projects/training-kit/.venv-airflow/lib/python3.10/site-packages/airflow/example_dags/example_params_ui_tutorial.py took 0.113 seconds
[2025-12-26T22:04:00.632+0530] {processor.py:161} INFO - Started process (PID=3311) to work on /home/sathya/projects/training-kit/.venv-airflow/lib/python3.10/site-packages/airflow/example_dags/example_params_ui_tutorial.py
[2025-12-26T22:04:00.634+0530] {processor.py:830} INFO - Processing file /home/sathya/projects/training-kit/.venv-airflow/lib/python3.10/site-packages/airflow/example_dags/example_params_ui_tutorial.py for tasks to queue
[2025-12-26T22:04:00.637+0530] {logging_mixin.py:188} INFO - [2025-12-26T22:04:00.636+0530] {dagbag.py:545} INFO - Filling up the DagBag from /home/sathya/projects/training-kit/.venv-airflow/lib/python3.10/site-packages/airflow/example_dags/example_params_ui_tutorial.py
[2025-12-26T22:04:00.644+0530] {processor.py:840} INFO - DAG(s) 'example_params_ui_tutorial' retrieved from /home/sathya/projects/training-kit/.venv-airflow/lib/python3.10/site-packages/airflow/example_dags/example_params_ui_tutorial.py
[2025-12-26T22:04:00.700+0530] {logging_mixin.py:188} INFO - [2025-12-26T22:04:00.700+0530] {dag.py:3089} INFO - Sync 1 DAGs
[2025-12-26T22:04:00.712+0530] {logging_mixin.py:188} INFO - [2025-12-26T22:04:00.712+0530] {dag.py:3947} INFO - Setting next_dagrun for example_params_ui_tutorial to None, run_after=None
[2025-12-26T22:04:00.746+0530] {processor.py:183} INFO - Processing /home/sathya/projects/training-kit/.venv-airflow/lib/python3.10/site-packages/airflow/example_dags/example_params_ui_tutorial.py took 0.123 seconds
[2025-12-26T22:08:52.610+0530] {processor.py:161} INFO - Started process (PID=4027) to work on /home/sathya/projects/training-kit/.venv-airflow/lib/python3.10/site-packages/airflow/example_dags/example_params_ui_tutorial.py
[2025-12-26T22:08:52.611+0530] {processor.py:830} INFO - Processing file /home/sathya/projects/training-kit/.venv-airflow/lib/python3.10/site-packages/airflow/example_dags/example_params_ui_tutorial.py for tasks to queue
[2025-12-26T22:08:52.612+0530] {logging_mixin.py:188} INFO - [2025-12-26T22:08:52.612+0530] {dagbag.py:545} INFO - Filling up the DagBag from /home/sathya/projects/training-kit/.venv-airflow/lib/python3.10/site-packages/airflow/example_dags/example_params_ui_tutorial.py
[2025-12-26T22:08:52.619+0530] {processor.py:840} INFO - DAG(s) 'example_params_ui_tutorial' retrieved from /home/sathya/projects/training-kit/.venv-airflow/lib/python3.10/site-packages/airflow/example_dags/example_params_ui_tutorial.py
[2025-12-26T22:08:52.649+0530] {logging_mixin.py:188} INFO - [2025-12-26T22:08:52.649+0530] {dag.py:3089} INFO - Sync 1 DAGs
[2025-12-26T22:08:52.657+0530] {logging_mixin.py:188} INFO - [2025-12-26T22:08:52.657+0530] {dag.py:3947} INFO - Setting next_dagrun for example_params_ui_tutorial to None, run_after=None
[2025-12-26T22:08:52.681+0530] {processor.py:183} INFO - Processing /home/sathya/projects/training-kit/.venv-airflow/lib/python3.10/site-packages/airflow/example_dags/example_params_ui_tutorial.py took 0.077 seconds
[2025-12-26T22:12:52.521+0530] {processor.py:161} INFO - Started process (PID=4523) to work on /home/sathya/projects/training-kit/.venv-airflow/lib/python3.10/site-packages/airflow/example_dags/example_params_ui_tutorial.py
[2025-12-26T22:12:52.522+0530] {processor.py:830} INFO - Processing file /home/sathya/projects/training-kit/.venv-airflow/lib/python3.10/site-packages/airflow/example_dags/example_params_ui_tutorial.py for tasks to queue
[2025-12-26T22:12:52.525+0530] {logging_mixin.py:188} INFO - [2025-12-26T22:12:52.524+0530] {dagbag.py:545} INFO - Filling up the DagBag from /home/sathya/projects/training-kit/.venv-airflow/lib/python3.10/site-packages/airflow/example_dags/example_params_ui_tutorial.py
[2025-12-26T22:12:52.534+0530] {processor.py:840} INFO - DAG(s) 'example_params_ui_tutorial' retrieved from /home/sathya/projects/training-kit/.venv-airflow/lib/python3.10/site-packages/airflow/example_dags/example_params_ui_tutorial.py
[2025-12-26T22:12:52.585+0530] {logging_mixin.py:188} INFO - [2025-12-26T22:12:52.584+0530] {dag.py:3089} INFO - Sync 1 DAGs
[2025-12-26T22:12:52.598+0530] {logging_mixin.py:188} INFO - [2025-12-26T22:12:52.597+0530] {dag.py:3947} INFO - Setting next_dagrun for example_params_ui_tutorial to None, run_after=None
[2025-12-26T22:12:52.634+0530] {processor.py:183} INFO - Processing /home/sathya/projects/training-kit/.venv-airflow/lib/python3.10/site-packages/airflow/example_dags/example_params_ui_tutorial.py took 0.120 seconds
[2025-12-26T22:15:46.243+0530] {processor.py:161} INFO - Started process (PID=5020) to work on /home/sathya/projects/training-kit/.venv-airflow/lib/python3.10/site-packages/airflow/example_dags/example_params_ui_tutorial.py
[2025-12-26T22:15:46.249+0530] {processor.py:830} INFO - Processing file /home/sathya/projects/training-kit/.venv-airflow/lib/python3.10/site-packages/airflow/example_dags/example_params_ui_tutorial.py for tasks to queue
[2025-12-26T22:15:46.250+0530] {logging_mixin.py:188} INFO - [2025-12-26T22:15:46.250+0530] {dagbag.py:545} INFO - Filling up the DagBag from /home/sathya/projects/training-kit/.venv-airflow/lib/python3.10/site-packages/airflow/example_dags/example_params_ui_tutorial.py
[2025-12-26T22:15:46.256+0530] {processor.py:840} INFO - DAG(s) 'example_params_ui_tutorial' retrieved from /home/sathya/projects/training-kit/.venv-airflow/lib/python3.10/site-packages/airflow/example_dags/example_params_ui_tutorial.py
[2025-12-26T22:15:46.293+0530] {logging_mixin.py:188} INFO - [2025-12-26T22:15:46.292+0530] {dag.py:3089} INFO - Sync 1 DAGs
[2025-12-26T22:15:46.307+0530] {logging_mixin.py:188} INFO - [2025-12-26T22:15:46.307+0530] {dag.py:3947} INFO - Setting next_dagrun for example_params_ui_tutorial to None, run_after=None
[2025-12-26T22:15:46.333+0530] {processor.py:183} INFO - Processing /home/sathya/projects/training-kit/.venv-airflow/lib/python3.10/site-packages/airflow/example_dags/example_params_ui_tutorial.py took 0.094 seconds
[2025-12-26T22:18:57.326+0530] {processor.py:161} INFO - Started process (PID=5665) to work on /home/sathya/projects/training-kit/.venv-airflow/lib/python3.10/site-packages/airflow/example_dags/example_params_ui_tutorial.py
[2025-12-26T22:18:57.327+0530] {processor.py:830} INFO - Processing file /home/sathya/projects/training-kit/.venv-airflow/lib/python3.10/site-packages/airflow/example_dags/example_params_ui_tutorial.py for tasks to queue
[2025-12-26T22:18:57.328+0530] {logging_mixin.py:188} INFO - [2025-12-26T22:18:57.328+0530] {dagbag.py:545} INFO - Filling up the DagBag from /home/sathya/projects/training-kit/.venv-airflow/lib/python3.10/site-packages/airflow/example_dags/example_params_ui_tutorial.py
[2025-12-26T22:18:57.335+0530] {processor.py:840} INFO - DAG(s) 'example_params_ui_tutorial' retrieved from /home/sathya/projects/training-kit/.venv-airflow/lib/python3.10/site-packages/airflow/example_dags/example_params_ui_tutorial.py
[2025-12-26T22:18:57.367+0530] {logging_mixin.py:188} INFO - [2025-12-26T22:18:57.367+0530] {dag.py:3089} INFO - Sync 1 DAGs
[2025-12-26T22:18:57.376+0530] {logging_mixin.py:188} INFO - [2025-12-26T22:18:57.375+0530] {dag.py:3947} INFO - Setting next_dagrun for example_params_ui_tutorial to None, run_after=None
[2025-12-26T22:18:57.395+0530] {processor.py:183} INFO - Processing /home/sathya/projects/training-kit/.venv-airflow/lib/python3.10/site-packages/airflow/example_dags/example_params_ui_tutorial.py took 0.075 seconds
[2025-12-26T22:19:12.807+0530] {processor.py:161} INFO - Started process (PID=5709) to work on /home/sathya/projects/training-kit/.venv-airflow/lib/python3.10/site-packages/airflow/example_dags/example_params_ui_tutorial.py
[2025-12-26T22:19:12.808+0530] {processor.py:830} INFO - Processing file /home/sathya/projects/training-kit/.venv-airflow/lib/python3.10/site-packages/airflow/example_dags/example_params_ui_tutorial.py for tasks to queue
[2025-12-26T22:19:12.810+0530] {logging_mixin.py:188} INFO - [2025-12-26T22:19:12.810+0530] {dagbag.py:545} INFO - Filling up the DagBag from /home/sathya/projects/training-kit/.venv-airflow/lib/python3.10/site-packages/airflow/example_dags/example_params_ui_tutorial.py
[2025-12-26T22:19:12.817+0530] {processor.py:840} INFO - DAG(s) 'example_params_ui_tutorial' retrieved from /home/sathya/projects/training-kit/.venv-airflow/lib/python3.10/site-packages/airflow/example_dags/example_params_ui_tutorial.py
[2025-12-26T22:19:12.854+0530] {logging_mixin.py:188} INFO - [2025-12-26T22:19:12.854+0530] {dag.py:3089} INFO - Sync 1 DAGs
[2025-12-26T22:19:12.868+0530] {logging_mixin.py:188} INFO - [2025-12-26T22:19:12.868+0530] {dag.py:3947} INFO - Setting next_dagrun for example_params_ui_tutorial to None, run_after=None
[2025-12-26T22:19:12.891+0530] {processor.py:183} INFO - Processing /home/sathya/projects/training-kit/.venv-airflow/lib/python3.10/site-packages/airflow/example_dags/example_params_ui_tutorial.py took 0.090 seconds
[2025-12-26T22:29:32.152+0530] {processor.py:161} INFO - Started process (PID=7017) to work on /home/sathya/projects/training-kit/.venv-airflow/lib/python3.10/site-packages/airflow/example_dags/example_params_ui_tutorial.py
[2025-12-26T22:29:32.159+0530] {processor.py:830} INFO - Processing file /home/sathya/projects/training-kit/.venv-airflow/lib/python3.10/site-packages/airflow/example_dags/example_params_ui_tutorial.py for tasks to queue
[2025-12-26T22:29:32.161+0530] {logging_mixin.py:188} INFO - [2025-12-26T22:29:32.160+0530] {dagbag.py:545} INFO - Filling up the DagBag from /home/sathya/projects/training-kit/.venv-airflow/lib/python3.10/site-packages/airflow/example_dags/example_params_ui_tutorial.py
[2025-12-26T22:29:32.167+0530] {processor.py:840} INFO - DAG(s) 'example_params_ui_tutorial' retrieved from /home/sathya/projects/training-kit/.venv-airflow/lib/python3.10/site-packages/airflow/example_dags/example_params_ui_tutorial.py
[2025-12-26T22:29:32.197+0530] {logging_mixin.py:188} INFO - [2025-12-26T22:29:32.197+0530] {dag.py:3089} INFO - Sync 1 DAGs
[2025-12-26T22:29:32.206+0530] {logging_mixin.py:188} INFO - [2025-12-26T22:29:32.205+0530] {dag.py:3947} INFO - Setting next_dagrun for example_params_ui_tutorial to None, run_after=None
[2025-12-26T22:29:32.241+0530] {processor.py:183} INFO - Processing /home/sathya/projects/training-kit/.venv-airflow/lib/python3.10/site-packages/airflow/example_dags/example_params_ui_tutorial.py took 0.094 seconds
[2025-12-26T22:41:33.591+0530] {processor.py:161} INFO - Started process (PID=8468) to work on /home/sathya/projects/training-kit/.venv-airflow/lib/python3.10/site-packages/airflow/example_dags/example_params_ui_tutorial.py
[2025-12-26T22:41:33.593+0530] {processor.py:830} INFO - Processing file /home/sathya/projects/training-kit/.venv-airflow/lib/python3.10/site-packages/airflow/example_dags/example_params_ui_tutorial.py for tasks to queue
[2025-12-26T22:41:33.594+0530] {logging_mixin.py:188} INFO - [2025-12-26T22:41:33.594+0530] {dagbag.py:545} INFO - Filling up the DagBag from /home/sathya/projects/training-kit/.venv-airflow/lib/python3.10/site-packages/airflow/example_dags/example_params_ui_tutorial.py
[2025-12-26T22:41:33.601+0530] {processor.py:840} INFO - DAG(s) 'example_params_ui_tutorial' retrieved from /home/sathya/projects/training-kit/.venv-airflow/lib/python3.10/site-packages/airflow/example_dags/example_params_ui_tutorial.py
[2025-12-26T22:41:33.632+0530] {logging_mixin.py:188} INFO - [2025-12-26T22:41:33.632+0530] {dag.py:3089} INFO - Sync 1 DAGs
[2025-12-26T22:41:33.641+0530] {logging_mixin.py:188} INFO - [2025-12-26T22:41:33.641+0530] {dag.py:3947} INFO - Setting next_dagrun for example_params_ui_tutorial to None, run_after=None
[2025-12-26T22:41:33.668+0530] {processor.py:183} INFO - Processing /home/sathya/projects/training-kit/.venv-airflow/lib/python3.10/site-packages/airflow/example_dags/example_params_ui_tutorial.py took 0.081 seconds
[2025-12-26T22:51:48.776+0530] {processor.py:161} INFO - Started process (PID=9741) to work on /home/sathya/projects/training-kit/.venv-airflow/lib/python3.10/site-packages/airflow/example_dags/example_params_ui_tutorial.py
[2025-12-26T22:51:48.778+0530] {processor.py:830} INFO - Processing file /home/sathya/projects/training-kit/.venv-airflow/lib/python3.10/site-packages/airflow/example_dags/example_params_ui_tutorial.py for tasks to queue
[2025-12-26T22:51:48.779+0530] {logging_mixin.py:188} INFO - [2025-12-26T22:51:48.779+0530] {dagbag.py:545} INFO - Filling up the DagBag from /home/sathya/projects/training-kit/.venv-airflow/lib/python3.10/site-packages/airflow/example_dags/example_params_ui_tutorial.py
[2025-12-26T22:51:48.785+0530] {processor.py:840} INFO - DAG(s) 'example_params_ui_tutorial' retrieved from /home/sathya/projects/training-kit/.venv-airflow/lib/python3.10/site-packages/airflow/example_dags/example_params_ui_tutorial.py
[2025-12-26T22:51:48.817+0530] {logging_mixin.py:188} INFO - [2025-12-26T22:51:48.816+0530] {dag.py:3089} INFO - Sync 1 DAGs
[2025-12-26T22:51:48.826+0530] {logging_mixin.py:188} INFO - [2025-12-26T22:51:48.825+0530] {dag.py:3947} INFO - Setting next_dagrun for example_params_ui_tutorial to None, run_after=None
[2025-12-26T22:51:48.846+0530] {processor.py:183} INFO - Processing /home/sathya/projects/training-kit/.venv-airflow/lib/python3.10/site-packages/airflow/example_dags/example_params_ui_tutorial.py took 0.075 seconds
[2025-12-26T22:57:42.423+0530] {processor.py:161} INFO - Started process (PID=10407) to work on /home/sathya/projects/training-kit/.venv-airflow/lib/python3.10/site-packages/airflow/example_dags/example_params_ui_tutorial.py
[2025-12-26T22:57:42.428+0530] {processor.py:830} INFO - Processing file /home/sathya/projects/training-kit/.venv-airflow/lib/python3.10/site-packages/airflow/example_dags/example_params_ui_tutorial.py for tasks to queue
[2025-12-26T22:57:42.430+0530] {logging_mixin.py:188} INFO - [2025-12-26T22:57:42.430+0530] {dagbag.py:545} INFO - Filling up the DagBag from /home/sathya/projects/training-kit/.venv-airflow/lib/python3.10/site-packages/airflow/example_dags/example_params_ui_tutorial.py
[2025-12-26T22:57:42.437+0530] {processor.py:840} INFO - DAG(s) 'example_params_ui_tutorial' retrieved from /home/sathya/projects/training-kit/.venv-airflow/lib/python3.10/site-packages/airflow/example_dags/example_params_ui_tutorial.py
[2025-12-26T22:57:42.468+0530] {logging_mixin.py:188} INFO - [2025-12-26T22:57:42.467+0530] {dag.py:3089} INFO - Sync 1 DAGs
[2025-12-26T22:57:42.476+0530] {logging_mixin.py:188} INFO - [2025-12-26T22:57:42.476+0530] {dag.py:3947} INFO - Setting next_dagrun for example_params_ui_tutorial to None, run_after=None
[2025-12-26T22:57:42.497+0530] {processor.py:183} INFO - Processing /home/sathya/projects/training-kit/.venv-airflow/lib/python3.10/site-packages/airflow/example_dags/example_params_ui_tutorial.py took 0.079 seconds
[2025-12-26T23:05:56.995+0530] {processor.py:161} INFO - Started process (PID=11198) to work on /home/sathya/projects/training-kit/.venv-airflow/lib/python3.10/site-packages/airflow/example_dags/example_params_ui_tutorial.py
[2025-12-26T23:05:57.002+0530] {processor.py:830} INFO - Processing file /home/sathya/projects/training-kit/.venv-airflow/lib/python3.10/site-packages/airflow/example_dags/example_params_ui_tutorial.py for tasks to queue
[2025-12-26T23:05:57.004+0530] {logging_mixin.py:188} INFO - [2025-12-26T23:05:57.003+0530] {dagbag.py:545} INFO - Filling up the DagBag from /home/sathya/projects/training-kit/.venv-airflow/lib/python3.10/site-packages/airflow/example_dags/example_params_ui_tutorial.py
[2025-12-26T23:05:57.013+0530] {processor.py:840} INFO - DAG(s) 'example_params_ui_tutorial' retrieved from /home/sathya/projects/training-kit/.venv-airflow/lib/python3.10/site-packages/airflow/example_dags/example_params_ui_tutorial.py
[2025-12-26T23:05:57.049+0530] {logging_mixin.py:188} INFO - [2025-12-26T23:05:57.049+0530] {dag.py:3089} INFO - Sync 1 DAGs
[2025-12-26T23:05:57.058+0530] {logging_mixin.py:188} INFO - [2025-12-26T23:05:57.058+0530] {dag.py:3947} INFO - Setting next_dagrun for example_params_ui_tutorial to None, run_after=None
[2025-12-26T23:05:57.088+0530] {processor.py:183} INFO - Processing /home/sathya/projects/training-kit/.venv-airflow/lib/python3.10/site-packages/airflow/example_dags/example_params_ui_tutorial.py took 0.099 seconds
[2025-12-26T23:12:02.014+0530] {processor.py:161} INFO - Started process (PID=11949) to work on /home/sathya/projects/training-kit/.venv-airflow/lib/python3.10/site-packages/airflow/example_dags/example_params_ui_tutorial.py
[2025-12-26T23:12:02.016+0530] {processor.py:830} INFO - Processing file /home/sathya/projects/training-kit/.venv-airflow/lib/python3.10/site-packages/airflow/example_dags/example_params_ui_tutorial.py for tasks to queue
[2025-12-26T23:12:02.017+0530] {logging_mixin.py:188} INFO - [2025-12-26T23:12:02.017+0530] {dagbag.py:545} INFO - Filling up the DagBag from /home/sathya/projects/training-kit/.venv-airflow/lib/python3.10/site-packages/airflow/example_dags/example_params_ui_tutorial.py
[2025-12-26T23:12:02.023+0530] {processor.py:840} INFO - DAG(s) 'example_params_ui_tutorial' retrieved from /home/sathya/projects/training-kit/.venv-airflow/lib/python3.10/site-packages/airflow/example_dags/example_params_ui_tutorial.py
[2025-12-26T23:12:02.053+0530] {logging_mixin.py:188} INFO - [2025-12-26T23:12:02.052+0530] {dag.py:3089} INFO - Sync 1 DAGs
[2025-12-26T23:12:02.062+0530] {logging_mixin.py:188} INFO - [2025-12-26T23:12:02.062+0530] {dag.py:3947} INFO - Setting next_dagrun for example_params_ui_tutorial to None, run_after=None
[2025-12-26T23:12:02.082+0530] {processor.py:183} INFO - Processing /home/sathya/projects/training-kit/.venv-airflow/lib/python3.10/site-packages/airflow/example_dags/example_params_ui_tutorial.py took 0.073 seconds
