[2025-12-26T21:52:43.104+0530] {processor.py:161} INFO - Started process (PID=1326) to work on /home/sathya/projects/training-kit/.venv-airflow/lib/python3.10/site-packages/airflow/example_dags/example_python_operator.py
[2025-12-26T21:52:43.105+0530] {processor.py:830} INFO - Processing file /home/sathya/projects/training-kit/.venv-airflow/lib/python3.10/site-packages/airflow/example_dags/example_python_operator.py for tasks to queue
[2025-12-26T21:52:43.109+0530] {logging_mixin.py:188} INFO - [2025-12-26T21:52:43.108+0530] {dagbag.py:545} INFO - Filling up the DagBag from /home/sathya/projects/training-kit/.venv-airflow/lib/python3.10/site-packages/airflow/example_dags/example_python_operator.py
[2025-12-26T21:52:43.172+0530] {logging_mixin.py:188} INFO - [2025-12-26T21:52:43.172+0530] {example_python_operator.py:93} WARNING - The virtalenv_python example task requires virtualenv, please install it.
[2025-12-26T21:52:43.173+0530] {processor.py:840} INFO - DAG(s) 'example_python_operator' retrieved from /home/sathya/projects/training-kit/.venv-airflow/lib/python3.10/site-packages/airflow/example_dags/example_python_operator.py
[2025-12-26T21:52:43.198+0530] {logging_mixin.py:188} INFO - [2025-12-26T21:52:43.197+0530] {dag.py:3089} INFO - Sync 1 DAGs
[2025-12-26T21:52:43.215+0530] {logging_mixin.py:188} INFO - [2025-12-26T21:52:43.215+0530] {dag.py:3947} INFO - Setting next_dagrun for example_python_operator to None, run_after=None
[2025-12-26T21:52:43.257+0530] {processor.py:183} INFO - Processing /home/sathya/projects/training-kit/.venv-airflow/lib/python3.10/site-packages/airflow/example_dags/example_python_operator.py took 0.160 seconds
[2025-12-26T21:53:36.578+0530] {processor.py:161} INFO - Started process (PID=1436) to work on /home/sathya/projects/training-kit/.venv-airflow/lib/python3.10/site-packages/airflow/example_dags/example_python_operator.py
[2025-12-26T21:53:36.580+0530] {processor.py:830} INFO - Processing file /home/sathya/projects/training-kit/.venv-airflow/lib/python3.10/site-packages/airflow/example_dags/example_python_operator.py for tasks to queue
[2025-12-26T21:53:36.582+0530] {logging_mixin.py:188} INFO - [2025-12-26T21:53:36.581+0530] {dagbag.py:545} INFO - Filling up the DagBag from /home/sathya/projects/training-kit/.venv-airflow/lib/python3.10/site-packages/airflow/example_dags/example_python_operator.py
[2025-12-26T21:53:36.604+0530] {logging_mixin.py:188} INFO - [2025-12-26T21:53:36.603+0530] {example_python_operator.py:93} WARNING - The virtalenv_python example task requires virtualenv, please install it.
[2025-12-26T21:53:36.604+0530] {processor.py:840} INFO - DAG(s) 'example_python_operator' retrieved from /home/sathya/projects/training-kit/.venv-airflow/lib/python3.10/site-packages/airflow/example_dags/example_python_operator.py
[2025-12-26T21:53:36.626+0530] {logging_mixin.py:188} INFO - [2025-12-26T21:53:36.626+0530] {dag.py:3089} INFO - Sync 1 DAGs
[2025-12-26T21:53:36.639+0530] {logging_mixin.py:188} INFO - [2025-12-26T21:53:36.639+0530] {dag.py:3947} INFO - Setting next_dagrun for example_python_operator to None, run_after=None
[2025-12-26T21:53:36.664+0530] {processor.py:183} INFO - Processing /home/sathya/projects/training-kit/.venv-airflow/lib/python3.10/site-packages/airflow/example_dags/example_python_operator.py took 0.095 seconds
[2025-12-26T21:54:32.044+0530] {processor.py:161} INFO - Started process (PID=1567) to work on /home/sathya/projects/training-kit/.venv-airflow/lib/python3.10/site-packages/airflow/example_dags/example_python_operator.py
[2025-12-26T21:54:32.052+0530] {processor.py:830} INFO - Processing file /home/sathya/projects/training-kit/.venv-airflow/lib/python3.10/site-packages/airflow/example_dags/example_python_operator.py for tasks to queue
[2025-12-26T21:54:32.056+0530] {logging_mixin.py:188} INFO - [2025-12-26T21:54:32.055+0530] {dagbag.py:545} INFO - Filling up the DagBag from /home/sathya/projects/training-kit/.venv-airflow/lib/python3.10/site-packages/airflow/example_dags/example_python_operator.py
[2025-12-26T21:54:32.106+0530] {logging_mixin.py:188} INFO - [2025-12-26T21:54:32.106+0530] {example_python_operator.py:93} WARNING - The virtalenv_python example task requires virtualenv, please install it.
[2025-12-26T21:54:32.107+0530] {processor.py:840} INFO - DAG(s) 'example_python_operator' retrieved from /home/sathya/projects/training-kit/.venv-airflow/lib/python3.10/site-packages/airflow/example_dags/example_python_operator.py
[2025-12-26T21:54:32.130+0530] {logging_mixin.py:188} INFO - [2025-12-26T21:54:32.129+0530] {dag.py:3089} INFO - Sync 1 DAGs
[2025-12-26T21:54:32.146+0530] {logging_mixin.py:188} INFO - [2025-12-26T21:54:32.145+0530] {dag.py:3947} INFO - Setting next_dagrun for example_python_operator to None, run_after=None
[2025-12-26T21:54:32.186+0530] {processor.py:183} INFO - Processing /home/sathya/projects/training-kit/.venv-airflow/lib/python3.10/site-packages/airflow/example_dags/example_python_operator.py took 0.154 seconds
[2025-12-26T21:55:20.285+0530] {processor.py:161} INFO - Started process (PID=1693) to work on /home/sathya/projects/training-kit/.venv-airflow/lib/python3.10/site-packages/airflow/example_dags/example_python_operator.py
[2025-12-26T21:55:20.292+0530] {processor.py:830} INFO - Processing file /home/sathya/projects/training-kit/.venv-airflow/lib/python3.10/site-packages/airflow/example_dags/example_python_operator.py for tasks to queue
[2025-12-26T21:55:20.294+0530] {logging_mixin.py:188} INFO - [2025-12-26T21:55:20.293+0530] {dagbag.py:545} INFO - Filling up the DagBag from /home/sathya/projects/training-kit/.venv-airflow/lib/python3.10/site-packages/airflow/example_dags/example_python_operator.py
[2025-12-26T21:55:20.313+0530] {logging_mixin.py:188} INFO - [2025-12-26T21:55:20.313+0530] {example_python_operator.py:93} WARNING - The virtalenv_python example task requires virtualenv, please install it.
[2025-12-26T21:55:20.313+0530] {processor.py:840} INFO - DAG(s) 'example_python_operator' retrieved from /home/sathya/projects/training-kit/.venv-airflow/lib/python3.10/site-packages/airflow/example_dags/example_python_operator.py
[2025-12-26T21:55:20.332+0530] {logging_mixin.py:188} INFO - [2025-12-26T21:55:20.332+0530] {dag.py:3089} INFO - Sync 1 DAGs
[2025-12-26T21:55:20.344+0530] {logging_mixin.py:188} INFO - [2025-12-26T21:55:20.344+0530] {dag.py:3947} INFO - Setting next_dagrun for example_python_operator to None, run_after=None
[2025-12-26T21:55:20.370+0530] {processor.py:183} INFO - Processing /home/sathya/projects/training-kit/.venv-airflow/lib/python3.10/site-packages/airflow/example_dags/example_python_operator.py took 0.094 seconds
[2025-12-26T21:55:39.311+0530] {processor.py:161} INFO - Started process (PID=1749) to work on /home/sathya/projects/training-kit/.venv-airflow/lib/python3.10/site-packages/airflow/example_dags/example_python_operator.py
[2025-12-26T21:55:39.318+0530] {processor.py:830} INFO - Processing file /home/sathya/projects/training-kit/.venv-airflow/lib/python3.10/site-packages/airflow/example_dags/example_python_operator.py for tasks to queue
[2025-12-26T21:55:39.320+0530] {logging_mixin.py:188} INFO - [2025-12-26T21:55:39.320+0530] {dagbag.py:545} INFO - Filling up the DagBag from /home/sathya/projects/training-kit/.venv-airflow/lib/python3.10/site-packages/airflow/example_dags/example_python_operator.py
[2025-12-26T21:55:39.341+0530] {logging_mixin.py:188} INFO - [2025-12-26T21:55:39.340+0530] {example_python_operator.py:93} WARNING - The virtalenv_python example task requires virtualenv, please install it.
[2025-12-26T21:55:39.341+0530] {processor.py:840} INFO - DAG(s) 'example_python_operator' retrieved from /home/sathya/projects/training-kit/.venv-airflow/lib/python3.10/site-packages/airflow/example_dags/example_python_operator.py
[2025-12-26T21:55:39.361+0530] {logging_mixin.py:188} INFO - [2025-12-26T21:55:39.361+0530] {dag.py:3089} INFO - Sync 1 DAGs
[2025-12-26T21:55:39.374+0530] {logging_mixin.py:188} INFO - [2025-12-26T21:55:39.374+0530] {dag.py:3947} INFO - Setting next_dagrun for example_python_operator to None, run_after=None
[2025-12-26T21:55:39.434+0530] {processor.py:183} INFO - Processing /home/sathya/projects/training-kit/.venv-airflow/lib/python3.10/site-packages/airflow/example_dags/example_python_operator.py took 0.132 seconds
[2025-12-26T21:56:14.111+0530] {processor.py:161} INFO - Started process (PID=1850) to work on /home/sathya/projects/training-kit/.venv-airflow/lib/python3.10/site-packages/airflow/example_dags/example_python_operator.py
[2025-12-26T21:56:14.116+0530] {processor.py:830} INFO - Processing file /home/sathya/projects/training-kit/.venv-airflow/lib/python3.10/site-packages/airflow/example_dags/example_python_operator.py for tasks to queue
[2025-12-26T21:56:14.119+0530] {logging_mixin.py:188} INFO - [2025-12-26T21:56:14.118+0530] {dagbag.py:545} INFO - Filling up the DagBag from /home/sathya/projects/training-kit/.venv-airflow/lib/python3.10/site-packages/airflow/example_dags/example_python_operator.py
[2025-12-26T21:56:14.140+0530] {logging_mixin.py:188} INFO - [2025-12-26T21:56:14.140+0530] {example_python_operator.py:93} WARNING - The virtalenv_python example task requires virtualenv, please install it.
[2025-12-26T21:56:14.141+0530] {processor.py:840} INFO - DAG(s) 'example_python_operator' retrieved from /home/sathya/projects/training-kit/.venv-airflow/lib/python3.10/site-packages/airflow/example_dags/example_python_operator.py
[2025-12-26T21:56:14.155+0530] {logging_mixin.py:188} INFO - [2025-12-26T21:56:14.155+0530] {dag.py:3089} INFO - Sync 1 DAGs
[2025-12-26T21:56:14.166+0530] {logging_mixin.py:188} INFO - [2025-12-26T21:56:14.165+0530] {dag.py:3947} INFO - Setting next_dagrun for example_python_operator to None, run_after=None
[2025-12-26T21:56:14.186+0530] {processor.py:183} INFO - Processing /home/sathya/projects/training-kit/.venv-airflow/lib/python3.10/site-packages/airflow/example_dags/example_python_operator.py took 0.081 seconds
[2025-12-26T21:56:33.682+0530] {processor.py:161} INFO - Started process (PID=1907) to work on /home/sathya/projects/training-kit/.venv-airflow/lib/python3.10/site-packages/airflow/example_dags/example_python_operator.py
[2025-12-26T21:56:33.684+0530] {processor.py:830} INFO - Processing file /home/sathya/projects/training-kit/.venv-airflow/lib/python3.10/site-packages/airflow/example_dags/example_python_operator.py for tasks to queue
[2025-12-26T21:56:33.686+0530] {logging_mixin.py:188} INFO - [2025-12-26T21:56:33.686+0530] {dagbag.py:545} INFO - Filling up the DagBag from /home/sathya/projects/training-kit/.venv-airflow/lib/python3.10/site-packages/airflow/example_dags/example_python_operator.py
[2025-12-26T21:56:33.728+0530] {logging_mixin.py:188} INFO - [2025-12-26T21:56:33.727+0530] {example_python_operator.py:93} WARNING - The virtalenv_python example task requires virtualenv, please install it.
[2025-12-26T21:56:33.728+0530] {processor.py:840} INFO - DAG(s) 'example_python_operator' retrieved from /home/sathya/projects/training-kit/.venv-airflow/lib/python3.10/site-packages/airflow/example_dags/example_python_operator.py
[2025-12-26T21:56:33.746+0530] {logging_mixin.py:188} INFO - [2025-12-26T21:56:33.746+0530] {dag.py:3089} INFO - Sync 1 DAGs
[2025-12-26T21:56:33.758+0530] {logging_mixin.py:188} INFO - [2025-12-26T21:56:33.757+0530] {dag.py:3947} INFO - Setting next_dagrun for example_python_operator to None, run_after=None
[2025-12-26T21:56:33.788+0530] {processor.py:183} INFO - Processing /home/sathya/projects/training-kit/.venv-airflow/lib/python3.10/site-packages/airflow/example_dags/example_python_operator.py took 0.114 seconds
[2025-12-26T21:57:05.698+0530] {processor.py:161} INFO - Started process (PID=1998) to work on /home/sathya/projects/training-kit/.venv-airflow/lib/python3.10/site-packages/airflow/example_dags/example_python_operator.py
[2025-12-26T21:57:05.706+0530] {processor.py:830} INFO - Processing file /home/sathya/projects/training-kit/.venv-airflow/lib/python3.10/site-packages/airflow/example_dags/example_python_operator.py for tasks to queue
[2025-12-26T21:57:05.709+0530] {logging_mixin.py:188} INFO - [2025-12-26T21:57:05.709+0530] {dagbag.py:545} INFO - Filling up the DagBag from /home/sathya/projects/training-kit/.venv-airflow/lib/python3.10/site-packages/airflow/example_dags/example_python_operator.py
[2025-12-26T21:57:05.731+0530] {logging_mixin.py:188} INFO - [2025-12-26T21:57:05.731+0530] {example_python_operator.py:93} WARNING - The virtalenv_python example task requires virtualenv, please install it.
[2025-12-26T21:57:05.731+0530] {processor.py:840} INFO - DAG(s) 'example_python_operator' retrieved from /home/sathya/projects/training-kit/.venv-airflow/lib/python3.10/site-packages/airflow/example_dags/example_python_operator.py
[2025-12-26T21:57:05.751+0530] {logging_mixin.py:188} INFO - [2025-12-26T21:57:05.750+0530] {dag.py:3089} INFO - Sync 1 DAGs
[2025-12-26T21:57:05.768+0530] {logging_mixin.py:188} INFO - [2025-12-26T21:57:05.767+0530] {dag.py:3947} INFO - Setting next_dagrun for example_python_operator to None, run_after=None
[2025-12-26T21:57:05.837+0530] {processor.py:183} INFO - Processing /home/sathya/projects/training-kit/.venv-airflow/lib/python3.10/site-packages/airflow/example_dags/example_python_operator.py took 0.152 seconds
[2025-12-26T21:57:38.561+0530] {processor.py:161} INFO - Started process (PID=2090) to work on /home/sathya/projects/training-kit/.venv-airflow/lib/python3.10/site-packages/airflow/example_dags/example_python_operator.py
[2025-12-26T21:57:38.568+0530] {processor.py:830} INFO - Processing file /home/sathya/projects/training-kit/.venv-airflow/lib/python3.10/site-packages/airflow/example_dags/example_python_operator.py for tasks to queue
[2025-12-26T21:57:38.571+0530] {logging_mixin.py:188} INFO - [2025-12-26T21:57:38.570+0530] {dagbag.py:545} INFO - Filling up the DagBag from /home/sathya/projects/training-kit/.venv-airflow/lib/python3.10/site-packages/airflow/example_dags/example_python_operator.py
[2025-12-26T21:57:38.595+0530] {logging_mixin.py:188} INFO - [2025-12-26T21:57:38.595+0530] {example_python_operator.py:93} WARNING - The virtalenv_python example task requires virtualenv, please install it.
[2025-12-26T21:57:38.596+0530] {processor.py:840} INFO - DAG(s) 'example_python_operator' retrieved from /home/sathya/projects/training-kit/.venv-airflow/lib/python3.10/site-packages/airflow/example_dags/example_python_operator.py
[2025-12-26T21:57:38.618+0530] {logging_mixin.py:188} INFO - [2025-12-26T21:57:38.618+0530] {dag.py:3089} INFO - Sync 1 DAGs
[2025-12-26T21:57:38.629+0530] {logging_mixin.py:188} INFO - [2025-12-26T21:57:38.629+0530] {dag.py:3947} INFO - Setting next_dagrun for example_python_operator to None, run_after=None
[2025-12-26T21:57:38.661+0530] {processor.py:183} INFO - Processing /home/sathya/projects/training-kit/.venv-airflow/lib/python3.10/site-packages/airflow/example_dags/example_python_operator.py took 0.111 seconds
[2025-12-26T21:57:55.043+0530] {processor.py:161} INFO - Started process (PID=2142) to work on /home/sathya/projects/training-kit/.venv-airflow/lib/python3.10/site-packages/airflow/example_dags/example_python_operator.py
[2025-12-26T21:57:55.051+0530] {processor.py:830} INFO - Processing file /home/sathya/projects/training-kit/.venv-airflow/lib/python3.10/site-packages/airflow/example_dags/example_python_operator.py for tasks to queue
[2025-12-26T21:57:55.054+0530] {logging_mixin.py:188} INFO - [2025-12-26T21:57:55.054+0530] {dagbag.py:545} INFO - Filling up the DagBag from /home/sathya/projects/training-kit/.venv-airflow/lib/python3.10/site-packages/airflow/example_dags/example_python_operator.py
[2025-12-26T21:57:55.114+0530] {logging_mixin.py:188} INFO - [2025-12-26T21:57:55.114+0530] {example_python_operator.py:93} WARNING - The virtalenv_python example task requires virtualenv, please install it.
[2025-12-26T21:57:55.115+0530] {processor.py:840} INFO - DAG(s) 'example_python_operator' retrieved from /home/sathya/projects/training-kit/.venv-airflow/lib/python3.10/site-packages/airflow/example_dags/example_python_operator.py
[2025-12-26T21:57:55.147+0530] {logging_mixin.py:188} INFO - [2025-12-26T21:57:55.147+0530] {dag.py:3089} INFO - Sync 1 DAGs
[2025-12-26T21:57:55.165+0530] {logging_mixin.py:188} INFO - [2025-12-26T21:57:55.165+0530] {dag.py:3947} INFO - Setting next_dagrun for example_python_operator to None, run_after=None
[2025-12-26T21:57:55.202+0530] {processor.py:183} INFO - Processing /home/sathya/projects/training-kit/.venv-airflow/lib/python3.10/site-packages/airflow/example_dags/example_python_operator.py took 0.173 seconds
[2025-12-26T21:58:30.222+0530] {processor.py:161} INFO - Started process (PID=2256) to work on /home/sathya/projects/training-kit/.venv-airflow/lib/python3.10/site-packages/airflow/example_dags/example_python_operator.py
[2025-12-26T21:58:30.224+0530] {processor.py:830} INFO - Processing file /home/sathya/projects/training-kit/.venv-airflow/lib/python3.10/site-packages/airflow/example_dags/example_python_operator.py for tasks to queue
[2025-12-26T21:58:30.227+0530] {logging_mixin.py:188} INFO - [2025-12-26T21:58:30.226+0530] {dagbag.py:545} INFO - Filling up the DagBag from /home/sathya/projects/training-kit/.venv-airflow/lib/python3.10/site-packages/airflow/example_dags/example_python_operator.py
[2025-12-26T21:58:30.277+0530] {logging_mixin.py:188} INFO - [2025-12-26T21:58:30.277+0530] {example_python_operator.py:93} WARNING - The virtalenv_python example task requires virtualenv, please install it.
[2025-12-26T21:58:30.279+0530] {processor.py:840} INFO - DAG(s) 'example_python_operator' retrieved from /home/sathya/projects/training-kit/.venv-airflow/lib/python3.10/site-packages/airflow/example_dags/example_python_operator.py
[2025-12-26T21:58:30.323+0530] {logging_mixin.py:188} INFO - [2025-12-26T21:58:30.323+0530] {dag.py:3089} INFO - Sync 1 DAGs
[2025-12-26T21:58:30.343+0530] {logging_mixin.py:188} INFO - [2025-12-26T21:58:30.342+0530] {dag.py:3947} INFO - Setting next_dagrun for example_python_operator to None, run_after=None
[2025-12-26T21:58:30.385+0530] {processor.py:183} INFO - Processing /home/sathya/projects/training-kit/.venv-airflow/lib/python3.10/site-packages/airflow/example_dags/example_python_operator.py took 0.184 seconds
[2025-12-26T21:59:04.793+0530] {processor.py:161} INFO - Started process (PID=2371) to work on /home/sathya/projects/training-kit/.venv-airflow/lib/python3.10/site-packages/airflow/example_dags/example_python_operator.py
[2025-12-26T21:59:04.801+0530] {processor.py:830} INFO - Processing file /home/sathya/projects/training-kit/.venv-airflow/lib/python3.10/site-packages/airflow/example_dags/example_python_operator.py for tasks to queue
[2025-12-26T21:59:04.805+0530] {logging_mixin.py:188} INFO - [2025-12-26T21:59:04.804+0530] {dagbag.py:545} INFO - Filling up the DagBag from /home/sathya/projects/training-kit/.venv-airflow/lib/python3.10/site-packages/airflow/example_dags/example_python_operator.py
[2025-12-26T21:59:04.859+0530] {logging_mixin.py:188} INFO - [2025-12-26T21:59:04.858+0530] {example_python_operator.py:93} WARNING - The virtalenv_python example task requires virtualenv, please install it.
[2025-12-26T21:59:04.859+0530] {processor.py:840} INFO - DAG(s) 'example_python_operator' retrieved from /home/sathya/projects/training-kit/.venv-airflow/lib/python3.10/site-packages/airflow/example_dags/example_python_operator.py
[2025-12-26T21:59:04.884+0530] {logging_mixin.py:188} INFO - [2025-12-26T21:59:04.883+0530] {dag.py:3089} INFO - Sync 1 DAGs
[2025-12-26T21:59:04.900+0530] {logging_mixin.py:188} INFO - [2025-12-26T21:59:04.899+0530] {dag.py:3947} INFO - Setting next_dagrun for example_python_operator to None, run_after=None
[2025-12-26T21:59:04.932+0530] {processor.py:183} INFO - Processing /home/sathya/projects/training-kit/.venv-airflow/lib/python3.10/site-packages/airflow/example_dags/example_python_operator.py took 0.150 seconds
[2025-12-26T21:59:19.593+0530] {processor.py:161} INFO - Started process (PID=2413) to work on /home/sathya/projects/training-kit/.venv-airflow/lib/python3.10/site-packages/airflow/example_dags/example_python_operator.py
[2025-12-26T21:59:19.600+0530] {processor.py:830} INFO - Processing file /home/sathya/projects/training-kit/.venv-airflow/lib/python3.10/site-packages/airflow/example_dags/example_python_operator.py for tasks to queue
[2025-12-26T21:59:19.602+0530] {logging_mixin.py:188} INFO - [2025-12-26T21:59:19.601+0530] {dagbag.py:545} INFO - Filling up the DagBag from /home/sathya/projects/training-kit/.venv-airflow/lib/python3.10/site-packages/airflow/example_dags/example_python_operator.py
[2025-12-26T21:59:19.629+0530] {logging_mixin.py:188} INFO - [2025-12-26T21:59:19.629+0530] {example_python_operator.py:93} WARNING - The virtalenv_python example task requires virtualenv, please install it.
[2025-12-26T21:59:19.630+0530] {processor.py:840} INFO - DAG(s) 'example_python_operator' retrieved from /home/sathya/projects/training-kit/.venv-airflow/lib/python3.10/site-packages/airflow/example_dags/example_python_operator.py
[2025-12-26T21:59:19.655+0530] {logging_mixin.py:188} INFO - [2025-12-26T21:59:19.652+0530] {dag.py:3089} INFO - Sync 1 DAGs
[2025-12-26T21:59:19.668+0530] {logging_mixin.py:188} INFO - [2025-12-26T21:59:19.668+0530] {dag.py:3947} INFO - Setting next_dagrun for example_python_operator to None, run_after=None
[2025-12-26T21:59:19.705+0530] {processor.py:183} INFO - Processing /home/sathya/projects/training-kit/.venv-airflow/lib/python3.10/site-packages/airflow/example_dags/example_python_operator.py took 0.122 seconds
[2025-12-26T21:59:54.166+0530] {processor.py:161} INFO - Started process (PID=2519) to work on /home/sathya/projects/training-kit/.venv-airflow/lib/python3.10/site-packages/airflow/example_dags/example_python_operator.py
[2025-12-26T21:59:54.172+0530] {processor.py:830} INFO - Processing file /home/sathya/projects/training-kit/.venv-airflow/lib/python3.10/site-packages/airflow/example_dags/example_python_operator.py for tasks to queue
[2025-12-26T21:59:54.174+0530] {logging_mixin.py:188} INFO - [2025-12-26T21:59:54.173+0530] {dagbag.py:545} INFO - Filling up the DagBag from /home/sathya/projects/training-kit/.venv-airflow/lib/python3.10/site-packages/airflow/example_dags/example_python_operator.py
[2025-12-26T21:59:54.197+0530] {logging_mixin.py:188} INFO - [2025-12-26T21:59:54.197+0530] {example_python_operator.py:93} WARNING - The virtalenv_python example task requires virtualenv, please install it.
[2025-12-26T21:59:54.198+0530] {processor.py:840} INFO - DAG(s) 'example_python_operator' retrieved from /home/sathya/projects/training-kit/.venv-airflow/lib/python3.10/site-packages/airflow/example_dags/example_python_operator.py
[2025-12-26T21:59:54.222+0530] {logging_mixin.py:188} INFO - [2025-12-26T21:59:54.221+0530] {dag.py:3089} INFO - Sync 1 DAGs
[2025-12-26T21:59:54.234+0530] {logging_mixin.py:188} INFO - [2025-12-26T21:59:54.234+0530] {dag.py:3947} INFO - Setting next_dagrun for example_python_operator to None, run_after=None
[2025-12-26T21:59:54.270+0530] {processor.py:183} INFO - Processing /home/sathya/projects/training-kit/.venv-airflow/lib/python3.10/site-packages/airflow/example_dags/example_python_operator.py took 0.108 seconds
[2025-12-26T22:00:27.939+0530] {processor.py:161} INFO - Started process (PID=2657) to work on /home/sathya/projects/training-kit/.venv-airflow/lib/python3.10/site-packages/airflow/example_dags/example_python_operator.py
[2025-12-26T22:00:27.963+0530] {processor.py:830} INFO - Processing file /home/sathya/projects/training-kit/.venv-airflow/lib/python3.10/site-packages/airflow/example_dags/example_python_operator.py for tasks to queue
[2025-12-26T22:00:27.965+0530] {logging_mixin.py:188} INFO - [2025-12-26T22:00:27.965+0530] {dagbag.py:545} INFO - Filling up the DagBag from /home/sathya/projects/training-kit/.venv-airflow/lib/python3.10/site-packages/airflow/example_dags/example_python_operator.py
[2025-12-26T22:00:28.011+0530] {logging_mixin.py:188} INFO - [2025-12-26T22:00:28.010+0530] {example_python_operator.py:93} WARNING - The virtalenv_python example task requires virtualenv, please install it.
[2025-12-26T22:00:28.012+0530] {processor.py:840} INFO - DAG(s) 'example_python_operator' retrieved from /home/sathya/projects/training-kit/.venv-airflow/lib/python3.10/site-packages/airflow/example_dags/example_python_operator.py
[2025-12-26T22:00:28.043+0530] {logging_mixin.py:188} INFO - [2025-12-26T22:00:28.043+0530] {dag.py:3089} INFO - Sync 1 DAGs
[2025-12-26T22:00:28.068+0530] {logging_mixin.py:188} INFO - [2025-12-26T22:00:28.068+0530] {dag.py:3947} INFO - Setting next_dagrun for example_python_operator to None, run_after=None
[2025-12-26T22:00:28.112+0530] {processor.py:183} INFO - Processing /home/sathya/projects/training-kit/.venv-airflow/lib/python3.10/site-packages/airflow/example_dags/example_python_operator.py took 0.186 seconds
[2025-12-26T22:00:42.915+0530] {processor.py:161} INFO - Started process (PID=2706) to work on /home/sathya/projects/training-kit/.venv-airflow/lib/python3.10/site-packages/airflow/example_dags/example_python_operator.py
[2025-12-26T22:00:42.921+0530] {processor.py:830} INFO - Processing file /home/sathya/projects/training-kit/.venv-airflow/lib/python3.10/site-packages/airflow/example_dags/example_python_operator.py for tasks to queue
[2025-12-26T22:00:42.925+0530] {logging_mixin.py:188} INFO - [2025-12-26T22:00:42.924+0530] {dagbag.py:545} INFO - Filling up the DagBag from /home/sathya/projects/training-kit/.venv-airflow/lib/python3.10/site-packages/airflow/example_dags/example_python_operator.py
[2025-12-26T22:00:42.972+0530] {logging_mixin.py:188} INFO - [2025-12-26T22:00:42.972+0530] {example_python_operator.py:93} WARNING - The virtalenv_python example task requires virtualenv, please install it.
[2025-12-26T22:00:42.973+0530] {processor.py:840} INFO - DAG(s) 'example_python_operator' retrieved from /home/sathya/projects/training-kit/.venv-airflow/lib/python3.10/site-packages/airflow/example_dags/example_python_operator.py
[2025-12-26T22:00:42.993+0530] {logging_mixin.py:188} INFO - [2025-12-26T22:00:42.993+0530] {dag.py:3089} INFO - Sync 1 DAGs
[2025-12-26T22:00:43.006+0530] {logging_mixin.py:188} INFO - [2025-12-26T22:00:43.005+0530] {dag.py:3947} INFO - Setting next_dagrun for example_python_operator to None, run_after=None
[2025-12-26T22:00:43.049+0530] {processor.py:183} INFO - Processing /home/sathya/projects/training-kit/.venv-airflow/lib/python3.10/site-packages/airflow/example_dags/example_python_operator.py took 0.146 seconds
[2025-12-26T22:01:34.708+0530] {processor.py:161} INFO - Started process (PID=2864) to work on /home/sathya/projects/training-kit/.venv-airflow/lib/python3.10/site-packages/airflow/example_dags/example_python_operator.py
[2025-12-26T22:01:34.710+0530] {processor.py:830} INFO - Processing file /home/sathya/projects/training-kit/.venv-airflow/lib/python3.10/site-packages/airflow/example_dags/example_python_operator.py for tasks to queue
[2025-12-26T22:01:34.713+0530] {logging_mixin.py:188} INFO - [2025-12-26T22:01:34.712+0530] {dagbag.py:545} INFO - Filling up the DagBag from /home/sathya/projects/training-kit/.venv-airflow/lib/python3.10/site-packages/airflow/example_dags/example_python_operator.py
[2025-12-26T22:01:34.756+0530] {logging_mixin.py:188} INFO - [2025-12-26T22:01:34.756+0530] {example_python_operator.py:93} WARNING - The virtalenv_python example task requires virtualenv, please install it.
[2025-12-26T22:01:34.757+0530] {processor.py:840} INFO - DAG(s) 'example_python_operator' retrieved from /home/sathya/projects/training-kit/.venv-airflow/lib/python3.10/site-packages/airflow/example_dags/example_python_operator.py
[2025-12-26T22:01:34.783+0530] {logging_mixin.py:188} INFO - [2025-12-26T22:01:34.783+0530] {dag.py:3089} INFO - Sync 1 DAGs
[2025-12-26T22:01:34.795+0530] {logging_mixin.py:188} INFO - [2025-12-26T22:01:34.795+0530] {dag.py:3947} INFO - Setting next_dagrun for example_python_operator to None, run_after=None
[2025-12-26T22:01:34.829+0530] {processor.py:183} INFO - Processing /home/sathya/projects/training-kit/.venv-airflow/lib/python3.10/site-packages/airflow/example_dags/example_python_operator.py took 0.131 seconds
[2025-12-26T22:01:52.496+0530] {processor.py:161} INFO - Started process (PID=2916) to work on /home/sathya/projects/training-kit/.venv-airflow/lib/python3.10/site-packages/airflow/example_dags/example_python_operator.py
[2025-12-26T22:01:52.509+0530] {processor.py:830} INFO - Processing file /home/sathya/projects/training-kit/.venv-airflow/lib/python3.10/site-packages/airflow/example_dags/example_python_operator.py for tasks to queue
[2025-12-26T22:01:52.519+0530] {logging_mixin.py:188} INFO - [2025-12-26T22:01:52.515+0530] {dagbag.py:545} INFO - Filling up the DagBag from /home/sathya/projects/training-kit/.venv-airflow/lib/python3.10/site-packages/airflow/example_dags/example_python_operator.py
[2025-12-26T22:01:52.572+0530] {logging_mixin.py:188} INFO - [2025-12-26T22:01:52.571+0530] {example_python_operator.py:93} WARNING - The virtalenv_python example task requires virtualenv, please install it.
[2025-12-26T22:01:52.573+0530] {processor.py:840} INFO - DAG(s) 'example_python_operator' retrieved from /home/sathya/projects/training-kit/.venv-airflow/lib/python3.10/site-packages/airflow/example_dags/example_python_operator.py
[2025-12-26T22:01:52.614+0530] {logging_mixin.py:188} INFO - [2025-12-26T22:01:52.613+0530] {dag.py:3089} INFO - Sync 1 DAGs
[2025-12-26T22:01:52.647+0530] {logging_mixin.py:188} INFO - [2025-12-26T22:01:52.647+0530] {dag.py:3947} INFO - Setting next_dagrun for example_python_operator to None, run_after=None
[2025-12-26T22:01:52.737+0530] {processor.py:183} INFO - Processing /home/sathya/projects/training-kit/.venv-airflow/lib/python3.10/site-packages/airflow/example_dags/example_python_operator.py took 0.265 seconds
[2025-12-26T22:02:25.231+0530] {processor.py:161} INFO - Started process (PID=3012) to work on /home/sathya/projects/training-kit/.venv-airflow/lib/python3.10/site-packages/airflow/example_dags/example_python_operator.py
[2025-12-26T22:02:25.240+0530] {processor.py:830} INFO - Processing file /home/sathya/projects/training-kit/.venv-airflow/lib/python3.10/site-packages/airflow/example_dags/example_python_operator.py for tasks to queue
[2025-12-26T22:02:25.243+0530] {logging_mixin.py:188} INFO - [2025-12-26T22:02:25.242+0530] {dagbag.py:545} INFO - Filling up the DagBag from /home/sathya/projects/training-kit/.venv-airflow/lib/python3.10/site-packages/airflow/example_dags/example_python_operator.py
[2025-12-26T22:02:25.282+0530] {logging_mixin.py:188} INFO - [2025-12-26T22:02:25.282+0530] {example_python_operator.py:93} WARNING - The virtalenv_python example task requires virtualenv, please install it.
[2025-12-26T22:02:25.283+0530] {processor.py:840} INFO - DAG(s) 'example_python_operator' retrieved from /home/sathya/projects/training-kit/.venv-airflow/lib/python3.10/site-packages/airflow/example_dags/example_python_operator.py
[2025-12-26T22:02:25.311+0530] {logging_mixin.py:188} INFO - [2025-12-26T22:02:25.311+0530] {dag.py:3089} INFO - Sync 1 DAGs
[2025-12-26T22:02:25.369+0530] {logging_mixin.py:188} INFO - [2025-12-26T22:02:25.369+0530] {dag.py:3947} INFO - Setting next_dagrun for example_python_operator to None, run_after=None
[2025-12-26T22:02:25.404+0530] {processor.py:183} INFO - Processing /home/sathya/projects/training-kit/.venv-airflow/lib/python3.10/site-packages/airflow/example_dags/example_python_operator.py took 0.187 seconds
[2025-12-26T22:02:41.244+0530] {processor.py:161} INFO - Started process (PID=3060) to work on /home/sathya/projects/training-kit/.venv-airflow/lib/python3.10/site-packages/airflow/example_dags/example_python_operator.py
[2025-12-26T22:02:41.255+0530] {processor.py:830} INFO - Processing file /home/sathya/projects/training-kit/.venv-airflow/lib/python3.10/site-packages/airflow/example_dags/example_python_operator.py for tasks to queue
[2025-12-26T22:02:41.258+0530] {logging_mixin.py:188} INFO - [2025-12-26T22:02:41.257+0530] {dagbag.py:545} INFO - Filling up the DagBag from /home/sathya/projects/training-kit/.venv-airflow/lib/python3.10/site-packages/airflow/example_dags/example_python_operator.py
[2025-12-26T22:02:41.290+0530] {logging_mixin.py:188} INFO - [2025-12-26T22:02:41.290+0530] {example_python_operator.py:93} WARNING - The virtalenv_python example task requires virtualenv, please install it.
[2025-12-26T22:02:41.291+0530] {processor.py:840} INFO - DAG(s) 'example_python_operator' retrieved from /home/sathya/projects/training-kit/.venv-airflow/lib/python3.10/site-packages/airflow/example_dags/example_python_operator.py
[2025-12-26T22:02:41.311+0530] {logging_mixin.py:188} INFO - [2025-12-26T22:02:41.311+0530] {dag.py:3089} INFO - Sync 1 DAGs
[2025-12-26T22:02:39.223+0530] {logging_mixin.py:188} INFO - [2025-12-26T22:02:39.223+0530] {dag.py:3947} INFO - Setting next_dagrun for example_python_operator to None, run_after=None
[2025-12-26T22:02:39.260+0530] {processor.py:183} INFO - Processing /home/sathya/projects/training-kit/.venv-airflow/lib/python3.10/site-packages/airflow/example_dags/example_python_operator.py took 0.131 seconds
[2025-12-26T22:03:27.838+0530] {processor.py:161} INFO - Started process (PID=3210) to work on /home/sathya/projects/training-kit/.venv-airflow/lib/python3.10/site-packages/airflow/example_dags/example_python_operator.py
[2025-12-26T22:03:27.840+0530] {processor.py:830} INFO - Processing file /home/sathya/projects/training-kit/.venv-airflow/lib/python3.10/site-packages/airflow/example_dags/example_python_operator.py for tasks to queue
[2025-12-26T22:03:27.842+0530] {logging_mixin.py:188} INFO - [2025-12-26T22:03:27.842+0530] {dagbag.py:545} INFO - Filling up the DagBag from /home/sathya/projects/training-kit/.venv-airflow/lib/python3.10/site-packages/airflow/example_dags/example_python_operator.py
[2025-12-26T22:03:27.871+0530] {logging_mixin.py:188} INFO - [2025-12-26T22:03:27.870+0530] {example_python_operator.py:93} WARNING - The virtalenv_python example task requires virtualenv, please install it.
[2025-12-26T22:03:27.872+0530] {processor.py:840} INFO - DAG(s) 'example_python_operator' retrieved from /home/sathya/projects/training-kit/.venv-airflow/lib/python3.10/site-packages/airflow/example_dags/example_python_operator.py
[2025-12-26T22:03:27.912+0530] {logging_mixin.py:188} INFO - [2025-12-26T22:03:27.912+0530] {dag.py:3089} INFO - Sync 1 DAGs
[2025-12-26T22:03:27.931+0530] {logging_mixin.py:188} INFO - [2025-12-26T22:03:27.931+0530] {dag.py:3947} INFO - Setting next_dagrun for example_python_operator to None, run_after=None
[2025-12-26T22:03:27.961+0530] {processor.py:183} INFO - Processing /home/sathya/projects/training-kit/.venv-airflow/lib/python3.10/site-packages/airflow/example_dags/example_python_operator.py took 0.134 seconds
[2025-12-26T22:03:38.213+0530] {processor.py:161} INFO - Started process (PID=3242) to work on /home/sathya/projects/training-kit/.venv-airflow/lib/python3.10/site-packages/airflow/example_dags/example_python_operator.py
[2025-12-26T22:03:38.218+0530] {processor.py:830} INFO - Processing file /home/sathya/projects/training-kit/.venv-airflow/lib/python3.10/site-packages/airflow/example_dags/example_python_operator.py for tasks to queue
[2025-12-26T22:03:38.223+0530] {logging_mixin.py:188} INFO - [2025-12-26T22:03:38.222+0530] {dagbag.py:545} INFO - Filling up the DagBag from /home/sathya/projects/training-kit/.venv-airflow/lib/python3.10/site-packages/airflow/example_dags/example_python_operator.py
[2025-12-26T22:03:38.249+0530] {logging_mixin.py:188} INFO - [2025-12-26T22:03:38.249+0530] {example_python_operator.py:93} WARNING - The virtalenv_python example task requires virtualenv, please install it.
[2025-12-26T22:03:38.250+0530] {processor.py:840} INFO - DAG(s) 'example_python_operator' retrieved from /home/sathya/projects/training-kit/.venv-airflow/lib/python3.10/site-packages/airflow/example_dags/example_python_operator.py
[2025-12-26T22:03:38.274+0530] {logging_mixin.py:188} INFO - [2025-12-26T22:03:38.273+0530] {dag.py:3089} INFO - Sync 1 DAGs
[2025-12-26T22:03:38.302+0530] {logging_mixin.py:188} INFO - [2025-12-26T22:03:38.301+0530] {dag.py:3947} INFO - Setting next_dagrun for example_python_operator to None, run_after=None
[2025-12-26T22:03:38.356+0530] {processor.py:183} INFO - Processing /home/sathya/projects/training-kit/.venv-airflow/lib/python3.10/site-packages/airflow/example_dags/example_python_operator.py took 0.152 seconds
[2025-12-26T22:04:29.580+0530] {processor.py:161} INFO - Started process (PID=3396) to work on /home/sathya/projects/training-kit/.venv-airflow/lib/python3.10/site-packages/airflow/example_dags/example_python_operator.py
[2025-12-26T22:04:29.582+0530] {processor.py:830} INFO - Processing file /home/sathya/projects/training-kit/.venv-airflow/lib/python3.10/site-packages/airflow/example_dags/example_python_operator.py for tasks to queue
[2025-12-26T22:04:29.584+0530] {logging_mixin.py:188} INFO - [2025-12-26T22:04:29.583+0530] {dagbag.py:545} INFO - Filling up the DagBag from /home/sathya/projects/training-kit/.venv-airflow/lib/python3.10/site-packages/airflow/example_dags/example_python_operator.py
[2025-12-26T22:04:29.613+0530] {logging_mixin.py:188} INFO - [2025-12-26T22:04:29.612+0530] {example_python_operator.py:93} WARNING - The virtalenv_python example task requires virtualenv, please install it.
[2025-12-26T22:04:29.614+0530] {processor.py:840} INFO - DAG(s) 'example_python_operator' retrieved from /home/sathya/projects/training-kit/.venv-airflow/lib/python3.10/site-packages/airflow/example_dags/example_python_operator.py
[2025-12-26T22:04:29.656+0530] {logging_mixin.py:188} INFO - [2025-12-26T22:04:29.655+0530] {dag.py:3089} INFO - Sync 1 DAGs
[2025-12-26T22:04:29.674+0530] {logging_mixin.py:188} INFO - [2025-12-26T22:04:29.673+0530] {dag.py:3947} INFO - Setting next_dagrun for example_python_operator to None, run_after=None
[2025-12-26T22:04:29.720+0530] {processor.py:183} INFO - Processing /home/sathya/projects/training-kit/.venv-airflow/lib/python3.10/site-packages/airflow/example_dags/example_python_operator.py took 0.151 seconds
[2025-12-26T22:07:18.320+0530] {processor.py:161} INFO - Started process (PID=3839) to work on /home/sathya/projects/training-kit/.venv-airflow/lib/python3.10/site-packages/airflow/example_dags/example_python_operator.py
[2025-12-26T22:07:18.323+0530] {processor.py:830} INFO - Processing file /home/sathya/projects/training-kit/.venv-airflow/lib/python3.10/site-packages/airflow/example_dags/example_python_operator.py for tasks to queue
[2025-12-26T22:07:18.330+0530] {logging_mixin.py:188} INFO - [2025-12-26T22:07:18.329+0530] {dagbag.py:545} INFO - Filling up the DagBag from /home/sathya/projects/training-kit/.venv-airflow/lib/python3.10/site-packages/airflow/example_dags/example_python_operator.py
[2025-12-26T22:07:18.361+0530] {logging_mixin.py:188} INFO - [2025-12-26T22:07:18.360+0530] {example_python_operator.py:93} WARNING - The virtalenv_python example task requires virtualenv, please install it.
[2025-12-26T22:07:18.361+0530] {processor.py:840} INFO - DAG(s) 'example_python_operator' retrieved from /home/sathya/projects/training-kit/.venv-airflow/lib/python3.10/site-packages/airflow/example_dags/example_python_operator.py
[2025-12-26T22:07:18.391+0530] {logging_mixin.py:188} INFO - [2025-12-26T22:07:18.390+0530] {dag.py:3089} INFO - Sync 1 DAGs
[2025-12-26T22:07:18.405+0530] {logging_mixin.py:188} INFO - [2025-12-26T22:07:18.405+0530] {dag.py:3947} INFO - Setting next_dagrun for example_python_operator to None, run_after=None
[2025-12-26T22:07:18.474+0530] {processor.py:183} INFO - Processing /home/sathya/projects/training-kit/.venv-airflow/lib/python3.10/site-packages/airflow/example_dags/example_python_operator.py took 0.163 seconds
[2025-12-26T22:15:15.810+0530] {processor.py:161} INFO - Started process (PID=4907) to work on /home/sathya/projects/training-kit/.venv-airflow/lib/python3.10/site-packages/airflow/example_dags/example_python_operator.py
[2025-12-26T22:15:15.811+0530] {processor.py:830} INFO - Processing file /home/sathya/projects/training-kit/.venv-airflow/lib/python3.10/site-packages/airflow/example_dags/example_python_operator.py for tasks to queue
[2025-12-26T22:15:15.813+0530] {logging_mixin.py:188} INFO - [2025-12-26T22:15:15.812+0530] {dagbag.py:545} INFO - Filling up the DagBag from /home/sathya/projects/training-kit/.venv-airflow/lib/python3.10/site-packages/airflow/example_dags/example_python_operator.py
[2025-12-26T22:15:15.836+0530] {logging_mixin.py:188} INFO - [2025-12-26T22:15:15.836+0530] {example_python_operator.py:93} WARNING - The virtalenv_python example task requires virtualenv, please install it.
[2025-12-26T22:15:15.837+0530] {processor.py:840} INFO - DAG(s) 'example_python_operator' retrieved from /home/sathya/projects/training-kit/.venv-airflow/lib/python3.10/site-packages/airflow/example_dags/example_python_operator.py
[2025-12-26T22:15:15.852+0530] {logging_mixin.py:188} INFO - [2025-12-26T22:15:15.852+0530] {dag.py:3089} INFO - Sync 1 DAGs
[2025-12-26T22:15:15.863+0530] {logging_mixin.py:188} INFO - [2025-12-26T22:15:15.862+0530] {dag.py:3947} INFO - Setting next_dagrun for example_python_operator to None, run_after=None
[2025-12-26T22:15:15.892+0530] {processor.py:183} INFO - Processing /home/sathya/projects/training-kit/.venv-airflow/lib/python3.10/site-packages/airflow/example_dags/example_python_operator.py took 0.089 seconds
[2025-12-26T22:15:39.214+0530] {processor.py:161} INFO - Started process (PID=4992) to work on /home/sathya/projects/training-kit/.venv-airflow/lib/python3.10/site-packages/airflow/example_dags/example_python_operator.py
[2025-12-26T22:15:39.215+0530] {processor.py:830} INFO - Processing file /home/sathya/projects/training-kit/.venv-airflow/lib/python3.10/site-packages/airflow/example_dags/example_python_operator.py for tasks to queue
[2025-12-26T22:15:39.217+0530] {logging_mixin.py:188} INFO - [2025-12-26T22:15:39.216+0530] {dagbag.py:545} INFO - Filling up the DagBag from /home/sathya/projects/training-kit/.venv-airflow/lib/python3.10/site-packages/airflow/example_dags/example_python_operator.py
[2025-12-26T22:15:39.249+0530] {logging_mixin.py:188} INFO - [2025-12-26T22:15:39.249+0530] {example_python_operator.py:93} WARNING - The virtalenv_python example task requires virtualenv, please install it.
[2025-12-26T22:15:39.250+0530] {processor.py:840} INFO - DAG(s) 'example_python_operator' retrieved from /home/sathya/projects/training-kit/.venv-airflow/lib/python3.10/site-packages/airflow/example_dags/example_python_operator.py
[2025-12-26T22:15:39.271+0530] {logging_mixin.py:188} INFO - [2025-12-26T22:15:39.271+0530] {dag.py:3089} INFO - Sync 1 DAGs
[2025-12-26T22:15:39.284+0530] {logging_mixin.py:188} INFO - [2025-12-26T22:15:39.284+0530] {dag.py:3947} INFO - Setting next_dagrun for example_python_operator to None, run_after=None
[2025-12-26T22:15:39.314+0530] {processor.py:183} INFO - Processing /home/sathya/projects/training-kit/.venv-airflow/lib/python3.10/site-packages/airflow/example_dags/example_python_operator.py took 0.106 seconds
[2025-12-26T22:18:30.200+0530] {processor.py:161} INFO - Started process (PID=5578) to work on /home/sathya/projects/training-kit/.venv-airflow/lib/python3.10/site-packages/airflow/example_dags/example_python_operator.py
[2025-12-26T22:18:30.201+0530] {processor.py:830} INFO - Processing file /home/sathya/projects/training-kit/.venv-airflow/lib/python3.10/site-packages/airflow/example_dags/example_python_operator.py for tasks to queue
[2025-12-26T22:18:30.203+0530] {logging_mixin.py:188} INFO - [2025-12-26T22:18:30.202+0530] {dagbag.py:545} INFO - Filling up the DagBag from /home/sathya/projects/training-kit/.venv-airflow/lib/python3.10/site-packages/airflow/example_dags/example_python_operator.py
[2025-12-26T22:18:30.249+0530] {logging_mixin.py:188} INFO - [2025-12-26T22:18:30.249+0530] {example_python_operator.py:93} WARNING - The virtalenv_python example task requires virtualenv, please install it.
[2025-12-26T22:18:30.249+0530] {processor.py:840} INFO - DAG(s) 'example_python_operator' retrieved from /home/sathya/projects/training-kit/.venv-airflow/lib/python3.10/site-packages/airflow/example_dags/example_python_operator.py
[2025-12-26T22:18:30.265+0530] {logging_mixin.py:188} INFO - [2025-12-26T22:18:30.265+0530] {dag.py:3089} INFO - Sync 1 DAGs
[2025-12-26T22:18:30.275+0530] {logging_mixin.py:188} INFO - [2025-12-26T22:18:30.275+0530] {dag.py:3947} INFO - Setting next_dagrun for example_python_operator to None, run_after=None
[2025-12-26T22:18:30.309+0530] {processor.py:183} INFO - Processing /home/sathya/projects/training-kit/.venv-airflow/lib/python3.10/site-packages/airflow/example_dags/example_python_operator.py took 0.116 seconds
[2025-12-26T22:18:50.519+0530] {processor.py:161} INFO - Started process (PID=5640) to work on /home/sathya/projects/training-kit/.venv-airflow/lib/python3.10/site-packages/airflow/example_dags/example_python_operator.py
[2025-12-26T22:18:50.520+0530] {processor.py:830} INFO - Processing file /home/sathya/projects/training-kit/.venv-airflow/lib/python3.10/site-packages/airflow/example_dags/example_python_operator.py for tasks to queue
[2025-12-26T22:18:50.521+0530] {logging_mixin.py:188} INFO - [2025-12-26T22:18:50.521+0530] {dagbag.py:545} INFO - Filling up the DagBag from /home/sathya/projects/training-kit/.venv-airflow/lib/python3.10/site-packages/airflow/example_dags/example_python_operator.py
[2025-12-26T22:18:50.550+0530] {logging_mixin.py:188} INFO - [2025-12-26T22:18:50.550+0530] {example_python_operator.py:93} WARNING - The virtalenv_python example task requires virtualenv, please install it.
[2025-12-26T22:18:50.550+0530] {processor.py:840} INFO - DAG(s) 'example_python_operator' retrieved from /home/sathya/projects/training-kit/.venv-airflow/lib/python3.10/site-packages/airflow/example_dags/example_python_operator.py
[2025-12-26T22:18:50.565+0530] {logging_mixin.py:188} INFO - [2025-12-26T22:18:50.565+0530] {dag.py:3089} INFO - Sync 1 DAGs
[2025-12-26T22:18:50.572+0530] {logging_mixin.py:188} INFO - [2025-12-26T22:18:50.572+0530] {dag.py:3947} INFO - Setting next_dagrun for example_python_operator to None, run_after=None
[2025-12-26T22:18:50.593+0530] {processor.py:183} INFO - Processing /home/sathya/projects/training-kit/.venv-airflow/lib/python3.10/site-packages/airflow/example_dags/example_python_operator.py took 0.078 seconds
[2025-12-26T22:23:18.212+0530] {processor.py:161} INFO - Started process (PID=6231) to work on /home/sathya/projects/training-kit/.venv-airflow/lib/python3.10/site-packages/airflow/example_dags/example_python_operator.py
[2025-12-26T22:23:18.213+0530] {processor.py:830} INFO - Processing file /home/sathya/projects/training-kit/.venv-airflow/lib/python3.10/site-packages/airflow/example_dags/example_python_operator.py for tasks to queue
[2025-12-26T22:23:18.215+0530] {logging_mixin.py:188} INFO - [2025-12-26T22:23:18.214+0530] {dagbag.py:545} INFO - Filling up the DagBag from /home/sathya/projects/training-kit/.venv-airflow/lib/python3.10/site-packages/airflow/example_dags/example_python_operator.py
[2025-12-26T22:23:18.230+0530] {logging_mixin.py:188} INFO - [2025-12-26T22:23:18.229+0530] {example_python_operator.py:93} WARNING - The virtalenv_python example task requires virtualenv, please install it.
[2025-12-26T22:23:18.230+0530] {processor.py:840} INFO - DAG(s) 'example_python_operator' retrieved from /home/sathya/projects/training-kit/.venv-airflow/lib/python3.10/site-packages/airflow/example_dags/example_python_operator.py
[2025-12-26T22:23:18.244+0530] {logging_mixin.py:188} INFO - [2025-12-26T22:23:18.244+0530] {dag.py:3089} INFO - Sync 1 DAGs
[2025-12-26T22:23:18.253+0530] {logging_mixin.py:188} INFO - [2025-12-26T22:23:18.252+0530] {dag.py:3947} INFO - Setting next_dagrun for example_python_operator to None, run_after=None
[2025-12-26T22:23:18.272+0530] {processor.py:183} INFO - Processing /home/sathya/projects/training-kit/.venv-airflow/lib/python3.10/site-packages/airflow/example_dags/example_python_operator.py took 0.065 seconds
[2025-12-26T22:29:03.021+0530] {processor.py:161} INFO - Started process (PID=6944) to work on /home/sathya/projects/training-kit/.venv-airflow/lib/python3.10/site-packages/airflow/example_dags/example_python_operator.py
[2025-12-26T22:29:03.022+0530] {processor.py:830} INFO - Processing file /home/sathya/projects/training-kit/.venv-airflow/lib/python3.10/site-packages/airflow/example_dags/example_python_operator.py for tasks to queue
[2025-12-26T22:29:03.024+0530] {logging_mixin.py:188} INFO - [2025-12-26T22:29:03.024+0530] {dagbag.py:545} INFO - Filling up the DagBag from /home/sathya/projects/training-kit/.venv-airflow/lib/python3.10/site-packages/airflow/example_dags/example_python_operator.py
[2025-12-26T22:29:03.051+0530] {logging_mixin.py:188} INFO - [2025-12-26T22:29:03.050+0530] {example_python_operator.py:93} WARNING - The virtalenv_python example task requires virtualenv, please install it.
[2025-12-26T22:29:03.051+0530] {processor.py:840} INFO - DAG(s) 'example_python_operator' retrieved from /home/sathya/projects/training-kit/.venv-airflow/lib/python3.10/site-packages/airflow/example_dags/example_python_operator.py
[2025-12-26T22:29:03.065+0530] {logging_mixin.py:188} INFO - [2025-12-26T22:29:03.065+0530] {dag.py:3089} INFO - Sync 1 DAGs
[2025-12-26T22:29:03.073+0530] {logging_mixin.py:188} INFO - [2025-12-26T22:29:03.073+0530] {dag.py:3947} INFO - Setting next_dagrun for example_python_operator to None, run_after=None
[2025-12-26T22:29:03.095+0530] {processor.py:183} INFO - Processing /home/sathya/projects/training-kit/.venv-airflow/lib/python3.10/site-packages/airflow/example_dags/example_python_operator.py took 0.080 seconds
[2025-12-26T22:34:02.213+0530] {processor.py:161} INFO - Started process (PID=7593) to work on /home/sathya/projects/training-kit/.venv-airflow/lib/python3.10/site-packages/airflow/example_dags/example_python_operator.py
[2025-12-26T22:34:02.214+0530] {processor.py:830} INFO - Processing file /home/sathya/projects/training-kit/.venv-airflow/lib/python3.10/site-packages/airflow/example_dags/example_python_operator.py for tasks to queue
[2025-12-26T22:34:02.216+0530] {logging_mixin.py:188} INFO - [2025-12-26T22:34:02.215+0530] {dagbag.py:545} INFO - Filling up the DagBag from /home/sathya/projects/training-kit/.venv-airflow/lib/python3.10/site-packages/airflow/example_dags/example_python_operator.py
[2025-12-26T22:34:02.255+0530] {logging_mixin.py:188} INFO - [2025-12-26T22:34:02.254+0530] {example_python_operator.py:93} WARNING - The virtalenv_python example task requires virtualenv, please install it.
[2025-12-26T22:34:02.255+0530] {processor.py:840} INFO - DAG(s) 'example_python_operator' retrieved from /home/sathya/projects/training-kit/.venv-airflow/lib/python3.10/site-packages/airflow/example_dags/example_python_operator.py
[2025-12-26T22:34:02.273+0530] {logging_mixin.py:188} INFO - [2025-12-26T22:34:02.273+0530] {dag.py:3089} INFO - Sync 1 DAGs
[2025-12-26T22:34:02.285+0530] {logging_mixin.py:188} INFO - [2025-12-26T22:34:02.283+0530] {dag.py:3947} INFO - Setting next_dagrun for example_python_operator to None, run_after=None
[2025-12-26T22:34:02.330+0530] {processor.py:183} INFO - Processing /home/sathya/projects/training-kit/.venv-airflow/lib/python3.10/site-packages/airflow/example_dags/example_python_operator.py took 0.123 seconds
[2025-12-26T22:40:34.984+0530] {processor.py:161} INFO - Started process (PID=8354) to work on /home/sathya/projects/training-kit/.venv-airflow/lib/python3.10/site-packages/airflow/example_dags/example_python_operator.py
[2025-12-26T22:40:34.985+0530] {processor.py:830} INFO - Processing file /home/sathya/projects/training-kit/.venv-airflow/lib/python3.10/site-packages/airflow/example_dags/example_python_operator.py for tasks to queue
[2025-12-26T22:40:34.987+0530] {logging_mixin.py:188} INFO - [2025-12-26T22:40:34.987+0530] {dagbag.py:545} INFO - Filling up the DagBag from /home/sathya/projects/training-kit/.venv-airflow/lib/python3.10/site-packages/airflow/example_dags/example_python_operator.py
[2025-12-26T22:40:35.020+0530] {logging_mixin.py:188} INFO - [2025-12-26T22:40:35.020+0530] {example_python_operator.py:93} WARNING - The virtalenv_python example task requires virtualenv, please install it.
[2025-12-26T22:40:35.021+0530] {processor.py:840} INFO - DAG(s) 'example_python_operator' retrieved from /home/sathya/projects/training-kit/.venv-airflow/lib/python3.10/site-packages/airflow/example_dags/example_python_operator.py
[2025-12-26T22:40:35.048+0530] {logging_mixin.py:188} INFO - [2025-12-26T22:40:35.047+0530] {dag.py:3089} INFO - Sync 1 DAGs
[2025-12-26T22:40:35.060+0530] {logging_mixin.py:188} INFO - [2025-12-26T22:40:35.060+0530] {dag.py:3947} INFO - Setting next_dagrun for example_python_operator to None, run_after=None
[2025-12-26T22:40:35.091+0530] {processor.py:183} INFO - Processing /home/sathya/projects/training-kit/.venv-airflow/lib/python3.10/site-packages/airflow/example_dags/example_python_operator.py took 0.113 seconds
[2025-12-26T22:45:51.241+0530] {processor.py:161} INFO - Started process (PID=9006) to work on /home/sathya/projects/training-kit/.venv-airflow/lib/python3.10/site-packages/airflow/example_dags/example_python_operator.py
[2025-12-26T22:45:51.242+0530] {processor.py:830} INFO - Processing file /home/sathya/projects/training-kit/.venv-airflow/lib/python3.10/site-packages/airflow/example_dags/example_python_operator.py for tasks to queue
[2025-12-26T22:45:51.243+0530] {logging_mixin.py:188} INFO - [2025-12-26T22:45:51.243+0530] {dagbag.py:545} INFO - Filling up the DagBag from /home/sathya/projects/training-kit/.venv-airflow/lib/python3.10/site-packages/airflow/example_dags/example_python_operator.py
[2025-12-26T22:45:51.258+0530] {logging_mixin.py:188} INFO - [2025-12-26T22:45:51.258+0530] {example_python_operator.py:93} WARNING - The virtalenv_python example task requires virtualenv, please install it.
[2025-12-26T22:45:51.259+0530] {processor.py:840} INFO - DAG(s) 'example_python_operator' retrieved from /home/sathya/projects/training-kit/.venv-airflow/lib/python3.10/site-packages/airflow/example_dags/example_python_operator.py
[2025-12-26T22:45:51.272+0530] {logging_mixin.py:188} INFO - [2025-12-26T22:45:51.272+0530] {dag.py:3089} INFO - Sync 1 DAGs
[2025-12-26T22:45:51.281+0530] {logging_mixin.py:188} INFO - [2025-12-26T22:45:51.280+0530] {dag.py:3947} INFO - Setting next_dagrun for example_python_operator to None, run_after=None
[2025-12-26T22:45:51.303+0530] {processor.py:183} INFO - Processing /home/sathya/projects/training-kit/.venv-airflow/lib/python3.10/site-packages/airflow/example_dags/example_python_operator.py took 0.068 seconds
[2025-12-26T22:51:15.599+0530] {processor.py:161} INFO - Started process (PID=9657) to work on /home/sathya/projects/training-kit/.venv-airflow/lib/python3.10/site-packages/airflow/example_dags/example_python_operator.py
[2025-12-26T22:51:15.601+0530] {processor.py:830} INFO - Processing file /home/sathya/projects/training-kit/.venv-airflow/lib/python3.10/site-packages/airflow/example_dags/example_python_operator.py for tasks to queue
[2025-12-26T22:51:15.603+0530] {logging_mixin.py:188} INFO - [2025-12-26T22:51:15.603+0530] {dagbag.py:545} INFO - Filling up the DagBag from /home/sathya/projects/training-kit/.venv-airflow/lib/python3.10/site-packages/airflow/example_dags/example_python_operator.py
[2025-12-26T22:51:15.628+0530] {logging_mixin.py:188} INFO - [2025-12-26T22:51:15.628+0530] {example_python_operator.py:93} WARNING - The virtalenv_python example task requires virtualenv, please install it.
[2025-12-26T22:51:15.629+0530] {processor.py:840} INFO - DAG(s) 'example_python_operator' retrieved from /home/sathya/projects/training-kit/.venv-airflow/lib/python3.10/site-packages/airflow/example_dags/example_python_operator.py
[2025-12-26T22:51:15.644+0530] {logging_mixin.py:188} INFO - [2025-12-26T22:51:15.644+0530] {dag.py:3089} INFO - Sync 1 DAGs
[2025-12-26T22:51:15.654+0530] {logging_mixin.py:188} INFO - [2025-12-26T22:51:15.654+0530] {dag.py:3947} INFO - Setting next_dagrun for example_python_operator to None, run_after=None
[2025-12-26T22:51:15.680+0530] {processor.py:183} INFO - Processing /home/sathya/projects/training-kit/.venv-airflow/lib/python3.10/site-packages/airflow/example_dags/example_python_operator.py took 0.087 seconds
[2025-12-26T22:57:09.547+0530] {processor.py:161} INFO - Started process (PID=10331) to work on /home/sathya/projects/training-kit/.venv-airflow/lib/python3.10/site-packages/airflow/example_dags/example_python_operator.py
[2025-12-26T22:57:09.550+0530] {processor.py:830} INFO - Processing file /home/sathya/projects/training-kit/.venv-airflow/lib/python3.10/site-packages/airflow/example_dags/example_python_operator.py for tasks to queue
[2025-12-26T22:57:09.552+0530] {logging_mixin.py:188} INFO - [2025-12-26T22:57:09.552+0530] {dagbag.py:545} INFO - Filling up the DagBag from /home/sathya/projects/training-kit/.venv-airflow/lib/python3.10/site-packages/airflow/example_dags/example_python_operator.py
[2025-12-26T22:57:09.577+0530] {logging_mixin.py:188} INFO - [2025-12-26T22:57:09.577+0530] {example_python_operator.py:93} WARNING - The virtalenv_python example task requires virtualenv, please install it.
[2025-12-26T22:57:09.578+0530] {processor.py:840} INFO - DAG(s) 'example_python_operator' retrieved from /home/sathya/projects/training-kit/.venv-airflow/lib/python3.10/site-packages/airflow/example_dags/example_python_operator.py
[2025-12-26T22:57:09.592+0530] {logging_mixin.py:188} INFO - [2025-12-26T22:57:09.592+0530] {dag.py:3089} INFO - Sync 1 DAGs
[2025-12-26T22:57:09.602+0530] {logging_mixin.py:188} INFO - [2025-12-26T22:57:09.602+0530] {dag.py:3947} INFO - Setting next_dagrun for example_python_operator to None, run_after=None
[2025-12-26T22:57:09.629+0530] {processor.py:183} INFO - Processing /home/sathya/projects/training-kit/.venv-airflow/lib/python3.10/site-packages/airflow/example_dags/example_python_operator.py took 0.090 seconds
[2025-12-26T23:05:26.534+0530] {processor.py:161} INFO - Started process (PID=11118) to work on /home/sathya/projects/training-kit/.venv-airflow/lib/python3.10/site-packages/airflow/example_dags/example_python_operator.py
[2025-12-26T23:05:26.535+0530] {processor.py:830} INFO - Processing file /home/sathya/projects/training-kit/.venv-airflow/lib/python3.10/site-packages/airflow/example_dags/example_python_operator.py for tasks to queue
[2025-12-26T23:05:26.540+0530] {logging_mixin.py:188} INFO - [2025-12-26T23:05:26.539+0530] {dagbag.py:545} INFO - Filling up the DagBag from /home/sathya/projects/training-kit/.venv-airflow/lib/python3.10/site-packages/airflow/example_dags/example_python_operator.py
[2025-12-26T23:05:26.568+0530] {logging_mixin.py:188} INFO - [2025-12-26T23:05:26.568+0530] {example_python_operator.py:93} WARNING - The virtalenv_python example task requires virtualenv, please install it.
[2025-12-26T23:05:26.569+0530] {processor.py:840} INFO - DAG(s) 'example_python_operator' retrieved from /home/sathya/projects/training-kit/.venv-airflow/lib/python3.10/site-packages/airflow/example_dags/example_python_operator.py
[2025-12-26T23:05:26.584+0530] {logging_mixin.py:188} INFO - [2025-12-26T23:05:26.584+0530] {dag.py:3089} INFO - Sync 1 DAGs
[2025-12-26T23:05:26.596+0530] {logging_mixin.py:188} INFO - [2025-12-26T23:05:26.595+0530] {dag.py:3947} INFO - Setting next_dagrun for example_python_operator to None, run_after=None
[2025-12-26T23:05:26.619+0530] {processor.py:183} INFO - Processing /home/sathya/projects/training-kit/.venv-airflow/lib/python3.10/site-packages/airflow/example_dags/example_python_operator.py took 0.091 seconds
[2025-12-26T23:11:07.380+0530] {processor.py:161} INFO - Started process (PID=11807) to work on /home/sathya/projects/training-kit/.venv-airflow/lib/python3.10/site-packages/airflow/example_dags/example_python_operator.py
[2025-12-26T23:11:07.381+0530] {processor.py:830} INFO - Processing file /home/sathya/projects/training-kit/.venv-airflow/lib/python3.10/site-packages/airflow/example_dags/example_python_operator.py for tasks to queue
[2025-12-26T23:11:07.383+0530] {logging_mixin.py:188} INFO - [2025-12-26T23:11:07.383+0530] {dagbag.py:545} INFO - Filling up the DagBag from /home/sathya/projects/training-kit/.venv-airflow/lib/python3.10/site-packages/airflow/example_dags/example_python_operator.py
[2025-12-26T23:11:07.415+0530] {logging_mixin.py:188} INFO - [2025-12-26T23:11:07.414+0530] {example_python_operator.py:93} WARNING - The virtalenv_python example task requires virtualenv, please install it.
[2025-12-26T23:11:07.416+0530] {processor.py:840} INFO - DAG(s) 'example_python_operator' retrieved from /home/sathya/projects/training-kit/.venv-airflow/lib/python3.10/site-packages/airflow/example_dags/example_python_operator.py
[2025-12-26T23:11:07.435+0530] {logging_mixin.py:188} INFO - [2025-12-26T23:11:07.435+0530] {dag.py:3089} INFO - Sync 1 DAGs
[2025-12-26T23:11:07.449+0530] {logging_mixin.py:188} INFO - [2025-12-26T23:11:07.448+0530] {dag.py:3947} INFO - Setting next_dagrun for example_python_operator to None, run_after=None
[2025-12-26T23:11:07.484+0530] {processor.py:183} INFO - Processing /home/sathya/projects/training-kit/.venv-airflow/lib/python3.10/site-packages/airflow/example_dags/example_python_operator.py took 0.114 seconds
