[2025-12-26T21:52:23.949+0530] {processor.py:161} INFO - Started process (PID=1263) to work on /home/sathya/projects/training-kit/.venv-airflow/lib/python3.10/site-packages/airflow/example_dags/example_setup_teardown.py
[2025-12-26T21:52:23.950+0530] {processor.py:830} INFO - Processing file /home/sathya/projects/training-kit/.venv-airflow/lib/python3.10/site-packages/airflow/example_dags/example_setup_teardown.py for tasks to queue
[2025-12-26T21:52:23.954+0530] {logging_mixin.py:188} INFO - [2025-12-26T21:52:23.953+0530] {dagbag.py:545} INFO - Filling up the DagBag from /home/sathya/projects/training-kit/.venv-airflow/lib/python3.10/site-packages/airflow/example_dags/example_setup_teardown.py
[2025-12-26T21:52:23.967+0530] {processor.py:840} INFO - DAG(s) 'example_setup_teardown' retrieved from /home/sathya/projects/training-kit/.venv-airflow/lib/python3.10/site-packages/airflow/example_dags/example_setup_teardown.py
[2025-12-26T21:52:23.990+0530] {logging_mixin.py:188} INFO - [2025-12-26T21:52:23.989+0530] {dag.py:3089} INFO - Sync 1 DAGs
[2025-12-26T21:52:24.019+0530] {logging_mixin.py:188} INFO - [2025-12-26T21:52:24.019+0530] {dag.py:3947} INFO - Setting next_dagrun for example_setup_teardown to 2025-12-25 00:00:00+00:00, run_after=2025-12-26 00:00:00+00:00
[2025-12-26T21:52:24.050+0530] {processor.py:183} INFO - Processing /home/sathya/projects/training-kit/.venv-airflow/lib/python3.10/site-packages/airflow/example_dags/example_setup_teardown.py took 0.114 seconds
[2025-12-26T21:53:17.485+0530] {processor.py:161} INFO - Started process (PID=1395) to work on /home/sathya/projects/training-kit/.venv-airflow/lib/python3.10/site-packages/airflow/example_dags/example_setup_teardown.py
[2025-12-26T21:53:17.487+0530] {processor.py:830} INFO - Processing file /home/sathya/projects/training-kit/.venv-airflow/lib/python3.10/site-packages/airflow/example_dags/example_setup_teardown.py for tasks to queue
[2025-12-26T21:53:17.488+0530] {logging_mixin.py:188} INFO - [2025-12-26T21:53:17.488+0530] {dagbag.py:545} INFO - Filling up the DagBag from /home/sathya/projects/training-kit/.venv-airflow/lib/python3.10/site-packages/airflow/example_dags/example_setup_teardown.py
[2025-12-26T21:53:17.499+0530] {processor.py:840} INFO - DAG(s) 'example_setup_teardown' retrieved from /home/sathya/projects/training-kit/.venv-airflow/lib/python3.10/site-packages/airflow/example_dags/example_setup_teardown.py
[2025-12-26T21:53:17.539+0530] {logging_mixin.py:188} INFO - [2025-12-26T21:53:17.538+0530] {dag.py:3089} INFO - Sync 1 DAGs
[2025-12-26T21:53:17.568+0530] {logging_mixin.py:188} INFO - [2025-12-26T21:53:17.568+0530] {dag.py:3947} INFO - Setting next_dagrun for example_setup_teardown to 2025-12-25 00:00:00+00:00, run_after=2025-12-26 00:00:00+00:00
[2025-12-26T21:53:17.609+0530] {processor.py:183} INFO - Processing /home/sathya/projects/training-kit/.venv-airflow/lib/python3.10/site-packages/airflow/example_dags/example_setup_teardown.py took 0.132 seconds
[2025-12-26T21:54:08.125+0530] {processor.py:161} INFO - Started process (PID=1519) to work on /home/sathya/projects/training-kit/.venv-airflow/lib/python3.10/site-packages/airflow/example_dags/example_setup_teardown.py
[2025-12-26T21:54:08.132+0530] {processor.py:830} INFO - Processing file /home/sathya/projects/training-kit/.venv-airflow/lib/python3.10/site-packages/airflow/example_dags/example_setup_teardown.py for tasks to queue
[2025-12-26T21:54:08.135+0530] {logging_mixin.py:188} INFO - [2025-12-26T21:54:08.134+0530] {dagbag.py:545} INFO - Filling up the DagBag from /home/sathya/projects/training-kit/.venv-airflow/lib/python3.10/site-packages/airflow/example_dags/example_setup_teardown.py
[2025-12-26T21:54:08.144+0530] {processor.py:840} INFO - DAG(s) 'example_setup_teardown' retrieved from /home/sathya/projects/training-kit/.venv-airflow/lib/python3.10/site-packages/airflow/example_dags/example_setup_teardown.py
[2025-12-26T21:54:08.266+0530] {logging_mixin.py:188} INFO - [2025-12-26T21:54:08.265+0530] {dag.py:3089} INFO - Sync 1 DAGs
[2025-12-26T21:54:08.284+0530] {logging_mixin.py:188} INFO - [2025-12-26T21:54:08.284+0530] {dag.py:3947} INFO - Setting next_dagrun for example_setup_teardown to 2025-12-25 00:00:00+00:00, run_after=2025-12-26 00:00:00+00:00
[2025-12-26T21:54:08.316+0530] {processor.py:183} INFO - Processing /home/sathya/projects/training-kit/.venv-airflow/lib/python3.10/site-packages/airflow/example_dags/example_setup_teardown.py took 0.201 seconds
[2025-12-26T21:54:57.616+0530] {processor.py:161} INFO - Started process (PID=1622) to work on /home/sathya/projects/training-kit/.venv-airflow/lib/python3.10/site-packages/airflow/example_dags/example_setup_teardown.py
[2025-12-26T21:54:57.622+0530] {processor.py:830} INFO - Processing file /home/sathya/projects/training-kit/.venv-airflow/lib/python3.10/site-packages/airflow/example_dags/example_setup_teardown.py for tasks to queue
[2025-12-26T21:54:57.624+0530] {logging_mixin.py:188} INFO - [2025-12-26T21:54:57.624+0530] {dagbag.py:545} INFO - Filling up the DagBag from /home/sathya/projects/training-kit/.venv-airflow/lib/python3.10/site-packages/airflow/example_dags/example_setup_teardown.py
[2025-12-26T21:54:57.631+0530] {processor.py:840} INFO - DAG(s) 'example_setup_teardown' retrieved from /home/sathya/projects/training-kit/.venv-airflow/lib/python3.10/site-packages/airflow/example_dags/example_setup_teardown.py
[2025-12-26T21:54:57.648+0530] {logging_mixin.py:188} INFO - [2025-12-26T21:54:57.647+0530] {dag.py:3089} INFO - Sync 1 DAGs
[2025-12-26T21:54:57.667+0530] {logging_mixin.py:188} INFO - [2025-12-26T21:54:57.667+0530] {dag.py:3947} INFO - Setting next_dagrun for example_setup_teardown to 2025-12-25 00:00:00+00:00, run_after=2025-12-26 00:00:00+00:00
[2025-12-26T21:54:57.692+0530] {processor.py:183} INFO - Processing /home/sathya/projects/training-kit/.venv-airflow/lib/python3.10/site-packages/airflow/example_dags/example_setup_teardown.py took 0.088 seconds
[2025-12-26T21:55:19.199+0530] {processor.py:161} INFO - Started process (PID=1690) to work on /home/sathya/projects/training-kit/.venv-airflow/lib/python3.10/site-packages/airflow/example_dags/example_setup_teardown.py
[2025-12-26T21:55:19.205+0530] {processor.py:830} INFO - Processing file /home/sathya/projects/training-kit/.venv-airflow/lib/python3.10/site-packages/airflow/example_dags/example_setup_teardown.py for tasks to queue
[2025-12-26T21:55:19.207+0530] {logging_mixin.py:188} INFO - [2025-12-26T21:55:19.206+0530] {dagbag.py:545} INFO - Filling up the DagBag from /home/sathya/projects/training-kit/.venv-airflow/lib/python3.10/site-packages/airflow/example_dags/example_setup_teardown.py
[2025-12-26T21:55:19.214+0530] {processor.py:840} INFO - DAG(s) 'example_setup_teardown' retrieved from /home/sathya/projects/training-kit/.venv-airflow/lib/python3.10/site-packages/airflow/example_dags/example_setup_teardown.py
[2025-12-26T21:55:19.231+0530] {logging_mixin.py:188} INFO - [2025-12-26T21:55:19.230+0530] {dag.py:3089} INFO - Sync 1 DAGs
[2025-12-26T21:55:19.247+0530] {logging_mixin.py:188} INFO - [2025-12-26T21:55:19.247+0530] {dag.py:3947} INFO - Setting next_dagrun for example_setup_teardown to 2025-12-25 00:00:00+00:00, run_after=2025-12-26 00:00:00+00:00
[2025-12-26T21:55:19.273+0530] {processor.py:183} INFO - Processing /home/sathya/projects/training-kit/.venv-airflow/lib/python3.10/site-packages/airflow/example_dags/example_setup_teardown.py took 0.080 seconds
[2025-12-26T21:55:45.321+0530] {processor.py:161} INFO - Started process (PID=1766) to work on /home/sathya/projects/training-kit/.venv-airflow/lib/python3.10/site-packages/airflow/example_dags/example_setup_teardown.py
[2025-12-26T21:55:45.328+0530] {processor.py:830} INFO - Processing file /home/sathya/projects/training-kit/.venv-airflow/lib/python3.10/site-packages/airflow/example_dags/example_setup_teardown.py for tasks to queue
[2025-12-26T21:55:45.331+0530] {logging_mixin.py:188} INFO - [2025-12-26T21:55:45.331+0530] {dagbag.py:545} INFO - Filling up the DagBag from /home/sathya/projects/training-kit/.venv-airflow/lib/python3.10/site-packages/airflow/example_dags/example_setup_teardown.py
[2025-12-26T21:55:45.340+0530] {processor.py:840} INFO - DAG(s) 'example_setup_teardown' retrieved from /home/sathya/projects/training-kit/.venv-airflow/lib/python3.10/site-packages/airflow/example_dags/example_setup_teardown.py
[2025-12-26T21:55:45.361+0530] {logging_mixin.py:188} INFO - [2025-12-26T21:55:45.361+0530] {dag.py:3089} INFO - Sync 1 DAGs
[2025-12-26T21:55:45.386+0530] {logging_mixin.py:188} INFO - [2025-12-26T21:55:45.386+0530] {dag.py:3947} INFO - Setting next_dagrun for example_setup_teardown to 2025-12-25 00:00:00+00:00, run_after=2025-12-26 00:00:00+00:00
[2025-12-26T21:55:45.417+0530] {processor.py:183} INFO - Processing /home/sathya/projects/training-kit/.venv-airflow/lib/python3.10/site-packages/airflow/example_dags/example_setup_teardown.py took 0.103 seconds
[2025-12-26T21:56:13.575+0530] {processor.py:161} INFO - Started process (PID=1849) to work on /home/sathya/projects/training-kit/.venv-airflow/lib/python3.10/site-packages/airflow/example_dags/example_setup_teardown.py
[2025-12-26T21:56:13.577+0530] {processor.py:830} INFO - Processing file /home/sathya/projects/training-kit/.venv-airflow/lib/python3.10/site-packages/airflow/example_dags/example_setup_teardown.py for tasks to queue
[2025-12-26T21:56:13.578+0530] {logging_mixin.py:188} INFO - [2025-12-26T21:56:13.578+0530] {dagbag.py:545} INFO - Filling up the DagBag from /home/sathya/projects/training-kit/.venv-airflow/lib/python3.10/site-packages/airflow/example_dags/example_setup_teardown.py
[2025-12-26T21:56:13.585+0530] {processor.py:840} INFO - DAG(s) 'example_setup_teardown' retrieved from /home/sathya/projects/training-kit/.venv-airflow/lib/python3.10/site-packages/airflow/example_dags/example_setup_teardown.py
[2025-12-26T21:56:13.604+0530] {logging_mixin.py:188} INFO - [2025-12-26T21:56:13.603+0530] {dag.py:3089} INFO - Sync 1 DAGs
[2025-12-26T21:56:13.622+0530] {logging_mixin.py:188} INFO - [2025-12-26T21:56:13.621+0530] {dag.py:3947} INFO - Setting next_dagrun for example_setup_teardown to 2025-12-25 00:00:00+00:00, run_after=2025-12-26 00:00:00+00:00
[2025-12-26T21:56:13.649+0530] {processor.py:183} INFO - Processing /home/sathya/projects/training-kit/.venv-airflow/lib/python3.10/site-packages/airflow/example_dags/example_setup_teardown.py took 0.079 seconds
[2025-12-26T21:56:40.511+0530] {processor.py:161} INFO - Started process (PID=1924) to work on /home/sathya/projects/training-kit/.venv-airflow/lib/python3.10/site-packages/airflow/example_dags/example_setup_teardown.py
[2025-12-26T21:56:40.519+0530] {processor.py:830} INFO - Processing file /home/sathya/projects/training-kit/.venv-airflow/lib/python3.10/site-packages/airflow/example_dags/example_setup_teardown.py for tasks to queue
[2025-12-26T21:56:40.528+0530] {logging_mixin.py:188} INFO - [2025-12-26T21:56:40.527+0530] {dagbag.py:545} INFO - Filling up the DagBag from /home/sathya/projects/training-kit/.venv-airflow/lib/python3.10/site-packages/airflow/example_dags/example_setup_teardown.py
[2025-12-26T21:56:40.545+0530] {processor.py:840} INFO - DAG(s) 'example_setup_teardown' retrieved from /home/sathya/projects/training-kit/.venv-airflow/lib/python3.10/site-packages/airflow/example_dags/example_setup_teardown.py
[2025-12-26T21:56:40.581+0530] {logging_mixin.py:188} INFO - [2025-12-26T21:56:40.581+0530] {dag.py:3089} INFO - Sync 1 DAGs
[2025-12-26T21:56:40.616+0530] {logging_mixin.py:188} INFO - [2025-12-26T21:56:40.615+0530] {dag.py:3947} INFO - Setting next_dagrun for example_setup_teardown to 2025-12-25 00:00:00+00:00, run_after=2025-12-26 00:00:00+00:00
[2025-12-26T21:56:40.706+0530] {processor.py:183} INFO - Processing /home/sathya/projects/training-kit/.venv-airflow/lib/python3.10/site-packages/airflow/example_dags/example_setup_teardown.py took 0.222 seconds
[2025-12-26T21:57:09.176+0530] {processor.py:161} INFO - Started process (PID=2006) to work on /home/sathya/projects/training-kit/.venv-airflow/lib/python3.10/site-packages/airflow/example_dags/example_setup_teardown.py
[2025-12-26T21:57:09.177+0530] {processor.py:830} INFO - Processing file /home/sathya/projects/training-kit/.venv-airflow/lib/python3.10/site-packages/airflow/example_dags/example_setup_teardown.py for tasks to queue
[2025-12-26T21:57:09.180+0530] {logging_mixin.py:188} INFO - [2025-12-26T21:57:09.179+0530] {dagbag.py:545} INFO - Filling up the DagBag from /home/sathya/projects/training-kit/.venv-airflow/lib/python3.10/site-packages/airflow/example_dags/example_setup_teardown.py
[2025-12-26T21:57:09.213+0530] {processor.py:840} INFO - DAG(s) 'example_setup_teardown' retrieved from /home/sathya/projects/training-kit/.venv-airflow/lib/python3.10/site-packages/airflow/example_dags/example_setup_teardown.py
[2025-12-26T21:57:09.353+0530] {logging_mixin.py:188} INFO - [2025-12-26T21:57:09.353+0530] {dag.py:3089} INFO - Sync 1 DAGs
[2025-12-26T21:57:09.368+0530] {logging_mixin.py:188} INFO - [2025-12-26T21:57:09.368+0530] {dag.py:3947} INFO - Setting next_dagrun for example_setup_teardown to 2025-12-25 00:00:00+00:00, run_after=2025-12-26 00:00:00+00:00
[2025-12-26T21:57:09.388+0530] {processor.py:183} INFO - Processing /home/sathya/projects/training-kit/.venv-airflow/lib/python3.10/site-packages/airflow/example_dags/example_setup_teardown.py took 0.241 seconds
[2025-12-26T21:57:31.985+0530] {processor.py:161} INFO - Started process (PID=2072) to work on /home/sathya/projects/training-kit/.venv-airflow/lib/python3.10/site-packages/airflow/example_dags/example_setup_teardown.py
[2025-12-26T21:57:31.991+0530] {processor.py:830} INFO - Processing file /home/sathya/projects/training-kit/.venv-airflow/lib/python3.10/site-packages/airflow/example_dags/example_setup_teardown.py for tasks to queue
[2025-12-26T21:57:31.993+0530] {logging_mixin.py:188} INFO - [2025-12-26T21:57:31.993+0530] {dagbag.py:545} INFO - Filling up the DagBag from /home/sathya/projects/training-kit/.venv-airflow/lib/python3.10/site-packages/airflow/example_dags/example_setup_teardown.py
[2025-12-26T21:57:32.003+0530] {processor.py:840} INFO - DAG(s) 'example_setup_teardown' retrieved from /home/sathya/projects/training-kit/.venv-airflow/lib/python3.10/site-packages/airflow/example_dags/example_setup_teardown.py
[2025-12-26T21:57:32.020+0530] {logging_mixin.py:188} INFO - [2025-12-26T21:57:32.019+0530] {dag.py:3089} INFO - Sync 1 DAGs
[2025-12-26T21:57:32.039+0530] {logging_mixin.py:188} INFO - [2025-12-26T21:57:32.039+0530] {dag.py:3947} INFO - Setting next_dagrun for example_setup_teardown to 2025-12-25 00:00:00+00:00, run_after=2025-12-26 00:00:00+00:00
[2025-12-26T21:57:32.071+0530] {processor.py:183} INFO - Processing /home/sathya/projects/training-kit/.venv-airflow/lib/python3.10/site-packages/airflow/example_dags/example_setup_teardown.py took 0.094 seconds
[2025-12-26T21:58:04.671+0530] {processor.py:161} INFO - Started process (PID=2180) to work on /home/sathya/projects/training-kit/.venv-airflow/lib/python3.10/site-packages/airflow/example_dags/example_setup_teardown.py
[2025-12-26T21:58:04.672+0530] {processor.py:830} INFO - Processing file /home/sathya/projects/training-kit/.venv-airflow/lib/python3.10/site-packages/airflow/example_dags/example_setup_teardown.py for tasks to queue
[2025-12-26T21:58:04.674+0530] {logging_mixin.py:188} INFO - [2025-12-26T21:58:04.673+0530] {dagbag.py:545} INFO - Filling up the DagBag from /home/sathya/projects/training-kit/.venv-airflow/lib/python3.10/site-packages/airflow/example_dags/example_setup_teardown.py
[2025-12-26T21:58:04.681+0530] {processor.py:840} INFO - DAG(s) 'example_setup_teardown' retrieved from /home/sathya/projects/training-kit/.venv-airflow/lib/python3.10/site-packages/airflow/example_dags/example_setup_teardown.py
[2025-12-26T21:58:04.695+0530] {logging_mixin.py:188} INFO - [2025-12-26T21:58:04.695+0530] {dag.py:3089} INFO - Sync 1 DAGs
[2025-12-26T21:58:04.711+0530] {logging_mixin.py:188} INFO - [2025-12-26T21:58:04.711+0530] {dag.py:3947} INFO - Setting next_dagrun for example_setup_teardown to 2025-12-25 00:00:00+00:00, run_after=2025-12-26 00:00:00+00:00
[2025-12-26T21:58:04.735+0530] {processor.py:183} INFO - Processing /home/sathya/projects/training-kit/.venv-airflow/lib/python3.10/site-packages/airflow/example_dags/example_setup_teardown.py took 0.071 seconds
[2025-12-26T21:58:23.926+0530] {processor.py:161} INFO - Started process (PID=2240) to work on /home/sathya/projects/training-kit/.venv-airflow/lib/python3.10/site-packages/airflow/example_dags/example_setup_teardown.py
[2025-12-26T21:58:23.932+0530] {processor.py:830} INFO - Processing file /home/sathya/projects/training-kit/.venv-airflow/lib/python3.10/site-packages/airflow/example_dags/example_setup_teardown.py for tasks to queue
[2025-12-26T21:58:23.936+0530] {logging_mixin.py:188} INFO - [2025-12-26T21:58:23.935+0530] {dagbag.py:545} INFO - Filling up the DagBag from /home/sathya/projects/training-kit/.venv-airflow/lib/python3.10/site-packages/airflow/example_dags/example_setup_teardown.py
[2025-12-26T21:58:23.949+0530] {processor.py:840} INFO - DAG(s) 'example_setup_teardown' retrieved from /home/sathya/projects/training-kit/.venv-airflow/lib/python3.10/site-packages/airflow/example_dags/example_setup_teardown.py
[2025-12-26T21:58:23.985+0530] {logging_mixin.py:188} INFO - [2025-12-26T21:58:23.984+0530] {dag.py:3089} INFO - Sync 1 DAGs
[2025-12-26T21:58:24.023+0530] {logging_mixin.py:188} INFO - [2025-12-26T21:58:24.022+0530] {dag.py:3947} INFO - Setting next_dagrun for example_setup_teardown to 2025-12-25 00:00:00+00:00, run_after=2025-12-26 00:00:00+00:00
[2025-12-26T21:58:24.062+0530] {processor.py:183} INFO - Processing /home/sathya/projects/training-kit/.venv-airflow/lib/python3.10/site-packages/airflow/example_dags/example_setup_teardown.py took 0.147 seconds
[2025-12-26T21:58:50.980+0530] {processor.py:161} INFO - Started process (PID=2329) to work on /home/sathya/projects/training-kit/.venv-airflow/lib/python3.10/site-packages/airflow/example_dags/example_setup_teardown.py
[2025-12-26T21:58:50.982+0530] {processor.py:830} INFO - Processing file /home/sathya/projects/training-kit/.venv-airflow/lib/python3.10/site-packages/airflow/example_dags/example_setup_teardown.py for tasks to queue
[2025-12-26T21:58:50.985+0530] {logging_mixin.py:188} INFO - [2025-12-26T21:58:50.984+0530] {dagbag.py:545} INFO - Filling up the DagBag from /home/sathya/projects/training-kit/.venv-airflow/lib/python3.10/site-packages/airflow/example_dags/example_setup_teardown.py
[2025-12-26T21:58:50.997+0530] {processor.py:840} INFO - DAG(s) 'example_setup_teardown' retrieved from /home/sathya/projects/training-kit/.venv-airflow/lib/python3.10/site-packages/airflow/example_dags/example_setup_teardown.py
[2025-12-26T21:58:51.020+0530] {logging_mixin.py:188} INFO - [2025-12-26T21:58:51.020+0530] {dag.py:3089} INFO - Sync 1 DAGs
[2025-12-26T21:58:51.049+0530] {logging_mixin.py:188} INFO - [2025-12-26T21:58:51.048+0530] {dag.py:3947} INFO - Setting next_dagrun for example_setup_teardown to 2025-12-25 00:00:00+00:00, run_after=2025-12-26 00:00:00+00:00
[2025-12-26T21:58:51.085+0530] {processor.py:183} INFO - Processing /home/sathya/projects/training-kit/.venv-airflow/lib/python3.10/site-packages/airflow/example_dags/example_setup_teardown.py took 0.116 seconds
[2025-12-26T21:59:13.292+0530] {processor.py:161} INFO - Started process (PID=2395) to work on /home/sathya/projects/training-kit/.venv-airflow/lib/python3.10/site-packages/airflow/example_dags/example_setup_teardown.py
[2025-12-26T21:59:13.299+0530] {processor.py:830} INFO - Processing file /home/sathya/projects/training-kit/.venv-airflow/lib/python3.10/site-packages/airflow/example_dags/example_setup_teardown.py for tasks to queue
[2025-12-26T21:59:13.302+0530] {logging_mixin.py:188} INFO - [2025-12-26T21:59:13.301+0530] {dagbag.py:545} INFO - Filling up the DagBag from /home/sathya/projects/training-kit/.venv-airflow/lib/python3.10/site-packages/airflow/example_dags/example_setup_teardown.py
[2025-12-26T21:59:13.312+0530] {processor.py:840} INFO - DAG(s) 'example_setup_teardown' retrieved from /home/sathya/projects/training-kit/.venv-airflow/lib/python3.10/site-packages/airflow/example_dags/example_setup_teardown.py
[2025-12-26T21:59:13.331+0530] {logging_mixin.py:188} INFO - [2025-12-26T21:59:13.330+0530] {dag.py:3089} INFO - Sync 1 DAGs
[2025-12-26T21:59:13.372+0530] {logging_mixin.py:188} INFO - [2025-12-26T21:59:13.371+0530] {dag.py:3947} INFO - Setting next_dagrun for example_setup_teardown to 2025-12-25 00:00:00+00:00, run_after=2025-12-26 00:00:00+00:00
[2025-12-26T21:59:13.401+0530] {processor.py:183} INFO - Processing /home/sathya/projects/training-kit/.venv-airflow/lib/python3.10/site-packages/airflow/example_dags/example_setup_teardown.py took 0.120 seconds
[2025-12-26T21:59:34.713+0530] {processor.py:161} INFO - Started process (PID=2464) to work on /home/sathya/projects/training-kit/.venv-airflow/lib/python3.10/site-packages/airflow/example_dags/example_setup_teardown.py
[2025-12-26T21:59:34.719+0530] {processor.py:830} INFO - Processing file /home/sathya/projects/training-kit/.venv-airflow/lib/python3.10/site-packages/airflow/example_dags/example_setup_teardown.py for tasks to queue
[2025-12-26T21:59:34.721+0530] {logging_mixin.py:188} INFO - [2025-12-26T21:59:34.721+0530] {dagbag.py:545} INFO - Filling up the DagBag from /home/sathya/projects/training-kit/.venv-airflow/lib/python3.10/site-packages/airflow/example_dags/example_setup_teardown.py
[2025-12-26T21:59:34.734+0530] {processor.py:840} INFO - DAG(s) 'example_setup_teardown' retrieved from /home/sathya/projects/training-kit/.venv-airflow/lib/python3.10/site-packages/airflow/example_dags/example_setup_teardown.py
[2025-12-26T21:59:34.757+0530] {logging_mixin.py:188} INFO - [2025-12-26T21:59:34.757+0530] {dag.py:3089} INFO - Sync 1 DAGs
[2025-12-26T21:59:34.777+0530] {logging_mixin.py:188} INFO - [2025-12-26T21:59:34.777+0530] {dag.py:3947} INFO - Setting next_dagrun for example_setup_teardown to 2025-12-25 00:00:00+00:00, run_after=2025-12-26 00:00:00+00:00
[2025-12-26T21:59:34.807+0530] {processor.py:183} INFO - Processing /home/sathya/projects/training-kit/.venv-airflow/lib/python3.10/site-packages/airflow/example_dags/example_setup_teardown.py took 0.100 seconds
[2025-12-26T22:00:01.486+0530] {processor.py:161} INFO - Started process (PID=2570) to work on /home/sathya/projects/training-kit/.venv-airflow/lib/python3.10/site-packages/airflow/example_dags/example_setup_teardown.py
[2025-12-26T22:00:01.489+0530] {processor.py:830} INFO - Processing file /home/sathya/projects/training-kit/.venv-airflow/lib/python3.10/site-packages/airflow/example_dags/example_setup_teardown.py for tasks to queue
[2025-12-26T22:00:01.491+0530] {logging_mixin.py:188} INFO - [2025-12-26T22:00:01.491+0530] {dagbag.py:545} INFO - Filling up the DagBag from /home/sathya/projects/training-kit/.venv-airflow/lib/python3.10/site-packages/airflow/example_dags/example_setup_teardown.py
[2025-12-26T22:00:01.498+0530] {processor.py:840} INFO - DAG(s) 'example_setup_teardown' retrieved from /home/sathya/projects/training-kit/.venv-airflow/lib/python3.10/site-packages/airflow/example_dags/example_setup_teardown.py
[2025-12-26T22:00:01.516+0530] {logging_mixin.py:188} INFO - [2025-12-26T22:00:01.516+0530] {dag.py:3089} INFO - Sync 1 DAGs
[2025-12-26T22:00:01.533+0530] {logging_mixin.py:188} INFO - [2025-12-26T22:00:01.533+0530] {dag.py:3947} INFO - Setting next_dagrun for example_setup_teardown to 2025-12-25 00:00:00+00:00, run_after=2025-12-26 00:00:00+00:00
[2025-12-26T22:00:01.568+0530] {processor.py:183} INFO - Processing /home/sathya/projects/training-kit/.venv-airflow/lib/python3.10/site-packages/airflow/example_dags/example_setup_teardown.py took 0.087 seconds
[2025-12-26T22:00:19.921+0530] {processor.py:161} INFO - Started process (PID=2629) to work on /home/sathya/projects/training-kit/.venv-airflow/lib/python3.10/site-packages/airflow/example_dags/example_setup_teardown.py
[2025-12-26T22:00:19.922+0530] {processor.py:830} INFO - Processing file /home/sathya/projects/training-kit/.venv-airflow/lib/python3.10/site-packages/airflow/example_dags/example_setup_teardown.py for tasks to queue
[2025-12-26T22:00:19.924+0530] {logging_mixin.py:188} INFO - [2025-12-26T22:00:19.924+0530] {dagbag.py:545} INFO - Filling up the DagBag from /home/sathya/projects/training-kit/.venv-airflow/lib/python3.10/site-packages/airflow/example_dags/example_setup_teardown.py
[2025-12-26T22:00:19.934+0530] {processor.py:840} INFO - DAG(s) 'example_setup_teardown' retrieved from /home/sathya/projects/training-kit/.venv-airflow/lib/python3.10/site-packages/airflow/example_dags/example_setup_teardown.py
[2025-12-26T22:00:19.960+0530] {logging_mixin.py:188} INFO - [2025-12-26T22:00:19.960+0530] {dag.py:3089} INFO - Sync 1 DAGs
[2025-12-26T22:00:19.987+0530] {logging_mixin.py:188} INFO - [2025-12-26T22:00:19.987+0530] {dag.py:3947} INFO - Setting next_dagrun for example_setup_teardown to 2025-12-25 00:00:00+00:00, run_after=2025-12-26 00:00:00+00:00
[2025-12-26T22:00:20.022+0530] {processor.py:183} INFO - Processing /home/sathya/projects/training-kit/.venv-airflow/lib/python3.10/site-packages/airflow/example_dags/example_setup_teardown.py took 0.116 seconds
[2025-12-26T22:00:50.528+0530] {processor.py:161} INFO - Started process (PID=2728) to work on /home/sathya/projects/training-kit/.venv-airflow/lib/python3.10/site-packages/airflow/example_dags/example_setup_teardown.py
[2025-12-26T22:00:50.530+0530] {processor.py:830} INFO - Processing file /home/sathya/projects/training-kit/.venv-airflow/lib/python3.10/site-packages/airflow/example_dags/example_setup_teardown.py for tasks to queue
[2025-12-26T22:00:50.532+0530] {logging_mixin.py:188} INFO - [2025-12-26T22:00:50.532+0530] {dagbag.py:545} INFO - Filling up the DagBag from /home/sathya/projects/training-kit/.venv-airflow/lib/python3.10/site-packages/airflow/example_dags/example_setup_teardown.py
[2025-12-26T22:00:50.543+0530] {processor.py:840} INFO - DAG(s) 'example_setup_teardown' retrieved from /home/sathya/projects/training-kit/.venv-airflow/lib/python3.10/site-packages/airflow/example_dags/example_setup_teardown.py
[2025-12-26T22:00:50.566+0530] {logging_mixin.py:188} INFO - [2025-12-26T22:00:50.566+0530] {dag.py:3089} INFO - Sync 1 DAGs
[2025-12-26T22:00:50.594+0530] {logging_mixin.py:188} INFO - [2025-12-26T22:00:50.594+0530] {dag.py:3947} INFO - Setting next_dagrun for example_setup_teardown to 2025-12-25 00:00:00+00:00, run_after=2025-12-26 00:00:00+00:00
[2025-12-26T22:00:50.638+0530] {processor.py:183} INFO - Processing /home/sathya/projects/training-kit/.venv-airflow/lib/python3.10/site-packages/airflow/example_dags/example_setup_teardown.py took 0.120 seconds
[2025-12-26T22:01:08.680+0530] {processor.py:161} INFO - Started process (PID=2786) to work on /home/sathya/projects/training-kit/.venv-airflow/lib/python3.10/site-packages/airflow/example_dags/example_setup_teardown.py
[2025-12-26T22:01:08.687+0530] {processor.py:830} INFO - Processing file /home/sathya/projects/training-kit/.venv-airflow/lib/python3.10/site-packages/airflow/example_dags/example_setup_teardown.py for tasks to queue
[2025-12-26T22:01:08.690+0530] {logging_mixin.py:188} INFO - [2025-12-26T22:01:08.689+0530] {dagbag.py:545} INFO - Filling up the DagBag from /home/sathya/projects/training-kit/.venv-airflow/lib/python3.10/site-packages/airflow/example_dags/example_setup_teardown.py
[2025-12-26T22:01:08.703+0530] {processor.py:840} INFO - DAG(s) 'example_setup_teardown' retrieved from /home/sathya/projects/training-kit/.venv-airflow/lib/python3.10/site-packages/airflow/example_dags/example_setup_teardown.py
[2025-12-26T22:01:08.741+0530] {logging_mixin.py:188} INFO - [2025-12-26T22:01:08.740+0530] {dag.py:3089} INFO - Sync 1 DAGs
[2025-12-26T22:01:08.768+0530] {logging_mixin.py:188} INFO - [2025-12-26T22:01:08.768+0530] {dag.py:3947} INFO - Setting next_dagrun for example_setup_teardown to 2025-12-25 00:00:00+00:00, run_after=2025-12-26 00:00:00+00:00
[2025-12-26T22:01:08.808+0530] {processor.py:183} INFO - Processing /home/sathya/projects/training-kit/.venv-airflow/lib/python3.10/site-packages/airflow/example_dags/example_setup_teardown.py took 0.161 seconds
[2025-12-26T22:01:36.360+0530] {processor.py:161} INFO - Started process (PID=2868) to work on /home/sathya/projects/training-kit/.venv-airflow/lib/python3.10/site-packages/airflow/example_dags/example_setup_teardown.py
[2025-12-26T22:01:36.368+0530] {processor.py:830} INFO - Processing file /home/sathya/projects/training-kit/.venv-airflow/lib/python3.10/site-packages/airflow/example_dags/example_setup_teardown.py for tasks to queue
[2025-12-26T22:01:36.372+0530] {logging_mixin.py:188} INFO - [2025-12-26T22:01:36.370+0530] {dagbag.py:545} INFO - Filling up the DagBag from /home/sathya/projects/training-kit/.venv-airflow/lib/python3.10/site-packages/airflow/example_dags/example_setup_teardown.py
[2025-12-26T22:01:36.381+0530] {processor.py:840} INFO - DAG(s) 'example_setup_teardown' retrieved from /home/sathya/projects/training-kit/.venv-airflow/lib/python3.10/site-packages/airflow/example_dags/example_setup_teardown.py
[2025-12-26T22:01:36.403+0530] {logging_mixin.py:188} INFO - [2025-12-26T22:01:36.402+0530] {dag.py:3089} INFO - Sync 1 DAGs
[2025-12-26T22:01:36.423+0530] {logging_mixin.py:188} INFO - [2025-12-26T22:01:36.422+0530] {dag.py:3947} INFO - Setting next_dagrun for example_setup_teardown to 2025-12-25 00:00:00+00:00, run_after=2025-12-26 00:00:00+00:00
[2025-12-26T22:01:36.456+0530] {processor.py:183} INFO - Processing /home/sathya/projects/training-kit/.venv-airflow/lib/python3.10/site-packages/airflow/example_dags/example_setup_teardown.py took 0.107 seconds
[2025-12-26T22:01:57.474+0530] {processor.py:161} INFO - Started process (PID=2930) to work on /home/sathya/projects/training-kit/.venv-airflow/lib/python3.10/site-packages/airflow/example_dags/example_setup_teardown.py
[2025-12-26T22:01:57.477+0530] {processor.py:830} INFO - Processing file /home/sathya/projects/training-kit/.venv-airflow/lib/python3.10/site-packages/airflow/example_dags/example_setup_teardown.py for tasks to queue
[2025-12-26T22:01:57.481+0530] {logging_mixin.py:188} INFO - [2025-12-26T22:01:57.480+0530] {dagbag.py:545} INFO - Filling up the DagBag from /home/sathya/projects/training-kit/.venv-airflow/lib/python3.10/site-packages/airflow/example_dags/example_setup_teardown.py
[2025-12-26T22:01:57.494+0530] {processor.py:840} INFO - DAG(s) 'example_setup_teardown' retrieved from /home/sathya/projects/training-kit/.venv-airflow/lib/python3.10/site-packages/airflow/example_dags/example_setup_teardown.py
[2025-12-26T22:01:57.520+0530] {logging_mixin.py:188} INFO - [2025-12-26T22:01:57.520+0530] {dag.py:3089} INFO - Sync 1 DAGs
[2025-12-26T22:01:57.545+0530] {logging_mixin.py:188} INFO - [2025-12-26T22:01:57.545+0530] {dag.py:3947} INFO - Setting next_dagrun for example_setup_teardown to 2025-12-25 00:00:00+00:00, run_after=2025-12-26 00:00:00+00:00
[2025-12-26T22:01:57.580+0530] {processor.py:183} INFO - Processing /home/sathya/projects/training-kit/.venv-airflow/lib/python3.10/site-packages/airflow/example_dags/example_setup_teardown.py took 0.118 seconds
[2025-12-26T22:02:24.630+0530] {processor.py:161} INFO - Started process (PID=3011) to work on /home/sathya/projects/training-kit/.venv-airflow/lib/python3.10/site-packages/airflow/example_dags/example_setup_teardown.py
[2025-12-26T22:02:24.632+0530] {processor.py:830} INFO - Processing file /home/sathya/projects/training-kit/.venv-airflow/lib/python3.10/site-packages/airflow/example_dags/example_setup_teardown.py for tasks to queue
[2025-12-26T22:02:24.635+0530] {logging_mixin.py:188} INFO - [2025-12-26T22:02:24.634+0530] {dagbag.py:545} INFO - Filling up the DagBag from /home/sathya/projects/training-kit/.venv-airflow/lib/python3.10/site-packages/airflow/example_dags/example_setup_teardown.py
[2025-12-26T22:02:24.644+0530] {processor.py:840} INFO - DAG(s) 'example_setup_teardown' retrieved from /home/sathya/projects/training-kit/.venv-airflow/lib/python3.10/site-packages/airflow/example_dags/example_setup_teardown.py
[2025-12-26T22:02:24.666+0530] {logging_mixin.py:188} INFO - [2025-12-26T22:02:24.666+0530] {dag.py:3089} INFO - Sync 1 DAGs
[2025-12-26T22:02:24.689+0530] {logging_mixin.py:188} INFO - [2025-12-26T22:02:24.689+0530] {dag.py:3947} INFO - Setting next_dagrun for example_setup_teardown to 2025-12-25 00:00:00+00:00, run_after=2025-12-26 00:00:00+00:00
[2025-12-26T22:02:24.735+0530] {processor.py:183} INFO - Processing /home/sathya/projects/training-kit/.venv-airflow/lib/python3.10/site-packages/airflow/example_dags/example_setup_teardown.py took 0.116 seconds
[2025-12-26T22:02:44.721+0530] {processor.py:161} INFO - Started process (PID=3078) to work on /home/sathya/projects/training-kit/.venv-airflow/lib/python3.10/site-packages/airflow/example_dags/example_setup_teardown.py
[2025-12-26T22:02:44.729+0530] {processor.py:830} INFO - Processing file /home/sathya/projects/training-kit/.venv-airflow/lib/python3.10/site-packages/airflow/example_dags/example_setup_teardown.py for tasks to queue
[2025-12-26T22:02:44.732+0530] {logging_mixin.py:188} INFO - [2025-12-26T22:02:44.730+0530] {dagbag.py:545} INFO - Filling up the DagBag from /home/sathya/projects/training-kit/.venv-airflow/lib/python3.10/site-packages/airflow/example_dags/example_setup_teardown.py
[2025-12-26T22:02:44.740+0530] {processor.py:840} INFO - DAG(s) 'example_setup_teardown' retrieved from /home/sathya/projects/training-kit/.venv-airflow/lib/python3.10/site-packages/airflow/example_dags/example_setup_teardown.py
[2025-12-26T22:02:44.766+0530] {logging_mixin.py:188} INFO - [2025-12-26T22:02:44.766+0530] {dag.py:3089} INFO - Sync 1 DAGs
[2025-12-26T22:02:44.799+0530] {logging_mixin.py:188} INFO - [2025-12-26T22:02:44.799+0530] {dag.py:3947} INFO - Setting next_dagrun for example_setup_teardown to 2025-12-25 00:00:00+00:00, run_after=2025-12-26 00:00:00+00:00
[2025-12-26T22:02:44.839+0530] {processor.py:183} INFO - Processing /home/sathya/projects/training-kit/.venv-airflow/lib/python3.10/site-packages/airflow/example_dags/example_setup_teardown.py took 0.124 seconds
[2025-12-26T22:03:11.227+0530] {processor.py:161} INFO - Started process (PID=3155) to work on /home/sathya/projects/training-kit/.venv-airflow/lib/python3.10/site-packages/airflow/example_dags/example_setup_teardown.py
[2025-12-26T22:03:11.247+0530] {processor.py:830} INFO - Processing file /home/sathya/projects/training-kit/.venv-airflow/lib/python3.10/site-packages/airflow/example_dags/example_setup_teardown.py for tasks to queue
[2025-12-26T22:03:11.251+0530] {logging_mixin.py:188} INFO - [2025-12-26T22:03:11.251+0530] {dagbag.py:545} INFO - Filling up the DagBag from /home/sathya/projects/training-kit/.venv-airflow/lib/python3.10/site-packages/airflow/example_dags/example_setup_teardown.py
[2025-12-26T22:03:11.265+0530] {processor.py:840} INFO - DAG(s) 'example_setup_teardown' retrieved from /home/sathya/projects/training-kit/.venv-airflow/lib/python3.10/site-packages/airflow/example_dags/example_setup_teardown.py
[2025-12-26T22:03:11.292+0530] {logging_mixin.py:188} INFO - [2025-12-26T22:03:11.292+0530] {dag.py:3089} INFO - Sync 1 DAGs
[2025-12-26T22:03:11.324+0530] {logging_mixin.py:188} INFO - [2025-12-26T22:03:11.324+0530] {dag.py:3947} INFO - Setting next_dagrun for example_setup_teardown to 2025-12-25 00:00:00+00:00, run_after=2025-12-26 00:00:00+00:00
[2025-12-26T22:03:11.363+0530] {processor.py:183} INFO - Processing /home/sathya/projects/training-kit/.venv-airflow/lib/python3.10/site-packages/airflow/example_dags/example_setup_teardown.py took 0.148 seconds
[2025-12-26T22:03:34.392+0530] {processor.py:161} INFO - Started process (PID=3232) to work on /home/sathya/projects/training-kit/.venv-airflow/lib/python3.10/site-packages/airflow/example_dags/example_setup_teardown.py
[2025-12-26T22:03:34.398+0530] {processor.py:830} INFO - Processing file /home/sathya/projects/training-kit/.venv-airflow/lib/python3.10/site-packages/airflow/example_dags/example_setup_teardown.py for tasks to queue
[2025-12-26T22:03:34.400+0530] {logging_mixin.py:188} INFO - [2025-12-26T22:03:34.400+0530] {dagbag.py:545} INFO - Filling up the DagBag from /home/sathya/projects/training-kit/.venv-airflow/lib/python3.10/site-packages/airflow/example_dags/example_setup_teardown.py
[2025-12-26T22:03:34.408+0530] {processor.py:840} INFO - DAG(s) 'example_setup_teardown' retrieved from /home/sathya/projects/training-kit/.venv-airflow/lib/python3.10/site-packages/airflow/example_dags/example_setup_teardown.py
[2025-12-26T22:03:34.422+0530] {logging_mixin.py:188} INFO - [2025-12-26T22:03:34.422+0530] {dag.py:3089} INFO - Sync 1 DAGs
[2025-12-26T22:03:34.436+0530] {logging_mixin.py:188} INFO - [2025-12-26T22:03:34.436+0530] {dag.py:3947} INFO - Setting next_dagrun for example_setup_teardown to 2025-12-25 00:00:00+00:00, run_after=2025-12-26 00:00:00+00:00
[2025-12-26T22:03:34.461+0530] {processor.py:183} INFO - Processing /home/sathya/projects/training-kit/.venv-airflow/lib/python3.10/site-packages/airflow/example_dags/example_setup_teardown.py took 0.077 seconds
[2025-12-26T22:04:04.509+0530] {processor.py:161} INFO - Started process (PID=3324) to work on /home/sathya/projects/training-kit/.venv-airflow/lib/python3.10/site-packages/airflow/example_dags/example_setup_teardown.py
[2025-12-26T22:04:04.516+0530] {processor.py:830} INFO - Processing file /home/sathya/projects/training-kit/.venv-airflow/lib/python3.10/site-packages/airflow/example_dags/example_setup_teardown.py for tasks to queue
[2025-12-26T22:04:04.519+0530] {logging_mixin.py:188} INFO - [2025-12-26T22:04:04.518+0530] {dagbag.py:545} INFO - Filling up the DagBag from /home/sathya/projects/training-kit/.venv-airflow/lib/python3.10/site-packages/airflow/example_dags/example_setup_teardown.py
[2025-12-26T22:04:04.532+0530] {processor.py:840} INFO - DAG(s) 'example_setup_teardown' retrieved from /home/sathya/projects/training-kit/.venv-airflow/lib/python3.10/site-packages/airflow/example_dags/example_setup_teardown.py
[2025-12-26T22:04:04.562+0530] {logging_mixin.py:188} INFO - [2025-12-26T22:04:04.561+0530] {dag.py:3089} INFO - Sync 1 DAGs
[2025-12-26T22:04:04.591+0530] {logging_mixin.py:188} INFO - [2025-12-26T22:04:04.591+0530] {dag.py:3947} INFO - Setting next_dagrun for example_setup_teardown to 2025-12-25 00:00:00+00:00, run_after=2025-12-26 00:00:00+00:00
[2025-12-26T22:04:04.647+0530] {processor.py:183} INFO - Processing /home/sathya/projects/training-kit/.venv-airflow/lib/python3.10/site-packages/airflow/example_dags/example_setup_teardown.py took 0.153 seconds
[2025-12-26T22:04:36.970+0530] {processor.py:161} INFO - Started process (PID=3421) to work on /home/sathya/projects/training-kit/.venv-airflow/lib/python3.10/site-packages/airflow/example_dags/example_setup_teardown.py
[2025-12-26T22:04:36.978+0530] {processor.py:830} INFO - Processing file /home/sathya/projects/training-kit/.venv-airflow/lib/python3.10/site-packages/airflow/example_dags/example_setup_teardown.py for tasks to queue
[2025-12-26T22:04:36.982+0530] {logging_mixin.py:188} INFO - [2025-12-26T22:04:36.981+0530] {dagbag.py:545} INFO - Filling up the DagBag from /home/sathya/projects/training-kit/.venv-airflow/lib/python3.10/site-packages/airflow/example_dags/example_setup_teardown.py
[2025-12-26T22:04:36.998+0530] {processor.py:840} INFO - DAG(s) 'example_setup_teardown' retrieved from /home/sathya/projects/training-kit/.venv-airflow/lib/python3.10/site-packages/airflow/example_dags/example_setup_teardown.py
[2025-12-26T22:04:37.027+0530] {logging_mixin.py:188} INFO - [2025-12-26T22:04:37.026+0530] {dag.py:3089} INFO - Sync 1 DAGs
[2025-12-26T22:04:37.057+0530] {logging_mixin.py:188} INFO - [2025-12-26T22:04:37.056+0530] {dag.py:3947} INFO - Setting next_dagrun for example_setup_teardown to 2025-12-25 00:00:00+00:00, run_after=2025-12-26 00:00:00+00:00
[2025-12-26T22:04:37.093+0530] {processor.py:183} INFO - Processing /home/sathya/projects/training-kit/.venv-airflow/lib/python3.10/site-packages/airflow/example_dags/example_setup_teardown.py took 0.140 seconds
[2025-12-26T22:11:04.271+0530] {processor.py:161} INFO - Started process (PID=4273) to work on /home/sathya/projects/training-kit/.venv-airflow/lib/python3.10/site-packages/airflow/example_dags/example_setup_teardown.py
[2025-12-26T22:11:04.273+0530] {processor.py:830} INFO - Processing file /home/sathya/projects/training-kit/.venv-airflow/lib/python3.10/site-packages/airflow/example_dags/example_setup_teardown.py for tasks to queue
[2025-12-26T22:11:04.274+0530] {logging_mixin.py:188} INFO - [2025-12-26T22:11:04.274+0530] {dagbag.py:545} INFO - Filling up the DagBag from /home/sathya/projects/training-kit/.venv-airflow/lib/python3.10/site-packages/airflow/example_dags/example_setup_teardown.py
[2025-12-26T22:11:04.281+0530] {processor.py:840} INFO - DAG(s) 'example_setup_teardown' retrieved from /home/sathya/projects/training-kit/.venv-airflow/lib/python3.10/site-packages/airflow/example_dags/example_setup_teardown.py
[2025-12-26T22:11:04.295+0530] {logging_mixin.py:188} INFO - [2025-12-26T22:11:04.294+0530] {dag.py:3089} INFO - Sync 1 DAGs
[2025-12-26T22:11:04.312+0530] {logging_mixin.py:188} INFO - [2025-12-26T22:11:04.312+0530] {dag.py:3947} INFO - Setting next_dagrun for example_setup_teardown to 2025-12-26 00:00:00+00:00, run_after=2025-12-27 00:00:00+00:00
[2025-12-26T22:11:04.333+0530] {processor.py:183} INFO - Processing /home/sathya/projects/training-kit/.venv-airflow/lib/python3.10/site-packages/airflow/example_dags/example_setup_teardown.py took 0.068 seconds
[2025-12-26T22:13:42.745+0530] {processor.py:161} INFO - Started process (PID=4674) to work on /home/sathya/projects/training-kit/.venv-airflow/lib/python3.10/site-packages/airflow/example_dags/example_setup_teardown.py
[2025-12-26T22:13:42.751+0530] {processor.py:830} INFO - Processing file /home/sathya/projects/training-kit/.venv-airflow/lib/python3.10/site-packages/airflow/example_dags/example_setup_teardown.py for tasks to queue
[2025-12-26T22:13:42.753+0530] {logging_mixin.py:188} INFO - [2025-12-26T22:13:42.752+0530] {dagbag.py:545} INFO - Filling up the DagBag from /home/sathya/projects/training-kit/.venv-airflow/lib/python3.10/site-packages/airflow/example_dags/example_setup_teardown.py
[2025-12-26T22:13:42.761+0530] {processor.py:840} INFO - DAG(s) 'example_setup_teardown' retrieved from /home/sathya/projects/training-kit/.venv-airflow/lib/python3.10/site-packages/airflow/example_dags/example_setup_teardown.py
[2025-12-26T22:13:42.775+0530] {logging_mixin.py:188} INFO - [2025-12-26T22:13:42.775+0530] {dag.py:3089} INFO - Sync 1 DAGs
[2025-12-26T22:13:42.790+0530] {logging_mixin.py:188} INFO - [2025-12-26T22:13:42.790+0530] {dag.py:3947} INFO - Setting next_dagrun for example_setup_teardown to 2025-12-26 00:00:00+00:00, run_after=2025-12-27 00:00:00+00:00
[2025-12-26T22:13:42.826+0530] {processor.py:183} INFO - Processing /home/sathya/projects/training-kit/.venv-airflow/lib/python3.10/site-packages/airflow/example_dags/example_setup_teardown.py took 0.086 seconds
[2025-12-26T22:14:20.470+0530] {processor.py:161} INFO - Started process (PID=4721) to work on /home/sathya/projects/training-kit/.venv-airflow/lib/python3.10/site-packages/airflow/example_dags/example_setup_teardown.py
[2025-12-26T22:14:20.470+0530] {processor.py:830} INFO - Processing file /home/sathya/projects/training-kit/.venv-airflow/lib/python3.10/site-packages/airflow/example_dags/example_setup_teardown.py for tasks to queue
[2025-12-26T22:14:20.472+0530] {logging_mixin.py:188} INFO - [2025-12-26T22:14:20.472+0530] {dagbag.py:545} INFO - Filling up the DagBag from /home/sathya/projects/training-kit/.venv-airflow/lib/python3.10/site-packages/airflow/example_dags/example_setup_teardown.py
[2025-12-26T22:14:20.481+0530] {processor.py:840} INFO - DAG(s) 'example_setup_teardown' retrieved from /home/sathya/projects/training-kit/.venv-airflow/lib/python3.10/site-packages/airflow/example_dags/example_setup_teardown.py
[2025-12-26T22:14:20.495+0530] {logging_mixin.py:188} INFO - [2025-12-26T22:14:20.494+0530] {dag.py:3089} INFO - Sync 1 DAGs
[2025-12-26T22:14:20.513+0530] {logging_mixin.py:188} INFO - [2025-12-26T22:14:20.513+0530] {dag.py:3947} INFO - Setting next_dagrun for example_setup_teardown to 2025-12-26 00:00:00+00:00, run_after=2025-12-27 00:00:00+00:00
[2025-12-26T22:14:20.539+0530] {processor.py:183} INFO - Processing /home/sathya/projects/training-kit/.venv-airflow/lib/python3.10/site-packages/airflow/example_dags/example_setup_teardown.py took 0.075 seconds
[2025-12-26T22:17:24.985+0530] {processor.py:161} INFO - Started process (PID=5365) to work on /home/sathya/projects/training-kit/.venv-airflow/lib/python3.10/site-packages/airflow/example_dags/example_setup_teardown.py
[2025-12-26T22:17:24.987+0530] {processor.py:830} INFO - Processing file /home/sathya/projects/training-kit/.venv-airflow/lib/python3.10/site-packages/airflow/example_dags/example_setup_teardown.py for tasks to queue
[2025-12-26T22:17:24.988+0530] {logging_mixin.py:188} INFO - [2025-12-26T22:17:24.988+0530] {dagbag.py:545} INFO - Filling up the DagBag from /home/sathya/projects/training-kit/.venv-airflow/lib/python3.10/site-packages/airflow/example_dags/example_setup_teardown.py
[2025-12-26T22:17:24.994+0530] {processor.py:840} INFO - DAG(s) 'example_setup_teardown' retrieved from /home/sathya/projects/training-kit/.venv-airflow/lib/python3.10/site-packages/airflow/example_dags/example_setup_teardown.py
[2025-12-26T22:17:25.017+0530] {logging_mixin.py:188} INFO - [2025-12-26T22:17:25.017+0530] {dag.py:3089} INFO - Sync 1 DAGs
[2025-12-26T22:17:25.033+0530] {logging_mixin.py:188} INFO - [2025-12-26T22:17:25.033+0530] {dag.py:3947} INFO - Setting next_dagrun for example_setup_teardown to 2025-12-26 00:00:00+00:00, run_after=2025-12-27 00:00:00+00:00
[2025-12-26T22:17:25.064+0530] {processor.py:183} INFO - Processing /home/sathya/projects/training-kit/.venv-airflow/lib/python3.10/site-packages/airflow/example_dags/example_setup_teardown.py took 0.085 seconds
[2025-12-26T22:17:27.983+0530] {processor.py:161} INFO - Started process (PID=5375) to work on /home/sathya/projects/training-kit/.venv-airflow/lib/python3.10/site-packages/airflow/example_dags/example_setup_teardown.py
[2025-12-26T22:17:27.984+0530] {processor.py:830} INFO - Processing file /home/sathya/projects/training-kit/.venv-airflow/lib/python3.10/site-packages/airflow/example_dags/example_setup_teardown.py for tasks to queue
[2025-12-26T22:17:27.985+0530] {logging_mixin.py:188} INFO - [2025-12-26T22:17:27.985+0530] {dagbag.py:545} INFO - Filling up the DagBag from /home/sathya/projects/training-kit/.venv-airflow/lib/python3.10/site-packages/airflow/example_dags/example_setup_teardown.py
[2025-12-26T22:17:27.991+0530] {processor.py:840} INFO - DAG(s) 'example_setup_teardown' retrieved from /home/sathya/projects/training-kit/.venv-airflow/lib/python3.10/site-packages/airflow/example_dags/example_setup_teardown.py
[2025-12-26T22:17:28.003+0530] {logging_mixin.py:188} INFO - [2025-12-26T22:17:28.003+0530] {dag.py:3089} INFO - Sync 1 DAGs
[2025-12-26T22:17:28.023+0530] {logging_mixin.py:188} INFO - [2025-12-26T22:17:28.023+0530] {dag.py:3947} INFO - Setting next_dagrun for example_setup_teardown to 2025-12-26 00:00:00+00:00, run_after=2025-12-27 00:00:00+00:00
[2025-12-26T22:17:28.050+0530] {processor.py:183} INFO - Processing /home/sathya/projects/training-kit/.venv-airflow/lib/python3.10/site-packages/airflow/example_dags/example_setup_teardown.py took 0.071 seconds
[2025-12-26T22:21:19.717+0530] {processor.py:161} INFO - Started process (PID=5987) to work on /home/sathya/projects/training-kit/.venv-airflow/lib/python3.10/site-packages/airflow/example_dags/example_setup_teardown.py
[2025-12-26T22:21:19.725+0530] {processor.py:830} INFO - Processing file /home/sathya/projects/training-kit/.venv-airflow/lib/python3.10/site-packages/airflow/example_dags/example_setup_teardown.py for tasks to queue
[2025-12-26T22:21:19.728+0530] {logging_mixin.py:188} INFO - [2025-12-26T22:21:19.727+0530] {dagbag.py:545} INFO - Filling up the DagBag from /home/sathya/projects/training-kit/.venv-airflow/lib/python3.10/site-packages/airflow/example_dags/example_setup_teardown.py
[2025-12-26T22:21:19.737+0530] {processor.py:840} INFO - DAG(s) 'example_setup_teardown' retrieved from /home/sathya/projects/training-kit/.venv-airflow/lib/python3.10/site-packages/airflow/example_dags/example_setup_teardown.py
[2025-12-26T22:21:19.753+0530] {logging_mixin.py:188} INFO - [2025-12-26T22:21:19.752+0530] {dag.py:3089} INFO - Sync 1 DAGs
[2025-12-26T22:21:19.769+0530] {logging_mixin.py:188} INFO - [2025-12-26T22:21:19.768+0530] {dag.py:3947} INFO - Setting next_dagrun for example_setup_teardown to 2025-12-26 00:00:00+00:00, run_after=2025-12-27 00:00:00+00:00
[2025-12-26T22:21:19.795+0530] {processor.py:183} INFO - Processing /home/sathya/projects/training-kit/.venv-airflow/lib/python3.10/site-packages/airflow/example_dags/example_setup_teardown.py took 0.084 seconds
[2025-12-26T22:26:26.846+0530] {processor.py:161} INFO - Started process (PID=6639) to work on /home/sathya/projects/training-kit/.venv-airflow/lib/python3.10/site-packages/airflow/example_dags/example_setup_teardown.py
[2025-12-26T22:26:26.847+0530] {processor.py:830} INFO - Processing file /home/sathya/projects/training-kit/.venv-airflow/lib/python3.10/site-packages/airflow/example_dags/example_setup_teardown.py for tasks to queue
[2025-12-26T22:26:26.849+0530] {logging_mixin.py:188} INFO - [2025-12-26T22:26:26.849+0530] {dagbag.py:545} INFO - Filling up the DagBag from /home/sathya/projects/training-kit/.venv-airflow/lib/python3.10/site-packages/airflow/example_dags/example_setup_teardown.py
[2025-12-26T22:26:26.854+0530] {processor.py:840} INFO - DAG(s) 'example_setup_teardown' retrieved from /home/sathya/projects/training-kit/.venv-airflow/lib/python3.10/site-packages/airflow/example_dags/example_setup_teardown.py
[2025-12-26T22:26:26.868+0530] {logging_mixin.py:188} INFO - [2025-12-26T22:26:26.867+0530] {dag.py:3089} INFO - Sync 1 DAGs
[2025-12-26T22:26:26.881+0530] {logging_mixin.py:188} INFO - [2025-12-26T22:26:26.881+0530] {dag.py:3947} INFO - Setting next_dagrun for example_setup_teardown to 2025-12-26 00:00:00+00:00, run_after=2025-12-27 00:00:00+00:00
[2025-12-26T22:26:26.901+0530] {processor.py:183} INFO - Processing /home/sathya/projects/training-kit/.venv-airflow/lib/python3.10/site-packages/airflow/example_dags/example_setup_teardown.py took 0.060 seconds
[2025-12-26T22:31:49.118+0530] {processor.py:161} INFO - Started process (PID=7304) to work on /home/sathya/projects/training-kit/.venv-airflow/lib/python3.10/site-packages/airflow/example_dags/example_setup_teardown.py
[2025-12-26T22:31:49.120+0530] {processor.py:830} INFO - Processing file /home/sathya/projects/training-kit/.venv-airflow/lib/python3.10/site-packages/airflow/example_dags/example_setup_teardown.py for tasks to queue
[2025-12-26T22:31:49.121+0530] {logging_mixin.py:188} INFO - [2025-12-26T22:31:49.121+0530] {dagbag.py:545} INFO - Filling up the DagBag from /home/sathya/projects/training-kit/.venv-airflow/lib/python3.10/site-packages/airflow/example_dags/example_setup_teardown.py
[2025-12-26T22:31:49.128+0530] {processor.py:840} INFO - DAG(s) 'example_setup_teardown' retrieved from /home/sathya/projects/training-kit/.venv-airflow/lib/python3.10/site-packages/airflow/example_dags/example_setup_teardown.py
[2025-12-26T22:31:49.144+0530] {logging_mixin.py:188} INFO - [2025-12-26T22:31:49.144+0530] {dag.py:3089} INFO - Sync 1 DAGs
[2025-12-26T22:31:49.162+0530] {logging_mixin.py:188} INFO - [2025-12-26T22:31:49.161+0530] {dag.py:3947} INFO - Setting next_dagrun for example_setup_teardown to 2025-12-26 00:00:00+00:00, run_after=2025-12-27 00:00:00+00:00
[2025-12-26T22:31:49.187+0530] {processor.py:183} INFO - Processing /home/sathya/projects/training-kit/.venv-airflow/lib/python3.10/site-packages/airflow/example_dags/example_setup_teardown.py took 0.074 seconds
[2025-12-26T22:38:02.227+0530] {processor.py:161} INFO - Started process (PID=8059) to work on /home/sathya/projects/training-kit/.venv-airflow/lib/python3.10/site-packages/airflow/example_dags/example_setup_teardown.py
[2025-12-26T22:38:02.229+0530] {processor.py:830} INFO - Processing file /home/sathya/projects/training-kit/.venv-airflow/lib/python3.10/site-packages/airflow/example_dags/example_setup_teardown.py for tasks to queue
[2025-12-26T22:38:02.231+0530] {logging_mixin.py:188} INFO - [2025-12-26T22:38:02.230+0530] {dagbag.py:545} INFO - Filling up the DagBag from /home/sathya/projects/training-kit/.venv-airflow/lib/python3.10/site-packages/airflow/example_dags/example_setup_teardown.py
[2025-12-26T22:38:02.237+0530] {processor.py:840} INFO - DAG(s) 'example_setup_teardown' retrieved from /home/sathya/projects/training-kit/.venv-airflow/lib/python3.10/site-packages/airflow/example_dags/example_setup_teardown.py
[2025-12-26T22:38:02.250+0530] {logging_mixin.py:188} INFO - [2025-12-26T22:38:02.250+0530] {dag.py:3089} INFO - Sync 1 DAGs
[2025-12-26T22:38:02.266+0530] {logging_mixin.py:188} INFO - [2025-12-26T22:38:02.266+0530] {dag.py:3947} INFO - Setting next_dagrun for example_setup_teardown to 2025-12-26 00:00:00+00:00, run_after=2025-12-27 00:00:00+00:00
[2025-12-26T22:38:02.317+0530] {processor.py:183} INFO - Processing /home/sathya/projects/training-kit/.venv-airflow/lib/python3.10/site-packages/airflow/example_dags/example_setup_teardown.py took 0.095 seconds
[2025-12-26T22:43:44.260+0530] {processor.py:161} INFO - Started process (PID=8735) to work on /home/sathya/projects/training-kit/.venv-airflow/lib/python3.10/site-packages/airflow/example_dags/example_setup_teardown.py
[2025-12-26T22:43:44.261+0530] {processor.py:830} INFO - Processing file /home/sathya/projects/training-kit/.venv-airflow/lib/python3.10/site-packages/airflow/example_dags/example_setup_teardown.py for tasks to queue
[2025-12-26T22:43:44.263+0530] {logging_mixin.py:188} INFO - [2025-12-26T22:43:44.262+0530] {dagbag.py:545} INFO - Filling up the DagBag from /home/sathya/projects/training-kit/.venv-airflow/lib/python3.10/site-packages/airflow/example_dags/example_setup_teardown.py
[2025-12-26T22:43:44.268+0530] {processor.py:840} INFO - DAG(s) 'example_setup_teardown' retrieved from /home/sathya/projects/training-kit/.venv-airflow/lib/python3.10/site-packages/airflow/example_dags/example_setup_teardown.py
[2025-12-26T22:43:44.282+0530] {logging_mixin.py:188} INFO - [2025-12-26T22:43:44.281+0530] {dag.py:3089} INFO - Sync 1 DAGs
[2025-12-26T22:43:44.296+0530] {logging_mixin.py:188} INFO - [2025-12-26T22:43:44.295+0530] {dag.py:3947} INFO - Setting next_dagrun for example_setup_teardown to 2025-12-26 00:00:00+00:00, run_after=2025-12-27 00:00:00+00:00
[2025-12-26T22:43:44.317+0530] {processor.py:183} INFO - Processing /home/sathya/projects/training-kit/.venv-airflow/lib/python3.10/site-packages/airflow/example_dags/example_setup_teardown.py took 0.062 seconds
[2025-12-26T22:49:10.655+0530] {processor.py:161} INFO - Started process (PID=9403) to work on /home/sathya/projects/training-kit/.venv-airflow/lib/python3.10/site-packages/airflow/example_dags/example_setup_teardown.py
[2025-12-26T22:49:10.657+0530] {processor.py:830} INFO - Processing file /home/sathya/projects/training-kit/.venv-airflow/lib/python3.10/site-packages/airflow/example_dags/example_setup_teardown.py for tasks to queue
[2025-12-26T22:49:10.658+0530] {logging_mixin.py:188} INFO - [2025-12-26T22:49:10.658+0530] {dagbag.py:545} INFO - Filling up the DagBag from /home/sathya/projects/training-kit/.venv-airflow/lib/python3.10/site-packages/airflow/example_dags/example_setup_teardown.py
[2025-12-26T22:49:10.664+0530] {processor.py:840} INFO - DAG(s) 'example_setup_teardown' retrieved from /home/sathya/projects/training-kit/.venv-airflow/lib/python3.10/site-packages/airflow/example_dags/example_setup_teardown.py
[2025-12-26T22:49:10.677+0530] {logging_mixin.py:188} INFO - [2025-12-26T22:49:10.676+0530] {dag.py:3089} INFO - Sync 1 DAGs
[2025-12-26T22:49:10.690+0530] {logging_mixin.py:188} INFO - [2025-12-26T22:49:10.690+0530] {dag.py:3947} INFO - Setting next_dagrun for example_setup_teardown to 2025-12-26 00:00:00+00:00, run_after=2025-12-27 00:00:00+00:00
[2025-12-26T22:49:10.712+0530] {processor.py:183} INFO - Processing /home/sathya/projects/training-kit/.venv-airflow/lib/python3.10/site-packages/airflow/example_dags/example_setup_teardown.py took 0.061 seconds
[2025-12-26T22:54:31.081+0530] {processor.py:161} INFO - Started process (PID=10044) to work on /home/sathya/projects/training-kit/.venv-airflow/lib/python3.10/site-packages/airflow/example_dags/example_setup_teardown.py
[2025-12-26T22:54:31.083+0530] {processor.py:830} INFO - Processing file /home/sathya/projects/training-kit/.venv-airflow/lib/python3.10/site-packages/airflow/example_dags/example_setup_teardown.py for tasks to queue
[2025-12-26T22:54:31.084+0530] {logging_mixin.py:188} INFO - [2025-12-26T22:54:31.084+0530] {dagbag.py:545} INFO - Filling up the DagBag from /home/sathya/projects/training-kit/.venv-airflow/lib/python3.10/site-packages/airflow/example_dags/example_setup_teardown.py
[2025-12-26T22:54:31.094+0530] {processor.py:840} INFO - DAG(s) 'example_setup_teardown' retrieved from /home/sathya/projects/training-kit/.venv-airflow/lib/python3.10/site-packages/airflow/example_dags/example_setup_teardown.py
[2025-12-26T22:54:31.109+0530] {logging_mixin.py:188} INFO - [2025-12-26T22:54:31.109+0530] {dag.py:3089} INFO - Sync 1 DAGs
[2025-12-26T22:54:31.126+0530] {logging_mixin.py:188} INFO - [2025-12-26T22:54:31.125+0530] {dag.py:3947} INFO - Setting next_dagrun for example_setup_teardown to 2025-12-26 00:00:00+00:00, run_after=2025-12-27 00:00:00+00:00
[2025-12-26T22:54:31.148+0530] {processor.py:183} INFO - Processing /home/sathya/projects/training-kit/.venv-airflow/lib/python3.10/site-packages/airflow/example_dags/example_setup_teardown.py took 0.075 seconds
[2025-12-26T23:00:33.296+0530] {processor.py:161} INFO - Started process (PID=10731) to work on /home/sathya/projects/training-kit/.venv-airflow/lib/python3.10/site-packages/airflow/example_dags/example_setup_teardown.py
[2025-12-26T23:00:33.297+0530] {processor.py:830} INFO - Processing file /home/sathya/projects/training-kit/.venv-airflow/lib/python3.10/site-packages/airflow/example_dags/example_setup_teardown.py for tasks to queue
[2025-12-26T23:00:33.299+0530] {logging_mixin.py:188} INFO - [2025-12-26T23:00:33.299+0530] {dagbag.py:545} INFO - Filling up the DagBag from /home/sathya/projects/training-kit/.venv-airflow/lib/python3.10/site-packages/airflow/example_dags/example_setup_teardown.py
[2025-12-26T23:00:33.305+0530] {processor.py:840} INFO - DAG(s) 'example_setup_teardown' retrieved from /home/sathya/projects/training-kit/.venv-airflow/lib/python3.10/site-packages/airflow/example_dags/example_setup_teardown.py
[2025-12-26T23:00:33.322+0530] {logging_mixin.py:188} INFO - [2025-12-26T23:00:33.322+0530] {dag.py:3089} INFO - Sync 1 DAGs
[2025-12-26T23:00:33.339+0530] {logging_mixin.py:188} INFO - [2025-12-26T23:00:33.339+0530] {dag.py:3947} INFO - Setting next_dagrun for example_setup_teardown to 2025-12-26 00:00:00+00:00, run_after=2025-12-27 00:00:00+00:00
[2025-12-26T23:00:33.363+0530] {processor.py:183} INFO - Processing /home/sathya/projects/training-kit/.venv-airflow/lib/python3.10/site-packages/airflow/example_dags/example_setup_teardown.py took 0.072 seconds
[2025-12-26T23:08:30.811+0530] {processor.py:161} INFO - Started process (PID=11499) to work on /home/sathya/projects/training-kit/.venv-airflow/lib/python3.10/site-packages/airflow/example_dags/example_setup_teardown.py
[2025-12-26T23:08:30.812+0530] {processor.py:830} INFO - Processing file /home/sathya/projects/training-kit/.venv-airflow/lib/python3.10/site-packages/airflow/example_dags/example_setup_teardown.py for tasks to queue
[2025-12-26T23:08:30.814+0530] {logging_mixin.py:188} INFO - [2025-12-26T23:08:30.813+0530] {dagbag.py:545} INFO - Filling up the DagBag from /home/sathya/projects/training-kit/.venv-airflow/lib/python3.10/site-packages/airflow/example_dags/example_setup_teardown.py
[2025-12-26T23:08:30.820+0530] {processor.py:840} INFO - DAG(s) 'example_setup_teardown' retrieved from /home/sathya/projects/training-kit/.venv-airflow/lib/python3.10/site-packages/airflow/example_dags/example_setup_teardown.py
[2025-12-26T23:08:30.836+0530] {logging_mixin.py:188} INFO - [2025-12-26T23:08:30.835+0530] {dag.py:3089} INFO - Sync 1 DAGs
[2025-12-26T23:08:30.853+0530] {logging_mixin.py:188} INFO - [2025-12-26T23:08:30.853+0530] {dag.py:3947} INFO - Setting next_dagrun for example_setup_teardown to 2025-12-26 00:00:00+00:00, run_after=2025-12-27 00:00:00+00:00
[2025-12-26T23:08:30.881+0530] {processor.py:183} INFO - Processing /home/sathya/projects/training-kit/.venv-airflow/lib/python3.10/site-packages/airflow/example_dags/example_setup_teardown.py took 0.076 seconds
