[2025-12-26T21:52:39.169+0530] {processor.py:161} INFO - Started process (PID=1316) to work on /home/sathya/projects/training-kit/.venv-airflow/lib/python3.10/site-packages/airflow/example_dags/example_branch_python_dop_operator_3.py
[2025-12-26T21:52:39.170+0530] {processor.py:830} INFO - Processing file /home/sathya/projects/training-kit/.venv-airflow/lib/python3.10/site-packages/airflow/example_dags/example_branch_python_dop_operator_3.py for tasks to queue
[2025-12-26T21:52:39.175+0530] {logging_mixin.py:188} INFO - [2025-12-26T21:52:39.174+0530] {dagbag.py:545} INFO - Filling up the DagBag from /home/sathya/projects/training-kit/.venv-airflow/lib/python3.10/site-packages/airflow/example_dags/example_branch_python_dop_operator_3.py
[2025-12-26T21:52:39.184+0530] {processor.py:840} INFO - DAG(s) 'example_branch_dop_operator_v3' retrieved from /home/sathya/projects/training-kit/.venv-airflow/lib/python3.10/site-packages/airflow/example_dags/example_branch_python_dop_operator_3.py
[2025-12-26T21:52:39.206+0530] {logging_mixin.py:188} INFO - [2025-12-26T21:52:39.206+0530] {dag.py:3089} INFO - Sync 1 DAGs
[2025-12-26T21:52:39.231+0530] {logging_mixin.py:188} INFO - [2025-12-26T21:52:39.231+0530] {dag.py:3947} INFO - Setting next_dagrun for example_branch_dop_operator_v3 to 2025-12-26 16:21:00+00:00, run_after=2025-12-26 16:22:00+00:00
[2025-12-26T21:52:39.262+0530] {processor.py:183} INFO - Processing /home/sathya/projects/training-kit/.venv-airflow/lib/python3.10/site-packages/airflow/example_dags/example_branch_python_dop_operator_3.py took 0.100 seconds
[2025-12-26T21:53:33.607+0530] {processor.py:161} INFO - Started process (PID=1429) to work on /home/sathya/projects/training-kit/.venv-airflow/lib/python3.10/site-packages/airflow/example_dags/example_branch_python_dop_operator_3.py
[2025-12-26T21:53:33.614+0530] {processor.py:830} INFO - Processing file /home/sathya/projects/training-kit/.venv-airflow/lib/python3.10/site-packages/airflow/example_dags/example_branch_python_dop_operator_3.py for tasks to queue
[2025-12-26T21:53:33.616+0530] {logging_mixin.py:188} INFO - [2025-12-26T21:53:33.616+0530] {dagbag.py:545} INFO - Filling up the DagBag from /home/sathya/projects/training-kit/.venv-airflow/lib/python3.10/site-packages/airflow/example_dags/example_branch_python_dop_operator_3.py
[2025-12-26T21:53:33.629+0530] {processor.py:840} INFO - DAG(s) 'example_branch_dop_operator_v3' retrieved from /home/sathya/projects/training-kit/.venv-airflow/lib/python3.10/site-packages/airflow/example_dags/example_branch_python_dop_operator_3.py
[2025-12-26T21:53:33.650+0530] {logging_mixin.py:188} INFO - [2025-12-26T21:53:33.650+0530] {dag.py:3089} INFO - Sync 1 DAGs
[2025-12-26T21:53:33.675+0530] {logging_mixin.py:188} INFO - [2025-12-26T21:53:33.675+0530] {dag.py:3947} INFO - Setting next_dagrun for example_branch_dop_operator_v3 to 2025-12-26 16:22:00+00:00, run_after=2025-12-26 16:23:00+00:00
[2025-12-26T21:53:33.716+0530] {processor.py:183} INFO - Processing /home/sathya/projects/training-kit/.venv-airflow/lib/python3.10/site-packages/airflow/example_dags/example_branch_python_dop_operator_3.py took 0.117 seconds
[2025-12-26T21:54:29.786+0530] {processor.py:161} INFO - Started process (PID=1563) to work on /home/sathya/projects/training-kit/.venv-airflow/lib/python3.10/site-packages/airflow/example_dags/example_branch_python_dop_operator_3.py
[2025-12-26T21:54:29.787+0530] {processor.py:830} INFO - Processing file /home/sathya/projects/training-kit/.venv-airflow/lib/python3.10/site-packages/airflow/example_dags/example_branch_python_dop_operator_3.py for tasks to queue
[2025-12-26T21:54:29.790+0530] {logging_mixin.py:188} INFO - [2025-12-26T21:54:29.789+0530] {dagbag.py:545} INFO - Filling up the DagBag from /home/sathya/projects/training-kit/.venv-airflow/lib/python3.10/site-packages/airflow/example_dags/example_branch_python_dop_operator_3.py
[2025-12-26T21:54:29.798+0530] {processor.py:840} INFO - DAG(s) 'example_branch_dop_operator_v3' retrieved from /home/sathya/projects/training-kit/.venv-airflow/lib/python3.10/site-packages/airflow/example_dags/example_branch_python_dop_operator_3.py
[2025-12-26T21:54:29.815+0530] {logging_mixin.py:188} INFO - [2025-12-26T21:54:29.814+0530] {dag.py:3089} INFO - Sync 1 DAGs
[2025-12-26T21:54:29.838+0530] {logging_mixin.py:188} INFO - [2025-12-26T21:54:29.837+0530] {dag.py:3947} INFO - Setting next_dagrun for example_branch_dop_operator_v3 to 2025-12-26 16:23:00+00:00, run_after=2025-12-26 16:24:00+00:00
[2025-12-26T21:54:29.864+0530] {processor.py:183} INFO - Processing /home/sathya/projects/training-kit/.venv-airflow/lib/python3.10/site-packages/airflow/example_dags/example_branch_python_dop_operator_3.py took 0.091 seconds
[2025-12-26T21:55:17.907+0530] {processor.py:161} INFO - Started process (PID=1687) to work on /home/sathya/projects/training-kit/.venv-airflow/lib/python3.10/site-packages/airflow/example_dags/example_branch_python_dop_operator_3.py
[2025-12-26T21:55:17.910+0530] {processor.py:830} INFO - Processing file /home/sathya/projects/training-kit/.venv-airflow/lib/python3.10/site-packages/airflow/example_dags/example_branch_python_dop_operator_3.py for tasks to queue
[2025-12-26T21:55:17.913+0530] {logging_mixin.py:188} INFO - [2025-12-26T21:55:17.913+0530] {dagbag.py:545} INFO - Filling up the DagBag from /home/sathya/projects/training-kit/.venv-airflow/lib/python3.10/site-packages/airflow/example_dags/example_branch_python_dop_operator_3.py
[2025-12-26T21:55:17.939+0530] {processor.py:840} INFO - DAG(s) 'example_branch_dop_operator_v3' retrieved from /home/sathya/projects/training-kit/.venv-airflow/lib/python3.10/site-packages/airflow/example_dags/example_branch_python_dop_operator_3.py
[2025-12-26T21:55:18.038+0530] {logging_mixin.py:188} INFO - [2025-12-26T21:55:18.037+0530] {dag.py:3089} INFO - Sync 1 DAGs
[2025-12-26T21:55:18.118+0530] {logging_mixin.py:188} INFO - [2025-12-26T21:55:18.117+0530] {dag.py:3947} INFO - Setting next_dagrun for example_branch_dop_operator_v3 to 2025-12-26 16:24:00+00:00, run_after=2025-12-26 16:25:00+00:00
[2025-12-26T21:55:18.171+0530] {processor.py:183} INFO - Processing /home/sathya/projects/training-kit/.venv-airflow/lib/python3.10/site-packages/airflow/example_dags/example_branch_python_dop_operator_3.py took 0.283 seconds
[2025-12-26T21:55:35.520+0530] {processor.py:161} INFO - Started process (PID=1739) to work on /home/sathya/projects/training-kit/.venv-airflow/lib/python3.10/site-packages/airflow/example_dags/example_branch_python_dop_operator_3.py
[2025-12-26T21:55:35.527+0530] {processor.py:830} INFO - Processing file /home/sathya/projects/training-kit/.venv-airflow/lib/python3.10/site-packages/airflow/example_dags/example_branch_python_dop_operator_3.py for tasks to queue
[2025-12-26T21:55:35.531+0530] {logging_mixin.py:188} INFO - [2025-12-26T21:55:35.531+0530] {dagbag.py:545} INFO - Filling up the DagBag from /home/sathya/projects/training-kit/.venv-airflow/lib/python3.10/site-packages/airflow/example_dags/example_branch_python_dop_operator_3.py
[2025-12-26T21:55:35.546+0530] {processor.py:840} INFO - DAG(s) 'example_branch_dop_operator_v3' retrieved from /home/sathya/projects/training-kit/.venv-airflow/lib/python3.10/site-packages/airflow/example_dags/example_branch_python_dop_operator_3.py
[2025-12-26T21:55:35.595+0530] {logging_mixin.py:188} INFO - [2025-12-26T21:55:35.595+0530] {dag.py:3089} INFO - Sync 1 DAGs
[2025-12-26T21:55:35.635+0530] {logging_mixin.py:188} INFO - [2025-12-26T21:55:35.635+0530] {dag.py:3947} INFO - Setting next_dagrun for example_branch_dop_operator_v3 to 2025-12-26 16:24:00+00:00, run_after=2025-12-26 16:25:00+00:00
[2025-12-26T21:55:35.673+0530] {processor.py:183} INFO - Processing /home/sathya/projects/training-kit/.venv-airflow/lib/python3.10/site-packages/airflow/example_dags/example_branch_python_dop_operator_3.py took 0.162 seconds
[2025-12-26T21:56:10.655+0530] {processor.py:161} INFO - Started process (PID=1839) to work on /home/sathya/projects/training-kit/.venv-airflow/lib/python3.10/site-packages/airflow/example_dags/example_branch_python_dop_operator_3.py
[2025-12-26T21:56:10.657+0530] {processor.py:830} INFO - Processing file /home/sathya/projects/training-kit/.venv-airflow/lib/python3.10/site-packages/airflow/example_dags/example_branch_python_dop_operator_3.py for tasks to queue
[2025-12-26T21:56:10.660+0530] {logging_mixin.py:188} INFO - [2025-12-26T21:56:10.659+0530] {dagbag.py:545} INFO - Filling up the DagBag from /home/sathya/projects/training-kit/.venv-airflow/lib/python3.10/site-packages/airflow/example_dags/example_branch_python_dop_operator_3.py
[2025-12-26T21:56:10.672+0530] {processor.py:840} INFO - DAG(s) 'example_branch_dop_operator_v3' retrieved from /home/sathya/projects/training-kit/.venv-airflow/lib/python3.10/site-packages/airflow/example_dags/example_branch_python_dop_operator_3.py
[2025-12-26T21:56:10.687+0530] {logging_mixin.py:188} INFO - [2025-12-26T21:56:10.687+0530] {dag.py:3089} INFO - Sync 1 DAGs
[2025-12-26T21:56:10.722+0530] {logging_mixin.py:188} INFO - [2025-12-26T21:56:10.722+0530] {dag.py:3947} INFO - Setting next_dagrun for example_branch_dop_operator_v3 to 2025-12-26 16:25:00+00:00, run_after=2025-12-26 16:26:00+00:00
[2025-12-26T21:56:10.747+0530] {processor.py:183} INFO - Processing /home/sathya/projects/training-kit/.venv-airflow/lib/python3.10/site-packages/airflow/example_dags/example_branch_python_dop_operator_3.py took 0.100 seconds
[2025-12-26T21:56:29.840+0530] {processor.py:161} INFO - Started process (PID=1898) to work on /home/sathya/projects/training-kit/.venv-airflow/lib/python3.10/site-packages/airflow/example_dags/example_branch_python_dop_operator_3.py
[2025-12-26T21:56:29.841+0530] {processor.py:830} INFO - Processing file /home/sathya/projects/training-kit/.venv-airflow/lib/python3.10/site-packages/airflow/example_dags/example_branch_python_dop_operator_3.py for tasks to queue
[2025-12-26T21:56:29.843+0530] {logging_mixin.py:188} INFO - [2025-12-26T21:56:29.843+0530] {dagbag.py:545} INFO - Filling up the DagBag from /home/sathya/projects/training-kit/.venv-airflow/lib/python3.10/site-packages/airflow/example_dags/example_branch_python_dop_operator_3.py
[2025-12-26T21:56:29.854+0530] {processor.py:840} INFO - DAG(s) 'example_branch_dop_operator_v3' retrieved from /home/sathya/projects/training-kit/.venv-airflow/lib/python3.10/site-packages/airflow/example_dags/example_branch_python_dop_operator_3.py
[2025-12-26T21:56:29.889+0530] {logging_mixin.py:188} INFO - [2025-12-26T21:56:29.889+0530] {dag.py:3089} INFO - Sync 1 DAGs
[2025-12-26T21:56:29.916+0530] {logging_mixin.py:188} INFO - [2025-12-26T21:56:29.916+0530] {dag.py:3947} INFO - Setting next_dagrun for example_branch_dop_operator_v3 to 2025-12-26 16:25:00+00:00, run_after=2025-12-26 16:26:00+00:00
[2025-12-26T21:56:29.976+0530] {processor.py:183} INFO - Processing /home/sathya/projects/training-kit/.venv-airflow/lib/python3.10/site-packages/airflow/example_dags/example_branch_python_dop_operator_3.py took 0.150 seconds
[2025-12-26T21:57:02.438+0530] {processor.py:161} INFO - Started process (PID=1990) to work on /home/sathya/projects/training-kit/.venv-airflow/lib/python3.10/site-packages/airflow/example_dags/example_branch_python_dop_operator_3.py
[2025-12-26T21:57:02.447+0530] {processor.py:830} INFO - Processing file /home/sathya/projects/training-kit/.venv-airflow/lib/python3.10/site-packages/airflow/example_dags/example_branch_python_dop_operator_3.py for tasks to queue
[2025-12-26T21:57:02.449+0530] {logging_mixin.py:188} INFO - [2025-12-26T21:57:02.448+0530] {dagbag.py:545} INFO - Filling up the DagBag from /home/sathya/projects/training-kit/.venv-airflow/lib/python3.10/site-packages/airflow/example_dags/example_branch_python_dop_operator_3.py
[2025-12-26T21:57:02.461+0530] {processor.py:840} INFO - DAG(s) 'example_branch_dop_operator_v3' retrieved from /home/sathya/projects/training-kit/.venv-airflow/lib/python3.10/site-packages/airflow/example_dags/example_branch_python_dop_operator_3.py
[2025-12-26T21:57:02.491+0530] {logging_mixin.py:188} INFO - [2025-12-26T21:57:02.490+0530] {dag.py:3089} INFO - Sync 1 DAGs
[2025-12-26T21:57:02.519+0530] {logging_mixin.py:188} INFO - [2025-12-26T21:57:02.519+0530] {dag.py:3947} INFO - Setting next_dagrun for example_branch_dop_operator_v3 to 2025-12-26 16:26:00+00:00, run_after=2025-12-26 16:27:00+00:00
[2025-12-26T21:57:02.547+0530] {processor.py:183} INFO - Processing /home/sathya/projects/training-kit/.venv-airflow/lib/python3.10/site-packages/airflow/example_dags/example_branch_python_dop_operator_3.py took 0.121 seconds
[2025-12-26T21:57:34.893+0530] {processor.py:161} INFO - Started process (PID=2080) to work on /home/sathya/projects/training-kit/.venv-airflow/lib/python3.10/site-packages/airflow/example_dags/example_branch_python_dop_operator_3.py
[2025-12-26T21:57:34.895+0530] {processor.py:830} INFO - Processing file /home/sathya/projects/training-kit/.venv-airflow/lib/python3.10/site-packages/airflow/example_dags/example_branch_python_dop_operator_3.py for tasks to queue
[2025-12-26T21:57:34.898+0530] {logging_mixin.py:188} INFO - [2025-12-26T21:57:34.897+0530] {dagbag.py:545} INFO - Filling up the DagBag from /home/sathya/projects/training-kit/.venv-airflow/lib/python3.10/site-packages/airflow/example_dags/example_branch_python_dop_operator_3.py
[2025-12-26T21:57:34.999+0530] {processor.py:840} INFO - DAG(s) 'example_branch_dop_operator_v3' retrieved from /home/sathya/projects/training-kit/.venv-airflow/lib/python3.10/site-packages/airflow/example_dags/example_branch_python_dop_operator_3.py
[2025-12-26T21:57:35.011+0530] {logging_mixin.py:188} INFO - [2025-12-26T21:57:35.011+0530] {dag.py:3089} INFO - Sync 1 DAGs
[2025-12-26T21:57:35.026+0530] {logging_mixin.py:188} INFO - [2025-12-26T21:57:35.025+0530] {dag.py:3947} INFO - Setting next_dagrun for example_branch_dop_operator_v3 to 2025-12-26 16:26:00+00:00, run_after=2025-12-26 16:27:00+00:00
[2025-12-26T21:57:35.058+0530] {processor.py:183} INFO - Processing /home/sathya/projects/training-kit/.venv-airflow/lib/python3.10/site-packages/airflow/example_dags/example_branch_python_dop_operator_3.py took 0.180 seconds
[2025-12-26T21:57:52.880+0530] {processor.py:161} INFO - Started process (PID=2135) to work on /home/sathya/projects/training-kit/.venv-airflow/lib/python3.10/site-packages/airflow/example_dags/example_branch_python_dop_operator_3.py
[2025-12-26T21:57:52.887+0530] {processor.py:830} INFO - Processing file /home/sathya/projects/training-kit/.venv-airflow/lib/python3.10/site-packages/airflow/example_dags/example_branch_python_dop_operator_3.py for tasks to queue
[2025-12-26T21:57:52.889+0530] {logging_mixin.py:188} INFO - [2025-12-26T21:57:52.888+0530] {dagbag.py:545} INFO - Filling up the DagBag from /home/sathya/projects/training-kit/.venv-airflow/lib/python3.10/site-packages/airflow/example_dags/example_branch_python_dop_operator_3.py
[2025-12-26T21:57:52.903+0530] {processor.py:840} INFO - DAG(s) 'example_branch_dop_operator_v3' retrieved from /home/sathya/projects/training-kit/.venv-airflow/lib/python3.10/site-packages/airflow/example_dags/example_branch_python_dop_operator_3.py
[2025-12-26T21:57:52.925+0530] {logging_mixin.py:188} INFO - [2025-12-26T21:57:52.924+0530] {dag.py:3089} INFO - Sync 1 DAGs
[2025-12-26T21:57:52.978+0530] {logging_mixin.py:188} INFO - [2025-12-26T21:57:52.977+0530] {dag.py:3947} INFO - Setting next_dagrun for example_branch_dop_operator_v3 to 2025-12-26 16:26:00+00:00, run_after=2025-12-26 16:27:00+00:00
[2025-12-26T21:57:53.029+0530] {processor.py:183} INFO - Processing /home/sathya/projects/training-kit/.venv-airflow/lib/python3.10/site-packages/airflow/example_dags/example_branch_python_dop_operator_3.py took 0.157 seconds
[2025-12-26T21:58:26.357+0530] {processor.py:161} INFO - Started process (PID=2247) to work on /home/sathya/projects/training-kit/.venv-airflow/lib/python3.10/site-packages/airflow/example_dags/example_branch_python_dop_operator_3.py
[2025-12-26T21:58:26.359+0530] {processor.py:830} INFO - Processing file /home/sathya/projects/training-kit/.venv-airflow/lib/python3.10/site-packages/airflow/example_dags/example_branch_python_dop_operator_3.py for tasks to queue
[2025-12-26T21:58:26.368+0530] {logging_mixin.py:188} INFO - [2025-12-26T21:58:26.368+0530] {dagbag.py:545} INFO - Filling up the DagBag from /home/sathya/projects/training-kit/.venv-airflow/lib/python3.10/site-packages/airflow/example_dags/example_branch_python_dop_operator_3.py
[2025-12-26T21:58:26.389+0530] {processor.py:840} INFO - DAG(s) 'example_branch_dop_operator_v3' retrieved from /home/sathya/projects/training-kit/.venv-airflow/lib/python3.10/site-packages/airflow/example_dags/example_branch_python_dop_operator_3.py
[2025-12-26T21:58:26.426+0530] {logging_mixin.py:188} INFO - [2025-12-26T21:58:26.425+0530] {dag.py:3089} INFO - Sync 1 DAGs
[2025-12-26T21:58:26.461+0530] {logging_mixin.py:188} INFO - [2025-12-26T21:58:26.461+0530] {dag.py:3947} INFO - Setting next_dagrun for example_branch_dop_operator_v3 to 2025-12-26 16:27:00+00:00, run_after=2025-12-26 16:28:00+00:00
[2025-12-26T21:58:26.508+0530] {processor.py:183} INFO - Processing /home/sathya/projects/training-kit/.venv-airflow/lib/python3.10/site-packages/airflow/example_dags/example_branch_python_dop_operator_3.py took 0.163 seconds
[2025-12-26T21:58:41.486+0530] {processor.py:161} INFO - Started process (PID=2299) to work on /home/sathya/projects/training-kit/.venv-airflow/lib/python3.10/site-packages/airflow/example_dags/example_branch_python_dop_operator_3.py
[2025-12-26T21:58:41.493+0530] {processor.py:830} INFO - Processing file /home/sathya/projects/training-kit/.venv-airflow/lib/python3.10/site-packages/airflow/example_dags/example_branch_python_dop_operator_3.py for tasks to queue
[2025-12-26T21:58:41.495+0530] {logging_mixin.py:188} INFO - [2025-12-26T21:58:41.495+0530] {dagbag.py:545} INFO - Filling up the DagBag from /home/sathya/projects/training-kit/.venv-airflow/lib/python3.10/site-packages/airflow/example_dags/example_branch_python_dop_operator_3.py
[2025-12-26T21:58:41.511+0530] {processor.py:840} INFO - DAG(s) 'example_branch_dop_operator_v3' retrieved from /home/sathya/projects/training-kit/.venv-airflow/lib/python3.10/site-packages/airflow/example_dags/example_branch_python_dop_operator_3.py
[2025-12-26T21:58:41.541+0530] {logging_mixin.py:188} INFO - [2025-12-26T21:58:41.540+0530] {dag.py:3089} INFO - Sync 1 DAGs
[2025-12-26T21:58:41.576+0530] {logging_mixin.py:188} INFO - [2025-12-26T21:58:41.575+0530] {dag.py:3947} INFO - Setting next_dagrun for example_branch_dop_operator_v3 to 2025-12-26 16:27:00+00:00, run_after=2025-12-26 16:28:00+00:00
[2025-12-26T21:58:41.627+0530] {processor.py:183} INFO - Processing /home/sathya/projects/training-kit/.venv-airflow/lib/python3.10/site-packages/airflow/example_dags/example_branch_python_dop_operator_3.py took 0.159 seconds
[2025-12-26T21:59:15.872+0530] {processor.py:161} INFO - Started process (PID=2404) to work on /home/sathya/projects/training-kit/.venv-airflow/lib/python3.10/site-packages/airflow/example_dags/example_branch_python_dop_operator_3.py
[2025-12-26T21:59:15.873+0530] {processor.py:830} INFO - Processing file /home/sathya/projects/training-kit/.venv-airflow/lib/python3.10/site-packages/airflow/example_dags/example_branch_python_dop_operator_3.py for tasks to queue
[2025-12-26T21:59:15.875+0530] {logging_mixin.py:188} INFO - [2025-12-26T21:59:15.875+0530] {dagbag.py:545} INFO - Filling up the DagBag from /home/sathya/projects/training-kit/.venv-airflow/lib/python3.10/site-packages/airflow/example_dags/example_branch_python_dop_operator_3.py
[2025-12-26T21:59:15.886+0530] {processor.py:840} INFO - DAG(s) 'example_branch_dop_operator_v3' retrieved from /home/sathya/projects/training-kit/.venv-airflow/lib/python3.10/site-packages/airflow/example_dags/example_branch_python_dop_operator_3.py
[2025-12-26T21:59:15.903+0530] {logging_mixin.py:188} INFO - [2025-12-26T21:59:15.903+0530] {dag.py:3089} INFO - Sync 1 DAGs
[2025-12-26T21:59:15.925+0530] {logging_mixin.py:188} INFO - [2025-12-26T21:59:15.925+0530] {dag.py:3947} INFO - Setting next_dagrun for example_branch_dop_operator_v3 to 2025-12-26 16:28:00+00:00, run_after=2025-12-26 16:29:00+00:00
[2025-12-26T21:59:15.955+0530] {processor.py:183} INFO - Processing /home/sathya/projects/training-kit/.venv-airflow/lib/python3.10/site-packages/airflow/example_dags/example_branch_python_dop_operator_3.py took 0.093 seconds
[2025-12-26T21:59:31.282+0530] {processor.py:161} INFO - Started process (PID=2447) to work on /home/sathya/projects/training-kit/.venv-airflow/lib/python3.10/site-packages/airflow/example_dags/example_branch_python_dop_operator_3.py
[2025-12-26T21:59:31.284+0530] {processor.py:830} INFO - Processing file /home/sathya/projects/training-kit/.venv-airflow/lib/python3.10/site-packages/airflow/example_dags/example_branch_python_dop_operator_3.py for tasks to queue
[2025-12-26T21:59:31.286+0530] {logging_mixin.py:188} INFO - [2025-12-26T21:59:31.285+0530] {dagbag.py:545} INFO - Filling up the DagBag from /home/sathya/projects/training-kit/.venv-airflow/lib/python3.10/site-packages/airflow/example_dags/example_branch_python_dop_operator_3.py
[2025-12-26T21:59:31.296+0530] {processor.py:840} INFO - DAG(s) 'example_branch_dop_operator_v3' retrieved from /home/sathya/projects/training-kit/.venv-airflow/lib/python3.10/site-packages/airflow/example_dags/example_branch_python_dop_operator_3.py
[2025-12-26T21:59:31.323+0530] {logging_mixin.py:188} INFO - [2025-12-26T21:59:31.323+0530] {dag.py:3089} INFO - Sync 1 DAGs
[2025-12-26T21:59:31.353+0530] {logging_mixin.py:188} INFO - [2025-12-26T21:59:31.353+0530] {dag.py:3947} INFO - Setting next_dagrun for example_branch_dop_operator_v3 to 2025-12-26 16:28:00+00:00, run_after=2025-12-26 16:29:00+00:00
[2025-12-26T21:59:31.391+0530] {processor.py:183} INFO - Processing /home/sathya/projects/training-kit/.venv-airflow/lib/python3.10/site-packages/airflow/example_dags/example_branch_python_dop_operator_3.py took 0.117 seconds
[2025-12-26T22:00:18.553+0530] {processor.py:161} INFO - Started process (PID=2624) to work on /home/sathya/projects/training-kit/.venv-airflow/lib/python3.10/site-packages/airflow/example_dags/example_branch_python_dop_operator_3.py
[2025-12-26T22:00:18.559+0530] {processor.py:830} INFO - Processing file /home/sathya/projects/training-kit/.venv-airflow/lib/python3.10/site-packages/airflow/example_dags/example_branch_python_dop_operator_3.py for tasks to queue
[2025-12-26T22:00:18.562+0530] {logging_mixin.py:188} INFO - [2025-12-26T22:00:18.561+0530] {dagbag.py:545} INFO - Filling up the DagBag from /home/sathya/projects/training-kit/.venv-airflow/lib/python3.10/site-packages/airflow/example_dags/example_branch_python_dop_operator_3.py
[2025-12-26T22:00:18.578+0530] {processor.py:840} INFO - DAG(s) 'example_branch_dop_operator_v3' retrieved from /home/sathya/projects/training-kit/.venv-airflow/lib/python3.10/site-packages/airflow/example_dags/example_branch_python_dop_operator_3.py
[2025-12-26T22:00:18.604+0530] {logging_mixin.py:188} INFO - [2025-12-26T22:00:18.604+0530] {dag.py:3089} INFO - Sync 1 DAGs
[2025-12-26T22:00:18.628+0530] {logging_mixin.py:188} INFO - [2025-12-26T22:00:18.628+0530] {dag.py:3947} INFO - Setting next_dagrun for example_branch_dop_operator_v3 to 2025-12-26 16:29:00+00:00, run_after=2025-12-26 16:30:00+00:00
[2025-12-26T22:00:18.662+0530] {processor.py:183} INFO - Processing /home/sathya/projects/training-kit/.venv-airflow/lib/python3.10/site-packages/airflow/example_dags/example_branch_python_dop_operator_3.py took 0.122 seconds
[2025-12-26T22:00:24.264+0530] {processor.py:161} INFO - Started process (PID=2642) to work on /home/sathya/projects/training-kit/.venv-airflow/lib/python3.10/site-packages/airflow/example_dags/example_branch_python_dop_operator_3.py
[2025-12-26T22:00:24.265+0530] {processor.py:830} INFO - Processing file /home/sathya/projects/training-kit/.venv-airflow/lib/python3.10/site-packages/airflow/example_dags/example_branch_python_dop_operator_3.py for tasks to queue
[2025-12-26T22:00:24.267+0530] {logging_mixin.py:188} INFO - [2025-12-26T22:00:24.267+0530] {dagbag.py:545} INFO - Filling up the DagBag from /home/sathya/projects/training-kit/.venv-airflow/lib/python3.10/site-packages/airflow/example_dags/example_branch_python_dop_operator_3.py
[2025-12-26T22:00:24.278+0530] {processor.py:840} INFO - DAG(s) 'example_branch_dop_operator_v3' retrieved from /home/sathya/projects/training-kit/.venv-airflow/lib/python3.10/site-packages/airflow/example_dags/example_branch_python_dop_operator_3.py
[2025-12-26T22:00:24.296+0530] {logging_mixin.py:188} INFO - [2025-12-26T22:00:24.296+0530] {dag.py:3089} INFO - Sync 1 DAGs
[2025-12-26T22:00:24.322+0530] {logging_mixin.py:188} INFO - [2025-12-26T22:00:24.322+0530] {dag.py:3947} INFO - Setting next_dagrun for example_branch_dop_operator_v3 to 2025-12-26 16:29:00+00:00, run_after=2025-12-26 16:30:00+00:00
[2025-12-26T22:00:24.348+0530] {processor.py:183} INFO - Processing /home/sathya/projects/training-kit/.venv-airflow/lib/python3.10/site-packages/airflow/example_dags/example_branch_python_dop_operator_3.py took 0.091 seconds
[2025-12-26T22:01:07.641+0530] {processor.py:161} INFO - Started process (PID=2777) to work on /home/sathya/projects/training-kit/.venv-airflow/lib/python3.10/site-packages/airflow/example_dags/example_branch_python_dop_operator_3.py
[2025-12-26T22:01:07.648+0530] {processor.py:830} INFO - Processing file /home/sathya/projects/training-kit/.venv-airflow/lib/python3.10/site-packages/airflow/example_dags/example_branch_python_dop_operator_3.py for tasks to queue
[2025-12-26T22:01:07.650+0530] {logging_mixin.py:188} INFO - [2025-12-26T22:01:07.649+0530] {dagbag.py:545} INFO - Filling up the DagBag from /home/sathya/projects/training-kit/.venv-airflow/lib/python3.10/site-packages/airflow/example_dags/example_branch_python_dop_operator_3.py
[2025-12-26T22:01:07.661+0530] {processor.py:840} INFO - DAG(s) 'example_branch_dop_operator_v3' retrieved from /home/sathya/projects/training-kit/.venv-airflow/lib/python3.10/site-packages/airflow/example_dags/example_branch_python_dop_operator_3.py
[2025-12-26T22:01:07.678+0530] {logging_mixin.py:188} INFO - [2025-12-26T22:01:07.677+0530] {dag.py:3089} INFO - Sync 1 DAGs
[2025-12-26T22:01:07.705+0530] {logging_mixin.py:188} INFO - [2025-12-26T22:01:07.704+0530] {dag.py:3947} INFO - Setting next_dagrun for example_branch_dop_operator_v3 to 2025-12-26 16:30:00+00:00, run_after=2025-12-26 16:31:00+00:00
[2025-12-26T22:01:07.751+0530] {processor.py:183} INFO - Processing /home/sathya/projects/training-kit/.venv-airflow/lib/python3.10/site-packages/airflow/example_dags/example_branch_python_dop_operator_3.py took 0.118 seconds
[2025-12-26T22:01:13.761+0530] {processor.py:161} INFO - Started process (PID=2802) to work on /home/sathya/projects/training-kit/.venv-airflow/lib/python3.10/site-packages/airflow/example_dags/example_branch_python_dop_operator_3.py
[2025-12-26T22:01:13.763+0530] {processor.py:830} INFO - Processing file /home/sathya/projects/training-kit/.venv-airflow/lib/python3.10/site-packages/airflow/example_dags/example_branch_python_dop_operator_3.py for tasks to queue
[2025-12-26T22:01:13.765+0530] {logging_mixin.py:188} INFO - [2025-12-26T22:01:13.765+0530] {dagbag.py:545} INFO - Filling up the DagBag from /home/sathya/projects/training-kit/.venv-airflow/lib/python3.10/site-packages/airflow/example_dags/example_branch_python_dop_operator_3.py
[2025-12-26T22:01:13.778+0530] {processor.py:840} INFO - DAG(s) 'example_branch_dop_operator_v3' retrieved from /home/sathya/projects/training-kit/.venv-airflow/lib/python3.10/site-packages/airflow/example_dags/example_branch_python_dop_operator_3.py
[2025-12-26T22:01:13.802+0530] {logging_mixin.py:188} INFO - [2025-12-26T22:01:13.802+0530] {dag.py:3089} INFO - Sync 1 DAGs
[2025-12-26T22:01:13.846+0530] {logging_mixin.py:188} INFO - [2025-12-26T22:01:13.845+0530] {dag.py:3947} INFO - Setting next_dagrun for example_branch_dop_operator_v3 to 2025-12-26 16:30:00+00:00, run_after=2025-12-26 16:31:00+00:00
[2025-12-26T22:01:13.882+0530] {processor.py:183} INFO - Processing /home/sathya/projects/training-kit/.venv-airflow/lib/python3.10/site-packages/airflow/example_dags/example_branch_python_dop_operator_3.py took 0.130 seconds
[2025-12-26T22:02:15.750+0530] {processor.py:161} INFO - Started process (PID=2986) to work on /home/sathya/projects/training-kit/.venv-airflow/lib/python3.10/site-packages/airflow/example_dags/example_branch_python_dop_operator_3.py
[2025-12-26T22:02:15.780+0530] {processor.py:830} INFO - Processing file /home/sathya/projects/training-kit/.venv-airflow/lib/python3.10/site-packages/airflow/example_dags/example_branch_python_dop_operator_3.py for tasks to queue
[2025-12-26T22:02:15.784+0530] {logging_mixin.py:188} INFO - [2025-12-26T22:02:15.783+0530] {dagbag.py:545} INFO - Filling up the DagBag from /home/sathya/projects/training-kit/.venv-airflow/lib/python3.10/site-packages/airflow/example_dags/example_branch_python_dop_operator_3.py
[2025-12-26T22:02:15.799+0530] {processor.py:840} INFO - DAG(s) 'example_branch_dop_operator_v3' retrieved from /home/sathya/projects/training-kit/.venv-airflow/lib/python3.10/site-packages/airflow/example_dags/example_branch_python_dop_operator_3.py
[2025-12-26T22:02:15.821+0530] {logging_mixin.py:188} INFO - [2025-12-26T22:02:15.820+0530] {dag.py:3089} INFO - Sync 1 DAGs
[2025-12-26T22:02:15.845+0530] {logging_mixin.py:188} INFO - [2025-12-26T22:02:15.845+0530] {dag.py:3947} INFO - Setting next_dagrun for example_branch_dop_operator_v3 to 2025-12-26 16:31:00+00:00, run_after=2025-12-26 16:32:00+00:00
[2025-12-26T22:02:15.909+0530] {processor.py:183} INFO - Processing /home/sathya/projects/training-kit/.venv-airflow/lib/python3.10/site-packages/airflow/example_dags/example_branch_python_dop_operator_3.py took 0.166 seconds
[2025-12-26T22:02:22.476+0530] {processor.py:161} INFO - Started process (PID=3005) to work on /home/sathya/projects/training-kit/.venv-airflow/lib/python3.10/site-packages/airflow/example_dags/example_branch_python_dop_operator_3.py
[2025-12-26T22:02:22.480+0530] {processor.py:830} INFO - Processing file /home/sathya/projects/training-kit/.venv-airflow/lib/python3.10/site-packages/airflow/example_dags/example_branch_python_dop_operator_3.py for tasks to queue
[2025-12-26T22:02:22.482+0530] {logging_mixin.py:188} INFO - [2025-12-26T22:02:22.482+0530] {dagbag.py:545} INFO - Filling up the DagBag from /home/sathya/projects/training-kit/.venv-airflow/lib/python3.10/site-packages/airflow/example_dags/example_branch_python_dop_operator_3.py
[2025-12-26T22:02:22.492+0530] {processor.py:840} INFO - DAG(s) 'example_branch_dop_operator_v3' retrieved from /home/sathya/projects/training-kit/.venv-airflow/lib/python3.10/site-packages/airflow/example_dags/example_branch_python_dop_operator_3.py
[2025-12-26T22:02:22.522+0530] {logging_mixin.py:188} INFO - [2025-12-26T22:02:22.522+0530] {dag.py:3089} INFO - Sync 1 DAGs
[2025-12-26T22:02:22.553+0530] {logging_mixin.py:188} INFO - [2025-12-26T22:02:22.553+0530] {dag.py:3947} INFO - Setting next_dagrun for example_branch_dop_operator_v3 to 2025-12-26 16:31:00+00:00, run_after=2025-12-26 16:32:00+00:00
[2025-12-26T22:02:22.614+0530] {processor.py:183} INFO - Processing /home/sathya/projects/training-kit/.venv-airflow/lib/python3.10/site-packages/airflow/example_dags/example_branch_python_dop_operator_3.py took 0.145 seconds
[2025-12-26T22:03:05.564+0530] {processor.py:161} INFO - Started process (PID=3137) to work on /home/sathya/projects/training-kit/.venv-airflow/lib/python3.10/site-packages/airflow/example_dags/example_branch_python_dop_operator_3.py
[2025-12-26T22:03:05.565+0530] {processor.py:830} INFO - Processing file /home/sathya/projects/training-kit/.venv-airflow/lib/python3.10/site-packages/airflow/example_dags/example_branch_python_dop_operator_3.py for tasks to queue
[2025-12-26T22:03:05.567+0530] {logging_mixin.py:188} INFO - [2025-12-26T22:03:05.567+0530] {dagbag.py:545} INFO - Filling up the DagBag from /home/sathya/projects/training-kit/.venv-airflow/lib/python3.10/site-packages/airflow/example_dags/example_branch_python_dop_operator_3.py
[2025-12-26T22:03:05.579+0530] {processor.py:840} INFO - DAG(s) 'example_branch_dop_operator_v3' retrieved from /home/sathya/projects/training-kit/.venv-airflow/lib/python3.10/site-packages/airflow/example_dags/example_branch_python_dop_operator_3.py
[2025-12-26T22:03:05.593+0530] {logging_mixin.py:188} INFO - [2025-12-26T22:03:05.592+0530] {dag.py:3089} INFO - Sync 1 DAGs
[2025-12-26T22:03:05.617+0530] {logging_mixin.py:188} INFO - [2025-12-26T22:03:05.617+0530] {dag.py:3947} INFO - Setting next_dagrun for example_branch_dop_operator_v3 to 2025-12-26 16:32:00+00:00, run_after=2025-12-26 16:33:00+00:00
[2025-12-26T22:03:05.641+0530] {processor.py:183} INFO - Processing /home/sathya/projects/training-kit/.venv-airflow/lib/python3.10/site-packages/airflow/example_dags/example_branch_python_dop_operator_3.py took 0.084 seconds
[2025-12-26T22:03:11.501+0530] {processor.py:161} INFO - Started process (PID=3156) to work on /home/sathya/projects/training-kit/.venv-airflow/lib/python3.10/site-packages/airflow/example_dags/example_branch_python_dop_operator_3.py
[2025-12-26T22:03:11.509+0530] {processor.py:830} INFO - Processing file /home/sathya/projects/training-kit/.venv-airflow/lib/python3.10/site-packages/airflow/example_dags/example_branch_python_dop_operator_3.py for tasks to queue
[2025-12-26T22:03:11.513+0530] {logging_mixin.py:188} INFO - [2025-12-26T22:03:11.512+0530] {dagbag.py:545} INFO - Filling up the DagBag from /home/sathya/projects/training-kit/.venv-airflow/lib/python3.10/site-packages/airflow/example_dags/example_branch_python_dop_operator_3.py
[2025-12-26T22:03:11.532+0530] {processor.py:840} INFO - DAG(s) 'example_branch_dop_operator_v3' retrieved from /home/sathya/projects/training-kit/.venv-airflow/lib/python3.10/site-packages/airflow/example_dags/example_branch_python_dop_operator_3.py
[2025-12-26T22:03:11.559+0530] {logging_mixin.py:188} INFO - [2025-12-26T22:03:11.559+0530] {dag.py:3089} INFO - Sync 1 DAGs
[2025-12-26T22:03:11.587+0530] {logging_mixin.py:188} INFO - [2025-12-26T22:03:11.586+0530] {dag.py:3947} INFO - Setting next_dagrun for example_branch_dop_operator_v3 to 2025-12-26 16:32:00+00:00, run_after=2025-12-26 16:33:00+00:00
[2025-12-26T22:03:11.626+0530] {processor.py:183} INFO - Processing /home/sathya/projects/training-kit/.venv-airflow/lib/python3.10/site-packages/airflow/example_dags/example_branch_python_dop_operator_3.py took 0.136 seconds
[2025-12-26T22:03:58.259+0530] {processor.py:161} INFO - Started process (PID=3306) to work on /home/sathya/projects/training-kit/.venv-airflow/lib/python3.10/site-packages/airflow/example_dags/example_branch_python_dop_operator_3.py
[2025-12-26T22:03:58.266+0530] {processor.py:830} INFO - Processing file /home/sathya/projects/training-kit/.venv-airflow/lib/python3.10/site-packages/airflow/example_dags/example_branch_python_dop_operator_3.py for tasks to queue
[2025-12-26T22:03:58.268+0530] {logging_mixin.py:188} INFO - [2025-12-26T22:03:58.267+0530] {dagbag.py:545} INFO - Filling up the DagBag from /home/sathya/projects/training-kit/.venv-airflow/lib/python3.10/site-packages/airflow/example_dags/example_branch_python_dop_operator_3.py
[2025-12-26T22:03:58.279+0530] {processor.py:840} INFO - DAG(s) 'example_branch_dop_operator_v3' retrieved from /home/sathya/projects/training-kit/.venv-airflow/lib/python3.10/site-packages/airflow/example_dags/example_branch_python_dop_operator_3.py
[2025-12-26T22:03:58.296+0530] {logging_mixin.py:188} INFO - [2025-12-26T22:03:58.296+0530] {dag.py:3089} INFO - Sync 1 DAGs
[2025-12-26T22:03:58.331+0530] {logging_mixin.py:188} INFO - [2025-12-26T22:03:58.331+0530] {dag.py:3947} INFO - Setting next_dagrun for example_branch_dop_operator_v3 to 2025-12-26 16:32:00+00:00, run_after=2025-12-26 16:33:00+00:00
[2025-12-26T22:03:58.408+0530] {processor.py:183} INFO - Processing /home/sathya/projects/training-kit/.venv-airflow/lib/python3.10/site-packages/airflow/example_dags/example_branch_python_dop_operator_3.py took 0.156 seconds
[2025-12-26T22:04:13.103+0530] {processor.py:161} INFO - Started process (PID=3348) to work on /home/sathya/projects/training-kit/.venv-airflow/lib/python3.10/site-packages/airflow/example_dags/example_branch_python_dop_operator_3.py
[2025-12-26T22:04:13.104+0530] {processor.py:830} INFO - Processing file /home/sathya/projects/training-kit/.venv-airflow/lib/python3.10/site-packages/airflow/example_dags/example_branch_python_dop_operator_3.py for tasks to queue
[2025-12-26T22:04:13.105+0530] {logging_mixin.py:188} INFO - [2025-12-26T22:04:13.105+0530] {dagbag.py:545} INFO - Filling up the DagBag from /home/sathya/projects/training-kit/.venv-airflow/lib/python3.10/site-packages/airflow/example_dags/example_branch_python_dop_operator_3.py
[2025-12-26T22:04:13.119+0530] {processor.py:840} INFO - DAG(s) 'example_branch_dop_operator_v3' retrieved from /home/sathya/projects/training-kit/.venv-airflow/lib/python3.10/site-packages/airflow/example_dags/example_branch_python_dop_operator_3.py
[2025-12-26T22:04:13.141+0530] {logging_mixin.py:188} INFO - [2025-12-26T22:04:13.141+0530] {dag.py:3089} INFO - Sync 1 DAGs
[2025-12-26T22:04:13.183+0530] {logging_mixin.py:188} INFO - [2025-12-26T22:04:13.182+0530] {dag.py:3947} INFO - Setting next_dagrun for example_branch_dop_operator_v3 to 2025-12-26 16:33:00+00:00, run_after=2025-12-26 16:34:00+00:00
[2025-12-26T22:04:13.228+0530] {processor.py:183} INFO - Processing /home/sathya/projects/training-kit/.venv-airflow/lib/python3.10/site-packages/airflow/example_dags/example_branch_python_dop_operator_3.py took 0.133 seconds
[2025-12-26T22:12:50.056+0530] {processor.py:161} INFO - Started process (PID=4515) to work on /home/sathya/projects/training-kit/.venv-airflow/lib/python3.10/site-packages/airflow/example_dags/example_branch_python_dop_operator_3.py
[2025-12-26T22:12:50.063+0530] {processor.py:830} INFO - Processing file /home/sathya/projects/training-kit/.venv-airflow/lib/python3.10/site-packages/airflow/example_dags/example_branch_python_dop_operator_3.py for tasks to queue
[2025-12-26T22:12:50.066+0530] {logging_mixin.py:188} INFO - [2025-12-26T22:12:50.065+0530] {dagbag.py:545} INFO - Filling up the DagBag from /home/sathya/projects/training-kit/.venv-airflow/lib/python3.10/site-packages/airflow/example_dags/example_branch_python_dop_operator_3.py
[2025-12-26T22:12:50.085+0530] {processor.py:840} INFO - DAG(s) 'example_branch_dop_operator_v3' retrieved from /home/sathya/projects/training-kit/.venv-airflow/lib/python3.10/site-packages/airflow/example_dags/example_branch_python_dop_operator_3.py
[2025-12-26T22:12:50.117+0530] {logging_mixin.py:188} INFO - [2025-12-26T22:12:50.117+0530] {dag.py:3089} INFO - Sync 1 DAGs
[2025-12-26T22:12:50.161+0530] {logging_mixin.py:188} INFO - [2025-12-26T22:12:50.160+0530] {dag.py:3947} INFO - Setting next_dagrun for example_branch_dop_operator_v3 to 2025-12-26 16:42:00+00:00, run_after=2025-12-26 16:43:00+00:00
[2025-12-26T22:12:50.195+0530] {processor.py:183} INFO - Processing /home/sathya/projects/training-kit/.venv-airflow/lib/python3.10/site-packages/airflow/example_dags/example_branch_python_dop_operator_3.py took 0.146 seconds
[2025-12-26T22:15:12.980+0530] {processor.py:161} INFO - Started process (PID=4892) to work on /home/sathya/projects/training-kit/.venv-airflow/lib/python3.10/site-packages/airflow/example_dags/example_branch_python_dop_operator_3.py
[2025-12-26T22:15:12.981+0530] {processor.py:830} INFO - Processing file /home/sathya/projects/training-kit/.venv-airflow/lib/python3.10/site-packages/airflow/example_dags/example_branch_python_dop_operator_3.py for tasks to queue
[2025-12-26T22:15:12.983+0530] {logging_mixin.py:188} INFO - [2025-12-26T22:15:12.982+0530] {dagbag.py:545} INFO - Filling up the DagBag from /home/sathya/projects/training-kit/.venv-airflow/lib/python3.10/site-packages/airflow/example_dags/example_branch_python_dop_operator_3.py
[2025-12-26T22:15:12.991+0530] {processor.py:840} INFO - DAG(s) 'example_branch_dop_operator_v3' retrieved from /home/sathya/projects/training-kit/.venv-airflow/lib/python3.10/site-packages/airflow/example_dags/example_branch_python_dop_operator_3.py
[2025-12-26T22:15:13.002+0530] {logging_mixin.py:188} INFO - [2025-12-26T22:15:13.002+0530] {dag.py:3089} INFO - Sync 1 DAGs
[2025-12-26T22:15:13.019+0530] {logging_mixin.py:188} INFO - [2025-12-26T22:15:13.019+0530] {dag.py:3947} INFO - Setting next_dagrun for example_branch_dop_operator_v3 to 2025-12-26 16:45:00+00:00, run_after=2025-12-26 16:46:00+00:00
[2025-12-26T22:15:13.038+0530] {processor.py:183} INFO - Processing /home/sathya/projects/training-kit/.venv-airflow/lib/python3.10/site-packages/airflow/example_dags/example_branch_python_dop_operator_3.py took 0.063 seconds
[2025-12-26T22:18:21.594+0530] {processor.py:161} INFO - Started process (PID=5550) to work on /home/sathya/projects/training-kit/.venv-airflow/lib/python3.10/site-packages/airflow/example_dags/example_branch_python_dop_operator_3.py
[2025-12-26T22:18:21.596+0530] {processor.py:830} INFO - Processing file /home/sathya/projects/training-kit/.venv-airflow/lib/python3.10/site-packages/airflow/example_dags/example_branch_python_dop_operator_3.py for tasks to queue
[2025-12-26T22:18:21.597+0530] {logging_mixin.py:188} INFO - [2025-12-26T22:18:21.597+0530] {dagbag.py:545} INFO - Filling up the DagBag from /home/sathya/projects/training-kit/.venv-airflow/lib/python3.10/site-packages/airflow/example_dags/example_branch_python_dop_operator_3.py
[2025-12-26T22:18:21.604+0530] {processor.py:840} INFO - DAG(s) 'example_branch_dop_operator_v3' retrieved from /home/sathya/projects/training-kit/.venv-airflow/lib/python3.10/site-packages/airflow/example_dags/example_branch_python_dop_operator_3.py
[2025-12-26T22:18:21.617+0530] {logging_mixin.py:188} INFO - [2025-12-26T22:18:21.616+0530] {dag.py:3089} INFO - Sync 1 DAGs
[2025-12-26T22:18:21.632+0530] {logging_mixin.py:188} INFO - [2025-12-26T22:18:21.632+0530] {dag.py:3947} INFO - Setting next_dagrun for example_branch_dop_operator_v3 to 2025-12-26 16:48:00+00:00, run_after=2025-12-26 16:49:00+00:00
[2025-12-26T22:18:21.651+0530] {processor.py:183} INFO - Processing /home/sathya/projects/training-kit/.venv-airflow/lib/python3.10/site-packages/airflow/example_dags/example_branch_python_dop_operator_3.py took 0.063 seconds
[2025-12-26T22:18:33.401+0530] {processor.py:161} INFO - Started process (PID=5594) to work on /home/sathya/projects/training-kit/.venv-airflow/lib/python3.10/site-packages/airflow/example_dags/example_branch_python_dop_operator_3.py
[2025-12-26T22:18:33.402+0530] {processor.py:830} INFO - Processing file /home/sathya/projects/training-kit/.venv-airflow/lib/python3.10/site-packages/airflow/example_dags/example_branch_python_dop_operator_3.py for tasks to queue
[2025-12-26T22:18:33.403+0530] {logging_mixin.py:188} INFO - [2025-12-26T22:18:33.403+0530] {dagbag.py:545} INFO - Filling up the DagBag from /home/sathya/projects/training-kit/.venv-airflow/lib/python3.10/site-packages/airflow/example_dags/example_branch_python_dop_operator_3.py
[2025-12-26T22:18:33.414+0530] {processor.py:840} INFO - DAG(s) 'example_branch_dop_operator_v3' retrieved from /home/sathya/projects/training-kit/.venv-airflow/lib/python3.10/site-packages/airflow/example_dags/example_branch_python_dop_operator_3.py
[2025-12-26T22:18:33.432+0530] {logging_mixin.py:188} INFO - [2025-12-26T22:18:33.432+0530] {dag.py:3089} INFO - Sync 1 DAGs
[2025-12-26T22:18:33.460+0530] {logging_mixin.py:188} INFO - [2025-12-26T22:18:33.459+0530] {dag.py:3947} INFO - Setting next_dagrun for example_branch_dop_operator_v3 to 2025-12-26 16:48:00+00:00, run_after=2025-12-26 16:49:00+00:00
[2025-12-26T22:18:33.499+0530] {processor.py:183} INFO - Processing /home/sathya/projects/training-kit/.venv-airflow/lib/python3.10/site-packages/airflow/example_dags/example_branch_python_dop_operator_3.py took 0.111 seconds
[2025-12-26T22:22:35.510+0530] {processor.py:161} INFO - Started process (PID=6162) to work on /home/sathya/projects/training-kit/.venv-airflow/lib/python3.10/site-packages/airflow/example_dags/example_branch_python_dop_operator_3.py
[2025-12-26T22:22:35.511+0530] {processor.py:830} INFO - Processing file /home/sathya/projects/training-kit/.venv-airflow/lib/python3.10/site-packages/airflow/example_dags/example_branch_python_dop_operator_3.py for tasks to queue
[2025-12-26T22:22:35.513+0530] {logging_mixin.py:188} INFO - [2025-12-26T22:22:35.512+0530] {dagbag.py:545} INFO - Filling up the DagBag from /home/sathya/projects/training-kit/.venv-airflow/lib/python3.10/site-packages/airflow/example_dags/example_branch_python_dop_operator_3.py
[2025-12-26T22:22:35.521+0530] {processor.py:840} INFO - DAG(s) 'example_branch_dop_operator_v3' retrieved from /home/sathya/projects/training-kit/.venv-airflow/lib/python3.10/site-packages/airflow/example_dags/example_branch_python_dop_operator_3.py
[2025-12-26T22:22:35.536+0530] {logging_mixin.py:188} INFO - [2025-12-26T22:22:35.536+0530] {dag.py:3089} INFO - Sync 1 DAGs
[2025-12-26T22:22:35.555+0530] {logging_mixin.py:188} INFO - [2025-12-26T22:22:35.554+0530] {dag.py:3947} INFO - Setting next_dagrun for example_branch_dop_operator_v3 to 2025-12-26 16:52:00+00:00, run_after=2025-12-26 16:53:00+00:00
[2025-12-26T22:22:35.580+0530] {processor.py:183} INFO - Processing /home/sathya/projects/training-kit/.venv-airflow/lib/python3.10/site-packages/airflow/example_dags/example_branch_python_dop_operator_3.py took 0.076 seconds
[2025-12-26T22:28:04.899+0530] {processor.py:161} INFO - Started process (PID=6860) to work on /home/sathya/projects/training-kit/.venv-airflow/lib/python3.10/site-packages/airflow/example_dags/example_branch_python_dop_operator_3.py
[2025-12-26T22:28:04.901+0530] {processor.py:830} INFO - Processing file /home/sathya/projects/training-kit/.venv-airflow/lib/python3.10/site-packages/airflow/example_dags/example_branch_python_dop_operator_3.py for tasks to queue
[2025-12-26T22:28:04.902+0530] {logging_mixin.py:188} INFO - [2025-12-26T22:28:04.902+0530] {dagbag.py:545} INFO - Filling up the DagBag from /home/sathya/projects/training-kit/.venv-airflow/lib/python3.10/site-packages/airflow/example_dags/example_branch_python_dop_operator_3.py
[2025-12-26T22:28:04.911+0530] {processor.py:840} INFO - DAG(s) 'example_branch_dop_operator_v3' retrieved from /home/sathya/projects/training-kit/.venv-airflow/lib/python3.10/site-packages/airflow/example_dags/example_branch_python_dop_operator_3.py
[2025-12-26T22:28:04.923+0530] {logging_mixin.py:188} INFO - [2025-12-26T22:28:04.922+0530] {dag.py:3089} INFO - Sync 1 DAGs
[2025-12-26T22:28:04.938+0530] {logging_mixin.py:188} INFO - [2025-12-26T22:28:04.938+0530] {dag.py:3947} INFO - Setting next_dagrun for example_branch_dop_operator_v3 to 2025-12-26 16:58:00+00:00, run_after=2025-12-26 16:59:00+00:00
[2025-12-26T22:28:04.959+0530] {processor.py:183} INFO - Processing /home/sathya/projects/training-kit/.venv-airflow/lib/python3.10/site-packages/airflow/example_dags/example_branch_python_dop_operator_3.py took 0.065 seconds
[2025-12-26T22:33:49.062+0530] {processor.py:161} INFO - Started process (PID=7561) to work on /home/sathya/projects/training-kit/.venv-airflow/lib/python3.10/site-packages/airflow/example_dags/example_branch_python_dop_operator_3.py
[2025-12-26T22:33:49.068+0530] {processor.py:830} INFO - Processing file /home/sathya/projects/training-kit/.venv-airflow/lib/python3.10/site-packages/airflow/example_dags/example_branch_python_dop_operator_3.py for tasks to queue
[2025-12-26T22:33:49.069+0530] {logging_mixin.py:188} INFO - [2025-12-26T22:33:49.069+0530] {dagbag.py:545} INFO - Filling up the DagBag from /home/sathya/projects/training-kit/.venv-airflow/lib/python3.10/site-packages/airflow/example_dags/example_branch_python_dop_operator_3.py
[2025-12-26T22:33:49.077+0530] {processor.py:840} INFO - DAG(s) 'example_branch_dop_operator_v3' retrieved from /home/sathya/projects/training-kit/.venv-airflow/lib/python3.10/site-packages/airflow/example_dags/example_branch_python_dop_operator_3.py
[2025-12-26T22:33:49.094+0530] {logging_mixin.py:188} INFO - [2025-12-26T22:33:49.094+0530] {dag.py:3089} INFO - Sync 1 DAGs
[2025-12-26T22:33:49.113+0530] {logging_mixin.py:188} INFO - [2025-12-26T22:33:49.113+0530] {dag.py:3947} INFO - Setting next_dagrun for example_branch_dop_operator_v3 to 2025-12-26 17:03:00+00:00, run_after=2025-12-26 17:04:00+00:00
[2025-12-26T22:33:49.138+0530] {processor.py:183} INFO - Processing /home/sathya/projects/training-kit/.venv-airflow/lib/python3.10/site-packages/airflow/example_dags/example_branch_python_dop_operator_3.py took 0.082 seconds
[2025-12-26T22:40:02.972+0530] {processor.py:161} INFO - Started process (PID=8297) to work on /home/sathya/projects/training-kit/.venv-airflow/lib/python3.10/site-packages/airflow/example_dags/example_branch_python_dop_operator_3.py
[2025-12-26T22:40:02.973+0530] {processor.py:830} INFO - Processing file /home/sathya/projects/training-kit/.venv-airflow/lib/python3.10/site-packages/airflow/example_dags/example_branch_python_dop_operator_3.py for tasks to queue
[2025-12-26T22:40:02.975+0530] {logging_mixin.py:188} INFO - [2025-12-26T22:40:02.974+0530] {dagbag.py:545} INFO - Filling up the DagBag from /home/sathya/projects/training-kit/.venv-airflow/lib/python3.10/site-packages/airflow/example_dags/example_branch_python_dop_operator_3.py
[2025-12-26T22:40:02.983+0530] {processor.py:840} INFO - DAG(s) 'example_branch_dop_operator_v3' retrieved from /home/sathya/projects/training-kit/.venv-airflow/lib/python3.10/site-packages/airflow/example_dags/example_branch_python_dop_operator_3.py
[2025-12-26T22:40:02.996+0530] {logging_mixin.py:188} INFO - [2025-12-26T22:40:02.996+0530] {dag.py:3089} INFO - Sync 1 DAGs
[2025-12-26T22:40:03.015+0530] {logging_mixin.py:188} INFO - [2025-12-26T22:40:03.014+0530] {dag.py:3947} INFO - Setting next_dagrun for example_branch_dop_operator_v3 to 2025-12-26 17:09:00+00:00, run_after=2025-12-26 17:10:00+00:00
[2025-12-26T22:40:03.035+0530] {processor.py:183} INFO - Processing /home/sathya/projects/training-kit/.venv-airflow/lib/python3.10/site-packages/airflow/example_dags/example_branch_python_dop_operator_3.py took 0.068 seconds
[2025-12-26T22:45:41.116+0530] {processor.py:161} INFO - Started process (PID=8976) to work on /home/sathya/projects/training-kit/.venv-airflow/lib/python3.10/site-packages/airflow/example_dags/example_branch_python_dop_operator_3.py
[2025-12-26T22:45:41.122+0530] {processor.py:830} INFO - Processing file /home/sathya/projects/training-kit/.venv-airflow/lib/python3.10/site-packages/airflow/example_dags/example_branch_python_dop_operator_3.py for tasks to queue
[2025-12-26T22:45:41.124+0530] {logging_mixin.py:188} INFO - [2025-12-26T22:45:41.123+0530] {dagbag.py:545} INFO - Filling up the DagBag from /home/sathya/projects/training-kit/.venv-airflow/lib/python3.10/site-packages/airflow/example_dags/example_branch_python_dop_operator_3.py
[2025-12-26T22:45:41.132+0530] {processor.py:840} INFO - DAG(s) 'example_branch_dop_operator_v3' retrieved from /home/sathya/projects/training-kit/.venv-airflow/lib/python3.10/site-packages/airflow/example_dags/example_branch_python_dop_operator_3.py
[2025-12-26T22:45:41.143+0530] {logging_mixin.py:188} INFO - [2025-12-26T22:45:41.143+0530] {dag.py:3089} INFO - Sync 1 DAGs
[2025-12-26T22:45:41.158+0530] {logging_mixin.py:188} INFO - [2025-12-26T22:45:41.158+0530] {dag.py:3947} INFO - Setting next_dagrun for example_branch_dop_operator_v3 to 2025-12-26 17:15:00+00:00, run_after=2025-12-26 17:16:00+00:00
[2025-12-26T22:45:41.177+0530] {processor.py:183} INFO - Processing /home/sathya/projects/training-kit/.venv-airflow/lib/python3.10/site-packages/airflow/example_dags/example_branch_python_dop_operator_3.py took 0.066 seconds
[2025-12-26T22:50:41.208+0530] {processor.py:161} INFO - Started process (PID=9609) to work on /home/sathya/projects/training-kit/.venv-airflow/lib/python3.10/site-packages/airflow/example_dags/example_branch_python_dop_operator_3.py
[2025-12-26T22:50:41.214+0530] {processor.py:830} INFO - Processing file /home/sathya/projects/training-kit/.venv-airflow/lib/python3.10/site-packages/airflow/example_dags/example_branch_python_dop_operator_3.py for tasks to queue
[2025-12-26T22:50:41.216+0530] {logging_mixin.py:188} INFO - [2025-12-26T22:50:41.215+0530] {dagbag.py:545} INFO - Filling up the DagBag from /home/sathya/projects/training-kit/.venv-airflow/lib/python3.10/site-packages/airflow/example_dags/example_branch_python_dop_operator_3.py
[2025-12-26T22:50:41.227+0530] {processor.py:840} INFO - DAG(s) 'example_branch_dop_operator_v3' retrieved from /home/sathya/projects/training-kit/.venv-airflow/lib/python3.10/site-packages/airflow/example_dags/example_branch_python_dop_operator_3.py
[2025-12-26T22:50:41.294+0530] {logging_mixin.py:188} INFO - [2025-12-26T22:50:41.292+0530] {dag.py:3089} INFO - Sync 1 DAGs
[2025-12-26T22:50:41.433+0530] {logging_mixin.py:188} INFO - [2025-12-26T22:50:41.432+0530] {dag.py:3947} INFO - Setting next_dagrun for example_branch_dop_operator_v3 to 2025-12-26 17:20:00+00:00, run_after=2025-12-26 17:21:00+00:00
[2025-12-26T22:50:41.508+0530] {processor.py:183} INFO - Processing /home/sathya/projects/training-kit/.venv-airflow/lib/python3.10/site-packages/airflow/example_dags/example_branch_python_dop_operator_3.py took 0.311 seconds
[2025-12-26T22:56:33.102+0530] {processor.py:161} INFO - Started process (PID=10277) to work on /home/sathya/projects/training-kit/.venv-airflow/lib/python3.10/site-packages/airflow/example_dags/example_branch_python_dop_operator_3.py
[2025-12-26T22:56:33.104+0530] {processor.py:830} INFO - Processing file /home/sathya/projects/training-kit/.venv-airflow/lib/python3.10/site-packages/airflow/example_dags/example_branch_python_dop_operator_3.py for tasks to queue
[2025-12-26T22:56:33.111+0530] {logging_mixin.py:188} INFO - [2025-12-26T22:56:33.110+0530] {dagbag.py:545} INFO - Filling up the DagBag from /home/sathya/projects/training-kit/.venv-airflow/lib/python3.10/site-packages/airflow/example_dags/example_branch_python_dop_operator_3.py
[2025-12-26T22:56:33.119+0530] {processor.py:840} INFO - DAG(s) 'example_branch_dop_operator_v3' retrieved from /home/sathya/projects/training-kit/.venv-airflow/lib/python3.10/site-packages/airflow/example_dags/example_branch_python_dop_operator_3.py
[2025-12-26T22:56:33.138+0530] {logging_mixin.py:188} INFO - [2025-12-26T22:56:33.138+0530] {dag.py:3089} INFO - Sync 1 DAGs
[2025-12-26T22:56:33.158+0530] {logging_mixin.py:188} INFO - [2025-12-26T22:56:33.158+0530] {dag.py:3947} INFO - Setting next_dagrun for example_branch_dop_operator_v3 to 2025-12-26 17:26:00+00:00, run_after=2025-12-26 17:27:00+00:00
[2025-12-26T22:56:33.184+0530] {processor.py:183} INFO - Processing /home/sathya/projects/training-kit/.venv-airflow/lib/python3.10/site-packages/airflow/example_dags/example_branch_python_dop_operator_3.py took 0.088 seconds
[2025-12-26T23:04:38.902+0530] {processor.py:161} INFO - Started process (PID=11056) to work on /home/sathya/projects/training-kit/.venv-airflow/lib/python3.10/site-packages/airflow/example_dags/example_branch_python_dop_operator_3.py
[2025-12-26T23:04:38.904+0530] {processor.py:830} INFO - Processing file /home/sathya/projects/training-kit/.venv-airflow/lib/python3.10/site-packages/airflow/example_dags/example_branch_python_dop_operator_3.py for tasks to queue
[2025-12-26T23:04:38.906+0530] {logging_mixin.py:188} INFO - [2025-12-26T23:04:38.905+0530] {dagbag.py:545} INFO - Filling up the DagBag from /home/sathya/projects/training-kit/.venv-airflow/lib/python3.10/site-packages/airflow/example_dags/example_branch_python_dop_operator_3.py
[2025-12-26T23:04:38.918+0530] {processor.py:840} INFO - DAG(s) 'example_branch_dop_operator_v3' retrieved from /home/sathya/projects/training-kit/.venv-airflow/lib/python3.10/site-packages/airflow/example_dags/example_branch_python_dop_operator_3.py
[2025-12-26T23:04:38.941+0530] {logging_mixin.py:188} INFO - [2025-12-26T23:04:38.941+0530] {dag.py:3089} INFO - Sync 1 DAGs
[2025-12-26T23:04:38.973+0530] {logging_mixin.py:188} INFO - [2025-12-26T23:04:38.973+0530] {dag.py:3947} INFO - Setting next_dagrun for example_branch_dop_operator_v3 to 2025-12-26 17:34:00+00:00, run_after=2025-12-26 17:35:00+00:00
[2025-12-26T23:04:39.014+0530] {processor.py:183} INFO - Processing /home/sathya/projects/training-kit/.venv-airflow/lib/python3.10/site-packages/airflow/example_dags/example_branch_python_dop_operator_3.py took 0.121 seconds
[2025-12-26T23:10:28.594+0530] {processor.py:161} INFO - Started process (PID=11730) to work on /home/sathya/projects/training-kit/.venv-airflow/lib/python3.10/site-packages/airflow/example_dags/example_branch_python_dop_operator_3.py
[2025-12-26T23:10:28.595+0530] {processor.py:830} INFO - Processing file /home/sathya/projects/training-kit/.venv-airflow/lib/python3.10/site-packages/airflow/example_dags/example_branch_python_dop_operator_3.py for tasks to queue
[2025-12-26T23:10:28.597+0530] {logging_mixin.py:188} INFO - [2025-12-26T23:10:28.597+0530] {dagbag.py:545} INFO - Filling up the DagBag from /home/sathya/projects/training-kit/.venv-airflow/lib/python3.10/site-packages/airflow/example_dags/example_branch_python_dop_operator_3.py
[2025-12-26T23:10:28.607+0530] {processor.py:840} INFO - DAG(s) 'example_branch_dop_operator_v3' retrieved from /home/sathya/projects/training-kit/.venv-airflow/lib/python3.10/site-packages/airflow/example_dags/example_branch_python_dop_operator_3.py
[2025-12-26T23:10:28.621+0530] {logging_mixin.py:188} INFO - [2025-12-26T23:10:28.621+0530] {dag.py:3089} INFO - Sync 1 DAGs
[2025-12-26T23:10:28.642+0530] {logging_mixin.py:188} INFO - [2025-12-26T23:10:28.642+0530] {dag.py:3947} INFO - Setting next_dagrun for example_branch_dop_operator_v3 to 2025-12-26 17:40:00+00:00, run_after=2025-12-26 17:41:00+00:00
[2025-12-26T23:10:28.664+0530] {processor.py:183} INFO - Processing /home/sathya/projects/training-kit/.venv-airflow/lib/python3.10/site-packages/airflow/example_dags/example_branch_python_dop_operator_3.py took 0.079 seconds
