[2025-12-26T21:52:21.010+0530] {processor.py:161} INFO - Started process (PID=1257) to work on /home/sathya/projects/training-kit/.venv-airflow/lib/python3.10/site-packages/airflow/example_dags/example_time_delta_sensor_async.py
[2025-12-26T21:52:21.012+0530] {processor.py:830} INFO - Processing file /home/sathya/projects/training-kit/.venv-airflow/lib/python3.10/site-packages/airflow/example_dags/example_time_delta_sensor_async.py for tasks to queue
[2025-12-26T21:52:21.014+0530] {logging_mixin.py:188} INFO - [2025-12-26T21:52:21.013+0530] {dagbag.py:545} INFO - Filling up the DagBag from /home/sathya/projects/training-kit/.venv-airflow/lib/python3.10/site-packages/airflow/example_dags/example_time_delta_sensor_async.py
[2025-12-26T21:52:21.020+0530] {processor.py:840} INFO - DAG(s) 'example_time_delta_sensor_async' retrieved from /home/sathya/projects/training-kit/.venv-airflow/lib/python3.10/site-packages/airflow/example_dags/example_time_delta_sensor_async.py
[2025-12-26T21:52:21.053+0530] {logging_mixin.py:188} INFO - [2025-12-26T21:52:21.052+0530] {dag.py:3089} INFO - Sync 1 DAGs
[2025-12-26T21:52:21.068+0530] {logging_mixin.py:188} INFO - [2025-12-26T21:52:21.068+0530] {dag.py:3947} INFO - Setting next_dagrun for example_time_delta_sensor_async to None, run_after=None
[2025-12-26T21:52:21.109+0530] {processor.py:183} INFO - Processing /home/sathya/projects/training-kit/.venv-airflow/lib/python3.10/site-packages/airflow/example_dags/example_time_delta_sensor_async.py took 0.106 seconds
[2025-12-26T21:53:14.723+0530] {processor.py:161} INFO - Started process (PID=1389) to work on /home/sathya/projects/training-kit/.venv-airflow/lib/python3.10/site-packages/airflow/example_dags/example_time_delta_sensor_async.py
[2025-12-26T21:53:14.730+0530] {processor.py:830} INFO - Processing file /home/sathya/projects/training-kit/.venv-airflow/lib/python3.10/site-packages/airflow/example_dags/example_time_delta_sensor_async.py for tasks to queue
[2025-12-26T21:53:14.731+0530] {logging_mixin.py:188} INFO - [2025-12-26T21:53:14.731+0530] {dagbag.py:545} INFO - Filling up the DagBag from /home/sathya/projects/training-kit/.venv-airflow/lib/python3.10/site-packages/airflow/example_dags/example_time_delta_sensor_async.py
[2025-12-26T21:53:14.736+0530] {processor.py:840} INFO - DAG(s) 'example_time_delta_sensor_async' retrieved from /home/sathya/projects/training-kit/.venv-airflow/lib/python3.10/site-packages/airflow/example_dags/example_time_delta_sensor_async.py
[2025-12-26T21:53:14.756+0530] {logging_mixin.py:188} INFO - [2025-12-26T21:53:14.756+0530] {dag.py:3089} INFO - Sync 1 DAGs
[2025-12-26T21:53:14.766+0530] {logging_mixin.py:188} INFO - [2025-12-26T21:53:14.766+0530] {dag.py:3947} INFO - Setting next_dagrun for example_time_delta_sensor_async to None, run_after=None
[2025-12-26T21:53:14.790+0530] {processor.py:183} INFO - Processing /home/sathya/projects/training-kit/.venv-airflow/lib/python3.10/site-packages/airflow/example_dags/example_time_delta_sensor_async.py took 0.073 seconds
[2025-12-26T21:54:04.195+0530] {processor.py:161} INFO - Started process (PID=1512) to work on /home/sathya/projects/training-kit/.venv-airflow/lib/python3.10/site-packages/airflow/example_dags/example_time_delta_sensor_async.py
[2025-12-26T21:54:04.202+0530] {processor.py:830} INFO - Processing file /home/sathya/projects/training-kit/.venv-airflow/lib/python3.10/site-packages/airflow/example_dags/example_time_delta_sensor_async.py for tasks to queue
[2025-12-26T21:54:04.206+0530] {logging_mixin.py:188} INFO - [2025-12-26T21:54:04.205+0530] {dagbag.py:545} INFO - Filling up the DagBag from /home/sathya/projects/training-kit/.venv-airflow/lib/python3.10/site-packages/airflow/example_dags/example_time_delta_sensor_async.py
[2025-12-26T21:54:04.212+0530] {processor.py:840} INFO - DAG(s) 'example_time_delta_sensor_async' retrieved from /home/sathya/projects/training-kit/.venv-airflow/lib/python3.10/site-packages/airflow/example_dags/example_time_delta_sensor_async.py
[2025-12-26T21:54:04.351+0530] {logging_mixin.py:188} INFO - [2025-12-26T21:54:04.351+0530] {dag.py:3089} INFO - Sync 1 DAGs
[2025-12-26T21:54:04.377+0530] {logging_mixin.py:188} INFO - [2025-12-26T21:54:04.377+0530] {dag.py:3947} INFO - Setting next_dagrun for example_time_delta_sensor_async to None, run_after=None
[2025-12-26T21:54:04.408+0530] {processor.py:183} INFO - Processing /home/sathya/projects/training-kit/.venv-airflow/lib/python3.10/site-packages/airflow/example_dags/example_time_delta_sensor_async.py took 0.226 seconds
[2025-12-26T21:54:55.767+0530] {processor.py:161} INFO - Started process (PID=1616) to work on /home/sathya/projects/training-kit/.venv-airflow/lib/python3.10/site-packages/airflow/example_dags/example_time_delta_sensor_async.py
[2025-12-26T21:54:55.773+0530] {processor.py:830} INFO - Processing file /home/sathya/projects/training-kit/.venv-airflow/lib/python3.10/site-packages/airflow/example_dags/example_time_delta_sensor_async.py for tasks to queue
[2025-12-26T21:54:55.776+0530] {logging_mixin.py:188} INFO - [2025-12-26T21:54:55.776+0530] {dagbag.py:545} INFO - Filling up the DagBag from /home/sathya/projects/training-kit/.venv-airflow/lib/python3.10/site-packages/airflow/example_dags/example_time_delta_sensor_async.py
[2025-12-26T21:54:55.783+0530] {processor.py:840} INFO - DAG(s) 'example_time_delta_sensor_async' retrieved from /home/sathya/projects/training-kit/.venv-airflow/lib/python3.10/site-packages/airflow/example_dags/example_time_delta_sensor_async.py
[2025-12-26T21:54:55.805+0530] {logging_mixin.py:188} INFO - [2025-12-26T21:54:55.804+0530] {dag.py:3089} INFO - Sync 1 DAGs
[2025-12-26T21:54:55.819+0530] {logging_mixin.py:188} INFO - [2025-12-26T21:54:55.818+0530] {dag.py:3947} INFO - Setting next_dagrun for example_time_delta_sensor_async to None, run_after=None
[2025-12-26T21:54:55.852+0530] {processor.py:183} INFO - Processing /home/sathya/projects/training-kit/.venv-airflow/lib/python3.10/site-packages/airflow/example_dags/example_time_delta_sensor_async.py took 0.094 seconds
[2025-12-26T21:55:15.327+0530] {processor.py:161} INFO - Started process (PID=1678) to work on /home/sathya/projects/training-kit/.venv-airflow/lib/python3.10/site-packages/airflow/example_dags/example_time_delta_sensor_async.py
[2025-12-26T21:55:15.333+0530] {processor.py:830} INFO - Processing file /home/sathya/projects/training-kit/.venv-airflow/lib/python3.10/site-packages/airflow/example_dags/example_time_delta_sensor_async.py for tasks to queue
[2025-12-26T21:55:15.335+0530] {logging_mixin.py:188} INFO - [2025-12-26T21:55:15.334+0530] {dagbag.py:545} INFO - Filling up the DagBag from /home/sathya/projects/training-kit/.venv-airflow/lib/python3.10/site-packages/airflow/example_dags/example_time_delta_sensor_async.py
[2025-12-26T21:55:15.341+0530] {processor.py:840} INFO - DAG(s) 'example_time_delta_sensor_async' retrieved from /home/sathya/projects/training-kit/.venv-airflow/lib/python3.10/site-packages/airflow/example_dags/example_time_delta_sensor_async.py
[2025-12-26T21:55:15.372+0530] {logging_mixin.py:188} INFO - [2025-12-26T21:55:15.372+0530] {dag.py:3089} INFO - Sync 1 DAGs
[2025-12-26T21:55:15.387+0530] {logging_mixin.py:188} INFO - [2025-12-26T21:55:15.386+0530] {dag.py:3947} INFO - Setting next_dagrun for example_time_delta_sensor_async to None, run_after=None
[2025-12-26T21:55:15.416+0530] {processor.py:183} INFO - Processing /home/sathya/projects/training-kit/.venv-airflow/lib/python3.10/site-packages/airflow/example_dags/example_time_delta_sensor_async.py took 0.099 seconds
[2025-12-26T21:55:41.556+0530] {processor.py:161} INFO - Started process (PID=1755) to work on /home/sathya/projects/training-kit/.venv-airflow/lib/python3.10/site-packages/airflow/example_dags/example_time_delta_sensor_async.py
[2025-12-26T21:55:41.562+0530] {processor.py:830} INFO - Processing file /home/sathya/projects/training-kit/.venv-airflow/lib/python3.10/site-packages/airflow/example_dags/example_time_delta_sensor_async.py for tasks to queue
[2025-12-26T21:55:41.564+0530] {logging_mixin.py:188} INFO - [2025-12-26T21:55:41.564+0530] {dagbag.py:545} INFO - Filling up the DagBag from /home/sathya/projects/training-kit/.venv-airflow/lib/python3.10/site-packages/airflow/example_dags/example_time_delta_sensor_async.py
[2025-12-26T21:55:41.570+0530] {processor.py:840} INFO - DAG(s) 'example_time_delta_sensor_async' retrieved from /home/sathya/projects/training-kit/.venv-airflow/lib/python3.10/site-packages/airflow/example_dags/example_time_delta_sensor_async.py
[2025-12-26T21:55:41.595+0530] {logging_mixin.py:188} INFO - [2025-12-26T21:55:41.595+0530] {dag.py:3089} INFO - Sync 1 DAGs
[2025-12-26T21:55:41.608+0530] {logging_mixin.py:188} INFO - [2025-12-26T21:55:41.607+0530] {dag.py:3947} INFO - Setting next_dagrun for example_time_delta_sensor_async to None, run_after=None
[2025-12-26T21:55:41.670+0530] {processor.py:183} INFO - Processing /home/sathya/projects/training-kit/.venv-airflow/lib/python3.10/site-packages/airflow/example_dags/example_time_delta_sensor_async.py took 0.125 seconds
[2025-12-26T21:56:10.893+0530] {processor.py:161} INFO - Started process (PID=1841) to work on /home/sathya/projects/training-kit/.venv-airflow/lib/python3.10/site-packages/airflow/example_dags/example_time_delta_sensor_async.py
[2025-12-26T21:56:10.895+0530] {processor.py:830} INFO - Processing file /home/sathya/projects/training-kit/.venv-airflow/lib/python3.10/site-packages/airflow/example_dags/example_time_delta_sensor_async.py for tasks to queue
[2025-12-26T21:56:10.897+0530] {logging_mixin.py:188} INFO - [2025-12-26T21:56:10.896+0530] {dagbag.py:545} INFO - Filling up the DagBag from /home/sathya/projects/training-kit/.venv-airflow/lib/python3.10/site-packages/airflow/example_dags/example_time_delta_sensor_async.py
[2025-12-26T21:56:10.901+0530] {processor.py:840} INFO - DAG(s) 'example_time_delta_sensor_async' retrieved from /home/sathya/projects/training-kit/.venv-airflow/lib/python3.10/site-packages/airflow/example_dags/example_time_delta_sensor_async.py
[2025-12-26T21:56:10.915+0530] {logging_mixin.py:188} INFO - [2025-12-26T21:56:10.914+0530] {dag.py:3089} INFO - Sync 1 DAGs
[2025-12-26T21:56:10.924+0530] {logging_mixin.py:188} INFO - [2025-12-26T21:56:10.924+0530] {dag.py:3947} INFO - Setting next_dagrun for example_time_delta_sensor_async to None, run_after=None
[2025-12-26T21:56:10.949+0530] {processor.py:183} INFO - Processing /home/sathya/projects/training-kit/.venv-airflow/lib/python3.10/site-packages/airflow/example_dags/example_time_delta_sensor_async.py took 0.062 seconds
[2025-12-26T21:56:36.766+0530] {processor.py:161} INFO - Started process (PID=1914) to work on /home/sathya/projects/training-kit/.venv-airflow/lib/python3.10/site-packages/airflow/example_dags/example_time_delta_sensor_async.py
[2025-12-26T21:56:36.768+0530] {processor.py:830} INFO - Processing file /home/sathya/projects/training-kit/.venv-airflow/lib/python3.10/site-packages/airflow/example_dags/example_time_delta_sensor_async.py for tasks to queue
[2025-12-26T21:56:36.770+0530] {logging_mixin.py:188} INFO - [2025-12-26T21:56:36.770+0530] {dagbag.py:545} INFO - Filling up the DagBag from /home/sathya/projects/training-kit/.venv-airflow/lib/python3.10/site-packages/airflow/example_dags/example_time_delta_sensor_async.py
[2025-12-26T21:56:36.776+0530] {processor.py:840} INFO - DAG(s) 'example_time_delta_sensor_async' retrieved from /home/sathya/projects/training-kit/.venv-airflow/lib/python3.10/site-packages/airflow/example_dags/example_time_delta_sensor_async.py
[2025-12-26T21:56:36.797+0530] {logging_mixin.py:188} INFO - [2025-12-26T21:56:36.797+0530] {dag.py:3089} INFO - Sync 1 DAGs
[2025-12-26T21:56:36.814+0530] {logging_mixin.py:188} INFO - [2025-12-26T21:56:36.814+0530] {dag.py:3947} INFO - Setting next_dagrun for example_time_delta_sensor_async to None, run_after=None
[2025-12-26T21:56:36.875+0530] {processor.py:183} INFO - Processing /home/sathya/projects/training-kit/.venv-airflow/lib/python3.10/site-packages/airflow/example_dags/example_time_delta_sensor_async.py took 0.115 seconds
[2025-12-26T21:57:05.076+0530] {processor.py:161} INFO - Started process (PID=1996) to work on /home/sathya/projects/training-kit/.venv-airflow/lib/python3.10/site-packages/airflow/example_dags/example_time_delta_sensor_async.py
[2025-12-26T21:57:05.078+0530] {processor.py:830} INFO - Processing file /home/sathya/projects/training-kit/.venv-airflow/lib/python3.10/site-packages/airflow/example_dags/example_time_delta_sensor_async.py for tasks to queue
[2025-12-26T21:57:05.080+0530] {logging_mixin.py:188} INFO - [2025-12-26T21:57:05.080+0530] {dagbag.py:545} INFO - Filling up the DagBag from /home/sathya/projects/training-kit/.venv-airflow/lib/python3.10/site-packages/airflow/example_dags/example_time_delta_sensor_async.py
[2025-12-26T21:57:05.088+0530] {processor.py:840} INFO - DAG(s) 'example_time_delta_sensor_async' retrieved from /home/sathya/projects/training-kit/.venv-airflow/lib/python3.10/site-packages/airflow/example_dags/example_time_delta_sensor_async.py
[2025-12-26T21:57:05.247+0530] {logging_mixin.py:188} INFO - [2025-12-26T21:57:05.247+0530] {dag.py:3089} INFO - Sync 1 DAGs
[2025-12-26T21:57:05.269+0530] {logging_mixin.py:188} INFO - [2025-12-26T21:57:05.269+0530] {dag.py:3947} INFO - Setting next_dagrun for example_time_delta_sensor_async to None, run_after=None
[2025-12-26T21:57:05.311+0530] {processor.py:183} INFO - Processing /home/sathya/projects/training-kit/.venv-airflow/lib/python3.10/site-packages/airflow/example_dags/example_time_delta_sensor_async.py took 0.250 seconds
[2025-12-26T21:57:29.902+0530] {processor.py:161} INFO - Started process (PID=2063) to work on /home/sathya/projects/training-kit/.venv-airflow/lib/python3.10/site-packages/airflow/example_dags/example_time_delta_sensor_async.py
[2025-12-26T21:57:29.904+0530] {processor.py:830} INFO - Processing file /home/sathya/projects/training-kit/.venv-airflow/lib/python3.10/site-packages/airflow/example_dags/example_time_delta_sensor_async.py for tasks to queue
[2025-12-26T21:57:29.907+0530] {logging_mixin.py:188} INFO - [2025-12-26T21:57:29.906+0530] {dagbag.py:545} INFO - Filling up the DagBag from /home/sathya/projects/training-kit/.venv-airflow/lib/python3.10/site-packages/airflow/example_dags/example_time_delta_sensor_async.py
[2025-12-26T21:57:29.915+0530] {processor.py:840} INFO - DAG(s) 'example_time_delta_sensor_async' retrieved from /home/sathya/projects/training-kit/.venv-airflow/lib/python3.10/site-packages/airflow/example_dags/example_time_delta_sensor_async.py
[2025-12-26T21:57:29.941+0530] {logging_mixin.py:188} INFO - [2025-12-26T21:57:29.941+0530] {dag.py:3089} INFO - Sync 1 DAGs
[2025-12-26T21:57:29.957+0530] {logging_mixin.py:188} INFO - [2025-12-26T21:57:29.957+0530] {dag.py:3947} INFO - Setting next_dagrun for example_time_delta_sensor_async to None, run_after=None
[2025-12-26T21:57:30.002+0530] {processor.py:183} INFO - Processing /home/sathya/projects/training-kit/.venv-airflow/lib/python3.10/site-packages/airflow/example_dags/example_time_delta_sensor_async.py took 0.111 seconds
[2025-12-26T21:58:01.688+0530] {processor.py:161} INFO - Started process (PID=2171) to work on /home/sathya/projects/training-kit/.venv-airflow/lib/python3.10/site-packages/airflow/example_dags/example_time_delta_sensor_async.py
[2025-12-26T21:58:01.695+0530] {processor.py:830} INFO - Processing file /home/sathya/projects/training-kit/.venv-airflow/lib/python3.10/site-packages/airflow/example_dags/example_time_delta_sensor_async.py for tasks to queue
[2025-12-26T21:58:01.698+0530] {logging_mixin.py:188} INFO - [2025-12-26T21:58:01.697+0530] {dagbag.py:545} INFO - Filling up the DagBag from /home/sathya/projects/training-kit/.venv-airflow/lib/python3.10/site-packages/airflow/example_dags/example_time_delta_sensor_async.py
[2025-12-26T21:58:01.703+0530] {processor.py:840} INFO - DAG(s) 'example_time_delta_sensor_async' retrieved from /home/sathya/projects/training-kit/.venv-airflow/lib/python3.10/site-packages/airflow/example_dags/example_time_delta_sensor_async.py
[2025-12-26T21:58:01.724+0530] {logging_mixin.py:188} INFO - [2025-12-26T21:58:01.724+0530] {dag.py:3089} INFO - Sync 1 DAGs
[2025-12-26T21:58:01.738+0530] {logging_mixin.py:188} INFO - [2025-12-26T21:58:01.737+0530] {dag.py:3947} INFO - Setting next_dagrun for example_time_delta_sensor_async to None, run_after=None
[2025-12-26T21:58:01.766+0530] {processor.py:183} INFO - Processing /home/sathya/projects/training-kit/.venv-airflow/lib/python3.10/site-packages/airflow/example_dags/example_time_delta_sensor_async.py took 0.085 seconds
[2025-12-26T21:58:13.660+0530] {processor.py:161} INFO - Started process (PID=2205) to work on /home/sathya/projects/training-kit/.venv-airflow/lib/python3.10/site-packages/airflow/example_dags/example_time_delta_sensor_async.py
[2025-12-26T21:58:13.666+0530] {processor.py:830} INFO - Processing file /home/sathya/projects/training-kit/.venv-airflow/lib/python3.10/site-packages/airflow/example_dags/example_time_delta_sensor_async.py for tasks to queue
[2025-12-26T21:58:13.669+0530] {logging_mixin.py:188} INFO - [2025-12-26T21:58:13.669+0530] {dagbag.py:545} INFO - Filling up the DagBag from /home/sathya/projects/training-kit/.venv-airflow/lib/python3.10/site-packages/airflow/example_dags/example_time_delta_sensor_async.py
[2025-12-26T21:58:13.675+0530] {processor.py:840} INFO - DAG(s) 'example_time_delta_sensor_async' retrieved from /home/sathya/projects/training-kit/.venv-airflow/lib/python3.10/site-packages/airflow/example_dags/example_time_delta_sensor_async.py
[2025-12-26T21:58:13.696+0530] {logging_mixin.py:188} INFO - [2025-12-26T21:58:13.696+0530] {dag.py:3089} INFO - Sync 1 DAGs
[2025-12-26T21:58:13.717+0530] {logging_mixin.py:188} INFO - [2025-12-26T21:58:13.716+0530] {dag.py:3947} INFO - Setting next_dagrun for example_time_delta_sensor_async to None, run_after=None
[2025-12-26T21:58:13.749+0530] {processor.py:183} INFO - Processing /home/sathya/projects/training-kit/.venv-airflow/lib/python3.10/site-packages/airflow/example_dags/example_time_delta_sensor_async.py took 0.107 seconds
[2025-12-26T21:58:47.772+0530] {processor.py:161} INFO - Started process (PID=2320) to work on /home/sathya/projects/training-kit/.venv-airflow/lib/python3.10/site-packages/airflow/example_dags/example_time_delta_sensor_async.py
[2025-12-26T21:58:47.779+0530] {processor.py:830} INFO - Processing file /home/sathya/projects/training-kit/.venv-airflow/lib/python3.10/site-packages/airflow/example_dags/example_time_delta_sensor_async.py for tasks to queue
[2025-12-26T21:58:47.782+0530] {logging_mixin.py:188} INFO - [2025-12-26T21:58:47.782+0530] {dagbag.py:545} INFO - Filling up the DagBag from /home/sathya/projects/training-kit/.venv-airflow/lib/python3.10/site-packages/airflow/example_dags/example_time_delta_sensor_async.py
[2025-12-26T21:58:47.790+0530] {processor.py:840} INFO - DAG(s) 'example_time_delta_sensor_async' retrieved from /home/sathya/projects/training-kit/.venv-airflow/lib/python3.10/site-packages/airflow/example_dags/example_time_delta_sensor_async.py
[2025-12-26T21:58:47.807+0530] {logging_mixin.py:188} INFO - [2025-12-26T21:58:47.807+0530] {dag.py:3089} INFO - Sync 1 DAGs
[2025-12-26T21:58:47.823+0530] {logging_mixin.py:188} INFO - [2025-12-26T21:58:47.822+0530] {dag.py:3947} INFO - Setting next_dagrun for example_time_delta_sensor_async to None, run_after=None
[2025-12-26T21:58:47.847+0530] {processor.py:183} INFO - Processing /home/sathya/projects/training-kit/.venv-airflow/lib/python3.10/site-packages/airflow/example_dags/example_time_delta_sensor_async.py took 0.086 seconds
[2025-12-26T21:59:03.135+0530] {processor.py:161} INFO - Started process (PID=2361) to work on /home/sathya/projects/training-kit/.venv-airflow/lib/python3.10/site-packages/airflow/example_dags/example_time_delta_sensor_async.py
[2025-12-26T21:59:03.142+0530] {processor.py:830} INFO - Processing file /home/sathya/projects/training-kit/.venv-airflow/lib/python3.10/site-packages/airflow/example_dags/example_time_delta_sensor_async.py for tasks to queue
[2025-12-26T21:59:03.144+0530] {logging_mixin.py:188} INFO - [2025-12-26T21:59:03.144+0530] {dagbag.py:545} INFO - Filling up the DagBag from /home/sathya/projects/training-kit/.venv-airflow/lib/python3.10/site-packages/airflow/example_dags/example_time_delta_sensor_async.py
[2025-12-26T21:59:03.153+0530] {processor.py:840} INFO - DAG(s) 'example_time_delta_sensor_async' retrieved from /home/sathya/projects/training-kit/.venv-airflow/lib/python3.10/site-packages/airflow/example_dags/example_time_delta_sensor_async.py
[2025-12-26T21:59:03.170+0530] {logging_mixin.py:188} INFO - [2025-12-26T21:59:03.170+0530] {dag.py:3089} INFO - Sync 1 DAGs
[2025-12-26T21:59:03.182+0530] {logging_mixin.py:188} INFO - [2025-12-26T21:59:03.182+0530] {dag.py:3947} INFO - Setting next_dagrun for example_time_delta_sensor_async to None, run_after=None
[2025-12-26T21:59:03.211+0530] {processor.py:183} INFO - Processing /home/sathya/projects/training-kit/.venv-airflow/lib/python3.10/site-packages/airflow/example_dags/example_time_delta_sensor_async.py took 0.088 seconds
[2025-12-26T21:59:34.390+0530] {processor.py:161} INFO - Started process (PID=2456) to work on /home/sathya/projects/training-kit/.venv-airflow/lib/python3.10/site-packages/airflow/example_dags/example_time_delta_sensor_async.py
[2025-12-26T21:59:34.397+0530] {processor.py:830} INFO - Processing file /home/sathya/projects/training-kit/.venv-airflow/lib/python3.10/site-packages/airflow/example_dags/example_time_delta_sensor_async.py for tasks to queue
[2025-12-26T21:59:34.399+0530] {logging_mixin.py:188} INFO - [2025-12-26T21:59:34.399+0530] {dagbag.py:545} INFO - Filling up the DagBag from /home/sathya/projects/training-kit/.venv-airflow/lib/python3.10/site-packages/airflow/example_dags/example_time_delta_sensor_async.py
[2025-12-26T21:59:34.407+0530] {processor.py:840} INFO - DAG(s) 'example_time_delta_sensor_async' retrieved from /home/sathya/projects/training-kit/.venv-airflow/lib/python3.10/site-packages/airflow/example_dags/example_time_delta_sensor_async.py
[2025-12-26T21:59:34.425+0530] {logging_mixin.py:188} INFO - [2025-12-26T21:59:34.425+0530] {dag.py:3089} INFO - Sync 1 DAGs
[2025-12-26T21:59:34.439+0530] {logging_mixin.py:188} INFO - [2025-12-26T21:59:34.439+0530] {dag.py:3947} INFO - Setting next_dagrun for example_time_delta_sensor_async to None, run_after=None
[2025-12-26T21:59:34.469+0530] {processor.py:183} INFO - Processing /home/sathya/projects/training-kit/.venv-airflow/lib/python3.10/site-packages/airflow/example_dags/example_time_delta_sensor_async.py took 0.090 seconds
[2025-12-26T21:59:50.138+0530] {processor.py:161} INFO - Started process (PID=2507) to work on /home/sathya/projects/training-kit/.venv-airflow/lib/python3.10/site-packages/airflow/example_dags/example_time_delta_sensor_async.py
[2025-12-26T21:59:50.140+0530] {processor.py:830} INFO - Processing file /home/sathya/projects/training-kit/.venv-airflow/lib/python3.10/site-packages/airflow/example_dags/example_time_delta_sensor_async.py for tasks to queue
[2025-12-26T21:59:50.142+0530] {logging_mixin.py:188} INFO - [2025-12-26T21:59:50.142+0530] {dagbag.py:545} INFO - Filling up the DagBag from /home/sathya/projects/training-kit/.venv-airflow/lib/python3.10/site-packages/airflow/example_dags/example_time_delta_sensor_async.py
[2025-12-26T21:59:50.147+0530] {processor.py:840} INFO - DAG(s) 'example_time_delta_sensor_async' retrieved from /home/sathya/projects/training-kit/.venv-airflow/lib/python3.10/site-packages/airflow/example_dags/example_time_delta_sensor_async.py
[2025-12-26T21:59:50.166+0530] {logging_mixin.py:188} INFO - [2025-12-26T21:59:50.166+0530] {dag.py:3089} INFO - Sync 1 DAGs
[2025-12-26T21:59:50.179+0530] {logging_mixin.py:188} INFO - [2025-12-26T21:59:50.178+0530] {dag.py:3947} INFO - Setting next_dagrun for example_time_delta_sensor_async to None, run_after=None
[2025-12-26T21:59:50.205+0530] {processor.py:183} INFO - Processing /home/sathya/projects/training-kit/.venv-airflow/lib/python3.10/site-packages/airflow/example_dags/example_time_delta_sensor_async.py took 0.075 seconds
[2025-12-26T22:00:16.335+0530] {processor.py:161} INFO - Started process (PID=2619) to work on /home/sathya/projects/training-kit/.venv-airflow/lib/python3.10/site-packages/airflow/example_dags/example_time_delta_sensor_async.py
[2025-12-26T22:00:16.337+0530] {processor.py:830} INFO - Processing file /home/sathya/projects/training-kit/.venv-airflow/lib/python3.10/site-packages/airflow/example_dags/example_time_delta_sensor_async.py for tasks to queue
[2025-12-26T22:00:16.339+0530] {logging_mixin.py:188} INFO - [2025-12-26T22:00:16.339+0530] {dagbag.py:545} INFO - Filling up the DagBag from /home/sathya/projects/training-kit/.venv-airflow/lib/python3.10/site-packages/airflow/example_dags/example_time_delta_sensor_async.py
[2025-12-26T22:00:16.344+0530] {processor.py:840} INFO - DAG(s) 'example_time_delta_sensor_async' retrieved from /home/sathya/projects/training-kit/.venv-airflow/lib/python3.10/site-packages/airflow/example_dags/example_time_delta_sensor_async.py
[2025-12-26T22:00:16.393+0530] {logging_mixin.py:188} INFO - [2025-12-26T22:00:16.392+0530] {dag.py:3089} INFO - Sync 1 DAGs
[2025-12-26T22:00:16.426+0530] {logging_mixin.py:188} INFO - [2025-12-26T22:00:16.425+0530] {dag.py:3947} INFO - Setting next_dagrun for example_time_delta_sensor_async to None, run_after=None
[2025-12-26T22:00:16.468+0530] {processor.py:183} INFO - Processing /home/sathya/projects/training-kit/.venv-airflow/lib/python3.10/site-packages/airflow/example_dags/example_time_delta_sensor_async.py took 0.141 seconds
[2025-12-26T22:00:37.538+0530] {processor.py:161} INFO - Started process (PID=2688) to work on /home/sathya/projects/training-kit/.venv-airflow/lib/python3.10/site-packages/airflow/example_dags/example_time_delta_sensor_async.py
[2025-12-26T22:00:37.544+0530] {processor.py:830} INFO - Processing file /home/sathya/projects/training-kit/.venv-airflow/lib/python3.10/site-packages/airflow/example_dags/example_time_delta_sensor_async.py for tasks to queue
[2025-12-26T22:00:37.548+0530] {logging_mixin.py:188} INFO - [2025-12-26T22:00:37.547+0530] {dagbag.py:545} INFO - Filling up the DagBag from /home/sathya/projects/training-kit/.venv-airflow/lib/python3.10/site-packages/airflow/example_dags/example_time_delta_sensor_async.py
[2025-12-26T22:00:37.554+0530] {processor.py:840} INFO - DAG(s) 'example_time_delta_sensor_async' retrieved from /home/sathya/projects/training-kit/.venv-airflow/lib/python3.10/site-packages/airflow/example_dags/example_time_delta_sensor_async.py
[2025-12-26T22:00:37.573+0530] {logging_mixin.py:188} INFO - [2025-12-26T22:00:37.573+0530] {dag.py:3089} INFO - Sync 1 DAGs
[2025-12-26T22:00:37.588+0530] {logging_mixin.py:188} INFO - [2025-12-26T22:00:37.587+0530] {dag.py:3947} INFO - Setting next_dagrun for example_time_delta_sensor_async to None, run_after=None
[2025-12-26T22:00:37.638+0530] {processor.py:183} INFO - Processing /home/sathya/projects/training-kit/.venv-airflow/lib/python3.10/site-packages/airflow/example_dags/example_time_delta_sensor_async.py took 0.110 seconds
[2025-12-26T22:01:07.762+0530] {processor.py:161} INFO - Started process (PID=2778) to work on /home/sathya/projects/training-kit/.venv-airflow/lib/python3.10/site-packages/airflow/example_dags/example_time_delta_sensor_async.py
[2025-12-26T22:01:07.764+0530] {processor.py:830} INFO - Processing file /home/sathya/projects/training-kit/.venv-airflow/lib/python3.10/site-packages/airflow/example_dags/example_time_delta_sensor_async.py for tasks to queue
[2025-12-26T22:01:07.765+0530] {logging_mixin.py:188} INFO - [2025-12-26T22:01:07.765+0530] {dagbag.py:545} INFO - Filling up the DagBag from /home/sathya/projects/training-kit/.venv-airflow/lib/python3.10/site-packages/airflow/example_dags/example_time_delta_sensor_async.py
[2025-12-26T22:01:07.771+0530] {processor.py:840} INFO - DAG(s) 'example_time_delta_sensor_async' retrieved from /home/sathya/projects/training-kit/.venv-airflow/lib/python3.10/site-packages/airflow/example_dags/example_time_delta_sensor_async.py
[2025-12-26T22:01:07.789+0530] {logging_mixin.py:188} INFO - [2025-12-26T22:01:07.789+0530] {dag.py:3089} INFO - Sync 1 DAGs
[2025-12-26T22:01:07.802+0530] {logging_mixin.py:188} INFO - [2025-12-26T22:01:07.802+0530] {dag.py:3947} INFO - Setting next_dagrun for example_time_delta_sensor_async to None, run_after=None
[2025-12-26T22:01:07.829+0530] {processor.py:183} INFO - Processing /home/sathya/projects/training-kit/.venv-airflow/lib/python3.10/site-packages/airflow/example_dags/example_time_delta_sensor_async.py took 0.075 seconds
[2025-12-26T22:01:26.587+0530] {processor.py:161} INFO - Started process (PID=2838) to work on /home/sathya/projects/training-kit/.venv-airflow/lib/python3.10/site-packages/airflow/example_dags/example_time_delta_sensor_async.py
[2025-12-26T22:01:26.589+0530] {processor.py:830} INFO - Processing file /home/sathya/projects/training-kit/.venv-airflow/lib/python3.10/site-packages/airflow/example_dags/example_time_delta_sensor_async.py for tasks to queue
[2025-12-26T22:01:26.593+0530] {logging_mixin.py:188} INFO - [2025-12-26T22:01:26.592+0530] {dagbag.py:545} INFO - Filling up the DagBag from /home/sathya/projects/training-kit/.venv-airflow/lib/python3.10/site-packages/airflow/example_dags/example_time_delta_sensor_async.py
[2025-12-26T22:01:26.599+0530] {processor.py:840} INFO - DAG(s) 'example_time_delta_sensor_async' retrieved from /home/sathya/projects/training-kit/.venv-airflow/lib/python3.10/site-packages/airflow/example_dags/example_time_delta_sensor_async.py
[2025-12-26T22:01:26.621+0530] {logging_mixin.py:188} INFO - [2025-12-26T22:01:26.621+0530] {dag.py:3089} INFO - Sync 1 DAGs
[2025-12-26T22:01:26.636+0530] {logging_mixin.py:188} INFO - [2025-12-26T22:01:26.636+0530] {dag.py:3947} INFO - Setting next_dagrun for example_time_delta_sensor_async to None, run_after=None
[2025-12-26T22:01:26.673+0530] {processor.py:183} INFO - Processing /home/sathya/projects/training-kit/.venv-airflow/lib/python3.10/site-packages/airflow/example_dags/example_time_delta_sensor_async.py took 0.095 seconds
[2025-12-26T22:01:54.111+0530] {processor.py:161} INFO - Started process (PID=2921) to work on /home/sathya/projects/training-kit/.venv-airflow/lib/python3.10/site-packages/airflow/example_dags/example_time_delta_sensor_async.py
[2025-12-26T22:01:54.113+0530] {processor.py:830} INFO - Processing file /home/sathya/projects/training-kit/.venv-airflow/lib/python3.10/site-packages/airflow/example_dags/example_time_delta_sensor_async.py for tasks to queue
[2025-12-26T22:01:54.119+0530] {logging_mixin.py:188} INFO - [2025-12-26T22:01:54.119+0530] {dagbag.py:545} INFO - Filling up the DagBag from /home/sathya/projects/training-kit/.venv-airflow/lib/python3.10/site-packages/airflow/example_dags/example_time_delta_sensor_async.py
[2025-12-26T22:01:54.128+0530] {processor.py:840} INFO - DAG(s) 'example_time_delta_sensor_async' retrieved from /home/sathya/projects/training-kit/.venv-airflow/lib/python3.10/site-packages/airflow/example_dags/example_time_delta_sensor_async.py
[2025-12-26T22:01:54.159+0530] {logging_mixin.py:188} INFO - [2025-12-26T22:01:54.158+0530] {dag.py:3089} INFO - Sync 1 DAGs
[2025-12-26T22:01:54.173+0530] {logging_mixin.py:188} INFO - [2025-12-26T22:01:54.172+0530] {dag.py:3947} INFO - Setting next_dagrun for example_time_delta_sensor_async to None, run_after=None
[2025-12-26T22:01:54.247+0530] {processor.py:183} INFO - Processing /home/sathya/projects/training-kit/.venv-airflow/lib/python3.10/site-packages/airflow/example_dags/example_time_delta_sensor_async.py took 0.152 seconds
[2025-12-26T22:02:12.035+0530] {processor.py:161} INFO - Started process (PID=2976) to work on /home/sathya/projects/training-kit/.venv-airflow/lib/python3.10/site-packages/airflow/example_dags/example_time_delta_sensor_async.py
[2025-12-26T22:02:12.036+0530] {processor.py:830} INFO - Processing file /home/sathya/projects/training-kit/.venv-airflow/lib/python3.10/site-packages/airflow/example_dags/example_time_delta_sensor_async.py for tasks to queue
[2025-12-26T22:02:12.042+0530] {logging_mixin.py:188} INFO - [2025-12-26T22:02:12.041+0530] {dagbag.py:545} INFO - Filling up the DagBag from /home/sathya/projects/training-kit/.venv-airflow/lib/python3.10/site-packages/airflow/example_dags/example_time_delta_sensor_async.py
[2025-12-26T22:02:12.053+0530] {processor.py:840} INFO - DAG(s) 'example_time_delta_sensor_async' retrieved from /home/sathya/projects/training-kit/.venv-airflow/lib/python3.10/site-packages/airflow/example_dags/example_time_delta_sensor_async.py
[2025-12-26T22:02:12.072+0530] {logging_mixin.py:188} INFO - [2025-12-26T22:02:12.072+0530] {dag.py:3089} INFO - Sync 1 DAGs
[2025-12-26T22:02:12.089+0530] {logging_mixin.py:188} INFO - [2025-12-26T22:02:12.089+0530] {dag.py:3947} INFO - Setting next_dagrun for example_time_delta_sensor_async to None, run_after=None
[2025-12-26T22:02:12.152+0530] {processor.py:183} INFO - Processing /home/sathya/projects/training-kit/.venv-airflow/lib/python3.10/site-packages/airflow/example_dags/example_time_delta_sensor_async.py took 0.125 seconds
[2025-12-26T22:02:42.124+0530] {processor.py:161} INFO - Started process (PID=3068) to work on /home/sathya/projects/training-kit/.venv-airflow/lib/python3.10/site-packages/airflow/example_dags/example_time_delta_sensor_async.py
[2025-12-26T22:02:42.131+0530] {processor.py:830} INFO - Processing file /home/sathya/projects/training-kit/.venv-airflow/lib/python3.10/site-packages/airflow/example_dags/example_time_delta_sensor_async.py for tasks to queue
[2025-12-26T22:02:42.133+0530] {logging_mixin.py:188} INFO - [2025-12-26T22:02:42.132+0530] {dagbag.py:545} INFO - Filling up the DagBag from /home/sathya/projects/training-kit/.venv-airflow/lib/python3.10/site-packages/airflow/example_dags/example_time_delta_sensor_async.py
[2025-12-26T22:02:42.138+0530] {processor.py:840} INFO - DAG(s) 'example_time_delta_sensor_async' retrieved from /home/sathya/projects/training-kit/.venv-airflow/lib/python3.10/site-packages/airflow/example_dags/example_time_delta_sensor_async.py
[2025-12-26T22:02:42.164+0530] {logging_mixin.py:188} INFO - [2025-12-26T22:02:42.164+0530] {dag.py:3089} INFO - Sync 1 DAGs
[2025-12-26T22:02:42.179+0530] {logging_mixin.py:188} INFO - [2025-12-26T22:02:42.178+0530] {dag.py:3947} INFO - Setting next_dagrun for example_time_delta_sensor_async to None, run_after=None
[2025-12-26T22:02:42.206+0530] {processor.py:183} INFO - Processing /home/sathya/projects/training-kit/.venv-airflow/lib/python3.10/site-packages/airflow/example_dags/example_time_delta_sensor_async.py took 0.091 seconds
[2025-12-26T22:03:00.777+0530] {processor.py:161} INFO - Started process (PID=3122) to work on /home/sathya/projects/training-kit/.venv-airflow/lib/python3.10/site-packages/airflow/example_dags/example_time_delta_sensor_async.py
[2025-12-26T22:03:00.783+0530] {processor.py:830} INFO - Processing file /home/sathya/projects/training-kit/.venv-airflow/lib/python3.10/site-packages/airflow/example_dags/example_time_delta_sensor_async.py for tasks to queue
[2025-12-26T22:03:00.790+0530] {logging_mixin.py:188} INFO - [2025-12-26T22:03:00.788+0530] {dagbag.py:545} INFO - Filling up the DagBag from /home/sathya/projects/training-kit/.venv-airflow/lib/python3.10/site-packages/airflow/example_dags/example_time_delta_sensor_async.py
[2025-12-26T22:03:00.795+0530] {processor.py:840} INFO - DAG(s) 'example_time_delta_sensor_async' retrieved from /home/sathya/projects/training-kit/.venv-airflow/lib/python3.10/site-packages/airflow/example_dags/example_time_delta_sensor_async.py
[2025-12-26T22:03:00.827+0530] {logging_mixin.py:188} INFO - [2025-12-26T22:03:00.827+0530] {dag.py:3089} INFO - Sync 1 DAGs
[2025-12-26T22:03:00.840+0530] {logging_mixin.py:188} INFO - [2025-12-26T22:03:00.840+0530] {dag.py:3947} INFO - Setting next_dagrun for example_time_delta_sensor_async to None, run_after=None
[2025-12-26T22:03:00.883+0530] {processor.py:183} INFO - Processing /home/sathya/projects/training-kit/.venv-airflow/lib/python3.10/site-packages/airflow/example_dags/example_time_delta_sensor_async.py took 0.113 seconds
[2025-12-26T22:03:32.244+0530] {processor.py:161} INFO - Started process (PID=3225) to work on /home/sathya/projects/training-kit/.venv-airflow/lib/python3.10/site-packages/airflow/example_dags/example_time_delta_sensor_async.py
[2025-12-26T22:03:32.246+0530] {processor.py:830} INFO - Processing file /home/sathya/projects/training-kit/.venv-airflow/lib/python3.10/site-packages/airflow/example_dags/example_time_delta_sensor_async.py for tasks to queue
[2025-12-26T22:03:32.251+0530] {logging_mixin.py:188} INFO - [2025-12-26T22:03:32.250+0530] {dagbag.py:545} INFO - Filling up the DagBag from /home/sathya/projects/training-kit/.venv-airflow/lib/python3.10/site-packages/airflow/example_dags/example_time_delta_sensor_async.py
[2025-12-26T22:03:32.268+0530] {processor.py:840} INFO - DAG(s) 'example_time_delta_sensor_async' retrieved from /home/sathya/projects/training-kit/.venv-airflow/lib/python3.10/site-packages/airflow/example_dags/example_time_delta_sensor_async.py
[2025-12-26T22:03:32.302+0530] {logging_mixin.py:188} INFO - [2025-12-26T22:03:32.301+0530] {dag.py:3089} INFO - Sync 1 DAGs
[2025-12-26T22:03:32.327+0530] {logging_mixin.py:188} INFO - [2025-12-26T22:03:32.324+0530] {dag.py:3947} INFO - Setting next_dagrun for example_time_delta_sensor_async to None, run_after=None
[2025-12-26T22:03:32.376+0530] {processor.py:183} INFO - Processing /home/sathya/projects/training-kit/.venv-airflow/lib/python3.10/site-packages/airflow/example_dags/example_time_delta_sensor_async.py took 0.141 seconds
[2025-12-26T22:03:48.112+0530] {processor.py:161} INFO - Started process (PID=3280) to work on /home/sathya/projects/training-kit/.venv-airflow/lib/python3.10/site-packages/airflow/example_dags/example_time_delta_sensor_async.py
[2025-12-26T22:03:48.119+0530] {processor.py:830} INFO - Processing file /home/sathya/projects/training-kit/.venv-airflow/lib/python3.10/site-packages/airflow/example_dags/example_time_delta_sensor_async.py for tasks to queue
[2025-12-26T22:03:48.121+0530] {logging_mixin.py:188} INFO - [2025-12-26T22:03:48.120+0530] {dagbag.py:545} INFO - Filling up the DagBag from /home/sathya/projects/training-kit/.venv-airflow/lib/python3.10/site-packages/airflow/example_dags/example_time_delta_sensor_async.py
[2025-12-26T22:03:48.127+0530] {processor.py:840} INFO - DAG(s) 'example_time_delta_sensor_async' retrieved from /home/sathya/projects/training-kit/.venv-airflow/lib/python3.10/site-packages/airflow/example_dags/example_time_delta_sensor_async.py
[2025-12-26T22:03:48.152+0530] {logging_mixin.py:188} INFO - [2025-12-26T22:03:48.152+0530] {dag.py:3089} INFO - Sync 1 DAGs
[2025-12-26T22:03:48.165+0530] {logging_mixin.py:188} INFO - [2025-12-26T22:03:48.165+0530] {dag.py:3947} INFO - Setting next_dagrun for example_time_delta_sensor_async to None, run_after=None
[2025-12-26T22:03:48.203+0530] {processor.py:183} INFO - Processing /home/sathya/projects/training-kit/.venv-airflow/lib/python3.10/site-packages/airflow/example_dags/example_time_delta_sensor_async.py took 0.099 seconds
[2025-12-26T22:04:33.102+0530] {processor.py:161} INFO - Started process (PID=3408) to work on /home/sathya/projects/training-kit/.venv-airflow/lib/python3.10/site-packages/airflow/example_dags/example_time_delta_sensor_async.py
[2025-12-26T22:04:33.111+0530] {processor.py:830} INFO - Processing file /home/sathya/projects/training-kit/.venv-airflow/lib/python3.10/site-packages/airflow/example_dags/example_time_delta_sensor_async.py for tasks to queue
[2025-12-26T22:04:33.113+0530] {logging_mixin.py:188} INFO - [2025-12-26T22:04:33.113+0530] {dagbag.py:545} INFO - Filling up the DagBag from /home/sathya/projects/training-kit/.venv-airflow/lib/python3.10/site-packages/airflow/example_dags/example_time_delta_sensor_async.py
[2025-12-26T22:04:33.124+0530] {processor.py:840} INFO - DAG(s) 'example_time_delta_sensor_async' retrieved from /home/sathya/projects/training-kit/.venv-airflow/lib/python3.10/site-packages/airflow/example_dags/example_time_delta_sensor_async.py
[2025-12-26T22:04:33.152+0530] {logging_mixin.py:188} INFO - [2025-12-26T22:04:33.152+0530] {dag.py:3089} INFO - Sync 1 DAGs
[2025-12-26T22:04:33.168+0530] {logging_mixin.py:188} INFO - [2025-12-26T22:04:33.168+0530] {dag.py:3947} INFO - Setting next_dagrun for example_time_delta_sensor_async to None, run_after=None
[2025-12-26T22:04:33.201+0530] {processor.py:183} INFO - Processing /home/sathya/projects/training-kit/.venv-airflow/lib/python3.10/site-packages/airflow/example_dags/example_time_delta_sensor_async.py took 0.107 seconds
[2025-12-26T22:10:04.941+0530] {processor.py:161} INFO - Started process (PID=4182) to work on /home/sathya/projects/training-kit/.venv-airflow/lib/python3.10/site-packages/airflow/example_dags/example_time_delta_sensor_async.py
[2025-12-26T22:10:04.943+0530] {processor.py:830} INFO - Processing file /home/sathya/projects/training-kit/.venv-airflow/lib/python3.10/site-packages/airflow/example_dags/example_time_delta_sensor_async.py for tasks to queue
[2025-12-26T22:10:04.944+0530] {logging_mixin.py:188} INFO - [2025-12-26T22:10:04.944+0530] {dagbag.py:545} INFO - Filling up the DagBag from /home/sathya/projects/training-kit/.venv-airflow/lib/python3.10/site-packages/airflow/example_dags/example_time_delta_sensor_async.py
[2025-12-26T22:10:04.949+0530] {processor.py:840} INFO - DAG(s) 'example_time_delta_sensor_async' retrieved from /home/sathya/projects/training-kit/.venv-airflow/lib/python3.10/site-packages/airflow/example_dags/example_time_delta_sensor_async.py
[2025-12-26T22:10:04.967+0530] {logging_mixin.py:188} INFO - [2025-12-26T22:10:04.967+0530] {dag.py:3089} INFO - Sync 1 DAGs
[2025-12-26T22:10:04.976+0530] {logging_mixin.py:188} INFO - [2025-12-26T22:10:04.976+0530] {dag.py:3947} INFO - Setting next_dagrun for example_time_delta_sensor_async to None, run_after=None
[2025-12-26T22:10:04.999+0530] {processor.py:183} INFO - Processing /home/sathya/projects/training-kit/.venv-airflow/lib/python3.10/site-packages/airflow/example_dags/example_time_delta_sensor_async.py took 0.063 seconds
[2025-12-26T22:13:38.971+0530] {processor.py:161} INFO - Started process (PID=4660) to work on /home/sathya/projects/training-kit/.venv-airflow/lib/python3.10/site-packages/airflow/example_dags/example_time_delta_sensor_async.py
[2025-12-26T22:13:38.975+0530] {processor.py:830} INFO - Processing file /home/sathya/projects/training-kit/.venv-airflow/lib/python3.10/site-packages/airflow/example_dags/example_time_delta_sensor_async.py for tasks to queue
[2025-12-26T22:13:38.979+0530] {logging_mixin.py:188} INFO - [2025-12-26T22:13:38.977+0530] {dagbag.py:545} INFO - Filling up the DagBag from /home/sathya/projects/training-kit/.venv-airflow/lib/python3.10/site-packages/airflow/example_dags/example_time_delta_sensor_async.py
[2025-12-26T22:13:38.990+0530] {processor.py:840} INFO - DAG(s) 'example_time_delta_sensor_async' retrieved from /home/sathya/projects/training-kit/.venv-airflow/lib/python3.10/site-packages/airflow/example_dags/example_time_delta_sensor_async.py
[2025-12-26T22:13:39.022+0530] {logging_mixin.py:188} INFO - [2025-12-26T22:13:39.021+0530] {dag.py:3089} INFO - Sync 1 DAGs
[2025-12-26T22:13:39.039+0530] {logging_mixin.py:188} INFO - [2025-12-26T22:13:39.039+0530] {dag.py:3947} INFO - Setting next_dagrun for example_time_delta_sensor_async to None, run_after=None
[2025-12-26T22:13:39.076+0530] {processor.py:183} INFO - Processing /home/sathya/projects/training-kit/.venv-airflow/lib/python3.10/site-packages/airflow/example_dags/example_time_delta_sensor_async.py took 0.115 seconds
[2025-12-26T22:14:14.496+0530] {processor.py:161} INFO - Started process (PID=4698) to work on /home/sathya/projects/training-kit/.venv-airflow/lib/python3.10/site-packages/airflow/example_dags/example_time_delta_sensor_async.py
[2025-12-26T22:14:14.497+0530] {processor.py:830} INFO - Processing file /home/sathya/projects/training-kit/.venv-airflow/lib/python3.10/site-packages/airflow/example_dags/example_time_delta_sensor_async.py for tasks to queue
[2025-12-26T22:14:14.498+0530] {logging_mixin.py:188} INFO - [2025-12-26T22:14:14.498+0530] {dagbag.py:545} INFO - Filling up the DagBag from /home/sathya/projects/training-kit/.venv-airflow/lib/python3.10/site-packages/airflow/example_dags/example_time_delta_sensor_async.py
[2025-12-26T22:14:14.503+0530] {processor.py:840} INFO - DAG(s) 'example_time_delta_sensor_async' retrieved from /home/sathya/projects/training-kit/.venv-airflow/lib/python3.10/site-packages/airflow/example_dags/example_time_delta_sensor_async.py
[2025-12-26T22:14:14.519+0530] {logging_mixin.py:188} INFO - [2025-12-26T22:14:14.518+0530] {dag.py:3089} INFO - Sync 1 DAGs
[2025-12-26T22:14:14.528+0530] {logging_mixin.py:188} INFO - [2025-12-26T22:14:14.527+0530] {dag.py:3947} INFO - Setting next_dagrun for example_time_delta_sensor_async to None, run_after=None
[2025-12-26T22:14:14.552+0530] {processor.py:183} INFO - Processing /home/sathya/projects/training-kit/.venv-airflow/lib/python3.10/site-packages/airflow/example_dags/example_time_delta_sensor_async.py took 0.062 seconds
[2025-12-26T22:17:14.515+0530] {processor.py:161} INFO - Started process (PID=5329) to work on /home/sathya/projects/training-kit/.venv-airflow/lib/python3.10/site-packages/airflow/example_dags/example_time_delta_sensor_async.py
[2025-12-26T22:17:14.516+0530] {processor.py:830} INFO - Processing file /home/sathya/projects/training-kit/.venv-airflow/lib/python3.10/site-packages/airflow/example_dags/example_time_delta_sensor_async.py for tasks to queue
[2025-12-26T22:17:14.518+0530] {logging_mixin.py:188} INFO - [2025-12-26T22:17:14.518+0530] {dagbag.py:545} INFO - Filling up the DagBag from /home/sathya/projects/training-kit/.venv-airflow/lib/python3.10/site-packages/airflow/example_dags/example_time_delta_sensor_async.py
[2025-12-26T22:17:14.523+0530] {processor.py:840} INFO - DAG(s) 'example_time_delta_sensor_async' retrieved from /home/sathya/projects/training-kit/.venv-airflow/lib/python3.10/site-packages/airflow/example_dags/example_time_delta_sensor_async.py
[2025-12-26T22:17:14.537+0530] {logging_mixin.py:188} INFO - [2025-12-26T22:17:14.536+0530] {dag.py:3089} INFO - Sync 1 DAGs
[2025-12-26T22:17:14.546+0530] {logging_mixin.py:188} INFO - [2025-12-26T22:17:14.546+0530] {dag.py:3947} INFO - Setting next_dagrun for example_time_delta_sensor_async to None, run_after=None
[2025-12-26T22:17:14.572+0530] {processor.py:183} INFO - Processing /home/sathya/projects/training-kit/.venv-airflow/lib/python3.10/site-packages/airflow/example_dags/example_time_delta_sensor_async.py took 0.063 seconds
[2025-12-26T22:17:17.019+0530] {processor.py:161} INFO - Started process (PID=5339) to work on /home/sathya/projects/training-kit/.venv-airflow/lib/python3.10/site-packages/airflow/example_dags/example_time_delta_sensor_async.py
[2025-12-26T22:17:17.020+0530] {processor.py:830} INFO - Processing file /home/sathya/projects/training-kit/.venv-airflow/lib/python3.10/site-packages/airflow/example_dags/example_time_delta_sensor_async.py for tasks to queue
[2025-12-26T22:17:17.021+0530] {logging_mixin.py:188} INFO - [2025-12-26T22:17:17.021+0530] {dagbag.py:545} INFO - Filling up the DagBag from /home/sathya/projects/training-kit/.venv-airflow/lib/python3.10/site-packages/airflow/example_dags/example_time_delta_sensor_async.py
[2025-12-26T22:17:17.026+0530] {processor.py:840} INFO - DAG(s) 'example_time_delta_sensor_async' retrieved from /home/sathya/projects/training-kit/.venv-airflow/lib/python3.10/site-packages/airflow/example_dags/example_time_delta_sensor_async.py
[2025-12-26T22:17:17.039+0530] {logging_mixin.py:188} INFO - [2025-12-26T22:17:17.039+0530] {dag.py:3089} INFO - Sync 1 DAGs
[2025-12-26T22:17:17.048+0530] {logging_mixin.py:188} INFO - [2025-12-26T22:17:17.048+0530] {dag.py:3947} INFO - Setting next_dagrun for example_time_delta_sensor_async to None, run_after=None
[2025-12-26T22:17:17.078+0530] {processor.py:183} INFO - Processing /home/sathya/projects/training-kit/.venv-airflow/lib/python3.10/site-packages/airflow/example_dags/example_time_delta_sensor_async.py took 0.068 seconds
[2025-12-26T22:21:06.537+0530] {processor.py:161} INFO - Started process (PID=5953) to work on /home/sathya/projects/training-kit/.venv-airflow/lib/python3.10/site-packages/airflow/example_dags/example_time_delta_sensor_async.py
[2025-12-26T22:21:06.539+0530] {processor.py:830} INFO - Processing file /home/sathya/projects/training-kit/.venv-airflow/lib/python3.10/site-packages/airflow/example_dags/example_time_delta_sensor_async.py for tasks to queue
[2025-12-26T22:21:06.540+0530] {logging_mixin.py:188} INFO - [2025-12-26T22:21:06.540+0530] {dagbag.py:545} INFO - Filling up the DagBag from /home/sathya/projects/training-kit/.venv-airflow/lib/python3.10/site-packages/airflow/example_dags/example_time_delta_sensor_async.py
[2025-12-26T22:21:06.545+0530] {processor.py:840} INFO - DAG(s) 'example_time_delta_sensor_async' retrieved from /home/sathya/projects/training-kit/.venv-airflow/lib/python3.10/site-packages/airflow/example_dags/example_time_delta_sensor_async.py
[2025-12-26T22:21:06.557+0530] {logging_mixin.py:188} INFO - [2025-12-26T22:21:06.557+0530] {dag.py:3089} INFO - Sync 1 DAGs
[2025-12-26T22:21:06.566+0530] {logging_mixin.py:188} INFO - [2025-12-26T22:21:06.565+0530] {dag.py:3947} INFO - Setting next_dagrun for example_time_delta_sensor_async to None, run_after=None
[2025-12-26T22:21:06.587+0530] {processor.py:183} INFO - Processing /home/sathya/projects/training-kit/.venv-airflow/lib/python3.10/site-packages/airflow/example_dags/example_time_delta_sensor_async.py took 0.057 seconds
[2025-12-26T22:25:59.617+0530] {processor.py:161} INFO - Started process (PID=6593) to work on /home/sathya/projects/training-kit/.venv-airflow/lib/python3.10/site-packages/airflow/example_dags/example_time_delta_sensor_async.py
[2025-12-26T22:25:59.618+0530] {processor.py:830} INFO - Processing file /home/sathya/projects/training-kit/.venv-airflow/lib/python3.10/site-packages/airflow/example_dags/example_time_delta_sensor_async.py for tasks to queue
[2025-12-26T22:25:59.620+0530] {logging_mixin.py:188} INFO - [2025-12-26T22:25:59.620+0530] {dagbag.py:545} INFO - Filling up the DagBag from /home/sathya/projects/training-kit/.venv-airflow/lib/python3.10/site-packages/airflow/example_dags/example_time_delta_sensor_async.py
[2025-12-26T22:25:59.626+0530] {processor.py:840} INFO - DAG(s) 'example_time_delta_sensor_async' retrieved from /home/sathya/projects/training-kit/.venv-airflow/lib/python3.10/site-packages/airflow/example_dags/example_time_delta_sensor_async.py
[2025-12-26T22:25:59.649+0530] {logging_mixin.py:188} INFO - [2025-12-26T22:25:59.648+0530] {dag.py:3089} INFO - Sync 1 DAGs
[2025-12-26T22:25:59.661+0530] {logging_mixin.py:188} INFO - [2025-12-26T22:25:59.661+0530] {dag.py:3947} INFO - Setting next_dagrun for example_time_delta_sensor_async to None, run_after=None
[2025-12-26T22:25:59.684+0530] {processor.py:183} INFO - Processing /home/sathya/projects/training-kit/.venv-airflow/lib/python3.10/site-packages/airflow/example_dags/example_time_delta_sensor_async.py took 0.073 seconds
[2025-12-26T22:31:35.467+0530] {processor.py:161} INFO - Started process (PID=7270) to work on /home/sathya/projects/training-kit/.venv-airflow/lib/python3.10/site-packages/airflow/example_dags/example_time_delta_sensor_async.py
[2025-12-26T22:31:35.468+0530] {processor.py:830} INFO - Processing file /home/sathya/projects/training-kit/.venv-airflow/lib/python3.10/site-packages/airflow/example_dags/example_time_delta_sensor_async.py for tasks to queue
[2025-12-26T22:31:35.470+0530] {logging_mixin.py:188} INFO - [2025-12-26T22:31:35.469+0530] {dagbag.py:545} INFO - Filling up the DagBag from /home/sathya/projects/training-kit/.venv-airflow/lib/python3.10/site-packages/airflow/example_dags/example_time_delta_sensor_async.py
[2025-12-26T22:31:35.474+0530] {processor.py:840} INFO - DAG(s) 'example_time_delta_sensor_async' retrieved from /home/sathya/projects/training-kit/.venv-airflow/lib/python3.10/site-packages/airflow/example_dags/example_time_delta_sensor_async.py
[2025-12-26T22:31:35.488+0530] {logging_mixin.py:188} INFO - [2025-12-26T22:31:35.488+0530] {dag.py:3089} INFO - Sync 1 DAGs
[2025-12-26T22:31:35.496+0530] {logging_mixin.py:188} INFO - [2025-12-26T22:31:35.496+0530] {dag.py:3947} INFO - Setting next_dagrun for example_time_delta_sensor_async to None, run_after=None
[2025-12-26T22:31:35.518+0530] {processor.py:183} INFO - Processing /home/sathya/projects/training-kit/.venv-airflow/lib/python3.10/site-packages/airflow/example_dags/example_time_delta_sensor_async.py took 0.057 seconds
[2025-12-26T22:37:40.227+0530] {processor.py:161} INFO - Started process (PID=8017) to work on /home/sathya/projects/training-kit/.venv-airflow/lib/python3.10/site-packages/airflow/example_dags/example_time_delta_sensor_async.py
[2025-12-26T22:37:40.229+0530] {processor.py:830} INFO - Processing file /home/sathya/projects/training-kit/.venv-airflow/lib/python3.10/site-packages/airflow/example_dags/example_time_delta_sensor_async.py for tasks to queue
[2025-12-26T22:37:40.230+0530] {logging_mixin.py:188} INFO - [2025-12-26T22:37:40.230+0530] {dagbag.py:545} INFO - Filling up the DagBag from /home/sathya/projects/training-kit/.venv-airflow/lib/python3.10/site-packages/airflow/example_dags/example_time_delta_sensor_async.py
[2025-12-26T22:37:40.234+0530] {processor.py:840} INFO - DAG(s) 'example_time_delta_sensor_async' retrieved from /home/sathya/projects/training-kit/.venv-airflow/lib/python3.10/site-packages/airflow/example_dags/example_time_delta_sensor_async.py
[2025-12-26T22:37:40.252+0530] {logging_mixin.py:188} INFO - [2025-12-26T22:37:40.252+0530] {dag.py:3089} INFO - Sync 1 DAGs
[2025-12-26T22:37:40.264+0530] {logging_mixin.py:188} INFO - [2025-12-26T22:37:40.263+0530] {dag.py:3947} INFO - Setting next_dagrun for example_time_delta_sensor_async to None, run_after=None
[2025-12-26T22:37:40.287+0530] {processor.py:183} INFO - Processing /home/sathya/projects/training-kit/.venv-airflow/lib/python3.10/site-packages/airflow/example_dags/example_time_delta_sensor_async.py took 0.066 seconds
[2025-12-26T22:43:36.366+0530] {processor.py:161} INFO - Started process (PID=8716) to work on /home/sathya/projects/training-kit/.venv-airflow/lib/python3.10/site-packages/airflow/example_dags/example_time_delta_sensor_async.py
[2025-12-26T22:43:36.367+0530] {processor.py:830} INFO - Processing file /home/sathya/projects/training-kit/.venv-airflow/lib/python3.10/site-packages/airflow/example_dags/example_time_delta_sensor_async.py for tasks to queue
[2025-12-26T22:43:36.369+0530] {logging_mixin.py:188} INFO - [2025-12-26T22:43:36.368+0530] {dagbag.py:545} INFO - Filling up the DagBag from /home/sathya/projects/training-kit/.venv-airflow/lib/python3.10/site-packages/airflow/example_dags/example_time_delta_sensor_async.py
[2025-12-26T22:43:36.372+0530] {processor.py:840} INFO - DAG(s) 'example_time_delta_sensor_async' retrieved from /home/sathya/projects/training-kit/.venv-airflow/lib/python3.10/site-packages/airflow/example_dags/example_time_delta_sensor_async.py
[2025-12-26T22:43:36.385+0530] {logging_mixin.py:188} INFO - [2025-12-26T22:43:36.385+0530] {dag.py:3089} INFO - Sync 1 DAGs
[2025-12-26T22:43:36.393+0530] {logging_mixin.py:188} INFO - [2025-12-26T22:43:36.393+0530] {dag.py:3947} INFO - Setting next_dagrun for example_time_delta_sensor_async to None, run_after=None
[2025-12-26T22:43:36.412+0530] {processor.py:183} INFO - Processing /home/sathya/projects/training-kit/.venv-airflow/lib/python3.10/site-packages/airflow/example_dags/example_time_delta_sensor_async.py took 0.051 seconds
[2025-12-26T22:48:07.059+0530] {processor.py:161} INFO - Started process (PID=9304) to work on /home/sathya/projects/training-kit/.venv-airflow/lib/python3.10/site-packages/airflow/example_dags/example_time_delta_sensor_async.py
[2025-12-26T22:48:07.061+0530] {processor.py:830} INFO - Processing file /home/sathya/projects/training-kit/.venv-airflow/lib/python3.10/site-packages/airflow/example_dags/example_time_delta_sensor_async.py for tasks to queue
[2025-12-26T22:48:07.063+0530] {logging_mixin.py:188} INFO - [2025-12-26T22:48:07.063+0530] {dagbag.py:545} INFO - Filling up the DagBag from /home/sathya/projects/training-kit/.venv-airflow/lib/python3.10/site-packages/airflow/example_dags/example_time_delta_sensor_async.py
[2025-12-26T22:48:07.067+0530] {processor.py:840} INFO - DAG(s) 'example_time_delta_sensor_async' retrieved from /home/sathya/projects/training-kit/.venv-airflow/lib/python3.10/site-packages/airflow/example_dags/example_time_delta_sensor_async.py
[2025-12-26T22:48:07.081+0530] {logging_mixin.py:188} INFO - [2025-12-26T22:48:07.080+0530] {dag.py:3089} INFO - Sync 1 DAGs
[2025-12-26T22:48:07.090+0530] {logging_mixin.py:188} INFO - [2025-12-26T22:48:07.090+0530] {dag.py:3947} INFO - Setting next_dagrun for example_time_delta_sensor_async to None, run_after=None
[2025-12-26T22:48:07.113+0530] {processor.py:183} INFO - Processing /home/sathya/projects/training-kit/.venv-airflow/lib/python3.10/site-packages/airflow/example_dags/example_time_delta_sensor_async.py took 0.058 seconds
[2025-12-26T22:54:02.751+0530] {processor.py:161} INFO - Started process (PID=9998) to work on /home/sathya/projects/training-kit/.venv-airflow/lib/python3.10/site-packages/airflow/example_dags/example_time_delta_sensor_async.py
[2025-12-26T22:54:02.753+0530] {processor.py:830} INFO - Processing file /home/sathya/projects/training-kit/.venv-airflow/lib/python3.10/site-packages/airflow/example_dags/example_time_delta_sensor_async.py for tasks to queue
[2025-12-26T22:54:02.754+0530] {logging_mixin.py:188} INFO - [2025-12-26T22:54:02.754+0530] {dagbag.py:545} INFO - Filling up the DagBag from /home/sathya/projects/training-kit/.venv-airflow/lib/python3.10/site-packages/airflow/example_dags/example_time_delta_sensor_async.py
[2025-12-26T22:54:02.758+0530] {processor.py:840} INFO - DAG(s) 'example_time_delta_sensor_async' retrieved from /home/sathya/projects/training-kit/.venv-airflow/lib/python3.10/site-packages/airflow/example_dags/example_time_delta_sensor_async.py
[2025-12-26T22:54:02.773+0530] {logging_mixin.py:188} INFO - [2025-12-26T22:54:02.773+0530] {dag.py:3089} INFO - Sync 1 DAGs
[2025-12-26T22:54:02.782+0530] {logging_mixin.py:188} INFO - [2025-12-26T22:54:02.782+0530] {dag.py:3947} INFO - Setting next_dagrun for example_time_delta_sensor_async to None, run_after=None
[2025-12-26T22:54:02.803+0530] {processor.py:183} INFO - Processing /home/sathya/projects/training-kit/.venv-airflow/lib/python3.10/site-packages/airflow/example_dags/example_time_delta_sensor_async.py took 0.059 seconds
[2025-12-26T22:59:57.497+0530] {processor.py:161} INFO - Started process (PID=10676) to work on /home/sathya/projects/training-kit/.venv-airflow/lib/python3.10/site-packages/airflow/example_dags/example_time_delta_sensor_async.py
[2025-12-26T22:59:57.505+0530] {processor.py:830} INFO - Processing file /home/sathya/projects/training-kit/.venv-airflow/lib/python3.10/site-packages/airflow/example_dags/example_time_delta_sensor_async.py for tasks to queue
[2025-12-26T22:59:57.508+0530] {logging_mixin.py:188} INFO - [2025-12-26T22:59:57.508+0530] {dagbag.py:545} INFO - Filling up the DagBag from /home/sathya/projects/training-kit/.venv-airflow/lib/python3.10/site-packages/airflow/example_dags/example_time_delta_sensor_async.py
[2025-12-26T22:59:57.515+0530] {processor.py:840} INFO - DAG(s) 'example_time_delta_sensor_async' retrieved from /home/sathya/projects/training-kit/.venv-airflow/lib/python3.10/site-packages/airflow/example_dags/example_time_delta_sensor_async.py
[2025-12-26T22:59:57.537+0530] {logging_mixin.py:188} INFO - [2025-12-26T22:59:57.537+0530] {dag.py:3089} INFO - Sync 1 DAGs
[2025-12-26T22:59:57.554+0530] {logging_mixin.py:188} INFO - [2025-12-26T22:59:57.554+0530] {dag.py:3947} INFO - Setting next_dagrun for example_time_delta_sensor_async to None, run_after=None
[2025-12-26T22:59:57.600+0530] {processor.py:183} INFO - Processing /home/sathya/projects/training-kit/.venv-airflow/lib/python3.10/site-packages/airflow/example_dags/example_time_delta_sensor_async.py took 0.110 seconds
[2025-12-26T23:08:03.465+0530] {processor.py:161} INFO - Started process (PID=11452) to work on /home/sathya/projects/training-kit/.venv-airflow/lib/python3.10/site-packages/airflow/example_dags/example_time_delta_sensor_async.py
[2025-12-26T23:08:03.467+0530] {processor.py:830} INFO - Processing file /home/sathya/projects/training-kit/.venv-airflow/lib/python3.10/site-packages/airflow/example_dags/example_time_delta_sensor_async.py for tasks to queue
[2025-12-26T23:08:03.468+0530] {logging_mixin.py:188} INFO - [2025-12-26T23:08:03.468+0530] {dagbag.py:545} INFO - Filling up the DagBag from /home/sathya/projects/training-kit/.venv-airflow/lib/python3.10/site-packages/airflow/example_dags/example_time_delta_sensor_async.py
[2025-12-26T23:08:03.473+0530] {processor.py:840} INFO - DAG(s) 'example_time_delta_sensor_async' retrieved from /home/sathya/projects/training-kit/.venv-airflow/lib/python3.10/site-packages/airflow/example_dags/example_time_delta_sensor_async.py
[2025-12-26T23:08:03.490+0530] {logging_mixin.py:188} INFO - [2025-12-26T23:08:03.490+0530] {dag.py:3089} INFO - Sync 1 DAGs
[2025-12-26T23:08:03.500+0530] {logging_mixin.py:188} INFO - [2025-12-26T23:08:03.500+0530] {dag.py:3947} INFO - Setting next_dagrun for example_time_delta_sensor_async to None, run_after=None
[2025-12-26T23:08:03.522+0530] {processor.py:183} INFO - Processing /home/sathya/projects/training-kit/.venv-airflow/lib/python3.10/site-packages/airflow/example_dags/example_time_delta_sensor_async.py took 0.063 seconds
