[2025-12-26T21:52:16.264+0530] {processor.py:161} INFO - Started process (PID=1246) to work on /home/sathya/projects/training-kit/.venv-airflow/lib/python3.10/site-packages/airflow/example_dags/example_xcomargs.py
[2025-12-26T21:52:16.265+0530] {processor.py:830} INFO - Processing file /home/sathya/projects/training-kit/.venv-airflow/lib/python3.10/site-packages/airflow/example_dags/example_xcomargs.py for tasks to queue
[2025-12-26T21:52:16.267+0530] {logging_mixin.py:188} INFO - [2025-12-26T21:52:16.267+0530] {dagbag.py:545} INFO - Filling up the DagBag from /home/sathya/projects/training-kit/.venv-airflow/lib/python3.10/site-packages/airflow/example_dags/example_xcomargs.py
[2025-12-26T21:52:16.275+0530] {processor.py:840} INFO - DAG(s) 'example_xcom_args_with_operators', 'example_xcom_args' retrieved from /home/sathya/projects/training-kit/.venv-airflow/lib/python3.10/site-packages/airflow/example_dags/example_xcomargs.py
[2025-12-26T21:52:16.301+0530] {logging_mixin.py:188} INFO - [2025-12-26T21:52:16.301+0530] {dag.py:3089} INFO - Sync 2 DAGs
[2025-12-26T21:52:16.312+0530] {logging_mixin.py:188} INFO - [2025-12-26T21:52:16.312+0530] {dag.py:3947} INFO - Setting next_dagrun for example_xcom_args to None, run_after=None
[2025-12-26T21:52:16.314+0530] {logging_mixin.py:188} INFO - [2025-12-26T21:52:16.314+0530] {dag.py:3947} INFO - Setting next_dagrun for example_xcom_args_with_operators to None, run_after=None
[2025-12-26T21:52:16.344+0530] {processor.py:183} INFO - Processing /home/sathya/projects/training-kit/.venv-airflow/lib/python3.10/site-packages/airflow/example_dags/example_xcomargs.py took 0.088 seconds
[2025-12-26T21:53:09.752+0530] {processor.py:161} INFO - Started process (PID=1380) to work on /home/sathya/projects/training-kit/.venv-airflow/lib/python3.10/site-packages/airflow/example_dags/example_xcomargs.py
[2025-12-26T21:53:09.758+0530] {processor.py:830} INFO - Processing file /home/sathya/projects/training-kit/.venv-airflow/lib/python3.10/site-packages/airflow/example_dags/example_xcomargs.py for tasks to queue
[2025-12-26T21:53:09.760+0530] {logging_mixin.py:188} INFO - [2025-12-26T21:53:09.760+0530] {dagbag.py:545} INFO - Filling up the DagBag from /home/sathya/projects/training-kit/.venv-airflow/lib/python3.10/site-packages/airflow/example_dags/example_xcomargs.py
[2025-12-26T21:53:09.770+0530] {processor.py:840} INFO - DAG(s) 'example_xcom_args', 'example_xcom_args_with_operators' retrieved from /home/sathya/projects/training-kit/.venv-airflow/lib/python3.10/site-packages/airflow/example_dags/example_xcomargs.py
[2025-12-26T21:53:09.801+0530] {logging_mixin.py:188} INFO - [2025-12-26T21:53:09.800+0530] {dag.py:3089} INFO - Sync 2 DAGs
[2025-12-26T21:53:09.815+0530] {logging_mixin.py:188} INFO - [2025-12-26T21:53:09.814+0530] {dag.py:3947} INFO - Setting next_dagrun for example_xcom_args to None, run_after=None
[2025-12-26T21:53:09.818+0530] {logging_mixin.py:188} INFO - [2025-12-26T21:53:09.818+0530] {dag.py:3947} INFO - Setting next_dagrun for example_xcom_args_with_operators to None, run_after=None
[2025-12-26T21:53:09.859+0530] {processor.py:183} INFO - Processing /home/sathya/projects/training-kit/.venv-airflow/lib/python3.10/site-packages/airflow/example_dags/example_xcomargs.py took 0.114 seconds
[2025-12-26T21:53:59.394+0530] {processor.py:161} INFO - Started process (PID=1503) to work on /home/sathya/projects/training-kit/.venv-airflow/lib/python3.10/site-packages/airflow/example_dags/example_xcomargs.py
[2025-12-26T21:53:59.403+0530] {processor.py:830} INFO - Processing file /home/sathya/projects/training-kit/.venv-airflow/lib/python3.10/site-packages/airflow/example_dags/example_xcomargs.py for tasks to queue
[2025-12-26T21:53:59.406+0530] {logging_mixin.py:188} INFO - [2025-12-26T21:53:59.406+0530] {dagbag.py:545} INFO - Filling up the DagBag from /home/sathya/projects/training-kit/.venv-airflow/lib/python3.10/site-packages/airflow/example_dags/example_xcomargs.py
[2025-12-26T21:53:59.419+0530] {processor.py:840} INFO - DAG(s) 'example_xcom_args', 'example_xcom_args_with_operators' retrieved from /home/sathya/projects/training-kit/.venv-airflow/lib/python3.10/site-packages/airflow/example_dags/example_xcomargs.py
[2025-12-26T21:53:59.550+0530] {logging_mixin.py:188} INFO - [2025-12-26T21:53:59.550+0530] {dag.py:3089} INFO - Sync 2 DAGs
[2025-12-26T21:53:59.560+0530] {logging_mixin.py:188} INFO - [2025-12-26T21:53:59.560+0530] {dag.py:3947} INFO - Setting next_dagrun for example_xcom_args to None, run_after=None
[2025-12-26T21:53:59.563+0530] {logging_mixin.py:188} INFO - [2025-12-26T21:53:59.562+0530] {dag.py:3947} INFO - Setting next_dagrun for example_xcom_args_with_operators to None, run_after=None
[2025-12-26T21:53:59.591+0530] {processor.py:183} INFO - Processing /home/sathya/projects/training-kit/.venv-airflow/lib/python3.10/site-packages/airflow/example_dags/example_xcomargs.py took 0.208 seconds
[2025-12-26T21:54:51.340+0530] {processor.py:161} INFO - Started process (PID=1605) to work on /home/sathya/projects/training-kit/.venv-airflow/lib/python3.10/site-packages/airflow/example_dags/example_xcomargs.py
[2025-12-26T21:54:51.346+0530] {processor.py:830} INFO - Processing file /home/sathya/projects/training-kit/.venv-airflow/lib/python3.10/site-packages/airflow/example_dags/example_xcomargs.py for tasks to queue
[2025-12-26T21:54:51.348+0530] {logging_mixin.py:188} INFO - [2025-12-26T21:54:51.348+0530] {dagbag.py:545} INFO - Filling up the DagBag from /home/sathya/projects/training-kit/.venv-airflow/lib/python3.10/site-packages/airflow/example_dags/example_xcomargs.py
[2025-12-26T21:54:51.361+0530] {processor.py:840} INFO - DAG(s) 'example_xcom_args', 'example_xcom_args_with_operators' retrieved from /home/sathya/projects/training-kit/.venv-airflow/lib/python3.10/site-packages/airflow/example_dags/example_xcomargs.py
[2025-12-26T21:54:51.385+0530] {logging_mixin.py:188} INFO - [2025-12-26T21:54:51.385+0530] {dag.py:3089} INFO - Sync 2 DAGs
[2025-12-26T21:54:51.398+0530] {logging_mixin.py:188} INFO - [2025-12-26T21:54:51.398+0530] {dag.py:3947} INFO - Setting next_dagrun for example_xcom_args to None, run_after=None
[2025-12-26T21:54:51.401+0530] {logging_mixin.py:188} INFO - [2025-12-26T21:54:51.401+0530] {dag.py:3947} INFO - Setting next_dagrun for example_xcom_args_with_operators to None, run_after=None
[2025-12-26T21:54:51.432+0530] {processor.py:183} INFO - Processing /home/sathya/projects/training-kit/.venv-airflow/lib/python3.10/site-packages/airflow/example_dags/example_xcomargs.py took 0.103 seconds
[2025-12-26T21:55:11.351+0530] {processor.py:161} INFO - Started process (PID=1667) to work on /home/sathya/projects/training-kit/.venv-airflow/lib/python3.10/site-packages/airflow/example_dags/example_xcomargs.py
[2025-12-26T21:55:11.358+0530] {processor.py:830} INFO - Processing file /home/sathya/projects/training-kit/.venv-airflow/lib/python3.10/site-packages/airflow/example_dags/example_xcomargs.py for tasks to queue
[2025-12-26T21:55:11.362+0530] {logging_mixin.py:188} INFO - [2025-12-26T21:55:11.361+0530] {dagbag.py:545} INFO - Filling up the DagBag from /home/sathya/projects/training-kit/.venv-airflow/lib/python3.10/site-packages/airflow/example_dags/example_xcomargs.py
[2025-12-26T21:55:11.412+0530] {processor.py:840} INFO - DAG(s) 'example_xcom_args_with_operators', 'example_xcom_args' retrieved from /home/sathya/projects/training-kit/.venv-airflow/lib/python3.10/site-packages/airflow/example_dags/example_xcomargs.py
[2025-12-26T21:55:11.472+0530] {logging_mixin.py:188} INFO - [2025-12-26T21:55:11.472+0530] {dag.py:3089} INFO - Sync 2 DAGs
[2025-12-26T21:55:11.508+0530] {logging_mixin.py:188} INFO - [2025-12-26T21:55:11.507+0530] {dag.py:3947} INFO - Setting next_dagrun for example_xcom_args to None, run_after=None
[2025-12-26T21:55:11.513+0530] {logging_mixin.py:188} INFO - [2025-12-26T21:55:11.512+0530] {dag.py:3947} INFO - Setting next_dagrun for example_xcom_args_with_operators to None, run_after=None
[2025-12-26T21:55:11.553+0530] {processor.py:183} INFO - Processing /home/sathya/projects/training-kit/.venv-airflow/lib/python3.10/site-packages/airflow/example_dags/example_xcomargs.py took 0.209 seconds
[2025-12-26T21:55:37.497+0530] {processor.py:161} INFO - Started process (PID=1744) to work on /home/sathya/projects/training-kit/.venv-airflow/lib/python3.10/site-packages/airflow/example_dags/example_xcomargs.py
[2025-12-26T21:55:37.498+0530] {processor.py:830} INFO - Processing file /home/sathya/projects/training-kit/.venv-airflow/lib/python3.10/site-packages/airflow/example_dags/example_xcomargs.py for tasks to queue
[2025-12-26T21:55:37.500+0530] {logging_mixin.py:188} INFO - [2025-12-26T21:55:37.500+0530] {dagbag.py:545} INFO - Filling up the DagBag from /home/sathya/projects/training-kit/.venv-airflow/lib/python3.10/site-packages/airflow/example_dags/example_xcomargs.py
[2025-12-26T21:55:37.511+0530] {processor.py:840} INFO - DAG(s) 'example_xcom_args_with_operators', 'example_xcom_args' retrieved from /home/sathya/projects/training-kit/.venv-airflow/lib/python3.10/site-packages/airflow/example_dags/example_xcomargs.py
[2025-12-26T21:55:37.541+0530] {logging_mixin.py:188} INFO - [2025-12-26T21:55:37.540+0530] {dag.py:3089} INFO - Sync 2 DAGs
[2025-12-26T21:55:37.556+0530] {logging_mixin.py:188} INFO - [2025-12-26T21:55:37.556+0530] {dag.py:3947} INFO - Setting next_dagrun for example_xcom_args to None, run_after=None
[2025-12-26T21:55:37.560+0530] {logging_mixin.py:188} INFO - [2025-12-26T21:55:37.559+0530] {dag.py:3947} INFO - Setting next_dagrun for example_xcom_args_with_operators to None, run_after=None
[2025-12-26T21:55:37.584+0530] {processor.py:183} INFO - Processing /home/sathya/projects/training-kit/.venv-airflow/lib/python3.10/site-packages/airflow/example_dags/example_xcomargs.py took 0.094 seconds
[2025-12-26T21:56:05.820+0530] {processor.py:161} INFO - Started process (PID=1826) to work on /home/sathya/projects/training-kit/.venv-airflow/lib/python3.10/site-packages/airflow/example_dags/example_xcomargs.py
[2025-12-26T21:56:05.826+0530] {processor.py:830} INFO - Processing file /home/sathya/projects/training-kit/.venv-airflow/lib/python3.10/site-packages/airflow/example_dags/example_xcomargs.py for tasks to queue
[2025-12-26T21:56:05.829+0530] {logging_mixin.py:188} INFO - [2025-12-26T21:56:05.828+0530] {dagbag.py:545} INFO - Filling up the DagBag from /home/sathya/projects/training-kit/.venv-airflow/lib/python3.10/site-packages/airflow/example_dags/example_xcomargs.py
[2025-12-26T21:56:05.852+0530] {processor.py:840} INFO - DAG(s) 'example_xcom_args', 'example_xcom_args_with_operators' retrieved from /home/sathya/projects/training-kit/.venv-airflow/lib/python3.10/site-packages/airflow/example_dags/example_xcomargs.py
[2025-12-26T21:56:05.875+0530] {logging_mixin.py:188} INFO - [2025-12-26T21:56:05.875+0530] {dag.py:3089} INFO - Sync 2 DAGs
[2025-12-26T21:56:05.883+0530] {logging_mixin.py:188} INFO - [2025-12-26T21:56:05.883+0530] {dag.py:3947} INFO - Setting next_dagrun for example_xcom_args to None, run_after=None
[2025-12-26T21:56:05.885+0530] {logging_mixin.py:188} INFO - [2025-12-26T21:56:05.885+0530] {dag.py:3947} INFO - Setting next_dagrun for example_xcom_args_with_operators to None, run_after=None
[2025-12-26T21:56:05.938+0530] {processor.py:183} INFO - Processing /home/sathya/projects/training-kit/.venv-airflow/lib/python3.10/site-packages/airflow/example_dags/example_xcomargs.py took 0.137 seconds
[2025-12-26T21:56:31.683+0530] {processor.py:161} INFO - Started process (PID=1902) to work on /home/sathya/projects/training-kit/.venv-airflow/lib/python3.10/site-packages/airflow/example_dags/example_xcomargs.py
[2025-12-26T21:56:31.685+0530] {processor.py:830} INFO - Processing file /home/sathya/projects/training-kit/.venv-airflow/lib/python3.10/site-packages/airflow/example_dags/example_xcomargs.py for tasks to queue
[2025-12-26T21:56:31.687+0530] {logging_mixin.py:188} INFO - [2025-12-26T21:56:31.687+0530] {dagbag.py:545} INFO - Filling up the DagBag from /home/sathya/projects/training-kit/.venv-airflow/lib/python3.10/site-packages/airflow/example_dags/example_xcomargs.py
[2025-12-26T21:56:31.696+0530] {processor.py:840} INFO - DAG(s) 'example_xcom_args_with_operators', 'example_xcom_args' retrieved from /home/sathya/projects/training-kit/.venv-airflow/lib/python3.10/site-packages/airflow/example_dags/example_xcomargs.py
[2025-12-26T21:56:31.716+0530] {logging_mixin.py:188} INFO - [2025-12-26T21:56:31.716+0530] {dag.py:3089} INFO - Sync 2 DAGs
[2025-12-26T21:56:31.728+0530] {logging_mixin.py:188} INFO - [2025-12-26T21:56:31.728+0530] {dag.py:3947} INFO - Setting next_dagrun for example_xcom_args to None, run_after=None
[2025-12-26T21:56:31.731+0530] {logging_mixin.py:188} INFO - [2025-12-26T21:56:31.731+0530] {dag.py:3947} INFO - Setting next_dagrun for example_xcom_args_with_operators to None, run_after=None
[2025-12-26T21:56:31.757+0530] {processor.py:183} INFO - Processing /home/sathya/projects/training-kit/.venv-airflow/lib/python3.10/site-packages/airflow/example_dags/example_xcomargs.py took 0.085 seconds
[2025-12-26T21:57:01.523+0530] {processor.py:161} INFO - Started process (PID=1982) to work on /home/sathya/projects/training-kit/.venv-airflow/lib/python3.10/site-packages/airflow/example_dags/example_xcomargs.py
[2025-12-26T21:57:01.529+0530] {processor.py:830} INFO - Processing file /home/sathya/projects/training-kit/.venv-airflow/lib/python3.10/site-packages/airflow/example_dags/example_xcomargs.py for tasks to queue
[2025-12-26T21:57:01.533+0530] {logging_mixin.py:188} INFO - [2025-12-26T21:57:01.532+0530] {dagbag.py:545} INFO - Filling up the DagBag from /home/sathya/projects/training-kit/.venv-airflow/lib/python3.10/site-packages/airflow/example_dags/example_xcomargs.py
[2025-12-26T21:57:01.544+0530] {processor.py:840} INFO - DAG(s) 'example_xcom_args', 'example_xcom_args_with_operators' retrieved from /home/sathya/projects/training-kit/.venv-airflow/lib/python3.10/site-packages/airflow/example_dags/example_xcomargs.py
[2025-12-26T21:56:59.811+0530] {logging_mixin.py:188} INFO - [2025-12-26T21:56:59.811+0530] {dag.py:3089} INFO - Sync 2 DAGs
[2025-12-26T21:56:59.829+0530] {logging_mixin.py:188} INFO - [2025-12-26T21:56:59.828+0530] {dag.py:3947} INFO - Setting next_dagrun for example_xcom_args to None, run_after=None
[2025-12-26T21:56:59.832+0530] {logging_mixin.py:188} INFO - [2025-12-26T21:56:59.832+0530] {dag.py:3947} INFO - Setting next_dagrun for example_xcom_args_with_operators to None, run_after=None
[2025-12-26T21:56:59.861+0530] {processor.py:183} INFO - Processing /home/sathya/projects/training-kit/.venv-airflow/lib/python3.10/site-packages/airflow/example_dags/example_xcomargs.py took 0.228 seconds
[2025-12-26T21:57:26.005+0530] {processor.py:161} INFO - Started process (PID=2050) to work on /home/sathya/projects/training-kit/.venv-airflow/lib/python3.10/site-packages/airflow/example_dags/example_xcomargs.py
[2025-12-26T21:57:26.007+0530] {processor.py:830} INFO - Processing file /home/sathya/projects/training-kit/.venv-airflow/lib/python3.10/site-packages/airflow/example_dags/example_xcomargs.py for tasks to queue
[2025-12-26T21:57:26.009+0530] {logging_mixin.py:188} INFO - [2025-12-26T21:57:26.008+0530] {dagbag.py:545} INFO - Filling up the DagBag from /home/sathya/projects/training-kit/.venv-airflow/lib/python3.10/site-packages/airflow/example_dags/example_xcomargs.py
[2025-12-26T21:57:26.018+0530] {processor.py:840} INFO - DAG(s) 'example_xcom_args_with_operators', 'example_xcom_args' retrieved from /home/sathya/projects/training-kit/.venv-airflow/lib/python3.10/site-packages/airflow/example_dags/example_xcomargs.py
[2025-12-26T21:57:26.040+0530] {logging_mixin.py:188} INFO - [2025-12-26T21:57:26.040+0530] {dag.py:3089} INFO - Sync 2 DAGs
[2025-12-26T21:57:26.052+0530] {logging_mixin.py:188} INFO - [2025-12-26T21:57:26.052+0530] {dag.py:3947} INFO - Setting next_dagrun for example_xcom_args to None, run_after=None
[2025-12-26T21:57:26.056+0530] {logging_mixin.py:188} INFO - [2025-12-26T21:57:26.055+0530] {dag.py:3947} INFO - Setting next_dagrun for example_xcom_args_with_operators to None, run_after=None
[2025-12-26T21:57:26.089+0530] {processor.py:183} INFO - Processing /home/sathya/projects/training-kit/.venv-airflow/lib/python3.10/site-packages/airflow/example_dags/example_xcomargs.py took 0.090 seconds
[2025-12-26T21:57:59.604+0530] {processor.py:161} INFO - Started process (PID=2160) to work on /home/sathya/projects/training-kit/.venv-airflow/lib/python3.10/site-packages/airflow/example_dags/example_xcomargs.py
[2025-12-26T21:57:59.609+0530] {processor.py:830} INFO - Processing file /home/sathya/projects/training-kit/.venv-airflow/lib/python3.10/site-packages/airflow/example_dags/example_xcomargs.py for tasks to queue
[2025-12-26T21:57:59.611+0530] {logging_mixin.py:188} INFO - [2025-12-26T21:57:59.611+0530] {dagbag.py:545} INFO - Filling up the DagBag from /home/sathya/projects/training-kit/.venv-airflow/lib/python3.10/site-packages/airflow/example_dags/example_xcomargs.py
[2025-12-26T21:57:59.619+0530] {processor.py:840} INFO - DAG(s) 'example_xcom_args_with_operators', 'example_xcom_args' retrieved from /home/sathya/projects/training-kit/.venv-airflow/lib/python3.10/site-packages/airflow/example_dags/example_xcomargs.py
[2025-12-26T21:57:59.638+0530] {logging_mixin.py:188} INFO - [2025-12-26T21:57:59.637+0530] {dag.py:3089} INFO - Sync 2 DAGs
[2025-12-26T21:57:59.651+0530] {logging_mixin.py:188} INFO - [2025-12-26T21:57:59.651+0530] {dag.py:3947} INFO - Setting next_dagrun for example_xcom_args to None, run_after=None
[2025-12-26T21:57:59.654+0530] {logging_mixin.py:188} INFO - [2025-12-26T21:57:59.654+0530] {dag.py:3947} INFO - Setting next_dagrun for example_xcom_args_with_operators to None, run_after=None
[2025-12-26T21:57:59.676+0530] {processor.py:183} INFO - Processing /home/sathya/projects/training-kit/.venv-airflow/lib/python3.10/site-packages/airflow/example_dags/example_xcomargs.py took 0.082 seconds
[2025-12-26T21:58:09.339+0530] {processor.py:161} INFO - Started process (PID=2193) to work on /home/sathya/projects/training-kit/.venv-airflow/lib/python3.10/site-packages/airflow/example_dags/example_xcomargs.py
[2025-12-26T21:58:09.347+0530] {processor.py:830} INFO - Processing file /home/sathya/projects/training-kit/.venv-airflow/lib/python3.10/site-packages/airflow/example_dags/example_xcomargs.py for tasks to queue
[2025-12-26T21:58:09.350+0530] {logging_mixin.py:188} INFO - [2025-12-26T21:58:09.349+0530] {dagbag.py:545} INFO - Filling up the DagBag from /home/sathya/projects/training-kit/.venv-airflow/lib/python3.10/site-packages/airflow/example_dags/example_xcomargs.py
[2025-12-26T21:58:09.361+0530] {processor.py:840} INFO - DAG(s) 'example_xcom_args', 'example_xcom_args_with_operators' retrieved from /home/sathya/projects/training-kit/.venv-airflow/lib/python3.10/site-packages/airflow/example_dags/example_xcomargs.py
[2025-12-26T21:58:09.390+0530] {logging_mixin.py:188} INFO - [2025-12-26T21:58:09.390+0530] {dag.py:3089} INFO - Sync 2 DAGs
[2025-12-26T21:58:09.405+0530] {logging_mixin.py:188} INFO - [2025-12-26T21:58:09.405+0530] {dag.py:3947} INFO - Setting next_dagrun for example_xcom_args to None, run_after=None
[2025-12-26T21:58:09.410+0530] {logging_mixin.py:188} INFO - [2025-12-26T21:58:09.410+0530] {dag.py:3947} INFO - Setting next_dagrun for example_xcom_args_with_operators to None, run_after=None
[2025-12-26T21:58:09.444+0530] {processor.py:183} INFO - Processing /home/sathya/projects/training-kit/.venv-airflow/lib/python3.10/site-packages/airflow/example_dags/example_xcomargs.py took 0.113 seconds
[2025-12-26T21:58:43.770+0530] {processor.py:161} INFO - Started process (PID=2306) to work on /home/sathya/projects/training-kit/.venv-airflow/lib/python3.10/site-packages/airflow/example_dags/example_xcomargs.py
[2025-12-26T21:58:43.777+0530] {processor.py:830} INFO - Processing file /home/sathya/projects/training-kit/.venv-airflow/lib/python3.10/site-packages/airflow/example_dags/example_xcomargs.py for tasks to queue
[2025-12-26T21:58:43.781+0530] {logging_mixin.py:188} INFO - [2025-12-26T21:58:43.781+0530] {dagbag.py:545} INFO - Filling up the DagBag from /home/sathya/projects/training-kit/.venv-airflow/lib/python3.10/site-packages/airflow/example_dags/example_xcomargs.py
[2025-12-26T21:58:43.805+0530] {processor.py:840} INFO - DAG(s) 'example_xcom_args', 'example_xcom_args_with_operators' retrieved from /home/sathya/projects/training-kit/.venv-airflow/lib/python3.10/site-packages/airflow/example_dags/example_xcomargs.py
[2025-12-26T21:58:43.833+0530] {logging_mixin.py:188} INFO - [2025-12-26T21:58:43.832+0530] {dag.py:3089} INFO - Sync 2 DAGs
[2025-12-26T21:58:43.851+0530] {logging_mixin.py:188} INFO - [2025-12-26T21:58:43.851+0530] {dag.py:3947} INFO - Setting next_dagrun for example_xcom_args to None, run_after=None
[2025-12-26T21:58:43.855+0530] {logging_mixin.py:188} INFO - [2025-12-26T21:58:43.855+0530] {dag.py:3947} INFO - Setting next_dagrun for example_xcom_args_with_operators to None, run_after=None
[2025-12-26T21:58:43.896+0530] {processor.py:183} INFO - Processing /home/sathya/projects/training-kit/.venv-airflow/lib/python3.10/site-packages/airflow/example_dags/example_xcomargs.py took 0.137 seconds
[2025-12-26T21:58:58.174+0530] {processor.py:161} INFO - Started process (PID=2348) to work on /home/sathya/projects/training-kit/.venv-airflow/lib/python3.10/site-packages/airflow/example_dags/example_xcomargs.py
[2025-12-26T21:58:58.175+0530] {processor.py:830} INFO - Processing file /home/sathya/projects/training-kit/.venv-airflow/lib/python3.10/site-packages/airflow/example_dags/example_xcomargs.py for tasks to queue
[2025-12-26T21:58:58.178+0530] {logging_mixin.py:188} INFO - [2025-12-26T21:58:58.177+0530] {dagbag.py:545} INFO - Filling up the DagBag from /home/sathya/projects/training-kit/.venv-airflow/lib/python3.10/site-packages/airflow/example_dags/example_xcomargs.py
[2025-12-26T21:58:58.191+0530] {processor.py:840} INFO - DAG(s) 'example_xcom_args', 'example_xcom_args_with_operators' retrieved from /home/sathya/projects/training-kit/.venv-airflow/lib/python3.10/site-packages/airflow/example_dags/example_xcomargs.py
[2025-12-26T21:58:58.213+0530] {logging_mixin.py:188} INFO - [2025-12-26T21:58:58.213+0530] {dag.py:3089} INFO - Sync 2 DAGs
[2025-12-26T21:58:58.227+0530] {logging_mixin.py:188} INFO - [2025-12-26T21:58:58.227+0530] {dag.py:3947} INFO - Setting next_dagrun for example_xcom_args to None, run_after=None
[2025-12-26T21:58:58.231+0530] {logging_mixin.py:188} INFO - [2025-12-26T21:58:58.231+0530] {dag.py:3947} INFO - Setting next_dagrun for example_xcom_args_with_operators to None, run_after=None
[2025-12-26T21:58:58.281+0530] {processor.py:183} INFO - Processing /home/sathya/projects/training-kit/.venv-airflow/lib/python3.10/site-packages/airflow/example_dags/example_xcomargs.py took 0.121 seconds
[2025-12-26T21:59:31.183+0530] {processor.py:161} INFO - Started process (PID=2446) to work on /home/sathya/projects/training-kit/.venv-airflow/lib/python3.10/site-packages/airflow/example_dags/example_xcomargs.py
[2025-12-26T21:59:31.190+0530] {processor.py:830} INFO - Processing file /home/sathya/projects/training-kit/.venv-airflow/lib/python3.10/site-packages/airflow/example_dags/example_xcomargs.py for tasks to queue
[2025-12-26T21:59:31.192+0530] {logging_mixin.py:188} INFO - [2025-12-26T21:59:31.192+0530] {dagbag.py:545} INFO - Filling up the DagBag from /home/sathya/projects/training-kit/.venv-airflow/lib/python3.10/site-packages/airflow/example_dags/example_xcomargs.py
[2025-12-26T21:59:31.202+0530] {processor.py:840} INFO - DAG(s) 'example_xcom_args_with_operators', 'example_xcom_args' retrieved from /home/sathya/projects/training-kit/.venv-airflow/lib/python3.10/site-packages/airflow/example_dags/example_xcomargs.py
[2025-12-26T21:59:31.223+0530] {logging_mixin.py:188} INFO - [2025-12-26T21:59:31.223+0530] {dag.py:3089} INFO - Sync 2 DAGs
[2025-12-26T21:59:31.235+0530] {logging_mixin.py:188} INFO - [2025-12-26T21:59:31.234+0530] {dag.py:3947} INFO - Setting next_dagrun for example_xcom_args to None, run_after=None
[2025-12-26T21:59:31.238+0530] {logging_mixin.py:188} INFO - [2025-12-26T21:59:31.238+0530] {dag.py:3947} INFO - Setting next_dagrun for example_xcom_args_with_operators to None, run_after=None
[2025-12-26T21:59:31.272+0530] {processor.py:183} INFO - Processing /home/sathya/projects/training-kit/.venv-airflow/lib/python3.10/site-packages/airflow/example_dags/example_xcomargs.py took 0.102 seconds
[2025-12-26T21:59:46.283+0530] {processor.py:161} INFO - Started process (PID=2496) to work on /home/sathya/projects/training-kit/.venv-airflow/lib/python3.10/site-packages/airflow/example_dags/example_xcomargs.py
[2025-12-26T21:59:46.289+0530] {processor.py:830} INFO - Processing file /home/sathya/projects/training-kit/.venv-airflow/lib/python3.10/site-packages/airflow/example_dags/example_xcomargs.py for tasks to queue
[2025-12-26T21:59:46.291+0530] {logging_mixin.py:188} INFO - [2025-12-26T21:59:46.291+0530] {dagbag.py:545} INFO - Filling up the DagBag from /home/sathya/projects/training-kit/.venv-airflow/lib/python3.10/site-packages/airflow/example_dags/example_xcomargs.py
[2025-12-26T21:59:46.310+0530] {processor.py:840} INFO - DAG(s) 'example_xcom_args_with_operators', 'example_xcom_args' retrieved from /home/sathya/projects/training-kit/.venv-airflow/lib/python3.10/site-packages/airflow/example_dags/example_xcomargs.py
[2025-12-26T21:59:46.340+0530] {logging_mixin.py:188} INFO - [2025-12-26T21:59:46.340+0530] {dag.py:3089} INFO - Sync 2 DAGs
[2025-12-26T21:59:46.353+0530] {logging_mixin.py:188} INFO - [2025-12-26T21:59:46.353+0530] {dag.py:3947} INFO - Setting next_dagrun for example_xcom_args to None, run_after=None
[2025-12-26T21:59:46.356+0530] {logging_mixin.py:188} INFO - [2025-12-26T21:59:46.356+0530] {dag.py:3947} INFO - Setting next_dagrun for example_xcom_args_with_operators to None, run_after=None
[2025-12-26T21:59:46.394+0530] {processor.py:183} INFO - Processing /home/sathya/projects/training-kit/.venv-airflow/lib/python3.10/site-packages/airflow/example_dags/example_xcomargs.py took 0.124 seconds
[2025-12-26T22:00:11.600+0530] {processor.py:161} INFO - Started process (PID=2603) to work on /home/sathya/projects/training-kit/.venv-airflow/lib/python3.10/site-packages/airflow/example_dags/example_xcomargs.py
[2025-12-26T22:00:11.602+0530] {processor.py:830} INFO - Processing file /home/sathya/projects/training-kit/.venv-airflow/lib/python3.10/site-packages/airflow/example_dags/example_xcomargs.py for tasks to queue
[2025-12-26T22:00:11.605+0530] {logging_mixin.py:188} INFO - [2025-12-26T22:00:11.604+0530] {dagbag.py:545} INFO - Filling up the DagBag from /home/sathya/projects/training-kit/.venv-airflow/lib/python3.10/site-packages/airflow/example_dags/example_xcomargs.py
[2025-12-26T22:00:11.618+0530] {processor.py:840} INFO - DAG(s) 'example_xcom_args_with_operators', 'example_xcom_args' retrieved from /home/sathya/projects/training-kit/.venv-airflow/lib/python3.10/site-packages/airflow/example_dags/example_xcomargs.py
[2025-12-26T22:00:11.646+0530] {logging_mixin.py:188} INFO - [2025-12-26T22:00:11.646+0530] {dag.py:3089} INFO - Sync 2 DAGs
[2025-12-26T22:00:11.662+0530] {logging_mixin.py:188} INFO - [2025-12-26T22:00:11.662+0530] {dag.py:3947} INFO - Setting next_dagrun for example_xcom_args to None, run_after=None
[2025-12-26T22:00:11.666+0530] {logging_mixin.py:188} INFO - [2025-12-26T22:00:11.666+0530] {dag.py:3947} INFO - Setting next_dagrun for example_xcom_args_with_operators to None, run_after=None
[2025-12-26T22:00:11.698+0530] {processor.py:183} INFO - Processing /home/sathya/projects/training-kit/.venv-airflow/lib/python3.10/site-packages/airflow/example_dags/example_xcomargs.py took 0.107 seconds
[2025-12-26T22:00:35.473+0530] {processor.py:161} INFO - Started process (PID=2678) to work on /home/sathya/projects/training-kit/.venv-airflow/lib/python3.10/site-packages/airflow/example_dags/example_xcomargs.py
[2025-12-26T22:00:35.475+0530] {processor.py:830} INFO - Processing file /home/sathya/projects/training-kit/.venv-airflow/lib/python3.10/site-packages/airflow/example_dags/example_xcomargs.py for tasks to queue
[2025-12-26T22:00:35.477+0530] {logging_mixin.py:188} INFO - [2025-12-26T22:00:35.476+0530] {dagbag.py:545} INFO - Filling up the DagBag from /home/sathya/projects/training-kit/.venv-airflow/lib/python3.10/site-packages/airflow/example_dags/example_xcomargs.py
[2025-12-26T22:00:35.485+0530] {processor.py:840} INFO - DAG(s) 'example_xcom_args_with_operators', 'example_xcom_args' retrieved from /home/sathya/projects/training-kit/.venv-airflow/lib/python3.10/site-packages/airflow/example_dags/example_xcomargs.py
[2025-12-26T22:00:35.508+0530] {logging_mixin.py:188} INFO - [2025-12-26T22:00:35.507+0530] {dag.py:3089} INFO - Sync 2 DAGs
[2025-12-26T22:00:35.519+0530] {logging_mixin.py:188} INFO - [2025-12-26T22:00:35.519+0530] {dag.py:3947} INFO - Setting next_dagrun for example_xcom_args to None, run_after=None
[2025-12-26T22:00:35.522+0530] {logging_mixin.py:188} INFO - [2025-12-26T22:00:35.522+0530] {dag.py:3947} INFO - Setting next_dagrun for example_xcom_args_with_operators to None, run_after=None
[2025-12-26T22:00:35.556+0530] {processor.py:183} INFO - Processing /home/sathya/projects/training-kit/.venv-airflow/lib/python3.10/site-packages/airflow/example_dags/example_xcomargs.py took 0.092 seconds
[2025-12-26T22:01:02.779+0530] {processor.py:161} INFO - Started process (PID=2765) to work on /home/sathya/projects/training-kit/.venv-airflow/lib/python3.10/site-packages/airflow/example_dags/example_xcomargs.py
[2025-12-26T22:01:02.781+0530] {processor.py:830} INFO - Processing file /home/sathya/projects/training-kit/.venv-airflow/lib/python3.10/site-packages/airflow/example_dags/example_xcomargs.py for tasks to queue
[2025-12-26T22:01:02.785+0530] {logging_mixin.py:188} INFO - [2025-12-26T22:01:02.784+0530] {dagbag.py:545} INFO - Filling up the DagBag from /home/sathya/projects/training-kit/.venv-airflow/lib/python3.10/site-packages/airflow/example_dags/example_xcomargs.py
[2025-12-26T22:01:02.795+0530] {processor.py:840} INFO - DAG(s) 'example_xcom_args', 'example_xcom_args_with_operators' retrieved from /home/sathya/projects/training-kit/.venv-airflow/lib/python3.10/site-packages/airflow/example_dags/example_xcomargs.py
[2025-12-26T22:01:02.821+0530] {logging_mixin.py:188} INFO - [2025-12-26T22:01:02.821+0530] {dag.py:3089} INFO - Sync 2 DAGs
[2025-12-26T22:01:02.835+0530] {logging_mixin.py:188} INFO - [2025-12-26T22:01:02.835+0530] {dag.py:3947} INFO - Setting next_dagrun for example_xcom_args to None, run_after=None
[2025-12-26T22:01:02.839+0530] {logging_mixin.py:188} INFO - [2025-12-26T22:01:02.839+0530] {dag.py:3947} INFO - Setting next_dagrun for example_xcom_args_with_operators to None, run_after=None
[2025-12-26T22:01:02.863+0530] {processor.py:183} INFO - Processing /home/sathya/projects/training-kit/.venv-airflow/lib/python3.10/site-packages/airflow/example_dags/example_xcomargs.py took 0.091 seconds
[2025-12-26T22:01:21.677+0530] {processor.py:161} INFO - Started process (PID=2826) to work on /home/sathya/projects/training-kit/.venv-airflow/lib/python3.10/site-packages/airflow/example_dags/example_xcomargs.py
[2025-12-26T22:01:21.684+0530] {processor.py:830} INFO - Processing file /home/sathya/projects/training-kit/.venv-airflow/lib/python3.10/site-packages/airflow/example_dags/example_xcomargs.py for tasks to queue
[2025-12-26T22:01:21.686+0530] {logging_mixin.py:188} INFO - [2025-12-26T22:01:21.685+0530] {dagbag.py:545} INFO - Filling up the DagBag from /home/sathya/projects/training-kit/.venv-airflow/lib/python3.10/site-packages/airflow/example_dags/example_xcomargs.py
[2025-12-26T22:01:21.696+0530] {processor.py:840} INFO - DAG(s) 'example_xcom_args_with_operators', 'example_xcom_args' retrieved from /home/sathya/projects/training-kit/.venv-airflow/lib/python3.10/site-packages/airflow/example_dags/example_xcomargs.py
[2025-12-26T22:01:21.717+0530] {logging_mixin.py:188} INFO - [2025-12-26T22:01:21.717+0530] {dag.py:3089} INFO - Sync 2 DAGs
[2025-12-26T22:01:21.729+0530] {logging_mixin.py:188} INFO - [2025-12-26T22:01:21.728+0530] {dag.py:3947} INFO - Setting next_dagrun for example_xcom_args to None, run_after=None
[2025-12-26T22:01:21.731+0530] {logging_mixin.py:188} INFO - [2025-12-26T22:01:21.731+0530] {dag.py:3947} INFO - Setting next_dagrun for example_xcom_args_with_operators to None, run_after=None
[2025-12-26T22:01:21.755+0530] {processor.py:183} INFO - Processing /home/sathya/projects/training-kit/.venv-airflow/lib/python3.10/site-packages/airflow/example_dags/example_xcomargs.py took 0.085 seconds
[2025-12-26T22:01:48.806+0530] {processor.py:161} INFO - Started process (PID=2908) to work on /home/sathya/projects/training-kit/.venv-airflow/lib/python3.10/site-packages/airflow/example_dags/example_xcomargs.py
[2025-12-26T22:01:48.808+0530] {processor.py:830} INFO - Processing file /home/sathya/projects/training-kit/.venv-airflow/lib/python3.10/site-packages/airflow/example_dags/example_xcomargs.py for tasks to queue
[2025-12-26T22:01:48.810+0530] {logging_mixin.py:188} INFO - [2025-12-26T22:01:48.810+0530] {dagbag.py:545} INFO - Filling up the DagBag from /home/sathya/projects/training-kit/.venv-airflow/lib/python3.10/site-packages/airflow/example_dags/example_xcomargs.py
[2025-12-26T22:01:48.829+0530] {processor.py:840} INFO - DAG(s) 'example_xcom_args', 'example_xcom_args_with_operators' retrieved from /home/sathya/projects/training-kit/.venv-airflow/lib/python3.10/site-packages/airflow/example_dags/example_xcomargs.py
[2025-12-26T22:01:48.878+0530] {logging_mixin.py:188} INFO - [2025-12-26T22:01:48.878+0530] {dag.py:3089} INFO - Sync 2 DAGs
[2025-12-26T22:01:48.894+0530] {logging_mixin.py:188} INFO - [2025-12-26T22:01:48.894+0530] {dag.py:3947} INFO - Setting next_dagrun for example_xcom_args to None, run_after=None
[2025-12-26T22:01:48.900+0530] {logging_mixin.py:188} INFO - [2025-12-26T22:01:48.900+0530] {dag.py:3947} INFO - Setting next_dagrun for example_xcom_args_with_operators to None, run_after=None
[2025-12-26T22:01:48.931+0530] {processor.py:183} INFO - Processing /home/sathya/projects/training-kit/.venv-airflow/lib/python3.10/site-packages/airflow/example_dags/example_xcomargs.py took 0.137 seconds
[2025-12-26T22:02:09.524+0530] {processor.py:161} INFO - Started process (PID=2964) to work on /home/sathya/projects/training-kit/.venv-airflow/lib/python3.10/site-packages/airflow/example_dags/example_xcomargs.py
[2025-12-26T22:02:09.528+0530] {processor.py:830} INFO - Processing file /home/sathya/projects/training-kit/.venv-airflow/lib/python3.10/site-packages/airflow/example_dags/example_xcomargs.py for tasks to queue
[2025-12-26T22:02:09.530+0530] {logging_mixin.py:188} INFO - [2025-12-26T22:02:09.529+0530] {dagbag.py:545} INFO - Filling up the DagBag from /home/sathya/projects/training-kit/.venv-airflow/lib/python3.10/site-packages/airflow/example_dags/example_xcomargs.py
[2025-12-26T22:02:09.540+0530] {processor.py:840} INFO - DAG(s) 'example_xcom_args', 'example_xcom_args_with_operators' retrieved from /home/sathya/projects/training-kit/.venv-airflow/lib/python3.10/site-packages/airflow/example_dags/example_xcomargs.py
[2025-12-26T22:02:09.566+0530] {logging_mixin.py:188} INFO - [2025-12-26T22:02:09.566+0530] {dag.py:3089} INFO - Sync 2 DAGs
[2025-12-26T22:02:09.589+0530] {logging_mixin.py:188} INFO - [2025-12-26T22:02:09.589+0530] {dag.py:3947} INFO - Setting next_dagrun for example_xcom_args to None, run_after=None
[2025-12-26T22:02:09.596+0530] {logging_mixin.py:188} INFO - [2025-12-26T22:02:09.595+0530] {dag.py:3947} INFO - Setting next_dagrun for example_xcom_args_with_operators to None, run_after=None
[2025-12-26T22:02:09.651+0530] {processor.py:183} INFO - Processing /home/sathya/projects/training-kit/.venv-airflow/lib/python3.10/site-packages/airflow/example_dags/example_xcomargs.py took 0.142 seconds
[2025-12-26T22:02:39.562+0530] {processor.py:161} INFO - Started process (PID=3055) to work on /home/sathya/projects/training-kit/.venv-airflow/lib/python3.10/site-packages/airflow/example_dags/example_xcomargs.py
[2025-12-26T22:02:39.570+0530] {processor.py:830} INFO - Processing file /home/sathya/projects/training-kit/.venv-airflow/lib/python3.10/site-packages/airflow/example_dags/example_xcomargs.py for tasks to queue
[2025-12-26T22:02:39.573+0530] {logging_mixin.py:188} INFO - [2025-12-26T22:02:39.572+0530] {dagbag.py:545} INFO - Filling up the DagBag from /home/sathya/projects/training-kit/.venv-airflow/lib/python3.10/site-packages/airflow/example_dags/example_xcomargs.py
[2025-12-26T22:02:39.590+0530] {processor.py:840} INFO - DAG(s) 'example_xcom_args', 'example_xcom_args_with_operators' retrieved from /home/sathya/projects/training-kit/.venv-airflow/lib/python3.10/site-packages/airflow/example_dags/example_xcomargs.py
[2025-12-26T22:02:39.616+0530] {logging_mixin.py:188} INFO - [2025-12-26T22:02:39.616+0530] {dag.py:3089} INFO - Sync 2 DAGs
[2025-12-26T22:02:39.636+0530] {logging_mixin.py:188} INFO - [2025-12-26T22:02:39.635+0530] {dag.py:3947} INFO - Setting next_dagrun for example_xcom_args to None, run_after=None
[2025-12-26T22:02:39.642+0530] {logging_mixin.py:188} INFO - [2025-12-26T22:02:39.642+0530] {dag.py:3947} INFO - Setting next_dagrun for example_xcom_args_with_operators to None, run_after=None
[2025-12-26T22:02:39.794+0530] {processor.py:183} INFO - Processing /home/sathya/projects/training-kit/.venv-airflow/lib/python3.10/site-packages/airflow/example_dags/example_xcomargs.py took 0.244 seconds
[2025-12-26T22:02:55.643+0530] {processor.py:161} INFO - Started process (PID=3108) to work on /home/sathya/projects/training-kit/.venv-airflow/lib/python3.10/site-packages/airflow/example_dags/example_xcomargs.py
[2025-12-26T22:02:55.650+0530] {processor.py:830} INFO - Processing file /home/sathya/projects/training-kit/.venv-airflow/lib/python3.10/site-packages/airflow/example_dags/example_xcomargs.py for tasks to queue
[2025-12-26T22:02:55.652+0530] {logging_mixin.py:188} INFO - [2025-12-26T22:02:55.652+0530] {dagbag.py:545} INFO - Filling up the DagBag from /home/sathya/projects/training-kit/.venv-airflow/lib/python3.10/site-packages/airflow/example_dags/example_xcomargs.py
[2025-12-26T22:02:55.664+0530] {processor.py:840} INFO - DAG(s) 'example_xcom_args_with_operators', 'example_xcom_args' retrieved from /home/sathya/projects/training-kit/.venv-airflow/lib/python3.10/site-packages/airflow/example_dags/example_xcomargs.py
[2025-12-26T22:02:55.681+0530] {logging_mixin.py:188} INFO - [2025-12-26T22:02:55.681+0530] {dag.py:3089} INFO - Sync 2 DAGs
[2025-12-26T22:02:55.691+0530] {logging_mixin.py:188} INFO - [2025-12-26T22:02:55.691+0530] {dag.py:3947} INFO - Setting next_dagrun for example_xcom_args to None, run_after=None
[2025-12-26T22:02:55.695+0530] {logging_mixin.py:188} INFO - [2025-12-26T22:02:55.694+0530] {dag.py:3947} INFO - Setting next_dagrun for example_xcom_args_with_operators to None, run_after=None
[2025-12-26T22:02:55.720+0530] {processor.py:183} INFO - Processing /home/sathya/projects/training-kit/.venv-airflow/lib/python3.10/site-packages/airflow/example_dags/example_xcomargs.py took 0.088 seconds
[2025-12-26T22:03:27.782+0530] {processor.py:161} INFO - Started process (PID=3209) to work on /home/sathya/projects/training-kit/.venv-airflow/lib/python3.10/site-packages/airflow/example_dags/example_xcomargs.py
[2025-12-26T22:03:27.788+0530] {processor.py:830} INFO - Processing file /home/sathya/projects/training-kit/.venv-airflow/lib/python3.10/site-packages/airflow/example_dags/example_xcomargs.py for tasks to queue
[2025-12-26T22:03:27.798+0530] {logging_mixin.py:188} INFO - [2025-12-26T22:03:27.797+0530] {dagbag.py:545} INFO - Filling up the DagBag from /home/sathya/projects/training-kit/.venv-airflow/lib/python3.10/site-packages/airflow/example_dags/example_xcomargs.py
[2025-12-26T22:03:27.828+0530] {processor.py:840} INFO - DAG(s) 'example_xcom_args', 'example_xcom_args_with_operators' retrieved from /home/sathya/projects/training-kit/.venv-airflow/lib/python3.10/site-packages/airflow/example_dags/example_xcomargs.py
[2025-12-26T22:03:27.862+0530] {logging_mixin.py:188} INFO - [2025-12-26T22:03:27.862+0530] {dag.py:3089} INFO - Sync 2 DAGs
[2025-12-26T22:03:27.882+0530] {logging_mixin.py:188} INFO - [2025-12-26T22:03:27.881+0530] {dag.py:3947} INFO - Setting next_dagrun for example_xcom_args to None, run_after=None
[2025-12-26T22:03:27.886+0530] {logging_mixin.py:188} INFO - [2025-12-26T22:03:27.886+0530] {dag.py:3947} INFO - Setting next_dagrun for example_xcom_args_with_operators to None, run_after=None
[2025-12-26T22:03:27.922+0530] {processor.py:183} INFO - Processing /home/sathya/projects/training-kit/.venv-airflow/lib/python3.10/site-packages/airflow/example_dags/example_xcomargs.py took 0.153 seconds
[2025-12-26T22:03:42.974+0530] {processor.py:161} INFO - Started process (PID=3266) to work on /home/sathya/projects/training-kit/.venv-airflow/lib/python3.10/site-packages/airflow/example_dags/example_xcomargs.py
[2025-12-26T22:03:42.986+0530] {processor.py:830} INFO - Processing file /home/sathya/projects/training-kit/.venv-airflow/lib/python3.10/site-packages/airflow/example_dags/example_xcomargs.py for tasks to queue
[2025-12-26T22:03:42.988+0530] {logging_mixin.py:188} INFO - [2025-12-26T22:03:42.987+0530] {dagbag.py:545} INFO - Filling up the DagBag from /home/sathya/projects/training-kit/.venv-airflow/lib/python3.10/site-packages/airflow/example_dags/example_xcomargs.py
[2025-12-26T22:03:42.997+0530] {processor.py:840} INFO - DAG(s) 'example_xcom_args_with_operators', 'example_xcom_args' retrieved from /home/sathya/projects/training-kit/.venv-airflow/lib/python3.10/site-packages/airflow/example_dags/example_xcomargs.py
[2025-12-26T22:03:43.020+0530] {logging_mixin.py:188} INFO - [2025-12-26T22:03:43.020+0530] {dag.py:3089} INFO - Sync 2 DAGs
[2025-12-26T22:03:43.033+0530] {logging_mixin.py:188} INFO - [2025-12-26T22:03:43.032+0530] {dag.py:3947} INFO - Setting next_dagrun for example_xcom_args to None, run_after=None
[2025-12-26T22:03:43.036+0530] {logging_mixin.py:188} INFO - [2025-12-26T22:03:43.036+0530] {dag.py:3947} INFO - Setting next_dagrun for example_xcom_args_with_operators to None, run_after=None
[2025-12-26T22:03:43.069+0530] {processor.py:183} INFO - Processing /home/sathya/projects/training-kit/.venv-airflow/lib/python3.10/site-packages/airflow/example_dags/example_xcomargs.py took 0.102 seconds
[2025-12-26T22:04:29.301+0530] {processor.py:161} INFO - Started process (PID=3395) to work on /home/sathya/projects/training-kit/.venv-airflow/lib/python3.10/site-packages/airflow/example_dags/example_xcomargs.py
[2025-12-26T22:04:29.308+0530] {processor.py:830} INFO - Processing file /home/sathya/projects/training-kit/.venv-airflow/lib/python3.10/site-packages/airflow/example_dags/example_xcomargs.py for tasks to queue
[2025-12-26T22:04:29.312+0530] {logging_mixin.py:188} INFO - [2025-12-26T22:04:29.311+0530] {dagbag.py:545} INFO - Filling up the DagBag from /home/sathya/projects/training-kit/.venv-airflow/lib/python3.10/site-packages/airflow/example_dags/example_xcomargs.py
[2025-12-26T22:04:29.323+0530] {processor.py:840} INFO - DAG(s) 'example_xcom_args', 'example_xcom_args_with_operators' retrieved from /home/sathya/projects/training-kit/.venv-airflow/lib/python3.10/site-packages/airflow/example_dags/example_xcomargs.py
[2025-12-26T22:04:29.366+0530] {logging_mixin.py:188} INFO - [2025-12-26T22:04:29.366+0530] {dag.py:3089} INFO - Sync 2 DAGs
[2025-12-26T22:04:29.388+0530] {logging_mixin.py:188} INFO - [2025-12-26T22:04:29.387+0530] {dag.py:3947} INFO - Setting next_dagrun for example_xcom_args to None, run_after=None
[2025-12-26T22:04:29.392+0530] {logging_mixin.py:188} INFO - [2025-12-26T22:04:29.392+0530] {dag.py:3947} INFO - Setting next_dagrun for example_xcom_args_with_operators to None, run_after=None
[2025-12-26T22:04:29.431+0530] {processor.py:183} INFO - Processing /home/sathya/projects/training-kit/.venv-airflow/lib/python3.10/site-packages/airflow/example_dags/example_xcomargs.py took 0.141 seconds
[2025-12-26T22:06:23.591+0530] {processor.py:161} INFO - Started process (PID=3738) to work on /home/sathya/projects/training-kit/.venv-airflow/lib/python3.10/site-packages/airflow/example_dags/example_xcomargs.py
[2025-12-26T22:06:23.592+0530] {processor.py:830} INFO - Processing file /home/sathya/projects/training-kit/.venv-airflow/lib/python3.10/site-packages/airflow/example_dags/example_xcomargs.py for tasks to queue
[2025-12-26T22:06:23.595+0530] {logging_mixin.py:188} INFO - [2025-12-26T22:06:23.594+0530] {dagbag.py:545} INFO - Filling up the DagBag from /home/sathya/projects/training-kit/.venv-airflow/lib/python3.10/site-packages/airflow/example_dags/example_xcomargs.py
[2025-12-26T22:06:23.607+0530] {processor.py:840} INFO - DAG(s) 'example_xcom_args', 'example_xcom_args_with_operators' retrieved from /home/sathya/projects/training-kit/.venv-airflow/lib/python3.10/site-packages/airflow/example_dags/example_xcomargs.py
[2025-12-26T22:06:23.631+0530] {logging_mixin.py:188} INFO - [2025-12-26T22:06:23.630+0530] {dag.py:3089} INFO - Sync 2 DAGs
[2025-12-26T22:06:23.646+0530] {logging_mixin.py:188} INFO - [2025-12-26T22:06:23.645+0530] {dag.py:3947} INFO - Setting next_dagrun for example_xcom_args to None, run_after=None
[2025-12-26T22:06:23.651+0530] {logging_mixin.py:188} INFO - [2025-12-26T22:06:23.651+0530] {dag.py:3947} INFO - Setting next_dagrun for example_xcom_args_with_operators to None, run_after=None
[2025-12-26T22:06:23.683+0530] {processor.py:183} INFO - Processing /home/sathya/projects/training-kit/.venv-airflow/lib/python3.10/site-packages/airflow/example_dags/example_xcomargs.py took 0.100 seconds
[2025-12-26T22:12:41.570+0530] {processor.py:161} INFO - Started process (PID=4489) to work on /home/sathya/projects/training-kit/.venv-airflow/lib/python3.10/site-packages/airflow/example_dags/example_xcomargs.py
[2025-12-26T22:12:41.571+0530] {processor.py:830} INFO - Processing file /home/sathya/projects/training-kit/.venv-airflow/lib/python3.10/site-packages/airflow/example_dags/example_xcomargs.py for tasks to queue
[2025-12-26T22:12:41.573+0530] {logging_mixin.py:188} INFO - [2025-12-26T22:12:41.573+0530] {dagbag.py:545} INFO - Filling up the DagBag from /home/sathya/projects/training-kit/.venv-airflow/lib/python3.10/site-packages/airflow/example_dags/example_xcomargs.py
[2025-12-26T22:12:41.584+0530] {processor.py:840} INFO - DAG(s) 'example_xcom_args_with_operators', 'example_xcom_args' retrieved from /home/sathya/projects/training-kit/.venv-airflow/lib/python3.10/site-packages/airflow/example_dags/example_xcomargs.py
[2025-12-26T22:12:41.605+0530] {logging_mixin.py:188} INFO - [2025-12-26T22:12:41.604+0530] {dag.py:3089} INFO - Sync 2 DAGs
[2025-12-26T22:12:41.617+0530] {logging_mixin.py:188} INFO - [2025-12-26T22:12:41.616+0530] {dag.py:3947} INFO - Setting next_dagrun for example_xcom_args to None, run_after=None
[2025-12-26T22:12:41.620+0530] {logging_mixin.py:188} INFO - [2025-12-26T22:12:41.620+0530] {dag.py:3947} INFO - Setting next_dagrun for example_xcom_args_with_operators to None, run_after=None
[2025-12-26T22:12:41.677+0530] {processor.py:183} INFO - Processing /home/sathya/projects/training-kit/.venv-airflow/lib/python3.10/site-packages/airflow/example_dags/example_xcomargs.py took 0.115 seconds
[2025-12-26T22:13:21.253+0530] {processor.py:161} INFO - Started process (PID=4606) to work on /home/sathya/projects/training-kit/.venv-airflow/lib/python3.10/site-packages/airflow/example_dags/example_xcomargs.py
[2025-12-26T22:13:21.254+0530] {processor.py:830} INFO - Processing file /home/sathya/projects/training-kit/.venv-airflow/lib/python3.10/site-packages/airflow/example_dags/example_xcomargs.py for tasks to queue
[2025-12-26T22:13:21.256+0530] {logging_mixin.py:188} INFO - [2025-12-26T22:13:21.256+0530] {dagbag.py:545} INFO - Filling up the DagBag from /home/sathya/projects/training-kit/.venv-airflow/lib/python3.10/site-packages/airflow/example_dags/example_xcomargs.py
[2025-12-26T22:13:21.263+0530] {processor.py:840} INFO - DAG(s) 'example_xcom_args', 'example_xcom_args_with_operators' retrieved from /home/sathya/projects/training-kit/.venv-airflow/lib/python3.10/site-packages/airflow/example_dags/example_xcomargs.py
[2025-12-26T22:13:21.288+0530] {logging_mixin.py:188} INFO - [2025-12-26T22:13:21.288+0530] {dag.py:3089} INFO - Sync 2 DAGs
[2025-12-26T22:13:21.307+0530] {logging_mixin.py:188} INFO - [2025-12-26T22:13:21.307+0530] {dag.py:3947} INFO - Setting next_dagrun for example_xcom_args to None, run_after=None
[2025-12-26T22:13:21.309+0530] {logging_mixin.py:188} INFO - [2025-12-26T22:13:21.309+0530] {dag.py:3947} INFO - Setting next_dagrun for example_xcom_args_with_operators to None, run_after=None
[2025-12-26T22:13:21.338+0530] {processor.py:183} INFO - Processing /home/sathya/projects/training-kit/.venv-airflow/lib/python3.10/site-packages/airflow/example_dags/example_xcomargs.py took 0.091 seconds
[2025-12-26T22:16:54.605+0530] {processor.py:161} INFO - Started process (PID=5263) to work on /home/sathya/projects/training-kit/.venv-airflow/lib/python3.10/site-packages/airflow/example_dags/example_xcomargs.py
[2025-12-26T22:16:54.607+0530] {processor.py:830} INFO - Processing file /home/sathya/projects/training-kit/.venv-airflow/lib/python3.10/site-packages/airflow/example_dags/example_xcomargs.py for tasks to queue
[2025-12-26T22:16:54.608+0530] {logging_mixin.py:188} INFO - [2025-12-26T22:16:54.608+0530] {dagbag.py:545} INFO - Filling up the DagBag from /home/sathya/projects/training-kit/.venv-airflow/lib/python3.10/site-packages/airflow/example_dags/example_xcomargs.py
[2025-12-26T22:16:54.620+0530] {processor.py:840} INFO - DAG(s) 'example_xcom_args_with_operators', 'example_xcom_args' retrieved from /home/sathya/projects/training-kit/.venv-airflow/lib/python3.10/site-packages/airflow/example_dags/example_xcomargs.py
[2025-12-26T22:16:54.637+0530] {logging_mixin.py:188} INFO - [2025-12-26T22:16:54.637+0530] {dag.py:3089} INFO - Sync 2 DAGs
[2025-12-26T22:16:54.650+0530] {logging_mixin.py:188} INFO - [2025-12-26T22:16:54.650+0530] {dag.py:3947} INFO - Setting next_dagrun for example_xcom_args to None, run_after=None
[2025-12-26T22:16:54.653+0530] {logging_mixin.py:188} INFO - [2025-12-26T22:16:54.653+0530] {dag.py:3947} INFO - Setting next_dagrun for example_xcom_args_with_operators to None, run_after=None
[2025-12-26T22:16:54.675+0530] {processor.py:183} INFO - Processing /home/sathya/projects/training-kit/.venv-airflow/lib/python3.10/site-packages/airflow/example_dags/example_xcomargs.py took 0.076 seconds
[2025-12-26T22:17:06.313+0530] {processor.py:161} INFO - Started process (PID=5297) to work on /home/sathya/projects/training-kit/.venv-airflow/lib/python3.10/site-packages/airflow/example_dags/example_xcomargs.py
[2025-12-26T22:17:06.314+0530] {processor.py:830} INFO - Processing file /home/sathya/projects/training-kit/.venv-airflow/lib/python3.10/site-packages/airflow/example_dags/example_xcomargs.py for tasks to queue
[2025-12-26T22:17:06.316+0530] {logging_mixin.py:188} INFO - [2025-12-26T22:17:06.315+0530] {dagbag.py:545} INFO - Filling up the DagBag from /home/sathya/projects/training-kit/.venv-airflow/lib/python3.10/site-packages/airflow/example_dags/example_xcomargs.py
[2025-12-26T22:17:06.331+0530] {processor.py:840} INFO - DAG(s) 'example_xcom_args_with_operators', 'example_xcom_args' retrieved from /home/sathya/projects/training-kit/.venv-airflow/lib/python3.10/site-packages/airflow/example_dags/example_xcomargs.py
[2025-12-26T22:17:06.350+0530] {logging_mixin.py:188} INFO - [2025-12-26T22:17:06.350+0530] {dag.py:3089} INFO - Sync 2 DAGs
[2025-12-26T22:17:06.361+0530] {logging_mixin.py:188} INFO - [2025-12-26T22:17:06.361+0530] {dag.py:3947} INFO - Setting next_dagrun for example_xcom_args to None, run_after=None
[2025-12-26T22:17:06.364+0530] {logging_mixin.py:188} INFO - [2025-12-26T22:17:06.364+0530] {dag.py:3947} INFO - Setting next_dagrun for example_xcom_args_with_operators to None, run_after=None
[2025-12-26T22:17:06.391+0530] {processor.py:183} INFO - Processing /home/sathya/projects/training-kit/.venv-airflow/lib/python3.10/site-packages/airflow/example_dags/example_xcomargs.py took 0.086 seconds
[2025-12-26T22:20:01.186+0530] {processor.py:161} INFO - Started process (PID=5854) to work on /home/sathya/projects/training-kit/.venv-airflow/lib/python3.10/site-packages/airflow/example_dags/example_xcomargs.py
[2025-12-26T22:20:01.193+0530] {processor.py:830} INFO - Processing file /home/sathya/projects/training-kit/.venv-airflow/lib/python3.10/site-packages/airflow/example_dags/example_xcomargs.py for tasks to queue
[2025-12-26T22:20:01.195+0530] {logging_mixin.py:188} INFO - [2025-12-26T22:20:01.194+0530] {dagbag.py:545} INFO - Filling up the DagBag from /home/sathya/projects/training-kit/.venv-airflow/lib/python3.10/site-packages/airflow/example_dags/example_xcomargs.py
[2025-12-26T22:20:01.202+0530] {processor.py:840} INFO - DAG(s) 'example_xcom_args', 'example_xcom_args_with_operators' retrieved from /home/sathya/projects/training-kit/.venv-airflow/lib/python3.10/site-packages/airflow/example_dags/example_xcomargs.py
[2025-12-26T22:20:01.218+0530] {logging_mixin.py:188} INFO - [2025-12-26T22:20:01.217+0530] {dag.py:3089} INFO - Sync 2 DAGs
[2025-12-26T22:20:01.226+0530] {logging_mixin.py:188} INFO - [2025-12-26T22:20:01.226+0530] {dag.py:3947} INFO - Setting next_dagrun for example_xcom_args to None, run_after=None
[2025-12-26T22:20:01.230+0530] {logging_mixin.py:188} INFO - [2025-12-26T22:20:01.229+0530] {dag.py:3947} INFO - Setting next_dagrun for example_xcom_args_with_operators to None, run_after=None
[2025-12-26T22:20:01.250+0530] {processor.py:183} INFO - Processing /home/sathya/projects/training-kit/.venv-airflow/lib/python3.10/site-packages/airflow/example_dags/example_xcomargs.py took 0.069 seconds
[2025-12-26T22:25:38.757+0530] {processor.py:161} INFO - Started process (PID=6540) to work on /home/sathya/projects/training-kit/.venv-airflow/lib/python3.10/site-packages/airflow/example_dags/example_xcomargs.py
[2025-12-26T22:25:38.763+0530] {processor.py:830} INFO - Processing file /home/sathya/projects/training-kit/.venv-airflow/lib/python3.10/site-packages/airflow/example_dags/example_xcomargs.py for tasks to queue
[2025-12-26T22:25:38.764+0530] {logging_mixin.py:188} INFO - [2025-12-26T22:25:38.764+0530] {dagbag.py:545} INFO - Filling up the DagBag from /home/sathya/projects/training-kit/.venv-airflow/lib/python3.10/site-packages/airflow/example_dags/example_xcomargs.py
[2025-12-26T22:25:38.770+0530] {processor.py:840} INFO - DAG(s) 'example_xcom_args_with_operators', 'example_xcom_args' retrieved from /home/sathya/projects/training-kit/.venv-airflow/lib/python3.10/site-packages/airflow/example_dags/example_xcomargs.py
[2025-12-26T22:25:38.783+0530] {logging_mixin.py:188} INFO - [2025-12-26T22:25:38.783+0530] {dag.py:3089} INFO - Sync 2 DAGs
[2025-12-26T22:25:38.791+0530] {logging_mixin.py:188} INFO - [2025-12-26T22:25:38.791+0530] {dag.py:3947} INFO - Setting next_dagrun for example_xcom_args to None, run_after=None
[2025-12-26T22:25:38.793+0530] {logging_mixin.py:188} INFO - [2025-12-26T22:25:38.793+0530] {dag.py:3947} INFO - Setting next_dagrun for example_xcom_args_with_operators to None, run_after=None
[2025-12-26T22:25:38.810+0530] {processor.py:183} INFO - Processing /home/sathya/projects/training-kit/.venv-airflow/lib/python3.10/site-packages/airflow/example_dags/example_xcomargs.py took 0.057 seconds
[2025-12-26T22:31:15.547+0530] {processor.py:161} INFO - Started process (PID=7214) to work on /home/sathya/projects/training-kit/.venv-airflow/lib/python3.10/site-packages/airflow/example_dags/example_xcomargs.py
[2025-12-26T22:31:15.548+0530] {processor.py:830} INFO - Processing file /home/sathya/projects/training-kit/.venv-airflow/lib/python3.10/site-packages/airflow/example_dags/example_xcomargs.py for tasks to queue
[2025-12-26T22:31:15.549+0530] {logging_mixin.py:188} INFO - [2025-12-26T22:31:15.549+0530] {dagbag.py:545} INFO - Filling up the DagBag from /home/sathya/projects/training-kit/.venv-airflow/lib/python3.10/site-packages/airflow/example_dags/example_xcomargs.py
[2025-12-26T22:31:15.558+0530] {processor.py:840} INFO - DAG(s) 'example_xcom_args', 'example_xcom_args_with_operators' retrieved from /home/sathya/projects/training-kit/.venv-airflow/lib/python3.10/site-packages/airflow/example_dags/example_xcomargs.py
[2025-12-26T22:31:15.573+0530] {logging_mixin.py:188} INFO - [2025-12-26T22:31:15.573+0530] {dag.py:3089} INFO - Sync 2 DAGs
[2025-12-26T22:31:15.582+0530] {logging_mixin.py:188} INFO - [2025-12-26T22:31:15.582+0530] {dag.py:3947} INFO - Setting next_dagrun for example_xcom_args to None, run_after=None
[2025-12-26T22:31:15.585+0530] {logging_mixin.py:188} INFO - [2025-12-26T22:31:15.584+0530] {dag.py:3947} INFO - Setting next_dagrun for example_xcom_args_with_operators to None, run_after=None
[2025-12-26T22:31:15.604+0530] {processor.py:183} INFO - Processing /home/sathya/projects/training-kit/.venv-airflow/lib/python3.10/site-packages/airflow/example_dags/example_xcomargs.py took 0.063 seconds
[2025-12-26T22:37:19.798+0530] {processor.py:161} INFO - Started process (PID=7971) to work on /home/sathya/projects/training-kit/.venv-airflow/lib/python3.10/site-packages/airflow/example_dags/example_xcomargs.py
[2025-12-26T22:37:19.799+0530] {processor.py:830} INFO - Processing file /home/sathya/projects/training-kit/.venv-airflow/lib/python3.10/site-packages/airflow/example_dags/example_xcomargs.py for tasks to queue
[2025-12-26T22:37:19.801+0530] {logging_mixin.py:188} INFO - [2025-12-26T22:37:19.800+0530] {dagbag.py:545} INFO - Filling up the DagBag from /home/sathya/projects/training-kit/.venv-airflow/lib/python3.10/site-packages/airflow/example_dags/example_xcomargs.py
[2025-12-26T22:37:19.811+0530] {processor.py:840} INFO - DAG(s) 'example_xcom_args', 'example_xcom_args_with_operators' retrieved from /home/sathya/projects/training-kit/.venv-airflow/lib/python3.10/site-packages/airflow/example_dags/example_xcomargs.py
[2025-12-26T22:37:19.832+0530] {logging_mixin.py:188} INFO - [2025-12-26T22:37:19.832+0530] {dag.py:3089} INFO - Sync 2 DAGs
[2025-12-26T22:37:19.847+0530] {logging_mixin.py:188} INFO - [2025-12-26T22:37:19.846+0530] {dag.py:3947} INFO - Setting next_dagrun for example_xcom_args to None, run_after=None
[2025-12-26T22:37:19.850+0530] {logging_mixin.py:188} INFO - [2025-12-26T22:37:19.849+0530] {dag.py:3947} INFO - Setting next_dagrun for example_xcom_args_with_operators to None, run_after=None
[2025-12-26T22:37:19.872+0530] {processor.py:183} INFO - Processing /home/sathya/projects/training-kit/.venv-airflow/lib/python3.10/site-packages/airflow/example_dags/example_xcomargs.py took 0.081 seconds
[2025-12-26T22:43:18.208+0530] {processor.py:161} INFO - Started process (PID=8666) to work on /home/sathya/projects/training-kit/.venv-airflow/lib/python3.10/site-packages/airflow/example_dags/example_xcomargs.py
[2025-12-26T22:43:18.210+0530] {processor.py:830} INFO - Processing file /home/sathya/projects/training-kit/.venv-airflow/lib/python3.10/site-packages/airflow/example_dags/example_xcomargs.py for tasks to queue
[2025-12-26T22:43:18.211+0530] {logging_mixin.py:188} INFO - [2025-12-26T22:43:18.211+0530] {dagbag.py:545} INFO - Filling up the DagBag from /home/sathya/projects/training-kit/.venv-airflow/lib/python3.10/site-packages/airflow/example_dags/example_xcomargs.py
[2025-12-26T22:43:18.218+0530] {processor.py:840} INFO - DAG(s) 'example_xcom_args', 'example_xcom_args_with_operators' retrieved from /home/sathya/projects/training-kit/.venv-airflow/lib/python3.10/site-packages/airflow/example_dags/example_xcomargs.py
[2025-12-26T22:43:18.233+0530] {logging_mixin.py:188} INFO - [2025-12-26T22:43:18.233+0530] {dag.py:3089} INFO - Sync 2 DAGs
[2025-12-26T22:43:18.242+0530] {logging_mixin.py:188} INFO - [2025-12-26T22:43:18.242+0530] {dag.py:3947} INFO - Setting next_dagrun for example_xcom_args to None, run_after=None
[2025-12-26T22:43:18.245+0530] {logging_mixin.py:188} INFO - [2025-12-26T22:43:18.244+0530] {dag.py:3947} INFO - Setting next_dagrun for example_xcom_args_with_operators to None, run_after=None
[2025-12-26T22:43:18.263+0530] {processor.py:183} INFO - Processing /home/sathya/projects/training-kit/.venv-airflow/lib/python3.10/site-packages/airflow/example_dags/example_xcomargs.py took 0.061 seconds
[2025-12-26T22:47:54.922+0530] {processor.py:161} INFO - Started process (PID=9271) to work on /home/sathya/projects/training-kit/.venv-airflow/lib/python3.10/site-packages/airflow/example_dags/example_xcomargs.py
[2025-12-26T22:47:54.928+0530] {processor.py:830} INFO - Processing file /home/sathya/projects/training-kit/.venv-airflow/lib/python3.10/site-packages/airflow/example_dags/example_xcomargs.py for tasks to queue
[2025-12-26T22:47:54.930+0530] {logging_mixin.py:188} INFO - [2025-12-26T22:47:54.929+0530] {dagbag.py:545} INFO - Filling up the DagBag from /home/sathya/projects/training-kit/.venv-airflow/lib/python3.10/site-packages/airflow/example_dags/example_xcomargs.py
[2025-12-26T22:47:54.936+0530] {processor.py:840} INFO - DAG(s) 'example_xcom_args', 'example_xcom_args_with_operators' retrieved from /home/sathya/projects/training-kit/.venv-airflow/lib/python3.10/site-packages/airflow/example_dags/example_xcomargs.py
[2025-12-26T22:47:54.949+0530] {logging_mixin.py:188} INFO - [2025-12-26T22:47:54.949+0530] {dag.py:3089} INFO - Sync 2 DAGs
[2025-12-26T22:47:54.958+0530] {logging_mixin.py:188} INFO - [2025-12-26T22:47:54.958+0530] {dag.py:3947} INFO - Setting next_dagrun for example_xcom_args to None, run_after=None
[2025-12-26T22:47:54.960+0530] {logging_mixin.py:188} INFO - [2025-12-26T22:47:54.960+0530] {dag.py:3947} INFO - Setting next_dagrun for example_xcom_args_with_operators to None, run_after=None
[2025-12-26T22:47:54.979+0530] {processor.py:183} INFO - Processing /home/sathya/projects/training-kit/.venv-airflow/lib/python3.10/site-packages/airflow/example_dags/example_xcomargs.py took 0.062 seconds
[2025-12-26T22:53:45.710+0530] {processor.py:161} INFO - Started process (PID=9960) to work on /home/sathya/projects/training-kit/.venv-airflow/lib/python3.10/site-packages/airflow/example_dags/example_xcomargs.py
[2025-12-26T22:53:45.712+0530] {processor.py:830} INFO - Processing file /home/sathya/projects/training-kit/.venv-airflow/lib/python3.10/site-packages/airflow/example_dags/example_xcomargs.py for tasks to queue
[2025-12-26T22:53:45.713+0530] {logging_mixin.py:188} INFO - [2025-12-26T22:53:45.713+0530] {dagbag.py:545} INFO - Filling up the DagBag from /home/sathya/projects/training-kit/.venv-airflow/lib/python3.10/site-packages/airflow/example_dags/example_xcomargs.py
[2025-12-26T22:53:45.722+0530] {processor.py:840} INFO - DAG(s) 'example_xcom_args', 'example_xcom_args_with_operators' retrieved from /home/sathya/projects/training-kit/.venv-airflow/lib/python3.10/site-packages/airflow/example_dags/example_xcomargs.py
[2025-12-26T22:53:45.739+0530] {logging_mixin.py:188} INFO - [2025-12-26T22:53:45.739+0530] {dag.py:3089} INFO - Sync 2 DAGs
[2025-12-26T22:53:45.748+0530] {logging_mixin.py:188} INFO - [2025-12-26T22:53:45.748+0530] {dag.py:3947} INFO - Setting next_dagrun for example_xcom_args to None, run_after=None
[2025-12-26T22:53:45.750+0530] {logging_mixin.py:188} INFO - [2025-12-26T22:53:45.750+0530] {dag.py:3947} INFO - Setting next_dagrun for example_xcom_args_with_operators to None, run_after=None
[2025-12-26T22:53:45.772+0530] {processor.py:183} INFO - Processing /home/sathya/projects/training-kit/.venv-airflow/lib/python3.10/site-packages/airflow/example_dags/example_xcomargs.py took 0.067 seconds
[2025-12-26T22:59:41.818+0530] {processor.py:161} INFO - Started process (PID=10637) to work on /home/sathya/projects/training-kit/.venv-airflow/lib/python3.10/site-packages/airflow/example_dags/example_xcomargs.py
[2025-12-26T22:59:41.819+0530] {processor.py:830} INFO - Processing file /home/sathya/projects/training-kit/.venv-airflow/lib/python3.10/site-packages/airflow/example_dags/example_xcomargs.py for tasks to queue
[2025-12-26T22:59:41.821+0530] {logging_mixin.py:188} INFO - [2025-12-26T22:59:41.820+0530] {dagbag.py:545} INFO - Filling up the DagBag from /home/sathya/projects/training-kit/.venv-airflow/lib/python3.10/site-packages/airflow/example_dags/example_xcomargs.py
[2025-12-26T22:59:41.828+0530] {processor.py:840} INFO - DAG(s) 'example_xcom_args', 'example_xcom_args_with_operators' retrieved from /home/sathya/projects/training-kit/.venv-airflow/lib/python3.10/site-packages/airflow/example_dags/example_xcomargs.py
[2025-12-26T22:59:41.853+0530] {logging_mixin.py:188} INFO - [2025-12-26T22:59:41.853+0530] {dag.py:3089} INFO - Sync 2 DAGs
[2025-12-26T22:59:41.865+0530] {logging_mixin.py:188} INFO - [2025-12-26T22:59:41.864+0530] {dag.py:3947} INFO - Setting next_dagrun for example_xcom_args to None, run_after=None
[2025-12-26T22:59:41.867+0530] {logging_mixin.py:188} INFO - [2025-12-26T22:59:41.867+0530] {dag.py:3947} INFO - Setting next_dagrun for example_xcom_args_with_operators to None, run_after=None
[2025-12-26T22:59:41.892+0530] {processor.py:183} INFO - Processing /home/sathya/projects/training-kit/.venv-airflow/lib/python3.10/site-packages/airflow/example_dags/example_xcomargs.py took 0.081 seconds
[2025-12-26T23:07:50.046+0530] {processor.py:161} INFO - Started process (PID=11417) to work on /home/sathya/projects/training-kit/.venv-airflow/lib/python3.10/site-packages/airflow/example_dags/example_xcomargs.py
[2025-12-26T23:07:50.047+0530] {processor.py:830} INFO - Processing file /home/sathya/projects/training-kit/.venv-airflow/lib/python3.10/site-packages/airflow/example_dags/example_xcomargs.py for tasks to queue
[2025-12-26T23:07:50.048+0530] {logging_mixin.py:188} INFO - [2025-12-26T23:07:50.048+0530] {dagbag.py:545} INFO - Filling up the DagBag from /home/sathya/projects/training-kit/.venv-airflow/lib/python3.10/site-packages/airflow/example_dags/example_xcomargs.py
[2025-12-26T23:07:50.059+0530] {processor.py:840} INFO - DAG(s) 'example_xcom_args_with_operators', 'example_xcom_args' retrieved from /home/sathya/projects/training-kit/.venv-airflow/lib/python3.10/site-packages/airflow/example_dags/example_xcomargs.py
[2025-12-26T23:07:50.076+0530] {logging_mixin.py:188} INFO - [2025-12-26T23:07:50.076+0530] {dag.py:3089} INFO - Sync 2 DAGs
[2025-12-26T23:07:50.085+0530] {logging_mixin.py:188} INFO - [2025-12-26T23:07:50.085+0530] {dag.py:3947} INFO - Setting next_dagrun for example_xcom_args to None, run_after=None
[2025-12-26T23:07:50.088+0530] {logging_mixin.py:188} INFO - [2025-12-26T23:07:50.088+0530] {dag.py:3947} INFO - Setting next_dagrun for example_xcom_args_with_operators to None, run_after=None
[2025-12-26T23:07:50.109+0530] {processor.py:183} INFO - Processing /home/sathya/projects/training-kit/.venv-airflow/lib/python3.10/site-packages/airflow/example_dags/example_xcomargs.py took 0.069 seconds
