[2025-12-26T21:52:53.532+0530] {processor.py:161} INFO - Started process (PID=1347) to work on /home/sathya/projects/training-kit/.venv-airflow/lib/python3.10/site-packages/airflow/example_dags/example_kubernetes_executor.py
[2025-12-26T21:52:53.533+0530] {processor.py:830} INFO - Processing file /home/sathya/projects/training-kit/.venv-airflow/lib/python3.10/site-packages/airflow/example_dags/example_kubernetes_executor.py for tasks to queue
[2025-12-26T21:52:53.536+0530] {logging_mixin.py:188} INFO - [2025-12-26T21:52:53.535+0530] {dagbag.py:545} INFO - Filling up the DagBag from /home/sathya/projects/training-kit/.venv-airflow/lib/python3.10/site-packages/airflow/example_dags/example_kubernetes_executor.py
[2025-12-26T21:52:53.540+0530] {logging_mixin.py:188} INFO - [2025-12-26T21:52:53.540+0530] {example_kubernetes_executor.py:39} WARNING - The example_kubernetes_executor example DAG requires the kubernetes provider. Please install it with: pip install apache-airflow[cncf.kubernetes]
[2025-12-26T21:52:53.541+0530] {processor.py:842} WARNING - No viable dags retrieved from /home/sathya/projects/training-kit/.venv-airflow/lib/python3.10/site-packages/airflow/example_dags/example_kubernetes_executor.py
[2025-12-26T21:52:53.554+0530] {processor.py:183} INFO - Processing /home/sathya/projects/training-kit/.venv-airflow/lib/python3.10/site-packages/airflow/example_dags/example_kubernetes_executor.py took 0.028 seconds
[2025-12-26T21:53:47.626+0530] {processor.py:161} INFO - Started process (PID=1478) to work on /home/sathya/projects/training-kit/.venv-airflow/lib/python3.10/site-packages/airflow/example_dags/example_kubernetes_executor.py
[2025-12-26T21:53:47.632+0530] {processor.py:830} INFO - Processing file /home/sathya/projects/training-kit/.venv-airflow/lib/python3.10/site-packages/airflow/example_dags/example_kubernetes_executor.py for tasks to queue
[2025-12-26T21:53:47.635+0530] {logging_mixin.py:188} INFO - [2025-12-26T21:53:47.634+0530] {dagbag.py:545} INFO - Filling up the DagBag from /home/sathya/projects/training-kit/.venv-airflow/lib/python3.10/site-packages/airflow/example_dags/example_kubernetes_executor.py
[2025-12-26T21:53:47.638+0530] {logging_mixin.py:188} INFO - [2025-12-26T21:53:47.638+0530] {example_kubernetes_executor.py:39} WARNING - The example_kubernetes_executor example DAG requires the kubernetes provider. Please install it with: pip install apache-airflow[cncf.kubernetes]
[2025-12-26T21:53:47.639+0530] {processor.py:842} WARNING - No viable dags retrieved from /home/sathya/projects/training-kit/.venv-airflow/lib/python3.10/site-packages/airflow/example_dags/example_kubernetes_executor.py
[2025-12-26T21:53:47.653+0530] {processor.py:183} INFO - Processing /home/sathya/projects/training-kit/.venv-airflow/lib/python3.10/site-packages/airflow/example_dags/example_kubernetes_executor.py took 0.035 seconds
[2025-12-26T21:55:01.114+0530] {processor.py:161} INFO - Started process (PID=1634) to work on /home/sathya/projects/training-kit/.venv-airflow/lib/python3.10/site-packages/airflow/example_dags/example_kubernetes_executor.py
[2025-12-26T21:55:01.122+0530] {processor.py:830} INFO - Processing file /home/sathya/projects/training-kit/.venv-airflow/lib/python3.10/site-packages/airflow/example_dags/example_kubernetes_executor.py for tasks to queue
[2025-12-26T21:55:01.124+0530] {logging_mixin.py:188} INFO - [2025-12-26T21:55:01.123+0530] {dagbag.py:545} INFO - Filling up the DagBag from /home/sathya/projects/training-kit/.venv-airflow/lib/python3.10/site-packages/airflow/example_dags/example_kubernetes_executor.py
[2025-12-26T21:55:01.128+0530] {logging_mixin.py:188} INFO - [2025-12-26T21:55:01.127+0530] {example_kubernetes_executor.py:39} WARNING - The example_kubernetes_executor example DAG requires the kubernetes provider. Please install it with: pip install apache-airflow[cncf.kubernetes]
[2025-12-26T21:55:01.128+0530] {processor.py:842} WARNING - No viable dags retrieved from /home/sathya/projects/training-kit/.venv-airflow/lib/python3.10/site-packages/airflow/example_dags/example_kubernetes_executor.py
[2025-12-26T21:55:01.148+0530] {processor.py:183} INFO - Processing /home/sathya/projects/training-kit/.venv-airflow/lib/python3.10/site-packages/airflow/example_dags/example_kubernetes_executor.py took 0.044 seconds
[2025-12-26T21:55:49.724+0530] {processor.py:161} INFO - Started process (PID=1777) to work on /home/sathya/projects/training-kit/.venv-airflow/lib/python3.10/site-packages/airflow/example_dags/example_kubernetes_executor.py
[2025-12-26T21:55:49.739+0530] {processor.py:830} INFO - Processing file /home/sathya/projects/training-kit/.venv-airflow/lib/python3.10/site-packages/airflow/example_dags/example_kubernetes_executor.py for tasks to queue
[2025-12-26T21:55:49.741+0530] {logging_mixin.py:188} INFO - [2025-12-26T21:55:49.740+0530] {dagbag.py:545} INFO - Filling up the DagBag from /home/sathya/projects/training-kit/.venv-airflow/lib/python3.10/site-packages/airflow/example_dags/example_kubernetes_executor.py
[2025-12-26T21:55:49.744+0530] {logging_mixin.py:188} INFO - [2025-12-26T21:55:49.744+0530] {example_kubernetes_executor.py:39} WARNING - The example_kubernetes_executor example DAG requires the kubernetes provider. Please install it with: pip install apache-airflow[cncf.kubernetes]
[2025-12-26T21:55:49.744+0530] {processor.py:842} WARNING - No viable dags retrieved from /home/sathya/projects/training-kit/.venv-airflow/lib/python3.10/site-packages/airflow/example_dags/example_kubernetes_executor.py
[2025-12-26T21:55:49.758+0530] {processor.py:183} INFO - Processing /home/sathya/projects/training-kit/.venv-airflow/lib/python3.10/site-packages/airflow/example_dags/example_kubernetes_executor.py took 0.044 seconds
[2025-12-26T21:56:16.983+0530] {processor.py:161} INFO - Started process (PID=1857) to work on /home/sathya/projects/training-kit/.venv-airflow/lib/python3.10/site-packages/airflow/example_dags/example_kubernetes_executor.py
[2025-12-26T21:56:16.990+0530] {processor.py:830} INFO - Processing file /home/sathya/projects/training-kit/.venv-airflow/lib/python3.10/site-packages/airflow/example_dags/example_kubernetes_executor.py for tasks to queue
[2025-12-26T21:56:16.992+0530] {logging_mixin.py:188} INFO - [2025-12-26T21:56:16.992+0530] {dagbag.py:545} INFO - Filling up the DagBag from /home/sathya/projects/training-kit/.venv-airflow/lib/python3.10/site-packages/airflow/example_dags/example_kubernetes_executor.py
[2025-12-26T21:56:16.996+0530] {logging_mixin.py:188} INFO - [2025-12-26T21:56:16.996+0530] {example_kubernetes_executor.py:39} WARNING - The example_kubernetes_executor example DAG requires the kubernetes provider. Please install it with: pip install apache-airflow[cncf.kubernetes]
[2025-12-26T21:56:16.997+0530] {processor.py:842} WARNING - No viable dags retrieved from /home/sathya/projects/training-kit/.venv-airflow/lib/python3.10/site-packages/airflow/example_dags/example_kubernetes_executor.py
[2025-12-26T21:56:17.013+0530] {processor.py:183} INFO - Processing /home/sathya/projects/training-kit/.venv-airflow/lib/python3.10/site-packages/airflow/example_dags/example_kubernetes_executor.py took 0.036 seconds
[2025-12-26T21:56:46.949+0530] {processor.py:161} INFO - Started process (PID=1939) to work on /home/sathya/projects/training-kit/.venv-airflow/lib/python3.10/site-packages/airflow/example_dags/example_kubernetes_executor.py
[2025-12-26T21:56:46.957+0530] {processor.py:830} INFO - Processing file /home/sathya/projects/training-kit/.venv-airflow/lib/python3.10/site-packages/airflow/example_dags/example_kubernetes_executor.py for tasks to queue
[2025-12-26T21:56:46.960+0530] {logging_mixin.py:188} INFO - [2025-12-26T21:56:46.960+0530] {dagbag.py:545} INFO - Filling up the DagBag from /home/sathya/projects/training-kit/.venv-airflow/lib/python3.10/site-packages/airflow/example_dags/example_kubernetes_executor.py
[2025-12-26T21:56:46.969+0530] {logging_mixin.py:188} INFO - [2025-12-26T21:56:46.968+0530] {example_kubernetes_executor.py:39} WARNING - The example_kubernetes_executor example DAG requires the kubernetes provider. Please install it with: pip install apache-airflow[cncf.kubernetes]
[2025-12-26T21:56:46.969+0530] {processor.py:842} WARNING - No viable dags retrieved from /home/sathya/projects/training-kit/.venv-airflow/lib/python3.10/site-packages/airflow/example_dags/example_kubernetes_executor.py
[2025-12-26T21:56:47.002+0530] {processor.py:183} INFO - Processing /home/sathya/projects/training-kit/.venv-airflow/lib/python3.10/site-packages/airflow/example_dags/example_kubernetes_executor.py took 0.070 seconds
[2025-12-26T21:57:12.906+0530] {processor.py:161} INFO - Started process (PID=2016) to work on /home/sathya/projects/training-kit/.venv-airflow/lib/python3.10/site-packages/airflow/example_dags/example_kubernetes_executor.py
[2025-12-26T21:57:12.907+0530] {processor.py:830} INFO - Processing file /home/sathya/projects/training-kit/.venv-airflow/lib/python3.10/site-packages/airflow/example_dags/example_kubernetes_executor.py for tasks to queue
[2025-12-26T21:57:12.909+0530] {logging_mixin.py:188} INFO - [2025-12-26T21:57:12.909+0530] {dagbag.py:545} INFO - Filling up the DagBag from /home/sathya/projects/training-kit/.venv-airflow/lib/python3.10/site-packages/airflow/example_dags/example_kubernetes_executor.py
[2025-12-26T21:57:12.916+0530] {logging_mixin.py:188} INFO - [2025-12-26T21:57:12.916+0530] {example_kubernetes_executor.py:39} WARNING - The example_kubernetes_executor example DAG requires the kubernetes provider. Please install it with: pip install apache-airflow[cncf.kubernetes]
[2025-12-26T21:57:12.916+0530] {processor.py:842} WARNING - No viable dags retrieved from /home/sathya/projects/training-kit/.venv-airflow/lib/python3.10/site-packages/airflow/example_dags/example_kubernetes_executor.py
[2025-12-26T21:57:12.940+0530] {processor.py:183} INFO - Processing /home/sathya/projects/training-kit/.venv-airflow/lib/python3.10/site-packages/airflow/example_dags/example_kubernetes_executor.py took 0.050 seconds
[2025-12-26T21:57:49.053+0530] {processor.py:161} INFO - Started process (PID=2125) to work on /home/sathya/projects/training-kit/.venv-airflow/lib/python3.10/site-packages/airflow/example_dags/example_kubernetes_executor.py
[2025-12-26T21:57:49.060+0530] {processor.py:830} INFO - Processing file /home/sathya/projects/training-kit/.venv-airflow/lib/python3.10/site-packages/airflow/example_dags/example_kubernetes_executor.py for tasks to queue
[2025-12-26T21:57:49.062+0530] {logging_mixin.py:188} INFO - [2025-12-26T21:57:49.061+0530] {dagbag.py:545} INFO - Filling up the DagBag from /home/sathya/projects/training-kit/.venv-airflow/lib/python3.10/site-packages/airflow/example_dags/example_kubernetes_executor.py
[2025-12-26T21:57:49.065+0530] {logging_mixin.py:188} INFO - [2025-12-26T21:57:49.065+0530] {example_kubernetes_executor.py:39} WARNING - The example_kubernetes_executor example DAG requires the kubernetes provider. Please install it with: pip install apache-airflow[cncf.kubernetes]
[2025-12-26T21:57:49.065+0530] {processor.py:842} WARNING - No viable dags retrieved from /home/sathya/projects/training-kit/.venv-airflow/lib/python3.10/site-packages/airflow/example_dags/example_kubernetes_executor.py
[2025-12-26T21:57:49.078+0530] {processor.py:183} INFO - Processing /home/sathya/projects/training-kit/.venv-airflow/lib/python3.10/site-packages/airflow/example_dags/example_kubernetes_executor.py took 0.033 seconds
[2025-12-26T21:58:21.069+0530] {processor.py:161} INFO - Started process (PID=2231) to work on /home/sathya/projects/training-kit/.venv-airflow/lib/python3.10/site-packages/airflow/example_dags/example_kubernetes_executor.py
[2025-12-26T21:58:21.077+0530] {processor.py:830} INFO - Processing file /home/sathya/projects/training-kit/.venv-airflow/lib/python3.10/site-packages/airflow/example_dags/example_kubernetes_executor.py for tasks to queue
[2025-12-26T21:58:21.081+0530] {logging_mixin.py:188} INFO - [2025-12-26T21:58:21.080+0530] {dagbag.py:545} INFO - Filling up the DagBag from /home/sathya/projects/training-kit/.venv-airflow/lib/python3.10/site-packages/airflow/example_dags/example_kubernetes_executor.py
[2025-12-26T21:58:21.086+0530] {logging_mixin.py:188} INFO - [2025-12-26T21:58:21.086+0530] {example_kubernetes_executor.py:39} WARNING - The example_kubernetes_executor example DAG requires the kubernetes provider. Please install it with: pip install apache-airflow[cncf.kubernetes]
[2025-12-26T21:58:21.087+0530] {processor.py:842} WARNING - No viable dags retrieved from /home/sathya/projects/training-kit/.venv-airflow/lib/python3.10/site-packages/airflow/example_dags/example_kubernetes_executor.py
[2025-12-26T21:58:21.101+0530] {processor.py:183} INFO - Processing /home/sathya/projects/training-kit/.venv-airflow/lib/python3.10/site-packages/airflow/example_dags/example_kubernetes_executor.py took 0.038 seconds
[2025-12-26T21:58:57.123+0530] {processor.py:161} INFO - Started process (PID=2346) to work on /home/sathya/projects/training-kit/.venv-airflow/lib/python3.10/site-packages/airflow/example_dags/example_kubernetes_executor.py
[2025-12-26T21:58:57.124+0530] {processor.py:830} INFO - Processing file /home/sathya/projects/training-kit/.venv-airflow/lib/python3.10/site-packages/airflow/example_dags/example_kubernetes_executor.py for tasks to queue
[2025-12-26T21:58:57.128+0530] {logging_mixin.py:188} INFO - [2025-12-26T21:58:57.127+0530] {dagbag.py:545} INFO - Filling up the DagBag from /home/sathya/projects/training-kit/.venv-airflow/lib/python3.10/site-packages/airflow/example_dags/example_kubernetes_executor.py
[2025-12-26T21:58:57.131+0530] {logging_mixin.py:188} INFO - [2025-12-26T21:58:57.131+0530] {example_kubernetes_executor.py:39} WARNING - The example_kubernetes_executor example DAG requires the kubernetes provider. Please install it with: pip install apache-airflow[cncf.kubernetes]
[2025-12-26T21:58:57.131+0530] {processor.py:842} WARNING - No viable dags retrieved from /home/sathya/projects/training-kit/.venv-airflow/lib/python3.10/site-packages/airflow/example_dags/example_kubernetes_executor.py
[2025-12-26T21:58:57.143+0530] {processor.py:183} INFO - Processing /home/sathya/projects/training-kit/.venv-airflow/lib/python3.10/site-packages/airflow/example_dags/example_kubernetes_executor.py took 0.030 seconds
[2025-12-26T21:59:35.155+0530] {processor.py:161} INFO - Started process (PID=2458) to work on /home/sathya/projects/training-kit/.venv-airflow/lib/python3.10/site-packages/airflow/example_dags/example_kubernetes_executor.py
[2025-12-26T21:59:35.162+0530] {processor.py:830} INFO - Processing file /home/sathya/projects/training-kit/.venv-airflow/lib/python3.10/site-packages/airflow/example_dags/example_kubernetes_executor.py for tasks to queue
[2025-12-26T21:59:35.164+0530] {logging_mixin.py:188} INFO - [2025-12-26T21:59:35.163+0530] {dagbag.py:545} INFO - Filling up the DagBag from /home/sathya/projects/training-kit/.venv-airflow/lib/python3.10/site-packages/airflow/example_dags/example_kubernetes_executor.py
[2025-12-26T21:59:35.167+0530] {logging_mixin.py:188} INFO - [2025-12-26T21:59:35.167+0530] {example_kubernetes_executor.py:39} WARNING - The example_kubernetes_executor example DAG requires the kubernetes provider. Please install it with: pip install apache-airflow[cncf.kubernetes]
[2025-12-26T21:59:35.167+0530] {processor.py:842} WARNING - No viable dags retrieved from /home/sathya/projects/training-kit/.venv-airflow/lib/python3.10/site-packages/airflow/example_dags/example_kubernetes_executor.py
[2025-12-26T21:59:35.181+0530] {processor.py:183} INFO - Processing /home/sathya/projects/training-kit/.venv-airflow/lib/python3.10/site-packages/airflow/example_dags/example_kubernetes_executor.py took 0.039 seconds
[2025-12-26T22:00:02.869+0530] {processor.py:161} INFO - Started process (PID=2574) to work on /home/sathya/projects/training-kit/.venv-airflow/lib/python3.10/site-packages/airflow/example_dags/example_kubernetes_executor.py
[2025-12-26T22:00:02.876+0530] {processor.py:830} INFO - Processing file /home/sathya/projects/training-kit/.venv-airflow/lib/python3.10/site-packages/airflow/example_dags/example_kubernetes_executor.py for tasks to queue
[2025-12-26T22:00:02.878+0530] {logging_mixin.py:188} INFO - [2025-12-26T22:00:02.877+0530] {dagbag.py:545} INFO - Filling up the DagBag from /home/sathya/projects/training-kit/.venv-airflow/lib/python3.10/site-packages/airflow/example_dags/example_kubernetes_executor.py
[2025-12-26T22:00:02.882+0530] {logging_mixin.py:188} INFO - [2025-12-26T22:00:02.881+0530] {example_kubernetes_executor.py:39} WARNING - The example_kubernetes_executor example DAG requires the kubernetes provider. Please install it with: pip install apache-airflow[cncf.kubernetes]
[2025-12-26T22:00:02.882+0530] {processor.py:842} WARNING - No viable dags retrieved from /home/sathya/projects/training-kit/.venv-airflow/lib/python3.10/site-packages/airflow/example_dags/example_kubernetes_executor.py
[2025-12-26T22:00:02.897+0530] {processor.py:183} INFO - Processing /home/sathya/projects/training-kit/.venv-airflow/lib/python3.10/site-packages/airflow/example_dags/example_kubernetes_executor.py took 0.036 seconds
[2025-12-26T22:00:46.982+0530] {processor.py:161} INFO - Started process (PID=2717) to work on /home/sathya/projects/training-kit/.venv-airflow/lib/python3.10/site-packages/airflow/example_dags/example_kubernetes_executor.py
[2025-12-26T22:00:46.990+0530] {processor.py:830} INFO - Processing file /home/sathya/projects/training-kit/.venv-airflow/lib/python3.10/site-packages/airflow/example_dags/example_kubernetes_executor.py for tasks to queue
[2025-12-26T22:00:46.993+0530] {logging_mixin.py:188} INFO - [2025-12-26T22:00:46.992+0530] {dagbag.py:545} INFO - Filling up the DagBag from /home/sathya/projects/training-kit/.venv-airflow/lib/python3.10/site-packages/airflow/example_dags/example_kubernetes_executor.py
[2025-12-26T22:00:46.997+0530] {logging_mixin.py:188} INFO - [2025-12-26T22:00:46.997+0530] {example_kubernetes_executor.py:39} WARNING - The example_kubernetes_executor example DAG requires the kubernetes provider. Please install it with: pip install apache-airflow[cncf.kubernetes]
[2025-12-26T22:00:46.998+0530] {processor.py:842} WARNING - No viable dags retrieved from /home/sathya/projects/training-kit/.venv-airflow/lib/python3.10/site-packages/airflow/example_dags/example_kubernetes_executor.py
[2025-12-26T22:00:47.014+0530] {processor.py:183} INFO - Processing /home/sathya/projects/training-kit/.venv-airflow/lib/python3.10/site-packages/airflow/example_dags/example_kubernetes_executor.py took 0.042 seconds
[2025-12-26T22:01:16.269+0530] {processor.py:161} INFO - Started process (PID=2807) to work on /home/sathya/projects/training-kit/.venv-airflow/lib/python3.10/site-packages/airflow/example_dags/example_kubernetes_executor.py
[2025-12-26T22:01:16.275+0530] {processor.py:830} INFO - Processing file /home/sathya/projects/training-kit/.venv-airflow/lib/python3.10/site-packages/airflow/example_dags/example_kubernetes_executor.py for tasks to queue
[2025-12-26T22:01:16.277+0530] {logging_mixin.py:188} INFO - [2025-12-26T22:01:16.277+0530] {dagbag.py:545} INFO - Filling up the DagBag from /home/sathya/projects/training-kit/.venv-airflow/lib/python3.10/site-packages/airflow/example_dags/example_kubernetes_executor.py
[2025-12-26T22:01:16.281+0530] {logging_mixin.py:188} INFO - [2025-12-26T22:01:16.281+0530] {example_kubernetes_executor.py:39} WARNING - The example_kubernetes_executor example DAG requires the kubernetes provider. Please install it with: pip install apache-airflow[cncf.kubernetes]
[2025-12-26T22:01:16.282+0530] {processor.py:842} WARNING - No viable dags retrieved from /home/sathya/projects/training-kit/.venv-airflow/lib/python3.10/site-packages/airflow/example_dags/example_kubernetes_executor.py
[2025-12-26T22:01:16.295+0530] {processor.py:183} INFO - Processing /home/sathya/projects/training-kit/.venv-airflow/lib/python3.10/site-packages/airflow/example_dags/example_kubernetes_executor.py took 0.038 seconds
[2025-12-26T22:01:56.437+0530] {processor.py:161} INFO - Started process (PID=2926) to work on /home/sathya/projects/training-kit/.venv-airflow/lib/python3.10/site-packages/airflow/example_dags/example_kubernetes_executor.py
[2025-12-26T22:01:56.439+0530] {processor.py:830} INFO - Processing file /home/sathya/projects/training-kit/.venv-airflow/lib/python3.10/site-packages/airflow/example_dags/example_kubernetes_executor.py for tasks to queue
[2025-12-26T22:01:56.440+0530] {logging_mixin.py:188} INFO - [2025-12-26T22:01:56.440+0530] {dagbag.py:545} INFO - Filling up the DagBag from /home/sathya/projects/training-kit/.venv-airflow/lib/python3.10/site-packages/airflow/example_dags/example_kubernetes_executor.py
[2025-12-26T22:01:56.447+0530] {logging_mixin.py:188} INFO - [2025-12-26T22:01:56.447+0530] {example_kubernetes_executor.py:39} WARNING - The example_kubernetes_executor example DAG requires the kubernetes provider. Please install it with: pip install apache-airflow[cncf.kubernetes]
[2025-12-26T22:01:56.447+0530] {processor.py:842} WARNING - No viable dags retrieved from /home/sathya/projects/training-kit/.venv-airflow/lib/python3.10/site-packages/airflow/example_dags/example_kubernetes_executor.py
[2025-12-26T22:01:56.463+0530] {processor.py:183} INFO - Processing /home/sathya/projects/training-kit/.venv-airflow/lib/python3.10/site-packages/airflow/example_dags/example_kubernetes_executor.py took 0.032 seconds
[2025-12-26T22:02:28.989+0530] {processor.py:161} INFO - Started process (PID=3024) to work on /home/sathya/projects/training-kit/.venv-airflow/lib/python3.10/site-packages/airflow/example_dags/example_kubernetes_executor.py
[2025-12-26T22:02:28.995+0530] {processor.py:830} INFO - Processing file /home/sathya/projects/training-kit/.venv-airflow/lib/python3.10/site-packages/airflow/example_dags/example_kubernetes_executor.py for tasks to queue
[2025-12-26T22:02:28.998+0530] {logging_mixin.py:188} INFO - [2025-12-26T22:02:28.997+0530] {dagbag.py:545} INFO - Filling up the DagBag from /home/sathya/projects/training-kit/.venv-airflow/lib/python3.10/site-packages/airflow/example_dags/example_kubernetes_executor.py
[2025-12-26T22:02:29.001+0530] {logging_mixin.py:188} INFO - [2025-12-26T22:02:29.001+0530] {example_kubernetes_executor.py:39} WARNING - The example_kubernetes_executor example DAG requires the kubernetes provider. Please install it with: pip install apache-airflow[cncf.kubernetes]
[2025-12-26T22:02:29.002+0530] {processor.py:842} WARNING - No viable dags retrieved from /home/sathya/projects/training-kit/.venv-airflow/lib/python3.10/site-packages/airflow/example_dags/example_kubernetes_executor.py
[2025-12-26T22:02:29.013+0530] {processor.py:183} INFO - Processing /home/sathya/projects/training-kit/.venv-airflow/lib/python3.10/site-packages/airflow/example_dags/example_kubernetes_executor.py took 0.030 seconds
[2025-12-26T22:03:08.560+0530] {processor.py:161} INFO - Started process (PID=3147) to work on /home/sathya/projects/training-kit/.venv-airflow/lib/python3.10/site-packages/airflow/example_dags/example_kubernetes_executor.py
[2025-12-26T22:03:08.566+0530] {processor.py:830} INFO - Processing file /home/sathya/projects/training-kit/.venv-airflow/lib/python3.10/site-packages/airflow/example_dags/example_kubernetes_executor.py for tasks to queue
[2025-12-26T22:03:08.569+0530] {logging_mixin.py:188} INFO - [2025-12-26T22:03:08.568+0530] {dagbag.py:545} INFO - Filling up the DagBag from /home/sathya/projects/training-kit/.venv-airflow/lib/python3.10/site-packages/airflow/example_dags/example_kubernetes_executor.py
[2025-12-26T22:03:08.572+0530] {logging_mixin.py:188} INFO - [2025-12-26T22:03:08.571+0530] {example_kubernetes_executor.py:39} WARNING - The example_kubernetes_executor example DAG requires the kubernetes provider. Please install it with: pip install apache-airflow[cncf.kubernetes]
[2025-12-26T22:03:08.572+0530] {processor.py:842} WARNING - No viable dags retrieved from /home/sathya/projects/training-kit/.venv-airflow/lib/python3.10/site-packages/airflow/example_dags/example_kubernetes_executor.py
[2025-12-26T22:03:08.591+0530] {processor.py:183} INFO - Processing /home/sathya/projects/training-kit/.venv-airflow/lib/python3.10/site-packages/airflow/example_dags/example_kubernetes_executor.py took 0.044 seconds
[2025-12-26T22:03:41.744+0530] {processor.py:161} INFO - Started process (PID=3256) to work on /home/sathya/projects/training-kit/.venv-airflow/lib/python3.10/site-packages/airflow/example_dags/example_kubernetes_executor.py
[2025-12-26T22:03:41.748+0530] {processor.py:830} INFO - Processing file /home/sathya/projects/training-kit/.venv-airflow/lib/python3.10/site-packages/airflow/example_dags/example_kubernetes_executor.py for tasks to queue
[2025-12-26T22:03:41.751+0530] {logging_mixin.py:188} INFO - [2025-12-26T22:03:41.750+0530] {dagbag.py:545} INFO - Filling up the DagBag from /home/sathya/projects/training-kit/.venv-airflow/lib/python3.10/site-packages/airflow/example_dags/example_kubernetes_executor.py
[2025-12-26T22:03:41.756+0530] {logging_mixin.py:188} INFO - [2025-12-26T22:03:41.756+0530] {example_kubernetes_executor.py:39} WARNING - The example_kubernetes_executor example DAG requires the kubernetes provider. Please install it with: pip install apache-airflow[cncf.kubernetes]
[2025-12-26T22:03:41.756+0530] {processor.py:842} WARNING - No viable dags retrieved from /home/sathya/projects/training-kit/.venv-airflow/lib/python3.10/site-packages/airflow/example_dags/example_kubernetes_executor.py
[2025-12-26T22:03:41.790+0530] {processor.py:183} INFO - Processing /home/sathya/projects/training-kit/.venv-airflow/lib/python3.10/site-packages/airflow/example_dags/example_kubernetes_executor.py took 0.058 seconds
[2025-12-26T22:04:38.477+0530] {processor.py:161} INFO - Started process (PID=3425) to work on /home/sathya/projects/training-kit/.venv-airflow/lib/python3.10/site-packages/airflow/example_dags/example_kubernetes_executor.py
[2025-12-26T22:04:38.480+0530] {processor.py:830} INFO - Processing file /home/sathya/projects/training-kit/.venv-airflow/lib/python3.10/site-packages/airflow/example_dags/example_kubernetes_executor.py for tasks to queue
[2025-12-26T22:04:38.483+0530] {logging_mixin.py:188} INFO - [2025-12-26T22:04:38.483+0530] {dagbag.py:545} INFO - Filling up the DagBag from /home/sathya/projects/training-kit/.venv-airflow/lib/python3.10/site-packages/airflow/example_dags/example_kubernetes_executor.py
[2025-12-26T22:04:38.489+0530] {logging_mixin.py:188} INFO - [2025-12-26T22:04:38.488+0530] {example_kubernetes_executor.py:39} WARNING - The example_kubernetes_executor example DAG requires the kubernetes provider. Please install it with: pip install apache-airflow[cncf.kubernetes]
[2025-12-26T22:04:38.489+0530] {processor.py:842} WARNING - No viable dags retrieved from /home/sathya/projects/training-kit/.venv-airflow/lib/python3.10/site-packages/airflow/example_dags/example_kubernetes_executor.py
[2025-12-26T22:04:38.517+0530] {processor.py:183} INFO - Processing /home/sathya/projects/training-kit/.venv-airflow/lib/python3.10/site-packages/airflow/example_dags/example_kubernetes_executor.py took 0.055 seconds
[2025-12-26T22:09:26.818+0530] {processor.py:161} INFO - Started process (PID=4084) to work on /home/sathya/projects/training-kit/.venv-airflow/lib/python3.10/site-packages/airflow/example_dags/example_kubernetes_executor.py
[2025-12-26T22:09:26.821+0530] {processor.py:830} INFO - Processing file /home/sathya/projects/training-kit/.venv-airflow/lib/python3.10/site-packages/airflow/example_dags/example_kubernetes_executor.py for tasks to queue
[2025-12-26T22:09:26.825+0530] {logging_mixin.py:188} INFO - [2025-12-26T22:09:26.824+0530] {dagbag.py:545} INFO - Filling up the DagBag from /home/sathya/projects/training-kit/.venv-airflow/lib/python3.10/site-packages/airflow/example_dags/example_kubernetes_executor.py
[2025-12-26T22:09:26.829+0530] {logging_mixin.py:188} INFO - [2025-12-26T22:09:26.828+0530] {example_kubernetes_executor.py:39} WARNING - The example_kubernetes_executor example DAG requires the kubernetes provider. Please install it with: pip install apache-airflow[cncf.kubernetes]
[2025-12-26T22:09:26.829+0530] {processor.py:842} WARNING - No viable dags retrieved from /home/sathya/projects/training-kit/.venv-airflow/lib/python3.10/site-packages/airflow/example_dags/example_kubernetes_executor.py
[2025-12-26T22:09:26.862+0530] {processor.py:183} INFO - Processing /home/sathya/projects/training-kit/.venv-airflow/lib/python3.10/site-packages/airflow/example_dags/example_kubernetes_executor.py took 0.053 seconds
[2025-12-26T22:15:55.892+0530] {processor.py:161} INFO - Started process (PID=5054) to work on /home/sathya/projects/training-kit/.venv-airflow/lib/python3.10/site-packages/airflow/example_dags/example_kubernetes_executor.py
[2025-12-26T22:15:55.893+0530] {processor.py:830} INFO - Processing file /home/sathya/projects/training-kit/.venv-airflow/lib/python3.10/site-packages/airflow/example_dags/example_kubernetes_executor.py for tasks to queue
[2025-12-26T22:15:55.896+0530] {logging_mixin.py:188} INFO - [2025-12-26T22:15:55.896+0530] {dagbag.py:545} INFO - Filling up the DagBag from /home/sathya/projects/training-kit/.venv-airflow/lib/python3.10/site-packages/airflow/example_dags/example_kubernetes_executor.py
[2025-12-26T22:15:55.901+0530] {logging_mixin.py:188} INFO - [2025-12-26T22:15:55.901+0530] {example_kubernetes_executor.py:39} WARNING - The example_kubernetes_executor example DAG requires the kubernetes provider. Please install it with: pip install apache-airflow[cncf.kubernetes]
[2025-12-26T22:15:55.902+0530] {processor.py:842} WARNING - No viable dags retrieved from /home/sathya/projects/training-kit/.venv-airflow/lib/python3.10/site-packages/airflow/example_dags/example_kubernetes_executor.py
[2025-12-26T22:15:55.916+0530] {processor.py:183} INFO - Processing /home/sathya/projects/training-kit/.venv-airflow/lib/python3.10/site-packages/airflow/example_dags/example_kubernetes_executor.py took 0.030 seconds
[2025-12-26T22:16:07.692+0530] {processor.py:161} INFO - Started process (PID=5096) to work on /home/sathya/projects/training-kit/.venv-airflow/lib/python3.10/site-packages/airflow/example_dags/example_kubernetes_executor.py
[2025-12-26T22:16:07.694+0530] {processor.py:830} INFO - Processing file /home/sathya/projects/training-kit/.venv-airflow/lib/python3.10/site-packages/airflow/example_dags/example_kubernetes_executor.py for tasks to queue
[2025-12-26T22:16:07.695+0530] {logging_mixin.py:188} INFO - [2025-12-26T22:16:07.695+0530] {dagbag.py:545} INFO - Filling up the DagBag from /home/sathya/projects/training-kit/.venv-airflow/lib/python3.10/site-packages/airflow/example_dags/example_kubernetes_executor.py
[2025-12-26T22:16:07.698+0530] {logging_mixin.py:188} INFO - [2025-12-26T22:16:07.698+0530] {example_kubernetes_executor.py:39} WARNING - The example_kubernetes_executor example DAG requires the kubernetes provider. Please install it with: pip install apache-airflow[cncf.kubernetes]
[2025-12-26T22:16:07.698+0530] {processor.py:842} WARNING - No viable dags retrieved from /home/sathya/projects/training-kit/.venv-airflow/lib/python3.10/site-packages/airflow/example_dags/example_kubernetes_executor.py
[2025-12-26T22:16:07.709+0530] {processor.py:183} INFO - Processing /home/sathya/projects/training-kit/.venv-airflow/lib/python3.10/site-packages/airflow/example_dags/example_kubernetes_executor.py took 0.022 seconds
[2025-12-26T22:19:19.961+0530] {processor.py:161} INFO - Started process (PID=5733) to work on /home/sathya/projects/training-kit/.venv-airflow/lib/python3.10/site-packages/airflow/example_dags/example_kubernetes_executor.py
[2025-12-26T22:19:19.962+0530] {processor.py:830} INFO - Processing file /home/sathya/projects/training-kit/.venv-airflow/lib/python3.10/site-packages/airflow/example_dags/example_kubernetes_executor.py for tasks to queue
[2025-12-26T22:19:19.966+0530] {logging_mixin.py:188} INFO - [2025-12-26T22:19:19.965+0530] {dagbag.py:545} INFO - Filling up the DagBag from /home/sathya/projects/training-kit/.venv-airflow/lib/python3.10/site-packages/airflow/example_dags/example_kubernetes_executor.py
[2025-12-26T22:19:19.969+0530] {logging_mixin.py:188} INFO - [2025-12-26T22:19:19.969+0530] {example_kubernetes_executor.py:39} WARNING - The example_kubernetes_executor example DAG requires the kubernetes provider. Please install it with: pip install apache-airflow[cncf.kubernetes]
[2025-12-26T22:19:19.969+0530] {processor.py:842} WARNING - No viable dags retrieved from /home/sathya/projects/training-kit/.venv-airflow/lib/python3.10/site-packages/airflow/example_dags/example_kubernetes_executor.py
[2025-12-26T22:19:19.979+0530] {processor.py:183} INFO - Processing /home/sathya/projects/training-kit/.venv-airflow/lib/python3.10/site-packages/airflow/example_dags/example_kubernetes_executor.py took 0.025 seconds
[2025-12-26T22:23:53.983+0530] {processor.py:161} INFO - Started process (PID=6332) to work on /home/sathya/projects/training-kit/.venv-airflow/lib/python3.10/site-packages/airflow/example_dags/example_kubernetes_executor.py
[2025-12-26T22:23:53.990+0530] {processor.py:830} INFO - Processing file /home/sathya/projects/training-kit/.venv-airflow/lib/python3.10/site-packages/airflow/example_dags/example_kubernetes_executor.py for tasks to queue
[2025-12-26T22:23:53.992+0530] {logging_mixin.py:188} INFO - [2025-12-26T22:23:53.991+0530] {dagbag.py:545} INFO - Filling up the DagBag from /home/sathya/projects/training-kit/.venv-airflow/lib/python3.10/site-packages/airflow/example_dags/example_kubernetes_executor.py
[2025-12-26T22:23:53.994+0530] {logging_mixin.py:188} INFO - [2025-12-26T22:23:53.994+0530] {example_kubernetes_executor.py:39} WARNING - The example_kubernetes_executor example DAG requires the kubernetes provider. Please install it with: pip install apache-airflow[cncf.kubernetes]
[2025-12-26T22:23:53.995+0530] {processor.py:842} WARNING - No viable dags retrieved from /home/sathya/projects/training-kit/.venv-airflow/lib/python3.10/site-packages/airflow/example_dags/example_kubernetes_executor.py
[2025-12-26T22:23:54.004+0530] {processor.py:183} INFO - Processing /home/sathya/projects/training-kit/.venv-airflow/lib/python3.10/site-packages/airflow/example_dags/example_kubernetes_executor.py took 0.030 seconds
[2025-12-26T22:35:28.923+0530] {processor.py:161} INFO - Started process (PID=7763) to work on /home/sathya/projects/training-kit/.venv-airflow/lib/python3.10/site-packages/airflow/example_dags/example_kubernetes_executor.py
[2025-12-26T22:35:28.924+0530] {processor.py:830} INFO - Processing file /home/sathya/projects/training-kit/.venv-airflow/lib/python3.10/site-packages/airflow/example_dags/example_kubernetes_executor.py for tasks to queue
[2025-12-26T22:35:28.926+0530] {logging_mixin.py:188} INFO - [2025-12-26T22:35:28.925+0530] {dagbag.py:545} INFO - Filling up the DagBag from /home/sathya/projects/training-kit/.venv-airflow/lib/python3.10/site-packages/airflow/example_dags/example_kubernetes_executor.py
[2025-12-26T22:35:28.928+0530] {logging_mixin.py:188} INFO - [2025-12-26T22:35:28.928+0530] {example_kubernetes_executor.py:39} WARNING - The example_kubernetes_executor example DAG requires the kubernetes provider. Please install it with: pip install apache-airflow[cncf.kubernetes]
[2025-12-26T22:35:28.929+0530] {processor.py:842} WARNING - No viable dags retrieved from /home/sathya/projects/training-kit/.venv-airflow/lib/python3.10/site-packages/airflow/example_dags/example_kubernetes_executor.py
[2025-12-26T22:35:28.943+0530] {processor.py:183} INFO - Processing /home/sathya/projects/training-kit/.venv-airflow/lib/python3.10/site-packages/airflow/example_dags/example_kubernetes_executor.py took 0.024 seconds
[2025-12-26T22:46:35.438+0530] {processor.py:161} INFO - Started process (PID=9094) to work on /home/sathya/projects/training-kit/.venv-airflow/lib/python3.10/site-packages/airflow/example_dags/example_kubernetes_executor.py
[2025-12-26T22:46:35.439+0530] {processor.py:830} INFO - Processing file /home/sathya/projects/training-kit/.venv-airflow/lib/python3.10/site-packages/airflow/example_dags/example_kubernetes_executor.py for tasks to queue
[2025-12-26T22:46:35.441+0530] {logging_mixin.py:188} INFO - [2025-12-26T22:46:35.440+0530] {dagbag.py:545} INFO - Filling up the DagBag from /home/sathya/projects/training-kit/.venv-airflow/lib/python3.10/site-packages/airflow/example_dags/example_kubernetes_executor.py
[2025-12-26T22:46:35.444+0530] {logging_mixin.py:188} INFO - [2025-12-26T22:46:35.444+0530] {example_kubernetes_executor.py:39} WARNING - The example_kubernetes_executor example DAG requires the kubernetes provider. Please install it with: pip install apache-airflow[cncf.kubernetes]
[2025-12-26T22:46:35.444+0530] {processor.py:842} WARNING - No viable dags retrieved from /home/sathya/projects/training-kit/.venv-airflow/lib/python3.10/site-packages/airflow/example_dags/example_kubernetes_executor.py
[2025-12-26T22:46:35.454+0530] {processor.py:183} INFO - Processing /home/sathya/projects/training-kit/.venv-airflow/lib/python3.10/site-packages/airflow/example_dags/example_kubernetes_executor.py took 0.021 seconds
[2025-12-26T22:52:00.731+0530] {processor.py:161} INFO - Started process (PID=9771) to work on /home/sathya/projects/training-kit/.venv-airflow/lib/python3.10/site-packages/airflow/example_dags/example_kubernetes_executor.py
[2025-12-26T22:52:00.732+0530] {processor.py:830} INFO - Processing file /home/sathya/projects/training-kit/.venv-airflow/lib/python3.10/site-packages/airflow/example_dags/example_kubernetes_executor.py for tasks to queue
[2025-12-26T22:52:00.733+0530] {logging_mixin.py:188} INFO - [2025-12-26T22:52:00.733+0530] {dagbag.py:545} INFO - Filling up the DagBag from /home/sathya/projects/training-kit/.venv-airflow/lib/python3.10/site-packages/airflow/example_dags/example_kubernetes_executor.py
[2025-12-26T22:52:00.736+0530] {logging_mixin.py:188} INFO - [2025-12-26T22:52:00.736+0530] {example_kubernetes_executor.py:39} WARNING - The example_kubernetes_executor example DAG requires the kubernetes provider. Please install it with: pip install apache-airflow[cncf.kubernetes]
[2025-12-26T22:52:00.736+0530] {processor.py:842} WARNING - No viable dags retrieved from /home/sathya/projects/training-kit/.venv-airflow/lib/python3.10/site-packages/airflow/example_dags/example_kubernetes_executor.py
[2025-12-26T22:52:00.745+0530] {processor.py:183} INFO - Processing /home/sathya/projects/training-kit/.venv-airflow/lib/python3.10/site-packages/airflow/example_dags/example_kubernetes_executor.py took 0.020 seconds
[2025-12-26T22:57:57.382+0530] {processor.py:161} INFO - Started process (PID=10441) to work on /home/sathya/projects/training-kit/.venv-airflow/lib/python3.10/site-packages/airflow/example_dags/example_kubernetes_executor.py
[2025-12-26T22:57:57.385+0530] {processor.py:830} INFO - Processing file /home/sathya/projects/training-kit/.venv-airflow/lib/python3.10/site-packages/airflow/example_dags/example_kubernetes_executor.py for tasks to queue
[2025-12-26T22:57:57.386+0530] {logging_mixin.py:188} INFO - [2025-12-26T22:57:57.386+0530] {dagbag.py:545} INFO - Filling up the DagBag from /home/sathya/projects/training-kit/.venv-airflow/lib/python3.10/site-packages/airflow/example_dags/example_kubernetes_executor.py
[2025-12-26T22:57:57.390+0530] {logging_mixin.py:188} INFO - [2025-12-26T22:57:57.389+0530] {example_kubernetes_executor.py:39} WARNING - The example_kubernetes_executor example DAG requires the kubernetes provider. Please install it with: pip install apache-airflow[cncf.kubernetes]
[2025-12-26T22:57:57.390+0530] {processor.py:842} WARNING - No viable dags retrieved from /home/sathya/projects/training-kit/.venv-airflow/lib/python3.10/site-packages/airflow/example_dags/example_kubernetes_executor.py
[2025-12-26T22:57:57.401+0530] {processor.py:183} INFO - Processing /home/sathya/projects/training-kit/.venv-airflow/lib/python3.10/site-packages/airflow/example_dags/example_kubernetes_executor.py took 0.027 seconds
[2025-12-26T23:06:29.862+0530] {processor.py:161} INFO - Started process (PID=11255) to work on /home/sathya/projects/training-kit/.venv-airflow/lib/python3.10/site-packages/airflow/example_dags/example_kubernetes_executor.py
[2025-12-26T23:06:29.864+0530] {processor.py:830} INFO - Processing file /home/sathya/projects/training-kit/.venv-airflow/lib/python3.10/site-packages/airflow/example_dags/example_kubernetes_executor.py for tasks to queue
[2025-12-26T23:06:29.866+0530] {logging_mixin.py:188} INFO - [2025-12-26T23:06:29.866+0530] {dagbag.py:545} INFO - Filling up the DagBag from /home/sathya/projects/training-kit/.venv-airflow/lib/python3.10/site-packages/airflow/example_dags/example_kubernetes_executor.py
[2025-12-26T23:06:29.869+0530] {logging_mixin.py:188} INFO - [2025-12-26T23:06:29.869+0530] {example_kubernetes_executor.py:39} WARNING - The example_kubernetes_executor example DAG requires the kubernetes provider. Please install it with: pip install apache-airflow[cncf.kubernetes]
[2025-12-26T23:06:29.869+0530] {processor.py:842} WARNING - No viable dags retrieved from /home/sathya/projects/training-kit/.venv-airflow/lib/python3.10/site-packages/airflow/example_dags/example_kubernetes_executor.py
[2025-12-26T23:06:29.879+0530] {processor.py:183} INFO - Processing /home/sathya/projects/training-kit/.venv-airflow/lib/python3.10/site-packages/airflow/example_dags/example_kubernetes_executor.py took 0.025 seconds
