[2025-12-26T21:52:47.079+0530] {processor.py:161} INFO - Started process (PID=1335) to work on /home/sathya/projects/training-kit/.venv-airflow/lib/python3.10/site-packages/airflow/example_dags/example_display_name.py
[2025-12-26T21:52:47.081+0530] {processor.py:830} INFO - Processing file /home/sathya/projects/training-kit/.venv-airflow/lib/python3.10/site-packages/airflow/example_dags/example_display_name.py for tasks to queue
[2025-12-26T21:52:47.084+0530] {logging_mixin.py:188} INFO - [2025-12-26T21:52:47.084+0530] {dagbag.py:545} INFO - Filling up the DagBag from /home/sathya/projects/training-kit/.venv-airflow/lib/python3.10/site-packages/airflow/example_dags/example_display_name.py
[2025-12-26T21:52:47.092+0530] {processor.py:840} INFO - DAG(s) 'example_display_name' retrieved from /home/sathya/projects/training-kit/.venv-airflow/lib/python3.10/site-packages/airflow/example_dags/example_display_name.py
[2025-12-26T21:52:47.111+0530] {logging_mixin.py:188} INFO - [2025-12-26T21:52:47.111+0530] {dag.py:3089} INFO - Sync 1 DAGs
[2025-12-26T21:52:47.125+0530] {logging_mixin.py:188} INFO - [2025-12-26T21:52:47.125+0530] {dag.py:3947} INFO - Setting next_dagrun for example_display_name to None, run_after=None
[2025-12-26T21:52:47.155+0530] {processor.py:183} INFO - Processing /home/sathya/projects/training-kit/.venv-airflow/lib/python3.10/site-packages/airflow/example_dags/example_display_name.py took 0.085 seconds
[2025-12-26T21:53:41.930+0530] {processor.py:161} INFO - Started process (PID=1447) to work on /home/sathya/projects/training-kit/.venv-airflow/lib/python3.10/site-packages/airflow/example_dags/example_display_name.py
[2025-12-26T21:53:41.933+0530] {processor.py:830} INFO - Processing file /home/sathya/projects/training-kit/.venv-airflow/lib/python3.10/site-packages/airflow/example_dags/example_display_name.py for tasks to queue
[2025-12-26T21:53:41.939+0530] {logging_mixin.py:188} INFO - [2025-12-26T21:53:41.938+0530] {dagbag.py:545} INFO - Filling up the DagBag from /home/sathya/projects/training-kit/.venv-airflow/lib/python3.10/site-packages/airflow/example_dags/example_display_name.py
[2025-12-26T21:53:41.955+0530] {processor.py:840} INFO - DAG(s) 'example_display_name' retrieved from /home/sathya/projects/training-kit/.venv-airflow/lib/python3.10/site-packages/airflow/example_dags/example_display_name.py
[2025-12-26T21:53:41.992+0530] {logging_mixin.py:188} INFO - [2025-12-26T21:53:41.992+0530] {dag.py:3089} INFO - Sync 1 DAGs
[2025-12-26T21:53:42.021+0530] {logging_mixin.py:188} INFO - [2025-12-26T21:53:42.020+0530] {dag.py:3947} INFO - Setting next_dagrun for example_display_name to None, run_after=None
[2025-12-26T21:53:42.253+0530] {processor.py:183} INFO - Processing /home/sathya/projects/training-kit/.venv-airflow/lib/python3.10/site-packages/airflow/example_dags/example_display_name.py took 0.347 seconds
[2025-12-26T21:54:36.302+0530] {processor.py:161} INFO - Started process (PID=1576) to work on /home/sathya/projects/training-kit/.venv-airflow/lib/python3.10/site-packages/airflow/example_dags/example_display_name.py
[2025-12-26T21:54:36.308+0530] {processor.py:830} INFO - Processing file /home/sathya/projects/training-kit/.venv-airflow/lib/python3.10/site-packages/airflow/example_dags/example_display_name.py for tasks to queue
[2025-12-26T21:54:36.311+0530] {logging_mixin.py:188} INFO - [2025-12-26T21:54:36.311+0530] {dagbag.py:545} INFO - Filling up the DagBag from /home/sathya/projects/training-kit/.venv-airflow/lib/python3.10/site-packages/airflow/example_dags/example_display_name.py
[2025-12-26T21:54:36.320+0530] {processor.py:840} INFO - DAG(s) 'example_display_name' retrieved from /home/sathya/projects/training-kit/.venv-airflow/lib/python3.10/site-packages/airflow/example_dags/example_display_name.py
[2025-12-26T21:54:36.337+0530] {logging_mixin.py:188} INFO - [2025-12-26T21:54:36.337+0530] {dag.py:3089} INFO - Sync 1 DAGs
[2025-12-26T21:54:36.348+0530] {logging_mixin.py:188} INFO - [2025-12-26T21:54:36.348+0530] {dag.py:3947} INFO - Setting next_dagrun for example_display_name to None, run_after=None
[2025-12-26T21:54:36.374+0530] {processor.py:183} INFO - Processing /home/sathya/projects/training-kit/.venv-airflow/lib/python3.10/site-packages/airflow/example_dags/example_display_name.py took 0.077 seconds
[2025-12-26T21:55:43.595+0530] {processor.py:161} INFO - Started process (PID=1761) to work on /home/sathya/projects/training-kit/.venv-airflow/lib/python3.10/site-packages/airflow/example_dags/example_display_name.py
[2025-12-26T21:55:43.603+0530] {processor.py:830} INFO - Processing file /home/sathya/projects/training-kit/.venv-airflow/lib/python3.10/site-packages/airflow/example_dags/example_display_name.py for tasks to queue
[2025-12-26T21:55:43.606+0530] {logging_mixin.py:188} INFO - [2025-12-26T21:55:43.605+0530] {dagbag.py:545} INFO - Filling up the DagBag from /home/sathya/projects/training-kit/.venv-airflow/lib/python3.10/site-packages/airflow/example_dags/example_display_name.py
[2025-12-26T21:55:43.617+0530] {processor.py:840} INFO - DAG(s) 'example_display_name' retrieved from /home/sathya/projects/training-kit/.venv-airflow/lib/python3.10/site-packages/airflow/example_dags/example_display_name.py
[2025-12-26T21:55:43.643+0530] {logging_mixin.py:188} INFO - [2025-12-26T21:55:43.643+0530] {dag.py:3089} INFO - Sync 1 DAGs
[2025-12-26T21:55:43.659+0530] {logging_mixin.py:188} INFO - [2025-12-26T21:55:43.659+0530] {dag.py:3947} INFO - Setting next_dagrun for example_display_name to None, run_after=None
[2025-12-26T21:55:43.691+0530] {processor.py:183} INFO - Processing /home/sathya/projects/training-kit/.venv-airflow/lib/python3.10/site-packages/airflow/example_dags/example_display_name.py took 0.103 seconds
[2025-12-26T21:55:49.133+0530] {processor.py:161} INFO - Started process (PID=1775) to work on /home/sathya/projects/training-kit/.venv-airflow/lib/python3.10/site-packages/airflow/example_dags/example_display_name.py
[2025-12-26T21:55:49.134+0530] {processor.py:830} INFO - Processing file /home/sathya/projects/training-kit/.venv-airflow/lib/python3.10/site-packages/airflow/example_dags/example_display_name.py for tasks to queue
[2025-12-26T21:55:49.136+0530] {logging_mixin.py:188} INFO - [2025-12-26T21:55:49.136+0530] {dagbag.py:545} INFO - Filling up the DagBag from /home/sathya/projects/training-kit/.venv-airflow/lib/python3.10/site-packages/airflow/example_dags/example_display_name.py
[2025-12-26T21:55:49.143+0530] {processor.py:840} INFO - DAG(s) 'example_display_name' retrieved from /home/sathya/projects/training-kit/.venv-airflow/lib/python3.10/site-packages/airflow/example_dags/example_display_name.py
[2025-12-26T21:55:49.162+0530] {logging_mixin.py:188} INFO - [2025-12-26T21:55:49.161+0530] {dag.py:3089} INFO - Sync 1 DAGs
[2025-12-26T21:55:49.176+0530] {logging_mixin.py:188} INFO - [2025-12-26T21:55:49.175+0530] {dag.py:3947} INFO - Setting next_dagrun for example_display_name to None, run_after=None
[2025-12-26T21:55:49.208+0530] {processor.py:183} INFO - Processing /home/sathya/projects/training-kit/.venv-airflow/lib/python3.10/site-packages/airflow/example_dags/example_display_name.py took 0.084 seconds
[2025-12-26T21:56:38.792+0530] {processor.py:161} INFO - Started process (PID=1920) to work on /home/sathya/projects/training-kit/.venv-airflow/lib/python3.10/site-packages/airflow/example_dags/example_display_name.py
[2025-12-26T21:56:38.794+0530] {processor.py:830} INFO - Processing file /home/sathya/projects/training-kit/.venv-airflow/lib/python3.10/site-packages/airflow/example_dags/example_display_name.py for tasks to queue
[2025-12-26T21:56:38.796+0530] {logging_mixin.py:188} INFO - [2025-12-26T21:56:38.795+0530] {dagbag.py:545} INFO - Filling up the DagBag from /home/sathya/projects/training-kit/.venv-airflow/lib/python3.10/site-packages/airflow/example_dags/example_display_name.py
[2025-12-26T21:56:38.804+0530] {processor.py:840} INFO - DAG(s) 'example_display_name' retrieved from /home/sathya/projects/training-kit/.venv-airflow/lib/python3.10/site-packages/airflow/example_dags/example_display_name.py
[2025-12-26T21:56:38.833+0530] {logging_mixin.py:188} INFO - [2025-12-26T21:56:38.833+0530] {dag.py:3089} INFO - Sync 1 DAGs
[2025-12-26T21:56:38.868+0530] {logging_mixin.py:188} INFO - [2025-12-26T21:56:38.867+0530] {dag.py:3947} INFO - Setting next_dagrun for example_display_name to None, run_after=None
[2025-12-26T21:56:39.134+0530] {processor.py:183} INFO - Processing /home/sathya/projects/training-kit/.venv-airflow/lib/python3.10/site-packages/airflow/example_dags/example_display_name.py took 0.353 seconds
[2025-12-26T21:56:44.605+0530] {processor.py:161} INFO - Started process (PID=1934) to work on /home/sathya/projects/training-kit/.venv-airflow/lib/python3.10/site-packages/airflow/example_dags/example_display_name.py
[2025-12-26T21:56:44.612+0530] {processor.py:830} INFO - Processing file /home/sathya/projects/training-kit/.venv-airflow/lib/python3.10/site-packages/airflow/example_dags/example_display_name.py for tasks to queue
[2025-12-26T21:56:44.615+0530] {logging_mixin.py:188} INFO - [2025-12-26T21:56:44.614+0530] {dagbag.py:545} INFO - Filling up the DagBag from /home/sathya/projects/training-kit/.venv-airflow/lib/python3.10/site-packages/airflow/example_dags/example_display_name.py
[2025-12-26T21:56:44.631+0530] {processor.py:840} INFO - DAG(s) 'example_display_name' retrieved from /home/sathya/projects/training-kit/.venv-airflow/lib/python3.10/site-packages/airflow/example_dags/example_display_name.py
[2025-12-26T21:56:44.660+0530] {logging_mixin.py:188} INFO - [2025-12-26T21:56:44.660+0530] {dag.py:3089} INFO - Sync 1 DAGs
[2025-12-26T21:56:44.675+0530] {logging_mixin.py:188} INFO - [2025-12-26T21:56:44.675+0530] {dag.py:3947} INFO - Setting next_dagrun for example_display_name to None, run_after=None
[2025-12-26T21:56:44.710+0530] {processor.py:183} INFO - Processing /home/sathya/projects/training-kit/.venv-airflow/lib/python3.10/site-packages/airflow/example_dags/example_display_name.py took 0.121 seconds
[2025-12-26T21:57:34.708+0530] {processor.py:161} INFO - Started process (PID=2079) to work on /home/sathya/projects/training-kit/.venv-airflow/lib/python3.10/site-packages/airflow/example_dags/example_display_name.py
[2025-12-26T21:57:34.715+0530] {processor.py:830} INFO - Processing file /home/sathya/projects/training-kit/.venv-airflow/lib/python3.10/site-packages/airflow/example_dags/example_display_name.py for tasks to queue
[2025-12-26T21:57:34.717+0530] {logging_mixin.py:188} INFO - [2025-12-26T21:57:34.717+0530] {dagbag.py:545} INFO - Filling up the DagBag from /home/sathya/projects/training-kit/.venv-airflow/lib/python3.10/site-packages/airflow/example_dags/example_display_name.py
[2025-12-26T21:57:34.726+0530] {processor.py:840} INFO - DAG(s) 'example_display_name' retrieved from /home/sathya/projects/training-kit/.venv-airflow/lib/python3.10/site-packages/airflow/example_dags/example_display_name.py
[2025-12-26T21:57:34.745+0530] {logging_mixin.py:188} INFO - [2025-12-26T21:57:34.745+0530] {dag.py:3089} INFO - Sync 1 DAGs
[2025-12-26T21:57:34.756+0530] {logging_mixin.py:188} INFO - [2025-12-26T21:57:34.756+0530] {dag.py:3947} INFO - Setting next_dagrun for example_display_name to None, run_after=None
[2025-12-26T21:57:34.784+0530] {processor.py:183} INFO - Processing /home/sathya/projects/training-kit/.venv-airflow/lib/python3.10/site-packages/airflow/example_dags/example_display_name.py took 0.084 seconds
[2025-12-26T21:57:42.541+0530] {processor.py:161} INFO - Started process (PID=2103) to work on /home/sathya/projects/training-kit/.venv-airflow/lib/python3.10/site-packages/airflow/example_dags/example_display_name.py
[2025-12-26T21:57:42.542+0530] {processor.py:830} INFO - Processing file /home/sathya/projects/training-kit/.venv-airflow/lib/python3.10/site-packages/airflow/example_dags/example_display_name.py for tasks to queue
[2025-12-26T21:57:42.544+0530] {logging_mixin.py:188} INFO - [2025-12-26T21:57:42.544+0530] {dagbag.py:545} INFO - Filling up the DagBag from /home/sathya/projects/training-kit/.venv-airflow/lib/python3.10/site-packages/airflow/example_dags/example_display_name.py
[2025-12-26T21:57:42.551+0530] {processor.py:840} INFO - DAG(s) 'example_display_name' retrieved from /home/sathya/projects/training-kit/.venv-airflow/lib/python3.10/site-packages/airflow/example_dags/example_display_name.py
[2025-12-26T21:57:42.567+0530] {logging_mixin.py:188} INFO - [2025-12-26T21:57:42.567+0530] {dag.py:3089} INFO - Sync 1 DAGs
[2025-12-26T21:57:42.577+0530] {logging_mixin.py:188} INFO - [2025-12-26T21:57:42.577+0530] {dag.py:3947} INFO - Setting next_dagrun for example_display_name to None, run_after=None
[2025-12-26T21:57:42.600+0530] {processor.py:183} INFO - Processing /home/sathya/projects/training-kit/.venv-airflow/lib/python3.10/site-packages/airflow/example_dags/example_display_name.py took 0.066 seconds
[2025-12-26T21:58:33.608+0530] {processor.py:161} INFO - Started process (PID=2269) to work on /home/sathya/projects/training-kit/.venv-airflow/lib/python3.10/site-packages/airflow/example_dags/example_display_name.py
[2025-12-26T21:58:33.615+0530] {processor.py:830} INFO - Processing file /home/sathya/projects/training-kit/.venv-airflow/lib/python3.10/site-packages/airflow/example_dags/example_display_name.py for tasks to queue
[2025-12-26T21:58:33.618+0530] {logging_mixin.py:188} INFO - [2025-12-26T21:58:33.617+0530] {dagbag.py:545} INFO - Filling up the DagBag from /home/sathya/projects/training-kit/.venv-airflow/lib/python3.10/site-packages/airflow/example_dags/example_display_name.py
[2025-12-26T21:58:33.626+0530] {processor.py:840} INFO - DAG(s) 'example_display_name' retrieved from /home/sathya/projects/training-kit/.venv-airflow/lib/python3.10/site-packages/airflow/example_dags/example_display_name.py
[2025-12-26T21:58:33.647+0530] {logging_mixin.py:188} INFO - [2025-12-26T21:58:33.647+0530] {dag.py:3089} INFO - Sync 1 DAGs
[2025-12-26T21:58:33.663+0530] {logging_mixin.py:188} INFO - [2025-12-26T21:58:33.662+0530] {dag.py:3947} INFO - Setting next_dagrun for example_display_name to None, run_after=None
[2025-12-26T21:58:33.692+0530] {processor.py:183} INFO - Processing /home/sathya/projects/training-kit/.venv-airflow/lib/python3.10/site-packages/airflow/example_dags/example_display_name.py took 0.093 seconds
[2025-12-26T21:58:45.020+0530] {processor.py:161} INFO - Started process (PID=2309) to work on /home/sathya/projects/training-kit/.venv-airflow/lib/python3.10/site-packages/airflow/example_dags/example_display_name.py
[2025-12-26T21:58:45.021+0530] {processor.py:830} INFO - Processing file /home/sathya/projects/training-kit/.venv-airflow/lib/python3.10/site-packages/airflow/example_dags/example_display_name.py for tasks to queue
[2025-12-26T21:58:45.024+0530] {logging_mixin.py:188} INFO - [2025-12-26T21:58:45.024+0530] {dagbag.py:545} INFO - Filling up the DagBag from /home/sathya/projects/training-kit/.venv-airflow/lib/python3.10/site-packages/airflow/example_dags/example_display_name.py
[2025-12-26T21:58:45.033+0530] {processor.py:840} INFO - DAG(s) 'example_display_name' retrieved from /home/sathya/projects/training-kit/.venv-airflow/lib/python3.10/site-packages/airflow/example_dags/example_display_name.py
[2025-12-26T21:58:45.052+0530] {logging_mixin.py:188} INFO - [2025-12-26T21:58:45.052+0530] {dag.py:3089} INFO - Sync 1 DAGs
[2025-12-26T21:58:45.069+0530] {logging_mixin.py:188} INFO - [2025-12-26T21:58:45.068+0530] {dag.py:3947} INFO - Setting next_dagrun for example_display_name to None, run_after=None
[2025-12-26T21:58:45.104+0530] {processor.py:183} INFO - Processing /home/sathya/projects/training-kit/.venv-airflow/lib/python3.10/site-packages/airflow/example_dags/example_display_name.py took 0.096 seconds
[2025-12-26T21:59:39.978+0530] {processor.py:161} INFO - Started process (PID=2479) to work on /home/sathya/projects/training-kit/.venv-airflow/lib/python3.10/site-packages/airflow/example_dags/example_display_name.py
[2025-12-26T21:59:39.981+0530] {processor.py:830} INFO - Processing file /home/sathya/projects/training-kit/.venv-airflow/lib/python3.10/site-packages/airflow/example_dags/example_display_name.py for tasks to queue
[2025-12-26T21:59:39.988+0530] {logging_mixin.py:188} INFO - [2025-12-26T21:59:39.987+0530] {dagbag.py:545} INFO - Filling up the DagBag from /home/sathya/projects/training-kit/.venv-airflow/lib/python3.10/site-packages/airflow/example_dags/example_display_name.py
[2025-12-26T21:59:40.002+0530] {processor.py:840} INFO - DAG(s) 'example_display_name' retrieved from /home/sathya/projects/training-kit/.venv-airflow/lib/python3.10/site-packages/airflow/example_dags/example_display_name.py
[2025-12-26T21:59:40.034+0530] {logging_mixin.py:188} INFO - [2025-12-26T21:59:40.034+0530] {dag.py:3089} INFO - Sync 1 DAGs
[2025-12-26T21:59:40.051+0530] {logging_mixin.py:188} INFO - [2025-12-26T21:59:40.051+0530] {dag.py:3947} INFO - Setting next_dagrun for example_display_name to None, run_after=None
[2025-12-26T21:59:40.086+0530] {processor.py:183} INFO - Processing /home/sathya/projects/training-kit/.venv-airflow/lib/python3.10/site-packages/airflow/example_dags/example_display_name.py took 0.123 seconds
[2025-12-26T21:59:58.037+0530] {processor.py:161} INFO - Started process (PID=2529) to work on /home/sathya/projects/training-kit/.venv-airflow/lib/python3.10/site-packages/airflow/example_dags/example_display_name.py
[2025-12-26T21:59:58.046+0530] {processor.py:830} INFO - Processing file /home/sathya/projects/training-kit/.venv-airflow/lib/python3.10/site-packages/airflow/example_dags/example_display_name.py for tasks to queue
[2025-12-26T21:59:58.049+0530] {logging_mixin.py:188} INFO - [2025-12-26T21:59:58.048+0530] {dagbag.py:545} INFO - Filling up the DagBag from /home/sathya/projects/training-kit/.venv-airflow/lib/python3.10/site-packages/airflow/example_dags/example_display_name.py
[2025-12-26T21:59:58.056+0530] {processor.py:840} INFO - DAG(s) 'example_display_name' retrieved from /home/sathya/projects/training-kit/.venv-airflow/lib/python3.10/site-packages/airflow/example_dags/example_display_name.py
[2025-12-26T21:59:58.087+0530] {logging_mixin.py:188} INFO - [2025-12-26T21:59:58.086+0530] {dag.py:3089} INFO - Sync 1 DAGs
[2025-12-26T21:59:58.103+0530] {logging_mixin.py:188} INFO - [2025-12-26T21:59:58.103+0530] {dag.py:3947} INFO - Setting next_dagrun for example_display_name to None, run_after=None
[2025-12-26T21:59:58.136+0530] {processor.py:183} INFO - Processing /home/sathya/projects/training-kit/.venv-airflow/lib/python3.10/site-packages/airflow/example_dags/example_display_name.py took 0.117 seconds
[2025-12-26T22:00:48.757+0530] {processor.py:161} INFO - Started process (PID=2721) to work on /home/sathya/projects/training-kit/.venv-airflow/lib/python3.10/site-packages/airflow/example_dags/example_display_name.py
[2025-12-26T22:00:48.764+0530] {processor.py:830} INFO - Processing file /home/sathya/projects/training-kit/.venv-airflow/lib/python3.10/site-packages/airflow/example_dags/example_display_name.py for tasks to queue
[2025-12-26T22:00:48.767+0530] {logging_mixin.py:188} INFO - [2025-12-26T22:00:48.766+0530] {dagbag.py:545} INFO - Filling up the DagBag from /home/sathya/projects/training-kit/.venv-airflow/lib/python3.10/site-packages/airflow/example_dags/example_display_name.py
[2025-12-26T22:00:48.778+0530] {processor.py:840} INFO - DAG(s) 'example_display_name' retrieved from /home/sathya/projects/training-kit/.venv-airflow/lib/python3.10/site-packages/airflow/example_dags/example_display_name.py
[2025-12-26T22:00:48.807+0530] {logging_mixin.py:188} INFO - [2025-12-26T22:00:48.807+0530] {dag.py:3089} INFO - Sync 1 DAGs
[2025-12-26T22:00:48.828+0530] {logging_mixin.py:188} INFO - [2025-12-26T22:00:48.827+0530] {dag.py:3947} INFO - Setting next_dagrun for example_display_name to None, run_after=None
[2025-12-26T22:00:48.872+0530] {processor.py:183} INFO - Processing /home/sathya/projects/training-kit/.venv-airflow/lib/python3.10/site-packages/airflow/example_dags/example_display_name.py took 0.125 seconds
[2025-12-26T22:01:09.407+0530] {processor.py:161} INFO - Started process (PID=2787) to work on /home/sathya/projects/training-kit/.venv-airflow/lib/python3.10/site-packages/airflow/example_dags/example_display_name.py
[2025-12-26T22:01:09.413+0530] {processor.py:830} INFO - Processing file /home/sathya/projects/training-kit/.venv-airflow/lib/python3.10/site-packages/airflow/example_dags/example_display_name.py for tasks to queue
[2025-12-26T22:01:09.416+0530] {logging_mixin.py:188} INFO - [2025-12-26T22:01:09.416+0530] {dagbag.py:545} INFO - Filling up the DagBag from /home/sathya/projects/training-kit/.venv-airflow/lib/python3.10/site-packages/airflow/example_dags/example_display_name.py
[2025-12-26T22:01:09.425+0530] {processor.py:840} INFO - DAG(s) 'example_display_name' retrieved from /home/sathya/projects/training-kit/.venv-airflow/lib/python3.10/site-packages/airflow/example_dags/example_display_name.py
[2025-12-26T22:01:09.441+0530] {logging_mixin.py:188} INFO - [2025-12-26T22:01:09.441+0530] {dag.py:3089} INFO - Sync 1 DAGs
[2025-12-26T22:01:09.453+0530] {logging_mixin.py:188} INFO - [2025-12-26T22:01:09.453+0530] {dag.py:3947} INFO - Setting next_dagrun for example_display_name to None, run_after=None
[2025-12-26T22:01:09.484+0530] {processor.py:183} INFO - Processing /home/sathya/projects/training-kit/.venv-airflow/lib/python3.10/site-packages/airflow/example_dags/example_display_name.py took 0.087 seconds
[2025-12-26T22:01:38.078+0530] {processor.py:161} INFO - Started process (PID=2876) to work on /home/sathya/projects/training-kit/.venv-airflow/lib/python3.10/site-packages/airflow/example_dags/example_display_name.py
[2025-12-26T22:01:38.080+0530] {processor.py:830} INFO - Processing file /home/sathya/projects/training-kit/.venv-airflow/lib/python3.10/site-packages/airflow/example_dags/example_display_name.py for tasks to queue
[2025-12-26T22:01:38.083+0530] {logging_mixin.py:188} INFO - [2025-12-26T22:01:38.082+0530] {dagbag.py:545} INFO - Filling up the DagBag from /home/sathya/projects/training-kit/.venv-airflow/lib/python3.10/site-packages/airflow/example_dags/example_display_name.py
[2025-12-26T22:01:38.090+0530] {processor.py:840} INFO - DAG(s) 'example_display_name' retrieved from /home/sathya/projects/training-kit/.venv-airflow/lib/python3.10/site-packages/airflow/example_dags/example_display_name.py
[2025-12-26T22:01:38.107+0530] {logging_mixin.py:188} INFO - [2025-12-26T22:01:38.106+0530] {dag.py:3089} INFO - Sync 1 DAGs
[2025-12-26T22:01:38.120+0530] {logging_mixin.py:188} INFO - [2025-12-26T22:01:38.120+0530] {dag.py:3947} INFO - Setting next_dagrun for example_display_name to None, run_after=None
[2025-12-26T22:01:38.150+0530] {processor.py:183} INFO - Processing /home/sathya/projects/training-kit/.venv-airflow/lib/python3.10/site-packages/airflow/example_dags/example_display_name.py took 0.080 seconds
[2025-12-26T22:02:20.983+0530] {processor.py:161} INFO - Started process (PID=3000) to work on /home/sathya/projects/training-kit/.venv-airflow/lib/python3.10/site-packages/airflow/example_dags/example_display_name.py
[2025-12-26T22:02:20.989+0530] {processor.py:830} INFO - Processing file /home/sathya/projects/training-kit/.venv-airflow/lib/python3.10/site-packages/airflow/example_dags/example_display_name.py for tasks to queue
[2025-12-26T22:02:20.991+0530] {logging_mixin.py:188} INFO - [2025-12-26T22:02:20.991+0530] {dagbag.py:545} INFO - Filling up the DagBag from /home/sathya/projects/training-kit/.venv-airflow/lib/python3.10/site-packages/airflow/example_dags/example_display_name.py
[2025-12-26T22:02:20.999+0530] {processor.py:840} INFO - DAG(s) 'example_display_name' retrieved from /home/sathya/projects/training-kit/.venv-airflow/lib/python3.10/site-packages/airflow/example_dags/example_display_name.py
[2025-12-26T22:02:21.020+0530] {logging_mixin.py:188} INFO - [2025-12-26T22:02:21.020+0530] {dag.py:3089} INFO - Sync 1 DAGs
[2025-12-26T22:02:21.037+0530] {logging_mixin.py:188} INFO - [2025-12-26T22:02:21.037+0530] {dag.py:3947} INFO - Setting next_dagrun for example_display_name to None, run_after=None
[2025-12-26T22:02:21.068+0530] {processor.py:183} INFO - Processing /home/sathya/projects/training-kit/.venv-airflow/lib/python3.10/site-packages/airflow/example_dags/example_display_name.py took 0.094 seconds
[2025-12-26T22:02:49.428+0530] {processor.py:161} INFO - Started process (PID=3090) to work on /home/sathya/projects/training-kit/.venv-airflow/lib/python3.10/site-packages/airflow/example_dags/example_display_name.py
[2025-12-26T22:02:49.435+0530] {processor.py:830} INFO - Processing file /home/sathya/projects/training-kit/.venv-airflow/lib/python3.10/site-packages/airflow/example_dags/example_display_name.py for tasks to queue
[2025-12-26T22:02:49.438+0530] {logging_mixin.py:188} INFO - [2025-12-26T22:02:49.437+0530] {dagbag.py:545} INFO - Filling up the DagBag from /home/sathya/projects/training-kit/.venv-airflow/lib/python3.10/site-packages/airflow/example_dags/example_display_name.py
[2025-12-26T22:02:49.455+0530] {processor.py:840} INFO - DAG(s) 'example_display_name' retrieved from /home/sathya/projects/training-kit/.venv-airflow/lib/python3.10/site-packages/airflow/example_dags/example_display_name.py
[2025-12-26T22:02:49.483+0530] {logging_mixin.py:188} INFO - [2025-12-26T22:02:49.482+0530] {dag.py:3089} INFO - Sync 1 DAGs
[2025-12-26T22:02:49.499+0530] {logging_mixin.py:188} INFO - [2025-12-26T22:02:49.498+0530] {dag.py:3947} INFO - Setting next_dagrun for example_display_name to None, run_after=None
[2025-12-26T22:02:49.536+0530] {processor.py:183} INFO - Processing /home/sathya/projects/training-kit/.venv-airflow/lib/python3.10/site-packages/airflow/example_dags/example_display_name.py took 0.119 seconds
[2025-12-26T22:03:31.783+0530] {processor.py:161} INFO - Started process (PID=3223) to work on /home/sathya/projects/training-kit/.venv-airflow/lib/python3.10/site-packages/airflow/example_dags/example_display_name.py
[2025-12-26T22:03:31.792+0530] {processor.py:830} INFO - Processing file /home/sathya/projects/training-kit/.venv-airflow/lib/python3.10/site-packages/airflow/example_dags/example_display_name.py for tasks to queue
[2025-12-26T22:03:31.794+0530] {logging_mixin.py:188} INFO - [2025-12-26T22:03:31.793+0530] {dagbag.py:545} INFO - Filling up the DagBag from /home/sathya/projects/training-kit/.venv-airflow/lib/python3.10/site-packages/airflow/example_dags/example_display_name.py
[2025-12-26T22:03:31.801+0530] {processor.py:840} INFO - DAG(s) 'example_display_name' retrieved from /home/sathya/projects/training-kit/.venv-airflow/lib/python3.10/site-packages/airflow/example_dags/example_display_name.py
[2025-12-26T22:03:31.824+0530] {logging_mixin.py:188} INFO - [2025-12-26T22:03:31.824+0530] {dag.py:3089} INFO - Sync 1 DAGs
[2025-12-26T22:03:31.835+0530] {logging_mixin.py:188} INFO - [2025-12-26T22:03:31.834+0530] {dag.py:3947} INFO - Setting next_dagrun for example_display_name to None, run_after=None
[2025-12-26T22:03:31.867+0530] {processor.py:183} INFO - Processing /home/sathya/projects/training-kit/.venv-airflow/lib/python3.10/site-packages/airflow/example_dags/example_display_name.py took 0.090 seconds
[2025-12-26T22:04:13.813+0530] {processor.py:161} INFO - Started process (PID=3354) to work on /home/sathya/projects/training-kit/.venv-airflow/lib/python3.10/site-packages/airflow/example_dags/example_display_name.py
[2025-12-26T22:04:13.820+0530] {processor.py:830} INFO - Processing file /home/sathya/projects/training-kit/.venv-airflow/lib/python3.10/site-packages/airflow/example_dags/example_display_name.py for tasks to queue
[2025-12-26T22:04:13.826+0530] {logging_mixin.py:188} INFO - [2025-12-26T22:04:13.824+0530] {dagbag.py:545} INFO - Filling up the DagBag from /home/sathya/projects/training-kit/.venv-airflow/lib/python3.10/site-packages/airflow/example_dags/example_display_name.py
[2025-12-26T22:04:13.842+0530] {processor.py:840} INFO - DAG(s) 'example_display_name' retrieved from /home/sathya/projects/training-kit/.venv-airflow/lib/python3.10/site-packages/airflow/example_dags/example_display_name.py
[2025-12-26T22:04:13.877+0530] {logging_mixin.py:188} INFO - [2025-12-26T22:04:13.876+0530] {dag.py:3089} INFO - Sync 1 DAGs
[2025-12-26T22:04:13.898+0530] {logging_mixin.py:188} INFO - [2025-12-26T22:04:13.898+0530] {dag.py:3947} INFO - Setting next_dagrun for example_display_name to None, run_after=None
[2025-12-26T22:04:13.951+0530] {processor.py:183} INFO - Processing /home/sathya/projects/training-kit/.venv-airflow/lib/python3.10/site-packages/airflow/example_dags/example_display_name.py took 0.158 seconds
[2025-12-26T22:04:34.541+0530] {processor.py:161} INFO - Started process (PID=3413) to work on /home/sathya/projects/training-kit/.venv-airflow/lib/python3.10/site-packages/airflow/example_dags/example_display_name.py
[2025-12-26T22:04:34.550+0530] {processor.py:830} INFO - Processing file /home/sathya/projects/training-kit/.venv-airflow/lib/python3.10/site-packages/airflow/example_dags/example_display_name.py for tasks to queue
[2025-12-26T22:04:34.553+0530] {logging_mixin.py:188} INFO - [2025-12-26T22:04:34.553+0530] {dagbag.py:545} INFO - Filling up the DagBag from /home/sathya/projects/training-kit/.venv-airflow/lib/python3.10/site-packages/airflow/example_dags/example_display_name.py
[2025-12-26T22:04:34.566+0530] {processor.py:840} INFO - DAG(s) 'example_display_name' retrieved from /home/sathya/projects/training-kit/.venv-airflow/lib/python3.10/site-packages/airflow/example_dags/example_display_name.py
[2025-12-26T22:04:34.606+0530] {logging_mixin.py:188} INFO - [2025-12-26T22:04:34.605+0530] {dag.py:3089} INFO - Sync 1 DAGs
[2025-12-26T22:04:34.643+0530] {logging_mixin.py:188} INFO - [2025-12-26T22:04:34.642+0530] {dag.py:3947} INFO - Setting next_dagrun for example_display_name to None, run_after=None
[2025-12-26T22:04:34.667+0530] {processor.py:183} INFO - Processing /home/sathya/projects/training-kit/.venv-airflow/lib/python3.10/site-packages/airflow/example_dags/example_display_name.py took 0.138 seconds
[2025-12-26T22:15:29.872+0530] {processor.py:161} INFO - Started process (PID=4960) to work on /home/sathya/projects/training-kit/.venv-airflow/lib/python3.10/site-packages/airflow/example_dags/example_display_name.py
[2025-12-26T22:15:29.873+0530] {processor.py:830} INFO - Processing file /home/sathya/projects/training-kit/.venv-airflow/lib/python3.10/site-packages/airflow/example_dags/example_display_name.py for tasks to queue
[2025-12-26T22:15:29.875+0530] {logging_mixin.py:188} INFO - [2025-12-26T22:15:29.874+0530] {dagbag.py:545} INFO - Filling up the DagBag from /home/sathya/projects/training-kit/.venv-airflow/lib/python3.10/site-packages/airflow/example_dags/example_display_name.py
[2025-12-26T22:15:29.882+0530] {processor.py:840} INFO - DAG(s) 'example_display_name' retrieved from /home/sathya/projects/training-kit/.venv-airflow/lib/python3.10/site-packages/airflow/example_dags/example_display_name.py
[2025-12-26T22:15:29.898+0530] {logging_mixin.py:188} INFO - [2025-12-26T22:15:29.898+0530] {dag.py:3089} INFO - Sync 1 DAGs
[2025-12-26T22:15:29.920+0530] {logging_mixin.py:188} INFO - [2025-12-26T22:15:29.920+0530] {dag.py:3947} INFO - Setting next_dagrun for example_display_name to None, run_after=None
[2025-12-26T22:15:29.945+0530] {processor.py:183} INFO - Processing /home/sathya/projects/training-kit/.venv-airflow/lib/python3.10/site-packages/airflow/example_dags/example_display_name.py took 0.080 seconds
[2025-12-26T22:15:45.048+0530] {processor.py:161} INFO - Started process (PID=5010) to work on /home/sathya/projects/training-kit/.venv-airflow/lib/python3.10/site-packages/airflow/example_dags/example_display_name.py
[2025-12-26T22:15:45.049+0530] {processor.py:830} INFO - Processing file /home/sathya/projects/training-kit/.venv-airflow/lib/python3.10/site-packages/airflow/example_dags/example_display_name.py for tasks to queue
[2025-12-26T22:15:45.051+0530] {logging_mixin.py:188} INFO - [2025-12-26T22:15:45.051+0530] {dagbag.py:545} INFO - Filling up the DagBag from /home/sathya/projects/training-kit/.venv-airflow/lib/python3.10/site-packages/airflow/example_dags/example_display_name.py
[2025-12-26T22:15:45.057+0530] {processor.py:840} INFO - DAG(s) 'example_display_name' retrieved from /home/sathya/projects/training-kit/.venv-airflow/lib/python3.10/site-packages/airflow/example_dags/example_display_name.py
[2025-12-26T22:15:45.078+0530] {logging_mixin.py:188} INFO - [2025-12-26T22:15:45.078+0530] {dag.py:3089} INFO - Sync 1 DAGs
[2025-12-26T22:15:45.087+0530] {logging_mixin.py:188} INFO - [2025-12-26T22:15:45.087+0530] {dag.py:3947} INFO - Setting next_dagrun for example_display_name to None, run_after=None
[2025-12-26T22:15:45.125+0530] {processor.py:183} INFO - Processing /home/sathya/projects/training-kit/.venv-airflow/lib/python3.10/site-packages/airflow/example_dags/example_display_name.py took 0.082 seconds
[2025-12-26T22:18:51.947+0530] {processor.py:161} INFO - Started process (PID=5651) to work on /home/sathya/projects/training-kit/.venv-airflow/lib/python3.10/site-packages/airflow/example_dags/example_display_name.py
[2025-12-26T22:18:51.949+0530] {processor.py:830} INFO - Processing file /home/sathya/projects/training-kit/.venv-airflow/lib/python3.10/site-packages/airflow/example_dags/example_display_name.py for tasks to queue
[2025-12-26T22:18:51.950+0530] {logging_mixin.py:188} INFO - [2025-12-26T22:18:51.950+0530] {dagbag.py:545} INFO - Filling up the DagBag from /home/sathya/projects/training-kit/.venv-airflow/lib/python3.10/site-packages/airflow/example_dags/example_display_name.py
[2025-12-26T22:18:51.955+0530] {processor.py:840} INFO - DAG(s) 'example_display_name' retrieved from /home/sathya/projects/training-kit/.venv-airflow/lib/python3.10/site-packages/airflow/example_dags/example_display_name.py
[2025-12-26T22:18:51.985+0530] {logging_mixin.py:188} INFO - [2025-12-26T22:18:51.985+0530] {dag.py:3089} INFO - Sync 1 DAGs
[2025-12-26T22:18:51.994+0530] {logging_mixin.py:188} INFO - [2025-12-26T22:18:51.994+0530] {dag.py:3947} INFO - Setting next_dagrun for example_display_name to None, run_after=None
[2025-12-26T22:18:52.032+0530] {processor.py:183} INFO - Processing /home/sathya/projects/training-kit/.venv-airflow/lib/python3.10/site-packages/airflow/example_dags/example_display_name.py took 0.093 seconds
[2025-12-26T22:23:32.289+0530] {processor.py:161} INFO - Started process (PID=6274) to work on /home/sathya/projects/training-kit/.venv-airflow/lib/python3.10/site-packages/airflow/example_dags/example_display_name.py
[2025-12-26T22:23:32.295+0530] {processor.py:830} INFO - Processing file /home/sathya/projects/training-kit/.venv-airflow/lib/python3.10/site-packages/airflow/example_dags/example_display_name.py for tasks to queue
[2025-12-26T22:23:32.297+0530] {logging_mixin.py:188} INFO - [2025-12-26T22:23:32.296+0530] {dagbag.py:545} INFO - Filling up the DagBag from /home/sathya/projects/training-kit/.venv-airflow/lib/python3.10/site-packages/airflow/example_dags/example_display_name.py
[2025-12-26T22:23:32.303+0530] {processor.py:840} INFO - DAG(s) 'example_display_name' retrieved from /home/sathya/projects/training-kit/.venv-airflow/lib/python3.10/site-packages/airflow/example_dags/example_display_name.py
[2025-12-26T22:23:32.317+0530] {logging_mixin.py:188} INFO - [2025-12-26T22:23:32.316+0530] {dag.py:3089} INFO - Sync 1 DAGs
[2025-12-26T22:23:32.326+0530] {logging_mixin.py:188} INFO - [2025-12-26T22:23:32.326+0530] {dag.py:3947} INFO - Setting next_dagrun for example_display_name to None, run_after=None
[2025-12-26T22:23:32.347+0530] {processor.py:183} INFO - Processing /home/sathya/projects/training-kit/.venv-airflow/lib/python3.10/site-packages/airflow/example_dags/example_display_name.py took 0.063 seconds
[2025-12-26T22:29:29.148+0530] {processor.py:161} INFO - Started process (PID=7011) to work on /home/sathya/projects/training-kit/.venv-airflow/lib/python3.10/site-packages/airflow/example_dags/example_display_name.py
[2025-12-26T22:29:29.150+0530] {processor.py:830} INFO - Processing file /home/sathya/projects/training-kit/.venv-airflow/lib/python3.10/site-packages/airflow/example_dags/example_display_name.py for tasks to queue
[2025-12-26T22:29:29.151+0530] {logging_mixin.py:188} INFO - [2025-12-26T22:29:29.151+0530] {dagbag.py:545} INFO - Filling up the DagBag from /home/sathya/projects/training-kit/.venv-airflow/lib/python3.10/site-packages/airflow/example_dags/example_display_name.py
[2025-12-26T22:29:29.156+0530] {processor.py:840} INFO - DAG(s) 'example_display_name' retrieved from /home/sathya/projects/training-kit/.venv-airflow/lib/python3.10/site-packages/airflow/example_dags/example_display_name.py
[2025-12-26T22:29:29.169+0530] {logging_mixin.py:188} INFO - [2025-12-26T22:29:29.168+0530] {dag.py:3089} INFO - Sync 1 DAGs
[2025-12-26T22:29:29.177+0530] {logging_mixin.py:188} INFO - [2025-12-26T22:29:29.177+0530] {dag.py:3947} INFO - Setting next_dagrun for example_display_name to None, run_after=None
[2025-12-26T22:29:29.198+0530] {processor.py:183} INFO - Processing /home/sathya/projects/training-kit/.venv-airflow/lib/python3.10/site-packages/airflow/example_dags/example_display_name.py took 0.055 seconds
[2025-12-26T22:41:18.559+0530] {processor.py:161} INFO - Started process (PID=8429) to work on /home/sathya/projects/training-kit/.venv-airflow/lib/python3.10/site-packages/airflow/example_dags/example_display_name.py
[2025-12-26T22:41:18.561+0530] {processor.py:830} INFO - Processing file /home/sathya/projects/training-kit/.venv-airflow/lib/python3.10/site-packages/airflow/example_dags/example_display_name.py for tasks to queue
[2025-12-26T22:41:18.563+0530] {logging_mixin.py:188} INFO - [2025-12-26T22:41:18.562+0530] {dagbag.py:545} INFO - Filling up the DagBag from /home/sathya/projects/training-kit/.venv-airflow/lib/python3.10/site-packages/airflow/example_dags/example_display_name.py
[2025-12-26T22:41:18.568+0530] {processor.py:840} INFO - DAG(s) 'example_display_name' retrieved from /home/sathya/projects/training-kit/.venv-airflow/lib/python3.10/site-packages/airflow/example_dags/example_display_name.py
[2025-12-26T22:41:18.580+0530] {logging_mixin.py:188} INFO - [2025-12-26T22:41:18.580+0530] {dag.py:3089} INFO - Sync 1 DAGs
[2025-12-26T22:41:18.588+0530] {logging_mixin.py:188} INFO - [2025-12-26T22:41:18.588+0530] {dag.py:3947} INFO - Setting next_dagrun for example_display_name to None, run_after=None
[2025-12-26T22:41:18.612+0530] {processor.py:183} INFO - Processing /home/sathya/projects/training-kit/.venv-airflow/lib/python3.10/site-packages/airflow/example_dags/example_display_name.py took 0.058 seconds
[2025-12-26T22:46:04.726+0530] {processor.py:161} INFO - Started process (PID=9040) to work on /home/sathya/projects/training-kit/.venv-airflow/lib/python3.10/site-packages/airflow/example_dags/example_display_name.py
[2025-12-26T22:46:04.727+0530] {processor.py:830} INFO - Processing file /home/sathya/projects/training-kit/.venv-airflow/lib/python3.10/site-packages/airflow/example_dags/example_display_name.py for tasks to queue
[2025-12-26T22:46:04.729+0530] {logging_mixin.py:188} INFO - [2025-12-26T22:46:04.729+0530] {dagbag.py:545} INFO - Filling up the DagBag from /home/sathya/projects/training-kit/.venv-airflow/lib/python3.10/site-packages/airflow/example_dags/example_display_name.py
[2025-12-26T22:46:04.735+0530] {processor.py:840} INFO - DAG(s) 'example_display_name' retrieved from /home/sathya/projects/training-kit/.venv-airflow/lib/python3.10/site-packages/airflow/example_dags/example_display_name.py
[2025-12-26T22:46:04.747+0530] {logging_mixin.py:188} INFO - [2025-12-26T22:46:04.747+0530] {dag.py:3089} INFO - Sync 1 DAGs
[2025-12-26T22:46:04.756+0530] {logging_mixin.py:188} INFO - [2025-12-26T22:46:04.756+0530] {dag.py:3947} INFO - Setting next_dagrun for example_display_name to None, run_after=None
[2025-12-26T22:46:04.777+0530] {processor.py:183} INFO - Processing /home/sathya/projects/training-kit/.venv-airflow/lib/python3.10/site-packages/airflow/example_dags/example_display_name.py took 0.057 seconds
[2025-12-26T22:51:39.293+0530] {processor.py:161} INFO - Started process (PID=9717) to work on /home/sathya/projects/training-kit/.venv-airflow/lib/python3.10/site-packages/airflow/example_dags/example_display_name.py
[2025-12-26T22:51:39.295+0530] {processor.py:830} INFO - Processing file /home/sathya/projects/training-kit/.venv-airflow/lib/python3.10/site-packages/airflow/example_dags/example_display_name.py for tasks to queue
[2025-12-26T22:51:39.296+0530] {logging_mixin.py:188} INFO - [2025-12-26T22:51:39.296+0530] {dagbag.py:545} INFO - Filling up the DagBag from /home/sathya/projects/training-kit/.venv-airflow/lib/python3.10/site-packages/airflow/example_dags/example_display_name.py
[2025-12-26T22:51:39.301+0530] {processor.py:840} INFO - DAG(s) 'example_display_name' retrieved from /home/sathya/projects/training-kit/.venv-airflow/lib/python3.10/site-packages/airflow/example_dags/example_display_name.py
[2025-12-26T22:51:39.314+0530] {logging_mixin.py:188} INFO - [2025-12-26T22:51:39.314+0530] {dag.py:3089} INFO - Sync 1 DAGs
[2025-12-26T22:51:39.323+0530] {logging_mixin.py:188} INFO - [2025-12-26T22:51:39.323+0530] {dag.py:3947} INFO - Setting next_dagrun for example_display_name to None, run_after=None
[2025-12-26T22:51:39.344+0530] {processor.py:183} INFO - Processing /home/sathya/projects/training-kit/.venv-airflow/lib/python3.10/site-packages/airflow/example_dags/example_display_name.py took 0.055 seconds
[2025-12-26T22:57:34.170+0530] {processor.py:161} INFO - Started process (PID=10384) to work on /home/sathya/projects/training-kit/.venv-airflow/lib/python3.10/site-packages/airflow/example_dags/example_display_name.py
[2025-12-26T22:57:34.171+0530] {processor.py:830} INFO - Processing file /home/sathya/projects/training-kit/.venv-airflow/lib/python3.10/site-packages/airflow/example_dags/example_display_name.py for tasks to queue
[2025-12-26T22:57:34.173+0530] {logging_mixin.py:188} INFO - [2025-12-26T22:57:34.173+0530] {dagbag.py:545} INFO - Filling up the DagBag from /home/sathya/projects/training-kit/.venv-airflow/lib/python3.10/site-packages/airflow/example_dags/example_display_name.py
[2025-12-26T22:57:34.179+0530] {processor.py:840} INFO - DAG(s) 'example_display_name' retrieved from /home/sathya/projects/training-kit/.venv-airflow/lib/python3.10/site-packages/airflow/example_dags/example_display_name.py
[2025-12-26T22:57:34.198+0530] {logging_mixin.py:188} INFO - [2025-12-26T22:57:34.197+0530] {dag.py:3089} INFO - Sync 1 DAGs
[2025-12-26T22:57:34.208+0530] {logging_mixin.py:188} INFO - [2025-12-26T22:57:34.208+0530] {dag.py:3947} INFO - Setting next_dagrun for example_display_name to None, run_after=None
[2025-12-26T22:57:34.231+0530] {processor.py:183} INFO - Processing /home/sathya/projects/training-kit/.venv-airflow/lib/python3.10/site-packages/airflow/example_dags/example_display_name.py took 0.072 seconds
[2025-12-26T23:05:49.202+0530] {processor.py:161} INFO - Started process (PID=11176) to work on /home/sathya/projects/training-kit/.venv-airflow/lib/python3.10/site-packages/airflow/example_dags/example_display_name.py
[2025-12-26T23:05:49.204+0530] {processor.py:830} INFO - Processing file /home/sathya/projects/training-kit/.venv-airflow/lib/python3.10/site-packages/airflow/example_dags/example_display_name.py for tasks to queue
[2025-12-26T23:05:49.205+0530] {logging_mixin.py:188} INFO - [2025-12-26T23:05:49.205+0530] {dagbag.py:545} INFO - Filling up the DagBag from /home/sathya/projects/training-kit/.venv-airflow/lib/python3.10/site-packages/airflow/example_dags/example_display_name.py
[2025-12-26T23:05:49.210+0530] {processor.py:840} INFO - DAG(s) 'example_display_name' retrieved from /home/sathya/projects/training-kit/.venv-airflow/lib/python3.10/site-packages/airflow/example_dags/example_display_name.py
[2025-12-26T23:05:49.225+0530] {logging_mixin.py:188} INFO - [2025-12-26T23:05:49.224+0530] {dag.py:3089} INFO - Sync 1 DAGs
[2025-12-26T23:05:49.237+0530] {logging_mixin.py:188} INFO - [2025-12-26T23:05:49.237+0530] {dag.py:3947} INFO - Setting next_dagrun for example_display_name to None, run_after=None
[2025-12-26T23:05:49.258+0530] {processor.py:183} INFO - Processing /home/sathya/projects/training-kit/.venv-airflow/lib/python3.10/site-packages/airflow/example_dags/example_display_name.py took 0.063 seconds
[2025-12-26T23:11:52.392+0530] {processor.py:161} INFO - Started process (PID=11925) to work on /home/sathya/projects/training-kit/.venv-airflow/lib/python3.10/site-packages/airflow/example_dags/example_display_name.py
[2025-12-26T23:11:52.394+0530] {processor.py:830} INFO - Processing file /home/sathya/projects/training-kit/.venv-airflow/lib/python3.10/site-packages/airflow/example_dags/example_display_name.py for tasks to queue
[2025-12-26T23:11:52.395+0530] {logging_mixin.py:188} INFO - [2025-12-26T23:11:52.395+0530] {dagbag.py:545} INFO - Filling up the DagBag from /home/sathya/projects/training-kit/.venv-airflow/lib/python3.10/site-packages/airflow/example_dags/example_display_name.py
[2025-12-26T23:11:52.400+0530] {processor.py:840} INFO - DAG(s) 'example_display_name' retrieved from /home/sathya/projects/training-kit/.venv-airflow/lib/python3.10/site-packages/airflow/example_dags/example_display_name.py
[2025-12-26T23:11:52.412+0530] {logging_mixin.py:188} INFO - [2025-12-26T23:11:52.412+0530] {dag.py:3089} INFO - Sync 1 DAGs
[2025-12-26T23:11:52.420+0530] {logging_mixin.py:188} INFO - [2025-12-26T23:11:52.420+0530] {dag.py:3947} INFO - Setting next_dagrun for example_display_name to None, run_after=None
[2025-12-26T23:11:52.438+0530] {processor.py:183} INFO - Processing /home/sathya/projects/training-kit/.venv-airflow/lib/python3.10/site-packages/airflow/example_dags/example_display_name.py took 0.052 seconds
