[2025-12-26T21:52:29.693+0530] {processor.py:161} INFO - Started process (PID=1279) to work on /home/sathya/projects/training-kit/.venv-airflow/lib/python3.10/site-packages/airflow/example_dags/example_setup_teardown_taskflow.py
[2025-12-26T21:52:29.694+0530] {processor.py:830} INFO - Processing file /home/sathya/projects/training-kit/.venv-airflow/lib/python3.10/site-packages/airflow/example_dags/example_setup_teardown_taskflow.py for tasks to queue
[2025-12-26T21:52:29.702+0530] {logging_mixin.py:188} INFO - [2025-12-26T21:52:29.701+0530] {dagbag.py:545} INFO - Filling up the DagBag from /home/sathya/projects/training-kit/.venv-airflow/lib/python3.10/site-packages/airflow/example_dags/example_setup_teardown_taskflow.py
[2025-12-26T21:52:29.777+0530] {processor.py:840} INFO - DAG(s) 'example_setup_teardown_taskflow' retrieved from /home/sathya/projects/training-kit/.venv-airflow/lib/python3.10/site-packages/airflow/example_dags/example_setup_teardown_taskflow.py
[2025-12-26T21:52:29.820+0530] {logging_mixin.py:188} INFO - [2025-12-26T21:52:29.819+0530] {dag.py:3089} INFO - Sync 1 DAGs
[2025-12-26T21:52:29.845+0530] {logging_mixin.py:188} INFO - [2025-12-26T21:52:29.845+0530] {dag.py:3947} INFO - Setting next_dagrun for example_setup_teardown_taskflow to 2025-12-25 00:00:00+00:00, run_after=2025-12-26 00:00:00+00:00
[2025-12-26T21:52:29.890+0530] {processor.py:183} INFO - Processing /home/sathya/projects/training-kit/.venv-airflow/lib/python3.10/site-packages/airflow/example_dags/example_setup_teardown_taskflow.py took 0.211 seconds
[2025-12-26T21:53:25.079+0530] {processor.py:161} INFO - Started process (PID=1410) to work on /home/sathya/projects/training-kit/.venv-airflow/lib/python3.10/site-packages/airflow/example_dags/example_setup_teardown_taskflow.py
[2025-12-26T21:53:25.086+0530] {processor.py:830} INFO - Processing file /home/sathya/projects/training-kit/.venv-airflow/lib/python3.10/site-packages/airflow/example_dags/example_setup_teardown_taskflow.py for tasks to queue
[2025-12-26T21:53:25.088+0530] {logging_mixin.py:188} INFO - [2025-12-26T21:53:25.087+0530] {dagbag.py:545} INFO - Filling up the DagBag from /home/sathya/projects/training-kit/.venv-airflow/lib/python3.10/site-packages/airflow/example_dags/example_setup_teardown_taskflow.py
[2025-12-26T21:53:25.101+0530] {processor.py:840} INFO - DAG(s) 'example_setup_teardown_taskflow' retrieved from /home/sathya/projects/training-kit/.venv-airflow/lib/python3.10/site-packages/airflow/example_dags/example_setup_teardown_taskflow.py
[2025-12-26T21:53:25.123+0530] {logging_mixin.py:188} INFO - [2025-12-26T21:53:25.122+0530] {dag.py:3089} INFO - Sync 1 DAGs
[2025-12-26T21:53:25.146+0530] {logging_mixin.py:188} INFO - [2025-12-26T21:53:25.146+0530] {dag.py:3947} INFO - Setting next_dagrun for example_setup_teardown_taskflow to 2025-12-25 00:00:00+00:00, run_after=2025-12-26 00:00:00+00:00
[2025-12-26T21:53:25.184+0530] {processor.py:183} INFO - Processing /home/sathya/projects/training-kit/.venv-airflow/lib/python3.10/site-packages/airflow/example_dags/example_setup_teardown_taskflow.py took 0.114 seconds
[2025-12-26T21:54:21.104+0530] {processor.py:161} INFO - Started process (PID=1543) to work on /home/sathya/projects/training-kit/.venv-airflow/lib/python3.10/site-packages/airflow/example_dags/example_setup_teardown_taskflow.py
[2025-12-26T21:54:21.111+0530] {processor.py:830} INFO - Processing file /home/sathya/projects/training-kit/.venv-airflow/lib/python3.10/site-packages/airflow/example_dags/example_setup_teardown_taskflow.py for tasks to queue
[2025-12-26T21:54:21.113+0530] {logging_mixin.py:188} INFO - [2025-12-26T21:54:21.113+0530] {dagbag.py:545} INFO - Filling up the DagBag from /home/sathya/projects/training-kit/.venv-airflow/lib/python3.10/site-packages/airflow/example_dags/example_setup_teardown_taskflow.py
[2025-12-26T21:54:21.228+0530] {processor.py:840} INFO - DAG(s) 'example_setup_teardown_taskflow' retrieved from /home/sathya/projects/training-kit/.venv-airflow/lib/python3.10/site-packages/airflow/example_dags/example_setup_teardown_taskflow.py
[2025-12-26T21:54:21.243+0530] {logging_mixin.py:188} INFO - [2025-12-26T21:54:21.242+0530] {dag.py:3089} INFO - Sync 1 DAGs
[2025-12-26T21:54:21.261+0530] {logging_mixin.py:188} INFO - [2025-12-26T21:54:21.261+0530] {dag.py:3947} INFO - Setting next_dagrun for example_setup_teardown_taskflow to 2025-12-25 00:00:00+00:00, run_after=2025-12-26 00:00:00+00:00
[2025-12-26T21:54:21.371+0530] {processor.py:183} INFO - Processing /home/sathya/projects/training-kit/.venv-airflow/lib/python3.10/site-packages/airflow/example_dags/example_setup_teardown_taskflow.py took 0.273 seconds
[2025-12-26T21:55:08.168+0530] {processor.py:161} INFO - Started process (PID=1656) to work on /home/sathya/projects/training-kit/.venv-airflow/lib/python3.10/site-packages/airflow/example_dags/example_setup_teardown_taskflow.py
[2025-12-26T21:55:08.170+0530] {processor.py:830} INFO - Processing file /home/sathya/projects/training-kit/.venv-airflow/lib/python3.10/site-packages/airflow/example_dags/example_setup_teardown_taskflow.py for tasks to queue
[2025-12-26T21:55:08.176+0530] {logging_mixin.py:188} INFO - [2025-12-26T21:55:08.175+0530] {dagbag.py:545} INFO - Filling up the DagBag from /home/sathya/projects/training-kit/.venv-airflow/lib/python3.10/site-packages/airflow/example_dags/example_setup_teardown_taskflow.py
[2025-12-26T21:55:08.196+0530] {processor.py:840} INFO - DAG(s) 'example_setup_teardown_taskflow' retrieved from /home/sathya/projects/training-kit/.venv-airflow/lib/python3.10/site-packages/airflow/example_dags/example_setup_teardown_taskflow.py
[2025-12-26T21:55:08.231+0530] {logging_mixin.py:188} INFO - [2025-12-26T21:55:08.231+0530] {dag.py:3089} INFO - Sync 1 DAGs
[2025-12-26T21:55:08.252+0530] {logging_mixin.py:188} INFO - [2025-12-26T21:55:08.251+0530] {dag.py:3947} INFO - Setting next_dagrun for example_setup_teardown_taskflow to 2025-12-25 00:00:00+00:00, run_after=2025-12-26 00:00:00+00:00
[2025-12-26T21:55:08.278+0530] {processor.py:183} INFO - Processing /home/sathya/projects/training-kit/.venv-airflow/lib/python3.10/site-packages/airflow/example_dags/example_setup_teardown_taskflow.py took 0.122 seconds
[2025-12-26T21:55:26.941+0530] {processor.py:161} INFO - Started process (PID=1712) to work on /home/sathya/projects/training-kit/.venv-airflow/lib/python3.10/site-packages/airflow/example_dags/example_setup_teardown_taskflow.py
[2025-12-26T21:55:26.948+0530] {processor.py:830} INFO - Processing file /home/sathya/projects/training-kit/.venv-airflow/lib/python3.10/site-packages/airflow/example_dags/example_setup_teardown_taskflow.py for tasks to queue
[2025-12-26T21:55:26.950+0530] {logging_mixin.py:188} INFO - [2025-12-26T21:55:26.950+0530] {dagbag.py:545} INFO - Filling up the DagBag from /home/sathya/projects/training-kit/.venv-airflow/lib/python3.10/site-packages/airflow/example_dags/example_setup_teardown_taskflow.py
[2025-12-26T21:55:26.962+0530] {processor.py:840} INFO - DAG(s) 'example_setup_teardown_taskflow' retrieved from /home/sathya/projects/training-kit/.venv-airflow/lib/python3.10/site-packages/airflow/example_dags/example_setup_teardown_taskflow.py
[2025-12-26T21:55:26.987+0530] {logging_mixin.py:188} INFO - [2025-12-26T21:55:26.987+0530] {dag.py:3089} INFO - Sync 1 DAGs
[2025-12-26T21:55:27.011+0530] {logging_mixin.py:188} INFO - [2025-12-26T21:55:27.011+0530] {dag.py:3947} INFO - Setting next_dagrun for example_setup_teardown_taskflow to 2025-12-25 00:00:00+00:00, run_after=2025-12-26 00:00:00+00:00
[2025-12-26T21:55:27.080+0530] {processor.py:183} INFO - Processing /home/sathya/projects/training-kit/.venv-airflow/lib/python3.10/site-packages/airflow/example_dags/example_setup_teardown_taskflow.py took 0.147 seconds
[2025-12-26T21:56:00.288+0530] {processor.py:161} INFO - Started process (PID=1810) to work on /home/sathya/projects/training-kit/.venv-airflow/lib/python3.10/site-packages/airflow/example_dags/example_setup_teardown_taskflow.py
[2025-12-26T21:56:00.294+0530] {processor.py:830} INFO - Processing file /home/sathya/projects/training-kit/.venv-airflow/lib/python3.10/site-packages/airflow/example_dags/example_setup_teardown_taskflow.py for tasks to queue
[2025-12-26T21:56:00.296+0530] {logging_mixin.py:188} INFO - [2025-12-26T21:56:00.296+0530] {dagbag.py:545} INFO - Filling up the DagBag from /home/sathya/projects/training-kit/.venv-airflow/lib/python3.10/site-packages/airflow/example_dags/example_setup_teardown_taskflow.py
[2025-12-26T21:56:00.309+0530] {processor.py:840} INFO - DAG(s) 'example_setup_teardown_taskflow' retrieved from /home/sathya/projects/training-kit/.venv-airflow/lib/python3.10/site-packages/airflow/example_dags/example_setup_teardown_taskflow.py
[2025-12-26T21:56:00.341+0530] {logging_mixin.py:188} INFO - [2025-12-26T21:56:00.340+0530] {dag.py:3089} INFO - Sync 1 DAGs
[2025-12-26T21:56:00.358+0530] {logging_mixin.py:188} INFO - [2025-12-26T21:56:00.358+0530] {dag.py:3947} INFO - Setting next_dagrun for example_setup_teardown_taskflow to 2025-12-25 00:00:00+00:00, run_after=2025-12-26 00:00:00+00:00
[2025-12-26T21:56:00.413+0530] {processor.py:183} INFO - Processing /home/sathya/projects/training-kit/.venv-airflow/lib/python3.10/site-packages/airflow/example_dags/example_setup_teardown_taskflow.py took 0.132 seconds
[2025-12-26T21:56:21.116+0530] {processor.py:161} INFO - Started process (PID=1871) to work on /home/sathya/projects/training-kit/.venv-airflow/lib/python3.10/site-packages/airflow/example_dags/example_setup_teardown_taskflow.py
[2025-12-26T21:56:21.122+0530] {processor.py:830} INFO - Processing file /home/sathya/projects/training-kit/.venv-airflow/lib/python3.10/site-packages/airflow/example_dags/example_setup_teardown_taskflow.py for tasks to queue
[2025-12-26T21:56:21.123+0530] {logging_mixin.py:188} INFO - [2025-12-26T21:56:21.123+0530] {dagbag.py:545} INFO - Filling up the DagBag from /home/sathya/projects/training-kit/.venv-airflow/lib/python3.10/site-packages/airflow/example_dags/example_setup_teardown_taskflow.py
[2025-12-26T21:56:21.130+0530] {processor.py:840} INFO - DAG(s) 'example_setup_teardown_taskflow' retrieved from /home/sathya/projects/training-kit/.venv-airflow/lib/python3.10/site-packages/airflow/example_dags/example_setup_teardown_taskflow.py
[2025-12-26T21:56:21.144+0530] {logging_mixin.py:188} INFO - [2025-12-26T21:56:21.144+0530] {dag.py:3089} INFO - Sync 1 DAGs
[2025-12-26T21:56:21.166+0530] {logging_mixin.py:188} INFO - [2025-12-26T21:56:21.166+0530] {dag.py:3947} INFO - Setting next_dagrun for example_setup_teardown_taskflow to 2025-12-25 00:00:00+00:00, run_after=2025-12-26 00:00:00+00:00
[2025-12-26T21:56:21.191+0530] {processor.py:183} INFO - Processing /home/sathya/projects/training-kit/.venv-airflow/lib/python3.10/site-packages/airflow/example_dags/example_setup_teardown_taskflow.py took 0.081 seconds
[2025-12-26T21:56:55.403+0530] {processor.py:161} INFO - Started process (PID=1965) to work on /home/sathya/projects/training-kit/.venv-airflow/lib/python3.10/site-packages/airflow/example_dags/example_setup_teardown_taskflow.py
[2025-12-26T21:56:55.420+0530] {processor.py:830} INFO - Processing file /home/sathya/projects/training-kit/.venv-airflow/lib/python3.10/site-packages/airflow/example_dags/example_setup_teardown_taskflow.py for tasks to queue
[2025-12-26T21:56:55.423+0530] {logging_mixin.py:188} INFO - [2025-12-26T21:56:55.422+0530] {dagbag.py:545} INFO - Filling up the DagBag from /home/sathya/projects/training-kit/.venv-airflow/lib/python3.10/site-packages/airflow/example_dags/example_setup_teardown_taskflow.py
[2025-12-26T21:56:55.442+0530] {processor.py:840} INFO - DAG(s) 'example_setup_teardown_taskflow' retrieved from /home/sathya/projects/training-kit/.venv-airflow/lib/python3.10/site-packages/airflow/example_dags/example_setup_teardown_taskflow.py
[2025-12-26T21:56:55.467+0530] {logging_mixin.py:188} INFO - [2025-12-26T21:56:55.467+0530] {dag.py:3089} INFO - Sync 1 DAGs
[2025-12-26T21:56:55.494+0530] {logging_mixin.py:188} INFO - [2025-12-26T21:56:55.493+0530] {dag.py:3947} INFO - Setting next_dagrun for example_setup_teardown_taskflow to 2025-12-25 00:00:00+00:00, run_after=2025-12-26 00:00:00+00:00
[2025-12-26T21:56:55.530+0530] {processor.py:183} INFO - Processing /home/sathya/projects/training-kit/.venv-airflow/lib/python3.10/site-packages/airflow/example_dags/example_setup_teardown_taskflow.py took 0.140 seconds
[2025-12-26T21:57:25.396+0530] {processor.py:161} INFO - Started process (PID=2048) to work on /home/sathya/projects/training-kit/.venv-airflow/lib/python3.10/site-packages/airflow/example_dags/example_setup_teardown_taskflow.py
[2025-12-26T21:57:25.403+0530] {processor.py:830} INFO - Processing file /home/sathya/projects/training-kit/.venv-airflow/lib/python3.10/site-packages/airflow/example_dags/example_setup_teardown_taskflow.py for tasks to queue
[2025-12-26T21:57:25.404+0530] {logging_mixin.py:188} INFO - [2025-12-26T21:57:25.404+0530] {dagbag.py:545} INFO - Filling up the DagBag from /home/sathya/projects/training-kit/.venv-airflow/lib/python3.10/site-packages/airflow/example_dags/example_setup_teardown_taskflow.py
[2025-12-26T21:57:25.549+0530] {processor.py:840} INFO - DAG(s) 'example_setup_teardown_taskflow' retrieved from /home/sathya/projects/training-kit/.venv-airflow/lib/python3.10/site-packages/airflow/example_dags/example_setup_teardown_taskflow.py
[2025-12-26T21:57:25.568+0530] {logging_mixin.py:188} INFO - [2025-12-26T21:57:25.568+0530] {dag.py:3089} INFO - Sync 1 DAGs
[2025-12-26T21:57:25.592+0530] {logging_mixin.py:188} INFO - [2025-12-26T21:57:25.592+0530] {dag.py:3947} INFO - Setting next_dagrun for example_setup_teardown_taskflow to 2025-12-25 00:00:00+00:00, run_after=2025-12-26 00:00:00+00:00
[2025-12-26T21:57:25.633+0530] {processor.py:183} INFO - Processing /home/sathya/projects/training-kit/.venv-airflow/lib/python3.10/site-packages/airflow/example_dags/example_setup_teardown_taskflow.py took 0.246 seconds
[2025-12-26T21:57:43.699+0530] {processor.py:161} INFO - Started process (PID=2105) to work on /home/sathya/projects/training-kit/.venv-airflow/lib/python3.10/site-packages/airflow/example_dags/example_setup_teardown_taskflow.py
[2025-12-26T21:57:43.701+0530] {processor.py:830} INFO - Processing file /home/sathya/projects/training-kit/.venv-airflow/lib/python3.10/site-packages/airflow/example_dags/example_setup_teardown_taskflow.py for tasks to queue
[2025-12-26T21:57:43.705+0530] {logging_mixin.py:188} INFO - [2025-12-26T21:57:43.704+0530] {dagbag.py:545} INFO - Filling up the DagBag from /home/sathya/projects/training-kit/.venv-airflow/lib/python3.10/site-packages/airflow/example_dags/example_setup_teardown_taskflow.py
[2025-12-26T21:57:43.722+0530] {processor.py:840} INFO - DAG(s) 'example_setup_teardown_taskflow' retrieved from /home/sathya/projects/training-kit/.venv-airflow/lib/python3.10/site-packages/airflow/example_dags/example_setup_teardown_taskflow.py
[2025-12-26T21:57:43.750+0530] {logging_mixin.py:188} INFO - [2025-12-26T21:57:43.750+0530] {dag.py:3089} INFO - Sync 1 DAGs
[2025-12-26T21:57:43.772+0530] {logging_mixin.py:188} INFO - [2025-12-26T21:57:43.771+0530] {dag.py:3947} INFO - Setting next_dagrun for example_setup_teardown_taskflow to 2025-12-25 00:00:00+00:00, run_after=2025-12-26 00:00:00+00:00
[2025-12-26T21:57:43.801+0530] {processor.py:183} INFO - Processing /home/sathya/projects/training-kit/.venv-airflow/lib/python3.10/site-packages/airflow/example_dags/example_setup_teardown_taskflow.py took 0.112 seconds
[2025-12-26T21:58:17.303+0530] {processor.py:161} INFO - Started process (PID=2220) to work on /home/sathya/projects/training-kit/.venv-airflow/lib/python3.10/site-packages/airflow/example_dags/example_setup_teardown_taskflow.py
[2025-12-26T21:58:17.310+0530] {processor.py:830} INFO - Processing file /home/sathya/projects/training-kit/.venv-airflow/lib/python3.10/site-packages/airflow/example_dags/example_setup_teardown_taskflow.py for tasks to queue
[2025-12-26T21:58:17.314+0530] {logging_mixin.py:188} INFO - [2025-12-26T21:58:17.313+0530] {dagbag.py:545} INFO - Filling up the DagBag from /home/sathya/projects/training-kit/.venv-airflow/lib/python3.10/site-packages/airflow/example_dags/example_setup_teardown_taskflow.py
[2025-12-26T21:58:17.325+0530] {processor.py:840} INFO - DAG(s) 'example_setup_teardown_taskflow' retrieved from /home/sathya/projects/training-kit/.venv-airflow/lib/python3.10/site-packages/airflow/example_dags/example_setup_teardown_taskflow.py
[2025-12-26T21:58:17.343+0530] {logging_mixin.py:188} INFO - [2025-12-26T21:58:17.343+0530] {dag.py:3089} INFO - Sync 1 DAGs
[2025-12-26T21:58:17.363+0530] {logging_mixin.py:188} INFO - [2025-12-26T21:58:17.363+0530] {dag.py:3947} INFO - Setting next_dagrun for example_setup_teardown_taskflow to 2025-12-25 00:00:00+00:00, run_after=2025-12-26 00:00:00+00:00
[2025-12-26T21:58:17.388+0530] {processor.py:183} INFO - Processing /home/sathya/projects/training-kit/.venv-airflow/lib/python3.10/site-packages/airflow/example_dags/example_setup_teardown_taskflow.py took 0.093 seconds
[2025-12-26T21:58:32.945+0530] {processor.py:161} INFO - Started process (PID=2263) to work on /home/sathya/projects/training-kit/.venv-airflow/lib/python3.10/site-packages/airflow/example_dags/example_setup_teardown_taskflow.py
[2025-12-26T21:58:32.946+0530] {processor.py:830} INFO - Processing file /home/sathya/projects/training-kit/.venv-airflow/lib/python3.10/site-packages/airflow/example_dags/example_setup_teardown_taskflow.py for tasks to queue
[2025-12-26T21:58:32.948+0530] {logging_mixin.py:188} INFO - [2025-12-26T21:58:32.947+0530] {dagbag.py:545} INFO - Filling up the DagBag from /home/sathya/projects/training-kit/.venv-airflow/lib/python3.10/site-packages/airflow/example_dags/example_setup_teardown_taskflow.py
[2025-12-26T21:58:32.958+0530] {processor.py:840} INFO - DAG(s) 'example_setup_teardown_taskflow' retrieved from /home/sathya/projects/training-kit/.venv-airflow/lib/python3.10/site-packages/airflow/example_dags/example_setup_teardown_taskflow.py
[2025-12-26T21:58:32.992+0530] {logging_mixin.py:188} INFO - [2025-12-26T21:58:32.992+0530] {dag.py:3089} INFO - Sync 1 DAGs
[2025-12-26T21:58:33.015+0530] {logging_mixin.py:188} INFO - [2025-12-26T21:58:33.015+0530] {dag.py:3947} INFO - Setting next_dagrun for example_setup_teardown_taskflow to 2025-12-25 00:00:00+00:00, run_after=2025-12-26 00:00:00+00:00
[2025-12-26T21:58:33.039+0530] {processor.py:183} INFO - Processing /home/sathya/projects/training-kit/.venv-airflow/lib/python3.10/site-packages/airflow/example_dags/example_setup_teardown_taskflow.py took 0.101 seconds
[2025-12-26T21:59:06.729+0530] {processor.py:161} INFO - Started process (PID=2376) to work on /home/sathya/projects/training-kit/.venv-airflow/lib/python3.10/site-packages/airflow/example_dags/example_setup_teardown_taskflow.py
[2025-12-26T21:59:06.736+0530] {processor.py:830} INFO - Processing file /home/sathya/projects/training-kit/.venv-airflow/lib/python3.10/site-packages/airflow/example_dags/example_setup_teardown_taskflow.py for tasks to queue
[2025-12-26T21:59:06.739+0530] {logging_mixin.py:188} INFO - [2025-12-26T21:59:06.738+0530] {dagbag.py:545} INFO - Filling up the DagBag from /home/sathya/projects/training-kit/.venv-airflow/lib/python3.10/site-packages/airflow/example_dags/example_setup_teardown_taskflow.py
[2025-12-26T21:59:06.755+0530] {processor.py:840} INFO - DAG(s) 'example_setup_teardown_taskflow' retrieved from /home/sathya/projects/training-kit/.venv-airflow/lib/python3.10/site-packages/airflow/example_dags/example_setup_teardown_taskflow.py
[2025-12-26T21:59:06.780+0530] {logging_mixin.py:188} INFO - [2025-12-26T21:59:06.780+0530] {dag.py:3089} INFO - Sync 1 DAGs
[2025-12-26T21:59:06.802+0530] {logging_mixin.py:188} INFO - [2025-12-26T21:59:06.802+0530] {dag.py:3947} INFO - Setting next_dagrun for example_setup_teardown_taskflow to 2025-12-25 00:00:00+00:00, run_after=2025-12-26 00:00:00+00:00
[2025-12-26T21:59:06.846+0530] {processor.py:183} INFO - Processing /home/sathya/projects/training-kit/.venv-airflow/lib/python3.10/site-packages/airflow/example_dags/example_setup_teardown_taskflow.py took 0.129 seconds
[2025-12-26T21:59:21.168+0530] {processor.py:161} INFO - Started process (PID=2419) to work on /home/sathya/projects/training-kit/.venv-airflow/lib/python3.10/site-packages/airflow/example_dags/example_setup_teardown_taskflow.py
[2025-12-26T21:59:21.175+0530] {processor.py:830} INFO - Processing file /home/sathya/projects/training-kit/.venv-airflow/lib/python3.10/site-packages/airflow/example_dags/example_setup_teardown_taskflow.py for tasks to queue
[2025-12-26T21:59:21.177+0530] {logging_mixin.py:188} INFO - [2025-12-26T21:59:21.177+0530] {dagbag.py:545} INFO - Filling up the DagBag from /home/sathya/projects/training-kit/.venv-airflow/lib/python3.10/site-packages/airflow/example_dags/example_setup_teardown_taskflow.py
[2025-12-26T21:59:21.189+0530] {processor.py:840} INFO - DAG(s) 'example_setup_teardown_taskflow' retrieved from /home/sathya/projects/training-kit/.venv-airflow/lib/python3.10/site-packages/airflow/example_dags/example_setup_teardown_taskflow.py
[2025-12-26T21:59:21.216+0530] {logging_mixin.py:188} INFO - [2025-12-26T21:59:21.216+0530] {dag.py:3089} INFO - Sync 1 DAGs
[2025-12-26T21:59:21.245+0530] {logging_mixin.py:188} INFO - [2025-12-26T21:59:21.245+0530] {dag.py:3947} INFO - Setting next_dagrun for example_setup_teardown_taskflow to 2025-12-25 00:00:00+00:00, run_after=2025-12-26 00:00:00+00:00
[2025-12-26T21:59:21.279+0530] {processor.py:183} INFO - Processing /home/sathya/projects/training-kit/.venv-airflow/lib/python3.10/site-packages/airflow/example_dags/example_setup_teardown_taskflow.py took 0.127 seconds
[2025-12-26T21:59:50.566+0530] {processor.py:161} INFO - Started process (PID=2508) to work on /home/sathya/projects/training-kit/.venv-airflow/lib/python3.10/site-packages/airflow/example_dags/example_setup_teardown_taskflow.py
[2025-12-26T21:59:50.572+0530] {processor.py:830} INFO - Processing file /home/sathya/projects/training-kit/.venv-airflow/lib/python3.10/site-packages/airflow/example_dags/example_setup_teardown_taskflow.py for tasks to queue
[2025-12-26T21:59:50.576+0530] {logging_mixin.py:188} INFO - [2025-12-26T21:59:50.575+0530] {dagbag.py:545} INFO - Filling up the DagBag from /home/sathya/projects/training-kit/.venv-airflow/lib/python3.10/site-packages/airflow/example_dags/example_setup_teardown_taskflow.py
[2025-12-26T21:59:50.587+0530] {processor.py:840} INFO - DAG(s) 'example_setup_teardown_taskflow' retrieved from /home/sathya/projects/training-kit/.venv-airflow/lib/python3.10/site-packages/airflow/example_dags/example_setup_teardown_taskflow.py
[2025-12-26T21:59:50.610+0530] {logging_mixin.py:188} INFO - [2025-12-26T21:59:50.610+0530] {dag.py:3089} INFO - Sync 1 DAGs
[2025-12-26T21:59:50.634+0530] {logging_mixin.py:188} INFO - [2025-12-26T21:59:50.634+0530] {dag.py:3947} INFO - Setting next_dagrun for example_setup_teardown_taskflow to 2025-12-25 00:00:00+00:00, run_after=2025-12-26 00:00:00+00:00
[2025-12-26T21:59:50.672+0530] {processor.py:183} INFO - Processing /home/sathya/projects/training-kit/.venv-airflow/lib/python3.10/site-packages/airflow/example_dags/example_setup_teardown_taskflow.py took 0.117 seconds
[2025-12-26T22:00:08.123+0530] {processor.py:161} INFO - Started process (PID=2592) to work on /home/sathya/projects/training-kit/.venv-airflow/lib/python3.10/site-packages/airflow/example_dags/example_setup_teardown_taskflow.py
[2025-12-26T22:00:08.126+0530] {processor.py:830} INFO - Processing file /home/sathya/projects/training-kit/.venv-airflow/lib/python3.10/site-packages/airflow/example_dags/example_setup_teardown_taskflow.py for tasks to queue
[2025-12-26T22:00:08.130+0530] {logging_mixin.py:188} INFO - [2025-12-26T22:00:08.130+0530] {dagbag.py:545} INFO - Filling up the DagBag from /home/sathya/projects/training-kit/.venv-airflow/lib/python3.10/site-packages/airflow/example_dags/example_setup_teardown_taskflow.py
[2025-12-26T22:00:08.150+0530] {processor.py:840} INFO - DAG(s) 'example_setup_teardown_taskflow' retrieved from /home/sathya/projects/training-kit/.venv-airflow/lib/python3.10/site-packages/airflow/example_dags/example_setup_teardown_taskflow.py
[2025-12-26T22:00:08.171+0530] {logging_mixin.py:188} INFO - [2025-12-26T22:00:08.171+0530] {dag.py:3089} INFO - Sync 1 DAGs
[2025-12-26T22:00:08.192+0530] {logging_mixin.py:188} INFO - [2025-12-26T22:00:08.192+0530] {dag.py:3947} INFO - Setting next_dagrun for example_setup_teardown_taskflow to 2025-12-25 00:00:00+00:00, run_after=2025-12-26 00:00:00+00:00
[2025-12-26T22:00:08.220+0530] {processor.py:183} INFO - Processing /home/sathya/projects/training-kit/.venv-airflow/lib/python3.10/site-packages/airflow/example_dags/example_setup_teardown_taskflow.py took 0.109 seconds
[2025-12-26T22:00:38.898+0530] {processor.py:161} INFO - Started process (PID=2693) to work on /home/sathya/projects/training-kit/.venv-airflow/lib/python3.10/site-packages/airflow/example_dags/example_setup_teardown_taskflow.py
[2025-12-26T22:00:38.905+0530] {processor.py:830} INFO - Processing file /home/sathya/projects/training-kit/.venv-airflow/lib/python3.10/site-packages/airflow/example_dags/example_setup_teardown_taskflow.py for tasks to queue
[2025-12-26T22:00:38.907+0530] {logging_mixin.py:188} INFO - [2025-12-26T22:00:38.907+0530] {dagbag.py:545} INFO - Filling up the DagBag from /home/sathya/projects/training-kit/.venv-airflow/lib/python3.10/site-packages/airflow/example_dags/example_setup_teardown_taskflow.py
[2025-12-26T22:00:38.920+0530] {processor.py:840} INFO - DAG(s) 'example_setup_teardown_taskflow' retrieved from /home/sathya/projects/training-kit/.venv-airflow/lib/python3.10/site-packages/airflow/example_dags/example_setup_teardown_taskflow.py
[2025-12-26T22:00:38.942+0530] {logging_mixin.py:188} INFO - [2025-12-26T22:00:38.942+0530] {dag.py:3089} INFO - Sync 1 DAGs
[2025-12-26T22:00:38.964+0530] {logging_mixin.py:188} INFO - [2025-12-26T22:00:38.964+0530] {dag.py:3947} INFO - Setting next_dagrun for example_setup_teardown_taskflow to 2025-12-25 00:00:00+00:00, run_after=2025-12-26 00:00:00+00:00
[2025-12-26T22:00:39.003+0530] {processor.py:183} INFO - Processing /home/sathya/projects/training-kit/.venv-airflow/lib/python3.10/site-packages/airflow/example_dags/example_setup_teardown_taskflow.py took 0.126 seconds
[2025-12-26T22:00:58.278+0530] {processor.py:161} INFO - Started process (PID=2749) to work on /home/sathya/projects/training-kit/.venv-airflow/lib/python3.10/site-packages/airflow/example_dags/example_setup_teardown_taskflow.py
[2025-12-26T22:00:58.284+0530] {processor.py:830} INFO - Processing file /home/sathya/projects/training-kit/.venv-airflow/lib/python3.10/site-packages/airflow/example_dags/example_setup_teardown_taskflow.py for tasks to queue
[2025-12-26T22:00:58.287+0530] {logging_mixin.py:188} INFO - [2025-12-26T22:00:58.286+0530] {dagbag.py:545} INFO - Filling up the DagBag from /home/sathya/projects/training-kit/.venv-airflow/lib/python3.10/site-packages/airflow/example_dags/example_setup_teardown_taskflow.py
[2025-12-26T22:00:58.305+0530] {processor.py:840} INFO - DAG(s) 'example_setup_teardown_taskflow' retrieved from /home/sathya/projects/training-kit/.venv-airflow/lib/python3.10/site-packages/airflow/example_dags/example_setup_teardown_taskflow.py
[2025-12-26T22:00:58.329+0530] {logging_mixin.py:188} INFO - [2025-12-26T22:00:58.329+0530] {dag.py:3089} INFO - Sync 1 DAGs
[2025-12-26T22:00:58.355+0530] {logging_mixin.py:188} INFO - [2025-12-26T22:00:58.354+0530] {dag.py:3947} INFO - Setting next_dagrun for example_setup_teardown_taskflow to 2025-12-25 00:00:00+00:00, run_after=2025-12-26 00:00:00+00:00
[2025-12-26T22:00:58.401+0530] {processor.py:183} INFO - Processing /home/sathya/projects/training-kit/.venv-airflow/lib/python3.10/site-packages/airflow/example_dags/example_setup_teardown_taskflow.py took 0.139 seconds
[2025-12-26T22:01:26.797+0530] {processor.py:161} INFO - Started process (PID=2840) to work on /home/sathya/projects/training-kit/.venv-airflow/lib/python3.10/site-packages/airflow/example_dags/example_setup_teardown_taskflow.py
[2025-12-26T22:01:26.802+0530] {processor.py:830} INFO - Processing file /home/sathya/projects/training-kit/.venv-airflow/lib/python3.10/site-packages/airflow/example_dags/example_setup_teardown_taskflow.py for tasks to queue
[2025-12-26T22:01:26.804+0530] {logging_mixin.py:188} INFO - [2025-12-26T22:01:26.804+0530] {dagbag.py:545} INFO - Filling up the DagBag from /home/sathya/projects/training-kit/.venv-airflow/lib/python3.10/site-packages/airflow/example_dags/example_setup_teardown_taskflow.py
[2025-12-26T22:01:26.819+0530] {processor.py:840} INFO - DAG(s) 'example_setup_teardown_taskflow' retrieved from /home/sathya/projects/training-kit/.venv-airflow/lib/python3.10/site-packages/airflow/example_dags/example_setup_teardown_taskflow.py
[2025-12-26T22:01:26.846+0530] {logging_mixin.py:188} INFO - [2025-12-26T22:01:26.846+0530] {dag.py:3089} INFO - Sync 1 DAGs
[2025-12-26T22:01:26.872+0530] {logging_mixin.py:188} INFO - [2025-12-26T22:01:26.872+0530] {dag.py:3947} INFO - Setting next_dagrun for example_setup_teardown_taskflow to 2025-12-25 00:00:00+00:00, run_after=2025-12-26 00:00:00+00:00
[2025-12-26T22:01:26.907+0530] {processor.py:183} INFO - Processing /home/sathya/projects/training-kit/.venv-airflow/lib/python3.10/site-packages/airflow/example_dags/example_setup_teardown_taskflow.py took 0.119 seconds
[2025-12-26T22:01:43.160+0530] {processor.py:161} INFO - Started process (PID=2892) to work on /home/sathya/projects/training-kit/.venv-airflow/lib/python3.10/site-packages/airflow/example_dags/example_setup_teardown_taskflow.py
[2025-12-26T22:01:43.163+0530] {processor.py:830} INFO - Processing file /home/sathya/projects/training-kit/.venv-airflow/lib/python3.10/site-packages/airflow/example_dags/example_setup_teardown_taskflow.py for tasks to queue
[2025-12-26T22:01:43.167+0530] {logging_mixin.py:188} INFO - [2025-12-26T22:01:43.167+0530] {dagbag.py:545} INFO - Filling up the DagBag from /home/sathya/projects/training-kit/.venv-airflow/lib/python3.10/site-packages/airflow/example_dags/example_setup_teardown_taskflow.py
[2025-12-26T22:01:43.182+0530] {processor.py:840} INFO - DAG(s) 'example_setup_teardown_taskflow' retrieved from /home/sathya/projects/training-kit/.venv-airflow/lib/python3.10/site-packages/airflow/example_dags/example_setup_teardown_taskflow.py
[2025-12-26T22:01:43.208+0530] {logging_mixin.py:188} INFO - [2025-12-26T22:01:43.208+0530] {dag.py:3089} INFO - Sync 1 DAGs
[2025-12-26T22:01:43.239+0530] {logging_mixin.py:188} INFO - [2025-12-26T22:01:43.239+0530] {dag.py:3947} INFO - Setting next_dagrun for example_setup_teardown_taskflow to 2025-12-25 00:00:00+00:00, run_after=2025-12-26 00:00:00+00:00
[2025-12-26T22:01:43.302+0530] {processor.py:183} INFO - Processing /home/sathya/projects/training-kit/.venv-airflow/lib/python3.10/site-packages/airflow/example_dags/example_setup_teardown_taskflow.py took 0.150 seconds
[2025-12-26T22:02:13.412+0530] {processor.py:161} INFO - Started process (PID=2980) to work on /home/sathya/projects/training-kit/.venv-airflow/lib/python3.10/site-packages/airflow/example_dags/example_setup_teardown_taskflow.py
[2025-12-26T22:02:13.418+0530] {processor.py:830} INFO - Processing file /home/sathya/projects/training-kit/.venv-airflow/lib/python3.10/site-packages/airflow/example_dags/example_setup_teardown_taskflow.py for tasks to queue
[2025-12-26T22:02:13.421+0530] {logging_mixin.py:188} INFO - [2025-12-26T22:02:13.420+0530] {dagbag.py:545} INFO - Filling up the DagBag from /home/sathya/projects/training-kit/.venv-airflow/lib/python3.10/site-packages/airflow/example_dags/example_setup_teardown_taskflow.py
[2025-12-26T22:02:13.432+0530] {processor.py:840} INFO - DAG(s) 'example_setup_teardown_taskflow' retrieved from /home/sathya/projects/training-kit/.venv-airflow/lib/python3.10/site-packages/airflow/example_dags/example_setup_teardown_taskflow.py
[2025-12-26T22:02:13.454+0530] {logging_mixin.py:188} INFO - [2025-12-26T22:02:13.454+0530] {dag.py:3089} INFO - Sync 1 DAGs
[2025-12-26T22:02:13.473+0530] {logging_mixin.py:188} INFO - [2025-12-26T22:02:13.473+0530] {dag.py:3947} INFO - Setting next_dagrun for example_setup_teardown_taskflow to 2025-12-25 00:00:00+00:00, run_after=2025-12-26 00:00:00+00:00
[2025-12-26T22:02:13.517+0530] {processor.py:183} INFO - Processing /home/sathya/projects/training-kit/.venv-airflow/lib/python3.10/site-packages/airflow/example_dags/example_setup_teardown_taskflow.py took 0.118 seconds
[2025-12-26T22:02:31.249+0530] {processor.py:161} INFO - Started process (PID=3031) to work on /home/sathya/projects/training-kit/.venv-airflow/lib/python3.10/site-packages/airflow/example_dags/example_setup_teardown_taskflow.py
[2025-12-26T22:02:31.256+0530] {processor.py:830} INFO - Processing file /home/sathya/projects/training-kit/.venv-airflow/lib/python3.10/site-packages/airflow/example_dags/example_setup_teardown_taskflow.py for tasks to queue
[2025-12-26T22:02:31.258+0530] {logging_mixin.py:188} INFO - [2025-12-26T22:02:31.257+0530] {dagbag.py:545} INFO - Filling up the DagBag from /home/sathya/projects/training-kit/.venv-airflow/lib/python3.10/site-packages/airflow/example_dags/example_setup_teardown_taskflow.py
[2025-12-26T22:02:31.271+0530] {processor.py:840} INFO - DAG(s) 'example_setup_teardown_taskflow' retrieved from /home/sathya/projects/training-kit/.venv-airflow/lib/python3.10/site-packages/airflow/example_dags/example_setup_teardown_taskflow.py
[2025-12-26T22:02:31.307+0530] {logging_mixin.py:188} INFO - [2025-12-26T22:02:31.306+0530] {dag.py:3089} INFO - Sync 1 DAGs
[2025-12-26T22:02:31.362+0530] {logging_mixin.py:188} INFO - [2025-12-26T22:02:31.361+0530] {dag.py:3947} INFO - Setting next_dagrun for example_setup_teardown_taskflow to 2025-12-25 00:00:00+00:00, run_after=2025-12-26 00:00:00+00:00
[2025-12-26T22:02:31.412+0530] {processor.py:183} INFO - Processing /home/sathya/projects/training-kit/.venv-airflow/lib/python3.10/site-packages/airflow/example_dags/example_setup_teardown_taskflow.py took 0.184 seconds
[2025-12-26T22:03:03.544+0530] {processor.py:161} INFO - Started process (PID=3131) to work on /home/sathya/projects/training-kit/.venv-airflow/lib/python3.10/site-packages/airflow/example_dags/example_setup_teardown_taskflow.py
[2025-12-26T22:03:03.551+0530] {processor.py:830} INFO - Processing file /home/sathya/projects/training-kit/.venv-airflow/lib/python3.10/site-packages/airflow/example_dags/example_setup_teardown_taskflow.py for tasks to queue
[2025-12-26T22:03:03.554+0530] {logging_mixin.py:188} INFO - [2025-12-26T22:03:03.553+0530] {dagbag.py:545} INFO - Filling up the DagBag from /home/sathya/projects/training-kit/.venv-airflow/lib/python3.10/site-packages/airflow/example_dags/example_setup_teardown_taskflow.py
[2025-12-26T22:03:03.567+0530] {processor.py:840} INFO - DAG(s) 'example_setup_teardown_taskflow' retrieved from /home/sathya/projects/training-kit/.venv-airflow/lib/python3.10/site-packages/airflow/example_dags/example_setup_teardown_taskflow.py
[2025-12-26T22:03:03.615+0530] {logging_mixin.py:188} INFO - [2025-12-26T22:03:03.614+0530] {dag.py:3089} INFO - Sync 1 DAGs
[2025-12-26T22:03:03.639+0530] {logging_mixin.py:188} INFO - [2025-12-26T22:03:03.639+0530] {dag.py:3947} INFO - Setting next_dagrun for example_setup_teardown_taskflow to 2025-12-25 00:00:00+00:00, run_after=2025-12-26 00:00:00+00:00
[2025-12-26T22:03:03.678+0530] {processor.py:183} INFO - Processing /home/sathya/projects/training-kit/.venv-airflow/lib/python3.10/site-packages/airflow/example_dags/example_setup_teardown_taskflow.py took 0.150 seconds
[2025-12-26T22:03:17.308+0530] {processor.py:161} INFO - Started process (PID=3180) to work on /home/sathya/projects/training-kit/.venv-airflow/lib/python3.10/site-packages/airflow/example_dags/example_setup_teardown_taskflow.py
[2025-12-26T22:03:17.310+0530] {processor.py:830} INFO - Processing file /home/sathya/projects/training-kit/.venv-airflow/lib/python3.10/site-packages/airflow/example_dags/example_setup_teardown_taskflow.py for tasks to queue
[2025-12-26T22:03:17.312+0530] {logging_mixin.py:188} INFO - [2025-12-26T22:03:17.311+0530] {dagbag.py:545} INFO - Filling up the DagBag from /home/sathya/projects/training-kit/.venv-airflow/lib/python3.10/site-packages/airflow/example_dags/example_setup_teardown_taskflow.py
[2025-12-26T22:03:17.323+0530] {processor.py:840} INFO - DAG(s) 'example_setup_teardown_taskflow' retrieved from /home/sathya/projects/training-kit/.venv-airflow/lib/python3.10/site-packages/airflow/example_dags/example_setup_teardown_taskflow.py
[2025-12-26T22:03:17.355+0530] {logging_mixin.py:188} INFO - [2025-12-26T22:03:17.354+0530] {dag.py:3089} INFO - Sync 1 DAGs
[2025-12-26T22:03:17.392+0530] {logging_mixin.py:188} INFO - [2025-12-26T22:03:17.391+0530] {dag.py:3947} INFO - Setting next_dagrun for example_setup_teardown_taskflow to 2025-12-25 00:00:00+00:00, run_after=2025-12-26 00:00:00+00:00
[2025-12-26T22:03:17.426+0530] {processor.py:183} INFO - Processing /home/sathya/projects/training-kit/.venv-airflow/lib/python3.10/site-packages/airflow/example_dags/example_setup_teardown_taskflow.py took 0.125 seconds
[2025-12-26T22:04:03.221+0530] {processor.py:161} INFO - Started process (PID=3320) to work on /home/sathya/projects/training-kit/.venv-airflow/lib/python3.10/site-packages/airflow/example_dags/example_setup_teardown_taskflow.py
[2025-12-26T22:04:03.227+0530] {processor.py:830} INFO - Processing file /home/sathya/projects/training-kit/.venv-airflow/lib/python3.10/site-packages/airflow/example_dags/example_setup_teardown_taskflow.py for tasks to queue
[2025-12-26T22:04:03.229+0530] {logging_mixin.py:188} INFO - [2025-12-26T22:04:03.229+0530] {dagbag.py:545} INFO - Filling up the DagBag from /home/sathya/projects/training-kit/.venv-airflow/lib/python3.10/site-packages/airflow/example_dags/example_setup_teardown_taskflow.py
[2025-12-26T22:04:03.245+0530] {processor.py:840} INFO - DAG(s) 'example_setup_teardown_taskflow' retrieved from /home/sathya/projects/training-kit/.venv-airflow/lib/python3.10/site-packages/airflow/example_dags/example_setup_teardown_taskflow.py
[2025-12-26T22:04:03.277+0530] {logging_mixin.py:188} INFO - [2025-12-26T22:04:03.276+0530] {dag.py:3089} INFO - Sync 1 DAGs
[2025-12-26T22:04:03.308+0530] {logging_mixin.py:188} INFO - [2025-12-26T22:04:03.307+0530] {dag.py:3947} INFO - Setting next_dagrun for example_setup_teardown_taskflow to 2025-12-25 00:00:00+00:00, run_after=2025-12-26 00:00:00+00:00
[2025-12-26T22:04:03.356+0530] {processor.py:183} INFO - Processing /home/sathya/projects/training-kit/.venv-airflow/lib/python3.10/site-packages/airflow/example_dags/example_setup_teardown_taskflow.py took 0.151 seconds
[2025-12-26T22:04:11.124+0530] {processor.py:161} INFO - Started process (PID=3343) to work on /home/sathya/projects/training-kit/.venv-airflow/lib/python3.10/site-packages/airflow/example_dags/example_setup_teardown_taskflow.py
[2025-12-26T22:04:11.126+0530] {processor.py:830} INFO - Processing file /home/sathya/projects/training-kit/.venv-airflow/lib/python3.10/site-packages/airflow/example_dags/example_setup_teardown_taskflow.py for tasks to queue
[2025-12-26T22:04:11.128+0530] {logging_mixin.py:188} INFO - [2025-12-26T22:04:11.127+0530] {dagbag.py:545} INFO - Filling up the DagBag from /home/sathya/projects/training-kit/.venv-airflow/lib/python3.10/site-packages/airflow/example_dags/example_setup_teardown_taskflow.py
[2025-12-26T22:04:11.150+0530] {processor.py:840} INFO - DAG(s) 'example_setup_teardown_taskflow' retrieved from /home/sathya/projects/training-kit/.venv-airflow/lib/python3.10/site-packages/airflow/example_dags/example_setup_teardown_taskflow.py
[2025-12-26T22:04:11.206+0530] {logging_mixin.py:188} INFO - [2025-12-26T22:04:11.206+0530] {dag.py:3089} INFO - Sync 1 DAGs
[2025-12-26T22:04:11.246+0530] {logging_mixin.py:188} INFO - [2025-12-26T22:04:11.246+0530] {dag.py:3947} INFO - Setting next_dagrun for example_setup_teardown_taskflow to 2025-12-25 00:00:00+00:00, run_after=2025-12-26 00:00:00+00:00
[2025-12-26T22:04:11.308+0530] {processor.py:183} INFO - Processing /home/sathya/projects/training-kit/.venv-airflow/lib/python3.10/site-packages/airflow/example_dags/example_setup_teardown_taskflow.py took 0.196 seconds
[2025-12-26T22:12:48.776+0530] {processor.py:161} INFO - Started process (PID=4509) to work on /home/sathya/projects/training-kit/.venv-airflow/lib/python3.10/site-packages/airflow/example_dags/example_setup_teardown_taskflow.py
[2025-12-26T22:12:48.781+0530] {processor.py:830} INFO - Processing file /home/sathya/projects/training-kit/.venv-airflow/lib/python3.10/site-packages/airflow/example_dags/example_setup_teardown_taskflow.py for tasks to queue
[2025-12-26T22:12:48.784+0530] {logging_mixin.py:188} INFO - [2025-12-26T22:12:48.783+0530] {dagbag.py:545} INFO - Filling up the DagBag from /home/sathya/projects/training-kit/.venv-airflow/lib/python3.10/site-packages/airflow/example_dags/example_setup_teardown_taskflow.py
[2025-12-26T22:12:48.799+0530] {processor.py:840} INFO - DAG(s) 'example_setup_teardown_taskflow' retrieved from /home/sathya/projects/training-kit/.venv-airflow/lib/python3.10/site-packages/airflow/example_dags/example_setup_teardown_taskflow.py
[2025-12-26T22:12:48.819+0530] {logging_mixin.py:188} INFO - [2025-12-26T22:12:48.819+0530] {dag.py:3089} INFO - Sync 1 DAGs
[2025-12-26T22:12:48.849+0530] {logging_mixin.py:188} INFO - [2025-12-26T22:12:48.848+0530] {dag.py:3947} INFO - Setting next_dagrun for example_setup_teardown_taskflow to 2025-12-26 00:00:00+00:00, run_after=2025-12-27 00:00:00+00:00
[2025-12-26T22:12:48.906+0530] {processor.py:183} INFO - Processing /home/sathya/projects/training-kit/.venv-airflow/lib/python3.10/site-packages/airflow/example_dags/example_setup_teardown_taskflow.py took 0.137 seconds
[2025-12-26T22:14:47.192+0530] {processor.py:161} INFO - Started process (PID=4813) to work on /home/sathya/projects/training-kit/.venv-airflow/lib/python3.10/site-packages/airflow/example_dags/example_setup_teardown_taskflow.py
[2025-12-26T22:14:47.194+0530] {processor.py:830} INFO - Processing file /home/sathya/projects/training-kit/.venv-airflow/lib/python3.10/site-packages/airflow/example_dags/example_setup_teardown_taskflow.py for tasks to queue
[2025-12-26T22:14:47.197+0530] {logging_mixin.py:188} INFO - [2025-12-26T22:14:47.195+0530] {dagbag.py:545} INFO - Filling up the DagBag from /home/sathya/projects/training-kit/.venv-airflow/lib/python3.10/site-packages/airflow/example_dags/example_setup_teardown_taskflow.py
[2025-12-26T22:14:47.207+0530] {processor.py:840} INFO - DAG(s) 'example_setup_teardown_taskflow' retrieved from /home/sathya/projects/training-kit/.venv-airflow/lib/python3.10/site-packages/airflow/example_dags/example_setup_teardown_taskflow.py
[2025-12-26T22:14:47.228+0530] {logging_mixin.py:188} INFO - [2025-12-26T22:14:47.228+0530] {dag.py:3089} INFO - Sync 1 DAGs
[2025-12-26T22:14:47.252+0530] {logging_mixin.py:188} INFO - [2025-12-26T22:14:47.252+0530] {dag.py:3947} INFO - Setting next_dagrun for example_setup_teardown_taskflow to 2025-12-26 00:00:00+00:00, run_after=2025-12-27 00:00:00+00:00
[2025-12-26T22:14:47.278+0530] {processor.py:183} INFO - Processing /home/sathya/projects/training-kit/.venv-airflow/lib/python3.10/site-packages/airflow/example_dags/example_setup_teardown_taskflow.py took 0.092 seconds
[2025-12-26T22:17:56.389+0530] {processor.py:161} INFO - Started process (PID=5470) to work on /home/sathya/projects/training-kit/.venv-airflow/lib/python3.10/site-packages/airflow/example_dags/example_setup_teardown_taskflow.py
[2025-12-26T22:17:56.391+0530] {processor.py:830} INFO - Processing file /home/sathya/projects/training-kit/.venv-airflow/lib/python3.10/site-packages/airflow/example_dags/example_setup_teardown_taskflow.py for tasks to queue
[2025-12-26T22:17:56.393+0530] {logging_mixin.py:188} INFO - [2025-12-26T22:17:56.392+0530] {dagbag.py:545} INFO - Filling up the DagBag from /home/sathya/projects/training-kit/.venv-airflow/lib/python3.10/site-packages/airflow/example_dags/example_setup_teardown_taskflow.py
[2025-12-26T22:17:56.402+0530] {processor.py:840} INFO - DAG(s) 'example_setup_teardown_taskflow' retrieved from /home/sathya/projects/training-kit/.venv-airflow/lib/python3.10/site-packages/airflow/example_dags/example_setup_teardown_taskflow.py
[2025-12-26T22:17:56.418+0530] {logging_mixin.py:188} INFO - [2025-12-26T22:17:56.417+0530] {dag.py:3089} INFO - Sync 1 DAGs
[2025-12-26T22:17:56.434+0530] {logging_mixin.py:188} INFO - [2025-12-26T22:17:56.434+0530] {dag.py:3947} INFO - Setting next_dagrun for example_setup_teardown_taskflow to 2025-12-26 00:00:00+00:00, run_after=2025-12-27 00:00:00+00:00
[2025-12-26T22:17:56.457+0530] {processor.py:183} INFO - Processing /home/sathya/projects/training-kit/.venv-airflow/lib/python3.10/site-packages/airflow/example_dags/example_setup_teardown_taskflow.py took 0.074 seconds
[2025-12-26T22:17:58.864+0530] {processor.py:161} INFO - Started process (PID=5479) to work on /home/sathya/projects/training-kit/.venv-airflow/lib/python3.10/site-packages/airflow/example_dags/example_setup_teardown_taskflow.py
[2025-12-26T22:17:58.865+0530] {processor.py:830} INFO - Processing file /home/sathya/projects/training-kit/.venv-airflow/lib/python3.10/site-packages/airflow/example_dags/example_setup_teardown_taskflow.py for tasks to queue
[2025-12-26T22:17:58.867+0530] {logging_mixin.py:188} INFO - [2025-12-26T22:17:58.866+0530] {dagbag.py:545} INFO - Filling up the DagBag from /home/sathya/projects/training-kit/.venv-airflow/lib/python3.10/site-packages/airflow/example_dags/example_setup_teardown_taskflow.py
[2025-12-26T22:17:58.877+0530] {processor.py:840} INFO - DAG(s) 'example_setup_teardown_taskflow' retrieved from /home/sathya/projects/training-kit/.venv-airflow/lib/python3.10/site-packages/airflow/example_dags/example_setup_teardown_taskflow.py
[2025-12-26T22:17:58.891+0530] {logging_mixin.py:188} INFO - [2025-12-26T22:17:58.891+0530] {dag.py:3089} INFO - Sync 1 DAGs
[2025-12-26T22:17:58.906+0530] {logging_mixin.py:188} INFO - [2025-12-26T22:17:58.905+0530] {dag.py:3947} INFO - Setting next_dagrun for example_setup_teardown_taskflow to 2025-12-26 00:00:00+00:00, run_after=2025-12-27 00:00:00+00:00
[2025-12-26T22:17:58.932+0530] {processor.py:183} INFO - Processing /home/sathya/projects/training-kit/.venv-airflow/lib/python3.10/site-packages/airflow/example_dags/example_setup_teardown_taskflow.py took 0.081 seconds
[2025-12-26T22:21:43.445+0530] {processor.py:161} INFO - Started process (PID=6052) to work on /home/sathya/projects/training-kit/.venv-airflow/lib/python3.10/site-packages/airflow/example_dags/example_setup_teardown_taskflow.py
[2025-12-26T22:21:43.447+0530] {processor.py:830} INFO - Processing file /home/sathya/projects/training-kit/.venv-airflow/lib/python3.10/site-packages/airflow/example_dags/example_setup_teardown_taskflow.py for tasks to queue
[2025-12-26T22:21:43.449+0530] {logging_mixin.py:188} INFO - [2025-12-26T22:21:43.448+0530] {dagbag.py:545} INFO - Filling up the DagBag from /home/sathya/projects/training-kit/.venv-airflow/lib/python3.10/site-packages/airflow/example_dags/example_setup_teardown_taskflow.py
[2025-12-26T22:21:43.456+0530] {processor.py:840} INFO - DAG(s) 'example_setup_teardown_taskflow' retrieved from /home/sathya/projects/training-kit/.venv-airflow/lib/python3.10/site-packages/airflow/example_dags/example_setup_teardown_taskflow.py
[2025-12-26T22:21:43.469+0530] {logging_mixin.py:188} INFO - [2025-12-26T22:21:43.469+0530] {dag.py:3089} INFO - Sync 1 DAGs
[2025-12-26T22:21:43.483+0530] {logging_mixin.py:188} INFO - [2025-12-26T22:21:43.483+0530] {dag.py:3947} INFO - Setting next_dagrun for example_setup_teardown_taskflow to 2025-12-26 00:00:00+00:00, run_after=2025-12-27 00:00:00+00:00
[2025-12-26T22:21:43.502+0530] {processor.py:183} INFO - Processing /home/sathya/projects/training-kit/.venv-airflow/lib/python3.10/site-packages/airflow/example_dags/example_setup_teardown_taskflow.py took 0.062 seconds
[2025-12-26T22:27:25.573+0530] {processor.py:161} INFO - Started process (PID=6754) to work on /home/sathya/projects/training-kit/.venv-airflow/lib/python3.10/site-packages/airflow/example_dags/example_setup_teardown_taskflow.py
[2025-12-26T22:27:25.579+0530] {processor.py:830} INFO - Processing file /home/sathya/projects/training-kit/.venv-airflow/lib/python3.10/site-packages/airflow/example_dags/example_setup_teardown_taskflow.py for tasks to queue
[2025-12-26T22:27:25.580+0530] {logging_mixin.py:188} INFO - [2025-12-26T22:27:25.580+0530] {dagbag.py:545} INFO - Filling up the DagBag from /home/sathya/projects/training-kit/.venv-airflow/lib/python3.10/site-packages/airflow/example_dags/example_setup_teardown_taskflow.py
[2025-12-26T22:27:25.590+0530] {processor.py:840} INFO - DAG(s) 'example_setup_teardown_taskflow' retrieved from /home/sathya/projects/training-kit/.venv-airflow/lib/python3.10/site-packages/airflow/example_dags/example_setup_teardown_taskflow.py
[2025-12-26T22:27:25.604+0530] {logging_mixin.py:188} INFO - [2025-12-26T22:27:25.604+0530] {dag.py:3089} INFO - Sync 1 DAGs
[2025-12-26T22:27:25.617+0530] {logging_mixin.py:188} INFO - [2025-12-26T22:27:25.616+0530] {dag.py:3947} INFO - Setting next_dagrun for example_setup_teardown_taskflow to 2025-12-26 00:00:00+00:00, run_after=2025-12-27 00:00:00+00:00
[2025-12-26T22:27:25.638+0530] {processor.py:183} INFO - Processing /home/sathya/projects/training-kit/.venv-airflow/lib/python3.10/site-packages/airflow/example_dags/example_setup_teardown_taskflow.py took 0.071 seconds
[2025-12-26T22:32:37.550+0530] {processor.py:161} INFO - Started process (PID=7414) to work on /home/sathya/projects/training-kit/.venv-airflow/lib/python3.10/site-packages/airflow/example_dags/example_setup_teardown_taskflow.py
[2025-12-26T22:32:37.551+0530] {processor.py:830} INFO - Processing file /home/sathya/projects/training-kit/.venv-airflow/lib/python3.10/site-packages/airflow/example_dags/example_setup_teardown_taskflow.py for tasks to queue
[2025-12-26T22:32:37.554+0530] {logging_mixin.py:188} INFO - [2025-12-26T22:32:37.553+0530] {dagbag.py:545} INFO - Filling up the DagBag from /home/sathya/projects/training-kit/.venv-airflow/lib/python3.10/site-packages/airflow/example_dags/example_setup_teardown_taskflow.py
[2025-12-26T22:32:37.562+0530] {processor.py:840} INFO - DAG(s) 'example_setup_teardown_taskflow' retrieved from /home/sathya/projects/training-kit/.venv-airflow/lib/python3.10/site-packages/airflow/example_dags/example_setup_teardown_taskflow.py
[2025-12-26T22:32:37.579+0530] {logging_mixin.py:188} INFO - [2025-12-26T22:32:37.579+0530] {dag.py:3089} INFO - Sync 1 DAGs
[2025-12-26T22:32:37.594+0530] {logging_mixin.py:188} INFO - [2025-12-26T22:32:37.594+0530] {dag.py:3947} INFO - Setting next_dagrun for example_setup_teardown_taskflow to 2025-12-26 00:00:00+00:00, run_after=2025-12-27 00:00:00+00:00
[2025-12-26T22:32:37.617+0530] {processor.py:183} INFO - Processing /home/sathya/projects/training-kit/.venv-airflow/lib/python3.10/site-packages/airflow/example_dags/example_setup_teardown_taskflow.py took 0.073 seconds
[2025-12-26T22:39:27.536+0530] {processor.py:161} INFO - Started process (PID=8207) to work on /home/sathya/projects/training-kit/.venv-airflow/lib/python3.10/site-packages/airflow/example_dags/example_setup_teardown_taskflow.py
[2025-12-26T22:39:27.537+0530] {processor.py:830} INFO - Processing file /home/sathya/projects/training-kit/.venv-airflow/lib/python3.10/site-packages/airflow/example_dags/example_setup_teardown_taskflow.py for tasks to queue
[2025-12-26T22:39:27.539+0530] {logging_mixin.py:188} INFO - [2025-12-26T22:39:27.538+0530] {dagbag.py:545} INFO - Filling up the DagBag from /home/sathya/projects/training-kit/.venv-airflow/lib/python3.10/site-packages/airflow/example_dags/example_setup_teardown_taskflow.py
[2025-12-26T22:39:27.549+0530] {processor.py:840} INFO - DAG(s) 'example_setup_teardown_taskflow' retrieved from /home/sathya/projects/training-kit/.venv-airflow/lib/python3.10/site-packages/airflow/example_dags/example_setup_teardown_taskflow.py
[2025-12-26T22:39:27.564+0530] {logging_mixin.py:188} INFO - [2025-12-26T22:39:27.563+0530] {dag.py:3089} INFO - Sync 1 DAGs
[2025-12-26T22:39:27.578+0530] {logging_mixin.py:188} INFO - [2025-12-26T22:39:27.578+0530] {dag.py:3947} INFO - Setting next_dagrun for example_setup_teardown_taskflow to 2025-12-26 00:00:00+00:00, run_after=2025-12-27 00:00:00+00:00
[2025-12-26T22:39:27.598+0530] {processor.py:183} INFO - Processing /home/sathya/projects/training-kit/.venv-airflow/lib/python3.10/site-packages/airflow/example_dags/example_setup_teardown_taskflow.py took 0.067 seconds
[2025-12-26T22:44:39.566+0530] {processor.py:161} INFO - Started process (PID=8846) to work on /home/sathya/projects/training-kit/.venv-airflow/lib/python3.10/site-packages/airflow/example_dags/example_setup_teardown_taskflow.py
[2025-12-26T22:44:39.568+0530] {processor.py:830} INFO - Processing file /home/sathya/projects/training-kit/.venv-airflow/lib/python3.10/site-packages/airflow/example_dags/example_setup_teardown_taskflow.py for tasks to queue
[2025-12-26T22:44:39.570+0530] {logging_mixin.py:188} INFO - [2025-12-26T22:44:39.569+0530] {dagbag.py:545} INFO - Filling up the DagBag from /home/sathya/projects/training-kit/.venv-airflow/lib/python3.10/site-packages/airflow/example_dags/example_setup_teardown_taskflow.py
[2025-12-26T22:44:39.577+0530] {processor.py:840} INFO - DAG(s) 'example_setup_teardown_taskflow' retrieved from /home/sathya/projects/training-kit/.venv-airflow/lib/python3.10/site-packages/airflow/example_dags/example_setup_teardown_taskflow.py
[2025-12-26T22:44:39.590+0530] {logging_mixin.py:188} INFO - [2025-12-26T22:44:39.590+0530] {dag.py:3089} INFO - Sync 1 DAGs
[2025-12-26T22:44:39.603+0530] {logging_mixin.py:188} INFO - [2025-12-26T22:44:39.603+0530] {dag.py:3947} INFO - Setting next_dagrun for example_setup_teardown_taskflow to 2025-12-26 00:00:00+00:00, run_after=2025-12-27 00:00:00+00:00
[2025-12-26T22:44:39.624+0530] {processor.py:183} INFO - Processing /home/sathya/projects/training-kit/.venv-airflow/lib/python3.10/site-packages/airflow/example_dags/example_setup_teardown_taskflow.py took 0.063 seconds
[2025-12-26T22:49:34.124+0530] {processor.py:161} INFO - Started process (PID=9470) to work on /home/sathya/projects/training-kit/.venv-airflow/lib/python3.10/site-packages/airflow/example_dags/example_setup_teardown_taskflow.py
[2025-12-26T22:49:34.130+0530] {processor.py:830} INFO - Processing file /home/sathya/projects/training-kit/.venv-airflow/lib/python3.10/site-packages/airflow/example_dags/example_setup_teardown_taskflow.py for tasks to queue
[2025-12-26T22:49:34.131+0530] {logging_mixin.py:188} INFO - [2025-12-26T22:49:34.131+0530] {dagbag.py:545} INFO - Filling up the DagBag from /home/sathya/projects/training-kit/.venv-airflow/lib/python3.10/site-packages/airflow/example_dags/example_setup_teardown_taskflow.py
[2025-12-26T22:49:34.139+0530] {processor.py:840} INFO - DAG(s) 'example_setup_teardown_taskflow' retrieved from /home/sathya/projects/training-kit/.venv-airflow/lib/python3.10/site-packages/airflow/example_dags/example_setup_teardown_taskflow.py
[2025-12-26T22:49:34.152+0530] {logging_mixin.py:188} INFO - [2025-12-26T22:49:34.152+0530] {dag.py:3089} INFO - Sync 1 DAGs
[2025-12-26T22:49:34.166+0530] {logging_mixin.py:188} INFO - [2025-12-26T22:49:34.165+0530] {dag.py:3947} INFO - Setting next_dagrun for example_setup_teardown_taskflow to 2025-12-26 00:00:00+00:00, run_after=2025-12-27 00:00:00+00:00
[2025-12-26T22:49:34.186+0530] {processor.py:183} INFO - Processing /home/sathya/projects/training-kit/.venv-airflow/lib/python3.10/site-packages/airflow/example_dags/example_setup_teardown_taskflow.py took 0.067 seconds
[2025-12-26T22:55:33.442+0530] {processor.py:161} INFO - Started process (PID=10161) to work on /home/sathya/projects/training-kit/.venv-airflow/lib/python3.10/site-packages/airflow/example_dags/example_setup_teardown_taskflow.py
[2025-12-26T22:55:33.448+0530] {processor.py:830} INFO - Processing file /home/sathya/projects/training-kit/.venv-airflow/lib/python3.10/site-packages/airflow/example_dags/example_setup_teardown_taskflow.py for tasks to queue
[2025-12-26T22:55:33.449+0530] {logging_mixin.py:188} INFO - [2025-12-26T22:55:33.449+0530] {dagbag.py:545} INFO - Filling up the DagBag from /home/sathya/projects/training-kit/.venv-airflow/lib/python3.10/site-packages/airflow/example_dags/example_setup_teardown_taskflow.py
[2025-12-26T22:55:33.458+0530] {processor.py:840} INFO - DAG(s) 'example_setup_teardown_taskflow' retrieved from /home/sathya/projects/training-kit/.venv-airflow/lib/python3.10/site-packages/airflow/example_dags/example_setup_teardown_taskflow.py
[2025-12-26T22:55:33.472+0530] {logging_mixin.py:188} INFO - [2025-12-26T22:55:33.471+0530] {dag.py:3089} INFO - Sync 1 DAGs
[2025-12-26T22:55:33.486+0530] {logging_mixin.py:188} INFO - [2025-12-26T22:55:33.486+0530] {dag.py:3947} INFO - Setting next_dagrun for example_setup_teardown_taskflow to 2025-12-26 00:00:00+00:00, run_after=2025-12-27 00:00:00+00:00
[2025-12-26T22:55:33.509+0530] {processor.py:183} INFO - Processing /home/sathya/projects/training-kit/.venv-airflow/lib/python3.10/site-packages/airflow/example_dags/example_setup_teardown_taskflow.py took 0.072 seconds
[2025-12-26T23:02:06.516+0530] {processor.py:161} INFO - Started process (PID=10856) to work on /home/sathya/projects/training-kit/.venv-airflow/lib/python3.10/site-packages/airflow/example_dags/example_setup_teardown_taskflow.py
[2025-12-26T23:02:06.518+0530] {processor.py:830} INFO - Processing file /home/sathya/projects/training-kit/.venv-airflow/lib/python3.10/site-packages/airflow/example_dags/example_setup_teardown_taskflow.py for tasks to queue
[2025-12-26T23:02:06.521+0530] {logging_mixin.py:188} INFO - [2025-12-26T23:02:06.520+0530] {dagbag.py:545} INFO - Filling up the DagBag from /home/sathya/projects/training-kit/.venv-airflow/lib/python3.10/site-packages/airflow/example_dags/example_setup_teardown_taskflow.py
[2025-12-26T23:02:06.550+0530] {processor.py:840} INFO - DAG(s) 'example_setup_teardown_taskflow' retrieved from /home/sathya/projects/training-kit/.venv-airflow/lib/python3.10/site-packages/airflow/example_dags/example_setup_teardown_taskflow.py
[2025-12-26T23:02:06.591+0530] {logging_mixin.py:188} INFO - [2025-12-26T23:02:06.591+0530] {dag.py:3089} INFO - Sync 1 DAGs
[2025-12-26T23:02:06.634+0530] {logging_mixin.py:188} INFO - [2025-12-26T23:02:06.633+0530] {dag.py:3947} INFO - Setting next_dagrun for example_setup_teardown_taskflow to 2025-12-26 00:00:00+00:00, run_after=2025-12-27 00:00:00+00:00
[2025-12-26T23:02:06.691+0530] {processor.py:183} INFO - Processing /home/sathya/projects/training-kit/.venv-airflow/lib/python3.10/site-packages/airflow/example_dags/example_setup_teardown_taskflow.py took 0.183 seconds
[2025-12-26T23:09:30.505+0530] {processor.py:161} INFO - Started process (PID=11612) to work on /home/sathya/projects/training-kit/.venv-airflow/lib/python3.10/site-packages/airflow/example_dags/example_setup_teardown_taskflow.py
[2025-12-26T23:09:30.511+0530] {processor.py:830} INFO - Processing file /home/sathya/projects/training-kit/.venv-airflow/lib/python3.10/site-packages/airflow/example_dags/example_setup_teardown_taskflow.py for tasks to queue
[2025-12-26T23:09:30.513+0530] {logging_mixin.py:188} INFO - [2025-12-26T23:09:30.512+0530] {dagbag.py:545} INFO - Filling up the DagBag from /home/sathya/projects/training-kit/.venv-airflow/lib/python3.10/site-packages/airflow/example_dags/example_setup_teardown_taskflow.py
[2025-12-26T23:09:30.522+0530] {processor.py:840} INFO - DAG(s) 'example_setup_teardown_taskflow' retrieved from /home/sathya/projects/training-kit/.venv-airflow/lib/python3.10/site-packages/airflow/example_dags/example_setup_teardown_taskflow.py
[2025-12-26T23:09:30.536+0530] {logging_mixin.py:188} INFO - [2025-12-26T23:09:30.536+0530] {dag.py:3089} INFO - Sync 1 DAGs
[2025-12-26T23:09:30.551+0530] {logging_mixin.py:188} INFO - [2025-12-26T23:09:30.550+0530] {dag.py:3947} INFO - Setting next_dagrun for example_setup_teardown_taskflow to 2025-12-26 00:00:00+00:00, run_after=2025-12-27 00:00:00+00:00
[2025-12-26T23:09:30.576+0530] {processor.py:183} INFO - Processing /home/sathya/projects/training-kit/.venv-airflow/lib/python3.10/site-packages/airflow/example_dags/example_setup_teardown_taskflow.py took 0.081 seconds
