[2025-12-26T21:52:33.625+0530] {processor.py:161} INFO - Started process (PID=1287) to work on /home/sathya/projects/training-kit/.venv-airflow/lib/python3.10/site-packages/airflow/example_dags/example_latest_only_with_trigger.py
[2025-12-26T21:52:33.626+0530] {processor.py:830} INFO - Processing file /home/sathya/projects/training-kit/.venv-airflow/lib/python3.10/site-packages/airflow/example_dags/example_latest_only_with_trigger.py for tasks to queue
[2025-12-26T21:52:33.629+0530] {logging_mixin.py:188} INFO - [2025-12-26T21:52:33.628+0530] {dagbag.py:545} INFO - Filling up the DagBag from /home/sathya/projects/training-kit/.venv-airflow/lib/python3.10/site-packages/airflow/example_dags/example_latest_only_with_trigger.py
[2025-12-26T21:52:33.641+0530] {processor.py:840} INFO - DAG(s) 'latest_only_with_trigger' retrieved from /home/sathya/projects/training-kit/.venv-airflow/lib/python3.10/site-packages/airflow/example_dags/example_latest_only_with_trigger.py
[2025-12-26T21:52:33.664+0530] {logging_mixin.py:188} INFO - [2025-12-26T21:52:33.664+0530] {dag.py:3089} INFO - Sync 1 DAGs
[2025-12-26T21:52:33.694+0530] {logging_mixin.py:188} INFO - [2025-12-26T21:52:33.694+0530] {dag.py:3947} INFO - Setting next_dagrun for latest_only_with_trigger to 2025-12-26 12:00:00+00:00, run_after=2025-12-26 16:00:00+00:00
[2025-12-26T21:52:33.730+0530] {processor.py:183} INFO - Processing /home/sathya/projects/training-kit/.venv-airflow/lib/python3.10/site-packages/airflow/example_dags/example_latest_only_with_trigger.py took 0.124 seconds
[2025-12-26T21:53:27.242+0530] {processor.py:161} INFO - Started process (PID=1418) to work on /home/sathya/projects/training-kit/.venv-airflow/lib/python3.10/site-packages/airflow/example_dags/example_latest_only_with_trigger.py
[2025-12-26T21:53:27.248+0530] {processor.py:830} INFO - Processing file /home/sathya/projects/training-kit/.venv-airflow/lib/python3.10/site-packages/airflow/example_dags/example_latest_only_with_trigger.py for tasks to queue
[2025-12-26T21:53:27.250+0530] {logging_mixin.py:188} INFO - [2025-12-26T21:53:27.250+0530] {dagbag.py:545} INFO - Filling up the DagBag from /home/sathya/projects/training-kit/.venv-airflow/lib/python3.10/site-packages/airflow/example_dags/example_latest_only_with_trigger.py
[2025-12-26T21:53:27.257+0530] {processor.py:840} INFO - DAG(s) 'latest_only_with_trigger' retrieved from /home/sathya/projects/training-kit/.venv-airflow/lib/python3.10/site-packages/airflow/example_dags/example_latest_only_with_trigger.py
[2025-12-26T21:53:27.283+0530] {logging_mixin.py:188} INFO - [2025-12-26T21:53:27.283+0530] {dag.py:3089} INFO - Sync 1 DAGs
[2025-12-26T21:53:27.302+0530] {logging_mixin.py:188} INFO - [2025-12-26T21:53:27.302+0530] {dag.py:3947} INFO - Setting next_dagrun for latest_only_with_trigger to 2025-12-26 12:00:00+00:00, run_after=2025-12-26 16:00:00+00:00
[2025-12-26T21:53:27.332+0530] {processor.py:183} INFO - Processing /home/sathya/projects/training-kit/.venv-airflow/lib/python3.10/site-packages/airflow/example_dags/example_latest_only_with_trigger.py took 0.098 seconds
[2025-12-26T21:54:25.110+0530] {processor.py:161} INFO - Started process (PID=1550) to work on /home/sathya/projects/training-kit/.venv-airflow/lib/python3.10/site-packages/airflow/example_dags/example_latest_only_with_trigger.py
[2025-12-26T21:54:25.116+0530] {processor.py:830} INFO - Processing file /home/sathya/projects/training-kit/.venv-airflow/lib/python3.10/site-packages/airflow/example_dags/example_latest_only_with_trigger.py for tasks to queue
[2025-12-26T21:54:25.120+0530] {logging_mixin.py:188} INFO - [2025-12-26T21:54:25.119+0530] {dagbag.py:545} INFO - Filling up the DagBag from /home/sathya/projects/training-kit/.venv-airflow/lib/python3.10/site-packages/airflow/example_dags/example_latest_only_with_trigger.py
[2025-12-26T21:54:25.133+0530] {processor.py:840} INFO - DAG(s) 'latest_only_with_trigger' retrieved from /home/sathya/projects/training-kit/.venv-airflow/lib/python3.10/site-packages/airflow/example_dags/example_latest_only_with_trigger.py
[2025-12-26T21:54:25.154+0530] {logging_mixin.py:188} INFO - [2025-12-26T21:54:25.154+0530] {dag.py:3089} INFO - Sync 1 DAGs
[2025-12-26T21:54:25.182+0530] {logging_mixin.py:188} INFO - [2025-12-26T21:54:25.181+0530] {dag.py:3947} INFO - Setting next_dagrun for latest_only_with_trigger to 2025-12-26 12:00:00+00:00, run_after=2025-12-26 16:00:00+00:00
[2025-12-26T21:54:25.233+0530] {processor.py:183} INFO - Processing /home/sathya/projects/training-kit/.venv-airflow/lib/python3.10/site-packages/airflow/example_dags/example_latest_only_with_trigger.py took 0.139 seconds
[2025-12-26T21:55:12.512+0530] {processor.py:161} INFO - Started process (PID=1669) to work on /home/sathya/projects/training-kit/.venv-airflow/lib/python3.10/site-packages/airflow/example_dags/example_latest_only_with_trigger.py
[2025-12-26T21:55:12.522+0530] {processor.py:830} INFO - Processing file /home/sathya/projects/training-kit/.venv-airflow/lib/python3.10/site-packages/airflow/example_dags/example_latest_only_with_trigger.py for tasks to queue
[2025-12-26T21:55:12.525+0530] {logging_mixin.py:188} INFO - [2025-12-26T21:55:12.524+0530] {dagbag.py:545} INFO - Filling up the DagBag from /home/sathya/projects/training-kit/.venv-airflow/lib/python3.10/site-packages/airflow/example_dags/example_latest_only_with_trigger.py
[2025-12-26T21:55:12.538+0530] {processor.py:840} INFO - DAG(s) 'latest_only_with_trigger' retrieved from /home/sathya/projects/training-kit/.venv-airflow/lib/python3.10/site-packages/airflow/example_dags/example_latest_only_with_trigger.py
[2025-12-26T21:55:12.563+0530] {logging_mixin.py:188} INFO - [2025-12-26T21:55:12.562+0530] {dag.py:3089} INFO - Sync 1 DAGs
[2025-12-26T21:55:12.599+0530] {logging_mixin.py:188} INFO - [2025-12-26T21:55:12.598+0530] {dag.py:3947} INFO - Setting next_dagrun for latest_only_with_trigger to 2025-12-26 12:00:00+00:00, run_after=2025-12-26 16:00:00+00:00
[2025-12-26T21:55:12.660+0530] {processor.py:183} INFO - Processing /home/sathya/projects/training-kit/.venv-airflow/lib/python3.10/site-packages/airflow/example_dags/example_latest_only_with_trigger.py took 0.159 seconds
[2025-12-26T21:55:28.816+0530] {processor.py:161} INFO - Started process (PID=1723) to work on /home/sathya/projects/training-kit/.venv-airflow/lib/python3.10/site-packages/airflow/example_dags/example_latest_only_with_trigger.py
[2025-12-26T21:55:28.819+0530] {processor.py:830} INFO - Processing file /home/sathya/projects/training-kit/.venv-airflow/lib/python3.10/site-packages/airflow/example_dags/example_latest_only_with_trigger.py for tasks to queue
[2025-12-26T21:55:28.821+0530] {logging_mixin.py:188} INFO - [2025-12-26T21:55:28.820+0530] {dagbag.py:545} INFO - Filling up the DagBag from /home/sathya/projects/training-kit/.venv-airflow/lib/python3.10/site-packages/airflow/example_dags/example_latest_only_with_trigger.py
[2025-12-26T21:55:29.014+0530] {processor.py:840} INFO - DAG(s) 'latest_only_with_trigger' retrieved from /home/sathya/projects/training-kit/.venv-airflow/lib/python3.10/site-packages/airflow/example_dags/example_latest_only_with_trigger.py
[2025-12-26T21:55:29.125+0530] {logging_mixin.py:188} INFO - [2025-12-26T21:55:29.124+0530] {dag.py:3089} INFO - Sync 1 DAGs
[2025-12-26T21:55:29.171+0530] {logging_mixin.py:188} INFO - [2025-12-26T21:55:29.171+0530] {dag.py:3947} INFO - Setting next_dagrun for latest_only_with_trigger to 2025-12-26 12:00:00+00:00, run_after=2025-12-26 16:00:00+00:00
[2025-12-26T21:55:29.202+0530] {processor.py:183} INFO - Processing /home/sathya/projects/training-kit/.venv-airflow/lib/python3.10/site-packages/airflow/example_dags/example_latest_only_with_trigger.py took 0.406 seconds
[2025-12-26T21:56:05.260+0530] {processor.py:161} INFO - Started process (PID=1825) to work on /home/sathya/projects/training-kit/.venv-airflow/lib/python3.10/site-packages/airflow/example_dags/example_latest_only_with_trigger.py
[2025-12-26T21:56:05.262+0530] {processor.py:830} INFO - Processing file /home/sathya/projects/training-kit/.venv-airflow/lib/python3.10/site-packages/airflow/example_dags/example_latest_only_with_trigger.py for tasks to queue
[2025-12-26T21:56:05.265+0530] {logging_mixin.py:188} INFO - [2025-12-26T21:56:05.264+0530] {dagbag.py:545} INFO - Filling up the DagBag from /home/sathya/projects/training-kit/.venv-airflow/lib/python3.10/site-packages/airflow/example_dags/example_latest_only_with_trigger.py
[2025-12-26T21:56:05.271+0530] {processor.py:840} INFO - DAG(s) 'latest_only_with_trigger' retrieved from /home/sathya/projects/training-kit/.venv-airflow/lib/python3.10/site-packages/airflow/example_dags/example_latest_only_with_trigger.py
[2025-12-26T21:56:05.294+0530] {logging_mixin.py:188} INFO - [2025-12-26T21:56:05.294+0530] {dag.py:3089} INFO - Sync 1 DAGs
[2025-12-26T21:56:05.323+0530] {logging_mixin.py:188} INFO - [2025-12-26T21:56:05.322+0530] {dag.py:3947} INFO - Setting next_dagrun for latest_only_with_trigger to 2025-12-26 12:00:00+00:00, run_after=2025-12-26 16:00:00+00:00
[2025-12-26T21:56:05.369+0530] {processor.py:183} INFO - Processing /home/sathya/projects/training-kit/.venv-airflow/lib/python3.10/site-packages/airflow/example_dags/example_latest_only_with_trigger.py took 0.120 seconds
[2025-12-26T21:56:25.057+0530] {processor.py:161} INFO - Started process (PID=1882) to work on /home/sathya/projects/training-kit/.venv-airflow/lib/python3.10/site-packages/airflow/example_dags/example_latest_only_with_trigger.py
[2025-12-26T21:56:25.063+0530] {processor.py:830} INFO - Processing file /home/sathya/projects/training-kit/.venv-airflow/lib/python3.10/site-packages/airflow/example_dags/example_latest_only_with_trigger.py for tasks to queue
[2025-12-26T21:56:25.066+0530] {logging_mixin.py:188} INFO - [2025-12-26T21:56:25.065+0530] {dagbag.py:545} INFO - Filling up the DagBag from /home/sathya/projects/training-kit/.venv-airflow/lib/python3.10/site-packages/airflow/example_dags/example_latest_only_with_trigger.py
[2025-12-26T21:56:25.078+0530] {processor.py:840} INFO - DAG(s) 'latest_only_with_trigger' retrieved from /home/sathya/projects/training-kit/.venv-airflow/lib/python3.10/site-packages/airflow/example_dags/example_latest_only_with_trigger.py
[2025-12-26T21:56:25.113+0530] {logging_mixin.py:188} INFO - [2025-12-26T21:56:25.113+0530] {dag.py:3089} INFO - Sync 1 DAGs
[2025-12-26T21:56:25.144+0530] {logging_mixin.py:188} INFO - [2025-12-26T21:56:25.144+0530] {dag.py:3947} INFO - Setting next_dagrun for latest_only_with_trigger to 2025-12-26 12:00:00+00:00, run_after=2025-12-26 16:00:00+00:00
[2025-12-26T21:56:25.181+0530] {processor.py:183} INFO - Processing /home/sathya/projects/training-kit/.venv-airflow/lib/python3.10/site-packages/airflow/example_dags/example_latest_only_with_trigger.py took 0.134 seconds
[2025-12-26T21:56:58.594+0530] {processor.py:161} INFO - Started process (PID=1975) to work on /home/sathya/projects/training-kit/.venv-airflow/lib/python3.10/site-packages/airflow/example_dags/example_latest_only_with_trigger.py
[2025-12-26T21:56:58.600+0530] {processor.py:830} INFO - Processing file /home/sathya/projects/training-kit/.venv-airflow/lib/python3.10/site-packages/airflow/example_dags/example_latest_only_with_trigger.py for tasks to queue
[2025-12-26T21:56:58.610+0530] {logging_mixin.py:188} INFO - [2025-12-26T21:56:58.609+0530] {dagbag.py:545} INFO - Filling up the DagBag from /home/sathya/projects/training-kit/.venv-airflow/lib/python3.10/site-packages/airflow/example_dags/example_latest_only_with_trigger.py
[2025-12-26T21:56:58.629+0530] {processor.py:840} INFO - DAG(s) 'latest_only_with_trigger' retrieved from /home/sathya/projects/training-kit/.venv-airflow/lib/python3.10/site-packages/airflow/example_dags/example_latest_only_with_trigger.py
[2025-12-26T21:56:58.695+0530] {logging_mixin.py:188} INFO - [2025-12-26T21:56:58.695+0530] {dag.py:3089} INFO - Sync 1 DAGs
[2025-12-26T21:56:58.736+0530] {logging_mixin.py:188} INFO - [2025-12-26T21:56:58.736+0530] {dag.py:3947} INFO - Setting next_dagrun for latest_only_with_trigger to 2025-12-26 12:00:00+00:00, run_after=2025-12-26 16:00:00+00:00
[2025-12-26T21:56:58.833+0530] {processor.py:183} INFO - Processing /home/sathya/projects/training-kit/.venv-airflow/lib/python3.10/site-packages/airflow/example_dags/example_latest_only_with_trigger.py took 0.259 seconds
[2025-12-26T21:57:29.874+0530] {processor.py:161} INFO - Started process (PID=2062) to work on /home/sathya/projects/training-kit/.venv-airflow/lib/python3.10/site-packages/airflow/example_dags/example_latest_only_with_trigger.py
[2025-12-26T21:57:29.876+0530] {processor.py:830} INFO - Processing file /home/sathya/projects/training-kit/.venv-airflow/lib/python3.10/site-packages/airflow/example_dags/example_latest_only_with_trigger.py for tasks to queue
[2025-12-26T21:57:29.879+0530] {logging_mixin.py:188} INFO - [2025-12-26T21:57:29.878+0530] {dagbag.py:545} INFO - Filling up the DagBag from /home/sathya/projects/training-kit/.venv-airflow/lib/python3.10/site-packages/airflow/example_dags/example_latest_only_with_trigger.py
[2025-12-26T21:57:30.030+0530] {processor.py:840} INFO - DAG(s) 'latest_only_with_trigger' retrieved from /home/sathya/projects/training-kit/.venv-airflow/lib/python3.10/site-packages/airflow/example_dags/example_latest_only_with_trigger.py
[2025-12-26T21:57:30.043+0530] {logging_mixin.py:188} INFO - [2025-12-26T21:57:30.042+0530] {dag.py:3089} INFO - Sync 1 DAGs
[2025-12-26T21:57:30.059+0530] {logging_mixin.py:188} INFO - [2025-12-26T21:57:30.058+0530] {dag.py:3947} INFO - Setting next_dagrun for latest_only_with_trigger to 2025-12-26 12:00:00+00:00, run_after=2025-12-26 16:00:00+00:00
[2025-12-26T21:57:30.090+0530] {processor.py:183} INFO - Processing /home/sathya/projects/training-kit/.venv-airflow/lib/python3.10/site-packages/airflow/example_dags/example_latest_only_with_trigger.py took 0.227 seconds
[2025-12-26T21:57:47.374+0530] {processor.py:161} INFO - Started process (PID=2120) to work on /home/sathya/projects/training-kit/.venv-airflow/lib/python3.10/site-packages/airflow/example_dags/example_latest_only_with_trigger.py
[2025-12-26T21:57:47.374+0530] {processor.py:830} INFO - Processing file /home/sathya/projects/training-kit/.venv-airflow/lib/python3.10/site-packages/airflow/example_dags/example_latest_only_with_trigger.py for tasks to queue
[2025-12-26T21:57:47.376+0530] {logging_mixin.py:188} INFO - [2025-12-26T21:57:47.376+0530] {dagbag.py:545} INFO - Filling up the DagBag from /home/sathya/projects/training-kit/.venv-airflow/lib/python3.10/site-packages/airflow/example_dags/example_latest_only_with_trigger.py
[2025-12-26T21:57:47.383+0530] {processor.py:840} INFO - DAG(s) 'latest_only_with_trigger' retrieved from /home/sathya/projects/training-kit/.venv-airflow/lib/python3.10/site-packages/airflow/example_dags/example_latest_only_with_trigger.py
[2025-12-26T21:57:47.398+0530] {logging_mixin.py:188} INFO - [2025-12-26T21:57:47.398+0530] {dag.py:3089} INFO - Sync 1 DAGs
[2025-12-26T21:57:47.417+0530] {logging_mixin.py:188} INFO - [2025-12-26T21:57:47.417+0530] {dag.py:3947} INFO - Setting next_dagrun for latest_only_with_trigger to 2025-12-26 12:00:00+00:00, run_after=2025-12-26 16:00:00+00:00
[2025-12-26T21:57:47.449+0530] {processor.py:183} INFO - Processing /home/sathya/projects/training-kit/.venv-airflow/lib/python3.10/site-packages/airflow/example_dags/example_latest_only_with_trigger.py took 0.082 seconds
[2025-12-26T21:58:22.141+0530] {processor.py:161} INFO - Started process (PID=2234) to work on /home/sathya/projects/training-kit/.venv-airflow/lib/python3.10/site-packages/airflow/example_dags/example_latest_only_with_trigger.py
[2025-12-26T21:58:22.148+0530] {processor.py:830} INFO - Processing file /home/sathya/projects/training-kit/.venv-airflow/lib/python3.10/site-packages/airflow/example_dags/example_latest_only_with_trigger.py for tasks to queue
[2025-12-26T21:58:22.151+0530] {logging_mixin.py:188} INFO - [2025-12-26T21:58:22.150+0530] {dagbag.py:545} INFO - Filling up the DagBag from /home/sathya/projects/training-kit/.venv-airflow/lib/python3.10/site-packages/airflow/example_dags/example_latest_only_with_trigger.py
[2025-12-26T21:58:22.159+0530] {processor.py:840} INFO - DAG(s) 'latest_only_with_trigger' retrieved from /home/sathya/projects/training-kit/.venv-airflow/lib/python3.10/site-packages/airflow/example_dags/example_latest_only_with_trigger.py
[2025-12-26T21:58:22.176+0530] {logging_mixin.py:188} INFO - [2025-12-26T21:58:22.176+0530] {dag.py:3089} INFO - Sync 1 DAGs
[2025-12-26T21:58:22.196+0530] {logging_mixin.py:188} INFO - [2025-12-26T21:58:22.195+0530] {dag.py:3947} INFO - Setting next_dagrun for latest_only_with_trigger to 2025-12-26 12:00:00+00:00, run_after=2025-12-26 16:00:00+00:00
[2025-12-26T21:58:22.229+0530] {processor.py:183} INFO - Processing /home/sathya/projects/training-kit/.venv-airflow/lib/python3.10/site-packages/airflow/example_dags/example_latest_only_with_trigger.py took 0.098 seconds
[2025-12-26T21:58:35.074+0530] {processor.py:161} INFO - Started process (PID=2276) to work on /home/sathya/projects/training-kit/.venv-airflow/lib/python3.10/site-packages/airflow/example_dags/example_latest_only_with_trigger.py
[2025-12-26T21:58:35.076+0530] {processor.py:830} INFO - Processing file /home/sathya/projects/training-kit/.venv-airflow/lib/python3.10/site-packages/airflow/example_dags/example_latest_only_with_trigger.py for tasks to queue
[2025-12-26T21:58:35.079+0530] {logging_mixin.py:188} INFO - [2025-12-26T21:58:35.078+0530] {dagbag.py:545} INFO - Filling up the DagBag from /home/sathya/projects/training-kit/.venv-airflow/lib/python3.10/site-packages/airflow/example_dags/example_latest_only_with_trigger.py
[2025-12-26T21:58:35.088+0530] {processor.py:840} INFO - DAG(s) 'latest_only_with_trigger' retrieved from /home/sathya/projects/training-kit/.venv-airflow/lib/python3.10/site-packages/airflow/example_dags/example_latest_only_with_trigger.py
[2025-12-26T21:58:35.112+0530] {logging_mixin.py:188} INFO - [2025-12-26T21:58:35.111+0530] {dag.py:3089} INFO - Sync 1 DAGs
[2025-12-26T21:58:35.138+0530] {logging_mixin.py:188} INFO - [2025-12-26T21:58:35.137+0530] {dag.py:3947} INFO - Setting next_dagrun for latest_only_with_trigger to 2025-12-26 12:00:00+00:00, run_after=2025-12-26 16:00:00+00:00
[2025-12-26T21:58:35.167+0530] {processor.py:183} INFO - Processing /home/sathya/projects/training-kit/.venv-airflow/lib/python3.10/site-packages/airflow/example_dags/example_latest_only_with_trigger.py took 0.102 seconds
[2025-12-26T21:59:10.703+0530] {processor.py:161} INFO - Started process (PID=2388) to work on /home/sathya/projects/training-kit/.venv-airflow/lib/python3.10/site-packages/airflow/example_dags/example_latest_only_with_trigger.py
[2025-12-26T21:59:10.705+0530] {processor.py:830} INFO - Processing file /home/sathya/projects/training-kit/.venv-airflow/lib/python3.10/site-packages/airflow/example_dags/example_latest_only_with_trigger.py for tasks to queue
[2025-12-26T21:59:10.708+0530] {logging_mixin.py:188} INFO - [2025-12-26T21:59:10.708+0530] {dagbag.py:545} INFO - Filling up the DagBag from /home/sathya/projects/training-kit/.venv-airflow/lib/python3.10/site-packages/airflow/example_dags/example_latest_only_with_trigger.py
[2025-12-26T21:59:10.715+0530] {processor.py:840} INFO - DAG(s) 'latest_only_with_trigger' retrieved from /home/sathya/projects/training-kit/.venv-airflow/lib/python3.10/site-packages/airflow/example_dags/example_latest_only_with_trigger.py
[2025-12-26T21:59:10.733+0530] {logging_mixin.py:188} INFO - [2025-12-26T21:59:10.732+0530] {dag.py:3089} INFO - Sync 1 DAGs
[2025-12-26T21:59:10.752+0530] {logging_mixin.py:188} INFO - [2025-12-26T21:59:10.752+0530] {dag.py:3947} INFO - Setting next_dagrun for latest_only_with_trigger to 2025-12-26 12:00:00+00:00, run_after=2025-12-26 16:00:00+00:00
[2025-12-26T21:59:10.784+0530] {processor.py:183} INFO - Processing /home/sathya/projects/training-kit/.venv-airflow/lib/python3.10/site-packages/airflow/example_dags/example_latest_only_with_trigger.py took 0.089 seconds
[2025-12-26T21:59:24.979+0530] {processor.py:161} INFO - Started process (PID=2430) to work on /home/sathya/projects/training-kit/.venv-airflow/lib/python3.10/site-packages/airflow/example_dags/example_latest_only_with_trigger.py
[2025-12-26T21:59:24.984+0530] {processor.py:830} INFO - Processing file /home/sathya/projects/training-kit/.venv-airflow/lib/python3.10/site-packages/airflow/example_dags/example_latest_only_with_trigger.py for tasks to queue
[2025-12-26T21:59:24.986+0530] {logging_mixin.py:188} INFO - [2025-12-26T21:59:24.985+0530] {dagbag.py:545} INFO - Filling up the DagBag from /home/sathya/projects/training-kit/.venv-airflow/lib/python3.10/site-packages/airflow/example_dags/example_latest_only_with_trigger.py
[2025-12-26T21:59:24.994+0530] {processor.py:840} INFO - DAG(s) 'latest_only_with_trigger' retrieved from /home/sathya/projects/training-kit/.venv-airflow/lib/python3.10/site-packages/airflow/example_dags/example_latest_only_with_trigger.py
[2025-12-26T21:59:25.020+0530] {logging_mixin.py:188} INFO - [2025-12-26T21:59:25.020+0530] {dag.py:3089} INFO - Sync 1 DAGs
[2025-12-26T21:59:25.048+0530] {logging_mixin.py:188} INFO - [2025-12-26T21:59:25.047+0530] {dag.py:3947} INFO - Setting next_dagrun for latest_only_with_trigger to 2025-12-26 12:00:00+00:00, run_after=2025-12-26 16:00:00+00:00
[2025-12-26T21:59:25.079+0530] {processor.py:183} INFO - Processing /home/sathya/projects/training-kit/.venv-airflow/lib/python3.10/site-packages/airflow/example_dags/example_latest_only_with_trigger.py took 0.107 seconds
[2025-12-26T21:59:55.019+0530] {processor.py:161} INFO - Started process (PID=2522) to work on /home/sathya/projects/training-kit/.venv-airflow/lib/python3.10/site-packages/airflow/example_dags/example_latest_only_with_trigger.py
[2025-12-26T21:59:55.026+0530] {processor.py:830} INFO - Processing file /home/sathya/projects/training-kit/.venv-airflow/lib/python3.10/site-packages/airflow/example_dags/example_latest_only_with_trigger.py for tasks to queue
[2025-12-26T21:59:55.029+0530] {logging_mixin.py:188} INFO - [2025-12-26T21:59:55.028+0530] {dagbag.py:545} INFO - Filling up the DagBag from /home/sathya/projects/training-kit/.venv-airflow/lib/python3.10/site-packages/airflow/example_dags/example_latest_only_with_trigger.py
[2025-12-26T21:59:55.038+0530] {processor.py:840} INFO - DAG(s) 'latest_only_with_trigger' retrieved from /home/sathya/projects/training-kit/.venv-airflow/lib/python3.10/site-packages/airflow/example_dags/example_latest_only_with_trigger.py
[2025-12-26T21:59:55.071+0530] {logging_mixin.py:188} INFO - [2025-12-26T21:59:55.071+0530] {dag.py:3089} INFO - Sync 1 DAGs
[2025-12-26T21:59:55.097+0530] {logging_mixin.py:188} INFO - [2025-12-26T21:59:55.097+0530] {dag.py:3947} INFO - Setting next_dagrun for latest_only_with_trigger to 2025-12-26 12:00:00+00:00, run_after=2025-12-26 16:00:00+00:00
[2025-12-26T21:59:55.137+0530] {processor.py:183} INFO - Processing /home/sathya/projects/training-kit/.venv-airflow/lib/python3.10/site-packages/airflow/example_dags/example_latest_only_with_trigger.py took 0.127 seconds
[2025-12-26T22:00:12.127+0530] {processor.py:161} INFO - Started process (PID=2604) to work on /home/sathya/projects/training-kit/.venv-airflow/lib/python3.10/site-packages/airflow/example_dags/example_latest_only_with_trigger.py
[2025-12-26T22:00:12.135+0530] {processor.py:830} INFO - Processing file /home/sathya/projects/training-kit/.venv-airflow/lib/python3.10/site-packages/airflow/example_dags/example_latest_only_with_trigger.py for tasks to queue
[2025-12-26T22:00:12.138+0530] {logging_mixin.py:188} INFO - [2025-12-26T22:00:12.137+0530] {dagbag.py:545} INFO - Filling up the DagBag from /home/sathya/projects/training-kit/.venv-airflow/lib/python3.10/site-packages/airflow/example_dags/example_latest_only_with_trigger.py
[2025-12-26T22:00:12.150+0530] {processor.py:840} INFO - DAG(s) 'latest_only_with_trigger' retrieved from /home/sathya/projects/training-kit/.venv-airflow/lib/python3.10/site-packages/airflow/example_dags/example_latest_only_with_trigger.py
[2025-12-26T22:00:12.176+0530] {logging_mixin.py:188} INFO - [2025-12-26T22:00:12.176+0530] {dag.py:3089} INFO - Sync 1 DAGs
[2025-12-26T22:00:12.205+0530] {logging_mixin.py:188} INFO - [2025-12-26T22:00:12.204+0530] {dag.py:3947} INFO - Setting next_dagrun for latest_only_with_trigger to 2025-12-26 12:00:00+00:00, run_after=2025-12-26 16:00:00+00:00
[2025-12-26T22:00:12.252+0530] {processor.py:183} INFO - Processing /home/sathya/projects/training-kit/.venv-airflow/lib/python3.10/site-packages/airflow/example_dags/example_latest_only_with_trigger.py took 0.136 seconds
[2025-12-26T22:00:42.589+0530] {processor.py:161} INFO - Started process (PID=2705) to work on /home/sathya/projects/training-kit/.venv-airflow/lib/python3.10/site-packages/airflow/example_dags/example_latest_only_with_trigger.py
[2025-12-26T22:00:42.597+0530] {processor.py:830} INFO - Processing file /home/sathya/projects/training-kit/.venv-airflow/lib/python3.10/site-packages/airflow/example_dags/example_latest_only_with_trigger.py for tasks to queue
[2025-12-26T22:00:42.603+0530] {logging_mixin.py:188} INFO - [2025-12-26T22:00:42.602+0530] {dagbag.py:545} INFO - Filling up the DagBag from /home/sathya/projects/training-kit/.venv-airflow/lib/python3.10/site-packages/airflow/example_dags/example_latest_only_with_trigger.py
[2025-12-26T22:00:42.614+0530] {processor.py:840} INFO - DAG(s) 'latest_only_with_trigger' retrieved from /home/sathya/projects/training-kit/.venv-airflow/lib/python3.10/site-packages/airflow/example_dags/example_latest_only_with_trigger.py
[2025-12-26T22:00:42.646+0530] {logging_mixin.py:188} INFO - [2025-12-26T22:00:42.645+0530] {dag.py:3089} INFO - Sync 1 DAGs
[2025-12-26T22:00:42.676+0530] {logging_mixin.py:188} INFO - [2025-12-26T22:00:42.676+0530] {dag.py:3947} INFO - Setting next_dagrun for latest_only_with_trigger to 2025-12-26 12:00:00+00:00, run_after=2025-12-26 16:00:00+00:00
[2025-12-26T22:00:42.712+0530] {processor.py:183} INFO - Processing /home/sathya/projects/training-kit/.venv-airflow/lib/python3.10/site-packages/airflow/example_dags/example_latest_only_with_trigger.py took 0.132 seconds
[2025-12-26T22:01:02.122+0530] {processor.py:161} INFO - Started process (PID=2763) to work on /home/sathya/projects/training-kit/.venv-airflow/lib/python3.10/site-packages/airflow/example_dags/example_latest_only_with_trigger.py
[2025-12-26T22:01:02.129+0530] {processor.py:830} INFO - Processing file /home/sathya/projects/training-kit/.venv-airflow/lib/python3.10/site-packages/airflow/example_dags/example_latest_only_with_trigger.py for tasks to queue
[2025-12-26T22:01:02.133+0530] {logging_mixin.py:188} INFO - [2025-12-26T22:01:02.132+0530] {dagbag.py:545} INFO - Filling up the DagBag from /home/sathya/projects/training-kit/.venv-airflow/lib/python3.10/site-packages/airflow/example_dags/example_latest_only_with_trigger.py
[2025-12-26T22:01:02.143+0530] {processor.py:840} INFO - DAG(s) 'latest_only_with_trigger' retrieved from /home/sathya/projects/training-kit/.venv-airflow/lib/python3.10/site-packages/airflow/example_dags/example_latest_only_with_trigger.py
[2025-12-26T22:01:02.162+0530] {logging_mixin.py:188} INFO - [2025-12-26T22:01:02.161+0530] {dag.py:3089} INFO - Sync 1 DAGs
[2025-12-26T22:01:02.181+0530] {logging_mixin.py:188} INFO - [2025-12-26T22:01:02.181+0530] {dag.py:3947} INFO - Setting next_dagrun for latest_only_with_trigger to 2025-12-26 12:00:00+00:00, run_after=2025-12-26 16:00:00+00:00
[2025-12-26T22:01:02.212+0530] {processor.py:183} INFO - Processing /home/sathya/projects/training-kit/.venv-airflow/lib/python3.10/site-packages/airflow/example_dags/example_latest_only_with_trigger.py took 0.102 seconds
[2025-12-26T22:01:30.280+0530] {processor.py:161} INFO - Started process (PID=2851) to work on /home/sathya/projects/training-kit/.venv-airflow/lib/python3.10/site-packages/airflow/example_dags/example_latest_only_with_trigger.py
[2025-12-26T22:01:30.292+0530] {processor.py:830} INFO - Processing file /home/sathya/projects/training-kit/.venv-airflow/lib/python3.10/site-packages/airflow/example_dags/example_latest_only_with_trigger.py for tasks to queue
[2025-12-26T22:01:30.295+0530] {logging_mixin.py:188} INFO - [2025-12-26T22:01:30.295+0530] {dagbag.py:545} INFO - Filling up the DagBag from /home/sathya/projects/training-kit/.venv-airflow/lib/python3.10/site-packages/airflow/example_dags/example_latest_only_with_trigger.py
[2025-12-26T22:01:30.303+0530] {processor.py:840} INFO - DAG(s) 'latest_only_with_trigger' retrieved from /home/sathya/projects/training-kit/.venv-airflow/lib/python3.10/site-packages/airflow/example_dags/example_latest_only_with_trigger.py
[2025-12-26T22:01:30.325+0530] {logging_mixin.py:188} INFO - [2025-12-26T22:01:30.325+0530] {dag.py:3089} INFO - Sync 1 DAGs
[2025-12-26T22:01:30.349+0530] {logging_mixin.py:188} INFO - [2025-12-26T22:01:30.349+0530] {dag.py:3947} INFO - Setting next_dagrun for latest_only_with_trigger to 2025-12-26 12:00:00+00:00, run_after=2025-12-26 16:00:00+00:00
[2025-12-26T22:01:30.394+0530] {processor.py:183} INFO - Processing /home/sathya/projects/training-kit/.venv-airflow/lib/python3.10/site-packages/airflow/example_dags/example_latest_only_with_trigger.py took 0.130 seconds
[2025-12-26T22:01:47.071+0530] {processor.py:161} INFO - Started process (PID=2902) to work on /home/sathya/projects/training-kit/.venv-airflow/lib/python3.10/site-packages/airflow/example_dags/example_latest_only_with_trigger.py
[2025-12-26T22:01:47.082+0530] {processor.py:830} INFO - Processing file /home/sathya/projects/training-kit/.venv-airflow/lib/python3.10/site-packages/airflow/example_dags/example_latest_only_with_trigger.py for tasks to queue
[2025-12-26T22:01:47.085+0530] {logging_mixin.py:188} INFO - [2025-12-26T22:01:47.084+0530] {dagbag.py:545} INFO - Filling up the DagBag from /home/sathya/projects/training-kit/.venv-airflow/lib/python3.10/site-packages/airflow/example_dags/example_latest_only_with_trigger.py
[2025-12-26T22:01:47.093+0530] {processor.py:840} INFO - DAG(s) 'latest_only_with_trigger' retrieved from /home/sathya/projects/training-kit/.venv-airflow/lib/python3.10/site-packages/airflow/example_dags/example_latest_only_with_trigger.py
[2025-12-26T22:01:47.114+0530] {logging_mixin.py:188} INFO - [2025-12-26T22:01:47.114+0530] {dag.py:3089} INFO - Sync 1 DAGs
[2025-12-26T22:01:47.137+0530] {logging_mixin.py:188} INFO - [2025-12-26T22:01:47.136+0530] {dag.py:3947} INFO - Setting next_dagrun for latest_only_with_trigger to 2025-12-26 12:00:00+00:00, run_after=2025-12-26 16:00:00+00:00
[2025-12-26T22:01:47.176+0530] {processor.py:183} INFO - Processing /home/sathya/projects/training-kit/.venv-airflow/lib/python3.10/site-packages/airflow/example_dags/example_latest_only_with_trigger.py took 0.116 seconds
[2025-12-26T22:02:17.627+0530] {processor.py:161} INFO - Started process (PID=2991) to work on /home/sathya/projects/training-kit/.venv-airflow/lib/python3.10/site-packages/airflow/example_dags/example_latest_only_with_trigger.py
[2025-12-26T22:02:17.642+0530] {processor.py:830} INFO - Processing file /home/sathya/projects/training-kit/.venv-airflow/lib/python3.10/site-packages/airflow/example_dags/example_latest_only_with_trigger.py for tasks to queue
[2025-12-26T22:02:17.645+0530] {logging_mixin.py:188} INFO - [2025-12-26T22:02:17.644+0530] {dagbag.py:545} INFO - Filling up the DagBag from /home/sathya/projects/training-kit/.venv-airflow/lib/python3.10/site-packages/airflow/example_dags/example_latest_only_with_trigger.py
[2025-12-26T22:02:17.655+0530] {processor.py:840} INFO - DAG(s) 'latest_only_with_trigger' retrieved from /home/sathya/projects/training-kit/.venv-airflow/lib/python3.10/site-packages/airflow/example_dags/example_latest_only_with_trigger.py
[2025-12-26T22:02:17.678+0530] {logging_mixin.py:188} INFO - [2025-12-26T22:02:17.677+0530] {dag.py:3089} INFO - Sync 1 DAGs
[2025-12-26T22:02:17.697+0530] {logging_mixin.py:188} INFO - [2025-12-26T22:02:17.697+0530] {dag.py:3947} INFO - Setting next_dagrun for latest_only_with_trigger to 2025-12-26 12:00:00+00:00, run_after=2025-12-26 16:00:00+00:00
[2025-12-26T22:02:17.731+0530] {processor.py:183} INFO - Processing /home/sathya/projects/training-kit/.venv-airflow/lib/python3.10/site-packages/airflow/example_dags/example_latest_only_with_trigger.py took 0.120 seconds
[2025-12-26T22:02:35.599+0530] {processor.py:161} INFO - Started process (PID=3044) to work on /home/sathya/projects/training-kit/.venv-airflow/lib/python3.10/site-packages/airflow/example_dags/example_latest_only_with_trigger.py
[2025-12-26T22:02:35.601+0530] {processor.py:830} INFO - Processing file /home/sathya/projects/training-kit/.venv-airflow/lib/python3.10/site-packages/airflow/example_dags/example_latest_only_with_trigger.py for tasks to queue
[2025-12-26T22:02:35.603+0530] {logging_mixin.py:188} INFO - [2025-12-26T22:02:35.603+0530] {dagbag.py:545} INFO - Filling up the DagBag from /home/sathya/projects/training-kit/.venv-airflow/lib/python3.10/site-packages/airflow/example_dags/example_latest_only_with_trigger.py
[2025-12-26T22:02:35.611+0530] {processor.py:840} INFO - DAG(s) 'latest_only_with_trigger' retrieved from /home/sathya/projects/training-kit/.venv-airflow/lib/python3.10/site-packages/airflow/example_dags/example_latest_only_with_trigger.py
[2025-12-26T22:02:35.635+0530] {logging_mixin.py:188} INFO - [2025-12-26T22:02:35.634+0530] {dag.py:3089} INFO - Sync 1 DAGs
[2025-12-26T22:02:35.660+0530] {logging_mixin.py:188} INFO - [2025-12-26T22:02:35.660+0530] {dag.py:3947} INFO - Setting next_dagrun for latest_only_with_trigger to 2025-12-26 12:00:00+00:00, run_after=2025-12-26 16:00:00+00:00
[2025-12-26T22:02:35.729+0530] {processor.py:183} INFO - Processing /home/sathya/projects/training-kit/.venv-airflow/lib/python3.10/site-packages/airflow/example_dags/example_latest_only_with_trigger.py took 0.138 seconds
[2025-12-26T22:03:07.466+0530] {processor.py:161} INFO - Started process (PID=3142) to work on /home/sathya/projects/training-kit/.venv-airflow/lib/python3.10/site-packages/airflow/example_dags/example_latest_only_with_trigger.py
[2025-12-26T22:03:07.473+0530] {processor.py:830} INFO - Processing file /home/sathya/projects/training-kit/.venv-airflow/lib/python3.10/site-packages/airflow/example_dags/example_latest_only_with_trigger.py for tasks to queue
[2025-12-26T22:03:07.477+0530] {logging_mixin.py:188} INFO - [2025-12-26T22:03:07.476+0530] {dagbag.py:545} INFO - Filling up the DagBag from /home/sathya/projects/training-kit/.venv-airflow/lib/python3.10/site-packages/airflow/example_dags/example_latest_only_with_trigger.py
[2025-12-26T22:03:07.495+0530] {processor.py:840} INFO - DAG(s) 'latest_only_with_trigger' retrieved from /home/sathya/projects/training-kit/.venv-airflow/lib/python3.10/site-packages/airflow/example_dags/example_latest_only_with_trigger.py
[2025-12-26T22:03:07.536+0530] {logging_mixin.py:188} INFO - [2025-12-26T22:03:07.536+0530] {dag.py:3089} INFO - Sync 1 DAGs
[2025-12-26T22:03:07.556+0530] {logging_mixin.py:188} INFO - [2025-12-26T22:03:07.556+0530] {dag.py:3947} INFO - Setting next_dagrun for latest_only_with_trigger to 2025-12-26 12:00:00+00:00, run_after=2025-12-26 16:00:00+00:00
[2025-12-26T22:03:07.582+0530] {processor.py:183} INFO - Processing /home/sathya/projects/training-kit/.venv-airflow/lib/python3.10/site-packages/airflow/example_dags/example_latest_only_with_trigger.py took 0.126 seconds
[2025-12-26T22:03:21.239+0530] {processor.py:161} INFO - Started process (PID=3192) to work on /home/sathya/projects/training-kit/.venv-airflow/lib/python3.10/site-packages/airflow/example_dags/example_latest_only_with_trigger.py
[2025-12-26T22:03:21.245+0530] {processor.py:830} INFO - Processing file /home/sathya/projects/training-kit/.venv-airflow/lib/python3.10/site-packages/airflow/example_dags/example_latest_only_with_trigger.py for tasks to queue
[2025-12-26T22:03:21.247+0530] {logging_mixin.py:188} INFO - [2025-12-26T22:03:21.247+0530] {dagbag.py:545} INFO - Filling up the DagBag from /home/sathya/projects/training-kit/.venv-airflow/lib/python3.10/site-packages/airflow/example_dags/example_latest_only_with_trigger.py
[2025-12-26T22:03:21.254+0530] {processor.py:840} INFO - DAG(s) 'latest_only_with_trigger' retrieved from /home/sathya/projects/training-kit/.venv-airflow/lib/python3.10/site-packages/airflow/example_dags/example_latest_only_with_trigger.py
[2025-12-26T22:03:21.275+0530] {logging_mixin.py:188} INFO - [2025-12-26T22:03:21.275+0530] {dag.py:3089} INFO - Sync 1 DAGs
[2025-12-26T22:03:21.295+0530] {logging_mixin.py:188} INFO - [2025-12-26T22:03:21.295+0530] {dag.py:3947} INFO - Setting next_dagrun for latest_only_with_trigger to 2025-12-26 12:00:00+00:00, run_after=2025-12-26 16:00:00+00:00
[2025-12-26T22:03:21.335+0530] {processor.py:183} INFO - Processing /home/sathya/projects/training-kit/.venv-airflow/lib/python3.10/site-packages/airflow/example_dags/example_latest_only_with_trigger.py took 0.106 seconds
[2025-12-26T22:04:08.012+0530] {processor.py:161} INFO - Started process (PID=3335) to work on /home/sathya/projects/training-kit/.venv-airflow/lib/python3.10/site-packages/airflow/example_dags/example_latest_only_with_trigger.py
[2025-12-26T22:04:08.014+0530] {processor.py:830} INFO - Processing file /home/sathya/projects/training-kit/.venv-airflow/lib/python3.10/site-packages/airflow/example_dags/example_latest_only_with_trigger.py for tasks to queue
[2025-12-26T22:04:08.016+0530] {logging_mixin.py:188} INFO - [2025-12-26T22:04:08.015+0530] {dagbag.py:545} INFO - Filling up the DagBag from /home/sathya/projects/training-kit/.venv-airflow/lib/python3.10/site-packages/airflow/example_dags/example_latest_only_with_trigger.py
[2025-12-26T22:04:08.023+0530] {processor.py:840} INFO - DAG(s) 'latest_only_with_trigger' retrieved from /home/sathya/projects/training-kit/.venv-airflow/lib/python3.10/site-packages/airflow/example_dags/example_latest_only_with_trigger.py
[2025-12-26T22:04:08.050+0530] {logging_mixin.py:188} INFO - [2025-12-26T22:04:08.050+0530] {dag.py:3089} INFO - Sync 1 DAGs
[2025-12-26T22:04:08.070+0530] {logging_mixin.py:188} INFO - [2025-12-26T22:04:08.070+0530] {dag.py:3947} INFO - Setting next_dagrun for latest_only_with_trigger to 2025-12-26 16:00:00+00:00, run_after=2025-12-26 20:00:00+00:00
[2025-12-26T22:04:08.109+0530] {processor.py:183} INFO - Processing /home/sathya/projects/training-kit/.venv-airflow/lib/python3.10/site-packages/airflow/example_dags/example_latest_only_with_trigger.py took 0.105 seconds
[2025-12-26T22:04:23.201+0530] {processor.py:161} INFO - Started process (PID=3377) to work on /home/sathya/projects/training-kit/.venv-airflow/lib/python3.10/site-packages/airflow/example_dags/example_latest_only_with_trigger.py
[2025-12-26T22:04:23.203+0530] {processor.py:830} INFO - Processing file /home/sathya/projects/training-kit/.venv-airflow/lib/python3.10/site-packages/airflow/example_dags/example_latest_only_with_trigger.py for tasks to queue
[2025-12-26T22:04:23.205+0530] {logging_mixin.py:188} INFO - [2025-12-26T22:04:23.205+0530] {dagbag.py:545} INFO - Filling up the DagBag from /home/sathya/projects/training-kit/.venv-airflow/lib/python3.10/site-packages/airflow/example_dags/example_latest_only_with_trigger.py
[2025-12-26T22:04:23.215+0530] {processor.py:840} INFO - DAG(s) 'latest_only_with_trigger' retrieved from /home/sathya/projects/training-kit/.venv-airflow/lib/python3.10/site-packages/airflow/example_dags/example_latest_only_with_trigger.py
[2025-12-26T22:04:23.243+0530] {logging_mixin.py:188} INFO - [2025-12-26T22:04:23.243+0530] {dag.py:3089} INFO - Sync 1 DAGs
[2025-12-26T22:04:23.289+0530] {logging_mixin.py:188} INFO - [2025-12-26T22:04:23.289+0530] {dag.py:3947} INFO - Setting next_dagrun for latest_only_with_trigger to 2025-12-26 16:00:00+00:00, run_after=2025-12-26 20:00:00+00:00
[2025-12-26T22:04:23.341+0530] {processor.py:183} INFO - Processing /home/sathya/projects/training-kit/.venv-airflow/lib/python3.10/site-packages/airflow/example_dags/example_latest_only_with_trigger.py took 0.152 seconds
[2025-12-26T22:14:37.206+0530] {processor.py:161} INFO - Started process (PID=4777) to work on /home/sathya/projects/training-kit/.venv-airflow/lib/python3.10/site-packages/airflow/example_dags/example_latest_only_with_trigger.py
[2025-12-26T22:14:37.208+0530] {processor.py:830} INFO - Processing file /home/sathya/projects/training-kit/.venv-airflow/lib/python3.10/site-packages/airflow/example_dags/example_latest_only_with_trigger.py for tasks to queue
[2025-12-26T22:14:37.209+0530] {logging_mixin.py:188} INFO - [2025-12-26T22:14:37.209+0530] {dagbag.py:545} INFO - Filling up the DagBag from /home/sathya/projects/training-kit/.venv-airflow/lib/python3.10/site-packages/airflow/example_dags/example_latest_only_with_trigger.py
[2025-12-26T22:14:37.214+0530] {processor.py:840} INFO - DAG(s) 'latest_only_with_trigger' retrieved from /home/sathya/projects/training-kit/.venv-airflow/lib/python3.10/site-packages/airflow/example_dags/example_latest_only_with_trigger.py
[2025-12-26T22:14:37.226+0530] {logging_mixin.py:188} INFO - [2025-12-26T22:14:37.226+0530] {dag.py:3089} INFO - Sync 1 DAGs
[2025-12-26T22:14:37.243+0530] {logging_mixin.py:188} INFO - [2025-12-26T22:14:37.243+0530] {dag.py:3947} INFO - Setting next_dagrun for latest_only_with_trigger to 2025-12-26 16:00:00+00:00, run_after=2025-12-26 20:00:00+00:00
[2025-12-26T22:14:37.264+0530] {processor.py:183} INFO - Processing /home/sathya/projects/training-kit/.venv-airflow/lib/python3.10/site-packages/airflow/example_dags/example_latest_only_with_trigger.py took 0.063 seconds
[2025-12-26T22:14:54.317+0530] {processor.py:161} INFO - Started process (PID=4833) to work on /home/sathya/projects/training-kit/.venv-airflow/lib/python3.10/site-packages/airflow/example_dags/example_latest_only_with_trigger.py
[2025-12-26T22:14:54.318+0530] {processor.py:830} INFO - Processing file /home/sathya/projects/training-kit/.venv-airflow/lib/python3.10/site-packages/airflow/example_dags/example_latest_only_with_trigger.py for tasks to queue
[2025-12-26T22:14:54.319+0530] {logging_mixin.py:188} INFO - [2025-12-26T22:14:54.319+0530] {dagbag.py:545} INFO - Filling up the DagBag from /home/sathya/projects/training-kit/.venv-airflow/lib/python3.10/site-packages/airflow/example_dags/example_latest_only_with_trigger.py
[2025-12-26T22:14:54.324+0530] {processor.py:840} INFO - DAG(s) 'latest_only_with_trigger' retrieved from /home/sathya/projects/training-kit/.venv-airflow/lib/python3.10/site-packages/airflow/example_dags/example_latest_only_with_trigger.py
[2025-12-26T22:14:54.337+0530] {logging_mixin.py:188} INFO - [2025-12-26T22:14:54.337+0530] {dag.py:3089} INFO - Sync 1 DAGs
[2025-12-26T22:14:54.351+0530] {logging_mixin.py:188} INFO - [2025-12-26T22:14:54.351+0530] {dag.py:3947} INFO - Setting next_dagrun for latest_only_with_trigger to 2025-12-26 16:00:00+00:00, run_after=2025-12-26 20:00:00+00:00
[2025-12-26T22:14:54.373+0530] {processor.py:183} INFO - Processing /home/sathya/projects/training-kit/.venv-airflow/lib/python3.10/site-packages/airflow/example_dags/example_latest_only_with_trigger.py took 0.060 seconds
[2025-12-26T22:18:14.318+0530] {processor.py:161} INFO - Started process (PID=5525) to work on /home/sathya/projects/training-kit/.venv-airflow/lib/python3.10/site-packages/airflow/example_dags/example_latest_only_with_trigger.py
[2025-12-26T22:18:14.319+0530] {processor.py:830} INFO - Processing file /home/sathya/projects/training-kit/.venv-airflow/lib/python3.10/site-packages/airflow/example_dags/example_latest_only_with_trigger.py for tasks to queue
[2025-12-26T22:18:14.321+0530] {logging_mixin.py:188} INFO - [2025-12-26T22:18:14.320+0530] {dagbag.py:545} INFO - Filling up the DagBag from /home/sathya/projects/training-kit/.venv-airflow/lib/python3.10/site-packages/airflow/example_dags/example_latest_only_with_trigger.py
[2025-12-26T22:18:14.327+0530] {processor.py:840} INFO - DAG(s) 'latest_only_with_trigger' retrieved from /home/sathya/projects/training-kit/.venv-airflow/lib/python3.10/site-packages/airflow/example_dags/example_latest_only_with_trigger.py
[2025-12-26T22:18:14.342+0530] {logging_mixin.py:188} INFO - [2025-12-26T22:18:14.341+0530] {dag.py:3089} INFO - Sync 1 DAGs
[2025-12-26T22:18:14.356+0530] {logging_mixin.py:188} INFO - [2025-12-26T22:18:14.356+0530] {dag.py:3947} INFO - Setting next_dagrun for latest_only_with_trigger to 2025-12-26 16:00:00+00:00, run_after=2025-12-26 20:00:00+00:00
[2025-12-26T22:18:14.380+0530] {processor.py:183} INFO - Processing /home/sathya/projects/training-kit/.venv-airflow/lib/python3.10/site-packages/airflow/example_dags/example_latest_only_with_trigger.py took 0.067 seconds
[2025-12-26T22:18:30.781+0530] {processor.py:161} INFO - Started process (PID=5582) to work on /home/sathya/projects/training-kit/.venv-airflow/lib/python3.10/site-packages/airflow/example_dags/example_latest_only_with_trigger.py
[2025-12-26T22:18:30.782+0530] {processor.py:830} INFO - Processing file /home/sathya/projects/training-kit/.venv-airflow/lib/python3.10/site-packages/airflow/example_dags/example_latest_only_with_trigger.py for tasks to queue
[2025-12-26T22:18:30.786+0530] {logging_mixin.py:188} INFO - [2025-12-26T22:18:30.785+0530] {dagbag.py:545} INFO - Filling up the DagBag from /home/sathya/projects/training-kit/.venv-airflow/lib/python3.10/site-packages/airflow/example_dags/example_latest_only_with_trigger.py
[2025-12-26T22:18:30.794+0530] {processor.py:840} INFO - DAG(s) 'latest_only_with_trigger' retrieved from /home/sathya/projects/training-kit/.venv-airflow/lib/python3.10/site-packages/airflow/example_dags/example_latest_only_with_trigger.py
[2025-12-26T22:18:30.812+0530] {logging_mixin.py:188} INFO - [2025-12-26T22:18:30.812+0530] {dag.py:3089} INFO - Sync 1 DAGs
[2025-12-26T22:18:30.834+0530] {logging_mixin.py:188} INFO - [2025-12-26T22:18:30.834+0530] {dag.py:3947} INFO - Setting next_dagrun for latest_only_with_trigger to 2025-12-26 16:00:00+00:00, run_after=2025-12-26 20:00:00+00:00
[2025-12-26T22:18:30.871+0530] {processor.py:183} INFO - Processing /home/sathya/projects/training-kit/.venv-airflow/lib/python3.10/site-packages/airflow/example_dags/example_latest_only_with_trigger.py took 0.097 seconds
[2025-12-26T22:21:58.958+0530] {processor.py:161} INFO - Started process (PID=6097) to work on /home/sathya/projects/training-kit/.venv-airflow/lib/python3.10/site-packages/airflow/example_dags/example_latest_only_with_trigger.py
[2025-12-26T22:21:58.960+0530] {processor.py:830} INFO - Processing file /home/sathya/projects/training-kit/.venv-airflow/lib/python3.10/site-packages/airflow/example_dags/example_latest_only_with_trigger.py for tasks to queue
[2025-12-26T22:21:58.962+0530] {logging_mixin.py:188} INFO - [2025-12-26T22:21:58.961+0530] {dagbag.py:545} INFO - Filling up the DagBag from /home/sathya/projects/training-kit/.venv-airflow/lib/python3.10/site-packages/airflow/example_dags/example_latest_only_with_trigger.py
[2025-12-26T22:21:58.966+0530] {processor.py:840} INFO - DAG(s) 'latest_only_with_trigger' retrieved from /home/sathya/projects/training-kit/.venv-airflow/lib/python3.10/site-packages/airflow/example_dags/example_latest_only_with_trigger.py
[2025-12-26T22:21:58.980+0530] {logging_mixin.py:188} INFO - [2025-12-26T22:21:58.980+0530] {dag.py:3089} INFO - Sync 1 DAGs
[2025-12-26T22:21:58.994+0530] {logging_mixin.py:188} INFO - [2025-12-26T22:21:58.993+0530] {dag.py:3947} INFO - Setting next_dagrun for latest_only_with_trigger to 2025-12-26 16:00:00+00:00, run_after=2025-12-26 20:00:00+00:00
[2025-12-26T22:21:59.012+0530] {processor.py:183} INFO - Processing /home/sathya/projects/training-kit/.venv-airflow/lib/python3.10/site-packages/airflow/example_dags/example_latest_only_with_trigger.py took 0.059 seconds
[2025-12-26T22:27:47.251+0530] {processor.py:161} INFO - Started process (PID=6810) to work on /home/sathya/projects/training-kit/.venv-airflow/lib/python3.10/site-packages/airflow/example_dags/example_latest_only_with_trigger.py
[2025-12-26T22:27:47.257+0530] {processor.py:830} INFO - Processing file /home/sathya/projects/training-kit/.venv-airflow/lib/python3.10/site-packages/airflow/example_dags/example_latest_only_with_trigger.py for tasks to queue
[2025-12-26T22:27:47.259+0530] {logging_mixin.py:188} INFO - [2025-12-26T22:27:47.258+0530] {dagbag.py:545} INFO - Filling up the DagBag from /home/sathya/projects/training-kit/.venv-airflow/lib/python3.10/site-packages/airflow/example_dags/example_latest_only_with_trigger.py
[2025-12-26T22:27:47.264+0530] {processor.py:840} INFO - DAG(s) 'latest_only_with_trigger' retrieved from /home/sathya/projects/training-kit/.venv-airflow/lib/python3.10/site-packages/airflow/example_dags/example_latest_only_with_trigger.py
[2025-12-26T22:27:47.280+0530] {logging_mixin.py:188} INFO - [2025-12-26T22:27:47.279+0530] {dag.py:3089} INFO - Sync 1 DAGs
[2025-12-26T22:27:47.297+0530] {logging_mixin.py:188} INFO - [2025-12-26T22:27:47.297+0530] {dag.py:3947} INFO - Setting next_dagrun for latest_only_with_trigger to 2025-12-26 16:00:00+00:00, run_after=2025-12-26 20:00:00+00:00
[2025-12-26T22:27:47.320+0530] {processor.py:183} INFO - Processing /home/sathya/projects/training-kit/.venv-airflow/lib/python3.10/site-packages/airflow/example_dags/example_latest_only_with_trigger.py took 0.075 seconds
[2025-12-26T22:33:28.872+0530] {processor.py:161} INFO - Started process (PID=7507) to work on /home/sathya/projects/training-kit/.venv-airflow/lib/python3.10/site-packages/airflow/example_dags/example_latest_only_with_trigger.py
[2025-12-26T22:33:28.879+0530] {processor.py:830} INFO - Processing file /home/sathya/projects/training-kit/.venv-airflow/lib/python3.10/site-packages/airflow/example_dags/example_latest_only_with_trigger.py for tasks to queue
[2025-12-26T22:33:28.881+0530] {logging_mixin.py:188} INFO - [2025-12-26T22:33:28.880+0530] {dagbag.py:545} INFO - Filling up the DagBag from /home/sathya/projects/training-kit/.venv-airflow/lib/python3.10/site-packages/airflow/example_dags/example_latest_only_with_trigger.py
[2025-12-26T22:33:28.886+0530] {processor.py:840} INFO - DAG(s) 'latest_only_with_trigger' retrieved from /home/sathya/projects/training-kit/.venv-airflow/lib/python3.10/site-packages/airflow/example_dags/example_latest_only_with_trigger.py
[2025-12-26T22:33:28.899+0530] {logging_mixin.py:188} INFO - [2025-12-26T22:33:28.899+0530] {dag.py:3089} INFO - Sync 1 DAGs
[2025-12-26T22:33:28.913+0530] {logging_mixin.py:188} INFO - [2025-12-26T22:33:28.913+0530] {dag.py:3947} INFO - Setting next_dagrun for latest_only_with_trigger to 2025-12-26 16:00:00+00:00, run_after=2025-12-26 20:00:00+00:00
[2025-12-26T22:33:28.934+0530] {processor.py:183} INFO - Processing /home/sathya/projects/training-kit/.venv-airflow/lib/python3.10/site-packages/airflow/example_dags/example_latest_only_with_trigger.py took 0.067 seconds
[2025-12-26T22:39:42.765+0530] {processor.py:161} INFO - Started process (PID=8244) to work on /home/sathya/projects/training-kit/.venv-airflow/lib/python3.10/site-packages/airflow/example_dags/example_latest_only_with_trigger.py
[2025-12-26T22:39:42.766+0530] {processor.py:830} INFO - Processing file /home/sathya/projects/training-kit/.venv-airflow/lib/python3.10/site-packages/airflow/example_dags/example_latest_only_with_trigger.py for tasks to queue
[2025-12-26T22:39:42.768+0530] {logging_mixin.py:188} INFO - [2025-12-26T22:39:42.768+0530] {dagbag.py:545} INFO - Filling up the DagBag from /home/sathya/projects/training-kit/.venv-airflow/lib/python3.10/site-packages/airflow/example_dags/example_latest_only_with_trigger.py
[2025-12-26T22:39:42.774+0530] {processor.py:840} INFO - DAG(s) 'latest_only_with_trigger' retrieved from /home/sathya/projects/training-kit/.venv-airflow/lib/python3.10/site-packages/airflow/example_dags/example_latest_only_with_trigger.py
[2025-12-26T22:39:42.788+0530] {logging_mixin.py:188} INFO - [2025-12-26T22:39:42.788+0530] {dag.py:3089} INFO - Sync 1 DAGs
[2025-12-26T22:39:42.803+0530] {logging_mixin.py:188} INFO - [2025-12-26T22:39:42.803+0530] {dag.py:3947} INFO - Setting next_dagrun for latest_only_with_trigger to 2025-12-26 16:00:00+00:00, run_after=2025-12-26 20:00:00+00:00
[2025-12-26T22:39:42.825+0530] {processor.py:183} INFO - Processing /home/sathya/projects/training-kit/.venv-airflow/lib/python3.10/site-packages/airflow/example_dags/example_latest_only_with_trigger.py took 0.065 seconds
[2025-12-26T22:45:21.255+0530] {processor.py:161} INFO - Started process (PID=8923) to work on /home/sathya/projects/training-kit/.venv-airflow/lib/python3.10/site-packages/airflow/example_dags/example_latest_only_with_trigger.py
[2025-12-26T22:45:21.261+0530] {processor.py:830} INFO - Processing file /home/sathya/projects/training-kit/.venv-airflow/lib/python3.10/site-packages/airflow/example_dags/example_latest_only_with_trigger.py for tasks to queue
[2025-12-26T22:45:21.263+0530] {logging_mixin.py:188} INFO - [2025-12-26T22:45:21.263+0530] {dagbag.py:545} INFO - Filling up the DagBag from /home/sathya/projects/training-kit/.venv-airflow/lib/python3.10/site-packages/airflow/example_dags/example_latest_only_with_trigger.py
[2025-12-26T22:45:21.269+0530] {processor.py:840} INFO - DAG(s) 'latest_only_with_trigger' retrieved from /home/sathya/projects/training-kit/.venv-airflow/lib/python3.10/site-packages/airflow/example_dags/example_latest_only_with_trigger.py
[2025-12-26T22:45:21.282+0530] {logging_mixin.py:188} INFO - [2025-12-26T22:45:21.281+0530] {dag.py:3089} INFO - Sync 1 DAGs
[2025-12-26T22:45:21.296+0530] {logging_mixin.py:188} INFO - [2025-12-26T22:45:21.296+0530] {dag.py:3947} INFO - Setting next_dagrun for latest_only_with_trigger to 2025-12-26 16:00:00+00:00, run_after=2025-12-26 20:00:00+00:00
[2025-12-26T22:45:21.315+0530] {processor.py:183} INFO - Processing /home/sathya/projects/training-kit/.venv-airflow/lib/python3.10/site-packages/airflow/example_dags/example_latest_only_with_trigger.py took 0.066 seconds
[2025-12-26T22:49:54.196+0530] {processor.py:161} INFO - Started process (PID=9519) to work on /home/sathya/projects/training-kit/.venv-airflow/lib/python3.10/site-packages/airflow/example_dags/example_latest_only_with_trigger.py
[2025-12-26T22:49:54.203+0530] {processor.py:830} INFO - Processing file /home/sathya/projects/training-kit/.venv-airflow/lib/python3.10/site-packages/airflow/example_dags/example_latest_only_with_trigger.py for tasks to queue
[2025-12-26T22:49:54.205+0530] {logging_mixin.py:188} INFO - [2025-12-26T22:49:54.204+0530] {dagbag.py:545} INFO - Filling up the DagBag from /home/sathya/projects/training-kit/.venv-airflow/lib/python3.10/site-packages/airflow/example_dags/example_latest_only_with_trigger.py
[2025-12-26T22:49:54.210+0530] {processor.py:840} INFO - DAG(s) 'latest_only_with_trigger' retrieved from /home/sathya/projects/training-kit/.venv-airflow/lib/python3.10/site-packages/airflow/example_dags/example_latest_only_with_trigger.py
[2025-12-26T22:49:54.222+0530] {logging_mixin.py:188} INFO - [2025-12-26T22:49:54.221+0530] {dag.py:3089} INFO - Sync 1 DAGs
[2025-12-26T22:49:54.234+0530] {logging_mixin.py:188} INFO - [2025-12-26T22:49:54.234+0530] {dag.py:3947} INFO - Setting next_dagrun for latest_only_with_trigger to 2025-12-26 16:00:00+00:00, run_after=2025-12-26 20:00:00+00:00
[2025-12-26T22:49:54.254+0530] {processor.py:183} INFO - Processing /home/sathya/projects/training-kit/.venv-airflow/lib/python3.10/site-packages/airflow/example_dags/example_latest_only_with_trigger.py took 0.062 seconds
[2025-12-26T22:55:48.264+0530] {processor.py:161} INFO - Started process (PID=10198) to work on /home/sathya/projects/training-kit/.venv-airflow/lib/python3.10/site-packages/airflow/example_dags/example_latest_only_with_trigger.py
[2025-12-26T22:55:48.271+0530] {processor.py:830} INFO - Processing file /home/sathya/projects/training-kit/.venv-airflow/lib/python3.10/site-packages/airflow/example_dags/example_latest_only_with_trigger.py for tasks to queue
[2025-12-26T22:55:48.279+0530] {logging_mixin.py:188} INFO - [2025-12-26T22:55:48.276+0530] {dagbag.py:545} INFO - Filling up the DagBag from /home/sathya/projects/training-kit/.venv-airflow/lib/python3.10/site-packages/airflow/example_dags/example_latest_only_with_trigger.py
[2025-12-26T22:55:48.288+0530] {processor.py:840} INFO - DAG(s) 'latest_only_with_trigger' retrieved from /home/sathya/projects/training-kit/.venv-airflow/lib/python3.10/site-packages/airflow/example_dags/example_latest_only_with_trigger.py
[2025-12-26T22:55:48.319+0530] {logging_mixin.py:188} INFO - [2025-12-26T22:55:48.319+0530] {dag.py:3089} INFO - Sync 1 DAGs
[2025-12-26T22:55:48.358+0530] {logging_mixin.py:188} INFO - [2025-12-26T22:55:48.357+0530] {dag.py:3947} INFO - Setting next_dagrun for latest_only_with_trigger to 2025-12-26 16:00:00+00:00, run_after=2025-12-26 20:00:00+00:00
[2025-12-26T22:55:48.397+0530] {processor.py:183} INFO - Processing /home/sathya/projects/training-kit/.venv-airflow/lib/python3.10/site-packages/airflow/example_dags/example_latest_only_with_trigger.py took 0.149 seconds
[2025-12-26T23:03:30.442+0530] {processor.py:161} INFO - Started process (PID=10961) to work on /home/sathya/projects/training-kit/.venv-airflow/lib/python3.10/site-packages/airflow/example_dags/example_latest_only_with_trigger.py
[2025-12-26T23:03:30.444+0530] {processor.py:830} INFO - Processing file /home/sathya/projects/training-kit/.venv-airflow/lib/python3.10/site-packages/airflow/example_dags/example_latest_only_with_trigger.py for tasks to queue
[2025-12-26T23:03:30.450+0530] {logging_mixin.py:188} INFO - [2025-12-26T23:03:30.449+0530] {dagbag.py:545} INFO - Filling up the DagBag from /home/sathya/projects/training-kit/.venv-airflow/lib/python3.10/site-packages/airflow/example_dags/example_latest_only_with_trigger.py
[2025-12-26T23:03:30.457+0530] {processor.py:840} INFO - DAG(s) 'latest_only_with_trigger' retrieved from /home/sathya/projects/training-kit/.venv-airflow/lib/python3.10/site-packages/airflow/example_dags/example_latest_only_with_trigger.py
[2025-12-26T23:03:30.488+0530] {logging_mixin.py:188} INFO - [2025-12-26T23:03:30.488+0530] {dag.py:3089} INFO - Sync 1 DAGs
[2025-12-26T23:03:30.540+0530] {logging_mixin.py:188} INFO - [2025-12-26T23:03:30.539+0530] {dag.py:3947} INFO - Setting next_dagrun for latest_only_with_trigger to 2025-12-26 16:00:00+00:00, run_after=2025-12-26 20:00:00+00:00
[2025-12-26T23:03:30.635+0530] {processor.py:183} INFO - Processing /home/sathya/projects/training-kit/.venv-airflow/lib/python3.10/site-packages/airflow/example_dags/example_latest_only_with_trigger.py took 0.201 seconds
[2025-12-26T23:09:45.976+0530] {processor.py:161} INFO - Started process (PID=11646) to work on /home/sathya/projects/training-kit/.venv-airflow/lib/python3.10/site-packages/airflow/example_dags/example_latest_only_with_trigger.py
[2025-12-26T23:09:45.982+0530] {processor.py:830} INFO - Processing file /home/sathya/projects/training-kit/.venv-airflow/lib/python3.10/site-packages/airflow/example_dags/example_latest_only_with_trigger.py for tasks to queue
[2025-12-26T23:09:45.984+0530] {logging_mixin.py:188} INFO - [2025-12-26T23:09:45.983+0530] {dagbag.py:545} INFO - Filling up the DagBag from /home/sathya/projects/training-kit/.venv-airflow/lib/python3.10/site-packages/airflow/example_dags/example_latest_only_with_trigger.py
[2025-12-26T23:09:45.990+0530] {processor.py:840} INFO - DAG(s) 'latest_only_with_trigger' retrieved from /home/sathya/projects/training-kit/.venv-airflow/lib/python3.10/site-packages/airflow/example_dags/example_latest_only_with_trigger.py
[2025-12-26T23:09:46.004+0530] {logging_mixin.py:188} INFO - [2025-12-26T23:09:46.004+0530] {dag.py:3089} INFO - Sync 1 DAGs
[2025-12-26T23:09:46.019+0530] {logging_mixin.py:188} INFO - [2025-12-26T23:09:46.019+0530] {dag.py:3947} INFO - Setting next_dagrun for latest_only_with_trigger to 2025-12-26 16:00:00+00:00, run_after=2025-12-26 20:00:00+00:00
[2025-12-26T23:09:46.041+0530] {processor.py:183} INFO - Processing /home/sathya/projects/training-kit/.venv-airflow/lib/python3.10/site-packages/airflow/example_dags/example_latest_only_with_trigger.py took 0.071 seconds
