[2025-12-26T21:52:23.527+0530] {processor.py:161} INFO - Started process (PID=1265) to work on /home/sathya/projects/training-kit/.venv-airflow/lib/python3.10/site-packages/airflow/example_dags/tutorial_dag.py
[2025-12-26T21:52:23.529+0530] {processor.py:830} INFO - Processing file /home/sathya/projects/training-kit/.venv-airflow/lib/python3.10/site-packages/airflow/example_dags/tutorial_dag.py for tasks to queue
[2025-12-26T21:52:23.531+0530] {logging_mixin.py:188} INFO - [2025-12-26T21:52:23.530+0530] {dagbag.py:545} INFO - Filling up the DagBag from /home/sathya/projects/training-kit/.venv-airflow/lib/python3.10/site-packages/airflow/example_dags/tutorial_dag.py
[2025-12-26T21:52:23.537+0530] {processor.py:840} INFO - DAG(s) 'tutorial_dag' retrieved from /home/sathya/projects/training-kit/.venv-airflow/lib/python3.10/site-packages/airflow/example_dags/tutorial_dag.py
[2025-12-26T21:52:23.558+0530] {logging_mixin.py:188} INFO - [2025-12-26T21:52:23.558+0530] {dag.py:3089} INFO - Sync 1 DAGs
[2025-12-26T21:52:23.570+0530] {logging_mixin.py:188} INFO - [2025-12-26T21:52:23.570+0530] {dag.py:3947} INFO - Setting next_dagrun for tutorial_dag to None, run_after=None
[2025-12-26T21:52:23.599+0530] {processor.py:183} INFO - Processing /home/sathya/projects/training-kit/.venv-airflow/lib/python3.10/site-packages/airflow/example_dags/tutorial_dag.py took 0.080 seconds
[2025-12-26T21:53:18.623+0530] {processor.py:161} INFO - Started process (PID=1397) to work on /home/sathya/projects/training-kit/.venv-airflow/lib/python3.10/site-packages/airflow/example_dags/tutorial_dag.py
[2025-12-26T21:53:18.625+0530] {processor.py:830} INFO - Processing file /home/sathya/projects/training-kit/.venv-airflow/lib/python3.10/site-packages/airflow/example_dags/tutorial_dag.py for tasks to queue
[2025-12-26T21:53:18.629+0530] {logging_mixin.py:188} INFO - [2025-12-26T21:53:18.628+0530] {dagbag.py:545} INFO - Filling up the DagBag from /home/sathya/projects/training-kit/.venv-airflow/lib/python3.10/site-packages/airflow/example_dags/tutorial_dag.py
[2025-12-26T21:53:18.640+0530] {processor.py:840} INFO - DAG(s) 'tutorial_dag' retrieved from /home/sathya/projects/training-kit/.venv-airflow/lib/python3.10/site-packages/airflow/example_dags/tutorial_dag.py
[2025-12-26T21:53:18.665+0530] {logging_mixin.py:188} INFO - [2025-12-26T21:53:18.665+0530] {dag.py:3089} INFO - Sync 1 DAGs
[2025-12-26T21:53:18.682+0530] {logging_mixin.py:188} INFO - [2025-12-26T21:53:18.681+0530] {dag.py:3947} INFO - Setting next_dagrun for tutorial_dag to None, run_after=None
[2025-12-26T21:53:18.727+0530] {processor.py:183} INFO - Processing /home/sathya/projects/training-kit/.venv-airflow/lib/python3.10/site-packages/airflow/example_dags/tutorial_dag.py took 0.123 seconds
[2025-12-26T21:54:09.397+0530] {processor.py:161} INFO - Started process (PID=1521) to work on /home/sathya/projects/training-kit/.venv-airflow/lib/python3.10/site-packages/airflow/example_dags/tutorial_dag.py
[2025-12-26T21:54:09.405+0530] {processor.py:830} INFO - Processing file /home/sathya/projects/training-kit/.venv-airflow/lib/python3.10/site-packages/airflow/example_dags/tutorial_dag.py for tasks to queue
[2025-12-26T21:54:09.408+0530] {logging_mixin.py:188} INFO - [2025-12-26T21:54:09.408+0530] {dagbag.py:545} INFO - Filling up the DagBag from /home/sathya/projects/training-kit/.venv-airflow/lib/python3.10/site-packages/airflow/example_dags/tutorial_dag.py
[2025-12-26T21:54:09.417+0530] {processor.py:840} INFO - DAG(s) 'tutorial_dag' retrieved from /home/sathya/projects/training-kit/.venv-airflow/lib/python3.10/site-packages/airflow/example_dags/tutorial_dag.py
[2025-12-26T21:54:09.534+0530] {logging_mixin.py:188} INFO - [2025-12-26T21:54:09.534+0530] {dag.py:3089} INFO - Sync 1 DAGs
[2025-12-26T21:54:09.545+0530] {logging_mixin.py:188} INFO - [2025-12-26T21:54:09.545+0530] {dag.py:3947} INFO - Setting next_dagrun for tutorial_dag to None, run_after=None
[2025-12-26T21:54:09.576+0530] {processor.py:183} INFO - Processing /home/sathya/projects/training-kit/.venv-airflow/lib/python3.10/site-packages/airflow/example_dags/tutorial_dag.py took 0.189 seconds
[2025-12-26T21:54:58.006+0530] {processor.py:161} INFO - Started process (PID=1624) to work on /home/sathya/projects/training-kit/.venv-airflow/lib/python3.10/site-packages/airflow/example_dags/tutorial_dag.py
[2025-12-26T21:54:58.013+0530] {processor.py:830} INFO - Processing file /home/sathya/projects/training-kit/.venv-airflow/lib/python3.10/site-packages/airflow/example_dags/tutorial_dag.py for tasks to queue
[2025-12-26T21:54:58.015+0530] {logging_mixin.py:188} INFO - [2025-12-26T21:54:58.015+0530] {dagbag.py:545} INFO - Filling up the DagBag from /home/sathya/projects/training-kit/.venv-airflow/lib/python3.10/site-packages/airflow/example_dags/tutorial_dag.py
[2025-12-26T21:54:58.023+0530] {processor.py:840} INFO - DAG(s) 'tutorial_dag' retrieved from /home/sathya/projects/training-kit/.venv-airflow/lib/python3.10/site-packages/airflow/example_dags/tutorial_dag.py
[2025-12-26T21:54:58.043+0530] {logging_mixin.py:188} INFO - [2025-12-26T21:54:58.043+0530] {dag.py:3089} INFO - Sync 1 DAGs
[2025-12-26T21:54:58.056+0530] {logging_mixin.py:188} INFO - [2025-12-26T21:54:58.056+0530] {dag.py:3947} INFO - Setting next_dagrun for tutorial_dag to None, run_after=None
[2025-12-26T21:54:58.081+0530] {processor.py:183} INFO - Processing /home/sathya/projects/training-kit/.venv-airflow/lib/python3.10/site-packages/airflow/example_dags/tutorial_dag.py took 0.085 seconds
[2025-12-26T21:55:20.393+0530] {processor.py:161} INFO - Started process (PID=1694) to work on /home/sathya/projects/training-kit/.venv-airflow/lib/python3.10/site-packages/airflow/example_dags/tutorial_dag.py
[2025-12-26T21:55:20.394+0530] {processor.py:830} INFO - Processing file /home/sathya/projects/training-kit/.venv-airflow/lib/python3.10/site-packages/airflow/example_dags/tutorial_dag.py for tasks to queue
[2025-12-26T21:55:20.396+0530] {logging_mixin.py:188} INFO - [2025-12-26T21:55:20.396+0530] {dagbag.py:545} INFO - Filling up the DagBag from /home/sathya/projects/training-kit/.venv-airflow/lib/python3.10/site-packages/airflow/example_dags/tutorial_dag.py
[2025-12-26T21:55:20.402+0530] {processor.py:840} INFO - DAG(s) 'tutorial_dag' retrieved from /home/sathya/projects/training-kit/.venv-airflow/lib/python3.10/site-packages/airflow/example_dags/tutorial_dag.py
[2025-12-26T21:55:20.422+0530] {logging_mixin.py:188} INFO - [2025-12-26T21:55:20.422+0530] {dag.py:3089} INFO - Sync 1 DAGs
[2025-12-26T21:55:20.434+0530] {logging_mixin.py:188} INFO - [2025-12-26T21:55:20.434+0530] {dag.py:3947} INFO - Setting next_dagrun for tutorial_dag to None, run_after=None
[2025-12-26T21:55:20.459+0530] {processor.py:183} INFO - Processing /home/sathya/projects/training-kit/.venv-airflow/lib/python3.10/site-packages/airflow/example_dags/tutorial_dag.py took 0.073 seconds
[2025-12-26T21:55:46.599+0530] {processor.py:161} INFO - Started process (PID=1769) to work on /home/sathya/projects/training-kit/.venv-airflow/lib/python3.10/site-packages/airflow/example_dags/tutorial_dag.py
[2025-12-26T21:55:46.606+0530] {processor.py:830} INFO - Processing file /home/sathya/projects/training-kit/.venv-airflow/lib/python3.10/site-packages/airflow/example_dags/tutorial_dag.py for tasks to queue
[2025-12-26T21:55:46.608+0530] {logging_mixin.py:188} INFO - [2025-12-26T21:55:46.608+0530] {dagbag.py:545} INFO - Filling up the DagBag from /home/sathya/projects/training-kit/.venv-airflow/lib/python3.10/site-packages/airflow/example_dags/tutorial_dag.py
[2025-12-26T21:55:46.618+0530] {processor.py:840} INFO - DAG(s) 'tutorial_dag' retrieved from /home/sathya/projects/training-kit/.venv-airflow/lib/python3.10/site-packages/airflow/example_dags/tutorial_dag.py
[2025-12-26T21:55:46.636+0530] {logging_mixin.py:188} INFO - [2025-12-26T21:55:46.636+0530] {dag.py:3089} INFO - Sync 1 DAGs
[2025-12-26T21:55:46.656+0530] {logging_mixin.py:188} INFO - [2025-12-26T21:55:46.655+0530] {dag.py:3947} INFO - Setting next_dagrun for tutorial_dag to None, run_after=None
[2025-12-26T21:55:46.690+0530] {processor.py:183} INFO - Processing /home/sathya/projects/training-kit/.venv-airflow/lib/python3.10/site-packages/airflow/example_dags/tutorial_dag.py took 0.098 seconds
[2025-12-26T21:56:14.724+0530] {processor.py:161} INFO - Started process (PID=1852) to work on /home/sathya/projects/training-kit/.venv-airflow/lib/python3.10/site-packages/airflow/example_dags/tutorial_dag.py
[2025-12-26T21:56:14.750+0530] {processor.py:830} INFO - Processing file /home/sathya/projects/training-kit/.venv-airflow/lib/python3.10/site-packages/airflow/example_dags/tutorial_dag.py for tasks to queue
[2025-12-26T21:56:14.753+0530] {logging_mixin.py:188} INFO - [2025-12-26T21:56:14.752+0530] {dagbag.py:545} INFO - Filling up the DagBag from /home/sathya/projects/training-kit/.venv-airflow/lib/python3.10/site-packages/airflow/example_dags/tutorial_dag.py
[2025-12-26T21:56:14.761+0530] {processor.py:840} INFO - DAG(s) 'tutorial_dag' retrieved from /home/sathya/projects/training-kit/.venv-airflow/lib/python3.10/site-packages/airflow/example_dags/tutorial_dag.py
[2025-12-26T21:56:14.777+0530] {logging_mixin.py:188} INFO - [2025-12-26T21:56:14.777+0530] {dag.py:3089} INFO - Sync 1 DAGs
[2025-12-26T21:56:14.786+0530] {logging_mixin.py:188} INFO - [2025-12-26T21:56:14.786+0530] {dag.py:3947} INFO - Setting next_dagrun for tutorial_dag to None, run_after=None
[2025-12-26T21:56:14.819+0530] {processor.py:183} INFO - Processing /home/sathya/projects/training-kit/.venv-airflow/lib/python3.10/site-packages/airflow/example_dags/tutorial_dag.py took 0.103 seconds
[2025-12-26T21:56:41.989+0530] {processor.py:161} INFO - Started process (PID=1928) to work on /home/sathya/projects/training-kit/.venv-airflow/lib/python3.10/site-packages/airflow/example_dags/tutorial_dag.py
[2025-12-26T21:56:41.997+0530] {processor.py:830} INFO - Processing file /home/sathya/projects/training-kit/.venv-airflow/lib/python3.10/site-packages/airflow/example_dags/tutorial_dag.py for tasks to queue
[2025-12-26T21:56:42.001+0530] {logging_mixin.py:188} INFO - [2025-12-26T21:56:42.000+0530] {dagbag.py:545} INFO - Filling up the DagBag from /home/sathya/projects/training-kit/.venv-airflow/lib/python3.10/site-packages/airflow/example_dags/tutorial_dag.py
[2025-12-26T21:56:42.012+0530] {processor.py:840} INFO - DAG(s) 'tutorial_dag' retrieved from /home/sathya/projects/training-kit/.venv-airflow/lib/python3.10/site-packages/airflow/example_dags/tutorial_dag.py
[2025-12-26T21:56:42.042+0530] {logging_mixin.py:188} INFO - [2025-12-26T21:56:42.042+0530] {dag.py:3089} INFO - Sync 1 DAGs
[2025-12-26T21:56:42.065+0530] {logging_mixin.py:188} INFO - [2025-12-26T21:56:42.064+0530] {dag.py:3947} INFO - Setting next_dagrun for tutorial_dag to None, run_after=None
[2025-12-26T21:56:42.108+0530] {processor.py:183} INFO - Processing /home/sathya/projects/training-kit/.venv-airflow/lib/python3.10/site-packages/airflow/example_dags/tutorial_dag.py took 0.130 seconds
[2025-12-26T21:57:10.027+0530] {processor.py:161} INFO - Started process (PID=2008) to work on /home/sathya/projects/training-kit/.venv-airflow/lib/python3.10/site-packages/airflow/example_dags/tutorial_dag.py
[2025-12-26T21:57:10.029+0530] {processor.py:830} INFO - Processing file /home/sathya/projects/training-kit/.venv-airflow/lib/python3.10/site-packages/airflow/example_dags/tutorial_dag.py for tasks to queue
[2025-12-26T21:57:10.034+0530] {logging_mixin.py:188} INFO - [2025-12-26T21:57:10.033+0530] {dagbag.py:545} INFO - Filling up the DagBag from /home/sathya/projects/training-kit/.venv-airflow/lib/python3.10/site-packages/airflow/example_dags/tutorial_dag.py
[2025-12-26T21:57:10.041+0530] {processor.py:840} INFO - DAG(s) 'tutorial_dag' retrieved from /home/sathya/projects/training-kit/.venv-airflow/lib/python3.10/site-packages/airflow/example_dags/tutorial_dag.py
[2025-12-26T21:57:10.218+0530] {logging_mixin.py:188} INFO - [2025-12-26T21:57:10.218+0530] {dag.py:3089} INFO - Sync 1 DAGs
[2025-12-26T21:57:10.232+0530] {logging_mixin.py:188} INFO - [2025-12-26T21:57:10.231+0530] {dag.py:3947} INFO - Setting next_dagrun for tutorial_dag to None, run_after=None
[2025-12-26T21:57:10.272+0530] {processor.py:183} INFO - Processing /home/sathya/projects/training-kit/.venv-airflow/lib/python3.10/site-packages/airflow/example_dags/tutorial_dag.py took 0.253 seconds
[2025-12-26T21:57:33.129+0530] {processor.py:161} INFO - Started process (PID=2075) to work on /home/sathya/projects/training-kit/.venv-airflow/lib/python3.10/site-packages/airflow/example_dags/tutorial_dag.py
[2025-12-26T21:57:33.136+0530] {processor.py:830} INFO - Processing file /home/sathya/projects/training-kit/.venv-airflow/lib/python3.10/site-packages/airflow/example_dags/tutorial_dag.py for tasks to queue
[2025-12-26T21:57:33.138+0530] {logging_mixin.py:188} INFO - [2025-12-26T21:57:33.138+0530] {dagbag.py:545} INFO - Filling up the DagBag from /home/sathya/projects/training-kit/.venv-airflow/lib/python3.10/site-packages/airflow/example_dags/tutorial_dag.py
[2025-12-26T21:57:33.144+0530] {processor.py:840} INFO - DAG(s) 'tutorial_dag' retrieved from /home/sathya/projects/training-kit/.venv-airflow/lib/python3.10/site-packages/airflow/example_dags/tutorial_dag.py
[2025-12-26T21:57:33.161+0530] {logging_mixin.py:188} INFO - [2025-12-26T21:57:33.161+0530] {dag.py:3089} INFO - Sync 1 DAGs
[2025-12-26T21:57:33.172+0530] {logging_mixin.py:188} INFO - [2025-12-26T21:57:33.172+0530] {dag.py:3947} INFO - Setting next_dagrun for tutorial_dag to None, run_after=None
[2025-12-26T21:57:33.197+0530] {processor.py:183} INFO - Processing /home/sathya/projects/training-kit/.venv-airflow/lib/python3.10/site-packages/airflow/example_dags/tutorial_dag.py took 0.076 seconds
[2025-12-26T21:58:05.829+0530] {processor.py:161} INFO - Started process (PID=2183) to work on /home/sathya/projects/training-kit/.venv-airflow/lib/python3.10/site-packages/airflow/example_dags/tutorial_dag.py
[2025-12-26T21:58:05.831+0530] {processor.py:830} INFO - Processing file /home/sathya/projects/training-kit/.venv-airflow/lib/python3.10/site-packages/airflow/example_dags/tutorial_dag.py for tasks to queue
[2025-12-26T21:58:05.834+0530] {logging_mixin.py:188} INFO - [2025-12-26T21:58:05.833+0530] {dagbag.py:545} INFO - Filling up the DagBag from /home/sathya/projects/training-kit/.venv-airflow/lib/python3.10/site-packages/airflow/example_dags/tutorial_dag.py
[2025-12-26T21:58:05.843+0530] {processor.py:840} INFO - DAG(s) 'tutorial_dag' retrieved from /home/sathya/projects/training-kit/.venv-airflow/lib/python3.10/site-packages/airflow/example_dags/tutorial_dag.py
[2025-12-26T21:58:05.870+0530] {logging_mixin.py:188} INFO - [2025-12-26T21:58:05.870+0530] {dag.py:3089} INFO - Sync 1 DAGs
[2025-12-26T21:58:05.884+0530] {logging_mixin.py:188} INFO - [2025-12-26T21:58:05.884+0530] {dag.py:3947} INFO - Setting next_dagrun for tutorial_dag to None, run_after=None
[2025-12-26T21:58:05.929+0530] {processor.py:183} INFO - Processing /home/sathya/projects/training-kit/.venv-airflow/lib/python3.10/site-packages/airflow/example_dags/tutorial_dag.py took 0.107 seconds
[2025-12-26T21:58:25.054+0530] {processor.py:161} INFO - Started process (PID=2243) to work on /home/sathya/projects/training-kit/.venv-airflow/lib/python3.10/site-packages/airflow/example_dags/tutorial_dag.py
[2025-12-26T21:58:25.059+0530] {processor.py:830} INFO - Processing file /home/sathya/projects/training-kit/.venv-airflow/lib/python3.10/site-packages/airflow/example_dags/tutorial_dag.py for tasks to queue
[2025-12-26T21:58:25.061+0530] {logging_mixin.py:188} INFO - [2025-12-26T21:58:25.061+0530] {dagbag.py:545} INFO - Filling up the DagBag from /home/sathya/projects/training-kit/.venv-airflow/lib/python3.10/site-packages/airflow/example_dags/tutorial_dag.py
[2025-12-26T21:58:25.068+0530] {processor.py:840} INFO - DAG(s) 'tutorial_dag' retrieved from /home/sathya/projects/training-kit/.venv-airflow/lib/python3.10/site-packages/airflow/example_dags/tutorial_dag.py
[2025-12-26T21:58:25.093+0530] {logging_mixin.py:188} INFO - [2025-12-26T21:58:25.093+0530] {dag.py:3089} INFO - Sync 1 DAGs
[2025-12-26T21:58:25.124+0530] {logging_mixin.py:188} INFO - [2025-12-26T21:58:25.123+0530] {dag.py:3947} INFO - Setting next_dagrun for tutorial_dag to None, run_after=None
[2025-12-26T21:58:25.154+0530] {processor.py:183} INFO - Processing /home/sathya/projects/training-kit/.venv-airflow/lib/python3.10/site-packages/airflow/example_dags/tutorial_dag.py took 0.108 seconds
[2025-12-26T21:58:51.977+0530] {processor.py:161} INFO - Started process (PID=2331) to work on /home/sathya/projects/training-kit/.venv-airflow/lib/python3.10/site-packages/airflow/example_dags/tutorial_dag.py
[2025-12-26T21:58:51.984+0530] {processor.py:830} INFO - Processing file /home/sathya/projects/training-kit/.venv-airflow/lib/python3.10/site-packages/airflow/example_dags/tutorial_dag.py for tasks to queue
[2025-12-26T21:58:51.987+0530] {logging_mixin.py:188} INFO - [2025-12-26T21:58:51.986+0530] {dagbag.py:545} INFO - Filling up the DagBag from /home/sathya/projects/training-kit/.venv-airflow/lib/python3.10/site-packages/airflow/example_dags/tutorial_dag.py
[2025-12-26T21:58:51.995+0530] {processor.py:840} INFO - DAG(s) 'tutorial_dag' retrieved from /home/sathya/projects/training-kit/.venv-airflow/lib/python3.10/site-packages/airflow/example_dags/tutorial_dag.py
[2025-12-26T21:58:52.013+0530] {logging_mixin.py:188} INFO - [2025-12-26T21:58:52.013+0530] {dag.py:3089} INFO - Sync 1 DAGs
[2025-12-26T21:58:52.027+0530] {logging_mixin.py:188} INFO - [2025-12-26T21:58:52.027+0530] {dag.py:3947} INFO - Setting next_dagrun for tutorial_dag to None, run_after=None
[2025-12-26T21:58:52.057+0530] {processor.py:183} INFO - Processing /home/sathya/projects/training-kit/.venv-airflow/lib/python3.10/site-packages/airflow/example_dags/tutorial_dag.py took 0.092 seconds
[2025-12-26T21:59:14.577+0530] {processor.py:161} INFO - Started process (PID=2399) to work on /home/sathya/projects/training-kit/.venv-airflow/lib/python3.10/site-packages/airflow/example_dags/tutorial_dag.py
[2025-12-26T21:59:14.582+0530] {processor.py:830} INFO - Processing file /home/sathya/projects/training-kit/.venv-airflow/lib/python3.10/site-packages/airflow/example_dags/tutorial_dag.py for tasks to queue
[2025-12-26T21:59:14.584+0530] {logging_mixin.py:188} INFO - [2025-12-26T21:59:14.584+0530] {dagbag.py:545} INFO - Filling up the DagBag from /home/sathya/projects/training-kit/.venv-airflow/lib/python3.10/site-packages/airflow/example_dags/tutorial_dag.py
[2025-12-26T21:59:14.597+0530] {processor.py:840} INFO - DAG(s) 'tutorial_dag' retrieved from /home/sathya/projects/training-kit/.venv-airflow/lib/python3.10/site-packages/airflow/example_dags/tutorial_dag.py
[2025-12-26T21:59:14.618+0530] {logging_mixin.py:188} INFO - [2025-12-26T21:59:14.618+0530] {dag.py:3089} INFO - Sync 1 DAGs
[2025-12-26T21:59:14.632+0530] {logging_mixin.py:188} INFO - [2025-12-26T21:59:14.631+0530] {dag.py:3947} INFO - Setting next_dagrun for tutorial_dag to None, run_after=None
[2025-12-26T21:59:14.662+0530] {processor.py:183} INFO - Processing /home/sathya/projects/training-kit/.venv-airflow/lib/python3.10/site-packages/airflow/example_dags/tutorial_dag.py took 0.094 seconds
[2025-12-26T21:59:35.982+0530] {processor.py:161} INFO - Started process (PID=2467) to work on /home/sathya/projects/training-kit/.venv-airflow/lib/python3.10/site-packages/airflow/example_dags/tutorial_dag.py
[2025-12-26T21:59:35.989+0530] {processor.py:830} INFO - Processing file /home/sathya/projects/training-kit/.venv-airflow/lib/python3.10/site-packages/airflow/example_dags/tutorial_dag.py for tasks to queue
[2025-12-26T21:59:35.991+0530] {logging_mixin.py:188} INFO - [2025-12-26T21:59:35.991+0530] {dagbag.py:545} INFO - Filling up the DagBag from /home/sathya/projects/training-kit/.venv-airflow/lib/python3.10/site-packages/airflow/example_dags/tutorial_dag.py
[2025-12-26T21:59:35.998+0530] {processor.py:840} INFO - DAG(s) 'tutorial_dag' retrieved from /home/sathya/projects/training-kit/.venv-airflow/lib/python3.10/site-packages/airflow/example_dags/tutorial_dag.py
[2025-12-26T21:59:36.015+0530] {logging_mixin.py:188} INFO - [2025-12-26T21:59:36.015+0530] {dag.py:3089} INFO - Sync 1 DAGs
[2025-12-26T21:59:36.026+0530] {logging_mixin.py:188} INFO - [2025-12-26T21:59:36.026+0530] {dag.py:3947} INFO - Setting next_dagrun for tutorial_dag to None, run_after=None
[2025-12-26T21:59:36.052+0530] {processor.py:183} INFO - Processing /home/sathya/projects/training-kit/.venv-airflow/lib/python3.10/site-packages/airflow/example_dags/tutorial_dag.py took 0.078 seconds
[2025-12-26T22:00:02.401+0530] {processor.py:161} INFO - Started process (PID=2572) to work on /home/sathya/projects/training-kit/.venv-airflow/lib/python3.10/site-packages/airflow/example_dags/tutorial_dag.py
[2025-12-26T22:00:02.407+0530] {processor.py:830} INFO - Processing file /home/sathya/projects/training-kit/.venv-airflow/lib/python3.10/site-packages/airflow/example_dags/tutorial_dag.py for tasks to queue
[2025-12-26T22:00:02.409+0530] {logging_mixin.py:188} INFO - [2025-12-26T22:00:02.409+0530] {dagbag.py:545} INFO - Filling up the DagBag from /home/sathya/projects/training-kit/.venv-airflow/lib/python3.10/site-packages/airflow/example_dags/tutorial_dag.py
[2025-12-26T22:00:02.416+0530] {processor.py:840} INFO - DAG(s) 'tutorial_dag' retrieved from /home/sathya/projects/training-kit/.venv-airflow/lib/python3.10/site-packages/airflow/example_dags/tutorial_dag.py
[2025-12-26T22:00:02.435+0530] {logging_mixin.py:188} INFO - [2025-12-26T22:00:02.435+0530] {dag.py:3089} INFO - Sync 1 DAGs
[2025-12-26T22:00:02.446+0530] {logging_mixin.py:188} INFO - [2025-12-26T22:00:02.445+0530] {dag.py:3947} INFO - Setting next_dagrun for tutorial_dag to None, run_after=None
[2025-12-26T22:00:02.467+0530] {processor.py:183} INFO - Processing /home/sathya/projects/training-kit/.venv-airflow/lib/python3.10/site-packages/airflow/example_dags/tutorial_dag.py took 0.081 seconds
[2025-12-26T22:00:20.357+0530] {processor.py:161} INFO - Started process (PID=2630) to work on /home/sathya/projects/training-kit/.venv-airflow/lib/python3.10/site-packages/airflow/example_dags/tutorial_dag.py
[2025-12-26T22:00:20.359+0530] {processor.py:830} INFO - Processing file /home/sathya/projects/training-kit/.venv-airflow/lib/python3.10/site-packages/airflow/example_dags/tutorial_dag.py for tasks to queue
[2025-12-26T22:00:20.362+0530] {logging_mixin.py:188} INFO - [2025-12-26T22:00:20.361+0530] {dagbag.py:545} INFO - Filling up the DagBag from /home/sathya/projects/training-kit/.venv-airflow/lib/python3.10/site-packages/airflow/example_dags/tutorial_dag.py
[2025-12-26T22:00:20.376+0530] {processor.py:840} INFO - DAG(s) 'tutorial_dag' retrieved from /home/sathya/projects/training-kit/.venv-airflow/lib/python3.10/site-packages/airflow/example_dags/tutorial_dag.py
[2025-12-26T22:00:20.411+0530] {logging_mixin.py:188} INFO - [2025-12-26T22:00:20.411+0530] {dag.py:3089} INFO - Sync 1 DAGs
[2025-12-26T22:00:20.438+0530] {logging_mixin.py:188} INFO - [2025-12-26T22:00:20.438+0530] {dag.py:3947} INFO - Setting next_dagrun for tutorial_dag to None, run_after=None
[2025-12-26T22:00:20.482+0530] {processor.py:183} INFO - Processing /home/sathya/projects/training-kit/.venv-airflow/lib/python3.10/site-packages/airflow/example_dags/tutorial_dag.py took 0.143 seconds
[2025-12-26T22:00:51.852+0530] {processor.py:161} INFO - Started process (PID=2733) to work on /home/sathya/projects/training-kit/.venv-airflow/lib/python3.10/site-packages/airflow/example_dags/tutorial_dag.py
[2025-12-26T22:00:51.854+0530] {processor.py:830} INFO - Processing file /home/sathya/projects/training-kit/.venv-airflow/lib/python3.10/site-packages/airflow/example_dags/tutorial_dag.py for tasks to queue
[2025-12-26T22:00:51.857+0530] {logging_mixin.py:188} INFO - [2025-12-26T22:00:51.856+0530] {dagbag.py:545} INFO - Filling up the DagBag from /home/sathya/projects/training-kit/.venv-airflow/lib/python3.10/site-packages/airflow/example_dags/tutorial_dag.py
[2025-12-26T22:00:51.866+0530] {processor.py:840} INFO - DAG(s) 'tutorial_dag' retrieved from /home/sathya/projects/training-kit/.venv-airflow/lib/python3.10/site-packages/airflow/example_dags/tutorial_dag.py
[2025-12-26T22:00:51.895+0530] {logging_mixin.py:188} INFO - [2025-12-26T22:00:51.895+0530] {dag.py:3089} INFO - Sync 1 DAGs
[2025-12-26T22:00:51.907+0530] {logging_mixin.py:188} INFO - [2025-12-26T22:00:51.907+0530] {dag.py:3947} INFO - Setting next_dagrun for tutorial_dag to None, run_after=None
[2025-12-26T22:00:51.960+0530] {processor.py:183} INFO - Processing /home/sathya/projects/training-kit/.venv-airflow/lib/python3.10/site-packages/airflow/example_dags/tutorial_dag.py took 0.119 seconds
[2025-12-26T22:01:09.952+0530] {processor.py:161} INFO - Started process (PID=2789) to work on /home/sathya/projects/training-kit/.venv-airflow/lib/python3.10/site-packages/airflow/example_dags/tutorial_dag.py
[2025-12-26T22:01:09.958+0530] {processor.py:830} INFO - Processing file /home/sathya/projects/training-kit/.venv-airflow/lib/python3.10/site-packages/airflow/example_dags/tutorial_dag.py for tasks to queue
[2025-12-26T22:01:09.960+0530] {logging_mixin.py:188} INFO - [2025-12-26T22:01:09.960+0530] {dagbag.py:545} INFO - Filling up the DagBag from /home/sathya/projects/training-kit/.venv-airflow/lib/python3.10/site-packages/airflow/example_dags/tutorial_dag.py
[2025-12-26T22:01:09.967+0530] {processor.py:840} INFO - DAG(s) 'tutorial_dag' retrieved from /home/sathya/projects/training-kit/.venv-airflow/lib/python3.10/site-packages/airflow/example_dags/tutorial_dag.py
[2025-12-26T22:01:09.991+0530] {logging_mixin.py:188} INFO - [2025-12-26T22:01:09.991+0530] {dag.py:3089} INFO - Sync 1 DAGs
[2025-12-26T22:01:10.005+0530] {logging_mixin.py:188} INFO - [2025-12-26T22:01:10.005+0530] {dag.py:3947} INFO - Setting next_dagrun for tutorial_dag to None, run_after=None
[2025-12-26T22:01:10.072+0530] {processor.py:183} INFO - Processing /home/sathya/projects/training-kit/.venv-airflow/lib/python3.10/site-packages/airflow/example_dags/tutorial_dag.py took 0.132 seconds
[2025-12-26T22:01:37.272+0530] {processor.py:161} INFO - Started process (PID=2870) to work on /home/sathya/projects/training-kit/.venv-airflow/lib/python3.10/site-packages/airflow/example_dags/tutorial_dag.py
[2025-12-26T22:01:37.278+0530] {processor.py:830} INFO - Processing file /home/sathya/projects/training-kit/.venv-airflow/lib/python3.10/site-packages/airflow/example_dags/tutorial_dag.py for tasks to queue
[2025-12-26T22:01:37.280+0530] {logging_mixin.py:188} INFO - [2025-12-26T22:01:37.280+0530] {dagbag.py:545} INFO - Filling up the DagBag from /home/sathya/projects/training-kit/.venv-airflow/lib/python3.10/site-packages/airflow/example_dags/tutorial_dag.py
[2025-12-26T22:01:37.291+0530] {processor.py:840} INFO - DAG(s) 'tutorial_dag' retrieved from /home/sathya/projects/training-kit/.venv-airflow/lib/python3.10/site-packages/airflow/example_dags/tutorial_dag.py
[2025-12-26T22:01:37.320+0530] {logging_mixin.py:188} INFO - [2025-12-26T22:01:37.320+0530] {dag.py:3089} INFO - Sync 1 DAGs
[2025-12-26T22:01:37.346+0530] {logging_mixin.py:188} INFO - [2025-12-26T22:01:37.346+0530] {dag.py:3947} INFO - Setting next_dagrun for tutorial_dag to None, run_after=None
[2025-12-26T22:01:37.427+0530] {processor.py:183} INFO - Processing /home/sathya/projects/training-kit/.venv-airflow/lib/python3.10/site-packages/airflow/example_dags/tutorial_dag.py took 0.169 seconds
[2025-12-26T22:01:58.816+0530] {processor.py:161} INFO - Started process (PID=2933) to work on /home/sathya/projects/training-kit/.venv-airflow/lib/python3.10/site-packages/airflow/example_dags/tutorial_dag.py
[2025-12-26T22:01:58.823+0530] {processor.py:830} INFO - Processing file /home/sathya/projects/training-kit/.venv-airflow/lib/python3.10/site-packages/airflow/example_dags/tutorial_dag.py for tasks to queue
[2025-12-26T22:01:58.826+0530] {logging_mixin.py:188} INFO - [2025-12-26T22:01:58.825+0530] {dagbag.py:545} INFO - Filling up the DagBag from /home/sathya/projects/training-kit/.venv-airflow/lib/python3.10/site-packages/airflow/example_dags/tutorial_dag.py
[2025-12-26T22:01:58.834+0530] {processor.py:840} INFO - DAG(s) 'tutorial_dag' retrieved from /home/sathya/projects/training-kit/.venv-airflow/lib/python3.10/site-packages/airflow/example_dags/tutorial_dag.py
[2025-12-26T22:01:58.853+0530] {logging_mixin.py:188} INFO - [2025-12-26T22:01:58.853+0530] {dag.py:3089} INFO - Sync 1 DAGs
[2025-12-26T22:01:58.865+0530] {logging_mixin.py:188} INFO - [2025-12-26T22:01:58.865+0530] {dag.py:3947} INFO - Setting next_dagrun for tutorial_dag to None, run_after=None
[2025-12-26T22:01:58.915+0530] {processor.py:183} INFO - Processing /home/sathya/projects/training-kit/.venv-airflow/lib/python3.10/site-packages/airflow/example_dags/tutorial_dag.py took 0.115 seconds
[2025-12-26T22:02:25.258+0530] {processor.py:161} INFO - Started process (PID=3013) to work on /home/sathya/projects/training-kit/.venv-airflow/lib/python3.10/site-packages/airflow/example_dags/tutorial_dag.py
[2025-12-26T22:02:25.259+0530] {processor.py:830} INFO - Processing file /home/sathya/projects/training-kit/.venv-airflow/lib/python3.10/site-packages/airflow/example_dags/tutorial_dag.py for tasks to queue
[2025-12-26T22:02:25.262+0530] {logging_mixin.py:188} INFO - [2025-12-26T22:02:25.261+0530] {dagbag.py:545} INFO - Filling up the DagBag from /home/sathya/projects/training-kit/.venv-airflow/lib/python3.10/site-packages/airflow/example_dags/tutorial_dag.py
[2025-12-26T22:02:25.271+0530] {processor.py:840} INFO - DAG(s) 'tutorial_dag' retrieved from /home/sathya/projects/training-kit/.venv-airflow/lib/python3.10/site-packages/airflow/example_dags/tutorial_dag.py
[2025-12-26T22:02:25.294+0530] {logging_mixin.py:188} INFO - [2025-12-26T22:02:25.294+0530] {dag.py:3089} INFO - Sync 1 DAGs
[2025-12-26T22:02:25.313+0530] {logging_mixin.py:188} INFO - [2025-12-26T22:02:25.312+0530] {dag.py:3947} INFO - Setting next_dagrun for tutorial_dag to None, run_after=None
[2025-12-26T22:02:25.379+0530] {processor.py:183} INFO - Processing /home/sathya/projects/training-kit/.venv-airflow/lib/python3.10/site-packages/airflow/example_dags/tutorial_dag.py took 0.135 seconds
[2025-12-26T22:02:46.009+0530] {processor.py:161} INFO - Started process (PID=3081) to work on /home/sathya/projects/training-kit/.venv-airflow/lib/python3.10/site-packages/airflow/example_dags/tutorial_dag.py
[2025-12-26T22:02:46.016+0530] {processor.py:830} INFO - Processing file /home/sathya/projects/training-kit/.venv-airflow/lib/python3.10/site-packages/airflow/example_dags/tutorial_dag.py for tasks to queue
[2025-12-26T22:02:46.018+0530] {logging_mixin.py:188} INFO - [2025-12-26T22:02:46.018+0530] {dagbag.py:545} INFO - Filling up the DagBag from /home/sathya/projects/training-kit/.venv-airflow/lib/python3.10/site-packages/airflow/example_dags/tutorial_dag.py
[2025-12-26T22:02:46.028+0530] {processor.py:840} INFO - DAG(s) 'tutorial_dag' retrieved from /home/sathya/projects/training-kit/.venv-airflow/lib/python3.10/site-packages/airflow/example_dags/tutorial_dag.py
[2025-12-26T22:02:46.053+0530] {logging_mixin.py:188} INFO - [2025-12-26T22:02:46.053+0530] {dag.py:3089} INFO - Sync 1 DAGs
[2025-12-26T22:02:46.073+0530] {logging_mixin.py:188} INFO - [2025-12-26T22:02:46.073+0530] {dag.py:3947} INFO - Setting next_dagrun for tutorial_dag to None, run_after=None
[2025-12-26T22:02:46.121+0530] {processor.py:183} INFO - Processing /home/sathya/projects/training-kit/.venv-airflow/lib/python3.10/site-packages/airflow/example_dags/tutorial_dag.py took 0.123 seconds
[2025-12-26T22:03:10.853+0530] {processor.py:161} INFO - Started process (PID=3158) to work on /home/sathya/projects/training-kit/.venv-airflow/lib/python3.10/site-packages/airflow/example_dags/tutorial_dag.py
[2025-12-26T22:03:10.860+0530] {processor.py:830} INFO - Processing file /home/sathya/projects/training-kit/.venv-airflow/lib/python3.10/site-packages/airflow/example_dags/tutorial_dag.py for tasks to queue
[2025-12-26T22:03:10.861+0530] {logging_mixin.py:188} INFO - [2025-12-26T22:03:10.861+0530] {dagbag.py:545} INFO - Filling up the DagBag from /home/sathya/projects/training-kit/.venv-airflow/lib/python3.10/site-packages/airflow/example_dags/tutorial_dag.py
[2025-12-26T22:03:10.867+0530] {processor.py:840} INFO - DAG(s) 'tutorial_dag' retrieved from /home/sathya/projects/training-kit/.venv-airflow/lib/python3.10/site-packages/airflow/example_dags/tutorial_dag.py
[2025-12-26T22:03:10.881+0530] {logging_mixin.py:188} INFO - [2025-12-26T22:03:10.881+0530] {dag.py:3089} INFO - Sync 1 DAGs
[2025-12-26T22:03:10.892+0530] {logging_mixin.py:188} INFO - [2025-12-26T22:03:10.891+0530] {dag.py:3947} INFO - Setting next_dagrun for tutorial_dag to None, run_after=None
[2025-12-26T22:03:10.934+0530] {processor.py:183} INFO - Processing /home/sathya/projects/training-kit/.venv-airflow/lib/python3.10/site-packages/airflow/example_dags/tutorial_dag.py took 0.088 seconds
[2025-12-26T22:03:35.546+0530] {processor.py:161} INFO - Started process (PID=3235) to work on /home/sathya/projects/training-kit/.venv-airflow/lib/python3.10/site-packages/airflow/example_dags/tutorial_dag.py
[2025-12-26T22:03:35.553+0530] {processor.py:830} INFO - Processing file /home/sathya/projects/training-kit/.venv-airflow/lib/python3.10/site-packages/airflow/example_dags/tutorial_dag.py for tasks to queue
[2025-12-26T22:03:35.556+0530] {logging_mixin.py:188} INFO - [2025-12-26T22:03:35.555+0530] {dagbag.py:545} INFO - Filling up the DagBag from /home/sathya/projects/training-kit/.venv-airflow/lib/python3.10/site-packages/airflow/example_dags/tutorial_dag.py
[2025-12-26T22:03:35.564+0530] {processor.py:840} INFO - DAG(s) 'tutorial_dag' retrieved from /home/sathya/projects/training-kit/.venv-airflow/lib/python3.10/site-packages/airflow/example_dags/tutorial_dag.py
[2025-12-26T22:03:35.582+0530] {logging_mixin.py:188} INFO - [2025-12-26T22:03:35.582+0530] {dag.py:3089} INFO - Sync 1 DAGs
[2025-12-26T22:03:35.596+0530] {logging_mixin.py:188} INFO - [2025-12-26T22:03:35.596+0530] {dag.py:3947} INFO - Setting next_dagrun for tutorial_dag to None, run_after=None
[2025-12-26T22:03:35.632+0530] {processor.py:183} INFO - Processing /home/sathya/projects/training-kit/.venv-airflow/lib/python3.10/site-packages/airflow/example_dags/tutorial_dag.py took 0.099 seconds
[2025-12-26T22:04:05.650+0530] {processor.py:161} INFO - Started process (PID=3328) to work on /home/sathya/projects/training-kit/.venv-airflow/lib/python3.10/site-packages/airflow/example_dags/tutorial_dag.py
[2025-12-26T22:04:05.657+0530] {processor.py:830} INFO - Processing file /home/sathya/projects/training-kit/.venv-airflow/lib/python3.10/site-packages/airflow/example_dags/tutorial_dag.py for tasks to queue
[2025-12-26T22:04:05.660+0530] {logging_mixin.py:188} INFO - [2025-12-26T22:04:05.659+0530] {dagbag.py:545} INFO - Filling up the DagBag from /home/sathya/projects/training-kit/.venv-airflow/lib/python3.10/site-packages/airflow/example_dags/tutorial_dag.py
[2025-12-26T22:04:05.668+0530] {processor.py:840} INFO - DAG(s) 'tutorial_dag' retrieved from /home/sathya/projects/training-kit/.venv-airflow/lib/python3.10/site-packages/airflow/example_dags/tutorial_dag.py
[2025-12-26T22:04:05.688+0530] {logging_mixin.py:188} INFO - [2025-12-26T22:04:05.688+0530] {dag.py:3089} INFO - Sync 1 DAGs
[2025-12-26T22:04:05.708+0530] {logging_mixin.py:188} INFO - [2025-12-26T22:04:05.708+0530] {dag.py:3947} INFO - Setting next_dagrun for tutorial_dag to None, run_after=None
[2025-12-26T22:04:05.741+0530] {processor.py:183} INFO - Processing /home/sathya/projects/training-kit/.venv-airflow/lib/python3.10/site-packages/airflow/example_dags/tutorial_dag.py took 0.100 seconds
[2025-12-26T22:04:38.245+0530] {processor.py:161} INFO - Started process (PID=3424) to work on /home/sathya/projects/training-kit/.venv-airflow/lib/python3.10/site-packages/airflow/example_dags/tutorial_dag.py
[2025-12-26T22:04:38.253+0530] {processor.py:830} INFO - Processing file /home/sathya/projects/training-kit/.venv-airflow/lib/python3.10/site-packages/airflow/example_dags/tutorial_dag.py for tasks to queue
[2025-12-26T22:04:38.256+0530] {logging_mixin.py:188} INFO - [2025-12-26T22:04:38.255+0530] {dagbag.py:545} INFO - Filling up the DagBag from /home/sathya/projects/training-kit/.venv-airflow/lib/python3.10/site-packages/airflow/example_dags/tutorial_dag.py
[2025-12-26T22:04:38.269+0530] {processor.py:840} INFO - DAG(s) 'tutorial_dag' retrieved from /home/sathya/projects/training-kit/.venv-airflow/lib/python3.10/site-packages/airflow/example_dags/tutorial_dag.py
[2025-12-26T22:04:38.300+0530] {logging_mixin.py:188} INFO - [2025-12-26T22:04:38.300+0530] {dag.py:3089} INFO - Sync 1 DAGs
[2025-12-26T22:04:38.318+0530] {logging_mixin.py:188} INFO - [2025-12-26T22:04:38.318+0530] {dag.py:3947} INFO - Setting next_dagrun for tutorial_dag to None, run_after=None
[2025-12-26T22:04:38.360+0530] {processor.py:183} INFO - Processing /home/sathya/projects/training-kit/.venv-airflow/lib/python3.10/site-packages/airflow/example_dags/tutorial_dag.py took 0.127 seconds
[2025-12-26T22:11:04.377+0530] {processor.py:161} INFO - Started process (PID=4275) to work on /home/sathya/projects/training-kit/.venv-airflow/lib/python3.10/site-packages/airflow/example_dags/tutorial_dag.py
[2025-12-26T22:11:04.379+0530] {processor.py:830} INFO - Processing file /home/sathya/projects/training-kit/.venv-airflow/lib/python3.10/site-packages/airflow/example_dags/tutorial_dag.py for tasks to queue
[2025-12-26T22:11:04.380+0530] {logging_mixin.py:188} INFO - [2025-12-26T22:11:04.380+0530] {dagbag.py:545} INFO - Filling up the DagBag from /home/sathya/projects/training-kit/.venv-airflow/lib/python3.10/site-packages/airflow/example_dags/tutorial_dag.py
[2025-12-26T22:11:04.385+0530] {processor.py:840} INFO - DAG(s) 'tutorial_dag' retrieved from /home/sathya/projects/training-kit/.venv-airflow/lib/python3.10/site-packages/airflow/example_dags/tutorial_dag.py
[2025-12-26T22:11:04.398+0530] {logging_mixin.py:188} INFO - [2025-12-26T22:11:04.397+0530] {dag.py:3089} INFO - Sync 1 DAGs
[2025-12-26T22:11:04.407+0530] {logging_mixin.py:188} INFO - [2025-12-26T22:11:04.407+0530] {dag.py:3947} INFO - Setting next_dagrun for tutorial_dag to None, run_after=None
[2025-12-26T22:11:04.427+0530] {processor.py:183} INFO - Processing /home/sathya/projects/training-kit/.venv-airflow/lib/python3.10/site-packages/airflow/example_dags/tutorial_dag.py took 0.055 seconds
[2025-12-26T22:13:43.993+0530] {processor.py:161} INFO - Started process (PID=4677) to work on /home/sathya/projects/training-kit/.venv-airflow/lib/python3.10/site-packages/airflow/example_dags/tutorial_dag.py
[2025-12-26T22:13:44.009+0530] {processor.py:830} INFO - Processing file /home/sathya/projects/training-kit/.venv-airflow/lib/python3.10/site-packages/airflow/example_dags/tutorial_dag.py for tasks to queue
[2025-12-26T22:13:44.013+0530] {logging_mixin.py:188} INFO - [2025-12-26T22:13:44.012+0530] {dagbag.py:545} INFO - Filling up the DagBag from /home/sathya/projects/training-kit/.venv-airflow/lib/python3.10/site-packages/airflow/example_dags/tutorial_dag.py
[2025-12-26T22:13:44.039+0530] {processor.py:840} INFO - DAG(s) 'tutorial_dag' retrieved from /home/sathya/projects/training-kit/.venv-airflow/lib/python3.10/site-packages/airflow/example_dags/tutorial_dag.py
[2025-12-26T22:13:44.107+0530] {logging_mixin.py:188} INFO - [2025-12-26T22:13:44.106+0530] {dag.py:3089} INFO - Sync 1 DAGs
[2025-12-26T22:13:44.167+0530] {logging_mixin.py:188} INFO - [2025-12-26T22:13:44.165+0530] {dag.py:3947} INFO - Setting next_dagrun for tutorial_dag to None, run_after=None
[2025-12-26T22:14:11.761+0530] {processor.py:183} INFO - Processing /home/sathya/projects/training-kit/.venv-airflow/lib/python3.10/site-packages/airflow/example_dags/tutorial_dag.py took 0.279 seconds
[2025-12-26T22:14:23.782+0530] {processor.py:161} INFO - Started process (PID=4733) to work on /home/sathya/projects/training-kit/.venv-airflow/lib/python3.10/site-packages/airflow/example_dags/tutorial_dag.py
[2025-12-26T22:14:23.784+0530] {processor.py:830} INFO - Processing file /home/sathya/projects/training-kit/.venv-airflow/lib/python3.10/site-packages/airflow/example_dags/tutorial_dag.py for tasks to queue
[2025-12-26T22:14:23.785+0530] {logging_mixin.py:188} INFO - [2025-12-26T22:14:23.785+0530] {dagbag.py:545} INFO - Filling up the DagBag from /home/sathya/projects/training-kit/.venv-airflow/lib/python3.10/site-packages/airflow/example_dags/tutorial_dag.py
[2025-12-26T22:14:23.790+0530] {processor.py:840} INFO - DAG(s) 'tutorial_dag' retrieved from /home/sathya/projects/training-kit/.venv-airflow/lib/python3.10/site-packages/airflow/example_dags/tutorial_dag.py
[2025-12-26T22:14:23.804+0530] {logging_mixin.py:188} INFO - [2025-12-26T22:14:23.804+0530] {dag.py:3089} INFO - Sync 1 DAGs
[2025-12-26T22:14:23.812+0530] {logging_mixin.py:188} INFO - [2025-12-26T22:14:23.812+0530] {dag.py:3947} INFO - Setting next_dagrun for tutorial_dag to None, run_after=None
[2025-12-26T22:14:23.835+0530] {processor.py:183} INFO - Processing /home/sathya/projects/training-kit/.venv-airflow/lib/python3.10/site-packages/airflow/example_dags/tutorial_dag.py took 0.058 seconds
[2025-12-26T22:17:29.181+0530] {processor.py:161} INFO - Started process (PID=5380) to work on /home/sathya/projects/training-kit/.venv-airflow/lib/python3.10/site-packages/airflow/example_dags/tutorial_dag.py
[2025-12-26T22:17:29.186+0530] {processor.py:830} INFO - Processing file /home/sathya/projects/training-kit/.venv-airflow/lib/python3.10/site-packages/airflow/example_dags/tutorial_dag.py for tasks to queue
[2025-12-26T22:17:29.190+0530] {logging_mixin.py:188} INFO - [2025-12-26T22:17:29.188+0530] {dagbag.py:545} INFO - Filling up the DagBag from /home/sathya/projects/training-kit/.venv-airflow/lib/python3.10/site-packages/airflow/example_dags/tutorial_dag.py
[2025-12-26T22:17:29.196+0530] {processor.py:840} INFO - DAG(s) 'tutorial_dag' retrieved from /home/sathya/projects/training-kit/.venv-airflow/lib/python3.10/site-packages/airflow/example_dags/tutorial_dag.py
[2025-12-26T22:17:29.241+0530] {logging_mixin.py:188} INFO - [2025-12-26T22:17:29.241+0530] {dag.py:3089} INFO - Sync 1 DAGs
[2025-12-26T22:17:29.257+0530] {logging_mixin.py:188} INFO - [2025-12-26T22:17:29.256+0530] {dag.py:3947} INFO - Setting next_dagrun for tutorial_dag to None, run_after=None
[2025-12-26T22:17:29.292+0530] {processor.py:183} INFO - Processing /home/sathya/projects/training-kit/.venv-airflow/lib/python3.10/site-packages/airflow/example_dags/tutorial_dag.py took 0.116 seconds
[2025-12-26T22:17:34.361+0530] {processor.py:161} INFO - Started process (PID=5396) to work on /home/sathya/projects/training-kit/.venv-airflow/lib/python3.10/site-packages/airflow/example_dags/tutorial_dag.py
[2025-12-26T22:17:34.362+0530] {processor.py:830} INFO - Processing file /home/sathya/projects/training-kit/.venv-airflow/lib/python3.10/site-packages/airflow/example_dags/tutorial_dag.py for tasks to queue
[2025-12-26T22:17:34.364+0530] {logging_mixin.py:188} INFO - [2025-12-26T22:17:34.364+0530] {dagbag.py:545} INFO - Filling up the DagBag from /home/sathya/projects/training-kit/.venv-airflow/lib/python3.10/site-packages/airflow/example_dags/tutorial_dag.py
[2025-12-26T22:17:34.370+0530] {processor.py:840} INFO - DAG(s) 'tutorial_dag' retrieved from /home/sathya/projects/training-kit/.venv-airflow/lib/python3.10/site-packages/airflow/example_dags/tutorial_dag.py
[2025-12-26T22:17:34.391+0530] {logging_mixin.py:188} INFO - [2025-12-26T22:17:34.390+0530] {dag.py:3089} INFO - Sync 1 DAGs
[2025-12-26T22:17:34.402+0530] {logging_mixin.py:188} INFO - [2025-12-26T22:17:34.402+0530] {dag.py:3947} INFO - Setting next_dagrun for tutorial_dag to None, run_after=None
[2025-12-26T22:17:34.436+0530] {processor.py:183} INFO - Processing /home/sathya/projects/training-kit/.venv-airflow/lib/python3.10/site-packages/airflow/example_dags/tutorial_dag.py took 0.081 seconds
[2025-12-26T22:21:24.781+0530] {processor.py:161} INFO - Started process (PID=6001) to work on /home/sathya/projects/training-kit/.venv-airflow/lib/python3.10/site-packages/airflow/example_dags/tutorial_dag.py
[2025-12-26T22:21:24.783+0530] {processor.py:830} INFO - Processing file /home/sathya/projects/training-kit/.venv-airflow/lib/python3.10/site-packages/airflow/example_dags/tutorial_dag.py for tasks to queue
[2025-12-26T22:21:24.784+0530] {logging_mixin.py:188} INFO - [2025-12-26T22:21:24.784+0530] {dagbag.py:545} INFO - Filling up the DagBag from /home/sathya/projects/training-kit/.venv-airflow/lib/python3.10/site-packages/airflow/example_dags/tutorial_dag.py
[2025-12-26T22:21:24.789+0530] {processor.py:840} INFO - DAG(s) 'tutorial_dag' retrieved from /home/sathya/projects/training-kit/.venv-airflow/lib/python3.10/site-packages/airflow/example_dags/tutorial_dag.py
[2025-12-26T22:21:24.800+0530] {logging_mixin.py:188} INFO - [2025-12-26T22:21:24.799+0530] {dag.py:3089} INFO - Sync 1 DAGs
[2025-12-26T22:21:24.807+0530] {logging_mixin.py:188} INFO - [2025-12-26T22:21:24.807+0530] {dag.py:3947} INFO - Setting next_dagrun for tutorial_dag to None, run_after=None
[2025-12-26T22:21:24.827+0530] {processor.py:183} INFO - Processing /home/sathya/projects/training-kit/.venv-airflow/lib/python3.10/site-packages/airflow/example_dags/tutorial_dag.py took 0.051 seconds
[2025-12-26T22:26:27.032+0530] {processor.py:161} INFO - Started process (PID=6640) to work on /home/sathya/projects/training-kit/.venv-airflow/lib/python3.10/site-packages/airflow/example_dags/tutorial_dag.py
[2025-12-26T22:26:27.033+0530] {processor.py:830} INFO - Processing file /home/sathya/projects/training-kit/.venv-airflow/lib/python3.10/site-packages/airflow/example_dags/tutorial_dag.py for tasks to queue
[2025-12-26T22:26:27.035+0530] {logging_mixin.py:188} INFO - [2025-12-26T22:26:27.034+0530] {dagbag.py:545} INFO - Filling up the DagBag from /home/sathya/projects/training-kit/.venv-airflow/lib/python3.10/site-packages/airflow/example_dags/tutorial_dag.py
[2025-12-26T22:26:27.041+0530] {processor.py:840} INFO - DAG(s) 'tutorial_dag' retrieved from /home/sathya/projects/training-kit/.venv-airflow/lib/python3.10/site-packages/airflow/example_dags/tutorial_dag.py
[2025-12-26T22:26:27.054+0530] {logging_mixin.py:188} INFO - [2025-12-26T22:26:27.054+0530] {dag.py:3089} INFO - Sync 1 DAGs
[2025-12-26T22:26:27.066+0530] {logging_mixin.py:188} INFO - [2025-12-26T22:26:27.065+0530] {dag.py:3947} INFO - Setting next_dagrun for tutorial_dag to None, run_after=None
[2025-12-26T22:26:27.088+0530] {processor.py:183} INFO - Processing /home/sathya/projects/training-kit/.venv-airflow/lib/python3.10/site-packages/airflow/example_dags/tutorial_dag.py took 0.061 seconds
[2025-12-26T22:31:56.814+0530] {processor.py:161} INFO - Started process (PID=7320) to work on /home/sathya/projects/training-kit/.venv-airflow/lib/python3.10/site-packages/airflow/example_dags/tutorial_dag.py
[2025-12-26T22:31:56.816+0530] {processor.py:830} INFO - Processing file /home/sathya/projects/training-kit/.venv-airflow/lib/python3.10/site-packages/airflow/example_dags/tutorial_dag.py for tasks to queue
[2025-12-26T22:31:56.818+0530] {logging_mixin.py:188} INFO - [2025-12-26T22:31:56.818+0530] {dagbag.py:545} INFO - Filling up the DagBag from /home/sathya/projects/training-kit/.venv-airflow/lib/python3.10/site-packages/airflow/example_dags/tutorial_dag.py
[2025-12-26T22:31:56.824+0530] {processor.py:840} INFO - DAG(s) 'tutorial_dag' retrieved from /home/sathya/projects/training-kit/.venv-airflow/lib/python3.10/site-packages/airflow/example_dags/tutorial_dag.py
[2025-12-26T22:31:56.837+0530] {logging_mixin.py:188} INFO - [2025-12-26T22:31:56.837+0530] {dag.py:3089} INFO - Sync 1 DAGs
[2025-12-26T22:31:56.847+0530] {logging_mixin.py:188} INFO - [2025-12-26T22:31:56.846+0530] {dag.py:3947} INFO - Setting next_dagrun for tutorial_dag to None, run_after=None
[2025-12-26T22:31:56.870+0530] {processor.py:183} INFO - Processing /home/sathya/projects/training-kit/.venv-airflow/lib/python3.10/site-packages/airflow/example_dags/tutorial_dag.py took 0.063 seconds
[2025-12-26T22:38:31.573+0530] {processor.py:161} INFO - Started process (PID=8103) to work on /home/sathya/projects/training-kit/.venv-airflow/lib/python3.10/site-packages/airflow/example_dags/tutorial_dag.py
[2025-12-26T22:38:31.575+0530] {processor.py:830} INFO - Processing file /home/sathya/projects/training-kit/.venv-airflow/lib/python3.10/site-packages/airflow/example_dags/tutorial_dag.py for tasks to queue
[2025-12-26T22:38:31.576+0530] {logging_mixin.py:188} INFO - [2025-12-26T22:38:31.576+0530] {dagbag.py:545} INFO - Filling up the DagBag from /home/sathya/projects/training-kit/.venv-airflow/lib/python3.10/site-packages/airflow/example_dags/tutorial_dag.py
[2025-12-26T22:38:31.582+0530] {processor.py:840} INFO - DAG(s) 'tutorial_dag' retrieved from /home/sathya/projects/training-kit/.venv-airflow/lib/python3.10/site-packages/airflow/example_dags/tutorial_dag.py
[2025-12-26T22:38:31.596+0530] {logging_mixin.py:188} INFO - [2025-12-26T22:38:31.595+0530] {dag.py:3089} INFO - Sync 1 DAGs
[2025-12-26T22:38:31.605+0530] {logging_mixin.py:188} INFO - [2025-12-26T22:38:31.605+0530] {dag.py:3947} INFO - Setting next_dagrun for tutorial_dag to None, run_after=None
[2025-12-26T22:38:31.626+0530] {processor.py:183} INFO - Processing /home/sathya/projects/training-kit/.venv-airflow/lib/python3.10/site-packages/airflow/example_dags/tutorial_dag.py took 0.059 seconds
[2025-12-26T22:43:48.941+0530] {processor.py:161} INFO - Started process (PID=8751) to work on /home/sathya/projects/training-kit/.venv-airflow/lib/python3.10/site-packages/airflow/example_dags/tutorial_dag.py
[2025-12-26T22:43:48.947+0530] {processor.py:830} INFO - Processing file /home/sathya/projects/training-kit/.venv-airflow/lib/python3.10/site-packages/airflow/example_dags/tutorial_dag.py for tasks to queue
[2025-12-26T22:43:48.948+0530] {logging_mixin.py:188} INFO - [2025-12-26T22:43:48.948+0530] {dagbag.py:545} INFO - Filling up the DagBag from /home/sathya/projects/training-kit/.venv-airflow/lib/python3.10/site-packages/airflow/example_dags/tutorial_dag.py
[2025-12-26T22:43:48.953+0530] {processor.py:840} INFO - DAG(s) 'tutorial_dag' retrieved from /home/sathya/projects/training-kit/.venv-airflow/lib/python3.10/site-packages/airflow/example_dags/tutorial_dag.py
[2025-12-26T22:43:48.966+0530] {logging_mixin.py:188} INFO - [2025-12-26T22:43:48.966+0530] {dag.py:3089} INFO - Sync 1 DAGs
[2025-12-26T22:43:48.975+0530] {logging_mixin.py:188} INFO - [2025-12-26T22:43:48.975+0530] {dag.py:3947} INFO - Setting next_dagrun for tutorial_dag to None, run_after=None
[2025-12-26T22:43:48.997+0530] {processor.py:183} INFO - Processing /home/sathya/projects/training-kit/.venv-airflow/lib/python3.10/site-packages/airflow/example_dags/tutorial_dag.py took 0.061 seconds
[2025-12-26T22:49:10.891+0530] {processor.py:161} INFO - Started process (PID=9404) to work on /home/sathya/projects/training-kit/.venv-airflow/lib/python3.10/site-packages/airflow/example_dags/tutorial_dag.py
[2025-12-26T22:49:10.892+0530] {processor.py:830} INFO - Processing file /home/sathya/projects/training-kit/.venv-airflow/lib/python3.10/site-packages/airflow/example_dags/tutorial_dag.py for tasks to queue
[2025-12-26T22:49:10.893+0530] {logging_mixin.py:188} INFO - [2025-12-26T22:49:10.893+0530] {dagbag.py:545} INFO - Filling up the DagBag from /home/sathya/projects/training-kit/.venv-airflow/lib/python3.10/site-packages/airflow/example_dags/tutorial_dag.py
[2025-12-26T22:49:10.898+0530] {processor.py:840} INFO - DAG(s) 'tutorial_dag' retrieved from /home/sathya/projects/training-kit/.venv-airflow/lib/python3.10/site-packages/airflow/example_dags/tutorial_dag.py
[2025-12-26T22:49:10.911+0530] {logging_mixin.py:188} INFO - [2025-12-26T22:49:10.911+0530] {dag.py:3089} INFO - Sync 1 DAGs
[2025-12-26T22:49:10.920+0530] {logging_mixin.py:188} INFO - [2025-12-26T22:49:10.920+0530] {dag.py:3947} INFO - Setting next_dagrun for tutorial_dag to None, run_after=None
[2025-12-26T22:49:10.943+0530] {processor.py:183} INFO - Processing /home/sathya/projects/training-kit/.venv-airflow/lib/python3.10/site-packages/airflow/example_dags/tutorial_dag.py took 0.058 seconds
[2025-12-26T22:55:06.546+0530] {processor.py:161} INFO - Started process (PID=10100) to work on /home/sathya/projects/training-kit/.venv-airflow/lib/python3.10/site-packages/airflow/example_dags/tutorial_dag.py
[2025-12-26T22:55:06.547+0530] {processor.py:830} INFO - Processing file /home/sathya/projects/training-kit/.venv-airflow/lib/python3.10/site-packages/airflow/example_dags/tutorial_dag.py for tasks to queue
[2025-12-26T22:55:06.548+0530] {logging_mixin.py:188} INFO - [2025-12-26T22:55:06.548+0530] {dagbag.py:545} INFO - Filling up the DagBag from /home/sathya/projects/training-kit/.venv-airflow/lib/python3.10/site-packages/airflow/example_dags/tutorial_dag.py
[2025-12-26T22:55:06.553+0530] {processor.py:840} INFO - DAG(s) 'tutorial_dag' retrieved from /home/sathya/projects/training-kit/.venv-airflow/lib/python3.10/site-packages/airflow/example_dags/tutorial_dag.py
[2025-12-26T22:55:06.567+0530] {logging_mixin.py:188} INFO - [2025-12-26T22:55:06.567+0530] {dag.py:3089} INFO - Sync 1 DAGs
[2025-12-26T22:55:06.579+0530] {logging_mixin.py:188} INFO - [2025-12-26T22:55:06.578+0530] {dag.py:3947} INFO - Setting next_dagrun for tutorial_dag to None, run_after=None
[2025-12-26T22:55:06.600+0530] {processor.py:183} INFO - Processing /home/sathya/projects/training-kit/.venv-airflow/lib/python3.10/site-packages/airflow/example_dags/tutorial_dag.py took 0.060 seconds
[2025-12-26T23:00:33.487+0530] {processor.py:161} INFO - Started process (PID=10732) to work on /home/sathya/projects/training-kit/.venv-airflow/lib/python3.10/site-packages/airflow/example_dags/tutorial_dag.py
[2025-12-26T23:00:33.488+0530] {processor.py:830} INFO - Processing file /home/sathya/projects/training-kit/.venv-airflow/lib/python3.10/site-packages/airflow/example_dags/tutorial_dag.py for tasks to queue
[2025-12-26T23:00:33.491+0530] {logging_mixin.py:188} INFO - [2025-12-26T23:00:33.490+0530] {dagbag.py:545} INFO - Filling up the DagBag from /home/sathya/projects/training-kit/.venv-airflow/lib/python3.10/site-packages/airflow/example_dags/tutorial_dag.py
[2025-12-26T23:00:33.498+0530] {processor.py:840} INFO - DAG(s) 'tutorial_dag' retrieved from /home/sathya/projects/training-kit/.venv-airflow/lib/python3.10/site-packages/airflow/example_dags/tutorial_dag.py
[2025-12-26T23:00:33.513+0530] {logging_mixin.py:188} INFO - [2025-12-26T23:00:33.512+0530] {dag.py:3089} INFO - Sync 1 DAGs
[2025-12-26T23:00:33.523+0530] {logging_mixin.py:188} INFO - [2025-12-26T23:00:33.522+0530] {dag.py:3947} INFO - Setting next_dagrun for tutorial_dag to None, run_after=None
[2025-12-26T23:00:33.546+0530] {processor.py:183} INFO - Processing /home/sathya/projects/training-kit/.venv-airflow/lib/python3.10/site-packages/airflow/example_dags/tutorial_dag.py took 0.066 seconds
[2025-12-26T23:09:07.897+0530] {processor.py:161} INFO - Started process (PID=11552) to work on /home/sathya/projects/training-kit/.venv-airflow/lib/python3.10/site-packages/airflow/example_dags/tutorial_dag.py
[2025-12-26T23:09:07.899+0530] {processor.py:830} INFO - Processing file /home/sathya/projects/training-kit/.venv-airflow/lib/python3.10/site-packages/airflow/example_dags/tutorial_dag.py for tasks to queue
[2025-12-26T23:09:07.900+0530] {logging_mixin.py:188} INFO - [2025-12-26T23:09:07.900+0530] {dagbag.py:545} INFO - Filling up the DagBag from /home/sathya/projects/training-kit/.venv-airflow/lib/python3.10/site-packages/airflow/example_dags/tutorial_dag.py
[2025-12-26T23:09:07.905+0530] {processor.py:840} INFO - DAG(s) 'tutorial_dag' retrieved from /home/sathya/projects/training-kit/.venv-airflow/lib/python3.10/site-packages/airflow/example_dags/tutorial_dag.py
[2025-12-26T23:09:07.919+0530] {logging_mixin.py:188} INFO - [2025-12-26T23:09:07.918+0530] {dag.py:3089} INFO - Sync 1 DAGs
[2025-12-26T23:09:07.928+0530] {logging_mixin.py:188} INFO - [2025-12-26T23:09:07.928+0530] {dag.py:3947} INFO - Setting next_dagrun for tutorial_dag to None, run_after=None
[2025-12-26T23:09:07.952+0530] {processor.py:183} INFO - Processing /home/sathya/projects/training-kit/.venv-airflow/lib/python3.10/site-packages/airflow/example_dags/tutorial_dag.py took 0.060 seconds
