[2025-12-26T21:52:26.115+0530] {processor.py:161} INFO - Started process (PID=1272) to work on /home/sathya/projects/training-kit/.venv-airflow/lib/python3.10/site-packages/airflow/example_dags/tutorial_taskflow_api.py
[2025-12-26T21:52:26.116+0530] {processor.py:830} INFO - Processing file /home/sathya/projects/training-kit/.venv-airflow/lib/python3.10/site-packages/airflow/example_dags/tutorial_taskflow_api.py for tasks to queue
[2025-12-26T21:52:26.118+0530] {logging_mixin.py:188} INFO - [2025-12-26T21:52:26.117+0530] {dagbag.py:545} INFO - Filling up the DagBag from /home/sathya/projects/training-kit/.venv-airflow/lib/python3.10/site-packages/airflow/example_dags/tutorial_taskflow_api.py
[2025-12-26T21:52:26.125+0530] {processor.py:840} INFO - DAG(s) 'tutorial_taskflow_api' retrieved from /home/sathya/projects/training-kit/.venv-airflow/lib/python3.10/site-packages/airflow/example_dags/tutorial_taskflow_api.py
[2025-12-26T21:52:26.143+0530] {logging_mixin.py:188} INFO - [2025-12-26T21:52:26.143+0530] {dag.py:3089} INFO - Sync 1 DAGs
[2025-12-26T21:52:26.154+0530] {logging_mixin.py:188} INFO - [2025-12-26T21:52:26.153+0530] {dag.py:3947} INFO - Setting next_dagrun for tutorial_taskflow_api to None, run_after=None
[2025-12-26T21:52:26.198+0530] {processor.py:183} INFO - Processing /home/sathya/projects/training-kit/.venv-airflow/lib/python3.10/site-packages/airflow/example_dags/tutorial_taskflow_api.py took 0.093 seconds
[2025-12-26T21:53:21.448+0530] {processor.py:161} INFO - Started process (PID=1403) to work on /home/sathya/projects/training-kit/.venv-airflow/lib/python3.10/site-packages/airflow/example_dags/tutorial_taskflow_api.py
[2025-12-26T21:53:21.455+0530] {processor.py:830} INFO - Processing file /home/sathya/projects/training-kit/.venv-airflow/lib/python3.10/site-packages/airflow/example_dags/tutorial_taskflow_api.py for tasks to queue
[2025-12-26T21:53:21.457+0530] {logging_mixin.py:188} INFO - [2025-12-26T21:53:21.456+0530] {dagbag.py:545} INFO - Filling up the DagBag from /home/sathya/projects/training-kit/.venv-airflow/lib/python3.10/site-packages/airflow/example_dags/tutorial_taskflow_api.py
[2025-12-26T21:53:21.465+0530] {processor.py:840} INFO - DAG(s) 'tutorial_taskflow_api' retrieved from /home/sathya/projects/training-kit/.venv-airflow/lib/python3.10/site-packages/airflow/example_dags/tutorial_taskflow_api.py
[2025-12-26T21:53:21.485+0530] {logging_mixin.py:188} INFO - [2025-12-26T21:53:21.485+0530] {dag.py:3089} INFO - Sync 1 DAGs
[2025-12-26T21:53:21.501+0530] {logging_mixin.py:188} INFO - [2025-12-26T21:53:21.500+0530] {dag.py:3947} INFO - Setting next_dagrun for tutorial_taskflow_api to None, run_after=None
[2025-12-26T21:53:21.541+0530] {processor.py:183} INFO - Processing /home/sathya/projects/training-kit/.venv-airflow/lib/python3.10/site-packages/airflow/example_dags/tutorial_taskflow_api.py took 0.101 seconds
[2025-12-26T21:54:17.690+0530] {processor.py:161} INFO - Started process (PID=1535) to work on /home/sathya/projects/training-kit/.venv-airflow/lib/python3.10/site-packages/airflow/example_dags/tutorial_taskflow_api.py
[2025-12-26T21:54:17.692+0530] {processor.py:830} INFO - Processing file /home/sathya/projects/training-kit/.venv-airflow/lib/python3.10/site-packages/airflow/example_dags/tutorial_taskflow_api.py for tasks to queue
[2025-12-26T21:54:17.694+0530] {logging_mixin.py:188} INFO - [2025-12-26T21:54:17.694+0530] {dagbag.py:545} INFO - Filling up the DagBag from /home/sathya/projects/training-kit/.venv-airflow/lib/python3.10/site-packages/airflow/example_dags/tutorial_taskflow_api.py
[2025-12-26T21:54:17.819+0530] {processor.py:840} INFO - DAG(s) 'tutorial_taskflow_api' retrieved from /home/sathya/projects/training-kit/.venv-airflow/lib/python3.10/site-packages/airflow/example_dags/tutorial_taskflow_api.py
[2025-12-26T21:54:17.833+0530] {logging_mixin.py:188} INFO - [2025-12-26T21:54:17.833+0530] {dag.py:3089} INFO - Sync 1 DAGs
[2025-12-26T21:54:17.843+0530] {logging_mixin.py:188} INFO - [2025-12-26T21:54:17.843+0530] {dag.py:3947} INFO - Setting next_dagrun for tutorial_taskflow_api to None, run_after=None
[2025-12-26T21:54:17.875+0530] {processor.py:183} INFO - Processing /home/sathya/projects/training-kit/.venv-airflow/lib/python3.10/site-packages/airflow/example_dags/tutorial_taskflow_api.py took 0.195 seconds
[2025-12-26T21:55:04.450+0530] {processor.py:161} INFO - Started process (PID=1647) to work on /home/sathya/projects/training-kit/.venv-airflow/lib/python3.10/site-packages/airflow/example_dags/tutorial_taskflow_api.py
[2025-12-26T21:55:04.457+0530] {processor.py:830} INFO - Processing file /home/sathya/projects/training-kit/.venv-airflow/lib/python3.10/site-packages/airflow/example_dags/tutorial_taskflow_api.py for tasks to queue
[2025-12-26T21:55:04.459+0530] {logging_mixin.py:188} INFO - [2025-12-26T21:55:04.459+0530] {dagbag.py:545} INFO - Filling up the DagBag from /home/sathya/projects/training-kit/.venv-airflow/lib/python3.10/site-packages/airflow/example_dags/tutorial_taskflow_api.py
[2025-12-26T21:55:04.471+0530] {processor.py:840} INFO - DAG(s) 'tutorial_taskflow_api' retrieved from /home/sathya/projects/training-kit/.venv-airflow/lib/python3.10/site-packages/airflow/example_dags/tutorial_taskflow_api.py
[2025-12-26T21:55:04.491+0530] {logging_mixin.py:188} INFO - [2025-12-26T21:55:04.491+0530] {dag.py:3089} INFO - Sync 1 DAGs
[2025-12-26T21:55:04.504+0530] {logging_mixin.py:188} INFO - [2025-12-26T21:55:04.504+0530] {dag.py:3947} INFO - Setting next_dagrun for tutorial_taskflow_api to None, run_after=None
[2025-12-26T21:55:04.538+0530] {processor.py:183} INFO - Processing /home/sathya/projects/training-kit/.venv-airflow/lib/python3.10/site-packages/airflow/example_dags/tutorial_taskflow_api.py took 0.096 seconds
[2025-12-26T21:55:23.146+0530] {processor.py:161} INFO - Started process (PID=1703) to work on /home/sathya/projects/training-kit/.venv-airflow/lib/python3.10/site-packages/airflow/example_dags/tutorial_taskflow_api.py
[2025-12-26T21:55:23.152+0530] {processor.py:830} INFO - Processing file /home/sathya/projects/training-kit/.venv-airflow/lib/python3.10/site-packages/airflow/example_dags/tutorial_taskflow_api.py for tasks to queue
[2025-12-26T21:55:23.155+0530] {logging_mixin.py:188} INFO - [2025-12-26T21:55:23.154+0530] {dagbag.py:545} INFO - Filling up the DagBag from /home/sathya/projects/training-kit/.venv-airflow/lib/python3.10/site-packages/airflow/example_dags/tutorial_taskflow_api.py
[2025-12-26T21:55:23.163+0530] {processor.py:840} INFO - DAG(s) 'tutorial_taskflow_api' retrieved from /home/sathya/projects/training-kit/.venv-airflow/lib/python3.10/site-packages/airflow/example_dags/tutorial_taskflow_api.py
[2025-12-26T21:55:23.180+0530] {logging_mixin.py:188} INFO - [2025-12-26T21:55:23.180+0530] {dag.py:3089} INFO - Sync 1 DAGs
[2025-12-26T21:55:23.190+0530] {logging_mixin.py:188} INFO - [2025-12-26T21:55:23.190+0530] {dag.py:3947} INFO - Setting next_dagrun for tutorial_taskflow_api to None, run_after=None
[2025-12-26T21:55:23.230+0530] {processor.py:183} INFO - Processing /home/sathya/projects/training-kit/.venv-airflow/lib/python3.10/site-packages/airflow/example_dags/tutorial_taskflow_api.py took 0.093 seconds
[2025-12-26T21:55:58.014+0530] {processor.py:161} INFO - Started process (PID=1799) to work on /home/sathya/projects/training-kit/.venv-airflow/lib/python3.10/site-packages/airflow/example_dags/tutorial_taskflow_api.py
[2025-12-26T21:55:58.022+0530] {processor.py:830} INFO - Processing file /home/sathya/projects/training-kit/.venv-airflow/lib/python3.10/site-packages/airflow/example_dags/tutorial_taskflow_api.py for tasks to queue
[2025-12-26T21:55:58.024+0530] {logging_mixin.py:188} INFO - [2025-12-26T21:55:58.024+0530] {dagbag.py:545} INFO - Filling up the DagBag from /home/sathya/projects/training-kit/.venv-airflow/lib/python3.10/site-packages/airflow/example_dags/tutorial_taskflow_api.py
[2025-12-26T21:55:58.034+0530] {processor.py:840} INFO - DAG(s) 'tutorial_taskflow_api' retrieved from /home/sathya/projects/training-kit/.venv-airflow/lib/python3.10/site-packages/airflow/example_dags/tutorial_taskflow_api.py
[2025-12-26T21:55:58.057+0530] {logging_mixin.py:188} INFO - [2025-12-26T21:55:58.057+0530] {dag.py:3089} INFO - Sync 1 DAGs
[2025-12-26T21:55:58.076+0530] {logging_mixin.py:188} INFO - [2025-12-26T21:55:58.076+0530] {dag.py:3947} INFO - Setting next_dagrun for tutorial_taskflow_api to None, run_after=None
[2025-12-26T21:55:58.111+0530] {processor.py:183} INFO - Processing /home/sathya/projects/training-kit/.venv-airflow/lib/python3.10/site-packages/airflow/example_dags/tutorial_taskflow_api.py took 0.108 seconds
[2025-12-26T21:56:18.398+0530] {processor.py:161} INFO - Started process (PID=1862) to work on /home/sathya/projects/training-kit/.venv-airflow/lib/python3.10/site-packages/airflow/example_dags/tutorial_taskflow_api.py
[2025-12-26T21:56:18.405+0530] {processor.py:830} INFO - Processing file /home/sathya/projects/training-kit/.venv-airflow/lib/python3.10/site-packages/airflow/example_dags/tutorial_taskflow_api.py for tasks to queue
[2025-12-26T21:56:18.408+0530] {logging_mixin.py:188} INFO - [2025-12-26T21:56:18.407+0530] {dagbag.py:545} INFO - Filling up the DagBag from /home/sathya/projects/training-kit/.venv-airflow/lib/python3.10/site-packages/airflow/example_dags/tutorial_taskflow_api.py
[2025-12-26T21:56:18.415+0530] {processor.py:840} INFO - DAG(s) 'tutorial_taskflow_api' retrieved from /home/sathya/projects/training-kit/.venv-airflow/lib/python3.10/site-packages/airflow/example_dags/tutorial_taskflow_api.py
[2025-12-26T21:56:18.431+0530] {logging_mixin.py:188} INFO - [2025-12-26T21:56:18.431+0530] {dag.py:3089} INFO - Sync 1 DAGs
[2025-12-26T21:56:18.440+0530] {logging_mixin.py:188} INFO - [2025-12-26T21:56:18.440+0530] {dag.py:3947} INFO - Setting next_dagrun for tutorial_taskflow_api to None, run_after=None
[2025-12-26T21:56:18.465+0530] {processor.py:183} INFO - Processing /home/sathya/projects/training-kit/.venv-airflow/lib/python3.10/site-packages/airflow/example_dags/tutorial_taskflow_api.py took 0.073 seconds
[2025-12-26T21:56:51.679+0530] {processor.py:161} INFO - Started process (PID=1953) to work on /home/sathya/projects/training-kit/.venv-airflow/lib/python3.10/site-packages/airflow/example_dags/tutorial_taskflow_api.py
[2025-12-26T21:56:51.686+0530] {processor.py:830} INFO - Processing file /home/sathya/projects/training-kit/.venv-airflow/lib/python3.10/site-packages/airflow/example_dags/tutorial_taskflow_api.py for tasks to queue
[2025-12-26T21:56:51.689+0530] {logging_mixin.py:188} INFO - [2025-12-26T21:56:51.689+0530] {dagbag.py:545} INFO - Filling up the DagBag from /home/sathya/projects/training-kit/.venv-airflow/lib/python3.10/site-packages/airflow/example_dags/tutorial_taskflow_api.py
[2025-12-26T21:56:51.704+0530] {processor.py:840} INFO - DAG(s) 'tutorial_taskflow_api' retrieved from /home/sathya/projects/training-kit/.venv-airflow/lib/python3.10/site-packages/airflow/example_dags/tutorial_taskflow_api.py
[2025-12-26T21:56:51.734+0530] {logging_mixin.py:188} INFO - [2025-12-26T21:56:51.734+0530] {dag.py:3089} INFO - Sync 1 DAGs
[2025-12-26T21:56:51.754+0530] {logging_mixin.py:188} INFO - [2025-12-26T21:56:51.753+0530] {dag.py:3947} INFO - Setting next_dagrun for tutorial_taskflow_api to None, run_after=None
[2025-12-26T21:56:51.831+0530] {processor.py:183} INFO - Processing /home/sathya/projects/training-kit/.venv-airflow/lib/python3.10/site-packages/airflow/example_dags/tutorial_taskflow_api.py took 0.163 seconds
[2025-12-26T21:57:14.257+0530] {processor.py:161} INFO - Started process (PID=2019) to work on /home/sathya/projects/training-kit/.venv-airflow/lib/python3.10/site-packages/airflow/example_dags/tutorial_taskflow_api.py
[2025-12-26T21:57:14.261+0530] {processor.py:830} INFO - Processing file /home/sathya/projects/training-kit/.venv-airflow/lib/python3.10/site-packages/airflow/example_dags/tutorial_taskflow_api.py for tasks to queue
[2025-12-26T21:57:14.265+0530] {logging_mixin.py:188} INFO - [2025-12-26T21:57:14.265+0530] {dagbag.py:545} INFO - Filling up the DagBag from /home/sathya/projects/training-kit/.venv-airflow/lib/python3.10/site-packages/airflow/example_dags/tutorial_taskflow_api.py
[2025-12-26T21:57:14.285+0530] {processor.py:840} INFO - DAG(s) 'tutorial_taskflow_api' retrieved from /home/sathya/projects/training-kit/.venv-airflow/lib/python3.10/site-packages/airflow/example_dags/tutorial_taskflow_api.py
[2025-12-26T21:57:14.488+0530] {logging_mixin.py:188} INFO - [2025-12-26T21:57:14.487+0530] {dag.py:3089} INFO - Sync 1 DAGs
[2025-12-26T21:57:14.511+0530] {logging_mixin.py:188} INFO - [2025-12-26T21:57:14.509+0530] {dag.py:3947} INFO - Setting next_dagrun for tutorial_taskflow_api to None, run_after=None
[2025-12-26T21:57:14.574+0530] {processor.py:183} INFO - Processing /home/sathya/projects/training-kit/.venv-airflow/lib/python3.10/site-packages/airflow/example_dags/tutorial_taskflow_api.py took 0.328 seconds
[2025-12-26T21:57:39.879+0530] {processor.py:161} INFO - Started process (PID=2094) to work on /home/sathya/projects/training-kit/.venv-airflow/lib/python3.10/site-packages/airflow/example_dags/tutorial_taskflow_api.py
[2025-12-26T21:57:39.885+0530] {processor.py:830} INFO - Processing file /home/sathya/projects/training-kit/.venv-airflow/lib/python3.10/site-packages/airflow/example_dags/tutorial_taskflow_api.py for tasks to queue
[2025-12-26T21:57:39.890+0530] {logging_mixin.py:188} INFO - [2025-12-26T21:57:39.888+0530] {dagbag.py:545} INFO - Filling up the DagBag from /home/sathya/projects/training-kit/.venv-airflow/lib/python3.10/site-packages/airflow/example_dags/tutorial_taskflow_api.py
[2025-12-26T21:57:39.904+0530] {processor.py:840} INFO - DAG(s) 'tutorial_taskflow_api' retrieved from /home/sathya/projects/training-kit/.venv-airflow/lib/python3.10/site-packages/airflow/example_dags/tutorial_taskflow_api.py
[2025-12-26T21:57:39.928+0530] {logging_mixin.py:188} INFO - [2025-12-26T21:57:39.928+0530] {dag.py:3089} INFO - Sync 1 DAGs
[2025-12-26T21:57:39.941+0530] {logging_mixin.py:188} INFO - [2025-12-26T21:57:39.940+0530] {dag.py:3947} INFO - Setting next_dagrun for tutorial_taskflow_api to None, run_after=None
[2025-12-26T21:57:39.973+0530] {processor.py:183} INFO - Processing /home/sathya/projects/training-kit/.venv-airflow/lib/python3.10/site-packages/airflow/example_dags/tutorial_taskflow_api.py took 0.108 seconds
[2025-12-26T21:58:09.010+0530] {processor.py:161} INFO - Started process (PID=2191) to work on /home/sathya/projects/training-kit/.venv-airflow/lib/python3.10/site-packages/airflow/example_dags/tutorial_taskflow_api.py
[2025-12-26T21:58:09.013+0530] {processor.py:830} INFO - Processing file /home/sathya/projects/training-kit/.venv-airflow/lib/python3.10/site-packages/airflow/example_dags/tutorial_taskflow_api.py for tasks to queue
[2025-12-26T21:58:09.018+0530] {logging_mixin.py:188} INFO - [2025-12-26T21:58:09.016+0530] {dagbag.py:545} INFO - Filling up the DagBag from /home/sathya/projects/training-kit/.venv-airflow/lib/python3.10/site-packages/airflow/example_dags/tutorial_taskflow_api.py
[2025-12-26T21:58:09.030+0530] {processor.py:840} INFO - DAG(s) 'tutorial_taskflow_api' retrieved from /home/sathya/projects/training-kit/.venv-airflow/lib/python3.10/site-packages/airflow/example_dags/tutorial_taskflow_api.py
[2025-12-26T21:58:09.052+0530] {logging_mixin.py:188} INFO - [2025-12-26T21:58:09.051+0530] {dag.py:3089} INFO - Sync 1 DAGs
[2025-12-26T21:58:09.073+0530] {logging_mixin.py:188} INFO - [2025-12-26T21:58:09.073+0530] {dag.py:3947} INFO - Setting next_dagrun for tutorial_taskflow_api to None, run_after=None
[2025-12-26T21:58:09.115+0530] {processor.py:183} INFO - Processing /home/sathya/projects/training-kit/.venv-airflow/lib/python3.10/site-packages/airflow/example_dags/tutorial_taskflow_api.py took 0.116 seconds
[2025-12-26T21:58:28.950+0530] {processor.py:161} INFO - Started process (PID=2254) to work on /home/sathya/projects/training-kit/.venv-airflow/lib/python3.10/site-packages/airflow/example_dags/tutorial_taskflow_api.py
[2025-12-26T21:58:28.952+0530] {processor.py:830} INFO - Processing file /home/sathya/projects/training-kit/.venv-airflow/lib/python3.10/site-packages/airflow/example_dags/tutorial_taskflow_api.py for tasks to queue
[2025-12-26T21:58:28.956+0530] {logging_mixin.py:188} INFO - [2025-12-26T21:58:28.955+0530] {dagbag.py:545} INFO - Filling up the DagBag from /home/sathya/projects/training-kit/.venv-airflow/lib/python3.10/site-packages/airflow/example_dags/tutorial_taskflow_api.py
[2025-12-26T21:58:28.967+0530] {processor.py:840} INFO - DAG(s) 'tutorial_taskflow_api' retrieved from /home/sathya/projects/training-kit/.venv-airflow/lib/python3.10/site-packages/airflow/example_dags/tutorial_taskflow_api.py
[2025-12-26T21:58:28.984+0530] {logging_mixin.py:188} INFO - [2025-12-26T21:58:28.984+0530] {dag.py:3089} INFO - Sync 1 DAGs
[2025-12-26T21:58:29.000+0530] {logging_mixin.py:188} INFO - [2025-12-26T21:58:29.000+0530] {dag.py:3947} INFO - Setting next_dagrun for tutorial_taskflow_api to None, run_after=None
[2025-12-26T21:58:29.052+0530] {processor.py:183} INFO - Processing /home/sathya/projects/training-kit/.venv-airflow/lib/python3.10/site-packages/airflow/example_dags/tutorial_taskflow_api.py took 0.113 seconds
[2025-12-26T21:59:03.631+0530] {processor.py:161} INFO - Started process (PID=2369) to work on /home/sathya/projects/training-kit/.venv-airflow/lib/python3.10/site-packages/airflow/example_dags/tutorial_taskflow_api.py
[2025-12-26T21:59:03.638+0530] {processor.py:830} INFO - Processing file /home/sathya/projects/training-kit/.venv-airflow/lib/python3.10/site-packages/airflow/example_dags/tutorial_taskflow_api.py for tasks to queue
[2025-12-26T21:59:03.641+0530] {logging_mixin.py:188} INFO - [2025-12-26T21:59:03.640+0530] {dagbag.py:545} INFO - Filling up the DagBag from /home/sathya/projects/training-kit/.venv-airflow/lib/python3.10/site-packages/airflow/example_dags/tutorial_taskflow_api.py
[2025-12-26T21:59:03.654+0530] {processor.py:840} INFO - DAG(s) 'tutorial_taskflow_api' retrieved from /home/sathya/projects/training-kit/.venv-airflow/lib/python3.10/site-packages/airflow/example_dags/tutorial_taskflow_api.py
[2025-12-26T21:59:03.684+0530] {logging_mixin.py:188} INFO - [2025-12-26T21:59:03.684+0530] {dag.py:3089} INFO - Sync 1 DAGs
[2025-12-26T21:59:03.697+0530] {logging_mixin.py:188} INFO - [2025-12-26T21:59:03.697+0530] {dag.py:3947} INFO - Setting next_dagrun for tutorial_taskflow_api to None, run_after=None
[2025-12-26T21:59:03.729+0530] {processor.py:183} INFO - Processing /home/sathya/projects/training-kit/.venv-airflow/lib/python3.10/site-packages/airflow/example_dags/tutorial_taskflow_api.py took 0.108 seconds
[2025-12-26T21:59:18.107+0530] {processor.py:161} INFO - Started process (PID=2409) to work on /home/sathya/projects/training-kit/.venv-airflow/lib/python3.10/site-packages/airflow/example_dags/tutorial_taskflow_api.py
[2025-12-26T21:59:18.114+0530] {processor.py:830} INFO - Processing file /home/sathya/projects/training-kit/.venv-airflow/lib/python3.10/site-packages/airflow/example_dags/tutorial_taskflow_api.py for tasks to queue
[2025-12-26T21:59:18.117+0530] {logging_mixin.py:188} INFO - [2025-12-26T21:59:18.116+0530] {dagbag.py:545} INFO - Filling up the DagBag from /home/sathya/projects/training-kit/.venv-airflow/lib/python3.10/site-packages/airflow/example_dags/tutorial_taskflow_api.py
[2025-12-26T21:59:18.126+0530] {processor.py:840} INFO - DAG(s) 'tutorial_taskflow_api' retrieved from /home/sathya/projects/training-kit/.venv-airflow/lib/python3.10/site-packages/airflow/example_dags/tutorial_taskflow_api.py
[2025-12-26T21:59:18.147+0530] {logging_mixin.py:188} INFO - [2025-12-26T21:59:18.146+0530] {dag.py:3089} INFO - Sync 1 DAGs
[2025-12-26T21:59:18.165+0530] {logging_mixin.py:188} INFO - [2025-12-26T21:59:18.165+0530] {dag.py:3947} INFO - Setting next_dagrun for tutorial_taskflow_api to None, run_after=None
[2025-12-26T21:59:18.196+0530] {processor.py:183} INFO - Processing /home/sathya/projects/training-kit/.venv-airflow/lib/python3.10/site-packages/airflow/example_dags/tutorial_taskflow_api.py took 0.100 seconds
[2025-12-26T21:59:47.806+0530] {processor.py:161} INFO - Started process (PID=2501) to work on /home/sathya/projects/training-kit/.venv-airflow/lib/python3.10/site-packages/airflow/example_dags/tutorial_taskflow_api.py
[2025-12-26T21:59:47.813+0530] {processor.py:830} INFO - Processing file /home/sathya/projects/training-kit/.venv-airflow/lib/python3.10/site-packages/airflow/example_dags/tutorial_taskflow_api.py for tasks to queue
[2025-12-26T21:59:47.815+0530] {logging_mixin.py:188} INFO - [2025-12-26T21:59:47.815+0530] {dagbag.py:545} INFO - Filling up the DagBag from /home/sathya/projects/training-kit/.venv-airflow/lib/python3.10/site-packages/airflow/example_dags/tutorial_taskflow_api.py
[2025-12-26T21:59:47.831+0530] {processor.py:840} INFO - DAG(s) 'tutorial_taskflow_api' retrieved from /home/sathya/projects/training-kit/.venv-airflow/lib/python3.10/site-packages/airflow/example_dags/tutorial_taskflow_api.py
[2025-12-26T21:59:47.855+0530] {logging_mixin.py:188} INFO - [2025-12-26T21:59:47.854+0530] {dag.py:3089} INFO - Sync 1 DAGs
[2025-12-26T21:59:47.870+0530] {logging_mixin.py:188} INFO - [2025-12-26T21:59:47.870+0530] {dag.py:3947} INFO - Setting next_dagrun for tutorial_taskflow_api to None, run_after=None
[2025-12-26T21:59:47.914+0530] {processor.py:183} INFO - Processing /home/sathya/projects/training-kit/.venv-airflow/lib/python3.10/site-packages/airflow/example_dags/tutorial_taskflow_api.py took 0.115 seconds
[2025-12-26T22:00:05.848+0530] {processor.py:161} INFO - Started process (PID=2582) to work on /home/sathya/projects/training-kit/.venv-airflow/lib/python3.10/site-packages/airflow/example_dags/tutorial_taskflow_api.py
[2025-12-26T22:00:05.857+0530] {processor.py:830} INFO - Processing file /home/sathya/projects/training-kit/.venv-airflow/lib/python3.10/site-packages/airflow/example_dags/tutorial_taskflow_api.py for tasks to queue
[2025-12-26T22:00:05.859+0530] {logging_mixin.py:188} INFO - [2025-12-26T22:00:05.859+0530] {dagbag.py:545} INFO - Filling up the DagBag from /home/sathya/projects/training-kit/.venv-airflow/lib/python3.10/site-packages/airflow/example_dags/tutorial_taskflow_api.py
[2025-12-26T22:00:05.868+0530] {processor.py:840} INFO - DAG(s) 'tutorial_taskflow_api' retrieved from /home/sathya/projects/training-kit/.venv-airflow/lib/python3.10/site-packages/airflow/example_dags/tutorial_taskflow_api.py
[2025-12-26T22:00:05.895+0530] {logging_mixin.py:188} INFO - [2025-12-26T22:00:05.895+0530] {dag.py:3089} INFO - Sync 1 DAGs
[2025-12-26T22:00:05.913+0530] {logging_mixin.py:188} INFO - [2025-12-26T22:00:05.913+0530] {dag.py:3947} INFO - Setting next_dagrun for tutorial_taskflow_api to None, run_after=None
[2025-12-26T22:00:05.948+0530] {processor.py:183} INFO - Processing /home/sathya/projects/training-kit/.venv-airflow/lib/python3.10/site-packages/airflow/example_dags/tutorial_taskflow_api.py took 0.115 seconds
[2025-12-26T22:00:37.071+0530] {processor.py:161} INFO - Started process (PID=2682) to work on /home/sathya/projects/training-kit/.venv-airflow/lib/python3.10/site-packages/airflow/example_dags/tutorial_taskflow_api.py
[2025-12-26T22:00:37.082+0530] {processor.py:830} INFO - Processing file /home/sathya/projects/training-kit/.venv-airflow/lib/python3.10/site-packages/airflow/example_dags/tutorial_taskflow_api.py for tasks to queue
[2025-12-26T22:00:37.086+0530] {logging_mixin.py:188} INFO - [2025-12-26T22:00:37.085+0530] {dagbag.py:545} INFO - Filling up the DagBag from /home/sathya/projects/training-kit/.venv-airflow/lib/python3.10/site-packages/airflow/example_dags/tutorial_taskflow_api.py
[2025-12-26T22:00:37.099+0530] {processor.py:840} INFO - DAG(s) 'tutorial_taskflow_api' retrieved from /home/sathya/projects/training-kit/.venv-airflow/lib/python3.10/site-packages/airflow/example_dags/tutorial_taskflow_api.py
[2025-12-26T22:00:37.124+0530] {logging_mixin.py:188} INFO - [2025-12-26T22:00:37.124+0530] {dag.py:3089} INFO - Sync 1 DAGs
[2025-12-26T22:00:37.142+0530] {logging_mixin.py:188} INFO - [2025-12-26T22:00:37.142+0530] {dag.py:3947} INFO - Setting next_dagrun for tutorial_taskflow_api to None, run_after=None
[2025-12-26T22:00:37.189+0530] {processor.py:183} INFO - Processing /home/sathya/projects/training-kit/.venv-airflow/lib/python3.10/site-packages/airflow/example_dags/tutorial_taskflow_api.py took 0.127 seconds
[2025-12-26T22:00:54.773+0530] {processor.py:161} INFO - Started process (PID=2742) to work on /home/sathya/projects/training-kit/.venv-airflow/lib/python3.10/site-packages/airflow/example_dags/tutorial_taskflow_api.py
[2025-12-26T22:00:54.776+0530] {processor.py:830} INFO - Processing file /home/sathya/projects/training-kit/.venv-airflow/lib/python3.10/site-packages/airflow/example_dags/tutorial_taskflow_api.py for tasks to queue
[2025-12-26T22:00:54.778+0530] {logging_mixin.py:188} INFO - [2025-12-26T22:00:54.778+0530] {dagbag.py:545} INFO - Filling up the DagBag from /home/sathya/projects/training-kit/.venv-airflow/lib/python3.10/site-packages/airflow/example_dags/tutorial_taskflow_api.py
[2025-12-26T22:00:54.789+0530] {processor.py:840} INFO - DAG(s) 'tutorial_taskflow_api' retrieved from /home/sathya/projects/training-kit/.venv-airflow/lib/python3.10/site-packages/airflow/example_dags/tutorial_taskflow_api.py
[2025-12-26T22:00:54.810+0530] {logging_mixin.py:188} INFO - [2025-12-26T22:00:54.810+0530] {dag.py:3089} INFO - Sync 1 DAGs
[2025-12-26T22:00:54.822+0530] {logging_mixin.py:188} INFO - [2025-12-26T22:00:54.822+0530] {dag.py:3947} INFO - Setting next_dagrun for tutorial_taskflow_api to None, run_after=None
[2025-12-26T22:00:54.871+0530] {processor.py:183} INFO - Processing /home/sathya/projects/training-kit/.venv-airflow/lib/python3.10/site-packages/airflow/example_dags/tutorial_taskflow_api.py took 0.108 seconds
[2025-12-26T22:01:23.833+0530] {processor.py:161} INFO - Started process (PID=2831) to work on /home/sathya/projects/training-kit/.venv-airflow/lib/python3.10/site-packages/airflow/example_dags/tutorial_taskflow_api.py
[2025-12-26T22:01:23.839+0530] {processor.py:830} INFO - Processing file /home/sathya/projects/training-kit/.venv-airflow/lib/python3.10/site-packages/airflow/example_dags/tutorial_taskflow_api.py for tasks to queue
[2025-12-26T22:01:23.842+0530] {logging_mixin.py:188} INFO - [2025-12-26T22:01:23.841+0530] {dagbag.py:545} INFO - Filling up the DagBag from /home/sathya/projects/training-kit/.venv-airflow/lib/python3.10/site-packages/airflow/example_dags/tutorial_taskflow_api.py
[2025-12-26T22:01:23.851+0530] {processor.py:840} INFO - DAG(s) 'tutorial_taskflow_api' retrieved from /home/sathya/projects/training-kit/.venv-airflow/lib/python3.10/site-packages/airflow/example_dags/tutorial_taskflow_api.py
[2025-12-26T22:01:23.869+0530] {logging_mixin.py:188} INFO - [2025-12-26T22:01:23.869+0530] {dag.py:3089} INFO - Sync 1 DAGs
[2025-12-26T22:01:23.886+0530] {logging_mixin.py:188} INFO - [2025-12-26T22:01:23.886+0530] {dag.py:3947} INFO - Setting next_dagrun for tutorial_taskflow_api to None, run_after=None
[2025-12-26T22:01:23.910+0530] {processor.py:183} INFO - Processing /home/sathya/projects/training-kit/.venv-airflow/lib/python3.10/site-packages/airflow/example_dags/tutorial_taskflow_api.py took 0.086 seconds
[2025-12-26T22:01:39.478+0530] {processor.py:161} INFO - Started process (PID=2881) to work on /home/sathya/projects/training-kit/.venv-airflow/lib/python3.10/site-packages/airflow/example_dags/tutorial_taskflow_api.py
[2025-12-26T22:01:39.479+0530] {processor.py:830} INFO - Processing file /home/sathya/projects/training-kit/.venv-airflow/lib/python3.10/site-packages/airflow/example_dags/tutorial_taskflow_api.py for tasks to queue
[2025-12-26T22:01:39.481+0530] {logging_mixin.py:188} INFO - [2025-12-26T22:01:39.480+0530] {dagbag.py:545} INFO - Filling up the DagBag from /home/sathya/projects/training-kit/.venv-airflow/lib/python3.10/site-packages/airflow/example_dags/tutorial_taskflow_api.py
[2025-12-26T22:01:39.487+0530] {processor.py:840} INFO - DAG(s) 'tutorial_taskflow_api' retrieved from /home/sathya/projects/training-kit/.venv-airflow/lib/python3.10/site-packages/airflow/example_dags/tutorial_taskflow_api.py
[2025-12-26T22:01:39.504+0530] {logging_mixin.py:188} INFO - [2025-12-26T22:01:39.503+0530] {dag.py:3089} INFO - Sync 1 DAGs
[2025-12-26T22:01:39.518+0530] {logging_mixin.py:188} INFO - [2025-12-26T22:01:39.518+0530] {dag.py:3947} INFO - Setting next_dagrun for tutorial_taskflow_api to None, run_after=None
[2025-12-26T22:01:39.585+0530] {processor.py:183} INFO - Processing /home/sathya/projects/training-kit/.venv-airflow/lib/python3.10/site-packages/airflow/example_dags/tutorial_taskflow_api.py took 0.115 seconds
[2025-12-26T22:02:10.669+0530] {processor.py:161} INFO - Started process (PID=2971) to work on /home/sathya/projects/training-kit/.venv-airflow/lib/python3.10/site-packages/airflow/example_dags/tutorial_taskflow_api.py
[2025-12-26T22:02:10.670+0530] {processor.py:830} INFO - Processing file /home/sathya/projects/training-kit/.venv-airflow/lib/python3.10/site-packages/airflow/example_dags/tutorial_taskflow_api.py for tasks to queue
[2025-12-26T22:02:10.673+0530] {logging_mixin.py:188} INFO - [2025-12-26T22:02:10.672+0530] {dagbag.py:545} INFO - Filling up the DagBag from /home/sathya/projects/training-kit/.venv-airflow/lib/python3.10/site-packages/airflow/example_dags/tutorial_taskflow_api.py
[2025-12-26T22:02:10.684+0530] {processor.py:840} INFO - DAG(s) 'tutorial_taskflow_api' retrieved from /home/sathya/projects/training-kit/.venv-airflow/lib/python3.10/site-packages/airflow/example_dags/tutorial_taskflow_api.py
[2025-12-26T22:02:10.708+0530] {logging_mixin.py:188} INFO - [2025-12-26T22:02:10.708+0530] {dag.py:3089} INFO - Sync 1 DAGs
[2025-12-26T22:02:10.721+0530] {logging_mixin.py:188} INFO - [2025-12-26T22:02:10.721+0530] {dag.py:3947} INFO - Setting next_dagrun for tutorial_taskflow_api to None, run_after=None
[2025-12-26T22:02:10.750+0530] {processor.py:183} INFO - Processing /home/sathya/projects/training-kit/.venv-airflow/lib/python3.10/site-packages/airflow/example_dags/tutorial_taskflow_api.py took 0.087 seconds
[2025-12-26T22:02:28.547+0530] {processor.py:161} INFO - Started process (PID=3021) to work on /home/sathya/projects/training-kit/.venv-airflow/lib/python3.10/site-packages/airflow/example_dags/tutorial_taskflow_api.py
[2025-12-26T22:02:28.554+0530] {processor.py:830} INFO - Processing file /home/sathya/projects/training-kit/.venv-airflow/lib/python3.10/site-packages/airflow/example_dags/tutorial_taskflow_api.py for tasks to queue
[2025-12-26T22:02:28.556+0530] {logging_mixin.py:188} INFO - [2025-12-26T22:02:28.555+0530] {dagbag.py:545} INFO - Filling up the DagBag from /home/sathya/projects/training-kit/.venv-airflow/lib/python3.10/site-packages/airflow/example_dags/tutorial_taskflow_api.py
[2025-12-26T22:02:28.564+0530] {processor.py:840} INFO - DAG(s) 'tutorial_taskflow_api' retrieved from /home/sathya/projects/training-kit/.venv-airflow/lib/python3.10/site-packages/airflow/example_dags/tutorial_taskflow_api.py
[2025-12-26T22:02:28.584+0530] {logging_mixin.py:188} INFO - [2025-12-26T22:02:28.584+0530] {dag.py:3089} INFO - Sync 1 DAGs
[2025-12-26T22:02:28.597+0530] {logging_mixin.py:188} INFO - [2025-12-26T22:02:28.597+0530] {dag.py:3947} INFO - Setting next_dagrun for tutorial_taskflow_api to None, run_after=None
[2025-12-26T22:02:28.629+0530] {processor.py:183} INFO - Processing /home/sathya/projects/training-kit/.venv-airflow/lib/python3.10/site-packages/airflow/example_dags/tutorial_taskflow_api.py took 0.089 seconds
[2025-12-26T22:02:59.957+0530] {processor.py:161} INFO - Started process (PID=3120) to work on /home/sathya/projects/training-kit/.venv-airflow/lib/python3.10/site-packages/airflow/example_dags/tutorial_taskflow_api.py
[2025-12-26T22:02:59.963+0530] {processor.py:830} INFO - Processing file /home/sathya/projects/training-kit/.venv-airflow/lib/python3.10/site-packages/airflow/example_dags/tutorial_taskflow_api.py for tasks to queue
[2025-12-26T22:02:59.965+0530] {logging_mixin.py:188} INFO - [2025-12-26T22:02:59.965+0530] {dagbag.py:545} INFO - Filling up the DagBag from /home/sathya/projects/training-kit/.venv-airflow/lib/python3.10/site-packages/airflow/example_dags/tutorial_taskflow_api.py
[2025-12-26T22:02:59.976+0530] {processor.py:840} INFO - DAG(s) 'tutorial_taskflow_api' retrieved from /home/sathya/projects/training-kit/.venv-airflow/lib/python3.10/site-packages/airflow/example_dags/tutorial_taskflow_api.py
[2025-12-26T22:02:59.994+0530] {logging_mixin.py:188} INFO - [2025-12-26T22:02:59.994+0530] {dag.py:3089} INFO - Sync 1 DAGs
[2025-12-26T22:03:00.008+0530] {logging_mixin.py:188} INFO - [2025-12-26T22:03:00.008+0530] {dag.py:3947} INFO - Setting next_dagrun for tutorial_taskflow_api to None, run_after=None
[2025-12-26T22:03:00.040+0530] {processor.py:183} INFO - Processing /home/sathya/projects/training-kit/.venv-airflow/lib/python3.10/site-packages/airflow/example_dags/tutorial_taskflow_api.py took 0.091 seconds
[2025-12-26T22:03:14.256+0530] {processor.py:161} INFO - Started process (PID=3167) to work on /home/sathya/projects/training-kit/.venv-airflow/lib/python3.10/site-packages/airflow/example_dags/tutorial_taskflow_api.py
[2025-12-26T22:03:14.263+0530] {processor.py:830} INFO - Processing file /home/sathya/projects/training-kit/.venv-airflow/lib/python3.10/site-packages/airflow/example_dags/tutorial_taskflow_api.py for tasks to queue
[2025-12-26T22:03:14.265+0530] {logging_mixin.py:188} INFO - [2025-12-26T22:03:14.264+0530] {dagbag.py:545} INFO - Filling up the DagBag from /home/sathya/projects/training-kit/.venv-airflow/lib/python3.10/site-packages/airflow/example_dags/tutorial_taskflow_api.py
[2025-12-26T22:03:14.273+0530] {processor.py:840} INFO - DAG(s) 'tutorial_taskflow_api' retrieved from /home/sathya/projects/training-kit/.venv-airflow/lib/python3.10/site-packages/airflow/example_dags/tutorial_taskflow_api.py
[2025-12-26T22:03:14.290+0530] {logging_mixin.py:188} INFO - [2025-12-26T22:03:14.290+0530] {dag.py:3089} INFO - Sync 1 DAGs
[2025-12-26T22:03:14.301+0530] {logging_mixin.py:188} INFO - [2025-12-26T22:03:14.301+0530] {dag.py:3947} INFO - Setting next_dagrun for tutorial_taskflow_api to None, run_after=None
[2025-12-26T22:03:14.328+0530] {processor.py:183} INFO - Processing /home/sathya/projects/training-kit/.venv-airflow/lib/python3.10/site-packages/airflow/example_dags/tutorial_taskflow_api.py took 0.084 seconds
[2025-12-26T22:03:47.429+0530] {processor.py:161} INFO - Started process (PID=3278) to work on /home/sathya/projects/training-kit/.venv-airflow/lib/python3.10/site-packages/airflow/example_dags/tutorial_taskflow_api.py
[2025-12-26T22:03:47.435+0530] {processor.py:830} INFO - Processing file /home/sathya/projects/training-kit/.venv-airflow/lib/python3.10/site-packages/airflow/example_dags/tutorial_taskflow_api.py for tasks to queue
[2025-12-26T22:03:47.438+0530] {logging_mixin.py:188} INFO - [2025-12-26T22:03:47.437+0530] {dagbag.py:545} INFO - Filling up the DagBag from /home/sathya/projects/training-kit/.venv-airflow/lib/python3.10/site-packages/airflow/example_dags/tutorial_taskflow_api.py
[2025-12-26T22:03:47.447+0530] {processor.py:840} INFO - DAG(s) 'tutorial_taskflow_api' retrieved from /home/sathya/projects/training-kit/.venv-airflow/lib/python3.10/site-packages/airflow/example_dags/tutorial_taskflow_api.py
[2025-12-26T22:03:47.482+0530] {logging_mixin.py:188} INFO - [2025-12-26T22:03:47.482+0530] {dag.py:3089} INFO - Sync 1 DAGs
[2025-12-26T22:03:47.499+0530] {logging_mixin.py:188} INFO - [2025-12-26T22:03:47.499+0530] {dag.py:3947} INFO - Setting next_dagrun for tutorial_taskflow_api to None, run_after=None
[2025-12-26T22:03:47.531+0530] {processor.py:183} INFO - Processing /home/sathya/projects/training-kit/.venv-airflow/lib/python3.10/site-packages/airflow/example_dags/tutorial_taskflow_api.py took 0.111 seconds
[2025-12-26T22:04:08.249+0530] {processor.py:161} INFO - Started process (PID=3336) to work on /home/sathya/projects/training-kit/.venv-airflow/lib/python3.10/site-packages/airflow/example_dags/tutorial_taskflow_api.py
[2025-12-26T22:04:08.251+0530] {processor.py:830} INFO - Processing file /home/sathya/projects/training-kit/.venv-airflow/lib/python3.10/site-packages/airflow/example_dags/tutorial_taskflow_api.py for tasks to queue
[2025-12-26T22:04:08.253+0530] {logging_mixin.py:188} INFO - [2025-12-26T22:04:08.253+0530] {dagbag.py:545} INFO - Filling up the DagBag from /home/sathya/projects/training-kit/.venv-airflow/lib/python3.10/site-packages/airflow/example_dags/tutorial_taskflow_api.py
[2025-12-26T22:04:08.261+0530] {processor.py:840} INFO - DAG(s) 'tutorial_taskflow_api' retrieved from /home/sathya/projects/training-kit/.venv-airflow/lib/python3.10/site-packages/airflow/example_dags/tutorial_taskflow_api.py
[2025-12-26T22:04:08.288+0530] {logging_mixin.py:188} INFO - [2025-12-26T22:04:08.288+0530] {dag.py:3089} INFO - Sync 1 DAGs
[2025-12-26T22:04:08.307+0530] {logging_mixin.py:188} INFO - [2025-12-26T22:04:08.306+0530] {dag.py:3947} INFO - Setting next_dagrun for tutorial_taskflow_api to None, run_after=None
[2025-12-26T22:04:08.351+0530] {processor.py:183} INFO - Processing /home/sathya/projects/training-kit/.venv-airflow/lib/python3.10/site-packages/airflow/example_dags/tutorial_taskflow_api.py took 0.115 seconds
[2025-12-26T22:06:13.214+0530] {processor.py:161} INFO - Started process (PID=3702) to work on /home/sathya/projects/training-kit/.venv-airflow/lib/python3.10/site-packages/airflow/example_dags/tutorial_taskflow_api.py
[2025-12-26T22:06:13.216+0530] {processor.py:830} INFO - Processing file /home/sathya/projects/training-kit/.venv-airflow/lib/python3.10/site-packages/airflow/example_dags/tutorial_taskflow_api.py for tasks to queue
[2025-12-26T22:06:13.220+0530] {logging_mixin.py:188} INFO - [2025-12-26T22:06:13.219+0530] {dagbag.py:545} INFO - Filling up the DagBag from /home/sathya/projects/training-kit/.venv-airflow/lib/python3.10/site-packages/airflow/example_dags/tutorial_taskflow_api.py
[2025-12-26T22:06:13.231+0530] {processor.py:840} INFO - DAG(s) 'tutorial_taskflow_api' retrieved from /home/sathya/projects/training-kit/.venv-airflow/lib/python3.10/site-packages/airflow/example_dags/tutorial_taskflow_api.py
[2025-12-26T22:06:13.257+0530] {logging_mixin.py:188} INFO - [2025-12-26T22:06:13.256+0530] {dag.py:3089} INFO - Sync 1 DAGs
[2025-12-26T22:06:13.274+0530] {logging_mixin.py:188} INFO - [2025-12-26T22:06:13.274+0530] {dag.py:3947} INFO - Setting next_dagrun for tutorial_taskflow_api to None, run_after=None
[2025-12-26T22:06:13.313+0530] {processor.py:183} INFO - Processing /home/sathya/projects/training-kit/.venv-airflow/lib/python3.10/site-packages/airflow/example_dags/tutorial_taskflow_api.py took 0.110 seconds
[2025-12-26T22:12:12.394+0530] {processor.py:161} INFO - Started process (PID=4413) to work on /home/sathya/projects/training-kit/.venv-airflow/lib/python3.10/site-packages/airflow/example_dags/tutorial_taskflow_api.py
[2025-12-26T22:12:12.396+0530] {processor.py:830} INFO - Processing file /home/sathya/projects/training-kit/.venv-airflow/lib/python3.10/site-packages/airflow/example_dags/tutorial_taskflow_api.py for tasks to queue
[2025-12-26T22:12:12.398+0530] {logging_mixin.py:188} INFO - [2025-12-26T22:12:12.398+0530] {dagbag.py:545} INFO - Filling up the DagBag from /home/sathya/projects/training-kit/.venv-airflow/lib/python3.10/site-packages/airflow/example_dags/tutorial_taskflow_api.py
[2025-12-26T22:12:12.409+0530] {processor.py:840} INFO - DAG(s) 'tutorial_taskflow_api' retrieved from /home/sathya/projects/training-kit/.venv-airflow/lib/python3.10/site-packages/airflow/example_dags/tutorial_taskflow_api.py
[2025-12-26T22:12:12.430+0530] {logging_mixin.py:188} INFO - [2025-12-26T22:12:12.429+0530] {dag.py:3089} INFO - Sync 1 DAGs
[2025-12-26T22:12:12.444+0530] {logging_mixin.py:188} INFO - [2025-12-26T22:12:12.443+0530] {dag.py:3947} INFO - Setting next_dagrun for tutorial_taskflow_api to None, run_after=None
[2025-12-26T22:12:12.475+0530] {processor.py:183} INFO - Processing /home/sathya/projects/training-kit/.venv-airflow/lib/python3.10/site-packages/airflow/example_dags/tutorial_taskflow_api.py took 0.090 seconds
[2025-12-26T22:14:24.605+0530] {processor.py:161} INFO - Started process (PID=4737) to work on /home/sathya/projects/training-kit/.venv-airflow/lib/python3.10/site-packages/airflow/example_dags/tutorial_taskflow_api.py
[2025-12-26T22:14:24.606+0530] {processor.py:830} INFO - Processing file /home/sathya/projects/training-kit/.venv-airflow/lib/python3.10/site-packages/airflow/example_dags/tutorial_taskflow_api.py for tasks to queue
[2025-12-26T22:14:24.608+0530] {logging_mixin.py:188} INFO - [2025-12-26T22:14:24.607+0530] {dagbag.py:545} INFO - Filling up the DagBag from /home/sathya/projects/training-kit/.venv-airflow/lib/python3.10/site-packages/airflow/example_dags/tutorial_taskflow_api.py
[2025-12-26T22:14:24.613+0530] {processor.py:840} INFO - DAG(s) 'tutorial_taskflow_api' retrieved from /home/sathya/projects/training-kit/.venv-airflow/lib/python3.10/site-packages/airflow/example_dags/tutorial_taskflow_api.py
[2025-12-26T22:14:24.625+0530] {logging_mixin.py:188} INFO - [2025-12-26T22:14:24.625+0530] {dag.py:3089} INFO - Sync 1 DAGs
[2025-12-26T22:14:24.634+0530] {logging_mixin.py:188} INFO - [2025-12-26T22:14:24.634+0530] {dag.py:3947} INFO - Setting next_dagrun for tutorial_taskflow_api to None, run_after=None
[2025-12-26T22:14:24.653+0530] {processor.py:183} INFO - Processing /home/sathya/projects/training-kit/.venv-airflow/lib/python3.10/site-packages/airflow/example_dags/tutorial_taskflow_api.py took 0.053 seconds
[2025-12-26T22:14:45.925+0530] {processor.py:161} INFO - Started process (PID=4806) to work on /home/sathya/projects/training-kit/.venv-airflow/lib/python3.10/site-packages/airflow/example_dags/tutorial_taskflow_api.py
[2025-12-26T22:14:45.926+0530] {processor.py:830} INFO - Processing file /home/sathya/projects/training-kit/.venv-airflow/lib/python3.10/site-packages/airflow/example_dags/tutorial_taskflow_api.py for tasks to queue
[2025-12-26T22:14:45.928+0530] {logging_mixin.py:188} INFO - [2025-12-26T22:14:45.927+0530] {dagbag.py:545} INFO - Filling up the DagBag from /home/sathya/projects/training-kit/.venv-airflow/lib/python3.10/site-packages/airflow/example_dags/tutorial_taskflow_api.py
[2025-12-26T22:14:45.936+0530] {processor.py:840} INFO - DAG(s) 'tutorial_taskflow_api' retrieved from /home/sathya/projects/training-kit/.venv-airflow/lib/python3.10/site-packages/airflow/example_dags/tutorial_taskflow_api.py
[2025-12-26T22:14:45.952+0530] {logging_mixin.py:188} INFO - [2025-12-26T22:14:45.951+0530] {dag.py:3089} INFO - Sync 1 DAGs
[2025-12-26T22:14:45.962+0530] {logging_mixin.py:188} INFO - [2025-12-26T22:14:45.962+0530] {dag.py:3947} INFO - Setting next_dagrun for tutorial_taskflow_api to None, run_after=None
[2025-12-26T22:14:45.987+0530] {processor.py:183} INFO - Processing /home/sathya/projects/training-kit/.venv-airflow/lib/python3.10/site-packages/airflow/example_dags/tutorial_taskflow_api.py took 0.068 seconds
[2025-12-26T22:17:41.474+0530] {processor.py:161} INFO - Started process (PID=5418) to work on /home/sathya/projects/training-kit/.venv-airflow/lib/python3.10/site-packages/airflow/example_dags/tutorial_taskflow_api.py
[2025-12-26T22:17:41.480+0530] {processor.py:830} INFO - Processing file /home/sathya/projects/training-kit/.venv-airflow/lib/python3.10/site-packages/airflow/example_dags/tutorial_taskflow_api.py for tasks to queue
[2025-12-26T22:17:41.481+0530] {logging_mixin.py:188} INFO - [2025-12-26T22:17:41.481+0530] {dagbag.py:545} INFO - Filling up the DagBag from /home/sathya/projects/training-kit/.venv-airflow/lib/python3.10/site-packages/airflow/example_dags/tutorial_taskflow_api.py
[2025-12-26T22:17:41.487+0530] {processor.py:840} INFO - DAG(s) 'tutorial_taskflow_api' retrieved from /home/sathya/projects/training-kit/.venv-airflow/lib/python3.10/site-packages/airflow/example_dags/tutorial_taskflow_api.py
[2025-12-26T22:17:41.501+0530] {logging_mixin.py:188} INFO - [2025-12-26T22:17:41.500+0530] {dag.py:3089} INFO - Sync 1 DAGs
[2025-12-26T22:17:41.510+0530] {logging_mixin.py:188} INFO - [2025-12-26T22:17:41.509+0530] {dag.py:3947} INFO - Setting next_dagrun for tutorial_taskflow_api to None, run_after=None
[2025-12-26T22:17:41.532+0530] {processor.py:183} INFO - Processing /home/sathya/projects/training-kit/.venv-airflow/lib/python3.10/site-packages/airflow/example_dags/tutorial_taskflow_api.py took 0.064 seconds
[2025-12-26T22:17:43.848+0530] {processor.py:161} INFO - Started process (PID=5426) to work on /home/sathya/projects/training-kit/.venv-airflow/lib/python3.10/site-packages/airflow/example_dags/tutorial_taskflow_api.py
[2025-12-26T22:17:43.848+0530] {processor.py:830} INFO - Processing file /home/sathya/projects/training-kit/.venv-airflow/lib/python3.10/site-packages/airflow/example_dags/tutorial_taskflow_api.py for tasks to queue
[2025-12-26T22:17:43.850+0530] {logging_mixin.py:188} INFO - [2025-12-26T22:17:43.849+0530] {dagbag.py:545} INFO - Filling up the DagBag from /home/sathya/projects/training-kit/.venv-airflow/lib/python3.10/site-packages/airflow/example_dags/tutorial_taskflow_api.py
[2025-12-26T22:17:43.855+0530] {processor.py:840} INFO - DAG(s) 'tutorial_taskflow_api' retrieved from /home/sathya/projects/training-kit/.venv-airflow/lib/python3.10/site-packages/airflow/example_dags/tutorial_taskflow_api.py
[2025-12-26T22:17:43.869+0530] {logging_mixin.py:188} INFO - [2025-12-26T22:17:43.869+0530] {dag.py:3089} INFO - Sync 1 DAGs
[2025-12-26T22:17:43.878+0530] {logging_mixin.py:188} INFO - [2025-12-26T22:17:43.878+0530] {dag.py:3947} INFO - Setting next_dagrun for tutorial_taskflow_api to None, run_after=None
[2025-12-26T22:17:43.902+0530] {processor.py:183} INFO - Processing /home/sathya/projects/training-kit/.venv-airflow/lib/python3.10/site-packages/airflow/example_dags/tutorial_taskflow_api.py took 0.059 seconds
[2025-12-26T22:21:31.638+0530] {processor.py:161} INFO - Started process (PID=6023) to work on /home/sathya/projects/training-kit/.venv-airflow/lib/python3.10/site-packages/airflow/example_dags/tutorial_taskflow_api.py
[2025-12-26T22:21:31.640+0530] {processor.py:830} INFO - Processing file /home/sathya/projects/training-kit/.venv-airflow/lib/python3.10/site-packages/airflow/example_dags/tutorial_taskflow_api.py for tasks to queue
[2025-12-26T22:21:31.641+0530] {logging_mixin.py:188} INFO - [2025-12-26T22:21:31.641+0530] {dagbag.py:545} INFO - Filling up the DagBag from /home/sathya/projects/training-kit/.venv-airflow/lib/python3.10/site-packages/airflow/example_dags/tutorial_taskflow_api.py
[2025-12-26T22:21:31.650+0530] {processor.py:840} INFO - DAG(s) 'tutorial_taskflow_api' retrieved from /home/sathya/projects/training-kit/.venv-airflow/lib/python3.10/site-packages/airflow/example_dags/tutorial_taskflow_api.py
[2025-12-26T22:21:31.666+0530] {logging_mixin.py:188} INFO - [2025-12-26T22:21:31.666+0530] {dag.py:3089} INFO - Sync 1 DAGs
[2025-12-26T22:21:31.675+0530] {logging_mixin.py:188} INFO - [2025-12-26T22:21:31.675+0530] {dag.py:3947} INFO - Setting next_dagrun for tutorial_taskflow_api to None, run_after=None
[2025-12-26T22:21:31.698+0530] {processor.py:183} INFO - Processing /home/sathya/projects/training-kit/.venv-airflow/lib/python3.10/site-packages/airflow/example_dags/tutorial_taskflow_api.py took 0.065 seconds
[2025-12-26T22:27:13.905+0530] {processor.py:161} INFO - Started process (PID=6726) to work on /home/sathya/projects/training-kit/.venv-airflow/lib/python3.10/site-packages/airflow/example_dags/tutorial_taskflow_api.py
[2025-12-26T22:27:13.906+0530] {processor.py:830} INFO - Processing file /home/sathya/projects/training-kit/.venv-airflow/lib/python3.10/site-packages/airflow/example_dags/tutorial_taskflow_api.py for tasks to queue
[2025-12-26T22:27:13.908+0530] {logging_mixin.py:188} INFO - [2025-12-26T22:27:13.907+0530] {dagbag.py:545} INFO - Filling up the DagBag from /home/sathya/projects/training-kit/.venv-airflow/lib/python3.10/site-packages/airflow/example_dags/tutorial_taskflow_api.py
[2025-12-26T22:27:13.913+0530] {processor.py:840} INFO - DAG(s) 'tutorial_taskflow_api' retrieved from /home/sathya/projects/training-kit/.venv-airflow/lib/python3.10/site-packages/airflow/example_dags/tutorial_taskflow_api.py
[2025-12-26T22:27:13.926+0530] {logging_mixin.py:188} INFO - [2025-12-26T22:27:13.926+0530] {dag.py:3089} INFO - Sync 1 DAGs
[2025-12-26T22:27:13.935+0530] {logging_mixin.py:188} INFO - [2025-12-26T22:27:13.935+0530] {dag.py:3947} INFO - Setting next_dagrun for tutorial_taskflow_api to None, run_after=None
[2025-12-26T22:27:13.956+0530] {processor.py:183} INFO - Processing /home/sathya/projects/training-kit/.venv-airflow/lib/python3.10/site-packages/airflow/example_dags/tutorial_taskflow_api.py took 0.056 seconds
[2025-12-26T22:32:03.338+0530] {processor.py:161} INFO - Started process (PID=7340) to work on /home/sathya/projects/training-kit/.venv-airflow/lib/python3.10/site-packages/airflow/example_dags/tutorial_taskflow_api.py
[2025-12-26T22:32:03.340+0530] {processor.py:830} INFO - Processing file /home/sathya/projects/training-kit/.venv-airflow/lib/python3.10/site-packages/airflow/example_dags/tutorial_taskflow_api.py for tasks to queue
[2025-12-26T22:32:03.341+0530] {logging_mixin.py:188} INFO - [2025-12-26T22:32:03.341+0530] {dagbag.py:545} INFO - Filling up the DagBag from /home/sathya/projects/training-kit/.venv-airflow/lib/python3.10/site-packages/airflow/example_dags/tutorial_taskflow_api.py
[2025-12-26T22:32:03.347+0530] {processor.py:840} INFO - DAG(s) 'tutorial_taskflow_api' retrieved from /home/sathya/projects/training-kit/.venv-airflow/lib/python3.10/site-packages/airflow/example_dags/tutorial_taskflow_api.py
[2025-12-26T22:32:03.359+0530] {logging_mixin.py:188} INFO - [2025-12-26T22:32:03.359+0530] {dag.py:3089} INFO - Sync 1 DAGs
[2025-12-26T22:32:03.369+0530] {logging_mixin.py:188} INFO - [2025-12-26T22:32:03.368+0530] {dag.py:3947} INFO - Setting next_dagrun for tutorial_taskflow_api to None, run_after=None
[2025-12-26T22:32:03.387+0530] {processor.py:183} INFO - Processing /home/sathya/projects/training-kit/.venv-airflow/lib/python3.10/site-packages/airflow/example_dags/tutorial_taskflow_api.py took 0.054 seconds
[2025-12-26T22:39:03.854+0530] {processor.py:161} INFO - Started process (PID=8146) to work on /home/sathya/projects/training-kit/.venv-airflow/lib/python3.10/site-packages/airflow/example_dags/tutorial_taskflow_api.py
[2025-12-26T22:39:03.855+0530] {processor.py:830} INFO - Processing file /home/sathya/projects/training-kit/.venv-airflow/lib/python3.10/site-packages/airflow/example_dags/tutorial_taskflow_api.py for tasks to queue
[2025-12-26T22:39:03.857+0530] {logging_mixin.py:188} INFO - [2025-12-26T22:39:03.857+0530] {dagbag.py:545} INFO - Filling up the DagBag from /home/sathya/projects/training-kit/.venv-airflow/lib/python3.10/site-packages/airflow/example_dags/tutorial_taskflow_api.py
[2025-12-26T22:39:03.864+0530] {processor.py:840} INFO - DAG(s) 'tutorial_taskflow_api' retrieved from /home/sathya/projects/training-kit/.venv-airflow/lib/python3.10/site-packages/airflow/example_dags/tutorial_taskflow_api.py
[2025-12-26T22:39:03.880+0530] {logging_mixin.py:188} INFO - [2025-12-26T22:39:03.879+0530] {dag.py:3089} INFO - Sync 1 DAGs
[2025-12-26T22:39:03.890+0530] {logging_mixin.py:188} INFO - [2025-12-26T22:39:03.890+0530] {dag.py:3947} INFO - Setting next_dagrun for tutorial_taskflow_api to None, run_after=None
[2025-12-26T22:39:03.915+0530] {processor.py:183} INFO - Processing /home/sathya/projects/training-kit/.venv-airflow/lib/python3.10/site-packages/airflow/example_dags/tutorial_taskflow_api.py took 0.067 seconds
[2025-12-26T22:43:58.846+0530] {processor.py:161} INFO - Started process (PID=8775) to work on /home/sathya/projects/training-kit/.venv-airflow/lib/python3.10/site-packages/airflow/example_dags/tutorial_taskflow_api.py
[2025-12-26T22:43:58.852+0530] {processor.py:830} INFO - Processing file /home/sathya/projects/training-kit/.venv-airflow/lib/python3.10/site-packages/airflow/example_dags/tutorial_taskflow_api.py for tasks to queue
[2025-12-26T22:43:58.854+0530] {logging_mixin.py:188} INFO - [2025-12-26T22:43:58.854+0530] {dagbag.py:545} INFO - Filling up the DagBag from /home/sathya/projects/training-kit/.venv-airflow/lib/python3.10/site-packages/airflow/example_dags/tutorial_taskflow_api.py
[2025-12-26T22:43:58.860+0530] {processor.py:840} INFO - DAG(s) 'tutorial_taskflow_api' retrieved from /home/sathya/projects/training-kit/.venv-airflow/lib/python3.10/site-packages/airflow/example_dags/tutorial_taskflow_api.py
[2025-12-26T22:43:58.874+0530] {logging_mixin.py:188} INFO - [2025-12-26T22:43:58.874+0530] {dag.py:3089} INFO - Sync 1 DAGs
[2025-12-26T22:43:58.883+0530] {logging_mixin.py:188} INFO - [2025-12-26T22:43:58.883+0530] {dag.py:3947} INFO - Setting next_dagrun for tutorial_taskflow_api to None, run_after=None
[2025-12-26T22:43:58.921+0530] {processor.py:183} INFO - Processing /home/sathya/projects/training-kit/.venv-airflow/lib/python3.10/site-packages/airflow/example_dags/tutorial_taskflow_api.py took 0.083 seconds
[2025-12-26T22:49:27.510+0530] {processor.py:161} INFO - Started process (PID=9446) to work on /home/sathya/projects/training-kit/.venv-airflow/lib/python3.10/site-packages/airflow/example_dags/tutorial_taskflow_api.py
[2025-12-26T22:49:27.512+0530] {processor.py:830} INFO - Processing file /home/sathya/projects/training-kit/.venv-airflow/lib/python3.10/site-packages/airflow/example_dags/tutorial_taskflow_api.py for tasks to queue
[2025-12-26T22:49:27.513+0530] {logging_mixin.py:188} INFO - [2025-12-26T22:49:27.513+0530] {dagbag.py:545} INFO - Filling up the DagBag from /home/sathya/projects/training-kit/.venv-airflow/lib/python3.10/site-packages/airflow/example_dags/tutorial_taskflow_api.py
[2025-12-26T22:49:27.520+0530] {processor.py:840} INFO - DAG(s) 'tutorial_taskflow_api' retrieved from /home/sathya/projects/training-kit/.venv-airflow/lib/python3.10/site-packages/airflow/example_dags/tutorial_taskflow_api.py
[2025-12-26T22:49:27.532+0530] {logging_mixin.py:188} INFO - [2025-12-26T22:49:27.532+0530] {dag.py:3089} INFO - Sync 1 DAGs
[2025-12-26T22:49:27.540+0530] {logging_mixin.py:188} INFO - [2025-12-26T22:49:27.540+0530] {dag.py:3947} INFO - Setting next_dagrun for tutorial_taskflow_api to None, run_after=None
[2025-12-26T22:49:27.562+0530] {processor.py:183} INFO - Processing /home/sathya/projects/training-kit/.venv-airflow/lib/python3.10/site-packages/airflow/example_dags/tutorial_taskflow_api.py took 0.057 seconds
[2025-12-26T22:55:22.476+0530] {processor.py:161} INFO - Started process (PID=10136) to work on /home/sathya/projects/training-kit/.venv-airflow/lib/python3.10/site-packages/airflow/example_dags/tutorial_taskflow_api.py
[2025-12-26T22:55:22.477+0530] {processor.py:830} INFO - Processing file /home/sathya/projects/training-kit/.venv-airflow/lib/python3.10/site-packages/airflow/example_dags/tutorial_taskflow_api.py for tasks to queue
[2025-12-26T22:55:22.479+0530] {logging_mixin.py:188} INFO - [2025-12-26T22:55:22.479+0530] {dagbag.py:545} INFO - Filling up the DagBag from /home/sathya/projects/training-kit/.venv-airflow/lib/python3.10/site-packages/airflow/example_dags/tutorial_taskflow_api.py
[2025-12-26T22:55:22.486+0530] {processor.py:840} INFO - DAG(s) 'tutorial_taskflow_api' retrieved from /home/sathya/projects/training-kit/.venv-airflow/lib/python3.10/site-packages/airflow/example_dags/tutorial_taskflow_api.py
[2025-12-26T22:55:22.502+0530] {logging_mixin.py:188} INFO - [2025-12-26T22:55:22.502+0530] {dag.py:3089} INFO - Sync 1 DAGs
[2025-12-26T22:55:22.514+0530] {logging_mixin.py:188} INFO - [2025-12-26T22:55:22.513+0530] {dag.py:3947} INFO - Setting next_dagrun for tutorial_taskflow_api to None, run_after=None
[2025-12-26T22:55:22.538+0530] {processor.py:183} INFO - Processing /home/sathya/projects/training-kit/.venv-airflow/lib/python3.10/site-packages/airflow/example_dags/tutorial_taskflow_api.py took 0.067 seconds
[2025-12-26T23:01:34.082+0530] {processor.py:161} INFO - Started process (PID=10811) to work on /home/sathya/projects/training-kit/.venv-airflow/lib/python3.10/site-packages/airflow/example_dags/tutorial_taskflow_api.py
[2025-12-26T23:01:34.093+0530] {processor.py:830} INFO - Processing file /home/sathya/projects/training-kit/.venv-airflow/lib/python3.10/site-packages/airflow/example_dags/tutorial_taskflow_api.py for tasks to queue
[2025-12-26T23:01:34.099+0530] {logging_mixin.py:188} INFO - [2025-12-26T23:01:34.097+0530] {dagbag.py:545} INFO - Filling up the DagBag from /home/sathya/projects/training-kit/.venv-airflow/lib/python3.10/site-packages/airflow/example_dags/tutorial_taskflow_api.py
[2025-12-26T23:01:34.118+0530] {processor.py:840} INFO - DAG(s) 'tutorial_taskflow_api' retrieved from /home/sathya/projects/training-kit/.venv-airflow/lib/python3.10/site-packages/airflow/example_dags/tutorial_taskflow_api.py
[2025-12-26T23:01:34.167+0530] {logging_mixin.py:188} INFO - [2025-12-26T23:01:34.167+0530] {dag.py:3089} INFO - Sync 1 DAGs
[2025-12-26T23:01:34.205+0530] {logging_mixin.py:188} INFO - [2025-12-26T23:01:34.205+0530] {dag.py:3947} INFO - Setting next_dagrun for tutorial_taskflow_api to None, run_after=None
[2025-12-26T23:01:34.285+0530] {processor.py:183} INFO - Processing /home/sathya/projects/training-kit/.venv-airflow/lib/python3.10/site-packages/airflow/example_dags/tutorial_taskflow_api.py took 0.227 seconds
[2025-12-26T23:09:22.953+0530] {processor.py:161} INFO - Started process (PID=11588) to work on /home/sathya/projects/training-kit/.venv-airflow/lib/python3.10/site-packages/airflow/example_dags/tutorial_taskflow_api.py
[2025-12-26T23:09:22.954+0530] {processor.py:830} INFO - Processing file /home/sathya/projects/training-kit/.venv-airflow/lib/python3.10/site-packages/airflow/example_dags/tutorial_taskflow_api.py for tasks to queue
[2025-12-26T23:09:22.955+0530] {logging_mixin.py:188} INFO - [2025-12-26T23:09:22.955+0530] {dagbag.py:545} INFO - Filling up the DagBag from /home/sathya/projects/training-kit/.venv-airflow/lib/python3.10/site-packages/airflow/example_dags/tutorial_taskflow_api.py
[2025-12-26T23:09:22.965+0530] {processor.py:840} INFO - DAG(s) 'tutorial_taskflow_api' retrieved from /home/sathya/projects/training-kit/.venv-airflow/lib/python3.10/site-packages/airflow/example_dags/tutorial_taskflow_api.py
[2025-12-26T23:09:22.980+0530] {logging_mixin.py:188} INFO - [2025-12-26T23:09:22.979+0530] {dag.py:3089} INFO - Sync 1 DAGs
[2025-12-26T23:09:22.989+0530] {logging_mixin.py:188} INFO - [2025-12-26T23:09:22.989+0530] {dag.py:3947} INFO - Setting next_dagrun for tutorial_taskflow_api to None, run_after=None
[2025-12-26T23:09:23.013+0530] {processor.py:183} INFO - Processing /home/sathya/projects/training-kit/.venv-airflow/lib/python3.10/site-packages/airflow/example_dags/tutorial_taskflow_api.py took 0.066 seconds
