[2026-03-10T21:07:42.345+0530] {local_task_job_runner.py:120} INFO - ::group::Pre task execution logs
[2026-03-10T21:07:42.375+0530] {taskinstance.py:2076} INFO - Dependencies all met for dep_context=non-requeueable deps ti=<TaskInstance: example_bash_operator.runme_1 scheduled__2026-03-09T00:00:00+00:00 [queued]>
[2026-03-10T21:07:42.380+0530] {taskinstance.py:2076} INFO - Dependencies all met for dep_context=requeueable deps ti=<TaskInstance: example_bash_operator.runme_1 scheduled__2026-03-09T00:00:00+00:00 [queued]>
[2026-03-10T21:07:42.380+0530] {taskinstance.py:2306} INFO - Starting attempt 1 of 1
[2026-03-10T21:07:42.409+0530] {taskinstance.py:2330} INFO - Executing <Task(BashOperator): runme_1> on 2026-03-09 00:00:00+00:00
[2026-03-10T21:07:42.414+0530] {standard_task_runner.py:64} INFO - Started process 1003 to run task
[2026-03-10T21:07:42.420+0530] {standard_task_runner.py:90} INFO - Running: ['airflow', 'tasks', 'run', 'example_bash_operator', 'runme_1', 'scheduled__2026-03-09T00:00:00+00:00', '--job-id', '69', '--raw', '--subdir', '/home/sathya/projects/training-kit/.venv-airflow/lib/python3.10/site-packages/airflow/example_dags/example_bash_operator.py', '--cfg-path', '/tmp/tmpefp45hhc']
[2026-03-10T21:07:42.423+0530] {standard_task_runner.py:91} INFO - Job 69: Subtask runme_1
[2026-03-10T21:07:42.487+0530] {task_command.py:426} INFO - Running <TaskInstance: example_bash_operator.runme_1 scheduled__2026-03-09T00:00:00+00:00 [running]> on host LAPTOP-A1PMOBSE.localdomain
[2026-03-10T21:07:42.565+0530] {taskinstance.py:2648} INFO - Exporting env vars: AIRFLOW_CTX_DAG_OWNER='airflow' AIRFLOW_CTX_DAG_ID='example_bash_operator' AIRFLOW_CTX_TASK_ID='runme_1' AIRFLOW_CTX_EXECUTION_DATE='2026-03-09T00:00:00+00:00' AIRFLOW_CTX_TRY_NUMBER='1' AIRFLOW_CTX_DAG_RUN_ID='scheduled__2026-03-09T00:00:00+00:00'
[2026-03-10T21:07:42.567+0530] {taskinstance.py:430} INFO - ::endgroup::
[2026-03-10T21:07:42.568+0530] {subprocess.py:63} INFO - Tmp dir root location: /tmp
[2026-03-10T21:07:42.569+0530] {subprocess.py:75} INFO - Running command: ['/usr/bin/bash', '-c', 'echo "example_bash_operator__runme_1__20260309" && sleep 1']
[2026-03-10T21:07:42.577+0530] {subprocess.py:86} INFO - Output:
[2026-03-10T21:07:42.578+0530] {subprocess.py:93} INFO - example_bash_operator__runme_1__20260309
[2026-03-10T21:07:43.579+0530] {subprocess.py:97} INFO - Command exited with return code 0
[2026-03-10T21:07:43.580+0530] {taskinstance.py:441} INFO - ::group::Post task execution logs
[2026-03-10T21:07:43.620+0530] {taskinstance.py:1206} INFO - Marking task as SUCCESS. dag_id=example_bash_operator, task_id=runme_1, run_id=scheduled__2026-03-09T00:00:00+00:00, execution_date=20260309T000000, start_date=20260310T153742, end_date=20260310T153743
[2026-03-10T21:07:43.644+0530] {local_task_job_runner.py:243} INFO - Task exited with return code 0
[2026-03-10T21:07:43.669+0530] {taskinstance.py:3503} INFO - 0 downstream tasks scheduled from follow-on schedule check
[2026-03-10T21:07:43.670+0530] {local_task_job_runner.py:222} INFO - ::endgroup::
