[2025-12-26T22:43:22.406+0530] {local_task_job_runner.py:120} INFO - ::group::Pre task execution logs
[2025-12-26T22:43:22.424+0530] {taskinstance.py:2076} INFO - Dependencies all met for dep_context=non-requeueable deps ti=<TaskInstance: example_dynamic_task_mapping.add_one scheduled__2022-08-07T00:00:00+00:00 map_index=2 [queued]>
[2025-12-26T22:43:22.428+0530] {taskinstance.py:2076} INFO - Dependencies all met for dep_context=requeueable deps ti=<TaskInstance: example_dynamic_task_mapping.add_one scheduled__2022-08-07T00:00:00+00:00 map_index=2 [queued]>
[2025-12-26T22:43:22.428+0530] {taskinstance.py:2306} INFO - Starting attempt 1 of 1
[2025-12-26T22:43:22.443+0530] {taskinstance.py:2330} INFO - Executing <Mapped(_PythonDecoratedOperator): add_one> on 2022-08-07 00:00:00+00:00
[2025-12-26T22:43:22.446+0530] {standard_task_runner.py:64} INFO - Started process 8681 to run task
[2025-12-26T22:43:22.449+0530] {standard_task_runner.py:90} INFO - Running: ['airflow', 'tasks', 'run', 'example_dynamic_task_mapping', 'add_one', 'scheduled__2022-08-07T00:00:00+00:00', '--job-id', '948', '--raw', '--subdir', '/home/sathya/projects/training-kit/.venv-airflow/lib/python3.10/site-packages/airflow/example_dags/example_dynamic_task_mapping.py', '--cfg-path', '/tmp/tmpwyyssdjl', '--map-index', '2']
[2025-12-26T22:43:22.449+0530] {standard_task_runner.py:91} INFO - Job 948: Subtask add_one
[2025-12-26T22:43:22.480+0530] {task_command.py:426} INFO - Running <TaskInstance: example_dynamic_task_mapping.add_one scheduled__2022-08-07T00:00:00+00:00 map_index=2 [running]> on host LAPTOP-A1PMOBSE.localdomain
[2025-12-26T22:43:22.536+0530] {taskinstance.py:2648} INFO - Exporting env vars: AIRFLOW_CTX_DAG_OWNER='airflow' AIRFLOW_CTX_DAG_ID='example_dynamic_task_mapping' AIRFLOW_CTX_TASK_ID='add_one' AIRFLOW_CTX_EXECUTION_DATE='2022-08-07T00:00:00+00:00' AIRFLOW_CTX_TRY_NUMBER='1' AIRFLOW_CTX_DAG_RUN_ID='scheduled__2022-08-07T00:00:00+00:00'
[2025-12-26T22:43:22.537+0530] {taskinstance.py:430} INFO - ::endgroup::
[2025-12-26T22:43:22.537+0530] {python.py:237} INFO - Done. Returned value was: 4
[2025-12-26T22:43:22.538+0530] {taskinstance.py:441} INFO - ::group::Post task execution logs
[2025-12-26T22:43:22.551+0530] {taskinstance.py:1206} INFO - Marking task as SUCCESS. dag_id=example_dynamic_task_mapping, task_id=add_one, run_id=scheduled__2022-08-07T00:00:00+00:00, map_index=2, execution_date=20220807T000000, start_date=20251226T171322, end_date=20251226T171322
[2025-12-26T22:43:22.585+0530] {local_task_job_runner.py:243} INFO - Task exited with return code 0
[2025-12-26T22:43:22.600+0530] {taskinstance.py:3503} INFO - 1 downstream tasks scheduled from follow-on schedule check
[2025-12-26T22:43:22.608+0530] {local_task_job_runner.py:222} INFO - ::endgroup::
[2026-03-10T23:30:48.748+0530] {local_task_job_runner.py:120} INFO - ::group::Pre task execution logs
[2026-03-10T23:30:48.812+0530] {taskinstance.py:2076} INFO - Dependencies all met for dep_context=non-requeueable deps ti=<TaskInstance: example_dynamic_task_mapping.add_one scheduled__2022-08-07T00:00:00+00:00 map_index=2 [queued]>
[2026-03-10T23:30:48.830+0530] {taskinstance.py:2076} INFO - Dependencies all met for dep_context=requeueable deps ti=<TaskInstance: example_dynamic_task_mapping.add_one scheduled__2022-08-07T00:00:00+00:00 map_index=2 [queued]>
[2026-03-10T23:30:48.831+0530] {taskinstance.py:2306} INFO - Starting attempt 1 of 1
[2026-03-10T23:30:48.894+0530] {taskinstance.py:2330} INFO - Executing <Mapped(_PythonDecoratedOperator): add_one> on 2022-08-07 00:00:00+00:00
[2026-03-10T23:30:48.906+0530] {standard_task_runner.py:64} INFO - Started process 12191 to run task
[2026-03-10T23:30:48.919+0530] {standard_task_runner.py:90} INFO - Running: ['airflow', 'tasks', 'run', 'example_dynamic_task_mapping', 'add_one', 'scheduled__2022-08-07T00:00:00+00:00', '--job-id', '1098', '--raw', '--subdir', '/home/sathya/projects/training-kit/.venv-airflow/lib/python3.10/site-packages/airflow/example_dags/example_dynamic_task_mapping.py', '--cfg-path', '/tmp/tmpiis3y8g6', '--map-index', '2']
[2026-03-10T23:30:48.925+0530] {standard_task_runner.py:91} INFO - Job 1098: Subtask add_one
[2026-03-10T23:30:49.032+0530] {task_command.py:426} INFO - Running <TaskInstance: example_dynamic_task_mapping.add_one scheduled__2022-08-07T00:00:00+00:00 map_index=2 [running]> on host LAPTOP-A1PMOBSE.localdomain
[2026-03-10T23:30:49.450+0530] {taskinstance.py:2648} INFO - Exporting env vars: AIRFLOW_CTX_DAG_OWNER='airflow' AIRFLOW_CTX_DAG_ID='example_dynamic_task_mapping' AIRFLOW_CTX_TASK_ID='add_one' AIRFLOW_CTX_EXECUTION_DATE='2022-08-07T00:00:00+00:00' AIRFLOW_CTX_TRY_NUMBER='1' AIRFLOW_CTX_DAG_RUN_ID='scheduled__2022-08-07T00:00:00+00:00'
[2026-03-10T23:30:49.455+0530] {taskinstance.py:430} INFO - ::endgroup::
[2026-03-10T23:30:49.456+0530] {python.py:237} INFO - Done. Returned value was: 4
[2026-03-10T23:30:49.457+0530] {taskinstance.py:441} INFO - ::group::Post task execution logs
[2026-03-10T23:30:49.577+0530] {taskinstance.py:1206} INFO - Marking task as SUCCESS. dag_id=example_dynamic_task_mapping, task_id=add_one, run_id=scheduled__2022-08-07T00:00:00+00:00, map_index=2, execution_date=20220807T000000, start_date=20260310T180048, end_date=20260310T180049
[2026-03-10T23:30:49.648+0530] {local_task_job_runner.py:243} INFO - Task exited with return code 0
[2026-03-10T23:30:49.738+0530] {taskinstance.py:3503} INFO - 1 downstream tasks scheduled from follow-on schedule check
[2026-03-10T23:30:49.759+0530] {local_task_job_runner.py:222} INFO - ::endgroup::
