[2025-12-27T19:41:47.919+0530] {local_task_job_runner.py:120} INFO - ::group::Pre task execution logs
[2025-12-27T19:41:47.944+0530] {taskinstance.py:2076} INFO - Dependencies all met for dep_context=non-requeueable deps ti=<TaskInstance: example_dynamic_task_mapping.add_one scheduled__2022-12-27T00:00:00+00:00 map_index=2 [queued]>
[2025-12-27T19:41:47.951+0530] {taskinstance.py:2076} INFO - Dependencies all met for dep_context=requeueable deps ti=<TaskInstance: example_dynamic_task_mapping.add_one scheduled__2022-12-27T00:00:00+00:00 map_index=2 [queued]>
[2025-12-27T19:41:47.951+0530] {taskinstance.py:2306} INFO - Starting attempt 1 of 1
[2025-12-27T19:41:47.970+0530] {taskinstance.py:2330} INFO - Executing <Mapped(_PythonDecoratedOperator): add_one> on 2022-12-27 00:00:00+00:00
[2025-12-27T19:41:47.974+0530] {standard_task_runner.py:64} INFO - Started process 1686 to run task
[2025-12-27T19:41:47.979+0530] {standard_task_runner.py:90} INFO - Running: ['airflow', 'tasks', 'run', 'example_dynamic_task_mapping', 'add_one', 'scheduled__2022-12-27T00:00:00+00:00', '--job-id', '1892', '--raw', '--subdir', '/home/sathya/projects/training-kit/.venv-airflow/lib/python3.10/site-packages/airflow/example_dags/example_dynamic_task_mapping.py', '--cfg-path', '/tmp/tmp_1sx4gcc', '--map-index', '2']
[2025-12-27T19:41:47.980+0530] {standard_task_runner.py:91} INFO - Job 1892: Subtask add_one
[2025-12-27T19:41:48.028+0530] {task_command.py:426} INFO - Running <TaskInstance: example_dynamic_task_mapping.add_one scheduled__2022-12-27T00:00:00+00:00 map_index=2 [running]> on host LAPTOP-A1PMOBSE.localdomain
[2025-12-27T19:41:48.117+0530] {taskinstance.py:2648} INFO - Exporting env vars: AIRFLOW_CTX_DAG_OWNER='airflow' AIRFLOW_CTX_DAG_ID='example_dynamic_task_mapping' AIRFLOW_CTX_TASK_ID='add_one' AIRFLOW_CTX_EXECUTION_DATE='2022-12-27T00:00:00+00:00' AIRFLOW_CTX_TRY_NUMBER='1' AIRFLOW_CTX_DAG_RUN_ID='scheduled__2022-12-27T00:00:00+00:00'
[2025-12-27T19:41:48.118+0530] {taskinstance.py:430} INFO - ::endgroup::
[2025-12-27T19:41:48.119+0530] {python.py:237} INFO - Done. Returned value was: 4
[2025-12-27T19:41:48.119+0530] {taskinstance.py:441} INFO - ::group::Post task execution logs
[2025-12-27T19:41:48.135+0530] {taskinstance.py:1206} INFO - Marking task as SUCCESS. dag_id=example_dynamic_task_mapping, task_id=add_one, run_id=scheduled__2022-12-27T00:00:00+00:00, map_index=2, execution_date=20221227T000000, start_date=20251227T141147, end_date=20251227T141148
[2025-12-27T19:41:48.153+0530] {local_task_job_runner.py:243} INFO - Task exited with return code 0
[2025-12-27T19:41:48.169+0530] {taskinstance.py:3503} INFO - 1 downstream tasks scheduled from follow-on schedule check
[2025-12-27T19:41:48.176+0530] {local_task_job_runner.py:222} INFO - ::endgroup::
[2026-03-11T22:55:15.517+0530] {local_task_job_runner.py:120} INFO - ::group::Pre task execution logs
[2026-03-11T22:55:15.536+0530] {taskinstance.py:2076} INFO - Dependencies all met for dep_context=non-requeueable deps ti=<TaskInstance: example_dynamic_task_mapping.add_one scheduled__2022-12-27T00:00:00+00:00 map_index=2 [queued]>
[2026-03-11T22:55:15.541+0530] {taskinstance.py:2076} INFO - Dependencies all met for dep_context=requeueable deps ti=<TaskInstance: example_dynamic_task_mapping.add_one scheduled__2022-12-27T00:00:00+00:00 map_index=2 [queued]>
[2026-03-11T22:55:15.541+0530] {taskinstance.py:2306} INFO - Starting attempt 1 of 1
[2026-03-11T22:55:15.557+0530] {taskinstance.py:2330} INFO - Executing <Mapped(_PythonDecoratedOperator): add_one> on 2022-12-27 00:00:00+00:00
[2026-03-11T22:55:15.561+0530] {standard_task_runner.py:64} INFO - Started process 11763 to run task
[2026-03-11T22:55:15.563+0530] {standard_task_runner.py:90} INFO - Running: ['airflow', 'tasks', 'run', 'example_dynamic_task_mapping', 'add_one', 'scheduled__2022-12-27T00:00:00+00:00', '--job-id', '2191', '--raw', '--subdir', '/home/sathya/projects/training-kit/.venv-airflow/lib/python3.10/site-packages/airflow/example_dags/example_dynamic_task_mapping.py', '--cfg-path', '/tmp/tmprn95j6bq', '--map-index', '2']
[2026-03-11T22:55:15.565+0530] {standard_task_runner.py:91} INFO - Job 2191: Subtask add_one
[2026-03-11T22:55:15.597+0530] {task_command.py:426} INFO - Running <TaskInstance: example_dynamic_task_mapping.add_one scheduled__2022-12-27T00:00:00+00:00 map_index=2 [running]> on host LAPTOP-A1PMOBSE.localdomain
[2026-03-11T22:55:15.663+0530] {taskinstance.py:2648} INFO - Exporting env vars: AIRFLOW_CTX_DAG_OWNER='airflow' AIRFLOW_CTX_DAG_ID='example_dynamic_task_mapping' AIRFLOW_CTX_TASK_ID='add_one' AIRFLOW_CTX_EXECUTION_DATE='2022-12-27T00:00:00+00:00' AIRFLOW_CTX_TRY_NUMBER='1' AIRFLOW_CTX_DAG_RUN_ID='scheduled__2022-12-27T00:00:00+00:00'
[2026-03-11T22:55:15.664+0530] {taskinstance.py:430} INFO - ::endgroup::
[2026-03-11T22:55:15.664+0530] {python.py:237} INFO - Done. Returned value was: 4
[2026-03-11T22:55:15.665+0530] {taskinstance.py:441} INFO - ::group::Post task execution logs
[2026-03-11T22:55:15.681+0530] {taskinstance.py:1206} INFO - Marking task as SUCCESS. dag_id=example_dynamic_task_mapping, task_id=add_one, run_id=scheduled__2022-12-27T00:00:00+00:00, map_index=2, execution_date=20221227T000000, start_date=20260311T172515, end_date=20260311T172515
[2026-03-11T22:55:15.708+0530] {local_task_job_runner.py:243} INFO - Task exited with return code 0
[2026-03-11T22:55:15.722+0530] {taskinstance.py:3503} INFO - 1 downstream tasks scheduled from follow-on schedule check
[2026-03-11T22:55:15.729+0530] {local_task_job_runner.py:222} INFO - ::endgroup::
