[2025-12-26T22:18:45.755+0530] {local_task_job_runner.py:120} INFO - ::group::Pre task execution logs
[2025-12-26T22:18:45.772+0530] {taskinstance.py:2076} INFO - Dependencies all met for dep_context=non-requeueable deps ti=<TaskInstance: example_dynamic_task_mapping.add_one scheduled__2022-05-02T00:00:00+00:00 map_index=2 [queued]>
[2025-12-26T22:18:45.781+0530] {taskinstance.py:2076} INFO - Dependencies all met for dep_context=requeueable deps ti=<TaskInstance: example_dynamic_task_mapping.add_one scheduled__2022-05-02T00:00:00+00:00 map_index=2 [queued]>
[2025-12-26T22:18:45.781+0530] {taskinstance.py:2306} INFO - Starting attempt 1 of 1
[2025-12-26T22:18:45.799+0530] {taskinstance.py:2330} INFO - Executing <Mapped(_PythonDecoratedOperator): add_one> on 2022-05-02 00:00:00+00:00
[2025-12-26T22:18:45.802+0530] {standard_task_runner.py:64} INFO - Started process 5630 to run task
[2025-12-26T22:18:45.808+0530] {standard_task_runner.py:90} INFO - Running: ['airflow', 'tasks', 'run', 'example_dynamic_task_mapping', 'add_one', 'scheduled__2022-05-02T00:00:00+00:00', '--job-id', '431', '--raw', '--subdir', '/home/sathya/projects/training-kit/.venv-airflow/lib/python3.10/site-packages/airflow/example_dags/example_dynamic_task_mapping.py', '--cfg-path', '/tmp/tmpxv73rf43', '--map-index', '2']
[2025-12-26T22:18:45.808+0530] {standard_task_runner.py:91} INFO - Job 431: Subtask add_one
[2025-12-26T22:18:45.844+0530] {task_command.py:426} INFO - Running <TaskInstance: example_dynamic_task_mapping.add_one scheduled__2022-05-02T00:00:00+00:00 map_index=2 [running]> on host LAPTOP-A1PMOBSE.localdomain
[2025-12-26T22:18:45.903+0530] {taskinstance.py:2648} INFO - Exporting env vars: AIRFLOW_CTX_DAG_OWNER='airflow' AIRFLOW_CTX_DAG_ID='example_dynamic_task_mapping' AIRFLOW_CTX_TASK_ID='add_one' AIRFLOW_CTX_EXECUTION_DATE='2022-05-02T00:00:00+00:00' AIRFLOW_CTX_TRY_NUMBER='1' AIRFLOW_CTX_DAG_RUN_ID='scheduled__2022-05-02T00:00:00+00:00'
[2025-12-26T22:18:45.904+0530] {taskinstance.py:430} INFO - ::endgroup::
[2025-12-26T22:18:45.904+0530] {python.py:237} INFO - Done. Returned value was: 4
[2025-12-26T22:18:45.904+0530] {taskinstance.py:441} INFO - ::group::Post task execution logs
[2025-12-26T22:18:45.920+0530] {taskinstance.py:1206} INFO - Marking task as SUCCESS. dag_id=example_dynamic_task_mapping, task_id=add_one, run_id=scheduled__2022-05-02T00:00:00+00:00, map_index=2, execution_date=20220502T000000, start_date=20251226T164845, end_date=20251226T164845
[2025-12-26T22:18:45.942+0530] {local_task_job_runner.py:243} INFO - Task exited with return code 0
[2025-12-26T22:18:45.956+0530] {taskinstance.py:3503} INFO - 1 downstream tasks scheduled from follow-on schedule check
[2025-12-26T22:18:45.964+0530] {local_task_job_runner.py:222} INFO - ::endgroup::
[2026-03-10T23:08:17.955+0530] {local_task_job_runner.py:120} INFO - ::group::Pre task execution logs
[2026-03-10T23:08:17.983+0530] {taskinstance.py:2076} INFO - Dependencies all met for dep_context=non-requeueable deps ti=<TaskInstance: example_dynamic_task_mapping.add_one scheduled__2022-05-02T00:00:00+00:00 map_index=2 [queued]>
[2026-03-10T23:08:17.992+0530] {taskinstance.py:2076} INFO - Dependencies all met for dep_context=requeueable deps ti=<TaskInstance: example_dynamic_task_mapping.add_one scheduled__2022-05-02T00:00:00+00:00 map_index=2 [queued]>
[2026-03-10T23:08:17.992+0530] {taskinstance.py:2306} INFO - Starting attempt 1 of 1
[2026-03-10T23:08:18.015+0530] {taskinstance.py:2330} INFO - Executing <Mapped(_PythonDecoratedOperator): add_one> on 2022-05-02 00:00:00+00:00
[2026-03-10T23:08:18.021+0530] {standard_task_runner.py:64} INFO - Started process 6737 to run task
[2026-03-10T23:08:18.025+0530] {standard_task_runner.py:90} INFO - Running: ['airflow', 'tasks', 'run', 'example_dynamic_task_mapping', 'add_one', 'scheduled__2022-05-02T00:00:00+00:00', '--job-id', '569', '--raw', '--subdir', '/home/sathya/projects/training-kit/.venv-airflow/lib/python3.10/site-packages/airflow/example_dags/example_dynamic_task_mapping.py', '--cfg-path', '/tmp/tmp17bipo_7', '--map-index', '2']
[2026-03-10T23:08:18.028+0530] {standard_task_runner.py:91} INFO - Job 569: Subtask add_one
[2026-03-10T23:08:18.077+0530] {task_command.py:426} INFO - Running <TaskInstance: example_dynamic_task_mapping.add_one scheduled__2022-05-02T00:00:00+00:00 map_index=2 [running]> on host LAPTOP-A1PMOBSE.localdomain
[2026-03-10T23:08:18.151+0530] {taskinstance.py:2648} INFO - Exporting env vars: AIRFLOW_CTX_DAG_OWNER='airflow' AIRFLOW_CTX_DAG_ID='example_dynamic_task_mapping' AIRFLOW_CTX_TASK_ID='add_one' AIRFLOW_CTX_EXECUTION_DATE='2022-05-02T00:00:00+00:00' AIRFLOW_CTX_TRY_NUMBER='1' AIRFLOW_CTX_DAG_RUN_ID='scheduled__2022-05-02T00:00:00+00:00'
[2026-03-10T23:08:18.153+0530] {taskinstance.py:430} INFO - ::endgroup::
[2026-03-10T23:08:18.153+0530] {python.py:237} INFO - Done. Returned value was: 4
[2026-03-10T23:08:18.153+0530] {taskinstance.py:441} INFO - ::group::Post task execution logs
[2026-03-10T23:08:18.173+0530] {taskinstance.py:1206} INFO - Marking task as SUCCESS. dag_id=example_dynamic_task_mapping, task_id=add_one, run_id=scheduled__2022-05-02T00:00:00+00:00, map_index=2, execution_date=20220502T000000, start_date=20260310T173817, end_date=20260310T173818
[2026-03-10T23:08:18.201+0530] {local_task_job_runner.py:243} INFO - Task exited with return code 0
[2026-03-10T23:08:18.219+0530] {taskinstance.py:3503} INFO - 1 downstream tasks scheduled from follow-on schedule check
[2026-03-10T23:08:18.227+0530] {local_task_job_runner.py:222} INFO - ::endgroup::
