[2025-12-26T22:42:39.355+0530] {local_task_job_runner.py:120} INFO - ::group::Pre task execution logs
[2025-12-26T22:42:39.371+0530] {taskinstance.py:2076} INFO - Dependencies all met for dep_context=non-requeueable deps ti=<TaskInstance: example_dynamic_task_mapping.sum_it scheduled__2022-08-05T00:00:00+00:00 [queued]>
[2025-12-26T22:42:39.375+0530] {taskinstance.py:2076} INFO - Dependencies all met for dep_context=requeueable deps ti=<TaskInstance: example_dynamic_task_mapping.sum_it scheduled__2022-08-05T00:00:00+00:00 [queued]>
[2025-12-26T22:42:39.375+0530] {taskinstance.py:2306} INFO - Starting attempt 1 of 1
[2025-12-26T22:42:39.390+0530] {taskinstance.py:2330} INFO - Executing <Task(_PythonDecoratedOperator): sum_it> on 2022-08-05 00:00:00+00:00
[2025-12-26T22:42:39.392+0530] {standard_task_runner.py:64} INFO - Started process 8606 to run task
[2025-12-26T22:42:39.395+0530] {standard_task_runner.py:90} INFO - Running: ['airflow', 'tasks', 'run', 'example_dynamic_task_mapping', 'sum_it', 'scheduled__2022-08-05T00:00:00+00:00', '--job-id', '938', '--raw', '--subdir', '/home/sathya/projects/training-kit/.venv-airflow/lib/python3.10/site-packages/airflow/example_dags/example_dynamic_task_mapping.py', '--cfg-path', '/tmp/tmp0c6or2v2']
[2025-12-26T22:42:39.395+0530] {standard_task_runner.py:91} INFO - Job 938: Subtask sum_it
[2025-12-26T22:42:39.425+0530] {task_command.py:426} INFO - Running <TaskInstance: example_dynamic_task_mapping.sum_it scheduled__2022-08-05T00:00:00+00:00 [running]> on host LAPTOP-A1PMOBSE.localdomain
[2025-12-26T22:42:39.488+0530] {taskinstance.py:2648} INFO - Exporting env vars: AIRFLOW_CTX_DAG_OWNER='airflow' AIRFLOW_CTX_DAG_ID='example_dynamic_task_mapping' AIRFLOW_CTX_TASK_ID='sum_it' AIRFLOW_CTX_EXECUTION_DATE='2022-08-05T00:00:00+00:00' AIRFLOW_CTX_TRY_NUMBER='1' AIRFLOW_CTX_DAG_RUN_ID='scheduled__2022-08-05T00:00:00+00:00'
[2025-12-26T22:42:39.489+0530] {taskinstance.py:430} INFO - ::endgroup::
[2025-12-26T22:42:39.491+0530] {logging_mixin.py:188} INFO - Total was 9
[2025-12-26T22:42:39.491+0530] {python.py:237} INFO - Done. Returned value was: None
[2025-12-26T22:42:39.491+0530] {taskinstance.py:441} INFO - ::group::Post task execution logs
[2025-12-26T22:42:39.495+0530] {taskinstance.py:1206} INFO - Marking task as SUCCESS. dag_id=example_dynamic_task_mapping, task_id=sum_it, run_id=scheduled__2022-08-05T00:00:00+00:00, execution_date=20220805T000000, start_date=20251226T171239, end_date=20251226T171239
[2025-12-26T22:42:39.527+0530] {local_task_job_runner.py:243} INFO - Task exited with return code 0
[2025-12-26T22:42:39.537+0530] {taskinstance.py:3503} INFO - 0 downstream tasks scheduled from follow-on schedule check
[2025-12-26T22:42:39.537+0530] {local_task_job_runner.py:222} INFO - ::endgroup::
[2026-03-10T23:31:05.162+0530] {local_task_job_runner.py:120} INFO - ::group::Pre task execution logs
[2026-03-10T23:31:05.231+0530] {taskinstance.py:2076} INFO - Dependencies all met for dep_context=non-requeueable deps ti=<TaskInstance: example_dynamic_task_mapping.sum_it scheduled__2022-08-05T00:00:00+00:00 [queued]>
[2026-03-10T23:31:05.245+0530] {taskinstance.py:2076} INFO - Dependencies all met for dep_context=requeueable deps ti=<TaskInstance: example_dynamic_task_mapping.sum_it scheduled__2022-08-05T00:00:00+00:00 [queued]>
[2026-03-10T23:31:05.247+0530] {taskinstance.py:2306} INFO - Starting attempt 1 of 1
[2026-03-10T23:31:05.297+0530] {taskinstance.py:2330} INFO - Executing <Task(_PythonDecoratedOperator): sum_it> on 2022-08-05 00:00:00+00:00
[2026-03-10T23:31:05.312+0530] {standard_task_runner.py:64} INFO - Started process 12249 to run task
[2026-03-10T23:31:05.321+0530] {standard_task_runner.py:90} INFO - Running: ['airflow', 'tasks', 'run', 'example_dynamic_task_mapping', 'sum_it', 'scheduled__2022-08-05T00:00:00+00:00', '--job-id', '1103', '--raw', '--subdir', '/home/sathya/projects/training-kit/.venv-airflow/lib/python3.10/site-packages/airflow/example_dags/example_dynamic_task_mapping.py', '--cfg-path', '/tmp/tmpmzujxmx7']
[2026-03-10T23:31:05.325+0530] {standard_task_runner.py:91} INFO - Job 1103: Subtask sum_it
[2026-03-10T23:31:05.436+0530] {task_command.py:426} INFO - Running <TaskInstance: example_dynamic_task_mapping.sum_it scheduled__2022-08-05T00:00:00+00:00 [running]> on host LAPTOP-A1PMOBSE.localdomain
[2026-03-10T23:31:05.678+0530] {taskinstance.py:2648} INFO - Exporting env vars: AIRFLOW_CTX_DAG_OWNER='airflow' AIRFLOW_CTX_DAG_ID='example_dynamic_task_mapping' AIRFLOW_CTX_TASK_ID='sum_it' AIRFLOW_CTX_EXECUTION_DATE='2022-08-05T00:00:00+00:00' AIRFLOW_CTX_TRY_NUMBER='1' AIRFLOW_CTX_DAG_RUN_ID='scheduled__2022-08-05T00:00:00+00:00'
[2026-03-10T23:31:05.682+0530] {taskinstance.py:430} INFO - ::endgroup::
[2026-03-10T23:31:05.689+0530] {logging_mixin.py:188} INFO - Total was 9
[2026-03-10T23:31:05.690+0530] {python.py:237} INFO - Done. Returned value was: None
[2026-03-10T23:31:05.691+0530] {taskinstance.py:441} INFO - ::group::Post task execution logs
[2026-03-10T23:31:05.706+0530] {taskinstance.py:1206} INFO - Marking task as SUCCESS. dag_id=example_dynamic_task_mapping, task_id=sum_it, run_id=scheduled__2022-08-05T00:00:00+00:00, execution_date=20220805T000000, start_date=20260310T180105, end_date=20260310T180105
[2026-03-10T23:31:05.766+0530] {local_task_job_runner.py:243} INFO - Task exited with return code 0
[2026-03-10T23:31:05.810+0530] {taskinstance.py:3503} INFO - 0 downstream tasks scheduled from follow-on schedule check
[2026-03-10T23:31:05.812+0530] {local_task_job_runner.py:222} INFO - ::endgroup::
