[2025-12-26T23:12:01.485+0530] {local_task_job_runner.py:120} INFO - ::group::Pre task execution logs
[2025-12-26T23:12:01.502+0530] {taskinstance.py:2076} INFO - Dependencies all met for dep_context=non-requeueable deps ti=<TaskInstance: example_dynamic_task_mapping.sum_it scheduled__2022-11-13T00:00:00+00:00 [queued]>
[2025-12-26T23:12:01.506+0530] {taskinstance.py:2076} INFO - Dependencies all met for dep_context=requeueable deps ti=<TaskInstance: example_dynamic_task_mapping.sum_it scheduled__2022-11-13T00:00:00+00:00 [queued]>
[2025-12-26T23:12:01.506+0530] {taskinstance.py:2306} INFO - Starting attempt 1 of 1
[2025-12-26T23:12:01.520+0530] {taskinstance.py:2330} INFO - Executing <Task(_PythonDecoratedOperator): sum_it> on 2022-11-13 00:00:00+00:00
[2025-12-26T23:12:01.523+0530] {standard_task_runner.py:64} INFO - Started process 11947 to run task
[2025-12-26T23:12:01.526+0530] {standard_task_runner.py:90} INFO - Running: ['airflow', 'tasks', 'run', 'example_dynamic_task_mapping', 'sum_it', 'scheduled__2022-11-13T00:00:00+00:00', '--job-id', '1493', '--raw', '--subdir', '/home/sathya/projects/training-kit/.venv-airflow/lib/python3.10/site-packages/airflow/example_dags/example_dynamic_task_mapping.py', '--cfg-path', '/tmp/tmpkrz95732']
[2025-12-26T23:12:01.527+0530] {standard_task_runner.py:91} INFO - Job 1493: Subtask sum_it
[2025-12-26T23:12:01.559+0530] {task_command.py:426} INFO - Running <TaskInstance: example_dynamic_task_mapping.sum_it scheduled__2022-11-13T00:00:00+00:00 [running]> on host LAPTOP-A1PMOBSE.localdomain
[2025-12-26T23:12:01.632+0530] {taskinstance.py:2648} INFO - Exporting env vars: AIRFLOW_CTX_DAG_OWNER='airflow' AIRFLOW_CTX_DAG_ID='example_dynamic_task_mapping' AIRFLOW_CTX_TASK_ID='sum_it' AIRFLOW_CTX_EXECUTION_DATE='2022-11-13T00:00:00+00:00' AIRFLOW_CTX_TRY_NUMBER='1' AIRFLOW_CTX_DAG_RUN_ID='scheduled__2022-11-13T00:00:00+00:00'
[2025-12-26T23:12:01.633+0530] {taskinstance.py:430} INFO - ::endgroup::
[2025-12-26T23:12:01.636+0530] {logging_mixin.py:188} INFO - Total was 9
[2025-12-26T23:12:01.636+0530] {python.py:237} INFO - Done. Returned value was: None
[2025-12-26T23:12:01.636+0530] {taskinstance.py:441} INFO - ::group::Post task execution logs
[2025-12-26T23:12:01.639+0530] {taskinstance.py:1206} INFO - Marking task as SUCCESS. dag_id=example_dynamic_task_mapping, task_id=sum_it, run_id=scheduled__2022-11-13T00:00:00+00:00, execution_date=20221113T000000, start_date=20251226T174201, end_date=20251226T174201
[2025-12-26T23:12:01.666+0530] {local_task_job_runner.py:243} INFO - Task exited with return code 0
[2025-12-26T23:12:01.674+0530] {taskinstance.py:3503} INFO - 0 downstream tasks scheduled from follow-on schedule check
[2025-12-26T23:12:01.674+0530] {local_task_job_runner.py:222} INFO - ::endgroup::
[2026-03-11T22:39:44.700+0530] {local_task_job_runner.py:120} INFO - ::group::Pre task execution logs
[2026-03-11T22:39:44.727+0530] {taskinstance.py:2076} INFO - Dependencies all met for dep_context=non-requeueable deps ti=<TaskInstance: example_dynamic_task_mapping.sum_it scheduled__2022-11-13T00:00:00+00:00 [queued]>
[2026-03-11T22:39:44.734+0530] {taskinstance.py:2076} INFO - Dependencies all met for dep_context=requeueable deps ti=<TaskInstance: example_dynamic_task_mapping.sum_it scheduled__2022-11-13T00:00:00+00:00 [queued]>
[2026-03-11T22:39:44.734+0530] {taskinstance.py:2306} INFO - Starting attempt 1 of 1
[2026-03-11T22:39:44.753+0530] {taskinstance.py:2330} INFO - Executing <Task(_PythonDecoratedOperator): sum_it> on 2022-11-13 00:00:00+00:00
[2026-03-11T22:39:44.757+0530] {standard_task_runner.py:64} INFO - Started process 9224 to run task
[2026-03-11T22:39:44.760+0530] {standard_task_runner.py:90} INFO - Running: ['airflow', 'tasks', 'run', 'example_dynamic_task_mapping', 'sum_it', 'scheduled__2022-11-13T00:00:00+00:00', '--job-id', '1939', '--raw', '--subdir', '/home/sathya/projects/training-kit/.venv-airflow/lib/python3.10/site-packages/airflow/example_dags/example_dynamic_task_mapping.py', '--cfg-path', '/tmp/tmphxgnziqs']
[2026-03-11T22:39:44.763+0530] {standard_task_runner.py:91} INFO - Job 1939: Subtask sum_it
[2026-03-11T22:39:44.794+0530] {task_command.py:426} INFO - Running <TaskInstance: example_dynamic_task_mapping.sum_it scheduled__2022-11-13T00:00:00+00:00 [running]> on host LAPTOP-A1PMOBSE.localdomain
[2026-03-11T22:39:44.866+0530] {taskinstance.py:2648} INFO - Exporting env vars: AIRFLOW_CTX_DAG_OWNER='airflow' AIRFLOW_CTX_DAG_ID='example_dynamic_task_mapping' AIRFLOW_CTX_TASK_ID='sum_it' AIRFLOW_CTX_EXECUTION_DATE='2022-11-13T00:00:00+00:00' AIRFLOW_CTX_TRY_NUMBER='1' AIRFLOW_CTX_DAG_RUN_ID='scheduled__2022-11-13T00:00:00+00:00'
[2026-03-11T22:39:44.867+0530] {taskinstance.py:430} INFO - ::endgroup::
[2026-03-11T22:39:44.870+0530] {logging_mixin.py:188} INFO - Total was 9
[2026-03-11T22:39:44.870+0530] {python.py:237} INFO - Done. Returned value was: None
[2026-03-11T22:39:44.870+0530] {taskinstance.py:441} INFO - ::group::Post task execution logs
[2026-03-11T22:39:44.874+0530] {taskinstance.py:1206} INFO - Marking task as SUCCESS. dag_id=example_dynamic_task_mapping, task_id=sum_it, run_id=scheduled__2022-11-13T00:00:00+00:00, execution_date=20221113T000000, start_date=20260311T170944, end_date=20260311T170944
[2026-03-11T22:39:44.902+0530] {local_task_job_runner.py:243} INFO - Task exited with return code 0
[2026-03-11T22:39:44.912+0530] {taskinstance.py:3503} INFO - 0 downstream tasks scheduled from follow-on schedule check
[2026-03-11T22:39:44.912+0530] {local_task_job_runner.py:222} INFO - ::endgroup::
