[2025-12-26T23:01:46.136+0530] {local_task_job_runner.py:120} INFO - ::group::Pre task execution logs
[2025-12-26T23:01:46.169+0530] {taskinstance.py:2076} INFO - Dependencies all met for dep_context=non-requeueable deps ti=<TaskInstance: example_dynamic_task_mapping.add_one scheduled__2022-10-17T00:00:00+00:00 map_index=2 [queued]>
[2025-12-26T23:01:46.199+0530] {taskinstance.py:2076} INFO - Dependencies all met for dep_context=requeueable deps ti=<TaskInstance: example_dynamic_task_mapping.add_one scheduled__2022-10-17T00:00:00+00:00 map_index=2 [queued]>
[2025-12-26T23:01:46.200+0530] {taskinstance.py:2306} INFO - Starting attempt 1 of 1
[2025-12-26T23:01:46.236+0530] {taskinstance.py:2330} INFO - Executing <Mapped(_PythonDecoratedOperator): add_one> on 2022-10-17 00:00:00+00:00
[2025-12-26T23:01:46.240+0530] {standard_task_runner.py:64} INFO - Started process 10826 to run task
[2025-12-26T23:01:46.251+0530] {standard_task_runner.py:90} INFO - Running: ['airflow', 'tasks', 'run', 'example_dynamic_task_mapping', 'add_one', 'scheduled__2022-10-17T00:00:00+00:00', '--job-id', '1321', '--raw', '--subdir', '/home/sathya/projects/training-kit/.venv-airflow/lib/python3.10/site-packages/airflow/example_dags/example_dynamic_task_mapping.py', '--cfg-path', '/tmp/tmp_wrterne', '--map-index', '2']
[2025-12-26T23:01:46.253+0530] {standard_task_runner.py:91} INFO - Job 1321: Subtask add_one
[2025-12-26T23:01:46.365+0530] {task_command.py:426} INFO - Running <TaskInstance: example_dynamic_task_mapping.add_one scheduled__2022-10-17T00:00:00+00:00 map_index=2 [running]> on host LAPTOP-A1PMOBSE.localdomain
[2025-12-26T23:01:46.461+0530] {taskinstance.py:2648} INFO - Exporting env vars: AIRFLOW_CTX_DAG_OWNER='airflow' AIRFLOW_CTX_DAG_ID='example_dynamic_task_mapping' AIRFLOW_CTX_TASK_ID='add_one' AIRFLOW_CTX_EXECUTION_DATE='2022-10-17T00:00:00+00:00' AIRFLOW_CTX_TRY_NUMBER='1' AIRFLOW_CTX_DAG_RUN_ID='scheduled__2022-10-17T00:00:00+00:00'
[2025-12-26T23:01:46.463+0530] {taskinstance.py:430} INFO - ::endgroup::
[2025-12-26T23:01:46.464+0530] {python.py:237} INFO - Done. Returned value was: 4
[2025-12-26T23:01:46.464+0530] {taskinstance.py:441} INFO - ::group::Post task execution logs
[2025-12-26T23:01:46.485+0530] {taskinstance.py:1206} INFO - Marking task as SUCCESS. dag_id=example_dynamic_task_mapping, task_id=add_one, run_id=scheduled__2022-10-17T00:00:00+00:00, map_index=2, execution_date=20221017T000000, start_date=20251226T173146, end_date=20251226T173146
[2025-12-26T23:01:46.526+0530] {local_task_job_runner.py:243} INFO - Task exited with return code 0
[2025-12-26T23:01:46.560+0530] {taskinstance.py:3503} INFO - 1 downstream tasks scheduled from follow-on schedule check
[2025-12-26T23:01:46.571+0530] {local_task_job_runner.py:222} INFO - ::endgroup::
[2026-03-11T22:24:51.368+0530] {local_task_job_runner.py:120} INFO - ::group::Pre task execution logs
[2026-03-11T22:24:51.403+0530] {taskinstance.py:2076} INFO - Dependencies all met for dep_context=non-requeueable deps ti=<TaskInstance: example_dynamic_task_mapping.add_one scheduled__2022-10-17T00:00:00+00:00 map_index=2 [queued]>
[2026-03-11T22:24:51.418+0530] {taskinstance.py:2076} INFO - Dependencies all met for dep_context=requeueable deps ti=<TaskInstance: example_dynamic_task_mapping.add_one scheduled__2022-10-17T00:00:00+00:00 map_index=2 [queued]>
[2026-03-11T22:24:51.418+0530] {taskinstance.py:2306} INFO - Starting attempt 1 of 1
[2026-03-11T22:24:51.449+0530] {taskinstance.py:2330} INFO - Executing <Mapped(_PythonDecoratedOperator): add_one> on 2022-10-17 00:00:00+00:00
[2026-03-11T22:24:51.453+0530] {standard_task_runner.py:64} INFO - Started process 7190 to run task
[2026-03-11T22:24:51.458+0530] {standard_task_runner.py:90} INFO - Running: ['airflow', 'tasks', 'run', 'example_dynamic_task_mapping', 'add_one', 'scheduled__2022-10-17T00:00:00+00:00', '--job-id', '1745', '--raw', '--subdir', '/home/sathya/projects/training-kit/.venv-airflow/lib/python3.10/site-packages/airflow/example_dags/example_dynamic_task_mapping.py', '--cfg-path', '/tmp/tmpiljlohe1', '--map-index', '2']
[2026-03-11T22:24:51.462+0530] {standard_task_runner.py:91} INFO - Job 1745: Subtask add_one
[2026-03-11T22:24:51.526+0530] {task_command.py:426} INFO - Running <TaskInstance: example_dynamic_task_mapping.add_one scheduled__2022-10-17T00:00:00+00:00 map_index=2 [running]> on host LAPTOP-A1PMOBSE.localdomain
[2026-03-11T22:24:51.641+0530] {taskinstance.py:2648} INFO - Exporting env vars: AIRFLOW_CTX_DAG_OWNER='airflow' AIRFLOW_CTX_DAG_ID='example_dynamic_task_mapping' AIRFLOW_CTX_TASK_ID='add_one' AIRFLOW_CTX_EXECUTION_DATE='2022-10-17T00:00:00+00:00' AIRFLOW_CTX_TRY_NUMBER='1' AIRFLOW_CTX_DAG_RUN_ID='scheduled__2022-10-17T00:00:00+00:00'
[2026-03-11T22:24:51.644+0530] {taskinstance.py:430} INFO - ::endgroup::
[2026-03-11T22:24:51.646+0530] {python.py:237} INFO - Done. Returned value was: 4
[2026-03-11T22:24:51.647+0530] {taskinstance.py:441} INFO - ::group::Post task execution logs
[2026-03-11T22:24:51.668+0530] {taskinstance.py:1206} INFO - Marking task as SUCCESS. dag_id=example_dynamic_task_mapping, task_id=add_one, run_id=scheduled__2022-10-17T00:00:00+00:00, map_index=2, execution_date=20221017T000000, start_date=20260311T165451, end_date=20260311T165451
[2026-03-11T22:24:51.726+0530] {local_task_job_runner.py:243} INFO - Task exited with return code 0
[2026-03-11T22:24:51.750+0530] {taskinstance.py:3503} INFO - 1 downstream tasks scheduled from follow-on schedule check
[2026-03-11T22:24:51.761+0530] {local_task_job_runner.py:222} INFO - ::endgroup::
