[2025-12-27T19:29:32.401+0530] {local_task_job_runner.py:120} INFO - ::group::Pre task execution logs
[2025-12-27T19:29:32.431+0530] {taskinstance.py:2076} INFO - Dependencies all met for dep_context=non-requeueable deps ti=<TaskInstance: example_dynamic_task_mapping.add_one scheduled__2022-11-29T00:00:00+00:00 map_index=0 [queued]>
[2025-12-27T19:29:32.436+0530] {taskinstance.py:2076} INFO - Dependencies all met for dep_context=requeueable deps ti=<TaskInstance: example_dynamic_task_mapping.add_one scheduled__2022-11-29T00:00:00+00:00 map_index=0 [queued]>
[2025-12-27T19:29:32.437+0530] {taskinstance.py:2306} INFO - Starting attempt 1 of 1
[2025-12-27T19:29:32.454+0530] {taskinstance.py:2330} INFO - Executing <Mapped(_PythonDecoratedOperator): add_one> on 2022-11-29 00:00:00+00:00
[2025-12-27T19:29:32.458+0530] {standard_task_runner.py:64} INFO - Started process 1214 to run task
[2025-12-27T19:29:32.462+0530] {standard_task_runner.py:90} INFO - Running: ['airflow', 'tasks', 'run', 'example_dynamic_task_mapping', 'add_one', 'scheduled__2022-11-29T00:00:00+00:00', '--job-id', '1717', '--raw', '--subdir', '/home/sathya/projects/training-kit/.venv-airflow/lib/python3.10/site-packages/airflow/example_dags/example_dynamic_task_mapping.py', '--cfg-path', '/tmp/tmpdkfvyvw1', '--map-index', '0']
[2025-12-27T19:29:32.463+0530] {standard_task_runner.py:91} INFO - Job 1717: Subtask add_one
[2025-12-27T19:29:32.503+0530] {task_command.py:426} INFO - Running <TaskInstance: example_dynamic_task_mapping.add_one scheduled__2022-11-29T00:00:00+00:00 map_index=0 [running]> on host LAPTOP-A1PMOBSE.localdomain
[2025-12-27T19:29:32.587+0530] {taskinstance.py:2648} INFO - Exporting env vars: AIRFLOW_CTX_DAG_OWNER='airflow' AIRFLOW_CTX_DAG_ID='example_dynamic_task_mapping' AIRFLOW_CTX_TASK_ID='add_one' AIRFLOW_CTX_EXECUTION_DATE='2022-11-29T00:00:00+00:00' AIRFLOW_CTX_TRY_NUMBER='1' AIRFLOW_CTX_DAG_RUN_ID='scheduled__2022-11-29T00:00:00+00:00'
[2025-12-27T19:29:32.589+0530] {taskinstance.py:430} INFO - ::endgroup::
[2025-12-27T19:29:32.589+0530] {python.py:237} INFO - Done. Returned value was: 2
[2025-12-27T19:29:32.589+0530] {taskinstance.py:441} INFO - ::group::Post task execution logs
[2025-12-27T19:29:32.608+0530] {taskinstance.py:1206} INFO - Marking task as SUCCESS. dag_id=example_dynamic_task_mapping, task_id=add_one, run_id=scheduled__2022-11-29T00:00:00+00:00, map_index=0, execution_date=20221129T000000, start_date=20251227T135932, end_date=20251227T135932
[2025-12-27T19:29:32.634+0530] {local_task_job_runner.py:243} INFO - Task exited with return code 0
[2025-12-27T19:29:32.653+0530] {taskinstance.py:3503} INFO - 0 downstream tasks scheduled from follow-on schedule check
[2025-12-27T19:29:32.654+0530] {local_task_job_runner.py:222} INFO - ::endgroup::
[2026-03-11T22:45:30.802+0530] {local_task_job_runner.py:120} INFO - ::group::Pre task execution logs
[2026-03-11T22:45:30.820+0530] {taskinstance.py:2076} INFO - Dependencies all met for dep_context=non-requeueable deps ti=<TaskInstance: example_dynamic_task_mapping.add_one scheduled__2022-11-29T00:00:00+00:00 map_index=0 [queued]>
[2026-03-11T22:45:30.825+0530] {taskinstance.py:2076} INFO - Dependencies all met for dep_context=requeueable deps ti=<TaskInstance: example_dynamic_task_mapping.add_one scheduled__2022-11-29T00:00:00+00:00 map_index=0 [queued]>
[2026-03-11T22:45:30.825+0530] {taskinstance.py:2306} INFO - Starting attempt 1 of 1
[2026-03-11T22:45:30.844+0530] {taskinstance.py:2330} INFO - Executing <Mapped(_PythonDecoratedOperator): add_one> on 2022-11-29 00:00:00+00:00
[2026-03-11T22:45:30.850+0530] {standard_task_runner.py:64} INFO - Started process 10137 to run task
[2026-03-11T22:45:30.853+0530] {standard_task_runner.py:90} INFO - Running: ['airflow', 'tasks', 'run', 'example_dynamic_task_mapping', 'add_one', 'scheduled__2022-11-29T00:00:00+00:00', '--job-id', '2030', '--raw', '--subdir', '/home/sathya/projects/training-kit/.venv-airflow/lib/python3.10/site-packages/airflow/example_dags/example_dynamic_task_mapping.py', '--cfg-path', '/tmp/tmpm1d0axy1', '--map-index', '0']
[2026-03-11T22:45:30.855+0530] {standard_task_runner.py:91} INFO - Job 2030: Subtask add_one
[2026-03-11T22:45:30.889+0530] {task_command.py:426} INFO - Running <TaskInstance: example_dynamic_task_mapping.add_one scheduled__2022-11-29T00:00:00+00:00 map_index=0 [running]> on host LAPTOP-A1PMOBSE.localdomain
[2026-03-11T22:45:30.962+0530] {taskinstance.py:2648} INFO - Exporting env vars: AIRFLOW_CTX_DAG_OWNER='airflow' AIRFLOW_CTX_DAG_ID='example_dynamic_task_mapping' AIRFLOW_CTX_TASK_ID='add_one' AIRFLOW_CTX_EXECUTION_DATE='2022-11-29T00:00:00+00:00' AIRFLOW_CTX_TRY_NUMBER='1' AIRFLOW_CTX_DAG_RUN_ID='scheduled__2022-11-29T00:00:00+00:00'
[2026-03-11T22:45:30.963+0530] {taskinstance.py:430} INFO - ::endgroup::
[2026-03-11T22:45:30.963+0530] {python.py:237} INFO - Done. Returned value was: 2
[2026-03-11T22:45:30.963+0530] {taskinstance.py:441} INFO - ::group::Post task execution logs
[2026-03-11T22:45:30.978+0530] {taskinstance.py:1206} INFO - Marking task as SUCCESS. dag_id=example_dynamic_task_mapping, task_id=add_one, run_id=scheduled__2022-11-29T00:00:00+00:00, map_index=0, execution_date=20221129T000000, start_date=20260311T171530, end_date=20260311T171530
[2026-03-11T22:45:30.994+0530] {local_task_job_runner.py:243} INFO - Task exited with return code 0
[2026-03-11T22:45:31.007+0530] {taskinstance.py:3503} INFO - 0 downstream tasks scheduled from follow-on schedule check
[2026-03-11T22:45:31.007+0530] {local_task_job_runner.py:222} INFO - ::endgroup::
