[2025-12-26T22:53:55.803+0530] {local_task_job_runner.py:120} INFO - ::group::Pre task execution logs
[2025-12-26T22:53:55.826+0530] {taskinstance.py:2076} INFO - Dependencies all met for dep_context=non-requeueable deps ti=<TaskInstance: example_dynamic_task_mapping.sum_it scheduled__2022-09-23T00:00:00+00:00 [queued]>
[2025-12-26T22:53:55.831+0530] {taskinstance.py:2076} INFO - Dependencies all met for dep_context=requeueable deps ti=<TaskInstance: example_dynamic_task_mapping.sum_it scheduled__2022-09-23T00:00:00+00:00 [queued]>
[2025-12-26T22:53:55.831+0530] {taskinstance.py:2306} INFO - Starting attempt 1 of 1
[2025-12-26T22:53:55.861+0530] {taskinstance.py:2330} INFO - Executing <Task(_PythonDecoratedOperator): sum_it> on 2022-09-23 00:00:00+00:00
[2025-12-26T22:53:55.864+0530] {standard_task_runner.py:64} INFO - Started process 9983 to run task
[2025-12-26T22:53:55.867+0530] {standard_task_runner.py:90} INFO - Running: ['airflow', 'tasks', 'run', 'example_dynamic_task_mapping', 'sum_it', 'scheduled__2022-09-23T00:00:00+00:00', '--job-id', '1187', '--raw', '--subdir', '/home/sathya/projects/training-kit/.venv-airflow/lib/python3.10/site-packages/airflow/example_dags/example_dynamic_task_mapping.py', '--cfg-path', '/tmp/tmptdk6rwoi']
[2025-12-26T22:53:55.868+0530] {standard_task_runner.py:91} INFO - Job 1187: Subtask sum_it
[2025-12-26T22:53:55.916+0530] {task_command.py:426} INFO - Running <TaskInstance: example_dynamic_task_mapping.sum_it scheduled__2022-09-23T00:00:00+00:00 [running]> on host LAPTOP-A1PMOBSE.localdomain
[2025-12-26T22:53:56.011+0530] {taskinstance.py:2648} INFO - Exporting env vars: AIRFLOW_CTX_DAG_OWNER='airflow' AIRFLOW_CTX_DAG_ID='example_dynamic_task_mapping' AIRFLOW_CTX_TASK_ID='sum_it' AIRFLOW_CTX_EXECUTION_DATE='2022-09-23T00:00:00+00:00' AIRFLOW_CTX_TRY_NUMBER='1' AIRFLOW_CTX_DAG_RUN_ID='scheduled__2022-09-23T00:00:00+00:00'
[2025-12-26T22:53:56.013+0530] {taskinstance.py:430} INFO - ::endgroup::
[2025-12-26T22:53:56.019+0530] {logging_mixin.py:188} INFO - Total was 9
[2025-12-26T22:53:56.020+0530] {python.py:237} INFO - Done. Returned value was: None
[2025-12-26T22:53:56.020+0530] {taskinstance.py:441} INFO - ::group::Post task execution logs
[2025-12-26T22:53:56.025+0530] {taskinstance.py:1206} INFO - Marking task as SUCCESS. dag_id=example_dynamic_task_mapping, task_id=sum_it, run_id=scheduled__2022-09-23T00:00:00+00:00, execution_date=20220923T000000, start_date=20251226T172355, end_date=20251226T172356
[2025-12-26T22:53:56.048+0530] {local_task_job_runner.py:243} INFO - Task exited with return code 0
[2025-12-26T22:53:56.060+0530] {taskinstance.py:3503} INFO - 0 downstream tasks scheduled from follow-on schedule check
[2025-12-26T22:53:56.060+0530] {local_task_job_runner.py:222} INFO - ::endgroup::
[2026-03-10T23:57:09.093+0530] {local_task_job_runner.py:120} INFO - ::group::Pre task execution logs
[2026-03-10T23:57:09.172+0530] {taskinstance.py:2076} INFO - Dependencies all met for dep_context=non-requeueable deps ti=<TaskInstance: example_dynamic_task_mapping.sum_it scheduled__2022-09-23T00:00:00+00:00 [queued]>
[2026-03-10T23:57:09.192+0530] {taskinstance.py:2076} INFO - Dependencies all met for dep_context=requeueable deps ti=<TaskInstance: example_dynamic_task_mapping.sum_it scheduled__2022-09-23T00:00:00+00:00 [queued]>
[2026-03-10T23:57:09.192+0530] {taskinstance.py:2306} INFO - Starting attempt 1 of 1
[2026-03-10T23:57:09.295+0530] {taskinstance.py:2330} INFO - Executing <Task(_PythonDecoratedOperator): sum_it> on 2022-09-23 00:00:00+00:00
[2026-03-10T23:57:09.308+0530] {standard_task_runner.py:64} INFO - Started process 16091 to run task
[2026-03-10T23:57:09.324+0530] {standard_task_runner.py:90} INFO - Running: ['airflow', 'tasks', 'run', 'example_dynamic_task_mapping', 'sum_it', 'scheduled__2022-09-23T00:00:00+00:00', '--job-id', '1470', '--raw', '--subdir', '/home/sathya/projects/training-kit/.venv-airflow/lib/python3.10/site-packages/airflow/example_dags/example_dynamic_task_mapping.py', '--cfg-path', '/tmp/tmpn0j3_cne']
[2026-03-10T23:57:09.329+0530] {standard_task_runner.py:91} INFO - Job 1470: Subtask sum_it
[2026-03-10T23:57:09.489+0530] {task_command.py:426} INFO - Running <TaskInstance: example_dynamic_task_mapping.sum_it scheduled__2022-09-23T00:00:00+00:00 [running]> on host LAPTOP-A1PMOBSE.localdomain
[2026-03-10T23:57:09.807+0530] {taskinstance.py:2648} INFO - Exporting env vars: AIRFLOW_CTX_DAG_OWNER='airflow' AIRFLOW_CTX_DAG_ID='example_dynamic_task_mapping' AIRFLOW_CTX_TASK_ID='sum_it' AIRFLOW_CTX_EXECUTION_DATE='2022-09-23T00:00:00+00:00' AIRFLOW_CTX_TRY_NUMBER='1' AIRFLOW_CTX_DAG_RUN_ID='scheduled__2022-09-23T00:00:00+00:00'
[2026-03-10T23:57:09.811+0530] {taskinstance.py:430} INFO - ::endgroup::
[2026-03-10T23:57:09.823+0530] {logging_mixin.py:188} INFO - Total was 9
[2026-03-10T23:57:09.824+0530] {python.py:237} INFO - Done. Returned value was: None
[2026-03-10T23:57:09.824+0530] {taskinstance.py:441} INFO - ::group::Post task execution logs
[2026-03-10T23:57:09.843+0530] {taskinstance.py:1206} INFO - Marking task as SUCCESS. dag_id=example_dynamic_task_mapping, task_id=sum_it, run_id=scheduled__2022-09-23T00:00:00+00:00, execution_date=20220923T000000, start_date=20260310T182709, end_date=20260310T182709
[2026-03-10T23:57:09.895+0530] {local_task_job_runner.py:243} INFO - Task exited with return code 0
[2026-03-10T23:57:09.920+0530] {taskinstance.py:3503} INFO - 0 downstream tasks scheduled from follow-on schedule check
[2026-03-10T23:57:09.921+0530] {local_task_job_runner.py:222} INFO - ::endgroup::
