[2025-12-26T22:18:39.770+0530] {local_task_job_runner.py:120} INFO - ::group::Pre task execution logs
[2025-12-26T22:18:39.792+0530] {taskinstance.py:2076} INFO - Dependencies all met for dep_context=non-requeueable deps ti=<TaskInstance: example_dynamic_task_mapping.add_one scheduled__2022-05-01T00:00:00+00:00 map_index=2 [queued]>
[2025-12-26T22:18:39.797+0530] {taskinstance.py:2076} INFO - Dependencies all met for dep_context=requeueable deps ti=<TaskInstance: example_dynamic_task_mapping.add_one scheduled__2022-05-01T00:00:00+00:00 map_index=2 [queued]>
[2025-12-26T22:18:39.797+0530] {taskinstance.py:2306} INFO - Starting attempt 1 of 1
[2025-12-26T22:18:39.813+0530] {taskinstance.py:2330} INFO - Executing <Mapped(_PythonDecoratedOperator): add_one> on 2022-05-01 00:00:00+00:00
[2025-12-26T22:18:39.816+0530] {standard_task_runner.py:64} INFO - Started process 5615 to run task
[2025-12-26T22:18:39.819+0530] {standard_task_runner.py:90} INFO - Running: ['airflow', 'tasks', 'run', 'example_dynamic_task_mapping', 'add_one', 'scheduled__2022-05-01T00:00:00+00:00', '--job-id', '427', '--raw', '--subdir', '/home/sathya/projects/training-kit/.venv-airflow/lib/python3.10/site-packages/airflow/example_dags/example_dynamic_task_mapping.py', '--cfg-path', '/tmp/tmp3f8n881r', '--map-index', '2']
[2025-12-26T22:18:39.820+0530] {standard_task_runner.py:91} INFO - Job 427: Subtask add_one
[2025-12-26T22:18:39.859+0530] {task_command.py:426} INFO - Running <TaskInstance: example_dynamic_task_mapping.add_one scheduled__2022-05-01T00:00:00+00:00 map_index=2 [running]> on host LAPTOP-A1PMOBSE.localdomain
[2025-12-26T22:18:39.924+0530] {taskinstance.py:2648} INFO - Exporting env vars: AIRFLOW_CTX_DAG_OWNER='airflow' AIRFLOW_CTX_DAG_ID='example_dynamic_task_mapping' AIRFLOW_CTX_TASK_ID='add_one' AIRFLOW_CTX_EXECUTION_DATE='2022-05-01T00:00:00+00:00' AIRFLOW_CTX_TRY_NUMBER='1' AIRFLOW_CTX_DAG_RUN_ID='scheduled__2022-05-01T00:00:00+00:00'
[2025-12-26T22:18:39.925+0530] {taskinstance.py:430} INFO - ::endgroup::
[2025-12-26T22:18:39.925+0530] {python.py:237} INFO - Done. Returned value was: 4
[2025-12-26T22:18:39.926+0530] {taskinstance.py:441} INFO - ::group::Post task execution logs
[2025-12-26T22:18:39.941+0530] {taskinstance.py:1206} INFO - Marking task as SUCCESS. dag_id=example_dynamic_task_mapping, task_id=add_one, run_id=scheduled__2022-05-01T00:00:00+00:00, map_index=2, execution_date=20220501T000000, start_date=20251226T164839, end_date=20251226T164839
[2025-12-26T22:18:39.959+0530] {local_task_job_runner.py:243} INFO - Task exited with return code 0
[2025-12-26T22:18:39.973+0530] {taskinstance.py:3503} INFO - 1 downstream tasks scheduled from follow-on schedule check
[2025-12-26T22:18:39.982+0530] {local_task_job_runner.py:222} INFO - ::endgroup::
[2026-03-10T23:08:04.122+0530] {local_task_job_runner.py:120} INFO - ::group::Pre task execution logs
[2026-03-10T23:08:04.171+0530] {taskinstance.py:2076} INFO - Dependencies all met for dep_context=non-requeueable deps ti=<TaskInstance: example_dynamic_task_mapping.add_one scheduled__2022-05-01T00:00:00+00:00 map_index=2 [queued]>
[2026-03-10T23:08:04.180+0530] {taskinstance.py:2076} INFO - Dependencies all met for dep_context=requeueable deps ti=<TaskInstance: example_dynamic_task_mapping.add_one scheduled__2022-05-01T00:00:00+00:00 map_index=2 [queued]>
[2026-03-10T23:08:04.181+0530] {taskinstance.py:2306} INFO - Starting attempt 1 of 1
[2026-03-10T23:08:04.212+0530] {taskinstance.py:2330} INFO - Executing <Mapped(_PythonDecoratedOperator): add_one> on 2022-05-01 00:00:00+00:00
[2026-03-10T23:08:04.223+0530] {standard_task_runner.py:64} INFO - Started process 6669 to run task
[2026-03-10T23:08:04.234+0530] {standard_task_runner.py:90} INFO - Running: ['airflow', 'tasks', 'run', 'example_dynamic_task_mapping', 'add_one', 'scheduled__2022-05-01T00:00:00+00:00', '--job-id', '563', '--raw', '--subdir', '/home/sathya/projects/training-kit/.venv-airflow/lib/python3.10/site-packages/airflow/example_dags/example_dynamic_task_mapping.py', '--cfg-path', '/tmp/tmpcvr97a3l', '--map-index', '2']
[2026-03-10T23:08:04.237+0530] {standard_task_runner.py:91} INFO - Job 563: Subtask add_one
[2026-03-10T23:08:04.301+0530] {task_command.py:426} INFO - Running <TaskInstance: example_dynamic_task_mapping.add_one scheduled__2022-05-01T00:00:00+00:00 map_index=2 [running]> on host LAPTOP-A1PMOBSE.localdomain
[2026-03-10T23:08:04.404+0530] {taskinstance.py:2648} INFO - Exporting env vars: AIRFLOW_CTX_DAG_OWNER='airflow' AIRFLOW_CTX_DAG_ID='example_dynamic_task_mapping' AIRFLOW_CTX_TASK_ID='add_one' AIRFLOW_CTX_EXECUTION_DATE='2022-05-01T00:00:00+00:00' AIRFLOW_CTX_TRY_NUMBER='1' AIRFLOW_CTX_DAG_RUN_ID='scheduled__2022-05-01T00:00:00+00:00'
[2026-03-10T23:08:04.406+0530] {taskinstance.py:430} INFO - ::endgroup::
[2026-03-10T23:08:04.406+0530] {python.py:237} INFO - Done. Returned value was: 4
[2026-03-10T23:08:04.407+0530] {taskinstance.py:441} INFO - ::group::Post task execution logs
[2026-03-10T23:08:04.429+0530] {taskinstance.py:1206} INFO - Marking task as SUCCESS. dag_id=example_dynamic_task_mapping, task_id=add_one, run_id=scheduled__2022-05-01T00:00:00+00:00, map_index=2, execution_date=20220501T000000, start_date=20260310T173804, end_date=20260310T173804
[2026-03-10T23:08:04.458+0530] {local_task_job_runner.py:243} INFO - Task exited with return code 0
[2026-03-10T23:08:04.493+0530] {taskinstance.py:3503} INFO - 1 downstream tasks scheduled from follow-on schedule check
[2026-03-10T23:08:04.503+0530] {local_task_job_runner.py:222} INFO - ::endgroup::
