[2025-12-26T22:05:01.247+0530] {local_task_job_runner.py:120} INFO - ::group::Pre task execution logs
[2025-12-26T22:05:01.270+0530] {taskinstance.py:2076} INFO - Dependencies all met for dep_context=non-requeueable deps ti=<TaskInstance: daily_elt.meltano_extract manual__2025-12-25T18:48:56+00:00 [queued]>
[2025-12-26T22:05:01.277+0530] {taskinstance.py:2076} INFO - Dependencies all met for dep_context=requeueable deps ti=<TaskInstance: daily_elt.meltano_extract manual__2025-12-25T18:48:56+00:00 [queued]>
[2025-12-26T22:05:01.277+0530] {taskinstance.py:2306} INFO - Starting attempt 1 of 2
[2025-12-26T22:05:01.298+0530] {taskinstance.py:2330} INFO - Executing <Task(BashOperator): meltano_extract> on 2025-12-25 18:48:56+00:00
[2025-12-26T22:05:01.302+0530] {standard_task_runner.py:64} INFO - Started process 3502 to run task
[2025-12-26T22:05:01.307+0530] {standard_task_runner.py:90} INFO - Running: ['airflow', 'tasks', 'run', 'daily_elt', 'meltano_extract', 'manual__2025-12-25T18:48:56+00:00', '--job-id', '16', '--raw', '--subdir', 'DAGS_FOLDER/elt_dag.py', '--cfg-path', '/tmp/tmp7a_k_itm']
[2025-12-26T22:05:01.308+0530] {standard_task_runner.py:91} INFO - Job 16: Subtask meltano_extract
[2025-12-26T22:05:01.363+0530] {task_command.py:426} INFO - Running <TaskInstance: daily_elt.meltano_extract manual__2025-12-25T18:48:56+00:00 [running]> on host LAPTOP-A1PMOBSE.localdomain
[2025-12-26T22:05:01.464+0530] {taskinstance.py:2648} INFO - Exporting env vars: AIRFLOW_CTX_DAG_OWNER='data-eng' AIRFLOW_CTX_DAG_ID='daily_elt' AIRFLOW_CTX_TASK_ID='meltano_extract' AIRFLOW_CTX_EXECUTION_DATE='2025-12-25T18:48:56+00:00' AIRFLOW_CTX_TRY_NUMBER='1' AIRFLOW_CTX_DAG_RUN_ID='manual__2025-12-25T18:48:56+00:00'
[2025-12-26T22:05:01.466+0530] {taskinstance.py:430} INFO - ::endgroup::
[2025-12-26T22:05:01.467+0530] {subprocess.py:63} INFO - Tmp dir root location: /tmp
[2025-12-26T22:05:01.469+0530] {subprocess.py:75} INFO - Running command: ['/usr/bin/bash', '-c', 'cd ~/projects/training-kit/training-meltano && meltano elt tap-csv target-postgres']
[2025-12-26T22:05:01.478+0530] {subprocess.py:86} INFO - Output:
[2025-12-26T22:05:02.583+0530] {subprocess.py:93} INFO - [2m2025-12-26T16:35:02.582754Z[0m [[32m[1minfo     [0m] [1mEnvironment 'dev' is active   [0m
[2025-12-26T22:05:02.731+0530] {subprocess.py:93} INFO - [2m2025-12-26T16:35:02.731369Z[0m [[33m[1mwarning  [0m] [1mThe `elt` command is deprecated in favor of `el`[0m
[2025-12-26T22:05:03.248+0530] {subprocess.py:93} INFO - [2m2025-12-26T16:35:03.247571Z[0m [[32m[1minfo     [0m] [1mRunning extract & load...     [0m [36mname[0m=[35mmeltano[0m
[2025-12-26T22:05:04.455+0530] {subprocess.py:93} INFO - [2m2025-12-26T16:35:04.454851Z[0m [[32m[1minfo     [0m] [1mtap-csv v1.2.0, Meltano SDK v0.53.4[0m [36mname[0m=[35mtap-csv[0m
[2025-12-26T22:05:04.455+0530] {subprocess.py:93} INFO - [2m2025-12-26T16:35:04.455508Z[0m [[32m[1minfo     [0m] [1mSkipping parse of env var settings...[0m [36mname[0m=[35mtap-csv[0m
[2025-12-26T22:05:04.456+0530] {subprocess.py:93} INFO - [2m2025-12-26T16:35:04.456251Z[0m [[32m[1minfo     [0m] [1mBeginning sync of 'people' in full_table mode[0m [36mname[0m=[35mtap-csv[0m
[2025-12-26T22:05:04.458+0530] {subprocess.py:93} INFO - [2m2025-12-26T16:35:04.457753Z[0m [[32m[1minfo     [0m] [1mMETRIC: {"type":"timer","metric":"sync_duration","value":0.000782012939453125,"tags":{"stream":"people","pid":3514,"context":{},"status":"succeeded"}}[0m [36mname[0m=[35mtap-csv[0m
[2025-12-26T22:05:04.458+0530] {subprocess.py:93} INFO - [2m2025-12-26T16:35:04.458348Z[0m [[32m[1minfo     [0m] [1mMETRIC: {"type":"counter","metric":"record_count","value":3,"tags":{"stream":"people","pid":3514,"context":{}}}[0m [36mname[0m=[35mtap-csv[0m
[2025-12-26T22:05:04.747+0530] {subprocess.py:93} INFO - [2m2025-12-26T16:35:04.747073Z[0m [[32m[1minfo     [0m] [1mtarget-postgres v0.6.3, Meltano SDK v0.53.4[0m [36mname[0m=[35mtarget-postgres[0m
[2025-12-26T22:05:04.747+0530] {subprocess.py:93} INFO - [2m2025-12-26T16:35:04.747640Z[0m [[32m[1minfo     [0m] [1mSkipping parse of env var settings...[0m [36mname[0m=[35mtarget-postgres[0m
[2025-12-26T22:05:04.748+0530] {subprocess.py:93} INFO - [2m2025-12-26T16:35:04.748015Z[0m [[33m[1mwarning  [0m] [1mThe `dialect+driver` configuration option is deprecated. Please set it to `postgresql+psycopg`, as this will be the hard-coded value in the future.[0m [36mname[0m=[35mtarget-postgres[0m
[2025-12-26T22:05:04.886+0530] {subprocess.py:93} INFO - [2m2025-12-26T16:35:04.885807Z[0m [[32m[1minfo     [0m] [1mReader 'target-postgres' completed processing 5 lines of input (1 schemas, 3 records, 0 batch manifests, 1 state messages, 0 activate version messages).[0m [36mname[0m=[35mtarget-postgres[0m
[2025-12-26T22:05:04.930+0530] {subprocess.py:93} INFO - [2m2025-12-26T16:35:04.929711Z[0m [[32m[1minfo     [0m] [1mInserting with SQL: INSERT INTO "9eecc565_1b23_47b0_8c1d_bfec8600d1a7" (id, name, age, _sdc_extracted_at, _sdc_received_at, _sdc_batched_at, _sdc_deleted_at, _sdc_sequence, _sdc_table_version, _sdc_sync_started_at) VALUES (:id, :name, :age, :_sdc_extracted_at, :_sdc_received_at, :_sdc_batched_at, :_sdc_deleted_at, :_sdc_sequence, :_sdc_table_version, :_sdc_sync_started_at)[0m [36mname[0m=[35mtarget-postgres[0m
[2025-12-26T22:05:04.941+0530] {subprocess.py:93} INFO - [2m2025-12-26T16:35:04.940970Z[0m [[32m[1minfo     [0m] [1mMETRIC                        [0m [36mmetric_name[0m=[35mbatch_processing_time[0m [36mmetric_value[0m=[35m0.05069589614868164[0m [36mname[0m=[35mtarget-postgres[0m
[2025-12-26T22:05:04.943+0530] {subprocess.py:93} INFO - [2m2025-12-26T16:35:04.942757Z[0m [[32m[1minfo     [0m] [1mMETRIC                        [0m [36mmetric_name[0m=[35mrecord_count[0m [36mmetric_value[0m=[35m3[0m [36mname[0m=[35mtarget-postgres[0m
[2025-12-26T22:05:04.969+0530] {subprocess.py:93} INFO - [2m2025-12-26T16:35:04.969394Z[0m [[32m[1minfo     [0m] [1mUsing systemdb state backend  [0m
[2025-12-26T22:05:04.986+0530] {subprocess.py:93} INFO - [2m2025-12-26T16:35:04.985903Z[0m [[32m[1minfo     [0m] [1mIncremental state has been updated at 2025-12-26 16:35:04.985839+00:00.[0m
[2025-12-26T22:05:05.134+0530] {subprocess.py:93} INFO - [2m2025-12-26T16:35:05.134489Z[0m [[32m[1minfo     [0m] [1mExtract & load complete!      [0m [36mname[0m=[35mmeltano[0m
[2025-12-26T22:05:05.135+0530] {subprocess.py:93} INFO - [2m2025-12-26T16:35:05.134936Z[0m [[32m[1minfo     [0m] [1mTransformation skipped.       [0m [36mname[0m=[35mmeltano[0m
[2025-12-26T22:05:08.612+0530] {subprocess.py:97} INFO - Command exited with return code 0
[2025-12-26T22:05:08.613+0530] {taskinstance.py:441} INFO - ::group::Post task execution logs
[2025-12-26T22:05:08.645+0530] {taskinstance.py:1206} INFO - Marking task as SUCCESS. dag_id=daily_elt, task_id=meltano_extract, run_id=manual__2025-12-25T18:48:56+00:00, execution_date=20251225T184856, start_date=20251226T163501, end_date=20251226T163508
[2025-12-26T22:05:08.713+0530] {local_task_job_runner.py:243} INFO - Task exited with return code 0
[2025-12-26T22:05:08.724+0530] {taskinstance.py:3503} INFO - 0 downstream tasks scheduled from follow-on schedule check
[2025-12-26T22:05:08.725+0530] {local_task_job_runner.py:222} INFO - ::endgroup::
