[2025-12-27T19:14:56.118+0530] {local_task_job_runner.py:120} INFO - ::group::Pre task execution logs
[2025-12-27T19:14:56.136+0530] {taskinstance.py:2076} INFO - Dependencies all met for dep_context=non-requeueable deps ti=<TaskInstance: tutorial.templated scheduled__2025-12-26T00:00:00+00:00 [queued]>
[2025-12-27T19:14:56.142+0530] {taskinstance.py:2076} INFO - Dependencies all met for dep_context=requeueable deps ti=<TaskInstance: tutorial.templated scheduled__2025-12-26T00:00:00+00:00 [queued]>
[2025-12-27T19:14:56.143+0530] {taskinstance.py:2306} INFO - Starting attempt 1 of 2
[2025-12-27T19:14:56.158+0530] {taskinstance.py:2330} INFO - Executing <Task(BashOperator): templated> on 2025-12-26 00:00:00+00:00
[2025-12-27T19:14:56.161+0530] {standard_task_runner.py:64} INFO - Started process 800 to run task
[2025-12-27T19:14:56.166+0530] {standard_task_runner.py:90} INFO - Running: ['airflow', 'tasks', 'run', 'tutorial', 'templated', 'scheduled__2025-12-26T00:00:00+00:00', '--job-id', '1587', '--raw', '--subdir', '/home/sathya/projects/training-kit/.venv-airflow/lib/python3.10/site-packages/airflow/example_dags/tutorial.py', '--cfg-path', '/tmp/tmpqslwrn_8']
[2025-12-27T19:14:56.166+0530] {standard_task_runner.py:91} INFO - Job 1587: Subtask templated
[2025-12-27T19:14:56.203+0530] {task_command.py:426} INFO - Running <TaskInstance: tutorial.templated scheduled__2025-12-26T00:00:00+00:00 [running]> on host LAPTOP-A1PMOBSE.localdomain
[2025-12-27T19:14:56.279+0530] {taskinstance.py:2648} INFO - Exporting env vars: AIRFLOW_CTX_DAG_EMAIL='airflow@example.com' AIRFLOW_CTX_DAG_OWNER='airflow' AIRFLOW_CTX_DAG_ID='tutorial' AIRFLOW_CTX_TASK_ID='templated' AIRFLOW_CTX_EXECUTION_DATE='2025-12-26T00:00:00+00:00' AIRFLOW_CTX_TRY_NUMBER='1' AIRFLOW_CTX_DAG_RUN_ID='scheduled__2025-12-26T00:00:00+00:00'
[2025-12-27T19:14:56.280+0530] {taskinstance.py:430} INFO - ::endgroup::
[2025-12-27T19:14:56.281+0530] {subprocess.py:63} INFO - Tmp dir root location: /tmp
[2025-12-27T19:14:56.282+0530] {subprocess.py:75} INFO - Running command: ['/usr/bin/bash', '-c', '\n\n    echo "2025-12-26"\n    echo "2026-01-02"\n\n    echo "2025-12-26"\n    echo "2026-01-02"\n\n    echo "2025-12-26"\n    echo "2026-01-02"\n\n    echo "2025-12-26"\n    echo "2026-01-02"\n\n    echo "2025-12-26"\n    echo "2026-01-02"\n']
[2025-12-27T19:14:56.287+0530] {subprocess.py:86} INFO - Output:
[2025-12-27T19:14:56.288+0530] {subprocess.py:93} INFO - 2025-12-26
[2025-12-27T19:14:56.288+0530] {subprocess.py:93} INFO - 2026-01-02
[2025-12-27T19:14:56.288+0530] {subprocess.py:93} INFO - 2025-12-26
[2025-12-27T19:14:56.289+0530] {subprocess.py:93} INFO - 2026-01-02
[2025-12-27T19:14:56.289+0530] {subprocess.py:93} INFO - 2025-12-26
[2025-12-27T19:14:56.289+0530] {subprocess.py:93} INFO - 2026-01-02
[2025-12-27T19:14:56.289+0530] {subprocess.py:93} INFO - 2025-12-26
[2025-12-27T19:14:56.289+0530] {subprocess.py:93} INFO - 2026-01-02
[2025-12-27T19:14:56.289+0530] {subprocess.py:93} INFO - 2025-12-26
[2025-12-27T19:14:56.289+0530] {subprocess.py:93} INFO - 2026-01-02
[2025-12-27T19:14:56.289+0530] {subprocess.py:97} INFO - Command exited with return code 0
[2025-12-27T19:14:56.289+0530] {taskinstance.py:441} INFO - ::group::Post task execution logs
[2025-12-27T19:14:56.307+0530] {taskinstance.py:1206} INFO - Marking task as SUCCESS. dag_id=tutorial, task_id=templated, run_id=scheduled__2025-12-26T00:00:00+00:00, execution_date=20251226T000000, start_date=20251227T134456, end_date=20251227T134456
[2025-12-27T19:14:56.339+0530] {local_task_job_runner.py:243} INFO - Task exited with return code 0
[2025-12-27T19:14:56.353+0530] {taskinstance.py:3503} INFO - 0 downstream tasks scheduled from follow-on schedule check
[2025-12-27T19:14:56.353+0530] {local_task_job_runner.py:222} INFO - ::endgroup::
