[2025-12-27T19:45:32.239+0530] {local_task_job_runner.py:120} INFO - ::group::Pre task execution logs
[2025-12-27T19:45:32.264+0530] {taskinstance.py:2076} INFO - Dependencies all met for dep_context=non-requeueable deps ti=<TaskInstance: example_dynamic_task_mapping.add_one scheduled__2023-01-04T00:00:00+00:00 map_index=1 [queued]>
[2025-12-27T19:45:32.270+0530] {taskinstance.py:2076} INFO - Dependencies all met for dep_context=requeueable deps ti=<TaskInstance: example_dynamic_task_mapping.add_one scheduled__2023-01-04T00:00:00+00:00 map_index=1 [queued]>
[2025-12-27T19:45:32.270+0530] {taskinstance.py:2306} INFO - Starting attempt 1 of 1
[2025-12-27T19:45:32.287+0530] {taskinstance.py:2330} INFO - Executing <Mapped(_PythonDecoratedOperator): add_one> on 2023-01-04 00:00:00+00:00
[2025-12-27T19:45:32.290+0530] {standard_task_runner.py:64} INFO - Started process 1823 to run task
[2025-12-27T19:45:32.295+0530] {standard_task_runner.py:90} INFO - Running: ['airflow', 'tasks', 'run', 'example_dynamic_task_mapping', 'add_one', 'scheduled__2023-01-04T00:00:00+00:00', '--job-id', '1942', '--raw', '--subdir', '/home/sathya/projects/training-kit/.venv-airflow/lib/python3.10/site-packages/airflow/example_dags/example_dynamic_task_mapping.py', '--cfg-path', '/tmp/tmpaefhka9z', '--map-index', '1']
[2025-12-27T19:45:32.295+0530] {standard_task_runner.py:91} INFO - Job 1942: Subtask add_one
[2025-12-27T19:45:32.339+0530] {task_command.py:426} INFO - Running <TaskInstance: example_dynamic_task_mapping.add_one scheduled__2023-01-04T00:00:00+00:00 map_index=1 [running]> on host LAPTOP-A1PMOBSE.localdomain
[2025-12-27T19:45:32.429+0530] {taskinstance.py:2648} INFO - Exporting env vars: AIRFLOW_CTX_DAG_OWNER='airflow' AIRFLOW_CTX_DAG_ID='example_dynamic_task_mapping' AIRFLOW_CTX_TASK_ID='add_one' AIRFLOW_CTX_EXECUTION_DATE='2023-01-04T00:00:00+00:00' AIRFLOW_CTX_TRY_NUMBER='1' AIRFLOW_CTX_DAG_RUN_ID='scheduled__2023-01-04T00:00:00+00:00'
[2025-12-27T19:45:32.430+0530] {taskinstance.py:430} INFO - ::endgroup::
[2025-12-27T19:45:32.431+0530] {python.py:237} INFO - Done. Returned value was: 3
[2025-12-27T19:45:32.431+0530] {taskinstance.py:441} INFO - ::group::Post task execution logs
[2025-12-27T19:45:32.449+0530] {taskinstance.py:1206} INFO - Marking task as SUCCESS. dag_id=example_dynamic_task_mapping, task_id=add_one, run_id=scheduled__2023-01-04T00:00:00+00:00, map_index=1, execution_date=20230104T000000, start_date=20251227T141532, end_date=20251227T141532
[2025-12-27T19:45:32.509+0530] {local_task_job_runner.py:243} INFO - Task exited with return code 0
[2025-12-27T19:45:32.536+0530] {taskinstance.py:3503} INFO - 0 downstream tasks scheduled from follow-on schedule check
[2025-12-27T19:45:32.536+0530] {local_task_job_runner.py:222} INFO - ::endgroup::
[2026-03-11T22:57:31.021+0530] {local_task_job_runner.py:120} INFO - ::group::Pre task execution logs
[2026-03-11T22:57:31.037+0530] {taskinstance.py:2076} INFO - Dependencies all met for dep_context=non-requeueable deps ti=<TaskInstance: example_dynamic_task_mapping.add_one scheduled__2023-01-04T00:00:00+00:00 map_index=1 [queued]>
[2026-03-11T22:57:31.041+0530] {taskinstance.py:2076} INFO - Dependencies all met for dep_context=requeueable deps ti=<TaskInstance: example_dynamic_task_mapping.add_one scheduled__2023-01-04T00:00:00+00:00 map_index=1 [queued]>
[2026-03-11T22:57:31.041+0530] {taskinstance.py:2306} INFO - Starting attempt 1 of 1
[2026-03-11T22:57:31.056+0530] {taskinstance.py:2330} INFO - Executing <Mapped(_PythonDecoratedOperator): add_one> on 2023-01-04 00:00:00+00:00
[2026-03-11T22:57:31.059+0530] {standard_task_runner.py:64} INFO - Started process 12177 to run task
[2026-03-11T22:57:31.062+0530] {standard_task_runner.py:90} INFO - Running: ['airflow', 'tasks', 'run', 'example_dynamic_task_mapping', 'add_one', 'scheduled__2023-01-04T00:00:00+00:00', '--job-id', '2233', '--raw', '--subdir', '/home/sathya/projects/training-kit/.venv-airflow/lib/python3.10/site-packages/airflow/example_dags/example_dynamic_task_mapping.py', '--cfg-path', '/tmp/tmp2g_4o7vx', '--map-index', '1']
[2026-03-11T22:57:31.063+0530] {standard_task_runner.py:91} INFO - Job 2233: Subtask add_one
[2026-03-11T22:57:31.094+0530] {task_command.py:426} INFO - Running <TaskInstance: example_dynamic_task_mapping.add_one scheduled__2023-01-04T00:00:00+00:00 map_index=1 [running]> on host LAPTOP-A1PMOBSE.localdomain
[2026-03-11T22:57:31.160+0530] {taskinstance.py:2648} INFO - Exporting env vars: AIRFLOW_CTX_DAG_OWNER='airflow' AIRFLOW_CTX_DAG_ID='example_dynamic_task_mapping' AIRFLOW_CTX_TASK_ID='add_one' AIRFLOW_CTX_EXECUTION_DATE='2023-01-04T00:00:00+00:00' AIRFLOW_CTX_TRY_NUMBER='1' AIRFLOW_CTX_DAG_RUN_ID='scheduled__2023-01-04T00:00:00+00:00'
[2026-03-11T22:57:31.161+0530] {taskinstance.py:430} INFO - ::endgroup::
[2026-03-11T22:57:31.161+0530] {python.py:237} INFO - Done. Returned value was: 3
[2026-03-11T22:57:31.161+0530] {taskinstance.py:441} INFO - ::group::Post task execution logs
[2026-03-11T22:57:31.177+0530] {taskinstance.py:1206} INFO - Marking task as SUCCESS. dag_id=example_dynamic_task_mapping, task_id=add_one, run_id=scheduled__2023-01-04T00:00:00+00:00, map_index=1, execution_date=20230104T000000, start_date=20260311T172731, end_date=20260311T172731
[2026-03-11T22:57:31.199+0530] {local_task_job_runner.py:243} INFO - Task exited with return code 0
[2026-03-11T22:57:31.214+0530] {taskinstance.py:3503} INFO - 0 downstream tasks scheduled from follow-on schedule check
[2026-03-11T22:57:31.214+0530] {local_task_job_runner.py:222} INFO - ::endgroup::
