[2026-03-11T22:13:31.561+0530] {local_task_job_runner.py:120} INFO - ::group::Pre task execution logs
[2026-03-11T22:13:31.574+0530] {taskinstance.py:2076} INFO - Dependencies all met for dep_context=non-requeueable deps ti=<TaskInstance: tutorial.print_date scheduled__2026-03-10T00:00:00+00:00 [queued]>
[2026-03-11T22:13:31.577+0530] {taskinstance.py:2076} INFO - Dependencies all met for dep_context=requeueable deps ti=<TaskInstance: tutorial.print_date scheduled__2026-03-10T00:00:00+00:00 [queued]>
[2026-03-11T22:13:31.578+0530] {taskinstance.py:2306} INFO - Starting attempt 1 of 2
[2026-03-11T22:13:31.593+0530] {taskinstance.py:2330} INFO - Executing <Task(BashOperator): print_date> on 2026-03-10 00:00:00+00:00
[2026-03-11T22:13:31.597+0530] {standard_task_runner.py:64} INFO - Started process 1313 to run task
[2026-03-11T22:13:31.601+0530] {standard_task_runner.py:90} INFO - Running: ['airflow', 'tasks', 'run', 'tutorial', 'print_date', 'scheduled__2026-03-10T00:00:00+00:00', '--job-id', '1605', '--raw', '--subdir', '/home/sathya/projects/training-kit/.venv-airflow/lib/python3.10/site-packages/airflow/example_dags/tutorial.py', '--cfg-path', '/tmp/tmp0qrlk6yc']
[2026-03-11T22:13:31.603+0530] {standard_task_runner.py:91} INFO - Job 1605: Subtask print_date
[2026-03-11T22:13:31.652+0530] {task_command.py:426} INFO - Running <TaskInstance: tutorial.print_date scheduled__2026-03-10T00:00:00+00:00 [running]> on host LAPTOP-A1PMOBSE.localdomain
[2026-03-11T22:13:31.725+0530] {taskinstance.py:2648} INFO - Exporting env vars: AIRFLOW_CTX_DAG_EMAIL='airflow@example.com' AIRFLOW_CTX_DAG_OWNER='airflow' AIRFLOW_CTX_DAG_ID='tutorial' AIRFLOW_CTX_TASK_ID='print_date' AIRFLOW_CTX_EXECUTION_DATE='2026-03-10T00:00:00+00:00' AIRFLOW_CTX_TRY_NUMBER='1' AIRFLOW_CTX_DAG_RUN_ID='scheduled__2026-03-10T00:00:00+00:00'
[2026-03-11T22:13:31.727+0530] {taskinstance.py:430} INFO - ::endgroup::
[2026-03-11T22:13:31.728+0530] {subprocess.py:63} INFO - Tmp dir root location: /tmp
[2026-03-11T22:13:31.728+0530] {subprocess.py:75} INFO - Running command: ['/usr/bin/bash', '-c', 'date']
[2026-03-11T22:13:31.738+0530] {subprocess.py:86} INFO - Output:
[2026-03-11T22:13:31.742+0530] {subprocess.py:93} INFO - Wed Mar 11 22:13:31 IST 2026
[2026-03-11T22:13:31.743+0530] {subprocess.py:97} INFO - Command exited with return code 0
[2026-03-11T22:13:31.744+0530] {taskinstance.py:441} INFO - ::group::Post task execution logs
[2026-03-11T22:13:31.782+0530] {taskinstance.py:1206} INFO - Marking task as SUCCESS. dag_id=tutorial, task_id=print_date, run_id=scheduled__2026-03-10T00:00:00+00:00, execution_date=20260310T000000, start_date=20260311T164331, end_date=20260311T164331
[2026-03-11T22:13:31.826+0530] {local_task_job_runner.py:243} INFO - Task exited with return code 0
[2026-03-11T22:13:31.848+0530] {taskinstance.py:3503} INFO - 2 downstream tasks scheduled from follow-on schedule check
[2026-03-11T22:13:31.857+0530] {local_task_job_runner.py:222} INFO - ::endgroup::
