[2025-12-26T22:57:39.543+0530] {local_task_job_runner.py:120} INFO - ::group::Pre task execution logs
[2025-12-26T22:57:39.562+0530] {taskinstance.py:2076} INFO - Dependencies all met for dep_context=non-requeueable deps ti=<TaskInstance: example_dynamic_task_mapping.add_one scheduled__2022-10-05T00:00:00+00:00 map_index=2 [queued]>
[2025-12-26T22:57:39.566+0530] {taskinstance.py:2076} INFO - Dependencies all met for dep_context=requeueable deps ti=<TaskInstance: example_dynamic_task_mapping.add_one scheduled__2022-10-05T00:00:00+00:00 map_index=2 [queued]>
[2025-12-26T22:57:39.566+0530] {taskinstance.py:2306} INFO - Starting attempt 1 of 1
[2025-12-26T22:57:39.580+0530] {taskinstance.py:2330} INFO - Executing <Mapped(_PythonDecoratedOperator): add_one> on 2022-10-05 00:00:00+00:00
[2025-12-26T22:57:39.582+0530] {standard_task_runner.py:64} INFO - Started process 10400 to run task
[2025-12-26T22:57:39.585+0530] {standard_task_runner.py:90} INFO - Running: ['airflow', 'tasks', 'run', 'example_dynamic_task_mapping', 'add_one', 'scheduled__2022-10-05T00:00:00+00:00', '--job-id', '1254', '--raw', '--subdir', '/home/sathya/projects/training-kit/.venv-airflow/lib/python3.10/site-packages/airflow/example_dags/example_dynamic_task_mapping.py', '--cfg-path', '/tmp/tmprmrukgsd', '--map-index', '2']
[2025-12-26T22:57:39.586+0530] {standard_task_runner.py:91} INFO - Job 1254: Subtask add_one
[2025-12-26T22:57:39.618+0530] {task_command.py:426} INFO - Running <TaskInstance: example_dynamic_task_mapping.add_one scheduled__2022-10-05T00:00:00+00:00 map_index=2 [running]> on host LAPTOP-A1PMOBSE.localdomain
[2025-12-26T22:57:39.676+0530] {taskinstance.py:2648} INFO - Exporting env vars: AIRFLOW_CTX_DAG_OWNER='airflow' AIRFLOW_CTX_DAG_ID='example_dynamic_task_mapping' AIRFLOW_CTX_TASK_ID='add_one' AIRFLOW_CTX_EXECUTION_DATE='2022-10-05T00:00:00+00:00' AIRFLOW_CTX_TRY_NUMBER='1' AIRFLOW_CTX_DAG_RUN_ID='scheduled__2022-10-05T00:00:00+00:00'
[2025-12-26T22:57:39.677+0530] {taskinstance.py:430} INFO - ::endgroup::
[2025-12-26T22:57:39.677+0530] {python.py:237} INFO - Done. Returned value was: 4
[2025-12-26T22:57:39.677+0530] {taskinstance.py:441} INFO - ::group::Post task execution logs
[2025-12-26T22:57:39.691+0530] {taskinstance.py:1206} INFO - Marking task as SUCCESS. dag_id=example_dynamic_task_mapping, task_id=add_one, run_id=scheduled__2022-10-05T00:00:00+00:00, map_index=2, execution_date=20221005T000000, start_date=20251226T172739, end_date=20251226T172739
[2025-12-26T22:57:39.726+0530] {local_task_job_runner.py:243} INFO - Task exited with return code 0
[2025-12-26T22:57:39.739+0530] {taskinstance.py:3503} INFO - 1 downstream tasks scheduled from follow-on schedule check
[2025-12-26T22:57:39.749+0530] {local_task_job_runner.py:222} INFO - ::endgroup::
[2026-03-11T00:02:43.711+0530] {local_task_job_runner.py:120} INFO - ::group::Pre task execution logs
[2026-03-11T00:02:43.769+0530] {taskinstance.py:2076} INFO - Dependencies all met for dep_context=non-requeueable deps ti=<TaskInstance: example_dynamic_task_mapping.add_one scheduled__2022-10-05T00:00:00+00:00 map_index=2 [queued]>
[2026-03-11T00:02:43.784+0530] {taskinstance.py:2076} INFO - Dependencies all met for dep_context=requeueable deps ti=<TaskInstance: example_dynamic_task_mapping.add_one scheduled__2022-10-05T00:00:00+00:00 map_index=2 [queued]>
[2026-03-11T00:02:43.785+0530] {taskinstance.py:2306} INFO - Starting attempt 1 of 1
[2026-03-11T00:02:43.835+0530] {taskinstance.py:2330} INFO - Executing <Mapped(_PythonDecoratedOperator): add_one> on 2022-10-05 00:00:00+00:00
[2026-03-11T00:02:43.865+0530] {standard_task_runner.py:64} INFO - Started process 16894 to run task
[2026-03-11T00:02:43.880+0530] {standard_task_runner.py:90} INFO - Running: ['airflow', 'tasks', 'run', 'example_dynamic_task_mapping', 'add_one', 'scheduled__2022-10-05T00:00:00+00:00', '--job-id', '1543', '--raw', '--subdir', '/home/sathya/projects/training-kit/.venv-airflow/lib/python3.10/site-packages/airflow/example_dags/example_dynamic_task_mapping.py', '--cfg-path', '/tmp/tmpaoekc9t6', '--map-index', '2']
[2026-03-11T00:02:43.887+0530] {standard_task_runner.py:91} INFO - Job 1543: Subtask add_one
[2026-03-11T00:02:44.039+0530] {task_command.py:426} INFO - Running <TaskInstance: example_dynamic_task_mapping.add_one scheduled__2022-10-05T00:00:00+00:00 map_index=2 [running]> on host LAPTOP-A1PMOBSE.localdomain
[2026-03-11T00:02:44.262+0530] {taskinstance.py:2648} INFO - Exporting env vars: AIRFLOW_CTX_DAG_OWNER='airflow' AIRFLOW_CTX_DAG_ID='example_dynamic_task_mapping' AIRFLOW_CTX_TASK_ID='add_one' AIRFLOW_CTX_EXECUTION_DATE='2022-10-05T00:00:00+00:00' AIRFLOW_CTX_TRY_NUMBER='1' AIRFLOW_CTX_DAG_RUN_ID='scheduled__2022-10-05T00:00:00+00:00'
[2026-03-11T00:02:44.265+0530] {taskinstance.py:430} INFO - ::endgroup::
[2026-03-11T00:02:44.267+0530] {python.py:237} INFO - Done. Returned value was: 4
[2026-03-11T00:02:44.267+0530] {taskinstance.py:441} INFO - ::group::Post task execution logs
[2026-03-11T00:02:44.321+0530] {taskinstance.py:1206} INFO - Marking task as SUCCESS. dag_id=example_dynamic_task_mapping, task_id=add_one, run_id=scheduled__2022-10-05T00:00:00+00:00, map_index=2, execution_date=20221005T000000, start_date=20260310T183243, end_date=20260310T183244
[2026-03-11T00:02:44.376+0530] {local_task_job_runner.py:243} INFO - Task exited with return code 0
[2026-03-11T00:02:44.416+0530] {taskinstance.py:3503} INFO - 1 downstream tasks scheduled from follow-on schedule check
[2026-03-11T00:02:44.445+0530] {local_task_job_runner.py:222} INFO - ::endgroup::
