[2025-12-26T22:51:42.406+0530] {local_task_job_runner.py:120} INFO - ::group::Pre task execution logs
[2025-12-26T22:51:42.422+0530] {taskinstance.py:2076} INFO - Dependencies all met for dep_context=non-requeueable deps ti=<TaskInstance: example_dynamic_task_mapping.add_one scheduled__2022-09-15T00:00:00+00:00 map_index=0 [queued]>
[2025-12-26T22:51:42.426+0530] {taskinstance.py:2076} INFO - Dependencies all met for dep_context=requeueable deps ti=<TaskInstance: example_dynamic_task_mapping.add_one scheduled__2022-09-15T00:00:00+00:00 map_index=0 [queued]>
[2025-12-26T22:51:42.426+0530] {taskinstance.py:2306} INFO - Starting attempt 1 of 1
[2025-12-26T22:51:42.438+0530] {taskinstance.py:2330} INFO - Executing <Mapped(_PythonDecoratedOperator): add_one> on 2022-09-15 00:00:00+00:00
[2025-12-26T22:51:42.441+0530] {standard_task_runner.py:64} INFO - Started process 9725 to run task
[2025-12-26T22:51:42.443+0530] {standard_task_runner.py:90} INFO - Running: ['airflow', 'tasks', 'run', 'example_dynamic_task_mapping', 'add_one', 'scheduled__2022-09-15T00:00:00+00:00', '--job-id', '1142', '--raw', '--subdir', '/home/sathya/projects/training-kit/.venv-airflow/lib/python3.10/site-packages/airflow/example_dags/example_dynamic_task_mapping.py', '--cfg-path', '/tmp/tmpkcvgrzdg', '--map-index', '0']
[2025-12-26T22:51:42.444+0530] {standard_task_runner.py:91} INFO - Job 1142: Subtask add_one
[2025-12-26T22:51:42.472+0530] {task_command.py:426} INFO - Running <TaskInstance: example_dynamic_task_mapping.add_one scheduled__2022-09-15T00:00:00+00:00 map_index=0 [running]> on host LAPTOP-A1PMOBSE.localdomain
[2025-12-26T22:51:42.528+0530] {taskinstance.py:2648} INFO - Exporting env vars: AIRFLOW_CTX_DAG_OWNER='airflow' AIRFLOW_CTX_DAG_ID='example_dynamic_task_mapping' AIRFLOW_CTX_TASK_ID='add_one' AIRFLOW_CTX_EXECUTION_DATE='2022-09-15T00:00:00+00:00' AIRFLOW_CTX_TRY_NUMBER='1' AIRFLOW_CTX_DAG_RUN_ID='scheduled__2022-09-15T00:00:00+00:00'
[2025-12-26T22:51:42.528+0530] {taskinstance.py:430} INFO - ::endgroup::
[2025-12-26T22:51:42.529+0530] {python.py:237} INFO - Done. Returned value was: 2
[2025-12-26T22:51:42.529+0530] {taskinstance.py:441} INFO - ::group::Post task execution logs
[2025-12-26T22:51:42.542+0530] {taskinstance.py:1206} INFO - Marking task as SUCCESS. dag_id=example_dynamic_task_mapping, task_id=add_one, run_id=scheduled__2022-09-15T00:00:00+00:00, map_index=0, execution_date=20220915T000000, start_date=20251226T172142, end_date=20251226T172142
[2025-12-26T22:51:42.576+0530] {local_task_job_runner.py:243} INFO - Task exited with return code 0
[2025-12-26T22:51:42.594+0530] {taskinstance.py:3503} INFO - 0 downstream tasks scheduled from follow-on schedule check
[2025-12-26T22:51:42.594+0530] {local_task_job_runner.py:222} INFO - ::endgroup::
[2026-03-10T23:53:00.989+0530] {local_task_job_runner.py:120} INFO - ::group::Pre task execution logs
[2026-03-10T23:53:01.053+0530] {taskinstance.py:2076} INFO - Dependencies all met for dep_context=non-requeueable deps ti=<TaskInstance: example_dynamic_task_mapping.add_one scheduled__2022-09-15T00:00:00+00:00 map_index=0 [queued]>
[2026-03-10T23:53:01.068+0530] {taskinstance.py:2076} INFO - Dependencies all met for dep_context=requeueable deps ti=<TaskInstance: example_dynamic_task_mapping.add_one scheduled__2022-09-15T00:00:00+00:00 map_index=0 [queued]>
[2026-03-10T23:53:01.068+0530] {taskinstance.py:2306} INFO - Starting attempt 1 of 1
[2026-03-10T23:53:01.113+0530] {taskinstance.py:2330} INFO - Executing <Mapped(_PythonDecoratedOperator): add_one> on 2022-09-15 00:00:00+00:00
[2026-03-10T23:53:01.125+0530] {standard_task_runner.py:64} INFO - Started process 15485 to run task
[2026-03-10T23:53:01.133+0530] {standard_task_runner.py:90} INFO - Running: ['airflow', 'tasks', 'run', 'example_dynamic_task_mapping', 'add_one', 'scheduled__2022-09-15T00:00:00+00:00', '--job-id', '1411', '--raw', '--subdir', '/home/sathya/projects/training-kit/.venv-airflow/lib/python3.10/site-packages/airflow/example_dags/example_dynamic_task_mapping.py', '--cfg-path', '/tmp/tmp9c7q963l', '--map-index', '0']
[2026-03-10T23:53:01.138+0530] {standard_task_runner.py:91} INFO - Job 1411: Subtask add_one
[2026-03-10T23:53:01.236+0530] {task_command.py:426} INFO - Running <TaskInstance: example_dynamic_task_mapping.add_one scheduled__2022-09-15T00:00:00+00:00 map_index=0 [running]> on host LAPTOP-A1PMOBSE.localdomain
[2026-03-10T23:53:01.434+0530] {taskinstance.py:2648} INFO - Exporting env vars: AIRFLOW_CTX_DAG_OWNER='airflow' AIRFLOW_CTX_DAG_ID='example_dynamic_task_mapping' AIRFLOW_CTX_TASK_ID='add_one' AIRFLOW_CTX_EXECUTION_DATE='2022-09-15T00:00:00+00:00' AIRFLOW_CTX_TRY_NUMBER='1' AIRFLOW_CTX_DAG_RUN_ID='scheduled__2022-09-15T00:00:00+00:00'
[2026-03-10T23:53:01.436+0530] {taskinstance.py:430} INFO - ::endgroup::
[2026-03-10T23:53:01.437+0530] {python.py:237} INFO - Done. Returned value was: 2
[2026-03-10T23:53:01.438+0530] {taskinstance.py:441} INFO - ::group::Post task execution logs
[2026-03-10T23:53:01.477+0530] {taskinstance.py:1206} INFO - Marking task as SUCCESS. dag_id=example_dynamic_task_mapping, task_id=add_one, run_id=scheduled__2022-09-15T00:00:00+00:00, map_index=0, execution_date=20220915T000000, start_date=20260310T182301, end_date=20260310T182301
[2026-03-10T23:53:01.536+0530] {local_task_job_runner.py:243} INFO - Task exited with return code 0
[2026-03-10T23:53:01.581+0530] {taskinstance.py:3503} INFO - 0 downstream tasks scheduled from follow-on schedule check
[2026-03-10T23:53:01.582+0530] {local_task_job_runner.py:222} INFO - ::endgroup::
