[2025-12-27T19:42:13.518+0530] {local_task_job_runner.py:120} INFO - ::group::Pre task execution logs
[2025-12-27T19:42:13.549+0530] {taskinstance.py:2076} INFO - Dependencies all met for dep_context=non-requeueable deps ti=<TaskInstance: example_dynamic_task_mapping.add_one scheduled__2022-12-30T00:00:00+00:00 map_index=0 [queued]>
[2025-12-27T19:42:13.559+0530] {taskinstance.py:2076} INFO - Dependencies all met for dep_context=requeueable deps ti=<TaskInstance: example_dynamic_task_mapping.add_one scheduled__2022-12-30T00:00:00+00:00 map_index=0 [queued]>
[2025-12-27T19:42:13.559+0530] {taskinstance.py:2306} INFO - Starting attempt 1 of 1
[2025-12-27T19:42:13.584+0530] {taskinstance.py:2330} INFO - Executing <Mapped(_PythonDecoratedOperator): add_one> on 2022-12-30 00:00:00+00:00
[2025-12-27T19:42:13.588+0530] {standard_task_runner.py:64} INFO - Started process 1714 to run task
[2025-12-27T19:42:13.593+0530] {standard_task_runner.py:90} INFO - Running: ['airflow', 'tasks', 'run', 'example_dynamic_task_mapping', 'add_one', 'scheduled__2022-12-30T00:00:00+00:00', '--job-id', '1902', '--raw', '--subdir', '/home/sathya/projects/training-kit/.venv-airflow/lib/python3.10/site-packages/airflow/example_dags/example_dynamic_task_mapping.py', '--cfg-path', '/tmp/tmptd7a9w0j', '--map-index', '0']
[2025-12-27T19:42:13.594+0530] {standard_task_runner.py:91} INFO - Job 1902: Subtask add_one
[2025-12-27T19:42:13.641+0530] {task_command.py:426} INFO - Running <TaskInstance: example_dynamic_task_mapping.add_one scheduled__2022-12-30T00:00:00+00:00 map_index=0 [running]> on host LAPTOP-A1PMOBSE.localdomain
[2025-12-27T19:42:13.780+0530] {taskinstance.py:2648} INFO - Exporting env vars: AIRFLOW_CTX_DAG_OWNER='airflow' AIRFLOW_CTX_DAG_ID='example_dynamic_task_mapping' AIRFLOW_CTX_TASK_ID='add_one' AIRFLOW_CTX_EXECUTION_DATE='2022-12-30T00:00:00+00:00' AIRFLOW_CTX_TRY_NUMBER='1' AIRFLOW_CTX_DAG_RUN_ID='scheduled__2022-12-30T00:00:00+00:00'
[2025-12-27T19:42:13.782+0530] {taskinstance.py:430} INFO - ::endgroup::
[2025-12-27T19:42:13.783+0530] {python.py:237} INFO - Done. Returned value was: 2
[2025-12-27T19:42:13.783+0530] {taskinstance.py:441} INFO - ::group::Post task execution logs
[2025-12-27T19:42:13.806+0530] {taskinstance.py:1206} INFO - Marking task as SUCCESS. dag_id=example_dynamic_task_mapping, task_id=add_one, run_id=scheduled__2022-12-30T00:00:00+00:00, map_index=0, execution_date=20221230T000000, start_date=20251227T141213, end_date=20251227T141213
[2025-12-27T19:42:13.848+0530] {local_task_job_runner.py:243} INFO - Task exited with return code 0
[2025-12-27T19:42:13.870+0530] {taskinstance.py:3503} INFO - 0 downstream tasks scheduled from follow-on schedule check
[2025-12-27T19:42:13.871+0530] {local_task_job_runner.py:222} INFO - ::endgroup::
[2026-03-11T22:55:43.566+0530] {local_task_job_runner.py:120} INFO - ::group::Pre task execution logs
[2026-03-11T22:55:43.582+0530] {taskinstance.py:2076} INFO - Dependencies all met for dep_context=non-requeueable deps ti=<TaskInstance: example_dynamic_task_mapping.add_one scheduled__2022-12-30T00:00:00+00:00 map_index=0 [queued]>
[2026-03-11T22:55:43.586+0530] {taskinstance.py:2076} INFO - Dependencies all met for dep_context=requeueable deps ti=<TaskInstance: example_dynamic_task_mapping.add_one scheduled__2022-12-30T00:00:00+00:00 map_index=0 [queued]>
[2026-03-11T22:55:43.586+0530] {taskinstance.py:2306} INFO - Starting attempt 1 of 1
[2026-03-11T22:55:43.600+0530] {taskinstance.py:2330} INFO - Executing <Mapped(_PythonDecoratedOperator): add_one> on 2022-12-30 00:00:00+00:00
[2026-03-11T22:55:43.604+0530] {standard_task_runner.py:64} INFO - Started process 11890 to run task
[2026-03-11T22:55:43.607+0530] {standard_task_runner.py:90} INFO - Running: ['airflow', 'tasks', 'run', 'example_dynamic_task_mapping', 'add_one', 'scheduled__2022-12-30T00:00:00+00:00', '--job-id', '2204', '--raw', '--subdir', '/home/sathya/projects/training-kit/.venv-airflow/lib/python3.10/site-packages/airflow/example_dags/example_dynamic_task_mapping.py', '--cfg-path', '/tmp/tmpe0jbyfpe', '--map-index', '0']
[2026-03-11T22:55:43.608+0530] {standard_task_runner.py:91} INFO - Job 2204: Subtask add_one
[2026-03-11T22:55:43.640+0530] {task_command.py:426} INFO - Running <TaskInstance: example_dynamic_task_mapping.add_one scheduled__2022-12-30T00:00:00+00:00 map_index=0 [running]> on host LAPTOP-A1PMOBSE.localdomain
[2026-03-11T22:55:43.709+0530] {taskinstance.py:2648} INFO - Exporting env vars: AIRFLOW_CTX_DAG_OWNER='airflow' AIRFLOW_CTX_DAG_ID='example_dynamic_task_mapping' AIRFLOW_CTX_TASK_ID='add_one' AIRFLOW_CTX_EXECUTION_DATE='2022-12-30T00:00:00+00:00' AIRFLOW_CTX_TRY_NUMBER='1' AIRFLOW_CTX_DAG_RUN_ID='scheduled__2022-12-30T00:00:00+00:00'
[2026-03-11T22:55:43.710+0530] {taskinstance.py:430} INFO - ::endgroup::
[2026-03-11T22:55:43.710+0530] {python.py:237} INFO - Done. Returned value was: 2
[2026-03-11T22:55:43.710+0530] {taskinstance.py:441} INFO - ::group::Post task execution logs
[2026-03-11T22:55:43.724+0530] {taskinstance.py:1206} INFO - Marking task as SUCCESS. dag_id=example_dynamic_task_mapping, task_id=add_one, run_id=scheduled__2022-12-30T00:00:00+00:00, map_index=0, execution_date=20221230T000000, start_date=20260311T172543, end_date=20260311T172543
[2026-03-11T22:55:43.744+0530] {local_task_job_runner.py:243} INFO - Task exited with return code 0
[2026-03-11T22:55:43.756+0530] {taskinstance.py:3503} INFO - 0 downstream tasks scheduled from follow-on schedule check
[2026-03-11T22:55:43.757+0530] {local_task_job_runner.py:222} INFO - ::endgroup::
