[2025-12-26T22:50:01.113+0530] {local_task_job_runner.py:120} INFO - ::group::Pre task execution logs
[2025-12-26T22:50:01.129+0530] {taskinstance.py:2076} INFO - Dependencies all met for dep_context=non-requeueable deps ti=<TaskInstance: example_dynamic_task_mapping.add_one scheduled__2022-09-10T00:00:00+00:00 map_index=1 [queued]>
[2025-12-26T22:50:01.133+0530] {taskinstance.py:2076} INFO - Dependencies all met for dep_context=requeueable deps ti=<TaskInstance: example_dynamic_task_mapping.add_one scheduled__2022-09-10T00:00:00+00:00 map_index=1 [queued]>
[2025-12-26T22:50:01.133+0530] {taskinstance.py:2306} INFO - Starting attempt 1 of 1
[2025-12-26T22:50:01.146+0530] {taskinstance.py:2330} INFO - Executing <Mapped(_PythonDecoratedOperator): add_one> on 2022-09-10 00:00:00+00:00
[2025-12-26T22:50:01.149+0530] {standard_task_runner.py:64} INFO - Started process 9540 to run task
[2025-12-26T22:50:01.152+0530] {standard_task_runner.py:90} INFO - Running: ['airflow', 'tasks', 'run', 'example_dynamic_task_mapping', 'add_one', 'scheduled__2022-09-10T00:00:00+00:00', '--job-id', '1112', '--raw', '--subdir', '/home/sathya/projects/training-kit/.venv-airflow/lib/python3.10/site-packages/airflow/example_dags/example_dynamic_task_mapping.py', '--cfg-path', '/tmp/tmp6c9al_d7', '--map-index', '1']
[2025-12-26T22:50:01.152+0530] {standard_task_runner.py:91} INFO - Job 1112: Subtask add_one
[2025-12-26T22:50:01.180+0530] {task_command.py:426} INFO - Running <TaskInstance: example_dynamic_task_mapping.add_one scheduled__2022-09-10T00:00:00+00:00 map_index=1 [running]> on host LAPTOP-A1PMOBSE.localdomain
[2025-12-26T22:50:01.229+0530] {taskinstance.py:2648} INFO - Exporting env vars: AIRFLOW_CTX_DAG_OWNER='airflow' AIRFLOW_CTX_DAG_ID='example_dynamic_task_mapping' AIRFLOW_CTX_TASK_ID='add_one' AIRFLOW_CTX_EXECUTION_DATE='2022-09-10T00:00:00+00:00' AIRFLOW_CTX_TRY_NUMBER='1' AIRFLOW_CTX_DAG_RUN_ID='scheduled__2022-09-10T00:00:00+00:00'
[2025-12-26T22:50:01.229+0530] {taskinstance.py:430} INFO - ::endgroup::
[2025-12-26T22:50:01.229+0530] {python.py:237} INFO - Done. Returned value was: 3
[2025-12-26T22:50:01.229+0530] {taskinstance.py:441} INFO - ::group::Post task execution logs
[2025-12-26T22:50:01.242+0530] {taskinstance.py:1206} INFO - Marking task as SUCCESS. dag_id=example_dynamic_task_mapping, task_id=add_one, run_id=scheduled__2022-09-10T00:00:00+00:00, map_index=1, execution_date=20220910T000000, start_date=20251226T172001, end_date=20251226T172001
[2025-12-26T22:50:01.285+0530] {local_task_job_runner.py:243} INFO - Task exited with return code 0
[2025-12-26T22:50:01.305+0530] {taskinstance.py:3503} INFO - 0 downstream tasks scheduled from follow-on schedule check
[2025-12-26T22:50:01.305+0530] {local_task_job_runner.py:222} INFO - ::endgroup::
[2026-03-10T23:50:47.455+0530] {local_task_job_runner.py:120} INFO - ::group::Pre task execution logs
[2026-03-10T23:50:47.507+0530] {taskinstance.py:2076} INFO - Dependencies all met for dep_context=non-requeueable deps ti=<TaskInstance: example_dynamic_task_mapping.add_one scheduled__2022-09-10T00:00:00+00:00 map_index=1 [queued]>
[2026-03-10T23:50:47.524+0530] {taskinstance.py:2076} INFO - Dependencies all met for dep_context=requeueable deps ti=<TaskInstance: example_dynamic_task_mapping.add_one scheduled__2022-09-10T00:00:00+00:00 map_index=1 [queued]>
[2026-03-10T23:50:47.525+0530] {taskinstance.py:2306} INFO - Starting attempt 1 of 1
[2026-03-10T23:50:47.602+0530] {taskinstance.py:2330} INFO - Executing <Mapped(_PythonDecoratedOperator): add_one> on 2022-09-10 00:00:00+00:00
[2026-03-10T23:50:47.614+0530] {standard_task_runner.py:64} INFO - Started process 15164 to run task
[2026-03-10T23:50:47.621+0530] {standard_task_runner.py:90} INFO - Running: ['airflow', 'tasks', 'run', 'example_dynamic_task_mapping', 'add_one', 'scheduled__2022-09-10T00:00:00+00:00', '--job-id', '1380', '--raw', '--subdir', '/home/sathya/projects/training-kit/.venv-airflow/lib/python3.10/site-packages/airflow/example_dags/example_dynamic_task_mapping.py', '--cfg-path', '/tmp/tmpkq_l0ohn', '--map-index', '1']
[2026-03-10T23:50:47.625+0530] {standard_task_runner.py:91} INFO - Job 1380: Subtask add_one
[2026-03-10T23:50:47.713+0530] {task_command.py:426} INFO - Running <TaskInstance: example_dynamic_task_mapping.add_one scheduled__2022-09-10T00:00:00+00:00 map_index=1 [running]> on host LAPTOP-A1PMOBSE.localdomain
[2026-03-10T23:50:47.890+0530] {taskinstance.py:2648} INFO - Exporting env vars: AIRFLOW_CTX_DAG_OWNER='airflow' AIRFLOW_CTX_DAG_ID='example_dynamic_task_mapping' AIRFLOW_CTX_TASK_ID='add_one' AIRFLOW_CTX_EXECUTION_DATE='2022-09-10T00:00:00+00:00' AIRFLOW_CTX_TRY_NUMBER='1' AIRFLOW_CTX_DAG_RUN_ID='scheduled__2022-09-10T00:00:00+00:00'
[2026-03-10T23:50:47.892+0530] {taskinstance.py:430} INFO - ::endgroup::
[2026-03-10T23:50:47.893+0530] {python.py:237} INFO - Done. Returned value was: 3
[2026-03-10T23:50:47.893+0530] {taskinstance.py:441} INFO - ::group::Post task execution logs
[2026-03-10T23:50:47.932+0530] {taskinstance.py:1206} INFO - Marking task as SUCCESS. dag_id=example_dynamic_task_mapping, task_id=add_one, run_id=scheduled__2022-09-10T00:00:00+00:00, map_index=1, execution_date=20220910T000000, start_date=20260310T182047, end_date=20260310T182047
[2026-03-10T23:50:47.979+0530] {local_task_job_runner.py:243} INFO - Task exited with return code 0
[2026-03-10T23:50:48.020+0530] {taskinstance.py:3503} INFO - 0 downstream tasks scheduled from follow-on schedule check
[2026-03-10T23:50:48.022+0530] {local_task_job_runner.py:222} INFO - ::endgroup::
