[2026-03-10T21:10:33.564+0530] {local_task_job_runner.py:120} INFO - ::group::Pre task execution logs
[2026-03-10T21:10:33.592+0530] {taskinstance.py:2076} INFO - Dependencies all met for dep_context=non-requeueable deps ti=<TaskInstance: example_branch_dop_operator_v3.should_run scheduled__2026-03-10T15:35:00+00:00 [queued]>
[2026-03-10T21:10:33.598+0530] {taskinstance.py:2076} INFO - Dependencies all met for dep_context=requeueable deps ti=<TaskInstance: example_branch_dop_operator_v3.should_run scheduled__2026-03-10T15:35:00+00:00 [queued]>
[2026-03-10T21:10:33.598+0530] {taskinstance.py:2306} INFO - Starting attempt 1 of 1
[2026-03-10T21:10:33.620+0530] {taskinstance.py:2330} INFO - Executing <Task(_BranchPythonDecoratedOperator): should_run> on 2026-03-10 15:35:00+00:00
[2026-03-10T21:10:33.628+0530] {standard_task_runner.py:64} INFO - Started process 1442 to run task
[2026-03-10T21:10:33.634+0530] {standard_task_runner.py:90} INFO - Running: ['airflow', 'tasks', 'run', 'example_branch_dop_operator_v3', 'should_run', 'scheduled__2026-03-10T15:35:00+00:00', '--job-id', '112', '--raw', '--subdir', '/home/sathya/projects/training-kit/.venv-airflow/lib/python3.10/site-packages/airflow/example_dags/example_branch_python_dop_operator_3.py', '--cfg-path', '/tmp/tmps8gmy8g8']
[2026-03-10T21:10:33.636+0530] {standard_task_runner.py:91} INFO - Job 112: Subtask should_run
[2026-03-10T21:10:33.707+0530] {task_command.py:426} INFO - Running <TaskInstance: example_branch_dop_operator_v3.should_run scheduled__2026-03-10T15:35:00+00:00 [running]> on host LAPTOP-A1PMOBSE.localdomain
[2026-03-10T21:10:33.820+0530] {taskinstance.py:2648} INFO - Exporting env vars: AIRFLOW_CTX_DAG_OWNER='airflow' AIRFLOW_CTX_DAG_ID='example_branch_dop_operator_v3' AIRFLOW_CTX_TASK_ID='should_run' AIRFLOW_CTX_EXECUTION_DATE='2026-03-10T15:35:00+00:00' AIRFLOW_CTX_TRY_NUMBER='1' AIRFLOW_CTX_DAG_RUN_ID='scheduled__2026-03-10T15:35:00+00:00'
[2026-03-10T21:10:33.824+0530] {taskinstance.py:430} INFO - ::endgroup::
[2026-03-10T21:10:33.833+0530] {logging_mixin.py:188} WARNING - /home/sathya/projects/training-kit/.venv-airflow/lib/python3.10/site-packages/airflow/utils/context.py:320 AirflowContextDeprecationWarning: Accessing 'execution_date' from the template is deprecated and will be removed in a future version. Please use 'data_interval_start' or 'logical_date' instead.
[2026-03-10T21:10:33.833+0530] {logging_mixin.py:188} INFO - ------------- exec dttm = 2026-03-10 15:35:00+00:00 and minute = 35
[2026-03-10T21:10:33.833+0530] {python.py:237} INFO - Done. Returned value was: empty_task_2
[2026-03-10T21:10:33.834+0530] {branch.py:36} INFO - Branch into empty_task_2
[2026-03-10T21:10:33.834+0530] {skipmixin.py:178} INFO - Following branch empty_task_2
[2026-03-10T21:10:33.844+0530] {skipmixin.py:246} INFO - Skipping tasks [('empty_task_1', -1)]
[2026-03-10T21:10:33.882+0530] {taskinstance.py:441} INFO - ::group::Post task execution logs
[2026-03-10T21:10:33.906+0530] {taskinstance.py:1206} INFO - Marking task as SUCCESS. dag_id=example_branch_dop_operator_v3, task_id=should_run, run_id=scheduled__2026-03-10T15:35:00+00:00, execution_date=20260310T153500, start_date=20260310T154033, end_date=20260310T154033
[2026-03-10T21:10:33.958+0530] {local_task_job_runner.py:243} INFO - Task exited with return code 0
[2026-03-10T21:10:33.990+0530] {taskinstance.py:3503} INFO - 0 downstream tasks scheduled from follow-on schedule check
[2026-03-10T21:10:33.991+0530] {local_task_job_runner.py:222} INFO - ::endgroup::
