[2025-12-26T22:52:01.966+0530] {local_task_job_runner.py:120} INFO - ::group::Pre task execution logs
[2025-12-26T22:52:01.986+0530] {taskinstance.py:2076} INFO - Dependencies all met for dep_context=non-requeueable deps ti=<TaskInstance: example_dynamic_task_mapping.add_one scheduled__2022-09-18T00:00:00+00:00 map_index=0 [queued]>
[2025-12-26T22:52:01.992+0530] {taskinstance.py:2076} INFO - Dependencies all met for dep_context=requeueable deps ti=<TaskInstance: example_dynamic_task_mapping.add_one scheduled__2022-09-18T00:00:00+00:00 map_index=0 [queued]>
[2025-12-26T22:52:01.993+0530] {taskinstance.py:2306} INFO - Starting attempt 1 of 1
[2025-12-26T22:52:02.009+0530] {taskinstance.py:2330} INFO - Executing <Mapped(_PythonDecoratedOperator): add_one> on 2022-09-18 00:00:00+00:00
[2025-12-26T22:52:02.012+0530] {standard_task_runner.py:64} INFO - Started process 9779 to run task
[2025-12-26T22:52:02.017+0530] {standard_task_runner.py:90} INFO - Running: ['airflow', 'tasks', 'run', 'example_dynamic_task_mapping', 'add_one', 'scheduled__2022-09-18T00:00:00+00:00', '--job-id', '1154', '--raw', '--subdir', '/home/sathya/projects/training-kit/.venv-airflow/lib/python3.10/site-packages/airflow/example_dags/example_dynamic_task_mapping.py', '--cfg-path', '/tmp/tmph6jem7lk', '--map-index', '0']
[2025-12-26T22:52:02.017+0530] {standard_task_runner.py:91} INFO - Job 1154: Subtask add_one
[2025-12-26T22:52:02.060+0530] {task_command.py:426} INFO - Running <TaskInstance: example_dynamic_task_mapping.add_one scheduled__2022-09-18T00:00:00+00:00 map_index=0 [running]> on host LAPTOP-A1PMOBSE.localdomain
[2025-12-26T22:52:02.127+0530] {taskinstance.py:2648} INFO - Exporting env vars: AIRFLOW_CTX_DAG_OWNER='airflow' AIRFLOW_CTX_DAG_ID='example_dynamic_task_mapping' AIRFLOW_CTX_TASK_ID='add_one' AIRFLOW_CTX_EXECUTION_DATE='2022-09-18T00:00:00+00:00' AIRFLOW_CTX_TRY_NUMBER='1' AIRFLOW_CTX_DAG_RUN_ID='scheduled__2022-09-18T00:00:00+00:00'
[2025-12-26T22:52:02.128+0530] {taskinstance.py:430} INFO - ::endgroup::
[2025-12-26T22:52:02.128+0530] {python.py:237} INFO - Done. Returned value was: 2
[2025-12-26T22:52:02.128+0530] {taskinstance.py:441} INFO - ::group::Post task execution logs
[2025-12-26T22:52:02.142+0530] {taskinstance.py:1206} INFO - Marking task as SUCCESS. dag_id=example_dynamic_task_mapping, task_id=add_one, run_id=scheduled__2022-09-18T00:00:00+00:00, map_index=0, execution_date=20220918T000000, start_date=20251226T172201, end_date=20251226T172202
[2025-12-26T22:52:02.158+0530] {local_task_job_runner.py:243} INFO - Task exited with return code 0
[2025-12-26T22:52:02.171+0530] {taskinstance.py:3503} INFO - 0 downstream tasks scheduled from follow-on schedule check
[2025-12-26T22:52:02.171+0530] {local_task_job_runner.py:222} INFO - ::endgroup::
[2026-03-10T23:54:16.188+0530] {local_task_job_runner.py:120} INFO - ::group::Pre task execution logs
[2026-03-10T23:54:16.249+0530] {taskinstance.py:2076} INFO - Dependencies all met for dep_context=non-requeueable deps ti=<TaskInstance: example_dynamic_task_mapping.add_one scheduled__2022-09-18T00:00:00+00:00 map_index=0 [queued]>
[2026-03-10T23:54:16.268+0530] {taskinstance.py:2076} INFO - Dependencies all met for dep_context=requeueable deps ti=<TaskInstance: example_dynamic_task_mapping.add_one scheduled__2022-09-18T00:00:00+00:00 map_index=0 [queued]>
[2026-03-10T23:54:16.269+0530] {taskinstance.py:2306} INFO - Starting attempt 1 of 1
[2026-03-10T23:54:16.317+0530] {taskinstance.py:2330} INFO - Executing <Mapped(_PythonDecoratedOperator): add_one> on 2022-09-18 00:00:00+00:00
[2026-03-10T23:54:16.330+0530] {standard_task_runner.py:64} INFO - Started process 15672 to run task
[2026-03-10T23:54:16.336+0530] {standard_task_runner.py:90} INFO - Running: ['airflow', 'tasks', 'run', 'example_dynamic_task_mapping', 'add_one', 'scheduled__2022-09-18T00:00:00+00:00', '--job-id', '1429', '--raw', '--subdir', '/home/sathya/projects/training-kit/.venv-airflow/lib/python3.10/site-packages/airflow/example_dags/example_dynamic_task_mapping.py', '--cfg-path', '/tmp/tmprviaucq5', '--map-index', '0']
[2026-03-10T23:54:16.340+0530] {standard_task_runner.py:91} INFO - Job 1429: Subtask add_one
[2026-03-10T23:54:16.435+0530] {task_command.py:426} INFO - Running <TaskInstance: example_dynamic_task_mapping.add_one scheduled__2022-09-18T00:00:00+00:00 map_index=0 [running]> on host LAPTOP-A1PMOBSE.localdomain
[2026-03-10T23:54:16.630+0530] {taskinstance.py:2648} INFO - Exporting env vars: AIRFLOW_CTX_DAG_OWNER='airflow' AIRFLOW_CTX_DAG_ID='example_dynamic_task_mapping' AIRFLOW_CTX_TASK_ID='add_one' AIRFLOW_CTX_EXECUTION_DATE='2022-09-18T00:00:00+00:00' AIRFLOW_CTX_TRY_NUMBER='1' AIRFLOW_CTX_DAG_RUN_ID='scheduled__2022-09-18T00:00:00+00:00'
[2026-03-10T23:54:16.633+0530] {taskinstance.py:430} INFO - ::endgroup::
[2026-03-10T23:54:16.634+0530] {python.py:237} INFO - Done. Returned value was: 2
[2026-03-10T23:54:16.634+0530] {taskinstance.py:441} INFO - ::group::Post task execution logs
[2026-03-10T23:54:16.697+0530] {taskinstance.py:1206} INFO - Marking task as SUCCESS. dag_id=example_dynamic_task_mapping, task_id=add_one, run_id=scheduled__2022-09-18T00:00:00+00:00, map_index=0, execution_date=20220918T000000, start_date=20260310T182416, end_date=20260310T182416
[2026-03-10T23:54:16.807+0530] {local_task_job_runner.py:243} INFO - Task exited with return code 0
[2026-03-10T23:54:16.844+0530] {taskinstance.py:3503} INFO - 0 downstream tasks scheduled from follow-on schedule check
[2026-03-10T23:54:16.845+0530] {local_task_job_runner.py:222} INFO - ::endgroup::
