[2025-12-26T22:11:49.799+0530] {local_task_job_runner.py:120} INFO - ::group::Pre task execution logs
[2025-12-26T22:11:49.817+0530] {taskinstance.py:2076} INFO - Dependencies all met for dep_context=non-requeueable deps ti=<TaskInstance: example_dynamic_task_mapping.add_one scheduled__2022-03-10T00:00:00+00:00 map_index=2 [queued]>
[2025-12-26T22:11:49.821+0530] {taskinstance.py:2076} INFO - Dependencies all met for dep_context=requeueable deps ti=<TaskInstance: example_dynamic_task_mapping.add_one scheduled__2022-03-10T00:00:00+00:00 map_index=2 [queued]>
[2025-12-26T22:11:49.821+0530] {taskinstance.py:2306} INFO - Starting attempt 1 of 1
[2025-12-26T22:11:49.837+0530] {taskinstance.py:2330} INFO - Executing <Mapped(_PythonDecoratedOperator): add_one> on 2022-03-10 00:00:00+00:00
[2025-12-26T22:11:49.840+0530] {standard_task_runner.py:64} INFO - Started process 4353 to run task
[2025-12-26T22:11:49.843+0530] {standard_task_runner.py:90} INFO - Running: ['airflow', 'tasks', 'run', 'example_dynamic_task_mapping', 'add_one', 'scheduled__2022-03-10T00:00:00+00:00', '--job-id', '155', '--raw', '--subdir', '/home/sathya/projects/training-kit/.venv-airflow/lib/python3.10/site-packages/airflow/example_dags/example_dynamic_task_mapping.py', '--cfg-path', '/tmp/tmppf_rcovq', '--map-index', '2']
[2025-12-26T22:11:49.844+0530] {standard_task_runner.py:91} INFO - Job 155: Subtask add_one
[2025-12-26T22:11:49.875+0530] {task_command.py:426} INFO - Running <TaskInstance: example_dynamic_task_mapping.add_one scheduled__2022-03-10T00:00:00+00:00 map_index=2 [running]> on host LAPTOP-A1PMOBSE.localdomain
[2025-12-26T22:11:49.926+0530] {taskinstance.py:2648} INFO - Exporting env vars: AIRFLOW_CTX_DAG_OWNER='airflow' AIRFLOW_CTX_DAG_ID='example_dynamic_task_mapping' AIRFLOW_CTX_TASK_ID='add_one' AIRFLOW_CTX_EXECUTION_DATE='2022-03-10T00:00:00+00:00' AIRFLOW_CTX_TRY_NUMBER='1' AIRFLOW_CTX_DAG_RUN_ID='scheduled__2022-03-10T00:00:00+00:00'
[2025-12-26T22:11:49.926+0530] {taskinstance.py:430} INFO - ::endgroup::
[2025-12-26T22:11:49.927+0530] {python.py:237} INFO - Done. Returned value was: 4
[2025-12-26T22:11:49.927+0530] {taskinstance.py:441} INFO - ::group::Post task execution logs
[2025-12-26T22:11:49.942+0530] {taskinstance.py:1206} INFO - Marking task as SUCCESS. dag_id=example_dynamic_task_mapping, task_id=add_one, run_id=scheduled__2022-03-10T00:00:00+00:00, map_index=2, execution_date=20220310T000000, start_date=20251226T164149, end_date=20251226T164149
[2025-12-26T22:11:49.985+0530] {local_task_job_runner.py:243} INFO - Task exited with return code 0
[2025-12-26T22:11:49.999+0530] {taskinstance.py:3503} INFO - 1 downstream tasks scheduled from follow-on schedule check
[2025-12-26T22:11:50.008+0530] {local_task_job_runner.py:222} INFO - ::endgroup::
[2026-03-10T21:10:48.217+0530] {local_task_job_runner.py:120} INFO - ::group::Pre task execution logs
[2026-03-10T21:10:48.240+0530] {taskinstance.py:2076} INFO - Dependencies all met for dep_context=non-requeueable deps ti=<TaskInstance: example_dynamic_task_mapping.add_one scheduled__2022-03-10T00:00:00+00:00 map_index=2 [queued]>
[2026-03-10T21:10:48.245+0530] {taskinstance.py:2076} INFO - Dependencies all met for dep_context=requeueable deps ti=<TaskInstance: example_dynamic_task_mapping.add_one scheduled__2022-03-10T00:00:00+00:00 map_index=2 [queued]>
[2026-03-10T21:10:48.246+0530] {taskinstance.py:2306} INFO - Starting attempt 1 of 1
[2026-03-10T21:10:48.264+0530] {taskinstance.py:2330} INFO - Executing <Mapped(_PythonDecoratedOperator): add_one> on 2022-03-10 00:00:00+00:00
[2026-03-10T21:10:48.269+0530] {standard_task_runner.py:64} INFO - Started process 1499 to run task
[2026-03-10T21:10:48.274+0530] {standard_task_runner.py:90} INFO - Running: ['airflow', 'tasks', 'run', 'example_dynamic_task_mapping', 'add_one', 'scheduled__2022-03-10T00:00:00+00:00', '--job-id', '118', '--raw', '--subdir', '/home/sathya/projects/training-kit/.venv-airflow/lib/python3.10/site-packages/airflow/example_dags/example_dynamic_task_mapping.py', '--cfg-path', '/tmp/tmplohsn13j', '--map-index', '2']
[2026-03-10T21:10:48.277+0530] {standard_task_runner.py:91} INFO - Job 118: Subtask add_one
[2026-03-10T21:10:48.333+0530] {task_command.py:426} INFO - Running <TaskInstance: example_dynamic_task_mapping.add_one scheduled__2022-03-10T00:00:00+00:00 map_index=2 [running]> on host LAPTOP-A1PMOBSE.localdomain
[2026-03-10T21:10:48.422+0530] {taskinstance.py:2648} INFO - Exporting env vars: AIRFLOW_CTX_DAG_OWNER='airflow' AIRFLOW_CTX_DAG_ID='example_dynamic_task_mapping' AIRFLOW_CTX_TASK_ID='add_one' AIRFLOW_CTX_EXECUTION_DATE='2022-03-10T00:00:00+00:00' AIRFLOW_CTX_TRY_NUMBER='1' AIRFLOW_CTX_DAG_RUN_ID='scheduled__2022-03-10T00:00:00+00:00'
[2026-03-10T21:10:48.423+0530] {taskinstance.py:430} INFO - ::endgroup::
[2026-03-10T21:10:48.424+0530] {python.py:237} INFO - Done. Returned value was: 4
[2026-03-10T21:10:48.424+0530] {taskinstance.py:441} INFO - ::group::Post task execution logs
[2026-03-10T21:10:48.443+0530] {taskinstance.py:1206} INFO - Marking task as SUCCESS. dag_id=example_dynamic_task_mapping, task_id=add_one, run_id=scheduled__2022-03-10T00:00:00+00:00, map_index=2, execution_date=20220310T000000, start_date=20260310T154048, end_date=20260310T154048
[2026-03-10T21:10:48.504+0530] {local_task_job_runner.py:243} INFO - Task exited with return code 0
[2026-03-10T21:10:48.529+0530] {taskinstance.py:3503} INFO - 1 downstream tasks scheduled from follow-on schedule check
[2026-03-10T21:10:48.561+0530] {local_task_job_runner.py:222} INFO - ::endgroup::
