[2025-12-26T22:21:22.595+0530] {local_task_job_runner.py:120} INFO - ::group::Pre task execution logs
[2025-12-26T22:21:22.612+0530] {taskinstance.py:2076} INFO - Dependencies all met for dep_context=non-requeueable deps ti=<TaskInstance: example_dynamic_task_mapping.add_one scheduled__2022-05-14T00:00:00+00:00 map_index=1 [queued]>
[2025-12-26T22:21:22.616+0530] {taskinstance.py:2076} INFO - Dependencies all met for dep_context=requeueable deps ti=<TaskInstance: example_dynamic_task_mapping.add_one scheduled__2022-05-14T00:00:00+00:00 map_index=1 [queued]>
[2025-12-26T22:21:22.616+0530] {taskinstance.py:2306} INFO - Starting attempt 1 of 1
[2025-12-26T22:21:22.631+0530] {taskinstance.py:2330} INFO - Executing <Mapped(_PythonDecoratedOperator): add_one> on 2022-05-14 00:00:00+00:00
[2025-12-26T22:21:22.633+0530] {standard_task_runner.py:64} INFO - Started process 5996 to run task
[2025-12-26T22:21:22.639+0530] {standard_task_runner.py:90} INFO - Running: ['airflow', 'tasks', 'run', 'example_dynamic_task_mapping', 'add_one', 'scheduled__2022-05-14T00:00:00+00:00', '--job-id', '495', '--raw', '--subdir', '/home/sathya/projects/training-kit/.venv-airflow/lib/python3.10/site-packages/airflow/example_dags/example_dynamic_task_mapping.py', '--cfg-path', '/tmp/tmpggxvflhp', '--map-index', '1']
[2025-12-26T22:21:22.639+0530] {standard_task_runner.py:91} INFO - Job 495: Subtask add_one
[2025-12-26T22:21:22.679+0530] {task_command.py:426} INFO - Running <TaskInstance: example_dynamic_task_mapping.add_one scheduled__2022-05-14T00:00:00+00:00 map_index=1 [running]> on host LAPTOP-A1PMOBSE.localdomain
[2025-12-26T22:21:22.748+0530] {taskinstance.py:2648} INFO - Exporting env vars: AIRFLOW_CTX_DAG_OWNER='airflow' AIRFLOW_CTX_DAG_ID='example_dynamic_task_mapping' AIRFLOW_CTX_TASK_ID='add_one' AIRFLOW_CTX_EXECUTION_DATE='2022-05-14T00:00:00+00:00' AIRFLOW_CTX_TRY_NUMBER='1' AIRFLOW_CTX_DAG_RUN_ID='scheduled__2022-05-14T00:00:00+00:00'
[2025-12-26T22:21:22.749+0530] {taskinstance.py:430} INFO - ::endgroup::
[2025-12-26T22:21:22.749+0530] {python.py:237} INFO - Done. Returned value was: 3
[2025-12-26T22:21:22.749+0530] {taskinstance.py:441} INFO - ::group::Post task execution logs
[2025-12-26T22:21:22.768+0530] {taskinstance.py:1206} INFO - Marking task as SUCCESS. dag_id=example_dynamic_task_mapping, task_id=add_one, run_id=scheduled__2022-05-14T00:00:00+00:00, map_index=1, execution_date=20220514T000000, start_date=20251226T165122, end_date=20251226T165122
[2025-12-26T22:21:22.825+0530] {local_task_job_runner.py:243} INFO - Task exited with return code 0
[2025-12-26T22:21:22.847+0530] {taskinstance.py:3503} INFO - 0 downstream tasks scheduled from follow-on schedule check
[2025-12-26T22:21:22.847+0530] {local_task_job_runner.py:222} INFO - ::endgroup::
[2026-03-10T23:10:24.328+0530] {local_task_job_runner.py:120} INFO - ::group::Pre task execution logs
[2026-03-10T23:10:24.365+0530] {taskinstance.py:2076} INFO - Dependencies all met for dep_context=non-requeueable deps ti=<TaskInstance: example_dynamic_task_mapping.add_one scheduled__2022-05-14T00:00:00+00:00 map_index=1 [queued]>
[2026-03-10T23:10:24.371+0530] {taskinstance.py:2076} INFO - Dependencies all met for dep_context=requeueable deps ti=<TaskInstance: example_dynamic_task_mapping.add_one scheduled__2022-05-14T00:00:00+00:00 map_index=1 [queued]>
[2026-03-10T23:10:24.371+0530] {taskinstance.py:2306} INFO - Starting attempt 1 of 1
[2026-03-10T23:10:24.400+0530] {taskinstance.py:2330} INFO - Executing <Mapped(_PythonDecoratedOperator): add_one> on 2022-05-14 00:00:00+00:00
[2026-03-10T23:10:24.407+0530] {standard_task_runner.py:64} INFO - Started process 7266 to run task
[2026-03-10T23:10:24.415+0530] {standard_task_runner.py:90} INFO - Running: ['airflow', 'tasks', 'run', 'example_dynamic_task_mapping', 'add_one', 'scheduled__2022-05-14T00:00:00+00:00', '--job-id', '623', '--raw', '--subdir', '/home/sathya/projects/training-kit/.venv-airflow/lib/python3.10/site-packages/airflow/example_dags/example_dynamic_task_mapping.py', '--cfg-path', '/tmp/tmpwasyb3zf', '--map-index', '1']
[2026-03-10T23:10:24.417+0530] {standard_task_runner.py:91} INFO - Job 623: Subtask add_one
[2026-03-10T23:10:24.489+0530] {task_command.py:426} INFO - Running <TaskInstance: example_dynamic_task_mapping.add_one scheduled__2022-05-14T00:00:00+00:00 map_index=1 [running]> on host LAPTOP-A1PMOBSE.localdomain
[2026-03-10T23:10:24.603+0530] {taskinstance.py:2648} INFO - Exporting env vars: AIRFLOW_CTX_DAG_OWNER='airflow' AIRFLOW_CTX_DAG_ID='example_dynamic_task_mapping' AIRFLOW_CTX_TASK_ID='add_one' AIRFLOW_CTX_EXECUTION_DATE='2022-05-14T00:00:00+00:00' AIRFLOW_CTX_TRY_NUMBER='1' AIRFLOW_CTX_DAG_RUN_ID='scheduled__2022-05-14T00:00:00+00:00'
[2026-03-10T23:10:24.604+0530] {taskinstance.py:430} INFO - ::endgroup::
[2026-03-10T23:10:24.605+0530] {python.py:237} INFO - Done. Returned value was: 3
[2026-03-10T23:10:24.605+0530] {taskinstance.py:441} INFO - ::group::Post task execution logs
[2026-03-10T23:10:24.633+0530] {taskinstance.py:1206} INFO - Marking task as SUCCESS. dag_id=example_dynamic_task_mapping, task_id=add_one, run_id=scheduled__2022-05-14T00:00:00+00:00, map_index=1, execution_date=20220514T000000, start_date=20260310T174024, end_date=20260310T174024
[2026-03-10T23:10:24.679+0530] {local_task_job_runner.py:243} INFO - Task exited with return code 0
[2026-03-10T23:10:24.710+0530] {taskinstance.py:3503} INFO - 0 downstream tasks scheduled from follow-on schedule check
[2026-03-10T23:10:24.711+0530] {local_task_job_runner.py:222} INFO - ::endgroup::
