[2025-12-27T19:29:34.693+0530] {local_task_job_runner.py:120} INFO - ::group::Pre task execution logs
[2025-12-27T19:29:34.711+0530] {taskinstance.py:2076} INFO - Dependencies all met for dep_context=non-requeueable deps ti=<TaskInstance: example_dynamic_task_mapping.add_one scheduled__2022-11-29T00:00:00+00:00 map_index=1 [queued]>
[2025-12-27T19:29:34.716+0530] {taskinstance.py:2076} INFO - Dependencies all met for dep_context=requeueable deps ti=<TaskInstance: example_dynamic_task_mapping.add_one scheduled__2022-11-29T00:00:00+00:00 map_index=1 [queued]>
[2025-12-27T19:29:34.716+0530] {taskinstance.py:2306} INFO - Starting attempt 1 of 1
[2025-12-27T19:29:34.729+0530] {taskinstance.py:2330} INFO - Executing <Mapped(_PythonDecoratedOperator): add_one> on 2022-11-29 00:00:00+00:00
[2025-12-27T19:29:34.731+0530] {standard_task_runner.py:64} INFO - Started process 1216 to run task
[2025-12-27T19:29:34.735+0530] {standard_task_runner.py:90} INFO - Running: ['airflow', 'tasks', 'run', 'example_dynamic_task_mapping', 'add_one', 'scheduled__2022-11-29T00:00:00+00:00', '--job-id', '1718', '--raw', '--subdir', '/home/sathya/projects/training-kit/.venv-airflow/lib/python3.10/site-packages/airflow/example_dags/example_dynamic_task_mapping.py', '--cfg-path', '/tmp/tmp0gmjfr_w', '--map-index', '1']
[2025-12-27T19:29:34.735+0530] {standard_task_runner.py:91} INFO - Job 1718: Subtask add_one
[2025-12-27T19:29:34.770+0530] {task_command.py:426} INFO - Running <TaskInstance: example_dynamic_task_mapping.add_one scheduled__2022-11-29T00:00:00+00:00 map_index=1 [running]> on host LAPTOP-A1PMOBSE.localdomain
[2025-12-27T19:29:34.830+0530] {taskinstance.py:2648} INFO - Exporting env vars: AIRFLOW_CTX_DAG_OWNER='airflow' AIRFLOW_CTX_DAG_ID='example_dynamic_task_mapping' AIRFLOW_CTX_TASK_ID='add_one' AIRFLOW_CTX_EXECUTION_DATE='2022-11-29T00:00:00+00:00' AIRFLOW_CTX_TRY_NUMBER='1' AIRFLOW_CTX_DAG_RUN_ID='scheduled__2022-11-29T00:00:00+00:00'
[2025-12-27T19:29:34.831+0530] {taskinstance.py:430} INFO - ::endgroup::
[2025-12-27T19:29:34.831+0530] {python.py:237} INFO - Done. Returned value was: 3
[2025-12-27T19:29:34.831+0530] {taskinstance.py:441} INFO - ::group::Post task execution logs
[2025-12-27T19:29:34.847+0530] {taskinstance.py:1206} INFO - Marking task as SUCCESS. dag_id=example_dynamic_task_mapping, task_id=add_one, run_id=scheduled__2022-11-29T00:00:00+00:00, map_index=1, execution_date=20221129T000000, start_date=20251227T135934, end_date=20251227T135934
[2025-12-27T19:29:34.870+0530] {local_task_job_runner.py:243} INFO - Task exited with return code 0
[2025-12-27T19:29:34.883+0530] {taskinstance.py:3503} INFO - 0 downstream tasks scheduled from follow-on schedule check
[2025-12-27T19:29:34.884+0530] {local_task_job_runner.py:222} INFO - ::endgroup::
[2026-03-11T22:45:33.099+0530] {local_task_job_runner.py:120} INFO - ::group::Pre task execution logs
[2026-03-11T22:45:33.116+0530] {taskinstance.py:2076} INFO - Dependencies all met for dep_context=non-requeueable deps ti=<TaskInstance: example_dynamic_task_mapping.add_one scheduled__2022-11-29T00:00:00+00:00 map_index=1 [queued]>
[2026-03-11T22:45:33.120+0530] {taskinstance.py:2076} INFO - Dependencies all met for dep_context=requeueable deps ti=<TaskInstance: example_dynamic_task_mapping.add_one scheduled__2022-11-29T00:00:00+00:00 map_index=1 [queued]>
[2026-03-11T22:45:33.120+0530] {taskinstance.py:2306} INFO - Starting attempt 1 of 1
[2026-03-11T22:45:33.135+0530] {taskinstance.py:2330} INFO - Executing <Mapped(_PythonDecoratedOperator): add_one> on 2022-11-29 00:00:00+00:00
[2026-03-11T22:45:33.139+0530] {standard_task_runner.py:64} INFO - Started process 10146 to run task
[2026-03-11T22:45:33.142+0530] {standard_task_runner.py:90} INFO - Running: ['airflow', 'tasks', 'run', 'example_dynamic_task_mapping', 'add_one', 'scheduled__2022-11-29T00:00:00+00:00', '--job-id', '2031', '--raw', '--subdir', '/home/sathya/projects/training-kit/.venv-airflow/lib/python3.10/site-packages/airflow/example_dags/example_dynamic_task_mapping.py', '--cfg-path', '/tmp/tmp3g0taeqb', '--map-index', '1']
[2026-03-11T22:45:33.143+0530] {standard_task_runner.py:91} INFO - Job 2031: Subtask add_one
[2026-03-11T22:45:33.176+0530] {task_command.py:426} INFO - Running <TaskInstance: example_dynamic_task_mapping.add_one scheduled__2022-11-29T00:00:00+00:00 map_index=1 [running]> on host LAPTOP-A1PMOBSE.localdomain
[2026-03-11T22:45:33.238+0530] {taskinstance.py:2648} INFO - Exporting env vars: AIRFLOW_CTX_DAG_OWNER='airflow' AIRFLOW_CTX_DAG_ID='example_dynamic_task_mapping' AIRFLOW_CTX_TASK_ID='add_one' AIRFLOW_CTX_EXECUTION_DATE='2022-11-29T00:00:00+00:00' AIRFLOW_CTX_TRY_NUMBER='1' AIRFLOW_CTX_DAG_RUN_ID='scheduled__2022-11-29T00:00:00+00:00'
[2026-03-11T22:45:33.239+0530] {taskinstance.py:430} INFO - ::endgroup::
[2026-03-11T22:45:33.240+0530] {python.py:237} INFO - Done. Returned value was: 3
[2026-03-11T22:45:33.240+0530] {taskinstance.py:441} INFO - ::group::Post task execution logs
[2026-03-11T22:45:33.255+0530] {taskinstance.py:1206} INFO - Marking task as SUCCESS. dag_id=example_dynamic_task_mapping, task_id=add_one, run_id=scheduled__2022-11-29T00:00:00+00:00, map_index=1, execution_date=20221129T000000, start_date=20260311T171533, end_date=20260311T171533
[2026-03-11T22:45:33.282+0530] {local_task_job_runner.py:243} INFO - Task exited with return code 0
[2026-03-11T22:45:33.299+0530] {taskinstance.py:3503} INFO - 0 downstream tasks scheduled from follow-on schedule check
[2026-03-11T22:45:33.300+0530] {local_task_job_runner.py:222} INFO - ::endgroup::
