[2026-03-09T20:59:37.008+0530] {local_task_job_runner.py:120} INFO - ::group::Pre task execution logs
[2026-03-09T20:59:37.023+0530] {taskinstance.py:2076} INFO - Dependencies all met for dep_context=non-requeueable deps ti=<TaskInstance: tutorial.print_date scheduled__2026-03-08T00:00:00+00:00 [queued]>
[2026-03-09T20:59:37.027+0530] {taskinstance.py:2076} INFO - Dependencies all met for dep_context=requeueable deps ti=<TaskInstance: tutorial.print_date scheduled__2026-03-08T00:00:00+00:00 [queued]>
[2026-03-09T20:59:37.027+0530] {taskinstance.py:2306} INFO - Starting attempt 1 of 2
[2026-03-09T20:59:37.042+0530] {taskinstance.py:2330} INFO - Executing <Task(BashOperator): print_date> on 2026-03-08 00:00:00+00:00
[2026-03-09T20:59:37.053+0530] {standard_task_runner.py:64} INFO - Started process 20225 to run task
[2026-03-09T20:59:37.059+0530] {standard_task_runner.py:90} INFO - Running: ['airflow', 'tasks', 'run', 'tutorial', 'print_date', 'scheduled__2026-03-08T00:00:00+00:00', '--job-id', '7', '--raw', '--subdir', '/home/sathya/projects/training-kit/.venv-airflow/lib/python3.10/site-packages/airflow/example_dags/tutorial.py', '--cfg-path', '/tmp/tmpk03znd32']
[2026-03-09T20:59:37.062+0530] {standard_task_runner.py:91} INFO - Job 7: Subtask print_date
[2026-03-09T20:59:37.111+0530] {task_command.py:426} INFO - Running <TaskInstance: tutorial.print_date scheduled__2026-03-08T00:00:00+00:00 [running]> on host LAPTOP-A1PMOBSE.localdomain
[2026-03-09T20:59:37.169+0530] {taskinstance.py:2648} INFO - Exporting env vars: AIRFLOW_CTX_DAG_EMAIL='airflow@example.com' AIRFLOW_CTX_DAG_OWNER='airflow' AIRFLOW_CTX_DAG_ID='tutorial' AIRFLOW_CTX_TASK_ID='print_date' AIRFLOW_CTX_EXECUTION_DATE='2026-03-08T00:00:00+00:00' AIRFLOW_CTX_TRY_NUMBER='1' AIRFLOW_CTX_DAG_RUN_ID='scheduled__2026-03-08T00:00:00+00:00'
[2026-03-09T20:59:37.171+0530] {taskinstance.py:430} INFO - ::endgroup::
[2026-03-09T20:59:37.172+0530] {subprocess.py:63} INFO - Tmp dir root location: /tmp
[2026-03-09T20:59:37.173+0530] {subprocess.py:75} INFO - Running command: ['/usr/bin/bash', '-c', 'date']
[2026-03-09T20:59:37.186+0530] {subprocess.py:86} INFO - Output:
[2026-03-09T20:59:37.189+0530] {subprocess.py:93} INFO - Mon Mar  9 20:59:37 IST 2026
[2026-03-09T20:59:37.190+0530] {subprocess.py:97} INFO - Command exited with return code 0
[2026-03-09T20:59:37.191+0530] {taskinstance.py:441} INFO - ::group::Post task execution logs
[2026-03-09T20:59:37.213+0530] {taskinstance.py:1206} INFO - Marking task as SUCCESS. dag_id=tutorial, task_id=print_date, run_id=scheduled__2026-03-08T00:00:00+00:00, execution_date=20260308T000000, start_date=20260309T152937, end_date=20260309T152937
[2026-03-09T20:59:37.235+0530] {local_task_job_runner.py:243} INFO - Task exited with return code 0
[2026-03-09T20:59:37.251+0530] {taskinstance.py:3503} INFO - 2 downstream tasks scheduled from follow-on schedule check
[2026-03-09T20:59:37.261+0530] {local_task_job_runner.py:222} INFO - ::endgroup::
