[2025-12-27T19:31:54.796+0530] {local_task_job_runner.py:120} INFO - ::group::Pre task execution logs
[2025-12-27T19:31:54.828+0530] {taskinstance.py:2076} INFO - Dependencies all met for dep_context=non-requeueable deps ti=<TaskInstance: example_dynamic_task_mapping.add_one scheduled__2022-12-06T00:00:00+00:00 map_index=0 [queued]>
[2025-12-27T19:31:54.837+0530] {taskinstance.py:2076} INFO - Dependencies all met for dep_context=requeueable deps ti=<TaskInstance: example_dynamic_task_mapping.add_one scheduled__2022-12-06T00:00:00+00:00 map_index=0 [queued]>
[2025-12-27T19:31:54.837+0530] {taskinstance.py:2306} INFO - Starting attempt 1 of 1
[2025-12-27T19:31:54.854+0530] {taskinstance.py:2330} INFO - Executing <Mapped(_PythonDecoratedOperator): add_one> on 2022-12-06 00:00:00+00:00
[2025-12-27T19:31:54.858+0530] {standard_task_runner.py:64} INFO - Started process 1314 to run task
[2025-12-27T19:31:54.861+0530] {standard_task_runner.py:90} INFO - Running: ['airflow', 'tasks', 'run', 'example_dynamic_task_mapping', 'add_one', 'scheduled__2022-12-06T00:00:00+00:00', '--job-id', '1755', '--raw', '--subdir', '/home/sathya/projects/training-kit/.venv-airflow/lib/python3.10/site-packages/airflow/example_dags/example_dynamic_task_mapping.py', '--cfg-path', '/tmp/tmpnqszaz7t', '--map-index', '0']
[2025-12-27T19:31:54.862+0530] {standard_task_runner.py:91} INFO - Job 1755: Subtask add_one
[2025-12-27T19:31:54.908+0530] {task_command.py:426} INFO - Running <TaskInstance: example_dynamic_task_mapping.add_one scheduled__2022-12-06T00:00:00+00:00 map_index=0 [running]> on host LAPTOP-A1PMOBSE.localdomain
[2025-12-27T19:31:55.005+0530] {taskinstance.py:2648} INFO - Exporting env vars: AIRFLOW_CTX_DAG_OWNER='airflow' AIRFLOW_CTX_DAG_ID='example_dynamic_task_mapping' AIRFLOW_CTX_TASK_ID='add_one' AIRFLOW_CTX_EXECUTION_DATE='2022-12-06T00:00:00+00:00' AIRFLOW_CTX_TRY_NUMBER='1' AIRFLOW_CTX_DAG_RUN_ID='scheduled__2022-12-06T00:00:00+00:00'
[2025-12-27T19:31:55.007+0530] {taskinstance.py:430} INFO - ::endgroup::
[2025-12-27T19:31:55.008+0530] {python.py:237} INFO - Done. Returned value was: 2
[2025-12-27T19:31:55.008+0530] {taskinstance.py:441} INFO - ::group::Post task execution logs
[2025-12-27T19:31:55.027+0530] {taskinstance.py:1206} INFO - Marking task as SUCCESS. dag_id=example_dynamic_task_mapping, task_id=add_one, run_id=scheduled__2022-12-06T00:00:00+00:00, map_index=0, execution_date=20221206T000000, start_date=20251227T140154, end_date=20251227T140155
[2025-12-27T19:31:55.075+0530] {local_task_job_runner.py:243} INFO - Task exited with return code 0
[2025-12-27T19:31:55.092+0530] {taskinstance.py:3503} INFO - 0 downstream tasks scheduled from follow-on schedule check
[2025-12-27T19:31:55.093+0530] {local_task_job_runner.py:222} INFO - ::endgroup::
[2026-03-11T22:47:43.052+0530] {local_task_job_runner.py:120} INFO - ::group::Pre task execution logs
[2026-03-11T22:47:43.073+0530] {taskinstance.py:2076} INFO - Dependencies all met for dep_context=non-requeueable deps ti=<TaskInstance: example_dynamic_task_mapping.add_one scheduled__2022-12-06T00:00:00+00:00 map_index=0 [queued]>
[2026-03-11T22:47:43.077+0530] {taskinstance.py:2076} INFO - Dependencies all met for dep_context=requeueable deps ti=<TaskInstance: example_dynamic_task_mapping.add_one scheduled__2022-12-06T00:00:00+00:00 map_index=0 [queued]>
[2026-03-11T22:47:43.078+0530] {taskinstance.py:2306} INFO - Starting attempt 1 of 1
[2026-03-11T22:47:43.100+0530] {taskinstance.py:2330} INFO - Executing <Mapped(_PythonDecoratedOperator): add_one> on 2022-12-06 00:00:00+00:00
[2026-03-11T22:47:43.105+0530] {standard_task_runner.py:64} INFO - Started process 10518 to run task
[2026-03-11T22:47:43.108+0530] {standard_task_runner.py:90} INFO - Running: ['airflow', 'tasks', 'run', 'example_dynamic_task_mapping', 'add_one', 'scheduled__2022-12-06T00:00:00+00:00', '--job-id', '2068', '--raw', '--subdir', '/home/sathya/projects/training-kit/.venv-airflow/lib/python3.10/site-packages/airflow/example_dags/example_dynamic_task_mapping.py', '--cfg-path', '/tmp/tmpzt0x352a', '--map-index', '0']
[2026-03-11T22:47:43.109+0530] {standard_task_runner.py:91} INFO - Job 2068: Subtask add_one
[2026-03-11T22:47:43.147+0530] {task_command.py:426} INFO - Running <TaskInstance: example_dynamic_task_mapping.add_one scheduled__2022-12-06T00:00:00+00:00 map_index=0 [running]> on host LAPTOP-A1PMOBSE.localdomain
[2026-03-11T22:47:43.219+0530] {taskinstance.py:2648} INFO - Exporting env vars: AIRFLOW_CTX_DAG_OWNER='airflow' AIRFLOW_CTX_DAG_ID='example_dynamic_task_mapping' AIRFLOW_CTX_TASK_ID='add_one' AIRFLOW_CTX_EXECUTION_DATE='2022-12-06T00:00:00+00:00' AIRFLOW_CTX_TRY_NUMBER='1' AIRFLOW_CTX_DAG_RUN_ID='scheduled__2022-12-06T00:00:00+00:00'
[2026-03-11T22:47:43.221+0530] {taskinstance.py:430} INFO - ::endgroup::
[2026-03-11T22:47:43.221+0530] {python.py:237} INFO - Done. Returned value was: 2
[2026-03-11T22:47:43.221+0530] {taskinstance.py:441} INFO - ::group::Post task execution logs
[2026-03-11T22:47:43.236+0530] {taskinstance.py:1206} INFO - Marking task as SUCCESS. dag_id=example_dynamic_task_mapping, task_id=add_one, run_id=scheduled__2022-12-06T00:00:00+00:00, map_index=0, execution_date=20221206T000000, start_date=20260311T171743, end_date=20260311T171743
[2026-03-11T22:47:43.292+0530] {local_task_job_runner.py:243} INFO - Task exited with return code 0
[2026-03-11T22:47:43.318+0530] {taskinstance.py:3503} INFO - 0 downstream tasks scheduled from follow-on schedule check
[2026-03-11T22:47:43.318+0530] {local_task_job_runner.py:222} INFO - ::endgroup::
