[2025-12-26T22:17:05.771+0530] {local_task_job_runner.py:120} INFO - ::group::Pre task execution logs
[2025-12-26T22:17:05.796+0530] {taskinstance.py:2076} INFO - Dependencies all met for dep_context=non-requeueable deps ti=<TaskInstance: example_dynamic_task_mapping.add_one scheduled__2022-04-15T00:00:00+00:00 map_index=0 [queued]>
[2025-12-26T22:17:05.802+0530] {taskinstance.py:2076} INFO - Dependencies all met for dep_context=requeueable deps ti=<TaskInstance: example_dynamic_task_mapping.add_one scheduled__2022-04-15T00:00:00+00:00 map_index=0 [queued]>
[2025-12-26T22:17:05.802+0530] {taskinstance.py:2306} INFO - Starting attempt 1 of 1
[2025-12-26T22:17:05.823+0530] {taskinstance.py:2330} INFO - Executing <Mapped(_PythonDecoratedOperator): add_one> on 2022-04-15 00:00:00+00:00
[2025-12-26T22:17:05.826+0530] {standard_task_runner.py:64} INFO - Started process 5295 to run task
[2025-12-26T22:17:05.833+0530] {standard_task_runner.py:90} INFO - Running: ['airflow', 'tasks', 'run', 'example_dynamic_task_mapping', 'add_one', 'scheduled__2022-04-15T00:00:00+00:00', '--job-id', '354', '--raw', '--subdir', '/home/sathya/projects/training-kit/.venv-airflow/lib/python3.10/site-packages/airflow/example_dags/example_dynamic_task_mapping.py', '--cfg-path', '/tmp/tmpsgqupg0f', '--map-index', '0']
[2025-12-26T22:17:05.834+0530] {standard_task_runner.py:91} INFO - Job 354: Subtask add_one
[2025-12-26T22:17:05.878+0530] {task_command.py:426} INFO - Running <TaskInstance: example_dynamic_task_mapping.add_one scheduled__2022-04-15T00:00:00+00:00 map_index=0 [running]> on host LAPTOP-A1PMOBSE.localdomain
[2025-12-26T22:17:05.989+0530] {taskinstance.py:2648} INFO - Exporting env vars: AIRFLOW_CTX_DAG_OWNER='airflow' AIRFLOW_CTX_DAG_ID='example_dynamic_task_mapping' AIRFLOW_CTX_TASK_ID='add_one' AIRFLOW_CTX_EXECUTION_DATE='2022-04-15T00:00:00+00:00' AIRFLOW_CTX_TRY_NUMBER='1' AIRFLOW_CTX_DAG_RUN_ID='scheduled__2022-04-15T00:00:00+00:00'
[2025-12-26T22:17:05.990+0530] {taskinstance.py:430} INFO - ::endgroup::
[2025-12-26T22:17:05.991+0530] {python.py:237} INFO - Done. Returned value was: 2
[2025-12-26T22:17:05.991+0530] {taskinstance.py:441} INFO - ::group::Post task execution logs
[2025-12-26T22:17:06.015+0530] {taskinstance.py:1206} INFO - Marking task as SUCCESS. dag_id=example_dynamic_task_mapping, task_id=add_one, run_id=scheduled__2022-04-15T00:00:00+00:00, map_index=0, execution_date=20220415T000000, start_date=20251226T164705, end_date=20251226T164706
[2025-12-26T22:17:06.059+0530] {local_task_job_runner.py:243} INFO - Task exited with return code 0
[2025-12-26T22:17:06.075+0530] {taskinstance.py:3503} INFO - 0 downstream tasks scheduled from follow-on schedule check
[2025-12-26T22:17:06.076+0530] {local_task_job_runner.py:222} INFO - ::endgroup::
[2026-03-10T23:04:46.514+0530] {local_task_job_runner.py:120} INFO - ::group::Pre task execution logs
[2026-03-10T23:04:46.563+0530] {taskinstance.py:2076} INFO - Dependencies all met for dep_context=non-requeueable deps ti=<TaskInstance: example_dynamic_task_mapping.add_one scheduled__2022-04-15T00:00:00+00:00 map_index=0 [queued]>
[2026-03-10T23:04:46.573+0530] {taskinstance.py:2076} INFO - Dependencies all met for dep_context=requeueable deps ti=<TaskInstance: example_dynamic_task_mapping.add_one scheduled__2022-04-15T00:00:00+00:00 map_index=0 [queued]>
[2026-03-10T23:04:46.574+0530] {taskinstance.py:2306} INFO - Starting attempt 1 of 1
[2026-03-10T23:04:46.597+0530] {taskinstance.py:2330} INFO - Executing <Mapped(_PythonDecoratedOperator): add_one> on 2022-04-15 00:00:00+00:00
[2026-03-10T23:04:46.605+0530] {standard_task_runner.py:64} INFO - Started process 5814 to run task
[2026-03-10T23:04:46.611+0530] {standard_task_runner.py:90} INFO - Running: ['airflow', 'tasks', 'run', 'example_dynamic_task_mapping', 'add_one', 'scheduled__2022-04-15T00:00:00+00:00', '--job-id', '482', '--raw', '--subdir', '/home/sathya/projects/training-kit/.venv-airflow/lib/python3.10/site-packages/airflow/example_dags/example_dynamic_task_mapping.py', '--cfg-path', '/tmp/tmp6z3f2sm1', '--map-index', '0']
[2026-03-10T23:04:46.614+0530] {standard_task_runner.py:91} INFO - Job 482: Subtask add_one
[2026-03-10T23:04:46.695+0530] {task_command.py:426} INFO - Running <TaskInstance: example_dynamic_task_mapping.add_one scheduled__2022-04-15T00:00:00+00:00 map_index=0 [running]> on host LAPTOP-A1PMOBSE.localdomain
[2026-03-10T23:04:46.823+0530] {taskinstance.py:2648} INFO - Exporting env vars: AIRFLOW_CTX_DAG_OWNER='airflow' AIRFLOW_CTX_DAG_ID='example_dynamic_task_mapping' AIRFLOW_CTX_TASK_ID='add_one' AIRFLOW_CTX_EXECUTION_DATE='2022-04-15T00:00:00+00:00' AIRFLOW_CTX_TRY_NUMBER='1' AIRFLOW_CTX_DAG_RUN_ID='scheduled__2022-04-15T00:00:00+00:00'
[2026-03-10T23:04:46.825+0530] {taskinstance.py:430} INFO - ::endgroup::
[2026-03-10T23:04:46.825+0530] {python.py:237} INFO - Done. Returned value was: 2
[2026-03-10T23:04:46.825+0530] {taskinstance.py:441} INFO - ::group::Post task execution logs
[2026-03-10T23:04:46.846+0530] {taskinstance.py:1206} INFO - Marking task as SUCCESS. dag_id=example_dynamic_task_mapping, task_id=add_one, run_id=scheduled__2022-04-15T00:00:00+00:00, map_index=0, execution_date=20220415T000000, start_date=20260310T173446, end_date=20260310T173446
[2026-03-10T23:04:46.916+0530] {local_task_job_runner.py:243} INFO - Task exited with return code 0
[2026-03-10T23:04:46.957+0530] {taskinstance.py:3503} INFO - 0 downstream tasks scheduled from follow-on schedule check
[2026-03-10T23:04:46.958+0530] {local_task_job_runner.py:222} INFO - ::endgroup::
