[2025-12-27T19:45:30.115+0530] {local_task_job_runner.py:120} INFO - ::group::Pre task execution logs
[2025-12-27T19:45:30.140+0530] {taskinstance.py:2076} INFO - Dependencies all met for dep_context=non-requeueable deps ti=<TaskInstance: example_dynamic_task_mapping.add_one scheduled__2023-01-04T00:00:00+00:00 map_index=0 [queued]>
[2025-12-27T19:45:30.146+0530] {taskinstance.py:2076} INFO - Dependencies all met for dep_context=requeueable deps ti=<TaskInstance: example_dynamic_task_mapping.add_one scheduled__2023-01-04T00:00:00+00:00 map_index=0 [queued]>
[2025-12-27T19:45:30.146+0530] {taskinstance.py:2306} INFO - Starting attempt 1 of 1
[2025-12-27T19:45:30.163+0530] {taskinstance.py:2330} INFO - Executing <Mapped(_PythonDecoratedOperator): add_one> on 2023-01-04 00:00:00+00:00
[2025-12-27T19:45:30.166+0530] {standard_task_runner.py:64} INFO - Started process 1820 to run task
[2025-12-27T19:45:30.171+0530] {standard_task_runner.py:90} INFO - Running: ['airflow', 'tasks', 'run', 'example_dynamic_task_mapping', 'add_one', 'scheduled__2023-01-04T00:00:00+00:00', '--job-id', '1941', '--raw', '--subdir', '/home/sathya/projects/training-kit/.venv-airflow/lib/python3.10/site-packages/airflow/example_dags/example_dynamic_task_mapping.py', '--cfg-path', '/tmp/tmpf_cjnvvb', '--map-index', '0']
[2025-12-27T19:45:30.172+0530] {standard_task_runner.py:91} INFO - Job 1941: Subtask add_one
[2025-12-27T19:45:30.212+0530] {task_command.py:426} INFO - Running <TaskInstance: example_dynamic_task_mapping.add_one scheduled__2023-01-04T00:00:00+00:00 map_index=0 [running]> on host LAPTOP-A1PMOBSE.localdomain
[2025-12-27T19:45:30.303+0530] {taskinstance.py:2648} INFO - Exporting env vars: AIRFLOW_CTX_DAG_OWNER='airflow' AIRFLOW_CTX_DAG_ID='example_dynamic_task_mapping' AIRFLOW_CTX_TASK_ID='add_one' AIRFLOW_CTX_EXECUTION_DATE='2023-01-04T00:00:00+00:00' AIRFLOW_CTX_TRY_NUMBER='1' AIRFLOW_CTX_DAG_RUN_ID='scheduled__2023-01-04T00:00:00+00:00'
[2025-12-27T19:45:30.304+0530] {taskinstance.py:430} INFO - ::endgroup::
[2025-12-27T19:45:30.304+0530] {python.py:237} INFO - Done. Returned value was: 2
[2025-12-27T19:45:30.305+0530] {taskinstance.py:441} INFO - ::group::Post task execution logs
[2025-12-27T19:45:30.323+0530] {taskinstance.py:1206} INFO - Marking task as SUCCESS. dag_id=example_dynamic_task_mapping, task_id=add_one, run_id=scheduled__2023-01-04T00:00:00+00:00, map_index=0, execution_date=20230104T000000, start_date=20251227T141530, end_date=20251227T141530
[2025-12-27T19:45:30.344+0530] {local_task_job_runner.py:243} INFO - Task exited with return code 0
[2025-12-27T19:45:30.361+0530] {taskinstance.py:3503} INFO - 0 downstream tasks scheduled from follow-on schedule check
[2025-12-27T19:45:30.362+0530] {local_task_job_runner.py:222} INFO - ::endgroup::
[2026-03-11T22:57:29.010+0530] {local_task_job_runner.py:120} INFO - ::group::Pre task execution logs
[2026-03-11T22:57:29.025+0530] {taskinstance.py:2076} INFO - Dependencies all met for dep_context=non-requeueable deps ti=<TaskInstance: example_dynamic_task_mapping.add_one scheduled__2023-01-04T00:00:00+00:00 map_index=0 [queued]>
[2026-03-11T22:57:29.030+0530] {taskinstance.py:2076} INFO - Dependencies all met for dep_context=requeueable deps ti=<TaskInstance: example_dynamic_task_mapping.add_one scheduled__2023-01-04T00:00:00+00:00 map_index=0 [queued]>
[2026-03-11T22:57:29.030+0530] {taskinstance.py:2306} INFO - Starting attempt 1 of 1
[2026-03-11T22:57:29.045+0530] {taskinstance.py:2330} INFO - Executing <Mapped(_PythonDecoratedOperator): add_one> on 2023-01-04 00:00:00+00:00
[2026-03-11T22:57:29.049+0530] {standard_task_runner.py:64} INFO - Started process 12166 to run task
[2026-03-11T22:57:29.052+0530] {standard_task_runner.py:90} INFO - Running: ['airflow', 'tasks', 'run', 'example_dynamic_task_mapping', 'add_one', 'scheduled__2023-01-04T00:00:00+00:00', '--job-id', '2232', '--raw', '--subdir', '/home/sathya/projects/training-kit/.venv-airflow/lib/python3.10/site-packages/airflow/example_dags/example_dynamic_task_mapping.py', '--cfg-path', '/tmp/tmppjl1eacz', '--map-index', '0']
[2026-03-11T22:57:29.053+0530] {standard_task_runner.py:91} INFO - Job 2232: Subtask add_one
[2026-03-11T22:57:29.082+0530] {task_command.py:426} INFO - Running <TaskInstance: example_dynamic_task_mapping.add_one scheduled__2023-01-04T00:00:00+00:00 map_index=0 [running]> on host LAPTOP-A1PMOBSE.localdomain
[2026-03-11T22:57:29.148+0530] {taskinstance.py:2648} INFO - Exporting env vars: AIRFLOW_CTX_DAG_OWNER='airflow' AIRFLOW_CTX_DAG_ID='example_dynamic_task_mapping' AIRFLOW_CTX_TASK_ID='add_one' AIRFLOW_CTX_EXECUTION_DATE='2023-01-04T00:00:00+00:00' AIRFLOW_CTX_TRY_NUMBER='1' AIRFLOW_CTX_DAG_RUN_ID='scheduled__2023-01-04T00:00:00+00:00'
[2026-03-11T22:57:29.149+0530] {taskinstance.py:430} INFO - ::endgroup::
[2026-03-11T22:57:29.149+0530] {python.py:237} INFO - Done. Returned value was: 2
[2026-03-11T22:57:29.150+0530] {taskinstance.py:441} INFO - ::group::Post task execution logs
[2026-03-11T22:57:29.167+0530] {taskinstance.py:1206} INFO - Marking task as SUCCESS. dag_id=example_dynamic_task_mapping, task_id=add_one, run_id=scheduled__2023-01-04T00:00:00+00:00, map_index=0, execution_date=20230104T000000, start_date=20260311T172729, end_date=20260311T172729
[2026-03-11T22:57:29.191+0530] {local_task_job_runner.py:243} INFO - Task exited with return code 0
[2026-03-11T22:57:29.204+0530] {taskinstance.py:3503} INFO - 0 downstream tasks scheduled from follow-on schedule check
[2026-03-11T22:57:29.205+0530] {local_task_job_runner.py:222} INFO - ::endgroup::
