[2025-12-26T22:45:32.876+0530] {local_task_job_runner.py:120} INFO - ::group::Pre task execution logs
[2025-12-26T22:45:32.890+0530] {taskinstance.py:2076} INFO - Dependencies all met for dep_context=non-requeueable deps ti=<TaskInstance: example_dynamic_task_mapping.sum_it scheduled__2022-08-16T00:00:00+00:00 [queued]>
[2025-12-26T22:45:32.893+0530] {taskinstance.py:2076} INFO - Dependencies all met for dep_context=requeueable deps ti=<TaskInstance: example_dynamic_task_mapping.sum_it scheduled__2022-08-16T00:00:00+00:00 [queued]>
[2025-12-26T22:45:32.893+0530] {taskinstance.py:2306} INFO - Starting attempt 1 of 1
[2025-12-26T22:45:32.906+0530] {taskinstance.py:2330} INFO - Executing <Task(_PythonDecoratedOperator): sum_it> on 2022-08-16 00:00:00+00:00
[2025-12-26T22:45:32.908+0530] {standard_task_runner.py:64} INFO - Started process 8954 to run task
[2025-12-26T22:45:32.911+0530] {standard_task_runner.py:90} INFO - Running: ['airflow', 'tasks', 'run', 'example_dynamic_task_mapping', 'sum_it', 'scheduled__2022-08-16T00:00:00+00:00', '--job-id', '998', '--raw', '--subdir', '/home/sathya/projects/training-kit/.venv-airflow/lib/python3.10/site-packages/airflow/example_dags/example_dynamic_task_mapping.py', '--cfg-path', '/tmp/tmpix0c_eds']
[2025-12-26T22:45:32.911+0530] {standard_task_runner.py:91} INFO - Job 998: Subtask sum_it
[2025-12-26T22:45:32.938+0530] {task_command.py:426} INFO - Running <TaskInstance: example_dynamic_task_mapping.sum_it scheduled__2022-08-16T00:00:00+00:00 [running]> on host LAPTOP-A1PMOBSE.localdomain
[2025-12-26T22:45:32.999+0530] {taskinstance.py:2648} INFO - Exporting env vars: AIRFLOW_CTX_DAG_OWNER='airflow' AIRFLOW_CTX_DAG_ID='example_dynamic_task_mapping' AIRFLOW_CTX_TASK_ID='sum_it' AIRFLOW_CTX_EXECUTION_DATE='2022-08-16T00:00:00+00:00' AIRFLOW_CTX_TRY_NUMBER='1' AIRFLOW_CTX_DAG_RUN_ID='scheduled__2022-08-16T00:00:00+00:00'
[2025-12-26T22:45:33.000+0530] {taskinstance.py:430} INFO - ::endgroup::
[2025-12-26T22:45:33.002+0530] {logging_mixin.py:188} INFO - Total was 9
[2025-12-26T22:45:33.002+0530] {python.py:237} INFO - Done. Returned value was: None
[2025-12-26T22:45:33.002+0530] {taskinstance.py:441} INFO - ::group::Post task execution logs
[2025-12-26T22:45:33.005+0530] {taskinstance.py:1206} INFO - Marking task as SUCCESS. dag_id=example_dynamic_task_mapping, task_id=sum_it, run_id=scheduled__2022-08-16T00:00:00+00:00, execution_date=20220816T000000, start_date=20251226T171532, end_date=20251226T171533
[2025-12-26T22:45:33.043+0530] {local_task_job_runner.py:243} INFO - Task exited with return code 0
[2025-12-26T22:45:33.051+0530] {taskinstance.py:3503} INFO - 0 downstream tasks scheduled from follow-on schedule check
[2025-12-26T22:45:33.051+0530] {local_task_job_runner.py:222} INFO - ::endgroup::
[2026-03-10T23:35:31.886+0530] {local_task_job_runner.py:120} INFO - ::group::Pre task execution logs
[2026-03-10T23:35:31.955+0530] {taskinstance.py:2076} INFO - Dependencies all met for dep_context=non-requeueable deps ti=<TaskInstance: example_dynamic_task_mapping.sum_it scheduled__2022-08-16T00:00:00+00:00 [queued]>
[2026-03-10T23:35:31.978+0530] {taskinstance.py:2076} INFO - Dependencies all met for dep_context=requeueable deps ti=<TaskInstance: example_dynamic_task_mapping.sum_it scheduled__2022-08-16T00:00:00+00:00 [queued]>
[2026-03-10T23:35:31.979+0530] {taskinstance.py:2306} INFO - Starting attempt 1 of 1
[2026-03-10T23:35:32.030+0530] {taskinstance.py:2330} INFO - Executing <Task(_PythonDecoratedOperator): sum_it> on 2022-08-16 00:00:00+00:00
[2026-03-10T23:35:32.047+0530] {standard_task_runner.py:64} INFO - Started process 13121 to run task
[2026-03-10T23:35:32.062+0530] {standard_task_runner.py:90} INFO - Running: ['airflow', 'tasks', 'run', 'example_dynamic_task_mapping', 'sum_it', 'scheduled__2022-08-16T00:00:00+00:00', '--job-id', '1187', '--raw', '--subdir', '/home/sathya/projects/training-kit/.venv-airflow/lib/python3.10/site-packages/airflow/example_dags/example_dynamic_task_mapping.py', '--cfg-path', '/tmp/tmpcieo8qn3']
[2026-03-10T23:35:32.067+0530] {standard_task_runner.py:91} INFO - Job 1187: Subtask sum_it
[2026-03-10T23:35:32.230+0530] {task_command.py:426} INFO - Running <TaskInstance: example_dynamic_task_mapping.sum_it scheduled__2022-08-16T00:00:00+00:00 [running]> on host LAPTOP-A1PMOBSE.localdomain
[2026-03-10T23:35:32.520+0530] {taskinstance.py:2648} INFO - Exporting env vars: AIRFLOW_CTX_DAG_OWNER='airflow' AIRFLOW_CTX_DAG_ID='example_dynamic_task_mapping' AIRFLOW_CTX_TASK_ID='sum_it' AIRFLOW_CTX_EXECUTION_DATE='2022-08-16T00:00:00+00:00' AIRFLOW_CTX_TRY_NUMBER='1' AIRFLOW_CTX_DAG_RUN_ID='scheduled__2022-08-16T00:00:00+00:00'
[2026-03-10T23:35:32.527+0530] {taskinstance.py:430} INFO - ::endgroup::
[2026-03-10T23:35:32.539+0530] {logging_mixin.py:188} INFO - Total was 9
[2026-03-10T23:35:32.540+0530] {python.py:237} INFO - Done. Returned value was: None
[2026-03-10T23:35:32.540+0530] {taskinstance.py:441} INFO - ::group::Post task execution logs
[2026-03-10T23:35:32.561+0530] {taskinstance.py:1206} INFO - Marking task as SUCCESS. dag_id=example_dynamic_task_mapping, task_id=sum_it, run_id=scheduled__2022-08-16T00:00:00+00:00, execution_date=20220816T000000, start_date=20260310T180531, end_date=20260310T180532
[2026-03-10T23:35:32.640+0530] {local_task_job_runner.py:243} INFO - Task exited with return code 0
[2026-03-10T23:35:32.671+0530] {taskinstance.py:3503} INFO - 0 downstream tasks scheduled from follow-on schedule check
[2026-03-10T23:35:32.673+0530] {local_task_job_runner.py:222} INFO - ::endgroup::
