[2025-12-26T22:34:02.912+0530] {local_task_job_runner.py:120} INFO - ::group::Pre task execution logs
[2025-12-26T22:34:02.933+0530] {taskinstance.py:2076} INFO - Dependencies all met for dep_context=non-requeueable deps ti=<TaskInstance: example_dynamic_task_mapping.sum_it scheduled__2022-07-05T00:00:00+00:00 [queued]>
[2025-12-26T22:34:02.939+0530] {taskinstance.py:2076} INFO - Dependencies all met for dep_context=requeueable deps ti=<TaskInstance: example_dynamic_task_mapping.sum_it scheduled__2022-07-05T00:00:00+00:00 [queued]>
[2025-12-26T22:34:02.939+0530] {taskinstance.py:2306} INFO - Starting attempt 1 of 1
[2025-12-26T22:34:02.960+0530] {taskinstance.py:2330} INFO - Executing <Task(_PythonDecoratedOperator): sum_it> on 2022-07-05 00:00:00+00:00
[2025-12-26T22:34:02.963+0530] {standard_task_runner.py:64} INFO - Started process 7591 to run task
[2025-12-26T22:34:02.969+0530] {standard_task_runner.py:90} INFO - Running: ['airflow', 'tasks', 'run', 'example_dynamic_task_mapping', 'sum_it', 'scheduled__2022-07-05T00:00:00+00:00', '--job-id', '770', '--raw', '--subdir', '/home/sathya/projects/training-kit/.venv-airflow/lib/python3.10/site-packages/airflow/example_dags/example_dynamic_task_mapping.py', '--cfg-path', '/tmp/tmpvshgdfpy']
[2025-12-26T22:34:02.969+0530] {standard_task_runner.py:91} INFO - Job 770: Subtask sum_it
[2025-12-26T22:34:03.012+0530] {task_command.py:426} INFO - Running <TaskInstance: example_dynamic_task_mapping.sum_it scheduled__2022-07-05T00:00:00+00:00 [running]> on host LAPTOP-A1PMOBSE.localdomain
[2025-12-26T22:34:03.099+0530] {taskinstance.py:2648} INFO - Exporting env vars: AIRFLOW_CTX_DAG_OWNER='airflow' AIRFLOW_CTX_DAG_ID='example_dynamic_task_mapping' AIRFLOW_CTX_TASK_ID='sum_it' AIRFLOW_CTX_EXECUTION_DATE='2022-07-05T00:00:00+00:00' AIRFLOW_CTX_TRY_NUMBER='1' AIRFLOW_CTX_DAG_RUN_ID='scheduled__2022-07-05T00:00:00+00:00'
[2025-12-26T22:34:03.101+0530] {taskinstance.py:430} INFO - ::endgroup::
[2025-12-26T22:34:03.103+0530] {logging_mixin.py:188} INFO - Total was 9
[2025-12-26T22:34:03.104+0530] {python.py:237} INFO - Done. Returned value was: None
[2025-12-26T22:34:03.104+0530] {taskinstance.py:441} INFO - ::group::Post task execution logs
[2025-12-26T22:34:03.107+0530] {taskinstance.py:1206} INFO - Marking task as SUCCESS. dag_id=example_dynamic_task_mapping, task_id=sum_it, run_id=scheduled__2022-07-05T00:00:00+00:00, execution_date=20220705T000000, start_date=20251226T170402, end_date=20251226T170403
[2025-12-26T22:34:03.151+0530] {local_task_job_runner.py:243} INFO - Task exited with return code 0
[2025-12-26T22:34:03.163+0530] {taskinstance.py:3503} INFO - 0 downstream tasks scheduled from follow-on schedule check
[2025-12-26T22:34:03.164+0530] {local_task_job_runner.py:222} INFO - ::endgroup::
[2026-03-10T23:22:08.327+0530] {local_task_job_runner.py:120} INFO - ::group::Pre task execution logs
[2026-03-10T23:22:08.400+0530] {taskinstance.py:2076} INFO - Dependencies all met for dep_context=non-requeueable deps ti=<TaskInstance: example_dynamic_task_mapping.sum_it scheduled__2022-07-05T00:00:00+00:00 [queued]>
[2026-03-10T23:22:08.444+0530] {taskinstance.py:2076} INFO - Dependencies all met for dep_context=requeueable deps ti=<TaskInstance: example_dynamic_task_mapping.sum_it scheduled__2022-07-05T00:00:00+00:00 [queued]>
[2026-03-10T23:22:08.446+0530] {taskinstance.py:2306} INFO - Starting attempt 1 of 1
[2026-03-10T23:22:08.495+0530] {taskinstance.py:2330} INFO - Executing <Task(_PythonDecoratedOperator): sum_it> on 2022-07-05 00:00:00+00:00
[2026-03-10T23:22:08.508+0530] {standard_task_runner.py:64} INFO - Started process 10291 to run task
[2026-03-10T23:22:08.520+0530] {standard_task_runner.py:90} INFO - Running: ['airflow', 'tasks', 'run', 'example_dynamic_task_mapping', 'sum_it', 'scheduled__2022-07-05T00:00:00+00:00', '--job-id', '918', '--raw', '--subdir', '/home/sathya/projects/training-kit/.venv-airflow/lib/python3.10/site-packages/airflow/example_dags/example_dynamic_task_mapping.py', '--cfg-path', '/tmp/tmprg3i6p76']
[2026-03-10T23:22:08.525+0530] {standard_task_runner.py:91} INFO - Job 918: Subtask sum_it
[2026-03-10T23:22:08.603+0530] {task_command.py:426} INFO - Running <TaskInstance: example_dynamic_task_mapping.sum_it scheduled__2022-07-05T00:00:00+00:00 [running]> on host LAPTOP-A1PMOBSE.localdomain
[2026-03-10T23:22:08.963+0530] {taskinstance.py:2648} INFO - Exporting env vars: AIRFLOW_CTX_DAG_OWNER='airflow' AIRFLOW_CTX_DAG_ID='example_dynamic_task_mapping' AIRFLOW_CTX_TASK_ID='sum_it' AIRFLOW_CTX_EXECUTION_DATE='2022-07-05T00:00:00+00:00' AIRFLOW_CTX_TRY_NUMBER='1' AIRFLOW_CTX_DAG_RUN_ID='scheduled__2022-07-05T00:00:00+00:00'
[2026-03-10T23:22:08.968+0530] {taskinstance.py:430} INFO - ::endgroup::
[2026-03-10T23:22:08.983+0530] {logging_mixin.py:188} INFO - Total was 9
[2026-03-10T23:22:08.984+0530] {python.py:237} INFO - Done. Returned value was: None
[2026-03-10T23:22:08.984+0530] {taskinstance.py:441} INFO - ::group::Post task execution logs
[2026-03-10T23:22:08.997+0530] {taskinstance.py:1206} INFO - Marking task as SUCCESS. dag_id=example_dynamic_task_mapping, task_id=sum_it, run_id=scheduled__2022-07-05T00:00:00+00:00, execution_date=20220705T000000, start_date=20260310T175208, end_date=20260310T175208
[2026-03-10T23:22:09.068+0530] {local_task_job_runner.py:243} INFO - Task exited with return code 0
[2026-03-10T23:22:09.108+0530] {taskinstance.py:3503} INFO - 0 downstream tasks scheduled from follow-on schedule check
[2026-03-10T23:22:09.109+0530] {local_task_job_runner.py:222} INFO - ::endgroup::
