[2025-12-26T22:27:23.881+0530] {local_task_job_runner.py:120} INFO - ::group::Pre task execution logs
[2025-12-26T22:27:23.895+0530] {taskinstance.py:2076} INFO - Dependencies all met for dep_context=non-requeueable deps ti=<TaskInstance: example_dynamic_task_mapping.sum_it scheduled__2022-06-07T00:00:00+00:00 [queued]>
[2025-12-26T22:27:23.899+0530] {taskinstance.py:2076} INFO - Dependencies all met for dep_context=requeueable deps ti=<TaskInstance: example_dynamic_task_mapping.sum_it scheduled__2022-06-07T00:00:00+00:00 [queued]>
[2025-12-26T22:27:23.899+0530] {taskinstance.py:2306} INFO - Starting attempt 1 of 1
[2025-12-26T22:27:23.912+0530] {taskinstance.py:2330} INFO - Executing <Task(_PythonDecoratedOperator): sum_it> on 2022-06-07 00:00:00+00:00
[2025-12-26T22:27:23.914+0530] {standard_task_runner.py:64} INFO - Started process 6751 to run task
[2025-12-26T22:27:23.917+0530] {standard_task_runner.py:90} INFO - Running: ['airflow', 'tasks', 'run', 'example_dynamic_task_mapping', 'sum_it', 'scheduled__2022-06-07T00:00:00+00:00', '--job-id', '625', '--raw', '--subdir', '/home/sathya/projects/training-kit/.venv-airflow/lib/python3.10/site-packages/airflow/example_dags/example_dynamic_task_mapping.py', '--cfg-path', '/tmp/tmpx0wlmbet']
[2025-12-26T22:27:23.917+0530] {standard_task_runner.py:91} INFO - Job 625: Subtask sum_it
[2025-12-26T22:27:23.946+0530] {task_command.py:426} INFO - Running <TaskInstance: example_dynamic_task_mapping.sum_it scheduled__2022-06-07T00:00:00+00:00 [running]> on host LAPTOP-A1PMOBSE.localdomain
[2025-12-26T22:27:24.002+0530] {taskinstance.py:2648} INFO - Exporting env vars: AIRFLOW_CTX_DAG_OWNER='airflow' AIRFLOW_CTX_DAG_ID='example_dynamic_task_mapping' AIRFLOW_CTX_TASK_ID='sum_it' AIRFLOW_CTX_EXECUTION_DATE='2022-06-07T00:00:00+00:00' AIRFLOW_CTX_TRY_NUMBER='1' AIRFLOW_CTX_DAG_RUN_ID='scheduled__2022-06-07T00:00:00+00:00'
[2025-12-26T22:27:24.002+0530] {taskinstance.py:430} INFO - ::endgroup::
[2025-12-26T22:27:24.004+0530] {logging_mixin.py:188} INFO - Total was 9
[2025-12-26T22:27:24.004+0530] {python.py:237} INFO - Done. Returned value was: None
[2025-12-26T22:27:24.005+0530] {taskinstance.py:441} INFO - ::group::Post task execution logs
[2025-12-26T22:27:24.007+0530] {taskinstance.py:1206} INFO - Marking task as SUCCESS. dag_id=example_dynamic_task_mapping, task_id=sum_it, run_id=scheduled__2022-06-07T00:00:00+00:00, execution_date=20220607T000000, start_date=20251226T165723, end_date=20251226T165724
[2025-12-26T22:27:24.050+0530] {local_task_job_runner.py:243} INFO - Task exited with return code 0
[2025-12-26T22:27:24.067+0530] {taskinstance.py:3503} INFO - 0 downstream tasks scheduled from follow-on schedule check
[2025-12-26T22:27:24.067+0530] {local_task_job_runner.py:222} INFO - ::endgroup::
[2026-03-10T23:16:48.424+0530] {local_task_job_runner.py:120} INFO - ::group::Pre task execution logs
[2026-03-10T23:16:48.458+0530] {taskinstance.py:2076} INFO - Dependencies all met for dep_context=non-requeueable deps ti=<TaskInstance: example_dynamic_task_mapping.sum_it scheduled__2022-06-07T00:00:00+00:00 [queued]>
[2026-03-10T23:16:48.464+0530] {taskinstance.py:2076} INFO - Dependencies all met for dep_context=requeueable deps ti=<TaskInstance: example_dynamic_task_mapping.sum_it scheduled__2022-06-07T00:00:00+00:00 [queued]>
[2026-03-10T23:16:48.465+0530] {taskinstance.py:2306} INFO - Starting attempt 1 of 1
[2026-03-10T23:16:48.491+0530] {taskinstance.py:2330} INFO - Executing <Task(_PythonDecoratedOperator): sum_it> on 2022-06-07 00:00:00+00:00
[2026-03-10T23:16:48.498+0530] {standard_task_runner.py:64} INFO - Started process 8836 to run task
[2026-03-10T23:16:48.505+0530] {standard_task_runner.py:90} INFO - Running: ['airflow', 'tasks', 'run', 'example_dynamic_task_mapping', 'sum_it', 'scheduled__2022-06-07T00:00:00+00:00', '--job-id', '775', '--raw', '--subdir', '/home/sathya/projects/training-kit/.venv-airflow/lib/python3.10/site-packages/airflow/example_dags/example_dynamic_task_mapping.py', '--cfg-path', '/tmp/tmpxo30lu0p']
[2026-03-10T23:16:48.508+0530] {standard_task_runner.py:91} INFO - Job 775: Subtask sum_it
[2026-03-10T23:16:48.568+0530] {task_command.py:426} INFO - Running <TaskInstance: example_dynamic_task_mapping.sum_it scheduled__2022-06-07T00:00:00+00:00 [running]> on host LAPTOP-A1PMOBSE.localdomain
[2026-03-10T23:16:48.684+0530] {taskinstance.py:2648} INFO - Exporting env vars: AIRFLOW_CTX_DAG_OWNER='airflow' AIRFLOW_CTX_DAG_ID='example_dynamic_task_mapping' AIRFLOW_CTX_TASK_ID='sum_it' AIRFLOW_CTX_EXECUTION_DATE='2022-06-07T00:00:00+00:00' AIRFLOW_CTX_TRY_NUMBER='1' AIRFLOW_CTX_DAG_RUN_ID='scheduled__2022-06-07T00:00:00+00:00'
[2026-03-10T23:16:48.686+0530] {taskinstance.py:430} INFO - ::endgroup::
[2026-03-10T23:16:48.690+0530] {logging_mixin.py:188} INFO - Total was 9
[2026-03-10T23:16:48.690+0530] {python.py:237} INFO - Done. Returned value was: None
[2026-03-10T23:16:48.690+0530] {taskinstance.py:441} INFO - ::group::Post task execution logs
[2026-03-10T23:16:48.696+0530] {taskinstance.py:1206} INFO - Marking task as SUCCESS. dag_id=example_dynamic_task_mapping, task_id=sum_it, run_id=scheduled__2022-06-07T00:00:00+00:00, execution_date=20220607T000000, start_date=20260310T174648, end_date=20260310T174648
[2026-03-10T23:16:48.733+0530] {local_task_job_runner.py:243} INFO - Task exited with return code 0
[2026-03-10T23:16:48.756+0530] {taskinstance.py:3503} INFO - 0 downstream tasks scheduled from follow-on schedule check
[2026-03-10T23:16:48.757+0530] {local_task_job_runner.py:222} INFO - ::endgroup::
