[2025-12-26T22:28:01.032+0530] {local_task_job_runner.py:120} INFO - ::group::Pre task execution logs
[2025-12-26T22:28:01.050+0530] {taskinstance.py:2076} INFO - Dependencies all met for dep_context=non-requeueable deps ti=<TaskInstance: example_dynamic_task_mapping.add_one scheduled__2022-06-13T00:00:00+00:00 map_index=1 [queued]>
[2025-12-26T22:28:01.054+0530] {taskinstance.py:2076} INFO - Dependencies all met for dep_context=requeueable deps ti=<TaskInstance: example_dynamic_task_mapping.add_one scheduled__2022-06-13T00:00:00+00:00 map_index=1 [queued]>
[2025-12-26T22:28:01.054+0530] {taskinstance.py:2306} INFO - Starting attempt 1 of 1
[2025-12-26T22:28:01.068+0530] {taskinstance.py:2330} INFO - Executing <Mapped(_PythonDecoratedOperator): add_one> on 2022-06-13 00:00:00+00:00
[2025-12-26T22:28:01.070+0530] {standard_task_runner.py:64} INFO - Started process 6851 to run task
[2025-12-26T22:28:01.073+0530] {standard_task_runner.py:90} INFO - Running: ['airflow', 'tasks', 'run', 'example_dynamic_task_mapping', 'add_one', 'scheduled__2022-06-13T00:00:00+00:00', '--job-id', '646', '--raw', '--subdir', '/home/sathya/projects/training-kit/.venv-airflow/lib/python3.10/site-packages/airflow/example_dags/example_dynamic_task_mapping.py', '--cfg-path', '/tmp/tmp_sla6lnn', '--map-index', '1']
[2025-12-26T22:28:01.073+0530] {standard_task_runner.py:91} INFO - Job 646: Subtask add_one
[2025-12-26T22:28:01.104+0530] {task_command.py:426} INFO - Running <TaskInstance: example_dynamic_task_mapping.add_one scheduled__2022-06-13T00:00:00+00:00 map_index=1 [running]> on host LAPTOP-A1PMOBSE.localdomain
[2025-12-26T22:28:01.157+0530] {taskinstance.py:2648} INFO - Exporting env vars: AIRFLOW_CTX_DAG_OWNER='airflow' AIRFLOW_CTX_DAG_ID='example_dynamic_task_mapping' AIRFLOW_CTX_TASK_ID='add_one' AIRFLOW_CTX_EXECUTION_DATE='2022-06-13T00:00:00+00:00' AIRFLOW_CTX_TRY_NUMBER='1' AIRFLOW_CTX_DAG_RUN_ID='scheduled__2022-06-13T00:00:00+00:00'
[2025-12-26T22:28:01.158+0530] {taskinstance.py:430} INFO - ::endgroup::
[2025-12-26T22:28:01.158+0530] {python.py:237} INFO - Done. Returned value was: 3
[2025-12-26T22:28:01.158+0530] {taskinstance.py:441} INFO - ::group::Post task execution logs
[2025-12-26T22:28:01.171+0530] {taskinstance.py:1206} INFO - Marking task as SUCCESS. dag_id=example_dynamic_task_mapping, task_id=add_one, run_id=scheduled__2022-06-13T00:00:00+00:00, map_index=1, execution_date=20220613T000000, start_date=20251226T165801, end_date=20251226T165801
[2025-12-26T22:28:01.214+0530] {local_task_job_runner.py:243} INFO - Task exited with return code 0
[2025-12-26T22:28:01.236+0530] {taskinstance.py:3503} INFO - 0 downstream tasks scheduled from follow-on schedule check
[2025-12-26T22:28:01.236+0530] {local_task_job_runner.py:222} INFO - ::endgroup::
[2026-03-10T23:17:21.168+0530] {local_task_job_runner.py:120} INFO - ::group::Pre task execution logs
[2026-03-10T23:17:21.194+0530] {taskinstance.py:2076} INFO - Dependencies all met for dep_context=non-requeueable deps ti=<TaskInstance: example_dynamic_task_mapping.add_one scheduled__2022-06-13T00:00:00+00:00 map_index=1 [queued]>
[2026-03-10T23:17:21.202+0530] {taskinstance.py:2076} INFO - Dependencies all met for dep_context=requeueable deps ti=<TaskInstance: example_dynamic_task_mapping.add_one scheduled__2022-06-13T00:00:00+00:00 map_index=1 [queued]>
[2026-03-10T23:17:21.202+0530] {taskinstance.py:2306} INFO - Starting attempt 1 of 1
[2026-03-10T23:17:21.253+0530] {taskinstance.py:2330} INFO - Executing <Mapped(_PythonDecoratedOperator): add_one> on 2022-06-13 00:00:00+00:00
[2026-03-10T23:17:21.260+0530] {standard_task_runner.py:64} INFO - Started process 8950 to run task
[2026-03-10T23:17:21.264+0530] {standard_task_runner.py:90} INFO - Running: ['airflow', 'tasks', 'run', 'example_dynamic_task_mapping', 'add_one', 'scheduled__2022-06-13T00:00:00+00:00', '--job-id', '786', '--raw', '--subdir', '/home/sathya/projects/training-kit/.venv-airflow/lib/python3.10/site-packages/airflow/example_dags/example_dynamic_task_mapping.py', '--cfg-path', '/tmp/tmp37sf9rzr', '--map-index', '1']
[2026-03-10T23:17:21.267+0530] {standard_task_runner.py:91} INFO - Job 786: Subtask add_one
[2026-03-10T23:17:21.331+0530] {task_command.py:426} INFO - Running <TaskInstance: example_dynamic_task_mapping.add_one scheduled__2022-06-13T00:00:00+00:00 map_index=1 [running]> on host LAPTOP-A1PMOBSE.localdomain
[2026-03-10T23:17:21.463+0530] {taskinstance.py:2648} INFO - Exporting env vars: AIRFLOW_CTX_DAG_OWNER='airflow' AIRFLOW_CTX_DAG_ID='example_dynamic_task_mapping' AIRFLOW_CTX_TASK_ID='add_one' AIRFLOW_CTX_EXECUTION_DATE='2022-06-13T00:00:00+00:00' AIRFLOW_CTX_TRY_NUMBER='1' AIRFLOW_CTX_DAG_RUN_ID='scheduled__2022-06-13T00:00:00+00:00'
[2026-03-10T23:17:21.467+0530] {taskinstance.py:430} INFO - ::endgroup::
[2026-03-10T23:17:21.468+0530] {python.py:237} INFO - Done. Returned value was: 3
[2026-03-10T23:17:21.468+0530] {taskinstance.py:441} INFO - ::group::Post task execution logs
[2026-03-10T23:17:21.493+0530] {taskinstance.py:1206} INFO - Marking task as SUCCESS. dag_id=example_dynamic_task_mapping, task_id=add_one, run_id=scheduled__2022-06-13T00:00:00+00:00, map_index=1, execution_date=20220613T000000, start_date=20260310T174721, end_date=20260310T174721
[2026-03-10T23:17:21.536+0530] {local_task_job_runner.py:243} INFO - Task exited with return code 0
[2026-03-10T23:17:21.557+0530] {taskinstance.py:3503} INFO - 0 downstream tasks scheduled from follow-on schedule check
[2026-03-10T23:17:21.558+0530] {local_task_job_runner.py:222} INFO - ::endgroup::
