[2025-12-26T22:24:35.901+0530] {local_task_job_runner.py:120} INFO - ::group::Pre task execution logs
[2025-12-26T22:24:35.917+0530] {taskinstance.py:2076} INFO - Dependencies all met for dep_context=non-requeueable deps ti=<TaskInstance: example_dynamic_task_mapping.sum_it scheduled__2022-05-28T00:00:00+00:00 [queued]>
[2025-12-26T22:24:35.921+0530] {taskinstance.py:2076} INFO - Dependencies all met for dep_context=requeueable deps ti=<TaskInstance: example_dynamic_task_mapping.sum_it scheduled__2022-05-28T00:00:00+00:00 [queued]>
[2025-12-26T22:24:35.921+0530] {taskinstance.py:2306} INFO - Starting attempt 1 of 1
[2025-12-26T22:24:35.936+0530] {taskinstance.py:2330} INFO - Executing <Task(_PythonDecoratedOperator): sum_it> on 2022-05-28 00:00:00+00:00
[2025-12-26T22:24:35.939+0530] {standard_task_runner.py:64} INFO - Started process 6417 to run task
[2025-12-26T22:24:35.942+0530] {standard_task_runner.py:90} INFO - Running: ['airflow', 'tasks', 'run', 'example_dynamic_task_mapping', 'sum_it', 'scheduled__2022-05-28T00:00:00+00:00', '--job-id', '571', '--raw', '--subdir', '/home/sathya/projects/training-kit/.venv-airflow/lib/python3.10/site-packages/airflow/example_dags/example_dynamic_task_mapping.py', '--cfg-path', '/tmp/tmpjbfr2bu6']
[2025-12-26T22:24:35.942+0530] {standard_task_runner.py:91} INFO - Job 571: Subtask sum_it
[2025-12-26T22:24:35.978+0530] {task_command.py:426} INFO - Running <TaskInstance: example_dynamic_task_mapping.sum_it scheduled__2022-05-28T00:00:00+00:00 [running]> on host LAPTOP-A1PMOBSE.localdomain
[2025-12-26T22:24:36.040+0530] {taskinstance.py:2648} INFO - Exporting env vars: AIRFLOW_CTX_DAG_OWNER='airflow' AIRFLOW_CTX_DAG_ID='example_dynamic_task_mapping' AIRFLOW_CTX_TASK_ID='sum_it' AIRFLOW_CTX_EXECUTION_DATE='2022-05-28T00:00:00+00:00' AIRFLOW_CTX_TRY_NUMBER='1' AIRFLOW_CTX_DAG_RUN_ID='scheduled__2022-05-28T00:00:00+00:00'
[2025-12-26T22:24:36.041+0530] {taskinstance.py:430} INFO - ::endgroup::
[2025-12-26T22:24:36.043+0530] {logging_mixin.py:188} INFO - Total was 9
[2025-12-26T22:24:36.043+0530] {python.py:237} INFO - Done. Returned value was: None
[2025-12-26T22:24:36.043+0530] {taskinstance.py:441} INFO - ::group::Post task execution logs
[2025-12-26T22:24:36.046+0530] {taskinstance.py:1206} INFO - Marking task as SUCCESS. dag_id=example_dynamic_task_mapping, task_id=sum_it, run_id=scheduled__2022-05-28T00:00:00+00:00, execution_date=20220528T000000, start_date=20251226T165435, end_date=20251226T165436
[2025-12-26T22:24:36.084+0530] {local_task_job_runner.py:243} INFO - Task exited with return code 0
[2025-12-26T22:24:36.096+0530] {taskinstance.py:3503} INFO - 0 downstream tasks scheduled from follow-on schedule check
[2025-12-26T22:24:36.096+0530] {local_task_job_runner.py:222} INFO - ::endgroup::
[2026-03-10T23:13:44.848+0530] {local_task_job_runner.py:120} INFO - ::group::Pre task execution logs
[2026-03-10T23:13:44.873+0530] {taskinstance.py:2076} INFO - Dependencies all met for dep_context=non-requeueable deps ti=<TaskInstance: example_dynamic_task_mapping.sum_it scheduled__2022-05-28T00:00:00+00:00 [queued]>
[2026-03-10T23:13:44.882+0530] {taskinstance.py:2076} INFO - Dependencies all met for dep_context=requeueable deps ti=<TaskInstance: example_dynamic_task_mapping.sum_it scheduled__2022-05-28T00:00:00+00:00 [queued]>
[2026-03-10T23:13:44.882+0530] {taskinstance.py:2306} INFO - Starting attempt 1 of 1
[2026-03-10T23:13:44.904+0530] {taskinstance.py:2330} INFO - Executing <Task(_PythonDecoratedOperator): sum_it> on 2022-05-28 00:00:00+00:00
[2026-03-10T23:13:44.911+0530] {standard_task_runner.py:64} INFO - Started process 8108 to run task
[2026-03-10T23:13:44.914+0530] {standard_task_runner.py:90} INFO - Running: ['airflow', 'tasks', 'run', 'example_dynamic_task_mapping', 'sum_it', 'scheduled__2022-05-28T00:00:00+00:00', '--job-id', '703', '--raw', '--subdir', '/home/sathya/projects/training-kit/.venv-airflow/lib/python3.10/site-packages/airflow/example_dags/example_dynamic_task_mapping.py', '--cfg-path', '/tmp/tmpfyxgxz_a']
[2026-03-10T23:13:44.917+0530] {standard_task_runner.py:91} INFO - Job 703: Subtask sum_it
[2026-03-10T23:13:44.975+0530] {task_command.py:426} INFO - Running <TaskInstance: example_dynamic_task_mapping.sum_it scheduled__2022-05-28T00:00:00+00:00 [running]> on host LAPTOP-A1PMOBSE.localdomain
[2026-03-10T23:13:45.123+0530] {taskinstance.py:2648} INFO - Exporting env vars: AIRFLOW_CTX_DAG_OWNER='airflow' AIRFLOW_CTX_DAG_ID='example_dynamic_task_mapping' AIRFLOW_CTX_TASK_ID='sum_it' AIRFLOW_CTX_EXECUTION_DATE='2022-05-28T00:00:00+00:00' AIRFLOW_CTX_TRY_NUMBER='1' AIRFLOW_CTX_DAG_RUN_ID='scheduled__2022-05-28T00:00:00+00:00'
[2026-03-10T23:13:45.126+0530] {taskinstance.py:430} INFO - ::endgroup::
[2026-03-10T23:13:45.131+0530] {logging_mixin.py:188} INFO - Total was 9
[2026-03-10T23:13:45.132+0530] {python.py:237} INFO - Done. Returned value was: None
[2026-03-10T23:13:45.132+0530] {taskinstance.py:441} INFO - ::group::Post task execution logs
[2026-03-10T23:13:45.140+0530] {taskinstance.py:1206} INFO - Marking task as SUCCESS. dag_id=example_dynamic_task_mapping, task_id=sum_it, run_id=scheduled__2022-05-28T00:00:00+00:00, execution_date=20220528T000000, start_date=20260310T174344, end_date=20260310T174345
[2026-03-10T23:13:45.186+0530] {local_task_job_runner.py:243} INFO - Task exited with return code 0
[2026-03-10T23:13:45.207+0530] {taskinstance.py:3503} INFO - 0 downstream tasks scheduled from follow-on schedule check
[2026-03-10T23:13:45.208+0530] {local_task_job_runner.py:222} INFO - ::endgroup::
