[2025-12-26T22:41:53.969+0530] {local_task_job_runner.py:120} INFO - ::group::Pre task execution logs
[2025-12-26T22:41:53.986+0530] {taskinstance.py:2076} INFO - Dependencies all met for dep_context=non-requeueable deps ti=<TaskInstance: example_dynamic_task_mapping.sum_it scheduled__2022-08-03T00:00:00+00:00 [queued]>
[2025-12-26T22:41:53.991+0530] {taskinstance.py:2076} INFO - Dependencies all met for dep_context=requeueable deps ti=<TaskInstance: example_dynamic_task_mapping.sum_it scheduled__2022-08-03T00:00:00+00:00 [queued]>
[2025-12-26T22:41:53.991+0530] {taskinstance.py:2306} INFO - Starting attempt 1 of 1
[2025-12-26T22:41:54.005+0530] {taskinstance.py:2330} INFO - Executing <Task(_PythonDecoratedOperator): sum_it> on 2022-08-03 00:00:00+00:00
[2025-12-26T22:41:54.008+0530] {standard_task_runner.py:64} INFO - Started process 8519 to run task
[2025-12-26T22:41:54.011+0530] {standard_task_runner.py:90} INFO - Running: ['airflow', 'tasks', 'run', 'example_dynamic_task_mapping', 'sum_it', 'scheduled__2022-08-03T00:00:00+00:00', '--job-id', '923', '--raw', '--subdir', '/home/sathya/projects/training-kit/.venv-airflow/lib/python3.10/site-packages/airflow/example_dags/example_dynamic_task_mapping.py', '--cfg-path', '/tmp/tmp6xnkdwbj']
[2025-12-26T22:41:54.011+0530] {standard_task_runner.py:91} INFO - Job 923: Subtask sum_it
[2025-12-26T22:41:54.042+0530] {task_command.py:426} INFO - Running <TaskInstance: example_dynamic_task_mapping.sum_it scheduled__2022-08-03T00:00:00+00:00 [running]> on host LAPTOP-A1PMOBSE.localdomain
[2025-12-26T22:41:54.109+0530] {taskinstance.py:2648} INFO - Exporting env vars: AIRFLOW_CTX_DAG_OWNER='airflow' AIRFLOW_CTX_DAG_ID='example_dynamic_task_mapping' AIRFLOW_CTX_TASK_ID='sum_it' AIRFLOW_CTX_EXECUTION_DATE='2022-08-03T00:00:00+00:00' AIRFLOW_CTX_TRY_NUMBER='1' AIRFLOW_CTX_DAG_RUN_ID='scheduled__2022-08-03T00:00:00+00:00'
[2025-12-26T22:41:54.110+0530] {taskinstance.py:430} INFO - ::endgroup::
[2025-12-26T22:41:54.112+0530] {logging_mixin.py:188} INFO - Total was 9
[2025-12-26T22:41:54.112+0530] {python.py:237} INFO - Done. Returned value was: None
[2025-12-26T22:41:54.113+0530] {taskinstance.py:441} INFO - ::group::Post task execution logs
[2025-12-26T22:41:54.115+0530] {taskinstance.py:1206} INFO - Marking task as SUCCESS. dag_id=example_dynamic_task_mapping, task_id=sum_it, run_id=scheduled__2022-08-03T00:00:00+00:00, execution_date=20220803T000000, start_date=20251226T171153, end_date=20251226T171154
[2025-12-26T22:41:54.154+0530] {local_task_job_runner.py:243} INFO - Task exited with return code 0
[2025-12-26T22:41:54.171+0530] {taskinstance.py:3503} INFO - 0 downstream tasks scheduled from follow-on schedule check
[2025-12-26T22:41:54.172+0530] {local_task_job_runner.py:222} INFO - ::endgroup::
[2026-03-10T23:29:39.699+0530] {local_task_job_runner.py:120} INFO - ::group::Pre task execution logs
[2026-03-10T23:29:39.763+0530] {taskinstance.py:2076} INFO - Dependencies all met for dep_context=non-requeueable deps ti=<TaskInstance: example_dynamic_task_mapping.sum_it scheduled__2022-08-03T00:00:00+00:00 [queued]>
[2026-03-10T23:29:39.781+0530] {taskinstance.py:2076} INFO - Dependencies all met for dep_context=requeueable deps ti=<TaskInstance: example_dynamic_task_mapping.sum_it scheduled__2022-08-03T00:00:00+00:00 [queued]>
[2026-03-10T23:29:39.781+0530] {taskinstance.py:2306} INFO - Starting attempt 1 of 1
[2026-03-10T23:29:39.833+0530] {taskinstance.py:2330} INFO - Executing <Task(_PythonDecoratedOperator): sum_it> on 2022-08-03 00:00:00+00:00
[2026-03-10T23:29:39.844+0530] {standard_task_runner.py:64} INFO - Started process 11977 to run task
[2026-03-10T23:29:39.855+0530] {standard_task_runner.py:90} INFO - Running: ['airflow', 'tasks', 'run', 'example_dynamic_task_mapping', 'sum_it', 'scheduled__2022-08-03T00:00:00+00:00', '--job-id', '1079', '--raw', '--subdir', '/home/sathya/projects/training-kit/.venv-airflow/lib/python3.10/site-packages/airflow/example_dags/example_dynamic_task_mapping.py', '--cfg-path', '/tmp/tmpakwuqyaj']
[2026-03-10T23:29:39.859+0530] {standard_task_runner.py:91} INFO - Job 1079: Subtask sum_it
[2026-03-10T23:29:39.978+0530] {task_command.py:426} INFO - Running <TaskInstance: example_dynamic_task_mapping.sum_it scheduled__2022-08-03T00:00:00+00:00 [running]> on host LAPTOP-A1PMOBSE.localdomain
[2026-03-10T23:29:40.242+0530] {taskinstance.py:2648} INFO - Exporting env vars: AIRFLOW_CTX_DAG_OWNER='airflow' AIRFLOW_CTX_DAG_ID='example_dynamic_task_mapping' AIRFLOW_CTX_TASK_ID='sum_it' AIRFLOW_CTX_EXECUTION_DATE='2022-08-03T00:00:00+00:00' AIRFLOW_CTX_TRY_NUMBER='1' AIRFLOW_CTX_DAG_RUN_ID='scheduled__2022-08-03T00:00:00+00:00'
[2026-03-10T23:29:40.247+0530] {taskinstance.py:430} INFO - ::endgroup::
[2026-03-10T23:29:40.255+0530] {logging_mixin.py:188} INFO - Total was 9
[2026-03-10T23:29:40.256+0530] {python.py:237} INFO - Done. Returned value was: None
[2026-03-10T23:29:40.257+0530] {taskinstance.py:441} INFO - ::group::Post task execution logs
[2026-03-10T23:29:40.274+0530] {taskinstance.py:1206} INFO - Marking task as SUCCESS. dag_id=example_dynamic_task_mapping, task_id=sum_it, run_id=scheduled__2022-08-03T00:00:00+00:00, execution_date=20220803T000000, start_date=20260310T175939, end_date=20260310T175940
[2026-03-10T23:29:40.346+0530] {local_task_job_runner.py:243} INFO - Task exited with return code 0
[2026-03-10T23:29:40.379+0530] {taskinstance.py:3503} INFO - 0 downstream tasks scheduled from follow-on schedule check
[2026-03-10T23:29:40.380+0530] {local_task_job_runner.py:222} INFO - ::endgroup::
