[2025-12-26T22:17:42.460+0530] {local_task_job_runner.py:120} INFO - ::group::Pre task execution logs
[2025-12-26T22:17:42.475+0530] {taskinstance.py:2076} INFO - Dependencies all met for dep_context=non-requeueable deps ti=<TaskInstance: example_dynamic_task_mapping.sum_it scheduled__2022-04-21T00:00:00+00:00 [queued]>
[2025-12-26T22:17:42.479+0530] {taskinstance.py:2076} INFO - Dependencies all met for dep_context=requeueable deps ti=<TaskInstance: example_dynamic_task_mapping.sum_it scheduled__2022-04-21T00:00:00+00:00 [queued]>
[2025-12-26T22:17:42.480+0530] {taskinstance.py:2306} INFO - Starting attempt 1 of 1
[2025-12-26T22:17:42.493+0530] {taskinstance.py:2330} INFO - Executing <Task(_PythonDecoratedOperator): sum_it> on 2022-04-21 00:00:00+00:00
[2025-12-26T22:17:42.495+0530] {standard_task_runner.py:64} INFO - Started process 5420 to run task
[2025-12-26T22:17:42.497+0530] {standard_task_runner.py:90} INFO - Running: ['airflow', 'tasks', 'run', 'example_dynamic_task_mapping', 'sum_it', 'scheduled__2022-04-21T00:00:00+00:00', '--job-id', '385', '--raw', '--subdir', '/home/sathya/projects/training-kit/.venv-airflow/lib/python3.10/site-packages/airflow/example_dags/example_dynamic_task_mapping.py', '--cfg-path', '/tmp/tmp8gyjk86k']
[2025-12-26T22:17:42.498+0530] {standard_task_runner.py:91} INFO - Job 385: Subtask sum_it
[2025-12-26T22:17:42.528+0530] {task_command.py:426} INFO - Running <TaskInstance: example_dynamic_task_mapping.sum_it scheduled__2022-04-21T00:00:00+00:00 [running]> on host LAPTOP-A1PMOBSE.localdomain
[2025-12-26T22:17:42.604+0530] {taskinstance.py:2648} INFO - Exporting env vars: AIRFLOW_CTX_DAG_OWNER='airflow' AIRFLOW_CTX_DAG_ID='example_dynamic_task_mapping' AIRFLOW_CTX_TASK_ID='sum_it' AIRFLOW_CTX_EXECUTION_DATE='2022-04-21T00:00:00+00:00' AIRFLOW_CTX_TRY_NUMBER='1' AIRFLOW_CTX_DAG_RUN_ID='scheduled__2022-04-21T00:00:00+00:00'
[2025-12-26T22:17:42.605+0530] {taskinstance.py:430} INFO - ::endgroup::
[2025-12-26T22:17:42.607+0530] {logging_mixin.py:188} INFO - Total was 9
[2025-12-26T22:17:42.607+0530] {python.py:237} INFO - Done. Returned value was: None
[2025-12-26T22:17:42.608+0530] {taskinstance.py:441} INFO - ::group::Post task execution logs
[2025-12-26T22:17:42.610+0530] {taskinstance.py:1206} INFO - Marking task as SUCCESS. dag_id=example_dynamic_task_mapping, task_id=sum_it, run_id=scheduled__2022-04-21T00:00:00+00:00, execution_date=20220421T000000, start_date=20251226T164742, end_date=20251226T164742
[2025-12-26T22:17:42.671+0530] {local_task_job_runner.py:243} INFO - Task exited with return code 0
[2025-12-26T22:17:42.681+0530] {taskinstance.py:3503} INFO - 0 downstream tasks scheduled from follow-on schedule check
[2025-12-26T22:17:42.681+0530] {local_task_job_runner.py:222} INFO - ::endgroup::
[2026-03-10T23:06:24.557+0530] {local_task_job_runner.py:120} INFO - ::group::Pre task execution logs
[2026-03-10T23:06:24.583+0530] {taskinstance.py:2076} INFO - Dependencies all met for dep_context=non-requeueable deps ti=<TaskInstance: example_dynamic_task_mapping.sum_it scheduled__2022-04-21T00:00:00+00:00 [queued]>
[2026-03-10T23:06:24.591+0530] {taskinstance.py:2076} INFO - Dependencies all met for dep_context=requeueable deps ti=<TaskInstance: example_dynamic_task_mapping.sum_it scheduled__2022-04-21T00:00:00+00:00 [queued]>
[2026-03-10T23:06:24.591+0530] {taskinstance.py:2306} INFO - Starting attempt 1 of 1
[2026-03-10T23:06:24.615+0530] {taskinstance.py:2330} INFO - Executing <Task(_PythonDecoratedOperator): sum_it> on 2022-04-21 00:00:00+00:00
[2026-03-10T23:06:24.623+0530] {standard_task_runner.py:64} INFO - Started process 6213 to run task
[2026-03-10T23:06:24.627+0530] {standard_task_runner.py:90} INFO - Running: ['airflow', 'tasks', 'run', 'example_dynamic_task_mapping', 'sum_it', 'scheduled__2022-04-21T00:00:00+00:00', '--job-id', '520', '--raw', '--subdir', '/home/sathya/projects/training-kit/.venv-airflow/lib/python3.10/site-packages/airflow/example_dags/example_dynamic_task_mapping.py', '--cfg-path', '/tmp/tmpfn_t6h0h']
[2026-03-10T23:06:24.630+0530] {standard_task_runner.py:91} INFO - Job 520: Subtask sum_it
[2026-03-10T23:06:24.717+0530] {task_command.py:426} INFO - Running <TaskInstance: example_dynamic_task_mapping.sum_it scheduled__2022-04-21T00:00:00+00:00 [running]> on host LAPTOP-A1PMOBSE.localdomain
[2026-03-10T23:06:24.838+0530] {taskinstance.py:2648} INFO - Exporting env vars: AIRFLOW_CTX_DAG_OWNER='airflow' AIRFLOW_CTX_DAG_ID='example_dynamic_task_mapping' AIRFLOW_CTX_TASK_ID='sum_it' AIRFLOW_CTX_EXECUTION_DATE='2022-04-21T00:00:00+00:00' AIRFLOW_CTX_TRY_NUMBER='1' AIRFLOW_CTX_DAG_RUN_ID='scheduled__2022-04-21T00:00:00+00:00'
[2026-03-10T23:06:24.841+0530] {taskinstance.py:430} INFO - ::endgroup::
[2026-03-10T23:06:24.846+0530] {logging_mixin.py:188} INFO - Total was 9
[2026-03-10T23:06:24.846+0530] {python.py:237} INFO - Done. Returned value was: None
[2026-03-10T23:06:24.846+0530] {taskinstance.py:441} INFO - ::group::Post task execution logs
[2026-03-10T23:06:24.857+0530] {taskinstance.py:1206} INFO - Marking task as SUCCESS. dag_id=example_dynamic_task_mapping, task_id=sum_it, run_id=scheduled__2022-04-21T00:00:00+00:00, execution_date=20220421T000000, start_date=20260310T173624, end_date=20260310T173624
[2026-03-10T23:06:24.899+0530] {local_task_job_runner.py:243} INFO - Task exited with return code 0
[2026-03-10T23:06:24.920+0530] {taskinstance.py:3503} INFO - 0 downstream tasks scheduled from follow-on schedule check
[2026-03-10T23:06:24.921+0530] {local_task_job_runner.py:222} INFO - ::endgroup::
