[2025-12-26T22:37:36.470+0530] {local_task_job_runner.py:120} INFO - ::group::Pre task execution logs
[2025-12-26T22:37:36.491+0530] {taskinstance.py:2076} INFO - Dependencies all met for dep_context=non-requeueable deps ti=<TaskInstance: example_dynamic_task_mapping.add_one scheduled__2022-07-17T00:00:00+00:00 map_index=0 [queued]>
[2025-12-26T22:37:36.496+0530] {taskinstance.py:2076} INFO - Dependencies all met for dep_context=requeueable deps ti=<TaskInstance: example_dynamic_task_mapping.add_one scheduled__2022-07-17T00:00:00+00:00 map_index=0 [queued]>
[2025-12-26T22:37:36.496+0530] {taskinstance.py:2306} INFO - Starting attempt 1 of 1
[2025-12-26T22:37:36.511+0530] {taskinstance.py:2330} INFO - Executing <Mapped(_PythonDecoratedOperator): add_one> on 2022-07-17 00:00:00+00:00
[2025-12-26T22:37:36.514+0530] {standard_task_runner.py:64} INFO - Started process 8006 to run task
[2025-12-26T22:37:36.517+0530] {standard_task_runner.py:90} INFO - Running: ['airflow', 'tasks', 'run', 'example_dynamic_task_mapping', 'add_one', 'scheduled__2022-07-17T00:00:00+00:00', '--job-id', '832', '--raw', '--subdir', '/home/sathya/projects/training-kit/.venv-airflow/lib/python3.10/site-packages/airflow/example_dags/example_dynamic_task_mapping.py', '--cfg-path', '/tmp/tmpyrxdxo8p', '--map-index', '0']
[2025-12-26T22:37:36.518+0530] {standard_task_runner.py:91} INFO - Job 832: Subtask add_one
[2025-12-26T22:37:36.559+0530] {task_command.py:426} INFO - Running <TaskInstance: example_dynamic_task_mapping.add_one scheduled__2022-07-17T00:00:00+00:00 map_index=0 [running]> on host LAPTOP-A1PMOBSE.localdomain
[2025-12-26T22:37:36.647+0530] {taskinstance.py:2648} INFO - Exporting env vars: AIRFLOW_CTX_DAG_OWNER='airflow' AIRFLOW_CTX_DAG_ID='example_dynamic_task_mapping' AIRFLOW_CTX_TASK_ID='add_one' AIRFLOW_CTX_EXECUTION_DATE='2022-07-17T00:00:00+00:00' AIRFLOW_CTX_TRY_NUMBER='1' AIRFLOW_CTX_DAG_RUN_ID='scheduled__2022-07-17T00:00:00+00:00'
[2025-12-26T22:37:36.648+0530] {taskinstance.py:430} INFO - ::endgroup::
[2025-12-26T22:37:36.649+0530] {python.py:237} INFO - Done. Returned value was: 2
[2025-12-26T22:37:36.649+0530] {taskinstance.py:441} INFO - ::group::Post task execution logs
[2025-12-26T22:37:36.668+0530] {taskinstance.py:1206} INFO - Marking task as SUCCESS. dag_id=example_dynamic_task_mapping, task_id=add_one, run_id=scheduled__2022-07-17T00:00:00+00:00, map_index=0, execution_date=20220717T000000, start_date=20251226T170736, end_date=20251226T170736
[2025-12-26T22:37:36.730+0530] {local_task_job_runner.py:243} INFO - Task exited with return code 0
[2025-12-26T22:37:36.746+0530] {taskinstance.py:3503} INFO - 0 downstream tasks scheduled from follow-on schedule check
[2025-12-26T22:37:36.746+0530] {local_task_job_runner.py:222} INFO - ::endgroup::
[2026-03-10T23:23:14.296+0530] {local_task_job_runner.py:120} INFO - ::group::Pre task execution logs
[2026-03-10T23:23:14.332+0530] {taskinstance.py:2076} INFO - Dependencies all met for dep_context=non-requeueable deps ti=<TaskInstance: example_dynamic_task_mapping.add_one scheduled__2022-07-17T00:00:00+00:00 map_index=0 [queued]>
[2026-03-10T23:23:14.343+0530] {taskinstance.py:2076} INFO - Dependencies all met for dep_context=requeueable deps ti=<TaskInstance: example_dynamic_task_mapping.add_one scheduled__2022-07-17T00:00:00+00:00 map_index=0 [queued]>
[2026-03-10T23:23:14.344+0530] {taskinstance.py:2306} INFO - Starting attempt 1 of 1
[2026-03-10T23:23:14.369+0530] {taskinstance.py:2330} INFO - Executing <Mapped(_PythonDecoratedOperator): add_one> on 2022-07-17 00:00:00+00:00
[2026-03-10T23:23:14.375+0530] {standard_task_runner.py:64} INFO - Started process 10676 to run task
[2026-03-10T23:23:14.380+0530] {standard_task_runner.py:90} INFO - Running: ['airflow', 'tasks', 'run', 'example_dynamic_task_mapping', 'add_one', 'scheduled__2022-07-17T00:00:00+00:00', '--job-id', '956', '--raw', '--subdir', '/home/sathya/projects/training-kit/.venv-airflow/lib/python3.10/site-packages/airflow/example_dags/example_dynamic_task_mapping.py', '--cfg-path', '/tmp/tmpdr043llt', '--map-index', '0']
[2026-03-10T23:23:14.382+0530] {standard_task_runner.py:91} INFO - Job 956: Subtask add_one
[2026-03-10T23:23:14.468+0530] {task_command.py:426} INFO - Running <TaskInstance: example_dynamic_task_mapping.add_one scheduled__2022-07-17T00:00:00+00:00 map_index=0 [running]> on host LAPTOP-A1PMOBSE.localdomain
[2026-03-10T23:23:14.590+0530] {taskinstance.py:2648} INFO - Exporting env vars: AIRFLOW_CTX_DAG_OWNER='airflow' AIRFLOW_CTX_DAG_ID='example_dynamic_task_mapping' AIRFLOW_CTX_TASK_ID='add_one' AIRFLOW_CTX_EXECUTION_DATE='2022-07-17T00:00:00+00:00' AIRFLOW_CTX_TRY_NUMBER='1' AIRFLOW_CTX_DAG_RUN_ID='scheduled__2022-07-17T00:00:00+00:00'
[2026-03-10T23:23:14.592+0530] {taskinstance.py:430} INFO - ::endgroup::
[2026-03-10T23:23:14.592+0530] {python.py:237} INFO - Done. Returned value was: 2
[2026-03-10T23:23:14.592+0530] {taskinstance.py:441} INFO - ::group::Post task execution logs
[2026-03-10T23:23:14.615+0530] {taskinstance.py:1206} INFO - Marking task as SUCCESS. dag_id=example_dynamic_task_mapping, task_id=add_one, run_id=scheduled__2022-07-17T00:00:00+00:00, map_index=0, execution_date=20220717T000000, start_date=20260310T175314, end_date=20260310T175314
[2026-03-10T23:23:14.648+0530] {local_task_job_runner.py:243} INFO - Task exited with return code 0
[2026-03-10T23:23:14.673+0530] {taskinstance.py:3503} INFO - 0 downstream tasks scheduled from follow-on schedule check
[2026-03-10T23:23:14.674+0530] {local_task_job_runner.py:222} INFO - ::endgroup::
