[2025-12-26T22:55:44.831+0530] {local_task_job_runner.py:120} INFO - ::group::Pre task execution logs
[2025-12-26T22:55:44.851+0530] {taskinstance.py:2076} INFO - Dependencies all met for dep_context=non-requeueable deps ti=<TaskInstance: example_dynamic_task_mapping.add_one scheduled__2022-09-29T00:00:00+00:00 map_index=2 [queued]>
[2025-12-26T22:55:44.855+0530] {taskinstance.py:2076} INFO - Dependencies all met for dep_context=requeueable deps ti=<TaskInstance: example_dynamic_task_mapping.add_one scheduled__2022-09-29T00:00:00+00:00 map_index=2 [queued]>
[2025-12-26T22:55:44.856+0530] {taskinstance.py:2306} INFO - Starting attempt 1 of 1
[2025-12-26T22:55:44.871+0530] {taskinstance.py:2330} INFO - Executing <Mapped(_PythonDecoratedOperator): add_one> on 2022-09-29 00:00:00+00:00
[2025-12-26T22:55:44.874+0530] {standard_task_runner.py:64} INFO - Started process 10190 to run task
[2025-12-26T22:55:44.877+0530] {standard_task_runner.py:90} INFO - Running: ['airflow', 'tasks', 'run', 'example_dynamic_task_mapping', 'add_one', 'scheduled__2022-09-29T00:00:00+00:00', '--job-id', '1220', '--raw', '--subdir', '/home/sathya/projects/training-kit/.venv-airflow/lib/python3.10/site-packages/airflow/example_dags/example_dynamic_task_mapping.py', '--cfg-path', '/tmp/tmp_sq57lln', '--map-index', '2']
[2025-12-26T22:55:44.878+0530] {standard_task_runner.py:91} INFO - Job 1220: Subtask add_one
[2025-12-26T22:55:44.913+0530] {task_command.py:426} INFO - Running <TaskInstance: example_dynamic_task_mapping.add_one scheduled__2022-09-29T00:00:00+00:00 map_index=2 [running]> on host LAPTOP-A1PMOBSE.localdomain
[2025-12-26T22:55:44.978+0530] {taskinstance.py:2648} INFO - Exporting env vars: AIRFLOW_CTX_DAG_OWNER='airflow' AIRFLOW_CTX_DAG_ID='example_dynamic_task_mapping' AIRFLOW_CTX_TASK_ID='add_one' AIRFLOW_CTX_EXECUTION_DATE='2022-09-29T00:00:00+00:00' AIRFLOW_CTX_TRY_NUMBER='1' AIRFLOW_CTX_DAG_RUN_ID='scheduled__2022-09-29T00:00:00+00:00'
[2025-12-26T22:55:44.979+0530] {taskinstance.py:430} INFO - ::endgroup::
[2025-12-26T22:55:44.980+0530] {python.py:237} INFO - Done. Returned value was: 4
[2025-12-26T22:55:44.980+0530] {taskinstance.py:441} INFO - ::group::Post task execution logs
[2025-12-26T22:55:44.996+0530] {taskinstance.py:1206} INFO - Marking task as SUCCESS. dag_id=example_dynamic_task_mapping, task_id=add_one, run_id=scheduled__2022-09-29T00:00:00+00:00, map_index=2, execution_date=20220929T000000, start_date=20251226T172544, end_date=20251226T172544
[2025-12-26T22:55:45.019+0530] {local_task_job_runner.py:243} INFO - Task exited with return code 0
[2025-12-26T22:55:45.032+0530] {taskinstance.py:3503} INFO - 1 downstream tasks scheduled from follow-on schedule check
[2025-12-26T22:55:45.039+0530] {local_task_job_runner.py:222} INFO - ::endgroup::
[2026-03-10T23:59:07.167+0530] {local_task_job_runner.py:120} INFO - ::group::Pre task execution logs
[2026-03-10T23:59:07.218+0530] {taskinstance.py:2076} INFO - Dependencies all met for dep_context=non-requeueable deps ti=<TaskInstance: example_dynamic_task_mapping.add_one scheduled__2022-09-29T00:00:00+00:00 map_index=2 [queued]>
[2026-03-10T23:59:07.236+0530] {taskinstance.py:2076} INFO - Dependencies all met for dep_context=requeueable deps ti=<TaskInstance: example_dynamic_task_mapping.add_one scheduled__2022-09-29T00:00:00+00:00 map_index=2 [queued]>
[2026-03-10T23:59:07.237+0530] {taskinstance.py:2306} INFO - Starting attempt 1 of 1
[2026-03-10T23:59:07.286+0530] {taskinstance.py:2330} INFO - Executing <Mapped(_PythonDecoratedOperator): add_one> on 2022-09-29 00:00:00+00:00
[2026-03-10T23:59:07.298+0530] {standard_task_runner.py:64} INFO - Started process 16372 to run task
[2026-03-10T23:59:07.308+0530] {standard_task_runner.py:90} INFO - Running: ['airflow', 'tasks', 'run', 'example_dynamic_task_mapping', 'add_one', 'scheduled__2022-09-29T00:00:00+00:00', '--job-id', '1496', '--raw', '--subdir', '/home/sathya/projects/training-kit/.venv-airflow/lib/python3.10/site-packages/airflow/example_dags/example_dynamic_task_mapping.py', '--cfg-path', '/tmp/tmpv2zrfdg0', '--map-index', '2']
[2026-03-10T23:59:07.315+0530] {standard_task_runner.py:91} INFO - Job 1496: Subtask add_one
[2026-03-10T23:59:07.405+0530] {task_command.py:426} INFO - Running <TaskInstance: example_dynamic_task_mapping.add_one scheduled__2022-09-29T00:00:00+00:00 map_index=2 [running]> on host LAPTOP-A1PMOBSE.localdomain
[2026-03-10T23:59:07.582+0530] {taskinstance.py:2648} INFO - Exporting env vars: AIRFLOW_CTX_DAG_OWNER='airflow' AIRFLOW_CTX_DAG_ID='example_dynamic_task_mapping' AIRFLOW_CTX_TASK_ID='add_one' AIRFLOW_CTX_EXECUTION_DATE='2022-09-29T00:00:00+00:00' AIRFLOW_CTX_TRY_NUMBER='1' AIRFLOW_CTX_DAG_RUN_ID='scheduled__2022-09-29T00:00:00+00:00'
[2026-03-10T23:59:07.585+0530] {taskinstance.py:430} INFO - ::endgroup::
[2026-03-10T23:59:07.585+0530] {python.py:237} INFO - Done. Returned value was: 4
[2026-03-10T23:59:07.586+0530] {taskinstance.py:441} INFO - ::group::Post task execution logs
[2026-03-10T23:59:07.627+0530] {taskinstance.py:1206} INFO - Marking task as SUCCESS. dag_id=example_dynamic_task_mapping, task_id=add_one, run_id=scheduled__2022-09-29T00:00:00+00:00, map_index=2, execution_date=20220929T000000, start_date=20260310T182907, end_date=20260310T182907
[2026-03-10T23:59:07.711+0530] {local_task_job_runner.py:243} INFO - Task exited with return code 0
[2026-03-10T23:59:07.758+0530] {taskinstance.py:3503} INFO - 1 downstream tasks scheduled from follow-on schedule check
[2026-03-10T23:59:07.780+0530] {local_task_job_runner.py:222} INFO - ::endgroup::
