[2025-12-26T23:00:36.695+0530] {local_task_job_runner.py:120} INFO - ::group::Pre task execution logs
[2025-12-26T23:00:36.715+0530] {taskinstance.py:2076} INFO - Dependencies all met for dep_context=non-requeueable deps ti=<TaskInstance: example_dynamic_task_mapping.add_one scheduled__2022-10-16T00:00:00+00:00 map_index=1 [queued]>
[2025-12-26T23:00:36.720+0530] {taskinstance.py:2076} INFO - Dependencies all met for dep_context=requeueable deps ti=<TaskInstance: example_dynamic_task_mapping.add_one scheduled__2022-10-16T00:00:00+00:00 map_index=1 [queued]>
[2025-12-26T23:00:36.720+0530] {taskinstance.py:2306} INFO - Starting attempt 1 of 1
[2025-12-26T23:00:36.735+0530] {taskinstance.py:2330} INFO - Executing <Mapped(_PythonDecoratedOperator): add_one> on 2022-10-16 00:00:00+00:00
[2025-12-26T23:00:36.737+0530] {standard_task_runner.py:64} INFO - Started process 10739 to run task
[2025-12-26T23:00:36.740+0530] {standard_task_runner.py:90} INFO - Running: ['airflow', 'tasks', 'run', 'example_dynamic_task_mapping', 'add_one', 'scheduled__2022-10-16T00:00:00+00:00', '--job-id', '1311', '--raw', '--subdir', '/home/sathya/projects/training-kit/.venv-airflow/lib/python3.10/site-packages/airflow/example_dags/example_dynamic_task_mapping.py', '--cfg-path', '/tmp/tmp8853nkp1', '--map-index', '1']
[2025-12-26T23:00:36.741+0530] {standard_task_runner.py:91} INFO - Job 1311: Subtask add_one
[2025-12-26T23:00:36.781+0530] {task_command.py:426} INFO - Running <TaskInstance: example_dynamic_task_mapping.add_one scheduled__2022-10-16T00:00:00+00:00 map_index=1 [running]> on host LAPTOP-A1PMOBSE.localdomain
[2025-12-26T23:00:36.845+0530] {taskinstance.py:2648} INFO - Exporting env vars: AIRFLOW_CTX_DAG_OWNER='airflow' AIRFLOW_CTX_DAG_ID='example_dynamic_task_mapping' AIRFLOW_CTX_TASK_ID='add_one' AIRFLOW_CTX_EXECUTION_DATE='2022-10-16T00:00:00+00:00' AIRFLOW_CTX_TRY_NUMBER='1' AIRFLOW_CTX_DAG_RUN_ID='scheduled__2022-10-16T00:00:00+00:00'
[2025-12-26T23:00:36.846+0530] {taskinstance.py:430} INFO - ::endgroup::
[2025-12-26T23:00:36.846+0530] {python.py:237} INFO - Done. Returned value was: 3
[2025-12-26T23:00:36.846+0530] {taskinstance.py:441} INFO - ::group::Post task execution logs
[2025-12-26T23:00:36.861+0530] {taskinstance.py:1206} INFO - Marking task as SUCCESS. dag_id=example_dynamic_task_mapping, task_id=add_one, run_id=scheduled__2022-10-16T00:00:00+00:00, map_index=1, execution_date=20221016T000000, start_date=20251226T173036, end_date=20251226T173036
[2025-12-26T23:00:36.881+0530] {local_task_job_runner.py:243} INFO - Task exited with return code 0
[2025-12-26T23:00:36.895+0530] {taskinstance.py:3503} INFO - 0 downstream tasks scheduled from follow-on schedule check
[2025-12-26T23:00:36.895+0530] {local_task_job_runner.py:222} INFO - ::endgroup::
[2026-03-11T22:24:01.558+0530] {local_task_job_runner.py:120} INFO - ::group::Pre task execution logs
[2026-03-11T22:24:01.577+0530] {taskinstance.py:2076} INFO - Dependencies all met for dep_context=non-requeueable deps ti=<TaskInstance: example_dynamic_task_mapping.add_one scheduled__2022-10-16T00:00:00+00:00 map_index=1 [queued]>
[2026-03-11T22:24:01.581+0530] {taskinstance.py:2076} INFO - Dependencies all met for dep_context=requeueable deps ti=<TaskInstance: example_dynamic_task_mapping.add_one scheduled__2022-10-16T00:00:00+00:00 map_index=1 [queued]>
[2026-03-11T22:24:01.581+0530] {taskinstance.py:2306} INFO - Starting attempt 1 of 1
[2026-03-11T22:24:01.595+0530] {taskinstance.py:2330} INFO - Executing <Mapped(_PythonDecoratedOperator): add_one> on 2022-10-16 00:00:00+00:00
[2026-03-11T22:24:01.599+0530] {standard_task_runner.py:64} INFO - Started process 7054 to run task
[2026-03-11T22:24:01.603+0530] {standard_task_runner.py:90} INFO - Running: ['airflow', 'tasks', 'run', 'example_dynamic_task_mapping', 'add_one', 'scheduled__2022-10-16T00:00:00+00:00', '--job-id', '1735', '--raw', '--subdir', '/home/sathya/projects/training-kit/.venv-airflow/lib/python3.10/site-packages/airflow/example_dags/example_dynamic_task_mapping.py', '--cfg-path', '/tmp/tmp1l4y_wc7', '--map-index', '1']
[2026-03-11T22:24:01.604+0530] {standard_task_runner.py:91} INFO - Job 1735: Subtask add_one
[2026-03-11T22:24:01.641+0530] {task_command.py:426} INFO - Running <TaskInstance: example_dynamic_task_mapping.add_one scheduled__2022-10-16T00:00:00+00:00 map_index=1 [running]> on host LAPTOP-A1PMOBSE.localdomain
[2026-03-11T22:24:01.707+0530] {taskinstance.py:2648} INFO - Exporting env vars: AIRFLOW_CTX_DAG_OWNER='airflow' AIRFLOW_CTX_DAG_ID='example_dynamic_task_mapping' AIRFLOW_CTX_TASK_ID='add_one' AIRFLOW_CTX_EXECUTION_DATE='2022-10-16T00:00:00+00:00' AIRFLOW_CTX_TRY_NUMBER='1' AIRFLOW_CTX_DAG_RUN_ID='scheduled__2022-10-16T00:00:00+00:00'
[2026-03-11T22:24:01.708+0530] {taskinstance.py:430} INFO - ::endgroup::
[2026-03-11T22:24:01.708+0530] {python.py:237} INFO - Done. Returned value was: 3
[2026-03-11T22:24:01.708+0530] {taskinstance.py:441} INFO - ::group::Post task execution logs
[2026-03-11T22:24:01.725+0530] {taskinstance.py:1206} INFO - Marking task as SUCCESS. dag_id=example_dynamic_task_mapping, task_id=add_one, run_id=scheduled__2022-10-16T00:00:00+00:00, map_index=1, execution_date=20221016T000000, start_date=20260311T165401, end_date=20260311T165401
[2026-03-11T22:24:01.747+0530] {local_task_job_runner.py:243} INFO - Task exited with return code 0
[2026-03-11T22:24:01.762+0530] {taskinstance.py:3503} INFO - 0 downstream tasks scheduled from follow-on schedule check
[2026-03-11T22:24:01.763+0530] {local_task_job_runner.py:222} INFO - ::endgroup::
