[2026-03-10T22:51:09.640+0530] {local_task_job_runner.py:120} INFO - ::group::Pre task execution logs
[2026-03-10T22:51:09.662+0530] {taskinstance.py:2076} INFO - Dependencies all met for dep_context=non-requeueable deps ti=<TaskInstance: daily_elt.meltano_extract manual__2026-03-10T17:09:42.923079+00:00 [queued]>
[2026-03-10T22:51:09.669+0530] {taskinstance.py:2076} INFO - Dependencies all met for dep_context=requeueable deps ti=<TaskInstance: daily_elt.meltano_extract manual__2026-03-10T17:09:42.923079+00:00 [queued]>
[2026-03-10T22:51:09.670+0530] {taskinstance.py:2306} INFO - Starting attempt 1 of 2
[2026-03-10T22:51:09.692+0530] {taskinstance.py:2330} INFO - Executing <Task(BashOperator): meltano_extract> on 2026-03-10 17:09:42.923079+00:00
[2026-03-10T22:51:09.698+0530] {standard_task_runner.py:64} INFO - Started process 3163 to run task
[2026-03-10T22:51:09.705+0530] {standard_task_runner.py:90} INFO - Running: ['airflow', 'tasks', 'run', 'daily_elt', 'meltano_extract', 'manual__2026-03-10T17:09:42.923079+00:00', '--job-id', '237', '--raw', '--subdir', 'DAGS_FOLDER/elt_dag.py', '--cfg-path', '/tmp/tmpr5zaql15']
[2026-03-10T22:51:09.709+0530] {standard_task_runner.py:91} INFO - Job 237: Subtask meltano_extract
[2026-03-10T22:51:09.766+0530] {task_command.py:426} INFO - Running <TaskInstance: daily_elt.meltano_extract manual__2026-03-10T17:09:42.923079+00:00 [running]> on host LAPTOP-A1PMOBSE.localdomain
[2026-03-10T22:51:09.904+0530] {taskinstance.py:2648} INFO - Exporting env vars: AIRFLOW_CTX_DAG_OWNER='data-eng' AIRFLOW_CTX_DAG_ID='daily_elt' AIRFLOW_CTX_TASK_ID='meltano_extract' AIRFLOW_CTX_EXECUTION_DATE='2026-03-10T17:09:42.923079+00:00' AIRFLOW_CTX_TRY_NUMBER='1' AIRFLOW_CTX_DAG_RUN_ID='manual__2026-03-10T17:09:42.923079+00:00'
[2026-03-10T22:51:09.906+0530] {taskinstance.py:430} INFO - ::endgroup::
[2026-03-10T22:51:09.907+0530] {subprocess.py:63} INFO - Tmp dir root location: /tmp
[2026-03-10T22:51:09.908+0530] {subprocess.py:75} INFO - Running command: ['/usr/bin/bash', '-c', 'cd ~/projects/training-kit/training-meltano && meltano elt tap-csv target-postgres']
[2026-03-10T22:51:09.919+0530] {subprocess.py:86} INFO - Output:
[2026-03-10T22:51:11.099+0530] {subprocess.py:93} INFO - [2m2026-03-10T17:21:11.098791Z[0m [[32m[1minfo     [0m] [1mEnvironment 'dev' is active   [0m
[2026-03-10T22:51:11.119+0530] {subprocess.py:93} INFO - [2m2026-03-10T17:21:11.118719Z[0m [[33m[1mwarning  [0m] [1mA new version of Meltano is available (v4.1.2) and you are currently running v4.0.8. For more information, visit: https://docs.meltano.com/getting-started/installation.[0m
[2026-03-10T22:51:11.300+0530] {subprocess.py:93} INFO - [2m2026-03-10T17:21:11.300109Z[0m [[33m[1mwarning  [0m] [1mThe `elt` command is deprecated in favor of `el`[0m
[2026-03-10T22:51:11.833+0530] {subprocess.py:93} INFO - [2m2026-03-10T17:21:11.833496Z[0m [[32m[1minfo     [0m] [1mRunning extract & load...     [0m [36mname[0m=[35mmeltano[0m
[2026-03-10T22:51:13.420+0530] {subprocess.py:93} INFO - [2m2026-03-10T17:21:13.419703Z[0m [[32m[1minfo     [0m] [1mtap-csv v1.2.0, Meltano SDK v0.53.4[0m [36mname[0m=[35mtap-csv[0m
[2026-03-10T22:51:13.420+0530] {subprocess.py:93} INFO - [2m2026-03-10T17:21:13.420175Z[0m [[32m[1minfo     [0m] [1mSkipping parse of env var settings...[0m [36mname[0m=[35mtap-csv[0m
[2026-03-10T22:51:13.421+0530] {subprocess.py:93} INFO - [2m2026-03-10T17:21:13.420822Z[0m [[32m[1minfo     [0m] [1mBeginning sync of 'people' in full_table mode[0m [36mname[0m=[35mtap-csv[0m
[2026-03-10T22:51:13.422+0530] {subprocess.py:93} INFO - [2m2026-03-10T17:21:13.421650Z[0m [[32m[1minfo     [0m] [1mMETRIC: {"type":"timer","metric":"sync_duration","value":0.0005435943603515625,"tags":{"stream":"people","pid":3169,"context":{},"status":"succeeded"}}[0m [36mname[0m=[35mtap-csv[0m
[2026-03-10T22:51:13.422+0530] {subprocess.py:93} INFO - [2m2026-03-10T17:21:13.421976Z[0m [[32m[1minfo     [0m] [1mMETRIC: {"type":"counter","metric":"record_count","value":3,"tags":{"stream":"people","pid":3169,"context":{}}}[0m [36mname[0m=[35mtap-csv[0m
[2026-03-10T22:51:14.127+0530] {subprocess.py:93} INFO - [2m2026-03-10T17:21:14.127433Z[0m [[32m[1minfo     [0m] [1mtarget-postgres v0.6.3, Meltano SDK v0.53.4[0m [36mname[0m=[35mtarget-postgres[0m
[2026-03-10T22:51:14.128+0530] {subprocess.py:93} INFO - [2m2026-03-10T17:21:14.127999Z[0m [[32m[1minfo     [0m] [1mSkipping parse of env var settings...[0m [36mname[0m=[35mtarget-postgres[0m
[2026-03-10T22:51:14.128+0530] {subprocess.py:93} INFO - [2m2026-03-10T17:21:14.128378Z[0m [[33m[1mwarning  [0m] [1mThe `dialect+driver` configuration option is deprecated. Please set it to `postgresql+psycopg`, as this will be the hard-coded value in the future.[0m [36mname[0m=[35mtarget-postgres[0m
[2026-03-10T22:51:14.453+0530] {subprocess.py:93} INFO - [2m2026-03-10T17:21:14.452918Z[0m [[32m[1minfo     [0m] [1mReader 'target-postgres' completed processing 5 lines of input (1 schemas, 3 records, 0 batch manifests, 1 state messages, 0 activate version messages).[0m [36mname[0m=[35mtarget-postgres[0m
[2026-03-10T22:51:14.562+0530] {subprocess.py:93} INFO - [2m2026-03-10T17:21:14.562152Z[0m [[32m[1minfo     [0m] [1mInserting with SQL: INSERT INTO "6956a159_a107_475a_87bb_4924b038efad" (id, name, age, _sdc_extracted_at, _sdc_received_at, _sdc_batched_at, _sdc_deleted_at, _sdc_sequence, _sdc_table_version, _sdc_sync_started_at) VALUES (:id, :name, :age, :_sdc_extracted_at, :_sdc_received_at, :_sdc_batched_at, :_sdc_deleted_at, :_sdc_sequence, :_sdc_table_version, :_sdc_sync_started_at)[0m [36mname[0m=[35mtarget-postgres[0m
[2026-03-10T22:51:14.591+0530] {subprocess.py:93} INFO - [2m2026-03-10T17:21:14.591080Z[0m [[32m[1minfo     [0m] [1mMETRIC                        [0m [36mmetric_name[0m=[35mbatch_processing_time[0m [36mmetric_value[0m=[35m0.1247861385345459[0m [36mname[0m=[35mtarget-postgres[0m
[2026-03-10T22:51:14.603+0530] {subprocess.py:93} INFO - [2m2026-03-10T17:21:14.602619Z[0m [[32m[1minfo     [0m] [1mMETRIC                        [0m [36mmetric_name[0m=[35mrecord_count[0m [36mmetric_value[0m=[35m3[0m [36mname[0m=[35mtarget-postgres[0m
[2026-03-10T22:51:14.633+0530] {subprocess.py:93} INFO - [2m2026-03-10T17:21:14.632660Z[0m [[32m[1minfo     [0m] [1mUsing systemdb state backend  [0m
[2026-03-10T22:51:14.662+0530] {subprocess.py:93} INFO - [2m2026-03-10T17:21:14.661653Z[0m [[32m[1minfo     [0m] [1mIncremental state has been updated at 2026-03-10 17:21:14.661550+00:00.[0m
[2026-03-10T22:51:14.866+0530] {subprocess.py:93} INFO - [2m2026-03-10T17:21:14.866604Z[0m [[32m[1minfo     [0m] [1mExtract & load complete!      [0m [36mname[0m=[35mmeltano[0m
[2026-03-10T22:51:14.867+0530] {subprocess.py:93} INFO - [2m2026-03-10T17:21:14.867029Z[0m [[32m[1minfo     [0m] [1mTransformation skipped.       [0m [36mname[0m=[35mmeltano[0m
[2026-03-10T22:51:16.799+0530] {subprocess.py:97} INFO - Command exited with return code 0
[2026-03-10T22:51:16.801+0530] {taskinstance.py:441} INFO - ::group::Post task execution logs
[2026-03-10T22:51:16.865+0530] {taskinstance.py:1206} INFO - Marking task as SUCCESS. dag_id=daily_elt, task_id=meltano_extract, run_id=manual__2026-03-10T17:09:42.923079+00:00, execution_date=20260310T170942, start_date=20260310T172109, end_date=20260310T172116
[2026-03-10T22:51:16.951+0530] {local_task_job_runner.py:243} INFO - Task exited with return code 0
[2026-03-10T22:51:16.998+0530] {taskinstance.py:3503} INFO - 1 downstream tasks scheduled from follow-on schedule check
[2026-03-10T22:51:17.013+0530] {local_task_job_runner.py:222} INFO - ::endgroup::
