[2026-01-08T21:50:11.717+0530] {local_task_job_runner.py:120} INFO - ::group::Pre task execution logs
[2026-01-08T21:50:11.730+0530] {taskinstance.py:2076} INFO - Dependencies all met for dep_context=non-requeueable deps ti=<TaskInstance: example_task_group.section_1.task_2 scheduled__2025-12-27T00:00:00+00:00 [queued]>
[2026-01-08T21:50:11.735+0530] {taskinstance.py:2076} INFO - Dependencies all met for dep_context=requeueable deps ti=<TaskInstance: example_task_group.section_1.task_2 scheduled__2025-12-27T00:00:00+00:00 [queued]>
[2026-01-08T21:50:11.735+0530] {taskinstance.py:2306} INFO - Starting attempt 1 of 1
[2026-01-08T21:50:11.750+0530] {taskinstance.py:2330} INFO - Executing <Task(BashOperator): section_1.task_2> on 2025-12-27 00:00:00+00:00
[2026-01-08T21:50:11.753+0530] {standard_task_runner.py:64} INFO - Started process 907 to run task
[2026-01-08T21:50:11.755+0530] {standard_task_runner.py:90} INFO - Running: ['airflow', 'tasks', 'run', 'example_task_group', 'section_1.task_2', 'scheduled__2025-12-27T00:00:00+00:00', '--job-id', '5169', '--raw', '--subdir', '/home/sathya/projects/training-kit/.venv-airflow/lib/python3.10/site-packages/airflow/example_dags/example_task_group.py', '--cfg-path', '/tmp/tmp0_b_uci8']
[2026-01-08T21:50:11.756+0530] {standard_task_runner.py:91} INFO - Job 5169: Subtask section_1.task_2
[2026-01-08T21:50:11.792+0530] {task_command.py:426} INFO - Running <TaskInstance: example_task_group.section_1.task_2 scheduled__2025-12-27T00:00:00+00:00 [running]> on host LAPTOP-A1PMOBSE.localdomain
[2026-01-08T21:50:11.873+0530] {taskinstance.py:2648} INFO - Exporting env vars: AIRFLOW_CTX_DAG_OWNER='airflow' AIRFLOW_CTX_DAG_ID='example_task_group' AIRFLOW_CTX_TASK_ID='section_1.task_2' AIRFLOW_CTX_EXECUTION_DATE='2025-12-27T00:00:00+00:00' AIRFLOW_CTX_TRY_NUMBER='1' AIRFLOW_CTX_DAG_RUN_ID='scheduled__2025-12-27T00:00:00+00:00'
[2026-01-08T21:50:11.874+0530] {taskinstance.py:430} INFO - ::endgroup::
[2026-01-08T21:50:11.875+0530] {subprocess.py:63} INFO - Tmp dir root location: /tmp
[2026-01-08T21:50:11.876+0530] {subprocess.py:75} INFO - Running command: ['/usr/bin/bash', '-c', 'echo 1']
[2026-01-08T21:50:11.882+0530] {subprocess.py:86} INFO - Output:
[2026-01-08T21:50:11.882+0530] {subprocess.py:93} INFO - 1
[2026-01-08T21:50:11.882+0530] {subprocess.py:97} INFO - Command exited with return code 0
[2026-01-08T21:50:11.883+0530] {taskinstance.py:441} INFO - ::group::Post task execution logs
[2026-01-08T21:50:11.902+0530] {taskinstance.py:1206} INFO - Marking task as SUCCESS. dag_id=example_task_group, task_id=section_1.task_2, run_id=scheduled__2025-12-27T00:00:00+00:00, execution_date=20251227T000000, start_date=20260108T162011, end_date=20260108T162011
[2026-01-08T21:50:11.930+0530] {local_task_job_runner.py:243} INFO - Task exited with return code 0
[2026-01-08T21:50:11.946+0530] {taskinstance.py:3503} INFO - 1 downstream tasks scheduled from follow-on schedule check
[2026-01-08T21:50:11.954+0530] {local_task_job_runner.py:222} INFO - ::endgroup::
