[2026-03-11T22:18:43.633+0530] {local_task_job_runner.py:120} INFO - ::group::Pre task execution logs
[2026-03-11T22:18:43.654+0530] {taskinstance.py:2076} INFO - Dependencies all met for dep_context=non-requeueable deps ti=<TaskInstance: example_setup_teardown.root_teardown scheduled__2026-03-10T00:00:00+00:00 [queued]>
[2026-03-11T22:18:43.661+0530] {taskinstance.py:2076} INFO - Dependencies all met for dep_context=requeueable deps ti=<TaskInstance: example_setup_teardown.root_teardown scheduled__2026-03-10T00:00:00+00:00 [queued]>
[2026-03-11T22:18:43.661+0530] {taskinstance.py:2306} INFO - Starting attempt 1 of 1
[2026-03-11T22:18:43.679+0530] {taskinstance.py:2330} INFO - Executing <Task(BashOperator): root_teardown> on 2026-03-10 00:00:00+00:00
[2026-03-11T22:18:43.685+0530] {standard_task_runner.py:64} INFO - Started process 6125 to run task
[2026-03-11T22:18:43.689+0530] {standard_task_runner.py:90} INFO - Running: ['airflow', 'tasks', 'run', 'example_setup_teardown', 'root_teardown', 'scheduled__2026-03-10T00:00:00+00:00', '--job-id', '1687', '--raw', '--subdir', '/home/sathya/projects/training-kit/.venv-airflow/lib/python3.10/site-packages/airflow/example_dags/example_setup_teardown.py', '--cfg-path', '/tmp/tmpiu0yft9n']
[2026-03-11T22:18:43.691+0530] {standard_task_runner.py:91} INFO - Job 1687: Subtask root_teardown
[2026-03-11T22:18:43.736+0530] {task_command.py:426} INFO - Running <TaskInstance: example_setup_teardown.root_teardown scheduled__2026-03-10T00:00:00+00:00 [running]> on host LAPTOP-A1PMOBSE.localdomain
[2026-03-11T22:18:43.806+0530] {taskinstance.py:2648} INFO - Exporting env vars: AIRFLOW_CTX_DAG_OWNER='airflow' AIRFLOW_CTX_DAG_ID='example_setup_teardown' AIRFLOW_CTX_TASK_ID='root_teardown' AIRFLOW_CTX_EXECUTION_DATE='2026-03-10T00:00:00+00:00' AIRFLOW_CTX_TRY_NUMBER='1' AIRFLOW_CTX_DAG_RUN_ID='scheduled__2026-03-10T00:00:00+00:00'
[2026-03-11T22:18:43.808+0530] {taskinstance.py:430} INFO - ::endgroup::
[2026-03-11T22:18:43.809+0530] {subprocess.py:63} INFO - Tmp dir root location: /tmp
[2026-03-11T22:18:43.809+0530] {subprocess.py:75} INFO - Running command: ['/usr/bin/bash', '-c', "echo 'Goodbye from root_teardown'"]
[2026-03-11T22:18:43.819+0530] {subprocess.py:86} INFO - Output:
[2026-03-11T22:18:43.820+0530] {subprocess.py:93} INFO - Goodbye from root_teardown
[2026-03-11T22:18:43.820+0530] {subprocess.py:97} INFO - Command exited with return code 0
[2026-03-11T22:18:43.821+0530] {taskinstance.py:441} INFO - ::group::Post task execution logs
[2026-03-11T22:18:43.843+0530] {taskinstance.py:1206} INFO - Marking task as SUCCESS. dag_id=example_setup_teardown, task_id=root_teardown, run_id=scheduled__2026-03-10T00:00:00+00:00, execution_date=20260310T000000, start_date=20260311T164843, end_date=20260311T164843
[2026-03-11T22:18:43.870+0530] {local_task_job_runner.py:243} INFO - Task exited with return code 0
[2026-03-11T22:18:43.881+0530] {taskinstance.py:3503} INFO - 0 downstream tasks scheduled from follow-on schedule check
[2026-03-11T22:18:43.882+0530] {local_task_job_runner.py:222} INFO - ::endgroup::
