[2025-12-26T22:33:45.418+0530] {local_task_job_runner.py:120} INFO - ::group::Pre task execution logs
[2025-12-26T22:33:45.436+0530] {taskinstance.py:2076} INFO - Dependencies all met for dep_context=non-requeueable deps ti=<TaskInstance: example_dynamic_task_mapping.sum_it scheduled__2022-07-03T00:00:00+00:00 [queued]>
[2025-12-26T22:33:45.440+0530] {taskinstance.py:2076} INFO - Dependencies all met for dep_context=requeueable deps ti=<TaskInstance: example_dynamic_task_mapping.sum_it scheduled__2022-07-03T00:00:00+00:00 [queued]>
[2025-12-26T22:33:45.440+0530] {taskinstance.py:2306} INFO - Starting attempt 1 of 1
[2025-12-26T22:33:45.453+0530] {taskinstance.py:2330} INFO - Executing <Task(_PythonDecoratedOperator): sum_it> on 2022-07-03 00:00:00+00:00
[2025-12-26T22:33:45.455+0530] {standard_task_runner.py:64} INFO - Started process 7551 to run task
[2025-12-26T22:33:45.459+0530] {standard_task_runner.py:90} INFO - Running: ['airflow', 'tasks', 'run', 'example_dynamic_task_mapping', 'sum_it', 'scheduled__2022-07-03T00:00:00+00:00', '--job-id', '762', '--raw', '--subdir', '/home/sathya/projects/training-kit/.venv-airflow/lib/python3.10/site-packages/airflow/example_dags/example_dynamic_task_mapping.py', '--cfg-path', '/tmp/tmpai49pkh9']
[2025-12-26T22:33:45.459+0530] {standard_task_runner.py:91} INFO - Job 762: Subtask sum_it
[2025-12-26T22:33:45.489+0530] {task_command.py:426} INFO - Running <TaskInstance: example_dynamic_task_mapping.sum_it scheduled__2022-07-03T00:00:00+00:00 [running]> on host LAPTOP-A1PMOBSE.localdomain
[2025-12-26T22:33:45.553+0530] {taskinstance.py:2648} INFO - Exporting env vars: AIRFLOW_CTX_DAG_OWNER='airflow' AIRFLOW_CTX_DAG_ID='example_dynamic_task_mapping' AIRFLOW_CTX_TASK_ID='sum_it' AIRFLOW_CTX_EXECUTION_DATE='2022-07-03T00:00:00+00:00' AIRFLOW_CTX_TRY_NUMBER='1' AIRFLOW_CTX_DAG_RUN_ID='scheduled__2022-07-03T00:00:00+00:00'
[2025-12-26T22:33:45.554+0530] {taskinstance.py:430} INFO - ::endgroup::
[2025-12-26T22:33:45.556+0530] {logging_mixin.py:188} INFO - Total was 9
[2025-12-26T22:33:45.556+0530] {python.py:237} INFO - Done. Returned value was: None
[2025-12-26T22:33:45.556+0530] {taskinstance.py:441} INFO - ::group::Post task execution logs
[2025-12-26T22:33:45.559+0530] {taskinstance.py:1206} INFO - Marking task as SUCCESS. dag_id=example_dynamic_task_mapping, task_id=sum_it, run_id=scheduled__2022-07-03T00:00:00+00:00, execution_date=20220703T000000, start_date=20251226T170345, end_date=20251226T170345
[2025-12-26T22:33:45.600+0530] {local_task_job_runner.py:243} INFO - Task exited with return code 0
[2025-12-26T22:33:45.618+0530] {taskinstance.py:3503} INFO - 0 downstream tasks scheduled from follow-on schedule check
[2025-12-26T22:33:45.618+0530] {local_task_job_runner.py:222} INFO - ::endgroup::
[2026-03-10T23:21:52.802+0530] {local_task_job_runner.py:120} INFO - ::group::Pre task execution logs
[2026-03-10T23:21:52.838+0530] {taskinstance.py:2076} INFO - Dependencies all met for dep_context=non-requeueable deps ti=<TaskInstance: example_dynamic_task_mapping.sum_it scheduled__2022-07-03T00:00:00+00:00 [queued]>
[2026-03-10T23:21:52.849+0530] {taskinstance.py:2076} INFO - Dependencies all met for dep_context=requeueable deps ti=<TaskInstance: example_dynamic_task_mapping.sum_it scheduled__2022-07-03T00:00:00+00:00 [queued]>
[2026-03-10T23:21:52.849+0530] {taskinstance.py:2306} INFO - Starting attempt 1 of 1
[2026-03-10T23:21:52.876+0530] {taskinstance.py:2330} INFO - Executing <Task(_PythonDecoratedOperator): sum_it> on 2022-07-03 00:00:00+00:00
[2026-03-10T23:21:52.884+0530] {standard_task_runner.py:64} INFO - Started process 10211 to run task
[2026-03-10T23:21:52.889+0530] {standard_task_runner.py:90} INFO - Running: ['airflow', 'tasks', 'run', 'example_dynamic_task_mapping', 'sum_it', 'scheduled__2022-07-03T00:00:00+00:00', '--job-id', '910', '--raw', '--subdir', '/home/sathya/projects/training-kit/.venv-airflow/lib/python3.10/site-packages/airflow/example_dags/example_dynamic_task_mapping.py', '--cfg-path', '/tmp/tmp7ftie7i5']
[2026-03-10T23:21:52.891+0530] {standard_task_runner.py:91} INFO - Job 910: Subtask sum_it
[2026-03-10T23:21:52.961+0530] {task_command.py:426} INFO - Running <TaskInstance: example_dynamic_task_mapping.sum_it scheduled__2022-07-03T00:00:00+00:00 [running]> on host LAPTOP-A1PMOBSE.localdomain
[2026-03-10T23:21:53.100+0530] {taskinstance.py:2648} INFO - Exporting env vars: AIRFLOW_CTX_DAG_OWNER='airflow' AIRFLOW_CTX_DAG_ID='example_dynamic_task_mapping' AIRFLOW_CTX_TASK_ID='sum_it' AIRFLOW_CTX_EXECUTION_DATE='2022-07-03T00:00:00+00:00' AIRFLOW_CTX_TRY_NUMBER='1' AIRFLOW_CTX_DAG_RUN_ID='scheduled__2022-07-03T00:00:00+00:00'
[2026-03-10T23:21:53.104+0530] {taskinstance.py:430} INFO - ::endgroup::
[2026-03-10T23:21:53.111+0530] {logging_mixin.py:188} INFO - Total was 9
[2026-03-10T23:21:53.111+0530] {python.py:237} INFO - Done. Returned value was: None
[2026-03-10T23:21:53.112+0530] {taskinstance.py:441} INFO - ::group::Post task execution logs
[2026-03-10T23:21:53.124+0530] {taskinstance.py:1206} INFO - Marking task as SUCCESS. dag_id=example_dynamic_task_mapping, task_id=sum_it, run_id=scheduled__2022-07-03T00:00:00+00:00, execution_date=20220703T000000, start_date=20260310T175152, end_date=20260310T175153
[2026-03-10T23:21:53.191+0530] {local_task_job_runner.py:243} INFO - Task exited with return code 0
[2026-03-10T23:21:53.209+0530] {taskinstance.py:3503} INFO - 0 downstream tasks scheduled from follow-on schedule check
[2026-03-10T23:21:53.210+0530] {local_task_job_runner.py:222} INFO - ::endgroup::
