[2025-12-26T22:25:53.357+0530] {local_task_job_runner.py:120} INFO - ::group::Pre task execution logs
[2025-12-26T22:25:53.373+0530] {taskinstance.py:2076} INFO - Dependencies all met for dep_context=non-requeueable deps ti=<TaskInstance: example_dynamic_task_mapping.add_one scheduled__2022-06-04T00:00:00+00:00 map_index=0 [queued]>
[2025-12-26T22:25:53.377+0530] {taskinstance.py:2076} INFO - Dependencies all met for dep_context=requeueable deps ti=<TaskInstance: example_dynamic_task_mapping.add_one scheduled__2022-06-04T00:00:00+00:00 map_index=0 [queued]>
[2025-12-26T22:25:53.377+0530] {taskinstance.py:2306} INFO - Starting attempt 1 of 1
[2025-12-26T22:25:53.390+0530] {taskinstance.py:2330} INFO - Executing <Mapped(_PythonDecoratedOperator): add_one> on 2022-06-04 00:00:00+00:00
[2025-12-26T22:25:53.392+0530] {standard_task_runner.py:64} INFO - Started process 6575 to run task
[2025-12-26T22:25:53.397+0530] {standard_task_runner.py:90} INFO - Running: ['airflow', 'tasks', 'run', 'example_dynamic_task_mapping', 'add_one', 'scheduled__2022-06-04T00:00:00+00:00', '--job-id', '599', '--raw', '--subdir', '/home/sathya/projects/training-kit/.venv-airflow/lib/python3.10/site-packages/airflow/example_dags/example_dynamic_task_mapping.py', '--cfg-path', '/tmp/tmpid99a9np', '--map-index', '0']
[2025-12-26T22:25:53.398+0530] {standard_task_runner.py:91} INFO - Job 599: Subtask add_one
[2025-12-26T22:25:53.442+0530] {task_command.py:426} INFO - Running <TaskInstance: example_dynamic_task_mapping.add_one scheduled__2022-06-04T00:00:00+00:00 map_index=0 [running]> on host LAPTOP-A1PMOBSE.localdomain
[2025-12-26T22:25:53.514+0530] {taskinstance.py:2648} INFO - Exporting env vars: AIRFLOW_CTX_DAG_OWNER='airflow' AIRFLOW_CTX_DAG_ID='example_dynamic_task_mapping' AIRFLOW_CTX_TASK_ID='add_one' AIRFLOW_CTX_EXECUTION_DATE='2022-06-04T00:00:00+00:00' AIRFLOW_CTX_TRY_NUMBER='1' AIRFLOW_CTX_DAG_RUN_ID='scheduled__2022-06-04T00:00:00+00:00'
[2025-12-26T22:25:53.515+0530] {taskinstance.py:430} INFO - ::endgroup::
[2025-12-26T22:25:53.515+0530] {python.py:237} INFO - Done. Returned value was: 2
[2025-12-26T22:25:53.515+0530] {taskinstance.py:441} INFO - ::group::Post task execution logs
[2025-12-26T22:25:53.529+0530] {taskinstance.py:1206} INFO - Marking task as SUCCESS. dag_id=example_dynamic_task_mapping, task_id=add_one, run_id=scheduled__2022-06-04T00:00:00+00:00, map_index=0, execution_date=20220604T000000, start_date=20251226T165553, end_date=20251226T165553
[2025-12-26T22:25:53.574+0530] {local_task_job_runner.py:243} INFO - Task exited with return code 0
[2025-12-26T22:25:53.592+0530] {taskinstance.py:3503} INFO - 0 downstream tasks scheduled from follow-on schedule check
[2025-12-26T22:25:53.592+0530] {local_task_job_runner.py:222} INFO - ::endgroup::
[2026-03-10T23:15:19.342+0530] {local_task_job_runner.py:120} INFO - ::group::Pre task execution logs
[2026-03-10T23:15:19.375+0530] {taskinstance.py:2076} INFO - Dependencies all met for dep_context=non-requeueable deps ti=<TaskInstance: example_dynamic_task_mapping.add_one scheduled__2022-06-04T00:00:00+00:00 map_index=0 [queued]>
[2026-03-10T23:15:19.381+0530] {taskinstance.py:2076} INFO - Dependencies all met for dep_context=requeueable deps ti=<TaskInstance: example_dynamic_task_mapping.add_one scheduled__2022-06-04T00:00:00+00:00 map_index=0 [queued]>
[2026-03-10T23:15:19.381+0530] {taskinstance.py:2306} INFO - Starting attempt 1 of 1
[2026-03-10T23:15:19.402+0530] {taskinstance.py:2330} INFO - Executing <Mapped(_PythonDecoratedOperator): add_one> on 2022-06-04 00:00:00+00:00
[2026-03-10T23:15:19.408+0530] {standard_task_runner.py:64} INFO - Started process 8445 to run task
[2026-03-10T23:15:19.413+0530] {standard_task_runner.py:90} INFO - Running: ['airflow', 'tasks', 'run', 'example_dynamic_task_mapping', 'add_one', 'scheduled__2022-06-04T00:00:00+00:00', '--job-id', '735', '--raw', '--subdir', '/home/sathya/projects/training-kit/.venv-airflow/lib/python3.10/site-packages/airflow/example_dags/example_dynamic_task_mapping.py', '--cfg-path', '/tmp/tmp5eixq_f9', '--map-index', '0']
[2026-03-10T23:15:19.416+0530] {standard_task_runner.py:91} INFO - Job 735: Subtask add_one
[2026-03-10T23:15:19.467+0530] {task_command.py:426} INFO - Running <TaskInstance: example_dynamic_task_mapping.add_one scheduled__2022-06-04T00:00:00+00:00 map_index=0 [running]> on host LAPTOP-A1PMOBSE.localdomain
[2026-03-10T23:15:19.560+0530] {taskinstance.py:2648} INFO - Exporting env vars: AIRFLOW_CTX_DAG_OWNER='airflow' AIRFLOW_CTX_DAG_ID='example_dynamic_task_mapping' AIRFLOW_CTX_TASK_ID='add_one' AIRFLOW_CTX_EXECUTION_DATE='2022-06-04T00:00:00+00:00' AIRFLOW_CTX_TRY_NUMBER='1' AIRFLOW_CTX_DAG_RUN_ID='scheduled__2022-06-04T00:00:00+00:00'
[2026-03-10T23:15:19.562+0530] {taskinstance.py:430} INFO - ::endgroup::
[2026-03-10T23:15:19.562+0530] {python.py:237} INFO - Done. Returned value was: 2
[2026-03-10T23:15:19.562+0530] {taskinstance.py:441} INFO - ::group::Post task execution logs
[2026-03-10T23:15:19.588+0530] {taskinstance.py:1206} INFO - Marking task as SUCCESS. dag_id=example_dynamic_task_mapping, task_id=add_one, run_id=scheduled__2022-06-04T00:00:00+00:00, map_index=0, execution_date=20220604T000000, start_date=20260310T174519, end_date=20260310T174519
[2026-03-10T23:15:19.639+0530] {local_task_job_runner.py:243} INFO - Task exited with return code 0
[2026-03-10T23:15:19.681+0530] {taskinstance.py:3503} INFO - 0 downstream tasks scheduled from follow-on schedule check
[2026-03-10T23:15:19.682+0530] {local_task_job_runner.py:222} INFO - ::endgroup::
