[2025-12-26T22:25:22.358+0530] {local_task_job_runner.py:120} INFO - ::group::Pre task execution logs
[2025-12-26T22:25:22.401+0530] {taskinstance.py:2076} INFO - Dependencies all met for dep_context=non-requeueable deps ti=<TaskInstance: example_dynamic_task_mapping.add_one scheduled__2022-05-30T00:00:00+00:00 map_index=2 [queued]>
[2025-12-26T22:25:22.406+0530] {taskinstance.py:2076} INFO - Dependencies all met for dep_context=requeueable deps ti=<TaskInstance: example_dynamic_task_mapping.add_one scheduled__2022-05-30T00:00:00+00:00 map_index=2 [queued]>
[2025-12-26T22:25:22.407+0530] {taskinstance.py:2306} INFO - Starting attempt 1 of 1
[2025-12-26T22:25:22.422+0530] {taskinstance.py:2330} INFO - Executing <Mapped(_PythonDecoratedOperator): add_one> on 2022-05-30 00:00:00+00:00
[2025-12-26T22:25:22.425+0530] {standard_task_runner.py:64} INFO - Started process 6498 to run task
[2025-12-26T22:25:22.429+0530] {standard_task_runner.py:90} INFO - Running: ['airflow', 'tasks', 'run', 'example_dynamic_task_mapping', 'add_one', 'scheduled__2022-05-30T00:00:00+00:00', '--job-id', '581', '--raw', '--subdir', '/home/sathya/projects/training-kit/.venv-airflow/lib/python3.10/site-packages/airflow/example_dags/example_dynamic_task_mapping.py', '--cfg-path', '/tmp/tmpmoiyf2ri', '--map-index', '2']
[2025-12-26T22:25:22.430+0530] {standard_task_runner.py:91} INFO - Job 581: Subtask add_one
[2025-12-26T22:25:22.472+0530] {task_command.py:426} INFO - Running <TaskInstance: example_dynamic_task_mapping.add_one scheduled__2022-05-30T00:00:00+00:00 map_index=2 [running]> on host LAPTOP-A1PMOBSE.localdomain
[2025-12-26T22:25:22.524+0530] {taskinstance.py:2648} INFO - Exporting env vars: AIRFLOW_CTX_DAG_OWNER='airflow' AIRFLOW_CTX_DAG_ID='example_dynamic_task_mapping' AIRFLOW_CTX_TASK_ID='add_one' AIRFLOW_CTX_EXECUTION_DATE='2022-05-30T00:00:00+00:00' AIRFLOW_CTX_TRY_NUMBER='1' AIRFLOW_CTX_DAG_RUN_ID='scheduled__2022-05-30T00:00:00+00:00'
[2025-12-26T22:25:22.524+0530] {taskinstance.py:430} INFO - ::endgroup::
[2025-12-26T22:25:22.524+0530] {python.py:237} INFO - Done. Returned value was: 4
[2025-12-26T22:25:22.525+0530] {taskinstance.py:441} INFO - ::group::Post task execution logs
[2025-12-26T22:25:22.539+0530] {taskinstance.py:1206} INFO - Marking task as SUCCESS. dag_id=example_dynamic_task_mapping, task_id=add_one, run_id=scheduled__2022-05-30T00:00:00+00:00, map_index=2, execution_date=20220530T000000, start_date=20251226T165522, end_date=20251226T165522
[2025-12-26T22:25:22.561+0530] {local_task_job_runner.py:243} INFO - Task exited with return code 0
[2025-12-26T22:25:22.575+0530] {taskinstance.py:3503} INFO - 1 downstream tasks scheduled from follow-on schedule check
[2025-12-26T22:25:22.583+0530] {local_task_job_runner.py:222} INFO - ::endgroup::
[2026-03-10T23:14:10.845+0530] {local_task_job_runner.py:120} INFO - ::group::Pre task execution logs
[2026-03-10T23:14:10.896+0530] {taskinstance.py:2076} INFO - Dependencies all met for dep_context=non-requeueable deps ti=<TaskInstance: example_dynamic_task_mapping.add_one scheduled__2022-05-30T00:00:00+00:00 map_index=2 [queued]>
[2026-03-10T23:14:10.911+0530] {taskinstance.py:2076} INFO - Dependencies all met for dep_context=requeueable deps ti=<TaskInstance: example_dynamic_task_mapping.add_one scheduled__2022-05-30T00:00:00+00:00 map_index=2 [queued]>
[2026-03-10T23:14:10.912+0530] {taskinstance.py:2306} INFO - Starting attempt 1 of 1
[2026-03-10T23:14:10.963+0530] {taskinstance.py:2330} INFO - Executing <Mapped(_PythonDecoratedOperator): add_one> on 2022-05-30 00:00:00+00:00
[2026-03-10T23:14:10.978+0530] {standard_task_runner.py:64} INFO - Started process 8212 to run task
[2026-03-10T23:14:10.989+0530] {standard_task_runner.py:90} INFO - Running: ['airflow', 'tasks', 'run', 'example_dynamic_task_mapping', 'add_one', 'scheduled__2022-05-30T00:00:00+00:00', '--job-id', '712', '--raw', '--subdir', '/home/sathya/projects/training-kit/.venv-airflow/lib/python3.10/site-packages/airflow/example_dags/example_dynamic_task_mapping.py', '--cfg-path', '/tmp/tmp80n2rbnl', '--map-index', '2']
[2026-03-10T23:14:10.992+0530] {standard_task_runner.py:91} INFO - Job 712: Subtask add_one
[2026-03-10T23:14:11.056+0530] {task_command.py:426} INFO - Running <TaskInstance: example_dynamic_task_mapping.add_one scheduled__2022-05-30T00:00:00+00:00 map_index=2 [running]> on host LAPTOP-A1PMOBSE.localdomain
[2026-03-10T23:14:11.173+0530] {taskinstance.py:2648} INFO - Exporting env vars: AIRFLOW_CTX_DAG_OWNER='airflow' AIRFLOW_CTX_DAG_ID='example_dynamic_task_mapping' AIRFLOW_CTX_TASK_ID='add_one' AIRFLOW_CTX_EXECUTION_DATE='2022-05-30T00:00:00+00:00' AIRFLOW_CTX_TRY_NUMBER='1' AIRFLOW_CTX_DAG_RUN_ID='scheduled__2022-05-30T00:00:00+00:00'
[2026-03-10T23:14:11.175+0530] {taskinstance.py:430} INFO - ::endgroup::
[2026-03-10T23:14:11.176+0530] {python.py:237} INFO - Done. Returned value was: 4
[2026-03-10T23:14:11.176+0530] {taskinstance.py:441} INFO - ::group::Post task execution logs
[2026-03-10T23:14:11.201+0530] {taskinstance.py:1206} INFO - Marking task as SUCCESS. dag_id=example_dynamic_task_mapping, task_id=add_one, run_id=scheduled__2022-05-30T00:00:00+00:00, map_index=2, execution_date=20220530T000000, start_date=20260310T174410, end_date=20260310T174411
[2026-03-10T23:14:11.259+0530] {local_task_job_runner.py:243} INFO - Task exited with return code 0
[2026-03-10T23:14:11.343+0530] {taskinstance.py:3503} INFO - 1 downstream tasks scheduled from follow-on schedule check
[2026-03-10T23:14:11.368+0530] {local_task_job_runner.py:222} INFO - ::endgroup::
