[2025-12-27T20:29:17.737+0530] {local_task_job_runner.py:120} INFO - ::group::Pre task execution logs
[2025-12-27T20:29:17.765+0530] {taskinstance.py:2076} INFO - Dependencies all met for dep_context=non-requeueable deps ti=<TaskInstance: example_branch_dop_operator_v3.should_run scheduled__2025-12-27T14:58:00+00:00 [queued]>
[2025-12-27T20:29:17.771+0530] {taskinstance.py:2076} INFO - Dependencies all met for dep_context=requeueable deps ti=<TaskInstance: example_branch_dop_operator_v3.should_run scheduled__2025-12-27T14:58:00+00:00 [queued]>
[2025-12-27T20:29:17.771+0530] {taskinstance.py:2306} INFO - Starting attempt 1 of 1
[2025-12-27T20:29:17.786+0530] {taskinstance.py:2330} INFO - Executing <Task(_BranchPythonDecoratedOperator): should_run> on 2025-12-27 14:58:00+00:00
[2025-12-27T20:29:17.790+0530] {standard_task_runner.py:64} INFO - Started process 3649 to run task
[2025-12-27T20:29:17.794+0530] {standard_task_runner.py:90} INFO - Running: ['airflow', 'tasks', 'run', 'example_branch_dop_operator_v3', 'should_run', 'scheduled__2025-12-27T14:58:00+00:00', '--job-id', '2617', '--raw', '--subdir', '/home/sathya/projects/training-kit/.venv-airflow/lib/python3.10/site-packages/airflow/example_dags/example_branch_python_dop_operator_3.py', '--cfg-path', '/tmp/tmp849qgjsg']
[2025-12-27T20:29:17.796+0530] {standard_task_runner.py:91} INFO - Job 2617: Subtask should_run
[2025-12-27T20:29:17.834+0530] {task_command.py:426} INFO - Running <TaskInstance: example_branch_dop_operator_v3.should_run scheduled__2025-12-27T14:58:00+00:00 [running]> on host LAPTOP-A1PMOBSE.localdomain
[2025-12-27T20:29:17.911+0530] {taskinstance.py:2648} INFO - Exporting env vars: AIRFLOW_CTX_DAG_OWNER='airflow' AIRFLOW_CTX_DAG_ID='example_branch_dop_operator_v3' AIRFLOW_CTX_TASK_ID='should_run' AIRFLOW_CTX_EXECUTION_DATE='2025-12-27T14:58:00+00:00' AIRFLOW_CTX_TRY_NUMBER='1' AIRFLOW_CTX_DAG_RUN_ID='scheduled__2025-12-27T14:58:00+00:00'
[2025-12-27T20:29:17.912+0530] {taskinstance.py:430} INFO - ::endgroup::
[2025-12-27T20:29:17.918+0530] {logging_mixin.py:188} WARNING - /home/sathya/projects/training-kit/.venv-airflow/lib/python3.10/site-packages/airflow/utils/context.py:320 AirflowContextDeprecationWarning: Accessing 'execution_date' from the template is deprecated and will be removed in a future version. Please use 'data_interval_start' or 'logical_date' instead.
[2025-12-27T20:29:17.918+0530] {logging_mixin.py:188} INFO - ------------- exec dttm = 2025-12-27 14:58:00+00:00 and minute = 58
[2025-12-27T20:29:17.918+0530] {python.py:237} INFO - Done. Returned value was: empty_task_1
[2025-12-27T20:29:17.918+0530] {branch.py:36} INFO - Branch into empty_task_1
[2025-12-27T20:29:17.918+0530] {skipmixin.py:178} INFO - Following branch empty_task_1
[2025-12-27T20:29:17.922+0530] {skipmixin.py:246} INFO - Skipping tasks [('empty_task_2', -1)]
[2025-12-27T20:29:17.946+0530] {taskinstance.py:441} INFO - ::group::Post task execution logs
[2025-12-27T20:29:17.963+0530] {taskinstance.py:1206} INFO - Marking task as SUCCESS. dag_id=example_branch_dop_operator_v3, task_id=should_run, run_id=scheduled__2025-12-27T14:58:00+00:00, execution_date=20251227T145800, start_date=20251227T145917, end_date=20251227T145917
[2025-12-27T20:29:18.008+0530] {local_task_job_runner.py:243} INFO - Task exited with return code 0
[2025-12-27T20:29:18.031+0530] {taskinstance.py:3503} INFO - 0 downstream tasks scheduled from follow-on schedule check
[2025-12-27T20:29:18.032+0530] {local_task_job_runner.py:222} INFO - ::endgroup::
