[2026-03-11T22:27:20.192+0530] {processor.py:161} INFO - Started process (PID=7459) to work on /home/sathya/projects/training-kit/.venv-airflow/lib/python3.10/site-packages/airflow/example_dags/example_branch_day_of_week_operator.py
[2026-03-11T22:27:20.194+0530] {processor.py:830} INFO - Processing file /home/sathya/projects/training-kit/.venv-airflow/lib/python3.10/site-packages/airflow/example_dags/example_branch_day_of_week_operator.py for tasks to queue
[2026-03-11T22:27:20.196+0530] {logging_mixin.py:188} INFO - [2026-03-11T22:27:20.195+0530] {dagbag.py:545} INFO - Filling up the DagBag from /home/sathya/projects/training-kit/.venv-airflow/lib/python3.10/site-packages/airflow/example_dags/example_branch_day_of_week_operator.py
[2026-03-11T22:27:20.209+0530] {processor.py:840} INFO - DAG(s) 'example_weekday_branch_operator' retrieved from /home/sathya/projects/training-kit/.venv-airflow/lib/python3.10/site-packages/airflow/example_dags/example_branch_day_of_week_operator.py
[2026-03-11T22:27:20.225+0530] {logging_mixin.py:188} INFO - [2026-03-11T22:27:20.225+0530] {dag.py:3089} INFO - Sync 1 DAGs
[2026-03-11T22:27:20.240+0530] {logging_mixin.py:188} INFO - [2026-03-11T22:27:20.239+0530] {dag.py:3947} INFO - Setting next_dagrun for example_weekday_branch_operator to 2026-03-11 00:00:00+00:00, run_after=2026-03-12 00:00:00+00:00
[2026-03-11T22:27:20.264+0530] {processor.py:183} INFO - Processing /home/sathya/projects/training-kit/.venv-airflow/lib/python3.10/site-packages/airflow/example_dags/example_branch_day_of_week_operator.py took 0.087 seconds
[2026-03-11T22:38:02.617+0530] {processor.py:161} INFO - Started process (PID=8949) to work on /home/sathya/projects/training-kit/.venv-airflow/lib/python3.10/site-packages/airflow/example_dags/example_branch_day_of_week_operator.py
[2026-03-11T22:38:02.618+0530] {processor.py:830} INFO - Processing file /home/sathya/projects/training-kit/.venv-airflow/lib/python3.10/site-packages/airflow/example_dags/example_branch_day_of_week_operator.py for tasks to queue
[2026-03-11T22:38:02.621+0530] {logging_mixin.py:188} INFO - [2026-03-11T22:38:02.620+0530] {dagbag.py:545} INFO - Filling up the DagBag from /home/sathya/projects/training-kit/.venv-airflow/lib/python3.10/site-packages/airflow/example_dags/example_branch_day_of_week_operator.py
[2026-03-11T22:38:02.628+0530] {processor.py:840} INFO - DAG(s) 'example_weekday_branch_operator' retrieved from /home/sathya/projects/training-kit/.venv-airflow/lib/python3.10/site-packages/airflow/example_dags/example_branch_day_of_week_operator.py
[2026-03-11T22:38:02.642+0530] {logging_mixin.py:188} INFO - [2026-03-11T22:38:02.642+0530] {dag.py:3089} INFO - Sync 1 DAGs
[2026-03-11T22:38:02.656+0530] {logging_mixin.py:188} INFO - [2026-03-11T22:38:02.656+0530] {dag.py:3947} INFO - Setting next_dagrun for example_weekday_branch_operator to 2026-03-11 00:00:00+00:00, run_after=2026-03-12 00:00:00+00:00
[2026-03-11T22:38:02.674+0530] {processor.py:183} INFO - Processing /home/sathya/projects/training-kit/.venv-airflow/lib/python3.10/site-packages/airflow/example_dags/example_branch_day_of_week_operator.py took 0.062 seconds
[2026-03-11T22:45:12.793+0530] {processor.py:161} INFO - Started process (PID=10049) to work on /home/sathya/projects/training-kit/.venv-airflow/lib/python3.10/site-packages/airflow/example_dags/example_branch_day_of_week_operator.py
[2026-03-11T22:45:12.794+0530] {processor.py:830} INFO - Processing file /home/sathya/projects/training-kit/.venv-airflow/lib/python3.10/site-packages/airflow/example_dags/example_branch_day_of_week_operator.py for tasks to queue
[2026-03-11T22:45:12.796+0530] {logging_mixin.py:188} INFO - [2026-03-11T22:45:12.795+0530] {dagbag.py:545} INFO - Filling up the DagBag from /home/sathya/projects/training-kit/.venv-airflow/lib/python3.10/site-packages/airflow/example_dags/example_branch_day_of_week_operator.py
[2026-03-11T22:45:12.803+0530] {processor.py:840} INFO - DAG(s) 'example_weekday_branch_operator' retrieved from /home/sathya/projects/training-kit/.venv-airflow/lib/python3.10/site-packages/airflow/example_dags/example_branch_day_of_week_operator.py
[2026-03-11T22:45:12.817+0530] {logging_mixin.py:188} INFO - [2026-03-11T22:45:12.816+0530] {dag.py:3089} INFO - Sync 1 DAGs
[2026-03-11T22:45:12.833+0530] {logging_mixin.py:188} INFO - [2026-03-11T22:45:12.832+0530] {dag.py:3947} INFO - Setting next_dagrun for example_weekday_branch_operator to 2026-03-11 00:00:00+00:00, run_after=2026-03-12 00:00:00+00:00
[2026-03-11T22:45:12.855+0530] {processor.py:183} INFO - Processing /home/sathya/projects/training-kit/.venv-airflow/lib/python3.10/site-packages/airflow/example_dags/example_branch_day_of_week_operator.py took 0.068 seconds
[2026-03-11T22:51:44.596+0530] {processor.py:161} INFO - Started process (PID=11222) to work on /home/sathya/projects/training-kit/.venv-airflow/lib/python3.10/site-packages/airflow/example_dags/example_branch_day_of_week_operator.py
[2026-03-11T22:51:44.597+0530] {processor.py:830} INFO - Processing file /home/sathya/projects/training-kit/.venv-airflow/lib/python3.10/site-packages/airflow/example_dags/example_branch_day_of_week_operator.py for tasks to queue
[2026-03-11T22:51:44.599+0530] {logging_mixin.py:188} INFO - [2026-03-11T22:51:44.599+0530] {dagbag.py:545} INFO - Filling up the DagBag from /home/sathya/projects/training-kit/.venv-airflow/lib/python3.10/site-packages/airflow/example_dags/example_branch_day_of_week_operator.py
[2026-03-11T22:51:44.606+0530] {processor.py:840} INFO - DAG(s) 'example_weekday_branch_operator' retrieved from /home/sathya/projects/training-kit/.venv-airflow/lib/python3.10/site-packages/airflow/example_dags/example_branch_day_of_week_operator.py
[2026-03-11T22:51:44.621+0530] {logging_mixin.py:188} INFO - [2026-03-11T22:51:44.621+0530] {dag.py:3089} INFO - Sync 1 DAGs
[2026-03-11T22:51:44.634+0530] {logging_mixin.py:188} INFO - [2026-03-11T22:51:44.634+0530] {dag.py:3947} INFO - Setting next_dagrun for example_weekday_branch_operator to 2026-03-11 00:00:00+00:00, run_after=2026-03-12 00:00:00+00:00
[2026-03-11T22:51:44.656+0530] {processor.py:183} INFO - Processing /home/sathya/projects/training-kit/.venv-airflow/lib/python3.10/site-packages/airflow/example_dags/example_branch_day_of_week_operator.py took 0.068 seconds
[2026-03-11T23:05:21.102+0530] {processor.py:161} INFO - Started process (PID=13502) to work on /home/sathya/projects/training-kit/.venv-airflow/lib/python3.10/site-packages/airflow/example_dags/example_branch_day_of_week_operator.py
[2026-03-11T23:05:21.103+0530] {processor.py:830} INFO - Processing file /home/sathya/projects/training-kit/.venv-airflow/lib/python3.10/site-packages/airflow/example_dags/example_branch_day_of_week_operator.py for tasks to queue
[2026-03-11T23:05:21.105+0530] {logging_mixin.py:188} INFO - [2026-03-11T23:05:21.105+0530] {dagbag.py:545} INFO - Filling up the DagBag from /home/sathya/projects/training-kit/.venv-airflow/lib/python3.10/site-packages/airflow/example_dags/example_branch_day_of_week_operator.py
[2026-03-11T23:05:21.111+0530] {processor.py:840} INFO - DAG(s) 'example_weekday_branch_operator' retrieved from /home/sathya/projects/training-kit/.venv-airflow/lib/python3.10/site-packages/airflow/example_dags/example_branch_day_of_week_operator.py
[2026-03-11T23:05:21.124+0530] {logging_mixin.py:188} INFO - [2026-03-11T23:05:21.124+0530] {dag.py:3089} INFO - Sync 1 DAGs
[2026-03-11T23:05:21.138+0530] {logging_mixin.py:188} INFO - [2026-03-11T23:05:21.138+0530] {dag.py:3947} INFO - Setting next_dagrun for example_weekday_branch_operator to 2026-03-11 00:00:00+00:00, run_after=2026-03-12 00:00:00+00:00
[2026-03-11T23:05:21.159+0530] {processor.py:183} INFO - Processing /home/sathya/projects/training-kit/.venv-airflow/lib/python3.10/site-packages/airflow/example_dags/example_branch_day_of_week_operator.py took 0.063 seconds
