[2026-03-11T22:18:05.584+0530] {processor.py:161} INFO - Started process (PID=6028) to work on /home/sathya/projects/training-kit/.venv-airflow/lib/python3.10/site-packages/airflow/example_dags/example_sla_dag.py
[2026-03-11T22:18:05.585+0530] {processor.py:830} INFO - Processing file /home/sathya/projects/training-kit/.venv-airflow/lib/python3.10/site-packages/airflow/example_dags/example_sla_dag.py for tasks to queue
[2026-03-11T22:18:05.586+0530] {logging_mixin.py:188} INFO - [2026-03-11T22:18:05.586+0530] {dagbag.py:545} INFO - Filling up the DagBag from /home/sathya/projects/training-kit/.venv-airflow/lib/python3.10/site-packages/airflow/example_dags/example_sla_dag.py
[2026-03-11T22:18:05.597+0530] {processor.py:840} INFO - DAG(s) 'example_sla_dag' retrieved from /home/sathya/projects/training-kit/.venv-airflow/lib/python3.10/site-packages/airflow/example_dags/example_sla_dag.py
[2026-03-11T22:18:05.598+0530] {logging_mixin.py:188} INFO - [2026-03-11T22:18:05.598+0530] {dagbag.py:545} INFO - Filling up the DagBag from /home/sathya/projects/training-kit/.venv-airflow/lib/python3.10/site-packages/airflow/example_dags/example_sla_dag.py
[2026-03-11T22:18:05.610+0530] {logging_mixin.py:188} INFO - [2026-03-11T22:18:05.609+0530] {processor.py:431} INFO - Running SLA Checks for example_sla_dag
[2026-03-11T22:18:05.648+0530] {logging_mixin.py:188} INFO - [2026-03-11T22:18:05.648+0530] {dag.py:3089} INFO - Sync 1 DAGs
[2026-03-11T22:18:05.665+0530] {logging_mixin.py:188} INFO - [2026-03-11T22:18:05.665+0530] {dag.py:3947} INFO - Setting next_dagrun for example_sla_dag to 2026-03-11 16:48:00+00:00, run_after=2026-03-11 16:50:00+00:00
[2026-03-11T22:18:05.688+0530] {processor.py:183} INFO - Processing /home/sathya/projects/training-kit/.venv-airflow/lib/python3.10/site-packages/airflow/example_dags/example_sla_dag.py took 0.110 seconds
[2026-03-11T22:33:14.636+0530] {processor.py:161} INFO - Started process (PID=8229) to work on /home/sathya/projects/training-kit/.venv-airflow/lib/python3.10/site-packages/airflow/example_dags/example_sla_dag.py
[2026-03-11T22:33:14.638+0530] {processor.py:830} INFO - Processing file /home/sathya/projects/training-kit/.venv-airflow/lib/python3.10/site-packages/airflow/example_dags/example_sla_dag.py for tasks to queue
[2026-03-11T22:33:14.640+0530] {logging_mixin.py:188} INFO - [2026-03-11T22:33:14.640+0530] {dagbag.py:545} INFO - Filling up the DagBag from /home/sathya/projects/training-kit/.venv-airflow/lib/python3.10/site-packages/airflow/example_dags/example_sla_dag.py
[2026-03-11T22:33:14.648+0530] {processor.py:840} INFO - DAG(s) 'example_sla_dag' retrieved from /home/sathya/projects/training-kit/.venv-airflow/lib/python3.10/site-packages/airflow/example_dags/example_sla_dag.py
[2026-03-11T22:33:14.648+0530] {logging_mixin.py:188} INFO - [2026-03-11T22:33:14.648+0530] {dagbag.py:545} INFO - Filling up the DagBag from /home/sathya/projects/training-kit/.venv-airflow/lib/python3.10/site-packages/airflow/example_dags/example_sla_dag.py
[2026-03-11T22:33:14.659+0530] {logging_mixin.py:188} INFO - [2026-03-11T22:33:14.659+0530] {processor.py:431} INFO - Running SLA Checks for example_sla_dag
[2026-03-11T22:33:14.689+0530] {logging_mixin.py:188} INFO - [2026-03-11T22:33:14.689+0530] {dag.py:3089} INFO - Sync 1 DAGs
[2026-03-11T22:33:14.700+0530] {logging_mixin.py:188} INFO - [2026-03-11T22:33:14.700+0530] {dag.py:3947} INFO - Setting next_dagrun for example_sla_dag to 2026-03-11 17:02:00+00:00, run_after=2026-03-11 17:04:00+00:00
[2026-03-11T22:33:14.726+0530] {processor.py:183} INFO - Processing /home/sathya/projects/training-kit/.venv-airflow/lib/python3.10/site-packages/airflow/example_dags/example_sla_dag.py took 0.095 seconds
[2026-03-11T22:41:29.050+0530] {processor.py:161} INFO - Started process (PID=9465) to work on /home/sathya/projects/training-kit/.venv-airflow/lib/python3.10/site-packages/airflow/example_dags/example_sla_dag.py
[2026-03-11T22:41:29.052+0530] {processor.py:830} INFO - Processing file /home/sathya/projects/training-kit/.venv-airflow/lib/python3.10/site-packages/airflow/example_dags/example_sla_dag.py for tasks to queue
[2026-03-11T22:41:29.053+0530] {logging_mixin.py:188} INFO - [2026-03-11T22:41:29.053+0530] {dagbag.py:545} INFO - Filling up the DagBag from /home/sathya/projects/training-kit/.venv-airflow/lib/python3.10/site-packages/airflow/example_dags/example_sla_dag.py
[2026-03-11T22:41:29.061+0530] {processor.py:840} INFO - DAG(s) 'example_sla_dag' retrieved from /home/sathya/projects/training-kit/.venv-airflow/lib/python3.10/site-packages/airflow/example_dags/example_sla_dag.py
[2026-03-11T22:41:29.061+0530] {logging_mixin.py:188} INFO - [2026-03-11T22:41:29.061+0530] {dagbag.py:545} INFO - Filling up the DagBag from /home/sathya/projects/training-kit/.venv-airflow/lib/python3.10/site-packages/airflow/example_dags/example_sla_dag.py
[2026-03-11T22:41:29.071+0530] {logging_mixin.py:188} INFO - [2026-03-11T22:41:29.071+0530] {processor.py:431} INFO - Running SLA Checks for example_sla_dag
[2026-03-11T22:41:29.097+0530] {logging_mixin.py:188} INFO - [2026-03-11T22:41:29.097+0530] {dag.py:3089} INFO - Sync 1 DAGs
[2026-03-11T22:41:29.110+0530] {logging_mixin.py:188} INFO - [2026-03-11T22:41:29.110+0530] {dag.py:3947} INFO - Setting next_dagrun for example_sla_dag to 2026-03-11 17:10:00+00:00, run_after=2026-03-11 17:12:00+00:00
[2026-03-11T22:41:29.141+0530] {processor.py:183} INFO - Processing /home/sathya/projects/training-kit/.venv-airflow/lib/python3.10/site-packages/airflow/example_dags/example_sla_dag.py took 0.096 seconds
[2026-03-11T22:47:59.520+0530] {processor.py:161} INFO - Started process (PID=10586) to work on /home/sathya/projects/training-kit/.venv-airflow/lib/python3.10/site-packages/airflow/example_dags/example_sla_dag.py
[2026-03-11T22:47:59.526+0530] {processor.py:830} INFO - Processing file /home/sathya/projects/training-kit/.venv-airflow/lib/python3.10/site-packages/airflow/example_dags/example_sla_dag.py for tasks to queue
[2026-03-11T22:47:59.528+0530] {logging_mixin.py:188} INFO - [2026-03-11T22:47:59.528+0530] {dagbag.py:545} INFO - Filling up the DagBag from /home/sathya/projects/training-kit/.venv-airflow/lib/python3.10/site-packages/airflow/example_dags/example_sla_dag.py
[2026-03-11T22:47:59.534+0530] {processor.py:840} INFO - DAG(s) 'example_sla_dag' retrieved from /home/sathya/projects/training-kit/.venv-airflow/lib/python3.10/site-packages/airflow/example_dags/example_sla_dag.py
[2026-03-11T22:47:59.534+0530] {logging_mixin.py:188} INFO - [2026-03-11T22:47:59.534+0530] {dagbag.py:545} INFO - Filling up the DagBag from /home/sathya/projects/training-kit/.venv-airflow/lib/python3.10/site-packages/airflow/example_dags/example_sla_dag.py
[2026-03-11T22:47:59.544+0530] {logging_mixin.py:188} INFO - [2026-03-11T22:47:59.544+0530] {processor.py:431} INFO - Running SLA Checks for example_sla_dag
[2026-03-11T22:47:59.567+0530] {logging_mixin.py:188} INFO - [2026-03-11T22:47:59.566+0530] {dag.py:3089} INFO - Sync 1 DAGs
[2026-03-11T22:47:59.577+0530] {logging_mixin.py:188} INFO - [2026-03-11T22:47:59.577+0530] {dag.py:3947} INFO - Setting next_dagrun for example_sla_dag to 2026-03-11 17:16:00+00:00, run_after=2026-03-11 17:18:00+00:00
[2026-03-11T22:47:59.597+0530] {processor.py:183} INFO - Processing /home/sathya/projects/training-kit/.venv-airflow/lib/python3.10/site-packages/airflow/example_dags/example_sla_dag.py took 0.082 seconds
[2026-03-11T22:54:02.364+0530] {processor.py:161} INFO - Started process (PID=11618) to work on /home/sathya/projects/training-kit/.venv-airflow/lib/python3.10/site-packages/airflow/example_dags/example_sla_dag.py
[2026-03-11T22:54:02.365+0530] {processor.py:830} INFO - Processing file /home/sathya/projects/training-kit/.venv-airflow/lib/python3.10/site-packages/airflow/example_dags/example_sla_dag.py for tasks to queue
[2026-03-11T22:54:02.367+0530] {logging_mixin.py:188} INFO - [2026-03-11T22:54:02.367+0530] {dagbag.py:545} INFO - Filling up the DagBag from /home/sathya/projects/training-kit/.venv-airflow/lib/python3.10/site-packages/airflow/example_dags/example_sla_dag.py
[2026-03-11T22:54:02.376+0530] {processor.py:840} INFO - DAG(s) 'example_sla_dag' retrieved from /home/sathya/projects/training-kit/.venv-airflow/lib/python3.10/site-packages/airflow/example_dags/example_sla_dag.py
[2026-03-11T22:54:02.377+0530] {logging_mixin.py:188} INFO - [2026-03-11T22:54:02.377+0530] {dagbag.py:545} INFO - Filling up the DagBag from /home/sathya/projects/training-kit/.venv-airflow/lib/python3.10/site-packages/airflow/example_dags/example_sla_dag.py
[2026-03-11T22:54:02.388+0530] {logging_mixin.py:188} INFO - [2026-03-11T22:54:02.388+0530] {processor.py:431} INFO - Running SLA Checks for example_sla_dag
[2026-03-11T22:54:02.417+0530] {logging_mixin.py:188} INFO - [2026-03-11T22:54:02.417+0530] {dag.py:3089} INFO - Sync 1 DAGs
[2026-03-11T22:54:02.429+0530] {logging_mixin.py:188} INFO - [2026-03-11T22:54:02.429+0530] {dag.py:3947} INFO - Setting next_dagrun for example_sla_dag to 2026-03-11 17:24:00+00:00, run_after=2026-03-11 17:26:00+00:00
[2026-03-11T22:54:02.511+0530] {processor.py:183} INFO - Processing /home/sathya/projects/training-kit/.venv-airflow/lib/python3.10/site-packages/airflow/example_dags/example_sla_dag.py took 0.154 seconds
[2026-03-11T23:01:04.340+0530] {processor.py:161} INFO - Started process (PID=12765) to work on /home/sathya/projects/training-kit/.venv-airflow/lib/python3.10/site-packages/airflow/example_dags/example_sla_dag.py
[2026-03-11T23:01:04.341+0530] {processor.py:830} INFO - Processing file /home/sathya/projects/training-kit/.venv-airflow/lib/python3.10/site-packages/airflow/example_dags/example_sla_dag.py for tasks to queue
[2026-03-11T23:01:04.343+0530] {logging_mixin.py:188} INFO - [2026-03-11T23:01:04.343+0530] {dagbag.py:545} INFO - Filling up the DagBag from /home/sathya/projects/training-kit/.venv-airflow/lib/python3.10/site-packages/airflow/example_dags/example_sla_dag.py
[2026-03-11T23:01:04.350+0530] {processor.py:840} INFO - DAG(s) 'example_sla_dag' retrieved from /home/sathya/projects/training-kit/.venv-airflow/lib/python3.10/site-packages/airflow/example_dags/example_sla_dag.py
[2026-03-11T23:01:04.351+0530] {logging_mixin.py:188} INFO - [2026-03-11T23:01:04.351+0530] {dagbag.py:545} INFO - Filling up the DagBag from /home/sathya/projects/training-kit/.venv-airflow/lib/python3.10/site-packages/airflow/example_dags/example_sla_dag.py
[2026-03-11T23:01:04.364+0530] {logging_mixin.py:188} INFO - [2026-03-11T23:01:04.363+0530] {processor.py:431} INFO - Running SLA Checks for example_sla_dag
[2026-03-11T23:01:04.389+0530] {logging_mixin.py:188} INFO - [2026-03-11T23:01:04.389+0530] {dag.py:3089} INFO - Sync 1 DAGs
[2026-03-11T23:01:04.499+0530] {logging_mixin.py:188} INFO - [2026-03-11T23:01:04.499+0530] {dag.py:3947} INFO - Setting next_dagrun for example_sla_dag to 2026-03-11 17:30:00+00:00, run_after=2026-03-11 17:32:00+00:00
[2026-03-11T23:01:04.536+0530] {processor.py:183} INFO - Processing /home/sathya/projects/training-kit/.venv-airflow/lib/python3.10/site-packages/airflow/example_dags/example_sla_dag.py took 0.203 seconds
