[2026-03-11T22:26:50.073+0530] {processor.py:161} INFO - Started process (PID=7411) to work on /home/sathya/projects/training-kit/.venv-airflow/lib/python3.10/site-packages/airflow/example_dags/example_branch_labels.py
[2026-03-11T22:26:50.074+0530] {processor.py:830} INFO - Processing file /home/sathya/projects/training-kit/.venv-airflow/lib/python3.10/site-packages/airflow/example_dags/example_branch_labels.py for tasks to queue
[2026-03-11T22:26:50.075+0530] {logging_mixin.py:188} INFO - [2026-03-11T22:26:50.075+0530] {dagbag.py:545} INFO - Filling up the DagBag from /home/sathya/projects/training-kit/.venv-airflow/lib/python3.10/site-packages/airflow/example_dags/example_branch_labels.py
[2026-03-11T22:26:50.083+0530] {processor.py:840} INFO - DAG(s) 'example_branch_labels' retrieved from /home/sathya/projects/training-kit/.venv-airflow/lib/python3.10/site-packages/airflow/example_dags/example_branch_labels.py
[2026-03-11T22:26:50.097+0530] {logging_mixin.py:188} INFO - [2026-03-11T22:26:50.097+0530] {dag.py:3089} INFO - Sync 1 DAGs
[2026-03-11T22:26:50.111+0530] {logging_mixin.py:188} INFO - [2026-03-11T22:26:50.111+0530] {dag.py:3947} INFO - Setting next_dagrun for example_branch_labels to 2026-03-11 00:00:00+00:00, run_after=2026-03-12 00:00:00+00:00
[2026-03-11T22:26:50.132+0530] {processor.py:183} INFO - Processing /home/sathya/projects/training-kit/.venv-airflow/lib/python3.10/site-packages/airflow/example_dags/example_branch_labels.py took 0.064 seconds
[2026-03-11T22:37:56.237+0530] {processor.py:161} INFO - Started process (PID=8909) to work on /home/sathya/projects/training-kit/.venv-airflow/lib/python3.10/site-packages/airflow/example_dags/example_branch_labels.py
[2026-03-11T22:37:56.238+0530] {processor.py:830} INFO - Processing file /home/sathya/projects/training-kit/.venv-airflow/lib/python3.10/site-packages/airflow/example_dags/example_branch_labels.py for tasks to queue
[2026-03-11T22:37:56.239+0530] {logging_mixin.py:188} INFO - [2026-03-11T22:37:56.239+0530] {dagbag.py:545} INFO - Filling up the DagBag from /home/sathya/projects/training-kit/.venv-airflow/lib/python3.10/site-packages/airflow/example_dags/example_branch_labels.py
[2026-03-11T22:37:56.246+0530] {processor.py:840} INFO - DAG(s) 'example_branch_labels' retrieved from /home/sathya/projects/training-kit/.venv-airflow/lib/python3.10/site-packages/airflow/example_dags/example_branch_labels.py
[2026-03-11T22:37:56.258+0530] {logging_mixin.py:188} INFO - [2026-03-11T22:37:56.257+0530] {dag.py:3089} INFO - Sync 1 DAGs
[2026-03-11T22:37:56.272+0530] {logging_mixin.py:188} INFO - [2026-03-11T22:37:56.272+0530] {dag.py:3947} INFO - Setting next_dagrun for example_branch_labels to 2026-03-11 00:00:00+00:00, run_after=2026-03-12 00:00:00+00:00
[2026-03-11T22:37:56.292+0530] {processor.py:183} INFO - Processing /home/sathya/projects/training-kit/.venv-airflow/lib/python3.10/site-packages/airflow/example_dags/example_branch_labels.py took 0.061 seconds
[2026-03-11T22:44:37.583+0530] {processor.py:161} INFO - Started process (PID=10015) to work on /home/sathya/projects/training-kit/.venv-airflow/lib/python3.10/site-packages/airflow/example_dags/example_branch_labels.py
[2026-03-11T22:44:37.584+0530] {processor.py:830} INFO - Processing file /home/sathya/projects/training-kit/.venv-airflow/lib/python3.10/site-packages/airflow/example_dags/example_branch_labels.py for tasks to queue
[2026-03-11T22:44:37.586+0530] {logging_mixin.py:188} INFO - [2026-03-11T22:44:37.585+0530] {dagbag.py:545} INFO - Filling up the DagBag from /home/sathya/projects/training-kit/.venv-airflow/lib/python3.10/site-packages/airflow/example_dags/example_branch_labels.py
[2026-03-11T22:44:37.594+0530] {processor.py:840} INFO - DAG(s) 'example_branch_labels' retrieved from /home/sathya/projects/training-kit/.venv-airflow/lib/python3.10/site-packages/airflow/example_dags/example_branch_labels.py
[2026-03-11T22:44:37.610+0530] {logging_mixin.py:188} INFO - [2026-03-11T22:44:37.609+0530] {dag.py:3089} INFO - Sync 1 DAGs
[2026-03-11T22:44:37.631+0530] {logging_mixin.py:188} INFO - [2026-03-11T22:44:37.631+0530] {dag.py:3947} INFO - Setting next_dagrun for example_branch_labels to 2026-03-11 00:00:00+00:00, run_after=2026-03-12 00:00:00+00:00
[2026-03-11T22:44:37.655+0530] {processor.py:183} INFO - Processing /home/sathya/projects/training-kit/.venv-airflow/lib/python3.10/site-packages/airflow/example_dags/example_branch_labels.py took 0.079 seconds
[2026-03-11T22:51:35.516+0530] {processor.py:161} INFO - Started process (PID=11184) to work on /home/sathya/projects/training-kit/.venv-airflow/lib/python3.10/site-packages/airflow/example_dags/example_branch_labels.py
[2026-03-11T22:51:35.517+0530] {processor.py:830} INFO - Processing file /home/sathya/projects/training-kit/.venv-airflow/lib/python3.10/site-packages/airflow/example_dags/example_branch_labels.py for tasks to queue
[2026-03-11T22:51:35.520+0530] {logging_mixin.py:188} INFO - [2026-03-11T22:51:35.519+0530] {dagbag.py:545} INFO - Filling up the DagBag from /home/sathya/projects/training-kit/.venv-airflow/lib/python3.10/site-packages/airflow/example_dags/example_branch_labels.py
[2026-03-11T22:51:35.530+0530] {processor.py:840} INFO - DAG(s) 'example_branch_labels' retrieved from /home/sathya/projects/training-kit/.venv-airflow/lib/python3.10/site-packages/airflow/example_dags/example_branch_labels.py
[2026-03-11T22:51:35.545+0530] {logging_mixin.py:188} INFO - [2026-03-11T22:51:35.545+0530] {dag.py:3089} INFO - Sync 1 DAGs
[2026-03-11T22:51:35.561+0530] {logging_mixin.py:188} INFO - [2026-03-11T22:51:35.561+0530] {dag.py:3947} INFO - Setting next_dagrun for example_branch_labels to 2026-03-11 00:00:00+00:00, run_after=2026-03-12 00:00:00+00:00
[2026-03-11T22:51:35.585+0530] {processor.py:183} INFO - Processing /home/sathya/projects/training-kit/.venv-airflow/lib/python3.10/site-packages/airflow/example_dags/example_branch_labels.py took 0.075 seconds
[2026-03-11T23:05:07.403+0530] {processor.py:161} INFO - Started process (PID=13445) to work on /home/sathya/projects/training-kit/.venv-airflow/lib/python3.10/site-packages/airflow/example_dags/example_branch_labels.py
[2026-03-11T23:05:07.406+0530] {processor.py:830} INFO - Processing file /home/sathya/projects/training-kit/.venv-airflow/lib/python3.10/site-packages/airflow/example_dags/example_branch_labels.py for tasks to queue
[2026-03-11T23:05:07.408+0530] {logging_mixin.py:188} INFO - [2026-03-11T23:05:07.408+0530] {dagbag.py:545} INFO - Filling up the DagBag from /home/sathya/projects/training-kit/.venv-airflow/lib/python3.10/site-packages/airflow/example_dags/example_branch_labels.py
[2026-03-11T23:05:07.415+0530] {processor.py:840} INFO - DAG(s) 'example_branch_labels' retrieved from /home/sathya/projects/training-kit/.venv-airflow/lib/python3.10/site-packages/airflow/example_dags/example_branch_labels.py
[2026-03-11T23:05:07.434+0530] {logging_mixin.py:188} INFO - [2026-03-11T23:05:07.434+0530] {dag.py:3089} INFO - Sync 1 DAGs
[2026-03-11T23:05:07.455+0530] {logging_mixin.py:188} INFO - [2026-03-11T23:05:07.455+0530] {dag.py:3947} INFO - Setting next_dagrun for example_branch_labels to 2026-03-11 00:00:00+00:00, run_after=2026-03-12 00:00:00+00:00
[2026-03-11T23:05:07.482+0530] {processor.py:183} INFO - Processing /home/sathya/projects/training-kit/.venv-airflow/lib/python3.10/site-packages/airflow/example_dags/example_branch_labels.py took 0.084 seconds
