[2026-03-11T22:29:28.010+0530] {processor.py:161} INFO - Started process (PID=7695) to work on /home/sathya/projects/training-kit/.venv-airflow/lib/python3.10/site-packages/airflow/example_dags/example_bash_operator.py
[2026-03-11T22:29:28.011+0530] {processor.py:830} INFO - Processing file /home/sathya/projects/training-kit/.venv-airflow/lib/python3.10/site-packages/airflow/example_dags/example_bash_operator.py for tasks to queue
[2026-03-11T22:29:28.013+0530] {logging_mixin.py:188} INFO - [2026-03-11T22:29:28.013+0530] {dagbag.py:545} INFO - Filling up the DagBag from /home/sathya/projects/training-kit/.venv-airflow/lib/python3.10/site-packages/airflow/example_dags/example_bash_operator.py
[2026-03-11T22:29:28.026+0530] {processor.py:840} INFO - DAG(s) 'example_bash_operator' retrieved from /home/sathya/projects/training-kit/.venv-airflow/lib/python3.10/site-packages/airflow/example_dags/example_bash_operator.py
[2026-03-11T22:29:28.046+0530] {logging_mixin.py:188} INFO - [2026-03-11T22:29:28.046+0530] {dag.py:3089} INFO - Sync 1 DAGs
[2026-03-11T22:29:28.065+0530] {logging_mixin.py:188} INFO - [2026-03-11T22:29:28.065+0530] {dag.py:3947} INFO - Setting next_dagrun for example_bash_operator to 2026-03-11 00:00:00+00:00, run_after=2026-03-12 00:00:00+00:00
[2026-03-11T22:29:28.096+0530] {processor.py:183} INFO - Processing /home/sathya/projects/training-kit/.venv-airflow/lib/python3.10/site-packages/airflow/example_dags/example_bash_operator.py took 0.094 seconds
[2026-03-11T22:45:39.526+0530] {processor.py:161} INFO - Started process (PID=10167) to work on /home/sathya/projects/training-kit/.venv-airflow/lib/python3.10/site-packages/airflow/example_dags/example_bash_operator.py
[2026-03-11T22:45:39.527+0530] {processor.py:830} INFO - Processing file /home/sathya/projects/training-kit/.venv-airflow/lib/python3.10/site-packages/airflow/example_dags/example_bash_operator.py for tasks to queue
[2026-03-11T22:45:39.529+0530] {logging_mixin.py:188} INFO - [2026-03-11T22:45:39.528+0530] {dagbag.py:545} INFO - Filling up the DagBag from /home/sathya/projects/training-kit/.venv-airflow/lib/python3.10/site-packages/airflow/example_dags/example_bash_operator.py
[2026-03-11T22:45:39.538+0530] {processor.py:840} INFO - DAG(s) 'example_bash_operator' retrieved from /home/sathya/projects/training-kit/.venv-airflow/lib/python3.10/site-packages/airflow/example_dags/example_bash_operator.py
[2026-03-11T22:45:39.556+0530] {logging_mixin.py:188} INFO - [2026-03-11T22:45:39.556+0530] {dag.py:3089} INFO - Sync 1 DAGs
[2026-03-11T22:45:39.571+0530] {logging_mixin.py:188} INFO - [2026-03-11T22:45:39.571+0530] {dag.py:3947} INFO - Setting next_dagrun for example_bash_operator to 2026-03-11 00:00:00+00:00, run_after=2026-03-12 00:00:00+00:00
[2026-03-11T22:45:39.592+0530] {processor.py:183} INFO - Processing /home/sathya/projects/training-kit/.venv-airflow/lib/python3.10/site-packages/airflow/example_dags/example_bash_operator.py took 0.072 seconds
[2026-03-11T22:57:55.046+0530] {processor.py:161} INFO - Started process (PID=12283) to work on /home/sathya/projects/training-kit/.venv-airflow/lib/python3.10/site-packages/airflow/example_dags/example_bash_operator.py
[2026-03-11T22:57:55.048+0530] {processor.py:830} INFO - Processing file /home/sathya/projects/training-kit/.venv-airflow/lib/python3.10/site-packages/airflow/example_dags/example_bash_operator.py for tasks to queue
[2026-03-11T22:57:55.049+0530] {logging_mixin.py:188} INFO - [2026-03-11T22:57:55.049+0530] {dagbag.py:545} INFO - Filling up the DagBag from /home/sathya/projects/training-kit/.venv-airflow/lib/python3.10/site-packages/airflow/example_dags/example_bash_operator.py
[2026-03-11T22:57:55.060+0530] {processor.py:840} INFO - DAG(s) 'example_bash_operator' retrieved from /home/sathya/projects/training-kit/.venv-airflow/lib/python3.10/site-packages/airflow/example_dags/example_bash_operator.py
[2026-03-11T22:57:55.080+0530] {logging_mixin.py:188} INFO - [2026-03-11T22:57:55.079+0530] {dag.py:3089} INFO - Sync 1 DAGs
[2026-03-11T22:57:55.095+0530] {logging_mixin.py:188} INFO - [2026-03-11T22:57:55.095+0530] {dag.py:3947} INFO - Setting next_dagrun for example_bash_operator to 2026-03-11 00:00:00+00:00, run_after=2026-03-12 00:00:00+00:00
[2026-03-11T22:57:55.117+0530] {processor.py:183} INFO - Processing /home/sathya/projects/training-kit/.venv-airflow/lib/python3.10/site-packages/airflow/example_dags/example_bash_operator.py took 0.078 seconds
[2026-03-11T23:05:54.823+0530] {processor.py:161} INFO - Started process (PID=13666) to work on /home/sathya/projects/training-kit/.venv-airflow/lib/python3.10/site-packages/airflow/example_dags/example_bash_operator.py
[2026-03-11T23:05:54.825+0530] {processor.py:830} INFO - Processing file /home/sathya/projects/training-kit/.venv-airflow/lib/python3.10/site-packages/airflow/example_dags/example_bash_operator.py for tasks to queue
[2026-03-11T23:05:54.826+0530] {logging_mixin.py:188} INFO - [2026-03-11T23:05:54.826+0530] {dagbag.py:545} INFO - Filling up the DagBag from /home/sathya/projects/training-kit/.venv-airflow/lib/python3.10/site-packages/airflow/example_dags/example_bash_operator.py
[2026-03-11T23:05:54.835+0530] {processor.py:840} INFO - DAG(s) 'example_bash_operator' retrieved from /home/sathya/projects/training-kit/.venv-airflow/lib/python3.10/site-packages/airflow/example_dags/example_bash_operator.py
[2026-03-11T23:05:54.850+0530] {logging_mixin.py:188} INFO - [2026-03-11T23:05:54.850+0530] {dag.py:3089} INFO - Sync 1 DAGs
[2026-03-11T23:05:54.863+0530] {logging_mixin.py:188} INFO - [2026-03-11T23:05:54.863+0530] {dag.py:3947} INFO - Setting next_dagrun for example_bash_operator to 2026-03-11 00:00:00+00:00, run_after=2026-03-12 00:00:00+00:00
[2026-03-11T23:05:54.882+0530] {processor.py:183} INFO - Processing /home/sathya/projects/training-kit/.venv-airflow/lib/python3.10/site-packages/airflow/example_dags/example_bash_operator.py took 0.064 seconds
