[2026-03-11T22:15:08.319+0530] {processor.py:161} INFO - Started process (PID=3990) to work on /home/sathya/projects/training-kit/.venv-airflow/lib/python3.10/site-packages/airflow/example_dags/example_trigger_target_dag.py
[2026-03-11T22:15:08.320+0530] {processor.py:830} INFO - Processing file /home/sathya/projects/training-kit/.venv-airflow/lib/python3.10/site-packages/airflow/example_dags/example_trigger_target_dag.py for tasks to queue
[2026-03-11T22:15:08.321+0530] {logging_mixin.py:188} INFO - [2026-03-11T22:15:08.321+0530] {dagbag.py:545} INFO - Filling up the DagBag from /home/sathya/projects/training-kit/.venv-airflow/lib/python3.10/site-packages/airflow/example_dags/example_trigger_target_dag.py
[2026-03-11T22:15:08.329+0530] {processor.py:840} INFO - DAG(s) 'example_trigger_target_dag' retrieved from /home/sathya/projects/training-kit/.venv-airflow/lib/python3.10/site-packages/airflow/example_dags/example_trigger_target_dag.py
[2026-03-11T22:15:08.354+0530] {logging_mixin.py:188} INFO - [2026-03-11T22:15:08.353+0530] {dag.py:3089} INFO - Sync 1 DAGs
[2026-03-11T22:15:08.367+0530] {logging_mixin.py:188} INFO - [2026-03-11T22:15:08.366+0530] {dag.py:3947} INFO - Setting next_dagrun for example_trigger_target_dag to None, run_after=None
[2026-03-11T22:15:08.392+0530] {processor.py:183} INFO - Processing /home/sathya/projects/training-kit/.venv-airflow/lib/python3.10/site-packages/airflow/example_dags/example_trigger_target_dag.py took 0.081 seconds
[2026-03-11T22:30:40.492+0530] {processor.py:161} INFO - Started process (PID=7910) to work on /home/sathya/projects/training-kit/.venv-airflow/lib/python3.10/site-packages/airflow/example_dags/example_trigger_target_dag.py
[2026-03-11T22:30:40.495+0530] {processor.py:830} INFO - Processing file /home/sathya/projects/training-kit/.venv-airflow/lib/python3.10/site-packages/airflow/example_dags/example_trigger_target_dag.py for tasks to queue
[2026-03-11T22:30:40.496+0530] {logging_mixin.py:188} INFO - [2026-03-11T22:30:40.496+0530] {dagbag.py:545} INFO - Filling up the DagBag from /home/sathya/projects/training-kit/.venv-airflow/lib/python3.10/site-packages/airflow/example_dags/example_trigger_target_dag.py
[2026-03-11T22:30:40.503+0530] {processor.py:840} INFO - DAG(s) 'example_trigger_target_dag' retrieved from /home/sathya/projects/training-kit/.venv-airflow/lib/python3.10/site-packages/airflow/example_dags/example_trigger_target_dag.py
[2026-03-11T22:30:40.521+0530] {logging_mixin.py:188} INFO - [2026-03-11T22:30:40.521+0530] {dag.py:3089} INFO - Sync 1 DAGs
[2026-03-11T22:30:40.534+0530] {logging_mixin.py:188} INFO - [2026-03-11T22:30:40.534+0530] {dag.py:3947} INFO - Setting next_dagrun for example_trigger_target_dag to None, run_after=None
[2026-03-11T22:30:40.560+0530] {processor.py:183} INFO - Processing /home/sathya/projects/training-kit/.venv-airflow/lib/python3.10/site-packages/airflow/example_dags/example_trigger_target_dag.py took 0.076 seconds
[2026-03-11T22:39:42.906+0530] {processor.py:161} INFO - Started process (PID=9215) to work on /home/sathya/projects/training-kit/.venv-airflow/lib/python3.10/site-packages/airflow/example_dags/example_trigger_target_dag.py
[2026-03-11T22:39:42.908+0530] {processor.py:830} INFO - Processing file /home/sathya/projects/training-kit/.venv-airflow/lib/python3.10/site-packages/airflow/example_dags/example_trigger_target_dag.py for tasks to queue
[2026-03-11T22:39:42.909+0530] {logging_mixin.py:188} INFO - [2026-03-11T22:39:42.909+0530] {dagbag.py:545} INFO - Filling up the DagBag from /home/sathya/projects/training-kit/.venv-airflow/lib/python3.10/site-packages/airflow/example_dags/example_trigger_target_dag.py
[2026-03-11T22:39:42.914+0530] {processor.py:840} INFO - DAG(s) 'example_trigger_target_dag' retrieved from /home/sathya/projects/training-kit/.venv-airflow/lib/python3.10/site-packages/airflow/example_dags/example_trigger_target_dag.py
[2026-03-11T22:39:42.927+0530] {logging_mixin.py:188} INFO - [2026-03-11T22:39:42.926+0530] {dag.py:3089} INFO - Sync 1 DAGs
[2026-03-11T22:39:42.935+0530] {logging_mixin.py:188} INFO - [2026-03-11T22:39:42.934+0530] {dag.py:3947} INFO - Setting next_dagrun for example_trigger_target_dag to None, run_after=None
[2026-03-11T22:39:42.957+0530] {processor.py:183} INFO - Processing /home/sathya/projects/training-kit/.venv-airflow/lib/python3.10/site-packages/airflow/example_dags/example_trigger_target_dag.py took 0.056 seconds
[2026-03-11T22:46:34.406+0530] {processor.py:161} INFO - Started process (PID=10331) to work on /home/sathya/projects/training-kit/.venv-airflow/lib/python3.10/site-packages/airflow/example_dags/example_trigger_target_dag.py
[2026-03-11T22:46:34.407+0530] {processor.py:830} INFO - Processing file /home/sathya/projects/training-kit/.venv-airflow/lib/python3.10/site-packages/airflow/example_dags/example_trigger_target_dag.py for tasks to queue
[2026-03-11T22:46:34.409+0530] {logging_mixin.py:188} INFO - [2026-03-11T22:46:34.408+0530] {dagbag.py:545} INFO - Filling up the DagBag from /home/sathya/projects/training-kit/.venv-airflow/lib/python3.10/site-packages/airflow/example_dags/example_trigger_target_dag.py
[2026-03-11T22:46:34.416+0530] {processor.py:840} INFO - DAG(s) 'example_trigger_target_dag' retrieved from /home/sathya/projects/training-kit/.venv-airflow/lib/python3.10/site-packages/airflow/example_dags/example_trigger_target_dag.py
[2026-03-11T22:46:34.431+0530] {logging_mixin.py:188} INFO - [2026-03-11T22:46:34.431+0530] {dag.py:3089} INFO - Sync 1 DAGs
[2026-03-11T22:46:34.441+0530] {logging_mixin.py:188} INFO - [2026-03-11T22:46:34.441+0530] {dag.py:3947} INFO - Setting next_dagrun for example_trigger_target_dag to None, run_after=None
[2026-03-11T22:46:34.465+0530] {processor.py:183} INFO - Processing /home/sathya/projects/training-kit/.venv-airflow/lib/python3.10/site-packages/airflow/example_dags/example_trigger_target_dag.py took 0.066 seconds
[2026-03-11T22:53:10.673+0530] {processor.py:161} INFO - Started process (PID=11413) to work on /home/sathya/projects/training-kit/.venv-airflow/lib/python3.10/site-packages/airflow/example_dags/example_trigger_target_dag.py
[2026-03-11T22:53:10.675+0530] {processor.py:830} INFO - Processing file /home/sathya/projects/training-kit/.venv-airflow/lib/python3.10/site-packages/airflow/example_dags/example_trigger_target_dag.py for tasks to queue
[2026-03-11T22:53:10.677+0530] {logging_mixin.py:188} INFO - [2026-03-11T22:53:10.676+0530] {dagbag.py:545} INFO - Filling up the DagBag from /home/sathya/projects/training-kit/.venv-airflow/lib/python3.10/site-packages/airflow/example_dags/example_trigger_target_dag.py
[2026-03-11T22:53:10.684+0530] {processor.py:840} INFO - DAG(s) 'example_trigger_target_dag' retrieved from /home/sathya/projects/training-kit/.venv-airflow/lib/python3.10/site-packages/airflow/example_dags/example_trigger_target_dag.py
[2026-03-11T22:53:10.698+0530] {logging_mixin.py:188} INFO - [2026-03-11T22:53:10.698+0530] {dag.py:3089} INFO - Sync 1 DAGs
[2026-03-11T22:53:10.707+0530] {logging_mixin.py:188} INFO - [2026-03-11T22:53:10.706+0530] {dag.py:3947} INFO - Setting next_dagrun for example_trigger_target_dag to None, run_after=None
[2026-03-11T22:53:10.731+0530] {processor.py:183} INFO - Processing /home/sathya/projects/training-kit/.venv-airflow/lib/python3.10/site-packages/airflow/example_dags/example_trigger_target_dag.py took 0.063 seconds
[2026-03-11T22:59:28.505+0530] {processor.py:161} INFO - Started process (PID=12513) to work on /home/sathya/projects/training-kit/.venv-airflow/lib/python3.10/site-packages/airflow/example_dags/example_trigger_target_dag.py
[2026-03-11T22:59:28.507+0530] {processor.py:830} INFO - Processing file /home/sathya/projects/training-kit/.venv-airflow/lib/python3.10/site-packages/airflow/example_dags/example_trigger_target_dag.py for tasks to queue
[2026-03-11T22:59:28.508+0530] {logging_mixin.py:188} INFO - [2026-03-11T22:59:28.508+0530] {dagbag.py:545} INFO - Filling up the DagBag from /home/sathya/projects/training-kit/.venv-airflow/lib/python3.10/site-packages/airflow/example_dags/example_trigger_target_dag.py
[2026-03-11T22:59:28.514+0530] {processor.py:840} INFO - DAG(s) 'example_trigger_target_dag' retrieved from /home/sathya/projects/training-kit/.venv-airflow/lib/python3.10/site-packages/airflow/example_dags/example_trigger_target_dag.py
[2026-03-11T22:59:28.528+0530] {logging_mixin.py:188} INFO - [2026-03-11T22:59:28.528+0530] {dag.py:3089} INFO - Sync 1 DAGs
[2026-03-11T22:59:28.536+0530] {logging_mixin.py:188} INFO - [2026-03-11T22:59:28.536+0530] {dag.py:3947} INFO - Setting next_dagrun for example_trigger_target_dag to None, run_after=None
[2026-03-11T22:59:28.557+0530] {processor.py:183} INFO - Processing /home/sathya/projects/training-kit/.venv-airflow/lib/python3.10/site-packages/airflow/example_dags/example_trigger_target_dag.py took 0.057 seconds
