[2026-03-11T22:24:32.218+0530] {processor.py:161} INFO - Started process (PID=7107) to work on /home/sathya/projects/training-kit/.venv-airflow/lib/python3.10/site-packages/airflow/example_dags/example_params_trigger_ui.py
[2026-03-11T22:24:32.219+0530] {processor.py:830} INFO - Processing file /home/sathya/projects/training-kit/.venv-airflow/lib/python3.10/site-packages/airflow/example_dags/example_params_trigger_ui.py for tasks to queue
[2026-03-11T22:24:32.221+0530] {logging_mixin.py:188} INFO - [2026-03-11T22:24:32.220+0530] {dagbag.py:545} INFO - Filling up the DagBag from /home/sathya/projects/training-kit/.venv-airflow/lib/python3.10/site-packages/airflow/example_dags/example_params_trigger_ui.py
[2026-03-11T22:24:32.243+0530] {processor.py:840} INFO - DAG(s) 'example_params_trigger_ui' retrieved from /home/sathya/projects/training-kit/.venv-airflow/lib/python3.10/site-packages/airflow/example_dags/example_params_trigger_ui.py
[2026-03-11T22:24:32.277+0530] {logging_mixin.py:188} INFO - [2026-03-11T22:24:32.277+0530] {dag.py:3089} INFO - Sync 1 DAGs
[2026-03-11T22:24:32.286+0530] {logging_mixin.py:188} INFO - [2026-03-11T22:24:32.286+0530] {dag.py:3947} INFO - Setting next_dagrun for example_params_trigger_ui to None, run_after=None
[2026-03-11T22:24:32.309+0530] {processor.py:183} INFO - Processing /home/sathya/projects/training-kit/.venv-airflow/lib/python3.10/site-packages/airflow/example_dags/example_params_trigger_ui.py took 0.096 seconds
[2026-03-11T22:36:02.777+0530] {processor.py:161} INFO - Started process (PID=8686) to work on /home/sathya/projects/training-kit/.venv-airflow/lib/python3.10/site-packages/airflow/example_dags/example_params_trigger_ui.py
[2026-03-11T22:36:02.782+0530] {processor.py:830} INFO - Processing file /home/sathya/projects/training-kit/.venv-airflow/lib/python3.10/site-packages/airflow/example_dags/example_params_trigger_ui.py for tasks to queue
[2026-03-11T22:36:02.788+0530] {logging_mixin.py:188} INFO - [2026-03-11T22:36:02.786+0530] {dagbag.py:545} INFO - Filling up the DagBag from /home/sathya/projects/training-kit/.venv-airflow/lib/python3.10/site-packages/airflow/example_dags/example_params_trigger_ui.py
[2026-03-11T22:36:02.812+0530] {processor.py:840} INFO - DAG(s) 'example_params_trigger_ui' retrieved from /home/sathya/projects/training-kit/.venv-airflow/lib/python3.10/site-packages/airflow/example_dags/example_params_trigger_ui.py
[2026-03-11T22:36:02.896+0530] {logging_mixin.py:188} INFO - [2026-03-11T22:36:02.896+0530] {dag.py:3089} INFO - Sync 1 DAGs
[2026-03-11T22:36:02.913+0530] {logging_mixin.py:188} INFO - [2026-03-11T22:36:02.913+0530] {dag.py:3947} INFO - Setting next_dagrun for example_params_trigger_ui to None, run_after=None
[2026-03-11T22:36:02.945+0530] {processor.py:183} INFO - Processing /home/sathya/projects/training-kit/.venv-airflow/lib/python3.10/site-packages/airflow/example_dags/example_params_trigger_ui.py took 0.180 seconds
[2026-03-11T22:43:36.112+0530] {processor.py:161} INFO - Started process (PID=9826) to work on /home/sathya/projects/training-kit/.venv-airflow/lib/python3.10/site-packages/airflow/example_dags/example_params_trigger_ui.py
[2026-03-11T22:43:36.119+0530] {processor.py:830} INFO - Processing file /home/sathya/projects/training-kit/.venv-airflow/lib/python3.10/site-packages/airflow/example_dags/example_params_trigger_ui.py for tasks to queue
[2026-03-11T22:43:36.120+0530] {logging_mixin.py:188} INFO - [2026-03-11T22:43:36.120+0530] {dagbag.py:545} INFO - Filling up the DagBag from /home/sathya/projects/training-kit/.venv-airflow/lib/python3.10/site-packages/airflow/example_dags/example_params_trigger_ui.py
[2026-03-11T22:43:36.127+0530] {processor.py:840} INFO - DAG(s) 'example_params_trigger_ui' retrieved from /home/sathya/projects/training-kit/.venv-airflow/lib/python3.10/site-packages/airflow/example_dags/example_params_trigger_ui.py
[2026-03-11T22:43:36.153+0530] {logging_mixin.py:188} INFO - [2026-03-11T22:43:36.152+0530] {dag.py:3089} INFO - Sync 1 DAGs
[2026-03-11T22:43:36.160+0530] {logging_mixin.py:188} INFO - [2026-03-11T22:43:36.160+0530] {dag.py:3947} INFO - Setting next_dagrun for example_params_trigger_ui to None, run_after=None
[2026-03-11T22:43:36.181+0530] {processor.py:183} INFO - Processing /home/sathya/projects/training-kit/.venv-airflow/lib/python3.10/site-packages/airflow/example_dags/example_params_trigger_ui.py took 0.073 seconds
[2026-03-11T22:50:02.195+0530] {processor.py:161} INFO - Started process (PID=10964) to work on /home/sathya/projects/training-kit/.venv-airflow/lib/python3.10/site-packages/airflow/example_dags/example_params_trigger_ui.py
[2026-03-11T22:50:02.197+0530] {processor.py:830} INFO - Processing file /home/sathya/projects/training-kit/.venv-airflow/lib/python3.10/site-packages/airflow/example_dags/example_params_trigger_ui.py for tasks to queue
[2026-03-11T22:50:02.198+0530] {logging_mixin.py:188} INFO - [2026-03-11T22:50:02.198+0530] {dagbag.py:545} INFO - Filling up the DagBag from /home/sathya/projects/training-kit/.venv-airflow/lib/python3.10/site-packages/airflow/example_dags/example_params_trigger_ui.py
[2026-03-11T22:50:02.205+0530] {processor.py:840} INFO - DAG(s) 'example_params_trigger_ui' retrieved from /home/sathya/projects/training-kit/.venv-airflow/lib/python3.10/site-packages/airflow/example_dags/example_params_trigger_ui.py
[2026-03-11T22:50:02.230+0530] {logging_mixin.py:188} INFO - [2026-03-11T22:50:02.230+0530] {dag.py:3089} INFO - Sync 1 DAGs
[2026-03-11T22:50:02.238+0530] {logging_mixin.py:188} INFO - [2026-03-11T22:50:02.237+0530] {dag.py:3947} INFO - Setting next_dagrun for example_params_trigger_ui to None, run_after=None
[2026-03-11T22:50:02.258+0530] {processor.py:183} INFO - Processing /home/sathya/projects/training-kit/.venv-airflow/lib/python3.10/site-packages/airflow/example_dags/example_params_trigger_ui.py took 0.069 seconds
[2026-03-11T22:56:04.019+0530] {processor.py:161} INFO - Started process (PID=11988) to work on /home/sathya/projects/training-kit/.venv-airflow/lib/python3.10/site-packages/airflow/example_dags/example_params_trigger_ui.py
[2026-03-11T22:56:04.020+0530] {processor.py:830} INFO - Processing file /home/sathya/projects/training-kit/.venv-airflow/lib/python3.10/site-packages/airflow/example_dags/example_params_trigger_ui.py for tasks to queue
[2026-03-11T22:56:04.022+0530] {logging_mixin.py:188} INFO - [2026-03-11T22:56:04.021+0530] {dagbag.py:545} INFO - Filling up the DagBag from /home/sathya/projects/training-kit/.venv-airflow/lib/python3.10/site-packages/airflow/example_dags/example_params_trigger_ui.py
[2026-03-11T22:56:04.031+0530] {processor.py:840} INFO - DAG(s) 'example_params_trigger_ui' retrieved from /home/sathya/projects/training-kit/.venv-airflow/lib/python3.10/site-packages/airflow/example_dags/example_params_trigger_ui.py
[2026-03-11T22:56:04.059+0530] {logging_mixin.py:188} INFO - [2026-03-11T22:56:04.059+0530] {dag.py:3089} INFO - Sync 1 DAGs
[2026-03-11T22:56:04.067+0530] {logging_mixin.py:188} INFO - [2026-03-11T22:56:04.067+0530] {dag.py:3947} INFO - Setting next_dagrun for example_params_trigger_ui to None, run_after=None
[2026-03-11T22:56:04.089+0530] {processor.py:183} INFO - Processing /home/sathya/projects/training-kit/.venv-airflow/lib/python3.10/site-packages/airflow/example_dags/example_params_trigger_ui.py took 0.078 seconds
[2026-03-11T23:03:37.899+0530] {processor.py:161} INFO - Started process (PID=13249) to work on /home/sathya/projects/training-kit/.venv-airflow/lib/python3.10/site-packages/airflow/example_dags/example_params_trigger_ui.py
[2026-03-11T23:03:37.901+0530] {processor.py:830} INFO - Processing file /home/sathya/projects/training-kit/.venv-airflow/lib/python3.10/site-packages/airflow/example_dags/example_params_trigger_ui.py for tasks to queue
[2026-03-11T23:03:37.902+0530] {logging_mixin.py:188} INFO - [2026-03-11T23:03:37.902+0530] {dagbag.py:545} INFO - Filling up the DagBag from /home/sathya/projects/training-kit/.venv-airflow/lib/python3.10/site-packages/airflow/example_dags/example_params_trigger_ui.py
[2026-03-11T23:03:37.909+0530] {processor.py:840} INFO - DAG(s) 'example_params_trigger_ui' retrieved from /home/sathya/projects/training-kit/.venv-airflow/lib/python3.10/site-packages/airflow/example_dags/example_params_trigger_ui.py
[2026-03-11T23:03:37.935+0530] {logging_mixin.py:188} INFO - [2026-03-11T23:03:37.935+0530] {dag.py:3089} INFO - Sync 1 DAGs
[2026-03-11T23:03:37.944+0530] {logging_mixin.py:188} INFO - [2026-03-11T23:03:37.943+0530] {dag.py:3947} INFO - Setting next_dagrun for example_params_trigger_ui to None, run_after=None
[2026-03-11T23:03:38.066+0530] {processor.py:183} INFO - Processing /home/sathya/projects/training-kit/.venv-airflow/lib/python3.10/site-packages/airflow/example_dags/example_params_trigger_ui.py took 0.172 seconds
