[2026-03-11T22:18:05.798+0530] {processor.py:161} INFO - Started process (PID=6029) to work on /home/sathya/projects/training-kit/.venv-airflow/lib/python3.10/site-packages/airflow/example_dags/example_task_group_decorator.py
[2026-03-11T22:18:05.799+0530] {processor.py:830} INFO - Processing file /home/sathya/projects/training-kit/.venv-airflow/lib/python3.10/site-packages/airflow/example_dags/example_task_group_decorator.py for tasks to queue
[2026-03-11T22:18:05.801+0530] {logging_mixin.py:188} INFO - [2026-03-11T22:18:05.800+0530] {dagbag.py:545} INFO - Filling up the DagBag from /home/sathya/projects/training-kit/.venv-airflow/lib/python3.10/site-packages/airflow/example_dags/example_task_group_decorator.py
[2026-03-11T22:18:05.812+0530] {processor.py:840} INFO - DAG(s) 'example_task_group_decorator' retrieved from /home/sathya/projects/training-kit/.venv-airflow/lib/python3.10/site-packages/airflow/example_dags/example_task_group_decorator.py
[2026-03-11T22:18:05.832+0530] {logging_mixin.py:188} INFO - [2026-03-11T22:18:05.832+0530] {dag.py:3089} INFO - Sync 1 DAGs
[2026-03-11T22:18:05.845+0530] {logging_mixin.py:188} INFO - [2026-03-11T22:18:05.845+0530] {dag.py:3947} INFO - Setting next_dagrun for example_task_group_decorator to 2026-03-11 00:00:00+00:00, run_after=2026-03-12 00:00:00+00:00
[2026-03-11T22:18:05.867+0530] {processor.py:183} INFO - Processing /home/sathya/projects/training-kit/.venv-airflow/lib/python3.10/site-packages/airflow/example_dags/example_task_group_decorator.py took 0.074 seconds
[2026-03-11T22:33:14.903+0530] {processor.py:161} INFO - Started process (PID=8230) to work on /home/sathya/projects/training-kit/.venv-airflow/lib/python3.10/site-packages/airflow/example_dags/example_task_group_decorator.py
[2026-03-11T22:33:14.904+0530] {processor.py:830} INFO - Processing file /home/sathya/projects/training-kit/.venv-airflow/lib/python3.10/site-packages/airflow/example_dags/example_task_group_decorator.py for tasks to queue
[2026-03-11T22:33:14.908+0530] {logging_mixin.py:188} INFO - [2026-03-11T22:33:14.907+0530] {dagbag.py:545} INFO - Filling up the DagBag from /home/sathya/projects/training-kit/.venv-airflow/lib/python3.10/site-packages/airflow/example_dags/example_task_group_decorator.py
[2026-03-11T22:33:14.926+0530] {processor.py:840} INFO - DAG(s) 'example_task_group_decorator' retrieved from /home/sathya/projects/training-kit/.venv-airflow/lib/python3.10/site-packages/airflow/example_dags/example_task_group_decorator.py
[2026-03-11T22:33:14.947+0530] {logging_mixin.py:188} INFO - [2026-03-11T22:33:14.946+0530] {dag.py:3089} INFO - Sync 1 DAGs
[2026-03-11T22:33:14.965+0530] {logging_mixin.py:188} INFO - [2026-03-11T22:33:14.965+0530] {dag.py:3947} INFO - Setting next_dagrun for example_task_group_decorator to 2026-03-11 00:00:00+00:00, run_after=2026-03-12 00:00:00+00:00
[2026-03-11T22:33:14.990+0530] {processor.py:183} INFO - Processing /home/sathya/projects/training-kit/.venv-airflow/lib/python3.10/site-packages/airflow/example_dags/example_task_group_decorator.py took 0.092 seconds
[2026-03-11T22:41:31.351+0530] {processor.py:161} INFO - Started process (PID=9486) to work on /home/sathya/projects/training-kit/.venv-airflow/lib/python3.10/site-packages/airflow/example_dags/example_task_group_decorator.py
[2026-03-11T22:41:31.357+0530] {processor.py:830} INFO - Processing file /home/sathya/projects/training-kit/.venv-airflow/lib/python3.10/site-packages/airflow/example_dags/example_task_group_decorator.py for tasks to queue
[2026-03-11T22:41:31.360+0530] {logging_mixin.py:188} INFO - [2026-03-11T22:41:31.360+0530] {dagbag.py:545} INFO - Filling up the DagBag from /home/sathya/projects/training-kit/.venv-airflow/lib/python3.10/site-packages/airflow/example_dags/example_task_group_decorator.py
[2026-03-11T22:41:31.374+0530] {processor.py:840} INFO - DAG(s) 'example_task_group_decorator' retrieved from /home/sathya/projects/training-kit/.venv-airflow/lib/python3.10/site-packages/airflow/example_dags/example_task_group_decorator.py
[2026-03-11T22:41:31.394+0530] {logging_mixin.py:188} INFO - [2026-03-11T22:41:31.394+0530] {dag.py:3089} INFO - Sync 1 DAGs
[2026-03-11T22:41:31.411+0530] {logging_mixin.py:188} INFO - [2026-03-11T22:41:31.411+0530] {dag.py:3947} INFO - Setting next_dagrun for example_task_group_decorator to 2026-03-11 00:00:00+00:00, run_after=2026-03-12 00:00:00+00:00
[2026-03-11T22:41:31.433+0530] {processor.py:183} INFO - Processing /home/sathya/projects/training-kit/.venv-airflow/lib/python3.10/site-packages/airflow/example_dags/example_task_group_decorator.py took 0.090 seconds
[2026-03-11T22:48:04.404+0530] {processor.py:161} INFO - Started process (PID=10616) to work on /home/sathya/projects/training-kit/.venv-airflow/lib/python3.10/site-packages/airflow/example_dags/example_task_group_decorator.py
[2026-03-11T22:48:04.405+0530] {processor.py:830} INFO - Processing file /home/sathya/projects/training-kit/.venv-airflow/lib/python3.10/site-packages/airflow/example_dags/example_task_group_decorator.py for tasks to queue
[2026-03-11T22:48:04.407+0530] {logging_mixin.py:188} INFO - [2026-03-11T22:48:04.407+0530] {dagbag.py:545} INFO - Filling up the DagBag from /home/sathya/projects/training-kit/.venv-airflow/lib/python3.10/site-packages/airflow/example_dags/example_task_group_decorator.py
[2026-03-11T22:48:04.417+0530] {processor.py:840} INFO - DAG(s) 'example_task_group_decorator' retrieved from /home/sathya/projects/training-kit/.venv-airflow/lib/python3.10/site-packages/airflow/example_dags/example_task_group_decorator.py
[2026-03-11T22:48:04.432+0530] {logging_mixin.py:188} INFO - [2026-03-11T22:48:04.431+0530] {dag.py:3089} INFO - Sync 1 DAGs
[2026-03-11T22:48:04.444+0530] {logging_mixin.py:188} INFO - [2026-03-11T22:48:04.444+0530] {dag.py:3947} INFO - Setting next_dagrun for example_task_group_decorator to 2026-03-11 00:00:00+00:00, run_after=2026-03-12 00:00:00+00:00
[2026-03-11T22:48:04.465+0530] {processor.py:183} INFO - Processing /home/sathya/projects/training-kit/.venv-airflow/lib/python3.10/site-packages/airflow/example_dags/example_task_group_decorator.py took 0.067 seconds
[2026-03-11T22:54:32.918+0530] {processor.py:161} INFO - Started process (PID=11689) to work on /home/sathya/projects/training-kit/.venv-airflow/lib/python3.10/site-packages/airflow/example_dags/example_task_group_decorator.py
[2026-03-11T22:54:32.920+0530] {processor.py:830} INFO - Processing file /home/sathya/projects/training-kit/.venv-airflow/lib/python3.10/site-packages/airflow/example_dags/example_task_group_decorator.py for tasks to queue
[2026-03-11T22:54:32.921+0530] {logging_mixin.py:188} INFO - [2026-03-11T22:54:32.921+0530] {dagbag.py:545} INFO - Filling up the DagBag from /home/sathya/projects/training-kit/.venv-airflow/lib/python3.10/site-packages/airflow/example_dags/example_task_group_decorator.py
[2026-03-11T22:54:32.932+0530] {processor.py:840} INFO - DAG(s) 'example_task_group_decorator' retrieved from /home/sathya/projects/training-kit/.venv-airflow/lib/python3.10/site-packages/airflow/example_dags/example_task_group_decorator.py
[2026-03-11T22:54:32.947+0530] {logging_mixin.py:188} INFO - [2026-03-11T22:54:32.946+0530] {dag.py:3089} INFO - Sync 1 DAGs
[2026-03-11T22:54:32.960+0530] {logging_mixin.py:188} INFO - [2026-03-11T22:54:32.960+0530] {dag.py:3947} INFO - Setting next_dagrun for example_task_group_decorator to 2026-03-11 00:00:00+00:00, run_after=2026-03-12 00:00:00+00:00
[2026-03-11T22:54:32.982+0530] {processor.py:183} INFO - Processing /home/sathya/projects/training-kit/.venv-airflow/lib/python3.10/site-packages/airflow/example_dags/example_task_group_decorator.py took 0.069 seconds
[2026-03-11T23:01:17.754+0530] {processor.py:161} INFO - Started process (PID=12821) to work on /home/sathya/projects/training-kit/.venv-airflow/lib/python3.10/site-packages/airflow/example_dags/example_task_group_decorator.py
[2026-03-11T23:01:17.756+0530] {processor.py:830} INFO - Processing file /home/sathya/projects/training-kit/.venv-airflow/lib/python3.10/site-packages/airflow/example_dags/example_task_group_decorator.py for tasks to queue
[2026-03-11T23:01:17.757+0530] {logging_mixin.py:188} INFO - [2026-03-11T23:01:17.757+0530] {dagbag.py:545} INFO - Filling up the DagBag from /home/sathya/projects/training-kit/.venv-airflow/lib/python3.10/site-packages/airflow/example_dags/example_task_group_decorator.py
[2026-03-11T23:01:17.768+0530] {processor.py:840} INFO - DAG(s) 'example_task_group_decorator' retrieved from /home/sathya/projects/training-kit/.venv-airflow/lib/python3.10/site-packages/airflow/example_dags/example_task_group_decorator.py
[2026-03-11T23:01:17.787+0530] {logging_mixin.py:188} INFO - [2026-03-11T23:01:17.787+0530] {dag.py:3089} INFO - Sync 1 DAGs
[2026-03-11T23:01:17.801+0530] {logging_mixin.py:188} INFO - [2026-03-11T23:01:17.801+0530] {dag.py:3947} INFO - Setting next_dagrun for example_task_group_decorator to 2026-03-11 00:00:00+00:00, run_after=2026-03-12 00:00:00+00:00
[2026-03-11T23:01:17.914+0530] {processor.py:183} INFO - Processing /home/sathya/projects/training-kit/.venv-airflow/lib/python3.10/site-packages/airflow/example_dags/example_task_group_decorator.py took 0.167 seconds
