[2026-03-11T22:28:09.223+0530] {processor.py:161} INFO - Started process (PID=7544) to work on /home/sathya/projects/training-kit/.venv-airflow/lib/python3.10/site-packages/airflow/example_dags/example_datasets.py
[2026-03-11T22:28:09.224+0530] {processor.py:830} INFO - Processing file /home/sathya/projects/training-kit/.venv-airflow/lib/python3.10/site-packages/airflow/example_dags/example_datasets.py for tasks to queue
[2026-03-11T22:28:09.225+0530] {logging_mixin.py:188} INFO - [2026-03-11T22:28:09.225+0530] {dagbag.py:545} INFO - Filling up the DagBag from /home/sathya/projects/training-kit/.venv-airflow/lib/python3.10/site-packages/airflow/example_dags/example_datasets.py
[2026-03-11T22:28:09.252+0530] {processor.py:840} INFO - DAG(s) 'consume_1_or_both_2_and_3_with_dataset_expressions', 'conditional_dataset_and_time_based_timetable', 'consume_1_and_2_with_dataset_expressions', 'dataset_consumes_1_never_scheduled', 'dataset_consumes_1_and_2', 'dataset_produces_1', 'consume_1_or_2_with_dataset_expressions', 'dataset_produces_2', 'dataset_consumes_unknown_never_scheduled', 'dataset_consumes_1' retrieved from /home/sathya/projects/training-kit/.venv-airflow/lib/python3.10/site-packages/airflow/example_dags/example_datasets.py
[2026-03-11T22:28:09.290+0530] {logging_mixin.py:188} INFO - [2026-03-11T22:28:09.289+0530] {dag.py:3089} INFO - Sync 10 DAGs
[2026-03-11T22:28:09.310+0530] {logging_mixin.py:188} INFO - [2026-03-11T22:28:09.310+0530] {dag.py:3947} INFO - Setting next_dagrun for conditional_dataset_and_time_based_timetable to 2026-03-18 01:00:00+00:00, run_after=2026-03-18 01:00:00+00:00
[2026-03-11T22:28:09.316+0530] {logging_mixin.py:188} INFO - [2026-03-11T22:28:09.315+0530] {dag.py:3947} INFO - Setting next_dagrun for consume_1_and_2_with_dataset_expressions to None, run_after=None
[2026-03-11T22:28:09.317+0530] {logging_mixin.py:188} INFO - [2026-03-11T22:28:09.317+0530] {dag.py:3947} INFO - Setting next_dagrun for consume_1_or_2_with_dataset_expressions to None, run_after=None
[2026-03-11T22:28:09.317+0530] {logging_mixin.py:188} INFO - [2026-03-11T22:28:09.317+0530] {dag.py:3947} INFO - Setting next_dagrun for consume_1_or_both_2_and_3_with_dataset_expressions to None, run_after=None
[2026-03-11T22:28:09.318+0530] {logging_mixin.py:188} INFO - [2026-03-11T22:28:09.318+0530] {dag.py:3947} INFO - Setting next_dagrun for dataset_consumes_1 to None, run_after=None
[2026-03-11T22:28:09.318+0530] {logging_mixin.py:188} INFO - [2026-03-11T22:28:09.318+0530] {dag.py:3947} INFO - Setting next_dagrun for dataset_consumes_1_and_2 to None, run_after=None
[2026-03-11T22:28:09.319+0530] {logging_mixin.py:188} INFO - [2026-03-11T22:28:09.319+0530] {dag.py:3947} INFO - Setting next_dagrun for dataset_consumes_1_never_scheduled to None, run_after=None
[2026-03-11T22:28:09.320+0530] {logging_mixin.py:188} INFO - [2026-03-11T22:28:09.319+0530] {dag.py:3947} INFO - Setting next_dagrun for dataset_consumes_unknown_never_scheduled to None, run_after=None
[2026-03-11T22:28:09.321+0530] {logging_mixin.py:188} INFO - [2026-03-11T22:28:09.321+0530] {dag.py:3947} INFO - Setting next_dagrun for dataset_produces_1 to 2026-03-11 00:00:00+00:00, run_after=2026-03-12 00:00:00+00:00
[2026-03-11T22:28:09.321+0530] {logging_mixin.py:188} INFO - [2026-03-11T22:28:09.321+0530] {dag.py:3947} INFO - Setting next_dagrun for dataset_produces_2 to None, run_after=None
[2026-03-11T22:28:09.376+0530] {processor.py:183} INFO - Processing /home/sathya/projects/training-kit/.venv-airflow/lib/python3.10/site-packages/airflow/example_dags/example_datasets.py took 0.160 seconds
[2026-03-11T22:38:31.400+0530] {processor.py:161} INFO - Started process (PID=9000) to work on /home/sathya/projects/training-kit/.venv-airflow/lib/python3.10/site-packages/airflow/example_dags/example_datasets.py
[2026-03-11T22:38:31.401+0530] {processor.py:830} INFO - Processing file /home/sathya/projects/training-kit/.venv-airflow/lib/python3.10/site-packages/airflow/example_dags/example_datasets.py for tasks to queue
[2026-03-11T22:38:31.402+0530] {logging_mixin.py:188} INFO - [2026-03-11T22:38:31.402+0530] {dagbag.py:545} INFO - Filling up the DagBag from /home/sathya/projects/training-kit/.venv-airflow/lib/python3.10/site-packages/airflow/example_dags/example_datasets.py
[2026-03-11T22:38:31.414+0530] {processor.py:840} INFO - DAG(s) 'consume_1_or_both_2_and_3_with_dataset_expressions', 'dataset_consumes_1_and_2', 'dataset_consumes_1', 'dataset_produces_2', 'dataset_consumes_unknown_never_scheduled', 'dataset_consumes_1_never_scheduled', 'consume_1_and_2_with_dataset_expressions', 'conditional_dataset_and_time_based_timetable', 'consume_1_or_2_with_dataset_expressions', 'dataset_produces_1' retrieved from /home/sathya/projects/training-kit/.venv-airflow/lib/python3.10/site-packages/airflow/example_dags/example_datasets.py
[2026-03-11T22:38:31.438+0530] {logging_mixin.py:188} INFO - [2026-03-11T22:38:31.438+0530] {dag.py:3089} INFO - Sync 10 DAGs
[2026-03-11T22:38:31.452+0530] {logging_mixin.py:188} INFO - [2026-03-11T22:38:31.452+0530] {dag.py:3947} INFO - Setting next_dagrun for conditional_dataset_and_time_based_timetable to 2026-03-18 01:00:00+00:00, run_after=2026-03-18 01:00:00+00:00
[2026-03-11T22:38:31.454+0530] {logging_mixin.py:188} INFO - [2026-03-11T22:38:31.454+0530] {dag.py:3947} INFO - Setting next_dagrun for consume_1_and_2_with_dataset_expressions to None, run_after=None
[2026-03-11T22:38:31.455+0530] {logging_mixin.py:188} INFO - [2026-03-11T22:38:31.455+0530] {dag.py:3947} INFO - Setting next_dagrun for consume_1_or_2_with_dataset_expressions to None, run_after=None
[2026-03-11T22:38:31.455+0530] {logging_mixin.py:188} INFO - [2026-03-11T22:38:31.455+0530] {dag.py:3947} INFO - Setting next_dagrun for consume_1_or_both_2_and_3_with_dataset_expressions to None, run_after=None
[2026-03-11T22:38:31.456+0530] {logging_mixin.py:188} INFO - [2026-03-11T22:38:31.456+0530] {dag.py:3947} INFO - Setting next_dagrun for dataset_consumes_1 to None, run_after=None
[2026-03-11T22:38:31.456+0530] {logging_mixin.py:188} INFO - [2026-03-11T22:38:31.456+0530] {dag.py:3947} INFO - Setting next_dagrun for dataset_consumes_1_and_2 to None, run_after=None
[2026-03-11T22:38:31.457+0530] {logging_mixin.py:188} INFO - [2026-03-11T22:38:31.457+0530] {dag.py:3947} INFO - Setting next_dagrun for dataset_consumes_1_never_scheduled to None, run_after=None
[2026-03-11T22:38:31.457+0530] {logging_mixin.py:188} INFO - [2026-03-11T22:38:31.457+0530] {dag.py:3947} INFO - Setting next_dagrun for dataset_consumes_unknown_never_scheduled to None, run_after=None
[2026-03-11T22:38:31.458+0530] {logging_mixin.py:188} INFO - [2026-03-11T22:38:31.458+0530] {dag.py:3947} INFO - Setting next_dagrun for dataset_produces_1 to 2026-03-11 00:00:00+00:00, run_after=2026-03-12 00:00:00+00:00
[2026-03-11T22:38:31.459+0530] {logging_mixin.py:188} INFO - [2026-03-11T22:38:31.459+0530] {dag.py:3947} INFO - Setting next_dagrun for dataset_produces_2 to None, run_after=None
[2026-03-11T22:38:31.508+0530] {processor.py:183} INFO - Processing /home/sathya/projects/training-kit/.venv-airflow/lib/python3.10/site-packages/airflow/example_dags/example_datasets.py took 0.113 seconds
[2026-03-11T22:45:29.009+0530] {processor.py:161} INFO - Started process (PID=10128) to work on /home/sathya/projects/training-kit/.venv-airflow/lib/python3.10/site-packages/airflow/example_dags/example_datasets.py
[2026-03-11T22:45:29.015+0530] {processor.py:830} INFO - Processing file /home/sathya/projects/training-kit/.venv-airflow/lib/python3.10/site-packages/airflow/example_dags/example_datasets.py for tasks to queue
[2026-03-11T22:45:29.017+0530] {logging_mixin.py:188} INFO - [2026-03-11T22:45:29.017+0530] {dagbag.py:545} INFO - Filling up the DagBag from /home/sathya/projects/training-kit/.venv-airflow/lib/python3.10/site-packages/airflow/example_dags/example_datasets.py
[2026-03-11T22:45:29.028+0530] {processor.py:840} INFO - DAG(s) 'dataset_consumes_1_and_2', 'dataset_consumes_1_never_scheduled', 'dataset_produces_2', 'dataset_consumes_1', 'dataset_produces_1', 'consume_1_or_2_with_dataset_expressions', 'conditional_dataset_and_time_based_timetable', 'consume_1_or_both_2_and_3_with_dataset_expressions', 'consume_1_and_2_with_dataset_expressions', 'dataset_consumes_unknown_never_scheduled' retrieved from /home/sathya/projects/training-kit/.venv-airflow/lib/python3.10/site-packages/airflow/example_dags/example_datasets.py
[2026-03-11T22:45:29.055+0530] {logging_mixin.py:188} INFO - [2026-03-11T22:45:29.054+0530] {dag.py:3089} INFO - Sync 10 DAGs
[2026-03-11T22:45:29.070+0530] {logging_mixin.py:188} INFO - [2026-03-11T22:45:29.070+0530] {dag.py:3947} INFO - Setting next_dagrun for conditional_dataset_and_time_based_timetable to 2026-03-18 01:00:00+00:00, run_after=2026-03-18 01:00:00+00:00
[2026-03-11T22:45:29.073+0530] {logging_mixin.py:188} INFO - [2026-03-11T22:45:29.073+0530] {dag.py:3947} INFO - Setting next_dagrun for consume_1_and_2_with_dataset_expressions to None, run_after=None
[2026-03-11T22:45:29.073+0530] {logging_mixin.py:188} INFO - [2026-03-11T22:45:29.073+0530] {dag.py:3947} INFO - Setting next_dagrun for consume_1_or_2_with_dataset_expressions to None, run_after=None
[2026-03-11T22:45:29.074+0530] {logging_mixin.py:188} INFO - [2026-03-11T22:45:29.074+0530] {dag.py:3947} INFO - Setting next_dagrun for consume_1_or_both_2_and_3_with_dataset_expressions to None, run_after=None
[2026-03-11T22:45:29.075+0530] {logging_mixin.py:188} INFO - [2026-03-11T22:45:29.074+0530] {dag.py:3947} INFO - Setting next_dagrun for dataset_consumes_1 to None, run_after=None
[2026-03-11T22:45:29.075+0530] {logging_mixin.py:188} INFO - [2026-03-11T22:45:29.075+0530] {dag.py:3947} INFO - Setting next_dagrun for dataset_consumes_1_and_2 to None, run_after=None
[2026-03-11T22:45:29.076+0530] {logging_mixin.py:188} INFO - [2026-03-11T22:45:29.076+0530] {dag.py:3947} INFO - Setting next_dagrun for dataset_consumes_1_never_scheduled to None, run_after=None
[2026-03-11T22:45:29.076+0530] {logging_mixin.py:188} INFO - [2026-03-11T22:45:29.076+0530] {dag.py:3947} INFO - Setting next_dagrun for dataset_consumes_unknown_never_scheduled to None, run_after=None
[2026-03-11T22:45:29.077+0530] {logging_mixin.py:188} INFO - [2026-03-11T22:45:29.077+0530] {dag.py:3947} INFO - Setting next_dagrun for dataset_produces_1 to 2026-03-11 00:00:00+00:00, run_after=2026-03-12 00:00:00+00:00
[2026-03-11T22:45:29.078+0530] {logging_mixin.py:188} INFO - [2026-03-11T22:45:29.078+0530] {dag.py:3947} INFO - Setting next_dagrun for dataset_produces_2 to None, run_after=None
[2026-03-11T22:45:29.109+0530] {processor.py:183} INFO - Processing /home/sathya/projects/training-kit/.venv-airflow/lib/python3.10/site-packages/airflow/example_dags/example_datasets.py took 0.106 seconds
[2026-03-11T22:57:38.989+0530] {processor.py:161} INFO - Started process (PID=12217) to work on /home/sathya/projects/training-kit/.venv-airflow/lib/python3.10/site-packages/airflow/example_dags/example_datasets.py
[2026-03-11T22:57:38.993+0530] {processor.py:830} INFO - Processing file /home/sathya/projects/training-kit/.venv-airflow/lib/python3.10/site-packages/airflow/example_dags/example_datasets.py for tasks to queue
[2026-03-11T22:57:38.995+0530] {logging_mixin.py:188} INFO - [2026-03-11T22:57:38.994+0530] {dagbag.py:545} INFO - Filling up the DagBag from /home/sathya/projects/training-kit/.venv-airflow/lib/python3.10/site-packages/airflow/example_dags/example_datasets.py
[2026-03-11T22:57:39.005+0530] {processor.py:840} INFO - DAG(s) 'dataset_produces_1', 'conditional_dataset_and_time_based_timetable', 'consume_1_or_2_with_dataset_expressions', 'consume_1_or_both_2_and_3_with_dataset_expressions', 'dataset_consumes_1_never_scheduled', 'dataset_consumes_1', 'dataset_produces_2', 'dataset_consumes_unknown_never_scheduled', 'dataset_consumes_1_and_2', 'consume_1_and_2_with_dataset_expressions' retrieved from /home/sathya/projects/training-kit/.venv-airflow/lib/python3.10/site-packages/airflow/example_dags/example_datasets.py
[2026-03-11T22:57:39.034+0530] {logging_mixin.py:188} INFO - [2026-03-11T22:57:39.034+0530] {dag.py:3089} INFO - Sync 10 DAGs
[2026-03-11T22:57:39.051+0530] {logging_mixin.py:188} INFO - [2026-03-11T22:57:39.050+0530] {dag.py:3947} INFO - Setting next_dagrun for conditional_dataset_and_time_based_timetable to 2026-03-18 01:00:00+00:00, run_after=2026-03-18 01:00:00+00:00
[2026-03-11T22:57:39.053+0530] {logging_mixin.py:188} INFO - [2026-03-11T22:57:39.053+0530] {dag.py:3947} INFO - Setting next_dagrun for consume_1_and_2_with_dataset_expressions to None, run_after=None
[2026-03-11T22:57:39.053+0530] {logging_mixin.py:188} INFO - [2026-03-11T22:57:39.053+0530] {dag.py:3947} INFO - Setting next_dagrun for consume_1_or_2_with_dataset_expressions to None, run_after=None
[2026-03-11T22:57:39.054+0530] {logging_mixin.py:188} INFO - [2026-03-11T22:57:39.054+0530] {dag.py:3947} INFO - Setting next_dagrun for consume_1_or_both_2_and_3_with_dataset_expressions to None, run_after=None
[2026-03-11T22:57:39.055+0530] {logging_mixin.py:188} INFO - [2026-03-11T22:57:39.054+0530] {dag.py:3947} INFO - Setting next_dagrun for dataset_consumes_1 to None, run_after=None
[2026-03-11T22:57:39.055+0530] {logging_mixin.py:188} INFO - [2026-03-11T22:57:39.055+0530] {dag.py:3947} INFO - Setting next_dagrun for dataset_consumes_1_and_2 to None, run_after=None
[2026-03-11T22:57:39.056+0530] {logging_mixin.py:188} INFO - [2026-03-11T22:57:39.055+0530] {dag.py:3947} INFO - Setting next_dagrun for dataset_consumes_1_never_scheduled to None, run_after=None
[2026-03-11T22:57:39.056+0530] {logging_mixin.py:188} INFO - [2026-03-11T22:57:39.056+0530] {dag.py:3947} INFO - Setting next_dagrun for dataset_consumes_unknown_never_scheduled to None, run_after=None
[2026-03-11T22:57:39.058+0530] {logging_mixin.py:188} INFO - [2026-03-11T22:57:39.057+0530] {dag.py:3947} INFO - Setting next_dagrun for dataset_produces_1 to 2026-03-11 00:00:00+00:00, run_after=2026-03-12 00:00:00+00:00
[2026-03-11T22:57:39.058+0530] {logging_mixin.py:188} INFO - [2026-03-11T22:57:39.058+0530] {dag.py:3947} INFO - Setting next_dagrun for dataset_produces_2 to None, run_after=None
[2026-03-11T22:57:39.188+0530] {processor.py:183} INFO - Processing /home/sathya/projects/training-kit/.venv-airflow/lib/python3.10/site-packages/airflow/example_dags/example_datasets.py took 0.205 seconds
[2026-03-11T23:05:38.445+0530] {processor.py:161} INFO - Started process (PID=13589) to work on /home/sathya/projects/training-kit/.venv-airflow/lib/python3.10/site-packages/airflow/example_dags/example_datasets.py
[2026-03-11T23:05:38.446+0530] {processor.py:830} INFO - Processing file /home/sathya/projects/training-kit/.venv-airflow/lib/python3.10/site-packages/airflow/example_dags/example_datasets.py for tasks to queue
[2026-03-11T23:05:38.448+0530] {logging_mixin.py:188} INFO - [2026-03-11T23:05:38.447+0530] {dagbag.py:545} INFO - Filling up the DagBag from /home/sathya/projects/training-kit/.venv-airflow/lib/python3.10/site-packages/airflow/example_dags/example_datasets.py
[2026-03-11T23:05:38.457+0530] {processor.py:840} INFO - DAG(s) 'dataset_consumes_1_never_scheduled', 'dataset_consumes_unknown_never_scheduled', 'dataset_consumes_1', 'dataset_consumes_1_and_2', 'dataset_produces_1', 'consume_1_or_both_2_and_3_with_dataset_expressions', 'consume_1_and_2_with_dataset_expressions', 'conditional_dataset_and_time_based_timetable', 'consume_1_or_2_with_dataset_expressions', 'dataset_produces_2' retrieved from /home/sathya/projects/training-kit/.venv-airflow/lib/python3.10/site-packages/airflow/example_dags/example_datasets.py
[2026-03-11T23:05:38.481+0530] {logging_mixin.py:188} INFO - [2026-03-11T23:05:38.481+0530] {dag.py:3089} INFO - Sync 10 DAGs
[2026-03-11T23:05:38.496+0530] {logging_mixin.py:188} INFO - [2026-03-11T23:05:38.496+0530] {dag.py:3947} INFO - Setting next_dagrun for conditional_dataset_and_time_based_timetable to 2026-03-18 01:00:00+00:00, run_after=2026-03-18 01:00:00+00:00
[2026-03-11T23:05:38.499+0530] {logging_mixin.py:188} INFO - [2026-03-11T23:05:38.499+0530] {dag.py:3947} INFO - Setting next_dagrun for consume_1_and_2_with_dataset_expressions to None, run_after=None
[2026-03-11T23:05:38.500+0530] {logging_mixin.py:188} INFO - [2026-03-11T23:05:38.499+0530] {dag.py:3947} INFO - Setting next_dagrun for consume_1_or_2_with_dataset_expressions to None, run_after=None
[2026-03-11T23:05:38.500+0530] {logging_mixin.py:188} INFO - [2026-03-11T23:05:38.500+0530] {dag.py:3947} INFO - Setting next_dagrun for consume_1_or_both_2_and_3_with_dataset_expressions to None, run_after=None
[2026-03-11T23:05:38.501+0530] {logging_mixin.py:188} INFO - [2026-03-11T23:05:38.501+0530] {dag.py:3947} INFO - Setting next_dagrun for dataset_consumes_1 to None, run_after=None
[2026-03-11T23:05:38.501+0530] {logging_mixin.py:188} INFO - [2026-03-11T23:05:38.501+0530] {dag.py:3947} INFO - Setting next_dagrun for dataset_consumes_1_and_2 to None, run_after=None
[2026-03-11T23:05:38.502+0530] {logging_mixin.py:188} INFO - [2026-03-11T23:05:38.501+0530] {dag.py:3947} INFO - Setting next_dagrun for dataset_consumes_1_never_scheduled to None, run_after=None
[2026-03-11T23:05:38.502+0530] {logging_mixin.py:188} INFO - [2026-03-11T23:05:38.502+0530] {dag.py:3947} INFO - Setting next_dagrun for dataset_consumes_unknown_never_scheduled to None, run_after=None
[2026-03-11T23:05:38.503+0530] {logging_mixin.py:188} INFO - [2026-03-11T23:05:38.503+0530] {dag.py:3947} INFO - Setting next_dagrun for dataset_produces_1 to 2026-03-11 00:00:00+00:00, run_after=2026-03-12 00:00:00+00:00
[2026-03-11T23:05:38.504+0530] {logging_mixin.py:188} INFO - [2026-03-11T23:05:38.504+0530] {dag.py:3947} INFO - Setting next_dagrun for dataset_produces_2 to None, run_after=None
[2026-03-11T23:05:38.536+0530] {processor.py:183} INFO - Processing /home/sathya/projects/training-kit/.venv-airflow/lib/python3.10/site-packages/airflow/example_dags/example_datasets.py took 0.097 seconds
