[2026-03-11T22:25:33.197+0530] {processor.py:161} INFO - Started process (PID=7250) to work on /home/sathya/projects/training-kit/.venv-airflow/lib/python3.10/site-packages/airflow/example_dags/example_params_ui_tutorial.py
[2026-03-11T22:25:33.198+0530] {processor.py:830} INFO - Processing file /home/sathya/projects/training-kit/.venv-airflow/lib/python3.10/site-packages/airflow/example_dags/example_params_ui_tutorial.py for tasks to queue
[2026-03-11T22:25:33.200+0530] {logging_mixin.py:188} INFO - [2026-03-11T22:25:33.200+0530] {dagbag.py:545} INFO - Filling up the DagBag from /home/sathya/projects/training-kit/.venv-airflow/lib/python3.10/site-packages/airflow/example_dags/example_params_ui_tutorial.py
[2026-03-11T22:25:33.208+0530] {processor.py:840} INFO - DAG(s) 'example_params_ui_tutorial' retrieved from /home/sathya/projects/training-kit/.venv-airflow/lib/python3.10/site-packages/airflow/example_dags/example_params_ui_tutorial.py
[2026-03-11T22:25:33.254+0530] {logging_mixin.py:188} INFO - [2026-03-11T22:25:33.253+0530] {dag.py:3089} INFO - Sync 1 DAGs
[2026-03-11T22:25:33.266+0530] {logging_mixin.py:188} INFO - [2026-03-11T22:25:33.266+0530] {dag.py:3947} INFO - Setting next_dagrun for example_params_ui_tutorial to None, run_after=None
[2026-03-11T22:25:33.293+0530] {processor.py:183} INFO - Processing /home/sathya/projects/training-kit/.venv-airflow/lib/python3.10/site-packages/airflow/example_dags/example_params_ui_tutorial.py took 0.101 seconds
[2026-03-11T22:37:27.710+0530] {processor.py:161} INFO - Started process (PID=8790) to work on /home/sathya/projects/training-kit/.venv-airflow/lib/python3.10/site-packages/airflow/example_dags/example_params_ui_tutorial.py
[2026-03-11T22:37:27.712+0530] {processor.py:830} INFO - Processing file /home/sathya/projects/training-kit/.venv-airflow/lib/python3.10/site-packages/airflow/example_dags/example_params_ui_tutorial.py for tasks to queue
[2026-03-11T22:37:27.714+0530] {logging_mixin.py:188} INFO - [2026-03-11T22:37:27.713+0530] {dagbag.py:545} INFO - Filling up the DagBag from /home/sathya/projects/training-kit/.venv-airflow/lib/python3.10/site-packages/airflow/example_dags/example_params_ui_tutorial.py
[2026-03-11T22:37:27.721+0530] {processor.py:840} INFO - DAG(s) 'example_params_ui_tutorial' retrieved from /home/sathya/projects/training-kit/.venv-airflow/lib/python3.10/site-packages/airflow/example_dags/example_params_ui_tutorial.py
[2026-03-11T22:37:27.752+0530] {logging_mixin.py:188} INFO - [2026-03-11T22:37:27.752+0530] {dag.py:3089} INFO - Sync 1 DAGs
[2026-03-11T22:37:27.760+0530] {logging_mixin.py:188} INFO - [2026-03-11T22:37:27.760+0530] {dag.py:3947} INFO - Setting next_dagrun for example_params_ui_tutorial to None, run_after=None
[2026-03-11T22:37:27.783+0530] {processor.py:183} INFO - Processing /home/sathya/projects/training-kit/.venv-airflow/lib/python3.10/site-packages/airflow/example_dags/example_params_ui_tutorial.py took 0.078 seconds
[2026-03-11T22:43:55.090+0530] {processor.py:161} INFO - Started process (PID=9903) to work on /home/sathya/projects/training-kit/.venv-airflow/lib/python3.10/site-packages/airflow/example_dags/example_params_ui_tutorial.py
[2026-03-11T22:43:55.091+0530] {processor.py:830} INFO - Processing file /home/sathya/projects/training-kit/.venv-airflow/lib/python3.10/site-packages/airflow/example_dags/example_params_ui_tutorial.py for tasks to queue
[2026-03-11T22:43:55.093+0530] {logging_mixin.py:188} INFO - [2026-03-11T22:43:55.092+0530] {dagbag.py:545} INFO - Filling up the DagBag from /home/sathya/projects/training-kit/.venv-airflow/lib/python3.10/site-packages/airflow/example_dags/example_params_ui_tutorial.py
[2026-03-11T22:43:55.106+0530] {processor.py:840} INFO - DAG(s) 'example_params_ui_tutorial' retrieved from /home/sathya/projects/training-kit/.venv-airflow/lib/python3.10/site-packages/airflow/example_dags/example_params_ui_tutorial.py
[2026-03-11T22:43:55.153+0530] {logging_mixin.py:188} INFO - [2026-03-11T22:43:55.153+0530] {dag.py:3089} INFO - Sync 1 DAGs
[2026-03-11T22:43:55.162+0530] {logging_mixin.py:188} INFO - [2026-03-11T22:43:55.162+0530] {dag.py:3947} INFO - Setting next_dagrun for example_params_ui_tutorial to None, run_after=None
[2026-03-11T22:43:55.187+0530] {processor.py:183} INFO - Processing /home/sathya/projects/training-kit/.venv-airflow/lib/python3.10/site-packages/airflow/example_dags/example_params_ui_tutorial.py took 0.113 seconds
[2026-03-11T22:51:10.532+0530] {processor.py:161} INFO - Started process (PID=11067) to work on /home/sathya/projects/training-kit/.venv-airflow/lib/python3.10/site-packages/airflow/example_dags/example_params_ui_tutorial.py
[2026-03-11T22:51:10.533+0530] {processor.py:830} INFO - Processing file /home/sathya/projects/training-kit/.venv-airflow/lib/python3.10/site-packages/airflow/example_dags/example_params_ui_tutorial.py for tasks to queue
[2026-03-11T22:51:10.535+0530] {logging_mixin.py:188} INFO - [2026-03-11T22:51:10.535+0530] {dagbag.py:545} INFO - Filling up the DagBag from /home/sathya/projects/training-kit/.venv-airflow/lib/python3.10/site-packages/airflow/example_dags/example_params_ui_tutorial.py
[2026-03-11T22:51:10.541+0530] {processor.py:840} INFO - DAG(s) 'example_params_ui_tutorial' retrieved from /home/sathya/projects/training-kit/.venv-airflow/lib/python3.10/site-packages/airflow/example_dags/example_params_ui_tutorial.py
[2026-03-11T22:51:10.569+0530] {logging_mixin.py:188} INFO - [2026-03-11T22:51:10.569+0530] {dag.py:3089} INFO - Sync 1 DAGs
[2026-03-11T22:51:10.577+0530] {logging_mixin.py:188} INFO - [2026-03-11T22:51:10.577+0530] {dag.py:3947} INFO - Setting next_dagrun for example_params_ui_tutorial to None, run_after=None
[2026-03-11T22:51:10.597+0530] {processor.py:183} INFO - Processing /home/sathya/projects/training-kit/.venv-airflow/lib/python3.10/site-packages/airflow/example_dags/example_params_ui_tutorial.py took 0.070 seconds
[2026-03-11T22:57:11.941+0530] {processor.py:161} INFO - Started process (PID=12092) to work on /home/sathya/projects/training-kit/.venv-airflow/lib/python3.10/site-packages/airflow/example_dags/example_params_ui_tutorial.py
[2026-03-11T22:57:11.942+0530] {processor.py:830} INFO - Processing file /home/sathya/projects/training-kit/.venv-airflow/lib/python3.10/site-packages/airflow/example_dags/example_params_ui_tutorial.py for tasks to queue
[2026-03-11T22:57:11.944+0530] {logging_mixin.py:188} INFO - [2026-03-11T22:57:11.944+0530] {dagbag.py:545} INFO - Filling up the DagBag from /home/sathya/projects/training-kit/.venv-airflow/lib/python3.10/site-packages/airflow/example_dags/example_params_ui_tutorial.py
[2026-03-11T22:57:11.950+0530] {processor.py:840} INFO - DAG(s) 'example_params_ui_tutorial' retrieved from /home/sathya/projects/training-kit/.venv-airflow/lib/python3.10/site-packages/airflow/example_dags/example_params_ui_tutorial.py
[2026-03-11T22:57:11.984+0530] {logging_mixin.py:188} INFO - [2026-03-11T22:57:11.984+0530] {dag.py:3089} INFO - Sync 1 DAGs
[2026-03-11T22:57:11.993+0530] {logging_mixin.py:188} INFO - [2026-03-11T22:57:11.993+0530] {dag.py:3947} INFO - Setting next_dagrun for example_params_ui_tutorial to None, run_after=None
[2026-03-11T22:57:12.017+0530] {processor.py:183} INFO - Processing /home/sathya/projects/training-kit/.venv-airflow/lib/python3.10/site-packages/airflow/example_dags/example_params_ui_tutorial.py took 0.082 seconds
[2026-03-11T23:03:56.664+0530] {processor.py:161} INFO - Started process (PID=13328) to work on /home/sathya/projects/training-kit/.venv-airflow/lib/python3.10/site-packages/airflow/example_dags/example_params_ui_tutorial.py
[2026-03-11T23:03:56.666+0530] {processor.py:830} INFO - Processing file /home/sathya/projects/training-kit/.venv-airflow/lib/python3.10/site-packages/airflow/example_dags/example_params_ui_tutorial.py for tasks to queue
[2026-03-11T23:03:56.667+0530] {logging_mixin.py:188} INFO - [2026-03-11T23:03:56.667+0530] {dagbag.py:545} INFO - Filling up the DagBag from /home/sathya/projects/training-kit/.venv-airflow/lib/python3.10/site-packages/airflow/example_dags/example_params_ui_tutorial.py
[2026-03-11T23:03:56.674+0530] {processor.py:840} INFO - DAG(s) 'example_params_ui_tutorial' retrieved from /home/sathya/projects/training-kit/.venv-airflow/lib/python3.10/site-packages/airflow/example_dags/example_params_ui_tutorial.py
[2026-03-11T23:03:56.702+0530] {logging_mixin.py:188} INFO - [2026-03-11T23:03:56.702+0530] {dag.py:3089} INFO - Sync 1 DAGs
[2026-03-11T23:03:56.801+0530] {logging_mixin.py:188} INFO - [2026-03-11T23:03:56.800+0530] {dag.py:3947} INFO - Setting next_dagrun for example_params_ui_tutorial to None, run_after=None
[2026-03-11T23:03:56.828+0530] {processor.py:183} INFO - Processing /home/sathya/projects/training-kit/.venv-airflow/lib/python3.10/site-packages/airflow/example_dags/example_params_ui_tutorial.py took 0.169 seconds
