[2026-03-11T22:15:08.680+0530] {processor.py:161} INFO - Started process (PID=4038) to work on /home/sathya/projects/training-kit/.venv-airflow/lib/python3.10/site-packages/airflow/example_dags/tutorial_objectstorage.py
[2026-03-11T22:15:08.684+0530] {processor.py:830} INFO - Processing file /home/sathya/projects/training-kit/.venv-airflow/lib/python3.10/site-packages/airflow/example_dags/tutorial_objectstorage.py for tasks to queue
[2026-03-11T22:15:08.687+0530] {logging_mixin.py:188} INFO - [2026-03-11T22:15:08.686+0530] {dagbag.py:545} INFO - Filling up the DagBag from /home/sathya/projects/training-kit/.venv-airflow/lib/python3.10/site-packages/airflow/example_dags/tutorial_objectstorage.py
[2026-03-11T22:15:08.702+0530] {processor.py:840} INFO - DAG(s) 'tutorial_objectstorage' retrieved from /home/sathya/projects/training-kit/.venv-airflow/lib/python3.10/site-packages/airflow/example_dags/tutorial_objectstorage.py
[2026-03-11T22:15:08.744+0530] {logging_mixin.py:188} INFO - [2026-03-11T22:15:08.744+0530] {dag.py:3089} INFO - Sync 1 DAGs
[2026-03-11T22:15:08.771+0530] {logging_mixin.py:188} INFO - [2026-03-11T22:15:08.771+0530] {dag.py:3947} INFO - Setting next_dagrun for tutorial_objectstorage to None, run_after=None
[2026-03-11T22:15:08.814+0530] {processor.py:183} INFO - Processing /home/sathya/projects/training-kit/.venv-airflow/lib/python3.10/site-packages/airflow/example_dags/tutorial_objectstorage.py took 0.144 seconds
[2026-03-11T22:31:15.953+0530] {processor.py:161} INFO - Started process (PID=7943) to work on /home/sathya/projects/training-kit/.venv-airflow/lib/python3.10/site-packages/airflow/example_dags/tutorial_objectstorage.py
[2026-03-11T22:31:15.956+0530] {processor.py:830} INFO - Processing file /home/sathya/projects/training-kit/.venv-airflow/lib/python3.10/site-packages/airflow/example_dags/tutorial_objectstorage.py for tasks to queue
[2026-03-11T22:31:15.958+0530] {logging_mixin.py:188} INFO - [2026-03-11T22:31:15.957+0530] {dagbag.py:545} INFO - Filling up the DagBag from /home/sathya/projects/training-kit/.venv-airflow/lib/python3.10/site-packages/airflow/example_dags/tutorial_objectstorage.py
[2026-03-11T22:31:15.965+0530] {processor.py:840} INFO - DAG(s) 'tutorial_objectstorage' retrieved from /home/sathya/projects/training-kit/.venv-airflow/lib/python3.10/site-packages/airflow/example_dags/tutorial_objectstorage.py
[2026-03-11T22:31:15.978+0530] {logging_mixin.py:188} INFO - [2026-03-11T22:31:15.978+0530] {dag.py:3089} INFO - Sync 1 DAGs
[2026-03-11T22:31:15.987+0530] {logging_mixin.py:188} INFO - [2026-03-11T22:31:15.987+0530] {dag.py:3947} INFO - Setting next_dagrun for tutorial_objectstorage to None, run_after=None
[2026-03-11T22:31:16.013+0530] {processor.py:183} INFO - Processing /home/sathya/projects/training-kit/.venv-airflow/lib/python3.10/site-packages/airflow/example_dags/tutorial_objectstorage.py took 0.065 seconds
[2026-03-11T22:39:45.373+0530] {processor.py:161} INFO - Started process (PID=9225) to work on /home/sathya/projects/training-kit/.venv-airflow/lib/python3.10/site-packages/airflow/example_dags/tutorial_objectstorage.py
[2026-03-11T22:39:45.379+0530] {processor.py:830} INFO - Processing file /home/sathya/projects/training-kit/.venv-airflow/lib/python3.10/site-packages/airflow/example_dags/tutorial_objectstorage.py for tasks to queue
[2026-03-11T22:39:45.380+0530] {logging_mixin.py:188} INFO - [2026-03-11T22:39:45.380+0530] {dagbag.py:545} INFO - Filling up the DagBag from /home/sathya/projects/training-kit/.venv-airflow/lib/python3.10/site-packages/airflow/example_dags/tutorial_objectstorage.py
[2026-03-11T22:39:45.388+0530] {processor.py:840} INFO - DAG(s) 'tutorial_objectstorage' retrieved from /home/sathya/projects/training-kit/.venv-airflow/lib/python3.10/site-packages/airflow/example_dags/tutorial_objectstorage.py
[2026-03-11T22:39:45.402+0530] {logging_mixin.py:188} INFO - [2026-03-11T22:39:45.402+0530] {dag.py:3089} INFO - Sync 1 DAGs
[2026-03-11T22:39:45.410+0530] {logging_mixin.py:188} INFO - [2026-03-11T22:39:45.410+0530] {dag.py:3947} INFO - Setting next_dagrun for tutorial_objectstorage to None, run_after=None
[2026-03-11T22:39:45.473+0530] {processor.py:183} INFO - Processing /home/sathya/projects/training-kit/.venv-airflow/lib/python3.10/site-packages/airflow/example_dags/tutorial_objectstorage.py took 0.105 seconds
[2026-03-11T22:47:12.935+0530] {processor.py:161} INFO - Started process (PID=10380) to work on /home/sathya/projects/training-kit/.venv-airflow/lib/python3.10/site-packages/airflow/example_dags/tutorial_objectstorage.py
[2026-03-11T22:47:12.937+0530] {processor.py:830} INFO - Processing file /home/sathya/projects/training-kit/.venv-airflow/lib/python3.10/site-packages/airflow/example_dags/tutorial_objectstorage.py for tasks to queue
[2026-03-11T22:47:12.939+0530] {logging_mixin.py:188} INFO - [2026-03-11T22:47:12.938+0530] {dagbag.py:545} INFO - Filling up the DagBag from /home/sathya/projects/training-kit/.venv-airflow/lib/python3.10/site-packages/airflow/example_dags/tutorial_objectstorage.py
[2026-03-11T22:47:12.945+0530] {processor.py:840} INFO - DAG(s) 'tutorial_objectstorage' retrieved from /home/sathya/projects/training-kit/.venv-airflow/lib/python3.10/site-packages/airflow/example_dags/tutorial_objectstorage.py
[2026-03-11T22:47:12.960+0530] {logging_mixin.py:188} INFO - [2026-03-11T22:47:12.960+0530] {dag.py:3089} INFO - Sync 1 DAGs
[2026-03-11T22:47:12.972+0530] {logging_mixin.py:188} INFO - [2026-03-11T22:47:12.971+0530] {dag.py:3947} INFO - Setting next_dagrun for tutorial_objectstorage to None, run_after=None
[2026-03-11T22:47:12.997+0530] {processor.py:183} INFO - Processing /home/sathya/projects/training-kit/.venv-airflow/lib/python3.10/site-packages/airflow/example_dags/tutorial_objectstorage.py took 0.071 seconds
[2026-03-11T22:53:10.934+0530] {processor.py:161} INFO - Started process (PID=11414) to work on /home/sathya/projects/training-kit/.venv-airflow/lib/python3.10/site-packages/airflow/example_dags/tutorial_objectstorage.py
[2026-03-11T22:53:10.935+0530] {processor.py:830} INFO - Processing file /home/sathya/projects/training-kit/.venv-airflow/lib/python3.10/site-packages/airflow/example_dags/tutorial_objectstorage.py for tasks to queue
[2026-03-11T22:53:10.939+0530] {logging_mixin.py:188} INFO - [2026-03-11T22:53:10.938+0530] {dagbag.py:545} INFO - Filling up the DagBag from /home/sathya/projects/training-kit/.venv-airflow/lib/python3.10/site-packages/airflow/example_dags/tutorial_objectstorage.py
[2026-03-11T22:53:10.947+0530] {processor.py:840} INFO - DAG(s) 'tutorial_objectstorage' retrieved from /home/sathya/projects/training-kit/.venv-airflow/lib/python3.10/site-packages/airflow/example_dags/tutorial_objectstorage.py
[2026-03-11T22:53:10.961+0530] {logging_mixin.py:188} INFO - [2026-03-11T22:53:10.961+0530] {dag.py:3089} INFO - Sync 1 DAGs
[2026-03-11T22:53:10.971+0530] {logging_mixin.py:188} INFO - [2026-03-11T22:53:10.971+0530] {dag.py:3947} INFO - Setting next_dagrun for tutorial_objectstorage to None, run_after=None
[2026-03-11T22:53:10.994+0530] {processor.py:183} INFO - Processing /home/sathya/projects/training-kit/.venv-airflow/lib/python3.10/site-packages/airflow/example_dags/tutorial_objectstorage.py took 0.066 seconds
[2026-03-11T22:59:34.930+0530] {processor.py:161} INFO - Started process (PID=12564) to work on /home/sathya/projects/training-kit/.venv-airflow/lib/python3.10/site-packages/airflow/example_dags/tutorial_objectstorage.py
[2026-03-11T22:59:34.932+0530] {processor.py:830} INFO - Processing file /home/sathya/projects/training-kit/.venv-airflow/lib/python3.10/site-packages/airflow/example_dags/tutorial_objectstorage.py for tasks to queue
[2026-03-11T22:59:34.933+0530] {logging_mixin.py:188} INFO - [2026-03-11T22:59:34.933+0530] {dagbag.py:545} INFO - Filling up the DagBag from /home/sathya/projects/training-kit/.venv-airflow/lib/python3.10/site-packages/airflow/example_dags/tutorial_objectstorage.py
[2026-03-11T22:59:34.939+0530] {processor.py:840} INFO - DAG(s) 'tutorial_objectstorage' retrieved from /home/sathya/projects/training-kit/.venv-airflow/lib/python3.10/site-packages/airflow/example_dags/tutorial_objectstorage.py
[2026-03-11T22:59:34.951+0530] {logging_mixin.py:188} INFO - [2026-03-11T22:59:34.951+0530] {dag.py:3089} INFO - Sync 1 DAGs
[2026-03-11T22:59:34.958+0530] {logging_mixin.py:188} INFO - [2026-03-11T22:59:34.958+0530] {dag.py:3947} INFO - Setting next_dagrun for tutorial_objectstorage to None, run_after=None
[2026-03-11T22:59:34.979+0530] {processor.py:183} INFO - Processing /home/sathya/projects/training-kit/.venv-airflow/lib/python3.10/site-packages/airflow/example_dags/tutorial_objectstorage.py took 0.054 seconds
