[2026-03-10T23:25:30.800+0530] {local_task_job_runner.py:120} INFO - ::group::Pre task execution logs
[2026-03-10T23:25:30.864+0530] {taskinstance.py:2076} INFO - Dependencies all met for dep_context=non-requeueable deps ti=<TaskInstance: daily_elt.dbt_run scheduled__2026-03-08T00:00:00+00:00 [queued]>
[2026-03-10T23:25:30.882+0530] {taskinstance.py:2076} INFO - Dependencies all met for dep_context=requeueable deps ti=<TaskInstance: daily_elt.dbt_run scheduled__2026-03-08T00:00:00+00:00 [queued]>
[2026-03-10T23:25:30.883+0530] {taskinstance.py:2306} INFO - Starting attempt 4 of 4
[2026-03-10T23:25:30.927+0530] {taskinstance.py:2330} INFO - Executing <Task(BashOperator): dbt_run> on 2026-03-08 00:00:00+00:00
[2026-03-10T23:25:30.941+0530] {standard_task_runner.py:64} INFO - Started process 11165 to run task
[2026-03-10T23:25:30.952+0530] {standard_task_runner.py:90} INFO - Running: ['airflow', 'tasks', 'run', 'daily_elt', 'dbt_run', 'scheduled__2026-03-08T00:00:00+00:00', '--job-id', '1000', '--raw', '--subdir', 'DAGS_FOLDER/elt_dag.py', '--cfg-path', '/tmp/tmpdzbasp4d']
[2026-03-10T23:25:30.957+0530] {standard_task_runner.py:91} INFO - Job 1000: Subtask dbt_run
[2026-03-10T23:25:31.080+0530] {task_command.py:426} INFO - Running <TaskInstance: daily_elt.dbt_run scheduled__2026-03-08T00:00:00+00:00 [running]> on host LAPTOP-A1PMOBSE.localdomain
[2026-03-10T23:25:31.259+0530] {taskinstance.py:2648} INFO - Exporting env vars: AIRFLOW_CTX_DAG_OWNER='data-eng' AIRFLOW_CTX_DAG_ID='daily_elt' AIRFLOW_CTX_TASK_ID='dbt_run' AIRFLOW_CTX_EXECUTION_DATE='2026-03-08T00:00:00+00:00' AIRFLOW_CTX_TRY_NUMBER='4' AIRFLOW_CTX_DAG_RUN_ID='scheduled__2026-03-08T00:00:00+00:00'
[2026-03-10T23:25:31.275+0530] {taskinstance.py:430} INFO - ::endgroup::
[2026-03-10T23:25:31.277+0530] {subprocess.py:63} INFO - Tmp dir root location: /tmp
[2026-03-10T23:25:31.279+0530] {subprocess.py:75} INFO - Running command: ['/usr/bin/bash', '-c', 'cd /home/sathya/projects/training-kit && dbt run --profiles-dir /home/sathya/projects/training-kit']
[2026-03-10T23:25:31.321+0530] {subprocess.py:86} INFO - Output:
[2026-03-10T23:25:36.474+0530] {subprocess.py:93} INFO - [0m17:55:36  Running with dbt=1.5.0
[2026-03-10T23:25:36.484+0530] {subprocess.py:93} INFO - [0m17:55:36  Encountered an error:
[2026-03-10T23:25:36.485+0530] {subprocess.py:93} INFO - Runtime Error
[2026-03-10T23:25:36.486+0530] {subprocess.py:93} INFO -   Could not find profile named 'training_project'
[2026-03-10T23:25:39.595+0530] {subprocess.py:97} INFO - Command exited with return code 2
[2026-03-10T23:25:39.597+0530] {taskinstance.py:441} INFO - ::group::Post task execution logs
[2026-03-10T23:25:39.614+0530] {taskinstance.py:2905} ERROR - Task failed with exception
Traceback (most recent call last):
  File "/home/sathya/projects/training-kit/.venv-airflow/lib/python3.10/site-packages/airflow/models/taskinstance.py", line 465, in _execute_task
    result = _execute_callable(context=context, **execute_callable_kwargs)
  File "/home/sathya/projects/training-kit/.venv-airflow/lib/python3.10/site-packages/airflow/models/taskinstance.py", line 432, in _execute_callable
    return execute_callable(context=context, **execute_callable_kwargs)
  File "/home/sathya/projects/training-kit/.venv-airflow/lib/python3.10/site-packages/airflow/models/baseoperator.py", line 401, in wrapper
    return func(self, *args, **kwargs)
  File "/home/sathya/projects/training-kit/.venv-airflow/lib/python3.10/site-packages/airflow/operators/bash.py", line 243, in execute
    raise AirflowException(
airflow.exceptions.AirflowException: Bash command failed. The command returned a non-zero exit code 2.
[2026-03-10T23:25:39.621+0530] {taskinstance.py:1206} INFO - Marking task as FAILED. dag_id=daily_elt, task_id=dbt_run, run_id=scheduled__2026-03-08T00:00:00+00:00, execution_date=20260308T000000, start_date=20260310T175530, end_date=20260310T175539
[2026-03-10T23:25:39.657+0530] {standard_task_runner.py:110} ERROR - Failed to execute job 1000 for task dbt_run (Bash command failed. The command returned a non-zero exit code 2.; 11165)
[2026-03-10T23:25:39.709+0530] {local_task_job_runner.py:243} INFO - Task exited with return code 1
[2026-03-10T23:25:39.745+0530] {taskinstance.py:3503} INFO - 0 downstream tasks scheduled from follow-on schedule check
[2026-03-10T23:25:39.767+0530] {local_task_job_runner.py:222} INFO - ::endgroup::
