[2026-03-10T23:38:06.198+0530] {local_task_job_runner.py:120} INFO - ::group::Pre task execution logs
[2026-03-10T23:38:06.241+0530] {taskinstance.py:2076} INFO - Dependencies all met for dep_context=non-requeueable deps ti=<TaskInstance: daily_elt.dbt_run scheduled__2026-03-08T00:00:00+00:00 [queued]>
[2026-03-10T23:38:06.254+0530] {taskinstance.py:2076} INFO - Dependencies all met for dep_context=requeueable deps ti=<TaskInstance: daily_elt.dbt_run scheduled__2026-03-08T00:00:00+00:00 [queued]>
[2026-03-10T23:38:06.254+0530] {taskinstance.py:2306} INFO - Starting attempt 7 of 6
[2026-03-10T23:38:06.294+0530] {taskinstance.py:2330} INFO - Executing <Task(BashOperator): dbt_run> on 2026-03-08 00:00:00+00:00
[2026-03-10T23:38:06.307+0530] {standard_task_runner.py:64} INFO - Started process 13566 to run task
[2026-03-10T23:38:06.315+0530] {standard_task_runner.py:90} INFO - Running: ['airflow', 'tasks', 'run', 'daily_elt', 'dbt_run', 'scheduled__2026-03-08T00:00:00+00:00', '--job-id', '1229', '--raw', '--subdir', 'DAGS_FOLDER/elt_dag.py', '--cfg-path', '/tmp/tmpcki9kcxn']
[2026-03-10T23:38:06.326+0530] {standard_task_runner.py:91} INFO - Job 1229: Subtask dbt_run
[2026-03-10T23:38:06.431+0530] {task_command.py:426} INFO - Running <TaskInstance: daily_elt.dbt_run scheduled__2026-03-08T00:00:00+00:00 [running]> on host LAPTOP-A1PMOBSE.localdomain
[2026-03-10T23:38:06.591+0530] {taskinstance.py:2648} INFO - Exporting env vars: AIRFLOW_CTX_DAG_OWNER='data-eng' AIRFLOW_CTX_DAG_ID='daily_elt' AIRFLOW_CTX_TASK_ID='dbt_run' AIRFLOW_CTX_EXECUTION_DATE='2026-03-08T00:00:00+00:00' AIRFLOW_CTX_TRY_NUMBER='7' AIRFLOW_CTX_DAG_RUN_ID='scheduled__2026-03-08T00:00:00+00:00'
[2026-03-10T23:38:06.602+0530] {taskinstance.py:430} INFO - ::endgroup::
[2026-03-10T23:38:06.603+0530] {subprocess.py:63} INFO - Tmp dir root location: /tmp
[2026-03-10T23:38:06.607+0530] {subprocess.py:75} INFO - Running command: ['/usr/bin/bash', '-c', 'cd /home/sathya/projects/training-kit && dbt run --profiles-dir /home/sathya/projects/training-kit']
[2026-03-10T23:38:06.631+0530] {subprocess.py:86} INFO - Output:
[2026-03-10T23:38:11.133+0530] {subprocess.py:93} INFO - [0m18:08:11  Running with dbt=1.5.0
[2026-03-10T23:38:11.143+0530] {subprocess.py:93} INFO - [0m18:08:11  Encountered an error:
[2026-03-10T23:38:11.144+0530] {subprocess.py:93} INFO - Runtime Error
[2026-03-10T23:38:11.144+0530] {subprocess.py:93} INFO -   Could not find profile named 'training_project'
[2026-03-10T23:38:13.314+0530] {subprocess.py:97} INFO - Command exited with return code 2
[2026-03-10T23:38:13.315+0530] {taskinstance.py:441} INFO - ::group::Post task execution logs
[2026-03-10T23:38:13.402+0530] {local_task_job_runner.py:243} INFO - Task exited with return code 0
[2026-03-10T23:38:13.423+0530] {taskinstance.py:3503} INFO - 0 downstream tasks scheduled from follow-on schedule check
[2026-03-10T23:38:13.424+0530] {local_task_job_runner.py:222} INFO - ::endgroup::
