[2025-12-25T23:33:29.008+0530] {processor.py:161} INFO - Started process (PID=2984) to work on /home/sathya/projects/training-kit/.venv-airflow/lib/python3.10/site-packages/airflow/example_dags/example_params_ui_tutorial.py
[2025-12-25T23:33:29.008+0530] {processor.py:830} INFO - Processing file /home/sathya/projects/training-kit/.venv-airflow/lib/python3.10/site-packages/airflow/example_dags/example_params_ui_tutorial.py for tasks to queue
[2025-12-25T23:33:29.009+0530] {logging_mixin.py:188} INFO - [2025-12-25T23:33:29.009+0530] {dagbag.py:545} INFO - Filling up the DagBag from /home/sathya/projects/training-kit/.venv-airflow/lib/python3.10/site-packages/airflow/example_dags/example_params_ui_tutorial.py
[2025-12-25T23:33:29.016+0530] {processor.py:840} INFO - DAG(s) 'example_params_ui_tutorial' retrieved from /home/sathya/projects/training-kit/.venv-airflow/lib/python3.10/site-packages/airflow/example_dags/example_params_ui_tutorial.py
[2025-12-25T23:33:29.187+0530] {logging_mixin.py:188} INFO - [2025-12-25T23:33:29.187+0530] {override.py:1858} INFO - Created Permission View: can read on DAG:example_params_ui_tutorial
[2025-12-25T23:33:29.201+0530] {logging_mixin.py:188} INFO - [2025-12-25T23:33:29.201+0530] {override.py:1858} INFO - Created Permission View: can edit on DAG:example_params_ui_tutorial
[2025-12-25T23:33:29.212+0530] {logging_mixin.py:188} INFO - [2025-12-25T23:33:29.212+0530] {override.py:1858} INFO - Created Permission View: can delete on DAG:example_params_ui_tutorial
[2025-12-25T23:33:29.213+0530] {logging_mixin.py:188} INFO - [2025-12-25T23:33:29.212+0530] {dag.py:3089} INFO - Sync 1 DAGs
[2025-12-25T23:33:29.219+0530] {logging_mixin.py:188} INFO - [2025-12-25T23:33:29.219+0530] {dag.py:3111} INFO - Creating ORM DAG for example_params_ui_tutorial
[2025-12-25T23:33:29.219+0530] {logging_mixin.py:188} INFO - [2025-12-25T23:33:29.219+0530] {dag.py:3947} INFO - Setting next_dagrun for example_params_ui_tutorial to None, run_after=None
[2025-12-25T23:33:29.238+0530] {processor.py:183} INFO - Processing /home/sathya/projects/training-kit/.venv-airflow/lib/python3.10/site-packages/airflow/example_dags/example_params_ui_tutorial.py took 0.235 seconds
[2025-12-25T23:34:25.595+0530] {processor.py:161} INFO - Started process (PID=3045) to work on /home/sathya/projects/training-kit/.venv-airflow/lib/python3.10/site-packages/airflow/example_dags/example_params_ui_tutorial.py
[2025-12-25T23:34:25.602+0530] {processor.py:830} INFO - Processing file /home/sathya/projects/training-kit/.venv-airflow/lib/python3.10/site-packages/airflow/example_dags/example_params_ui_tutorial.py for tasks to queue
[2025-12-25T23:34:25.604+0530] {logging_mixin.py:188} INFO - [2025-12-25T23:34:25.603+0530] {dagbag.py:545} INFO - Filling up the DagBag from /home/sathya/projects/training-kit/.venv-airflow/lib/python3.10/site-packages/airflow/example_dags/example_params_ui_tutorial.py
[2025-12-25T23:34:25.615+0530] {processor.py:840} INFO - DAG(s) 'example_params_ui_tutorial' retrieved from /home/sathya/projects/training-kit/.venv-airflow/lib/python3.10/site-packages/airflow/example_dags/example_params_ui_tutorial.py
[2025-12-25T23:34:25.663+0530] {logging_mixin.py:188} INFO - [2025-12-25T23:34:25.663+0530] {dag.py:3089} INFO - Sync 1 DAGs
[2025-12-25T23:34:25.818+0530] {logging_mixin.py:188} INFO - [2025-12-25T23:34:25.818+0530] {dag.py:3947} INFO - Setting next_dagrun for example_params_ui_tutorial to None, run_after=None
[2025-12-25T23:34:25.852+0530] {processor.py:183} INFO - Processing /home/sathya/projects/training-kit/.venv-airflow/lib/python3.10/site-packages/airflow/example_dags/example_params_ui_tutorial.py took 0.267 seconds
[2025-12-25T23:35:23.633+0530] {processor.py:161} INFO - Started process (PID=3104) to work on /home/sathya/projects/training-kit/.venv-airflow/lib/python3.10/site-packages/airflow/example_dags/example_params_ui_tutorial.py
[2025-12-25T23:35:23.641+0530] {processor.py:830} INFO - Processing file /home/sathya/projects/training-kit/.venv-airflow/lib/python3.10/site-packages/airflow/example_dags/example_params_ui_tutorial.py for tasks to queue
[2025-12-25T23:35:23.644+0530] {logging_mixin.py:188} INFO - [2025-12-25T23:35:23.644+0530] {dagbag.py:545} INFO - Filling up the DagBag from /home/sathya/projects/training-kit/.venv-airflow/lib/python3.10/site-packages/airflow/example_dags/example_params_ui_tutorial.py
[2025-12-25T23:35:23.654+0530] {processor.py:840} INFO - DAG(s) 'example_params_ui_tutorial' retrieved from /home/sathya/projects/training-kit/.venv-airflow/lib/python3.10/site-packages/airflow/example_dags/example_params_ui_tutorial.py
[2025-12-25T23:35:23.705+0530] {logging_mixin.py:188} INFO - [2025-12-25T23:35:23.705+0530] {dag.py:3089} INFO - Sync 1 DAGs
[2025-12-25T23:35:23.715+0530] {logging_mixin.py:188} INFO - [2025-12-25T23:35:23.715+0530] {dag.py:3947} INFO - Setting next_dagrun for example_params_ui_tutorial to None, run_after=None
[2025-12-25T23:35:23.749+0530] {processor.py:183} INFO - Processing /home/sathya/projects/training-kit/.venv-airflow/lib/python3.10/site-packages/airflow/example_dags/example_params_ui_tutorial.py took 0.128 seconds
[2025-12-25T23:36:32.227+0530] {processor.py:161} INFO - Started process (PID=3178) to work on /home/sathya/projects/training-kit/.venv-airflow/lib/python3.10/site-packages/airflow/example_dags/example_params_ui_tutorial.py
[2025-12-25T23:36:32.233+0530] {processor.py:830} INFO - Processing file /home/sathya/projects/training-kit/.venv-airflow/lib/python3.10/site-packages/airflow/example_dags/example_params_ui_tutorial.py for tasks to queue
[2025-12-25T23:36:32.235+0530] {logging_mixin.py:188} INFO - [2025-12-25T23:36:32.235+0530] {dagbag.py:545} INFO - Filling up the DagBag from /home/sathya/projects/training-kit/.venv-airflow/lib/python3.10/site-packages/airflow/example_dags/example_params_ui_tutorial.py
[2025-12-25T23:36:32.243+0530] {processor.py:840} INFO - DAG(s) 'example_params_ui_tutorial' retrieved from /home/sathya/projects/training-kit/.venv-airflow/lib/python3.10/site-packages/airflow/example_dags/example_params_ui_tutorial.py
[2025-12-25T23:36:32.286+0530] {logging_mixin.py:188} INFO - [2025-12-25T23:36:32.286+0530] {dag.py:3089} INFO - Sync 1 DAGs
[2025-12-25T23:36:32.297+0530] {logging_mixin.py:188} INFO - [2025-12-25T23:36:32.297+0530] {dag.py:3947} INFO - Setting next_dagrun for example_params_ui_tutorial to None, run_after=None
[2025-12-25T23:36:32.323+0530] {processor.py:183} INFO - Processing /home/sathya/projects/training-kit/.venv-airflow/lib/python3.10/site-packages/airflow/example_dags/example_params_ui_tutorial.py took 0.103 seconds
[2025-12-25T23:37:33.478+0530] {processor.py:161} INFO - Started process (PID=3244) to work on /home/sathya/projects/training-kit/.venv-airflow/lib/python3.10/site-packages/airflow/example_dags/example_params_ui_tutorial.py
[2025-12-25T23:37:33.484+0530] {processor.py:830} INFO - Processing file /home/sathya/projects/training-kit/.venv-airflow/lib/python3.10/site-packages/airflow/example_dags/example_params_ui_tutorial.py for tasks to queue
[2025-12-25T23:37:33.486+0530] {logging_mixin.py:188} INFO - [2025-12-25T23:37:33.486+0530] {dagbag.py:545} INFO - Filling up the DagBag from /home/sathya/projects/training-kit/.venv-airflow/lib/python3.10/site-packages/airflow/example_dags/example_params_ui_tutorial.py
[2025-12-25T23:37:33.497+0530] {processor.py:840} INFO - DAG(s) 'example_params_ui_tutorial' retrieved from /home/sathya/projects/training-kit/.venv-airflow/lib/python3.10/site-packages/airflow/example_dags/example_params_ui_tutorial.py
[2025-12-25T23:37:33.544+0530] {logging_mixin.py:188} INFO - [2025-12-25T23:37:33.544+0530] {dag.py:3089} INFO - Sync 1 DAGs
[2025-12-25T23:37:33.558+0530] {logging_mixin.py:188} INFO - [2025-12-25T23:37:33.558+0530] {dag.py:3947} INFO - Setting next_dagrun for example_params_ui_tutorial to None, run_after=None
[2025-12-25T23:37:33.590+0530] {processor.py:183} INFO - Processing /home/sathya/projects/training-kit/.venv-airflow/lib/python3.10/site-packages/airflow/example_dags/example_params_ui_tutorial.py took 0.122 seconds
[2025-12-25T23:38:34.950+0530] {processor.py:161} INFO - Started process (PID=3314) to work on /home/sathya/projects/training-kit/.venv-airflow/lib/python3.10/site-packages/airflow/example_dags/example_params_ui_tutorial.py
[2025-12-25T23:38:34.956+0530] {processor.py:830} INFO - Processing file /home/sathya/projects/training-kit/.venv-airflow/lib/python3.10/site-packages/airflow/example_dags/example_params_ui_tutorial.py for tasks to queue
[2025-12-25T23:38:34.958+0530] {logging_mixin.py:188} INFO - [2025-12-25T23:38:34.958+0530] {dagbag.py:545} INFO - Filling up the DagBag from /home/sathya/projects/training-kit/.venv-airflow/lib/python3.10/site-packages/airflow/example_dags/example_params_ui_tutorial.py
[2025-12-25T23:38:34.967+0530] {processor.py:840} INFO - DAG(s) 'example_params_ui_tutorial' retrieved from /home/sathya/projects/training-kit/.venv-airflow/lib/python3.10/site-packages/airflow/example_dags/example_params_ui_tutorial.py
[2025-12-25T23:38:35.014+0530] {logging_mixin.py:188} INFO - [2025-12-25T23:38:35.014+0530] {dag.py:3089} INFO - Sync 1 DAGs
[2025-12-25T23:38:35.030+0530] {logging_mixin.py:188} INFO - [2025-12-25T23:38:35.029+0530] {dag.py:3947} INFO - Setting next_dagrun for example_params_ui_tutorial to None, run_after=None
[2025-12-25T23:38:35.085+0530] {processor.py:183} INFO - Processing /home/sathya/projects/training-kit/.venv-airflow/lib/python3.10/site-packages/airflow/example_dags/example_params_ui_tutorial.py took 0.143 seconds
[2025-12-25T23:39:46.536+0530] {processor.py:161} INFO - Started process (PID=3385) to work on /home/sathya/projects/training-kit/.venv-airflow/lib/python3.10/site-packages/airflow/example_dags/example_params_ui_tutorial.py
[2025-12-25T23:39:46.547+0530] {processor.py:830} INFO - Processing file /home/sathya/projects/training-kit/.venv-airflow/lib/python3.10/site-packages/airflow/example_dags/example_params_ui_tutorial.py for tasks to queue
[2025-12-25T23:39:46.550+0530] {logging_mixin.py:188} INFO - [2025-12-25T23:39:46.549+0530] {dagbag.py:545} INFO - Filling up the DagBag from /home/sathya/projects/training-kit/.venv-airflow/lib/python3.10/site-packages/airflow/example_dags/example_params_ui_tutorial.py
[2025-12-25T23:39:46.567+0530] {processor.py:840} INFO - DAG(s) 'example_params_ui_tutorial' retrieved from /home/sathya/projects/training-kit/.venv-airflow/lib/python3.10/site-packages/airflow/example_dags/example_params_ui_tutorial.py
[2025-12-25T23:39:46.620+0530] {logging_mixin.py:188} INFO - [2025-12-25T23:39:46.620+0530] {dag.py:3089} INFO - Sync 1 DAGs
[2025-12-25T23:39:46.632+0530] {logging_mixin.py:188} INFO - [2025-12-25T23:39:46.631+0530] {dag.py:3947} INFO - Setting next_dagrun for example_params_ui_tutorial to None, run_after=None
[2025-12-25T23:39:46.662+0530] {processor.py:183} INFO - Processing /home/sathya/projects/training-kit/.venv-airflow/lib/python3.10/site-packages/airflow/example_dags/example_params_ui_tutorial.py took 0.136 seconds
[2025-12-25T23:40:56.876+0530] {processor.py:161} INFO - Started process (PID=3457) to work on /home/sathya/projects/training-kit/.venv-airflow/lib/python3.10/site-packages/airflow/example_dags/example_params_ui_tutorial.py
[2025-12-25T23:40:56.884+0530] {processor.py:830} INFO - Processing file /home/sathya/projects/training-kit/.venv-airflow/lib/python3.10/site-packages/airflow/example_dags/example_params_ui_tutorial.py for tasks to queue
[2025-12-25T23:40:56.886+0530] {logging_mixin.py:188} INFO - [2025-12-25T23:40:56.886+0530] {dagbag.py:545} INFO - Filling up the DagBag from /home/sathya/projects/training-kit/.venv-airflow/lib/python3.10/site-packages/airflow/example_dags/example_params_ui_tutorial.py
[2025-12-25T23:40:56.894+0530] {processor.py:840} INFO - DAG(s) 'example_params_ui_tutorial' retrieved from /home/sathya/projects/training-kit/.venv-airflow/lib/python3.10/site-packages/airflow/example_dags/example_params_ui_tutorial.py
[2025-12-25T23:40:56.936+0530] {logging_mixin.py:188} INFO - [2025-12-25T23:40:56.936+0530] {dag.py:3089} INFO - Sync 1 DAGs
[2025-12-25T23:40:56.946+0530] {logging_mixin.py:188} INFO - [2025-12-25T23:40:56.946+0530] {dag.py:3947} INFO - Setting next_dagrun for example_params_ui_tutorial to None, run_after=None
[2025-12-25T23:40:56.998+0530] {processor.py:183} INFO - Processing /home/sathya/projects/training-kit/.venv-airflow/lib/python3.10/site-packages/airflow/example_dags/example_params_ui_tutorial.py took 0.141 seconds
[2025-12-25T23:41:47.957+0530] {processor.py:161} INFO - Started process (PID=3509) to work on /home/sathya/projects/training-kit/.venv-airflow/lib/python3.10/site-packages/airflow/example_dags/example_params_ui_tutorial.py
[2025-12-25T23:41:47.964+0530] {processor.py:830} INFO - Processing file /home/sathya/projects/training-kit/.venv-airflow/lib/python3.10/site-packages/airflow/example_dags/example_params_ui_tutorial.py for tasks to queue
[2025-12-25T23:41:47.966+0530] {logging_mixin.py:188} INFO - [2025-12-25T23:41:47.966+0530] {dagbag.py:545} INFO - Filling up the DagBag from /home/sathya/projects/training-kit/.venv-airflow/lib/python3.10/site-packages/airflow/example_dags/example_params_ui_tutorial.py
[2025-12-25T23:41:47.975+0530] {processor.py:840} INFO - DAG(s) 'example_params_ui_tutorial' retrieved from /home/sathya/projects/training-kit/.venv-airflow/lib/python3.10/site-packages/airflow/example_dags/example_params_ui_tutorial.py
[2025-12-25T23:41:48.016+0530] {logging_mixin.py:188} INFO - [2025-12-25T23:41:48.015+0530] {dag.py:3089} INFO - Sync 1 DAGs
[2025-12-25T23:41:48.029+0530] {logging_mixin.py:188} INFO - [2025-12-25T23:41:48.029+0530] {dag.py:3947} INFO - Setting next_dagrun for example_params_ui_tutorial to None, run_after=None
[2025-12-25T23:41:48.060+0530] {processor.py:183} INFO - Processing /home/sathya/projects/training-kit/.venv-airflow/lib/python3.10/site-packages/airflow/example_dags/example_params_ui_tutorial.py took 0.111 seconds
[2025-12-25T23:42:59.811+0530] {processor.py:161} INFO - Started process (PID=3581) to work on /home/sathya/projects/training-kit/.venv-airflow/lib/python3.10/site-packages/airflow/example_dags/example_params_ui_tutorial.py
[2025-12-25T23:42:59.818+0530] {processor.py:830} INFO - Processing file /home/sathya/projects/training-kit/.venv-airflow/lib/python3.10/site-packages/airflow/example_dags/example_params_ui_tutorial.py for tasks to queue
[2025-12-25T23:42:59.820+0530] {logging_mixin.py:188} INFO - [2025-12-25T23:42:59.820+0530] {dagbag.py:545} INFO - Filling up the DagBag from /home/sathya/projects/training-kit/.venv-airflow/lib/python3.10/site-packages/airflow/example_dags/example_params_ui_tutorial.py
[2025-12-25T23:42:59.829+0530] {processor.py:840} INFO - DAG(s) 'example_params_ui_tutorial' retrieved from /home/sathya/projects/training-kit/.venv-airflow/lib/python3.10/site-packages/airflow/example_dags/example_params_ui_tutorial.py
[2025-12-25T23:42:59.867+0530] {logging_mixin.py:188} INFO - [2025-12-25T23:42:59.867+0530] {dag.py:3089} INFO - Sync 1 DAGs
[2025-12-25T23:42:59.879+0530] {logging_mixin.py:188} INFO - [2025-12-25T23:42:59.879+0530] {dag.py:3947} INFO - Setting next_dagrun for example_params_ui_tutorial to None, run_after=None
[2025-12-25T23:42:59.910+0530] {processor.py:183} INFO - Processing /home/sathya/projects/training-kit/.venv-airflow/lib/python3.10/site-packages/airflow/example_dags/example_params_ui_tutorial.py took 0.108 seconds
[2025-12-25T23:44:03.535+0530] {processor.py:161} INFO - Started process (PID=3656) to work on /home/sathya/projects/training-kit/.venv-airflow/lib/python3.10/site-packages/airflow/example_dags/example_params_ui_tutorial.py
[2025-12-25T23:44:03.542+0530] {processor.py:830} INFO - Processing file /home/sathya/projects/training-kit/.venv-airflow/lib/python3.10/site-packages/airflow/example_dags/example_params_ui_tutorial.py for tasks to queue
[2025-12-25T23:44:03.544+0530] {logging_mixin.py:188} INFO - [2025-12-25T23:44:03.543+0530] {dagbag.py:545} INFO - Filling up the DagBag from /home/sathya/projects/training-kit/.venv-airflow/lib/python3.10/site-packages/airflow/example_dags/example_params_ui_tutorial.py
[2025-12-25T23:44:03.551+0530] {processor.py:840} INFO - DAG(s) 'example_params_ui_tutorial' retrieved from /home/sathya/projects/training-kit/.venv-airflow/lib/python3.10/site-packages/airflow/example_dags/example_params_ui_tutorial.py
[2025-12-25T23:44:03.588+0530] {logging_mixin.py:188} INFO - [2025-12-25T23:44:03.587+0530] {dag.py:3089} INFO - Sync 1 DAGs
[2025-12-25T23:44:03.598+0530] {logging_mixin.py:188} INFO - [2025-12-25T23:44:03.598+0530] {dag.py:3947} INFO - Setting next_dagrun for example_params_ui_tutorial to None, run_after=None
[2025-12-25T23:44:03.629+0530] {processor.py:183} INFO - Processing /home/sathya/projects/training-kit/.venv-airflow/lib/python3.10/site-packages/airflow/example_dags/example_params_ui_tutorial.py took 0.102 seconds
[2025-12-25T23:45:05.102+0530] {processor.py:161} INFO - Started process (PID=3724) to work on /home/sathya/projects/training-kit/.venv-airflow/lib/python3.10/site-packages/airflow/example_dags/example_params_ui_tutorial.py
[2025-12-25T23:45:05.108+0530] {processor.py:830} INFO - Processing file /home/sathya/projects/training-kit/.venv-airflow/lib/python3.10/site-packages/airflow/example_dags/example_params_ui_tutorial.py for tasks to queue
[2025-12-25T23:45:05.111+0530] {logging_mixin.py:188} INFO - [2025-12-25T23:45:05.110+0530] {dagbag.py:545} INFO - Filling up the DagBag from /home/sathya/projects/training-kit/.venv-airflow/lib/python3.10/site-packages/airflow/example_dags/example_params_ui_tutorial.py
[2025-12-25T23:45:05.121+0530] {processor.py:840} INFO - DAG(s) 'example_params_ui_tutorial' retrieved from /home/sathya/projects/training-kit/.venv-airflow/lib/python3.10/site-packages/airflow/example_dags/example_params_ui_tutorial.py
[2025-12-25T23:45:05.161+0530] {logging_mixin.py:188} INFO - [2025-12-25T23:45:05.161+0530] {dag.py:3089} INFO - Sync 1 DAGs
[2025-12-25T23:45:05.172+0530] {logging_mixin.py:188} INFO - [2025-12-25T23:45:05.172+0530] {dag.py:3947} INFO - Setting next_dagrun for example_params_ui_tutorial to None, run_after=None
[2025-12-25T23:45:05.201+0530] {processor.py:183} INFO - Processing /home/sathya/projects/training-kit/.venv-airflow/lib/python3.10/site-packages/airflow/example_dags/example_params_ui_tutorial.py took 0.110 seconds
[2025-12-25T23:46:13.383+0530] {processor.py:161} INFO - Started process (PID=3793) to work on /home/sathya/projects/training-kit/.venv-airflow/lib/python3.10/site-packages/airflow/example_dags/example_params_ui_tutorial.py
[2025-12-25T23:46:13.389+0530] {processor.py:830} INFO - Processing file /home/sathya/projects/training-kit/.venv-airflow/lib/python3.10/site-packages/airflow/example_dags/example_params_ui_tutorial.py for tasks to queue
[2025-12-25T23:46:13.391+0530] {logging_mixin.py:188} INFO - [2025-12-25T23:46:13.391+0530] {dagbag.py:545} INFO - Filling up the DagBag from /home/sathya/projects/training-kit/.venv-airflow/lib/python3.10/site-packages/airflow/example_dags/example_params_ui_tutorial.py
[2025-12-25T23:46:13.404+0530] {processor.py:840} INFO - DAG(s) 'example_params_ui_tutorial' retrieved from /home/sathya/projects/training-kit/.venv-airflow/lib/python3.10/site-packages/airflow/example_dags/example_params_ui_tutorial.py
[2025-12-25T23:46:13.443+0530] {logging_mixin.py:188} INFO - [2025-12-25T23:46:13.443+0530] {dag.py:3089} INFO - Sync 1 DAGs
[2025-12-25T23:46:13.453+0530] {logging_mixin.py:188} INFO - [2025-12-25T23:46:13.453+0530] {dag.py:3947} INFO - Setting next_dagrun for example_params_ui_tutorial to None, run_after=None
[2025-12-25T23:46:13.489+0530] {processor.py:183} INFO - Processing /home/sathya/projects/training-kit/.venv-airflow/lib/python3.10/site-packages/airflow/example_dags/example_params_ui_tutorial.py took 0.113 seconds
[2025-12-25T23:47:22.718+0530] {processor.py:161} INFO - Started process (PID=3867) to work on /home/sathya/projects/training-kit/.venv-airflow/lib/python3.10/site-packages/airflow/example_dags/example_params_ui_tutorial.py
[2025-12-25T23:47:22.724+0530] {processor.py:830} INFO - Processing file /home/sathya/projects/training-kit/.venv-airflow/lib/python3.10/site-packages/airflow/example_dags/example_params_ui_tutorial.py for tasks to queue
[2025-12-25T23:47:22.726+0530] {logging_mixin.py:188} INFO - [2025-12-25T23:47:22.726+0530] {dagbag.py:545} INFO - Filling up the DagBag from /home/sathya/projects/training-kit/.venv-airflow/lib/python3.10/site-packages/airflow/example_dags/example_params_ui_tutorial.py
[2025-12-25T23:47:22.734+0530] {processor.py:840} INFO - DAG(s) 'example_params_ui_tutorial' retrieved from /home/sathya/projects/training-kit/.venv-airflow/lib/python3.10/site-packages/airflow/example_dags/example_params_ui_tutorial.py
[2025-12-25T23:47:22.774+0530] {logging_mixin.py:188} INFO - [2025-12-25T23:47:22.774+0530] {dag.py:3089} INFO - Sync 1 DAGs
[2025-12-25T23:47:22.786+0530] {logging_mixin.py:188} INFO - [2025-12-25T23:47:22.785+0530] {dag.py:3947} INFO - Setting next_dagrun for example_params_ui_tutorial to None, run_after=None
[2025-12-25T23:47:22.814+0530] {processor.py:183} INFO - Processing /home/sathya/projects/training-kit/.venv-airflow/lib/python3.10/site-packages/airflow/example_dags/example_params_ui_tutorial.py took 0.105 seconds
[2025-12-25T23:48:35.971+0530] {processor.py:161} INFO - Started process (PID=3939) to work on /home/sathya/projects/training-kit/.venv-airflow/lib/python3.10/site-packages/airflow/example_dags/example_params_ui_tutorial.py
[2025-12-25T23:48:35.973+0530] {processor.py:830} INFO - Processing file /home/sathya/projects/training-kit/.venv-airflow/lib/python3.10/site-packages/airflow/example_dags/example_params_ui_tutorial.py for tasks to queue
[2025-12-25T23:48:35.975+0530] {logging_mixin.py:188} INFO - [2025-12-25T23:48:35.974+0530] {dagbag.py:545} INFO - Filling up the DagBag from /home/sathya/projects/training-kit/.venv-airflow/lib/python3.10/site-packages/airflow/example_dags/example_params_ui_tutorial.py
[2025-12-25T23:48:35.983+0530] {processor.py:840} INFO - DAG(s) 'example_params_ui_tutorial' retrieved from /home/sathya/projects/training-kit/.venv-airflow/lib/python3.10/site-packages/airflow/example_dags/example_params_ui_tutorial.py
[2025-12-25T23:48:36.025+0530] {logging_mixin.py:188} INFO - [2025-12-25T23:48:36.025+0530] {dag.py:3089} INFO - Sync 1 DAGs
[2025-12-25T23:48:36.035+0530] {logging_mixin.py:188} INFO - [2025-12-25T23:48:36.035+0530] {dag.py:3947} INFO - Setting next_dagrun for example_params_ui_tutorial to None, run_after=None
[2025-12-25T23:48:36.088+0530] {processor.py:183} INFO - Processing /home/sathya/projects/training-kit/.venv-airflow/lib/python3.10/site-packages/airflow/example_dags/example_params_ui_tutorial.py took 0.126 seconds
[2025-12-25T23:49:50.503+0530] {processor.py:161} INFO - Started process (PID=4015) to work on /home/sathya/projects/training-kit/.venv-airflow/lib/python3.10/site-packages/airflow/example_dags/example_params_ui_tutorial.py
[2025-12-25T23:49:50.510+0530] {processor.py:830} INFO - Processing file /home/sathya/projects/training-kit/.venv-airflow/lib/python3.10/site-packages/airflow/example_dags/example_params_ui_tutorial.py for tasks to queue
[2025-12-25T23:49:50.513+0530] {logging_mixin.py:188} INFO - [2025-12-25T23:49:50.512+0530] {dagbag.py:545} INFO - Filling up the DagBag from /home/sathya/projects/training-kit/.venv-airflow/lib/python3.10/site-packages/airflow/example_dags/example_params_ui_tutorial.py
[2025-12-25T23:49:50.523+0530] {processor.py:840} INFO - DAG(s) 'example_params_ui_tutorial' retrieved from /home/sathya/projects/training-kit/.venv-airflow/lib/python3.10/site-packages/airflow/example_dags/example_params_ui_tutorial.py
[2025-12-25T23:49:50.564+0530] {logging_mixin.py:188} INFO - [2025-12-25T23:49:50.564+0530] {dag.py:3089} INFO - Sync 1 DAGs
[2025-12-25T23:49:50.577+0530] {logging_mixin.py:188} INFO - [2025-12-25T23:49:50.576+0530] {dag.py:3947} INFO - Setting next_dagrun for example_params_ui_tutorial to None, run_after=None
[2025-12-25T23:49:50.609+0530] {processor.py:183} INFO - Processing /home/sathya/projects/training-kit/.venv-airflow/lib/python3.10/site-packages/airflow/example_dags/example_params_ui_tutorial.py took 0.115 seconds
[2025-12-25T23:50:42.697+0530] {processor.py:161} INFO - Started process (PID=4066) to work on /home/sathya/projects/training-kit/.venv-airflow/lib/python3.10/site-packages/airflow/example_dags/example_params_ui_tutorial.py
[2025-12-25T23:50:42.704+0530] {processor.py:830} INFO - Processing file /home/sathya/projects/training-kit/.venv-airflow/lib/python3.10/site-packages/airflow/example_dags/example_params_ui_tutorial.py for tasks to queue
[2025-12-25T23:50:42.708+0530] {logging_mixin.py:188} INFO - [2025-12-25T23:50:42.707+0530] {dagbag.py:545} INFO - Filling up the DagBag from /home/sathya/projects/training-kit/.venv-airflow/lib/python3.10/site-packages/airflow/example_dags/example_params_ui_tutorial.py
[2025-12-25T23:50:42.715+0530] {processor.py:840} INFO - DAG(s) 'example_params_ui_tutorial' retrieved from /home/sathya/projects/training-kit/.venv-airflow/lib/python3.10/site-packages/airflow/example_dags/example_params_ui_tutorial.py
[2025-12-25T23:50:42.788+0530] {logging_mixin.py:188} INFO - [2025-12-25T23:50:42.787+0530] {dag.py:3089} INFO - Sync 1 DAGs
[2025-12-25T23:50:42.815+0530] {logging_mixin.py:188} INFO - [2025-12-25T23:50:42.815+0530] {dag.py:3947} INFO - Setting next_dagrun for example_params_ui_tutorial to None, run_after=None
[2025-12-25T23:50:42.875+0530] {processor.py:183} INFO - Processing /home/sathya/projects/training-kit/.venv-airflow/lib/python3.10/site-packages/airflow/example_dags/example_params_ui_tutorial.py took 0.192 seconds
[2025-12-25T23:51:50.921+0530] {processor.py:161} INFO - Started process (PID=4137) to work on /home/sathya/projects/training-kit/.venv-airflow/lib/python3.10/site-packages/airflow/example_dags/example_params_ui_tutorial.py
[2025-12-25T23:51:50.923+0530] {processor.py:830} INFO - Processing file /home/sathya/projects/training-kit/.venv-airflow/lib/python3.10/site-packages/airflow/example_dags/example_params_ui_tutorial.py for tasks to queue
[2025-12-25T23:51:50.925+0530] {logging_mixin.py:188} INFO - [2025-12-25T23:51:50.924+0530] {dagbag.py:545} INFO - Filling up the DagBag from /home/sathya/projects/training-kit/.venv-airflow/lib/python3.10/site-packages/airflow/example_dags/example_params_ui_tutorial.py
[2025-12-25T23:51:50.932+0530] {processor.py:840} INFO - DAG(s) 'example_params_ui_tutorial' retrieved from /home/sathya/projects/training-kit/.venv-airflow/lib/python3.10/site-packages/airflow/example_dags/example_params_ui_tutorial.py
[2025-12-25T23:51:50.970+0530] {logging_mixin.py:188} INFO - [2025-12-25T23:51:50.970+0530] {dag.py:3089} INFO - Sync 1 DAGs
[2025-12-25T23:51:50.982+0530] {logging_mixin.py:188} INFO - [2025-12-25T23:51:50.982+0530] {dag.py:3947} INFO - Setting next_dagrun for example_params_ui_tutorial to None, run_after=None
[2025-12-25T23:51:51.008+0530] {processor.py:183} INFO - Processing /home/sathya/projects/training-kit/.venv-airflow/lib/python3.10/site-packages/airflow/example_dags/example_params_ui_tutorial.py took 0.098 seconds
[2025-12-25T23:52:54.382+0530] {processor.py:161} INFO - Started process (PID=4204) to work on /home/sathya/projects/training-kit/.venv-airflow/lib/python3.10/site-packages/airflow/example_dags/example_params_ui_tutorial.py
[2025-12-25T23:52:54.390+0530] {processor.py:830} INFO - Processing file /home/sathya/projects/training-kit/.venv-airflow/lib/python3.10/site-packages/airflow/example_dags/example_params_ui_tutorial.py for tasks to queue
[2025-12-25T23:52:54.392+0530] {logging_mixin.py:188} INFO - [2025-12-25T23:52:54.391+0530] {dagbag.py:545} INFO - Filling up the DagBag from /home/sathya/projects/training-kit/.venv-airflow/lib/python3.10/site-packages/airflow/example_dags/example_params_ui_tutorial.py
[2025-12-25T23:52:54.401+0530] {processor.py:840} INFO - DAG(s) 'example_params_ui_tutorial' retrieved from /home/sathya/projects/training-kit/.venv-airflow/lib/python3.10/site-packages/airflow/example_dags/example_params_ui_tutorial.py
[2025-12-25T23:52:54.444+0530] {logging_mixin.py:188} INFO - [2025-12-25T23:52:54.444+0530] {dag.py:3089} INFO - Sync 1 DAGs
[2025-12-25T23:52:54.459+0530] {logging_mixin.py:188} INFO - [2025-12-25T23:52:54.458+0530] {dag.py:3947} INFO - Setting next_dagrun for example_params_ui_tutorial to None, run_after=None
[2025-12-25T23:52:54.490+0530] {processor.py:183} INFO - Processing /home/sathya/projects/training-kit/.venv-airflow/lib/python3.10/site-packages/airflow/example_dags/example_params_ui_tutorial.py took 0.116 seconds
[2025-12-25T23:53:48.342+0530] {processor.py:161} INFO - Started process (PID=4257) to work on /home/sathya/projects/training-kit/.venv-airflow/lib/python3.10/site-packages/airflow/example_dags/example_params_ui_tutorial.py
[2025-12-25T23:53:48.349+0530] {processor.py:830} INFO - Processing file /home/sathya/projects/training-kit/.venv-airflow/lib/python3.10/site-packages/airflow/example_dags/example_params_ui_tutorial.py for tasks to queue
[2025-12-25T23:53:48.351+0530] {logging_mixin.py:188} INFO - [2025-12-25T23:53:48.350+0530] {dagbag.py:545} INFO - Filling up the DagBag from /home/sathya/projects/training-kit/.venv-airflow/lib/python3.10/site-packages/airflow/example_dags/example_params_ui_tutorial.py
[2025-12-25T23:53:48.361+0530] {processor.py:840} INFO - DAG(s) 'example_params_ui_tutorial' retrieved from /home/sathya/projects/training-kit/.venv-airflow/lib/python3.10/site-packages/airflow/example_dags/example_params_ui_tutorial.py
[2025-12-25T23:53:48.399+0530] {logging_mixin.py:188} INFO - [2025-12-25T23:53:48.398+0530] {dag.py:3089} INFO - Sync 1 DAGs
[2025-12-25T23:53:48.409+0530] {logging_mixin.py:188} INFO - [2025-12-25T23:53:48.409+0530] {dag.py:3947} INFO - Setting next_dagrun for example_params_ui_tutorial to None, run_after=None
[2025-12-25T23:53:48.440+0530] {processor.py:183} INFO - Processing /home/sathya/projects/training-kit/.venv-airflow/lib/python3.10/site-packages/airflow/example_dags/example_params_ui_tutorial.py took 0.109 seconds
[2025-12-25T23:54:56.949+0530] {processor.py:161} INFO - Started process (PID=4329) to work on /home/sathya/projects/training-kit/.venv-airflow/lib/python3.10/site-packages/airflow/example_dags/example_params_ui_tutorial.py
[2025-12-25T23:54:56.955+0530] {processor.py:830} INFO - Processing file /home/sathya/projects/training-kit/.venv-airflow/lib/python3.10/site-packages/airflow/example_dags/example_params_ui_tutorial.py for tasks to queue
[2025-12-25T23:54:56.958+0530] {logging_mixin.py:188} INFO - [2025-12-25T23:54:56.957+0530] {dagbag.py:545} INFO - Filling up the DagBag from /home/sathya/projects/training-kit/.venv-airflow/lib/python3.10/site-packages/airflow/example_dags/example_params_ui_tutorial.py
[2025-12-25T23:54:56.969+0530] {processor.py:840} INFO - DAG(s) 'example_params_ui_tutorial' retrieved from /home/sathya/projects/training-kit/.venv-airflow/lib/python3.10/site-packages/airflow/example_dags/example_params_ui_tutorial.py
[2025-12-25T23:54:57.010+0530] {logging_mixin.py:188} INFO - [2025-12-25T23:54:57.010+0530] {dag.py:3089} INFO - Sync 1 DAGs
[2025-12-25T23:54:57.021+0530] {logging_mixin.py:188} INFO - [2025-12-25T23:54:57.020+0530] {dag.py:3947} INFO - Setting next_dagrun for example_params_ui_tutorial to None, run_after=None
[2025-12-25T23:54:57.051+0530] {processor.py:183} INFO - Processing /home/sathya/projects/training-kit/.venv-airflow/lib/python3.10/site-packages/airflow/example_dags/example_params_ui_tutorial.py took 0.111 seconds
[2025-12-25T23:56:19.158+0530] {processor.py:161} INFO - Started process (PID=4409) to work on /home/sathya/projects/training-kit/.venv-airflow/lib/python3.10/site-packages/airflow/example_dags/example_params_ui_tutorial.py
[2025-12-25T23:56:19.161+0530] {processor.py:830} INFO - Processing file /home/sathya/projects/training-kit/.venv-airflow/lib/python3.10/site-packages/airflow/example_dags/example_params_ui_tutorial.py for tasks to queue
[2025-12-25T23:56:19.163+0530] {logging_mixin.py:188} INFO - [2025-12-25T23:56:19.162+0530] {dagbag.py:545} INFO - Filling up the DagBag from /home/sathya/projects/training-kit/.venv-airflow/lib/python3.10/site-packages/airflow/example_dags/example_params_ui_tutorial.py
[2025-12-25T23:56:19.174+0530] {processor.py:840} INFO - DAG(s) 'example_params_ui_tutorial' retrieved from /home/sathya/projects/training-kit/.venv-airflow/lib/python3.10/site-packages/airflow/example_dags/example_params_ui_tutorial.py
[2025-12-25T23:56:19.213+0530] {logging_mixin.py:188} INFO - [2025-12-25T23:56:19.212+0530] {dag.py:3089} INFO - Sync 1 DAGs
[2025-12-25T23:56:19.223+0530] {logging_mixin.py:188} INFO - [2025-12-25T23:56:19.223+0530] {dag.py:3947} INFO - Setting next_dagrun for example_params_ui_tutorial to None, run_after=None
[2025-12-25T23:56:19.259+0530] {processor.py:183} INFO - Processing /home/sathya/projects/training-kit/.venv-airflow/lib/python3.10/site-packages/airflow/example_dags/example_params_ui_tutorial.py took 0.113 seconds
[2025-12-25T23:57:15.785+0530] {processor.py:161} INFO - Started process (PID=4465) to work on /home/sathya/projects/training-kit/.venv-airflow/lib/python3.10/site-packages/airflow/example_dags/example_params_ui_tutorial.py
[2025-12-25T23:57:15.791+0530] {processor.py:830} INFO - Processing file /home/sathya/projects/training-kit/.venv-airflow/lib/python3.10/site-packages/airflow/example_dags/example_params_ui_tutorial.py for tasks to queue
[2025-12-25T23:57:15.792+0530] {logging_mixin.py:188} INFO - [2025-12-25T23:57:15.792+0530] {dagbag.py:545} INFO - Filling up the DagBag from /home/sathya/projects/training-kit/.venv-airflow/lib/python3.10/site-packages/airflow/example_dags/example_params_ui_tutorial.py
[2025-12-25T23:57:15.798+0530] {processor.py:840} INFO - DAG(s) 'example_params_ui_tutorial' retrieved from /home/sathya/projects/training-kit/.venv-airflow/lib/python3.10/site-packages/airflow/example_dags/example_params_ui_tutorial.py
[2025-12-25T23:57:15.827+0530] {logging_mixin.py:188} INFO - [2025-12-25T23:57:15.827+0530] {dag.py:3089} INFO - Sync 1 DAGs
[2025-12-25T23:57:15.910+0530] {logging_mixin.py:188} INFO - [2025-12-25T23:57:15.910+0530] {dag.py:3947} INFO - Setting next_dagrun for example_params_ui_tutorial to None, run_after=None
[2025-12-25T23:57:15.947+0530] {processor.py:183} INFO - Processing /home/sathya/projects/training-kit/.venv-airflow/lib/python3.10/site-packages/airflow/example_dags/example_params_ui_tutorial.py took 0.167 seconds
[2025-12-25T23:58:14.332+0530] {processor.py:161} INFO - Started process (PID=4519) to work on /home/sathya/projects/training-kit/.venv-airflow/lib/python3.10/site-packages/airflow/example_dags/example_params_ui_tutorial.py
[2025-12-25T23:58:14.339+0530] {processor.py:830} INFO - Processing file /home/sathya/projects/training-kit/.venv-airflow/lib/python3.10/site-packages/airflow/example_dags/example_params_ui_tutorial.py for tasks to queue
[2025-12-25T23:58:14.341+0530] {logging_mixin.py:188} INFO - [2025-12-25T23:58:14.341+0530] {dagbag.py:545} INFO - Filling up the DagBag from /home/sathya/projects/training-kit/.venv-airflow/lib/python3.10/site-packages/airflow/example_dags/example_params_ui_tutorial.py
[2025-12-25T23:58:14.371+0530] {processor.py:840} INFO - DAG(s) 'example_params_ui_tutorial' retrieved from /home/sathya/projects/training-kit/.venv-airflow/lib/python3.10/site-packages/airflow/example_dags/example_params_ui_tutorial.py
[2025-12-25T23:58:14.477+0530] {logging_mixin.py:188} INFO - [2025-12-25T23:58:14.476+0530] {dag.py:3089} INFO - Sync 1 DAGs
[2025-12-25T23:58:14.505+0530] {logging_mixin.py:188} INFO - [2025-12-25T23:58:14.505+0530] {dag.py:3947} INFO - Setting next_dagrun for example_params_ui_tutorial to None, run_after=None
[2025-12-25T23:58:14.607+0530] {processor.py:183} INFO - Processing /home/sathya/projects/training-kit/.venv-airflow/lib/python3.10/site-packages/airflow/example_dags/example_params_ui_tutorial.py took 0.289 seconds
[2025-12-25T23:59:23.954+0530] {processor.py:161} INFO - Started process (PID=4597) to work on /home/sathya/projects/training-kit/.venv-airflow/lib/python3.10/site-packages/airflow/example_dags/example_params_ui_tutorial.py
[2025-12-25T23:59:23.960+0530] {processor.py:830} INFO - Processing file /home/sathya/projects/training-kit/.venv-airflow/lib/python3.10/site-packages/airflow/example_dags/example_params_ui_tutorial.py for tasks to queue
[2025-12-25T23:59:23.962+0530] {logging_mixin.py:188} INFO - [2025-12-25T23:59:23.962+0530] {dagbag.py:545} INFO - Filling up the DagBag from /home/sathya/projects/training-kit/.venv-airflow/lib/python3.10/site-packages/airflow/example_dags/example_params_ui_tutorial.py
[2025-12-25T23:59:23.971+0530] {processor.py:840} INFO - DAG(s) 'example_params_ui_tutorial' retrieved from /home/sathya/projects/training-kit/.venv-airflow/lib/python3.10/site-packages/airflow/example_dags/example_params_ui_tutorial.py
[2025-12-25T23:59:24.016+0530] {logging_mixin.py:188} INFO - [2025-12-25T23:59:24.016+0530] {dag.py:3089} INFO - Sync 1 DAGs
[2025-12-25T23:59:24.030+0530] {logging_mixin.py:188} INFO - [2025-12-25T23:59:24.029+0530] {dag.py:3947} INFO - Setting next_dagrun for example_params_ui_tutorial to None, run_after=None
[2025-12-25T23:59:24.071+0530] {processor.py:183} INFO - Processing /home/sathya/projects/training-kit/.venv-airflow/lib/python3.10/site-packages/airflow/example_dags/example_params_ui_tutorial.py took 0.125 seconds
[2025-12-26T00:00:28.987+0530] {processor.py:161} INFO - Started process (PID=4668) to work on /home/sathya/projects/training-kit/.venv-airflow/lib/python3.10/site-packages/airflow/example_dags/example_params_ui_tutorial.py
[2025-12-26T00:00:28.994+0530] {processor.py:830} INFO - Processing file /home/sathya/projects/training-kit/.venv-airflow/lib/python3.10/site-packages/airflow/example_dags/example_params_ui_tutorial.py for tasks to queue
[2025-12-26T00:00:28.998+0530] {logging_mixin.py:188} INFO - [2025-12-26T00:00:28.997+0530] {dagbag.py:545} INFO - Filling up the DagBag from /home/sathya/projects/training-kit/.venv-airflow/lib/python3.10/site-packages/airflow/example_dags/example_params_ui_tutorial.py
[2025-12-26T00:00:29.019+0530] {processor.py:840} INFO - DAG(s) 'example_params_ui_tutorial' retrieved from /home/sathya/projects/training-kit/.venv-airflow/lib/python3.10/site-packages/airflow/example_dags/example_params_ui_tutorial.py
[2025-12-26T00:00:29.140+0530] {logging_mixin.py:188} INFO - [2025-12-26T00:00:29.139+0530] {dag.py:3089} INFO - Sync 1 DAGs
[2025-12-26T00:00:29.152+0530] {logging_mixin.py:188} INFO - [2025-12-26T00:00:29.152+0530] {dag.py:3947} INFO - Setting next_dagrun for example_params_ui_tutorial to None, run_after=None
[2025-12-26T00:00:29.177+0530] {processor.py:183} INFO - Processing /home/sathya/projects/training-kit/.venv-airflow/lib/python3.10/site-packages/airflow/example_dags/example_params_ui_tutorial.py took 0.207 seconds
[2025-12-26T00:01:34.018+0530] {processor.py:161} INFO - Started process (PID=4788) to work on /home/sathya/projects/training-kit/.venv-airflow/lib/python3.10/site-packages/airflow/example_dags/example_params_ui_tutorial.py
[2025-12-26T00:01:34.025+0530] {processor.py:830} INFO - Processing file /home/sathya/projects/training-kit/.venv-airflow/lib/python3.10/site-packages/airflow/example_dags/example_params_ui_tutorial.py for tasks to queue
[2025-12-26T00:01:34.028+0530] {logging_mixin.py:188} INFO - [2025-12-26T00:01:34.027+0530] {dagbag.py:545} INFO - Filling up the DagBag from /home/sathya/projects/training-kit/.venv-airflow/lib/python3.10/site-packages/airflow/example_dags/example_params_ui_tutorial.py
[2025-12-26T00:01:34.035+0530] {processor.py:840} INFO - DAG(s) 'example_params_ui_tutorial' retrieved from /home/sathya/projects/training-kit/.venv-airflow/lib/python3.10/site-packages/airflow/example_dags/example_params_ui_tutorial.py
[2025-12-26T00:01:34.072+0530] {logging_mixin.py:188} INFO - [2025-12-26T00:01:34.072+0530] {dag.py:3089} INFO - Sync 1 DAGs
[2025-12-26T00:01:34.084+0530] {logging_mixin.py:188} INFO - [2025-12-26T00:01:34.084+0530] {dag.py:3947} INFO - Setting next_dagrun for example_params_ui_tutorial to None, run_after=None
[2025-12-26T00:01:34.119+0530] {processor.py:183} INFO - Processing /home/sathya/projects/training-kit/.venv-airflow/lib/python3.10/site-packages/airflow/example_dags/example_params_ui_tutorial.py took 0.112 seconds
[2025-12-26T00:02:36.032+0530] {processor.py:161} INFO - Started process (PID=4853) to work on /home/sathya/projects/training-kit/.venv-airflow/lib/python3.10/site-packages/airflow/example_dags/example_params_ui_tutorial.py
[2025-12-26T00:02:36.039+0530] {processor.py:830} INFO - Processing file /home/sathya/projects/training-kit/.venv-airflow/lib/python3.10/site-packages/airflow/example_dags/example_params_ui_tutorial.py for tasks to queue
[2025-12-26T00:02:36.041+0530] {logging_mixin.py:188} INFO - [2025-12-26T00:02:36.041+0530] {dagbag.py:545} INFO - Filling up the DagBag from /home/sathya/projects/training-kit/.venv-airflow/lib/python3.10/site-packages/airflow/example_dags/example_params_ui_tutorial.py
[2025-12-26T00:02:36.051+0530] {processor.py:840} INFO - DAG(s) 'example_params_ui_tutorial' retrieved from /home/sathya/projects/training-kit/.venv-airflow/lib/python3.10/site-packages/airflow/example_dags/example_params_ui_tutorial.py
[2025-12-26T00:02:36.089+0530] {logging_mixin.py:188} INFO - [2025-12-26T00:02:36.089+0530] {dag.py:3089} INFO - Sync 1 DAGs
[2025-12-26T00:02:36.101+0530] {logging_mixin.py:188} INFO - [2025-12-26T00:02:36.100+0530] {dag.py:3947} INFO - Setting next_dagrun for example_params_ui_tutorial to None, run_after=None
[2025-12-26T00:02:36.130+0530] {processor.py:183} INFO - Processing /home/sathya/projects/training-kit/.venv-airflow/lib/python3.10/site-packages/airflow/example_dags/example_params_ui_tutorial.py took 0.107 seconds
[2025-12-26T00:03:44.112+0530] {processor.py:161} INFO - Started process (PID=4925) to work on /home/sathya/projects/training-kit/.venv-airflow/lib/python3.10/site-packages/airflow/example_dags/example_params_ui_tutorial.py
[2025-12-26T00:03:44.119+0530] {processor.py:830} INFO - Processing file /home/sathya/projects/training-kit/.venv-airflow/lib/python3.10/site-packages/airflow/example_dags/example_params_ui_tutorial.py for tasks to queue
[2025-12-26T00:03:44.121+0530] {logging_mixin.py:188} INFO - [2025-12-26T00:03:44.120+0530] {dagbag.py:545} INFO - Filling up the DagBag from /home/sathya/projects/training-kit/.venv-airflow/lib/python3.10/site-packages/airflow/example_dags/example_params_ui_tutorial.py
[2025-12-26T00:03:44.129+0530] {processor.py:840} INFO - DAG(s) 'example_params_ui_tutorial' retrieved from /home/sathya/projects/training-kit/.venv-airflow/lib/python3.10/site-packages/airflow/example_dags/example_params_ui_tutorial.py
[2025-12-26T00:03:44.174+0530] {logging_mixin.py:188} INFO - [2025-12-26T00:03:44.173+0530] {dag.py:3089} INFO - Sync 1 DAGs
[2025-12-26T00:03:44.188+0530] {logging_mixin.py:188} INFO - [2025-12-26T00:03:44.188+0530] {dag.py:3947} INFO - Setting next_dagrun for example_params_ui_tutorial to None, run_after=None
[2025-12-26T00:03:44.223+0530] {processor.py:183} INFO - Processing /home/sathya/projects/training-kit/.venv-airflow/lib/python3.10/site-packages/airflow/example_dags/example_params_ui_tutorial.py took 0.120 seconds
[2025-12-26T00:04:56.025+0530] {processor.py:161} INFO - Started process (PID=4997) to work on /home/sathya/projects/training-kit/.venv-airflow/lib/python3.10/site-packages/airflow/example_dags/example_params_ui_tutorial.py
[2025-12-26T00:04:56.031+0530] {processor.py:830} INFO - Processing file /home/sathya/projects/training-kit/.venv-airflow/lib/python3.10/site-packages/airflow/example_dags/example_params_ui_tutorial.py for tasks to queue
[2025-12-26T00:04:56.034+0530] {logging_mixin.py:188} INFO - [2025-12-26T00:04:56.034+0530] {dagbag.py:545} INFO - Filling up the DagBag from /home/sathya/projects/training-kit/.venv-airflow/lib/python3.10/site-packages/airflow/example_dags/example_params_ui_tutorial.py
[2025-12-26T00:04:56.047+0530] {processor.py:840} INFO - DAG(s) 'example_params_ui_tutorial' retrieved from /home/sathya/projects/training-kit/.venv-airflow/lib/python3.10/site-packages/airflow/example_dags/example_params_ui_tutorial.py
[2025-12-26T00:04:56.091+0530] {logging_mixin.py:188} INFO - [2025-12-26T00:04:56.091+0530] {dag.py:3089} INFO - Sync 1 DAGs
[2025-12-26T00:04:56.104+0530] {logging_mixin.py:188} INFO - [2025-12-26T00:04:56.103+0530] {dag.py:3947} INFO - Setting next_dagrun for example_params_ui_tutorial to None, run_after=None
[2025-12-26T00:04:56.141+0530] {processor.py:183} INFO - Processing /home/sathya/projects/training-kit/.venv-airflow/lib/python3.10/site-packages/airflow/example_dags/example_params_ui_tutorial.py took 0.127 seconds
[2025-12-26T00:06:09.094+0530] {processor.py:161} INFO - Started process (PID=5075) to work on /home/sathya/projects/training-kit/.venv-airflow/lib/python3.10/site-packages/airflow/example_dags/example_params_ui_tutorial.py
[2025-12-26T00:06:09.096+0530] {processor.py:830} INFO - Processing file /home/sathya/projects/training-kit/.venv-airflow/lib/python3.10/site-packages/airflow/example_dags/example_params_ui_tutorial.py for tasks to queue
[2025-12-26T00:06:09.097+0530] {logging_mixin.py:188} INFO - [2025-12-26T00:06:09.097+0530] {dagbag.py:545} INFO - Filling up the DagBag from /home/sathya/projects/training-kit/.venv-airflow/lib/python3.10/site-packages/airflow/example_dags/example_params_ui_tutorial.py
[2025-12-26T00:06:09.107+0530] {processor.py:840} INFO - DAG(s) 'example_params_ui_tutorial' retrieved from /home/sathya/projects/training-kit/.venv-airflow/lib/python3.10/site-packages/airflow/example_dags/example_params_ui_tutorial.py
[2025-12-26T00:06:09.150+0530] {logging_mixin.py:188} INFO - [2025-12-26T00:06:09.150+0530] {dag.py:3089} INFO - Sync 1 DAGs
[2025-12-26T00:06:09.163+0530] {logging_mixin.py:188} INFO - [2025-12-26T00:06:09.162+0530] {dag.py:3947} INFO - Setting next_dagrun for example_params_ui_tutorial to None, run_after=None
[2025-12-26T00:06:09.196+0530] {processor.py:183} INFO - Processing /home/sathya/projects/training-kit/.venv-airflow/lib/python3.10/site-packages/airflow/example_dags/example_params_ui_tutorial.py took 0.114 seconds
[2025-12-26T00:07:01.558+0530] {processor.py:161} INFO - Started process (PID=5130) to work on /home/sathya/projects/training-kit/.venv-airflow/lib/python3.10/site-packages/airflow/example_dags/example_params_ui_tutorial.py
[2025-12-26T00:07:01.565+0530] {processor.py:830} INFO - Processing file /home/sathya/projects/training-kit/.venv-airflow/lib/python3.10/site-packages/airflow/example_dags/example_params_ui_tutorial.py for tasks to queue
[2025-12-26T00:07:01.566+0530] {logging_mixin.py:188} INFO - [2025-12-26T00:07:01.566+0530] {dagbag.py:545} INFO - Filling up the DagBag from /home/sathya/projects/training-kit/.venv-airflow/lib/python3.10/site-packages/airflow/example_dags/example_params_ui_tutorial.py
[2025-12-26T00:07:01.577+0530] {processor.py:840} INFO - DAG(s) 'example_params_ui_tutorial' retrieved from /home/sathya/projects/training-kit/.venv-airflow/lib/python3.10/site-packages/airflow/example_dags/example_params_ui_tutorial.py
[2025-12-26T00:07:01.616+0530] {logging_mixin.py:188} INFO - [2025-12-26T00:07:01.616+0530] {dag.py:3089} INFO - Sync 1 DAGs
[2025-12-26T00:07:01.628+0530] {logging_mixin.py:188} INFO - [2025-12-26T00:07:01.628+0530] {dag.py:3947} INFO - Setting next_dagrun for example_params_ui_tutorial to None, run_after=None
[2025-12-26T00:07:01.686+0530] {processor.py:183} INFO - Processing /home/sathya/projects/training-kit/.venv-airflow/lib/python3.10/site-packages/airflow/example_dags/example_params_ui_tutorial.py took 0.138 seconds
[2025-12-26T00:08:10.969+0530] {processor.py:161} INFO - Started process (PID=5201) to work on /home/sathya/projects/training-kit/.venv-airflow/lib/python3.10/site-packages/airflow/example_dags/example_params_ui_tutorial.py
[2025-12-26T00:08:10.975+0530] {processor.py:830} INFO - Processing file /home/sathya/projects/training-kit/.venv-airflow/lib/python3.10/site-packages/airflow/example_dags/example_params_ui_tutorial.py for tasks to queue
[2025-12-26T00:08:10.976+0530] {logging_mixin.py:188} INFO - [2025-12-26T00:08:10.976+0530] {dagbag.py:545} INFO - Filling up the DagBag from /home/sathya/projects/training-kit/.venv-airflow/lib/python3.10/site-packages/airflow/example_dags/example_params_ui_tutorial.py
[2025-12-26T00:08:10.984+0530] {processor.py:840} INFO - DAG(s) 'example_params_ui_tutorial' retrieved from /home/sathya/projects/training-kit/.venv-airflow/lib/python3.10/site-packages/airflow/example_dags/example_params_ui_tutorial.py
[2025-12-26T00:08:11.030+0530] {logging_mixin.py:188} INFO - [2025-12-26T00:08:11.029+0530] {dag.py:3089} INFO - Sync 1 DAGs
[2025-12-26T00:08:11.045+0530] {logging_mixin.py:188} INFO - [2025-12-26T00:08:11.045+0530] {dag.py:3947} INFO - Setting next_dagrun for example_params_ui_tutorial to None, run_after=None
[2025-12-26T00:08:11.073+0530] {processor.py:183} INFO - Processing /home/sathya/projects/training-kit/.venv-airflow/lib/python3.10/site-packages/airflow/example_dags/example_params_ui_tutorial.py took 0.111 seconds
[2025-12-26T00:09:28.770+0530] {processor.py:161} INFO - Started process (PID=5282) to work on /home/sathya/projects/training-kit/.venv-airflow/lib/python3.10/site-packages/airflow/example_dags/example_params_ui_tutorial.py
[2025-12-26T00:09:28.774+0530] {processor.py:830} INFO - Processing file /home/sathya/projects/training-kit/.venv-airflow/lib/python3.10/site-packages/airflow/example_dags/example_params_ui_tutorial.py for tasks to queue
[2025-12-26T00:09:28.775+0530] {logging_mixin.py:188} INFO - [2025-12-26T00:09:28.774+0530] {dagbag.py:545} INFO - Filling up the DagBag from /home/sathya/projects/training-kit/.venv-airflow/lib/python3.10/site-packages/airflow/example_dags/example_params_ui_tutorial.py
[2025-12-26T00:09:28.783+0530] {processor.py:840} INFO - DAG(s) 'example_params_ui_tutorial' retrieved from /home/sathya/projects/training-kit/.venv-airflow/lib/python3.10/site-packages/airflow/example_dags/example_params_ui_tutorial.py
[2025-12-26T00:09:28.841+0530] {logging_mixin.py:188} INFO - [2025-12-26T00:09:28.840+0530] {dag.py:3089} INFO - Sync 1 DAGs
[2025-12-26T00:09:28.854+0530] {logging_mixin.py:188} INFO - [2025-12-26T00:09:28.853+0530] {dag.py:3947} INFO - Setting next_dagrun for example_params_ui_tutorial to None, run_after=None
[2025-12-26T00:09:28.882+0530] {processor.py:183} INFO - Processing /home/sathya/projects/training-kit/.venv-airflow/lib/python3.10/site-packages/airflow/example_dags/example_params_ui_tutorial.py took 0.121 seconds
[2025-12-26T00:10:40.291+0530] {processor.py:161} INFO - Started process (PID=5356) to work on /home/sathya/projects/training-kit/.venv-airflow/lib/python3.10/site-packages/airflow/example_dags/example_params_ui_tutorial.py
[2025-12-26T00:10:40.298+0530] {processor.py:830} INFO - Processing file /home/sathya/projects/training-kit/.venv-airflow/lib/python3.10/site-packages/airflow/example_dags/example_params_ui_tutorial.py for tasks to queue
[2025-12-26T00:10:40.300+0530] {logging_mixin.py:188} INFO - [2025-12-26T00:10:40.299+0530] {dagbag.py:545} INFO - Filling up the DagBag from /home/sathya/projects/training-kit/.venv-airflow/lib/python3.10/site-packages/airflow/example_dags/example_params_ui_tutorial.py
[2025-12-26T00:10:40.309+0530] {processor.py:840} INFO - DAG(s) 'example_params_ui_tutorial' retrieved from /home/sathya/projects/training-kit/.venv-airflow/lib/python3.10/site-packages/airflow/example_dags/example_params_ui_tutorial.py
[2025-12-26T00:10:40.347+0530] {logging_mixin.py:188} INFO - [2025-12-26T00:10:40.347+0530] {dag.py:3089} INFO - Sync 1 DAGs
[2025-12-26T00:10:40.361+0530] {logging_mixin.py:188} INFO - [2025-12-26T00:10:40.360+0530] {dag.py:3947} INFO - Setting next_dagrun for example_params_ui_tutorial to None, run_after=None
[2025-12-26T00:10:40.390+0530] {processor.py:183} INFO - Processing /home/sathya/projects/training-kit/.venv-airflow/lib/python3.10/site-packages/airflow/example_dags/example_params_ui_tutorial.py took 0.108 seconds
[2025-12-26T00:11:49.053+0530] {processor.py:161} INFO - Started process (PID=5429) to work on /home/sathya/projects/training-kit/.venv-airflow/lib/python3.10/site-packages/airflow/example_dags/example_params_ui_tutorial.py
[2025-12-26T00:11:49.060+0530] {processor.py:830} INFO - Processing file /home/sathya/projects/training-kit/.venv-airflow/lib/python3.10/site-packages/airflow/example_dags/example_params_ui_tutorial.py for tasks to queue
[2025-12-26T00:11:49.061+0530] {logging_mixin.py:188} INFO - [2025-12-26T00:11:49.061+0530] {dagbag.py:545} INFO - Filling up the DagBag from /home/sathya/projects/training-kit/.venv-airflow/lib/python3.10/site-packages/airflow/example_dags/example_params_ui_tutorial.py
[2025-12-26T00:11:49.071+0530] {processor.py:840} INFO - DAG(s) 'example_params_ui_tutorial' retrieved from /home/sathya/projects/training-kit/.venv-airflow/lib/python3.10/site-packages/airflow/example_dags/example_params_ui_tutorial.py
[2025-12-26T00:11:49.108+0530] {logging_mixin.py:188} INFO - [2025-12-26T00:11:49.108+0530] {dag.py:3089} INFO - Sync 1 DAGs
[2025-12-26T00:11:49.118+0530] {logging_mixin.py:188} INFO - [2025-12-26T00:11:49.118+0530] {dag.py:3947} INFO - Setting next_dagrun for example_params_ui_tutorial to None, run_after=None
[2025-12-26T00:11:49.147+0530] {processor.py:183} INFO - Processing /home/sathya/projects/training-kit/.venv-airflow/lib/python3.10/site-packages/airflow/example_dags/example_params_ui_tutorial.py took 0.105 seconds
[2025-12-26T00:12:58.932+0530] {processor.py:161} INFO - Started process (PID=5503) to work on /home/sathya/projects/training-kit/.venv-airflow/lib/python3.10/site-packages/airflow/example_dags/example_params_ui_tutorial.py
[2025-12-26T00:12:58.934+0530] {processor.py:830} INFO - Processing file /home/sathya/projects/training-kit/.venv-airflow/lib/python3.10/site-packages/airflow/example_dags/example_params_ui_tutorial.py for tasks to queue
[2025-12-26T00:12:58.935+0530] {logging_mixin.py:188} INFO - [2025-12-26T00:12:58.934+0530] {dagbag.py:545} INFO - Filling up the DagBag from /home/sathya/projects/training-kit/.venv-airflow/lib/python3.10/site-packages/airflow/example_dags/example_params_ui_tutorial.py
[2025-12-26T00:12:58.950+0530] {processor.py:840} INFO - DAG(s) 'example_params_ui_tutorial' retrieved from /home/sathya/projects/training-kit/.venv-airflow/lib/python3.10/site-packages/airflow/example_dags/example_params_ui_tutorial.py
[2025-12-26T00:12:58.992+0530] {logging_mixin.py:188} INFO - [2025-12-26T00:12:58.991+0530] {dag.py:3089} INFO - Sync 1 DAGs
[2025-12-26T00:12:59.004+0530] {logging_mixin.py:188} INFO - [2025-12-26T00:12:59.004+0530] {dag.py:3947} INFO - Setting next_dagrun for example_params_ui_tutorial to None, run_after=None
[2025-12-26T00:12:59.032+0530] {processor.py:183} INFO - Processing /home/sathya/projects/training-kit/.venv-airflow/lib/python3.10/site-packages/airflow/example_dags/example_params_ui_tutorial.py took 0.108 seconds
[2025-12-26T00:14:11.691+0530] {processor.py:161} INFO - Started process (PID=5579) to work on /home/sathya/projects/training-kit/.venv-airflow/lib/python3.10/site-packages/airflow/example_dags/example_params_ui_tutorial.py
[2025-12-26T00:14:11.693+0530] {processor.py:830} INFO - Processing file /home/sathya/projects/training-kit/.venv-airflow/lib/python3.10/site-packages/airflow/example_dags/example_params_ui_tutorial.py for tasks to queue
[2025-12-26T00:14:11.694+0530] {logging_mixin.py:188} INFO - [2025-12-26T00:14:11.694+0530] {dagbag.py:545} INFO - Filling up the DagBag from /home/sathya/projects/training-kit/.venv-airflow/lib/python3.10/site-packages/airflow/example_dags/example_params_ui_tutorial.py
[2025-12-26T00:14:11.707+0530] {processor.py:840} INFO - DAG(s) 'example_params_ui_tutorial' retrieved from /home/sathya/projects/training-kit/.venv-airflow/lib/python3.10/site-packages/airflow/example_dags/example_params_ui_tutorial.py
[2025-12-26T00:14:11.761+0530] {logging_mixin.py:188} INFO - [2025-12-26T00:14:11.761+0530] {dag.py:3089} INFO - Sync 1 DAGs
[2025-12-26T00:14:11.775+0530] {logging_mixin.py:188} INFO - [2025-12-26T00:14:11.774+0530] {dag.py:3947} INFO - Setting next_dagrun for example_params_ui_tutorial to None, run_after=None
[2025-12-26T00:14:11.806+0530] {processor.py:183} INFO - Processing /home/sathya/projects/training-kit/.venv-airflow/lib/python3.10/site-packages/airflow/example_dags/example_params_ui_tutorial.py took 0.128 seconds
[2025-12-26T00:15:24.181+0530] {processor.py:161} INFO - Started process (PID=5657) to work on /home/sathya/projects/training-kit/.venv-airflow/lib/python3.10/site-packages/airflow/example_dags/example_params_ui_tutorial.py
[2025-12-26T00:15:24.186+0530] {processor.py:830} INFO - Processing file /home/sathya/projects/training-kit/.venv-airflow/lib/python3.10/site-packages/airflow/example_dags/example_params_ui_tutorial.py for tasks to queue
[2025-12-26T00:15:24.187+0530] {logging_mixin.py:188} INFO - [2025-12-26T00:15:24.187+0530] {dagbag.py:545} INFO - Filling up the DagBag from /home/sathya/projects/training-kit/.venv-airflow/lib/python3.10/site-packages/airflow/example_dags/example_params_ui_tutorial.py
[2025-12-26T00:15:24.195+0530] {processor.py:840} INFO - DAG(s) 'example_params_ui_tutorial' retrieved from /home/sathya/projects/training-kit/.venv-airflow/lib/python3.10/site-packages/airflow/example_dags/example_params_ui_tutorial.py
[2025-12-26T00:15:24.238+0530] {logging_mixin.py:188} INFO - [2025-12-26T00:15:24.237+0530] {dag.py:3089} INFO - Sync 1 DAGs
[2025-12-26T00:15:24.250+0530] {logging_mixin.py:188} INFO - [2025-12-26T00:15:24.250+0530] {dag.py:3947} INFO - Setting next_dagrun for example_params_ui_tutorial to None, run_after=None
[2025-12-26T00:15:24.297+0530] {processor.py:183} INFO - Processing /home/sathya/projects/training-kit/.venv-airflow/lib/python3.10/site-packages/airflow/example_dags/example_params_ui_tutorial.py took 0.123 seconds
[2025-12-26T00:16:38.981+0530] {processor.py:161} INFO - Started process (PID=5734) to work on /home/sathya/projects/training-kit/.venv-airflow/lib/python3.10/site-packages/airflow/example_dags/example_params_ui_tutorial.py
[2025-12-26T00:16:38.984+0530] {processor.py:830} INFO - Processing file /home/sathya/projects/training-kit/.venv-airflow/lib/python3.10/site-packages/airflow/example_dags/example_params_ui_tutorial.py for tasks to queue
[2025-12-26T00:16:38.985+0530] {logging_mixin.py:188} INFO - [2025-12-26T00:16:38.984+0530] {dagbag.py:545} INFO - Filling up the DagBag from /home/sathya/projects/training-kit/.venv-airflow/lib/python3.10/site-packages/airflow/example_dags/example_params_ui_tutorial.py
[2025-12-26T00:16:38.995+0530] {processor.py:840} INFO - DAG(s) 'example_params_ui_tutorial' retrieved from /home/sathya/projects/training-kit/.venv-airflow/lib/python3.10/site-packages/airflow/example_dags/example_params_ui_tutorial.py
[2025-12-26T00:16:39.030+0530] {logging_mixin.py:188} INFO - [2025-12-26T00:16:39.029+0530] {dag.py:3089} INFO - Sync 1 DAGs
[2025-12-26T00:16:39.040+0530] {logging_mixin.py:188} INFO - [2025-12-26T00:16:39.040+0530] {dag.py:3947} INFO - Setting next_dagrun for example_params_ui_tutorial to None, run_after=None
[2025-12-26T00:16:39.068+0530] {processor.py:183} INFO - Processing /home/sathya/projects/training-kit/.venv-airflow/lib/python3.10/site-packages/airflow/example_dags/example_params_ui_tutorial.py took 0.095 seconds
[2025-12-26T00:17:53.276+0530] {processor.py:161} INFO - Started process (PID=5811) to work on /home/sathya/projects/training-kit/.venv-airflow/lib/python3.10/site-packages/airflow/example_dags/example_params_ui_tutorial.py
[2025-12-26T00:17:53.278+0530] {processor.py:830} INFO - Processing file /home/sathya/projects/training-kit/.venv-airflow/lib/python3.10/site-packages/airflow/example_dags/example_params_ui_tutorial.py for tasks to queue
[2025-12-26T00:17:53.278+0530] {logging_mixin.py:188} INFO - [2025-12-26T00:17:53.278+0530] {dagbag.py:545} INFO - Filling up the DagBag from /home/sathya/projects/training-kit/.venv-airflow/lib/python3.10/site-packages/airflow/example_dags/example_params_ui_tutorial.py
[2025-12-26T00:17:53.285+0530] {processor.py:840} INFO - DAG(s) 'example_params_ui_tutorial' retrieved from /home/sathya/projects/training-kit/.venv-airflow/lib/python3.10/site-packages/airflow/example_dags/example_params_ui_tutorial.py
[2025-12-26T00:17:53.321+0530] {logging_mixin.py:188} INFO - [2025-12-26T00:17:53.321+0530] {dag.py:3089} INFO - Sync 1 DAGs
[2025-12-26T00:17:53.331+0530] {logging_mixin.py:188} INFO - [2025-12-26T00:17:53.331+0530] {dag.py:3947} INFO - Setting next_dagrun for example_params_ui_tutorial to None, run_after=None
[2025-12-26T00:17:53.356+0530] {processor.py:183} INFO - Processing /home/sathya/projects/training-kit/.venv-airflow/lib/python3.10/site-packages/airflow/example_dags/example_params_ui_tutorial.py took 0.086 seconds
[2025-12-26T00:19:05.523+0530] {processor.py:161} INFO - Started process (PID=5918) to work on /home/sathya/projects/training-kit/.venv-airflow/lib/python3.10/site-packages/airflow/example_dags/example_params_ui_tutorial.py
[2025-12-26T00:19:05.536+0530] {processor.py:830} INFO - Processing file /home/sathya/projects/training-kit/.venv-airflow/lib/python3.10/site-packages/airflow/example_dags/example_params_ui_tutorial.py for tasks to queue
[2025-12-26T00:19:05.538+0530] {logging_mixin.py:188} INFO - [2025-12-26T00:19:05.537+0530] {dagbag.py:545} INFO - Filling up the DagBag from /home/sathya/projects/training-kit/.venv-airflow/lib/python3.10/site-packages/airflow/example_dags/example_params_ui_tutorial.py
[2025-12-26T00:19:05.550+0530] {processor.py:840} INFO - DAG(s) 'example_params_ui_tutorial' retrieved from /home/sathya/projects/training-kit/.venv-airflow/lib/python3.10/site-packages/airflow/example_dags/example_params_ui_tutorial.py
[2025-12-26T00:19:05.593+0530] {logging_mixin.py:188} INFO - [2025-12-26T00:19:05.593+0530] {dag.py:3089} INFO - Sync 1 DAGs
[2025-12-26T00:19:05.604+0530] {logging_mixin.py:188} INFO - [2025-12-26T00:19:05.603+0530] {dag.py:3947} INFO - Setting next_dagrun for example_params_ui_tutorial to None, run_after=None
[2025-12-26T00:19:05.631+0530] {processor.py:183} INFO - Processing /home/sathya/projects/training-kit/.venv-airflow/lib/python3.10/site-packages/airflow/example_dags/example_params_ui_tutorial.py took 0.118 seconds
[2025-12-26T00:20:14.203+0530] {processor.py:161} INFO - Started process (PID=5991) to work on /home/sathya/projects/training-kit/.venv-airflow/lib/python3.10/site-packages/airflow/example_dags/example_params_ui_tutorial.py
[2025-12-26T00:20:14.210+0530] {processor.py:830} INFO - Processing file /home/sathya/projects/training-kit/.venv-airflow/lib/python3.10/site-packages/airflow/example_dags/example_params_ui_tutorial.py for tasks to queue
[2025-12-26T00:20:14.212+0530] {logging_mixin.py:188} INFO - [2025-12-26T00:20:14.211+0530] {dagbag.py:545} INFO - Filling up the DagBag from /home/sathya/projects/training-kit/.venv-airflow/lib/python3.10/site-packages/airflow/example_dags/example_params_ui_tutorial.py
[2025-12-26T00:20:14.224+0530] {processor.py:840} INFO - DAG(s) 'example_params_ui_tutorial' retrieved from /home/sathya/projects/training-kit/.venv-airflow/lib/python3.10/site-packages/airflow/example_dags/example_params_ui_tutorial.py
[2025-12-26T00:20:14.265+0530] {logging_mixin.py:188} INFO - [2025-12-26T00:20:14.264+0530] {dag.py:3089} INFO - Sync 1 DAGs
[2025-12-26T00:20:14.275+0530] {logging_mixin.py:188} INFO - [2025-12-26T00:20:14.274+0530] {dag.py:3947} INFO - Setting next_dagrun for example_params_ui_tutorial to None, run_after=None
[2025-12-26T00:20:14.319+0530] {processor.py:183} INFO - Processing /home/sathya/projects/training-kit/.venv-airflow/lib/python3.10/site-packages/airflow/example_dags/example_params_ui_tutorial.py took 0.125 seconds
[2025-12-26T00:21:20.391+0530] {processor.py:161} INFO - Started process (PID=6061) to work on /home/sathya/projects/training-kit/.venv-airflow/lib/python3.10/site-packages/airflow/example_dags/example_params_ui_tutorial.py
[2025-12-26T00:21:20.399+0530] {processor.py:830} INFO - Processing file /home/sathya/projects/training-kit/.venv-airflow/lib/python3.10/site-packages/airflow/example_dags/example_params_ui_tutorial.py for tasks to queue
[2025-12-26T00:21:20.400+0530] {logging_mixin.py:188} INFO - [2025-12-26T00:21:20.400+0530] {dagbag.py:545} INFO - Filling up the DagBag from /home/sathya/projects/training-kit/.venv-airflow/lib/python3.10/site-packages/airflow/example_dags/example_params_ui_tutorial.py
[2025-12-26T00:21:20.408+0530] {processor.py:840} INFO - DAG(s) 'example_params_ui_tutorial' retrieved from /home/sathya/projects/training-kit/.venv-airflow/lib/python3.10/site-packages/airflow/example_dags/example_params_ui_tutorial.py
[2025-12-26T00:21:20.454+0530] {logging_mixin.py:188} INFO - [2025-12-26T00:21:20.454+0530] {dag.py:3089} INFO - Sync 1 DAGs
[2025-12-26T00:21:20.470+0530] {logging_mixin.py:188} INFO - [2025-12-26T00:21:20.469+0530] {dag.py:3947} INFO - Setting next_dagrun for example_params_ui_tutorial to None, run_after=None
[2025-12-26T00:21:20.515+0530] {processor.py:183} INFO - Processing /home/sathya/projects/training-kit/.venv-airflow/lib/python3.10/site-packages/airflow/example_dags/example_params_ui_tutorial.py took 0.131 seconds
[2025-12-26T00:22:27.237+0530] {processor.py:161} INFO - Started process (PID=6133) to work on /home/sathya/projects/training-kit/.venv-airflow/lib/python3.10/site-packages/airflow/example_dags/example_params_ui_tutorial.py
[2025-12-26T00:22:27.244+0530] {processor.py:830} INFO - Processing file /home/sathya/projects/training-kit/.venv-airflow/lib/python3.10/site-packages/airflow/example_dags/example_params_ui_tutorial.py for tasks to queue
[2025-12-26T00:22:27.245+0530] {logging_mixin.py:188} INFO - [2025-12-26T00:22:27.245+0530] {dagbag.py:545} INFO - Filling up the DagBag from /home/sathya/projects/training-kit/.venv-airflow/lib/python3.10/site-packages/airflow/example_dags/example_params_ui_tutorial.py
[2025-12-26T00:22:27.253+0530] {processor.py:840} INFO - DAG(s) 'example_params_ui_tutorial' retrieved from /home/sathya/projects/training-kit/.venv-airflow/lib/python3.10/site-packages/airflow/example_dags/example_params_ui_tutorial.py
[2025-12-26T00:22:27.293+0530] {logging_mixin.py:188} INFO - [2025-12-26T00:22:27.293+0530] {dag.py:3089} INFO - Sync 1 DAGs
[2025-12-26T00:22:27.304+0530] {logging_mixin.py:188} INFO - [2025-12-26T00:22:27.304+0530] {dag.py:3947} INFO - Setting next_dagrun for example_params_ui_tutorial to None, run_after=None
[2025-12-26T00:22:27.335+0530] {processor.py:183} INFO - Processing /home/sathya/projects/training-kit/.venv-airflow/lib/python3.10/site-packages/airflow/example_dags/example_params_ui_tutorial.py took 0.110 seconds
[2025-12-26T00:23:41.929+0530] {processor.py:161} INFO - Started process (PID=6208) to work on /home/sathya/projects/training-kit/.venv-airflow/lib/python3.10/site-packages/airflow/example_dags/example_params_ui_tutorial.py
[2025-12-26T00:23:41.936+0530] {processor.py:830} INFO - Processing file /home/sathya/projects/training-kit/.venv-airflow/lib/python3.10/site-packages/airflow/example_dags/example_params_ui_tutorial.py for tasks to queue
[2025-12-26T00:23:41.938+0530] {logging_mixin.py:188} INFO - [2025-12-26T00:23:41.937+0530] {dagbag.py:545} INFO - Filling up the DagBag from /home/sathya/projects/training-kit/.venv-airflow/lib/python3.10/site-packages/airflow/example_dags/example_params_ui_tutorial.py
[2025-12-26T00:23:41.948+0530] {processor.py:840} INFO - DAG(s) 'example_params_ui_tutorial' retrieved from /home/sathya/projects/training-kit/.venv-airflow/lib/python3.10/site-packages/airflow/example_dags/example_params_ui_tutorial.py
[2025-12-26T00:23:41.995+0530] {logging_mixin.py:188} INFO - [2025-12-26T00:23:41.995+0530] {dag.py:3089} INFO - Sync 1 DAGs
[2025-12-26T00:23:42.009+0530] {logging_mixin.py:188} INFO - [2025-12-26T00:23:42.009+0530] {dag.py:3947} INFO - Setting next_dagrun for example_params_ui_tutorial to None, run_after=None
[2025-12-26T00:23:42.046+0530] {processor.py:183} INFO - Processing /home/sathya/projects/training-kit/.venv-airflow/lib/python3.10/site-packages/airflow/example_dags/example_params_ui_tutorial.py took 0.124 seconds
[2025-12-26T00:24:54.686+0530] {processor.py:161} INFO - Started process (PID=6282) to work on /home/sathya/projects/training-kit/.venv-airflow/lib/python3.10/site-packages/airflow/example_dags/example_params_ui_tutorial.py
[2025-12-26T00:24:54.693+0530] {processor.py:830} INFO - Processing file /home/sathya/projects/training-kit/.venv-airflow/lib/python3.10/site-packages/airflow/example_dags/example_params_ui_tutorial.py for tasks to queue
[2025-12-26T00:24:54.695+0530] {logging_mixin.py:188} INFO - [2025-12-26T00:24:54.695+0530] {dagbag.py:545} INFO - Filling up the DagBag from /home/sathya/projects/training-kit/.venv-airflow/lib/python3.10/site-packages/airflow/example_dags/example_params_ui_tutorial.py
[2025-12-26T00:24:54.706+0530] {processor.py:840} INFO - DAG(s) 'example_params_ui_tutorial' retrieved from /home/sathya/projects/training-kit/.venv-airflow/lib/python3.10/site-packages/airflow/example_dags/example_params_ui_tutorial.py
[2025-12-26T00:24:54.744+0530] {logging_mixin.py:188} INFO - [2025-12-26T00:24:54.744+0530] {dag.py:3089} INFO - Sync 1 DAGs
[2025-12-26T00:24:54.757+0530] {logging_mixin.py:188} INFO - [2025-12-26T00:24:54.757+0530] {dag.py:3947} INFO - Setting next_dagrun for example_params_ui_tutorial to None, run_after=None
[2025-12-26T00:24:54.785+0530] {processor.py:183} INFO - Processing /home/sathya/projects/training-kit/.venv-airflow/lib/python3.10/site-packages/airflow/example_dags/example_params_ui_tutorial.py took 0.108 seconds
[2025-12-26T00:26:02.846+0530] {processor.py:161} INFO - Started process (PID=6362) to work on /home/sathya/projects/training-kit/.venv-airflow/lib/python3.10/site-packages/airflow/example_dags/example_params_ui_tutorial.py
[2025-12-26T00:26:02.853+0530] {processor.py:830} INFO - Processing file /home/sathya/projects/training-kit/.venv-airflow/lib/python3.10/site-packages/airflow/example_dags/example_params_ui_tutorial.py for tasks to queue
[2025-12-26T00:26:02.855+0530] {logging_mixin.py:188} INFO - [2025-12-26T00:26:02.854+0530] {dagbag.py:545} INFO - Filling up the DagBag from /home/sathya/projects/training-kit/.venv-airflow/lib/python3.10/site-packages/airflow/example_dags/example_params_ui_tutorial.py
[2025-12-26T00:26:02.867+0530] {processor.py:840} INFO - DAG(s) 'example_params_ui_tutorial' retrieved from /home/sathya/projects/training-kit/.venv-airflow/lib/python3.10/site-packages/airflow/example_dags/example_params_ui_tutorial.py
[2025-12-26T00:26:02.911+0530] {logging_mixin.py:188} INFO - [2025-12-26T00:26:02.911+0530] {dag.py:3089} INFO - Sync 1 DAGs
[2025-12-26T00:26:02.924+0530] {logging_mixin.py:188} INFO - [2025-12-26T00:26:02.924+0530] {dag.py:3947} INFO - Setting next_dagrun for example_params_ui_tutorial to None, run_after=None
[2025-12-26T00:26:02.958+0530] {processor.py:183} INFO - Processing /home/sathya/projects/training-kit/.venv-airflow/lib/python3.10/site-packages/airflow/example_dags/example_params_ui_tutorial.py took 0.124 seconds
[2025-12-26T00:27:17.981+0530] {processor.py:161} INFO - Started process (PID=6451) to work on /home/sathya/projects/training-kit/.venv-airflow/lib/python3.10/site-packages/airflow/example_dags/example_params_ui_tutorial.py
[2025-12-26T00:27:17.983+0530] {processor.py:830} INFO - Processing file /home/sathya/projects/training-kit/.venv-airflow/lib/python3.10/site-packages/airflow/example_dags/example_params_ui_tutorial.py for tasks to queue
[2025-12-26T00:27:17.984+0530] {logging_mixin.py:188} INFO - [2025-12-26T00:27:17.984+0530] {dagbag.py:545} INFO - Filling up the DagBag from /home/sathya/projects/training-kit/.venv-airflow/lib/python3.10/site-packages/airflow/example_dags/example_params_ui_tutorial.py
[2025-12-26T00:27:17.997+0530] {processor.py:840} INFO - DAG(s) 'example_params_ui_tutorial' retrieved from /home/sathya/projects/training-kit/.venv-airflow/lib/python3.10/site-packages/airflow/example_dags/example_params_ui_tutorial.py
[2025-12-26T00:27:18.059+0530] {logging_mixin.py:188} INFO - [2025-12-26T00:27:18.058+0530] {dag.py:3089} INFO - Sync 1 DAGs
[2025-12-26T00:27:18.074+0530] {logging_mixin.py:188} INFO - [2025-12-26T00:27:18.073+0530] {dag.py:3947} INFO - Setting next_dagrun for example_params_ui_tutorial to None, run_after=None
[2025-12-26T00:27:18.108+0530] {processor.py:183} INFO - Processing /home/sathya/projects/training-kit/.venv-airflow/lib/python3.10/site-packages/airflow/example_dags/example_params_ui_tutorial.py took 0.143 seconds
[2025-12-26T00:28:24.878+0530] {processor.py:161} INFO - Started process (PID=6524) to work on /home/sathya/projects/training-kit/.venv-airflow/lib/python3.10/site-packages/airflow/example_dags/example_params_ui_tutorial.py
[2025-12-26T00:28:24.884+0530] {processor.py:830} INFO - Processing file /home/sathya/projects/training-kit/.venv-airflow/lib/python3.10/site-packages/airflow/example_dags/example_params_ui_tutorial.py for tasks to queue
[2025-12-26T00:28:24.885+0530] {logging_mixin.py:188} INFO - [2025-12-26T00:28:24.885+0530] {dagbag.py:545} INFO - Filling up the DagBag from /home/sathya/projects/training-kit/.venv-airflow/lib/python3.10/site-packages/airflow/example_dags/example_params_ui_tutorial.py
[2025-12-26T00:28:24.895+0530] {processor.py:840} INFO - DAG(s) 'example_params_ui_tutorial' retrieved from /home/sathya/projects/training-kit/.venv-airflow/lib/python3.10/site-packages/airflow/example_dags/example_params_ui_tutorial.py
[2025-12-26T00:28:24.941+0530] {logging_mixin.py:188} INFO - [2025-12-26T00:28:24.941+0530] {dag.py:3089} INFO - Sync 1 DAGs
[2025-12-26T00:28:24.954+0530] {logging_mixin.py:188} INFO - [2025-12-26T00:28:24.954+0530] {dag.py:3947} INFO - Setting next_dagrun for example_params_ui_tutorial to None, run_after=None
[2025-12-26T00:28:24.998+0530] {processor.py:183} INFO - Processing /home/sathya/projects/training-kit/.venv-airflow/lib/python3.10/site-packages/airflow/example_dags/example_params_ui_tutorial.py took 0.131 seconds
[2025-12-26T00:29:29.353+0530] {processor.py:161} INFO - Started process (PID=6597) to work on /home/sathya/projects/training-kit/.venv-airflow/lib/python3.10/site-packages/airflow/example_dags/example_params_ui_tutorial.py
[2025-12-26T00:29:29.360+0530] {processor.py:830} INFO - Processing file /home/sathya/projects/training-kit/.venv-airflow/lib/python3.10/site-packages/airflow/example_dags/example_params_ui_tutorial.py for tasks to queue
[2025-12-26T00:29:29.361+0530] {logging_mixin.py:188} INFO - [2025-12-26T00:29:29.361+0530] {dagbag.py:545} INFO - Filling up the DagBag from /home/sathya/projects/training-kit/.venv-airflow/lib/python3.10/site-packages/airflow/example_dags/example_params_ui_tutorial.py
[2025-12-26T00:29:29.371+0530] {processor.py:840} INFO - DAG(s) 'example_params_ui_tutorial' retrieved from /home/sathya/projects/training-kit/.venv-airflow/lib/python3.10/site-packages/airflow/example_dags/example_params_ui_tutorial.py
[2025-12-26T00:29:29.410+0530] {logging_mixin.py:188} INFO - [2025-12-26T00:29:29.410+0530] {dag.py:3089} INFO - Sync 1 DAGs
[2025-12-26T00:29:29.421+0530] {logging_mixin.py:188} INFO - [2025-12-26T00:29:29.421+0530] {dag.py:3947} INFO - Setting next_dagrun for example_params_ui_tutorial to None, run_after=None
[2025-12-26T00:29:29.450+0530] {processor.py:183} INFO - Processing /home/sathya/projects/training-kit/.venv-airflow/lib/python3.10/site-packages/airflow/example_dags/example_params_ui_tutorial.py took 0.109 seconds
[2025-12-26T00:30:42.423+0530] {processor.py:161} INFO - Started process (PID=6671) to work on /home/sathya/projects/training-kit/.venv-airflow/lib/python3.10/site-packages/airflow/example_dags/example_params_ui_tutorial.py
[2025-12-26T00:30:42.430+0530] {processor.py:830} INFO - Processing file /home/sathya/projects/training-kit/.venv-airflow/lib/python3.10/site-packages/airflow/example_dags/example_params_ui_tutorial.py for tasks to queue
[2025-12-26T00:30:42.431+0530] {logging_mixin.py:188} INFO - [2025-12-26T00:30:42.431+0530] {dagbag.py:545} INFO - Filling up the DagBag from /home/sathya/projects/training-kit/.venv-airflow/lib/python3.10/site-packages/airflow/example_dags/example_params_ui_tutorial.py
[2025-12-26T00:30:42.441+0530] {processor.py:840} INFO - DAG(s) 'example_params_ui_tutorial' retrieved from /home/sathya/projects/training-kit/.venv-airflow/lib/python3.10/site-packages/airflow/example_dags/example_params_ui_tutorial.py
[2025-12-26T00:30:42.487+0530] {logging_mixin.py:188} INFO - [2025-12-26T00:30:42.487+0530] {dag.py:3089} INFO - Sync 1 DAGs
[2025-12-26T00:30:42.501+0530] {logging_mixin.py:188} INFO - [2025-12-26T00:30:42.501+0530] {dag.py:3947} INFO - Setting next_dagrun for example_params_ui_tutorial to None, run_after=None
[2025-12-26T00:30:42.535+0530] {processor.py:183} INFO - Processing /home/sathya/projects/training-kit/.venv-airflow/lib/python3.10/site-packages/airflow/example_dags/example_params_ui_tutorial.py took 0.121 seconds
[2025-12-26T00:31:34.483+0530] {processor.py:161} INFO - Started process (PID=6722) to work on /home/sathya/projects/training-kit/.venv-airflow/lib/python3.10/site-packages/airflow/example_dags/example_params_ui_tutorial.py
[2025-12-26T00:31:34.489+0530] {processor.py:830} INFO - Processing file /home/sathya/projects/training-kit/.venv-airflow/lib/python3.10/site-packages/airflow/example_dags/example_params_ui_tutorial.py for tasks to queue
[2025-12-26T00:31:34.491+0530] {logging_mixin.py:188} INFO - [2025-12-26T00:31:34.490+0530] {dagbag.py:545} INFO - Filling up the DagBag from /home/sathya/projects/training-kit/.venv-airflow/lib/python3.10/site-packages/airflow/example_dags/example_params_ui_tutorial.py
[2025-12-26T00:31:34.503+0530] {processor.py:840} INFO - DAG(s) 'example_params_ui_tutorial' retrieved from /home/sathya/projects/training-kit/.venv-airflow/lib/python3.10/site-packages/airflow/example_dags/example_params_ui_tutorial.py
[2025-12-26T00:31:34.563+0530] {logging_mixin.py:188} INFO - [2025-12-26T00:31:34.562+0530] {dag.py:3089} INFO - Sync 1 DAGs
[2025-12-26T00:31:34.577+0530] {logging_mixin.py:188} INFO - [2025-12-26T00:31:34.577+0530] {dag.py:3947} INFO - Setting next_dagrun for example_params_ui_tutorial to None, run_after=None
[2025-12-26T00:31:34.622+0530] {processor.py:183} INFO - Processing /home/sathya/projects/training-kit/.venv-airflow/lib/python3.10/site-packages/airflow/example_dags/example_params_ui_tutorial.py took 0.151 seconds
[2025-12-26T00:32:27.959+0530] {processor.py:161} INFO - Started process (PID=6777) to work on /home/sathya/projects/training-kit/.venv-airflow/lib/python3.10/site-packages/airflow/example_dags/example_params_ui_tutorial.py
[2025-12-26T00:32:27.965+0530] {processor.py:830} INFO - Processing file /home/sathya/projects/training-kit/.venv-airflow/lib/python3.10/site-packages/airflow/example_dags/example_params_ui_tutorial.py for tasks to queue
[2025-12-26T00:32:27.966+0530] {logging_mixin.py:188} INFO - [2025-12-26T00:32:27.966+0530] {dagbag.py:545} INFO - Filling up the DagBag from /home/sathya/projects/training-kit/.venv-airflow/lib/python3.10/site-packages/airflow/example_dags/example_params_ui_tutorial.py
[2025-12-26T00:32:27.975+0530] {processor.py:840} INFO - DAG(s) 'example_params_ui_tutorial' retrieved from /home/sathya/projects/training-kit/.venv-airflow/lib/python3.10/site-packages/airflow/example_dags/example_params_ui_tutorial.py
[2025-12-26T00:32:28.012+0530] {logging_mixin.py:188} INFO - [2025-12-26T00:32:28.012+0530] {dag.py:3089} INFO - Sync 1 DAGs
[2025-12-26T00:32:28.023+0530] {logging_mixin.py:188} INFO - [2025-12-26T00:32:28.023+0530] {dag.py:3947} INFO - Setting next_dagrun for example_params_ui_tutorial to None, run_after=None
[2025-12-26T00:32:28.051+0530] {processor.py:183} INFO - Processing /home/sathya/projects/training-kit/.venv-airflow/lib/python3.10/site-packages/airflow/example_dags/example_params_ui_tutorial.py took 0.101 seconds
[2025-12-26T00:33:34.095+0530] {processor.py:161} INFO - Started process (PID=6847) to work on /home/sathya/projects/training-kit/.venv-airflow/lib/python3.10/site-packages/airflow/example_dags/example_params_ui_tutorial.py
[2025-12-26T00:33:34.102+0530] {processor.py:830} INFO - Processing file /home/sathya/projects/training-kit/.venv-airflow/lib/python3.10/site-packages/airflow/example_dags/example_params_ui_tutorial.py for tasks to queue
[2025-12-26T00:33:34.103+0530] {logging_mixin.py:188} INFO - [2025-12-26T00:33:34.102+0530] {dagbag.py:545} INFO - Filling up the DagBag from /home/sathya/projects/training-kit/.venv-airflow/lib/python3.10/site-packages/airflow/example_dags/example_params_ui_tutorial.py
[2025-12-26T00:33:34.114+0530] {processor.py:840} INFO - DAG(s) 'example_params_ui_tutorial' retrieved from /home/sathya/projects/training-kit/.venv-airflow/lib/python3.10/site-packages/airflow/example_dags/example_params_ui_tutorial.py
[2025-12-26T00:33:34.156+0530] {logging_mixin.py:188} INFO - [2025-12-26T00:33:34.155+0530] {dag.py:3089} INFO - Sync 1 DAGs
[2025-12-26T00:33:34.167+0530] {logging_mixin.py:188} INFO - [2025-12-26T00:33:34.167+0530] {dag.py:3947} INFO - Setting next_dagrun for example_params_ui_tutorial to None, run_after=None
[2025-12-26T00:33:34.204+0530] {processor.py:183} INFO - Processing /home/sathya/projects/training-kit/.venv-airflow/lib/python3.10/site-packages/airflow/example_dags/example_params_ui_tutorial.py took 0.118 seconds
[2025-12-26T00:34:41.601+0530] {processor.py:161} INFO - Started process (PID=6917) to work on /home/sathya/projects/training-kit/.venv-airflow/lib/python3.10/site-packages/airflow/example_dags/example_params_ui_tutorial.py
[2025-12-26T00:34:41.608+0530] {processor.py:830} INFO - Processing file /home/sathya/projects/training-kit/.venv-airflow/lib/python3.10/site-packages/airflow/example_dags/example_params_ui_tutorial.py for tasks to queue
[2025-12-26T00:34:41.608+0530] {logging_mixin.py:188} INFO - [2025-12-26T00:34:41.608+0530] {dagbag.py:545} INFO - Filling up the DagBag from /home/sathya/projects/training-kit/.venv-airflow/lib/python3.10/site-packages/airflow/example_dags/example_params_ui_tutorial.py
[2025-12-26T00:34:41.618+0530] {processor.py:840} INFO - DAG(s) 'example_params_ui_tutorial' retrieved from /home/sathya/projects/training-kit/.venv-airflow/lib/python3.10/site-packages/airflow/example_dags/example_params_ui_tutorial.py
[2025-12-26T00:34:41.681+0530] {logging_mixin.py:188} INFO - [2025-12-26T00:34:41.681+0530] {dag.py:3089} INFO - Sync 1 DAGs
[2025-12-26T00:34:41.699+0530] {logging_mixin.py:188} INFO - [2025-12-26T00:34:41.698+0530] {dag.py:3947} INFO - Setting next_dagrun for example_params_ui_tutorial to None, run_after=None
[2025-12-26T00:34:41.749+0530] {processor.py:183} INFO - Processing /home/sathya/projects/training-kit/.venv-airflow/lib/python3.10/site-packages/airflow/example_dags/example_params_ui_tutorial.py took 0.153 seconds
[2025-12-26T00:35:56.633+0530] {processor.py:161} INFO - Started process (PID=6997) to work on /home/sathya/projects/training-kit/.venv-airflow/lib/python3.10/site-packages/airflow/example_dags/example_params_ui_tutorial.py
[2025-12-26T00:35:56.640+0530] {processor.py:830} INFO - Processing file /home/sathya/projects/training-kit/.venv-airflow/lib/python3.10/site-packages/airflow/example_dags/example_params_ui_tutorial.py for tasks to queue
[2025-12-26T00:35:56.642+0530] {logging_mixin.py:188} INFO - [2025-12-26T00:35:56.641+0530] {dagbag.py:545} INFO - Filling up the DagBag from /home/sathya/projects/training-kit/.venv-airflow/lib/python3.10/site-packages/airflow/example_dags/example_params_ui_tutorial.py
[2025-12-26T00:35:56.654+0530] {processor.py:840} INFO - DAG(s) 'example_params_ui_tutorial' retrieved from /home/sathya/projects/training-kit/.venv-airflow/lib/python3.10/site-packages/airflow/example_dags/example_params_ui_tutorial.py
[2025-12-26T00:35:56.692+0530] {logging_mixin.py:188} INFO - [2025-12-26T00:35:56.691+0530] {dag.py:3089} INFO - Sync 1 DAGs
[2025-12-26T00:35:56.702+0530] {logging_mixin.py:188} INFO - [2025-12-26T00:35:56.701+0530] {dag.py:3947} INFO - Setting next_dagrun for example_params_ui_tutorial to None, run_after=None
[2025-12-26T00:35:56.732+0530] {processor.py:183} INFO - Processing /home/sathya/projects/training-kit/.venv-airflow/lib/python3.10/site-packages/airflow/example_dags/example_params_ui_tutorial.py took 0.108 seconds
[2025-12-26T00:36:44.318+0530] {processor.py:161} INFO - Started process (PID=7050) to work on /home/sathya/projects/training-kit/.venv-airflow/lib/python3.10/site-packages/airflow/example_dags/example_params_ui_tutorial.py
[2025-12-26T00:36:44.319+0530] {processor.py:830} INFO - Processing file /home/sathya/projects/training-kit/.venv-airflow/lib/python3.10/site-packages/airflow/example_dags/example_params_ui_tutorial.py for tasks to queue
[2025-12-26T00:36:44.320+0530] {logging_mixin.py:188} INFO - [2025-12-26T00:36:44.320+0530] {dagbag.py:545} INFO - Filling up the DagBag from /home/sathya/projects/training-kit/.venv-airflow/lib/python3.10/site-packages/airflow/example_dags/example_params_ui_tutorial.py
[2025-12-26T00:36:44.327+0530] {processor.py:840} INFO - DAG(s) 'example_params_ui_tutorial' retrieved from /home/sathya/projects/training-kit/.venv-airflow/lib/python3.10/site-packages/airflow/example_dags/example_params_ui_tutorial.py
[2025-12-26T00:36:44.380+0530] {logging_mixin.py:188} INFO - [2025-12-26T00:36:44.379+0530] {dag.py:3089} INFO - Sync 1 DAGs
[2025-12-26T00:36:44.391+0530] {logging_mixin.py:188} INFO - [2025-12-26T00:36:44.391+0530] {dag.py:3947} INFO - Setting next_dagrun for example_params_ui_tutorial to None, run_after=None
[2025-12-26T00:36:44.419+0530] {processor.py:183} INFO - Processing /home/sathya/projects/training-kit/.venv-airflow/lib/python3.10/site-packages/airflow/example_dags/example_params_ui_tutorial.py took 0.107 seconds
[2025-12-26T00:37:47.568+0530] {processor.py:161} INFO - Started process (PID=7127) to work on /home/sathya/projects/training-kit/.venv-airflow/lib/python3.10/site-packages/airflow/example_dags/example_params_ui_tutorial.py
[2025-12-26T00:37:47.575+0530] {processor.py:830} INFO - Processing file /home/sathya/projects/training-kit/.venv-airflow/lib/python3.10/site-packages/airflow/example_dags/example_params_ui_tutorial.py for tasks to queue
[2025-12-26T00:37:47.577+0530] {logging_mixin.py:188} INFO - [2025-12-26T00:37:47.576+0530] {dagbag.py:545} INFO - Filling up the DagBag from /home/sathya/projects/training-kit/.venv-airflow/lib/python3.10/site-packages/airflow/example_dags/example_params_ui_tutorial.py
[2025-12-26T00:37:47.588+0530] {processor.py:840} INFO - DAG(s) 'example_params_ui_tutorial' retrieved from /home/sathya/projects/training-kit/.venv-airflow/lib/python3.10/site-packages/airflow/example_dags/example_params_ui_tutorial.py
[2025-12-26T00:37:47.642+0530] {logging_mixin.py:188} INFO - [2025-12-26T00:37:47.641+0530] {dag.py:3089} INFO - Sync 1 DAGs
[2025-12-26T00:37:47.656+0530] {logging_mixin.py:188} INFO - [2025-12-26T00:37:47.656+0530] {dag.py:3947} INFO - Setting next_dagrun for example_params_ui_tutorial to None, run_after=None
[2025-12-26T00:37:47.698+0530] {processor.py:183} INFO - Processing /home/sathya/projects/training-kit/.venv-airflow/lib/python3.10/site-packages/airflow/example_dags/example_params_ui_tutorial.py took 0.139 seconds
