[2025-12-27T19:27:30.531+0530] {local_task_job_runner.py:120} INFO - ::group::Pre task execution logs
[2025-12-27T19:27:30.554+0530] {taskinstance.py:2076} INFO - Dependencies all met for dep_context=non-requeueable deps ti=<TaskInstance: example_dynamic_task_mapping.add_one scheduled__2022-11-25T00:00:00+00:00 map_index=1 [queued]>
[2025-12-27T19:27:30.561+0530] {taskinstance.py:2076} INFO - Dependencies all met for dep_context=requeueable deps ti=<TaskInstance: example_dynamic_task_mapping.add_one scheduled__2022-11-25T00:00:00+00:00 map_index=1 [queued]>
[2025-12-27T19:27:30.561+0530] {taskinstance.py:2306} INFO - Starting attempt 1 of 1
[2025-12-27T19:27:30.578+0530] {taskinstance.py:2330} INFO - Executing <Mapped(_PythonDecoratedOperator): add_one> on 2022-11-25 00:00:00+00:00
[2025-12-27T19:27:30.581+0530] {standard_task_runner.py:64} INFO - Started process 1136 to run task
[2025-12-27T19:27:30.586+0530] {standard_task_runner.py:90} INFO - Running: ['airflow', 'tasks', 'run', 'example_dynamic_task_mapping', 'add_one', 'scheduled__2022-11-25T00:00:00+00:00', '--job-id', '1688', '--raw', '--subdir', '/home/sathya/projects/training-kit/.venv-airflow/lib/python3.10/site-packages/airflow/example_dags/example_dynamic_task_mapping.py', '--cfg-path', '/tmp/tmpddapbtfh', '--map-index', '1']
[2025-12-27T19:27:30.587+0530] {standard_task_runner.py:91} INFO - Job 1688: Subtask add_one
[2025-12-27T19:27:30.629+0530] {task_command.py:426} INFO - Running <TaskInstance: example_dynamic_task_mapping.add_one scheduled__2022-11-25T00:00:00+00:00 map_index=1 [running]> on host LAPTOP-A1PMOBSE.localdomain
[2025-12-27T19:27:30.704+0530] {taskinstance.py:2648} INFO - Exporting env vars: AIRFLOW_CTX_DAG_OWNER='airflow' AIRFLOW_CTX_DAG_ID='example_dynamic_task_mapping' AIRFLOW_CTX_TASK_ID='add_one' AIRFLOW_CTX_EXECUTION_DATE='2022-11-25T00:00:00+00:00' AIRFLOW_CTX_TRY_NUMBER='1' AIRFLOW_CTX_DAG_RUN_ID='scheduled__2022-11-25T00:00:00+00:00'
[2025-12-27T19:27:30.707+0530] {taskinstance.py:430} INFO - ::endgroup::
[2025-12-27T19:27:30.707+0530] {python.py:237} INFO - Done. Returned value was: 3
[2025-12-27T19:27:30.708+0530] {taskinstance.py:441} INFO - ::group::Post task execution logs
[2025-12-27T19:27:30.726+0530] {taskinstance.py:1206} INFO - Marking task as SUCCESS. dag_id=example_dynamic_task_mapping, task_id=add_one, run_id=scheduled__2022-11-25T00:00:00+00:00, map_index=1, execution_date=20221125T000000, start_date=20251227T135730, end_date=20251227T135730
[2025-12-27T19:27:30.762+0530] {local_task_job_runner.py:243} INFO - Task exited with return code 0
[2025-12-27T19:27:30.786+0530] {taskinstance.py:3503} INFO - 0 downstream tasks scheduled from follow-on schedule check
[2025-12-27T19:27:30.786+0530] {local_task_job_runner.py:222} INFO - ::endgroup::
[2026-03-11T22:43:49.602+0530] {local_task_job_runner.py:120} INFO - ::group::Pre task execution logs
[2026-03-11T22:43:49.620+0530] {taskinstance.py:2076} INFO - Dependencies all met for dep_context=non-requeueable deps ti=<TaskInstance: example_dynamic_task_mapping.add_one scheduled__2022-11-25T00:00:00+00:00 map_index=1 [queued]>
[2026-03-11T22:43:49.625+0530] {taskinstance.py:2076} INFO - Dependencies all met for dep_context=requeueable deps ti=<TaskInstance: example_dynamic_task_mapping.add_one scheduled__2022-11-25T00:00:00+00:00 map_index=1 [queued]>
[2026-03-11T22:43:49.626+0530] {taskinstance.py:2306} INFO - Starting attempt 1 of 1
[2026-03-11T22:43:49.642+0530] {taskinstance.py:2330} INFO - Executing <Mapped(_PythonDecoratedOperator): add_one> on 2022-11-25 00:00:00+00:00
[2026-03-11T22:43:49.646+0530] {standard_task_runner.py:64} INFO - Started process 9882 to run task
[2026-03-11T22:43:49.650+0530] {standard_task_runner.py:90} INFO - Running: ['airflow', 'tasks', 'run', 'example_dynamic_task_mapping', 'add_one', 'scheduled__2022-11-25T00:00:00+00:00', '--job-id', '2005', '--raw', '--subdir', '/home/sathya/projects/training-kit/.venv-airflow/lib/python3.10/site-packages/airflow/example_dags/example_dynamic_task_mapping.py', '--cfg-path', '/tmp/tmpimkj6_l4', '--map-index', '1']
[2026-03-11T22:43:49.651+0530] {standard_task_runner.py:91} INFO - Job 2005: Subtask add_one
[2026-03-11T22:43:49.684+0530] {task_command.py:426} INFO - Running <TaskInstance: example_dynamic_task_mapping.add_one scheduled__2022-11-25T00:00:00+00:00 map_index=1 [running]> on host LAPTOP-A1PMOBSE.localdomain
[2026-03-11T22:43:49.749+0530] {taskinstance.py:2648} INFO - Exporting env vars: AIRFLOW_CTX_DAG_OWNER='airflow' AIRFLOW_CTX_DAG_ID='example_dynamic_task_mapping' AIRFLOW_CTX_TASK_ID='add_one' AIRFLOW_CTX_EXECUTION_DATE='2022-11-25T00:00:00+00:00' AIRFLOW_CTX_TRY_NUMBER='1' AIRFLOW_CTX_DAG_RUN_ID='scheduled__2022-11-25T00:00:00+00:00'
[2026-03-11T22:43:49.751+0530] {taskinstance.py:430} INFO - ::endgroup::
[2026-03-11T22:43:49.751+0530] {python.py:237} INFO - Done. Returned value was: 3
[2026-03-11T22:43:49.751+0530] {taskinstance.py:441} INFO - ::group::Post task execution logs
[2026-03-11T22:43:49.766+0530] {taskinstance.py:1206} INFO - Marking task as SUCCESS. dag_id=example_dynamic_task_mapping, task_id=add_one, run_id=scheduled__2022-11-25T00:00:00+00:00, map_index=1, execution_date=20221125T000000, start_date=20260311T171349, end_date=20260311T171349
[2026-03-11T22:43:49.793+0530] {local_task_job_runner.py:243} INFO - Task exited with return code 0
[2026-03-11T22:43:49.808+0530] {taskinstance.py:3503} INFO - 0 downstream tasks scheduled from follow-on schedule check
[2026-03-11T22:43:49.809+0530] {local_task_job_runner.py:222} INFO - ::endgroup::
