[2025-12-27T19:15:01.149+0530] {local_task_job_runner.py:120} INFO - ::group::Pre task execution logs
[2025-12-27T19:15:01.170+0530] {taskinstance.py:2076} INFO - Dependencies all met for dep_context=non-requeueable deps ti=<TaskInstance: example_setup_teardown.root_teardown scheduled__2025-12-26T00:00:00+00:00 [queued]>
[2025-12-27T19:15:01.175+0530] {taskinstance.py:2076} INFO - Dependencies all met for dep_context=requeueable deps ti=<TaskInstance: example_setup_teardown.root_teardown scheduled__2025-12-26T00:00:00+00:00 [queued]>
[2025-12-27T19:15:01.176+0530] {taskinstance.py:2306} INFO - Starting attempt 1 of 1
[2025-12-27T19:15:01.192+0530] {taskinstance.py:2330} INFO - Executing <Task(BashOperator): root_teardown> on 2025-12-26 00:00:00+00:00
[2025-12-27T19:15:01.194+0530] {standard_task_runner.py:64} INFO - Started process 805 to run task
[2025-12-27T19:15:01.198+0530] {standard_task_runner.py:90} INFO - Running: ['airflow', 'tasks', 'run', 'example_setup_teardown', 'root_teardown', 'scheduled__2025-12-26T00:00:00+00:00', '--job-id', '1589', '--raw', '--subdir', '/home/sathya/projects/training-kit/.venv-airflow/lib/python3.10/site-packages/airflow/example_dags/example_setup_teardown.py', '--cfg-path', '/tmp/tmp4ghq6uuw']
[2025-12-27T19:15:01.198+0530] {standard_task_runner.py:91} INFO - Job 1589: Subtask root_teardown
[2025-12-27T19:15:01.241+0530] {task_command.py:426} INFO - Running <TaskInstance: example_setup_teardown.root_teardown scheduled__2025-12-26T00:00:00+00:00 [running]> on host LAPTOP-A1PMOBSE.localdomain
[2025-12-27T19:15:01.328+0530] {taskinstance.py:2648} INFO - Exporting env vars: AIRFLOW_CTX_DAG_OWNER='airflow' AIRFLOW_CTX_DAG_ID='example_setup_teardown' AIRFLOW_CTX_TASK_ID='root_teardown' AIRFLOW_CTX_EXECUTION_DATE='2025-12-26T00:00:00+00:00' AIRFLOW_CTX_TRY_NUMBER='1' AIRFLOW_CTX_DAG_RUN_ID='scheduled__2025-12-26T00:00:00+00:00'
[2025-12-27T19:15:01.330+0530] {taskinstance.py:430} INFO - ::endgroup::
[2025-12-27T19:15:01.331+0530] {subprocess.py:63} INFO - Tmp dir root location: /tmp
[2025-12-27T19:15:01.331+0530] {subprocess.py:75} INFO - Running command: ['/usr/bin/bash', '-c', "echo 'Goodbye from root_teardown'"]
[2025-12-27T19:15:01.337+0530] {subprocess.py:86} INFO - Output:
[2025-12-27T19:15:01.338+0530] {subprocess.py:93} INFO - Goodbye from root_teardown
[2025-12-27T19:15:01.338+0530] {subprocess.py:97} INFO - Command exited with return code 0
[2025-12-27T19:15:01.339+0530] {taskinstance.py:441} INFO - ::group::Post task execution logs
[2025-12-27T19:15:01.360+0530] {taskinstance.py:1206} INFO - Marking task as SUCCESS. dag_id=example_setup_teardown, task_id=root_teardown, run_id=scheduled__2025-12-26T00:00:00+00:00, execution_date=20251226T000000, start_date=20251227T134501, end_date=20251227T134501
[2025-12-27T19:15:01.411+0530] {local_task_job_runner.py:243} INFO - Task exited with return code 0
[2025-12-27T19:15:01.429+0530] {taskinstance.py:3503} INFO - 0 downstream tasks scheduled from follow-on schedule check
[2025-12-27T19:15:01.429+0530] {local_task_job_runner.py:222} INFO - ::endgroup::
