[2025-12-26T22:37:54.012+0530] {local_task_job_runner.py:120} INFO - ::group::Pre task execution logs
[2025-12-26T22:37:54.042+0530] {taskinstance.py:2076} INFO - Dependencies all met for dep_context=non-requeueable deps ti=<TaskInstance: example_dynamic_task_mapping.add_one scheduled__2022-07-19T00:00:00+00:00 map_index=0 [queued]>
[2025-12-26T22:37:54.048+0530] {taskinstance.py:2076} INFO - Dependencies all met for dep_context=requeueable deps ti=<TaskInstance: example_dynamic_task_mapping.add_one scheduled__2022-07-19T00:00:00+00:00 map_index=0 [queued]>
[2025-12-26T22:37:54.048+0530] {taskinstance.py:2306} INFO - Starting attempt 1 of 1
[2025-12-26T22:37:54.065+0530] {taskinstance.py:2330} INFO - Executing <Mapped(_PythonDecoratedOperator): add_one> on 2022-07-19 00:00:00+00:00
[2025-12-26T22:37:54.072+0530] {standard_task_runner.py:64} INFO - Started process 8043 to run task
[2025-12-26T22:37:54.076+0530] {standard_task_runner.py:90} INFO - Running: ['airflow', 'tasks', 'run', 'example_dynamic_task_mapping', 'add_one', 'scheduled__2022-07-19T00:00:00+00:00', '--job-id', '839', '--raw', '--subdir', '/home/sathya/projects/training-kit/.venv-airflow/lib/python3.10/site-packages/airflow/example_dags/example_dynamic_task_mapping.py', '--cfg-path', '/tmp/tmp40olt84e', '--map-index', '0']
[2025-12-26T22:37:54.076+0530] {standard_task_runner.py:91} INFO - Job 839: Subtask add_one
[2025-12-26T22:37:54.123+0530] {task_command.py:426} INFO - Running <TaskInstance: example_dynamic_task_mapping.add_one scheduled__2022-07-19T00:00:00+00:00 map_index=0 [running]> on host LAPTOP-A1PMOBSE.localdomain
[2025-12-26T22:37:54.214+0530] {taskinstance.py:2648} INFO - Exporting env vars: AIRFLOW_CTX_DAG_OWNER='airflow' AIRFLOW_CTX_DAG_ID='example_dynamic_task_mapping' AIRFLOW_CTX_TASK_ID='add_one' AIRFLOW_CTX_EXECUTION_DATE='2022-07-19T00:00:00+00:00' AIRFLOW_CTX_TRY_NUMBER='1' AIRFLOW_CTX_DAG_RUN_ID='scheduled__2022-07-19T00:00:00+00:00'
[2025-12-26T22:37:54.220+0530] {taskinstance.py:430} INFO - ::endgroup::
[2025-12-26T22:37:54.221+0530] {python.py:237} INFO - Done. Returned value was: 2
[2025-12-26T22:37:54.222+0530] {taskinstance.py:441} INFO - ::group::Post task execution logs
[2025-12-26T22:37:54.246+0530] {taskinstance.py:1206} INFO - Marking task as SUCCESS. dag_id=example_dynamic_task_mapping, task_id=add_one, run_id=scheduled__2022-07-19T00:00:00+00:00, map_index=0, execution_date=20220719T000000, start_date=20251226T170754, end_date=20251226T170754
[2025-12-26T22:37:54.288+0530] {local_task_job_runner.py:243} INFO - Task exited with return code 0
[2025-12-26T22:37:54.308+0530] {taskinstance.py:3503} INFO - 0 downstream tasks scheduled from follow-on schedule check
[2025-12-26T22:37:54.308+0530] {local_task_job_runner.py:222} INFO - ::endgroup::
[2026-03-10T23:23:56.712+0530] {local_task_job_runner.py:120} INFO - ::group::Pre task execution logs
[2026-03-10T23:23:56.776+0530] {taskinstance.py:2076} INFO - Dependencies all met for dep_context=non-requeueable deps ti=<TaskInstance: example_dynamic_task_mapping.add_one scheduled__2022-07-19T00:00:00+00:00 map_index=0 [queued]>
[2026-03-10T23:23:56.793+0530] {taskinstance.py:2076} INFO - Dependencies all met for dep_context=requeueable deps ti=<TaskInstance: example_dynamic_task_mapping.add_one scheduled__2022-07-19T00:00:00+00:00 map_index=0 [queued]>
[2026-03-10T23:23:56.794+0530] {taskinstance.py:2306} INFO - Starting attempt 1 of 1
[2026-03-10T23:23:56.839+0530] {taskinstance.py:2330} INFO - Executing <Mapped(_PythonDecoratedOperator): add_one> on 2022-07-19 00:00:00+00:00
[2026-03-10T23:23:56.852+0530] {standard_task_runner.py:64} INFO - Started process 10852 to run task
[2026-03-10T23:23:56.865+0530] {standard_task_runner.py:90} INFO - Running: ['airflow', 'tasks', 'run', 'example_dynamic_task_mapping', 'add_one', 'scheduled__2022-07-19T00:00:00+00:00', '--job-id', '971', '--raw', '--subdir', '/home/sathya/projects/training-kit/.venv-airflow/lib/python3.10/site-packages/airflow/example_dags/example_dynamic_task_mapping.py', '--cfg-path', '/tmp/tmpo8j6qhqx', '--map-index', '0']
[2026-03-10T23:23:56.870+0530] {standard_task_runner.py:91} INFO - Job 971: Subtask add_one
[2026-03-10T23:23:56.976+0530] {task_command.py:426} INFO - Running <TaskInstance: example_dynamic_task_mapping.add_one scheduled__2022-07-19T00:00:00+00:00 map_index=0 [running]> on host LAPTOP-A1PMOBSE.localdomain
[2026-03-10T23:23:57.212+0530] {taskinstance.py:2648} INFO - Exporting env vars: AIRFLOW_CTX_DAG_OWNER='airflow' AIRFLOW_CTX_DAG_ID='example_dynamic_task_mapping' AIRFLOW_CTX_TASK_ID='add_one' AIRFLOW_CTX_EXECUTION_DATE='2022-07-19T00:00:00+00:00' AIRFLOW_CTX_TRY_NUMBER='1' AIRFLOW_CTX_DAG_RUN_ID='scheduled__2022-07-19T00:00:00+00:00'
[2026-03-10T23:23:57.216+0530] {taskinstance.py:430} INFO - ::endgroup::
[2026-03-10T23:23:57.217+0530] {python.py:237} INFO - Done. Returned value was: 2
[2026-03-10T23:23:57.218+0530] {taskinstance.py:441} INFO - ::group::Post task execution logs
[2026-03-10T23:23:57.275+0530] {taskinstance.py:1206} INFO - Marking task as SUCCESS. dag_id=example_dynamic_task_mapping, task_id=add_one, run_id=scheduled__2022-07-19T00:00:00+00:00, map_index=0, execution_date=20220719T000000, start_date=20260310T175356, end_date=20260310T175357
[2026-03-10T23:23:57.342+0530] {local_task_job_runner.py:243} INFO - Task exited with return code 0
[2026-03-10T23:23:57.400+0530] {taskinstance.py:3503} INFO - 0 downstream tasks scheduled from follow-on schedule check
[2026-03-10T23:23:57.402+0530] {local_task_job_runner.py:222} INFO - ::endgroup::
