[2025-12-27T19:13:20.420+0530] {local_task_job_runner.py:120} INFO - ::group::Pre task execution logs
[2025-12-27T19:13:20.437+0530] {taskinstance.py:2076} INFO - Dependencies all met for dep_context=non-requeueable deps ti=<TaskInstance: example_bash_operator.also_run_this scheduled__2025-12-26T00:00:00+00:00 [queued]>
[2025-12-27T19:13:20.445+0530] {taskinstance.py:2076} INFO - Dependencies all met for dep_context=requeueable deps ti=<TaskInstance: example_bash_operator.also_run_this scheduled__2025-12-26T00:00:00+00:00 [queued]>
[2025-12-27T19:13:20.445+0530] {taskinstance.py:2306} INFO - Starting attempt 1 of 1
[2025-12-27T19:13:20.462+0530] {taskinstance.py:2330} INFO - Executing <Task(BashOperator): also_run_this> on 2025-12-26 00:00:00+00:00
[2025-12-27T19:13:20.464+0530] {standard_task_runner.py:64} INFO - Started process 746 to run task
[2025-12-27T19:13:20.467+0530] {standard_task_runner.py:90} INFO - Running: ['airflow', 'tasks', 'run', 'example_bash_operator', 'also_run_this', 'scheduled__2025-12-26T00:00:00+00:00', '--job-id', '1567', '--raw', '--subdir', '/home/sathya/projects/training-kit/.venv-airflow/lib/python3.10/site-packages/airflow/example_dags/example_bash_operator.py', '--cfg-path', '/tmp/tmpomv1gpri']
[2025-12-27T19:13:20.468+0530] {standard_task_runner.py:91} INFO - Job 1567: Subtask also_run_this
[2025-12-27T19:13:20.507+0530] {task_command.py:426} INFO - Running <TaskInstance: example_bash_operator.also_run_this scheduled__2025-12-26T00:00:00+00:00 [running]> on host LAPTOP-A1PMOBSE.localdomain
[2025-12-27T19:13:20.585+0530] {taskinstance.py:2648} INFO - Exporting env vars: AIRFLOW_CTX_DAG_OWNER='airflow' AIRFLOW_CTX_DAG_ID='example_bash_operator' AIRFLOW_CTX_TASK_ID='also_run_this' AIRFLOW_CTX_EXECUTION_DATE='2025-12-26T00:00:00+00:00' AIRFLOW_CTX_TRY_NUMBER='1' AIRFLOW_CTX_DAG_RUN_ID='scheduled__2025-12-26T00:00:00+00:00'
[2025-12-27T19:13:20.588+0530] {taskinstance.py:430} INFO - ::endgroup::
[2025-12-27T19:13:20.589+0530] {subprocess.py:63} INFO - Tmp dir root location: /tmp
[2025-12-27T19:13:20.589+0530] {subprocess.py:75} INFO - Running command: ['/usr/bin/bash', '-c', 'echo "ti_key=example_bash_operator__also_run_this__20251226"']
[2025-12-27T19:13:20.596+0530] {subprocess.py:86} INFO - Output:
[2025-12-27T19:13:20.597+0530] {subprocess.py:93} INFO - ti_key=example_bash_operator__also_run_this__20251226
[2025-12-27T19:13:20.598+0530] {subprocess.py:97} INFO - Command exited with return code 0
[2025-12-27T19:13:20.598+0530] {taskinstance.py:441} INFO - ::group::Post task execution logs
[2025-12-27T19:13:20.616+0530] {taskinstance.py:1206} INFO - Marking task as SUCCESS. dag_id=example_bash_operator, task_id=also_run_this, run_id=scheduled__2025-12-26T00:00:00+00:00, execution_date=20251226T000000, start_date=20251227T134320, end_date=20251227T134320
[2025-12-27T19:13:20.640+0530] {local_task_job_runner.py:243} INFO - Task exited with return code 0
[2025-12-27T19:13:20.657+0530] {taskinstance.py:3503} INFO - 0 downstream tasks scheduled from follow-on schedule check
[2025-12-27T19:13:20.658+0530] {local_task_job_runner.py:222} INFO - ::endgroup::
