[2025-12-26T22:21:31.026+0530] {local_task_job_runner.py:120} INFO - ::group::Pre task execution logs
[2025-12-26T22:21:31.042+0530] {taskinstance.py:2076} INFO - Dependencies all met for dep_context=non-requeueable deps ti=<TaskInstance: example_dynamic_task_mapping.sum_it scheduled__2022-05-15T00:00:00+00:00 [queued]>
[2025-12-26T22:21:31.046+0530] {taskinstance.py:2076} INFO - Dependencies all met for dep_context=requeueable deps ti=<TaskInstance: example_dynamic_task_mapping.sum_it scheduled__2022-05-15T00:00:00+00:00 [queued]>
[2025-12-26T22:21:31.046+0530] {taskinstance.py:2306} INFO - Starting attempt 1 of 1
[2025-12-26T22:21:31.060+0530] {taskinstance.py:2330} INFO - Executing <Task(_PythonDecoratedOperator): sum_it> on 2022-05-15 00:00:00+00:00
[2025-12-26T22:21:31.063+0530] {standard_task_runner.py:64} INFO - Started process 6022 to run task
[2025-12-26T22:21:31.066+0530] {standard_task_runner.py:90} INFO - Running: ['airflow', 'tasks', 'run', 'example_dynamic_task_mapping', 'sum_it', 'scheduled__2022-05-15T00:00:00+00:00', '--job-id', '501', '--raw', '--subdir', '/home/sathya/projects/training-kit/.venv-airflow/lib/python3.10/site-packages/airflow/example_dags/example_dynamic_task_mapping.py', '--cfg-path', '/tmp/tmpi2lyt_oc']
[2025-12-26T22:21:31.067+0530] {standard_task_runner.py:91} INFO - Job 501: Subtask sum_it
[2025-12-26T22:21:31.097+0530] {task_command.py:426} INFO - Running <TaskInstance: example_dynamic_task_mapping.sum_it scheduled__2022-05-15T00:00:00+00:00 [running]> on host LAPTOP-A1PMOBSE.localdomain
[2025-12-26T22:21:31.165+0530] {taskinstance.py:2648} INFO - Exporting env vars: AIRFLOW_CTX_DAG_OWNER='airflow' AIRFLOW_CTX_DAG_ID='example_dynamic_task_mapping' AIRFLOW_CTX_TASK_ID='sum_it' AIRFLOW_CTX_EXECUTION_DATE='2022-05-15T00:00:00+00:00' AIRFLOW_CTX_TRY_NUMBER='1' AIRFLOW_CTX_DAG_RUN_ID='scheduled__2022-05-15T00:00:00+00:00'
[2025-12-26T22:21:31.166+0530] {taskinstance.py:430} INFO - ::endgroup::
[2025-12-26T22:21:31.170+0530] {logging_mixin.py:188} INFO - Total was 9
[2025-12-26T22:21:31.170+0530] {python.py:237} INFO - Done. Returned value was: None
[2025-12-26T22:21:31.170+0530] {taskinstance.py:441} INFO - ::group::Post task execution logs
[2025-12-26T22:21:31.173+0530] {taskinstance.py:1206} INFO - Marking task as SUCCESS. dag_id=example_dynamic_task_mapping, task_id=sum_it, run_id=scheduled__2022-05-15T00:00:00+00:00, execution_date=20220515T000000, start_date=20251226T165131, end_date=20251226T165131
[2025-12-26T22:21:31.206+0530] {local_task_job_runner.py:243} INFO - Task exited with return code 0
[2025-12-26T22:21:31.218+0530] {taskinstance.py:3503} INFO - 0 downstream tasks scheduled from follow-on schedule check
[2025-12-26T22:21:31.219+0530] {local_task_job_runner.py:222} INFO - ::endgroup::
[2026-03-10T23:10:49.353+0530] {local_task_job_runner.py:120} INFO - ::group::Pre task execution logs
[2026-03-10T23:10:49.395+0530] {taskinstance.py:2076} INFO - Dependencies all met for dep_context=non-requeueable deps ti=<TaskInstance: example_dynamic_task_mapping.sum_it scheduled__2022-05-15T00:00:00+00:00 [queued]>
[2026-03-10T23:10:49.403+0530] {taskinstance.py:2076} INFO - Dependencies all met for dep_context=requeueable deps ti=<TaskInstance: example_dynamic_task_mapping.sum_it scheduled__2022-05-15T00:00:00+00:00 [queued]>
[2026-03-10T23:10:49.404+0530] {taskinstance.py:2306} INFO - Starting attempt 1 of 1
[2026-03-10T23:10:49.431+0530] {taskinstance.py:2330} INFO - Executing <Task(_PythonDecoratedOperator): sum_it> on 2022-05-15 00:00:00+00:00
[2026-03-10T23:10:49.439+0530] {standard_task_runner.py:64} INFO - Started process 7363 to run task
[2026-03-10T23:10:49.444+0530] {standard_task_runner.py:90} INFO - Running: ['airflow', 'tasks', 'run', 'example_dynamic_task_mapping', 'sum_it', 'scheduled__2022-05-15T00:00:00+00:00', '--job-id', '633', '--raw', '--subdir', '/home/sathya/projects/training-kit/.venv-airflow/lib/python3.10/site-packages/airflow/example_dags/example_dynamic_task_mapping.py', '--cfg-path', '/tmp/tmp3_xrafpy']
[2026-03-10T23:10:49.448+0530] {standard_task_runner.py:91} INFO - Job 633: Subtask sum_it
[2026-03-10T23:10:49.512+0530] {task_command.py:426} INFO - Running <TaskInstance: example_dynamic_task_mapping.sum_it scheduled__2022-05-15T00:00:00+00:00 [running]> on host LAPTOP-A1PMOBSE.localdomain
[2026-03-10T23:10:49.685+0530] {taskinstance.py:2648} INFO - Exporting env vars: AIRFLOW_CTX_DAG_OWNER='airflow' AIRFLOW_CTX_DAG_ID='example_dynamic_task_mapping' AIRFLOW_CTX_TASK_ID='sum_it' AIRFLOW_CTX_EXECUTION_DATE='2022-05-15T00:00:00+00:00' AIRFLOW_CTX_TRY_NUMBER='1' AIRFLOW_CTX_DAG_RUN_ID='scheduled__2022-05-15T00:00:00+00:00'
[2026-03-10T23:10:49.688+0530] {taskinstance.py:430} INFO - ::endgroup::
[2026-03-10T23:10:49.695+0530] {logging_mixin.py:188} INFO - Total was 9
[2026-03-10T23:10:49.695+0530] {python.py:237} INFO - Done. Returned value was: None
[2026-03-10T23:10:49.695+0530] {taskinstance.py:441} INFO - ::group::Post task execution logs
[2026-03-10T23:10:49.705+0530] {taskinstance.py:1206} INFO - Marking task as SUCCESS. dag_id=example_dynamic_task_mapping, task_id=sum_it, run_id=scheduled__2022-05-15T00:00:00+00:00, execution_date=20220515T000000, start_date=20260310T174049, end_date=20260310T174049
[2026-03-10T23:10:49.757+0530] {local_task_job_runner.py:243} INFO - Task exited with return code 0
[2026-03-10T23:10:49.778+0530] {taskinstance.py:3503} INFO - 0 downstream tasks scheduled from follow-on schedule check
[2026-03-10T23:10:49.779+0530] {local_task_job_runner.py:222} INFO - ::endgroup::
