[2025-12-26T22:12:45.888+0530] {local_task_job_runner.py:120} INFO - ::group::Pre task execution logs
[2025-12-26T22:12:45.914+0530] {taskinstance.py:2076} INFO - Dependencies all met for dep_context=non-requeueable deps ti=<TaskInstance: example_dynamic_task_mapping.add_one scheduled__2022-03-13T00:00:00+00:00 map_index=1 [queued]>
[2025-12-26T22:12:45.921+0530] {taskinstance.py:2076} INFO - Dependencies all met for dep_context=requeueable deps ti=<TaskInstance: example_dynamic_task_mapping.add_one scheduled__2022-03-13T00:00:00+00:00 map_index=1 [queued]>
[2025-12-26T22:12:45.921+0530] {taskinstance.py:2306} INFO - Starting attempt 1 of 1
[2025-12-26T22:12:45.939+0530] {taskinstance.py:2330} INFO - Executing <Mapped(_PythonDecoratedOperator): add_one> on 2022-03-13 00:00:00+00:00
[2025-12-26T22:12:45.942+0530] {standard_task_runner.py:64} INFO - Started process 4503 to run task
[2025-12-26T22:12:45.948+0530] {standard_task_runner.py:90} INFO - Running: ['airflow', 'tasks', 'run', 'example_dynamic_task_mapping', 'add_one', 'scheduled__2022-03-13T00:00:00+00:00', '--job-id', '197', '--raw', '--subdir', '/home/sathya/projects/training-kit/.venv-airflow/lib/python3.10/site-packages/airflow/example_dags/example_dynamic_task_mapping.py', '--cfg-path', '/tmp/tmp35bhfn4i', '--map-index', '1']
[2025-12-26T22:12:45.948+0530] {standard_task_runner.py:91} INFO - Job 197: Subtask add_one
[2025-12-26T22:12:45.993+0530] {task_command.py:426} INFO - Running <TaskInstance: example_dynamic_task_mapping.add_one scheduled__2022-03-13T00:00:00+00:00 map_index=1 [running]> on host LAPTOP-A1PMOBSE.localdomain
[2025-12-26T22:12:46.074+0530] {taskinstance.py:2648} INFO - Exporting env vars: AIRFLOW_CTX_DAG_OWNER='airflow' AIRFLOW_CTX_DAG_ID='example_dynamic_task_mapping' AIRFLOW_CTX_TASK_ID='add_one' AIRFLOW_CTX_EXECUTION_DATE='2022-03-13T00:00:00+00:00' AIRFLOW_CTX_TRY_NUMBER='1' AIRFLOW_CTX_DAG_RUN_ID='scheduled__2022-03-13T00:00:00+00:00'
[2025-12-26T22:12:46.076+0530] {taskinstance.py:430} INFO - ::endgroup::
[2025-12-26T22:12:46.076+0530] {python.py:237} INFO - Done. Returned value was: 3
[2025-12-26T22:12:46.076+0530] {taskinstance.py:441} INFO - ::group::Post task execution logs
[2025-12-26T22:12:46.095+0530] {taskinstance.py:1206} INFO - Marking task as SUCCESS. dag_id=example_dynamic_task_mapping, task_id=add_one, run_id=scheduled__2022-03-13T00:00:00+00:00, map_index=1, execution_date=20220313T000000, start_date=20251226T164245, end_date=20251226T164246
[2025-12-26T22:12:46.132+0530] {local_task_job_runner.py:243} INFO - Task exited with return code 0
[2025-12-26T22:12:46.150+0530] {taskinstance.py:3503} INFO - 0 downstream tasks scheduled from follow-on schedule check
[2025-12-26T22:12:46.150+0530] {local_task_job_runner.py:222} INFO - ::endgroup::
[2026-03-10T21:11:48.646+0530] {local_task_job_runner.py:120} INFO - ::group::Pre task execution logs
[2026-03-10T21:11:48.689+0530] {taskinstance.py:2076} INFO - Dependencies all met for dep_context=non-requeueable deps ti=<TaskInstance: example_dynamic_task_mapping.add_one scheduled__2022-03-13T00:00:00+00:00 map_index=1 [queued]>
[2026-03-10T21:11:48.704+0530] {taskinstance.py:2076} INFO - Dependencies all met for dep_context=requeueable deps ti=<TaskInstance: example_dynamic_task_mapping.add_one scheduled__2022-03-13T00:00:00+00:00 map_index=1 [queued]>
[2026-03-10T21:11:48.704+0530] {taskinstance.py:2306} INFO - Starting attempt 1 of 1
[2026-03-10T21:11:48.737+0530] {taskinstance.py:2330} INFO - Executing <Mapped(_PythonDecoratedOperator): add_one> on 2022-03-13 00:00:00+00:00
[2026-03-10T21:11:48.743+0530] {standard_task_runner.py:64} INFO - Started process 1696 to run task
[2026-03-10T21:11:48.748+0530] {standard_task_runner.py:90} INFO - Running: ['airflow', 'tasks', 'run', 'example_dynamic_task_mapping', 'add_one', 'scheduled__2022-03-13T00:00:00+00:00', '--job-id', '138', '--raw', '--subdir', '/home/sathya/projects/training-kit/.venv-airflow/lib/python3.10/site-packages/airflow/example_dags/example_dynamic_task_mapping.py', '--cfg-path', '/tmp/tmpx42to_98', '--map-index', '1']
[2026-03-10T21:11:48.750+0530] {standard_task_runner.py:91} INFO - Job 138: Subtask add_one
[2026-03-10T21:11:48.806+0530] {task_command.py:426} INFO - Running <TaskInstance: example_dynamic_task_mapping.add_one scheduled__2022-03-13T00:00:00+00:00 map_index=1 [running]> on host LAPTOP-A1PMOBSE.localdomain
[2026-03-10T21:11:48.873+0530] {taskinstance.py:2648} INFO - Exporting env vars: AIRFLOW_CTX_DAG_OWNER='airflow' AIRFLOW_CTX_DAG_ID='example_dynamic_task_mapping' AIRFLOW_CTX_TASK_ID='add_one' AIRFLOW_CTX_EXECUTION_DATE='2022-03-13T00:00:00+00:00' AIRFLOW_CTX_TRY_NUMBER='1' AIRFLOW_CTX_DAG_RUN_ID='scheduled__2022-03-13T00:00:00+00:00'
[2026-03-10T21:11:48.874+0530] {taskinstance.py:430} INFO - ::endgroup::
[2026-03-10T21:11:48.875+0530] {python.py:237} INFO - Done. Returned value was: 3
[2026-03-10T21:11:48.875+0530] {taskinstance.py:441} INFO - ::group::Post task execution logs
[2026-03-10T21:11:48.892+0530] {taskinstance.py:1206} INFO - Marking task as SUCCESS. dag_id=example_dynamic_task_mapping, task_id=add_one, run_id=scheduled__2022-03-13T00:00:00+00:00, map_index=1, execution_date=20220313T000000, start_date=20260310T154148, end_date=20260310T154148
[2026-03-10T21:11:48.921+0530] {local_task_job_runner.py:243} INFO - Task exited with return code 0
[2026-03-10T21:11:48.941+0530] {taskinstance.py:3503} INFO - 0 downstream tasks scheduled from follow-on schedule check
[2026-03-10T21:11:48.942+0530] {local_task_job_runner.py:222} INFO - ::endgroup::
