[2026-03-10T22:57:48.264+0530] {local_task_job_runner.py:120} INFO - ::group::Pre task execution logs
[2026-03-10T22:57:48.299+0530] {taskinstance.py:2076} INFO - Dependencies all met for dep_context=non-requeueable deps ti=<TaskInstance: example_branch_operator.ext_py_b scheduled__2026-03-09T00:00:00+00:00 [queued]>
[2026-03-10T22:57:48.307+0530] {taskinstance.py:2076} INFO - Dependencies all met for dep_context=requeueable deps ti=<TaskInstance: example_branch_operator.ext_py_b scheduled__2026-03-09T00:00:00+00:00 [queued]>
[2026-03-10T22:57:48.307+0530] {taskinstance.py:2306} INFO - Starting attempt 1 of 1
[2026-03-10T22:57:48.330+0530] {taskinstance.py:2330} INFO - Executing <Task(ExternalPythonOperator): ext_py_b> on 2026-03-09 00:00:00+00:00
[2026-03-10T22:57:48.336+0530] {standard_task_runner.py:64} INFO - Started process 4094 to run task
[2026-03-10T22:57:48.341+0530] {standard_task_runner.py:90} INFO - Running: ['airflow', 'tasks', 'run', 'example_branch_operator', 'ext_py_b', 'scheduled__2026-03-09T00:00:00+00:00', '--job-id', '321', '--raw', '--subdir', '/home/sathya/projects/training-kit/.venv-airflow/lib/python3.10/site-packages/airflow/example_dags/example_branch_operator.py', '--cfg-path', '/tmp/tmpg8ptoa_6']
[2026-03-10T22:57:48.344+0530] {standard_task_runner.py:91} INFO - Job 321: Subtask ext_py_b
[2026-03-10T22:57:48.401+0530] {task_command.py:426} INFO - Running <TaskInstance: example_branch_operator.ext_py_b scheduled__2026-03-09T00:00:00+00:00 [running]> on host LAPTOP-A1PMOBSE.localdomain
[2026-03-10T22:57:48.492+0530] {taskinstance.py:2648} INFO - Exporting env vars: AIRFLOW_CTX_DAG_OWNER='airflow' AIRFLOW_CTX_DAG_ID='example_branch_operator' AIRFLOW_CTX_TASK_ID='ext_py_b' AIRFLOW_CTX_EXECUTION_DATE='2026-03-09T00:00:00+00:00' AIRFLOW_CTX_TRY_NUMBER='1' AIRFLOW_CTX_DAG_RUN_ID='scheduled__2026-03-09T00:00:00+00:00'
[2026-03-10T22:57:48.494+0530] {taskinstance.py:430} INFO - ::endgroup::
[2026-03-10T22:57:48.566+0530] {baseoperator.py:400} WARNING - ExternalPythonOperator.execute cannot be called outside TaskInstance!
[2026-03-10T22:57:48.593+0530] {process_utils.py:183} INFO - Executing cmd: /home/sathya/projects/training-kit/.venv-airflow/bin/python3.10 /tmp/venv-callk79q932o/script.py /tmp/venv-callk79q932o/script.in /tmp/venv-callk79q932o/script.out /tmp/venv-callk79q932o/string_args.txt /tmp/venv-callk79q932o/termination.log
[2026-03-10T22:57:48.593+0530] {process_utils.py:187} INFO - Output:
[2026-03-10T22:57:49.302+0530] {process_utils.py:191} INFO - Hello World from external Python
[2026-03-10T22:57:49.491+0530] {python.py:237} INFO - Done. Returned value was: None
[2026-03-10T22:57:49.491+0530] {taskinstance.py:441} INFO - ::group::Post task execution logs
[2026-03-10T22:57:49.500+0530] {taskinstance.py:1206} INFO - Marking task as SUCCESS. dag_id=example_branch_operator, task_id=ext_py_b, run_id=scheduled__2026-03-09T00:00:00+00:00, execution_date=20260309T000000, start_date=20260310T172748, end_date=20260310T172749
[2026-03-10T22:57:49.587+0530] {local_task_job_runner.py:243} INFO - Task exited with return code 0
[2026-03-10T22:57:49.618+0530] {taskinstance.py:3503} INFO - 0 downstream tasks scheduled from follow-on schedule check
[2026-03-10T22:57:49.619+0530] {local_task_job_runner.py:222} INFO - ::endgroup::
