[2025-12-26T22:51:30.762+0530] {local_task_job_runner.py:120} INFO - ::group::Pre task execution logs
[2025-12-26T22:51:30.779+0530] {taskinstance.py:2076} INFO - Dependencies all met for dep_context=non-requeueable deps ti=<TaskInstance: example_dynamic_task_mapping.add_one scheduled__2022-09-13T00:00:00+00:00 map_index=2 [queued]>
[2025-12-26T22:51:30.784+0530] {taskinstance.py:2076} INFO - Dependencies all met for dep_context=requeueable deps ti=<TaskInstance: example_dynamic_task_mapping.add_one scheduled__2022-09-13T00:00:00+00:00 map_index=2 [queued]>
[2025-12-26T22:51:30.784+0530] {taskinstance.py:2306} INFO - Starting attempt 1 of 1
[2025-12-26T22:51:30.797+0530] {taskinstance.py:2330} INFO - Executing <Mapped(_PythonDecoratedOperator): add_one> on 2022-09-13 00:00:00+00:00
[2025-12-26T22:51:30.800+0530] {standard_task_runner.py:64} INFO - Started process 9697 to run task
[2025-12-26T22:51:30.802+0530] {standard_task_runner.py:90} INFO - Running: ['airflow', 'tasks', 'run', 'example_dynamic_task_mapping', 'add_one', 'scheduled__2022-09-13T00:00:00+00:00', '--job-id', '1135', '--raw', '--subdir', '/home/sathya/projects/training-kit/.venv-airflow/lib/python3.10/site-packages/airflow/example_dags/example_dynamic_task_mapping.py', '--cfg-path', '/tmp/tmpkkjnxsut', '--map-index', '2']
[2025-12-26T22:51:30.803+0530] {standard_task_runner.py:91} INFO - Job 1135: Subtask add_one
[2025-12-26T22:51:30.833+0530] {task_command.py:426} INFO - Running <TaskInstance: example_dynamic_task_mapping.add_one scheduled__2022-09-13T00:00:00+00:00 map_index=2 [running]> on host LAPTOP-A1PMOBSE.localdomain
[2025-12-26T22:51:30.886+0530] {taskinstance.py:2648} INFO - Exporting env vars: AIRFLOW_CTX_DAG_OWNER='airflow' AIRFLOW_CTX_DAG_ID='example_dynamic_task_mapping' AIRFLOW_CTX_TASK_ID='add_one' AIRFLOW_CTX_EXECUTION_DATE='2022-09-13T00:00:00+00:00' AIRFLOW_CTX_TRY_NUMBER='1' AIRFLOW_CTX_DAG_RUN_ID='scheduled__2022-09-13T00:00:00+00:00'
[2025-12-26T22:51:30.887+0530] {taskinstance.py:430} INFO - ::endgroup::
[2025-12-26T22:51:30.887+0530] {python.py:237} INFO - Done. Returned value was: 4
[2025-12-26T22:51:30.887+0530] {taskinstance.py:441} INFO - ::group::Post task execution logs
[2025-12-26T22:51:30.902+0530] {taskinstance.py:1206} INFO - Marking task as SUCCESS. dag_id=example_dynamic_task_mapping, task_id=add_one, run_id=scheduled__2022-09-13T00:00:00+00:00, map_index=2, execution_date=20220913T000000, start_date=20251226T172130, end_date=20251226T172130
[2025-12-26T22:51:30.945+0530] {local_task_job_runner.py:243} INFO - Task exited with return code 0
[2025-12-26T22:51:30.966+0530] {taskinstance.py:3503} INFO - 1 downstream tasks scheduled from follow-on schedule check
[2025-12-26T22:51:30.974+0530] {local_task_job_runner.py:222} INFO - ::endgroup::
[2026-03-10T23:52:32.866+0530] {local_task_job_runner.py:120} INFO - ::group::Pre task execution logs
[2026-03-10T23:52:32.923+0530] {taskinstance.py:2076} INFO - Dependencies all met for dep_context=non-requeueable deps ti=<TaskInstance: example_dynamic_task_mapping.add_one scheduled__2022-09-13T00:00:00+00:00 map_index=2 [queued]>
[2026-03-10T23:52:32.940+0530] {taskinstance.py:2076} INFO - Dependencies all met for dep_context=requeueable deps ti=<TaskInstance: example_dynamic_task_mapping.add_one scheduled__2022-09-13T00:00:00+00:00 map_index=2 [queued]>
[2026-03-10T23:52:32.940+0530] {taskinstance.py:2306} INFO - Starting attempt 1 of 1
[2026-03-10T23:52:32.989+0530] {taskinstance.py:2330} INFO - Executing <Mapped(_PythonDecoratedOperator): add_one> on 2022-09-13 00:00:00+00:00
[2026-03-10T23:52:33.000+0530] {standard_task_runner.py:64} INFO - Started process 15406 to run task
[2026-03-10T23:52:33.008+0530] {standard_task_runner.py:90} INFO - Running: ['airflow', 'tasks', 'run', 'example_dynamic_task_mapping', 'add_one', 'scheduled__2022-09-13T00:00:00+00:00', '--job-id', '1404', '--raw', '--subdir', '/home/sathya/projects/training-kit/.venv-airflow/lib/python3.10/site-packages/airflow/example_dags/example_dynamic_task_mapping.py', '--cfg-path', '/tmp/tmpcy925bjn', '--map-index', '2']
[2026-03-10T23:52:33.013+0530] {standard_task_runner.py:91} INFO - Job 1404: Subtask add_one
[2026-03-10T23:52:33.105+0530] {task_command.py:426} INFO - Running <TaskInstance: example_dynamic_task_mapping.add_one scheduled__2022-09-13T00:00:00+00:00 map_index=2 [running]> on host LAPTOP-A1PMOBSE.localdomain
[2026-03-10T23:52:33.281+0530] {taskinstance.py:2648} INFO - Exporting env vars: AIRFLOW_CTX_DAG_OWNER='airflow' AIRFLOW_CTX_DAG_ID='example_dynamic_task_mapping' AIRFLOW_CTX_TASK_ID='add_one' AIRFLOW_CTX_EXECUTION_DATE='2022-09-13T00:00:00+00:00' AIRFLOW_CTX_TRY_NUMBER='1' AIRFLOW_CTX_DAG_RUN_ID='scheduled__2022-09-13T00:00:00+00:00'
[2026-03-10T23:52:33.284+0530] {taskinstance.py:430} INFO - ::endgroup::
[2026-03-10T23:52:33.285+0530] {python.py:237} INFO - Done. Returned value was: 4
[2026-03-10T23:52:33.286+0530] {taskinstance.py:441} INFO - ::group::Post task execution logs
[2026-03-10T23:52:33.325+0530] {taskinstance.py:1206} INFO - Marking task as SUCCESS. dag_id=example_dynamic_task_mapping, task_id=add_one, run_id=scheduled__2022-09-13T00:00:00+00:00, map_index=2, execution_date=20220913T000000, start_date=20260310T182232, end_date=20260310T182233
[2026-03-10T23:52:33.372+0530] {local_task_job_runner.py:243} INFO - Task exited with return code 0
[2026-03-10T23:52:33.406+0530] {taskinstance.py:3503} INFO - 1 downstream tasks scheduled from follow-on schedule check
[2026-03-10T23:52:33.422+0530] {local_task_job_runner.py:222} INFO - ::endgroup::
