[2025-12-26T23:06:33.134+0530] {local_task_job_runner.py:120} INFO - ::group::Pre task execution logs
[2025-12-26T23:06:33.154+0530] {taskinstance.py:2076} INFO - Dependencies all met for dep_context=non-requeueable deps ti=<TaskInstance: example_dynamic_task_mapping.add_one scheduled__2022-10-26T00:00:00+00:00 map_index=1 [queued]>
[2025-12-26T23:06:33.162+0530] {taskinstance.py:2076} INFO - Dependencies all met for dep_context=requeueable deps ti=<TaskInstance: example_dynamic_task_mapping.add_one scheduled__2022-10-26T00:00:00+00:00 map_index=1 [queued]>
[2025-12-26T23:06:33.162+0530] {taskinstance.py:2306} INFO - Starting attempt 1 of 1
[2025-12-26T23:06:33.177+0530] {taskinstance.py:2330} INFO - Executing <Mapped(_PythonDecoratedOperator): add_one> on 2022-10-26 00:00:00+00:00
[2025-12-26T23:06:33.180+0530] {standard_task_runner.py:64} INFO - Started process 11263 to run task
[2025-12-26T23:06:33.183+0530] {standard_task_runner.py:90} INFO - Running: ['airflow', 'tasks', 'run', 'example_dynamic_task_mapping', 'add_one', 'scheduled__2022-10-26T00:00:00+00:00', '--job-id', '1381', '--raw', '--subdir', '/home/sathya/projects/training-kit/.venv-airflow/lib/python3.10/site-packages/airflow/example_dags/example_dynamic_task_mapping.py', '--cfg-path', '/tmp/tmpul8qqbbg', '--map-index', '1']
[2025-12-26T23:06:33.183+0530] {standard_task_runner.py:91} INFO - Job 1381: Subtask add_one
[2025-12-26T23:06:33.219+0530] {task_command.py:426} INFO - Running <TaskInstance: example_dynamic_task_mapping.add_one scheduled__2022-10-26T00:00:00+00:00 map_index=1 [running]> on host LAPTOP-A1PMOBSE.localdomain
[2025-12-26T23:06:33.279+0530] {taskinstance.py:2648} INFO - Exporting env vars: AIRFLOW_CTX_DAG_OWNER='airflow' AIRFLOW_CTX_DAG_ID='example_dynamic_task_mapping' AIRFLOW_CTX_TASK_ID='add_one' AIRFLOW_CTX_EXECUTION_DATE='2022-10-26T00:00:00+00:00' AIRFLOW_CTX_TRY_NUMBER='1' AIRFLOW_CTX_DAG_RUN_ID='scheduled__2022-10-26T00:00:00+00:00'
[2025-12-26T23:06:33.280+0530] {taskinstance.py:430} INFO - ::endgroup::
[2025-12-26T23:06:33.280+0530] {python.py:237} INFO - Done. Returned value was: 3
[2025-12-26T23:06:33.280+0530] {taskinstance.py:441} INFO - ::group::Post task execution logs
[2025-12-26T23:06:33.294+0530] {taskinstance.py:1206} INFO - Marking task as SUCCESS. dag_id=example_dynamic_task_mapping, task_id=add_one, run_id=scheduled__2022-10-26T00:00:00+00:00, map_index=1, execution_date=20221026T000000, start_date=20251226T173633, end_date=20251226T173633
[2025-12-26T23:06:33.325+0530] {local_task_job_runner.py:243} INFO - Task exited with return code 0
[2025-12-26T23:06:33.344+0530] {taskinstance.py:3503} INFO - 0 downstream tasks scheduled from follow-on schedule check
[2025-12-26T23:06:33.344+0530] {local_task_job_runner.py:222} INFO - ::endgroup::
[2026-03-11T22:31:39.121+0530] {local_task_job_runner.py:120} INFO - ::group::Pre task execution logs
[2026-03-11T22:31:39.146+0530] {taskinstance.py:2076} INFO - Dependencies all met for dep_context=non-requeueable deps ti=<TaskInstance: example_dynamic_task_mapping.add_one scheduled__2022-10-26T00:00:00+00:00 map_index=1 [queued]>
[2026-03-11T22:31:39.150+0530] {taskinstance.py:2076} INFO - Dependencies all met for dep_context=requeueable deps ti=<TaskInstance: example_dynamic_task_mapping.add_one scheduled__2022-10-26T00:00:00+00:00 map_index=1 [queued]>
[2026-03-11T22:31:39.150+0530] {taskinstance.py:2306} INFO - Starting attempt 1 of 1
[2026-03-11T22:31:39.166+0530] {taskinstance.py:2330} INFO - Executing <Mapped(_PythonDecoratedOperator): add_one> on 2022-10-26 00:00:00+00:00
[2026-03-11T22:31:39.172+0530] {standard_task_runner.py:64} INFO - Started process 8031 to run task
[2026-03-11T22:31:39.178+0530] {standard_task_runner.py:90} INFO - Running: ['airflow', 'tasks', 'run', 'example_dynamic_task_mapping', 'add_one', 'scheduled__2022-10-26T00:00:00+00:00', '--job-id', '1824', '--raw', '--subdir', '/home/sathya/projects/training-kit/.venv-airflow/lib/python3.10/site-packages/airflow/example_dags/example_dynamic_task_mapping.py', '--cfg-path', '/tmp/tmpwz_ly7ph', '--map-index', '1']
[2026-03-11T22:31:39.180+0530] {standard_task_runner.py:91} INFO - Job 1824: Subtask add_one
[2026-03-11T22:31:39.223+0530] {task_command.py:426} INFO - Running <TaskInstance: example_dynamic_task_mapping.add_one scheduled__2022-10-26T00:00:00+00:00 map_index=1 [running]> on host LAPTOP-A1PMOBSE.localdomain
[2026-03-11T22:31:39.305+0530] {taskinstance.py:2648} INFO - Exporting env vars: AIRFLOW_CTX_DAG_OWNER='airflow' AIRFLOW_CTX_DAG_ID='example_dynamic_task_mapping' AIRFLOW_CTX_TASK_ID='add_one' AIRFLOW_CTX_EXECUTION_DATE='2022-10-26T00:00:00+00:00' AIRFLOW_CTX_TRY_NUMBER='1' AIRFLOW_CTX_DAG_RUN_ID='scheduled__2022-10-26T00:00:00+00:00'
[2026-03-11T22:31:39.306+0530] {taskinstance.py:430} INFO - ::endgroup::
[2026-03-11T22:31:39.306+0530] {python.py:237} INFO - Done. Returned value was: 3
[2026-03-11T22:31:39.306+0530] {taskinstance.py:441} INFO - ::group::Post task execution logs
[2026-03-11T22:31:39.325+0530] {taskinstance.py:1206} INFO - Marking task as SUCCESS. dag_id=example_dynamic_task_mapping, task_id=add_one, run_id=scheduled__2022-10-26T00:00:00+00:00, map_index=1, execution_date=20221026T000000, start_date=20260311T170139, end_date=20260311T170139
[2026-03-11T22:31:39.362+0530] {local_task_job_runner.py:243} INFO - Task exited with return code 0
[2026-03-11T22:31:39.381+0530] {taskinstance.py:3503} INFO - 0 downstream tasks scheduled from follow-on schedule check
[2026-03-11T22:31:39.381+0530] {local_task_job_runner.py:222} INFO - ::endgroup::
