[2025-12-26T22:12:09.043+0530] {local_task_job_runner.py:120} INFO - ::group::Pre task execution logs
[2025-12-26T22:12:09.076+0530] {taskinstance.py:2076} INFO - Dependencies all met for dep_context=non-requeueable deps ti=<TaskInstance: example_dynamic_task_mapping.sum_it scheduled__2022-03-09T00:00:00+00:00 [queued]>
[2025-12-26T22:12:09.083+0530] {taskinstance.py:2076} INFO - Dependencies all met for dep_context=requeueable deps ti=<TaskInstance: example_dynamic_task_mapping.sum_it scheduled__2022-03-09T00:00:00+00:00 [queued]>
[2025-12-26T22:12:09.084+0530] {taskinstance.py:2306} INFO - Starting attempt 1 of 1
[2025-12-26T22:12:09.114+0530] {taskinstance.py:2330} INFO - Executing <Task(_PythonDecoratedOperator): sum_it> on 2022-03-09 00:00:00+00:00
[2025-12-26T22:12:09.118+0530] {standard_task_runner.py:64} INFO - Started process 4406 to run task
[2025-12-26T22:12:09.122+0530] {standard_task_runner.py:90} INFO - Running: ['airflow', 'tasks', 'run', 'example_dynamic_task_mapping', 'sum_it', 'scheduled__2022-03-09T00:00:00+00:00', '--job-id', '173', '--raw', '--subdir', '/home/sathya/projects/training-kit/.venv-airflow/lib/python3.10/site-packages/airflow/example_dags/example_dynamic_task_mapping.py', '--cfg-path', '/tmp/tmps3hb_g_t']
[2025-12-26T22:12:09.123+0530] {standard_task_runner.py:91} INFO - Job 173: Subtask sum_it
[2025-12-26T22:12:09.170+0530] {task_command.py:426} INFO - Running <TaskInstance: example_dynamic_task_mapping.sum_it scheduled__2022-03-09T00:00:00+00:00 [running]> on host LAPTOP-A1PMOBSE.localdomain
[2025-12-26T22:12:09.309+0530] {taskinstance.py:2648} INFO - Exporting env vars: AIRFLOW_CTX_DAG_OWNER='airflow' AIRFLOW_CTX_DAG_ID='example_dynamic_task_mapping' AIRFLOW_CTX_TASK_ID='sum_it' AIRFLOW_CTX_EXECUTION_DATE='2022-03-09T00:00:00+00:00' AIRFLOW_CTX_TRY_NUMBER='1' AIRFLOW_CTX_DAG_RUN_ID='scheduled__2022-03-09T00:00:00+00:00'
[2025-12-26T22:12:09.310+0530] {taskinstance.py:430} INFO - ::endgroup::
[2025-12-26T22:12:09.314+0530] {logging_mixin.py:188} INFO - Total was 9
[2025-12-26T22:12:09.314+0530] {python.py:237} INFO - Done. Returned value was: None
[2025-12-26T22:12:09.314+0530] {taskinstance.py:441} INFO - ::group::Post task execution logs
[2025-12-26T22:12:09.320+0530] {taskinstance.py:1206} INFO - Marking task as SUCCESS. dag_id=example_dynamic_task_mapping, task_id=sum_it, run_id=scheduled__2022-03-09T00:00:00+00:00, execution_date=20220309T000000, start_date=20251226T164209, end_date=20251226T164209
[2025-12-26T22:12:09.351+0530] {local_task_job_runner.py:243} INFO - Task exited with return code 0
[2025-12-26T22:12:09.365+0530] {taskinstance.py:3503} INFO - 0 downstream tasks scheduled from follow-on schedule check
[2025-12-26T22:12:09.365+0530] {local_task_job_runner.py:222} INFO - ::endgroup::
[2026-03-10T22:15:45.302+0530] {local_task_job_runner.py:120} INFO - ::group::Pre task execution logs
[2026-03-10T22:15:45.340+0530] {taskinstance.py:2076} INFO - Dependencies all met for dep_context=non-requeueable deps ti=<TaskInstance: example_dynamic_task_mapping.sum_it scheduled__2022-03-09T00:00:00+00:00 [queued]>
[2026-03-10T22:15:45.346+0530] {taskinstance.py:2076} INFO - Dependencies all met for dep_context=requeueable deps ti=<TaskInstance: example_dynamic_task_mapping.sum_it scheduled__2022-03-09T00:00:00+00:00 [queued]>
[2026-03-10T22:15:45.346+0530] {taskinstance.py:2306} INFO - Starting attempt 1 of 1
[2026-03-10T22:15:45.371+0530] {taskinstance.py:2330} INFO - Executing <Task(_PythonDecoratedOperator): sum_it> on 2022-03-09 00:00:00+00:00
[2026-03-10T22:15:45.377+0530] {standard_task_runner.py:64} INFO - Started process 2560 to run task
[2026-03-10T22:15:45.380+0530] {standard_task_runner.py:90} INFO - Running: ['airflow', 'tasks', 'run', 'example_dynamic_task_mapping', 'sum_it', 'scheduled__2022-03-09T00:00:00+00:00', '--job-id', '215', '--raw', '--subdir', '/home/sathya/projects/training-kit/.venv-airflow/lib/python3.10/site-packages/airflow/example_dags/example_dynamic_task_mapping.py', '--cfg-path', '/tmp/tmpxbzmd9xq']
[2026-03-10T22:15:45.383+0530] {standard_task_runner.py:91} INFO - Job 215: Subtask sum_it
[2026-03-10T22:15:45.443+0530] {task_command.py:426} INFO - Running <TaskInstance: example_dynamic_task_mapping.sum_it scheduled__2022-03-09T00:00:00+00:00 [running]> on host LAPTOP-A1PMOBSE.localdomain
[2026-03-10T22:15:45.535+0530] {taskinstance.py:2648} INFO - Exporting env vars: AIRFLOW_CTX_DAG_OWNER='airflow' AIRFLOW_CTX_DAG_ID='example_dynamic_task_mapping' AIRFLOW_CTX_TASK_ID='sum_it' AIRFLOW_CTX_EXECUTION_DATE='2022-03-09T00:00:00+00:00' AIRFLOW_CTX_TRY_NUMBER='1' AIRFLOW_CTX_DAG_RUN_ID='scheduled__2022-03-09T00:00:00+00:00'
[2026-03-10T22:15:45.538+0530] {taskinstance.py:430} INFO - ::endgroup::
[2026-03-10T22:15:45.542+0530] {logging_mixin.py:188} INFO - Total was 9
[2026-03-10T22:15:45.542+0530] {python.py:237} INFO - Done. Returned value was: None
[2026-03-10T22:15:45.542+0530] {taskinstance.py:441} INFO - ::group::Post task execution logs
[2026-03-10T22:15:45.548+0530] {taskinstance.py:1206} INFO - Marking task as SUCCESS. dag_id=example_dynamic_task_mapping, task_id=sum_it, run_id=scheduled__2022-03-09T00:00:00+00:00, execution_date=20220309T000000, start_date=20260310T164545, end_date=20260310T164545
[2026-03-10T22:15:45.596+0530] {local_task_job_runner.py:243} INFO - Task exited with return code 0
[2026-03-10T22:15:45.613+0530] {taskinstance.py:3503} INFO - 0 downstream tasks scheduled from follow-on schedule check
[2026-03-10T22:15:45.614+0530] {local_task_job_runner.py:222} INFO - ::endgroup::
