[2025-12-26T22:27:54.248+0530] {local_task_job_runner.py:120} INFO - ::group::Pre task execution logs
[2025-12-26T22:27:54.274+0530] {taskinstance.py:2076} INFO - Dependencies all met for dep_context=non-requeueable deps ti=<TaskInstance: example_dynamic_task_mapping.add_one scheduled__2022-06-12T00:00:00+00:00 map_index=1 [queued]>
[2025-12-26T22:27:54.279+0530] {taskinstance.py:2076} INFO - Dependencies all met for dep_context=requeueable deps ti=<TaskInstance: example_dynamic_task_mapping.add_one scheduled__2022-06-12T00:00:00+00:00 map_index=1 [queued]>
[2025-12-26T22:27:54.279+0530] {taskinstance.py:2306} INFO - Starting attempt 1 of 1
[2025-12-26T22:27:54.301+0530] {taskinstance.py:2330} INFO - Executing <Mapped(_PythonDecoratedOperator): add_one> on 2022-06-12 00:00:00+00:00
[2025-12-26T22:27:54.305+0530] {standard_task_runner.py:64} INFO - Started process 6836 to run task
[2025-12-26T22:27:54.311+0530] {standard_task_runner.py:90} INFO - Running: ['airflow', 'tasks', 'run', 'example_dynamic_task_mapping', 'add_one', 'scheduled__2022-06-12T00:00:00+00:00', '--job-id', '642', '--raw', '--subdir', '/home/sathya/projects/training-kit/.venv-airflow/lib/python3.10/site-packages/airflow/example_dags/example_dynamic_task_mapping.py', '--cfg-path', '/tmp/tmp5o8qia6e', '--map-index', '1']
[2025-12-26T22:27:54.311+0530] {standard_task_runner.py:91} INFO - Job 642: Subtask add_one
[2025-12-26T22:27:54.358+0530] {task_command.py:426} INFO - Running <TaskInstance: example_dynamic_task_mapping.add_one scheduled__2022-06-12T00:00:00+00:00 map_index=1 [running]> on host LAPTOP-A1PMOBSE.localdomain
[2025-12-26T22:27:54.419+0530] {taskinstance.py:2648} INFO - Exporting env vars: AIRFLOW_CTX_DAG_OWNER='airflow' AIRFLOW_CTX_DAG_ID='example_dynamic_task_mapping' AIRFLOW_CTX_TASK_ID='add_one' AIRFLOW_CTX_EXECUTION_DATE='2022-06-12T00:00:00+00:00' AIRFLOW_CTX_TRY_NUMBER='1' AIRFLOW_CTX_DAG_RUN_ID='scheduled__2022-06-12T00:00:00+00:00'
[2025-12-26T22:27:54.420+0530] {taskinstance.py:430} INFO - ::endgroup::
[2025-12-26T22:27:54.420+0530] {python.py:237} INFO - Done. Returned value was: 3
[2025-12-26T22:27:54.420+0530] {taskinstance.py:441} INFO - ::group::Post task execution logs
[2025-12-26T22:27:54.434+0530] {taskinstance.py:1206} INFO - Marking task as SUCCESS. dag_id=example_dynamic_task_mapping, task_id=add_one, run_id=scheduled__2022-06-12T00:00:00+00:00, map_index=1, execution_date=20220612T000000, start_date=20251226T165754, end_date=20251226T165754
[2025-12-26T22:27:54.452+0530] {local_task_job_runner.py:243} INFO - Task exited with return code 0
[2025-12-26T22:27:54.465+0530] {taskinstance.py:3503} INFO - 0 downstream tasks scheduled from follow-on schedule check
[2025-12-26T22:27:54.465+0530] {local_task_job_runner.py:222} INFO - ::endgroup::
[2026-03-10T23:16:58.751+0530] {local_task_job_runner.py:120} INFO - ::group::Pre task execution logs
[2026-03-10T23:16:58.776+0530] {taskinstance.py:2076} INFO - Dependencies all met for dep_context=non-requeueable deps ti=<TaskInstance: example_dynamic_task_mapping.add_one scheduled__2022-06-12T00:00:00+00:00 map_index=1 [queued]>
[2026-03-10T23:16:58.782+0530] {taskinstance.py:2076} INFO - Dependencies all met for dep_context=requeueable deps ti=<TaskInstance: example_dynamic_task_mapping.add_one scheduled__2022-06-12T00:00:00+00:00 map_index=1 [queued]>
[2026-03-10T23:16:58.782+0530] {taskinstance.py:2306} INFO - Starting attempt 1 of 1
[2026-03-10T23:16:58.803+0530] {taskinstance.py:2330} INFO - Executing <Mapped(_PythonDecoratedOperator): add_one> on 2022-06-12 00:00:00+00:00
[2026-03-10T23:16:58.809+0530] {standard_task_runner.py:64} INFO - Started process 8867 to run task
[2026-03-10T23:16:58.813+0530] {standard_task_runner.py:90} INFO - Running: ['airflow', 'tasks', 'run', 'example_dynamic_task_mapping', 'add_one', 'scheduled__2022-06-12T00:00:00+00:00', '--job-id', '778', '--raw', '--subdir', '/home/sathya/projects/training-kit/.venv-airflow/lib/python3.10/site-packages/airflow/example_dags/example_dynamic_task_mapping.py', '--cfg-path', '/tmp/tmpvlr3qzjc', '--map-index', '1']
[2026-03-10T23:16:58.816+0530] {standard_task_runner.py:91} INFO - Job 778: Subtask add_one
[2026-03-10T23:16:58.867+0530] {task_command.py:426} INFO - Running <TaskInstance: example_dynamic_task_mapping.add_one scheduled__2022-06-12T00:00:00+00:00 map_index=1 [running]> on host LAPTOP-A1PMOBSE.localdomain
[2026-03-10T23:16:58.948+0530] {taskinstance.py:2648} INFO - Exporting env vars: AIRFLOW_CTX_DAG_OWNER='airflow' AIRFLOW_CTX_DAG_ID='example_dynamic_task_mapping' AIRFLOW_CTX_TASK_ID='add_one' AIRFLOW_CTX_EXECUTION_DATE='2022-06-12T00:00:00+00:00' AIRFLOW_CTX_TRY_NUMBER='1' AIRFLOW_CTX_DAG_RUN_ID='scheduled__2022-06-12T00:00:00+00:00'
[2026-03-10T23:16:58.949+0530] {taskinstance.py:430} INFO - ::endgroup::
[2026-03-10T23:16:58.949+0530] {python.py:237} INFO - Done. Returned value was: 3
[2026-03-10T23:16:58.950+0530] {taskinstance.py:441} INFO - ::group::Post task execution logs
[2026-03-10T23:16:58.970+0530] {taskinstance.py:1206} INFO - Marking task as SUCCESS. dag_id=example_dynamic_task_mapping, task_id=add_one, run_id=scheduled__2022-06-12T00:00:00+00:00, map_index=1, execution_date=20220612T000000, start_date=20260310T174658, end_date=20260310T174658
[2026-03-10T23:16:59.002+0530] {local_task_job_runner.py:243} INFO - Task exited with return code 0
[2026-03-10T23:16:59.020+0530] {taskinstance.py:3503} INFO - 0 downstream tasks scheduled from follow-on schedule check
[2026-03-10T23:16:59.021+0530] {local_task_job_runner.py:222} INFO - ::endgroup::
