[2025-12-27T19:52:00.356+0530] {local_task_job_runner.py:120} INFO - ::group::Pre task execution logs
[2025-12-27T19:52:00.380+0530] {taskinstance.py:2076} INFO - Dependencies all met for dep_context=non-requeueable deps ti=<TaskInstance: example_dynamic_task_mapping.add_one scheduled__2023-01-21T00:00:00+00:00 map_index=0 [queued]>
[2025-12-27T19:52:00.391+0530] {taskinstance.py:2076} INFO - Dependencies all met for dep_context=requeueable deps ti=<TaskInstance: example_dynamic_task_mapping.add_one scheduled__2023-01-21T00:00:00+00:00 map_index=0 [queued]>
[2025-12-27T19:52:00.391+0530] {taskinstance.py:2306} INFO - Starting attempt 1 of 1
[2025-12-27T19:52:00.419+0530] {taskinstance.py:2330} INFO - Executing <Mapped(_PythonDecoratedOperator): add_one> on 2023-01-21 00:00:00+00:00
[2025-12-27T19:52:00.423+0530] {standard_task_runner.py:64} INFO - Started process 2086 to run task
[2025-12-27T19:52:00.429+0530] {standard_task_runner.py:90} INFO - Running: ['airflow', 'tasks', 'run', 'example_dynamic_task_mapping', 'add_one', 'scheduled__2023-01-21T00:00:00+00:00', '--job-id', '2040', '--raw', '--subdir', '/home/sathya/projects/training-kit/.venv-airflow/lib/python3.10/site-packages/airflow/example_dags/example_dynamic_task_mapping.py', '--cfg-path', '/tmp/tmptfsl_by6', '--map-index', '0']
[2025-12-27T19:52:00.430+0530] {standard_task_runner.py:91} INFO - Job 2040: Subtask add_one
[2025-12-27T19:52:00.487+0530] {task_command.py:426} INFO - Running <TaskInstance: example_dynamic_task_mapping.add_one scheduled__2023-01-21T00:00:00+00:00 map_index=0 [running]> on host LAPTOP-A1PMOBSE.localdomain
[2025-12-27T19:52:00.615+0530] {taskinstance.py:2648} INFO - Exporting env vars: AIRFLOW_CTX_DAG_OWNER='airflow' AIRFLOW_CTX_DAG_ID='example_dynamic_task_mapping' AIRFLOW_CTX_TASK_ID='add_one' AIRFLOW_CTX_EXECUTION_DATE='2023-01-21T00:00:00+00:00' AIRFLOW_CTX_TRY_NUMBER='1' AIRFLOW_CTX_DAG_RUN_ID='scheduled__2023-01-21T00:00:00+00:00'
[2025-12-27T19:52:00.616+0530] {taskinstance.py:430} INFO - ::endgroup::
[2025-12-27T19:52:00.617+0530] {python.py:237} INFO - Done. Returned value was: 2
[2025-12-27T19:52:00.617+0530] {taskinstance.py:441} INFO - ::group::Post task execution logs
[2025-12-27T19:52:00.643+0530] {taskinstance.py:1206} INFO - Marking task as SUCCESS. dag_id=example_dynamic_task_mapping, task_id=add_one, run_id=scheduled__2023-01-21T00:00:00+00:00, map_index=0, execution_date=20230121T000000, start_date=20251227T142200, end_date=20251227T142200
[2025-12-27T19:52:00.685+0530] {local_task_job_runner.py:243} INFO - Task exited with return code 0
[2025-12-27T19:52:00.710+0530] {taskinstance.py:3503} INFO - 0 downstream tasks scheduled from follow-on schedule check
[2025-12-27T19:52:00.710+0530] {local_task_job_runner.py:222} INFO - ::endgroup::
[2026-03-11T23:03:19.902+0530] {local_task_job_runner.py:120} INFO - ::group::Pre task execution logs
[2026-03-11T23:03:19.919+0530] {taskinstance.py:2076} INFO - Dependencies all met for dep_context=non-requeueable deps ti=<TaskInstance: example_dynamic_task_mapping.add_one scheduled__2023-01-21T00:00:00+00:00 map_index=0 [queued]>
[2026-03-11T23:03:19.924+0530] {taskinstance.py:2076} INFO - Dependencies all met for dep_context=requeueable deps ti=<TaskInstance: example_dynamic_task_mapping.add_one scheduled__2023-01-21T00:00:00+00:00 map_index=0 [queued]>
[2026-03-11T23:03:19.924+0530] {taskinstance.py:2306} INFO - Starting attempt 1 of 1
[2026-03-11T23:03:19.942+0530] {taskinstance.py:2330} INFO - Executing <Mapped(_PythonDecoratedOperator): add_one> on 2023-01-21 00:00:00+00:00
[2026-03-11T23:03:19.948+0530] {standard_task_runner.py:64} INFO - Started process 13172 to run task
[2026-03-11T23:03:19.952+0530] {standard_task_runner.py:90} INFO - Running: ['airflow', 'tasks', 'run', 'example_dynamic_task_mapping', 'add_one', 'scheduled__2023-01-21T00:00:00+00:00', '--job-id', '2330', '--raw', '--subdir', '/home/sathya/projects/training-kit/.venv-airflow/lib/python3.10/site-packages/airflow/example_dags/example_dynamic_task_mapping.py', '--cfg-path', '/tmp/tmp9wws7ko5', '--map-index', '0']
[2026-03-11T23:03:19.954+0530] {standard_task_runner.py:91} INFO - Job 2330: Subtask add_one
[2026-03-11T23:03:19.996+0530] {task_command.py:426} INFO - Running <TaskInstance: example_dynamic_task_mapping.add_one scheduled__2023-01-21T00:00:00+00:00 map_index=0 [running]> on host LAPTOP-A1PMOBSE.localdomain
[2026-03-11T23:03:20.077+0530] {taskinstance.py:2648} INFO - Exporting env vars: AIRFLOW_CTX_DAG_OWNER='airflow' AIRFLOW_CTX_DAG_ID='example_dynamic_task_mapping' AIRFLOW_CTX_TASK_ID='add_one' AIRFLOW_CTX_EXECUTION_DATE='2023-01-21T00:00:00+00:00' AIRFLOW_CTX_TRY_NUMBER='1' AIRFLOW_CTX_DAG_RUN_ID='scheduled__2023-01-21T00:00:00+00:00'
[2026-03-11T23:03:20.078+0530] {taskinstance.py:430} INFO - ::endgroup::
[2026-03-11T23:03:20.078+0530] {python.py:237} INFO - Done. Returned value was: 2
[2026-03-11T23:03:20.078+0530] {taskinstance.py:441} INFO - ::group::Post task execution logs
[2026-03-11T23:03:20.097+0530] {taskinstance.py:1206} INFO - Marking task as SUCCESS. dag_id=example_dynamic_task_mapping, task_id=add_one, run_id=scheduled__2023-01-21T00:00:00+00:00, map_index=0, execution_date=20230121T000000, start_date=20260311T173319, end_date=20260311T173320
[2026-03-11T23:03:20.138+0530] {local_task_job_runner.py:243} INFO - Task exited with return code 0
[2026-03-11T23:03:20.150+0530] {taskinstance.py:3503} INFO - 0 downstream tasks scheduled from follow-on schedule check
[2026-03-11T23:03:20.151+0530] {local_task_job_runner.py:222} INFO - ::endgroup::
