[2025-12-26T23:11:18.124+0530] {local_task_job_runner.py:120} INFO - ::group::Pre task execution logs
[2025-12-26T23:11:18.140+0530] {taskinstance.py:2076} INFO - Dependencies all met for dep_context=non-requeueable deps ti=<TaskInstance: example_dynamic_task_mapping.add_one scheduled__2022-11-11T00:00:00+00:00 map_index=0 [queued]>
[2025-12-26T23:11:18.145+0530] {taskinstance.py:2076} INFO - Dependencies all met for dep_context=requeueable deps ti=<TaskInstance: example_dynamic_task_mapping.add_one scheduled__2022-11-11T00:00:00+00:00 map_index=0 [queued]>
[2025-12-26T23:11:18.145+0530] {taskinstance.py:2306} INFO - Starting attempt 1 of 1
[2025-12-26T23:11:18.163+0530] {taskinstance.py:2330} INFO - Executing <Mapped(_PythonDecoratedOperator): add_one> on 2022-11-11 00:00:00+00:00
[2025-12-26T23:11:18.165+0530] {standard_task_runner.py:64} INFO - Started process 11844 to run task
[2025-12-26T23:11:18.168+0530] {standard_task_runner.py:90} INFO - Running: ['airflow', 'tasks', 'run', 'example_dynamic_task_mapping', 'add_one', 'scheduled__2022-11-11T00:00:00+00:00', '--job-id', '1471', '--raw', '--subdir', '/home/sathya/projects/training-kit/.venv-airflow/lib/python3.10/site-packages/airflow/example_dags/example_dynamic_task_mapping.py', '--cfg-path', '/tmp/tmpq5sic1_d', '--map-index', '0']
[2025-12-26T23:11:18.169+0530] {standard_task_runner.py:91} INFO - Job 1471: Subtask add_one
[2025-12-26T23:11:18.198+0530] {task_command.py:426} INFO - Running <TaskInstance: example_dynamic_task_mapping.add_one scheduled__2022-11-11T00:00:00+00:00 map_index=0 [running]> on host LAPTOP-A1PMOBSE.localdomain
[2025-12-26T23:11:18.257+0530] {taskinstance.py:2648} INFO - Exporting env vars: AIRFLOW_CTX_DAG_OWNER='airflow' AIRFLOW_CTX_DAG_ID='example_dynamic_task_mapping' AIRFLOW_CTX_TASK_ID='add_one' AIRFLOW_CTX_EXECUTION_DATE='2022-11-11T00:00:00+00:00' AIRFLOW_CTX_TRY_NUMBER='1' AIRFLOW_CTX_DAG_RUN_ID='scheduled__2022-11-11T00:00:00+00:00'
[2025-12-26T23:11:18.259+0530] {taskinstance.py:430} INFO - ::endgroup::
[2025-12-26T23:11:18.260+0530] {python.py:237} INFO - Done. Returned value was: 2
[2025-12-26T23:11:18.260+0530] {taskinstance.py:441} INFO - ::group::Post task execution logs
[2025-12-26T23:11:18.273+0530] {taskinstance.py:1206} INFO - Marking task as SUCCESS. dag_id=example_dynamic_task_mapping, task_id=add_one, run_id=scheduled__2022-11-11T00:00:00+00:00, map_index=0, execution_date=20221111T000000, start_date=20251226T174118, end_date=20251226T174118
[2025-12-26T23:11:18.300+0530] {local_task_job_runner.py:243} INFO - Task exited with return code 0
[2025-12-26T23:11:18.314+0530] {taskinstance.py:3503} INFO - 0 downstream tasks scheduled from follow-on schedule check
[2025-12-26T23:11:18.315+0530] {local_task_job_runner.py:222} INFO - ::endgroup::
[2026-03-11T22:39:20.390+0530] {local_task_job_runner.py:120} INFO - ::group::Pre task execution logs
[2026-03-11T22:39:20.406+0530] {taskinstance.py:2076} INFO - Dependencies all met for dep_context=non-requeueable deps ti=<TaskInstance: example_dynamic_task_mapping.add_one scheduled__2022-11-11T00:00:00+00:00 map_index=0 [queued]>
[2026-03-11T22:39:20.409+0530] {taskinstance.py:2076} INFO - Dependencies all met for dep_context=requeueable deps ti=<TaskInstance: example_dynamic_task_mapping.add_one scheduled__2022-11-11T00:00:00+00:00 map_index=0 [queued]>
[2026-03-11T22:39:20.410+0530] {taskinstance.py:2306} INFO - Starting attempt 1 of 1
[2026-03-11T22:39:20.424+0530] {taskinstance.py:2330} INFO - Executing <Mapped(_PythonDecoratedOperator): add_one> on 2022-11-11 00:00:00+00:00
[2026-03-11T22:39:20.428+0530] {standard_task_runner.py:64} INFO - Started process 9100 to run task
[2026-03-11T22:39:20.430+0530] {standard_task_runner.py:90} INFO - Running: ['airflow', 'tasks', 'run', 'example_dynamic_task_mapping', 'add_one', 'scheduled__2022-11-11T00:00:00+00:00', '--job-id', '1927', '--raw', '--subdir', '/home/sathya/projects/training-kit/.venv-airflow/lib/python3.10/site-packages/airflow/example_dags/example_dynamic_task_mapping.py', '--cfg-path', '/tmp/tmp80blp6z8', '--map-index', '0']
[2026-03-11T22:39:20.432+0530] {standard_task_runner.py:91} INFO - Job 1927: Subtask add_one
[2026-03-11T22:39:20.463+0530] {task_command.py:426} INFO - Running <TaskInstance: example_dynamic_task_mapping.add_one scheduled__2022-11-11T00:00:00+00:00 map_index=0 [running]> on host LAPTOP-A1PMOBSE.localdomain
[2026-03-11T22:39:20.641+0530] {taskinstance.py:2648} INFO - Exporting env vars: AIRFLOW_CTX_DAG_OWNER='airflow' AIRFLOW_CTX_DAG_ID='example_dynamic_task_mapping' AIRFLOW_CTX_TASK_ID='add_one' AIRFLOW_CTX_EXECUTION_DATE='2022-11-11T00:00:00+00:00' AIRFLOW_CTX_TRY_NUMBER='1' AIRFLOW_CTX_DAG_RUN_ID='scheduled__2022-11-11T00:00:00+00:00'
[2026-03-11T22:39:20.645+0530] {taskinstance.py:430} INFO - ::endgroup::
[2026-03-11T22:39:20.645+0530] {python.py:237} INFO - Done. Returned value was: 2
[2026-03-11T22:39:20.646+0530] {taskinstance.py:441} INFO - ::group::Post task execution logs
[2026-03-11T22:39:20.666+0530] {taskinstance.py:1206} INFO - Marking task as SUCCESS. dag_id=example_dynamic_task_mapping, task_id=add_one, run_id=scheduled__2022-11-11T00:00:00+00:00, map_index=0, execution_date=20221111T000000, start_date=20260311T170920, end_date=20260311T170920
[2026-03-11T22:39:20.701+0530] {local_task_job_runner.py:243} INFO - Task exited with return code 0
[2026-03-11T22:39:20.716+0530] {taskinstance.py:3503} INFO - 0 downstream tasks scheduled from follow-on schedule check
[2026-03-11T22:39:20.716+0530] {local_task_job_runner.py:222} INFO - ::endgroup::
