[2025-12-27T19:40:34.825+0530] {local_task_job_runner.py:120} INFO - ::group::Pre task execution logs
[2025-12-27T19:40:34.851+0530] {taskinstance.py:2076} INFO - Dependencies all met for dep_context=non-requeueable deps ti=<TaskInstance: example_dynamic_task_mapping.sum_it scheduled__2022-12-24T00:00:00+00:00 [queued]>
[2025-12-27T19:40:34.858+0530] {taskinstance.py:2076} INFO - Dependencies all met for dep_context=requeueable deps ti=<TaskInstance: example_dynamic_task_mapping.sum_it scheduled__2022-12-24T00:00:00+00:00 [queued]>
[2025-12-27T19:40:34.858+0530] {taskinstance.py:2306} INFO - Starting attempt 1 of 1
[2025-12-27T19:40:34.877+0530] {taskinstance.py:2330} INFO - Executing <Task(_PythonDecoratedOperator): sum_it> on 2022-12-24 00:00:00+00:00
[2025-12-27T19:40:34.880+0530] {standard_task_runner.py:64} INFO - Started process 1638 to run task
[2025-12-27T19:40:34.885+0530] {standard_task_runner.py:90} INFO - Running: ['airflow', 'tasks', 'run', 'example_dynamic_task_mapping', 'sum_it', 'scheduled__2022-12-24T00:00:00+00:00', '--job-id', '1874', '--raw', '--subdir', '/home/sathya/projects/training-kit/.venv-airflow/lib/python3.10/site-packages/airflow/example_dags/example_dynamic_task_mapping.py', '--cfg-path', '/tmp/tmpe89sd6vk']
[2025-12-27T19:40:34.886+0530] {standard_task_runner.py:91} INFO - Job 1874: Subtask sum_it
[2025-12-27T19:40:34.941+0530] {task_command.py:426} INFO - Running <TaskInstance: example_dynamic_task_mapping.sum_it scheduled__2022-12-24T00:00:00+00:00 [running]> on host LAPTOP-A1PMOBSE.localdomain
[2025-12-27T19:40:35.052+0530] {taskinstance.py:2648} INFO - Exporting env vars: AIRFLOW_CTX_DAG_OWNER='airflow' AIRFLOW_CTX_DAG_ID='example_dynamic_task_mapping' AIRFLOW_CTX_TASK_ID='sum_it' AIRFLOW_CTX_EXECUTION_DATE='2022-12-24T00:00:00+00:00' AIRFLOW_CTX_TRY_NUMBER='1' AIRFLOW_CTX_DAG_RUN_ID='scheduled__2022-12-24T00:00:00+00:00'
[2025-12-27T19:40:35.054+0530] {taskinstance.py:430} INFO - ::endgroup::
[2025-12-27T19:40:35.058+0530] {logging_mixin.py:188} INFO - Total was 9
[2025-12-27T19:40:35.058+0530] {python.py:237} INFO - Done. Returned value was: None
[2025-12-27T19:40:35.058+0530] {taskinstance.py:441} INFO - ::group::Post task execution logs
[2025-12-27T19:40:35.063+0530] {taskinstance.py:1206} INFO - Marking task as SUCCESS. dag_id=example_dynamic_task_mapping, task_id=sum_it, run_id=scheduled__2022-12-24T00:00:00+00:00, execution_date=20221224T000000, start_date=20251227T141034, end_date=20251227T141035
[2025-12-27T19:40:35.098+0530] {local_task_job_runner.py:243} INFO - Task exited with return code 0
[2025-12-27T19:40:35.117+0530] {taskinstance.py:3503} INFO - 0 downstream tasks scheduled from follow-on schedule check
[2025-12-27T19:40:35.118+0530] {local_task_job_runner.py:222} INFO - ::endgroup::
[2026-03-11T22:53:52.225+0530] {local_task_job_runner.py:120} INFO - ::group::Pre task execution logs
[2026-03-11T22:53:52.243+0530] {taskinstance.py:2076} INFO - Dependencies all met for dep_context=non-requeueable deps ti=<TaskInstance: example_dynamic_task_mapping.sum_it scheduled__2022-12-24T00:00:00+00:00 [queued]>
[2026-03-11T22:53:52.247+0530] {taskinstance.py:2076} INFO - Dependencies all met for dep_context=requeueable deps ti=<TaskInstance: example_dynamic_task_mapping.sum_it scheduled__2022-12-24T00:00:00+00:00 [queued]>
[2026-03-11T22:53:52.247+0530] {taskinstance.py:2306} INFO - Starting attempt 1 of 1
[2026-03-11T22:53:52.287+0530] {taskinstance.py:2330} INFO - Executing <Task(_PythonDecoratedOperator): sum_it> on 2022-12-24 00:00:00+00:00
[2026-03-11T22:53:52.291+0530] {standard_task_runner.py:64} INFO - Started process 11578 to run task
[2026-03-11T22:53:52.294+0530] {standard_task_runner.py:90} INFO - Running: ['airflow', 'tasks', 'run', 'example_dynamic_task_mapping', 'sum_it', 'scheduled__2022-12-24T00:00:00+00:00', '--job-id', '2173', '--raw', '--subdir', '/home/sathya/projects/training-kit/.venv-airflow/lib/python3.10/site-packages/airflow/example_dags/example_dynamic_task_mapping.py', '--cfg-path', '/tmp/tmp3axv0ijb']
[2026-03-11T22:53:52.296+0530] {standard_task_runner.py:91} INFO - Job 2173: Subtask sum_it
[2026-03-11T22:53:52.330+0530] {task_command.py:426} INFO - Running <TaskInstance: example_dynamic_task_mapping.sum_it scheduled__2022-12-24T00:00:00+00:00 [running]> on host LAPTOP-A1PMOBSE.localdomain
[2026-03-11T22:53:52.412+0530] {taskinstance.py:2648} INFO - Exporting env vars: AIRFLOW_CTX_DAG_OWNER='airflow' AIRFLOW_CTX_DAG_ID='example_dynamic_task_mapping' AIRFLOW_CTX_TASK_ID='sum_it' AIRFLOW_CTX_EXECUTION_DATE='2022-12-24T00:00:00+00:00' AIRFLOW_CTX_TRY_NUMBER='1' AIRFLOW_CTX_DAG_RUN_ID='scheduled__2022-12-24T00:00:00+00:00'
[2026-03-11T22:53:52.414+0530] {taskinstance.py:430} INFO - ::endgroup::
[2026-03-11T22:53:52.417+0530] {logging_mixin.py:188} INFO - Total was 9
[2026-03-11T22:53:52.417+0530] {python.py:237} INFO - Done. Returned value was: None
[2026-03-11T22:53:52.417+0530] {taskinstance.py:441} INFO - ::group::Post task execution logs
[2026-03-11T22:53:52.421+0530] {taskinstance.py:1206} INFO - Marking task as SUCCESS. dag_id=example_dynamic_task_mapping, task_id=sum_it, run_id=scheduled__2022-12-24T00:00:00+00:00, execution_date=20221224T000000, start_date=20260311T172352, end_date=20260311T172352
[2026-03-11T22:53:52.476+0530] {local_task_job_runner.py:243} INFO - Task exited with return code 0
[2026-03-11T22:53:52.492+0530] {taskinstance.py:3503} INFO - 0 downstream tasks scheduled from follow-on schedule check
[2026-03-11T22:53:52.493+0530] {local_task_job_runner.py:222} INFO - ::endgroup::
