[2025-12-27T19:45:51.407+0530] {local_task_job_runner.py:120} INFO - ::group::Pre task execution logs
[2025-12-27T19:45:51.431+0530] {taskinstance.py:2076} INFO - Dependencies all met for dep_context=non-requeueable deps ti=<TaskInstance: example_dynamic_task_mapping.add_one scheduled__2023-01-06T00:00:00+00:00 map_index=1 [queued]>
[2025-12-27T19:45:51.438+0530] {taskinstance.py:2076} INFO - Dependencies all met for dep_context=requeueable deps ti=<TaskInstance: example_dynamic_task_mapping.add_one scheduled__2023-01-06T00:00:00+00:00 map_index=1 [queued]>
[2025-12-27T19:45:51.439+0530] {taskinstance.py:2306} INFO - Starting attempt 1 of 1
[2025-12-27T19:45:51.455+0530] {taskinstance.py:2330} INFO - Executing <Mapped(_PythonDecoratedOperator): add_one> on 2023-01-06 00:00:00+00:00
[2025-12-27T19:45:51.459+0530] {standard_task_runner.py:64} INFO - Started process 1841 to run task
[2025-12-27T19:45:51.463+0530] {standard_task_runner.py:90} INFO - Running: ['airflow', 'tasks', 'run', 'example_dynamic_task_mapping', 'add_one', 'scheduled__2023-01-06T00:00:00+00:00', '--job-id', '1950', '--raw', '--subdir', '/home/sathya/projects/training-kit/.venv-airflow/lib/python3.10/site-packages/airflow/example_dags/example_dynamic_task_mapping.py', '--cfg-path', '/tmp/tmpzoqk1a0m', '--map-index', '1']
[2025-12-27T19:45:51.464+0530] {standard_task_runner.py:91} INFO - Job 1950: Subtask add_one
[2025-12-27T19:45:51.509+0530] {task_command.py:426} INFO - Running <TaskInstance: example_dynamic_task_mapping.add_one scheduled__2023-01-06T00:00:00+00:00 map_index=1 [running]> on host LAPTOP-A1PMOBSE.localdomain
[2025-12-27T19:45:51.593+0530] {taskinstance.py:2648} INFO - Exporting env vars: AIRFLOW_CTX_DAG_OWNER='airflow' AIRFLOW_CTX_DAG_ID='example_dynamic_task_mapping' AIRFLOW_CTX_TASK_ID='add_one' AIRFLOW_CTX_EXECUTION_DATE='2023-01-06T00:00:00+00:00' AIRFLOW_CTX_TRY_NUMBER='1' AIRFLOW_CTX_DAG_RUN_ID='scheduled__2023-01-06T00:00:00+00:00'
[2025-12-27T19:45:51.594+0530] {taskinstance.py:430} INFO - ::endgroup::
[2025-12-27T19:45:51.594+0530] {python.py:237} INFO - Done. Returned value was: 3
[2025-12-27T19:45:51.595+0530] {taskinstance.py:441} INFO - ::group::Post task execution logs
[2025-12-27T19:45:51.615+0530] {taskinstance.py:1206} INFO - Marking task as SUCCESS. dag_id=example_dynamic_task_mapping, task_id=add_one, run_id=scheduled__2023-01-06T00:00:00+00:00, map_index=1, execution_date=20230106T000000, start_date=20251227T141551, end_date=20251227T141551
[2025-12-27T19:45:51.676+0530] {local_task_job_runner.py:243} INFO - Task exited with return code 0
[2025-12-27T19:45:51.704+0530] {taskinstance.py:3503} INFO - 0 downstream tasks scheduled from follow-on schedule check
[2025-12-27T19:45:51.705+0530] {local_task_job_runner.py:222} INFO - ::endgroup::
[2026-03-11T22:57:49.877+0530] {local_task_job_runner.py:120} INFO - ::group::Pre task execution logs
[2026-03-11T22:57:49.908+0530] {taskinstance.py:2076} INFO - Dependencies all met for dep_context=non-requeueable deps ti=<TaskInstance: example_dynamic_task_mapping.add_one scheduled__2023-01-06T00:00:00+00:00 map_index=1 [queued]>
[2026-03-11T22:57:49.912+0530] {taskinstance.py:2076} INFO - Dependencies all met for dep_context=requeueable deps ti=<TaskInstance: example_dynamic_task_mapping.add_one scheduled__2023-01-06T00:00:00+00:00 map_index=1 [queued]>
[2026-03-11T22:57:49.912+0530] {taskinstance.py:2306} INFO - Starting attempt 1 of 1
[2026-03-11T22:57:49.934+0530] {taskinstance.py:2330} INFO - Executing <Mapped(_PythonDecoratedOperator): add_one> on 2023-01-06 00:00:00+00:00
[2026-03-11T22:57:49.942+0530] {standard_task_runner.py:64} INFO - Started process 12263 to run task
[2026-03-11T22:57:49.951+0530] {standard_task_runner.py:90} INFO - Running: ['airflow', 'tasks', 'run', 'example_dynamic_task_mapping', 'add_one', 'scheduled__2023-01-06T00:00:00+00:00', '--job-id', '2242', '--raw', '--subdir', '/home/sathya/projects/training-kit/.venv-airflow/lib/python3.10/site-packages/airflow/example_dags/example_dynamic_task_mapping.py', '--cfg-path', '/tmp/tmp9rj9am81', '--map-index', '1']
[2026-03-11T22:57:49.956+0530] {standard_task_runner.py:91} INFO - Job 2242: Subtask add_one
[2026-03-11T22:57:50.003+0530] {task_command.py:426} INFO - Running <TaskInstance: example_dynamic_task_mapping.add_one scheduled__2023-01-06T00:00:00+00:00 map_index=1 [running]> on host LAPTOP-A1PMOBSE.localdomain
[2026-03-11T22:57:50.101+0530] {taskinstance.py:2648} INFO - Exporting env vars: AIRFLOW_CTX_DAG_OWNER='airflow' AIRFLOW_CTX_DAG_ID='example_dynamic_task_mapping' AIRFLOW_CTX_TASK_ID='add_one' AIRFLOW_CTX_EXECUTION_DATE='2023-01-06T00:00:00+00:00' AIRFLOW_CTX_TRY_NUMBER='1' AIRFLOW_CTX_DAG_RUN_ID='scheduled__2023-01-06T00:00:00+00:00'
[2026-03-11T22:57:50.103+0530] {taskinstance.py:430} INFO - ::endgroup::
[2026-03-11T22:57:50.103+0530] {python.py:237} INFO - Done. Returned value was: 3
[2026-03-11T22:57:50.104+0530] {taskinstance.py:441} INFO - ::group::Post task execution logs
[2026-03-11T22:57:50.125+0530] {taskinstance.py:1206} INFO - Marking task as SUCCESS. dag_id=example_dynamic_task_mapping, task_id=add_one, run_id=scheduled__2023-01-06T00:00:00+00:00, map_index=1, execution_date=20230106T000000, start_date=20260311T172749, end_date=20260311T172750
[2026-03-11T22:57:50.177+0530] {local_task_job_runner.py:243} INFO - Task exited with return code 0
[2026-03-11T22:57:50.194+0530] {taskinstance.py:3503} INFO - 0 downstream tasks scheduled from follow-on schedule check
[2026-03-11T22:57:50.195+0530] {local_task_job_runner.py:222} INFO - ::endgroup::
