[2025-12-26T22:18:20.400+0530] {local_task_job_runner.py:120} INFO - ::group::Pre task execution logs
[2025-12-26T22:18:20.431+0530] {taskinstance.py:2076} INFO - Dependencies all met for dep_context=non-requeueable deps ti=<TaskInstance: example_dynamic_task_mapping.add_one scheduled__2022-04-28T00:00:00+00:00 map_index=1 [queued]>
[2025-12-26T22:18:20.438+0530] {taskinstance.py:2076} INFO - Dependencies all met for dep_context=requeueable deps ti=<TaskInstance: example_dynamic_task_mapping.add_one scheduled__2022-04-28T00:00:00+00:00 map_index=1 [queued]>
[2025-12-26T22:18:20.439+0530] {taskinstance.py:2306} INFO - Starting attempt 1 of 1
[2025-12-26T22:18:20.471+0530] {taskinstance.py:2330} INFO - Executing <Mapped(_PythonDecoratedOperator): add_one> on 2022-04-28 00:00:00+00:00
[2025-12-26T22:18:20.475+0530] {standard_task_runner.py:64} INFO - Started process 5544 to run task
[2025-12-26T22:18:20.480+0530] {standard_task_runner.py:90} INFO - Running: ['airflow', 'tasks', 'run', 'example_dynamic_task_mapping', 'add_one', 'scheduled__2022-04-28T00:00:00+00:00', '--job-id', '413', '--raw', '--subdir', '/home/sathya/projects/training-kit/.venv-airflow/lib/python3.10/site-packages/airflow/example_dags/example_dynamic_task_mapping.py', '--cfg-path', '/tmp/tmpbf2p1sh7', '--map-index', '1']
[2025-12-26T22:18:20.481+0530] {standard_task_runner.py:91} INFO - Job 413: Subtask add_one
[2025-12-26T22:18:20.535+0530] {task_command.py:426} INFO - Running <TaskInstance: example_dynamic_task_mapping.add_one scheduled__2022-04-28T00:00:00+00:00 map_index=1 [running]> on host LAPTOP-A1PMOBSE.localdomain
[2025-12-26T22:18:20.652+0530] {taskinstance.py:2648} INFO - Exporting env vars: AIRFLOW_CTX_DAG_OWNER='airflow' AIRFLOW_CTX_DAG_ID='example_dynamic_task_mapping' AIRFLOW_CTX_TASK_ID='add_one' AIRFLOW_CTX_EXECUTION_DATE='2022-04-28T00:00:00+00:00' AIRFLOW_CTX_TRY_NUMBER='1' AIRFLOW_CTX_DAG_RUN_ID='scheduled__2022-04-28T00:00:00+00:00'
[2025-12-26T22:18:20.653+0530] {taskinstance.py:430} INFO - ::endgroup::
[2025-12-26T22:18:20.654+0530] {python.py:237} INFO - Done. Returned value was: 3
[2025-12-26T22:18:20.654+0530] {taskinstance.py:441} INFO - ::group::Post task execution logs
[2025-12-26T22:18:20.674+0530] {taskinstance.py:1206} INFO - Marking task as SUCCESS. dag_id=example_dynamic_task_mapping, task_id=add_one, run_id=scheduled__2022-04-28T00:00:00+00:00, map_index=1, execution_date=20220428T000000, start_date=20251226T164820, end_date=20251226T164820
[2025-12-26T22:18:20.701+0530] {local_task_job_runner.py:243} INFO - Task exited with return code 0
[2025-12-26T22:18:20.723+0530] {taskinstance.py:3503} INFO - 0 downstream tasks scheduled from follow-on schedule check
[2025-12-26T22:18:20.723+0530] {local_task_job_runner.py:222} INFO - ::endgroup::
[2026-03-10T23:07:36.689+0530] {local_task_job_runner.py:120} INFO - ::group::Pre task execution logs
[2026-03-10T23:07:36.718+0530] {taskinstance.py:2076} INFO - Dependencies all met for dep_context=non-requeueable deps ti=<TaskInstance: example_dynamic_task_mapping.add_one scheduled__2022-04-28T00:00:00+00:00 map_index=1 [queued]>
[2026-03-10T23:07:36.725+0530] {taskinstance.py:2076} INFO - Dependencies all met for dep_context=requeueable deps ti=<TaskInstance: example_dynamic_task_mapping.add_one scheduled__2022-04-28T00:00:00+00:00 map_index=1 [queued]>
[2026-03-10T23:07:36.726+0530] {taskinstance.py:2306} INFO - Starting attempt 1 of 1
[2026-03-10T23:07:36.744+0530] {taskinstance.py:2330} INFO - Executing <Mapped(_PythonDecoratedOperator): add_one> on 2022-04-28 00:00:00+00:00
[2026-03-10T23:07:36.749+0530] {standard_task_runner.py:64} INFO - Started process 6524 to run task
[2026-03-10T23:07:36.752+0530] {standard_task_runner.py:90} INFO - Running: ['airflow', 'tasks', 'run', 'example_dynamic_task_mapping', 'add_one', 'scheduled__2022-04-28T00:00:00+00:00', '--job-id', '548', '--raw', '--subdir', '/home/sathya/projects/training-kit/.venv-airflow/lib/python3.10/site-packages/airflow/example_dags/example_dynamic_task_mapping.py', '--cfg-path', '/tmp/tmpv8xq1bne', '--map-index', '1']
[2026-03-10T23:07:36.754+0530] {standard_task_runner.py:91} INFO - Job 548: Subtask add_one
[2026-03-10T23:07:36.801+0530] {task_command.py:426} INFO - Running <TaskInstance: example_dynamic_task_mapping.add_one scheduled__2022-04-28T00:00:00+00:00 map_index=1 [running]> on host LAPTOP-A1PMOBSE.localdomain
[2026-03-10T23:07:36.887+0530] {taskinstance.py:2648} INFO - Exporting env vars: AIRFLOW_CTX_DAG_OWNER='airflow' AIRFLOW_CTX_DAG_ID='example_dynamic_task_mapping' AIRFLOW_CTX_TASK_ID='add_one' AIRFLOW_CTX_EXECUTION_DATE='2022-04-28T00:00:00+00:00' AIRFLOW_CTX_TRY_NUMBER='1' AIRFLOW_CTX_DAG_RUN_ID='scheduled__2022-04-28T00:00:00+00:00'
[2026-03-10T23:07:36.888+0530] {taskinstance.py:430} INFO - ::endgroup::
[2026-03-10T23:07:36.889+0530] {python.py:237} INFO - Done. Returned value was: 3
[2026-03-10T23:07:36.889+0530] {taskinstance.py:441} INFO - ::group::Post task execution logs
[2026-03-10T23:07:36.909+0530] {taskinstance.py:1206} INFO - Marking task as SUCCESS. dag_id=example_dynamic_task_mapping, task_id=add_one, run_id=scheduled__2022-04-28T00:00:00+00:00, map_index=1, execution_date=20220428T000000, start_date=20260310T173736, end_date=20260310T173736
[2026-03-10T23:07:36.974+0530] {local_task_job_runner.py:243} INFO - Task exited with return code 0
[2026-03-10T23:07:36.996+0530] {taskinstance.py:3503} INFO - 0 downstream tasks scheduled from follow-on schedule check
[2026-03-10T23:07:36.996+0530] {local_task_job_runner.py:222} INFO - ::endgroup::
