[2026-03-11T22:23:13.865+0530] {local_task_job_runner.py:120} INFO - ::group::Pre task execution logs
[2026-03-11T22:23:13.887+0530] {taskinstance.py:2076} INFO - Dependencies all met for dep_context=non-requeueable deps ti=<TaskInstance: example_branch_operator.ext_py_b scheduled__2026-03-10T00:00:00+00:00 [queued]>
[2026-03-11T22:23:13.895+0530] {taskinstance.py:2076} INFO - Dependencies all met for dep_context=requeueable deps ti=<TaskInstance: example_branch_operator.ext_py_b scheduled__2026-03-10T00:00:00+00:00 [queued]>
[2026-03-11T22:23:13.896+0530] {taskinstance.py:2306} INFO - Starting attempt 1 of 1
[2026-03-11T22:23:13.914+0530] {taskinstance.py:2330} INFO - Executing <Task(ExternalPythonOperator): ext_py_b> on 2026-03-10 00:00:00+00:00
[2026-03-11T22:23:13.919+0530] {standard_task_runner.py:64} INFO - Started process 6969 to run task
[2026-03-11T22:23:13.925+0530] {standard_task_runner.py:90} INFO - Running: ['airflow', 'tasks', 'run', 'example_branch_operator', 'ext_py_b', 'scheduled__2026-03-10T00:00:00+00:00', '--job-id', '1727', '--raw', '--subdir', '/home/sathya/projects/training-kit/.venv-airflow/lib/python3.10/site-packages/airflow/example_dags/example_branch_operator.py', '--cfg-path', '/tmp/tmpzpf7mc2m']
[2026-03-11T22:23:13.928+0530] {standard_task_runner.py:91} INFO - Job 1727: Subtask ext_py_b
[2026-03-11T22:23:13.977+0530] {task_command.py:426} INFO - Running <TaskInstance: example_branch_operator.ext_py_b scheduled__2026-03-10T00:00:00+00:00 [running]> on host LAPTOP-A1PMOBSE.localdomain
[2026-03-11T22:23:14.061+0530] {taskinstance.py:2648} INFO - Exporting env vars: AIRFLOW_CTX_DAG_OWNER='airflow' AIRFLOW_CTX_DAG_ID='example_branch_operator' AIRFLOW_CTX_TASK_ID='ext_py_b' AIRFLOW_CTX_EXECUTION_DATE='2026-03-10T00:00:00+00:00' AIRFLOW_CTX_TRY_NUMBER='1' AIRFLOW_CTX_DAG_RUN_ID='scheduled__2026-03-10T00:00:00+00:00'
[2026-03-11T22:23:14.063+0530] {taskinstance.py:430} INFO - ::endgroup::
[2026-03-11T22:23:14.119+0530] {baseoperator.py:400} WARNING - ExternalPythonOperator.execute cannot be called outside TaskInstance!
[2026-03-11T22:23:14.136+0530] {process_utils.py:183} INFO - Executing cmd: /home/sathya/projects/training-kit/.venv-airflow/bin/python3.10 /tmp/venv-callrl58gxe5/script.py /tmp/venv-callrl58gxe5/script.in /tmp/venv-callrl58gxe5/script.out /tmp/venv-callrl58gxe5/string_args.txt /tmp/venv-callrl58gxe5/termination.log
[2026-03-11T22:23:14.137+0530] {process_utils.py:187} INFO - Output:
[2026-03-11T22:23:14.726+0530] {process_utils.py:191} INFO - Hello World from external Python
[2026-03-11T22:23:14.868+0530] {python.py:237} INFO - Done. Returned value was: None
[2026-03-11T22:23:14.868+0530] {taskinstance.py:441} INFO - ::group::Post task execution logs
[2026-03-11T22:23:14.873+0530] {taskinstance.py:1206} INFO - Marking task as SUCCESS. dag_id=example_branch_operator, task_id=ext_py_b, run_id=scheduled__2026-03-10T00:00:00+00:00, execution_date=20260310T000000, start_date=20260311T165313, end_date=20260311T165314
[2026-03-11T22:23:14.914+0530] {local_task_job_runner.py:243} INFO - Task exited with return code 0
[2026-03-11T22:23:14.934+0530] {taskinstance.py:3503} INFO - 0 downstream tasks scheduled from follow-on schedule check
[2026-03-11T22:23:14.935+0530] {local_task_job_runner.py:222} INFO - ::endgroup::
