[2026-03-10T23:37:51.234+0530] {local_task_job_runner.py:120} INFO - ::group::Pre task execution logs
[2026-03-10T23:37:51.281+0530] {taskinstance.py:2076} INFO - Dependencies all met for dep_context=non-requeueable deps ti=<TaskInstance: daily_elt.dbt_run manual__2026-03-09T17:13:33.714822+00:00 [queued]>
[2026-03-10T23:37:51.296+0530] {taskinstance.py:2076} INFO - Dependencies all met for dep_context=requeueable deps ti=<TaskInstance: daily_elt.dbt_run manual__2026-03-09T17:13:33.714822+00:00 [queued]>
[2026-03-10T23:37:51.296+0530] {taskinstance.py:2306} INFO - Starting attempt 6 of 6
[2026-03-10T23:37:51.332+0530] {taskinstance.py:2330} INFO - Executing <Task(BashOperator): dbt_run> on 2026-03-09 17:13:33.714822+00:00
[2026-03-10T23:37:51.342+0530] {standard_task_runner.py:64} INFO - Started process 13531 to run task
[2026-03-10T23:37:51.352+0530] {standard_task_runner.py:90} INFO - Running: ['airflow', 'tasks', 'run', 'daily_elt', 'dbt_run', 'manual__2026-03-09T17:13:33.714822+00:00', '--job-id', '1226', '--raw', '--subdir', 'DAGS_FOLDER/elt_dag.py', '--cfg-path', '/tmp/tmpdsm_kbvd']
[2026-03-10T23:37:51.357+0530] {standard_task_runner.py:91} INFO - Job 1226: Subtask dbt_run
[2026-03-10T23:37:51.461+0530] {task_command.py:426} INFO - Running <TaskInstance: daily_elt.dbt_run manual__2026-03-09T17:13:33.714822+00:00 [running]> on host LAPTOP-A1PMOBSE.localdomain
[2026-03-10T23:37:51.611+0530] {taskinstance.py:2648} INFO - Exporting env vars: AIRFLOW_CTX_DAG_OWNER='data-eng' AIRFLOW_CTX_DAG_ID='daily_elt' AIRFLOW_CTX_TASK_ID='dbt_run' AIRFLOW_CTX_EXECUTION_DATE='2026-03-09T17:13:33.714822+00:00' AIRFLOW_CTX_TRY_NUMBER='6' AIRFLOW_CTX_DAG_RUN_ID='manual__2026-03-09T17:13:33.714822+00:00'
[2026-03-10T23:37:51.615+0530] {taskinstance.py:430} INFO - ::endgroup::
[2026-03-10T23:37:51.617+0530] {subprocess.py:63} INFO - Tmp dir root location: /tmp
[2026-03-10T23:37:51.619+0530] {subprocess.py:75} INFO - Running command: ['/usr/bin/bash', '-c', 'cd /home/sathya/projects/training-kit && dbt run --profiles-dir /home/sathya/projects/training-kit']
[2026-03-10T23:37:51.638+0530] {subprocess.py:86} INFO - Output:
[2026-03-10T23:37:56.262+0530] {subprocess.py:93} INFO - [0m18:07:56  Running with dbt=1.5.0
[2026-03-10T23:37:56.270+0530] {subprocess.py:93} INFO - [0m18:07:56  Encountered an error:
[2026-03-10T23:37:56.270+0530] {subprocess.py:93} INFO - Runtime Error
[2026-03-10T23:37:56.271+0530] {subprocess.py:93} INFO -   Could not find profile named 'training_project'
[2026-03-10T23:37:59.050+0530] {subprocess.py:97} INFO - Command exited with return code 2
[2026-03-10T23:37:59.051+0530] {taskinstance.py:441} INFO - ::group::Post task execution logs
[2026-03-10T23:37:59.071+0530] {taskinstance.py:2905} ERROR - Task failed with exception
Traceback (most recent call last):
  File "/home/sathya/projects/training-kit/.venv-airflow/lib/python3.10/site-packages/airflow/models/taskinstance.py", line 465, in _execute_task
    result = _execute_callable(context=context, **execute_callable_kwargs)
  File "/home/sathya/projects/training-kit/.venv-airflow/lib/python3.10/site-packages/airflow/models/taskinstance.py", line 432, in _execute_callable
    return execute_callable(context=context, **execute_callable_kwargs)
  File "/home/sathya/projects/training-kit/.venv-airflow/lib/python3.10/site-packages/airflow/models/baseoperator.py", line 401, in wrapper
    return func(self, *args, **kwargs)
  File "/home/sathya/projects/training-kit/.venv-airflow/lib/python3.10/site-packages/airflow/operators/bash.py", line 243, in execute
    raise AirflowException(
airflow.exceptions.AirflowException: Bash command failed. The command returned a non-zero exit code 2.
[2026-03-10T23:37:59.082+0530] {taskinstance.py:1206} INFO - Marking task as FAILED. dag_id=daily_elt, task_id=dbt_run, run_id=manual__2026-03-09T17:13:33.714822+00:00, execution_date=20260309T171333, start_date=20260310T180751, end_date=20260310T180759
[2026-03-10T23:37:59.119+0530] {standard_task_runner.py:110} ERROR - Failed to execute job 1226 for task dbt_run (Bash command failed. The command returned a non-zero exit code 2.; 13531)
[2026-03-10T23:37:59.138+0530] {local_task_job_runner.py:243} INFO - Task exited with return code 1
[2026-03-10T23:37:59.177+0530] {taskinstance.py:3503} INFO - 0 downstream tasks scheduled from follow-on schedule check
[2026-03-10T23:37:59.210+0530] {local_task_job_runner.py:222} INFO - ::endgroup::
