[2025-12-26T22:15:04.056+0530] {local_task_job_runner.py:120} INFO - ::group::Pre task execution logs
[2025-12-26T22:15:04.072+0530] {taskinstance.py:2076} INFO - Dependencies all met for dep_context=non-requeueable deps ti=<TaskInstance: example_dynamic_task_mapping.add_one scheduled__2022-03-29T00:00:00+00:00 map_index=0 [queued]>
[2025-12-26T22:15:04.076+0530] {taskinstance.py:2076} INFO - Dependencies all met for dep_context=requeueable deps ti=<TaskInstance: example_dynamic_task_mapping.add_one scheduled__2022-03-29T00:00:00+00:00 map_index=0 [queued]>
[2025-12-26T22:15:04.076+0530] {taskinstance.py:2306} INFO - Starting attempt 1 of 1
[2025-12-26T22:15:04.091+0530] {taskinstance.py:2330} INFO - Executing <Mapped(_PythonDecoratedOperator): add_one> on 2022-03-29 00:00:00+00:00
[2025-12-26T22:15:04.093+0530] {standard_task_runner.py:64} INFO - Started process 4866 to run task
[2025-12-26T22:15:04.096+0530] {standard_task_runner.py:90} INFO - Running: ['airflow', 'tasks', 'run', 'example_dynamic_task_mapping', 'add_one', 'scheduled__2022-03-29T00:00:00+00:00', '--job-id', '272', '--raw', '--subdir', '/home/sathya/projects/training-kit/.venv-airflow/lib/python3.10/site-packages/airflow/example_dags/example_dynamic_task_mapping.py', '--cfg-path', '/tmp/tmpbbd_dk_0', '--map-index', '0']
[2025-12-26T22:15:04.097+0530] {standard_task_runner.py:91} INFO - Job 272: Subtask add_one
[2025-12-26T22:15:04.131+0530] {task_command.py:426} INFO - Running <TaskInstance: example_dynamic_task_mapping.add_one scheduled__2022-03-29T00:00:00+00:00 map_index=0 [running]> on host LAPTOP-A1PMOBSE.localdomain
[2025-12-26T22:15:04.187+0530] {taskinstance.py:2648} INFO - Exporting env vars: AIRFLOW_CTX_DAG_OWNER='airflow' AIRFLOW_CTX_DAG_ID='example_dynamic_task_mapping' AIRFLOW_CTX_TASK_ID='add_one' AIRFLOW_CTX_EXECUTION_DATE='2022-03-29T00:00:00+00:00' AIRFLOW_CTX_TRY_NUMBER='1' AIRFLOW_CTX_DAG_RUN_ID='scheduled__2022-03-29T00:00:00+00:00'
[2025-12-26T22:15:04.188+0530] {taskinstance.py:430} INFO - ::endgroup::
[2025-12-26T22:15:04.188+0530] {python.py:237} INFO - Done. Returned value was: 2
[2025-12-26T22:15:04.189+0530] {taskinstance.py:441} INFO - ::group::Post task execution logs
[2025-12-26T22:15:04.203+0530] {taskinstance.py:1206} INFO - Marking task as SUCCESS. dag_id=example_dynamic_task_mapping, task_id=add_one, run_id=scheduled__2022-03-29T00:00:00+00:00, map_index=0, execution_date=20220329T000000, start_date=20251226T164504, end_date=20251226T164504
[2025-12-26T22:15:04.230+0530] {local_task_job_runner.py:243} INFO - Task exited with return code 0
[2025-12-26T22:15:04.244+0530] {taskinstance.py:3503} INFO - 0 downstream tasks scheduled from follow-on schedule check
[2025-12-26T22:15:04.245+0530] {local_task_job_runner.py:222} INFO - ::endgroup::
[2026-03-10T23:01:27.071+0530] {local_task_job_runner.py:120} INFO - ::group::Pre task execution logs
[2026-03-10T23:01:27.153+0530] {taskinstance.py:2076} INFO - Dependencies all met for dep_context=non-requeueable deps ti=<TaskInstance: example_dynamic_task_mapping.add_one scheduled__2022-03-29T00:00:00+00:00 map_index=0 [queued]>
[2026-03-10T23:01:27.165+0530] {taskinstance.py:2076} INFO - Dependencies all met for dep_context=requeueable deps ti=<TaskInstance: example_dynamic_task_mapping.add_one scheduled__2022-03-29T00:00:00+00:00 map_index=0 [queued]>
[2026-03-10T23:01:27.165+0530] {taskinstance.py:2306} INFO - Starting attempt 1 of 1
[2026-03-10T23:01:27.191+0530] {taskinstance.py:2330} INFO - Executing <Mapped(_PythonDecoratedOperator): add_one> on 2022-03-29 00:00:00+00:00
[2026-03-10T23:01:27.198+0530] {standard_task_runner.py:64} INFO - Started process 4960 to run task
[2026-03-10T23:01:27.203+0530] {standard_task_runner.py:90} INFO - Running: ['airflow', 'tasks', 'run', 'example_dynamic_task_mapping', 'add_one', 'scheduled__2022-03-29T00:00:00+00:00', '--job-id', '397', '--raw', '--subdir', '/home/sathya/projects/training-kit/.venv-airflow/lib/python3.10/site-packages/airflow/example_dags/example_dynamic_task_mapping.py', '--cfg-path', '/tmp/tmpgp9ugre2', '--map-index', '0']
[2026-03-10T23:01:27.205+0530] {standard_task_runner.py:91} INFO - Job 397: Subtask add_one
[2026-03-10T23:01:27.290+0530] {task_command.py:426} INFO - Running <TaskInstance: example_dynamic_task_mapping.add_one scheduled__2022-03-29T00:00:00+00:00 map_index=0 [running]> on host LAPTOP-A1PMOBSE.localdomain
[2026-03-10T23:01:27.451+0530] {taskinstance.py:2648} INFO - Exporting env vars: AIRFLOW_CTX_DAG_OWNER='airflow' AIRFLOW_CTX_DAG_ID='example_dynamic_task_mapping' AIRFLOW_CTX_TASK_ID='add_one' AIRFLOW_CTX_EXECUTION_DATE='2022-03-29T00:00:00+00:00' AIRFLOW_CTX_TRY_NUMBER='1' AIRFLOW_CTX_DAG_RUN_ID='scheduled__2022-03-29T00:00:00+00:00'
[2026-03-10T23:01:27.454+0530] {taskinstance.py:430} INFO - ::endgroup::
[2026-03-10T23:01:27.454+0530] {python.py:237} INFO - Done. Returned value was: 2
[2026-03-10T23:01:27.455+0530] {taskinstance.py:441} INFO - ::group::Post task execution logs
[2026-03-10T23:01:27.477+0530] {taskinstance.py:1206} INFO - Marking task as SUCCESS. dag_id=example_dynamic_task_mapping, task_id=add_one, run_id=scheduled__2022-03-29T00:00:00+00:00, map_index=0, execution_date=20220329T000000, start_date=20260310T173127, end_date=20260310T173127
[2026-03-10T23:01:27.519+0530] {local_task_job_runner.py:243} INFO - Task exited with return code 0
[2026-03-10T23:01:27.574+0530] {taskinstance.py:3503} INFO - 0 downstream tasks scheduled from follow-on schedule check
[2026-03-10T23:01:27.576+0530] {local_task_job_runner.py:222} INFO - ::endgroup::
