[2025-12-26T22:03:51.501+0530] {local_task_job_runner.py:120} INFO - ::group::Pre task execution logs
[2025-12-26T22:03:51.525+0530] {taskinstance.py:2076} INFO - Dependencies all met for dep_context=non-requeueable deps ti=<TaskInstance: latest_only_with_trigger.latest_only scheduled__2025-12-26T12:00:00+00:00 [queued]>
[2025-12-26T22:03:51.532+0530] {taskinstance.py:2076} INFO - Dependencies all met for dep_context=requeueable deps ti=<TaskInstance: latest_only_with_trigger.latest_only scheduled__2025-12-26T12:00:00+00:00 [queued]>
[2025-12-26T22:03:51.532+0530] {taskinstance.py:2306} INFO - Starting attempt 1 of 1
[2025-12-26T22:03:51.553+0530] {taskinstance.py:2330} INFO - Executing <Task(LatestOnlyOperator): latest_only> on 2025-12-26 12:00:00+00:00
[2025-12-26T22:03:51.556+0530] {standard_task_runner.py:64} INFO - Started process 3291 to run task
[2025-12-26T22:03:51.561+0530] {standard_task_runner.py:90} INFO - Running: ['airflow', 'tasks', 'run', 'latest_only_with_trigger', 'latest_only', 'scheduled__2025-12-26T12:00:00+00:00', '--job-id', '6', '--raw', '--subdir', '/home/sathya/projects/training-kit/.venv-airflow/lib/python3.10/site-packages/airflow/example_dags/example_latest_only_with_trigger.py', '--cfg-path', '/tmp/tmpgk9zkc6w']
[2025-12-26T22:03:51.562+0530] {standard_task_runner.py:91} INFO - Job 6: Subtask latest_only
[2025-12-26T22:03:51.616+0530] {task_command.py:426} INFO - Running <TaskInstance: latest_only_with_trigger.latest_only scheduled__2025-12-26T12:00:00+00:00 [running]> on host LAPTOP-A1PMOBSE.localdomain
[2025-12-26T22:03:51.692+0530] {taskinstance.py:2648} INFO - Exporting env vars: AIRFLOW_CTX_DAG_OWNER='airflow' AIRFLOW_CTX_DAG_ID='latest_only_with_trigger' AIRFLOW_CTX_TASK_ID='latest_only' AIRFLOW_CTX_EXECUTION_DATE='2025-12-26T12:00:00+00:00' AIRFLOW_CTX_TRY_NUMBER='1' AIRFLOW_CTX_DAG_RUN_ID='scheduled__2025-12-26T12:00:00+00:00'
[2025-12-26T22:03:51.694+0530] {taskinstance.py:430} INFO - ::endgroup::
[2025-12-26T22:03:51.695+0530] {latest_only.py:63} INFO - Checking latest only with left_window: 2025-12-26 16:00:00+00:00 right_window: 2025-12-26 20:00:00+00:00 now: 2025-12-26 16:33:51.694998+00:00
[2025-12-26T22:03:51.695+0530] {latest_only.py:76} INFO - Latest, allowing execution to proceed.
[2025-12-26T22:03:51.695+0530] {branch.py:36} INFO - Branch into ['task1']
[2025-12-26T22:03:51.695+0530] {skipmixin.py:178} INFO - Following branch ['task1']
[2025-12-26T22:03:51.704+0530] {skipmixin.py:246} INFO - Skipping tasks []
[2025-12-26T22:03:51.721+0530] {taskinstance.py:441} INFO - ::group::Post task execution logs
[2025-12-26T22:03:51.739+0530] {taskinstance.py:1206} INFO - Marking task as SUCCESS. dag_id=latest_only_with_trigger, task_id=latest_only, run_id=scheduled__2025-12-26T12:00:00+00:00, execution_date=20251226T120000, start_date=20251226T163351, end_date=20251226T163351
[2025-12-26T22:03:51.774+0530] {local_task_job_runner.py:243} INFO - Task exited with return code 0
[2025-12-26T22:03:51.795+0530] {taskinstance.py:3503} INFO - 0 downstream tasks scheduled from follow-on schedule check
[2025-12-26T22:03:51.795+0530] {local_task_job_runner.py:222} INFO - ::endgroup::
