[2025-12-27T19:31:57.169+0530] {local_task_job_runner.py:120} INFO - ::group::Pre task execution logs
[2025-12-27T19:31:57.194+0530] {taskinstance.py:2076} INFO - Dependencies all met for dep_context=non-requeueable deps ti=<TaskInstance: example_dynamic_task_mapping.add_one scheduled__2022-12-06T00:00:00+00:00 map_index=1 [queued]>
[2025-12-27T19:31:57.199+0530] {taskinstance.py:2076} INFO - Dependencies all met for dep_context=requeueable deps ti=<TaskInstance: example_dynamic_task_mapping.add_one scheduled__2022-12-06T00:00:00+00:00 map_index=1 [queued]>
[2025-12-27T19:31:57.200+0530] {taskinstance.py:2306} INFO - Starting attempt 1 of 1
[2025-12-27T19:31:57.218+0530] {taskinstance.py:2330} INFO - Executing <Mapped(_PythonDecoratedOperator): add_one> on 2022-12-06 00:00:00+00:00
[2025-12-27T19:31:57.221+0530] {standard_task_runner.py:64} INFO - Started process 1316 to run task
[2025-12-27T19:31:57.226+0530] {standard_task_runner.py:90} INFO - Running: ['airflow', 'tasks', 'run', 'example_dynamic_task_mapping', 'add_one', 'scheduled__2022-12-06T00:00:00+00:00', '--job-id', '1756', '--raw', '--subdir', '/home/sathya/projects/training-kit/.venv-airflow/lib/python3.10/site-packages/airflow/example_dags/example_dynamic_task_mapping.py', '--cfg-path', '/tmp/tmp91mai9kx', '--map-index', '1']
[2025-12-27T19:31:57.227+0530] {standard_task_runner.py:91} INFO - Job 1756: Subtask add_one
[2025-12-27T19:31:57.275+0530] {task_command.py:426} INFO - Running <TaskInstance: example_dynamic_task_mapping.add_one scheduled__2022-12-06T00:00:00+00:00 map_index=1 [running]> on host LAPTOP-A1PMOBSE.localdomain
[2025-12-27T19:31:57.364+0530] {taskinstance.py:2648} INFO - Exporting env vars: AIRFLOW_CTX_DAG_OWNER='airflow' AIRFLOW_CTX_DAG_ID='example_dynamic_task_mapping' AIRFLOW_CTX_TASK_ID='add_one' AIRFLOW_CTX_EXECUTION_DATE='2022-12-06T00:00:00+00:00' AIRFLOW_CTX_TRY_NUMBER='1' AIRFLOW_CTX_DAG_RUN_ID='scheduled__2022-12-06T00:00:00+00:00'
[2025-12-27T19:31:57.366+0530] {taskinstance.py:430} INFO - ::endgroup::
[2025-12-27T19:31:57.367+0530] {python.py:237} INFO - Done. Returned value was: 3
[2025-12-27T19:31:57.367+0530] {taskinstance.py:441} INFO - ::group::Post task execution logs
[2025-12-27T19:31:57.384+0530] {taskinstance.py:1206} INFO - Marking task as SUCCESS. dag_id=example_dynamic_task_mapping, task_id=add_one, run_id=scheduled__2022-12-06T00:00:00+00:00, map_index=1, execution_date=20221206T000000, start_date=20251227T140157, end_date=20251227T140157
[2025-12-27T19:31:57.441+0530] {local_task_job_runner.py:243} INFO - Task exited with return code 0
[2025-12-27T19:31:57.467+0530] {taskinstance.py:3503} INFO - 0 downstream tasks scheduled from follow-on schedule check
[2025-12-27T19:31:57.468+0530] {local_task_job_runner.py:222} INFO - ::endgroup::
[2026-03-11T22:47:45.328+0530] {local_task_job_runner.py:120} INFO - ::group::Pre task execution logs
[2026-03-11T22:47:45.345+0530] {taskinstance.py:2076} INFO - Dependencies all met for dep_context=non-requeueable deps ti=<TaskInstance: example_dynamic_task_mapping.add_one scheduled__2022-12-06T00:00:00+00:00 map_index=1 [queued]>
[2026-03-11T22:47:45.349+0530] {taskinstance.py:2076} INFO - Dependencies all met for dep_context=requeueable deps ti=<TaskInstance: example_dynamic_task_mapping.add_one scheduled__2022-12-06T00:00:00+00:00 map_index=1 [queued]>
[2026-03-11T22:47:45.350+0530] {taskinstance.py:2306} INFO - Starting attempt 1 of 1
[2026-03-11T22:47:45.365+0530] {taskinstance.py:2330} INFO - Executing <Mapped(_PythonDecoratedOperator): add_one> on 2022-12-06 00:00:00+00:00
[2026-03-11T22:47:45.370+0530] {standard_task_runner.py:64} INFO - Started process 10527 to run task
[2026-03-11T22:47:45.373+0530] {standard_task_runner.py:90} INFO - Running: ['airflow', 'tasks', 'run', 'example_dynamic_task_mapping', 'add_one', 'scheduled__2022-12-06T00:00:00+00:00', '--job-id', '2069', '--raw', '--subdir', '/home/sathya/projects/training-kit/.venv-airflow/lib/python3.10/site-packages/airflow/example_dags/example_dynamic_task_mapping.py', '--cfg-path', '/tmp/tmpgs494ogr', '--map-index', '1']
[2026-03-11T22:47:45.374+0530] {standard_task_runner.py:91} INFO - Job 2069: Subtask add_one
[2026-03-11T22:47:45.410+0530] {task_command.py:426} INFO - Running <TaskInstance: example_dynamic_task_mapping.add_one scheduled__2022-12-06T00:00:00+00:00 map_index=1 [running]> on host LAPTOP-A1PMOBSE.localdomain
[2026-03-11T22:47:45.477+0530] {taskinstance.py:2648} INFO - Exporting env vars: AIRFLOW_CTX_DAG_OWNER='airflow' AIRFLOW_CTX_DAG_ID='example_dynamic_task_mapping' AIRFLOW_CTX_TASK_ID='add_one' AIRFLOW_CTX_EXECUTION_DATE='2022-12-06T00:00:00+00:00' AIRFLOW_CTX_TRY_NUMBER='1' AIRFLOW_CTX_DAG_RUN_ID='scheduled__2022-12-06T00:00:00+00:00'
[2026-03-11T22:47:45.478+0530] {taskinstance.py:430} INFO - ::endgroup::
[2026-03-11T22:47:45.478+0530] {python.py:237} INFO - Done. Returned value was: 3
[2026-03-11T22:47:45.478+0530] {taskinstance.py:441} INFO - ::group::Post task execution logs
[2026-03-11T22:47:45.497+0530] {taskinstance.py:1206} INFO - Marking task as SUCCESS. dag_id=example_dynamic_task_mapping, task_id=add_one, run_id=scheduled__2022-12-06T00:00:00+00:00, map_index=1, execution_date=20221206T000000, start_date=20260311T171745, end_date=20260311T171745
[2026-03-11T22:47:45.516+0530] {local_task_job_runner.py:243} INFO - Task exited with return code 0
[2026-03-11T22:47:45.529+0530] {taskinstance.py:3503} INFO - 0 downstream tasks scheduled from follow-on schedule check
[2026-03-11T22:47:45.529+0530] {local_task_job_runner.py:222} INFO - ::endgroup::
