[2025-12-26T22:48:11.057+0530] {local_task_job_runner.py:120} INFO - ::group::Pre task execution logs
[2025-12-26T22:48:11.074+0530] {taskinstance.py:2076} INFO - Dependencies all met for dep_context=non-requeueable deps ti=<TaskInstance: example_dynamic_task_mapping.add_one scheduled__2022-09-02T00:00:00+00:00 map_index=1 [queued]>
[2025-12-26T22:48:11.078+0530] {taskinstance.py:2076} INFO - Dependencies all met for dep_context=requeueable deps ti=<TaskInstance: example_dynamic_task_mapping.add_one scheduled__2022-09-02T00:00:00+00:00 map_index=1 [queued]>
[2025-12-26T22:48:11.078+0530] {taskinstance.py:2306} INFO - Starting attempt 1 of 1
[2025-12-26T22:48:11.093+0530] {taskinstance.py:2330} INFO - Executing <Mapped(_PythonDecoratedOperator): add_one> on 2022-09-02 00:00:00+00:00
[2025-12-26T22:48:11.095+0530] {standard_task_runner.py:64} INFO - Started process 9315 to run task
[2025-12-26T22:48:11.098+0530] {standard_task_runner.py:90} INFO - Running: ['airflow', 'tasks', 'run', 'example_dynamic_task_mapping', 'add_one', 'scheduled__2022-09-02T00:00:00+00:00', '--job-id', '1071', '--raw', '--subdir', '/home/sathya/projects/training-kit/.venv-airflow/lib/python3.10/site-packages/airflow/example_dags/example_dynamic_task_mapping.py', '--cfg-path', '/tmp/tmpwse8_ro8', '--map-index', '1']
[2025-12-26T22:48:11.098+0530] {standard_task_runner.py:91} INFO - Job 1071: Subtask add_one
[2025-12-26T22:48:11.132+0530] {task_command.py:426} INFO - Running <TaskInstance: example_dynamic_task_mapping.add_one scheduled__2022-09-02T00:00:00+00:00 map_index=1 [running]> on host LAPTOP-A1PMOBSE.localdomain
[2025-12-26T22:48:11.187+0530] {taskinstance.py:2648} INFO - Exporting env vars: AIRFLOW_CTX_DAG_OWNER='airflow' AIRFLOW_CTX_DAG_ID='example_dynamic_task_mapping' AIRFLOW_CTX_TASK_ID='add_one' AIRFLOW_CTX_EXECUTION_DATE='2022-09-02T00:00:00+00:00' AIRFLOW_CTX_TRY_NUMBER='1' AIRFLOW_CTX_DAG_RUN_ID='scheduled__2022-09-02T00:00:00+00:00'
[2025-12-26T22:48:11.188+0530] {taskinstance.py:430} INFO - ::endgroup::
[2025-12-26T22:48:11.188+0530] {python.py:237} INFO - Done. Returned value was: 3
[2025-12-26T22:48:11.189+0530] {taskinstance.py:441} INFO - ::group::Post task execution logs
[2025-12-26T22:48:11.202+0530] {taskinstance.py:1206} INFO - Marking task as SUCCESS. dag_id=example_dynamic_task_mapping, task_id=add_one, run_id=scheduled__2022-09-02T00:00:00+00:00, map_index=1, execution_date=20220902T000000, start_date=20251226T171811, end_date=20251226T171811
[2025-12-26T22:48:11.237+0530] {local_task_job_runner.py:243} INFO - Task exited with return code 0
[2025-12-26T22:48:11.258+0530] {taskinstance.py:3503} INFO - 0 downstream tasks scheduled from follow-on schedule check
[2025-12-26T22:48:11.258+0530] {local_task_job_runner.py:222} INFO - ::endgroup::
[2026-03-10T23:45:57.697+0530] {local_task_job_runner.py:120} INFO - ::group::Pre task execution logs
[2026-03-10T23:45:57.767+0530] {taskinstance.py:2076} INFO - Dependencies all met for dep_context=non-requeueable deps ti=<TaskInstance: example_dynamic_task_mapping.add_one scheduled__2022-09-02T00:00:00+00:00 map_index=1 [queued]>
[2026-03-10T23:45:57.786+0530] {taskinstance.py:2076} INFO - Dependencies all met for dep_context=requeueable deps ti=<TaskInstance: example_dynamic_task_mapping.add_one scheduled__2022-09-02T00:00:00+00:00 map_index=1 [queued]>
[2026-03-10T23:45:57.787+0530] {taskinstance.py:2306} INFO - Starting attempt 1 of 1
[2026-03-10T23:45:57.830+0530] {taskinstance.py:2330} INFO - Executing <Mapped(_PythonDecoratedOperator): add_one> on 2022-09-02 00:00:00+00:00
[2026-03-10T23:45:57.849+0530] {standard_task_runner.py:64} INFO - Started process 14550 to run task
[2026-03-10T23:45:57.857+0530] {standard_task_runner.py:90} INFO - Running: ['airflow', 'tasks', 'run', 'example_dynamic_task_mapping', 'add_one', 'scheduled__2022-09-02T00:00:00+00:00', '--job-id', '1320', '--raw', '--subdir', '/home/sathya/projects/training-kit/.venv-airflow/lib/python3.10/site-packages/airflow/example_dags/example_dynamic_task_mapping.py', '--cfg-path', '/tmp/tmpelslljxa', '--map-index', '1']
[2026-03-10T23:45:57.862+0530] {standard_task_runner.py:91} INFO - Job 1320: Subtask add_one
[2026-03-10T23:45:57.968+0530] {task_command.py:426} INFO - Running <TaskInstance: example_dynamic_task_mapping.add_one scheduled__2022-09-02T00:00:00+00:00 map_index=1 [running]> on host LAPTOP-A1PMOBSE.localdomain
[2026-03-10T23:45:58.206+0530] {taskinstance.py:2648} INFO - Exporting env vars: AIRFLOW_CTX_DAG_OWNER='airflow' AIRFLOW_CTX_DAG_ID='example_dynamic_task_mapping' AIRFLOW_CTX_TASK_ID='add_one' AIRFLOW_CTX_EXECUTION_DATE='2022-09-02T00:00:00+00:00' AIRFLOW_CTX_TRY_NUMBER='1' AIRFLOW_CTX_DAG_RUN_ID='scheduled__2022-09-02T00:00:00+00:00'
[2026-03-10T23:45:58.211+0530] {taskinstance.py:430} INFO - ::endgroup::
[2026-03-10T23:45:58.212+0530] {python.py:237} INFO - Done. Returned value was: 3
[2026-03-10T23:45:58.213+0530] {taskinstance.py:441} INFO - ::group::Post task execution logs
[2026-03-10T23:45:58.268+0530] {taskinstance.py:1206} INFO - Marking task as SUCCESS. dag_id=example_dynamic_task_mapping, task_id=add_one, run_id=scheduled__2022-09-02T00:00:00+00:00, map_index=1, execution_date=20220902T000000, start_date=20260310T181557, end_date=20260310T181558
[2026-03-10T23:45:58.344+0530] {local_task_job_runner.py:243} INFO - Task exited with return code 0
[2026-03-10T23:45:58.411+0530] {taskinstance.py:3503} INFO - 0 downstream tasks scheduled from follow-on schedule check
[2026-03-10T23:45:58.413+0530] {local_task_job_runner.py:222} INFO - ::endgroup::
