[2025-12-26T22:53:51.655+0530] {local_task_job_runner.py:120} INFO - ::group::Pre task execution logs
[2025-12-26T22:53:51.677+0530] {taskinstance.py:2076} INFO - Dependencies all met for dep_context=non-requeueable deps ti=<TaskInstance: example_dynamic_task_mapping.add_one scheduled__2022-09-23T00:00:00+00:00 map_index=1 [queued]>
[2025-12-26T22:53:51.685+0530] {taskinstance.py:2076} INFO - Dependencies all met for dep_context=requeueable deps ti=<TaskInstance: example_dynamic_task_mapping.add_one scheduled__2022-09-23T00:00:00+00:00 map_index=1 [queued]>
[2025-12-26T22:53:51.685+0530] {taskinstance.py:2306} INFO - Starting attempt 1 of 1
[2025-12-26T22:53:51.700+0530] {taskinstance.py:2330} INFO - Executing <Mapped(_PythonDecoratedOperator): add_one> on 2022-09-23 00:00:00+00:00
[2025-12-26T22:53:51.703+0530] {standard_task_runner.py:64} INFO - Started process 9973 to run task
[2025-12-26T22:53:51.707+0530] {standard_task_runner.py:90} INFO - Running: ['airflow', 'tasks', 'run', 'example_dynamic_task_mapping', 'add_one', 'scheduled__2022-09-23T00:00:00+00:00', '--job-id', '1185', '--raw', '--subdir', '/home/sathya/projects/training-kit/.venv-airflow/lib/python3.10/site-packages/airflow/example_dags/example_dynamic_task_mapping.py', '--cfg-path', '/tmp/tmppg4l0chf', '--map-index', '1']
[2025-12-26T22:53:51.707+0530] {standard_task_runner.py:91} INFO - Job 1185: Subtask add_one
[2025-12-26T22:53:51.742+0530] {task_command.py:426} INFO - Running <TaskInstance: example_dynamic_task_mapping.add_one scheduled__2022-09-23T00:00:00+00:00 map_index=1 [running]> on host LAPTOP-A1PMOBSE.localdomain
[2025-12-26T22:53:51.821+0530] {taskinstance.py:2648} INFO - Exporting env vars: AIRFLOW_CTX_DAG_OWNER='airflow' AIRFLOW_CTX_DAG_ID='example_dynamic_task_mapping' AIRFLOW_CTX_TASK_ID='add_one' AIRFLOW_CTX_EXECUTION_DATE='2022-09-23T00:00:00+00:00' AIRFLOW_CTX_TRY_NUMBER='1' AIRFLOW_CTX_DAG_RUN_ID='scheduled__2022-09-23T00:00:00+00:00'
[2025-12-26T22:53:51.822+0530] {taskinstance.py:430} INFO - ::endgroup::
[2025-12-26T22:53:51.823+0530] {python.py:237} INFO - Done. Returned value was: 3
[2025-12-26T22:53:51.823+0530] {taskinstance.py:441} INFO - ::group::Post task execution logs
[2025-12-26T22:53:51.840+0530] {taskinstance.py:1206} INFO - Marking task as SUCCESS. dag_id=example_dynamic_task_mapping, task_id=add_one, run_id=scheduled__2022-09-23T00:00:00+00:00, map_index=1, execution_date=20220923T000000, start_date=20251226T172351, end_date=20251226T172351
[2025-12-26T22:53:51.882+0530] {local_task_job_runner.py:243} INFO - Task exited with return code 0
[2025-12-26T22:53:51.895+0530] {taskinstance.py:3503} INFO - 0 downstream tasks scheduled from follow-on schedule check
[2025-12-26T22:53:51.896+0530] {local_task_job_runner.py:222} INFO - ::endgroup::
[2026-03-10T23:56:29.673+0530] {local_task_job_runner.py:120} INFO - ::group::Pre task execution logs
[2026-03-10T23:56:29.743+0530] {taskinstance.py:2076} INFO - Dependencies all met for dep_context=non-requeueable deps ti=<TaskInstance: example_dynamic_task_mapping.add_one scheduled__2022-09-23T00:00:00+00:00 map_index=1 [queued]>
[2026-03-10T23:56:29.759+0530] {taskinstance.py:2076} INFO - Dependencies all met for dep_context=requeueable deps ti=<TaskInstance: example_dynamic_task_mapping.add_one scheduled__2022-09-23T00:00:00+00:00 map_index=1 [queued]>
[2026-03-10T23:56:29.759+0530] {taskinstance.py:2306} INFO - Starting attempt 1 of 1
[2026-03-10T23:56:29.805+0530] {taskinstance.py:2330} INFO - Executing <Mapped(_PythonDecoratedOperator): add_one> on 2022-09-23 00:00:00+00:00
[2026-03-10T23:56:29.817+0530] {standard_task_runner.py:64} INFO - Started process 16008 to run task
[2026-03-10T23:56:29.825+0530] {standard_task_runner.py:90} INFO - Running: ['airflow', 'tasks', 'run', 'example_dynamic_task_mapping', 'add_one', 'scheduled__2022-09-23T00:00:00+00:00', '--job-id', '1462', '--raw', '--subdir', '/home/sathya/projects/training-kit/.venv-airflow/lib/python3.10/site-packages/airflow/example_dags/example_dynamic_task_mapping.py', '--cfg-path', '/tmp/tmp2ls45vwz', '--map-index', '1']
[2026-03-10T23:56:29.830+0530] {standard_task_runner.py:91} INFO - Job 1462: Subtask add_one
[2026-03-10T23:56:29.935+0530] {task_command.py:426} INFO - Running <TaskInstance: example_dynamic_task_mapping.add_one scheduled__2022-09-23T00:00:00+00:00 map_index=1 [running]> on host LAPTOP-A1PMOBSE.localdomain
[2026-03-10T23:56:30.143+0530] {taskinstance.py:2648} INFO - Exporting env vars: AIRFLOW_CTX_DAG_OWNER='airflow' AIRFLOW_CTX_DAG_ID='example_dynamic_task_mapping' AIRFLOW_CTX_TASK_ID='add_one' AIRFLOW_CTX_EXECUTION_DATE='2022-09-23T00:00:00+00:00' AIRFLOW_CTX_TRY_NUMBER='1' AIRFLOW_CTX_DAG_RUN_ID='scheduled__2022-09-23T00:00:00+00:00'
[2026-03-10T23:56:30.147+0530] {taskinstance.py:430} INFO - ::endgroup::
[2026-03-10T23:56:30.148+0530] {python.py:237} INFO - Done. Returned value was: 3
[2026-03-10T23:56:30.149+0530] {taskinstance.py:441} INFO - ::group::Post task execution logs
[2026-03-10T23:56:30.191+0530] {taskinstance.py:1206} INFO - Marking task as SUCCESS. dag_id=example_dynamic_task_mapping, task_id=add_one, run_id=scheduled__2022-09-23T00:00:00+00:00, map_index=1, execution_date=20220923T000000, start_date=20260310T182629, end_date=20260310T182630
[2026-03-10T23:56:30.259+0530] {local_task_job_runner.py:243} INFO - Task exited with return code 0
[2026-03-10T23:56:30.308+0530] {taskinstance.py:3503} INFO - 0 downstream tasks scheduled from follow-on schedule check
[2026-03-10T23:56:30.309+0530] {local_task_job_runner.py:222} INFO - ::endgroup::
