[2025-12-27T19:36:41.739+0530] {local_task_job_runner.py:120} INFO - ::group::Pre task execution logs
[2025-12-27T19:36:41.776+0530] {taskinstance.py:2076} INFO - Dependencies all met for dep_context=non-requeueable deps ti=<TaskInstance: example_dynamic_task_mapping.add_one scheduled__2022-12-16T00:00:00+00:00 map_index=0 [queued]>
[2025-12-27T19:36:41.786+0530] {taskinstance.py:2076} INFO - Dependencies all met for dep_context=requeueable deps ti=<TaskInstance: example_dynamic_task_mapping.add_one scheduled__2022-12-16T00:00:00+00:00 map_index=0 [queued]>
[2025-12-27T19:36:41.786+0530] {taskinstance.py:2306} INFO - Starting attempt 1 of 1
[2025-12-27T19:36:41.822+0530] {taskinstance.py:2330} INFO - Executing <Mapped(_PythonDecoratedOperator): add_one> on 2022-12-16 00:00:00+00:00
[2025-12-27T19:36:41.828+0530] {standard_task_runner.py:64} INFO - Started process 1493 to run task
[2025-12-27T19:36:41.835+0530] {standard_task_runner.py:90} INFO - Running: ['airflow', 'tasks', 'run', 'example_dynamic_task_mapping', 'add_one', 'scheduled__2022-12-16T00:00:00+00:00', '--job-id', '1820', '--raw', '--subdir', '/home/sathya/projects/training-kit/.venv-airflow/lib/python3.10/site-packages/airflow/example_dags/example_dynamic_task_mapping.py', '--cfg-path', '/tmp/tmpp6v6pln0', '--map-index', '0']
[2025-12-27T19:36:41.836+0530] {standard_task_runner.py:91} INFO - Job 1820: Subtask add_one
[2025-12-27T19:36:41.891+0530] {task_command.py:426} INFO - Running <TaskInstance: example_dynamic_task_mapping.add_one scheduled__2022-12-16T00:00:00+00:00 map_index=0 [running]> on host LAPTOP-A1PMOBSE.localdomain
[2025-12-27T19:36:42.000+0530] {taskinstance.py:2648} INFO - Exporting env vars: AIRFLOW_CTX_DAG_OWNER='airflow' AIRFLOW_CTX_DAG_ID='example_dynamic_task_mapping' AIRFLOW_CTX_TASK_ID='add_one' AIRFLOW_CTX_EXECUTION_DATE='2022-12-16T00:00:00+00:00' AIRFLOW_CTX_TRY_NUMBER='1' AIRFLOW_CTX_DAG_RUN_ID='scheduled__2022-12-16T00:00:00+00:00'
[2025-12-27T19:36:42.002+0530] {taskinstance.py:430} INFO - ::endgroup::
[2025-12-27T19:36:42.003+0530] {python.py:237} INFO - Done. Returned value was: 2
[2025-12-27T19:36:42.003+0530] {taskinstance.py:441} INFO - ::group::Post task execution logs
[2025-12-27T19:36:42.025+0530] {taskinstance.py:1206} INFO - Marking task as SUCCESS. dag_id=example_dynamic_task_mapping, task_id=add_one, run_id=scheduled__2022-12-16T00:00:00+00:00, map_index=0, execution_date=20221216T000000, start_date=20251227T140641, end_date=20251227T140642
[2025-12-27T19:36:42.088+0530] {local_task_job_runner.py:243} INFO - Task exited with return code 0
[2025-12-27T19:36:42.112+0530] {taskinstance.py:3503} INFO - 0 downstream tasks scheduled from follow-on schedule check
[2025-12-27T19:36:42.113+0530] {local_task_job_runner.py:222} INFO - ::endgroup::
[2026-03-11T22:51:21.245+0530] {local_task_job_runner.py:120} INFO - ::group::Pre task execution logs
[2026-03-11T22:51:21.263+0530] {taskinstance.py:2076} INFO - Dependencies all met for dep_context=non-requeueable deps ti=<TaskInstance: example_dynamic_task_mapping.add_one scheduled__2022-12-16T00:00:00+00:00 map_index=0 [queued]>
[2026-03-11T22:51:21.266+0530] {taskinstance.py:2076} INFO - Dependencies all met for dep_context=requeueable deps ti=<TaskInstance: example_dynamic_task_mapping.add_one scheduled__2022-12-16T00:00:00+00:00 map_index=0 [queued]>
[2026-03-11T22:51:21.267+0530] {taskinstance.py:2306} INFO - Starting attempt 1 of 1
[2026-03-11T22:51:21.280+0530] {taskinstance.py:2330} INFO - Executing <Mapped(_PythonDecoratedOperator): add_one> on 2022-12-16 00:00:00+00:00
[2026-03-11T22:51:21.284+0530] {standard_task_runner.py:64} INFO - Started process 11115 to run task
[2026-03-11T22:51:21.287+0530] {standard_task_runner.py:90} INFO - Running: ['airflow', 'tasks', 'run', 'example_dynamic_task_mapping', 'add_one', 'scheduled__2022-12-16T00:00:00+00:00', '--job-id', '2127', '--raw', '--subdir', '/home/sathya/projects/training-kit/.venv-airflow/lib/python3.10/site-packages/airflow/example_dags/example_dynamic_task_mapping.py', '--cfg-path', '/tmp/tmpalaz6iv5', '--map-index', '0']
[2026-03-11T22:51:21.289+0530] {standard_task_runner.py:91} INFO - Job 2127: Subtask add_one
[2026-03-11T22:51:21.319+0530] {task_command.py:426} INFO - Running <TaskInstance: example_dynamic_task_mapping.add_one scheduled__2022-12-16T00:00:00+00:00 map_index=0 [running]> on host LAPTOP-A1PMOBSE.localdomain
[2026-03-11T22:51:21.389+0530] {taskinstance.py:2648} INFO - Exporting env vars: AIRFLOW_CTX_DAG_OWNER='airflow' AIRFLOW_CTX_DAG_ID='example_dynamic_task_mapping' AIRFLOW_CTX_TASK_ID='add_one' AIRFLOW_CTX_EXECUTION_DATE='2022-12-16T00:00:00+00:00' AIRFLOW_CTX_TRY_NUMBER='1' AIRFLOW_CTX_DAG_RUN_ID='scheduled__2022-12-16T00:00:00+00:00'
[2026-03-11T22:51:21.390+0530] {taskinstance.py:430} INFO - ::endgroup::
[2026-03-11T22:51:21.390+0530] {python.py:237} INFO - Done. Returned value was: 2
[2026-03-11T22:51:21.390+0530] {taskinstance.py:441} INFO - ::group::Post task execution logs
[2026-03-11T22:51:21.405+0530] {taskinstance.py:1206} INFO - Marking task as SUCCESS. dag_id=example_dynamic_task_mapping, task_id=add_one, run_id=scheduled__2022-12-16T00:00:00+00:00, map_index=0, execution_date=20221216T000000, start_date=20260311T172121, end_date=20260311T172121
[2026-03-11T22:51:21.424+0530] {local_task_job_runner.py:243} INFO - Task exited with return code 0
[2026-03-11T22:51:21.437+0530] {taskinstance.py:3503} INFO - 0 downstream tasks scheduled from follow-on schedule check
[2026-03-11T22:51:21.438+0530] {local_task_job_runner.py:222} INFO - ::endgroup::
