[2025-12-26T22:17:33.688+0530] {local_task_job_runner.py:120} INFO - ::group::Pre task execution logs
[2025-12-26T22:17:33.707+0530] {taskinstance.py:2076} INFO - Dependencies all met for dep_context=non-requeueable deps ti=<TaskInstance: example_dynamic_task_mapping.sum_it scheduled__2022-04-18T00:00:00+00:00 [queued]>
[2025-12-26T22:17:33.712+0530] {taskinstance.py:2076} INFO - Dependencies all met for dep_context=requeueable deps ti=<TaskInstance: example_dynamic_task_mapping.sum_it scheduled__2022-04-18T00:00:00+00:00 [queued]>
[2025-12-26T22:17:33.713+0530] {taskinstance.py:2306} INFO - Starting attempt 1 of 1
[2025-12-26T22:17:33.733+0530] {taskinstance.py:2330} INFO - Executing <Task(_PythonDecoratedOperator): sum_it> on 2022-04-18 00:00:00+00:00
[2025-12-26T22:17:33.737+0530] {standard_task_runner.py:64} INFO - Started process 5393 to run task
[2025-12-26T22:17:33.740+0530] {standard_task_runner.py:90} INFO - Running: ['airflow', 'tasks', 'run', 'example_dynamic_task_mapping', 'sum_it', 'scheduled__2022-04-18T00:00:00+00:00', '--job-id', '377', '--raw', '--subdir', '/home/sathya/projects/training-kit/.venv-airflow/lib/python3.10/site-packages/airflow/example_dags/example_dynamic_task_mapping.py', '--cfg-path', '/tmp/tmp_2o90kql']
[2025-12-26T22:17:33.740+0530] {standard_task_runner.py:91} INFO - Job 377: Subtask sum_it
[2025-12-26T22:17:33.776+0530] {task_command.py:426} INFO - Running <TaskInstance: example_dynamic_task_mapping.sum_it scheduled__2022-04-18T00:00:00+00:00 [running]> on host LAPTOP-A1PMOBSE.localdomain
[2025-12-26T22:17:33.855+0530] {taskinstance.py:2648} INFO - Exporting env vars: AIRFLOW_CTX_DAG_OWNER='airflow' AIRFLOW_CTX_DAG_ID='example_dynamic_task_mapping' AIRFLOW_CTX_TASK_ID='sum_it' AIRFLOW_CTX_EXECUTION_DATE='2022-04-18T00:00:00+00:00' AIRFLOW_CTX_TRY_NUMBER='1' AIRFLOW_CTX_DAG_RUN_ID='scheduled__2022-04-18T00:00:00+00:00'
[2025-12-26T22:17:33.856+0530] {taskinstance.py:430} INFO - ::endgroup::
[2025-12-26T22:17:33.858+0530] {logging_mixin.py:188} INFO - Total was 9
[2025-12-26T22:17:33.859+0530] {python.py:237} INFO - Done. Returned value was: None
[2025-12-26T22:17:33.859+0530] {taskinstance.py:441} INFO - ::group::Post task execution logs
[2025-12-26T22:17:33.862+0530] {taskinstance.py:1206} INFO - Marking task as SUCCESS. dag_id=example_dynamic_task_mapping, task_id=sum_it, run_id=scheduled__2022-04-18T00:00:00+00:00, execution_date=20220418T000000, start_date=20251226T164733, end_date=20251226T164733
[2025-12-26T22:17:33.918+0530] {local_task_job_runner.py:243} INFO - Task exited with return code 0
[2025-12-26T22:17:33.929+0530] {taskinstance.py:3503} INFO - 0 downstream tasks scheduled from follow-on schedule check
[2025-12-26T22:17:33.929+0530] {local_task_job_runner.py:222} INFO - ::endgroup::
[2026-03-10T23:05:55.530+0530] {local_task_job_runner.py:120} INFO - ::group::Pre task execution logs
[2026-03-10T23:05:55.555+0530] {taskinstance.py:2076} INFO - Dependencies all met for dep_context=non-requeueable deps ti=<TaskInstance: example_dynamic_task_mapping.sum_it scheduled__2022-04-18T00:00:00+00:00 [queued]>
[2026-03-10T23:05:55.566+0530] {taskinstance.py:2076} INFO - Dependencies all met for dep_context=requeueable deps ti=<TaskInstance: example_dynamic_task_mapping.sum_it scheduled__2022-04-18T00:00:00+00:00 [queued]>
[2026-03-10T23:05:55.567+0530] {taskinstance.py:2306} INFO - Starting attempt 1 of 1
[2026-03-10T23:05:55.595+0530] {taskinstance.py:2330} INFO - Executing <Task(_PythonDecoratedOperator): sum_it> on 2022-04-18 00:00:00+00:00
[2026-03-10T23:05:55.601+0530] {standard_task_runner.py:64} INFO - Started process 6104 to run task
[2026-03-10T23:05:55.608+0530] {standard_task_runner.py:90} INFO - Running: ['airflow', 'tasks', 'run', 'example_dynamic_task_mapping', 'sum_it', 'scheduled__2022-04-18T00:00:00+00:00', '--job-id', '509', '--raw', '--subdir', '/home/sathya/projects/training-kit/.venv-airflow/lib/python3.10/site-packages/airflow/example_dags/example_dynamic_task_mapping.py', '--cfg-path', '/tmp/tmp95j7vsx3']
[2026-03-10T23:05:55.612+0530] {standard_task_runner.py:91} INFO - Job 509: Subtask sum_it
[2026-03-10T23:05:55.701+0530] {task_command.py:426} INFO - Running <TaskInstance: example_dynamic_task_mapping.sum_it scheduled__2022-04-18T00:00:00+00:00 [running]> on host LAPTOP-A1PMOBSE.localdomain
[2026-03-10T23:05:55.833+0530] {taskinstance.py:2648} INFO - Exporting env vars: AIRFLOW_CTX_DAG_OWNER='airflow' AIRFLOW_CTX_DAG_ID='example_dynamic_task_mapping' AIRFLOW_CTX_TASK_ID='sum_it' AIRFLOW_CTX_EXECUTION_DATE='2022-04-18T00:00:00+00:00' AIRFLOW_CTX_TRY_NUMBER='1' AIRFLOW_CTX_DAG_RUN_ID='scheduled__2022-04-18T00:00:00+00:00'
[2026-03-10T23:05:55.836+0530] {taskinstance.py:430} INFO - ::endgroup::
[2026-03-10T23:05:55.839+0530] {logging_mixin.py:188} INFO - Total was 9
[2026-03-10T23:05:55.839+0530] {python.py:237} INFO - Done. Returned value was: None
[2026-03-10T23:05:55.840+0530] {taskinstance.py:441} INFO - ::group::Post task execution logs
[2026-03-10T23:05:55.848+0530] {taskinstance.py:1206} INFO - Marking task as SUCCESS. dag_id=example_dynamic_task_mapping, task_id=sum_it, run_id=scheduled__2022-04-18T00:00:00+00:00, execution_date=20220418T000000, start_date=20260310T173555, end_date=20260310T173555
[2026-03-10T23:05:55.920+0530] {local_task_job_runner.py:243} INFO - Task exited with return code 0
[2026-03-10T23:05:55.931+0530] {taskinstance.py:3503} INFO - 0 downstream tasks scheduled from follow-on schedule check
[2026-03-10T23:05:55.931+0530] {local_task_job_runner.py:222} INFO - ::endgroup::
