[2025-12-26T22:51:40.499+0530] {local_task_job_runner.py:120} INFO - ::group::Pre task execution logs
[2025-12-26T22:51:40.514+0530] {taskinstance.py:2076} INFO - Dependencies all met for dep_context=non-requeueable deps ti=<TaskInstance: example_dynamic_task_mapping.sum_it scheduled__2022-09-14T00:00:00+00:00 [queued]>
[2025-12-26T22:51:40.518+0530] {taskinstance.py:2076} INFO - Dependencies all met for dep_context=requeueable deps ti=<TaskInstance: example_dynamic_task_mapping.sum_it scheduled__2022-09-14T00:00:00+00:00 [queued]>
[2025-12-26T22:51:40.518+0530] {taskinstance.py:2306} INFO - Starting attempt 1 of 1
[2025-12-26T22:51:40.531+0530] {taskinstance.py:2330} INFO - Executing <Task(_PythonDecoratedOperator): sum_it> on 2022-09-14 00:00:00+00:00
[2025-12-26T22:51:40.534+0530] {standard_task_runner.py:64} INFO - Started process 9720 to run task
[2025-12-26T22:51:40.537+0530] {standard_task_runner.py:90} INFO - Running: ['airflow', 'tasks', 'run', 'example_dynamic_task_mapping', 'sum_it', 'scheduled__2022-09-14T00:00:00+00:00', '--job-id', '1141', '--raw', '--subdir', '/home/sathya/projects/training-kit/.venv-airflow/lib/python3.10/site-packages/airflow/example_dags/example_dynamic_task_mapping.py', '--cfg-path', '/tmp/tmp9djf_ty7']
[2025-12-26T22:51:40.537+0530] {standard_task_runner.py:91} INFO - Job 1141: Subtask sum_it
[2025-12-26T22:51:40.585+0530] {task_command.py:426} INFO - Running <TaskInstance: example_dynamic_task_mapping.sum_it scheduled__2022-09-14T00:00:00+00:00 [running]> on host LAPTOP-A1PMOBSE.localdomain
[2025-12-26T22:51:40.665+0530] {taskinstance.py:2648} INFO - Exporting env vars: AIRFLOW_CTX_DAG_OWNER='airflow' AIRFLOW_CTX_DAG_ID='example_dynamic_task_mapping' AIRFLOW_CTX_TASK_ID='sum_it' AIRFLOW_CTX_EXECUTION_DATE='2022-09-14T00:00:00+00:00' AIRFLOW_CTX_TRY_NUMBER='1' AIRFLOW_CTX_DAG_RUN_ID='scheduled__2022-09-14T00:00:00+00:00'
[2025-12-26T22:51:40.666+0530] {taskinstance.py:430} INFO - ::endgroup::
[2025-12-26T22:51:40.669+0530] {logging_mixin.py:188} INFO - Total was 9
[2025-12-26T22:51:40.669+0530] {python.py:237} INFO - Done. Returned value was: None
[2025-12-26T22:51:40.670+0530] {taskinstance.py:441} INFO - ::group::Post task execution logs
[2025-12-26T22:51:40.674+0530] {taskinstance.py:1206} INFO - Marking task as SUCCESS. dag_id=example_dynamic_task_mapping, task_id=sum_it, run_id=scheduled__2022-09-14T00:00:00+00:00, execution_date=20220914T000000, start_date=20251226T172140, end_date=20251226T172140
[2025-12-26T22:51:40.713+0530] {local_task_job_runner.py:243} INFO - Task exited with return code 0
[2025-12-26T22:51:40.726+0530] {taskinstance.py:3503} INFO - 0 downstream tasks scheduled from follow-on schedule check
[2025-12-26T22:51:40.727+0530] {local_task_job_runner.py:222} INFO - ::endgroup::
[2026-03-10T23:53:19.636+0530] {local_task_job_runner.py:120} INFO - ::group::Pre task execution logs
[2026-03-10T23:53:19.695+0530] {taskinstance.py:2076} INFO - Dependencies all met for dep_context=non-requeueable deps ti=<TaskInstance: example_dynamic_task_mapping.sum_it scheduled__2022-09-14T00:00:00+00:00 [queued]>
[2026-03-10T23:53:19.713+0530] {taskinstance.py:2076} INFO - Dependencies all met for dep_context=requeueable deps ti=<TaskInstance: example_dynamic_task_mapping.sum_it scheduled__2022-09-14T00:00:00+00:00 [queued]>
[2026-03-10T23:53:19.714+0530] {taskinstance.py:2306} INFO - Starting attempt 1 of 1
[2026-03-10T23:53:19.767+0530] {taskinstance.py:2330} INFO - Executing <Task(_PythonDecoratedOperator): sum_it> on 2022-09-14 00:00:00+00:00
[2026-03-10T23:53:19.777+0530] {standard_task_runner.py:64} INFO - Started process 15549 to run task
[2026-03-10T23:53:19.787+0530] {standard_task_runner.py:90} INFO - Running: ['airflow', 'tasks', 'run', 'example_dynamic_task_mapping', 'sum_it', 'scheduled__2022-09-14T00:00:00+00:00', '--job-id', '1417', '--raw', '--subdir', '/home/sathya/projects/training-kit/.venv-airflow/lib/python3.10/site-packages/airflow/example_dags/example_dynamic_task_mapping.py', '--cfg-path', '/tmp/tmp_q8c2g7t']
[2026-03-10T23:53:19.792+0530] {standard_task_runner.py:91} INFO - Job 1417: Subtask sum_it
[2026-03-10T23:53:19.913+0530] {task_command.py:426} INFO - Running <TaskInstance: example_dynamic_task_mapping.sum_it scheduled__2022-09-14T00:00:00+00:00 [running]> on host LAPTOP-A1PMOBSE.localdomain
[2026-03-10T23:53:20.121+0530] {taskinstance.py:2648} INFO - Exporting env vars: AIRFLOW_CTX_DAG_OWNER='airflow' AIRFLOW_CTX_DAG_ID='example_dynamic_task_mapping' AIRFLOW_CTX_TASK_ID='sum_it' AIRFLOW_CTX_EXECUTION_DATE='2022-09-14T00:00:00+00:00' AIRFLOW_CTX_TRY_NUMBER='1' AIRFLOW_CTX_DAG_RUN_ID='scheduled__2022-09-14T00:00:00+00:00'
[2026-03-10T23:53:20.125+0530] {taskinstance.py:430} INFO - ::endgroup::
[2026-03-10T23:53:20.133+0530] {logging_mixin.py:188} INFO - Total was 9
[2026-03-10T23:53:20.134+0530] {python.py:237} INFO - Done. Returned value was: None
[2026-03-10T23:53:20.135+0530] {taskinstance.py:441} INFO - ::group::Post task execution logs
[2026-03-10T23:53:20.147+0530] {taskinstance.py:1206} INFO - Marking task as SUCCESS. dag_id=example_dynamic_task_mapping, task_id=sum_it, run_id=scheduled__2022-09-14T00:00:00+00:00, execution_date=20220914T000000, start_date=20260310T182319, end_date=20260310T182320
[2026-03-10T23:53:20.346+0530] {local_task_job_runner.py:243} INFO - Task exited with return code 0
[2026-03-10T23:53:20.396+0530] {taskinstance.py:3503} INFO - 0 downstream tasks scheduled from follow-on schedule check
[2026-03-10T23:53:20.398+0530] {local_task_job_runner.py:222} INFO - ::endgroup::
