[2025-12-27T19:51:57.862+0530] {local_task_job_runner.py:120} INFO - ::group::Pre task execution logs
[2025-12-27T19:51:57.885+0530] {taskinstance.py:2076} INFO - Dependencies all met for dep_context=non-requeueable deps ti=<TaskInstance: example_dynamic_task_mapping.sum_it scheduled__2023-01-20T00:00:00+00:00 [queued]>
[2025-12-27T19:51:57.890+0530] {taskinstance.py:2076} INFO - Dependencies all met for dep_context=requeueable deps ti=<TaskInstance: example_dynamic_task_mapping.sum_it scheduled__2023-01-20T00:00:00+00:00 [queued]>
[2025-12-27T19:51:57.890+0530] {taskinstance.py:2306} INFO - Starting attempt 1 of 1
[2025-12-27T19:51:57.908+0530] {taskinstance.py:2330} INFO - Executing <Task(_PythonDecoratedOperator): sum_it> on 2023-01-20 00:00:00+00:00
[2025-12-27T19:51:57.912+0530] {standard_task_runner.py:64} INFO - Started process 2083 to run task
[2025-12-27T19:51:57.917+0530] {standard_task_runner.py:90} INFO - Running: ['airflow', 'tasks', 'run', 'example_dynamic_task_mapping', 'sum_it', 'scheduled__2023-01-20T00:00:00+00:00', '--job-id', '2039', '--raw', '--subdir', '/home/sathya/projects/training-kit/.venv-airflow/lib/python3.10/site-packages/airflow/example_dags/example_dynamic_task_mapping.py', '--cfg-path', '/tmp/tmpxe8pilwk']
[2025-12-27T19:51:57.917+0530] {standard_task_runner.py:91} INFO - Job 2039: Subtask sum_it
[2025-12-27T19:51:57.961+0530] {task_command.py:426} INFO - Running <TaskInstance: example_dynamic_task_mapping.sum_it scheduled__2023-01-20T00:00:00+00:00 [running]> on host LAPTOP-A1PMOBSE.localdomain
[2025-12-27T19:51:58.056+0530] {taskinstance.py:2648} INFO - Exporting env vars: AIRFLOW_CTX_DAG_OWNER='airflow' AIRFLOW_CTX_DAG_ID='example_dynamic_task_mapping' AIRFLOW_CTX_TASK_ID='sum_it' AIRFLOW_CTX_EXECUTION_DATE='2023-01-20T00:00:00+00:00' AIRFLOW_CTX_TRY_NUMBER='1' AIRFLOW_CTX_DAG_RUN_ID='scheduled__2023-01-20T00:00:00+00:00'
[2025-12-27T19:51:58.057+0530] {taskinstance.py:430} INFO - ::endgroup::
[2025-12-27T19:51:58.065+0530] {logging_mixin.py:188} INFO - Total was 9
[2025-12-27T19:51:58.065+0530] {python.py:237} INFO - Done. Returned value was: None
[2025-12-27T19:51:58.065+0530] {taskinstance.py:441} INFO - ::group::Post task execution logs
[2025-12-27T19:51:58.072+0530] {taskinstance.py:1206} INFO - Marking task as SUCCESS. dag_id=example_dynamic_task_mapping, task_id=sum_it, run_id=scheduled__2023-01-20T00:00:00+00:00, execution_date=20230120T000000, start_date=20251227T142157, end_date=20251227T142158
[2025-12-27T19:51:58.129+0530] {local_task_job_runner.py:243} INFO - Task exited with return code 0
[2025-12-27T19:51:58.148+0530] {taskinstance.py:3503} INFO - 0 downstream tasks scheduled from follow-on schedule check
[2025-12-27T19:51:58.149+0530] {local_task_job_runner.py:222} INFO - ::endgroup::
[2026-03-11T23:03:26.320+0530] {local_task_job_runner.py:120} INFO - ::group::Pre task execution logs
[2026-03-11T23:03:26.336+0530] {taskinstance.py:2076} INFO - Dependencies all met for dep_context=non-requeueable deps ti=<TaskInstance: example_dynamic_task_mapping.sum_it scheduled__2023-01-20T00:00:00+00:00 [queued]>
[2026-03-11T23:03:26.340+0530] {taskinstance.py:2076} INFO - Dependencies all met for dep_context=requeueable deps ti=<TaskInstance: example_dynamic_task_mapping.sum_it scheduled__2023-01-20T00:00:00+00:00 [queued]>
[2026-03-11T23:03:26.340+0530] {taskinstance.py:2306} INFO - Starting attempt 1 of 1
[2026-03-11T23:03:26.354+0530] {taskinstance.py:2330} INFO - Executing <Task(_PythonDecoratedOperator): sum_it> on 2023-01-20 00:00:00+00:00
[2026-03-11T23:03:26.358+0530] {standard_task_runner.py:64} INFO - Started process 13199 to run task
[2026-03-11T23:03:26.360+0530] {standard_task_runner.py:90} INFO - Running: ['airflow', 'tasks', 'run', 'example_dynamic_task_mapping', 'sum_it', 'scheduled__2023-01-20T00:00:00+00:00', '--job-id', '2333', '--raw', '--subdir', '/home/sathya/projects/training-kit/.venv-airflow/lib/python3.10/site-packages/airflow/example_dags/example_dynamic_task_mapping.py', '--cfg-path', '/tmp/tmpq23dc7du']
[2026-03-11T23:03:26.362+0530] {standard_task_runner.py:91} INFO - Job 2333: Subtask sum_it
[2026-03-11T23:03:26.393+0530] {task_command.py:426} INFO - Running <TaskInstance: example_dynamic_task_mapping.sum_it scheduled__2023-01-20T00:00:00+00:00 [running]> on host LAPTOP-A1PMOBSE.localdomain
[2026-03-11T23:03:26.459+0530] {taskinstance.py:2648} INFO - Exporting env vars: AIRFLOW_CTX_DAG_OWNER='airflow' AIRFLOW_CTX_DAG_ID='example_dynamic_task_mapping' AIRFLOW_CTX_TASK_ID='sum_it' AIRFLOW_CTX_EXECUTION_DATE='2023-01-20T00:00:00+00:00' AIRFLOW_CTX_TRY_NUMBER='1' AIRFLOW_CTX_DAG_RUN_ID='scheduled__2023-01-20T00:00:00+00:00'
[2026-03-11T23:03:26.460+0530] {taskinstance.py:430} INFO - ::endgroup::
[2026-03-11T23:03:26.462+0530] {logging_mixin.py:188} INFO - Total was 9
[2026-03-11T23:03:26.463+0530] {python.py:237} INFO - Done. Returned value was: None
[2026-03-11T23:03:26.463+0530] {taskinstance.py:441} INFO - ::group::Post task execution logs
[2026-03-11T23:03:26.467+0530] {taskinstance.py:1206} INFO - Marking task as SUCCESS. dag_id=example_dynamic_task_mapping, task_id=sum_it, run_id=scheduled__2023-01-20T00:00:00+00:00, execution_date=20230120T000000, start_date=20260311T173326, end_date=20260311T173326
[2026-03-11T23:03:26.501+0530] {local_task_job_runner.py:243} INFO - Task exited with return code 0
[2026-03-11T23:03:26.514+0530] {taskinstance.py:3503} INFO - 0 downstream tasks scheduled from follow-on schedule check
[2026-03-11T23:03:26.515+0530] {local_task_job_runner.py:222} INFO - ::endgroup::
