[2025-12-26T22:29:55.417+0530] {local_task_job_runner.py:120} INFO - ::group::Pre task execution logs
[2025-12-26T22:29:55.435+0530] {taskinstance.py:2076} INFO - Dependencies all met for dep_context=non-requeueable deps ti=<TaskInstance: example_dynamic_task_mapping.add_one scheduled__2022-06-20T00:00:00+00:00 map_index=1 [queued]>
[2025-12-26T22:29:55.440+0530] {taskinstance.py:2076} INFO - Dependencies all met for dep_context=requeueable deps ti=<TaskInstance: example_dynamic_task_mapping.add_one scheduled__2022-06-20T00:00:00+00:00 map_index=1 [queued]>
[2025-12-26T22:29:55.441+0530] {taskinstance.py:2306} INFO - Starting attempt 1 of 1
[2025-12-26T22:29:55.454+0530] {taskinstance.py:2330} INFO - Executing <Mapped(_PythonDecoratedOperator): add_one> on 2022-06-20 00:00:00+00:00
[2025-12-26T22:29:55.456+0530] {standard_task_runner.py:64} INFO - Started process 7076 to run task
[2025-12-26T22:29:55.459+0530] {standard_task_runner.py:90} INFO - Running: ['airflow', 'tasks', 'run', 'example_dynamic_task_mapping', 'add_one', 'scheduled__2022-06-20T00:00:00+00:00', '--job-id', '685', '--raw', '--subdir', '/home/sathya/projects/training-kit/.venv-airflow/lib/python3.10/site-packages/airflow/example_dags/example_dynamic_task_mapping.py', '--cfg-path', '/tmp/tmplvtdrci3', '--map-index', '1']
[2025-12-26T22:29:55.460+0530] {standard_task_runner.py:91} INFO - Job 685: Subtask add_one
[2025-12-26T22:29:55.490+0530] {task_command.py:426} INFO - Running <TaskInstance: example_dynamic_task_mapping.add_one scheduled__2022-06-20T00:00:00+00:00 map_index=1 [running]> on host LAPTOP-A1PMOBSE.localdomain
[2025-12-26T22:29:55.552+0530] {taskinstance.py:2648} INFO - Exporting env vars: AIRFLOW_CTX_DAG_OWNER='airflow' AIRFLOW_CTX_DAG_ID='example_dynamic_task_mapping' AIRFLOW_CTX_TASK_ID='add_one' AIRFLOW_CTX_EXECUTION_DATE='2022-06-20T00:00:00+00:00' AIRFLOW_CTX_TRY_NUMBER='1' AIRFLOW_CTX_DAG_RUN_ID='scheduled__2022-06-20T00:00:00+00:00'
[2025-12-26T22:29:55.553+0530] {taskinstance.py:430} INFO - ::endgroup::
[2025-12-26T22:29:55.553+0530] {python.py:237} INFO - Done. Returned value was: 3
[2025-12-26T22:29:55.553+0530] {taskinstance.py:441} INFO - ::group::Post task execution logs
[2025-12-26T22:29:55.565+0530] {taskinstance.py:1206} INFO - Marking task as SUCCESS. dag_id=example_dynamic_task_mapping, task_id=add_one, run_id=scheduled__2022-06-20T00:00:00+00:00, map_index=1, execution_date=20220620T000000, start_date=20251226T165955, end_date=20251226T165955
[2025-12-26T22:29:55.600+0530] {local_task_job_runner.py:243} INFO - Task exited with return code 0
[2025-12-26T22:29:55.621+0530] {taskinstance.py:3503} INFO - 0 downstream tasks scheduled from follow-on schedule check
[2025-12-26T22:29:55.621+0530] {local_task_job_runner.py:222} INFO - ::endgroup::
[2026-03-10T23:18:13.635+0530] {local_task_job_runner.py:120} INFO - ::group::Pre task execution logs
[2026-03-10T23:18:13.677+0530] {taskinstance.py:2076} INFO - Dependencies all met for dep_context=non-requeueable deps ti=<TaskInstance: example_dynamic_task_mapping.add_one scheduled__2022-06-20T00:00:00+00:00 map_index=1 [queued]>
[2026-03-10T23:18:13.689+0530] {taskinstance.py:2076} INFO - Dependencies all met for dep_context=requeueable deps ti=<TaskInstance: example_dynamic_task_mapping.add_one scheduled__2022-06-20T00:00:00+00:00 map_index=1 [queued]>
[2026-03-10T23:18:13.689+0530] {taskinstance.py:2306} INFO - Starting attempt 1 of 1
[2026-03-10T23:18:13.727+0530] {taskinstance.py:2330} INFO - Executing <Mapped(_PythonDecoratedOperator): add_one> on 2022-06-20 00:00:00+00:00
[2026-03-10T23:18:13.738+0530] {standard_task_runner.py:64} INFO - Started process 9200 to run task
[2026-03-10T23:18:13.746+0530] {standard_task_runner.py:90} INFO - Running: ['airflow', 'tasks', 'run', 'example_dynamic_task_mapping', 'add_one', 'scheduled__2022-06-20T00:00:00+00:00', '--job-id', '811', '--raw', '--subdir', '/home/sathya/projects/training-kit/.venv-airflow/lib/python3.10/site-packages/airflow/example_dags/example_dynamic_task_mapping.py', '--cfg-path', '/tmp/tmpzxx9bm2p', '--map-index', '1']
[2026-03-10T23:18:13.751+0530] {standard_task_runner.py:91} INFO - Job 811: Subtask add_one
[2026-03-10T23:18:13.851+0530] {task_command.py:426} INFO - Running <TaskInstance: example_dynamic_task_mapping.add_one scheduled__2022-06-20T00:00:00+00:00 map_index=1 [running]> on host LAPTOP-A1PMOBSE.localdomain
[2026-03-10T23:18:14.073+0530] {taskinstance.py:2648} INFO - Exporting env vars: AIRFLOW_CTX_DAG_OWNER='airflow' AIRFLOW_CTX_DAG_ID='example_dynamic_task_mapping' AIRFLOW_CTX_TASK_ID='add_one' AIRFLOW_CTX_EXECUTION_DATE='2022-06-20T00:00:00+00:00' AIRFLOW_CTX_TRY_NUMBER='1' AIRFLOW_CTX_DAG_RUN_ID='scheduled__2022-06-20T00:00:00+00:00'
[2026-03-10T23:18:14.074+0530] {taskinstance.py:430} INFO - ::endgroup::
[2026-03-10T23:18:14.075+0530] {python.py:237} INFO - Done. Returned value was: 3
[2026-03-10T23:18:14.075+0530] {taskinstance.py:441} INFO - ::group::Post task execution logs
[2026-03-10T23:18:14.101+0530] {taskinstance.py:1206} INFO - Marking task as SUCCESS. dag_id=example_dynamic_task_mapping, task_id=add_one, run_id=scheduled__2022-06-20T00:00:00+00:00, map_index=1, execution_date=20220620T000000, start_date=20260310T174813, end_date=20260310T174814
[2026-03-10T23:18:14.137+0530] {local_task_job_runner.py:243} INFO - Task exited with return code 0
[2026-03-10T23:18:14.160+0530] {taskinstance.py:3503} INFO - 0 downstream tasks scheduled from follow-on schedule check
[2026-03-10T23:18:14.161+0530] {local_task_job_runner.py:222} INFO - ::endgroup::
