[2025-12-26T22:13:25.048+0530] {local_task_job_runner.py:120} INFO - ::group::Pre task execution logs
[2025-12-26T22:13:25.073+0530] {taskinstance.py:2076} INFO - Dependencies all met for dep_context=non-requeueable deps ti=<TaskInstance: example_dynamic_task_mapping.add_one scheduled__2022-03-17T00:00:00+00:00 map_index=1 [queued]>
[2025-12-26T22:13:25.079+0530] {taskinstance.py:2076} INFO - Dependencies all met for dep_context=requeueable deps ti=<TaskInstance: example_dynamic_task_mapping.add_one scheduled__2022-03-17T00:00:00+00:00 map_index=1 [queued]>
[2025-12-26T22:13:25.079+0530] {taskinstance.py:2306} INFO - Starting attempt 1 of 1
[2025-12-26T22:13:25.097+0530] {taskinstance.py:2330} INFO - Executing <Mapped(_PythonDecoratedOperator): add_one> on 2022-03-17 00:00:00+00:00
[2025-12-26T22:13:25.100+0530] {standard_task_runner.py:64} INFO - Started process 4620 to run task
[2025-12-26T22:13:25.105+0530] {standard_task_runner.py:90} INFO - Running: ['airflow', 'tasks', 'run', 'example_dynamic_task_mapping', 'add_one', 'scheduled__2022-03-17T00:00:00+00:00', '--job-id', '221', '--raw', '--subdir', '/home/sathya/projects/training-kit/.venv-airflow/lib/python3.10/site-packages/airflow/example_dags/example_dynamic_task_mapping.py', '--cfg-path', '/tmp/tmpjgyj4lhc', '--map-index', '1']
[2025-12-26T22:13:25.105+0530] {standard_task_runner.py:91} INFO - Job 221: Subtask add_one
[2025-12-26T22:13:25.153+0530] {task_command.py:426} INFO - Running <TaskInstance: example_dynamic_task_mapping.add_one scheduled__2022-03-17T00:00:00+00:00 map_index=1 [running]> on host LAPTOP-A1PMOBSE.localdomain
[2025-12-26T22:13:25.229+0530] {taskinstance.py:2648} INFO - Exporting env vars: AIRFLOW_CTX_DAG_OWNER='airflow' AIRFLOW_CTX_DAG_ID='example_dynamic_task_mapping' AIRFLOW_CTX_TASK_ID='add_one' AIRFLOW_CTX_EXECUTION_DATE='2022-03-17T00:00:00+00:00' AIRFLOW_CTX_TRY_NUMBER='1' AIRFLOW_CTX_DAG_RUN_ID='scheduled__2022-03-17T00:00:00+00:00'
[2025-12-26T22:13:25.230+0530] {taskinstance.py:430} INFO - ::endgroup::
[2025-12-26T22:13:25.231+0530] {python.py:237} INFO - Done. Returned value was: 3
[2025-12-26T22:13:25.231+0530] {taskinstance.py:441} INFO - ::group::Post task execution logs
[2025-12-26T22:13:25.250+0530] {taskinstance.py:1206} INFO - Marking task as SUCCESS. dag_id=example_dynamic_task_mapping, task_id=add_one, run_id=scheduled__2022-03-17T00:00:00+00:00, map_index=1, execution_date=20220317T000000, start_date=20251226T164325, end_date=20251226T164325
[2025-12-26T22:13:25.277+0530] {local_task_job_runner.py:243} INFO - Task exited with return code 0
[2025-12-26T22:13:25.296+0530] {taskinstance.py:3503} INFO - 0 downstream tasks scheduled from follow-on schedule check
[2025-12-26T22:13:25.297+0530] {local_task_job_runner.py:222} INFO - ::endgroup::
[2026-03-10T22:14:37.832+0530] {local_task_job_runner.py:120} INFO - ::group::Pre task execution logs
[2026-03-10T22:14:37.878+0530] {taskinstance.py:2076} INFO - Dependencies all met for dep_context=non-requeueable deps ti=<TaskInstance: example_dynamic_task_mapping.add_one scheduled__2022-03-17T00:00:00+00:00 map_index=1 [queued]>
[2026-03-10T22:14:37.892+0530] {taskinstance.py:2076} INFO - Dependencies all met for dep_context=requeueable deps ti=<TaskInstance: example_dynamic_task_mapping.add_one scheduled__2022-03-17T00:00:00+00:00 map_index=1 [queued]>
[2026-03-10T22:14:37.893+0530] {taskinstance.py:2306} INFO - Starting attempt 1 of 1
[2026-03-10T22:14:37.951+0530] {taskinstance.py:2330} INFO - Executing <Mapped(_PythonDecoratedOperator): add_one> on 2022-03-17 00:00:00+00:00
[2026-03-10T22:14:37.965+0530] {standard_task_runner.py:64} INFO - Started process 2421 to run task
[2026-03-10T22:14:37.973+0530] {standard_task_runner.py:90} INFO - Running: ['airflow', 'tasks', 'run', 'example_dynamic_task_mapping', 'add_one', 'scheduled__2022-03-17T00:00:00+00:00', '--job-id', '202', '--raw', '--subdir', '/home/sathya/projects/training-kit/.venv-airflow/lib/python3.10/site-packages/airflow/example_dags/example_dynamic_task_mapping.py', '--cfg-path', '/tmp/tmp9agzeu1p', '--map-index', '1']
[2026-03-10T22:14:37.977+0530] {standard_task_runner.py:91} INFO - Job 202: Subtask add_one
[2026-03-10T22:14:38.069+0530] {task_command.py:426} INFO - Running <TaskInstance: example_dynamic_task_mapping.add_one scheduled__2022-03-17T00:00:00+00:00 map_index=1 [running]> on host LAPTOP-A1PMOBSE.localdomain
[2026-03-10T22:14:38.159+0530] {taskinstance.py:2648} INFO - Exporting env vars: AIRFLOW_CTX_DAG_OWNER='airflow' AIRFLOW_CTX_DAG_ID='example_dynamic_task_mapping' AIRFLOW_CTX_TASK_ID='add_one' AIRFLOW_CTX_EXECUTION_DATE='2022-03-17T00:00:00+00:00' AIRFLOW_CTX_TRY_NUMBER='1' AIRFLOW_CTX_DAG_RUN_ID='scheduled__2022-03-17T00:00:00+00:00'
[2026-03-10T22:14:38.161+0530] {taskinstance.py:430} INFO - ::endgroup::
[2026-03-10T22:14:38.161+0530] {python.py:237} INFO - Done. Returned value was: 3
[2026-03-10T22:14:38.161+0530] {taskinstance.py:441} INFO - ::group::Post task execution logs
[2026-03-10T22:14:38.181+0530] {taskinstance.py:1206} INFO - Marking task as SUCCESS. dag_id=example_dynamic_task_mapping, task_id=add_one, run_id=scheduled__2022-03-17T00:00:00+00:00, map_index=1, execution_date=20220317T000000, start_date=20260310T164437, end_date=20260310T164438
[2026-03-10T22:14:38.238+0530] {local_task_job_runner.py:243} INFO - Task exited with return code 0
[2026-03-10T22:14:38.266+0530] {taskinstance.py:3503} INFO - 0 downstream tasks scheduled from follow-on schedule check
[2026-03-10T22:14:38.268+0530] {local_task_job_runner.py:222} INFO - ::endgroup::
