[2025-12-27T19:37:37.086+0530] {local_task_job_runner.py:120} INFO - ::group::Pre task execution logs
[2025-12-27T19:37:37.108+0530] {taskinstance.py:2076} INFO - Dependencies all met for dep_context=non-requeueable deps ti=<TaskInstance: example_dynamic_task_mapping.add_one scheduled__2022-12-17T00:00:00+00:00 map_index=1 [queued]>
[2025-12-27T19:37:37.116+0530] {taskinstance.py:2076} INFO - Dependencies all met for dep_context=requeueable deps ti=<TaskInstance: example_dynamic_task_mapping.add_one scheduled__2022-12-17T00:00:00+00:00 map_index=1 [queued]>
[2025-12-27T19:37:37.116+0530] {taskinstance.py:2306} INFO - Starting attempt 1 of 1
[2025-12-27T19:37:37.131+0530] {taskinstance.py:2330} INFO - Executing <Mapped(_PythonDecoratedOperator): add_one> on 2022-12-17 00:00:00+00:00
[2025-12-27T19:37:37.135+0530] {standard_task_runner.py:64} INFO - Started process 1519 to run task
[2025-12-27T19:37:37.140+0530] {standard_task_runner.py:90} INFO - Running: ['airflow', 'tasks', 'run', 'example_dynamic_task_mapping', 'add_one', 'scheduled__2022-12-17T00:00:00+00:00', '--job-id', '1830', '--raw', '--subdir', '/home/sathya/projects/training-kit/.venv-airflow/lib/python3.10/site-packages/airflow/example_dags/example_dynamic_task_mapping.py', '--cfg-path', '/tmp/tmpq47ynobl', '--map-index', '1']
[2025-12-27T19:37:37.140+0530] {standard_task_runner.py:91} INFO - Job 1830: Subtask add_one
[2025-12-27T19:37:37.181+0530] {task_command.py:426} INFO - Running <TaskInstance: example_dynamic_task_mapping.add_one scheduled__2022-12-17T00:00:00+00:00 map_index=1 [running]> on host LAPTOP-A1PMOBSE.localdomain
[2025-12-27T19:37:37.265+0530] {taskinstance.py:2648} INFO - Exporting env vars: AIRFLOW_CTX_DAG_OWNER='airflow' AIRFLOW_CTX_DAG_ID='example_dynamic_task_mapping' AIRFLOW_CTX_TASK_ID='add_one' AIRFLOW_CTX_EXECUTION_DATE='2022-12-17T00:00:00+00:00' AIRFLOW_CTX_TRY_NUMBER='1' AIRFLOW_CTX_DAG_RUN_ID='scheduled__2022-12-17T00:00:00+00:00'
[2025-12-27T19:37:37.266+0530] {taskinstance.py:430} INFO - ::endgroup::
[2025-12-27T19:37:37.267+0530] {python.py:237} INFO - Done. Returned value was: 3
[2025-12-27T19:37:37.267+0530] {taskinstance.py:441} INFO - ::group::Post task execution logs
[2025-12-27T19:37:37.283+0530] {taskinstance.py:1206} INFO - Marking task as SUCCESS. dag_id=example_dynamic_task_mapping, task_id=add_one, run_id=scheduled__2022-12-17T00:00:00+00:00, map_index=1, execution_date=20221217T000000, start_date=20251227T140737, end_date=20251227T140737
[2025-12-27T19:37:37.312+0530] {local_task_job_runner.py:243} INFO - Task exited with return code 0
[2025-12-27T19:37:37.334+0530] {taskinstance.py:3503} INFO - 0 downstream tasks scheduled from follow-on schedule check
[2025-12-27T19:37:37.334+0530] {local_task_job_runner.py:222} INFO - ::endgroup::
[2026-03-11T22:51:32.262+0530] {local_task_job_runner.py:120} INFO - ::group::Pre task execution logs
[2026-03-11T22:51:32.279+0530] {taskinstance.py:2076} INFO - Dependencies all met for dep_context=non-requeueable deps ti=<TaskInstance: example_dynamic_task_mapping.add_one scheduled__2022-12-17T00:00:00+00:00 map_index=1 [queued]>
[2026-03-11T22:51:32.283+0530] {taskinstance.py:2076} INFO - Dependencies all met for dep_context=requeueable deps ti=<TaskInstance: example_dynamic_task_mapping.add_one scheduled__2022-12-17T00:00:00+00:00 map_index=1 [queued]>
[2026-03-11T22:51:32.283+0530] {taskinstance.py:2306} INFO - Starting attempt 1 of 1
[2026-03-11T22:51:32.297+0530] {taskinstance.py:2330} INFO - Executing <Mapped(_PythonDecoratedOperator): add_one> on 2022-12-17 00:00:00+00:00
[2026-03-11T22:51:32.301+0530] {standard_task_runner.py:64} INFO - Started process 11173 to run task
[2026-03-11T22:51:32.304+0530] {standard_task_runner.py:90} INFO - Running: ['airflow', 'tasks', 'run', 'example_dynamic_task_mapping', 'add_one', 'scheduled__2022-12-17T00:00:00+00:00', '--job-id', '2133', '--raw', '--subdir', '/home/sathya/projects/training-kit/.venv-airflow/lib/python3.10/site-packages/airflow/example_dags/example_dynamic_task_mapping.py', '--cfg-path', '/tmp/tmp9lnghguy', '--map-index', '1']
[2026-03-11T22:51:32.305+0530] {standard_task_runner.py:91} INFO - Job 2133: Subtask add_one
[2026-03-11T22:51:32.336+0530] {task_command.py:426} INFO - Running <TaskInstance: example_dynamic_task_mapping.add_one scheduled__2022-12-17T00:00:00+00:00 map_index=1 [running]> on host LAPTOP-A1PMOBSE.localdomain
[2026-03-11T22:51:32.396+0530] {taskinstance.py:2648} INFO - Exporting env vars: AIRFLOW_CTX_DAG_OWNER='airflow' AIRFLOW_CTX_DAG_ID='example_dynamic_task_mapping' AIRFLOW_CTX_TASK_ID='add_one' AIRFLOW_CTX_EXECUTION_DATE='2022-12-17T00:00:00+00:00' AIRFLOW_CTX_TRY_NUMBER='1' AIRFLOW_CTX_DAG_RUN_ID='scheduled__2022-12-17T00:00:00+00:00'
[2026-03-11T22:51:32.397+0530] {taskinstance.py:430} INFO - ::endgroup::
[2026-03-11T22:51:32.397+0530] {python.py:237} INFO - Done. Returned value was: 3
[2026-03-11T22:51:32.397+0530] {taskinstance.py:441} INFO - ::group::Post task execution logs
[2026-03-11T22:51:32.413+0530] {taskinstance.py:1206} INFO - Marking task as SUCCESS. dag_id=example_dynamic_task_mapping, task_id=add_one, run_id=scheduled__2022-12-17T00:00:00+00:00, map_index=1, execution_date=20221217T000000, start_date=20260311T172132, end_date=20260311T172132
[2026-03-11T22:51:32.445+0530] {local_task_job_runner.py:243} INFO - Task exited with return code 0
[2026-03-11T22:51:32.464+0530] {taskinstance.py:3503} INFO - 0 downstream tasks scheduled from follow-on schedule check
[2026-03-11T22:51:32.464+0530] {local_task_job_runner.py:222} INFO - ::endgroup::
