[2025-12-26T22:21:56.775+0530] {local_task_job_runner.py:120} INFO - ::group::Pre task execution logs
[2025-12-26T22:21:56.790+0530] {taskinstance.py:2076} INFO - Dependencies all met for dep_context=non-requeueable deps ti=<TaskInstance: example_dynamic_task_mapping.add_one scheduled__2022-05-19T00:00:00+00:00 map_index=0 [queued]>
[2025-12-26T22:21:56.793+0530] {taskinstance.py:2076} INFO - Dependencies all met for dep_context=requeueable deps ti=<TaskInstance: example_dynamic_task_mapping.add_one scheduled__2022-05-19T00:00:00+00:00 map_index=0 [queued]>
[2025-12-26T22:21:56.794+0530] {taskinstance.py:2306} INFO - Starting attempt 1 of 1
[2025-12-26T22:21:56.806+0530] {taskinstance.py:2330} INFO - Executing <Mapped(_PythonDecoratedOperator): add_one> on 2022-05-19 00:00:00+00:00
[2025-12-26T22:21:56.808+0530] {standard_task_runner.py:64} INFO - Started process 6088 to run task
[2025-12-26T22:21:56.812+0530] {standard_task_runner.py:90} INFO - Running: ['airflow', 'tasks', 'run', 'example_dynamic_task_mapping', 'add_one', 'scheduled__2022-05-19T00:00:00+00:00', '--job-id', '516', '--raw', '--subdir', '/home/sathya/projects/training-kit/.venv-airflow/lib/python3.10/site-packages/airflow/example_dags/example_dynamic_task_mapping.py', '--cfg-path', '/tmp/tmpyyfir8r8', '--map-index', '0']
[2025-12-26T22:21:56.812+0530] {standard_task_runner.py:91} INFO - Job 516: Subtask add_one
[2025-12-26T22:21:56.842+0530] {task_command.py:426} INFO - Running <TaskInstance: example_dynamic_task_mapping.add_one scheduled__2022-05-19T00:00:00+00:00 map_index=0 [running]> on host LAPTOP-A1PMOBSE.localdomain
[2025-12-26T22:21:56.898+0530] {taskinstance.py:2648} INFO - Exporting env vars: AIRFLOW_CTX_DAG_OWNER='airflow' AIRFLOW_CTX_DAG_ID='example_dynamic_task_mapping' AIRFLOW_CTX_TASK_ID='add_one' AIRFLOW_CTX_EXECUTION_DATE='2022-05-19T00:00:00+00:00' AIRFLOW_CTX_TRY_NUMBER='1' AIRFLOW_CTX_DAG_RUN_ID='scheduled__2022-05-19T00:00:00+00:00'
[2025-12-26T22:21:56.899+0530] {taskinstance.py:430} INFO - ::endgroup::
[2025-12-26T22:21:56.899+0530] {python.py:237} INFO - Done. Returned value was: 2
[2025-12-26T22:21:56.899+0530] {taskinstance.py:441} INFO - ::group::Post task execution logs
[2025-12-26T22:21:56.911+0530] {taskinstance.py:1206} INFO - Marking task as SUCCESS. dag_id=example_dynamic_task_mapping, task_id=add_one, run_id=scheduled__2022-05-19T00:00:00+00:00, map_index=0, execution_date=20220519T000000, start_date=20251226T165156, end_date=20251226T165156
[2025-12-26T22:21:56.944+0530] {local_task_job_runner.py:243} INFO - Task exited with return code 0
[2025-12-26T22:21:56.964+0530] {taskinstance.py:3503} INFO - 0 downstream tasks scheduled from follow-on schedule check
[2025-12-26T22:21:56.965+0530] {local_task_job_runner.py:222} INFO - ::endgroup::
[2026-03-10T23:11:42.688+0530] {local_task_job_runner.py:120} INFO - ::group::Pre task execution logs
[2026-03-10T23:11:42.715+0530] {taskinstance.py:2076} INFO - Dependencies all met for dep_context=non-requeueable deps ti=<TaskInstance: example_dynamic_task_mapping.add_one scheduled__2022-05-19T00:00:00+00:00 map_index=0 [queued]>
[2026-03-10T23:11:42.721+0530] {taskinstance.py:2076} INFO - Dependencies all met for dep_context=requeueable deps ti=<TaskInstance: example_dynamic_task_mapping.add_one scheduled__2022-05-19T00:00:00+00:00 map_index=0 [queued]>
[2026-03-10T23:11:42.721+0530] {taskinstance.py:2306} INFO - Starting attempt 1 of 1
[2026-03-10T23:11:42.743+0530] {taskinstance.py:2330} INFO - Executing <Mapped(_PythonDecoratedOperator): add_one> on 2022-05-19 00:00:00+00:00
[2026-03-10T23:11:42.750+0530] {standard_task_runner.py:64} INFO - Started process 7569 to run task
[2026-03-10T23:11:42.754+0530] {standard_task_runner.py:90} INFO - Running: ['airflow', 'tasks', 'run', 'example_dynamic_task_mapping', 'add_one', 'scheduled__2022-05-19T00:00:00+00:00', '--job-id', '652', '--raw', '--subdir', '/home/sathya/projects/training-kit/.venv-airflow/lib/python3.10/site-packages/airflow/example_dags/example_dynamic_task_mapping.py', '--cfg-path', '/tmp/tmpl5m1tulr', '--map-index', '0']
[2026-03-10T23:11:42.755+0530] {standard_task_runner.py:91} INFO - Job 652: Subtask add_one
[2026-03-10T23:11:42.809+0530] {task_command.py:426} INFO - Running <TaskInstance: example_dynamic_task_mapping.add_one scheduled__2022-05-19T00:00:00+00:00 map_index=0 [running]> on host LAPTOP-A1PMOBSE.localdomain
[2026-03-10T23:11:42.907+0530] {taskinstance.py:2648} INFO - Exporting env vars: AIRFLOW_CTX_DAG_OWNER='airflow' AIRFLOW_CTX_DAG_ID='example_dynamic_task_mapping' AIRFLOW_CTX_TASK_ID='add_one' AIRFLOW_CTX_EXECUTION_DATE='2022-05-19T00:00:00+00:00' AIRFLOW_CTX_TRY_NUMBER='1' AIRFLOW_CTX_DAG_RUN_ID='scheduled__2022-05-19T00:00:00+00:00'
[2026-03-10T23:11:42.910+0530] {taskinstance.py:430} INFO - ::endgroup::
[2026-03-10T23:11:42.910+0530] {python.py:237} INFO - Done. Returned value was: 2
[2026-03-10T23:11:42.910+0530] {taskinstance.py:441} INFO - ::group::Post task execution logs
[2026-03-10T23:11:42.932+0530] {taskinstance.py:1206} INFO - Marking task as SUCCESS. dag_id=example_dynamic_task_mapping, task_id=add_one, run_id=scheduled__2022-05-19T00:00:00+00:00, map_index=0, execution_date=20220519T000000, start_date=20260310T174142, end_date=20260310T174142
[2026-03-10T23:11:42.980+0530] {local_task_job_runner.py:243} INFO - Task exited with return code 0
[2026-03-10T23:11:43.002+0530] {taskinstance.py:3503} INFO - 0 downstream tasks scheduled from follow-on schedule check
[2026-03-10T23:11:43.003+0530] {local_task_job_runner.py:222} INFO - ::endgroup::
