[2025-12-26T22:17:27.978+0530] {local_task_job_runner.py:120} INFO - ::group::Pre task execution logs
[2025-12-26T22:17:27.995+0530] {taskinstance.py:2076} INFO - Dependencies all met for dep_context=non-requeueable deps ti=<TaskInstance: example_dynamic_task_mapping.add_one scheduled__2022-04-19T00:00:00+00:00 map_index=1 [queued]>
[2025-12-26T22:17:27.999+0530] {taskinstance.py:2076} INFO - Dependencies all met for dep_context=requeueable deps ti=<TaskInstance: example_dynamic_task_mapping.add_one scheduled__2022-04-19T00:00:00+00:00 map_index=1 [queued]>
[2025-12-26T22:17:27.999+0530] {taskinstance.py:2306} INFO - Starting attempt 1 of 1
[2025-12-26T22:17:28.014+0530] {taskinstance.py:2330} INFO - Executing <Mapped(_PythonDecoratedOperator): add_one> on 2022-04-19 00:00:00+00:00
[2025-12-26T22:17:28.018+0530] {standard_task_runner.py:64} INFO - Started process 5377 to run task
[2025-12-26T22:17:28.025+0530] {standard_task_runner.py:90} INFO - Running: ['airflow', 'tasks', 'run', 'example_dynamic_task_mapping', 'add_one', 'scheduled__2022-04-19T00:00:00+00:00', '--job-id', '373', '--raw', '--subdir', '/home/sathya/projects/training-kit/.venv-airflow/lib/python3.10/site-packages/airflow/example_dags/example_dynamic_task_mapping.py', '--cfg-path', '/tmp/tmpb2nr2c90', '--map-index', '1']
[2025-12-26T22:17:28.026+0530] {standard_task_runner.py:91} INFO - Job 373: Subtask add_one
[2025-12-26T22:17:28.077+0530] {task_command.py:426} INFO - Running <TaskInstance: example_dynamic_task_mapping.add_one scheduled__2022-04-19T00:00:00+00:00 map_index=1 [running]> on host LAPTOP-A1PMOBSE.localdomain
[2025-12-26T22:17:28.144+0530] {taskinstance.py:2648} INFO - Exporting env vars: AIRFLOW_CTX_DAG_OWNER='airflow' AIRFLOW_CTX_DAG_ID='example_dynamic_task_mapping' AIRFLOW_CTX_TASK_ID='add_one' AIRFLOW_CTX_EXECUTION_DATE='2022-04-19T00:00:00+00:00' AIRFLOW_CTX_TRY_NUMBER='1' AIRFLOW_CTX_DAG_RUN_ID='scheduled__2022-04-19T00:00:00+00:00'
[2025-12-26T22:17:28.145+0530] {taskinstance.py:430} INFO - ::endgroup::
[2025-12-26T22:17:28.145+0530] {python.py:237} INFO - Done. Returned value was: 3
[2025-12-26T22:17:28.145+0530] {taskinstance.py:441} INFO - ::group::Post task execution logs
[2025-12-26T22:17:28.159+0530] {taskinstance.py:1206} INFO - Marking task as SUCCESS. dag_id=example_dynamic_task_mapping, task_id=add_one, run_id=scheduled__2022-04-19T00:00:00+00:00, map_index=1, execution_date=20220419T000000, start_date=20251226T164727, end_date=20251226T164728
[2025-12-26T22:17:28.198+0530] {local_task_job_runner.py:243} INFO - Task exited with return code 0
[2025-12-26T22:17:28.219+0530] {taskinstance.py:3503} INFO - 0 downstream tasks scheduled from follow-on schedule check
[2025-12-26T22:17:28.219+0530] {local_task_job_runner.py:222} INFO - ::endgroup::
[2026-03-10T23:05:44.239+0530] {local_task_job_runner.py:120} INFO - ::group::Pre task execution logs
[2026-03-10T23:05:44.269+0530] {taskinstance.py:2076} INFO - Dependencies all met for dep_context=non-requeueable deps ti=<TaskInstance: example_dynamic_task_mapping.add_one scheduled__2022-04-19T00:00:00+00:00 map_index=1 [queued]>
[2026-03-10T23:05:44.279+0530] {taskinstance.py:2076} INFO - Dependencies all met for dep_context=requeueable deps ti=<TaskInstance: example_dynamic_task_mapping.add_one scheduled__2022-04-19T00:00:00+00:00 map_index=1 [queued]>
[2026-03-10T23:05:44.280+0530] {taskinstance.py:2306} INFO - Starting attempt 1 of 1
[2026-03-10T23:05:44.301+0530] {taskinstance.py:2330} INFO - Executing <Mapped(_PythonDecoratedOperator): add_one> on 2022-04-19 00:00:00+00:00
[2026-03-10T23:05:44.307+0530] {standard_task_runner.py:64} INFO - Started process 6049 to run task
[2026-03-10T23:05:44.314+0530] {standard_task_runner.py:90} INFO - Running: ['airflow', 'tasks', 'run', 'example_dynamic_task_mapping', 'add_one', 'scheduled__2022-04-19T00:00:00+00:00', '--job-id', '503', '--raw', '--subdir', '/home/sathya/projects/training-kit/.venv-airflow/lib/python3.10/site-packages/airflow/example_dags/example_dynamic_task_mapping.py', '--cfg-path', '/tmp/tmp0dwuabju', '--map-index', '1']
[2026-03-10T23:05:44.316+0530] {standard_task_runner.py:91} INFO - Job 503: Subtask add_one
[2026-03-10T23:05:44.378+0530] {task_command.py:426} INFO - Running <TaskInstance: example_dynamic_task_mapping.add_one scheduled__2022-04-19T00:00:00+00:00 map_index=1 [running]> on host LAPTOP-A1PMOBSE.localdomain
[2026-03-10T23:05:44.492+0530] {taskinstance.py:2648} INFO - Exporting env vars: AIRFLOW_CTX_DAG_OWNER='airflow' AIRFLOW_CTX_DAG_ID='example_dynamic_task_mapping' AIRFLOW_CTX_TASK_ID='add_one' AIRFLOW_CTX_EXECUTION_DATE='2022-04-19T00:00:00+00:00' AIRFLOW_CTX_TRY_NUMBER='1' AIRFLOW_CTX_DAG_RUN_ID='scheduled__2022-04-19T00:00:00+00:00'
[2026-03-10T23:05:44.493+0530] {taskinstance.py:430} INFO - ::endgroup::
[2026-03-10T23:05:44.494+0530] {python.py:237} INFO - Done. Returned value was: 3
[2026-03-10T23:05:44.494+0530] {taskinstance.py:441} INFO - ::group::Post task execution logs
[2026-03-10T23:05:44.516+0530] {taskinstance.py:1206} INFO - Marking task as SUCCESS. dag_id=example_dynamic_task_mapping, task_id=add_one, run_id=scheduled__2022-04-19T00:00:00+00:00, map_index=1, execution_date=20220419T000000, start_date=20260310T173544, end_date=20260310T173544
[2026-03-10T23:05:44.542+0530] {local_task_job_runner.py:243} INFO - Task exited with return code 0
[2026-03-10T23:05:44.562+0530] {taskinstance.py:3503} INFO - 0 downstream tasks scheduled from follow-on schedule check
[2026-03-10T23:05:44.563+0530] {local_task_job_runner.py:222} INFO - ::endgroup::
