[2025-12-27T19:36:02.152+0530] {local_task_job_runner.py:120} INFO - ::group::Pre task execution logs
[2025-12-27T19:36:02.180+0530] {taskinstance.py:2076} INFO - Dependencies all met for dep_context=non-requeueable deps ti=<TaskInstance: example_dynamic_task_mapping.add_one scheduled__2022-12-15T00:00:00+00:00 map_index=1 [queued]>
[2025-12-27T19:36:02.186+0530] {taskinstance.py:2076} INFO - Dependencies all met for dep_context=requeueable deps ti=<TaskInstance: example_dynamic_task_mapping.add_one scheduled__2022-12-15T00:00:00+00:00 map_index=1 [queued]>
[2025-12-27T19:36:02.186+0530] {taskinstance.py:2306} INFO - Starting attempt 1 of 1
[2025-12-27T19:36:02.204+0530] {taskinstance.py:2330} INFO - Executing <Mapped(_PythonDecoratedOperator): add_one> on 2022-12-15 00:00:00+00:00
[2025-12-27T19:36:02.207+0530] {standard_task_runner.py:64} INFO - Started process 1473 to run task
[2025-12-27T19:36:02.211+0530] {standard_task_runner.py:90} INFO - Running: ['airflow', 'tasks', 'run', 'example_dynamic_task_mapping', 'add_one', 'scheduled__2022-12-15T00:00:00+00:00', '--job-id', '1813', '--raw', '--subdir', '/home/sathya/projects/training-kit/.venv-airflow/lib/python3.10/site-packages/airflow/example_dags/example_dynamic_task_mapping.py', '--cfg-path', '/tmp/tmpa62bz6x6', '--map-index', '1']
[2025-12-27T19:36:02.212+0530] {standard_task_runner.py:91} INFO - Job 1813: Subtask add_one
[2025-12-27T19:36:02.264+0530] {task_command.py:426} INFO - Running <TaskInstance: example_dynamic_task_mapping.add_one scheduled__2022-12-15T00:00:00+00:00 map_index=1 [running]> on host LAPTOP-A1PMOBSE.localdomain
[2025-12-27T19:36:02.348+0530] {taskinstance.py:2648} INFO - Exporting env vars: AIRFLOW_CTX_DAG_OWNER='airflow' AIRFLOW_CTX_DAG_ID='example_dynamic_task_mapping' AIRFLOW_CTX_TASK_ID='add_one' AIRFLOW_CTX_EXECUTION_DATE='2022-12-15T00:00:00+00:00' AIRFLOW_CTX_TRY_NUMBER='1' AIRFLOW_CTX_DAG_RUN_ID='scheduled__2022-12-15T00:00:00+00:00'
[2025-12-27T19:36:02.349+0530] {taskinstance.py:430} INFO - ::endgroup::
[2025-12-27T19:36:02.350+0530] {python.py:237} INFO - Done. Returned value was: 3
[2025-12-27T19:36:02.350+0530] {taskinstance.py:441} INFO - ::group::Post task execution logs
[2025-12-27T19:36:02.370+0530] {taskinstance.py:1206} INFO - Marking task as SUCCESS. dag_id=example_dynamic_task_mapping, task_id=add_one, run_id=scheduled__2022-12-15T00:00:00+00:00, map_index=1, execution_date=20221215T000000, start_date=20251227T140602, end_date=20251227T140602
[2025-12-27T19:36:02.425+0530] {local_task_job_runner.py:243} INFO - Task exited with return code 0
[2025-12-27T19:36:02.454+0530] {taskinstance.py:3503} INFO - 0 downstream tasks scheduled from follow-on schedule check
[2025-12-27T19:36:02.455+0530] {local_task_job_runner.py:222} INFO - ::endgroup::
[2026-03-11T22:50:35.880+0530] {local_task_job_runner.py:120} INFO - ::group::Pre task execution logs
[2026-03-11T22:50:35.896+0530] {taskinstance.py:2076} INFO - Dependencies all met for dep_context=non-requeueable deps ti=<TaskInstance: example_dynamic_task_mapping.add_one scheduled__2022-12-15T00:00:00+00:00 map_index=1 [queued]>
[2026-03-11T22:50:35.905+0530] {taskinstance.py:2076} INFO - Dependencies all met for dep_context=requeueable deps ti=<TaskInstance: example_dynamic_task_mapping.add_one scheduled__2022-12-15T00:00:00+00:00 map_index=1 [queued]>
[2026-03-11T22:50:35.905+0530] {taskinstance.py:2306} INFO - Starting attempt 1 of 1
[2026-03-11T22:50:35.923+0530] {taskinstance.py:2330} INFO - Executing <Mapped(_PythonDecoratedOperator): add_one> on 2022-12-15 00:00:00+00:00
[2026-03-11T22:50:35.927+0530] {standard_task_runner.py:64} INFO - Started process 11035 to run task
[2026-03-11T22:50:35.931+0530] {standard_task_runner.py:90} INFO - Running: ['airflow', 'tasks', 'run', 'example_dynamic_task_mapping', 'add_one', 'scheduled__2022-12-15T00:00:00+00:00', '--job-id', '2119', '--raw', '--subdir', '/home/sathya/projects/training-kit/.venv-airflow/lib/python3.10/site-packages/airflow/example_dags/example_dynamic_task_mapping.py', '--cfg-path', '/tmp/tmpp48xrhlg', '--map-index', '1']
[2026-03-11T22:50:35.932+0530] {standard_task_runner.py:91} INFO - Job 2119: Subtask add_one
[2026-03-11T22:50:35.968+0530] {task_command.py:426} INFO - Running <TaskInstance: example_dynamic_task_mapping.add_one scheduled__2022-12-15T00:00:00+00:00 map_index=1 [running]> on host LAPTOP-A1PMOBSE.localdomain
[2026-03-11T22:50:36.040+0530] {taskinstance.py:2648} INFO - Exporting env vars: AIRFLOW_CTX_DAG_OWNER='airflow' AIRFLOW_CTX_DAG_ID='example_dynamic_task_mapping' AIRFLOW_CTX_TASK_ID='add_one' AIRFLOW_CTX_EXECUTION_DATE='2022-12-15T00:00:00+00:00' AIRFLOW_CTX_TRY_NUMBER='1' AIRFLOW_CTX_DAG_RUN_ID='scheduled__2022-12-15T00:00:00+00:00'
[2026-03-11T22:50:36.041+0530] {taskinstance.py:430} INFO - ::endgroup::
[2026-03-11T22:50:36.041+0530] {python.py:237} INFO - Done. Returned value was: 3
[2026-03-11T22:50:36.042+0530] {taskinstance.py:441} INFO - ::group::Post task execution logs
[2026-03-11T22:50:36.059+0530] {taskinstance.py:1206} INFO - Marking task as SUCCESS. dag_id=example_dynamic_task_mapping, task_id=add_one, run_id=scheduled__2022-12-15T00:00:00+00:00, map_index=1, execution_date=20221215T000000, start_date=20260311T172035, end_date=20260311T172036
[2026-03-11T22:50:36.116+0530] {local_task_job_runner.py:243} INFO - Task exited with return code 0
[2026-03-11T22:50:36.131+0530] {taskinstance.py:3503} INFO - 0 downstream tasks scheduled from follow-on schedule check
[2026-03-11T22:50:36.132+0530] {local_task_job_runner.py:222} INFO - ::endgroup::
