[2025-12-26T22:37:17.049+0530] {local_task_job_runner.py:120} INFO - ::group::Pre task execution logs
[2025-12-26T22:37:17.070+0530] {taskinstance.py:2076} INFO - Dependencies all met for dep_context=non-requeueable deps ti=<TaskInstance: example_dynamic_task_mapping.sum_it scheduled__2022-07-14T00:00:00+00:00 [queued]>
[2025-12-26T22:37:17.075+0530] {taskinstance.py:2076} INFO - Dependencies all met for dep_context=requeueable deps ti=<TaskInstance: example_dynamic_task_mapping.sum_it scheduled__2022-07-14T00:00:00+00:00 [queued]>
[2025-12-26T22:37:17.075+0530] {taskinstance.py:2306} INFO - Starting attempt 1 of 1
[2025-12-26T22:37:17.097+0530] {taskinstance.py:2330} INFO - Executing <Task(_PythonDecoratedOperator): sum_it> on 2022-07-14 00:00:00+00:00
[2025-12-26T22:37:17.103+0530] {standard_task_runner.py:64} INFO - Started process 7965 to run task
[2025-12-26T22:37:17.106+0530] {standard_task_runner.py:90} INFO - Running: ['airflow', 'tasks', 'run', 'example_dynamic_task_mapping', 'sum_it', 'scheduled__2022-07-14T00:00:00+00:00', '--job-id', '824', '--raw', '--subdir', '/home/sathya/projects/training-kit/.venv-airflow/lib/python3.10/site-packages/airflow/example_dags/example_dynamic_task_mapping.py', '--cfg-path', '/tmp/tmpyw5sylgt']
[2025-12-26T22:37:17.106+0530] {standard_task_runner.py:91} INFO - Job 824: Subtask sum_it
[2025-12-26T22:37:17.144+0530] {task_command.py:426} INFO - Running <TaskInstance: example_dynamic_task_mapping.sum_it scheduled__2022-07-14T00:00:00+00:00 [running]> on host LAPTOP-A1PMOBSE.localdomain
[2025-12-26T22:37:17.218+0530] {taskinstance.py:2648} INFO - Exporting env vars: AIRFLOW_CTX_DAG_OWNER='airflow' AIRFLOW_CTX_DAG_ID='example_dynamic_task_mapping' AIRFLOW_CTX_TASK_ID='sum_it' AIRFLOW_CTX_EXECUTION_DATE='2022-07-14T00:00:00+00:00' AIRFLOW_CTX_TRY_NUMBER='1' AIRFLOW_CTX_DAG_RUN_ID='scheduled__2022-07-14T00:00:00+00:00'
[2025-12-26T22:37:17.219+0530] {taskinstance.py:430} INFO - ::endgroup::
[2025-12-26T22:37:17.221+0530] {logging_mixin.py:188} INFO - Total was 9
[2025-12-26T22:37:17.222+0530] {python.py:237} INFO - Done. Returned value was: None
[2025-12-26T22:37:17.222+0530] {taskinstance.py:441} INFO - ::group::Post task execution logs
[2025-12-26T22:37:17.225+0530] {taskinstance.py:1206} INFO - Marking task as SUCCESS. dag_id=example_dynamic_task_mapping, task_id=sum_it, run_id=scheduled__2022-07-14T00:00:00+00:00, execution_date=20220714T000000, start_date=20251226T170717, end_date=20251226T170717
[2025-12-26T22:37:17.250+0530] {local_task_job_runner.py:243} INFO - Task exited with return code 0
[2025-12-26T22:37:17.259+0530] {taskinstance.py:3503} INFO - 0 downstream tasks scheduled from follow-on schedule check
[2025-12-26T22:37:17.259+0530] {local_task_job_runner.py:222} INFO - ::endgroup::
[2026-03-10T23:23:11.494+0530] {local_task_job_runner.py:120} INFO - ::group::Pre task execution logs
[2026-03-10T23:23:11.557+0530] {taskinstance.py:2076} INFO - Dependencies all met for dep_context=non-requeueable deps ti=<TaskInstance: example_dynamic_task_mapping.sum_it scheduled__2022-07-14T00:00:00+00:00 [queued]>
[2026-03-10T23:23:11.590+0530] {taskinstance.py:2076} INFO - Dependencies all met for dep_context=requeueable deps ti=<TaskInstance: example_dynamic_task_mapping.sum_it scheduled__2022-07-14T00:00:00+00:00 [queued]>
[2026-03-10T23:23:11.591+0530] {taskinstance.py:2306} INFO - Starting attempt 1 of 1
[2026-03-10T23:23:11.639+0530] {taskinstance.py:2330} INFO - Executing <Task(_PythonDecoratedOperator): sum_it> on 2022-07-14 00:00:00+00:00
[2026-03-10T23:23:11.652+0530] {standard_task_runner.py:64} INFO - Started process 10665 to run task
[2026-03-10T23:23:11.660+0530] {standard_task_runner.py:90} INFO - Running: ['airflow', 'tasks', 'run', 'example_dynamic_task_mapping', 'sum_it', 'scheduled__2022-07-14T00:00:00+00:00', '--job-id', '955', '--raw', '--subdir', '/home/sathya/projects/training-kit/.venv-airflow/lib/python3.10/site-packages/airflow/example_dags/example_dynamic_task_mapping.py', '--cfg-path', '/tmp/tmp4gb4y9un']
[2026-03-10T23:23:11.663+0530] {standard_task_runner.py:91} INFO - Job 955: Subtask sum_it
[2026-03-10T23:23:11.779+0530] {task_command.py:426} INFO - Running <TaskInstance: example_dynamic_task_mapping.sum_it scheduled__2022-07-14T00:00:00+00:00 [running]> on host LAPTOP-A1PMOBSE.localdomain
[2026-03-10T23:23:11.945+0530] {taskinstance.py:2648} INFO - Exporting env vars: AIRFLOW_CTX_DAG_OWNER='airflow' AIRFLOW_CTX_DAG_ID='example_dynamic_task_mapping' AIRFLOW_CTX_TASK_ID='sum_it' AIRFLOW_CTX_EXECUTION_DATE='2022-07-14T00:00:00+00:00' AIRFLOW_CTX_TRY_NUMBER='1' AIRFLOW_CTX_DAG_RUN_ID='scheduled__2022-07-14T00:00:00+00:00'
[2026-03-10T23:23:11.948+0530] {taskinstance.py:430} INFO - ::endgroup::
[2026-03-10T23:23:11.953+0530] {logging_mixin.py:188} INFO - Total was 9
[2026-03-10T23:23:11.954+0530] {python.py:237} INFO - Done. Returned value was: None
[2026-03-10T23:23:11.954+0530] {taskinstance.py:441} INFO - ::group::Post task execution logs
[2026-03-10T23:23:11.961+0530] {taskinstance.py:1206} INFO - Marking task as SUCCESS. dag_id=example_dynamic_task_mapping, task_id=sum_it, run_id=scheduled__2022-07-14T00:00:00+00:00, execution_date=20220714T000000, start_date=20260310T175311, end_date=20260310T175311
[2026-03-10T23:23:12.015+0530] {local_task_job_runner.py:243} INFO - Task exited with return code 0
[2026-03-10T23:23:12.040+0530] {taskinstance.py:3503} INFO - 0 downstream tasks scheduled from follow-on schedule check
[2026-03-10T23:23:12.041+0530] {local_task_job_runner.py:222} INFO - ::endgroup::
