[2025-12-26T22:59:38.781+0530] {local_task_job_runner.py:120} INFO - ::group::Pre task execution logs
[2025-12-26T22:59:38.803+0530] {taskinstance.py:2076} INFO - Dependencies all met for dep_context=non-requeueable deps ti=<TaskInstance: example_dynamic_task_mapping.add_one scheduled__2022-10-12T00:00:00+00:00 map_index=2 [queued]>
[2025-12-26T22:59:38.808+0530] {taskinstance.py:2076} INFO - Dependencies all met for dep_context=requeueable deps ti=<TaskInstance: example_dynamic_task_mapping.add_one scheduled__2022-10-12T00:00:00+00:00 map_index=2 [queued]>
[2025-12-26T22:59:38.808+0530] {taskinstance.py:2306} INFO - Starting attempt 1 of 1
[2025-12-26T22:59:38.823+0530] {taskinstance.py:2330} INFO - Executing <Mapped(_PythonDecoratedOperator): add_one> on 2022-10-12 00:00:00+00:00
[2025-12-26T22:59:38.826+0530] {standard_task_runner.py:64} INFO - Started process 10631 to run task
[2025-12-26T22:59:38.830+0530] {standard_task_runner.py:90} INFO - Running: ['airflow', 'tasks', 'run', 'example_dynamic_task_mapping', 'add_one', 'scheduled__2022-10-12T00:00:00+00:00', '--job-id', '1292', '--raw', '--subdir', '/home/sathya/projects/training-kit/.venv-airflow/lib/python3.10/site-packages/airflow/example_dags/example_dynamic_task_mapping.py', '--cfg-path', '/tmp/tmpbj0ibhfe', '--map-index', '2']
[2025-12-26T22:59:38.831+0530] {standard_task_runner.py:91} INFO - Job 1292: Subtask add_one
[2025-12-26T22:59:38.868+0530] {task_command.py:426} INFO - Running <TaskInstance: example_dynamic_task_mapping.add_one scheduled__2022-10-12T00:00:00+00:00 map_index=2 [running]> on host LAPTOP-A1PMOBSE.localdomain
[2025-12-26T22:59:38.936+0530] {taskinstance.py:2648} INFO - Exporting env vars: AIRFLOW_CTX_DAG_OWNER='airflow' AIRFLOW_CTX_DAG_ID='example_dynamic_task_mapping' AIRFLOW_CTX_TASK_ID='add_one' AIRFLOW_CTX_EXECUTION_DATE='2022-10-12T00:00:00+00:00' AIRFLOW_CTX_TRY_NUMBER='1' AIRFLOW_CTX_DAG_RUN_ID='scheduled__2022-10-12T00:00:00+00:00'
[2025-12-26T22:59:38.937+0530] {taskinstance.py:430} INFO - ::endgroup::
[2025-12-26T22:59:38.937+0530] {python.py:237} INFO - Done. Returned value was: 4
[2025-12-26T22:59:38.938+0530] {taskinstance.py:441} INFO - ::group::Post task execution logs
[2025-12-26T22:59:38.959+0530] {taskinstance.py:1206} INFO - Marking task as SUCCESS. dag_id=example_dynamic_task_mapping, task_id=add_one, run_id=scheduled__2022-10-12T00:00:00+00:00, map_index=2, execution_date=20221012T000000, start_date=20251226T172938, end_date=20251226T172938
[2025-12-26T22:59:39.010+0530] {local_task_job_runner.py:243} INFO - Task exited with return code 0
[2025-12-26T22:59:39.028+0530] {taskinstance.py:3503} INFO - 1 downstream tasks scheduled from follow-on schedule check
[2025-12-26T22:59:39.037+0530] {local_task_job_runner.py:222} INFO - ::endgroup::
[2026-03-11T22:15:42.027+0530] {local_task_job_runner.py:120} INFO - ::group::Pre task execution logs
[2026-03-11T22:15:42.054+0530] {taskinstance.py:2076} INFO - Dependencies all met for dep_context=non-requeueable deps ti=<TaskInstance: example_dynamic_task_mapping.add_one scheduled__2022-10-12T00:00:00+00:00 map_index=2 [queued]>
[2026-03-11T22:15:42.060+0530] {taskinstance.py:2076} INFO - Dependencies all met for dep_context=requeueable deps ti=<TaskInstance: example_dynamic_task_mapping.add_one scheduled__2022-10-12T00:00:00+00:00 map_index=2 [queued]>
[2026-03-11T22:15:42.060+0530] {taskinstance.py:2306} INFO - Starting attempt 1 of 1
[2026-03-11T22:15:42.082+0530] {taskinstance.py:2330} INFO - Executing <Mapped(_PythonDecoratedOperator): add_one> on 2022-10-12 00:00:00+00:00
[2026-03-11T22:15:42.088+0530] {standard_task_runner.py:64} INFO - Started process 5675 to run task
[2026-03-11T22:15:42.093+0530] {standard_task_runner.py:90} INFO - Running: ['airflow', 'tasks', 'run', 'example_dynamic_task_mapping', 'add_one', 'scheduled__2022-10-12T00:00:00+00:00', '--job-id', '1643', '--raw', '--subdir', '/home/sathya/projects/training-kit/.venv-airflow/lib/python3.10/site-packages/airflow/example_dags/example_dynamic_task_mapping.py', '--cfg-path', '/tmp/tmpr7yiscpi', '--map-index', '2']
[2026-03-11T22:15:42.095+0530] {standard_task_runner.py:91} INFO - Job 1643: Subtask add_one
[2026-03-11T22:15:42.148+0530] {task_command.py:426} INFO - Running <TaskInstance: example_dynamic_task_mapping.add_one scheduled__2022-10-12T00:00:00+00:00 map_index=2 [running]> on host LAPTOP-A1PMOBSE.localdomain
[2026-03-11T22:15:42.231+0530] {taskinstance.py:2648} INFO - Exporting env vars: AIRFLOW_CTX_DAG_OWNER='airflow' AIRFLOW_CTX_DAG_ID='example_dynamic_task_mapping' AIRFLOW_CTX_TASK_ID='add_one' AIRFLOW_CTX_EXECUTION_DATE='2022-10-12T00:00:00+00:00' AIRFLOW_CTX_TRY_NUMBER='1' AIRFLOW_CTX_DAG_RUN_ID='scheduled__2022-10-12T00:00:00+00:00'
[2026-03-11T22:15:42.232+0530] {taskinstance.py:430} INFO - ::endgroup::
[2026-03-11T22:15:42.233+0530] {python.py:237} INFO - Done. Returned value was: 4
[2026-03-11T22:15:42.233+0530] {taskinstance.py:441} INFO - ::group::Post task execution logs
[2026-03-11T22:15:42.253+0530] {taskinstance.py:1206} INFO - Marking task as SUCCESS. dag_id=example_dynamic_task_mapping, task_id=add_one, run_id=scheduled__2022-10-12T00:00:00+00:00, map_index=2, execution_date=20221012T000000, start_date=20260311T164542, end_date=20260311T164542
[2026-03-11T22:15:42.313+0530] {local_task_job_runner.py:243} INFO - Task exited with return code 0
[2026-03-11T22:15:42.336+0530] {taskinstance.py:3503} INFO - 1 downstream tasks scheduled from follow-on schedule check
[2026-03-11T22:15:42.343+0530] {local_task_job_runner.py:222} INFO - ::endgroup::
