[2025-12-25T23:33:08.587+0530] {processor.py:161} INFO - Started process (PID=2961) to work on /home/sathya/projects/training-kit/.venv-airflow/lib/python3.10/site-packages/airflow/example_dags/plugins/event_listener.py
[2025-12-25T23:33:08.589+0530] {processor.py:830} INFO - Processing file /home/sathya/projects/training-kit/.venv-airflow/lib/python3.10/site-packages/airflow/example_dags/plugins/event_listener.py for tasks to queue
[2025-12-25T23:33:08.593+0530] {logging_mixin.py:188} INFO - [2025-12-25T23:33:08.592+0530] {dagbag.py:545} INFO - Filling up the DagBag from /home/sathya/projects/training-kit/.venv-airflow/lib/python3.10/site-packages/airflow/example_dags/plugins/event_listener.py
[2025-12-25T23:33:08.602+0530] {processor.py:842} WARNING - No viable dags retrieved from /home/sathya/projects/training-kit/.venv-airflow/lib/python3.10/site-packages/airflow/example_dags/plugins/event_listener.py
[2025-12-25T23:33:08.654+0530] {processor.py:183} INFO - Processing /home/sathya/projects/training-kit/.venv-airflow/lib/python3.10/site-packages/airflow/example_dags/plugins/event_listener.py took 0.091 seconds
[2025-12-25T23:34:05.567+0530] {processor.py:161} INFO - Started process (PID=3027) to work on /home/sathya/projects/training-kit/.venv-airflow/lib/python3.10/site-packages/airflow/example_dags/plugins/event_listener.py
[2025-12-25T23:34:05.573+0530] {processor.py:830} INFO - Processing file /home/sathya/projects/training-kit/.venv-airflow/lib/python3.10/site-packages/airflow/example_dags/plugins/event_listener.py for tasks to queue
[2025-12-25T23:34:05.575+0530] {logging_mixin.py:188} INFO - [2025-12-25T23:34:05.575+0530] {dagbag.py:545} INFO - Filling up the DagBag from /home/sathya/projects/training-kit/.venv-airflow/lib/python3.10/site-packages/airflow/example_dags/plugins/event_listener.py
[2025-12-25T23:34:05.578+0530] {processor.py:842} WARNING - No viable dags retrieved from /home/sathya/projects/training-kit/.venv-airflow/lib/python3.10/site-packages/airflow/example_dags/plugins/event_listener.py
[2025-12-25T23:34:05.591+0530] {processor.py:183} INFO - Processing /home/sathya/projects/training-kit/.venv-airflow/lib/python3.10/site-packages/airflow/example_dags/plugins/event_listener.py took 0.032 seconds
[2025-12-25T23:35:02.193+0530] {processor.py:161} INFO - Started process (PID=3086) to work on /home/sathya/projects/training-kit/.venv-airflow/lib/python3.10/site-packages/airflow/example_dags/plugins/event_listener.py
[2025-12-25T23:35:02.200+0530] {processor.py:830} INFO - Processing file /home/sathya/projects/training-kit/.venv-airflow/lib/python3.10/site-packages/airflow/example_dags/plugins/event_listener.py for tasks to queue
[2025-12-25T23:35:02.204+0530] {logging_mixin.py:188} INFO - [2025-12-25T23:35:02.203+0530] {dagbag.py:545} INFO - Filling up the DagBag from /home/sathya/projects/training-kit/.venv-airflow/lib/python3.10/site-packages/airflow/example_dags/plugins/event_listener.py
[2025-12-25T23:35:02.208+0530] {processor.py:842} WARNING - No viable dags retrieved from /home/sathya/projects/training-kit/.venv-airflow/lib/python3.10/site-packages/airflow/example_dags/plugins/event_listener.py
[2025-12-25T23:35:02.351+0530] {processor.py:183} INFO - Processing /home/sathya/projects/training-kit/.venv-airflow/lib/python3.10/site-packages/airflow/example_dags/plugins/event_listener.py took 0.171 seconds
[2025-12-25T23:35:52.815+0530] {processor.py:161} INFO - Started process (PID=3137) to work on /home/sathya/projects/training-kit/.venv-airflow/lib/python3.10/site-packages/airflow/example_dags/plugins/event_listener.py
[2025-12-25T23:35:52.822+0530] {processor.py:830} INFO - Processing file /home/sathya/projects/training-kit/.venv-airflow/lib/python3.10/site-packages/airflow/example_dags/plugins/event_listener.py for tasks to queue
[2025-12-25T23:35:52.825+0530] {logging_mixin.py:188} INFO - [2025-12-25T23:35:52.824+0530] {dagbag.py:545} INFO - Filling up the DagBag from /home/sathya/projects/training-kit/.venv-airflow/lib/python3.10/site-packages/airflow/example_dags/plugins/event_listener.py
[2025-12-25T23:35:52.827+0530] {processor.py:842} WARNING - No viable dags retrieved from /home/sathya/projects/training-kit/.venv-airflow/lib/python3.10/site-packages/airflow/example_dags/plugins/event_listener.py
[2025-12-25T23:35:52.842+0530] {processor.py:183} INFO - Processing /home/sathya/projects/training-kit/.venv-airflow/lib/python3.10/site-packages/airflow/example_dags/plugins/event_listener.py took 0.036 seconds
[2025-12-25T23:36:42.873+0530] {processor.py:161} INFO - Started process (PID=3191) to work on /home/sathya/projects/training-kit/.venv-airflow/lib/python3.10/site-packages/airflow/example_dags/plugins/event_listener.py
[2025-12-25T23:36:42.880+0530] {processor.py:830} INFO - Processing file /home/sathya/projects/training-kit/.venv-airflow/lib/python3.10/site-packages/airflow/example_dags/plugins/event_listener.py for tasks to queue
[2025-12-25T23:36:42.882+0530] {logging_mixin.py:188} INFO - [2025-12-25T23:36:42.881+0530] {dagbag.py:545} INFO - Filling up the DagBag from /home/sathya/projects/training-kit/.venv-airflow/lib/python3.10/site-packages/airflow/example_dags/plugins/event_listener.py
[2025-12-25T23:36:42.885+0530] {processor.py:842} WARNING - No viable dags retrieved from /home/sathya/projects/training-kit/.venv-airflow/lib/python3.10/site-packages/airflow/example_dags/plugins/event_listener.py
[2025-12-25T23:36:42.900+0530] {processor.py:183} INFO - Processing /home/sathya/projects/training-kit/.venv-airflow/lib/python3.10/site-packages/airflow/example_dags/plugins/event_listener.py took 0.034 seconds
[2025-12-25T23:37:27.229+0530] {processor.py:161} INFO - Started process (PID=3238) to work on /home/sathya/projects/training-kit/.venv-airflow/lib/python3.10/site-packages/airflow/example_dags/plugins/event_listener.py
[2025-12-25T23:37:27.235+0530] {processor.py:830} INFO - Processing file /home/sathya/projects/training-kit/.venv-airflow/lib/python3.10/site-packages/airflow/example_dags/plugins/event_listener.py for tasks to queue
[2025-12-25T23:37:27.237+0530] {logging_mixin.py:188} INFO - [2025-12-25T23:37:27.237+0530] {dagbag.py:545} INFO - Filling up the DagBag from /home/sathya/projects/training-kit/.venv-airflow/lib/python3.10/site-packages/airflow/example_dags/plugins/event_listener.py
[2025-12-25T23:37:27.240+0530] {processor.py:842} WARNING - No viable dags retrieved from /home/sathya/projects/training-kit/.venv-airflow/lib/python3.10/site-packages/airflow/example_dags/plugins/event_listener.py
[2025-12-25T23:37:27.252+0530] {processor.py:183} INFO - Processing /home/sathya/projects/training-kit/.venv-airflow/lib/python3.10/site-packages/airflow/example_dags/plugins/event_listener.py took 0.046 seconds
[2025-12-25T23:38:12.237+0530] {processor.py:161} INFO - Started process (PID=3287) to work on /home/sathya/projects/training-kit/.venv-airflow/lib/python3.10/site-packages/airflow/example_dags/plugins/event_listener.py
[2025-12-25T23:38:12.243+0530] {processor.py:830} INFO - Processing file /home/sathya/projects/training-kit/.venv-airflow/lib/python3.10/site-packages/airflow/example_dags/plugins/event_listener.py for tasks to queue
[2025-12-25T23:38:12.245+0530] {logging_mixin.py:188} INFO - [2025-12-25T23:38:12.245+0530] {dagbag.py:545} INFO - Filling up the DagBag from /home/sathya/projects/training-kit/.venv-airflow/lib/python3.10/site-packages/airflow/example_dags/plugins/event_listener.py
[2025-12-25T23:38:12.248+0530] {processor.py:842} WARNING - No viable dags retrieved from /home/sathya/projects/training-kit/.venv-airflow/lib/python3.10/site-packages/airflow/example_dags/plugins/event_listener.py
[2025-12-25T23:38:12.260+0530] {processor.py:183} INFO - Processing /home/sathya/projects/training-kit/.venv-airflow/lib/python3.10/site-packages/airflow/example_dags/plugins/event_listener.py took 0.031 seconds
[2025-12-25T23:39:14.857+0530] {processor.py:161} INFO - Started process (PID=3353) to work on /home/sathya/projects/training-kit/.venv-airflow/lib/python3.10/site-packages/airflow/example_dags/plugins/event_listener.py
[2025-12-25T23:39:14.865+0530] {processor.py:830} INFO - Processing file /home/sathya/projects/training-kit/.venv-airflow/lib/python3.10/site-packages/airflow/example_dags/plugins/event_listener.py for tasks to queue
[2025-12-25T23:39:14.869+0530] {logging_mixin.py:188} INFO - [2025-12-25T23:39:14.868+0530] {dagbag.py:545} INFO - Filling up the DagBag from /home/sathya/projects/training-kit/.venv-airflow/lib/python3.10/site-packages/airflow/example_dags/plugins/event_listener.py
[2025-12-25T23:39:14.872+0530] {processor.py:842} WARNING - No viable dags retrieved from /home/sathya/projects/training-kit/.venv-airflow/lib/python3.10/site-packages/airflow/example_dags/plugins/event_listener.py
[2025-12-25T23:39:14.893+0530] {processor.py:183} INFO - Processing /home/sathya/projects/training-kit/.venv-airflow/lib/python3.10/site-packages/airflow/example_dags/plugins/event_listener.py took 0.047 seconds
[2025-12-25T23:40:04.588+0530] {processor.py:161} INFO - Started process (PID=3403) to work on /home/sathya/projects/training-kit/.venv-airflow/lib/python3.10/site-packages/airflow/example_dags/plugins/event_listener.py
[2025-12-25T23:40:04.595+0530] {processor.py:830} INFO - Processing file /home/sathya/projects/training-kit/.venv-airflow/lib/python3.10/site-packages/airflow/example_dags/plugins/event_listener.py for tasks to queue
[2025-12-25T23:40:04.597+0530] {logging_mixin.py:188} INFO - [2025-12-25T23:40:04.596+0530] {dagbag.py:545} INFO - Filling up the DagBag from /home/sathya/projects/training-kit/.venv-airflow/lib/python3.10/site-packages/airflow/example_dags/plugins/event_listener.py
[2025-12-25T23:40:04.600+0530] {processor.py:842} WARNING - No viable dags retrieved from /home/sathya/projects/training-kit/.venv-airflow/lib/python3.10/site-packages/airflow/example_dags/plugins/event_listener.py
[2025-12-25T23:40:04.614+0530] {processor.py:183} INFO - Processing /home/sathya/projects/training-kit/.venv-airflow/lib/python3.10/site-packages/airflow/example_dags/plugins/event_listener.py took 0.035 seconds
[2025-12-25T23:40:51.674+0530] {processor.py:161} INFO - Started process (PID=3452) to work on /home/sathya/projects/training-kit/.venv-airflow/lib/python3.10/site-packages/airflow/example_dags/plugins/event_listener.py
[2025-12-25T23:40:51.681+0530] {processor.py:830} INFO - Processing file /home/sathya/projects/training-kit/.venv-airflow/lib/python3.10/site-packages/airflow/example_dags/plugins/event_listener.py for tasks to queue
[2025-12-25T23:40:51.684+0530] {logging_mixin.py:188} INFO - [2025-12-25T23:40:51.684+0530] {dagbag.py:545} INFO - Filling up the DagBag from /home/sathya/projects/training-kit/.venv-airflow/lib/python3.10/site-packages/airflow/example_dags/plugins/event_listener.py
[2025-12-25T23:40:51.687+0530] {processor.py:842} WARNING - No viable dags retrieved from /home/sathya/projects/training-kit/.venv-airflow/lib/python3.10/site-packages/airflow/example_dags/plugins/event_listener.py
[2025-12-25T23:40:51.699+0530] {processor.py:183} INFO - Processing /home/sathya/projects/training-kit/.venv-airflow/lib/python3.10/site-packages/airflow/example_dags/plugins/event_listener.py took 0.033 seconds
[2025-12-25T23:41:41.305+0530] {processor.py:161} INFO - Started process (PID=3502) to work on /home/sathya/projects/training-kit/.venv-airflow/lib/python3.10/site-packages/airflow/example_dags/plugins/event_listener.py
[2025-12-25T23:41:41.310+0530] {processor.py:830} INFO - Processing file /home/sathya/projects/training-kit/.venv-airflow/lib/python3.10/site-packages/airflow/example_dags/plugins/event_listener.py for tasks to queue
[2025-12-25T23:41:41.312+0530] {logging_mixin.py:188} INFO - [2025-12-25T23:41:41.312+0530] {dagbag.py:545} INFO - Filling up the DagBag from /home/sathya/projects/training-kit/.venv-airflow/lib/python3.10/site-packages/airflow/example_dags/plugins/event_listener.py
[2025-12-25T23:41:41.315+0530] {processor.py:842} WARNING - No viable dags retrieved from /home/sathya/projects/training-kit/.venv-airflow/lib/python3.10/site-packages/airflow/example_dags/plugins/event_listener.py
[2025-12-25T23:41:41.324+0530] {processor.py:183} INFO - Processing /home/sathya/projects/training-kit/.venv-airflow/lib/python3.10/site-packages/airflow/example_dags/plugins/event_listener.py took 0.024 seconds
[2025-12-25T23:42:28.778+0530] {processor.py:161} INFO - Started process (PID=3550) to work on /home/sathya/projects/training-kit/.venv-airflow/lib/python3.10/site-packages/airflow/example_dags/plugins/event_listener.py
[2025-12-25T23:42:28.784+0530] {processor.py:830} INFO - Processing file /home/sathya/projects/training-kit/.venv-airflow/lib/python3.10/site-packages/airflow/example_dags/plugins/event_listener.py for tasks to queue
[2025-12-25T23:42:28.786+0530] {logging_mixin.py:188} INFO - [2025-12-25T23:42:28.786+0530] {dagbag.py:545} INFO - Filling up the DagBag from /home/sathya/projects/training-kit/.venv-airflow/lib/python3.10/site-packages/airflow/example_dags/plugins/event_listener.py
[2025-12-25T23:42:28.789+0530] {processor.py:842} WARNING - No viable dags retrieved from /home/sathya/projects/training-kit/.venv-airflow/lib/python3.10/site-packages/airflow/example_dags/plugins/event_listener.py
[2025-12-25T23:42:28.803+0530] {processor.py:183} INFO - Processing /home/sathya/projects/training-kit/.venv-airflow/lib/python3.10/site-packages/airflow/example_dags/plugins/event_listener.py took 0.035 seconds
[2025-12-25T23:43:15.536+0530] {processor.py:161} INFO - Started process (PID=3600) to work on /home/sathya/projects/training-kit/.venv-airflow/lib/python3.10/site-packages/airflow/example_dags/plugins/event_listener.py
[2025-12-25T23:43:15.543+0530] {processor.py:830} INFO - Processing file /home/sathya/projects/training-kit/.venv-airflow/lib/python3.10/site-packages/airflow/example_dags/plugins/event_listener.py for tasks to queue
[2025-12-25T23:43:15.546+0530] {logging_mixin.py:188} INFO - [2025-12-25T23:43:15.545+0530] {dagbag.py:545} INFO - Filling up the DagBag from /home/sathya/projects/training-kit/.venv-airflow/lib/python3.10/site-packages/airflow/example_dags/plugins/event_listener.py
[2025-12-25T23:43:15.549+0530] {processor.py:842} WARNING - No viable dags retrieved from /home/sathya/projects/training-kit/.venv-airflow/lib/python3.10/site-packages/airflow/example_dags/plugins/event_listener.py
[2025-12-25T23:43:15.561+0530] {processor.py:183} INFO - Processing /home/sathya/projects/training-kit/.venv-airflow/lib/python3.10/site-packages/airflow/example_dags/plugins/event_listener.py took 0.034 seconds
[2025-12-25T23:43:59.396+0530] {processor.py:161} INFO - Started process (PID=3650) to work on /home/sathya/projects/training-kit/.venv-airflow/lib/python3.10/site-packages/airflow/example_dags/plugins/event_listener.py
[2025-12-25T23:43:59.402+0530] {processor.py:830} INFO - Processing file /home/sathya/projects/training-kit/.venv-airflow/lib/python3.10/site-packages/airflow/example_dags/plugins/event_listener.py for tasks to queue
[2025-12-25T23:43:59.405+0530] {logging_mixin.py:188} INFO - [2025-12-25T23:43:59.404+0530] {dagbag.py:545} INFO - Filling up the DagBag from /home/sathya/projects/training-kit/.venv-airflow/lib/python3.10/site-packages/airflow/example_dags/plugins/event_listener.py
[2025-12-25T23:43:59.407+0530] {processor.py:842} WARNING - No viable dags retrieved from /home/sathya/projects/training-kit/.venv-airflow/lib/python3.10/site-packages/airflow/example_dags/plugins/event_listener.py
[2025-12-25T23:43:59.419+0530] {processor.py:183} INFO - Processing /home/sathya/projects/training-kit/.venv-airflow/lib/python3.10/site-packages/airflow/example_dags/plugins/event_listener.py took 0.031 seconds
[2025-12-25T23:44:59.869+0530] {processor.py:161} INFO - Started process (PID=3715) to work on /home/sathya/projects/training-kit/.venv-airflow/lib/python3.10/site-packages/airflow/example_dags/plugins/event_listener.py
[2025-12-25T23:44:59.877+0530] {processor.py:830} INFO - Processing file /home/sathya/projects/training-kit/.venv-airflow/lib/python3.10/site-packages/airflow/example_dags/plugins/event_listener.py for tasks to queue
[2025-12-25T23:44:59.880+0530] {logging_mixin.py:188} INFO - [2025-12-25T23:44:59.879+0530] {dagbag.py:545} INFO - Filling up the DagBag from /home/sathya/projects/training-kit/.venv-airflow/lib/python3.10/site-packages/airflow/example_dags/plugins/event_listener.py
[2025-12-25T23:44:59.883+0530] {processor.py:842} WARNING - No viable dags retrieved from /home/sathya/projects/training-kit/.venv-airflow/lib/python3.10/site-packages/airflow/example_dags/plugins/event_listener.py
[2025-12-25T23:44:59.896+0530] {processor.py:183} INFO - Processing /home/sathya/projects/training-kit/.venv-airflow/lib/python3.10/site-packages/airflow/example_dags/plugins/event_listener.py took 0.037 seconds
[2025-12-25T23:45:42.127+0530] {processor.py:161} INFO - Started process (PID=3763) to work on /home/sathya/projects/training-kit/.venv-airflow/lib/python3.10/site-packages/airflow/example_dags/plugins/event_listener.py
[2025-12-25T23:45:42.133+0530] {processor.py:830} INFO - Processing file /home/sathya/projects/training-kit/.venv-airflow/lib/python3.10/site-packages/airflow/example_dags/plugins/event_listener.py for tasks to queue
[2025-12-25T23:45:42.135+0530] {logging_mixin.py:188} INFO - [2025-12-25T23:45:42.135+0530] {dagbag.py:545} INFO - Filling up the DagBag from /home/sathya/projects/training-kit/.venv-airflow/lib/python3.10/site-packages/airflow/example_dags/plugins/event_listener.py
[2025-12-25T23:45:42.139+0530] {processor.py:842} WARNING - No viable dags retrieved from /home/sathya/projects/training-kit/.venv-airflow/lib/python3.10/site-packages/airflow/example_dags/plugins/event_listener.py
[2025-12-25T23:45:42.153+0530] {processor.py:183} INFO - Processing /home/sathya/projects/training-kit/.venv-airflow/lib/python3.10/site-packages/airflow/example_dags/plugins/event_listener.py took 0.036 seconds
[2025-12-25T23:46:27.723+0530] {processor.py:161} INFO - Started process (PID=3809) to work on /home/sathya/projects/training-kit/.venv-airflow/lib/python3.10/site-packages/airflow/example_dags/plugins/event_listener.py
[2025-12-25T23:46:27.729+0530] {processor.py:830} INFO - Processing file /home/sathya/projects/training-kit/.venv-airflow/lib/python3.10/site-packages/airflow/example_dags/plugins/event_listener.py for tasks to queue
[2025-12-25T23:46:27.732+0530] {logging_mixin.py:188} INFO - [2025-12-25T23:46:27.731+0530] {dagbag.py:545} INFO - Filling up the DagBag from /home/sathya/projects/training-kit/.venv-airflow/lib/python3.10/site-packages/airflow/example_dags/plugins/event_listener.py
[2025-12-25T23:46:27.737+0530] {processor.py:842} WARNING - No viable dags retrieved from /home/sathya/projects/training-kit/.venv-airflow/lib/python3.10/site-packages/airflow/example_dags/plugins/event_listener.py
[2025-12-25T23:46:27.754+0530] {processor.py:183} INFO - Processing /home/sathya/projects/training-kit/.venv-airflow/lib/python3.10/site-packages/airflow/example_dags/plugins/event_listener.py took 0.049 seconds
[2025-12-25T23:47:13.961+0530] {processor.py:161} INFO - Started process (PID=3858) to work on /home/sathya/projects/training-kit/.venv-airflow/lib/python3.10/site-packages/airflow/example_dags/plugins/event_listener.py
[2025-12-25T23:47:13.966+0530] {processor.py:830} INFO - Processing file /home/sathya/projects/training-kit/.venv-airflow/lib/python3.10/site-packages/airflow/example_dags/plugins/event_listener.py for tasks to queue
[2025-12-25T23:47:13.968+0530] {logging_mixin.py:188} INFO - [2025-12-25T23:47:13.968+0530] {dagbag.py:545} INFO - Filling up the DagBag from /home/sathya/projects/training-kit/.venv-airflow/lib/python3.10/site-packages/airflow/example_dags/plugins/event_listener.py
[2025-12-25T23:47:13.970+0530] {processor.py:842} WARNING - No viable dags retrieved from /home/sathya/projects/training-kit/.venv-airflow/lib/python3.10/site-packages/airflow/example_dags/plugins/event_listener.py
[2025-12-25T23:47:13.982+0530] {processor.py:183} INFO - Processing /home/sathya/projects/training-kit/.venv-airflow/lib/python3.10/site-packages/airflow/example_dags/plugins/event_listener.py took 0.029 seconds
[2025-12-25T23:48:01.749+0530] {processor.py:161} INFO - Started process (PID=3906) to work on /home/sathya/projects/training-kit/.venv-airflow/lib/python3.10/site-packages/airflow/example_dags/plugins/event_listener.py
[2025-12-25T23:48:01.756+0530] {processor.py:830} INFO - Processing file /home/sathya/projects/training-kit/.venv-airflow/lib/python3.10/site-packages/airflow/example_dags/plugins/event_listener.py for tasks to queue
[2025-12-25T23:48:01.759+0530] {logging_mixin.py:188} INFO - [2025-12-25T23:48:01.758+0530] {dagbag.py:545} INFO - Filling up the DagBag from /home/sathya/projects/training-kit/.venv-airflow/lib/python3.10/site-packages/airflow/example_dags/plugins/event_listener.py
[2025-12-25T23:48:01.767+0530] {processor.py:842} WARNING - No viable dags retrieved from /home/sathya/projects/training-kit/.venv-airflow/lib/python3.10/site-packages/airflow/example_dags/plugins/event_listener.py
[2025-12-25T23:48:01.789+0530] {processor.py:183} INFO - Processing /home/sathya/projects/training-kit/.venv-airflow/lib/python3.10/site-packages/airflow/example_dags/plugins/event_listener.py took 0.066 seconds
[2025-12-25T23:48:52.652+0530] {processor.py:161} INFO - Started process (PID=3955) to work on /home/sathya/projects/training-kit/.venv-airflow/lib/python3.10/site-packages/airflow/example_dags/plugins/event_listener.py
[2025-12-25T23:48:52.658+0530] {processor.py:830} INFO - Processing file /home/sathya/projects/training-kit/.venv-airflow/lib/python3.10/site-packages/airflow/example_dags/plugins/event_listener.py for tasks to queue
[2025-12-25T23:48:52.659+0530] {logging_mixin.py:188} INFO - [2025-12-25T23:48:52.659+0530] {dagbag.py:545} INFO - Filling up the DagBag from /home/sathya/projects/training-kit/.venv-airflow/lib/python3.10/site-packages/airflow/example_dags/plugins/event_listener.py
[2025-12-25T23:48:52.662+0530] {processor.py:842} WARNING - No viable dags retrieved from /home/sathya/projects/training-kit/.venv-airflow/lib/python3.10/site-packages/airflow/example_dags/plugins/event_listener.py
[2025-12-25T23:48:52.673+0530] {processor.py:183} INFO - Processing /home/sathya/projects/training-kit/.venv-airflow/lib/python3.10/site-packages/airflow/example_dags/plugins/event_listener.py took 0.028 seconds
[2025-12-25T23:49:41.521+0530] {processor.py:161} INFO - Started process (PID=4005) to work on /home/sathya/projects/training-kit/.venv-airflow/lib/python3.10/site-packages/airflow/example_dags/plugins/event_listener.py
[2025-12-25T23:49:41.528+0530] {processor.py:830} INFO - Processing file /home/sathya/projects/training-kit/.venv-airflow/lib/python3.10/site-packages/airflow/example_dags/plugins/event_listener.py for tasks to queue
[2025-12-25T23:49:41.530+0530] {logging_mixin.py:188} INFO - [2025-12-25T23:49:41.530+0530] {dagbag.py:545} INFO - Filling up the DagBag from /home/sathya/projects/training-kit/.venv-airflow/lib/python3.10/site-packages/airflow/example_dags/plugins/event_listener.py
[2025-12-25T23:49:41.534+0530] {processor.py:842} WARNING - No viable dags retrieved from /home/sathya/projects/training-kit/.venv-airflow/lib/python3.10/site-packages/airflow/example_dags/plugins/event_listener.py
[2025-12-25T23:49:41.548+0530] {processor.py:183} INFO - Processing /home/sathya/projects/training-kit/.venv-airflow/lib/python3.10/site-packages/airflow/example_dags/plugins/event_listener.py took 0.033 seconds
[2025-12-25T23:50:33.444+0530] {processor.py:161} INFO - Started process (PID=4057) to work on /home/sathya/projects/training-kit/.venv-airflow/lib/python3.10/site-packages/airflow/example_dags/plugins/event_listener.py
[2025-12-25T23:50:33.450+0530] {processor.py:830} INFO - Processing file /home/sathya/projects/training-kit/.venv-airflow/lib/python3.10/site-packages/airflow/example_dags/plugins/event_listener.py for tasks to queue
[2025-12-25T23:50:33.456+0530] {logging_mixin.py:188} INFO - [2025-12-25T23:50:33.455+0530] {dagbag.py:545} INFO - Filling up the DagBag from /home/sathya/projects/training-kit/.venv-airflow/lib/python3.10/site-packages/airflow/example_dags/plugins/event_listener.py
[2025-12-25T23:50:33.463+0530] {processor.py:842} WARNING - No viable dags retrieved from /home/sathya/projects/training-kit/.venv-airflow/lib/python3.10/site-packages/airflow/example_dags/plugins/event_listener.py
[2025-12-25T23:50:33.480+0530] {processor.py:183} INFO - Processing /home/sathya/projects/training-kit/.venv-airflow/lib/python3.10/site-packages/airflow/example_dags/plugins/event_listener.py took 0.051 seconds
[2025-12-25T23:51:22.339+0530] {processor.py:161} INFO - Started process (PID=4108) to work on /home/sathya/projects/training-kit/.venv-airflow/lib/python3.10/site-packages/airflow/example_dags/plugins/event_listener.py
[2025-12-25T23:51:22.341+0530] {processor.py:830} INFO - Processing file /home/sathya/projects/training-kit/.venv-airflow/lib/python3.10/site-packages/airflow/example_dags/plugins/event_listener.py for tasks to queue
[2025-12-25T23:51:22.343+0530] {logging_mixin.py:188} INFO - [2025-12-25T23:51:22.342+0530] {dagbag.py:545} INFO - Filling up the DagBag from /home/sathya/projects/training-kit/.venv-airflow/lib/python3.10/site-packages/airflow/example_dags/plugins/event_listener.py
[2025-12-25T23:51:22.345+0530] {processor.py:842} WARNING - No viable dags retrieved from /home/sathya/projects/training-kit/.venv-airflow/lib/python3.10/site-packages/airflow/example_dags/plugins/event_listener.py
[2025-12-25T23:51:22.357+0530] {processor.py:183} INFO - Processing /home/sathya/projects/training-kit/.venv-airflow/lib/python3.10/site-packages/airflow/example_dags/plugins/event_listener.py took 0.028 seconds
[2025-12-25T23:52:05.746+0530] {processor.py:161} INFO - Started process (PID=4154) to work on /home/sathya/projects/training-kit/.venv-airflow/lib/python3.10/site-packages/airflow/example_dags/plugins/event_listener.py
[2025-12-25T23:52:05.753+0530] {processor.py:830} INFO - Processing file /home/sathya/projects/training-kit/.venv-airflow/lib/python3.10/site-packages/airflow/example_dags/plugins/event_listener.py for tasks to queue
[2025-12-25T23:52:05.756+0530] {logging_mixin.py:188} INFO - [2025-12-25T23:52:05.755+0530] {dagbag.py:545} INFO - Filling up the DagBag from /home/sathya/projects/training-kit/.venv-airflow/lib/python3.10/site-packages/airflow/example_dags/plugins/event_listener.py
[2025-12-25T23:52:05.759+0530] {processor.py:842} WARNING - No viable dags retrieved from /home/sathya/projects/training-kit/.venv-airflow/lib/python3.10/site-packages/airflow/example_dags/plugins/event_listener.py
[2025-12-25T23:52:05.770+0530] {processor.py:183} INFO - Processing /home/sathya/projects/training-kit/.venv-airflow/lib/python3.10/site-packages/airflow/example_dags/plugins/event_listener.py took 0.034 seconds
[2025-12-25T23:52:48.101+0530] {processor.py:161} INFO - Started process (PID=4198) to work on /home/sathya/projects/training-kit/.venv-airflow/lib/python3.10/site-packages/airflow/example_dags/plugins/event_listener.py
[2025-12-25T23:52:48.107+0530] {processor.py:830} INFO - Processing file /home/sathya/projects/training-kit/.venv-airflow/lib/python3.10/site-packages/airflow/example_dags/plugins/event_listener.py for tasks to queue
[2025-12-25T23:52:48.110+0530] {logging_mixin.py:188} INFO - [2025-12-25T23:52:48.109+0530] {dagbag.py:545} INFO - Filling up the DagBag from /home/sathya/projects/training-kit/.venv-airflow/lib/python3.10/site-packages/airflow/example_dags/plugins/event_listener.py
[2025-12-25T23:52:48.113+0530] {processor.py:842} WARNING - No viable dags retrieved from /home/sathya/projects/training-kit/.venv-airflow/lib/python3.10/site-packages/airflow/example_dags/plugins/event_listener.py
[2025-12-25T23:52:48.125+0530] {processor.py:183} INFO - Processing /home/sathya/projects/training-kit/.venv-airflow/lib/python3.10/site-packages/airflow/example_dags/plugins/event_listener.py took 0.033 seconds
[2025-12-25T23:53:40.388+0530] {processor.py:161} INFO - Started process (PID=4248) to work on /home/sathya/projects/training-kit/.venv-airflow/lib/python3.10/site-packages/airflow/example_dags/plugins/event_listener.py
[2025-12-25T23:53:40.394+0530] {processor.py:830} INFO - Processing file /home/sathya/projects/training-kit/.venv-airflow/lib/python3.10/site-packages/airflow/example_dags/plugins/event_listener.py for tasks to queue
[2025-12-25T23:53:40.397+0530] {logging_mixin.py:188} INFO - [2025-12-25T23:53:40.396+0530] {dagbag.py:545} INFO - Filling up the DagBag from /home/sathya/projects/training-kit/.venv-airflow/lib/python3.10/site-packages/airflow/example_dags/plugins/event_listener.py
[2025-12-25T23:53:40.400+0530] {processor.py:842} WARNING - No viable dags retrieved from /home/sathya/projects/training-kit/.venv-airflow/lib/python3.10/site-packages/airflow/example_dags/plugins/event_listener.py
[2025-12-25T23:53:40.413+0530] {processor.py:183} INFO - Processing /home/sathya/projects/training-kit/.venv-airflow/lib/python3.10/site-packages/airflow/example_dags/plugins/event_listener.py took 0.033 seconds
[2025-12-25T23:54:29.418+0530] {processor.py:161} INFO - Started process (PID=4301) to work on /home/sathya/projects/training-kit/.venv-airflow/lib/python3.10/site-packages/airflow/example_dags/plugins/event_listener.py
[2025-12-25T23:54:29.424+0530] {processor.py:830} INFO - Processing file /home/sathya/projects/training-kit/.venv-airflow/lib/python3.10/site-packages/airflow/example_dags/plugins/event_listener.py for tasks to queue
[2025-12-25T23:54:29.427+0530] {logging_mixin.py:188} INFO - [2025-12-25T23:54:29.426+0530] {dagbag.py:545} INFO - Filling up the DagBag from /home/sathya/projects/training-kit/.venv-airflow/lib/python3.10/site-packages/airflow/example_dags/plugins/event_listener.py
[2025-12-25T23:54:29.429+0530] {processor.py:842} WARNING - No viable dags retrieved from /home/sathya/projects/training-kit/.venv-airflow/lib/python3.10/site-packages/airflow/example_dags/plugins/event_listener.py
[2025-12-25T23:54:29.441+0530] {processor.py:183} INFO - Processing /home/sathya/projects/training-kit/.venv-airflow/lib/python3.10/site-packages/airflow/example_dags/plugins/event_listener.py took 0.033 seconds
[2025-12-25T23:56:01.631+0530] {processor.py:161} INFO - Started process (PID=4391) to work on /home/sathya/projects/training-kit/.venv-airflow/lib/python3.10/site-packages/airflow/example_dags/plugins/event_listener.py
[2025-12-25T23:56:01.638+0530] {processor.py:830} INFO - Processing file /home/sathya/projects/training-kit/.venv-airflow/lib/python3.10/site-packages/airflow/example_dags/plugins/event_listener.py for tasks to queue
[2025-12-25T23:56:01.640+0530] {logging_mixin.py:188} INFO - [2025-12-25T23:56:01.639+0530] {dagbag.py:545} INFO - Filling up the DagBag from /home/sathya/projects/training-kit/.venv-airflow/lib/python3.10/site-packages/airflow/example_dags/plugins/event_listener.py
[2025-12-25T23:56:01.643+0530] {processor.py:842} WARNING - No viable dags retrieved from /home/sathya/projects/training-kit/.venv-airflow/lib/python3.10/site-packages/airflow/example_dags/plugins/event_listener.py
[2025-12-25T23:56:01.658+0530] {processor.py:183} INFO - Processing /home/sathya/projects/training-kit/.venv-airflow/lib/python3.10/site-packages/airflow/example_dags/plugins/event_listener.py took 0.036 seconds
[2025-12-25T23:56:55.237+0530] {processor.py:161} INFO - Started process (PID=4447) to work on /home/sathya/projects/training-kit/.venv-airflow/lib/python3.10/site-packages/airflow/example_dags/plugins/event_listener.py
[2025-12-25T23:56:55.244+0530] {processor.py:830} INFO - Processing file /home/sathya/projects/training-kit/.venv-airflow/lib/python3.10/site-packages/airflow/example_dags/plugins/event_listener.py for tasks to queue
[2025-12-25T23:56:55.247+0530] {logging_mixin.py:188} INFO - [2025-12-25T23:56:55.247+0530] {dagbag.py:545} INFO - Filling up the DagBag from /home/sathya/projects/training-kit/.venv-airflow/lib/python3.10/site-packages/airflow/example_dags/plugins/event_listener.py
[2025-12-25T23:56:55.251+0530] {processor.py:842} WARNING - No viable dags retrieved from /home/sathya/projects/training-kit/.venv-airflow/lib/python3.10/site-packages/airflow/example_dags/plugins/event_listener.py
[2025-12-25T23:56:55.266+0530] {processor.py:183} INFO - Processing /home/sathya/projects/training-kit/.venv-airflow/lib/python3.10/site-packages/airflow/example_dags/plugins/event_listener.py took 0.037 seconds
[2025-12-25T23:57:53.244+0530] {processor.py:161} INFO - Started process (PID=4501) to work on /home/sathya/projects/training-kit/.venv-airflow/lib/python3.10/site-packages/airflow/example_dags/plugins/event_listener.py
[2025-12-25T23:57:53.251+0530] {processor.py:830} INFO - Processing file /home/sathya/projects/training-kit/.venv-airflow/lib/python3.10/site-packages/airflow/example_dags/plugins/event_listener.py for tasks to queue
[2025-12-25T23:57:53.253+0530] {logging_mixin.py:188} INFO - [2025-12-25T23:57:53.253+0530] {dagbag.py:545} INFO - Filling up the DagBag from /home/sathya/projects/training-kit/.venv-airflow/lib/python3.10/site-packages/airflow/example_dags/plugins/event_listener.py
[2025-12-25T23:57:53.256+0530] {processor.py:842} WARNING - No viable dags retrieved from /home/sathya/projects/training-kit/.venv-airflow/lib/python3.10/site-packages/airflow/example_dags/plugins/event_listener.py
[2025-12-25T23:57:53.369+0530] {processor.py:183} INFO - Processing /home/sathya/projects/training-kit/.venv-airflow/lib/python3.10/site-packages/airflow/example_dags/plugins/event_listener.py took 0.134 seconds
[2025-12-25T23:58:47.129+0530] {processor.py:161} INFO - Started process (PID=4556) to work on /home/sathya/projects/training-kit/.venv-airflow/lib/python3.10/site-packages/airflow/example_dags/plugins/event_listener.py
[2025-12-25T23:58:47.135+0530] {processor.py:830} INFO - Processing file /home/sathya/projects/training-kit/.venv-airflow/lib/python3.10/site-packages/airflow/example_dags/plugins/event_listener.py for tasks to queue
[2025-12-25T23:58:47.137+0530] {logging_mixin.py:188} INFO - [2025-12-25T23:58:47.137+0530] {dagbag.py:545} INFO - Filling up the DagBag from /home/sathya/projects/training-kit/.venv-airflow/lib/python3.10/site-packages/airflow/example_dags/plugins/event_listener.py
[2025-12-25T23:58:47.140+0530] {processor.py:842} WARNING - No viable dags retrieved from /home/sathya/projects/training-kit/.venv-airflow/lib/python3.10/site-packages/airflow/example_dags/plugins/event_listener.py
[2025-12-25T23:58:47.152+0530] {processor.py:183} INFO - Processing /home/sathya/projects/training-kit/.venv-airflow/lib/python3.10/site-packages/airflow/example_dags/plugins/event_listener.py took 0.035 seconds
[2025-12-25T23:59:34.190+0530] {processor.py:161} INFO - Started process (PID=4611) to work on /home/sathya/projects/training-kit/.venv-airflow/lib/python3.10/site-packages/airflow/example_dags/plugins/event_listener.py
[2025-12-25T23:59:34.198+0530] {processor.py:830} INFO - Processing file /home/sathya/projects/training-kit/.venv-airflow/lib/python3.10/site-packages/airflow/example_dags/plugins/event_listener.py for tasks to queue
[2025-12-25T23:59:34.200+0530] {logging_mixin.py:188} INFO - [2025-12-25T23:59:34.199+0530] {dagbag.py:545} INFO - Filling up the DagBag from /home/sathya/projects/training-kit/.venv-airflow/lib/python3.10/site-packages/airflow/example_dags/plugins/event_listener.py
[2025-12-25T23:59:34.203+0530] {processor.py:842} WARNING - No viable dags retrieved from /home/sathya/projects/training-kit/.venv-airflow/lib/python3.10/site-packages/airflow/example_dags/plugins/event_listener.py
[2025-12-25T23:59:34.215+0530] {processor.py:183} INFO - Processing /home/sathya/projects/training-kit/.venv-airflow/lib/python3.10/site-packages/airflow/example_dags/plugins/event_listener.py took 0.034 seconds
[2025-12-26T00:00:21.003+0530] {processor.py:161} INFO - Started process (PID=4659) to work on /home/sathya/projects/training-kit/.venv-airflow/lib/python3.10/site-packages/airflow/example_dags/plugins/event_listener.py
[2025-12-26T00:00:21.010+0530] {processor.py:830} INFO - Processing file /home/sathya/projects/training-kit/.venv-airflow/lib/python3.10/site-packages/airflow/example_dags/plugins/event_listener.py for tasks to queue
[2025-12-26T00:00:21.012+0530] {logging_mixin.py:188} INFO - [2025-12-26T00:00:21.012+0530] {dagbag.py:545} INFO - Filling up the DagBag from /home/sathya/projects/training-kit/.venv-airflow/lib/python3.10/site-packages/airflow/example_dags/plugins/event_listener.py
[2025-12-26T00:00:21.017+0530] {processor.py:842} WARNING - No viable dags retrieved from /home/sathya/projects/training-kit/.venv-airflow/lib/python3.10/site-packages/airflow/example_dags/plugins/event_listener.py
[2025-12-26T00:00:21.033+0530] {processor.py:183} INFO - Processing /home/sathya/projects/training-kit/.venv-airflow/lib/python3.10/site-packages/airflow/example_dags/plugins/event_listener.py took 0.039 seconds
[2025-12-26T00:01:06.858+0530] {processor.py:161} INFO - Started process (PID=4758) to work on /home/sathya/projects/training-kit/.venv-airflow/lib/python3.10/site-packages/airflow/example_dags/plugins/event_listener.py
[2025-12-26T00:01:06.865+0530] {processor.py:830} INFO - Processing file /home/sathya/projects/training-kit/.venv-airflow/lib/python3.10/site-packages/airflow/example_dags/plugins/event_listener.py for tasks to queue
[2025-12-26T00:01:06.868+0530] {logging_mixin.py:188} INFO - [2025-12-26T00:01:06.867+0530] {dagbag.py:545} INFO - Filling up the DagBag from /home/sathya/projects/training-kit/.venv-airflow/lib/python3.10/site-packages/airflow/example_dags/plugins/event_listener.py
[2025-12-26T00:01:06.871+0530] {processor.py:842} WARNING - No viable dags retrieved from /home/sathya/projects/training-kit/.venv-airflow/lib/python3.10/site-packages/airflow/example_dags/plugins/event_listener.py
[2025-12-26T00:01:06.883+0530] {processor.py:183} INFO - Processing /home/sathya/projects/training-kit/.venv-airflow/lib/python3.10/site-packages/airflow/example_dags/plugins/event_listener.py took 0.037 seconds
[2025-12-26T00:01:50.524+0530] {processor.py:161} INFO - Started process (PID=4805) to work on /home/sathya/projects/training-kit/.venv-airflow/lib/python3.10/site-packages/airflow/example_dags/plugins/event_listener.py
[2025-12-26T00:01:50.531+0530] {processor.py:830} INFO - Processing file /home/sathya/projects/training-kit/.venv-airflow/lib/python3.10/site-packages/airflow/example_dags/plugins/event_listener.py for tasks to queue
[2025-12-26T00:01:50.534+0530] {logging_mixin.py:188} INFO - [2025-12-26T00:01:50.534+0530] {dagbag.py:545} INFO - Filling up the DagBag from /home/sathya/projects/training-kit/.venv-airflow/lib/python3.10/site-packages/airflow/example_dags/plugins/event_listener.py
[2025-12-26T00:01:50.537+0530] {processor.py:842} WARNING - No viable dags retrieved from /home/sathya/projects/training-kit/.venv-airflow/lib/python3.10/site-packages/airflow/example_dags/plugins/event_listener.py
[2025-12-26T00:01:50.551+0530] {processor.py:183} INFO - Processing /home/sathya/projects/training-kit/.venv-airflow/lib/python3.10/site-packages/airflow/example_dags/plugins/event_listener.py took 0.037 seconds
[2025-12-26T00:02:51.360+0530] {processor.py:161} INFO - Started process (PID=4870) to work on /home/sathya/projects/training-kit/.venv-airflow/lib/python3.10/site-packages/airflow/example_dags/plugins/event_listener.py
[2025-12-26T00:02:51.362+0530] {processor.py:830} INFO - Processing file /home/sathya/projects/training-kit/.venv-airflow/lib/python3.10/site-packages/airflow/example_dags/plugins/event_listener.py for tasks to queue
[2025-12-26T00:02:51.364+0530] {logging_mixin.py:188} INFO - [2025-12-26T00:02:51.364+0530] {dagbag.py:545} INFO - Filling up the DagBag from /home/sathya/projects/training-kit/.venv-airflow/lib/python3.10/site-packages/airflow/example_dags/plugins/event_listener.py
[2025-12-26T00:02:51.367+0530] {processor.py:842} WARNING - No viable dags retrieved from /home/sathya/projects/training-kit/.venv-airflow/lib/python3.10/site-packages/airflow/example_dags/plugins/event_listener.py
[2025-12-26T00:02:51.378+0530] {processor.py:183} INFO - Processing /home/sathya/projects/training-kit/.venv-airflow/lib/python3.10/site-packages/airflow/example_dags/plugins/event_listener.py took 0.029 seconds
[2025-12-26T00:03:37.327+0530] {processor.py:161} INFO - Started process (PID=4917) to work on /home/sathya/projects/training-kit/.venv-airflow/lib/python3.10/site-packages/airflow/example_dags/plugins/event_listener.py
[2025-12-26T00:03:37.333+0530] {processor.py:830} INFO - Processing file /home/sathya/projects/training-kit/.venv-airflow/lib/python3.10/site-packages/airflow/example_dags/plugins/event_listener.py for tasks to queue
[2025-12-26T00:03:37.338+0530] {logging_mixin.py:188} INFO - [2025-12-26T00:03:37.337+0530] {dagbag.py:545} INFO - Filling up the DagBag from /home/sathya/projects/training-kit/.venv-airflow/lib/python3.10/site-packages/airflow/example_dags/plugins/event_listener.py
[2025-12-26T00:03:37.343+0530] {processor.py:842} WARNING - No viable dags retrieved from /home/sathya/projects/training-kit/.venv-airflow/lib/python3.10/site-packages/airflow/example_dags/plugins/event_listener.py
[2025-12-26T00:03:37.361+0530] {processor.py:183} INFO - Processing /home/sathya/projects/training-kit/.venv-airflow/lib/python3.10/site-packages/airflow/example_dags/plugins/event_listener.py took 0.047 seconds
[2025-12-26T00:04:23.416+0530] {processor.py:161} INFO - Started process (PID=4967) to work on /home/sathya/projects/training-kit/.venv-airflow/lib/python3.10/site-packages/airflow/example_dags/plugins/event_listener.py
[2025-12-26T00:04:23.423+0530] {processor.py:830} INFO - Processing file /home/sathya/projects/training-kit/.venv-airflow/lib/python3.10/site-packages/airflow/example_dags/plugins/event_listener.py for tasks to queue
[2025-12-26T00:04:23.426+0530] {logging_mixin.py:188} INFO - [2025-12-26T00:04:23.426+0530] {dagbag.py:545} INFO - Filling up the DagBag from /home/sathya/projects/training-kit/.venv-airflow/lib/python3.10/site-packages/airflow/example_dags/plugins/event_listener.py
[2025-12-26T00:04:23.429+0530] {processor.py:842} WARNING - No viable dags retrieved from /home/sathya/projects/training-kit/.venv-airflow/lib/python3.10/site-packages/airflow/example_dags/plugins/event_listener.py
[2025-12-26T00:04:23.443+0530] {processor.py:183} INFO - Processing /home/sathya/projects/training-kit/.venv-airflow/lib/python3.10/site-packages/airflow/example_dags/plugins/event_listener.py took 0.034 seconds
[2025-12-26T00:05:11.932+0530] {processor.py:161} INFO - Started process (PID=5017) to work on /home/sathya/projects/training-kit/.venv-airflow/lib/python3.10/site-packages/airflow/example_dags/plugins/event_listener.py
[2025-12-26T00:05:11.937+0530] {processor.py:830} INFO - Processing file /home/sathya/projects/training-kit/.venv-airflow/lib/python3.10/site-packages/airflow/example_dags/plugins/event_listener.py for tasks to queue
[2025-12-26T00:05:11.940+0530] {logging_mixin.py:188} INFO - [2025-12-26T00:05:11.940+0530] {dagbag.py:545} INFO - Filling up the DagBag from /home/sathya/projects/training-kit/.venv-airflow/lib/python3.10/site-packages/airflow/example_dags/plugins/event_listener.py
[2025-12-26T00:05:11.943+0530] {processor.py:842} WARNING - No viable dags retrieved from /home/sathya/projects/training-kit/.venv-airflow/lib/python3.10/site-packages/airflow/example_dags/plugins/event_listener.py
[2025-12-26T00:05:11.957+0530] {processor.py:183} INFO - Processing /home/sathya/projects/training-kit/.venv-airflow/lib/python3.10/site-packages/airflow/example_dags/plugins/event_listener.py took 0.034 seconds
[2025-12-26T00:06:01.410+0530] {processor.py:161} INFO - Started process (PID=5068) to work on /home/sathya/projects/training-kit/.venv-airflow/lib/python3.10/site-packages/airflow/example_dags/plugins/event_listener.py
[2025-12-26T00:06:01.416+0530] {processor.py:830} INFO - Processing file /home/sathya/projects/training-kit/.venv-airflow/lib/python3.10/site-packages/airflow/example_dags/plugins/event_listener.py for tasks to queue
[2025-12-26T00:06:01.418+0530] {logging_mixin.py:188} INFO - [2025-12-26T00:06:01.417+0530] {dagbag.py:545} INFO - Filling up the DagBag from /home/sathya/projects/training-kit/.venv-airflow/lib/python3.10/site-packages/airflow/example_dags/plugins/event_listener.py
[2025-12-26T00:06:01.422+0530] {processor.py:842} WARNING - No viable dags retrieved from /home/sathya/projects/training-kit/.venv-airflow/lib/python3.10/site-packages/airflow/example_dags/plugins/event_listener.py
[2025-12-26T00:06:01.441+0530] {processor.py:183} INFO - Processing /home/sathya/projects/training-kit/.venv-airflow/lib/python3.10/site-packages/airflow/example_dags/plugins/event_listener.py took 0.030 seconds
[2025-12-26T00:06:51.081+0530] {processor.py:161} INFO - Started process (PID=5119) to work on /home/sathya/projects/training-kit/.venv-airflow/lib/python3.10/site-packages/airflow/example_dags/plugins/event_listener.py
[2025-12-26T00:06:51.087+0530] {processor.py:830} INFO - Processing file /home/sathya/projects/training-kit/.venv-airflow/lib/python3.10/site-packages/airflow/example_dags/plugins/event_listener.py for tasks to queue
[2025-12-26T00:06:51.088+0530] {logging_mixin.py:188} INFO - [2025-12-26T00:06:51.088+0530] {dagbag.py:545} INFO - Filling up the DagBag from /home/sathya/projects/training-kit/.venv-airflow/lib/python3.10/site-packages/airflow/example_dags/plugins/event_listener.py
[2025-12-26T00:06:51.091+0530] {processor.py:842} WARNING - No viable dags retrieved from /home/sathya/projects/training-kit/.venv-airflow/lib/python3.10/site-packages/airflow/example_dags/plugins/event_listener.py
[2025-12-26T00:06:51.105+0530] {processor.py:183} INFO - Processing /home/sathya/projects/training-kit/.venv-airflow/lib/python3.10/site-packages/airflow/example_dags/plugins/event_listener.py took 0.034 seconds
[2025-12-26T00:07:41.901+0530] {processor.py:161} INFO - Started process (PID=5171) to work on /home/sathya/projects/training-kit/.venv-airflow/lib/python3.10/site-packages/airflow/example_dags/plugins/event_listener.py
[2025-12-26T00:07:41.903+0530] {processor.py:830} INFO - Processing file /home/sathya/projects/training-kit/.venv-airflow/lib/python3.10/site-packages/airflow/example_dags/plugins/event_listener.py for tasks to queue
[2025-12-26T00:07:41.903+0530] {logging_mixin.py:188} INFO - [2025-12-26T00:07:41.903+0530] {dagbag.py:545} INFO - Filling up the DagBag from /home/sathya/projects/training-kit/.venv-airflow/lib/python3.10/site-packages/airflow/example_dags/plugins/event_listener.py
[2025-12-26T00:07:41.906+0530] {processor.py:842} WARNING - No viable dags retrieved from /home/sathya/projects/training-kit/.venv-airflow/lib/python3.10/site-packages/airflow/example_dags/plugins/event_listener.py
[2025-12-26T00:07:41.917+0530] {processor.py:183} INFO - Processing /home/sathya/projects/training-kit/.venv-airflow/lib/python3.10/site-packages/airflow/example_dags/plugins/event_listener.py took 0.024 seconds
[2025-12-26T00:08:27.617+0530] {processor.py:161} INFO - Started process (PID=5218) to work on /home/sathya/projects/training-kit/.venv-airflow/lib/python3.10/site-packages/airflow/example_dags/plugins/event_listener.py
[2025-12-26T00:08:27.618+0530] {processor.py:830} INFO - Processing file /home/sathya/projects/training-kit/.venv-airflow/lib/python3.10/site-packages/airflow/example_dags/plugins/event_listener.py for tasks to queue
[2025-12-26T00:08:27.619+0530] {logging_mixin.py:188} INFO - [2025-12-26T00:08:27.619+0530] {dagbag.py:545} INFO - Filling up the DagBag from /home/sathya/projects/training-kit/.venv-airflow/lib/python3.10/site-packages/airflow/example_dags/plugins/event_listener.py
[2025-12-26T00:08:27.622+0530] {processor.py:842} WARNING - No viable dags retrieved from /home/sathya/projects/training-kit/.venv-airflow/lib/python3.10/site-packages/airflow/example_dags/plugins/event_listener.py
[2025-12-26T00:08:27.633+0530] {processor.py:183} INFO - Processing /home/sathya/projects/training-kit/.venv-airflow/lib/python3.10/site-packages/airflow/example_dags/plugins/event_listener.py took 0.026 seconds
[2025-12-26T00:09:19.570+0530] {processor.py:161} INFO - Started process (PID=5270) to work on /home/sathya/projects/training-kit/.venv-airflow/lib/python3.10/site-packages/airflow/example_dags/plugins/event_listener.py
[2025-12-26T00:09:19.576+0530] {processor.py:830} INFO - Processing file /home/sathya/projects/training-kit/.venv-airflow/lib/python3.10/site-packages/airflow/example_dags/plugins/event_listener.py for tasks to queue
[2025-12-26T00:09:19.578+0530] {logging_mixin.py:188} INFO - [2025-12-26T00:09:19.577+0530] {dagbag.py:545} INFO - Filling up the DagBag from /home/sathya/projects/training-kit/.venv-airflow/lib/python3.10/site-packages/airflow/example_dags/plugins/event_listener.py
[2025-12-26T00:09:19.582+0530] {processor.py:842} WARNING - No viable dags retrieved from /home/sathya/projects/training-kit/.venv-airflow/lib/python3.10/site-packages/airflow/example_dags/plugins/event_listener.py
[2025-12-26T00:09:19.600+0530] {processor.py:183} INFO - Processing /home/sathya/projects/training-kit/.venv-airflow/lib/python3.10/site-packages/airflow/example_dags/plugins/event_listener.py took 0.039 seconds
[2025-12-26T00:10:09.373+0530] {processor.py:161} INFO - Started process (PID=5325) to work on /home/sathya/projects/training-kit/.venv-airflow/lib/python3.10/site-packages/airflow/example_dags/plugins/event_listener.py
[2025-12-26T00:10:09.380+0530] {processor.py:830} INFO - Processing file /home/sathya/projects/training-kit/.venv-airflow/lib/python3.10/site-packages/airflow/example_dags/plugins/event_listener.py for tasks to queue
[2025-12-26T00:10:09.388+0530] {logging_mixin.py:188} INFO - [2025-12-26T00:10:09.387+0530] {dagbag.py:545} INFO - Filling up the DagBag from /home/sathya/projects/training-kit/.venv-airflow/lib/python3.10/site-packages/airflow/example_dags/plugins/event_listener.py
[2025-12-26T00:10:09.391+0530] {processor.py:842} WARNING - No viable dags retrieved from /home/sathya/projects/training-kit/.venv-airflow/lib/python3.10/site-packages/airflow/example_dags/plugins/event_listener.py
[2025-12-26T00:10:09.415+0530] {processor.py:183} INFO - Processing /home/sathya/projects/training-kit/.venv-airflow/lib/python3.10/site-packages/airflow/example_dags/plugins/event_listener.py took 0.059 seconds
[2025-12-26T00:10:56.142+0530] {processor.py:161} INFO - Started process (PID=5373) to work on /home/sathya/projects/training-kit/.venv-airflow/lib/python3.10/site-packages/airflow/example_dags/plugins/event_listener.py
[2025-12-26T00:10:56.148+0530] {processor.py:830} INFO - Processing file /home/sathya/projects/training-kit/.venv-airflow/lib/python3.10/site-packages/airflow/example_dags/plugins/event_listener.py for tasks to queue
[2025-12-26T00:10:56.150+0530] {logging_mixin.py:188} INFO - [2025-12-26T00:10:56.149+0530] {dagbag.py:545} INFO - Filling up the DagBag from /home/sathya/projects/training-kit/.venv-airflow/lib/python3.10/site-packages/airflow/example_dags/plugins/event_listener.py
[2025-12-26T00:10:56.154+0530] {processor.py:842} WARNING - No viable dags retrieved from /home/sathya/projects/training-kit/.venv-airflow/lib/python3.10/site-packages/airflow/example_dags/plugins/event_listener.py
[2025-12-26T00:10:56.167+0530] {processor.py:183} INFO - Processing /home/sathya/projects/training-kit/.venv-airflow/lib/python3.10/site-packages/airflow/example_dags/plugins/event_listener.py took 0.037 seconds
[2025-12-26T00:11:42.706+0530] {processor.py:161} INFO - Started process (PID=5423) to work on /home/sathya/projects/training-kit/.venv-airflow/lib/python3.10/site-packages/airflow/example_dags/plugins/event_listener.py
[2025-12-26T00:11:42.707+0530] {processor.py:830} INFO - Processing file /home/sathya/projects/training-kit/.venv-airflow/lib/python3.10/site-packages/airflow/example_dags/plugins/event_listener.py for tasks to queue
[2025-12-26T00:11:42.709+0530] {logging_mixin.py:188} INFO - [2025-12-26T00:11:42.708+0530] {dagbag.py:545} INFO - Filling up the DagBag from /home/sathya/projects/training-kit/.venv-airflow/lib/python3.10/site-packages/airflow/example_dags/plugins/event_listener.py
[2025-12-26T00:11:42.711+0530] {processor.py:842} WARNING - No viable dags retrieved from /home/sathya/projects/training-kit/.venv-airflow/lib/python3.10/site-packages/airflow/example_dags/plugins/event_listener.py
[2025-12-26T00:11:42.721+0530] {processor.py:183} INFO - Processing /home/sathya/projects/training-kit/.venv-airflow/lib/python3.10/site-packages/airflow/example_dags/plugins/event_listener.py took 0.025 seconds
[2025-12-26T00:12:28.738+0530] {processor.py:161} INFO - Started process (PID=5470) to work on /home/sathya/projects/training-kit/.venv-airflow/lib/python3.10/site-packages/airflow/example_dags/plugins/event_listener.py
[2025-12-26T00:12:28.746+0530] {processor.py:830} INFO - Processing file /home/sathya/projects/training-kit/.venv-airflow/lib/python3.10/site-packages/airflow/example_dags/plugins/event_listener.py for tasks to queue
[2025-12-26T00:12:28.748+0530] {logging_mixin.py:188} INFO - [2025-12-26T00:12:28.747+0530] {dagbag.py:545} INFO - Filling up the DagBag from /home/sathya/projects/training-kit/.venv-airflow/lib/python3.10/site-packages/airflow/example_dags/plugins/event_listener.py
[2025-12-26T00:12:28.752+0530] {processor.py:842} WARNING - No viable dags retrieved from /home/sathya/projects/training-kit/.venv-airflow/lib/python3.10/site-packages/airflow/example_dags/plugins/event_listener.py
[2025-12-26T00:12:28.766+0530] {processor.py:183} INFO - Processing /home/sathya/projects/training-kit/.venv-airflow/lib/python3.10/site-packages/airflow/example_dags/plugins/event_listener.py took 0.038 seconds
[2025-12-26T00:13:15.716+0530] {processor.py:161} INFO - Started process (PID=5520) to work on /home/sathya/projects/training-kit/.venv-airflow/lib/python3.10/site-packages/airflow/example_dags/plugins/event_listener.py
[2025-12-26T00:13:15.722+0530] {processor.py:830} INFO - Processing file /home/sathya/projects/training-kit/.venv-airflow/lib/python3.10/site-packages/airflow/example_dags/plugins/event_listener.py for tasks to queue
[2025-12-26T00:13:15.723+0530] {logging_mixin.py:188} INFO - [2025-12-26T00:13:15.723+0530] {dagbag.py:545} INFO - Filling up the DagBag from /home/sathya/projects/training-kit/.venv-airflow/lib/python3.10/site-packages/airflow/example_dags/plugins/event_listener.py
[2025-12-26T00:13:15.726+0530] {processor.py:842} WARNING - No viable dags retrieved from /home/sathya/projects/training-kit/.venv-airflow/lib/python3.10/site-packages/airflow/example_dags/plugins/event_listener.py
[2025-12-26T00:13:15.740+0530] {processor.py:183} INFO - Processing /home/sathya/projects/training-kit/.venv-airflow/lib/python3.10/site-packages/airflow/example_dags/plugins/event_listener.py took 0.034 seconds
[2025-12-26T00:14:03.029+0530] {processor.py:161} INFO - Started process (PID=5571) to work on /home/sathya/projects/training-kit/.venv-airflow/lib/python3.10/site-packages/airflow/example_dags/plugins/event_listener.py
[2025-12-26T00:14:03.035+0530] {processor.py:830} INFO - Processing file /home/sathya/projects/training-kit/.venv-airflow/lib/python3.10/site-packages/airflow/example_dags/plugins/event_listener.py for tasks to queue
[2025-12-26T00:14:03.037+0530] {logging_mixin.py:188} INFO - [2025-12-26T00:14:03.036+0530] {dagbag.py:545} INFO - Filling up the DagBag from /home/sathya/projects/training-kit/.venv-airflow/lib/python3.10/site-packages/airflow/example_dags/plugins/event_listener.py
[2025-12-26T00:14:03.042+0530] {processor.py:842} WARNING - No viable dags retrieved from /home/sathya/projects/training-kit/.venv-airflow/lib/python3.10/site-packages/airflow/example_dags/plugins/event_listener.py
[2025-12-26T00:14:03.052+0530] {processor.py:183} INFO - Processing /home/sathya/projects/training-kit/.venv-airflow/lib/python3.10/site-packages/airflow/example_dags/plugins/event_listener.py took 0.041 seconds
[2025-12-26T00:14:50.326+0530] {processor.py:161} INFO - Started process (PID=5619) to work on /home/sathya/projects/training-kit/.venv-airflow/lib/python3.10/site-packages/airflow/example_dags/plugins/event_listener.py
[2025-12-26T00:14:50.332+0530] {processor.py:830} INFO - Processing file /home/sathya/projects/training-kit/.venv-airflow/lib/python3.10/site-packages/airflow/example_dags/plugins/event_listener.py for tasks to queue
[2025-12-26T00:14:50.335+0530] {logging_mixin.py:188} INFO - [2025-12-26T00:14:50.334+0530] {dagbag.py:545} INFO - Filling up the DagBag from /home/sathya/projects/training-kit/.venv-airflow/lib/python3.10/site-packages/airflow/example_dags/plugins/event_listener.py
[2025-12-26T00:14:50.340+0530] {processor.py:842} WARNING - No viable dags retrieved from /home/sathya/projects/training-kit/.venv-airflow/lib/python3.10/site-packages/airflow/example_dags/plugins/event_listener.py
[2025-12-26T00:14:50.356+0530] {processor.py:183} INFO - Processing /home/sathya/projects/training-kit/.venv-airflow/lib/python3.10/site-packages/airflow/example_dags/plugins/event_listener.py took 0.044 seconds
[2025-12-26T00:15:41.205+0530] {processor.py:161} INFO - Started process (PID=5674) to work on /home/sathya/projects/training-kit/.venv-airflow/lib/python3.10/site-packages/airflow/example_dags/plugins/event_listener.py
[2025-12-26T00:15:41.212+0530] {processor.py:830} INFO - Processing file /home/sathya/projects/training-kit/.venv-airflow/lib/python3.10/site-packages/airflow/example_dags/plugins/event_listener.py for tasks to queue
[2025-12-26T00:15:41.214+0530] {logging_mixin.py:188} INFO - [2025-12-26T00:15:41.213+0530] {dagbag.py:545} INFO - Filling up the DagBag from /home/sathya/projects/training-kit/.venv-airflow/lib/python3.10/site-packages/airflow/example_dags/plugins/event_listener.py
[2025-12-26T00:15:41.217+0530] {processor.py:842} WARNING - No viable dags retrieved from /home/sathya/projects/training-kit/.venv-airflow/lib/python3.10/site-packages/airflow/example_dags/plugins/event_listener.py
[2025-12-26T00:15:41.232+0530] {processor.py:183} INFO - Processing /home/sathya/projects/training-kit/.venv-airflow/lib/python3.10/site-packages/airflow/example_dags/plugins/event_listener.py took 0.036 seconds
[2025-12-26T00:16:31.093+0530] {processor.py:161} INFO - Started process (PID=5725) to work on /home/sathya/projects/training-kit/.venv-airflow/lib/python3.10/site-packages/airflow/example_dags/plugins/event_listener.py
[2025-12-26T00:16:31.101+0530] {processor.py:830} INFO - Processing file /home/sathya/projects/training-kit/.venv-airflow/lib/python3.10/site-packages/airflow/example_dags/plugins/event_listener.py for tasks to queue
[2025-12-26T00:16:31.102+0530] {logging_mixin.py:188} INFO - [2025-12-26T00:16:31.101+0530] {dagbag.py:545} INFO - Filling up the DagBag from /home/sathya/projects/training-kit/.venv-airflow/lib/python3.10/site-packages/airflow/example_dags/plugins/event_listener.py
[2025-12-26T00:16:31.104+0530] {processor.py:842} WARNING - No viable dags retrieved from /home/sathya/projects/training-kit/.venv-airflow/lib/python3.10/site-packages/airflow/example_dags/plugins/event_listener.py
[2025-12-26T00:16:31.118+0530] {processor.py:183} INFO - Processing /home/sathya/projects/training-kit/.venv-airflow/lib/python3.10/site-packages/airflow/example_dags/plugins/event_listener.py took 0.034 seconds
[2025-12-26T00:17:21.061+0530] {processor.py:161} INFO - Started process (PID=5777) to work on /home/sathya/projects/training-kit/.venv-airflow/lib/python3.10/site-packages/airflow/example_dags/plugins/event_listener.py
[2025-12-26T00:17:21.067+0530] {processor.py:830} INFO - Processing file /home/sathya/projects/training-kit/.venv-airflow/lib/python3.10/site-packages/airflow/example_dags/plugins/event_listener.py for tasks to queue
[2025-12-26T00:17:21.069+0530] {logging_mixin.py:188} INFO - [2025-12-26T00:17:21.069+0530] {dagbag.py:545} INFO - Filling up the DagBag from /home/sathya/projects/training-kit/.venv-airflow/lib/python3.10/site-packages/airflow/example_dags/plugins/event_listener.py
[2025-12-26T00:17:21.073+0530] {processor.py:842} WARNING - No viable dags retrieved from /home/sathya/projects/training-kit/.venv-airflow/lib/python3.10/site-packages/airflow/example_dags/plugins/event_listener.py
[2025-12-26T00:17:21.086+0530] {processor.py:183} INFO - Processing /home/sathya/projects/training-kit/.venv-airflow/lib/python3.10/site-packages/airflow/example_dags/plugins/event_listener.py took 0.035 seconds
[2025-12-26T00:18:10.083+0530] {processor.py:161} INFO - Started process (PID=5828) to work on /home/sathya/projects/training-kit/.venv-airflow/lib/python3.10/site-packages/airflow/example_dags/plugins/event_listener.py
[2025-12-26T00:18:10.085+0530] {processor.py:830} INFO - Processing file /home/sathya/projects/training-kit/.venv-airflow/lib/python3.10/site-packages/airflow/example_dags/plugins/event_listener.py for tasks to queue
[2025-12-26T00:18:10.086+0530] {logging_mixin.py:188} INFO - [2025-12-26T00:18:10.085+0530] {dagbag.py:545} INFO - Filling up the DagBag from /home/sathya/projects/training-kit/.venv-airflow/lib/python3.10/site-packages/airflow/example_dags/plugins/event_listener.py
[2025-12-26T00:18:10.089+0530] {processor.py:842} WARNING - No viable dags retrieved from /home/sathya/projects/training-kit/.venv-airflow/lib/python3.10/site-packages/airflow/example_dags/plugins/event_listener.py
[2025-12-26T00:18:10.099+0530] {processor.py:183} INFO - Processing /home/sathya/projects/training-kit/.venv-airflow/lib/python3.10/site-packages/airflow/example_dags/plugins/event_listener.py took 0.027 seconds
[2025-12-26T00:18:58.837+0530] {processor.py:161} INFO - Started process (PID=5910) to work on /home/sathya/projects/training-kit/.venv-airflow/lib/python3.10/site-packages/airflow/example_dags/plugins/event_listener.py
[2025-12-26T00:18:58.843+0530] {processor.py:830} INFO - Processing file /home/sathya/projects/training-kit/.venv-airflow/lib/python3.10/site-packages/airflow/example_dags/plugins/event_listener.py for tasks to queue
[2025-12-26T00:18:58.844+0530] {logging_mixin.py:188} INFO - [2025-12-26T00:18:58.844+0530] {dagbag.py:545} INFO - Filling up the DagBag from /home/sathya/projects/training-kit/.venv-airflow/lib/python3.10/site-packages/airflow/example_dags/plugins/event_listener.py
[2025-12-26T00:18:58.846+0530] {processor.py:842} WARNING - No viable dags retrieved from /home/sathya/projects/training-kit/.venv-airflow/lib/python3.10/site-packages/airflow/example_dags/plugins/event_listener.py
[2025-12-26T00:18:58.866+0530] {processor.py:183} INFO - Processing /home/sathya/projects/training-kit/.venv-airflow/lib/python3.10/site-packages/airflow/example_dags/plugins/event_listener.py took 0.043 seconds
[2025-12-26T00:19:45.323+0530] {processor.py:161} INFO - Started process (PID=5961) to work on /home/sathya/projects/training-kit/.venv-airflow/lib/python3.10/site-packages/airflow/example_dags/plugins/event_listener.py
[2025-12-26T00:19:45.330+0530] {processor.py:830} INFO - Processing file /home/sathya/projects/training-kit/.venv-airflow/lib/python3.10/site-packages/airflow/example_dags/plugins/event_listener.py for tasks to queue
[2025-12-26T00:19:45.331+0530] {logging_mixin.py:188} INFO - [2025-12-26T00:19:45.331+0530] {dagbag.py:545} INFO - Filling up the DagBag from /home/sathya/projects/training-kit/.venv-airflow/lib/python3.10/site-packages/airflow/example_dags/plugins/event_listener.py
[2025-12-26T00:19:45.337+0530] {processor.py:842} WARNING - No viable dags retrieved from /home/sathya/projects/training-kit/.venv-airflow/lib/python3.10/site-packages/airflow/example_dags/plugins/event_listener.py
[2025-12-26T00:19:45.348+0530] {processor.py:183} INFO - Processing /home/sathya/projects/training-kit/.venv-airflow/lib/python3.10/site-packages/airflow/example_dags/plugins/event_listener.py took 0.039 seconds
[2025-12-26T00:20:31.580+0530] {processor.py:161} INFO - Started process (PID=6008) to work on /home/sathya/projects/training-kit/.venv-airflow/lib/python3.10/site-packages/airflow/example_dags/plugins/event_listener.py
[2025-12-26T00:20:31.587+0530] {processor.py:830} INFO - Processing file /home/sathya/projects/training-kit/.venv-airflow/lib/python3.10/site-packages/airflow/example_dags/plugins/event_listener.py for tasks to queue
[2025-12-26T00:20:31.588+0530] {logging_mixin.py:188} INFO - [2025-12-26T00:20:31.587+0530] {dagbag.py:545} INFO - Filling up the DagBag from /home/sathya/projects/training-kit/.venv-airflow/lib/python3.10/site-packages/airflow/example_dags/plugins/event_listener.py
[2025-12-26T00:20:31.591+0530] {processor.py:842} WARNING - No viable dags retrieved from /home/sathya/projects/training-kit/.venv-airflow/lib/python3.10/site-packages/airflow/example_dags/plugins/event_listener.py
[2025-12-26T00:20:31.605+0530] {processor.py:183} INFO - Processing /home/sathya/projects/training-kit/.venv-airflow/lib/python3.10/site-packages/airflow/example_dags/plugins/event_listener.py took 0.034 seconds
[2025-12-26T00:21:14.227+0530] {processor.py:161} INFO - Started process (PID=6055) to work on /home/sathya/projects/training-kit/.venv-airflow/lib/python3.10/site-packages/airflow/example_dags/plugins/event_listener.py
[2025-12-26T00:21:14.234+0530] {processor.py:830} INFO - Processing file /home/sathya/projects/training-kit/.venv-airflow/lib/python3.10/site-packages/airflow/example_dags/plugins/event_listener.py for tasks to queue
[2025-12-26T00:21:14.235+0530] {logging_mixin.py:188} INFO - [2025-12-26T00:21:14.234+0530] {dagbag.py:545} INFO - Filling up the DagBag from /home/sathya/projects/training-kit/.venv-airflow/lib/python3.10/site-packages/airflow/example_dags/plugins/event_listener.py
[2025-12-26T00:21:14.239+0530] {processor.py:842} WARNING - No viable dags retrieved from /home/sathya/projects/training-kit/.venv-airflow/lib/python3.10/site-packages/airflow/example_dags/plugins/event_listener.py
[2025-12-26T00:21:14.250+0530] {processor.py:183} INFO - Processing /home/sathya/projects/training-kit/.venv-airflow/lib/python3.10/site-packages/airflow/example_dags/plugins/event_listener.py took 0.032 seconds
[2025-12-26T00:21:58.315+0530] {processor.py:161} INFO - Started process (PID=6100) to work on /home/sathya/projects/training-kit/.venv-airflow/lib/python3.10/site-packages/airflow/example_dags/plugins/event_listener.py
[2025-12-26T00:21:58.321+0530] {processor.py:830} INFO - Processing file /home/sathya/projects/training-kit/.venv-airflow/lib/python3.10/site-packages/airflow/example_dags/plugins/event_listener.py for tasks to queue
[2025-12-26T00:21:58.323+0530] {logging_mixin.py:188} INFO - [2025-12-26T00:21:58.322+0530] {dagbag.py:545} INFO - Filling up the DagBag from /home/sathya/projects/training-kit/.venv-airflow/lib/python3.10/site-packages/airflow/example_dags/plugins/event_listener.py
[2025-12-26T00:21:58.326+0530] {processor.py:842} WARNING - No viable dags retrieved from /home/sathya/projects/training-kit/.venv-airflow/lib/python3.10/site-packages/airflow/example_dags/plugins/event_listener.py
[2025-12-26T00:21:58.339+0530] {processor.py:183} INFO - Processing /home/sathya/projects/training-kit/.venv-airflow/lib/python3.10/site-packages/airflow/example_dags/plugins/event_listener.py took 0.032 seconds
[2025-12-26T00:22:44.340+0530] {processor.py:161} INFO - Started process (PID=6150) to work on /home/sathya/projects/training-kit/.venv-airflow/lib/python3.10/site-packages/airflow/example_dags/plugins/event_listener.py
[2025-12-26T00:22:44.346+0530] {processor.py:830} INFO - Processing file /home/sathya/projects/training-kit/.venv-airflow/lib/python3.10/site-packages/airflow/example_dags/plugins/event_listener.py for tasks to queue
[2025-12-26T00:22:44.347+0530] {logging_mixin.py:188} INFO - [2025-12-26T00:22:44.347+0530] {dagbag.py:545} INFO - Filling up the DagBag from /home/sathya/projects/training-kit/.venv-airflow/lib/python3.10/site-packages/airflow/example_dags/plugins/event_listener.py
[2025-12-26T00:22:44.349+0530] {processor.py:842} WARNING - No viable dags retrieved from /home/sathya/projects/training-kit/.venv-airflow/lib/python3.10/site-packages/airflow/example_dags/plugins/event_listener.py
[2025-12-26T00:22:44.367+0530] {processor.py:183} INFO - Processing /home/sathya/projects/training-kit/.venv-airflow/lib/python3.10/site-packages/airflow/example_dags/plugins/event_listener.py took 0.038 seconds
[2025-12-26T00:23:32.666+0530] {processor.py:161} INFO - Started process (PID=6199) to work on /home/sathya/projects/training-kit/.venv-airflow/lib/python3.10/site-packages/airflow/example_dags/plugins/event_listener.py
[2025-12-26T00:23:32.672+0530] {processor.py:830} INFO - Processing file /home/sathya/projects/training-kit/.venv-airflow/lib/python3.10/site-packages/airflow/example_dags/plugins/event_listener.py for tasks to queue
[2025-12-26T00:23:32.674+0530] {logging_mixin.py:188} INFO - [2025-12-26T00:23:32.673+0530] {dagbag.py:545} INFO - Filling up the DagBag from /home/sathya/projects/training-kit/.venv-airflow/lib/python3.10/site-packages/airflow/example_dags/plugins/event_listener.py
[2025-12-26T00:23:32.677+0530] {processor.py:842} WARNING - No viable dags retrieved from /home/sathya/projects/training-kit/.venv-airflow/lib/python3.10/site-packages/airflow/example_dags/plugins/event_listener.py
[2025-12-26T00:23:32.689+0530] {processor.py:183} INFO - Processing /home/sathya/projects/training-kit/.venv-airflow/lib/python3.10/site-packages/airflow/example_dags/plugins/event_listener.py took 0.031 seconds
[2025-12-26T00:24:22.490+0530] {processor.py:161} INFO - Started process (PID=6250) to work on /home/sathya/projects/training-kit/.venv-airflow/lib/python3.10/site-packages/airflow/example_dags/plugins/event_listener.py
[2025-12-26T00:24:22.497+0530] {processor.py:830} INFO - Processing file /home/sathya/projects/training-kit/.venv-airflow/lib/python3.10/site-packages/airflow/example_dags/plugins/event_listener.py for tasks to queue
[2025-12-26T00:24:22.498+0530] {logging_mixin.py:188} INFO - [2025-12-26T00:24:22.498+0530] {dagbag.py:545} INFO - Filling up the DagBag from /home/sathya/projects/training-kit/.venv-airflow/lib/python3.10/site-packages/airflow/example_dags/plugins/event_listener.py
[2025-12-26T00:24:22.501+0530] {processor.py:842} WARNING - No viable dags retrieved from /home/sathya/projects/training-kit/.venv-airflow/lib/python3.10/site-packages/airflow/example_dags/plugins/event_listener.py
[2025-12-26T00:24:22.515+0530] {processor.py:183} INFO - Processing /home/sathya/projects/training-kit/.venv-airflow/lib/python3.10/site-packages/airflow/example_dags/plugins/event_listener.py took 0.035 seconds
[2025-12-26T00:25:10.232+0530] {processor.py:161} INFO - Started process (PID=6303) to work on /home/sathya/projects/training-kit/.venv-airflow/lib/python3.10/site-packages/airflow/example_dags/plugins/event_listener.py
[2025-12-26T00:25:10.237+0530] {processor.py:830} INFO - Processing file /home/sathya/projects/training-kit/.venv-airflow/lib/python3.10/site-packages/airflow/example_dags/plugins/event_listener.py for tasks to queue
[2025-12-26T00:25:10.239+0530] {logging_mixin.py:188} INFO - [2025-12-26T00:25:10.238+0530] {dagbag.py:545} INFO - Filling up the DagBag from /home/sathya/projects/training-kit/.venv-airflow/lib/python3.10/site-packages/airflow/example_dags/plugins/event_listener.py
[2025-12-26T00:25:10.244+0530] {processor.py:842} WARNING - No viable dags retrieved from /home/sathya/projects/training-kit/.venv-airflow/lib/python3.10/site-packages/airflow/example_dags/plugins/event_listener.py
[2025-12-26T00:25:10.256+0530] {processor.py:183} INFO - Processing /home/sathya/projects/training-kit/.venv-airflow/lib/python3.10/site-packages/airflow/example_dags/plugins/event_listener.py took 0.032 seconds
[2025-12-26T00:25:55.999+0530] {processor.py:161} INFO - Started process (PID=6349) to work on /home/sathya/projects/training-kit/.venv-airflow/lib/python3.10/site-packages/airflow/example_dags/plugins/event_listener.py
[2025-12-26T00:25:56.005+0530] {processor.py:830} INFO - Processing file /home/sathya/projects/training-kit/.venv-airflow/lib/python3.10/site-packages/airflow/example_dags/plugins/event_listener.py for tasks to queue
[2025-12-26T00:25:56.007+0530] {logging_mixin.py:188} INFO - [2025-12-26T00:25:56.007+0530] {dagbag.py:545} INFO - Filling up the DagBag from /home/sathya/projects/training-kit/.venv-airflow/lib/python3.10/site-packages/airflow/example_dags/plugins/event_listener.py
[2025-12-26T00:25:56.010+0530] {processor.py:842} WARNING - No viable dags retrieved from /home/sathya/projects/training-kit/.venv-airflow/lib/python3.10/site-packages/airflow/example_dags/plugins/event_listener.py
[2025-12-26T00:25:56.024+0530] {processor.py:183} INFO - Processing /home/sathya/projects/training-kit/.venv-airflow/lib/python3.10/site-packages/airflow/example_dags/plugins/event_listener.py took 0.034 seconds
[2025-12-26T00:26:42.728+0530] {processor.py:161} INFO - Started process (PID=6411) to work on /home/sathya/projects/training-kit/.venv-airflow/lib/python3.10/site-packages/airflow/example_dags/plugins/event_listener.py
[2025-12-26T00:26:42.736+0530] {processor.py:830} INFO - Processing file /home/sathya/projects/training-kit/.venv-airflow/lib/python3.10/site-packages/airflow/example_dags/plugins/event_listener.py for tasks to queue
[2025-12-26T00:26:42.737+0530] {logging_mixin.py:188} INFO - [2025-12-26T00:26:42.737+0530] {dagbag.py:545} INFO - Filling up the DagBag from /home/sathya/projects/training-kit/.venv-airflow/lib/python3.10/site-packages/airflow/example_dags/plugins/event_listener.py
[2025-12-26T00:26:42.740+0530] {processor.py:842} WARNING - No viable dags retrieved from /home/sathya/projects/training-kit/.venv-airflow/lib/python3.10/site-packages/airflow/example_dags/plugins/event_listener.py
[2025-12-26T00:26:42.754+0530] {processor.py:183} INFO - Processing /home/sathya/projects/training-kit/.venv-airflow/lib/python3.10/site-packages/airflow/example_dags/plugins/event_listener.py took 0.035 seconds
[2025-12-26T00:27:33.708+0530] {processor.py:161} INFO - Started process (PID=6470) to work on /home/sathya/projects/training-kit/.venv-airflow/lib/python3.10/site-packages/airflow/example_dags/plugins/event_listener.py
[2025-12-26T00:27:33.715+0530] {processor.py:830} INFO - Processing file /home/sathya/projects/training-kit/.venv-airflow/lib/python3.10/site-packages/airflow/example_dags/plugins/event_listener.py for tasks to queue
[2025-12-26T00:27:33.716+0530] {logging_mixin.py:188} INFO - [2025-12-26T00:27:33.715+0530] {dagbag.py:545} INFO - Filling up the DagBag from /home/sathya/projects/training-kit/.venv-airflow/lib/python3.10/site-packages/airflow/example_dags/plugins/event_listener.py
[2025-12-26T00:27:33.718+0530] {processor.py:842} WARNING - No viable dags retrieved from /home/sathya/projects/training-kit/.venv-airflow/lib/python3.10/site-packages/airflow/example_dags/plugins/event_listener.py
[2025-12-26T00:27:33.732+0530] {processor.py:183} INFO - Processing /home/sathya/projects/training-kit/.venv-airflow/lib/python3.10/site-packages/airflow/example_dags/plugins/event_listener.py took 0.037 seconds
[2025-12-26T00:28:18.135+0530] {processor.py:161} INFO - Started process (PID=6516) to work on /home/sathya/projects/training-kit/.venv-airflow/lib/python3.10/site-packages/airflow/example_dags/plugins/event_listener.py
[2025-12-26T00:28:18.141+0530] {processor.py:830} INFO - Processing file /home/sathya/projects/training-kit/.venv-airflow/lib/python3.10/site-packages/airflow/example_dags/plugins/event_listener.py for tasks to queue
[2025-12-26T00:28:18.142+0530] {logging_mixin.py:188} INFO - [2025-12-26T00:28:18.142+0530] {dagbag.py:545} INFO - Filling up the DagBag from /home/sathya/projects/training-kit/.venv-airflow/lib/python3.10/site-packages/airflow/example_dags/plugins/event_listener.py
[2025-12-26T00:28:18.145+0530] {processor.py:842} WARNING - No viable dags retrieved from /home/sathya/projects/training-kit/.venv-airflow/lib/python3.10/site-packages/airflow/example_dags/plugins/event_listener.py
[2025-12-26T00:28:18.156+0530] {processor.py:183} INFO - Processing /home/sathya/projects/training-kit/.venv-airflow/lib/python3.10/site-packages/airflow/example_dags/plugins/event_listener.py took 0.027 seconds
[2025-12-26T00:29:03.443+0530] {processor.py:161} INFO - Started process (PID=6568) to work on /home/sathya/projects/training-kit/.venv-airflow/lib/python3.10/site-packages/airflow/example_dags/plugins/event_listener.py
[2025-12-26T00:29:03.451+0530] {processor.py:830} INFO - Processing file /home/sathya/projects/training-kit/.venv-airflow/lib/python3.10/site-packages/airflow/example_dags/plugins/event_listener.py for tasks to queue
[2025-12-26T00:29:03.452+0530] {logging_mixin.py:188} INFO - [2025-12-26T00:29:03.452+0530] {dagbag.py:545} INFO - Filling up the DagBag from /home/sathya/projects/training-kit/.venv-airflow/lib/python3.10/site-packages/airflow/example_dags/plugins/event_listener.py
[2025-12-26T00:29:03.455+0530] {processor.py:842} WARNING - No viable dags retrieved from /home/sathya/projects/training-kit/.venv-airflow/lib/python3.10/site-packages/airflow/example_dags/plugins/event_listener.py
[2025-12-26T00:29:03.465+0530] {processor.py:183} INFO - Processing /home/sathya/projects/training-kit/.venv-airflow/lib/python3.10/site-packages/airflow/example_dags/plugins/event_listener.py took 0.031 seconds
[2025-12-26T00:29:45.563+0530] {processor.py:161} INFO - Started process (PID=6615) to work on /home/sathya/projects/training-kit/.venv-airflow/lib/python3.10/site-packages/airflow/example_dags/plugins/event_listener.py
[2025-12-26T00:29:45.570+0530] {processor.py:830} INFO - Processing file /home/sathya/projects/training-kit/.venv-airflow/lib/python3.10/site-packages/airflow/example_dags/plugins/event_listener.py for tasks to queue
[2025-12-26T00:29:45.572+0530] {logging_mixin.py:188} INFO - [2025-12-26T00:29:45.572+0530] {dagbag.py:545} INFO - Filling up the DagBag from /home/sathya/projects/training-kit/.venv-airflow/lib/python3.10/site-packages/airflow/example_dags/plugins/event_listener.py
[2025-12-26T00:29:45.576+0530] {processor.py:842} WARNING - No viable dags retrieved from /home/sathya/projects/training-kit/.venv-airflow/lib/python3.10/site-packages/airflow/example_dags/plugins/event_listener.py
[2025-12-26T00:29:45.590+0530] {processor.py:183} INFO - Processing /home/sathya/projects/training-kit/.venv-airflow/lib/python3.10/site-packages/airflow/example_dags/plugins/event_listener.py took 0.037 seconds
[2025-12-26T00:30:33.615+0530] {processor.py:161} INFO - Started process (PID=6663) to work on /home/sathya/projects/training-kit/.venv-airflow/lib/python3.10/site-packages/airflow/example_dags/plugins/event_listener.py
[2025-12-26T00:30:33.621+0530] {processor.py:830} INFO - Processing file /home/sathya/projects/training-kit/.venv-airflow/lib/python3.10/site-packages/airflow/example_dags/plugins/event_listener.py for tasks to queue
[2025-12-26T00:30:33.622+0530] {logging_mixin.py:188} INFO - [2025-12-26T00:30:33.622+0530] {dagbag.py:545} INFO - Filling up the DagBag from /home/sathya/projects/training-kit/.venv-airflow/lib/python3.10/site-packages/airflow/example_dags/plugins/event_listener.py
[2025-12-26T00:30:33.625+0530] {processor.py:842} WARNING - No viable dags retrieved from /home/sathya/projects/training-kit/.venv-airflow/lib/python3.10/site-packages/airflow/example_dags/plugins/event_listener.py
[2025-12-26T00:30:33.637+0530] {processor.py:183} INFO - Processing /home/sathya/projects/training-kit/.venv-airflow/lib/python3.10/site-packages/airflow/example_dags/plugins/event_listener.py took 0.037 seconds
[2025-12-26T00:31:25.760+0530] {processor.py:161} INFO - Started process (PID=6715) to work on /home/sathya/projects/training-kit/.venv-airflow/lib/python3.10/site-packages/airflow/example_dags/plugins/event_listener.py
[2025-12-26T00:31:25.766+0530] {processor.py:830} INFO - Processing file /home/sathya/projects/training-kit/.venv-airflow/lib/python3.10/site-packages/airflow/example_dags/plugins/event_listener.py for tasks to queue
[2025-12-26T00:31:25.767+0530] {logging_mixin.py:188} INFO - [2025-12-26T00:31:25.767+0530] {dagbag.py:545} INFO - Filling up the DagBag from /home/sathya/projects/training-kit/.venv-airflow/lib/python3.10/site-packages/airflow/example_dags/plugins/event_listener.py
[2025-12-26T00:31:25.770+0530] {processor.py:842} WARNING - No viable dags retrieved from /home/sathya/projects/training-kit/.venv-airflow/lib/python3.10/site-packages/airflow/example_dags/plugins/event_listener.py
[2025-12-26T00:31:25.782+0530] {processor.py:183} INFO - Processing /home/sathya/projects/training-kit/.venv-airflow/lib/python3.10/site-packages/airflow/example_dags/plugins/event_listener.py took 0.030 seconds
[2025-12-26T00:32:19.364+0530] {processor.py:161} INFO - Started process (PID=6768) to work on /home/sathya/projects/training-kit/.venv-airflow/lib/python3.10/site-packages/airflow/example_dags/plugins/event_listener.py
[2025-12-26T00:32:19.371+0530] {processor.py:830} INFO - Processing file /home/sathya/projects/training-kit/.venv-airflow/lib/python3.10/site-packages/airflow/example_dags/plugins/event_listener.py for tasks to queue
[2025-12-26T00:32:19.372+0530] {logging_mixin.py:188} INFO - [2025-12-26T00:32:19.372+0530] {dagbag.py:545} INFO - Filling up the DagBag from /home/sathya/projects/training-kit/.venv-airflow/lib/python3.10/site-packages/airflow/example_dags/plugins/event_listener.py
[2025-12-26T00:32:19.375+0530] {processor.py:842} WARNING - No viable dags retrieved from /home/sathya/projects/training-kit/.venv-airflow/lib/python3.10/site-packages/airflow/example_dags/plugins/event_listener.py
[2025-12-26T00:32:19.399+0530] {processor.py:183} INFO - Processing /home/sathya/projects/training-kit/.venv-airflow/lib/python3.10/site-packages/airflow/example_dags/plugins/event_listener.py took 0.045 seconds
[2025-12-26T00:33:07.308+0530] {processor.py:161} INFO - Started process (PID=6819) to work on /home/sathya/projects/training-kit/.venv-airflow/lib/python3.10/site-packages/airflow/example_dags/plugins/event_listener.py
[2025-12-26T00:33:07.315+0530] {processor.py:830} INFO - Processing file /home/sathya/projects/training-kit/.venv-airflow/lib/python3.10/site-packages/airflow/example_dags/plugins/event_listener.py for tasks to queue
[2025-12-26T00:33:07.316+0530] {logging_mixin.py:188} INFO - [2025-12-26T00:33:07.316+0530] {dagbag.py:545} INFO - Filling up the DagBag from /home/sathya/projects/training-kit/.venv-airflow/lib/python3.10/site-packages/airflow/example_dags/plugins/event_listener.py
[2025-12-26T00:33:07.319+0530] {processor.py:842} WARNING - No viable dags retrieved from /home/sathya/projects/training-kit/.venv-airflow/lib/python3.10/site-packages/airflow/example_dags/plugins/event_listener.py
[2025-12-26T00:33:07.331+0530] {processor.py:183} INFO - Processing /home/sathya/projects/training-kit/.venv-airflow/lib/python3.10/site-packages/airflow/example_dags/plugins/event_listener.py took 0.033 seconds
[2025-12-26T00:33:52.180+0530] {processor.py:161} INFO - Started process (PID=6865) to work on /home/sathya/projects/training-kit/.venv-airflow/lib/python3.10/site-packages/airflow/example_dags/plugins/event_listener.py
[2025-12-26T00:33:52.186+0530] {processor.py:830} INFO - Processing file /home/sathya/projects/training-kit/.venv-airflow/lib/python3.10/site-packages/airflow/example_dags/plugins/event_listener.py for tasks to queue
[2025-12-26T00:33:52.188+0530] {logging_mixin.py:188} INFO - [2025-12-26T00:33:52.187+0530] {dagbag.py:545} INFO - Filling up the DagBag from /home/sathya/projects/training-kit/.venv-airflow/lib/python3.10/site-packages/airflow/example_dags/plugins/event_listener.py
[2025-12-26T00:33:52.192+0530] {processor.py:842} WARNING - No viable dags retrieved from /home/sathya/projects/training-kit/.venv-airflow/lib/python3.10/site-packages/airflow/example_dags/plugins/event_listener.py
[2025-12-26T00:33:52.204+0530] {processor.py:183} INFO - Processing /home/sathya/projects/training-kit/.venv-airflow/lib/python3.10/site-packages/airflow/example_dags/plugins/event_listener.py took 0.042 seconds
[2025-12-26T00:34:35.810+0530] {processor.py:161} INFO - Started process (PID=6911) to work on /home/sathya/projects/training-kit/.venv-airflow/lib/python3.10/site-packages/airflow/example_dags/plugins/event_listener.py
[2025-12-26T00:34:35.816+0530] {processor.py:830} INFO - Processing file /home/sathya/projects/training-kit/.venv-airflow/lib/python3.10/site-packages/airflow/example_dags/plugins/event_listener.py for tasks to queue
[2025-12-26T00:34:35.818+0530] {logging_mixin.py:188} INFO - [2025-12-26T00:34:35.817+0530] {dagbag.py:545} INFO - Filling up the DagBag from /home/sathya/projects/training-kit/.venv-airflow/lib/python3.10/site-packages/airflow/example_dags/plugins/event_listener.py
[2025-12-26T00:34:35.821+0530] {processor.py:842} WARNING - No viable dags retrieved from /home/sathya/projects/training-kit/.venv-airflow/lib/python3.10/site-packages/airflow/example_dags/plugins/event_listener.py
[2025-12-26T00:34:35.833+0530] {processor.py:183} INFO - Processing /home/sathya/projects/training-kit/.venv-airflow/lib/python3.10/site-packages/airflow/example_dags/plugins/event_listener.py took 0.032 seconds
[2025-12-26T00:35:22.276+0530] {processor.py:161} INFO - Started process (PID=6966) to work on /home/sathya/projects/training-kit/.venv-airflow/lib/python3.10/site-packages/airflow/example_dags/plugins/event_listener.py
[2025-12-26T00:35:22.284+0530] {processor.py:830} INFO - Processing file /home/sathya/projects/training-kit/.venv-airflow/lib/python3.10/site-packages/airflow/example_dags/plugins/event_listener.py for tasks to queue
[2025-12-26T00:35:22.285+0530] {logging_mixin.py:188} INFO - [2025-12-26T00:35:22.284+0530] {dagbag.py:545} INFO - Filling up the DagBag from /home/sathya/projects/training-kit/.venv-airflow/lib/python3.10/site-packages/airflow/example_dags/plugins/event_listener.py
[2025-12-26T00:35:22.288+0530] {processor.py:842} WARNING - No viable dags retrieved from /home/sathya/projects/training-kit/.venv-airflow/lib/python3.10/site-packages/airflow/example_dags/plugins/event_listener.py
[2025-12-26T00:35:22.302+0530] {processor.py:183} INFO - Processing /home/sathya/projects/training-kit/.venv-airflow/lib/python3.10/site-packages/airflow/example_dags/plugins/event_listener.py took 0.033 seconds
[2025-12-26T00:36:13.338+0530] {processor.py:161} INFO - Started process (PID=7015) to work on /home/sathya/projects/training-kit/.venv-airflow/lib/python3.10/site-packages/airflow/example_dags/plugins/event_listener.py
[2025-12-26T00:36:13.345+0530] {processor.py:830} INFO - Processing file /home/sathya/projects/training-kit/.venv-airflow/lib/python3.10/site-packages/airflow/example_dags/plugins/event_listener.py for tasks to queue
[2025-12-26T00:36:13.347+0530] {logging_mixin.py:188} INFO - [2025-12-26T00:36:13.346+0530] {dagbag.py:545} INFO - Filling up the DagBag from /home/sathya/projects/training-kit/.venv-airflow/lib/python3.10/site-packages/airflow/example_dags/plugins/event_listener.py
[2025-12-26T00:36:13.351+0530] {processor.py:842} WARNING - No viable dags retrieved from /home/sathya/projects/training-kit/.venv-airflow/lib/python3.10/site-packages/airflow/example_dags/plugins/event_listener.py
[2025-12-26T00:36:13.364+0530] {processor.py:183} INFO - Processing /home/sathya/projects/training-kit/.venv-airflow/lib/python3.10/site-packages/airflow/example_dags/plugins/event_listener.py took 0.038 seconds
[2025-12-26T00:37:01.117+0530] {processor.py:161} INFO - Started process (PID=7072) to work on /home/sathya/projects/training-kit/.venv-airflow/lib/python3.10/site-packages/airflow/example_dags/plugins/event_listener.py
[2025-12-26T00:37:01.123+0530] {processor.py:830} INFO - Processing file /home/sathya/projects/training-kit/.venv-airflow/lib/python3.10/site-packages/airflow/example_dags/plugins/event_listener.py for tasks to queue
[2025-12-26T00:37:01.124+0530] {logging_mixin.py:188} INFO - [2025-12-26T00:37:01.123+0530] {dagbag.py:545} INFO - Filling up the DagBag from /home/sathya/projects/training-kit/.venv-airflow/lib/python3.10/site-packages/airflow/example_dags/plugins/event_listener.py
[2025-12-26T00:37:01.127+0530] {processor.py:842} WARNING - No viable dags retrieved from /home/sathya/projects/training-kit/.venv-airflow/lib/python3.10/site-packages/airflow/example_dags/plugins/event_listener.py
[2025-12-26T00:37:01.138+0530] {processor.py:183} INFO - Processing /home/sathya/projects/training-kit/.venv-airflow/lib/python3.10/site-packages/airflow/example_dags/plugins/event_listener.py took 0.032 seconds
