[2025-12-27T19:36:47.126+0530] {local_task_job_runner.py:120} INFO - ::group::Pre task execution logs
[2025-12-27T19:36:47.164+0530] {taskinstance.py:2076} INFO - Dependencies all met for dep_context=non-requeueable deps ti=<TaskInstance: example_dynamic_task_mapping.add_one scheduled__2022-12-16T00:00:00+00:00 map_index=2 [queued]>
[2025-12-27T19:36:47.173+0530] {taskinstance.py:2076} INFO - Dependencies all met for dep_context=requeueable deps ti=<TaskInstance: example_dynamic_task_mapping.add_one scheduled__2022-12-16T00:00:00+00:00 map_index=2 [queued]>
[2025-12-27T19:36:47.174+0530] {taskinstance.py:2306} INFO - Starting attempt 1 of 1
[2025-12-27T19:36:47.204+0530] {taskinstance.py:2330} INFO - Executing <Mapped(_PythonDecoratedOperator): add_one> on 2022-12-16 00:00:00+00:00
[2025-12-27T19:36:47.209+0530] {standard_task_runner.py:64} INFO - Started process 1497 to run task
[2025-12-27T19:36:47.215+0530] {standard_task_runner.py:90} INFO - Running: ['airflow', 'tasks', 'run', 'example_dynamic_task_mapping', 'add_one', 'scheduled__2022-12-16T00:00:00+00:00', '--job-id', '1822', '--raw', '--subdir', '/home/sathya/projects/training-kit/.venv-airflow/lib/python3.10/site-packages/airflow/example_dags/example_dynamic_task_mapping.py', '--cfg-path', '/tmp/tmpl30x7fmq', '--map-index', '2']
[2025-12-27T19:36:47.216+0530] {standard_task_runner.py:91} INFO - Job 1822: Subtask add_one
[2025-12-27T19:36:47.269+0530] {task_command.py:426} INFO - Running <TaskInstance: example_dynamic_task_mapping.add_one scheduled__2022-12-16T00:00:00+00:00 map_index=2 [running]> on host LAPTOP-A1PMOBSE.localdomain
[2025-12-27T19:36:47.364+0530] {taskinstance.py:2648} INFO - Exporting env vars: AIRFLOW_CTX_DAG_OWNER='airflow' AIRFLOW_CTX_DAG_ID='example_dynamic_task_mapping' AIRFLOW_CTX_TASK_ID='add_one' AIRFLOW_CTX_EXECUTION_DATE='2022-12-16T00:00:00+00:00' AIRFLOW_CTX_TRY_NUMBER='1' AIRFLOW_CTX_DAG_RUN_ID='scheduled__2022-12-16T00:00:00+00:00'
[2025-12-27T19:36:47.366+0530] {taskinstance.py:430} INFO - ::endgroup::
[2025-12-27T19:36:47.367+0530] {python.py:237} INFO - Done. Returned value was: 4
[2025-12-27T19:36:47.367+0530] {taskinstance.py:441} INFO - ::group::Post task execution logs
[2025-12-27T19:36:47.389+0530] {taskinstance.py:1206} INFO - Marking task as SUCCESS. dag_id=example_dynamic_task_mapping, task_id=add_one, run_id=scheduled__2022-12-16T00:00:00+00:00, map_index=2, execution_date=20221216T000000, start_date=20251227T140647, end_date=20251227T140647
[2025-12-27T19:36:47.428+0530] {local_task_job_runner.py:243} INFO - Task exited with return code 0
[2025-12-27T19:36:47.455+0530] {taskinstance.py:3503} INFO - 1 downstream tasks scheduled from follow-on schedule check
[2025-12-27T19:36:47.466+0530] {local_task_job_runner.py:222} INFO - ::endgroup::
[2026-03-11T22:51:25.686+0530] {local_task_job_runner.py:120} INFO - ::group::Pre task execution logs
[2026-03-11T22:51:25.703+0530] {taskinstance.py:2076} INFO - Dependencies all met for dep_context=non-requeueable deps ti=<TaskInstance: example_dynamic_task_mapping.add_one scheduled__2022-12-16T00:00:00+00:00 map_index=2 [queued]>
[2026-03-11T22:51:25.707+0530] {taskinstance.py:2076} INFO - Dependencies all met for dep_context=requeueable deps ti=<TaskInstance: example_dynamic_task_mapping.add_one scheduled__2022-12-16T00:00:00+00:00 map_index=2 [queued]>
[2026-03-11T22:51:25.708+0530] {taskinstance.py:2306} INFO - Starting attempt 1 of 1
[2026-03-11T22:51:25.724+0530] {taskinstance.py:2330} INFO - Executing <Mapped(_PythonDecoratedOperator): add_one> on 2022-12-16 00:00:00+00:00
[2026-03-11T22:51:25.730+0530] {standard_task_runner.py:64} INFO - Started process 11133 to run task
[2026-03-11T22:51:25.733+0530] {standard_task_runner.py:90} INFO - Running: ['airflow', 'tasks', 'run', 'example_dynamic_task_mapping', 'add_one', 'scheduled__2022-12-16T00:00:00+00:00', '--job-id', '2129', '--raw', '--subdir', '/home/sathya/projects/training-kit/.venv-airflow/lib/python3.10/site-packages/airflow/example_dags/example_dynamic_task_mapping.py', '--cfg-path', '/tmp/tmpila62xgh', '--map-index', '2']
[2026-03-11T22:51:25.734+0530] {standard_task_runner.py:91} INFO - Job 2129: Subtask add_one
[2026-03-11T22:51:25.769+0530] {task_command.py:426} INFO - Running <TaskInstance: example_dynamic_task_mapping.add_one scheduled__2022-12-16T00:00:00+00:00 map_index=2 [running]> on host LAPTOP-A1PMOBSE.localdomain
[2026-03-11T22:51:25.832+0530] {taskinstance.py:2648} INFO - Exporting env vars: AIRFLOW_CTX_DAG_OWNER='airflow' AIRFLOW_CTX_DAG_ID='example_dynamic_task_mapping' AIRFLOW_CTX_TASK_ID='add_one' AIRFLOW_CTX_EXECUTION_DATE='2022-12-16T00:00:00+00:00' AIRFLOW_CTX_TRY_NUMBER='1' AIRFLOW_CTX_DAG_RUN_ID='scheduled__2022-12-16T00:00:00+00:00'
[2026-03-11T22:51:25.834+0530] {taskinstance.py:430} INFO - ::endgroup::
[2026-03-11T22:51:25.834+0530] {python.py:237} INFO - Done. Returned value was: 4
[2026-03-11T22:51:25.834+0530] {taskinstance.py:441} INFO - ::group::Post task execution logs
[2026-03-11T22:51:25.850+0530] {taskinstance.py:1206} INFO - Marking task as SUCCESS. dag_id=example_dynamic_task_mapping, task_id=add_one, run_id=scheduled__2022-12-16T00:00:00+00:00, map_index=2, execution_date=20221216T000000, start_date=20260311T172125, end_date=20260311T172125
[2026-03-11T22:51:25.868+0530] {local_task_job_runner.py:243} INFO - Task exited with return code 0
[2026-03-11T22:51:25.880+0530] {taskinstance.py:3503} INFO - 1 downstream tasks scheduled from follow-on schedule check
[2026-03-11T22:51:25.887+0530] {local_task_job_runner.py:222} INFO - ::endgroup::
