[2025-12-26T22:43:19.417+0530] {local_task_job_runner.py:120} INFO - ::group::Pre task execution logs
[2025-12-26T22:43:19.433+0530] {taskinstance.py:2076} INFO - Dependencies all met for dep_context=non-requeueable deps ti=<TaskInstance: example_dynamic_task_mapping.add_one scheduled__2022-08-07T00:00:00+00:00 map_index=0 [queued]>
[2025-12-26T22:43:19.437+0530] {taskinstance.py:2076} INFO - Dependencies all met for dep_context=requeueable deps ti=<TaskInstance: example_dynamic_task_mapping.add_one scheduled__2022-08-07T00:00:00+00:00 map_index=0 [queued]>
[2025-12-26T22:43:19.437+0530] {taskinstance.py:2306} INFO - Starting attempt 1 of 1
[2025-12-26T22:43:19.458+0530] {taskinstance.py:2330} INFO - Executing <Mapped(_PythonDecoratedOperator): add_one> on 2022-08-07 00:00:00+00:00
[2025-12-26T22:43:19.460+0530] {standard_task_runner.py:64} INFO - Started process 8674 to run task
[2025-12-26T22:43:19.463+0530] {standard_task_runner.py:90} INFO - Running: ['airflow', 'tasks', 'run', 'example_dynamic_task_mapping', 'add_one', 'scheduled__2022-08-07T00:00:00+00:00', '--job-id', '946', '--raw', '--subdir', '/home/sathya/projects/training-kit/.venv-airflow/lib/python3.10/site-packages/airflow/example_dags/example_dynamic_task_mapping.py', '--cfg-path', '/tmp/tmppb26o3h8', '--map-index', '0']
[2025-12-26T22:43:19.463+0530] {standard_task_runner.py:91} INFO - Job 946: Subtask add_one
[2025-12-26T22:43:19.492+0530] {task_command.py:426} INFO - Running <TaskInstance: example_dynamic_task_mapping.add_one scheduled__2022-08-07T00:00:00+00:00 map_index=0 [running]> on host LAPTOP-A1PMOBSE.localdomain
[2025-12-26T22:43:19.548+0530] {taskinstance.py:2648} INFO - Exporting env vars: AIRFLOW_CTX_DAG_OWNER='airflow' AIRFLOW_CTX_DAG_ID='example_dynamic_task_mapping' AIRFLOW_CTX_TASK_ID='add_one' AIRFLOW_CTX_EXECUTION_DATE='2022-08-07T00:00:00+00:00' AIRFLOW_CTX_TRY_NUMBER='1' AIRFLOW_CTX_DAG_RUN_ID='scheduled__2022-08-07T00:00:00+00:00'
[2025-12-26T22:43:19.549+0530] {taskinstance.py:430} INFO - ::endgroup::
[2025-12-26T22:43:19.549+0530] {python.py:237} INFO - Done. Returned value was: 2
[2025-12-26T22:43:19.549+0530] {taskinstance.py:441} INFO - ::group::Post task execution logs
[2025-12-26T22:43:19.561+0530] {taskinstance.py:1206} INFO - Marking task as SUCCESS. dag_id=example_dynamic_task_mapping, task_id=add_one, run_id=scheduled__2022-08-07T00:00:00+00:00, map_index=0, execution_date=20220807T000000, start_date=20251226T171319, end_date=20251226T171319
[2025-12-26T22:43:19.596+0530] {local_task_job_runner.py:243} INFO - Task exited with return code 0
[2025-12-26T22:43:19.618+0530] {taskinstance.py:3503} INFO - 0 downstream tasks scheduled from follow-on schedule check
[2025-12-26T22:43:19.618+0530] {local_task_job_runner.py:222} INFO - ::endgroup::
[2026-03-10T23:30:31.953+0530] {local_task_job_runner.py:120} INFO - ::group::Pre task execution logs
[2026-03-10T23:30:32.021+0530] {taskinstance.py:2076} INFO - Dependencies all met for dep_context=non-requeueable deps ti=<TaskInstance: example_dynamic_task_mapping.add_one scheduled__2022-08-07T00:00:00+00:00 map_index=0 [queued]>
[2026-03-10T23:30:32.038+0530] {taskinstance.py:2076} INFO - Dependencies all met for dep_context=requeueable deps ti=<TaskInstance: example_dynamic_task_mapping.add_one scheduled__2022-08-07T00:00:00+00:00 map_index=0 [queued]>
[2026-03-10T23:30:32.038+0530] {taskinstance.py:2306} INFO - Starting attempt 1 of 1
[2026-03-10T23:30:32.104+0530] {taskinstance.py:2330} INFO - Executing <Mapped(_PythonDecoratedOperator): add_one> on 2022-08-07 00:00:00+00:00
[2026-03-10T23:30:32.126+0530] {standard_task_runner.py:64} INFO - Started process 12154 to run task
[2026-03-10T23:30:32.143+0530] {standard_task_runner.py:90} INFO - Running: ['airflow', 'tasks', 'run', 'example_dynamic_task_mapping', 'add_one', 'scheduled__2022-08-07T00:00:00+00:00', '--job-id', '1094', '--raw', '--subdir', '/home/sathya/projects/training-kit/.venv-airflow/lib/python3.10/site-packages/airflow/example_dags/example_dynamic_task_mapping.py', '--cfg-path', '/tmp/tmpe5w37lyx', '--map-index', '0']
[2026-03-10T23:30:32.149+0530] {standard_task_runner.py:91} INFO - Job 1094: Subtask add_one
[2026-03-10T23:30:32.297+0530] {task_command.py:426} INFO - Running <TaskInstance: example_dynamic_task_mapping.add_one scheduled__2022-08-07T00:00:00+00:00 map_index=0 [running]> on host LAPTOP-A1PMOBSE.localdomain
[2026-03-10T23:30:32.517+0530] {taskinstance.py:2648} INFO - Exporting env vars: AIRFLOW_CTX_DAG_OWNER='airflow' AIRFLOW_CTX_DAG_ID='example_dynamic_task_mapping' AIRFLOW_CTX_TASK_ID='add_one' AIRFLOW_CTX_EXECUTION_DATE='2022-08-07T00:00:00+00:00' AIRFLOW_CTX_TRY_NUMBER='1' AIRFLOW_CTX_DAG_RUN_ID='scheduled__2022-08-07T00:00:00+00:00'
[2026-03-10T23:30:32.522+0530] {taskinstance.py:430} INFO - ::endgroup::
[2026-03-10T23:30:32.524+0530] {python.py:237} INFO - Done. Returned value was: 2
[2026-03-10T23:30:32.525+0530] {taskinstance.py:441} INFO - ::group::Post task execution logs
[2026-03-10T23:30:32.570+0530] {taskinstance.py:1206} INFO - Marking task as SUCCESS. dag_id=example_dynamic_task_mapping, task_id=add_one, run_id=scheduled__2022-08-07T00:00:00+00:00, map_index=0, execution_date=20220807T000000, start_date=20260310T180032, end_date=20260310T180032
[2026-03-10T23:30:32.669+0530] {local_task_job_runner.py:243} INFO - Task exited with return code 0
[2026-03-10T23:30:32.729+0530] {taskinstance.py:3503} INFO - 0 downstream tasks scheduled from follow-on schedule check
[2026-03-10T23:30:32.731+0530] {local_task_job_runner.py:222} INFO - ::endgroup::
