[2026-03-10T21:05:42.950+0530] {local_task_job_runner.py:120} INFO - ::group::Pre task execution logs
[2026-03-10T21:05:42.980+0530] {taskinstance.py:2076} INFO - Dependencies all met for dep_context=non-requeueable deps ti=<TaskInstance: daily_elt.meltano_extract manual__2026-03-09T16:56:19.719507+00:00 [queued]>
[2026-03-10T21:05:42.986+0530] {taskinstance.py:2076} INFO - Dependencies all met for dep_context=requeueable deps ti=<TaskInstance: daily_elt.meltano_extract manual__2026-03-09T16:56:19.719507+00:00 [queued]>
[2026-03-10T21:05:42.986+0530] {taskinstance.py:2306} INFO - Starting attempt 1 of 2
[2026-03-10T21:05:43.010+0530] {taskinstance.py:2330} INFO - Executing <Task(BashOperator): meltano_extract> on 2026-03-09 16:56:19.719507+00:00
[2026-03-10T21:05:43.016+0530] {standard_task_runner.py:64} INFO - Started process 670 to run task
[2026-03-10T21:05:43.021+0530] {standard_task_runner.py:90} INFO - Running: ['airflow', 'tasks', 'run', 'daily_elt', 'meltano_extract', 'manual__2026-03-09T16:56:19.719507+00:00', '--job-id', '44', '--raw', '--subdir', 'DAGS_FOLDER/elt_dag.py', '--cfg-path', '/tmp/tmprpbjkxll']
[2026-03-10T21:05:43.023+0530] {standard_task_runner.py:91} INFO - Job 44: Subtask meltano_extract
[2026-03-10T21:05:43.077+0530] {task_command.py:426} INFO - Running <TaskInstance: daily_elt.meltano_extract manual__2026-03-09T16:56:19.719507+00:00 [running]> on host LAPTOP-A1PMOBSE.localdomain
[2026-03-10T21:05:43.180+0530] {taskinstance.py:2648} INFO - Exporting env vars: AIRFLOW_CTX_DAG_OWNER='data-eng' AIRFLOW_CTX_DAG_ID='daily_elt' AIRFLOW_CTX_TASK_ID='meltano_extract' AIRFLOW_CTX_EXECUTION_DATE='2026-03-09T16:56:19.719507+00:00' AIRFLOW_CTX_TRY_NUMBER='1' AIRFLOW_CTX_DAG_RUN_ID='manual__2026-03-09T16:56:19.719507+00:00'
[2026-03-10T21:05:43.183+0530] {taskinstance.py:430} INFO - ::endgroup::
[2026-03-10T21:05:43.184+0530] {subprocess.py:63} INFO - Tmp dir root location: /tmp
[2026-03-10T21:05:43.185+0530] {subprocess.py:75} INFO - Running command: ['/usr/bin/bash', '-c', 'cd ~/projects/training-kit/training-meltano && meltano elt tap-csv target-postgres']
[2026-03-10T21:05:43.199+0530] {subprocess.py:86} INFO - Output:
[2026-03-10T21:05:44.081+0530] {subprocess.py:93} INFO - [2m2026-03-10T15:35:44.081251Z[0m [[32m[1minfo     [0m] [1mEnvironment 'dev' is active   [0m
[2026-03-10T21:05:44.104+0530] {subprocess.py:93} INFO - [2m2026-03-10T15:35:44.103712Z[0m [[33m[1mwarning  [0m] [1mA new version of Meltano is available (v4.1.2) and you are currently running v4.0.8. For more information, visit: https://docs.meltano.com/getting-started/installation.[0m
[2026-03-10T21:05:44.235+0530] {subprocess.py:93} INFO - [2m2026-03-10T15:35:44.234913Z[0m [[33m[1mwarning  [0m] [1mThe `elt` command is deprecated in favor of `el`[0m
[2026-03-10T21:05:44.739+0530] {subprocess.py:93} INFO - [2m2026-03-10T15:35:44.739526Z[0m [[32m[1minfo     [0m] [1mRunning extract & load...     [0m [36mname[0m=[35mmeltano[0m
[2026-03-10T21:05:46.091+0530] {subprocess.py:93} INFO - [2m2026-03-10T15:35:46.090951Z[0m [[32m[1minfo     [0m] [1mtap-csv v1.2.0, Meltano SDK v0.53.4[0m [36mname[0m=[35mtap-csv[0m
[2026-03-10T21:05:46.092+0530] {subprocess.py:93} INFO - [2m2026-03-10T15:35:46.091701Z[0m [[32m[1minfo     [0m] [1mSkipping parse of env var settings...[0m [36mname[0m=[35mtap-csv[0m
[2026-03-10T21:05:46.092+0530] {subprocess.py:93} INFO - [2m2026-03-10T15:35:46.092631Z[0m [[32m[1minfo     [0m] [1mBeginning sync of 'people' in full_table mode[0m [36mname[0m=[35mtap-csv[0m
[2026-03-10T21:05:46.094+0530] {subprocess.py:93} INFO - [2m2026-03-10T15:35:46.094190Z[0m [[32m[1minfo     [0m] [1mMETRIC: {"type":"timer","metric":"sync_duration","value":0.0007214546203613281,"tags":{"stream":"people","pid":675,"context":{},"status":"succeeded"}}[0m [36mname[0m=[35mtap-csv[0m
[2026-03-10T21:05:46.094+0530] {subprocess.py:93} INFO - [2m2026-03-10T15:35:46.094462Z[0m [[32m[1minfo     [0m] [1mMETRIC: {"type":"counter","metric":"record_count","value":3,"tags":{"stream":"people","pid":675,"context":{}}}[0m [36mname[0m=[35mtap-csv[0m
[2026-03-10T21:05:46.345+0530] {subprocess.py:93} INFO - [2m2026-03-10T15:35:46.344408Z[0m [[32m[1minfo     [0m] [1mtarget-postgres v0.6.3, Meltano SDK v0.53.4[0m [36mname[0m=[35mtarget-postgres[0m
[2026-03-10T21:05:46.345+0530] {subprocess.py:93} INFO - [2m2026-03-10T15:35:46.344888Z[0m [[32m[1minfo     [0m] [1mSkipping parse of env var settings...[0m [36mname[0m=[35mtarget-postgres[0m
[2026-03-10T21:05:46.346+0530] {subprocess.py:93} INFO - [2m2026-03-10T15:35:46.345227Z[0m [[33m[1mwarning  [0m] [1mThe `dialect+driver` configuration option is deprecated. Please set it to `postgresql+psycopg`, as this will be the hard-coded value in the future.[0m [36mname[0m=[35mtarget-postgres[0m
[2026-03-10T21:05:46.493+0530] {subprocess.py:93} INFO - [2m2026-03-10T15:35:46.493176Z[0m [[32m[1minfo     [0m] [1mReader 'target-postgres' completed processing 5 lines of input (1 schemas, 3 records, 0 batch manifests, 1 state messages, 0 activate version messages).[0m [36mname[0m=[35mtarget-postgres[0m
[2026-03-10T21:05:46.536+0530] {subprocess.py:93} INFO - [2m2026-03-10T15:35:46.535715Z[0m [[32m[1minfo     [0m] [1mInserting with SQL: INSERT INTO "77576eb3_aca5_4d70_8fd6_3d0df3e7e733" (id, name, age, _sdc_extracted_at, _sdc_received_at, _sdc_batched_at, _sdc_deleted_at, _sdc_sequence, _sdc_table_version, _sdc_sync_started_at) VALUES (:id, :name, :age, :_sdc_extracted_at, :_sdc_received_at, :_sdc_batched_at, :_sdc_deleted_at, :_sdc_sequence, :_sdc_table_version, :_sdc_sync_started_at)[0m [36mname[0m=[35mtarget-postgres[0m
[2026-03-10T21:05:46.569+0530] {subprocess.py:93} INFO - [2m2026-03-10T15:35:46.568139Z[0m [[32m[1minfo     [0m] [1mMETRIC                        [0m [36mmetric_name[0m=[35mbatch_processing_time[0m [36mmetric_value[0m=[35m0.04733157157897949[0m [36mname[0m=[35mtarget-postgres[0m
[2026-03-10T21:05:46.570+0530] {subprocess.py:93} INFO - [2m2026-03-10T15:35:46.568907Z[0m [[32m[1minfo     [0m] [1mMETRIC                        [0m [36mmetric_name[0m=[35mrecord_count[0m [36mmetric_value[0m=[35m3[0m [36mname[0m=[35mtarget-postgres[0m
[2026-03-10T21:05:46.606+0530] {subprocess.py:93} INFO - [2m2026-03-10T15:35:46.598607Z[0m [[32m[1minfo     [0m] [1mUsing systemdb state backend  [0m
[2026-03-10T21:05:46.627+0530] {subprocess.py:93} INFO - [2m2026-03-10T15:35:46.626572Z[0m [[32m[1minfo     [0m] [1mIncremental state has been updated at 2026-03-10 15:35:46.626484+00:00.[0m
[2026-03-10T21:05:46.738+0530] {subprocess.py:93} INFO - [2m2026-03-10T15:35:46.738398Z[0m [[32m[1minfo     [0m] [1mExtract & load complete!      [0m [36mname[0m=[35mmeltano[0m
[2026-03-10T21:05:46.739+0530] {subprocess.py:93} INFO - [2m2026-03-10T15:35:46.738752Z[0m [[32m[1minfo     [0m] [1mTransformation skipped.       [0m [36mname[0m=[35mmeltano[0m
[2026-03-10T21:05:48.174+0530] {subprocess.py:97} INFO - Command exited with return code 0
[2026-03-10T21:05:48.176+0530] {taskinstance.py:441} INFO - ::group::Post task execution logs
[2026-03-10T21:05:48.212+0530] {taskinstance.py:1206} INFO - Marking task as SUCCESS. dag_id=daily_elt, task_id=meltano_extract, run_id=manual__2026-03-09T16:56:19.719507+00:00, execution_date=20260309T165619, start_date=20260310T153542, end_date=20260310T153548
[2026-03-10T21:05:48.240+0530] {local_task_job_runner.py:243} INFO - Task exited with return code 0
[2026-03-10T21:05:48.274+0530] {taskinstance.py:3503} INFO - 1 downstream tasks scheduled from follow-on schedule check
[2026-03-10T21:05:48.287+0530] {local_task_job_runner.py:222} INFO - ::endgroup::
