[2025-12-26T22:51:44.190+0530] {local_task_job_runner.py:120} INFO - ::group::Pre task execution logs
[2025-12-26T22:51:44.207+0530] {taskinstance.py:2076} INFO - Dependencies all met for dep_context=non-requeueable deps ti=<TaskInstance: example_dynamic_task_mapping.add_one scheduled__2022-09-15T00:00:00+00:00 map_index=1 [queued]>
[2025-12-26T22:51:44.211+0530] {taskinstance.py:2076} INFO - Dependencies all met for dep_context=requeueable deps ti=<TaskInstance: example_dynamic_task_mapping.add_one scheduled__2022-09-15T00:00:00+00:00 map_index=1 [queued]>
[2025-12-26T22:51:44.211+0530] {taskinstance.py:2306} INFO - Starting attempt 1 of 1
[2025-12-26T22:51:44.226+0530] {taskinstance.py:2330} INFO - Executing <Mapped(_PythonDecoratedOperator): add_one> on 2022-09-15 00:00:00+00:00
[2025-12-26T22:51:44.229+0530] {standard_task_runner.py:64} INFO - Started process 9729 to run task
[2025-12-26T22:51:44.232+0530] {standard_task_runner.py:90} INFO - Running: ['airflow', 'tasks', 'run', 'example_dynamic_task_mapping', 'add_one', 'scheduled__2022-09-15T00:00:00+00:00', '--job-id', '1143', '--raw', '--subdir', '/home/sathya/projects/training-kit/.venv-airflow/lib/python3.10/site-packages/airflow/example_dags/example_dynamic_task_mapping.py', '--cfg-path', '/tmp/tmpll1c3g17', '--map-index', '1']
[2025-12-26T22:51:44.233+0530] {standard_task_runner.py:91} INFO - Job 1143: Subtask add_one
[2025-12-26T22:51:44.266+0530] {task_command.py:426} INFO - Running <TaskInstance: example_dynamic_task_mapping.add_one scheduled__2022-09-15T00:00:00+00:00 map_index=1 [running]> on host LAPTOP-A1PMOBSE.localdomain
[2025-12-26T22:51:44.326+0530] {taskinstance.py:2648} INFO - Exporting env vars: AIRFLOW_CTX_DAG_OWNER='airflow' AIRFLOW_CTX_DAG_ID='example_dynamic_task_mapping' AIRFLOW_CTX_TASK_ID='add_one' AIRFLOW_CTX_EXECUTION_DATE='2022-09-15T00:00:00+00:00' AIRFLOW_CTX_TRY_NUMBER='1' AIRFLOW_CTX_DAG_RUN_ID='scheduled__2022-09-15T00:00:00+00:00'
[2025-12-26T22:51:44.327+0530] {taskinstance.py:430} INFO - ::endgroup::
[2025-12-26T22:51:44.327+0530] {python.py:237} INFO - Done. Returned value was: 3
[2025-12-26T22:51:44.327+0530] {taskinstance.py:441} INFO - ::group::Post task execution logs
[2025-12-26T22:51:44.340+0530] {taskinstance.py:1206} INFO - Marking task as SUCCESS. dag_id=example_dynamic_task_mapping, task_id=add_one, run_id=scheduled__2022-09-15T00:00:00+00:00, map_index=1, execution_date=20220915T000000, start_date=20251226T172144, end_date=20251226T172144
[2025-12-26T22:51:44.373+0530] {local_task_job_runner.py:243} INFO - Task exited with return code 0
[2025-12-26T22:51:44.386+0530] {taskinstance.py:3503} INFO - 0 downstream tasks scheduled from follow-on schedule check
[2025-12-26T22:51:44.387+0530] {local_task_job_runner.py:222} INFO - ::endgroup::
[2026-03-10T23:53:08.006+0530] {local_task_job_runner.py:120} INFO - ::group::Pre task execution logs
[2026-03-10T23:53:08.060+0530] {taskinstance.py:2076} INFO - Dependencies all met for dep_context=non-requeueable deps ti=<TaskInstance: example_dynamic_task_mapping.add_one scheduled__2022-09-15T00:00:00+00:00 map_index=1 [queued]>
[2026-03-10T23:53:08.074+0530] {taskinstance.py:2076} INFO - Dependencies all met for dep_context=requeueable deps ti=<TaskInstance: example_dynamic_task_mapping.add_one scheduled__2022-09-15T00:00:00+00:00 map_index=1 [queued]>
[2026-03-10T23:53:08.075+0530] {taskinstance.py:2306} INFO - Starting attempt 1 of 1
[2026-03-10T23:53:08.119+0530] {taskinstance.py:2330} INFO - Executing <Mapped(_PythonDecoratedOperator): add_one> on 2022-09-15 00:00:00+00:00
[2026-03-10T23:53:08.131+0530] {standard_task_runner.py:64} INFO - Started process 15505 to run task
[2026-03-10T23:53:08.140+0530] {standard_task_runner.py:90} INFO - Running: ['airflow', 'tasks', 'run', 'example_dynamic_task_mapping', 'add_one', 'scheduled__2022-09-15T00:00:00+00:00', '--job-id', '1413', '--raw', '--subdir', '/home/sathya/projects/training-kit/.venv-airflow/lib/python3.10/site-packages/airflow/example_dags/example_dynamic_task_mapping.py', '--cfg-path', '/tmp/tmpby1r55ap', '--map-index', '1']
[2026-03-10T23:53:08.144+0530] {standard_task_runner.py:91} INFO - Job 1413: Subtask add_one
[2026-03-10T23:53:08.239+0530] {task_command.py:426} INFO - Running <TaskInstance: example_dynamic_task_mapping.add_one scheduled__2022-09-15T00:00:00+00:00 map_index=1 [running]> on host LAPTOP-A1PMOBSE.localdomain
[2026-03-10T23:53:08.425+0530] {taskinstance.py:2648} INFO - Exporting env vars: AIRFLOW_CTX_DAG_OWNER='airflow' AIRFLOW_CTX_DAG_ID='example_dynamic_task_mapping' AIRFLOW_CTX_TASK_ID='add_one' AIRFLOW_CTX_EXECUTION_DATE='2022-09-15T00:00:00+00:00' AIRFLOW_CTX_TRY_NUMBER='1' AIRFLOW_CTX_DAG_RUN_ID='scheduled__2022-09-15T00:00:00+00:00'
[2026-03-10T23:53:08.428+0530] {taskinstance.py:430} INFO - ::endgroup::
[2026-03-10T23:53:08.429+0530] {python.py:237} INFO - Done. Returned value was: 3
[2026-03-10T23:53:08.430+0530] {taskinstance.py:441} INFO - ::group::Post task execution logs
[2026-03-10T23:53:08.476+0530] {taskinstance.py:1206} INFO - Marking task as SUCCESS. dag_id=example_dynamic_task_mapping, task_id=add_one, run_id=scheduled__2022-09-15T00:00:00+00:00, map_index=1, execution_date=20220915T000000, start_date=20260310T182308, end_date=20260310T182308
[2026-03-10T23:53:08.538+0530] {local_task_job_runner.py:243} INFO - Task exited with return code 0
[2026-03-10T23:53:08.587+0530] {taskinstance.py:3503} INFO - 0 downstream tasks scheduled from follow-on schedule check
[2026-03-10T23:53:08.589+0530] {local_task_job_runner.py:222} INFO - ::endgroup::
