[2025-12-27T19:45:39.140+0530] {local_task_job_runner.py:120} INFO - ::group::Pre task execution logs
[2025-12-27T19:45:39.162+0530] {taskinstance.py:2076} INFO - Dependencies all met for dep_context=non-requeueable deps ti=<TaskInstance: example_dynamic_task_mapping.add_one scheduled__2023-01-05T00:00:00+00:00 map_index=0 [queued]>
[2025-12-27T19:45:39.170+0530] {taskinstance.py:2076} INFO - Dependencies all met for dep_context=requeueable deps ti=<TaskInstance: example_dynamic_task_mapping.add_one scheduled__2023-01-05T00:00:00+00:00 map_index=0 [queued]>
[2025-12-27T19:45:39.170+0530] {taskinstance.py:2306} INFO - Starting attempt 1 of 1
[2025-12-27T19:45:39.186+0530] {taskinstance.py:2330} INFO - Executing <Mapped(_PythonDecoratedOperator): add_one> on 2023-01-05 00:00:00+00:00
[2025-12-27T19:45:39.190+0530] {standard_task_runner.py:64} INFO - Started process 1830 to run task
[2025-12-27T19:45:39.194+0530] {standard_task_runner.py:90} INFO - Running: ['airflow', 'tasks', 'run', 'example_dynamic_task_mapping', 'add_one', 'scheduled__2023-01-05T00:00:00+00:00', '--job-id', '1945', '--raw', '--subdir', '/home/sathya/projects/training-kit/.venv-airflow/lib/python3.10/site-packages/airflow/example_dags/example_dynamic_task_mapping.py', '--cfg-path', '/tmp/tmpzq5doeeo', '--map-index', '0']
[2025-12-27T19:45:39.195+0530] {standard_task_runner.py:91} INFO - Job 1945: Subtask add_one
[2025-12-27T19:45:39.235+0530] {task_command.py:426} INFO - Running <TaskInstance: example_dynamic_task_mapping.add_one scheduled__2023-01-05T00:00:00+00:00 map_index=0 [running]> on host LAPTOP-A1PMOBSE.localdomain
[2025-12-27T19:45:39.328+0530] {taskinstance.py:2648} INFO - Exporting env vars: AIRFLOW_CTX_DAG_OWNER='airflow' AIRFLOW_CTX_DAG_ID='example_dynamic_task_mapping' AIRFLOW_CTX_TASK_ID='add_one' AIRFLOW_CTX_EXECUTION_DATE='2023-01-05T00:00:00+00:00' AIRFLOW_CTX_TRY_NUMBER='1' AIRFLOW_CTX_DAG_RUN_ID='scheduled__2023-01-05T00:00:00+00:00'
[2025-12-27T19:45:39.329+0530] {taskinstance.py:430} INFO - ::endgroup::
[2025-12-27T19:45:39.330+0530] {python.py:237} INFO - Done. Returned value was: 2
[2025-12-27T19:45:39.330+0530] {taskinstance.py:441} INFO - ::group::Post task execution logs
[2025-12-27T19:45:39.350+0530] {taskinstance.py:1206} INFO - Marking task as SUCCESS. dag_id=example_dynamic_task_mapping, task_id=add_one, run_id=scheduled__2023-01-05T00:00:00+00:00, map_index=0, execution_date=20230105T000000, start_date=20251227T141539, end_date=20251227T141539
[2025-12-27T19:45:39.407+0530] {local_task_job_runner.py:243} INFO - Task exited with return code 0
[2025-12-27T19:45:39.435+0530] {taskinstance.py:3503} INFO - 0 downstream tasks scheduled from follow-on schedule check
[2025-12-27T19:45:39.435+0530] {local_task_job_runner.py:222} INFO - ::endgroup::
[2026-03-11T22:57:40.877+0530] {local_task_job_runner.py:120} INFO - ::group::Pre task execution logs
[2026-03-11T22:57:40.894+0530] {taskinstance.py:2076} INFO - Dependencies all met for dep_context=non-requeueable deps ti=<TaskInstance: example_dynamic_task_mapping.add_one scheduled__2023-01-05T00:00:00+00:00 map_index=0 [queued]>
[2026-03-11T22:57:40.898+0530] {taskinstance.py:2076} INFO - Dependencies all met for dep_context=requeueable deps ti=<TaskInstance: example_dynamic_task_mapping.add_one scheduled__2023-01-05T00:00:00+00:00 map_index=0 [queued]>
[2026-03-11T22:57:40.898+0530] {taskinstance.py:2306} INFO - Starting attempt 1 of 1
[2026-03-11T22:57:40.912+0530] {taskinstance.py:2330} INFO - Executing <Mapped(_PythonDecoratedOperator): add_one> on 2023-01-05 00:00:00+00:00
[2026-03-11T22:57:40.916+0530] {standard_task_runner.py:64} INFO - Started process 12226 to run task
[2026-03-11T22:57:40.919+0530] {standard_task_runner.py:90} INFO - Running: ['airflow', 'tasks', 'run', 'example_dynamic_task_mapping', 'add_one', 'scheduled__2023-01-05T00:00:00+00:00', '--job-id', '2238', '--raw', '--subdir', '/home/sathya/projects/training-kit/.venv-airflow/lib/python3.10/site-packages/airflow/example_dags/example_dynamic_task_mapping.py', '--cfg-path', '/tmp/tmp8dyzr_7q', '--map-index', '0']
[2026-03-11T22:57:40.920+0530] {standard_task_runner.py:91} INFO - Job 2238: Subtask add_one
[2026-03-11T22:57:40.954+0530] {task_command.py:426} INFO - Running <TaskInstance: example_dynamic_task_mapping.add_one scheduled__2023-01-05T00:00:00+00:00 map_index=0 [running]> on host LAPTOP-A1PMOBSE.localdomain
[2026-03-11T22:57:41.024+0530] {taskinstance.py:2648} INFO - Exporting env vars: AIRFLOW_CTX_DAG_OWNER='airflow' AIRFLOW_CTX_DAG_ID='example_dynamic_task_mapping' AIRFLOW_CTX_TASK_ID='add_one' AIRFLOW_CTX_EXECUTION_DATE='2023-01-05T00:00:00+00:00' AIRFLOW_CTX_TRY_NUMBER='1' AIRFLOW_CTX_DAG_RUN_ID='scheduled__2023-01-05T00:00:00+00:00'
[2026-03-11T22:57:41.025+0530] {taskinstance.py:430} INFO - ::endgroup::
[2026-03-11T22:57:41.025+0530] {python.py:237} INFO - Done. Returned value was: 2
[2026-03-11T22:57:41.025+0530] {taskinstance.py:441} INFO - ::group::Post task execution logs
[2026-03-11T22:57:41.041+0530] {taskinstance.py:1206} INFO - Marking task as SUCCESS. dag_id=example_dynamic_task_mapping, task_id=add_one, run_id=scheduled__2023-01-05T00:00:00+00:00, map_index=0, execution_date=20230105T000000, start_date=20260311T172740, end_date=20260311T172741
[2026-03-11T22:57:41.056+0530] {local_task_job_runner.py:243} INFO - Task exited with return code 0
[2026-03-11T22:57:41.068+0530] {taskinstance.py:3503} INFO - 0 downstream tasks scheduled from follow-on schedule check
[2026-03-11T22:57:41.069+0530] {local_task_job_runner.py:222} INFO - ::endgroup::
