[2025-12-26T22:49:31.284+0530] {local_task_job_runner.py:120} INFO - ::group::Pre task execution logs
[2025-12-26T22:49:31.300+0530] {taskinstance.py:2076} INFO - Dependencies all met for dep_context=non-requeueable deps ti=<TaskInstance: example_dynamic_task_mapping.sum_it scheduled__2022-09-04T00:00:00+00:00 [queued]>
[2025-12-26T22:49:31.303+0530] {taskinstance.py:2076} INFO - Dependencies all met for dep_context=requeueable deps ti=<TaskInstance: example_dynamic_task_mapping.sum_it scheduled__2022-09-04T00:00:00+00:00 [queued]>
[2025-12-26T22:49:31.304+0530] {taskinstance.py:2306} INFO - Starting attempt 1 of 1
[2025-12-26T22:49:31.316+0530] {taskinstance.py:2330} INFO - Executing <Task(_PythonDecoratedOperator): sum_it> on 2022-09-04 00:00:00+00:00
[2025-12-26T22:49:31.318+0530] {standard_task_runner.py:64} INFO - Started process 9462 to run task
[2025-12-26T22:49:31.321+0530] {standard_task_runner.py:90} INFO - Running: ['airflow', 'tasks', 'run', 'example_dynamic_task_mapping', 'sum_it', 'scheduled__2022-09-04T00:00:00+00:00', '--job-id', '1094', '--raw', '--subdir', '/home/sathya/projects/training-kit/.venv-airflow/lib/python3.10/site-packages/airflow/example_dags/example_dynamic_task_mapping.py', '--cfg-path', '/tmp/tmp4e0ks7z2']
[2025-12-26T22:49:31.321+0530] {standard_task_runner.py:91} INFO - Job 1094: Subtask sum_it
[2025-12-26T22:49:31.349+0530] {task_command.py:426} INFO - Running <TaskInstance: example_dynamic_task_mapping.sum_it scheduled__2022-09-04T00:00:00+00:00 [running]> on host LAPTOP-A1PMOBSE.localdomain
[2025-12-26T22:49:31.406+0530] {taskinstance.py:2648} INFO - Exporting env vars: AIRFLOW_CTX_DAG_OWNER='airflow' AIRFLOW_CTX_DAG_ID='example_dynamic_task_mapping' AIRFLOW_CTX_TASK_ID='sum_it' AIRFLOW_CTX_EXECUTION_DATE='2022-09-04T00:00:00+00:00' AIRFLOW_CTX_TRY_NUMBER='1' AIRFLOW_CTX_DAG_RUN_ID='scheduled__2022-09-04T00:00:00+00:00'
[2025-12-26T22:49:31.407+0530] {taskinstance.py:430} INFO - ::endgroup::
[2025-12-26T22:49:31.409+0530] {logging_mixin.py:188} INFO - Total was 9
[2025-12-26T22:49:31.409+0530] {python.py:237} INFO - Done. Returned value was: None
[2025-12-26T22:49:31.409+0530] {taskinstance.py:441} INFO - ::group::Post task execution logs
[2025-12-26T22:49:31.411+0530] {taskinstance.py:1206} INFO - Marking task as SUCCESS. dag_id=example_dynamic_task_mapping, task_id=sum_it, run_id=scheduled__2022-09-04T00:00:00+00:00, execution_date=20220904T000000, start_date=20251226T171931, end_date=20251226T171931
[2025-12-26T22:49:31.453+0530] {local_task_job_runner.py:243} INFO - Task exited with return code 0
[2025-12-26T22:49:31.460+0530] {taskinstance.py:3503} INFO - 0 downstream tasks scheduled from follow-on schedule check
[2025-12-26T22:49:31.461+0530] {local_task_job_runner.py:222} INFO - ::endgroup::
[2026-03-10T23:49:07.591+0530] {local_task_job_runner.py:120} INFO - ::group::Pre task execution logs
[2026-03-10T23:49:07.645+0530] {taskinstance.py:2076} INFO - Dependencies all met for dep_context=non-requeueable deps ti=<TaskInstance: example_dynamic_task_mapping.sum_it scheduled__2022-09-04T00:00:00+00:00 [queued]>
[2026-03-10T23:49:07.658+0530] {taskinstance.py:2076} INFO - Dependencies all met for dep_context=requeueable deps ti=<TaskInstance: example_dynamic_task_mapping.sum_it scheduled__2022-09-04T00:00:00+00:00 [queued]>
[2026-03-10T23:49:07.659+0530] {taskinstance.py:2306} INFO - Starting attempt 1 of 1
[2026-03-10T23:49:07.741+0530] {taskinstance.py:2330} INFO - Executing <Task(_PythonDecoratedOperator): sum_it> on 2022-09-04 00:00:00+00:00
[2026-03-10T23:49:07.753+0530] {standard_task_runner.py:64} INFO - Started process 14919 to run task
[2026-03-10T23:49:07.762+0530] {standard_task_runner.py:90} INFO - Running: ['airflow', 'tasks', 'run', 'example_dynamic_task_mapping', 'sum_it', 'scheduled__2022-09-04T00:00:00+00:00', '--job-id', '1355', '--raw', '--subdir', '/home/sathya/projects/training-kit/.venv-airflow/lib/python3.10/site-packages/airflow/example_dags/example_dynamic_task_mapping.py', '--cfg-path', '/tmp/tmp6m9kru1i']
[2026-03-10T23:49:07.767+0530] {standard_task_runner.py:91} INFO - Job 1355: Subtask sum_it
[2026-03-10T23:49:07.856+0530] {task_command.py:426} INFO - Running <TaskInstance: example_dynamic_task_mapping.sum_it scheduled__2022-09-04T00:00:00+00:00 [running]> on host LAPTOP-A1PMOBSE.localdomain
[2026-03-10T23:49:08.092+0530] {taskinstance.py:2648} INFO - Exporting env vars: AIRFLOW_CTX_DAG_OWNER='airflow' AIRFLOW_CTX_DAG_ID='example_dynamic_task_mapping' AIRFLOW_CTX_TASK_ID='sum_it' AIRFLOW_CTX_EXECUTION_DATE='2022-09-04T00:00:00+00:00' AIRFLOW_CTX_TRY_NUMBER='1' AIRFLOW_CTX_DAG_RUN_ID='scheduled__2022-09-04T00:00:00+00:00'
[2026-03-10T23:49:08.095+0530] {taskinstance.py:430} INFO - ::endgroup::
[2026-03-10T23:49:08.105+0530] {logging_mixin.py:188} INFO - Total was 9
[2026-03-10T23:49:08.106+0530] {python.py:237} INFO - Done. Returned value was: None
[2026-03-10T23:49:08.106+0530] {taskinstance.py:441} INFO - ::group::Post task execution logs
[2026-03-10T23:49:08.124+0530] {taskinstance.py:1206} INFO - Marking task as SUCCESS. dag_id=example_dynamic_task_mapping, task_id=sum_it, run_id=scheduled__2022-09-04T00:00:00+00:00, execution_date=20220904T000000, start_date=20260310T181907, end_date=20260310T181908
[2026-03-10T23:49:08.176+0530] {local_task_job_runner.py:243} INFO - Task exited with return code 0
[2026-03-10T23:49:08.202+0530] {taskinstance.py:3503} INFO - 0 downstream tasks scheduled from follow-on schedule check
[2026-03-10T23:49:08.203+0530] {local_task_job_runner.py:222} INFO - ::endgroup::
