[2025-12-26T22:46:04.157+0530] {local_task_job_runner.py:120} INFO - ::group::Pre task execution logs
[2025-12-26T22:46:04.173+0530] {taskinstance.py:2076} INFO - Dependencies all met for dep_context=non-requeueable deps ti=<TaskInstance: example_dynamic_task_mapping.add_one scheduled__2022-08-22T00:00:00+00:00 map_index=2 [queued]>
[2025-12-26T22:46:04.177+0530] {taskinstance.py:2076} INFO - Dependencies all met for dep_context=requeueable deps ti=<TaskInstance: example_dynamic_task_mapping.add_one scheduled__2022-08-22T00:00:00+00:00 map_index=2 [queued]>
[2025-12-26T22:46:04.177+0530] {taskinstance.py:2306} INFO - Starting attempt 1 of 1
[2025-12-26T22:46:04.195+0530] {taskinstance.py:2330} INFO - Executing <Mapped(_PythonDecoratedOperator): add_one> on 2022-08-22 00:00:00+00:00
[2025-12-26T22:46:04.197+0530] {standard_task_runner.py:64} INFO - Started process 9039 to run task
[2025-12-26T22:46:04.200+0530] {standard_task_runner.py:90} INFO - Running: ['airflow', 'tasks', 'run', 'example_dynamic_task_mapping', 'add_one', 'scheduled__2022-08-22T00:00:00+00:00', '--job-id', '1018', '--raw', '--subdir', '/home/sathya/projects/training-kit/.venv-airflow/lib/python3.10/site-packages/airflow/example_dags/example_dynamic_task_mapping.py', '--cfg-path', '/tmp/tmphvj7zg3z', '--map-index', '2']
[2025-12-26T22:46:04.201+0530] {standard_task_runner.py:91} INFO - Job 1018: Subtask add_one
[2025-12-26T22:46:04.229+0530] {task_command.py:426} INFO - Running <TaskInstance: example_dynamic_task_mapping.add_one scheduled__2022-08-22T00:00:00+00:00 map_index=2 [running]> on host LAPTOP-A1PMOBSE.localdomain
[2025-12-26T22:46:04.281+0530] {taskinstance.py:2648} INFO - Exporting env vars: AIRFLOW_CTX_DAG_OWNER='airflow' AIRFLOW_CTX_DAG_ID='example_dynamic_task_mapping' AIRFLOW_CTX_TASK_ID='add_one' AIRFLOW_CTX_EXECUTION_DATE='2022-08-22T00:00:00+00:00' AIRFLOW_CTX_TRY_NUMBER='1' AIRFLOW_CTX_DAG_RUN_ID='scheduled__2022-08-22T00:00:00+00:00'
[2025-12-26T22:46:04.282+0530] {taskinstance.py:430} INFO - ::endgroup::
[2025-12-26T22:46:04.282+0530] {python.py:237} INFO - Done. Returned value was: 4
[2025-12-26T22:46:04.282+0530] {taskinstance.py:441} INFO - ::group::Post task execution logs
[2025-12-26T22:46:04.296+0530] {taskinstance.py:1206} INFO - Marking task as SUCCESS. dag_id=example_dynamic_task_mapping, task_id=add_one, run_id=scheduled__2022-08-22T00:00:00+00:00, map_index=2, execution_date=20220822T000000, start_date=20251226T171604, end_date=20251226T171604
[2025-12-26T22:46:04.343+0530] {local_task_job_runner.py:243} INFO - Task exited with return code 0
[2025-12-26T22:46:04.364+0530] {taskinstance.py:3503} INFO - 1 downstream tasks scheduled from follow-on schedule check
[2025-12-26T22:46:04.373+0530] {local_task_job_runner.py:222} INFO - ::endgroup::
[2026-03-10T23:36:03.785+0530] {local_task_job_runner.py:120} INFO - ::group::Pre task execution logs
[2026-03-10T23:36:03.854+0530] {taskinstance.py:2076} INFO - Dependencies all met for dep_context=non-requeueable deps ti=<TaskInstance: example_dynamic_task_mapping.add_one scheduled__2022-08-22T00:00:00+00:00 map_index=2 [queued]>
[2026-03-10T23:36:03.872+0530] {taskinstance.py:2076} INFO - Dependencies all met for dep_context=requeueable deps ti=<TaskInstance: example_dynamic_task_mapping.add_one scheduled__2022-08-22T00:00:00+00:00 map_index=2 [queued]>
[2026-03-10T23:36:03.873+0530] {taskinstance.py:2306} INFO - Starting attempt 1 of 1
[2026-03-10T23:36:03.912+0530] {taskinstance.py:2330} INFO - Executing <Mapped(_PythonDecoratedOperator): add_one> on 2022-08-22 00:00:00+00:00
[2026-03-10T23:36:03.931+0530] {standard_task_runner.py:64} INFO - Started process 13221 to run task
[2026-03-10T23:36:03.946+0530] {standard_task_runner.py:90} INFO - Running: ['airflow', 'tasks', 'run', 'example_dynamic_task_mapping', 'add_one', 'scheduled__2022-08-22T00:00:00+00:00', '--job-id', '1197', '--raw', '--subdir', '/home/sathya/projects/training-kit/.venv-airflow/lib/python3.10/site-packages/airflow/example_dags/example_dynamic_task_mapping.py', '--cfg-path', '/tmp/tmp166uwusw', '--map-index', '2']
[2026-03-10T23:36:03.952+0530] {standard_task_runner.py:91} INFO - Job 1197: Subtask add_one
[2026-03-10T23:36:04.072+0530] {task_command.py:426} INFO - Running <TaskInstance: example_dynamic_task_mapping.add_one scheduled__2022-08-22T00:00:00+00:00 map_index=2 [running]> on host LAPTOP-A1PMOBSE.localdomain
[2026-03-10T23:36:04.274+0530] {taskinstance.py:2648} INFO - Exporting env vars: AIRFLOW_CTX_DAG_OWNER='airflow' AIRFLOW_CTX_DAG_ID='example_dynamic_task_mapping' AIRFLOW_CTX_TASK_ID='add_one' AIRFLOW_CTX_EXECUTION_DATE='2022-08-22T00:00:00+00:00' AIRFLOW_CTX_TRY_NUMBER='1' AIRFLOW_CTX_DAG_RUN_ID='scheduled__2022-08-22T00:00:00+00:00'
[2026-03-10T23:36:04.278+0530] {taskinstance.py:430} INFO - ::endgroup::
[2026-03-10T23:36:04.279+0530] {python.py:237} INFO - Done. Returned value was: 4
[2026-03-10T23:36:04.280+0530] {taskinstance.py:441} INFO - ::group::Post task execution logs
[2026-03-10T23:36:04.323+0530] {taskinstance.py:1206} INFO - Marking task as SUCCESS. dag_id=example_dynamic_task_mapping, task_id=add_one, run_id=scheduled__2022-08-22T00:00:00+00:00, map_index=2, execution_date=20220822T000000, start_date=20260310T180603, end_date=20260310T180604
[2026-03-10T23:36:04.382+0530] {local_task_job_runner.py:243} INFO - Task exited with return code 0
[2026-03-10T23:36:04.417+0530] {taskinstance.py:3503} INFO - 1 downstream tasks scheduled from follow-on schedule check
[2026-03-10T23:36:04.433+0530] {local_task_job_runner.py:222} INFO - ::endgroup::
