[2025-12-27T19:45:53.690+0530] {local_task_job_runner.py:120} INFO - ::group::Pre task execution logs
[2025-12-27T19:45:53.712+0530] {taskinstance.py:2076} INFO - Dependencies all met for dep_context=non-requeueable deps ti=<TaskInstance: example_dynamic_task_mapping.add_one scheduled__2023-01-06T00:00:00+00:00 map_index=2 [queued]>
[2025-12-27T19:45:53.720+0530] {taskinstance.py:2076} INFO - Dependencies all met for dep_context=requeueable deps ti=<TaskInstance: example_dynamic_task_mapping.add_one scheduled__2023-01-06T00:00:00+00:00 map_index=2 [queued]>
[2025-12-27T19:45:53.720+0530] {taskinstance.py:2306} INFO - Starting attempt 1 of 1
[2025-12-27T19:45:53.737+0530] {taskinstance.py:2330} INFO - Executing <Mapped(_PythonDecoratedOperator): add_one> on 2023-01-06 00:00:00+00:00
[2025-12-27T19:45:53.740+0530] {standard_task_runner.py:64} INFO - Started process 1846 to run task
[2025-12-27T19:45:53.745+0530] {standard_task_runner.py:90} INFO - Running: ['airflow', 'tasks', 'run', 'example_dynamic_task_mapping', 'add_one', 'scheduled__2023-01-06T00:00:00+00:00', '--job-id', '1951', '--raw', '--subdir', '/home/sathya/projects/training-kit/.venv-airflow/lib/python3.10/site-packages/airflow/example_dags/example_dynamic_task_mapping.py', '--cfg-path', '/tmp/tmpwq0zn1la', '--map-index', '2']
[2025-12-27T19:45:53.745+0530] {standard_task_runner.py:91} INFO - Job 1951: Subtask add_one
[2025-12-27T19:45:53.787+0530] {task_command.py:426} INFO - Running <TaskInstance: example_dynamic_task_mapping.add_one scheduled__2023-01-06T00:00:00+00:00 map_index=2 [running]> on host LAPTOP-A1PMOBSE.localdomain
[2025-12-27T19:45:53.873+0530] {taskinstance.py:2648} INFO - Exporting env vars: AIRFLOW_CTX_DAG_OWNER='airflow' AIRFLOW_CTX_DAG_ID='example_dynamic_task_mapping' AIRFLOW_CTX_TASK_ID='add_one' AIRFLOW_CTX_EXECUTION_DATE='2023-01-06T00:00:00+00:00' AIRFLOW_CTX_TRY_NUMBER='1' AIRFLOW_CTX_DAG_RUN_ID='scheduled__2023-01-06T00:00:00+00:00'
[2025-12-27T19:45:53.874+0530] {taskinstance.py:430} INFO - ::endgroup::
[2025-12-27T19:45:53.874+0530] {python.py:237} INFO - Done. Returned value was: 4
[2025-12-27T19:45:53.875+0530] {taskinstance.py:441} INFO - ::group::Post task execution logs
[2025-12-27T19:45:53.891+0530] {taskinstance.py:1206} INFO - Marking task as SUCCESS. dag_id=example_dynamic_task_mapping, task_id=add_one, run_id=scheduled__2023-01-06T00:00:00+00:00, map_index=2, execution_date=20230106T000000, start_date=20251227T141553, end_date=20251227T141553
[2025-12-27T19:45:53.917+0530] {local_task_job_runner.py:243} INFO - Task exited with return code 0
[2025-12-27T19:45:53.933+0530] {taskinstance.py:3503} INFO - 1 downstream tasks scheduled from follow-on schedule check
[2025-12-27T19:45:53.941+0530] {local_task_job_runner.py:222} INFO - ::endgroup::
[2026-03-11T22:57:52.122+0530] {local_task_job_runner.py:120} INFO - ::group::Pre task execution logs
[2026-03-11T22:57:52.138+0530] {taskinstance.py:2076} INFO - Dependencies all met for dep_context=non-requeueable deps ti=<TaskInstance: example_dynamic_task_mapping.add_one scheduled__2023-01-06T00:00:00+00:00 map_index=2 [queued]>
[2026-03-11T22:57:52.143+0530] {taskinstance.py:2076} INFO - Dependencies all met for dep_context=requeueable deps ti=<TaskInstance: example_dynamic_task_mapping.add_one scheduled__2023-01-06T00:00:00+00:00 map_index=2 [queued]>
[2026-03-11T22:57:52.143+0530] {taskinstance.py:2306} INFO - Starting attempt 1 of 1
[2026-03-11T22:57:52.158+0530] {taskinstance.py:2330} INFO - Executing <Mapped(_PythonDecoratedOperator): add_one> on 2023-01-06 00:00:00+00:00
[2026-03-11T22:57:52.162+0530] {standard_task_runner.py:64} INFO - Started process 12273 to run task
[2026-03-11T22:57:52.165+0530] {standard_task_runner.py:90} INFO - Running: ['airflow', 'tasks', 'run', 'example_dynamic_task_mapping', 'add_one', 'scheduled__2023-01-06T00:00:00+00:00', '--job-id', '2243', '--raw', '--subdir', '/home/sathya/projects/training-kit/.venv-airflow/lib/python3.10/site-packages/airflow/example_dags/example_dynamic_task_mapping.py', '--cfg-path', '/tmp/tmp3t7bfn0t', '--map-index', '2']
[2026-03-11T22:57:52.167+0530] {standard_task_runner.py:91} INFO - Job 2243: Subtask add_one
[2026-03-11T22:57:52.203+0530] {task_command.py:426} INFO - Running <TaskInstance: example_dynamic_task_mapping.add_one scheduled__2023-01-06T00:00:00+00:00 map_index=2 [running]> on host LAPTOP-A1PMOBSE.localdomain
[2026-03-11T22:57:52.263+0530] {taskinstance.py:2648} INFO - Exporting env vars: AIRFLOW_CTX_DAG_OWNER='airflow' AIRFLOW_CTX_DAG_ID='example_dynamic_task_mapping' AIRFLOW_CTX_TASK_ID='add_one' AIRFLOW_CTX_EXECUTION_DATE='2023-01-06T00:00:00+00:00' AIRFLOW_CTX_TRY_NUMBER='1' AIRFLOW_CTX_DAG_RUN_ID='scheduled__2023-01-06T00:00:00+00:00'
[2026-03-11T22:57:52.264+0530] {taskinstance.py:430} INFO - ::endgroup::
[2026-03-11T22:57:52.265+0530] {python.py:237} INFO - Done. Returned value was: 4
[2026-03-11T22:57:52.265+0530] {taskinstance.py:441} INFO - ::group::Post task execution logs
[2026-03-11T22:57:52.281+0530] {taskinstance.py:1206} INFO - Marking task as SUCCESS. dag_id=example_dynamic_task_mapping, task_id=add_one, run_id=scheduled__2023-01-06T00:00:00+00:00, map_index=2, execution_date=20230106T000000, start_date=20260311T172752, end_date=20260311T172752
[2026-03-11T22:57:52.305+0530] {local_task_job_runner.py:243} INFO - Task exited with return code 0
[2026-03-11T22:57:52.318+0530] {taskinstance.py:3503} INFO - 1 downstream tasks scheduled from follow-on schedule check
[2026-03-11T22:57:52.327+0530] {local_task_job_runner.py:222} INFO - ::endgroup::
