[2026-03-10T22:56:47.147+0530] {local_task_job_runner.py:120} INFO - ::group::Pre task execution logs
[2026-03-10T22:56:47.182+0530] {taskinstance.py:2076} INFO - Dependencies all met for dep_context=non-requeueable deps ti=<TaskInstance: consume_1_or_both_2_and_3_with_dataset_expressions.consume_1_or_both_2_and_3_with_dataset_expressions dataset_triggered__2026-03-10T17:22:30.758814+00:00 [queued]>
[2026-03-10T22:56:47.189+0530] {taskinstance.py:2076} INFO - Dependencies all met for dep_context=requeueable deps ti=<TaskInstance: consume_1_or_both_2_and_3_with_dataset_expressions.consume_1_or_both_2_and_3_with_dataset_expressions dataset_triggered__2026-03-10T17:22:30.758814+00:00 [queued]>
[2026-03-10T22:56:47.189+0530] {taskinstance.py:2306} INFO - Starting attempt 1 of 1
[2026-03-10T22:56:47.210+0530] {taskinstance.py:2330} INFO - Executing <Task(BashOperator): consume_1_or_both_2_and_3_with_dataset_expressions> on 2026-03-10 17:22:30.758814+00:00
[2026-03-10T22:56:47.216+0530] {standard_task_runner.py:64} INFO - Started process 3908 to run task
[2026-03-10T22:56:47.220+0530] {standard_task_runner.py:90} INFO - Running: ['airflow', 'tasks', 'run', 'consume_1_or_both_2_and_3_with_dataset_expressions', 'consume_1_or_both_2_and_3_with_dataset_expressions', 'dataset_triggered__2026-03-10T17:22:30.758814+00:00', '--job-id', '306', '--raw', '--subdir', '/home/sathya/projects/training-kit/.venv-airflow/lib/python3.10/site-packages/airflow/example_dags/example_datasets.py', '--cfg-path', '/tmp/tmp8cwgrw5g']
[2026-03-10T22:56:47.222+0530] {standard_task_runner.py:91} INFO - Job 306: Subtask consume_1_or_both_2_and_3_with_dataset_expressions
[2026-03-10T22:56:47.287+0530] {task_command.py:426} INFO - Running <TaskInstance: consume_1_or_both_2_and_3_with_dataset_expressions.consume_1_or_both_2_and_3_with_dataset_expressions dataset_triggered__2026-03-10T17:22:30.758814+00:00 [running]> on host LAPTOP-A1PMOBSE.localdomain
[2026-03-10T22:56:47.371+0530] {taskinstance.py:2648} INFO - Exporting env vars: AIRFLOW_CTX_DAG_OWNER='airflow' AIRFLOW_CTX_DAG_ID='consume_1_or_both_2_and_3_with_dataset_expressions' AIRFLOW_CTX_TASK_ID='consume_1_or_both_2_and_3_with_dataset_expressions' AIRFLOW_CTX_EXECUTION_DATE='2026-03-10T17:22:30.758814+00:00' AIRFLOW_CTX_TRY_NUMBER='1' AIRFLOW_CTX_DAG_RUN_ID='dataset_triggered__2026-03-10T17:22:30.758814+00:00'
[2026-03-10T22:56:47.374+0530] {taskinstance.py:430} INFO - ::endgroup::
[2026-03-10T22:56:47.375+0530] {subprocess.py:63} INFO - Tmp dir root location: /tmp
[2026-03-10T22:56:47.376+0530] {subprocess.py:75} INFO - Running command: ['/usr/bin/bash', '-c', 'sleep 5']
[2026-03-10T22:56:47.385+0530] {subprocess.py:86} INFO - Output:
[2026-03-10T22:56:52.395+0530] {subprocess.py:97} INFO - Command exited with return code 0
[2026-03-10T22:56:52.397+0530] {taskinstance.py:441} INFO - ::group::Post task execution logs
[2026-03-10T22:56:52.486+0530] {taskinstance.py:1206} INFO - Marking task as SUCCESS. dag_id=consume_1_or_both_2_and_3_with_dataset_expressions, task_id=consume_1_or_both_2_and_3_with_dataset_expressions, run_id=dataset_triggered__2026-03-10T17:22:30.758814+00:00, execution_date=20260310T172230, start_date=20260310T172647, end_date=20260310T172652
[2026-03-10T22:56:52.578+0530] {local_task_job_runner.py:243} INFO - Task exited with return code 0
[2026-03-10T22:56:52.597+0530] {taskinstance.py:3503} INFO - 0 downstream tasks scheduled from follow-on schedule check
[2026-03-10T22:56:52.599+0530] {local_task_job_runner.py:222} INFO - ::endgroup::
