[2026-03-11T22:14:42.492+0530] {local_task_job_runner.py:120} INFO - ::group::Pre task execution logs
[2026-03-11T22:14:42.511+0530] {taskinstance.py:2076} INFO - Dependencies all met for dep_context=non-requeueable deps ti=<TaskInstance: daily_elt.meltano_extract scheduled__2026-03-10T00:00:00+00:00 [queued]>
[2026-03-11T22:14:42.521+0530] {taskinstance.py:2076} INFO - Dependencies all met for dep_context=requeueable deps ti=<TaskInstance: daily_elt.meltano_extract scheduled__2026-03-10T00:00:00+00:00 [queued]>
[2026-03-11T22:14:42.522+0530] {taskinstance.py:2306} INFO - Starting attempt 1 of 2
[2026-03-11T22:14:42.546+0530] {taskinstance.py:2330} INFO - Executing <Task(BashOperator): meltano_extract> on 2026-03-10 00:00:00+00:00
[2026-03-11T22:14:42.553+0530] {standard_task_runner.py:64} INFO - Started process 2439 to run task
[2026-03-11T22:14:42.561+0530] {standard_task_runner.py:90} INFO - Running: ['airflow', 'tasks', 'run', 'daily_elt', 'meltano_extract', 'scheduled__2026-03-10T00:00:00+00:00', '--job-id', '1621', '--raw', '--subdir', 'DAGS_FOLDER/elt_dag.py', '--cfg-path', '/tmp/tmpc18iuady']
[2026-03-11T22:14:42.564+0530] {standard_task_runner.py:91} INFO - Job 1621: Subtask meltano_extract
[2026-03-11T22:14:42.632+0530] {task_command.py:426} INFO - Running <TaskInstance: daily_elt.meltano_extract scheduled__2026-03-10T00:00:00+00:00 [running]> on host LAPTOP-A1PMOBSE.localdomain
[2026-03-11T22:14:42.731+0530] {taskinstance.py:2648} INFO - Exporting env vars: AIRFLOW_CTX_DAG_OWNER='data-eng' AIRFLOW_CTX_DAG_ID='daily_elt' AIRFLOW_CTX_TASK_ID='meltano_extract' AIRFLOW_CTX_EXECUTION_DATE='2026-03-10T00:00:00+00:00' AIRFLOW_CTX_TRY_NUMBER='1' AIRFLOW_CTX_DAG_RUN_ID='scheduled__2026-03-10T00:00:00+00:00'
[2026-03-11T22:14:42.733+0530] {taskinstance.py:430} INFO - ::endgroup::
[2026-03-11T22:14:42.734+0530] {subprocess.py:63} INFO - Tmp dir root location: /tmp
[2026-03-11T22:14:42.735+0530] {subprocess.py:75} INFO - Running command: ['/usr/bin/bash', '-c', 'cd ~/projects/training-kit/training-meltano && meltano elt tap-csv target-postgres']
[2026-03-11T22:14:42.744+0530] {subprocess.py:86} INFO - Output:
[2026-03-11T22:14:43.442+0530] {subprocess.py:93} INFO - [2m2026-03-11T16:44:43.442000Z[0m [[32m[1minfo     [0m] [1mEnvironment 'dev' is active   [0m
[2026-03-11T22:14:43.456+0530] {subprocess.py:93} INFO - [2m2026-03-11T16:44:43.455803Z[0m [[33m[1mwarning  [0m] [1mA new version of Meltano is available (v4.1.2) and you are currently running v4.0.8. For more information, visit: https://docs.meltano.com/getting-started/installation.[0m
[2026-03-11T22:14:43.531+0530] {subprocess.py:93} INFO - [2m2026-03-11T16:44:43.531215Z[0m [[33m[1mwarning  [0m] [1mThe `elt` command is deprecated in favor of `el`[0m
[2026-03-11T22:14:43.936+0530] {subprocess.py:93} INFO - [2m2026-03-11T16:44:43.936302Z[0m [[32m[1minfo     [0m] [1mRunning extract & load...     [0m [36mname[0m=[35mmeltano[0m
[2026-03-11T22:14:44.834+0530] {subprocess.py:93} INFO - [2m2026-03-11T16:44:44.834426Z[0m [[32m[1minfo     [0m] [1mtap-csv v1.2.0, Meltano SDK v0.53.4[0m [36mname[0m=[35mtap-csv[0m
[2026-03-11T22:14:44.835+0530] {subprocess.py:93} INFO - [2m2026-03-11T16:44:44.834910Z[0m [[32m[1minfo     [0m] [1mSkipping parse of env var settings...[0m [36mname[0m=[35mtap-csv[0m
[2026-03-11T22:14:44.835+0530] {subprocess.py:93} INFO - [2m2026-03-11T16:44:44.835246Z[0m [[32m[1minfo     [0m] [1mBeginning sync of 'people' in full_table mode[0m [36mname[0m=[35mtap-csv[0m
[2026-03-11T22:14:44.835+0530] {subprocess.py:93} INFO - [2m2026-03-11T16:44:44.835675Z[0m [[32m[1minfo     [0m] [1mMETRIC: {"type":"timer","metric":"sync_duration","value":0.0004134178161621094,"tags":{"stream":"people","pid":2519,"context":{},"status":"succeeded"}}[0m [36mname[0m=[35mtap-csv[0m
[2026-03-11T22:14:44.836+0530] {subprocess.py:93} INFO - [2m2026-03-11T16:44:44.836022Z[0m [[32m[1minfo     [0m] [1mMETRIC: {"type":"counter","metric":"record_count","value":3,"tags":{"stream":"people","pid":2519,"context":{}}}[0m [36mname[0m=[35mtap-csv[0m
[2026-03-11T22:14:45.065+0530] {subprocess.py:93} INFO - [2m2026-03-11T16:44:45.064527Z[0m [[32m[1minfo     [0m] [1mtarget-postgres v0.6.3, Meltano SDK v0.53.4[0m [36mname[0m=[35mtarget-postgres[0m
[2026-03-11T22:14:45.065+0530] {subprocess.py:93} INFO - [2m2026-03-11T16:44:45.065129Z[0m [[32m[1minfo     [0m] [1mSkipping parse of env var settings...[0m [36mname[0m=[35mtarget-postgres[0m
[2026-03-11T22:14:45.065+0530] {subprocess.py:93} INFO - [2m2026-03-11T16:44:45.065590Z[0m [[33m[1mwarning  [0m] [1mThe `dialect+driver` configuration option is deprecated. Please set it to `postgresql+psycopg`, as this will be the hard-coded value in the future.[0m [36mname[0m=[35mtarget-postgres[0m
[2026-03-11T22:14:45.257+0530] {subprocess.py:93} INFO - [2m2026-03-11T16:44:45.257223Z[0m [[32m[1minfo     [0m] [1mReader 'target-postgres' completed processing 5 lines of input (1 schemas, 3 records, 0 batch manifests, 1 state messages, 0 activate version messages).[0m [36mname[0m=[35mtarget-postgres[0m
[2026-03-11T22:14:45.319+0530] {subprocess.py:93} INFO - [2m2026-03-11T16:44:45.319008Z[0m [[32m[1minfo     [0m] [1mInserting with SQL: INSERT INTO cbb50f9f_b1e0_4378_a57e_99ade671574c (id, name, age, _sdc_extracted_at, _sdc_received_at, _sdc_batched_at, _sdc_deleted_at, _sdc_sequence, _sdc_table_version, _sdc_sync_started_at) VALUES (:id, :name, :age, :_sdc_extracted_at, :_sdc_received_at, :_sdc_batched_at, :_sdc_deleted_at, :_sdc_sequence, :_sdc_table_version, :_sdc_sync_started_at)[0m [36mname[0m=[35mtarget-postgres[0m
[2026-03-11T22:14:45.334+0530] {subprocess.py:93} INFO - [2m2026-03-11T16:44:45.334200Z[0m [[32m[1minfo     [0m] [1mMETRIC                        [0m [36mmetric_name[0m=[35mbatch_processing_time[0m [36mmetric_value[0m=[35m0.06787800788879395[0m [36mname[0m=[35mtarget-postgres[0m
[2026-03-11T22:14:45.343+0530] {subprocess.py:93} INFO - [2m2026-03-11T16:44:45.343176Z[0m [[32m[1minfo     [0m] [1mMETRIC                        [0m [36mmetric_name[0m=[35mrecord_count[0m [36mmetric_value[0m=[35m3[0m [36mname[0m=[35mtarget-postgres[0m
[2026-03-11T22:14:45.378+0530] {subprocess.py:93} INFO - [2m2026-03-11T16:44:45.378511Z[0m [[32m[1minfo     [0m] [1mUsing systemdb state backend  [0m
[2026-03-11T22:14:45.403+0530] {subprocess.py:93} INFO - [2m2026-03-11T16:44:45.402860Z[0m [[32m[1minfo     [0m] [1mIncremental state has been updated at 2026-03-11 16:44:45.402773+00:00.[0m
[2026-03-11T22:14:45.517+0530] {subprocess.py:93} INFO - [2m2026-03-11T16:44:45.517426Z[0m [[32m[1minfo     [0m] [1mExtract & load complete!      [0m [36mname[0m=[35mmeltano[0m
[2026-03-11T22:14:45.518+0530] {subprocess.py:93} INFO - [2m2026-03-11T16:44:45.517688Z[0m [[32m[1minfo     [0m] [1mTransformation skipped.       [0m [36mname[0m=[35mmeltano[0m
[2026-03-11T22:14:47.026+0530] {subprocess.py:97} INFO - Command exited with return code 0
[2026-03-11T22:14:47.027+0530] {taskinstance.py:441} INFO - ::group::Post task execution logs
[2026-03-11T22:14:47.057+0530] {taskinstance.py:1206} INFO - Marking task as SUCCESS. dag_id=daily_elt, task_id=meltano_extract, run_id=scheduled__2026-03-10T00:00:00+00:00, execution_date=20260310T000000, start_date=20260311T164442, end_date=20260311T164447
[2026-03-11T22:14:47.130+0530] {local_task_job_runner.py:243} INFO - Task exited with return code 0
[2026-03-11T22:14:47.161+0530] {taskinstance.py:3503} INFO - 1 downstream tasks scheduled from follow-on schedule check
[2026-03-11T22:14:47.184+0530] {local_task_job_runner.py:222} INFO - ::endgroup::
