[2025-12-27T19:37:39.225+0530] {local_task_job_runner.py:120} INFO - ::group::Pre task execution logs
[2025-12-27T19:37:39.251+0530] {taskinstance.py:2076} INFO - Dependencies all met for dep_context=non-requeueable deps ti=<TaskInstance: example_dynamic_task_mapping.add_one scheduled__2022-12-17T00:00:00+00:00 map_index=2 [queued]>
[2025-12-27T19:37:39.258+0530] {taskinstance.py:2076} INFO - Dependencies all met for dep_context=requeueable deps ti=<TaskInstance: example_dynamic_task_mapping.add_one scheduled__2022-12-17T00:00:00+00:00 map_index=2 [queued]>
[2025-12-27T19:37:39.258+0530] {taskinstance.py:2306} INFO - Starting attempt 1 of 1
[2025-12-27T19:37:39.275+0530] {taskinstance.py:2330} INFO - Executing <Mapped(_PythonDecoratedOperator): add_one> on 2022-12-17 00:00:00+00:00
[2025-12-27T19:37:39.279+0530] {standard_task_runner.py:64} INFO - Started process 1521 to run task
[2025-12-27T19:37:39.283+0530] {standard_task_runner.py:90} INFO - Running: ['airflow', 'tasks', 'run', 'example_dynamic_task_mapping', 'add_one', 'scheduled__2022-12-17T00:00:00+00:00', '--job-id', '1831', '--raw', '--subdir', '/home/sathya/projects/training-kit/.venv-airflow/lib/python3.10/site-packages/airflow/example_dags/example_dynamic_task_mapping.py', '--cfg-path', '/tmp/tmpwbbwzwhs', '--map-index', '2']
[2025-12-27T19:37:39.284+0530] {standard_task_runner.py:91} INFO - Job 1831: Subtask add_one
[2025-12-27T19:37:39.333+0530] {task_command.py:426} INFO - Running <TaskInstance: example_dynamic_task_mapping.add_one scheduled__2022-12-17T00:00:00+00:00 map_index=2 [running]> on host LAPTOP-A1PMOBSE.localdomain
[2025-12-27T19:37:39.424+0530] {taskinstance.py:2648} INFO - Exporting env vars: AIRFLOW_CTX_DAG_OWNER='airflow' AIRFLOW_CTX_DAG_ID='example_dynamic_task_mapping' AIRFLOW_CTX_TASK_ID='add_one' AIRFLOW_CTX_EXECUTION_DATE='2022-12-17T00:00:00+00:00' AIRFLOW_CTX_TRY_NUMBER='1' AIRFLOW_CTX_DAG_RUN_ID='scheduled__2022-12-17T00:00:00+00:00'
[2025-12-27T19:37:39.426+0530] {taskinstance.py:430} INFO - ::endgroup::
[2025-12-27T19:37:39.427+0530] {python.py:237} INFO - Done. Returned value was: 4
[2025-12-27T19:37:39.427+0530] {taskinstance.py:441} INFO - ::group::Post task execution logs
[2025-12-27T19:37:39.445+0530] {taskinstance.py:1206} INFO - Marking task as SUCCESS. dag_id=example_dynamic_task_mapping, task_id=add_one, run_id=scheduled__2022-12-17T00:00:00+00:00, map_index=2, execution_date=20221217T000000, start_date=20251227T140739, end_date=20251227T140739
[2025-12-27T19:37:39.496+0530] {local_task_job_runner.py:243} INFO - Task exited with return code 0
[2025-12-27T19:37:39.520+0530] {taskinstance.py:3503} INFO - 1 downstream tasks scheduled from follow-on schedule check
[2025-12-27T19:37:39.534+0530] {local_task_job_runner.py:222} INFO - ::endgroup::
[2026-03-11T22:51:34.490+0530] {local_task_job_runner.py:120} INFO - ::group::Pre task execution logs
[2026-03-11T22:51:34.509+0530] {taskinstance.py:2076} INFO - Dependencies all met for dep_context=non-requeueable deps ti=<TaskInstance: example_dynamic_task_mapping.add_one scheduled__2022-12-17T00:00:00+00:00 map_index=2 [queued]>
[2026-03-11T22:51:34.513+0530] {taskinstance.py:2076} INFO - Dependencies all met for dep_context=requeueable deps ti=<TaskInstance: example_dynamic_task_mapping.add_one scheduled__2022-12-17T00:00:00+00:00 map_index=2 [queued]>
[2026-03-11T22:51:34.513+0530] {taskinstance.py:2306} INFO - Starting attempt 1 of 1
[2026-03-11T22:51:34.533+0530] {taskinstance.py:2330} INFO - Executing <Mapped(_PythonDecoratedOperator): add_one> on 2022-12-17 00:00:00+00:00
[2026-03-11T22:51:34.537+0530] {standard_task_runner.py:64} INFO - Started process 11183 to run task
[2026-03-11T22:51:34.541+0530] {standard_task_runner.py:90} INFO - Running: ['airflow', 'tasks', 'run', 'example_dynamic_task_mapping', 'add_one', 'scheduled__2022-12-17T00:00:00+00:00', '--job-id', '2134', '--raw', '--subdir', '/home/sathya/projects/training-kit/.venv-airflow/lib/python3.10/site-packages/airflow/example_dags/example_dynamic_task_mapping.py', '--cfg-path', '/tmp/tmpjwnlt0ux', '--map-index', '2']
[2026-03-11T22:51:34.543+0530] {standard_task_runner.py:91} INFO - Job 2134: Subtask add_one
[2026-03-11T22:51:34.582+0530] {task_command.py:426} INFO - Running <TaskInstance: example_dynamic_task_mapping.add_one scheduled__2022-12-17T00:00:00+00:00 map_index=2 [running]> on host LAPTOP-A1PMOBSE.localdomain
[2026-03-11T22:51:34.665+0530] {taskinstance.py:2648} INFO - Exporting env vars: AIRFLOW_CTX_DAG_OWNER='airflow' AIRFLOW_CTX_DAG_ID='example_dynamic_task_mapping' AIRFLOW_CTX_TASK_ID='add_one' AIRFLOW_CTX_EXECUTION_DATE='2022-12-17T00:00:00+00:00' AIRFLOW_CTX_TRY_NUMBER='1' AIRFLOW_CTX_DAG_RUN_ID='scheduled__2022-12-17T00:00:00+00:00'
[2026-03-11T22:51:34.667+0530] {taskinstance.py:430} INFO - ::endgroup::
[2026-03-11T22:51:34.668+0530] {python.py:237} INFO - Done. Returned value was: 4
[2026-03-11T22:51:34.668+0530] {taskinstance.py:441} INFO - ::group::Post task execution logs
[2026-03-11T22:51:34.688+0530] {taskinstance.py:1206} INFO - Marking task as SUCCESS. dag_id=example_dynamic_task_mapping, task_id=add_one, run_id=scheduled__2022-12-17T00:00:00+00:00, map_index=2, execution_date=20221217T000000, start_date=20260311T172134, end_date=20260311T172134
[2026-03-11T22:51:34.727+0530] {local_task_job_runner.py:243} INFO - Task exited with return code 0
[2026-03-11T22:51:34.741+0530] {taskinstance.py:3503} INFO - 1 downstream tasks scheduled from follow-on schedule check
[2026-03-11T22:51:34.750+0530] {local_task_job_runner.py:222} INFO - ::endgroup::
