[2025-12-26T22:16:04.747+0530] {local_task_job_runner.py:120} INFO - ::group::Pre task execution logs
[2025-12-26T22:16:04.767+0530] {taskinstance.py:2076} INFO - Dependencies all met for dep_context=non-requeueable deps ti=<TaskInstance: example_dynamic_task_mapping.add_one scheduled__2022-04-09T00:00:00+00:00 map_index=2 [queued]>
[2025-12-26T22:16:04.772+0530] {taskinstance.py:2076} INFO - Dependencies all met for dep_context=requeueable deps ti=<TaskInstance: example_dynamic_task_mapping.add_one scheduled__2022-04-09T00:00:00+00:00 map_index=2 [queued]>
[2025-12-26T22:16:04.772+0530] {taskinstance.py:2306} INFO - Starting attempt 1 of 1
[2025-12-26T22:16:04.787+0530] {taskinstance.py:2330} INFO - Executing <Mapped(_PythonDecoratedOperator): add_one> on 2022-04-09 00:00:00+00:00
[2025-12-26T22:16:04.790+0530] {standard_task_runner.py:64} INFO - Started process 5084 to run task
[2025-12-26T22:16:04.794+0530] {standard_task_runner.py:90} INFO - Running: ['airflow', 'tasks', 'run', 'example_dynamic_task_mapping', 'add_one', 'scheduled__2022-04-09T00:00:00+00:00', '--job-id', '321', '--raw', '--subdir', '/home/sathya/projects/training-kit/.venv-airflow/lib/python3.10/site-packages/airflow/example_dags/example_dynamic_task_mapping.py', '--cfg-path', '/tmp/tmpyspqls19', '--map-index', '2']
[2025-12-26T22:16:04.794+0530] {standard_task_runner.py:91} INFO - Job 321: Subtask add_one
[2025-12-26T22:16:04.829+0530] {task_command.py:426} INFO - Running <TaskInstance: example_dynamic_task_mapping.add_one scheduled__2022-04-09T00:00:00+00:00 map_index=2 [running]> on host LAPTOP-A1PMOBSE.localdomain
[2025-12-26T22:16:04.913+0530] {taskinstance.py:2648} INFO - Exporting env vars: AIRFLOW_CTX_DAG_OWNER='airflow' AIRFLOW_CTX_DAG_ID='example_dynamic_task_mapping' AIRFLOW_CTX_TASK_ID='add_one' AIRFLOW_CTX_EXECUTION_DATE='2022-04-09T00:00:00+00:00' AIRFLOW_CTX_TRY_NUMBER='1' AIRFLOW_CTX_DAG_RUN_ID='scheduled__2022-04-09T00:00:00+00:00'
[2025-12-26T22:16:04.914+0530] {taskinstance.py:430} INFO - ::endgroup::
[2025-12-26T22:16:04.914+0530] {python.py:237} INFO - Done. Returned value was: 4
[2025-12-26T22:16:04.914+0530] {taskinstance.py:441} INFO - ::group::Post task execution logs
[2025-12-26T22:16:04.931+0530] {taskinstance.py:1206} INFO - Marking task as SUCCESS. dag_id=example_dynamic_task_mapping, task_id=add_one, run_id=scheduled__2022-04-09T00:00:00+00:00, map_index=2, execution_date=20220409T000000, start_date=20251226T164604, end_date=20251226T164604
[2025-12-26T22:16:04.971+0530] {local_task_job_runner.py:243} INFO - Task exited with return code 0
[2025-12-26T22:16:05.002+0530] {taskinstance.py:3503} INFO - 1 downstream tasks scheduled from follow-on schedule check
[2025-12-26T22:16:05.010+0530] {local_task_job_runner.py:222} INFO - ::endgroup::
[2026-03-10T23:03:44.772+0530] {local_task_job_runner.py:120} INFO - ::group::Pre task execution logs
[2026-03-10T23:03:44.802+0530] {taskinstance.py:2076} INFO - Dependencies all met for dep_context=non-requeueable deps ti=<TaskInstance: example_dynamic_task_mapping.add_one scheduled__2022-04-09T00:00:00+00:00 map_index=2 [queued]>
[2026-03-10T23:03:44.808+0530] {taskinstance.py:2076} INFO - Dependencies all met for dep_context=requeueable deps ti=<TaskInstance: example_dynamic_task_mapping.add_one scheduled__2022-04-09T00:00:00+00:00 map_index=2 [queued]>
[2026-03-10T23:03:44.808+0530] {taskinstance.py:2306} INFO - Starting attempt 1 of 1
[2026-03-10T23:03:44.829+0530] {taskinstance.py:2330} INFO - Executing <Mapped(_PythonDecoratedOperator): add_one> on 2022-04-09 00:00:00+00:00
[2026-03-10T23:03:44.834+0530] {standard_task_runner.py:64} INFO - Started process 5537 to run task
[2026-03-10T23:03:44.838+0530] {standard_task_runner.py:90} INFO - Running: ['airflow', 'tasks', 'run', 'example_dynamic_task_mapping', 'add_one', 'scheduled__2022-04-09T00:00:00+00:00', '--job-id', '454', '--raw', '--subdir', '/home/sathya/projects/training-kit/.venv-airflow/lib/python3.10/site-packages/airflow/example_dags/example_dynamic_task_mapping.py', '--cfg-path', '/tmp/tmp4zd5id_4', '--map-index', '2']
[2026-03-10T23:03:44.840+0530] {standard_task_runner.py:91} INFO - Job 454: Subtask add_one
[2026-03-10T23:03:44.895+0530] {task_command.py:426} INFO - Running <TaskInstance: example_dynamic_task_mapping.add_one scheduled__2022-04-09T00:00:00+00:00 map_index=2 [running]> on host LAPTOP-A1PMOBSE.localdomain
[2026-03-10T23:03:44.988+0530] {taskinstance.py:2648} INFO - Exporting env vars: AIRFLOW_CTX_DAG_OWNER='airflow' AIRFLOW_CTX_DAG_ID='example_dynamic_task_mapping' AIRFLOW_CTX_TASK_ID='add_one' AIRFLOW_CTX_EXECUTION_DATE='2022-04-09T00:00:00+00:00' AIRFLOW_CTX_TRY_NUMBER='1' AIRFLOW_CTX_DAG_RUN_ID='scheduled__2022-04-09T00:00:00+00:00'
[2026-03-10T23:03:44.990+0530] {taskinstance.py:430} INFO - ::endgroup::
[2026-03-10T23:03:44.991+0530] {python.py:237} INFO - Done. Returned value was: 4
[2026-03-10T23:03:44.991+0530] {taskinstance.py:441} INFO - ::group::Post task execution logs
[2026-03-10T23:03:45.017+0530] {taskinstance.py:1206} INFO - Marking task as SUCCESS. dag_id=example_dynamic_task_mapping, task_id=add_one, run_id=scheduled__2022-04-09T00:00:00+00:00, map_index=2, execution_date=20220409T000000, start_date=20260310T173344, end_date=20260310T173345
[2026-03-10T23:03:45.069+0530] {local_task_job_runner.py:243} INFO - Task exited with return code 0
[2026-03-10T23:03:45.087+0530] {taskinstance.py:3503} INFO - 1 downstream tasks scheduled from follow-on schedule check
[2026-03-10T23:03:45.096+0530] {local_task_job_runner.py:222} INFO - ::endgroup::
