[2025-12-26T22:59:43.182+0530] {local_task_job_runner.py:120} INFO - ::group::Pre task execution logs
[2025-12-26T22:59:43.206+0530] {taskinstance.py:2076} INFO - Dependencies all met for dep_context=non-requeueable deps ti=<TaskInstance: example_dynamic_task_mapping.add_one scheduled__2022-10-13T00:00:00+00:00 map_index=1 [queued]>
[2025-12-26T22:59:43.213+0530] {taskinstance.py:2076} INFO - Dependencies all met for dep_context=requeueable deps ti=<TaskInstance: example_dynamic_task_mapping.add_one scheduled__2022-10-13T00:00:00+00:00 map_index=1 [queued]>
[2025-12-26T22:59:43.214+0530] {taskinstance.py:2306} INFO - Starting attempt 1 of 1
[2025-12-26T22:59:43.231+0530] {taskinstance.py:2330} INFO - Executing <Mapped(_PythonDecoratedOperator): add_one> on 2022-10-13 00:00:00+00:00
[2025-12-26T22:59:43.233+0530] {standard_task_runner.py:64} INFO - Started process 10645 to run task
[2025-12-26T22:59:43.238+0530] {standard_task_runner.py:90} INFO - Running: ['airflow', 'tasks', 'run', 'example_dynamic_task_mapping', 'add_one', 'scheduled__2022-10-13T00:00:00+00:00', '--job-id', '1295', '--raw', '--subdir', '/home/sathya/projects/training-kit/.venv-airflow/lib/python3.10/site-packages/airflow/example_dags/example_dynamic_task_mapping.py', '--cfg-path', '/tmp/tmp2j_3boa_', '--map-index', '1']
[2025-12-26T22:59:43.239+0530] {standard_task_runner.py:91} INFO - Job 1295: Subtask add_one
[2025-12-26T22:59:43.278+0530] {task_command.py:426} INFO - Running <TaskInstance: example_dynamic_task_mapping.add_one scheduled__2022-10-13T00:00:00+00:00 map_index=1 [running]> on host LAPTOP-A1PMOBSE.localdomain
[2025-12-26T22:59:43.347+0530] {taskinstance.py:2648} INFO - Exporting env vars: AIRFLOW_CTX_DAG_OWNER='airflow' AIRFLOW_CTX_DAG_ID='example_dynamic_task_mapping' AIRFLOW_CTX_TASK_ID='add_one' AIRFLOW_CTX_EXECUTION_DATE='2022-10-13T00:00:00+00:00' AIRFLOW_CTX_TRY_NUMBER='1' AIRFLOW_CTX_DAG_RUN_ID='scheduled__2022-10-13T00:00:00+00:00'
[2025-12-26T22:59:43.348+0530] {taskinstance.py:430} INFO - ::endgroup::
[2025-12-26T22:59:43.348+0530] {python.py:237} INFO - Done. Returned value was: 3
[2025-12-26T22:59:43.348+0530] {taskinstance.py:441} INFO - ::group::Post task execution logs
[2025-12-26T22:59:43.363+0530] {taskinstance.py:1206} INFO - Marking task as SUCCESS. dag_id=example_dynamic_task_mapping, task_id=add_one, run_id=scheduled__2022-10-13T00:00:00+00:00, map_index=1, execution_date=20221013T000000, start_date=20251226T172943, end_date=20251226T172943
[2025-12-26T22:59:43.384+0530] {local_task_job_runner.py:243} INFO - Task exited with return code 0
[2025-12-26T22:59:43.399+0530] {taskinstance.py:3503} INFO - 0 downstream tasks scheduled from follow-on schedule check
[2025-12-26T22:59:43.401+0530] {local_task_job_runner.py:222} INFO - ::endgroup::
[2026-03-11T22:16:07.695+0530] {local_task_job_runner.py:120} INFO - ::group::Pre task execution logs
[2026-03-11T22:16:07.715+0530] {taskinstance.py:2076} INFO - Dependencies all met for dep_context=non-requeueable deps ti=<TaskInstance: example_dynamic_task_mapping.add_one scheduled__2022-10-13T00:00:00+00:00 map_index=1 [queued]>
[2026-03-11T22:16:07.720+0530] {taskinstance.py:2076} INFO - Dependencies all met for dep_context=requeueable deps ti=<TaskInstance: example_dynamic_task_mapping.add_one scheduled__2022-10-13T00:00:00+00:00 map_index=1 [queued]>
[2026-03-11T22:16:07.720+0530] {taskinstance.py:2306} INFO - Starting attempt 1 of 1
[2026-03-11T22:16:07.737+0530] {taskinstance.py:2330} INFO - Executing <Mapped(_PythonDecoratedOperator): add_one> on 2022-10-13 00:00:00+00:00
[2026-03-11T22:16:07.741+0530] {standard_task_runner.py:64} INFO - Started process 5776 to run task
[2026-03-11T22:16:07.744+0530] {standard_task_runner.py:90} INFO - Running: ['airflow', 'tasks', 'run', 'example_dynamic_task_mapping', 'add_one', 'scheduled__2022-10-13T00:00:00+00:00', '--job-id', '1653', '--raw', '--subdir', '/home/sathya/projects/training-kit/.venv-airflow/lib/python3.10/site-packages/airflow/example_dags/example_dynamic_task_mapping.py', '--cfg-path', '/tmp/tmpnr_hyquf', '--map-index', '1']
[2026-03-11T22:16:07.746+0530] {standard_task_runner.py:91} INFO - Job 1653: Subtask add_one
[2026-03-11T22:16:07.775+0530] {task_command.py:426} INFO - Running <TaskInstance: example_dynamic_task_mapping.add_one scheduled__2022-10-13T00:00:00+00:00 map_index=1 [running]> on host LAPTOP-A1PMOBSE.localdomain
[2026-03-11T22:16:07.831+0530] {taskinstance.py:2648} INFO - Exporting env vars: AIRFLOW_CTX_DAG_OWNER='airflow' AIRFLOW_CTX_DAG_ID='example_dynamic_task_mapping' AIRFLOW_CTX_TASK_ID='add_one' AIRFLOW_CTX_EXECUTION_DATE='2022-10-13T00:00:00+00:00' AIRFLOW_CTX_TRY_NUMBER='1' AIRFLOW_CTX_DAG_RUN_ID='scheduled__2022-10-13T00:00:00+00:00'
[2026-03-11T22:16:07.832+0530] {taskinstance.py:430} INFO - ::endgroup::
[2026-03-11T22:16:07.832+0530] {python.py:237} INFO - Done. Returned value was: 3
[2026-03-11T22:16:07.832+0530] {taskinstance.py:441} INFO - ::group::Post task execution logs
[2026-03-11T22:16:07.847+0530] {taskinstance.py:1206} INFO - Marking task as SUCCESS. dag_id=example_dynamic_task_mapping, task_id=add_one, run_id=scheduled__2022-10-13T00:00:00+00:00, map_index=1, execution_date=20221013T000000, start_date=20260311T164607, end_date=20260311T164607
[2026-03-11T22:16:07.885+0530] {local_task_job_runner.py:243} INFO - Task exited with return code 0
[2026-03-11T22:16:07.905+0530] {taskinstance.py:3503} INFO - 0 downstream tasks scheduled from follow-on schedule check
[2026-03-11T22:16:07.906+0530] {local_task_job_runner.py:222} INFO - ::endgroup::
