[2026-03-10T22:17:12.381+0530] {local_task_job_runner.py:120} INFO - ::group::Pre task execution logs
[2026-03-10T22:17:12.417+0530] {taskinstance.py:2076} INFO - Dependencies all met for dep_context=non-requeueable deps ti=<TaskInstance: example_branch_operator.ext_py_c scheduled__2026-03-08T00:00:00+00:00 [queued]>
[2026-03-10T22:17:12.429+0530] {taskinstance.py:2076} INFO - Dependencies all met for dep_context=requeueable deps ti=<TaskInstance: example_branch_operator.ext_py_c scheduled__2026-03-08T00:00:00+00:00 [queued]>
[2026-03-10T22:17:12.429+0530] {taskinstance.py:2306} INFO - Starting attempt 1 of 1
[2026-03-10T22:17:12.453+0530] {taskinstance.py:2330} INFO - Executing <Task(ExternalPythonOperator): ext_py_c> on 2026-03-08 00:00:00+00:00
[2026-03-10T22:17:12.460+0530] {standard_task_runner.py:64} INFO - Started process 2749 to run task
[2026-03-10T22:17:12.464+0530] {standard_task_runner.py:90} INFO - Running: ['airflow', 'tasks', 'run', 'example_branch_operator', 'ext_py_c', 'scheduled__2026-03-08T00:00:00+00:00', '--job-id', '232', '--raw', '--subdir', '/home/sathya/projects/training-kit/.venv-airflow/lib/python3.10/site-packages/airflow/example_dags/example_branch_operator.py', '--cfg-path', '/tmp/tmpvglabeqn']
[2026-03-10T22:17:12.466+0530] {standard_task_runner.py:91} INFO - Job 232: Subtask ext_py_c
[2026-03-10T22:17:12.521+0530] {task_command.py:426} INFO - Running <TaskInstance: example_branch_operator.ext_py_c scheduled__2026-03-08T00:00:00+00:00 [running]> on host LAPTOP-A1PMOBSE.localdomain
[2026-03-10T22:17:12.605+0530] {taskinstance.py:2648} INFO - Exporting env vars: AIRFLOW_CTX_DAG_OWNER='airflow' AIRFLOW_CTX_DAG_ID='example_branch_operator' AIRFLOW_CTX_TASK_ID='ext_py_c' AIRFLOW_CTX_EXECUTION_DATE='2026-03-08T00:00:00+00:00' AIRFLOW_CTX_TRY_NUMBER='1' AIRFLOW_CTX_DAG_RUN_ID='scheduled__2026-03-08T00:00:00+00:00'
[2026-03-10T22:17:12.609+0530] {taskinstance.py:430} INFO - ::endgroup::
[2026-03-10T22:17:12.687+0530] {baseoperator.py:400} WARNING - ExternalPythonOperator.execute cannot be called outside TaskInstance!
[2026-03-10T22:17:12.713+0530] {process_utils.py:183} INFO - Executing cmd: /home/sathya/projects/training-kit/.venv-airflow/bin/python3.10 /tmp/venv-calle4t23g49/script.py /tmp/venv-calle4t23g49/script.in /tmp/venv-calle4t23g49/script.out /tmp/venv-calle4t23g49/string_args.txt /tmp/venv-calle4t23g49/termination.log
[2026-03-10T22:17:12.714+0530] {process_utils.py:187} INFO - Output:
[2026-03-10T22:17:13.544+0530] {process_utils.py:191} INFO - Hello World from external Python
[2026-03-10T22:17:13.755+0530] {python.py:237} INFO - Done. Returned value was: None
[2026-03-10T22:17:13.755+0530] {taskinstance.py:441} INFO - ::group::Post task execution logs
[2026-03-10T22:17:13.762+0530] {taskinstance.py:1206} INFO - Marking task as SUCCESS. dag_id=example_branch_operator, task_id=ext_py_c, run_id=scheduled__2026-03-08T00:00:00+00:00, execution_date=20260308T000000, start_date=20260310T164712, end_date=20260310T164713
[2026-03-10T22:17:13.823+0530] {local_task_job_runner.py:243} INFO - Task exited with return code 0
[2026-03-10T22:17:13.867+0530] {taskinstance.py:3503} INFO - 0 downstream tasks scheduled from follow-on schedule check
[2026-03-10T22:17:13.868+0530] {local_task_job_runner.py:222} INFO - ::endgroup::
