[2026-01-08T21:50:05.281+0530] {local_task_job_runner.py:120} INFO - ::group::Pre task execution logs
[2026-01-08T21:50:05.298+0530] {taskinstance.py:2076} INFO - Dependencies all met for dep_context=non-requeueable deps ti=<TaskInstance: example_bash_operator.runme_2 scheduled__2025-12-27T00:00:00+00:00 [queued]>
[2026-01-08T21:50:05.307+0530] {taskinstance.py:2076} INFO - Dependencies all met for dep_context=requeueable deps ti=<TaskInstance: example_bash_operator.runme_2 scheduled__2025-12-27T00:00:00+00:00 [queued]>
[2026-01-08T21:50:05.307+0530] {taskinstance.py:2306} INFO - Starting attempt 1 of 1
[2026-01-08T21:50:05.326+0530] {taskinstance.py:2330} INFO - Executing <Task(BashOperator): runme_2> on 2025-12-27 00:00:00+00:00
[2026-01-08T21:50:05.329+0530] {standard_task_runner.py:64} INFO - Started process 896 to run task
[2026-01-08T21:50:05.332+0530] {standard_task_runner.py:90} INFO - Running: ['airflow', 'tasks', 'run', 'example_bash_operator', 'runme_2', 'scheduled__2025-12-27T00:00:00+00:00', '--job-id', '5166', '--raw', '--subdir', '/home/sathya/projects/training-kit/.venv-airflow/lib/python3.10/site-packages/airflow/example_dags/example_bash_operator.py', '--cfg-path', '/tmp/tmpbv4pd3w0']
[2026-01-08T21:50:05.332+0530] {standard_task_runner.py:91} INFO - Job 5166: Subtask runme_2
[2026-01-08T21:50:05.374+0530] {task_command.py:426} INFO - Running <TaskInstance: example_bash_operator.runme_2 scheduled__2025-12-27T00:00:00+00:00 [running]> on host LAPTOP-A1PMOBSE.localdomain
[2026-01-08T21:50:05.459+0530] {taskinstance.py:2648} INFO - Exporting env vars: AIRFLOW_CTX_DAG_OWNER='airflow' AIRFLOW_CTX_DAG_ID='example_bash_operator' AIRFLOW_CTX_TASK_ID='runme_2' AIRFLOW_CTX_EXECUTION_DATE='2025-12-27T00:00:00+00:00' AIRFLOW_CTX_TRY_NUMBER='1' AIRFLOW_CTX_DAG_RUN_ID='scheduled__2025-12-27T00:00:00+00:00'
[2026-01-08T21:50:05.460+0530] {taskinstance.py:430} INFO - ::endgroup::
[2026-01-08T21:50:05.460+0530] {subprocess.py:63} INFO - Tmp dir root location: /tmp
[2026-01-08T21:50:05.461+0530] {subprocess.py:75} INFO - Running command: ['/usr/bin/bash', '-c', 'echo "example_bash_operator__runme_2__20251227" && sleep 1']
[2026-01-08T21:50:05.466+0530] {subprocess.py:86} INFO - Output:
[2026-01-08T21:50:05.467+0530] {subprocess.py:93} INFO - example_bash_operator__runme_2__20251227
[2026-01-08T21:50:06.468+0530] {subprocess.py:97} INFO - Command exited with return code 0
[2026-01-08T21:50:06.469+0530] {taskinstance.py:441} INFO - ::group::Post task execution logs
[2026-01-08T21:50:06.491+0530] {taskinstance.py:1206} INFO - Marking task as SUCCESS. dag_id=example_bash_operator, task_id=runme_2, run_id=scheduled__2025-12-27T00:00:00+00:00, execution_date=20251227T000000, start_date=20260108T162005, end_date=20260108T162006
[2026-01-08T21:50:06.514+0530] {local_task_job_runner.py:243} INFO - Task exited with return code 0
[2026-01-08T21:50:06.529+0530] {taskinstance.py:3503} INFO - 1 downstream tasks scheduled from follow-on schedule check
[2026-01-08T21:50:06.539+0530] {local_task_job_runner.py:222} INFO - ::endgroup::
