[2025-12-26T22:24:03.934+0530] {local_task_job_runner.py:120} INFO - ::group::Pre task execution logs
[2025-12-26T22:24:03.955+0530] {taskinstance.py:2076} INFO - Dependencies all met for dep_context=non-requeueable deps ti=<TaskInstance: example_dynamic_task_mapping.add_one scheduled__2022-05-28T00:00:00+00:00 map_index=2 [queued]>
[2025-12-26T22:24:03.962+0530] {taskinstance.py:2076} INFO - Dependencies all met for dep_context=requeueable deps ti=<TaskInstance: example_dynamic_task_mapping.add_one scheduled__2022-05-28T00:00:00+00:00 map_index=2 [queued]>
[2025-12-26T22:24:03.962+0530] {taskinstance.py:2306} INFO - Starting attempt 1 of 1
[2025-12-26T22:24:03.976+0530] {taskinstance.py:2330} INFO - Executing <Mapped(_PythonDecoratedOperator): add_one> on 2022-05-28 00:00:00+00:00
[2025-12-26T22:24:03.980+0530] {standard_task_runner.py:64} INFO - Started process 6362 to run task
[2025-12-26T22:24:03.982+0530] {standard_task_runner.py:90} INFO - Running: ['airflow', 'tasks', 'run', 'example_dynamic_task_mapping', 'add_one', 'scheduled__2022-05-28T00:00:00+00:00', '--job-id', '563', '--raw', '--subdir', '/home/sathya/projects/training-kit/.venv-airflow/lib/python3.10/site-packages/airflow/example_dags/example_dynamic_task_mapping.py', '--cfg-path', '/tmp/tmpdumxvhpq', '--map-index', '2']
[2025-12-26T22:24:03.983+0530] {standard_task_runner.py:91} INFO - Job 563: Subtask add_one
[2025-12-26T22:24:04.016+0530] {task_command.py:426} INFO - Running <TaskInstance: example_dynamic_task_mapping.add_one scheduled__2022-05-28T00:00:00+00:00 map_index=2 [running]> on host LAPTOP-A1PMOBSE.localdomain
[2025-12-26T22:24:04.072+0530] {taskinstance.py:2648} INFO - Exporting env vars: AIRFLOW_CTX_DAG_OWNER='airflow' AIRFLOW_CTX_DAG_ID='example_dynamic_task_mapping' AIRFLOW_CTX_TASK_ID='add_one' AIRFLOW_CTX_EXECUTION_DATE='2022-05-28T00:00:00+00:00' AIRFLOW_CTX_TRY_NUMBER='1' AIRFLOW_CTX_DAG_RUN_ID='scheduled__2022-05-28T00:00:00+00:00'
[2025-12-26T22:24:04.073+0530] {taskinstance.py:430} INFO - ::endgroup::
[2025-12-26T22:24:04.074+0530] {python.py:237} INFO - Done. Returned value was: 4
[2025-12-26T22:24:04.074+0530] {taskinstance.py:441} INFO - ::group::Post task execution logs
[2025-12-26T22:24:04.093+0530] {taskinstance.py:1206} INFO - Marking task as SUCCESS. dag_id=example_dynamic_task_mapping, task_id=add_one, run_id=scheduled__2022-05-28T00:00:00+00:00, map_index=2, execution_date=20220528T000000, start_date=20251226T165403, end_date=20251226T165404
[2025-12-26T22:24:04.124+0530] {local_task_job_runner.py:243} INFO - Task exited with return code 0
[2025-12-26T22:24:04.137+0530] {taskinstance.py:3503} INFO - 1 downstream tasks scheduled from follow-on schedule check
[2025-12-26T22:24:04.148+0530] {local_task_job_runner.py:222} INFO - ::endgroup::
[2026-03-10T23:13:33.171+0530] {local_task_job_runner.py:120} INFO - ::group::Pre task execution logs
[2026-03-10T23:13:33.204+0530] {taskinstance.py:2076} INFO - Dependencies all met for dep_context=non-requeueable deps ti=<TaskInstance: example_dynamic_task_mapping.add_one scheduled__2022-05-28T00:00:00+00:00 map_index=2 [queued]>
[2026-03-10T23:13:33.213+0530] {taskinstance.py:2076} INFO - Dependencies all met for dep_context=requeueable deps ti=<TaskInstance: example_dynamic_task_mapping.add_one scheduled__2022-05-28T00:00:00+00:00 map_index=2 [queued]>
[2026-03-10T23:13:33.214+0530] {taskinstance.py:2306} INFO - Starting attempt 1 of 1
[2026-03-10T23:13:33.238+0530] {taskinstance.py:2330} INFO - Executing <Mapped(_PythonDecoratedOperator): add_one> on 2022-05-28 00:00:00+00:00
[2026-03-10T23:13:33.245+0530] {standard_task_runner.py:64} INFO - Started process 8076 to run task
[2026-03-10T23:13:33.250+0530] {standard_task_runner.py:90} INFO - Running: ['airflow', 'tasks', 'run', 'example_dynamic_task_mapping', 'add_one', 'scheduled__2022-05-28T00:00:00+00:00', '--job-id', '700', '--raw', '--subdir', '/home/sathya/projects/training-kit/.venv-airflow/lib/python3.10/site-packages/airflow/example_dags/example_dynamic_task_mapping.py', '--cfg-path', '/tmp/tmp8lyormxf', '--map-index', '2']
[2026-03-10T23:13:33.252+0530] {standard_task_runner.py:91} INFO - Job 700: Subtask add_one
[2026-03-10T23:13:33.309+0530] {task_command.py:426} INFO - Running <TaskInstance: example_dynamic_task_mapping.add_one scheduled__2022-05-28T00:00:00+00:00 map_index=2 [running]> on host LAPTOP-A1PMOBSE.localdomain
[2026-03-10T23:13:33.424+0530] {taskinstance.py:2648} INFO - Exporting env vars: AIRFLOW_CTX_DAG_OWNER='airflow' AIRFLOW_CTX_DAG_ID='example_dynamic_task_mapping' AIRFLOW_CTX_TASK_ID='add_one' AIRFLOW_CTX_EXECUTION_DATE='2022-05-28T00:00:00+00:00' AIRFLOW_CTX_TRY_NUMBER='1' AIRFLOW_CTX_DAG_RUN_ID='scheduled__2022-05-28T00:00:00+00:00'
[2026-03-10T23:13:33.427+0530] {taskinstance.py:430} INFO - ::endgroup::
[2026-03-10T23:13:33.427+0530] {python.py:237} INFO - Done. Returned value was: 4
[2026-03-10T23:13:33.428+0530] {taskinstance.py:441} INFO - ::group::Post task execution logs
[2026-03-10T23:13:33.455+0530] {taskinstance.py:1206} INFO - Marking task as SUCCESS. dag_id=example_dynamic_task_mapping, task_id=add_one, run_id=scheduled__2022-05-28T00:00:00+00:00, map_index=2, execution_date=20220528T000000, start_date=20260310T174333, end_date=20260310T174333
[2026-03-10T23:13:33.521+0530] {local_task_job_runner.py:243} INFO - Task exited with return code 0
[2026-03-10T23:13:33.551+0530] {taskinstance.py:3503} INFO - 1 downstream tasks scheduled from follow-on schedule check
[2026-03-10T23:13:33.567+0530] {local_task_job_runner.py:222} INFO - ::endgroup::
