[2025-12-26T22:23:38.396+0530] {local_task_job_runner.py:120} INFO - ::group::Pre task execution logs
[2025-12-26T22:23:38.435+0530] {taskinstance.py:2076} INFO - Dependencies all met for dep_context=non-requeueable deps ti=<TaskInstance: example_dynamic_task_mapping.add_one scheduled__2022-05-25T00:00:00+00:00 map_index=0 [queued]>
[2025-12-26T22:23:38.455+0530] {taskinstance.py:2076} INFO - Dependencies all met for dep_context=requeueable deps ti=<TaskInstance: example_dynamic_task_mapping.add_one scheduled__2022-05-25T00:00:00+00:00 map_index=0 [queued]>
[2025-12-26T22:23:38.456+0530] {taskinstance.py:2306} INFO - Starting attempt 1 of 1
[2025-12-26T22:23:38.480+0530] {taskinstance.py:2330} INFO - Executing <Mapped(_PythonDecoratedOperator): add_one> on 2022-05-25 00:00:00+00:00
[2025-12-26T22:23:38.483+0530] {standard_task_runner.py:64} INFO - Started process 6291 to run task
[2025-12-26T22:23:38.487+0530] {standard_task_runner.py:90} INFO - Running: ['airflow', 'tasks', 'run', 'example_dynamic_task_mapping', 'add_one', 'scheduled__2022-05-25T00:00:00+00:00', '--job-id', '549', '--raw', '--subdir', '/home/sathya/projects/training-kit/.venv-airflow/lib/python3.10/site-packages/airflow/example_dags/example_dynamic_task_mapping.py', '--cfg-path', '/tmp/tmpw5rv5lh8', '--map-index', '0']
[2025-12-26T22:23:38.488+0530] {standard_task_runner.py:91} INFO - Job 549: Subtask add_one
[2025-12-26T22:23:38.531+0530] {task_command.py:426} INFO - Running <TaskInstance: example_dynamic_task_mapping.add_one scheduled__2022-05-25T00:00:00+00:00 map_index=0 [running]> on host LAPTOP-A1PMOBSE.localdomain
[2025-12-26T22:23:38.626+0530] {taskinstance.py:2648} INFO - Exporting env vars: AIRFLOW_CTX_DAG_OWNER='airflow' AIRFLOW_CTX_DAG_ID='example_dynamic_task_mapping' AIRFLOW_CTX_TASK_ID='add_one' AIRFLOW_CTX_EXECUTION_DATE='2022-05-25T00:00:00+00:00' AIRFLOW_CTX_TRY_NUMBER='1' AIRFLOW_CTX_DAG_RUN_ID='scheduled__2022-05-25T00:00:00+00:00'
[2025-12-26T22:23:38.628+0530] {taskinstance.py:430} INFO - ::endgroup::
[2025-12-26T22:23:38.629+0530] {python.py:237} INFO - Done. Returned value was: 2
[2025-12-26T22:23:38.629+0530] {taskinstance.py:441} INFO - ::group::Post task execution logs
[2025-12-26T22:23:38.649+0530] {taskinstance.py:1206} INFO - Marking task as SUCCESS. dag_id=example_dynamic_task_mapping, task_id=add_one, run_id=scheduled__2022-05-25T00:00:00+00:00, map_index=0, execution_date=20220525T000000, start_date=20251226T165338, end_date=20251226T165338
[2025-12-26T22:23:38.673+0530] {local_task_job_runner.py:243} INFO - Task exited with return code 0
[2025-12-26T22:23:38.738+0530] {taskinstance.py:3503} INFO - 0 downstream tasks scheduled from follow-on schedule check
[2025-12-26T22:23:38.738+0530] {local_task_job_runner.py:222} INFO - ::endgroup::
[2026-03-10T23:12:25.287+0530] {local_task_job_runner.py:120} INFO - ::group::Pre task execution logs
[2026-03-10T23:12:25.389+0530] {taskinstance.py:2076} INFO - Dependencies all met for dep_context=non-requeueable deps ti=<TaskInstance: example_dynamic_task_mapping.add_one scheduled__2022-05-25T00:00:00+00:00 map_index=0 [queued]>
[2026-03-10T23:12:25.408+0530] {taskinstance.py:2076} INFO - Dependencies all met for dep_context=requeueable deps ti=<TaskInstance: example_dynamic_task_mapping.add_one scheduled__2022-05-25T00:00:00+00:00 map_index=0 [queued]>
[2026-03-10T23:12:25.409+0530] {taskinstance.py:2306} INFO - Starting attempt 1 of 1
[2026-03-10T23:12:25.466+0530] {taskinstance.py:2330} INFO - Executing <Mapped(_PythonDecoratedOperator): add_one> on 2022-05-25 00:00:00+00:00
[2026-03-10T23:12:25.482+0530] {standard_task_runner.py:64} INFO - Started process 7792 to run task
[2026-03-10T23:12:25.491+0530] {standard_task_runner.py:90} INFO - Running: ['airflow', 'tasks', 'run', 'example_dynamic_task_mapping', 'add_one', 'scheduled__2022-05-25T00:00:00+00:00', '--job-id', '675', '--raw', '--subdir', '/home/sathya/projects/training-kit/.venv-airflow/lib/python3.10/site-packages/airflow/example_dags/example_dynamic_task_mapping.py', '--cfg-path', '/tmp/tmp6ci8y09z', '--map-index', '0']
[2026-03-10T23:12:25.497+0530] {standard_task_runner.py:91} INFO - Job 675: Subtask add_one
[2026-03-10T23:12:25.586+0530] {task_command.py:426} INFO - Running <TaskInstance: example_dynamic_task_mapping.add_one scheduled__2022-05-25T00:00:00+00:00 map_index=0 [running]> on host LAPTOP-A1PMOBSE.localdomain
[2026-03-10T23:12:25.723+0530] {taskinstance.py:2648} INFO - Exporting env vars: AIRFLOW_CTX_DAG_OWNER='airflow' AIRFLOW_CTX_DAG_ID='example_dynamic_task_mapping' AIRFLOW_CTX_TASK_ID='add_one' AIRFLOW_CTX_EXECUTION_DATE='2022-05-25T00:00:00+00:00' AIRFLOW_CTX_TRY_NUMBER='1' AIRFLOW_CTX_DAG_RUN_ID='scheduled__2022-05-25T00:00:00+00:00'
[2026-03-10T23:12:25.729+0530] {taskinstance.py:430} INFO - ::endgroup::
[2026-03-10T23:12:25.730+0530] {python.py:237} INFO - Done. Returned value was: 2
[2026-03-10T23:12:25.730+0530] {taskinstance.py:441} INFO - ::group::Post task execution logs
[2026-03-10T23:12:25.756+0530] {taskinstance.py:1206} INFO - Marking task as SUCCESS. dag_id=example_dynamic_task_mapping, task_id=add_one, run_id=scheduled__2022-05-25T00:00:00+00:00, map_index=0, execution_date=20220525T000000, start_date=20260310T174225, end_date=20260310T174225
[2026-03-10T23:12:25.804+0530] {local_task_job_runner.py:243} INFO - Task exited with return code 0
[2026-03-10T23:12:25.825+0530] {taskinstance.py:3503} INFO - 0 downstream tasks scheduled from follow-on schedule check
[2026-03-10T23:12:25.827+0530] {local_task_job_runner.py:222} INFO - ::endgroup::
