[2025-12-26T22:09:52.912+0530] {local_task_job_runner.py:120} INFO - ::group::Pre task execution logs
[2025-12-26T22:09:52.928+0530] {taskinstance.py:2076} INFO - Dependencies all met for dep_context=non-requeueable deps ti=<TaskInstance: example_dynamic_task_mapping.sum_it scheduled__2022-03-05T00:00:00+00:00 [queued]>
[2025-12-26T22:09:52.932+0530] {taskinstance.py:2076} INFO - Dependencies all met for dep_context=requeueable deps ti=<TaskInstance: example_dynamic_task_mapping.sum_it scheduled__2022-03-05T00:00:00+00:00 [queued]>
[2025-12-26T22:09:52.932+0530] {taskinstance.py:2306} INFO - Starting attempt 1 of 1
[2025-12-26T22:09:52.945+0530] {taskinstance.py:2330} INFO - Executing <Task(_PythonDecoratedOperator): sum_it> on 2022-03-05 00:00:00+00:00
[2025-12-26T22:09:52.947+0530] {standard_task_runner.py:64} INFO - Started process 4153 to run task
[2025-12-26T22:09:52.951+0530] {standard_task_runner.py:90} INFO - Running: ['airflow', 'tasks', 'run', 'example_dynamic_task_mapping', 'sum_it', 'scheduled__2022-03-05T00:00:00+00:00', '--job-id', '128', '--raw', '--subdir', '/home/sathya/projects/training-kit/.venv-airflow/lib/python3.10/site-packages/airflow/example_dags/example_dynamic_task_mapping.py', '--cfg-path', '/tmp/tmp2jx12pmo']
[2025-12-26T22:09:52.951+0530] {standard_task_runner.py:91} INFO - Job 128: Subtask sum_it
[2025-12-26T22:09:52.982+0530] {task_command.py:426} INFO - Running <TaskInstance: example_dynamic_task_mapping.sum_it scheduled__2022-03-05T00:00:00+00:00 [running]> on host LAPTOP-A1PMOBSE.localdomain
[2025-12-26T22:09:53.039+0530] {taskinstance.py:2648} INFO - Exporting env vars: AIRFLOW_CTX_DAG_OWNER='airflow' AIRFLOW_CTX_DAG_ID='example_dynamic_task_mapping' AIRFLOW_CTX_TASK_ID='sum_it' AIRFLOW_CTX_EXECUTION_DATE='2022-03-05T00:00:00+00:00' AIRFLOW_CTX_TRY_NUMBER='1' AIRFLOW_CTX_DAG_RUN_ID='scheduled__2022-03-05T00:00:00+00:00'
[2025-12-26T22:09:53.040+0530] {taskinstance.py:430} INFO - ::endgroup::
[2025-12-26T22:09:53.042+0530] {logging_mixin.py:188} INFO - Total was 9
[2025-12-26T22:09:53.042+0530] {python.py:237} INFO - Done. Returned value was: None
[2025-12-26T22:09:53.042+0530] {taskinstance.py:441} INFO - ::group::Post task execution logs
[2025-12-26T22:09:53.044+0530] {taskinstance.py:1206} INFO - Marking task as SUCCESS. dag_id=example_dynamic_task_mapping, task_id=sum_it, run_id=scheduled__2022-03-05T00:00:00+00:00, execution_date=20220305T000000, start_date=20251226T163952, end_date=20251226T163953
[2025-12-26T22:09:53.087+0530] {local_task_job_runner.py:243} INFO - Task exited with return code 0
[2025-12-26T22:09:53.099+0530] {taskinstance.py:3503} INFO - 0 downstream tasks scheduled from follow-on schedule check
[2025-12-26T22:09:53.100+0530] {local_task_job_runner.py:222} INFO - ::endgroup::
[2026-03-10T22:15:30.836+0530] {local_task_job_runner.py:120} INFO - ::group::Pre task execution logs
[2026-03-10T22:15:30.891+0530] {taskinstance.py:2076} INFO - Dependencies all met for dep_context=non-requeueable deps ti=<TaskInstance: example_dynamic_task_mapping.sum_it scheduled__2022-03-05T00:00:00+00:00 [queued]>
[2026-03-10T22:15:30.900+0530] {taskinstance.py:2076} INFO - Dependencies all met for dep_context=requeueable deps ti=<TaskInstance: example_dynamic_task_mapping.sum_it scheduled__2022-03-05T00:00:00+00:00 [queued]>
[2026-03-10T22:15:30.900+0530] {taskinstance.py:2306} INFO - Starting attempt 1 of 1
[2026-03-10T22:15:30.920+0530] {taskinstance.py:2330} INFO - Executing <Task(_PythonDecoratedOperator): sum_it> on 2022-03-05 00:00:00+00:00
[2026-03-10T22:15:30.926+0530] {standard_task_runner.py:64} INFO - Started process 2521 to run task
[2026-03-10T22:15:30.934+0530] {standard_task_runner.py:90} INFO - Running: ['airflow', 'tasks', 'run', 'example_dynamic_task_mapping', 'sum_it', 'scheduled__2022-03-05T00:00:00+00:00', '--job-id', '211', '--raw', '--subdir', '/home/sathya/projects/training-kit/.venv-airflow/lib/python3.10/site-packages/airflow/example_dags/example_dynamic_task_mapping.py', '--cfg-path', '/tmp/tmp06te8px9']
[2026-03-10T22:15:30.937+0530] {standard_task_runner.py:91} INFO - Job 211: Subtask sum_it
[2026-03-10T22:15:30.999+0530] {task_command.py:426} INFO - Running <TaskInstance: example_dynamic_task_mapping.sum_it scheduled__2022-03-05T00:00:00+00:00 [running]> on host LAPTOP-A1PMOBSE.localdomain
[2026-03-10T22:15:31.110+0530] {taskinstance.py:2648} INFO - Exporting env vars: AIRFLOW_CTX_DAG_OWNER='airflow' AIRFLOW_CTX_DAG_ID='example_dynamic_task_mapping' AIRFLOW_CTX_TASK_ID='sum_it' AIRFLOW_CTX_EXECUTION_DATE='2022-03-05T00:00:00+00:00' AIRFLOW_CTX_TRY_NUMBER='1' AIRFLOW_CTX_DAG_RUN_ID='scheduled__2022-03-05T00:00:00+00:00'
[2026-03-10T22:15:31.112+0530] {taskinstance.py:430} INFO - ::endgroup::
[2026-03-10T22:15:31.117+0530] {logging_mixin.py:188} INFO - Total was 9
[2026-03-10T22:15:31.117+0530] {python.py:237} INFO - Done. Returned value was: None
[2026-03-10T22:15:31.117+0530] {taskinstance.py:441} INFO - ::group::Post task execution logs
[2026-03-10T22:15:31.126+0530] {taskinstance.py:1206} INFO - Marking task as SUCCESS. dag_id=example_dynamic_task_mapping, task_id=sum_it, run_id=scheduled__2022-03-05T00:00:00+00:00, execution_date=20220305T000000, start_date=20260310T164530, end_date=20260310T164531
[2026-03-10T22:15:31.161+0530] {local_task_job_runner.py:243} INFO - Task exited with return code 0
[2026-03-10T22:15:31.182+0530] {taskinstance.py:3503} INFO - 0 downstream tasks scheduled from follow-on schedule check
[2026-03-10T22:15:31.183+0530] {local_task_job_runner.py:222} INFO - ::endgroup::
