[2025-12-26T22:14:36.554+0530] {local_task_job_runner.py:120} INFO - ::group::Pre task execution logs
[2025-12-26T22:14:36.573+0530] {taskinstance.py:2076} INFO - Dependencies all met for dep_context=non-requeueable deps ti=<TaskInstance: example_dynamic_task_mapping.sum_it scheduled__2022-03-24T00:00:00+00:00 [queued]>
[2025-12-26T22:14:36.583+0530] {taskinstance.py:2076} INFO - Dependencies all met for dep_context=requeueable deps ti=<TaskInstance: example_dynamic_task_mapping.sum_it scheduled__2022-03-24T00:00:00+00:00 [queued]>
[2025-12-26T22:14:36.583+0530] {taskinstance.py:2306} INFO - Starting attempt 1 of 1
[2025-12-26T22:14:36.601+0530] {taskinstance.py:2330} INFO - Executing <Task(_PythonDecoratedOperator): sum_it> on 2022-03-24 00:00:00+00:00
[2025-12-26T22:14:36.605+0530] {standard_task_runner.py:64} INFO - Started process 4775 to run task
[2025-12-26T22:14:36.615+0530] {standard_task_runner.py:90} INFO - Running: ['airflow', 'tasks', 'run', 'example_dynamic_task_mapping', 'sum_it', 'scheduled__2022-03-24T00:00:00+00:00', '--job-id', '254', '--raw', '--subdir', '/home/sathya/projects/training-kit/.venv-airflow/lib/python3.10/site-packages/airflow/example_dags/example_dynamic_task_mapping.py', '--cfg-path', '/tmp/tmp2kkssufv']
[2025-12-26T22:14:36.617+0530] {standard_task_runner.py:91} INFO - Job 254: Subtask sum_it
[2025-12-26T22:14:36.655+0530] {task_command.py:426} INFO - Running <TaskInstance: example_dynamic_task_mapping.sum_it scheduled__2022-03-24T00:00:00+00:00 [running]> on host LAPTOP-A1PMOBSE.localdomain
[2025-12-26T22:14:36.756+0530] {taskinstance.py:2648} INFO - Exporting env vars: AIRFLOW_CTX_DAG_OWNER='airflow' AIRFLOW_CTX_DAG_ID='example_dynamic_task_mapping' AIRFLOW_CTX_TASK_ID='sum_it' AIRFLOW_CTX_EXECUTION_DATE='2022-03-24T00:00:00+00:00' AIRFLOW_CTX_TRY_NUMBER='1' AIRFLOW_CTX_DAG_RUN_ID='scheduled__2022-03-24T00:00:00+00:00'
[2025-12-26T22:14:36.757+0530] {taskinstance.py:430} INFO - ::endgroup::
[2025-12-26T22:14:36.762+0530] {logging_mixin.py:188} INFO - Total was 9
[2025-12-26T22:14:36.762+0530] {python.py:237} INFO - Done. Returned value was: None
[2025-12-26T22:14:36.762+0530] {taskinstance.py:441} INFO - ::group::Post task execution logs
[2025-12-26T22:14:36.765+0530] {taskinstance.py:1206} INFO - Marking task as SUCCESS. dag_id=example_dynamic_task_mapping, task_id=sum_it, run_id=scheduled__2022-03-24T00:00:00+00:00, execution_date=20220324T000000, start_date=20251226T164436, end_date=20251226T164436
[2025-12-26T22:14:36.799+0530] {local_task_job_runner.py:243} INFO - Task exited with return code 0
[2025-12-26T22:14:36.807+0530] {taskinstance.py:3503} INFO - 0 downstream tasks scheduled from follow-on schedule check
[2025-12-26T22:14:36.807+0530] {local_task_job_runner.py:222} INFO - ::endgroup::
[2026-03-10T23:00:48.918+0530] {local_task_job_runner.py:120} INFO - ::group::Pre task execution logs
[2026-03-10T23:00:48.949+0530] {taskinstance.py:2076} INFO - Dependencies all met for dep_context=non-requeueable deps ti=<TaskInstance: example_dynamic_task_mapping.sum_it scheduled__2022-03-24T00:00:00+00:00 [queued]>
[2026-03-10T23:00:48.959+0530] {taskinstance.py:2076} INFO - Dependencies all met for dep_context=requeueable deps ti=<TaskInstance: example_dynamic_task_mapping.sum_it scheduled__2022-03-24T00:00:00+00:00 [queued]>
[2026-03-10T23:00:48.959+0530] {taskinstance.py:2306} INFO - Starting attempt 1 of 1
[2026-03-10T23:00:48.979+0530] {taskinstance.py:2330} INFO - Executing <Task(_PythonDecoratedOperator): sum_it> on 2022-03-24 00:00:00+00:00
[2026-03-10T23:00:48.985+0530] {standard_task_runner.py:64} INFO - Started process 4802 to run task
[2026-03-10T23:00:48.990+0530] {standard_task_runner.py:90} INFO - Running: ['airflow', 'tasks', 'run', 'example_dynamic_task_mapping', 'sum_it', 'scheduled__2022-03-24T00:00:00+00:00', '--job-id', '382', '--raw', '--subdir', '/home/sathya/projects/training-kit/.venv-airflow/lib/python3.10/site-packages/airflow/example_dags/example_dynamic_task_mapping.py', '--cfg-path', '/tmp/tmpe72jv67c']
[2026-03-10T23:00:48.992+0530] {standard_task_runner.py:91} INFO - Job 382: Subtask sum_it
[2026-03-10T23:00:49.048+0530] {task_command.py:426} INFO - Running <TaskInstance: example_dynamic_task_mapping.sum_it scheduled__2022-03-24T00:00:00+00:00 [running]> on host LAPTOP-A1PMOBSE.localdomain
[2026-03-10T23:00:49.152+0530] {taskinstance.py:2648} INFO - Exporting env vars: AIRFLOW_CTX_DAG_OWNER='airflow' AIRFLOW_CTX_DAG_ID='example_dynamic_task_mapping' AIRFLOW_CTX_TASK_ID='sum_it' AIRFLOW_CTX_EXECUTION_DATE='2022-03-24T00:00:00+00:00' AIRFLOW_CTX_TRY_NUMBER='1' AIRFLOW_CTX_DAG_RUN_ID='scheduled__2022-03-24T00:00:00+00:00'
[2026-03-10T23:00:49.155+0530] {taskinstance.py:430} INFO - ::endgroup::
[2026-03-10T23:00:49.159+0530] {logging_mixin.py:188} INFO - Total was 9
[2026-03-10T23:00:49.159+0530] {python.py:237} INFO - Done. Returned value was: None
[2026-03-10T23:00:49.160+0530] {taskinstance.py:441} INFO - ::group::Post task execution logs
[2026-03-10T23:00:49.165+0530] {taskinstance.py:1206} INFO - Marking task as SUCCESS. dag_id=example_dynamic_task_mapping, task_id=sum_it, run_id=scheduled__2022-03-24T00:00:00+00:00, execution_date=20220324T000000, start_date=20260310T173048, end_date=20260310T173049
[2026-03-10T23:00:49.206+0530] {local_task_job_runner.py:243} INFO - Task exited with return code 0
[2026-03-10T23:00:49.220+0530] {taskinstance.py:3503} INFO - 0 downstream tasks scheduled from follow-on schedule check
[2026-03-10T23:00:49.220+0530] {local_task_job_runner.py:222} INFO - ::endgroup::
