[2026-03-10T22:57:28.792+0530] {local_task_job_runner.py:120} INFO - ::group::Pre task execution logs
[2026-03-10T22:57:28.821+0530] {taskinstance.py:2076} INFO - Dependencies all met for dep_context=non-requeueable deps ti=<TaskInstance: example_branch_python_operator_decorator.branching_ext_python scheduled__2026-03-09T00:00:00+00:00 [queued]>
[2026-03-10T22:57:28.830+0530] {taskinstance.py:2076} INFO - Dependencies all met for dep_context=requeueable deps ti=<TaskInstance: example_branch_python_operator_decorator.branching_ext_python scheduled__2026-03-09T00:00:00+00:00 [queued]>
[2026-03-10T22:57:28.831+0530] {taskinstance.py:2306} INFO - Starting attempt 1 of 1
[2026-03-10T22:57:28.867+0530] {taskinstance.py:2330} INFO - Executing <Task(_BranchExternalPythonDecoratedOperator): branching_ext_python> on 2026-03-09 00:00:00+00:00
[2026-03-10T22:57:28.874+0530] {standard_task_runner.py:64} INFO - Started process 3983 to run task
[2026-03-10T22:57:28.881+0530] {standard_task_runner.py:90} INFO - Running: ['airflow', 'tasks', 'run', 'example_branch_python_operator_decorator', 'branching_ext_python', 'scheduled__2026-03-09T00:00:00+00:00', '--job-id', '312', '--raw', '--subdir', '/home/sathya/projects/training-kit/.venv-airflow/lib/python3.10/site-packages/airflow/example_dags/example_branch_operator_decorator.py', '--cfg-path', '/tmp/tmpk85th2pv']
[2026-03-10T22:57:28.884+0530] {standard_task_runner.py:91} INFO - Job 312: Subtask branching_ext_python
[2026-03-10T22:57:28.950+0530] {task_command.py:426} INFO - Running <TaskInstance: example_branch_python_operator_decorator.branching_ext_python scheduled__2026-03-09T00:00:00+00:00 [running]> on host LAPTOP-A1PMOBSE.localdomain
[2026-03-10T22:57:29.023+0530] {taskinstance.py:2648} INFO - Exporting env vars: AIRFLOW_CTX_DAG_OWNER='airflow' AIRFLOW_CTX_DAG_ID='example_branch_python_operator_decorator' AIRFLOW_CTX_TASK_ID='branching_ext_python' AIRFLOW_CTX_EXECUTION_DATE='2026-03-09T00:00:00+00:00' AIRFLOW_CTX_TRY_NUMBER='1' AIRFLOW_CTX_DAG_RUN_ID='scheduled__2026-03-09T00:00:00+00:00'
[2026-03-10T22:57:29.025+0530] {taskinstance.py:430} INFO - ::endgroup::
[2026-03-10T22:57:29.130+0530] {process_utils.py:183} INFO - Executing cmd: /home/sathya/projects/training-kit/.venv-airflow/bin/python3.10 /tmp/venv-callnm0avgp8/script.py /tmp/venv-callnm0avgp8/script.in /tmp/venv-callnm0avgp8/script.out /tmp/venv-callnm0avgp8/string_args.txt /tmp/venv-callnm0avgp8/termination.log
[2026-03-10T22:57:29.131+0530] {process_utils.py:187} INFO - Output:
[2026-03-10T22:57:30.143+0530] {python.py:237} INFO - Done. Returned value was: ext_py_b
[2026-03-10T22:57:30.143+0530] {branch.py:36} INFO - Branch into ext_py_b
[2026-03-10T22:57:30.144+0530] {skipmixin.py:178} INFO - Following branch ext_py_b
[2026-03-10T22:57:30.157+0530] {skipmixin.py:246} INFO - Skipping tasks [('ext_py_c', -1), ('ext_py_a', -1), ('ext_py_d', -1)]
[2026-03-10T22:57:30.189+0530] {taskinstance.py:441} INFO - ::group::Post task execution logs
[2026-03-10T22:57:30.208+0530] {taskinstance.py:1206} INFO - Marking task as SUCCESS. dag_id=example_branch_python_operator_decorator, task_id=branching_ext_python, run_id=scheduled__2026-03-09T00:00:00+00:00, execution_date=20260309T000000, start_date=20260310T172728, end_date=20260310T172730
[2026-03-10T22:57:30.267+0530] {local_task_job_runner.py:243} INFO - Task exited with return code 0
[2026-03-10T22:57:30.310+0530] {taskinstance.py:3503} INFO - 1 downstream tasks scheduled from follow-on schedule check
[2026-03-10T22:57:30.325+0530] {local_task_job_runner.py:222} INFO - ::endgroup::
