[2025-12-27T19:28:13.846+0530] {local_task_job_runner.py:120} INFO - ::group::Pre task execution logs
[2025-12-27T19:28:13.870+0530] {taskinstance.py:2076} INFO - Dependencies all met for dep_context=non-requeueable deps ti=<TaskInstance: example_dynamic_task_mapping.add_one scheduled__2022-11-28T00:00:00+00:00 map_index=1 [queued]>
[2025-12-27T19:28:13.878+0530] {taskinstance.py:2076} INFO - Dependencies all met for dep_context=requeueable deps ti=<TaskInstance: example_dynamic_task_mapping.add_one scheduled__2022-11-28T00:00:00+00:00 map_index=1 [queued]>
[2025-12-27T19:28:13.878+0530] {taskinstance.py:2306} INFO - Starting attempt 1 of 1
[2025-12-27T19:28:13.895+0530] {taskinstance.py:2330} INFO - Executing <Mapped(_PythonDecoratedOperator): add_one> on 2022-11-28 00:00:00+00:00
[2025-12-27T19:28:13.899+0530] {standard_task_runner.py:64} INFO - Started process 1181 to run task
[2025-12-27T19:28:13.903+0530] {standard_task_runner.py:90} INFO - Running: ['airflow', 'tasks', 'run', 'example_dynamic_task_mapping', 'add_one', 'scheduled__2022-11-28T00:00:00+00:00', '--job-id', '1705', '--raw', '--subdir', '/home/sathya/projects/training-kit/.venv-airflow/lib/python3.10/site-packages/airflow/example_dags/example_dynamic_task_mapping.py', '--cfg-path', '/tmp/tmpe8hfv_kk', '--map-index', '1']
[2025-12-27T19:28:13.904+0530] {standard_task_runner.py:91} INFO - Job 1705: Subtask add_one
[2025-12-27T19:28:13.947+0530] {task_command.py:426} INFO - Running <TaskInstance: example_dynamic_task_mapping.add_one scheduled__2022-11-28T00:00:00+00:00 map_index=1 [running]> on host LAPTOP-A1PMOBSE.localdomain
[2025-12-27T19:28:14.023+0530] {taskinstance.py:2648} INFO - Exporting env vars: AIRFLOW_CTX_DAG_OWNER='airflow' AIRFLOW_CTX_DAG_ID='example_dynamic_task_mapping' AIRFLOW_CTX_TASK_ID='add_one' AIRFLOW_CTX_EXECUTION_DATE='2022-11-28T00:00:00+00:00' AIRFLOW_CTX_TRY_NUMBER='1' AIRFLOW_CTX_DAG_RUN_ID='scheduled__2022-11-28T00:00:00+00:00'
[2025-12-27T19:28:14.024+0530] {taskinstance.py:430} INFO - ::endgroup::
[2025-12-27T19:28:14.025+0530] {python.py:237} INFO - Done. Returned value was: 3
[2025-12-27T19:28:14.025+0530] {taskinstance.py:441} INFO - ::group::Post task execution logs
[2025-12-27T19:28:14.043+0530] {taskinstance.py:1206} INFO - Marking task as SUCCESS. dag_id=example_dynamic_task_mapping, task_id=add_one, run_id=scheduled__2022-11-28T00:00:00+00:00, map_index=1, execution_date=20221128T000000, start_date=20251227T135813, end_date=20251227T135814
[2025-12-27T19:28:14.078+0530] {local_task_job_runner.py:243} INFO - Task exited with return code 0
[2025-12-27T19:28:14.100+0530] {taskinstance.py:3503} INFO - 0 downstream tasks scheduled from follow-on schedule check
[2025-12-27T19:28:14.100+0530] {local_task_job_runner.py:222} INFO - ::endgroup::
[2026-03-11T22:45:18.809+0530] {local_task_job_runner.py:120} INFO - ::group::Pre task execution logs
[2026-03-11T22:45:18.825+0530] {taskinstance.py:2076} INFO - Dependencies all met for dep_context=non-requeueable deps ti=<TaskInstance: example_dynamic_task_mapping.add_one scheduled__2022-11-28T00:00:00+00:00 map_index=1 [queued]>
[2026-03-11T22:45:18.830+0530] {taskinstance.py:2076} INFO - Dependencies all met for dep_context=requeueable deps ti=<TaskInstance: example_dynamic_task_mapping.add_one scheduled__2022-11-28T00:00:00+00:00 map_index=1 [queued]>
[2026-03-11T22:45:18.830+0530] {taskinstance.py:2306} INFO - Starting attempt 1 of 1
[2026-03-11T22:45:18.845+0530] {taskinstance.py:2330} INFO - Executing <Mapped(_PythonDecoratedOperator): add_one> on 2022-11-28 00:00:00+00:00
[2026-03-11T22:45:18.849+0530] {standard_task_runner.py:64} INFO - Started process 10078 to run task
[2026-03-11T22:45:18.852+0530] {standard_task_runner.py:90} INFO - Running: ['airflow', 'tasks', 'run', 'example_dynamic_task_mapping', 'add_one', 'scheduled__2022-11-28T00:00:00+00:00', '--job-id', '2024', '--raw', '--subdir', '/home/sathya/projects/training-kit/.venv-airflow/lib/python3.10/site-packages/airflow/example_dags/example_dynamic_task_mapping.py', '--cfg-path', '/tmp/tmpv6das1_2', '--map-index', '1']
[2026-03-11T22:45:18.854+0530] {standard_task_runner.py:91} INFO - Job 2024: Subtask add_one
[2026-03-11T22:45:18.889+0530] {task_command.py:426} INFO - Running <TaskInstance: example_dynamic_task_mapping.add_one scheduled__2022-11-28T00:00:00+00:00 map_index=1 [running]> on host LAPTOP-A1PMOBSE.localdomain
[2026-03-11T22:45:18.952+0530] {taskinstance.py:2648} INFO - Exporting env vars: AIRFLOW_CTX_DAG_OWNER='airflow' AIRFLOW_CTX_DAG_ID='example_dynamic_task_mapping' AIRFLOW_CTX_TASK_ID='add_one' AIRFLOW_CTX_EXECUTION_DATE='2022-11-28T00:00:00+00:00' AIRFLOW_CTX_TRY_NUMBER='1' AIRFLOW_CTX_DAG_RUN_ID='scheduled__2022-11-28T00:00:00+00:00'
[2026-03-11T22:45:18.953+0530] {taskinstance.py:430} INFO - ::endgroup::
[2026-03-11T22:45:18.954+0530] {python.py:237} INFO - Done. Returned value was: 3
[2026-03-11T22:45:18.954+0530] {taskinstance.py:441} INFO - ::group::Post task execution logs
[2026-03-11T22:45:18.972+0530] {taskinstance.py:1206} INFO - Marking task as SUCCESS. dag_id=example_dynamic_task_mapping, task_id=add_one, run_id=scheduled__2022-11-28T00:00:00+00:00, map_index=1, execution_date=20221128T000000, start_date=20260311T171518, end_date=20260311T171518
[2026-03-11T22:45:19.035+0530] {local_task_job_runner.py:243} INFO - Task exited with return code 0
[2026-03-11T22:45:19.053+0530] {taskinstance.py:3503} INFO - 0 downstream tasks scheduled from follow-on schedule check
[2026-03-11T22:45:19.053+0530] {local_task_job_runner.py:222} INFO - ::endgroup::
