[2025-12-26T22:19:52.848+0530] {local_task_job_runner.py:120} INFO - ::group::Pre task execution logs
[2025-12-26T22:19:52.868+0530] {taskinstance.py:2076} INFO - Dependencies all met for dep_context=non-requeueable deps ti=<TaskInstance: example_dynamic_task_mapping.add_one scheduled__2022-05-10T00:00:00+00:00 map_index=2 [queued]>
[2025-12-26T22:19:52.872+0530] {taskinstance.py:2076} INFO - Dependencies all met for dep_context=requeueable deps ti=<TaskInstance: example_dynamic_task_mapping.add_one scheduled__2022-05-10T00:00:00+00:00 map_index=2 [queued]>
[2025-12-26T22:19:52.872+0530] {taskinstance.py:2306} INFO - Starting attempt 1 of 1
[2025-12-26T22:19:52.887+0530] {taskinstance.py:2330} INFO - Executing <Mapped(_PythonDecoratedOperator): add_one> on 2022-05-10 00:00:00+00:00
[2025-12-26T22:19:52.890+0530] {standard_task_runner.py:64} INFO - Started process 5830 to run task
[2025-12-26T22:19:52.894+0530] {standard_task_runner.py:90} INFO - Running: ['airflow', 'tasks', 'run', 'example_dynamic_task_mapping', 'add_one', 'scheduled__2022-05-10T00:00:00+00:00', '--job-id', '470', '--raw', '--subdir', '/home/sathya/projects/training-kit/.venv-airflow/lib/python3.10/site-packages/airflow/example_dags/example_dynamic_task_mapping.py', '--cfg-path', '/tmp/tmp4g1vxn9i', '--map-index', '2']
[2025-12-26T22:19:52.894+0530] {standard_task_runner.py:91} INFO - Job 470: Subtask add_one
[2025-12-26T22:19:52.932+0530] {task_command.py:426} INFO - Running <TaskInstance: example_dynamic_task_mapping.add_one scheduled__2022-05-10T00:00:00+00:00 map_index=2 [running]> on host LAPTOP-A1PMOBSE.localdomain
[2025-12-26T22:19:52.994+0530] {taskinstance.py:2648} INFO - Exporting env vars: AIRFLOW_CTX_DAG_OWNER='airflow' AIRFLOW_CTX_DAG_ID='example_dynamic_task_mapping' AIRFLOW_CTX_TASK_ID='add_one' AIRFLOW_CTX_EXECUTION_DATE='2022-05-10T00:00:00+00:00' AIRFLOW_CTX_TRY_NUMBER='1' AIRFLOW_CTX_DAG_RUN_ID='scheduled__2022-05-10T00:00:00+00:00'
[2025-12-26T22:19:52.995+0530] {taskinstance.py:430} INFO - ::endgroup::
[2025-12-26T22:19:52.995+0530] {python.py:237} INFO - Done. Returned value was: 4
[2025-12-26T22:19:52.995+0530] {taskinstance.py:441} INFO - ::group::Post task execution logs
[2025-12-26T22:19:53.011+0530] {taskinstance.py:1206} INFO - Marking task as SUCCESS. dag_id=example_dynamic_task_mapping, task_id=add_one, run_id=scheduled__2022-05-10T00:00:00+00:00, map_index=2, execution_date=20220510T000000, start_date=20251226T164952, end_date=20251226T164953
[2025-12-26T22:19:53.035+0530] {local_task_job_runner.py:243} INFO - Task exited with return code 0
[2025-12-26T22:19:53.051+0530] {taskinstance.py:3503} INFO - 1 downstream tasks scheduled from follow-on schedule check
[2025-12-26T22:19:53.060+0530] {local_task_job_runner.py:222} INFO - ::endgroup::
[2026-03-10T23:09:56.892+0530] {local_task_job_runner.py:120} INFO - ::group::Pre task execution logs
[2026-03-10T23:09:56.927+0530] {taskinstance.py:2076} INFO - Dependencies all met for dep_context=non-requeueable deps ti=<TaskInstance: example_dynamic_task_mapping.add_one scheduled__2022-05-10T00:00:00+00:00 map_index=2 [queued]>
[2026-03-10T23:09:56.934+0530] {taskinstance.py:2076} INFO - Dependencies all met for dep_context=requeueable deps ti=<TaskInstance: example_dynamic_task_mapping.add_one scheduled__2022-05-10T00:00:00+00:00 map_index=2 [queued]>
[2026-03-10T23:09:56.935+0530] {taskinstance.py:2306} INFO - Starting attempt 1 of 1
[2026-03-10T23:09:56.969+0530] {taskinstance.py:2330} INFO - Executing <Mapped(_PythonDecoratedOperator): add_one> on 2022-05-10 00:00:00+00:00
[2026-03-10T23:09:56.976+0530] {standard_task_runner.py:64} INFO - Started process 7129 to run task
[2026-03-10T23:09:56.981+0530] {standard_task_runner.py:90} INFO - Running: ['airflow', 'tasks', 'run', 'example_dynamic_task_mapping', 'add_one', 'scheduled__2022-05-10T00:00:00+00:00', '--job-id', '608', '--raw', '--subdir', '/home/sathya/projects/training-kit/.venv-airflow/lib/python3.10/site-packages/airflow/example_dags/example_dynamic_task_mapping.py', '--cfg-path', '/tmp/tmp6svjouzq', '--map-index', '2']
[2026-03-10T23:09:56.984+0530] {standard_task_runner.py:91} INFO - Job 608: Subtask add_one
[2026-03-10T23:09:57.039+0530] {task_command.py:426} INFO - Running <TaskInstance: example_dynamic_task_mapping.add_one scheduled__2022-05-10T00:00:00+00:00 map_index=2 [running]> on host LAPTOP-A1PMOBSE.localdomain
[2026-03-10T23:09:57.138+0530] {taskinstance.py:2648} INFO - Exporting env vars: AIRFLOW_CTX_DAG_OWNER='airflow' AIRFLOW_CTX_DAG_ID='example_dynamic_task_mapping' AIRFLOW_CTX_TASK_ID='add_one' AIRFLOW_CTX_EXECUTION_DATE='2022-05-10T00:00:00+00:00' AIRFLOW_CTX_TRY_NUMBER='1' AIRFLOW_CTX_DAG_RUN_ID='scheduled__2022-05-10T00:00:00+00:00'
[2026-03-10T23:09:57.139+0530] {taskinstance.py:430} INFO - ::endgroup::
[2026-03-10T23:09:57.140+0530] {python.py:237} INFO - Done. Returned value was: 4
[2026-03-10T23:09:57.140+0530] {taskinstance.py:441} INFO - ::group::Post task execution logs
[2026-03-10T23:09:57.172+0530] {taskinstance.py:1206} INFO - Marking task as SUCCESS. dag_id=example_dynamic_task_mapping, task_id=add_one, run_id=scheduled__2022-05-10T00:00:00+00:00, map_index=2, execution_date=20220510T000000, start_date=20260310T173956, end_date=20260310T173957
[2026-03-10T23:09:57.202+0530] {local_task_job_runner.py:243} INFO - Task exited with return code 0
[2026-03-10T23:09:57.252+0530] {taskinstance.py:3503} INFO - 1 downstream tasks scheduled from follow-on schedule check
[2026-03-10T23:09:57.261+0530] {local_task_job_runner.py:222} INFO - ::endgroup::
