[2025-12-27T23:09:37.708+0530] {local_task_job_runner.py:120} INFO - ::group::Pre task execution logs
[2025-12-27T23:09:37.724+0530] {taskinstance.py:2076} INFO - Dependencies all met for dep_context=non-requeueable deps ti=<TaskInstance: daily_elt.meltano_elt manual__2025-12-27T17:34:44.120149+00:00 [queued]>
[2025-12-27T23:09:37.728+0530] {taskinstance.py:2076} INFO - Dependencies all met for dep_context=requeueable deps ti=<TaskInstance: daily_elt.meltano_elt manual__2025-12-27T17:34:44.120149+00:00 [queued]>
[2025-12-27T23:09:37.729+0530] {taskinstance.py:2306} INFO - Starting attempt 1 of 2
[2025-12-27T23:09:37.742+0530] {taskinstance.py:2330} INFO - Executing <Task(BashOperator): meltano_elt> on 2025-12-27 17:34:44.120149+00:00
[2025-12-27T23:09:37.744+0530] {standard_task_runner.py:64} INFO - Started process 8517 to run task
[2025-12-27T23:09:37.747+0530] {standard_task_runner.py:90} INFO - Running: ['airflow', 'tasks', 'run', 'daily_elt', 'meltano_elt', 'manual__2025-12-27T17:34:44.120149+00:00', '--job-id', '4240', '--raw', '--subdir', 'DAGS_FOLDER/elt_dag.py', '--cfg-path', '/tmp/tmpz_hyqrw7']
[2025-12-27T23:09:37.747+0530] {standard_task_runner.py:91} INFO - Job 4240: Subtask meltano_elt
[2025-12-27T23:09:37.779+0530] {task_command.py:426} INFO - Running <TaskInstance: daily_elt.meltano_elt manual__2025-12-27T17:34:44.120149+00:00 [running]> on host LAPTOP-A1PMOBSE.localdomain
[2025-12-27T23:09:37.837+0530] {taskinstance.py:2648} INFO - Exporting env vars: AIRFLOW_CTX_DAG_OWNER='data-eng' AIRFLOW_CTX_DAG_ID='daily_elt' AIRFLOW_CTX_TASK_ID='meltano_elt' AIRFLOW_CTX_EXECUTION_DATE='2025-12-27T17:34:44.120149+00:00' AIRFLOW_CTX_TRY_NUMBER='1' AIRFLOW_CTX_DAG_RUN_ID='manual__2025-12-27T17:34:44.120149+00:00'
[2025-12-27T23:09:37.838+0530] {taskinstance.py:430} INFO - ::endgroup::
[2025-12-27T23:09:37.839+0530] {subprocess.py:63} INFO - Tmp dir root location: /tmp
[2025-12-27T23:09:37.840+0530] {subprocess.py:75} INFO - Running command: ['/usr/bin/bash', '-c', '\n        cd /home/$USER/projects/training-kit/training-meltano &&\n        meltano elt tap-csv target-postgres\n        ']
[2025-12-27T23:09:37.844+0530] {subprocess.py:86} INFO - Output:
[2025-12-27T23:09:38.396+0530] {subprocess.py:93} INFO - [2m2025-12-27T17:39:38.395827Z[0m [[32m[1minfo     [0m] [1mEnvironment 'dev' is active   [0m
[2025-12-27T23:09:38.486+0530] {subprocess.py:93} INFO - [2m2025-12-27T17:39:38.486308Z[0m [[33m[1mwarning  [0m] [1mThe `elt` command is deprecated in favor of `el`[0m
[2025-12-27T23:09:38.777+0530] {subprocess.py:93} INFO - [2m2025-12-27T17:39:38.776555Z[0m [[32m[1minfo     [0m] [1mRunning extract & load...     [0m [36mname[0m=[35mmeltano[0m
[2025-12-27T23:09:39.562+0530] {subprocess.py:93} INFO - [2m2025-12-27T17:39:39.562229Z[0m [[32m[1minfo     [0m] [1mtap-csv v1.2.0, Meltano SDK v0.53.4[0m [36mname[0m=[35mtap-csv[0m
[2025-12-27T23:09:39.563+0530] {subprocess.py:93} INFO - [2m2025-12-27T17:39:39.562707Z[0m [[32m[1minfo     [0m] [1mSkipping parse of env var settings...[0m [36mname[0m=[35mtap-csv[0m
[2025-12-27T23:09:39.563+0530] {subprocess.py:93} INFO - [2m2025-12-27T17:39:39.563342Z[0m [[32m[1minfo     [0m] [1mBeginning sync of 'people' in full_table mode[0m [36mname[0m=[35mtap-csv[0m
[2025-12-27T23:09:39.564+0530] {subprocess.py:93} INFO - [2m2025-12-27T17:39:39.564180Z[0m [[32m[1minfo     [0m] [1mMETRIC: {"type":"timer","metric":"sync_duration","value":0.00033545494079589844,"tags":{"stream":"people","pid":8523,"context":{},"status":"succeeded"}}[0m [36mname[0m=[35mtap-csv[0m
[2025-12-27T23:09:39.564+0530] {subprocess.py:93} INFO - [2m2025-12-27T17:39:39.564441Z[0m [[32m[1minfo     [0m] [1mMETRIC: {"type":"counter","metric":"record_count","value":3,"tags":{"stream":"people","pid":8523,"context":{}}}[0m [36mname[0m=[35mtap-csv[0m
[2025-12-27T23:09:39.776+0530] {subprocess.py:93} INFO - [2m2025-12-27T17:39:39.776351Z[0m [[32m[1minfo     [0m] [1mtarget-postgres v0.6.3, Meltano SDK v0.53.4[0m [36mname[0m=[35mtarget-postgres[0m
[2025-12-27T23:09:39.777+0530] {subprocess.py:93} INFO - [2m2025-12-27T17:39:39.776647Z[0m [[32m[1minfo     [0m] [1mSkipping parse of env var settings...[0m [36mname[0m=[35mtarget-postgres[0m
[2025-12-27T23:09:39.777+0530] {subprocess.py:93} INFO - [2m2025-12-27T17:39:39.777030Z[0m [[33m[1mwarning  [0m] [1mThe `dialect+driver` configuration option is deprecated. Please set it to `postgresql+psycopg`, as this will be the hard-coded value in the future.[0m [36mname[0m=[35mtarget-postgres[0m
[2025-12-27T23:09:39.886+0530] {subprocess.py:93} INFO - [2m2025-12-27T17:39:39.886033Z[0m [[32m[1minfo     [0m] [1mReader 'target-postgres' completed processing 5 lines of input (1 schemas, 3 records, 0 batch manifests, 1 state messages, 0 activate version messages).[0m [36mname[0m=[35mtarget-postgres[0m
[2025-12-27T23:09:39.912+0530] {subprocess.py:93} INFO - [2m2025-12-27T17:39:39.912296Z[0m [[32m[1minfo     [0m] [1mInserting with SQL: INSERT INTO "50712754_cf0d_44d7_a8aa_6aa17827d273" (id, name, age, _sdc_extracted_at, _sdc_received_at, _sdc_batched_at, _sdc_deleted_at, _sdc_sequence, _sdc_table_version, _sdc_sync_started_at) VALUES (:id, :name, :age, :_sdc_extracted_at, :_sdc_received_at, :_sdc_batched_at, :_sdc_deleted_at, :_sdc_sequence, :_sdc_table_version, :_sdc_sync_started_at)[0m [36mname[0m=[35mtarget-postgres[0m
[2025-12-27T23:09:39.920+0530] {subprocess.py:93} INFO - [2m2025-12-27T17:39:39.920528Z[0m [[32m[1minfo     [0m] [1mMETRIC                        [0m [36mmetric_name[0m=[35mbatch_processing_time[0m [36mmetric_value[0m=[35m0.030724525451660156[0m [36mname[0m=[35mtarget-postgres[0m
[2025-12-27T23:09:39.931+0530] {subprocess.py:93} INFO - [2m2025-12-27T17:39:39.931063Z[0m [[32m[1minfo     [0m] [1mMETRIC                        [0m [36mmetric_name[0m=[35mrecord_count[0m [36mmetric_value[0m=[35m3[0m [36mname[0m=[35mtarget-postgres[0m
[2025-12-27T23:09:39.946+0530] {subprocess.py:93} INFO - [2m2025-12-27T17:39:39.946358Z[0m [[32m[1minfo     [0m] [1mUsing systemdb state backend  [0m
[2025-12-27T23:09:39.958+0530] {subprocess.py:93} INFO - [2m2025-12-27T17:39:39.957918Z[0m [[32m[1minfo     [0m] [1mIncremental state has been updated at 2025-12-27 17:39:39.957867+00:00.[0m
[2025-12-27T23:09:40.035+0530] {subprocess.py:93} INFO - [2m2025-12-27T17:39:40.035257Z[0m [[32m[1minfo     [0m] [1mExtract & load complete!      [0m [36mname[0m=[35mmeltano[0m
[2025-12-27T23:09:40.035+0530] {subprocess.py:93} INFO - [2m2025-12-27T17:39:40.035470Z[0m [[32m[1minfo     [0m] [1mTransformation skipped.       [0m [36mname[0m=[35mmeltano[0m
[2025-12-27T23:09:41.523+0530] {subprocess.py:97} INFO - Command exited with return code 0
[2025-12-27T23:09:41.524+0530] {taskinstance.py:441} INFO - ::group::Post task execution logs
[2025-12-27T23:09:41.544+0530] {taskinstance.py:1206} INFO - Marking task as SUCCESS. dag_id=daily_elt, task_id=meltano_elt, run_id=manual__2025-12-27T17:34:44.120149+00:00, execution_date=20251227T173444, start_date=20251227T173937, end_date=20251227T173941
[2025-12-27T23:09:41.589+0530] {local_task_job_runner.py:243} INFO - Task exited with return code 0
[2025-12-27T23:09:41.616+0530] {taskinstance.py:3503} INFO - 1 downstream tasks scheduled from follow-on schedule check
[2025-12-27T23:09:41.633+0530] {local_task_job_runner.py:222} INFO - ::endgroup::
