[2025-12-26T22:27:06.637+0530] {local_task_job_runner.py:120} INFO - ::group::Pre task execution logs
[2025-12-26T22:27:06.653+0530] {taskinstance.py:2076} INFO - Dependencies all met for dep_context=non-requeueable deps ti=<TaskInstance: example_dynamic_task_mapping.add_one scheduled__2022-06-06T00:00:00+00:00 map_index=1 [queued]>
[2025-12-26T22:27:06.657+0530] {taskinstance.py:2076} INFO - Dependencies all met for dep_context=requeueable deps ti=<TaskInstance: example_dynamic_task_mapping.add_one scheduled__2022-06-06T00:00:00+00:00 map_index=1 [queued]>
[2025-12-26T22:27:06.657+0530] {taskinstance.py:2306} INFO - Starting attempt 1 of 1
[2025-12-26T22:27:06.671+0530] {taskinstance.py:2330} INFO - Executing <Mapped(_PythonDecoratedOperator): add_one> on 2022-06-06 00:00:00+00:00
[2025-12-26T22:27:06.674+0530] {standard_task_runner.py:64} INFO - Started process 6708 to run task
[2025-12-26T22:27:06.677+0530] {standard_task_runner.py:90} INFO - Running: ['airflow', 'tasks', 'run', 'example_dynamic_task_mapping', 'add_one', 'scheduled__2022-06-06T00:00:00+00:00', '--job-id', '615', '--raw', '--subdir', '/home/sathya/projects/training-kit/.venv-airflow/lib/python3.10/site-packages/airflow/example_dags/example_dynamic_task_mapping.py', '--cfg-path', '/tmp/tmpb90vnz_p', '--map-index', '1']
[2025-12-26T22:27:06.677+0530] {standard_task_runner.py:91} INFO - Job 615: Subtask add_one
[2025-12-26T22:27:06.706+0530] {task_command.py:426} INFO - Running <TaskInstance: example_dynamic_task_mapping.add_one scheduled__2022-06-06T00:00:00+00:00 map_index=1 [running]> on host LAPTOP-A1PMOBSE.localdomain
[2025-12-26T22:27:06.756+0530] {taskinstance.py:2648} INFO - Exporting env vars: AIRFLOW_CTX_DAG_OWNER='airflow' AIRFLOW_CTX_DAG_ID='example_dynamic_task_mapping' AIRFLOW_CTX_TASK_ID='add_one' AIRFLOW_CTX_EXECUTION_DATE='2022-06-06T00:00:00+00:00' AIRFLOW_CTX_TRY_NUMBER='1' AIRFLOW_CTX_DAG_RUN_ID='scheduled__2022-06-06T00:00:00+00:00'
[2025-12-26T22:27:06.757+0530] {taskinstance.py:430} INFO - ::endgroup::
[2025-12-26T22:27:06.757+0530] {python.py:237} INFO - Done. Returned value was: 3
[2025-12-26T22:27:06.757+0530] {taskinstance.py:441} INFO - ::group::Post task execution logs
[2025-12-26T22:27:06.769+0530] {taskinstance.py:1206} INFO - Marking task as SUCCESS. dag_id=example_dynamic_task_mapping, task_id=add_one, run_id=scheduled__2022-06-06T00:00:00+00:00, map_index=1, execution_date=20220606T000000, start_date=20251226T165706, end_date=20251226T165706
[2025-12-26T22:27:06.810+0530] {local_task_job_runner.py:243} INFO - Task exited with return code 0
[2025-12-26T22:27:06.826+0530] {taskinstance.py:3503} INFO - 0 downstream tasks scheduled from follow-on schedule check
[2025-12-26T22:27:06.826+0530] {local_task_job_runner.py:222} INFO - ::endgroup::
[2026-03-10T23:15:38.836+0530] {local_task_job_runner.py:120} INFO - ::group::Pre task execution logs
[2026-03-10T23:15:38.861+0530] {taskinstance.py:2076} INFO - Dependencies all met for dep_context=non-requeueable deps ti=<TaskInstance: example_dynamic_task_mapping.add_one scheduled__2022-06-06T00:00:00+00:00 map_index=1 [queued]>
[2026-03-10T23:15:38.868+0530] {taskinstance.py:2076} INFO - Dependencies all met for dep_context=requeueable deps ti=<TaskInstance: example_dynamic_task_mapping.add_one scheduled__2022-06-06T00:00:00+00:00 map_index=1 [queued]>
[2026-03-10T23:15:38.869+0530] {taskinstance.py:2306} INFO - Starting attempt 1 of 1
[2026-03-10T23:15:38.888+0530] {taskinstance.py:2330} INFO - Executing <Mapped(_PythonDecoratedOperator): add_one> on 2022-06-06 00:00:00+00:00
[2026-03-10T23:15:38.893+0530] {standard_task_runner.py:64} INFO - Started process 8541 to run task
[2026-03-10T23:15:38.897+0530] {standard_task_runner.py:90} INFO - Running: ['airflow', 'tasks', 'run', 'example_dynamic_task_mapping', 'add_one', 'scheduled__2022-06-06T00:00:00+00:00', '--job-id', '745', '--raw', '--subdir', '/home/sathya/projects/training-kit/.venv-airflow/lib/python3.10/site-packages/airflow/example_dags/example_dynamic_task_mapping.py', '--cfg-path', '/tmp/tmpjmcgath5', '--map-index', '1']
[2026-03-10T23:15:38.900+0530] {standard_task_runner.py:91} INFO - Job 745: Subtask add_one
[2026-03-10T23:15:38.954+0530] {task_command.py:426} INFO - Running <TaskInstance: example_dynamic_task_mapping.add_one scheduled__2022-06-06T00:00:00+00:00 map_index=1 [running]> on host LAPTOP-A1PMOBSE.localdomain
[2026-03-10T23:15:39.050+0530] {taskinstance.py:2648} INFO - Exporting env vars: AIRFLOW_CTX_DAG_OWNER='airflow' AIRFLOW_CTX_DAG_ID='example_dynamic_task_mapping' AIRFLOW_CTX_TASK_ID='add_one' AIRFLOW_CTX_EXECUTION_DATE='2022-06-06T00:00:00+00:00' AIRFLOW_CTX_TRY_NUMBER='1' AIRFLOW_CTX_DAG_RUN_ID='scheduled__2022-06-06T00:00:00+00:00'
[2026-03-10T23:15:39.052+0530] {taskinstance.py:430} INFO - ::endgroup::
[2026-03-10T23:15:39.053+0530] {python.py:237} INFO - Done. Returned value was: 3
[2026-03-10T23:15:39.053+0530] {taskinstance.py:441} INFO - ::group::Post task execution logs
[2026-03-10T23:15:39.078+0530] {taskinstance.py:1206} INFO - Marking task as SUCCESS. dag_id=example_dynamic_task_mapping, task_id=add_one, run_id=scheduled__2022-06-06T00:00:00+00:00, map_index=1, execution_date=20220606T000000, start_date=20260310T174538, end_date=20260310T174539
[2026-03-10T23:15:39.115+0530] {local_task_job_runner.py:243} INFO - Task exited with return code 0
[2026-03-10T23:15:39.134+0530] {taskinstance.py:3503} INFO - 0 downstream tasks scheduled from follow-on schedule check
[2026-03-10T23:15:39.135+0530] {local_task_job_runner.py:222} INFO - ::endgroup::
