[2025-12-27T19:22:47.304+0530] {processor.py:161} INFO - Started process (PID=1019) to work on /home/sathya/projects/training-kit/.venv-airflow/lib/python3.10/site-packages/airflow/example_dags/example_latest_only.py
[2025-12-27T19:22:47.305+0530] {processor.py:830} INFO - Processing file /home/sathya/projects/training-kit/.venv-airflow/lib/python3.10/site-packages/airflow/example_dags/example_latest_only.py for tasks to queue
[2025-12-27T19:22:47.307+0530] {logging_mixin.py:188} INFO - [2025-12-27T19:22:47.307+0530] {dagbag.py:545} INFO - Filling up the DagBag from /home/sathya/projects/training-kit/.venv-airflow/lib/python3.10/site-packages/airflow/example_dags/example_latest_only.py
[2025-12-27T19:22:47.315+0530] {processor.py:840} INFO - DAG(s) 'latest_only' retrieved from /home/sathya/projects/training-kit/.venv-airflow/lib/python3.10/site-packages/airflow/example_dags/example_latest_only.py
[2025-12-27T19:22:47.338+0530] {logging_mixin.py:188} INFO - [2025-12-27T19:22:47.338+0530] {dag.py:3089} INFO - Sync 1 DAGs
[2025-12-27T19:22:47.360+0530] {logging_mixin.py:188} INFO - [2025-12-27T19:22:47.360+0530] {dag.py:3947} INFO - Setting next_dagrun for latest_only to 2025-12-27 12:00:00+00:00, run_after=2025-12-27 16:00:00+00:00
[2025-12-27T19:22:47.394+0530] {processor.py:183} INFO - Processing /home/sathya/projects/training-kit/.venv-airflow/lib/python3.10/site-packages/airflow/example_dags/example_latest_only.py took 0.096 seconds
[2025-12-27T19:34:05.261+0530] {processor.py:161} INFO - Started process (PID=1400) to work on /home/sathya/projects/training-kit/.venv-airflow/lib/python3.10/site-packages/airflow/example_dags/example_latest_only.py
[2025-12-27T19:34:05.262+0530] {processor.py:830} INFO - Processing file /home/sathya/projects/training-kit/.venv-airflow/lib/python3.10/site-packages/airflow/example_dags/example_latest_only.py for tasks to queue
[2025-12-27T19:34:05.265+0530] {logging_mixin.py:188} INFO - [2025-12-27T19:34:05.264+0530] {dagbag.py:545} INFO - Filling up the DagBag from /home/sathya/projects/training-kit/.venv-airflow/lib/python3.10/site-packages/airflow/example_dags/example_latest_only.py
[2025-12-27T19:34:05.272+0530] {processor.py:840} INFO - DAG(s) 'latest_only' retrieved from /home/sathya/projects/training-kit/.venv-airflow/lib/python3.10/site-packages/airflow/example_dags/example_latest_only.py
[2025-12-27T19:34:05.290+0530] {logging_mixin.py:188} INFO - [2025-12-27T19:34:05.290+0530] {dag.py:3089} INFO - Sync 1 DAGs
[2025-12-27T19:34:05.408+0530] {logging_mixin.py:188} INFO - [2025-12-27T19:34:05.408+0530] {dag.py:3947} INFO - Setting next_dagrun for latest_only to 2025-12-27 12:00:00+00:00, run_after=2025-12-27 16:00:00+00:00
[2025-12-27T19:34:05.439+0530] {processor.py:183} INFO - Processing /home/sathya/projects/training-kit/.venv-airflow/lib/python3.10/site-packages/airflow/example_dags/example_latest_only.py took 0.184 seconds
[2025-12-27T19:42:08.712+0530] {processor.py:161} INFO - Started process (PID=1709) to work on /home/sathya/projects/training-kit/.venv-airflow/lib/python3.10/site-packages/airflow/example_dags/example_latest_only.py
[2025-12-27T19:42:08.715+0530] {processor.py:830} INFO - Processing file /home/sathya/projects/training-kit/.venv-airflow/lib/python3.10/site-packages/airflow/example_dags/example_latest_only.py for tasks to queue
[2025-12-27T19:42:08.718+0530] {logging_mixin.py:188} INFO - [2025-12-27T19:42:08.717+0530] {dagbag.py:545} INFO - Filling up the DagBag from /home/sathya/projects/training-kit/.venv-airflow/lib/python3.10/site-packages/airflow/example_dags/example_latest_only.py
[2025-12-27T19:42:08.731+0530] {processor.py:840} INFO - DAG(s) 'latest_only' retrieved from /home/sathya/projects/training-kit/.venv-airflow/lib/python3.10/site-packages/airflow/example_dags/example_latest_only.py
[2025-12-27T19:42:08.759+0530] {logging_mixin.py:188} INFO - [2025-12-27T19:42:08.758+0530] {dag.py:3089} INFO - Sync 1 DAGs
[2025-12-27T19:42:08.785+0530] {logging_mixin.py:188} INFO - [2025-12-27T19:42:08.784+0530] {dag.py:3947} INFO - Setting next_dagrun for latest_only to 2025-12-27 12:00:00+00:00, run_after=2025-12-27 16:00:00+00:00
[2025-12-27T19:42:08.826+0530] {processor.py:183} INFO - Processing /home/sathya/projects/training-kit/.venv-airflow/lib/python3.10/site-packages/airflow/example_dags/example_latest_only.py took 0.127 seconds
[2025-12-27T19:51:46.422+0530] {processor.py:161} INFO - Started process (PID=2070) to work on /home/sathya/projects/training-kit/.venv-airflow/lib/python3.10/site-packages/airflow/example_dags/example_latest_only.py
[2025-12-27T19:51:46.426+0530] {processor.py:830} INFO - Processing file /home/sathya/projects/training-kit/.venv-airflow/lib/python3.10/site-packages/airflow/example_dags/example_latest_only.py for tasks to queue
[2025-12-27T19:51:46.429+0530] {logging_mixin.py:188} INFO - [2025-12-27T19:51:46.428+0530] {dagbag.py:545} INFO - Filling up the DagBag from /home/sathya/projects/training-kit/.venv-airflow/lib/python3.10/site-packages/airflow/example_dags/example_latest_only.py
[2025-12-27T19:51:46.435+0530] {processor.py:840} INFO - DAG(s) 'latest_only' retrieved from /home/sathya/projects/training-kit/.venv-airflow/lib/python3.10/site-packages/airflow/example_dags/example_latest_only.py
[2025-12-27T19:51:46.455+0530] {logging_mixin.py:188} INFO - [2025-12-27T19:51:46.454+0530] {dag.py:3089} INFO - Sync 1 DAGs
[2025-12-27T19:51:46.476+0530] {logging_mixin.py:188} INFO - [2025-12-27T19:51:46.476+0530] {dag.py:3947} INFO - Setting next_dagrun for latest_only to 2025-12-27 12:00:00+00:00, run_after=2025-12-27 16:00:00+00:00
[2025-12-27T19:51:46.515+0530] {processor.py:183} INFO - Processing /home/sathya/projects/training-kit/.venv-airflow/lib/python3.10/site-packages/airflow/example_dags/example_latest_only.py took 0.102 seconds
[2025-12-27T19:59:19.970+0530] {processor.py:161} INFO - Started process (PID=2366) to work on /home/sathya/projects/training-kit/.venv-airflow/lib/python3.10/site-packages/airflow/example_dags/example_latest_only.py
[2025-12-27T19:59:19.971+0530] {processor.py:830} INFO - Processing file /home/sathya/projects/training-kit/.venv-airflow/lib/python3.10/site-packages/airflow/example_dags/example_latest_only.py for tasks to queue
[2025-12-27T19:59:19.973+0530] {logging_mixin.py:188} INFO - [2025-12-27T19:59:19.973+0530] {dagbag.py:545} INFO - Filling up the DagBag from /home/sathya/projects/training-kit/.venv-airflow/lib/python3.10/site-packages/airflow/example_dags/example_latest_only.py
[2025-12-27T19:59:19.980+0530] {processor.py:840} INFO - DAG(s) 'latest_only' retrieved from /home/sathya/projects/training-kit/.venv-airflow/lib/python3.10/site-packages/airflow/example_dags/example_latest_only.py
[2025-12-27T19:59:20.006+0530] {logging_mixin.py:188} INFO - [2025-12-27T19:59:20.006+0530] {dag.py:3089} INFO - Sync 1 DAGs
[2025-12-27T19:59:20.028+0530] {logging_mixin.py:188} INFO - [2025-12-27T19:59:20.028+0530] {dag.py:3947} INFO - Setting next_dagrun for latest_only to 2025-12-27 12:00:00+00:00, run_after=2025-12-27 16:00:00+00:00
[2025-12-27T19:59:20.061+0530] {processor.py:183} INFO - Processing /home/sathya/projects/training-kit/.venv-airflow/lib/python3.10/site-packages/airflow/example_dags/example_latest_only.py took 0.107 seconds
[2025-12-27T20:08:06.965+0530] {processor.py:161} INFO - Started process (PID=2735) to work on /home/sathya/projects/training-kit/.venv-airflow/lib/python3.10/site-packages/airflow/example_dags/example_latest_only.py
[2025-12-27T20:08:06.967+0530] {processor.py:830} INFO - Processing file /home/sathya/projects/training-kit/.venv-airflow/lib/python3.10/site-packages/airflow/example_dags/example_latest_only.py for tasks to queue
[2025-12-27T20:08:06.969+0530] {logging_mixin.py:188} INFO - [2025-12-27T20:08:06.968+0530] {dagbag.py:545} INFO - Filling up the DagBag from /home/sathya/projects/training-kit/.venv-airflow/lib/python3.10/site-packages/airflow/example_dags/example_latest_only.py
[2025-12-27T20:08:06.974+0530] {processor.py:840} INFO - DAG(s) 'latest_only' retrieved from /home/sathya/projects/training-kit/.venv-airflow/lib/python3.10/site-packages/airflow/example_dags/example_latest_only.py
[2025-12-27T20:08:06.990+0530] {logging_mixin.py:188} INFO - [2025-12-27T20:08:06.990+0530] {dag.py:3089} INFO - Sync 1 DAGs
[2025-12-27T20:08:07.007+0530] {logging_mixin.py:188} INFO - [2025-12-27T20:08:07.006+0530] {dag.py:3947} INFO - Setting next_dagrun for latest_only to 2025-12-27 12:00:00+00:00, run_after=2025-12-27 16:00:00+00:00
[2025-12-27T20:08:07.041+0530] {processor.py:183} INFO - Processing /home/sathya/projects/training-kit/.venv-airflow/lib/python3.10/site-packages/airflow/example_dags/example_latest_only.py took 0.082 seconds
[2025-12-27T20:15:38.739+0530] {processor.py:161} INFO - Started process (PID=3066) to work on /home/sathya/projects/training-kit/.venv-airflow/lib/python3.10/site-packages/airflow/example_dags/example_latest_only.py
[2025-12-27T20:15:38.740+0530] {processor.py:830} INFO - Processing file /home/sathya/projects/training-kit/.venv-airflow/lib/python3.10/site-packages/airflow/example_dags/example_latest_only.py for tasks to queue
[2025-12-27T20:15:38.742+0530] {logging_mixin.py:188} INFO - [2025-12-27T20:15:38.742+0530] {dagbag.py:545} INFO - Filling up the DagBag from /home/sathya/projects/training-kit/.venv-airflow/lib/python3.10/site-packages/airflow/example_dags/example_latest_only.py
[2025-12-27T20:15:38.747+0530] {processor.py:840} INFO - DAG(s) 'latest_only' retrieved from /home/sathya/projects/training-kit/.venv-airflow/lib/python3.10/site-packages/airflow/example_dags/example_latest_only.py
[2025-12-27T20:15:38.764+0530] {logging_mixin.py:188} INFO - [2025-12-27T20:15:38.764+0530] {dag.py:3089} INFO - Sync 1 DAGs
[2025-12-27T20:15:38.781+0530] {logging_mixin.py:188} INFO - [2025-12-27T20:15:38.781+0530] {dag.py:3947} INFO - Setting next_dagrun for latest_only to 2025-12-27 12:00:00+00:00, run_after=2025-12-27 16:00:00+00:00
[2025-12-27T20:15:38.807+0530] {processor.py:183} INFO - Processing /home/sathya/projects/training-kit/.venv-airflow/lib/python3.10/site-packages/airflow/example_dags/example_latest_only.py took 0.076 seconds
[2025-12-27T20:28:35.518+0530] {processor.py:161} INFO - Started process (PID=3633) to work on /home/sathya/projects/training-kit/.venv-airflow/lib/python3.10/site-packages/airflow/example_dags/example_latest_only.py
[2025-12-27T20:28:35.520+0530] {processor.py:830} INFO - Processing file /home/sathya/projects/training-kit/.venv-airflow/lib/python3.10/site-packages/airflow/example_dags/example_latest_only.py for tasks to queue
[2025-12-27T20:28:35.522+0530] {logging_mixin.py:188} INFO - [2025-12-27T20:28:35.522+0530] {dagbag.py:545} INFO - Filling up the DagBag from /home/sathya/projects/training-kit/.venv-airflow/lib/python3.10/site-packages/airflow/example_dags/example_latest_only.py
[2025-12-27T20:28:35.530+0530] {processor.py:840} INFO - DAG(s) 'latest_only' retrieved from /home/sathya/projects/training-kit/.venv-airflow/lib/python3.10/site-packages/airflow/example_dags/example_latest_only.py
[2025-12-27T20:28:35.558+0530] {logging_mixin.py:188} INFO - [2025-12-27T20:28:35.558+0530] {dag.py:3089} INFO - Sync 1 DAGs
[2025-12-27T20:28:35.582+0530] {logging_mixin.py:188} INFO - [2025-12-27T20:28:35.582+0530] {dag.py:3947} INFO - Setting next_dagrun for latest_only to 2025-12-27 12:00:00+00:00, run_after=2025-12-27 16:00:00+00:00
[2025-12-27T20:28:35.616+0530] {processor.py:183} INFO - Processing /home/sathya/projects/training-kit/.venv-airflow/lib/python3.10/site-packages/airflow/example_dags/example_latest_only.py took 0.106 seconds
[2025-12-27T20:36:37.956+0530] {processor.py:161} INFO - Started process (PID=3960) to work on /home/sathya/projects/training-kit/.venv-airflow/lib/python3.10/site-packages/airflow/example_dags/example_latest_only.py
[2025-12-27T20:36:37.957+0530] {processor.py:830} INFO - Processing file /home/sathya/projects/training-kit/.venv-airflow/lib/python3.10/site-packages/airflow/example_dags/example_latest_only.py for tasks to queue
[2025-12-27T20:36:37.959+0530] {logging_mixin.py:188} INFO - [2025-12-27T20:36:37.959+0530] {dagbag.py:545} INFO - Filling up the DagBag from /home/sathya/projects/training-kit/.venv-airflow/lib/python3.10/site-packages/airflow/example_dags/example_latest_only.py
[2025-12-27T20:36:37.964+0530] {processor.py:840} INFO - DAG(s) 'latest_only' retrieved from /home/sathya/projects/training-kit/.venv-airflow/lib/python3.10/site-packages/airflow/example_dags/example_latest_only.py
[2025-12-27T20:36:37.983+0530] {logging_mixin.py:188} INFO - [2025-12-27T20:36:37.981+0530] {dag.py:3089} INFO - Sync 1 DAGs
[2025-12-27T20:36:38.009+0530] {logging_mixin.py:188} INFO - [2025-12-27T20:36:38.009+0530] {dag.py:3947} INFO - Setting next_dagrun for latest_only to 2025-12-27 12:00:00+00:00, run_after=2025-12-27 16:00:00+00:00
[2025-12-27T20:36:38.032+0530] {processor.py:183} INFO - Processing /home/sathya/projects/training-kit/.venv-airflow/lib/python3.10/site-packages/airflow/example_dags/example_latest_only.py took 0.083 seconds
[2025-12-27T20:43:56.999+0530] {processor.py:161} INFO - Started process (PID=4258) to work on /home/sathya/projects/training-kit/.venv-airflow/lib/python3.10/site-packages/airflow/example_dags/example_latest_only.py
[2025-12-27T20:43:57.005+0530] {processor.py:830} INFO - Processing file /home/sathya/projects/training-kit/.venv-airflow/lib/python3.10/site-packages/airflow/example_dags/example_latest_only.py for tasks to queue
[2025-12-27T20:43:57.007+0530] {logging_mixin.py:188} INFO - [2025-12-27T20:43:57.007+0530] {dagbag.py:545} INFO - Filling up the DagBag from /home/sathya/projects/training-kit/.venv-airflow/lib/python3.10/site-packages/airflow/example_dags/example_latest_only.py
[2025-12-27T20:43:57.021+0530] {processor.py:840} INFO - DAG(s) 'latest_only' retrieved from /home/sathya/projects/training-kit/.venv-airflow/lib/python3.10/site-packages/airflow/example_dags/example_latest_only.py
[2025-12-27T20:43:57.053+0530] {logging_mixin.py:188} INFO - [2025-12-27T20:43:57.052+0530] {dag.py:3089} INFO - Sync 1 DAGs
[2025-12-27T20:43:57.102+0530] {logging_mixin.py:188} INFO - [2025-12-27T20:43:57.102+0530] {dag.py:3947} INFO - Setting next_dagrun for latest_only to 2025-12-27 12:00:00+00:00, run_after=2025-12-27 16:00:00+00:00
[2025-12-27T20:43:57.153+0530] {processor.py:183} INFO - Processing /home/sathya/projects/training-kit/.venv-airflow/lib/python3.10/site-packages/airflow/example_dags/example_latest_only.py took 0.165 seconds
[2025-12-27T20:52:05.742+0530] {processor.py:161} INFO - Started process (PID=4605) to work on /home/sathya/projects/training-kit/.venv-airflow/lib/python3.10/site-packages/airflow/example_dags/example_latest_only.py
[2025-12-27T20:52:05.743+0530] {processor.py:830} INFO - Processing file /home/sathya/projects/training-kit/.venv-airflow/lib/python3.10/site-packages/airflow/example_dags/example_latest_only.py for tasks to queue
[2025-12-27T20:52:05.745+0530] {logging_mixin.py:188} INFO - [2025-12-27T20:52:05.745+0530] {dagbag.py:545} INFO - Filling up the DagBag from /home/sathya/projects/training-kit/.venv-airflow/lib/python3.10/site-packages/airflow/example_dags/example_latest_only.py
[2025-12-27T20:52:05.750+0530] {processor.py:840} INFO - DAG(s) 'latest_only' retrieved from /home/sathya/projects/training-kit/.venv-airflow/lib/python3.10/site-packages/airflow/example_dags/example_latest_only.py
[2025-12-27T20:52:05.766+0530] {logging_mixin.py:188} INFO - [2025-12-27T20:52:05.766+0530] {dag.py:3089} INFO - Sync 1 DAGs
[2025-12-27T20:52:05.794+0530] {logging_mixin.py:188} INFO - [2025-12-27T20:52:05.794+0530] {dag.py:3947} INFO - Setting next_dagrun for latest_only to 2025-12-27 12:00:00+00:00, run_after=2025-12-27 16:00:00+00:00
[2025-12-27T20:52:05.828+0530] {processor.py:183} INFO - Processing /home/sathya/projects/training-kit/.venv-airflow/lib/python3.10/site-packages/airflow/example_dags/example_latest_only.py took 0.093 seconds
[2025-12-27T21:55:26.615+0530] {processor.py:161} INFO - Started process (PID=5091) to work on /home/sathya/projects/training-kit/.venv-airflow/lib/python3.10/site-packages/airflow/example_dags/example_latest_only.py
[2025-12-27T21:55:26.618+0530] {processor.py:830} INFO - Processing file /home/sathya/projects/training-kit/.venv-airflow/lib/python3.10/site-packages/airflow/example_dags/example_latest_only.py for tasks to queue
[2025-12-27T21:55:26.620+0530] {logging_mixin.py:188} INFO - [2025-12-27T21:55:26.620+0530] {dagbag.py:545} INFO - Filling up the DagBag from /home/sathya/projects/training-kit/.venv-airflow/lib/python3.10/site-packages/airflow/example_dags/example_latest_only.py
[2025-12-27T21:55:26.627+0530] {processor.py:840} INFO - DAG(s) 'latest_only' retrieved from /home/sathya/projects/training-kit/.venv-airflow/lib/python3.10/site-packages/airflow/example_dags/example_latest_only.py
[2025-12-27T21:55:26.646+0530] {logging_mixin.py:188} INFO - [2025-12-27T21:55:26.646+0530] {dag.py:3089} INFO - Sync 1 DAGs
[2025-12-27T21:55:26.667+0530] {logging_mixin.py:188} INFO - [2025-12-27T21:55:26.666+0530] {dag.py:3947} INFO - Setting next_dagrun for latest_only to 2025-12-27 16:00:00+00:00, run_after=2025-12-27 20:00:00+00:00
[2025-12-27T21:55:26.687+0530] {processor.py:183} INFO - Processing /home/sathya/projects/training-kit/.venv-airflow/lib/python3.10/site-packages/airflow/example_dags/example_latest_only.py took 0.081 seconds
[2025-12-27T22:04:03.305+0530] {processor.py:161} INFO - Started process (PID=5492) to work on /home/sathya/projects/training-kit/.venv-airflow/lib/python3.10/site-packages/airflow/example_dags/example_latest_only.py
[2025-12-27T22:04:03.308+0530] {processor.py:830} INFO - Processing file /home/sathya/projects/training-kit/.venv-airflow/lib/python3.10/site-packages/airflow/example_dags/example_latest_only.py for tasks to queue
[2025-12-27T22:04:03.312+0530] {logging_mixin.py:188} INFO - [2025-12-27T22:04:03.311+0530] {dagbag.py:545} INFO - Filling up the DagBag from /home/sathya/projects/training-kit/.venv-airflow/lib/python3.10/site-packages/airflow/example_dags/example_latest_only.py
[2025-12-27T22:04:03.325+0530] {processor.py:840} INFO - DAG(s) 'latest_only' retrieved from /home/sathya/projects/training-kit/.venv-airflow/lib/python3.10/site-packages/airflow/example_dags/example_latest_only.py
[2025-12-27T22:04:03.358+0530] {logging_mixin.py:188} INFO - [2025-12-27T22:04:03.358+0530] {dag.py:3089} INFO - Sync 1 DAGs
[2025-12-27T22:04:03.401+0530] {logging_mixin.py:188} INFO - [2025-12-27T22:04:03.401+0530] {dag.py:3947} INFO - Setting next_dagrun for latest_only to 2025-12-27 16:00:00+00:00, run_after=2025-12-27 20:00:00+00:00
[2025-12-27T22:04:03.450+0530] {processor.py:183} INFO - Processing /home/sathya/projects/training-kit/.venv-airflow/lib/python3.10/site-packages/airflow/example_dags/example_latest_only.py took 0.158 seconds
[2025-12-27T22:23:13.206+0530] {processor.py:161} INFO - Started process (PID=5998) to work on /home/sathya/projects/training-kit/.venv-airflow/lib/python3.10/site-packages/airflow/example_dags/example_latest_only.py
[2025-12-27T22:23:13.210+0530] {processor.py:830} INFO - Processing file /home/sathya/projects/training-kit/.venv-airflow/lib/python3.10/site-packages/airflow/example_dags/example_latest_only.py for tasks to queue
[2025-12-27T22:23:13.215+0530] {logging_mixin.py:188} INFO - [2025-12-27T22:23:13.214+0530] {dagbag.py:545} INFO - Filling up the DagBag from /home/sathya/projects/training-kit/.venv-airflow/lib/python3.10/site-packages/airflow/example_dags/example_latest_only.py
[2025-12-27T22:23:13.228+0530] {processor.py:840} INFO - DAG(s) 'latest_only' retrieved from /home/sathya/projects/training-kit/.venv-airflow/lib/python3.10/site-packages/airflow/example_dags/example_latest_only.py
[2025-12-27T22:23:13.267+0530] {logging_mixin.py:188} INFO - [2025-12-27T22:23:13.267+0530] {dag.py:3089} INFO - Sync 1 DAGs
[2025-12-27T22:23:13.311+0530] {logging_mixin.py:188} INFO - [2025-12-27T22:23:13.310+0530] {dag.py:3947} INFO - Setting next_dagrun for latest_only to 2025-12-27 16:00:00+00:00, run_after=2025-12-27 20:00:00+00:00
[2025-12-27T22:23:13.368+0530] {processor.py:183} INFO - Processing /home/sathya/projects/training-kit/.venv-airflow/lib/python3.10/site-packages/airflow/example_dags/example_latest_only.py took 0.181 seconds
[2025-12-27T22:33:09.466+0530] {processor.py:161} INFO - Started process (PID=6361) to work on /home/sathya/projects/training-kit/.venv-airflow/lib/python3.10/site-packages/airflow/example_dags/example_latest_only.py
[2025-12-27T22:33:09.467+0530] {processor.py:830} INFO - Processing file /home/sathya/projects/training-kit/.venv-airflow/lib/python3.10/site-packages/airflow/example_dags/example_latest_only.py for tasks to queue
[2025-12-27T22:33:09.469+0530] {logging_mixin.py:188} INFO - [2025-12-27T22:33:09.468+0530] {dagbag.py:545} INFO - Filling up the DagBag from /home/sathya/projects/training-kit/.venv-airflow/lib/python3.10/site-packages/airflow/example_dags/example_latest_only.py
[2025-12-27T22:33:09.473+0530] {processor.py:840} INFO - DAG(s) 'latest_only' retrieved from /home/sathya/projects/training-kit/.venv-airflow/lib/python3.10/site-packages/airflow/example_dags/example_latest_only.py
[2025-12-27T22:33:09.485+0530] {logging_mixin.py:188} INFO - [2025-12-27T22:33:09.484+0530] {dag.py:3089} INFO - Sync 1 DAGs
[2025-12-27T22:33:09.496+0530] {logging_mixin.py:188} INFO - [2025-12-27T22:33:09.496+0530] {dag.py:3947} INFO - Setting next_dagrun for latest_only to 2025-12-27 16:00:00+00:00, run_after=2025-12-27 20:00:00+00:00
[2025-12-27T22:33:09.514+0530] {processor.py:183} INFO - Processing /home/sathya/projects/training-kit/.venv-airflow/lib/python3.10/site-packages/airflow/example_dags/example_latest_only.py took 0.053 seconds
[2025-12-27T22:37:46.064+0530] {processor.py:161} INFO - Started process (PID=6670) to work on /home/sathya/projects/training-kit/.venv-airflow/lib/python3.10/site-packages/airflow/example_dags/example_latest_only.py
[2025-12-27T22:37:46.066+0530] {processor.py:830} INFO - Processing file /home/sathya/projects/training-kit/.venv-airflow/lib/python3.10/site-packages/airflow/example_dags/example_latest_only.py for tasks to queue
[2025-12-27T22:37:46.067+0530] {logging_mixin.py:188} INFO - [2025-12-27T22:37:46.067+0530] {dagbag.py:545} INFO - Filling up the DagBag from /home/sathya/projects/training-kit/.venv-airflow/lib/python3.10/site-packages/airflow/example_dags/example_latest_only.py
[2025-12-27T22:37:46.072+0530] {processor.py:840} INFO - DAG(s) 'latest_only' retrieved from /home/sathya/projects/training-kit/.venv-airflow/lib/python3.10/site-packages/airflow/example_dags/example_latest_only.py
[2025-12-27T22:37:46.085+0530] {logging_mixin.py:188} INFO - [2025-12-27T22:37:46.085+0530] {dag.py:3089} INFO - Sync 1 DAGs
[2025-12-27T22:37:46.099+0530] {logging_mixin.py:188} INFO - [2025-12-27T22:37:46.099+0530] {dag.py:3947} INFO - Setting next_dagrun for latest_only to 2025-12-27 16:00:00+00:00, run_after=2025-12-27 20:00:00+00:00
[2025-12-27T22:37:46.118+0530] {processor.py:183} INFO - Processing /home/sathya/projects/training-kit/.venv-airflow/lib/python3.10/site-packages/airflow/example_dags/example_latest_only.py took 0.059 seconds
[2025-12-27T22:49:18.282+0530] {processor.py:161} INFO - Started process (PID=7277) to work on /home/sathya/projects/training-kit/.venv-airflow/lib/python3.10/site-packages/airflow/example_dags/example_latest_only.py
[2025-12-27T22:49:18.283+0530] {processor.py:830} INFO - Processing file /home/sathya/projects/training-kit/.venv-airflow/lib/python3.10/site-packages/airflow/example_dags/example_latest_only.py for tasks to queue
[2025-12-27T22:49:18.285+0530] {logging_mixin.py:188} INFO - [2025-12-27T22:49:18.285+0530] {dagbag.py:545} INFO - Filling up the DagBag from /home/sathya/projects/training-kit/.venv-airflow/lib/python3.10/site-packages/airflow/example_dags/example_latest_only.py
[2025-12-27T22:49:18.290+0530] {processor.py:840} INFO - DAG(s) 'latest_only' retrieved from /home/sathya/projects/training-kit/.venv-airflow/lib/python3.10/site-packages/airflow/example_dags/example_latest_only.py
[2025-12-27T22:49:18.308+0530] {logging_mixin.py:188} INFO - [2025-12-27T22:49:18.307+0530] {dag.py:3089} INFO - Sync 1 DAGs
[2025-12-27T22:49:18.322+0530] {logging_mixin.py:188} INFO - [2025-12-27T22:49:18.322+0530] {dag.py:3947} INFO - Setting next_dagrun for latest_only to 2025-12-27 16:00:00+00:00, run_after=2025-12-27 20:00:00+00:00
[2025-12-27T22:49:18.342+0530] {processor.py:183} INFO - Processing /home/sathya/projects/training-kit/.venv-airflow/lib/python3.10/site-packages/airflow/example_dags/example_latest_only.py took 0.066 seconds
[2025-12-27T22:55:21.143+0530] {processor.py:161} INFO - Started process (PID=7620) to work on /home/sathya/projects/training-kit/.venv-airflow/lib/python3.10/site-packages/airflow/example_dags/example_latest_only.py
[2025-12-27T22:55:21.145+0530] {processor.py:830} INFO - Processing file /home/sathya/projects/training-kit/.venv-airflow/lib/python3.10/site-packages/airflow/example_dags/example_latest_only.py for tasks to queue
[2025-12-27T22:55:21.146+0530] {logging_mixin.py:188} INFO - [2025-12-27T22:55:21.146+0530] {dagbag.py:545} INFO - Filling up the DagBag from /home/sathya/projects/training-kit/.venv-airflow/lib/python3.10/site-packages/airflow/example_dags/example_latest_only.py
[2025-12-27T22:55:21.150+0530] {processor.py:840} INFO - DAG(s) 'latest_only' retrieved from /home/sathya/projects/training-kit/.venv-airflow/lib/python3.10/site-packages/airflow/example_dags/example_latest_only.py
[2025-12-27T22:55:21.163+0530] {logging_mixin.py:188} INFO - [2025-12-27T22:55:21.163+0530] {dag.py:3089} INFO - Sync 1 DAGs
[2025-12-27T22:55:21.176+0530] {logging_mixin.py:188} INFO - [2025-12-27T22:55:21.175+0530] {dag.py:3947} INFO - Setting next_dagrun for latest_only to 2025-12-27 16:00:00+00:00, run_after=2025-12-27 20:00:00+00:00
[2025-12-27T22:55:21.194+0530] {processor.py:183} INFO - Processing /home/sathya/projects/training-kit/.venv-airflow/lib/python3.10/site-packages/airflow/example_dags/example_latest_only.py took 0.056 seconds
[2025-12-27T23:01:51.306+0530] {processor.py:161} INFO - Started process (PID=8051) to work on /home/sathya/projects/training-kit/.venv-airflow/lib/python3.10/site-packages/airflow/example_dags/example_latest_only.py
[2025-12-27T23:01:51.308+0530] {processor.py:830} INFO - Processing file /home/sathya/projects/training-kit/.venv-airflow/lib/python3.10/site-packages/airflow/example_dags/example_latest_only.py for tasks to queue
[2025-12-27T23:01:51.310+0530] {logging_mixin.py:188} INFO - [2025-12-27T23:01:51.310+0530] {dagbag.py:545} INFO - Filling up the DagBag from /home/sathya/projects/training-kit/.venv-airflow/lib/python3.10/site-packages/airflow/example_dags/example_latest_only.py
[2025-12-27T23:01:51.315+0530] {processor.py:840} INFO - DAG(s) 'latest_only' retrieved from /home/sathya/projects/training-kit/.venv-airflow/lib/python3.10/site-packages/airflow/example_dags/example_latest_only.py
[2025-12-27T23:01:51.327+0530] {logging_mixin.py:188} INFO - [2025-12-27T23:01:51.327+0530] {dag.py:3089} INFO - Sync 1 DAGs
[2025-12-27T23:01:51.341+0530] {logging_mixin.py:188} INFO - [2025-12-27T23:01:51.341+0530] {dag.py:3947} INFO - Setting next_dagrun for latest_only to 2025-12-27 16:00:00+00:00, run_after=2025-12-27 20:00:00+00:00
[2025-12-27T23:01:51.361+0530] {processor.py:183} INFO - Processing /home/sathya/projects/training-kit/.venv-airflow/lib/python3.10/site-packages/airflow/example_dags/example_latest_only.py took 0.060 seconds
[2025-12-27T23:07:51.908+0530] {processor.py:161} INFO - Started process (PID=8424) to work on /home/sathya/projects/training-kit/.venv-airflow/lib/python3.10/site-packages/airflow/example_dags/example_latest_only.py
[2025-12-27T23:07:51.909+0530] {processor.py:830} INFO - Processing file /home/sathya/projects/training-kit/.venv-airflow/lib/python3.10/site-packages/airflow/example_dags/example_latest_only.py for tasks to queue
[2025-12-27T23:07:51.911+0530] {logging_mixin.py:188} INFO - [2025-12-27T23:07:51.910+0530] {dagbag.py:545} INFO - Filling up the DagBag from /home/sathya/projects/training-kit/.venv-airflow/lib/python3.10/site-packages/airflow/example_dags/example_latest_only.py
[2025-12-27T23:07:51.915+0530] {processor.py:840} INFO - DAG(s) 'latest_only' retrieved from /home/sathya/projects/training-kit/.venv-airflow/lib/python3.10/site-packages/airflow/example_dags/example_latest_only.py
[2025-12-27T23:07:51.928+0530] {logging_mixin.py:188} INFO - [2025-12-27T23:07:51.928+0530] {dag.py:3089} INFO - Sync 1 DAGs
[2025-12-27T23:07:51.942+0530] {logging_mixin.py:188} INFO - [2025-12-27T23:07:51.942+0530] {dag.py:3947} INFO - Setting next_dagrun for latest_only to 2025-12-27 16:00:00+00:00, run_after=2025-12-27 20:00:00+00:00
[2025-12-27T23:07:51.962+0530] {processor.py:183} INFO - Processing /home/sathya/projects/training-kit/.venv-airflow/lib/python3.10/site-packages/airflow/example_dags/example_latest_only.py took 0.060 seconds
[2025-12-27T23:15:09.619+0530] {processor.py:161} INFO - Started process (PID=8978) to work on /home/sathya/projects/training-kit/.venv-airflow/lib/python3.10/site-packages/airflow/example_dags/example_latest_only.py
[2025-12-27T23:15:09.621+0530] {processor.py:830} INFO - Processing file /home/sathya/projects/training-kit/.venv-airflow/lib/python3.10/site-packages/airflow/example_dags/example_latest_only.py for tasks to queue
[2025-12-27T23:15:09.623+0530] {logging_mixin.py:188} INFO - [2025-12-27T23:15:09.622+0530] {dagbag.py:545} INFO - Filling up the DagBag from /home/sathya/projects/training-kit/.venv-airflow/lib/python3.10/site-packages/airflow/example_dags/example_latest_only.py
[2025-12-27T23:15:09.636+0530] {processor.py:840} INFO - DAG(s) 'latest_only' retrieved from /home/sathya/projects/training-kit/.venv-airflow/lib/python3.10/site-packages/airflow/example_dags/example_latest_only.py
[2025-12-27T23:15:09.661+0530] {logging_mixin.py:188} INFO - [2025-12-27T23:15:09.661+0530] {dag.py:3089} INFO - Sync 1 DAGs
[2025-12-27T23:15:09.689+0530] {logging_mixin.py:188} INFO - [2025-12-27T23:15:09.689+0530] {dag.py:3947} INFO - Setting next_dagrun for latest_only to 2025-12-27 16:00:00+00:00, run_after=2025-12-27 20:00:00+00:00
[2025-12-27T23:15:09.767+0530] {processor.py:183} INFO - Processing /home/sathya/projects/training-kit/.venv-airflow/lib/python3.10/site-packages/airflow/example_dags/example_latest_only.py took 0.162 seconds
[2025-12-27T23:21:42.384+0530] {processor.py:161} INFO - Started process (PID=9743) to work on /home/sathya/projects/training-kit/.venv-airflow/lib/python3.10/site-packages/airflow/example_dags/example_latest_only.py
[2025-12-27T23:21:42.385+0530] {processor.py:830} INFO - Processing file /home/sathya/projects/training-kit/.venv-airflow/lib/python3.10/site-packages/airflow/example_dags/example_latest_only.py for tasks to queue
[2025-12-27T23:21:42.387+0530] {logging_mixin.py:188} INFO - [2025-12-27T23:21:42.387+0530] {dagbag.py:545} INFO - Filling up the DagBag from /home/sathya/projects/training-kit/.venv-airflow/lib/python3.10/site-packages/airflow/example_dags/example_latest_only.py
[2025-12-27T23:21:42.392+0530] {processor.py:840} INFO - DAG(s) 'latest_only' retrieved from /home/sathya/projects/training-kit/.venv-airflow/lib/python3.10/site-packages/airflow/example_dags/example_latest_only.py
[2025-12-27T23:21:42.406+0530] {logging_mixin.py:188} INFO - [2025-12-27T23:21:42.406+0530] {dag.py:3089} INFO - Sync 1 DAGs
[2025-12-27T23:21:42.421+0530] {logging_mixin.py:188} INFO - [2025-12-27T23:21:42.421+0530] {dag.py:3947} INFO - Setting next_dagrun for latest_only to 2025-12-27 16:00:00+00:00, run_after=2025-12-27 20:00:00+00:00
[2025-12-27T23:21:42.439+0530] {processor.py:183} INFO - Processing /home/sathya/projects/training-kit/.venv-airflow/lib/python3.10/site-packages/airflow/example_dags/example_latest_only.py took 0.061 seconds
[2025-12-27T23:33:56.202+0530] {processor.py:161} INFO - Started process (PID=11128) to work on /home/sathya/projects/training-kit/.venv-airflow/lib/python3.10/site-packages/airflow/example_dags/example_latest_only.py
[2025-12-27T23:33:56.204+0530] {processor.py:830} INFO - Processing file /home/sathya/projects/training-kit/.venv-airflow/lib/python3.10/site-packages/airflow/example_dags/example_latest_only.py for tasks to queue
[2025-12-27T23:33:56.207+0530] {logging_mixin.py:188} INFO - [2025-12-27T23:33:56.206+0530] {dagbag.py:545} INFO - Filling up the DagBag from /home/sathya/projects/training-kit/.venv-airflow/lib/python3.10/site-packages/airflow/example_dags/example_latest_only.py
[2025-12-27T23:33:56.211+0530] {processor.py:840} INFO - DAG(s) 'latest_only' retrieved from /home/sathya/projects/training-kit/.venv-airflow/lib/python3.10/site-packages/airflow/example_dags/example_latest_only.py
[2025-12-27T23:33:56.225+0530] {logging_mixin.py:188} INFO - [2025-12-27T23:33:56.225+0530] {dag.py:3089} INFO - Sync 1 DAGs
[2025-12-27T23:33:56.240+0530] {logging_mixin.py:188} INFO - [2025-12-27T23:33:56.240+0530] {dag.py:3947} INFO - Setting next_dagrun for latest_only to 2025-12-27 16:00:00+00:00, run_after=2025-12-27 20:00:00+00:00
[2025-12-27T23:33:56.261+0530] {processor.py:183} INFO - Processing /home/sathya/projects/training-kit/.venv-airflow/lib/python3.10/site-packages/airflow/example_dags/example_latest_only.py took 0.066 seconds
[2025-12-27T23:40:38.895+0530] {processor.py:161} INFO - Started process (PID=11884) to work on /home/sathya/projects/training-kit/.venv-airflow/lib/python3.10/site-packages/airflow/example_dags/example_latest_only.py
[2025-12-27T23:40:38.896+0530] {processor.py:830} INFO - Processing file /home/sathya/projects/training-kit/.venv-airflow/lib/python3.10/site-packages/airflow/example_dags/example_latest_only.py for tasks to queue
[2025-12-27T23:40:38.898+0530] {logging_mixin.py:188} INFO - [2025-12-27T23:40:38.898+0530] {dagbag.py:545} INFO - Filling up the DagBag from /home/sathya/projects/training-kit/.venv-airflow/lib/python3.10/site-packages/airflow/example_dags/example_latest_only.py
[2025-12-27T23:40:38.902+0530] {processor.py:840} INFO - DAG(s) 'latest_only' retrieved from /home/sathya/projects/training-kit/.venv-airflow/lib/python3.10/site-packages/airflow/example_dags/example_latest_only.py
[2025-12-27T23:40:38.915+0530] {logging_mixin.py:188} INFO - [2025-12-27T23:40:38.915+0530] {dag.py:3089} INFO - Sync 1 DAGs
[2025-12-27T23:40:38.930+0530] {logging_mixin.py:188} INFO - [2025-12-27T23:40:38.929+0530] {dag.py:3947} INFO - Setting next_dagrun for latest_only to 2025-12-27 16:00:00+00:00, run_after=2025-12-27 20:00:00+00:00
[2025-12-27T23:40:38.950+0530] {processor.py:183} INFO - Processing /home/sathya/projects/training-kit/.venv-airflow/lib/python3.10/site-packages/airflow/example_dags/example_latest_only.py took 0.061 seconds
[2025-12-27T23:47:46.578+0530] {processor.py:161} INFO - Started process (PID=12661) to work on /home/sathya/projects/training-kit/.venv-airflow/lib/python3.10/site-packages/airflow/example_dags/example_latest_only.py
[2025-12-27T23:47:46.580+0530] {processor.py:830} INFO - Processing file /home/sathya/projects/training-kit/.venv-airflow/lib/python3.10/site-packages/airflow/example_dags/example_latest_only.py for tasks to queue
[2025-12-27T23:47:46.581+0530] {logging_mixin.py:188} INFO - [2025-12-27T23:47:46.581+0530] {dagbag.py:545} INFO - Filling up the DagBag from /home/sathya/projects/training-kit/.venv-airflow/lib/python3.10/site-packages/airflow/example_dags/example_latest_only.py
[2025-12-27T23:47:46.589+0530] {processor.py:840} INFO - DAG(s) 'latest_only' retrieved from /home/sathya/projects/training-kit/.venv-airflow/lib/python3.10/site-packages/airflow/example_dags/example_latest_only.py
[2025-12-27T23:47:46.604+0530] {logging_mixin.py:188} INFO - [2025-12-27T23:47:46.604+0530] {dag.py:3089} INFO - Sync 1 DAGs
[2025-12-27T23:47:46.621+0530] {logging_mixin.py:188} INFO - [2025-12-27T23:47:46.621+0530] {dag.py:3947} INFO - Setting next_dagrun for latest_only to 2025-12-27 16:00:00+00:00, run_after=2025-12-27 20:00:00+00:00
[2025-12-27T23:47:46.647+0530] {processor.py:183} INFO - Processing /home/sathya/projects/training-kit/.venv-airflow/lib/python3.10/site-packages/airflow/example_dags/example_latest_only.py took 0.074 seconds
[2025-12-27T23:54:33.713+0530] {processor.py:161} INFO - Started process (PID=13394) to work on /home/sathya/projects/training-kit/.venv-airflow/lib/python3.10/site-packages/airflow/example_dags/example_latest_only.py
[2025-12-27T23:54:33.714+0530] {processor.py:830} INFO - Processing file /home/sathya/projects/training-kit/.venv-airflow/lib/python3.10/site-packages/airflow/example_dags/example_latest_only.py for tasks to queue
[2025-12-27T23:54:33.716+0530] {logging_mixin.py:188} INFO - [2025-12-27T23:54:33.716+0530] {dagbag.py:545} INFO - Filling up the DagBag from /home/sathya/projects/training-kit/.venv-airflow/lib/python3.10/site-packages/airflow/example_dags/example_latest_only.py
[2025-12-27T23:54:33.720+0530] {processor.py:840} INFO - DAG(s) 'latest_only' retrieved from /home/sathya/projects/training-kit/.venv-airflow/lib/python3.10/site-packages/airflow/example_dags/example_latest_only.py
[2025-12-27T23:54:33.736+0530] {logging_mixin.py:188} INFO - [2025-12-27T23:54:33.736+0530] {dag.py:3089} INFO - Sync 1 DAGs
[2025-12-27T23:54:33.753+0530] {logging_mixin.py:188} INFO - [2025-12-27T23:54:33.753+0530] {dag.py:3947} INFO - Setting next_dagrun for latest_only to 2025-12-27 16:00:00+00:00, run_after=2025-12-27 20:00:00+00:00
[2025-12-27T23:54:33.775+0530] {processor.py:183} INFO - Processing /home/sathya/projects/training-kit/.venv-airflow/lib/python3.10/site-packages/airflow/example_dags/example_latest_only.py took 0.070 seconds
