[2025-12-27T19:12:57.765+0530] {processor.py:161} INFO - Started process (PID=722) to work on /home/sathya/projects/training-kit/.venv-airflow/lib/python3.10/site-packages/airflow/example_dags/example_task_group_decorator.py
[2025-12-27T19:12:57.766+0530] {processor.py:830} INFO - Processing file /home/sathya/projects/training-kit/.venv-airflow/lib/python3.10/site-packages/airflow/example_dags/example_task_group_decorator.py for tasks to queue
[2025-12-27T19:12:57.772+0530] {logging_mixin.py:188} INFO - [2025-12-27T19:12:57.771+0530] {dagbag.py:545} INFO - Filling up the DagBag from /home/sathya/projects/training-kit/.venv-airflow/lib/python3.10/site-packages/airflow/example_dags/example_task_group_decorator.py
[2025-12-27T19:12:57.816+0530] {processor.py:840} INFO - DAG(s) 'example_task_group_decorator' retrieved from /home/sathya/projects/training-kit/.venv-airflow/lib/python3.10/site-packages/airflow/example_dags/example_task_group_decorator.py
[2025-12-27T19:12:57.868+0530] {logging_mixin.py:188} INFO - [2025-12-27T19:12:57.867+0530] {dag.py:3089} INFO - Sync 1 DAGs
[2025-12-27T19:12:57.977+0530] {logging_mixin.py:188} INFO - [2025-12-27T19:12:57.968+0530] {dag.py:3947} INFO - Setting next_dagrun for example_task_group_decorator to 2025-12-27 00:00:00+00:00, run_after=2025-12-28 00:00:00+00:00
[2025-12-27T19:12:58.048+0530] {processor.py:183} INFO - Processing /home/sathya/projects/training-kit/.venv-airflow/lib/python3.10/site-packages/airflow/example_dags/example_task_group_decorator.py took 0.294 seconds
[2025-12-27T19:28:46.407+0530] {processor.py:161} INFO - Started process (PID=1194) to work on /home/sathya/projects/training-kit/.venv-airflow/lib/python3.10/site-packages/airflow/example_dags/example_task_group_decorator.py
[2025-12-27T19:28:46.409+0530] {processor.py:830} INFO - Processing file /home/sathya/projects/training-kit/.venv-airflow/lib/python3.10/site-packages/airflow/example_dags/example_task_group_decorator.py for tasks to queue
[2025-12-27T19:28:46.411+0530] {logging_mixin.py:188} INFO - [2025-12-27T19:28:46.410+0530] {dagbag.py:545} INFO - Filling up the DagBag from /home/sathya/projects/training-kit/.venv-airflow/lib/python3.10/site-packages/airflow/example_dags/example_task_group_decorator.py
[2025-12-27T19:28:46.430+0530] {processor.py:840} INFO - DAG(s) 'example_task_group_decorator' retrieved from /home/sathya/projects/training-kit/.venv-airflow/lib/python3.10/site-packages/airflow/example_dags/example_task_group_decorator.py
[2025-12-27T19:28:46.450+0530] {logging_mixin.py:188} INFO - [2025-12-27T19:28:46.450+0530] {dag.py:3089} INFO - Sync 1 DAGs
[2025-12-27T19:28:46.472+0530] {logging_mixin.py:188} INFO - [2025-12-27T19:28:46.472+0530] {dag.py:3947} INFO - Setting next_dagrun for example_task_group_decorator to 2025-12-27 00:00:00+00:00, run_after=2025-12-28 00:00:00+00:00
[2025-12-27T19:28:46.651+0530] {processor.py:183} INFO - Processing /home/sathya/projects/training-kit/.venv-airflow/lib/python3.10/site-packages/airflow/example_dags/example_task_group_decorator.py took 0.261 seconds
[2025-12-27T19:37:51.564+0530] {processor.py:161} INFO - Started process (PID=1534) to work on /home/sathya/projects/training-kit/.venv-airflow/lib/python3.10/site-packages/airflow/example_dags/example_task_group_decorator.py
[2025-12-27T19:37:51.566+0530] {processor.py:830} INFO - Processing file /home/sathya/projects/training-kit/.venv-airflow/lib/python3.10/site-packages/airflow/example_dags/example_task_group_decorator.py for tasks to queue
[2025-12-27T19:37:51.567+0530] {logging_mixin.py:188} INFO - [2025-12-27T19:37:51.567+0530] {dagbag.py:545} INFO - Filling up the DagBag from /home/sathya/projects/training-kit/.venv-airflow/lib/python3.10/site-packages/airflow/example_dags/example_task_group_decorator.py
[2025-12-27T19:37:51.582+0530] {processor.py:840} INFO - DAG(s) 'example_task_group_decorator' retrieved from /home/sathya/projects/training-kit/.venv-airflow/lib/python3.10/site-packages/airflow/example_dags/example_task_group_decorator.py
[2025-12-27T19:37:51.604+0530] {logging_mixin.py:188} INFO - [2025-12-27T19:37:51.604+0530] {dag.py:3089} INFO - Sync 1 DAGs
[2025-12-27T19:37:51.623+0530] {logging_mixin.py:188} INFO - [2025-12-27T19:37:51.623+0530] {dag.py:3947} INFO - Setting next_dagrun for example_task_group_decorator to 2025-12-27 00:00:00+00:00, run_after=2025-12-28 00:00:00+00:00
[2025-12-27T19:37:51.654+0530] {processor.py:183} INFO - Processing /home/sathya/projects/training-kit/.venv-airflow/lib/python3.10/site-packages/airflow/example_dags/example_task_group_decorator.py took 0.097 seconds
[2025-12-27T19:46:00.214+0530] {processor.py:161} INFO - Started process (PID=1853) to work on /home/sathya/projects/training-kit/.venv-airflow/lib/python3.10/site-packages/airflow/example_dags/example_task_group_decorator.py
[2025-12-27T19:46:00.220+0530] {processor.py:830} INFO - Processing file /home/sathya/projects/training-kit/.venv-airflow/lib/python3.10/site-packages/airflow/example_dags/example_task_group_decorator.py for tasks to queue
[2025-12-27T19:46:00.222+0530] {logging_mixin.py:188} INFO - [2025-12-27T19:46:00.222+0530] {dagbag.py:545} INFO - Filling up the DagBag from /home/sathya/projects/training-kit/.venv-airflow/lib/python3.10/site-packages/airflow/example_dags/example_task_group_decorator.py
[2025-12-27T19:46:00.239+0530] {processor.py:840} INFO - DAG(s) 'example_task_group_decorator' retrieved from /home/sathya/projects/training-kit/.venv-airflow/lib/python3.10/site-packages/airflow/example_dags/example_task_group_decorator.py
[2025-12-27T19:46:00.261+0530] {logging_mixin.py:188} INFO - [2025-12-27T19:46:00.261+0530] {dag.py:3089} INFO - Sync 1 DAGs
[2025-12-27T19:46:00.280+0530] {logging_mixin.py:188} INFO - [2025-12-27T19:46:00.280+0530] {dag.py:3947} INFO - Setting next_dagrun for example_task_group_decorator to 2025-12-27 00:00:00+00:00, run_after=2025-12-28 00:00:00+00:00
[2025-12-27T19:46:00.314+0530] {processor.py:183} INFO - Processing /home/sathya/projects/training-kit/.venv-airflow/lib/python3.10/site-packages/airflow/example_dags/example_task_group_decorator.py took 0.110 seconds
[2025-12-27T19:55:14.760+0530] {processor.py:161} INFO - Started process (PID=2193) to work on /home/sathya/projects/training-kit/.venv-airflow/lib/python3.10/site-packages/airflow/example_dags/example_task_group_decorator.py
[2025-12-27T19:55:14.761+0530] {processor.py:830} INFO - Processing file /home/sathya/projects/training-kit/.venv-airflow/lib/python3.10/site-packages/airflow/example_dags/example_task_group_decorator.py for tasks to queue
[2025-12-27T19:55:14.763+0530] {logging_mixin.py:188} INFO - [2025-12-27T19:55:14.762+0530] {dagbag.py:545} INFO - Filling up the DagBag from /home/sathya/projects/training-kit/.venv-airflow/lib/python3.10/site-packages/airflow/example_dags/example_task_group_decorator.py
[2025-12-27T19:55:14.776+0530] {processor.py:840} INFO - DAG(s) 'example_task_group_decorator' retrieved from /home/sathya/projects/training-kit/.venv-airflow/lib/python3.10/site-packages/airflow/example_dags/example_task_group_decorator.py
[2025-12-27T19:55:14.797+0530] {logging_mixin.py:188} INFO - [2025-12-27T19:55:14.797+0530] {dag.py:3089} INFO - Sync 1 DAGs
[2025-12-27T19:55:14.814+0530] {logging_mixin.py:188} INFO - [2025-12-27T19:55:14.814+0530] {dag.py:3947} INFO - Setting next_dagrun for example_task_group_decorator to 2025-12-27 00:00:00+00:00, run_after=2025-12-28 00:00:00+00:00
[2025-12-27T19:55:14.839+0530] {processor.py:183} INFO - Processing /home/sathya/projects/training-kit/.venv-airflow/lib/python3.10/site-packages/airflow/example_dags/example_task_group_decorator.py took 0.086 seconds
[2025-12-27T20:03:30.404+0530] {processor.py:161} INFO - Started process (PID=2529) to work on /home/sathya/projects/training-kit/.venv-airflow/lib/python3.10/site-packages/airflow/example_dags/example_task_group_decorator.py
[2025-12-27T20:03:30.406+0530] {processor.py:830} INFO - Processing file /home/sathya/projects/training-kit/.venv-airflow/lib/python3.10/site-packages/airflow/example_dags/example_task_group_decorator.py for tasks to queue
[2025-12-27T20:03:30.409+0530] {logging_mixin.py:188} INFO - [2025-12-27T20:03:30.408+0530] {dagbag.py:545} INFO - Filling up the DagBag from /home/sathya/projects/training-kit/.venv-airflow/lib/python3.10/site-packages/airflow/example_dags/example_task_group_decorator.py
[2025-12-27T20:03:30.424+0530] {processor.py:840} INFO - DAG(s) 'example_task_group_decorator' retrieved from /home/sathya/projects/training-kit/.venv-airflow/lib/python3.10/site-packages/airflow/example_dags/example_task_group_decorator.py
[2025-12-27T20:03:30.445+0530] {logging_mixin.py:188} INFO - [2025-12-27T20:03:30.445+0530] {dag.py:3089} INFO - Sync 1 DAGs
[2025-12-27T20:03:30.473+0530] {logging_mixin.py:188} INFO - [2025-12-27T20:03:30.473+0530] {dag.py:3947} INFO - Setting next_dagrun for example_task_group_decorator to 2025-12-27 00:00:00+00:00, run_after=2025-12-28 00:00:00+00:00
[2025-12-27T20:03:30.509+0530] {processor.py:183} INFO - Processing /home/sathya/projects/training-kit/.venv-airflow/lib/python3.10/site-packages/airflow/example_dags/example_task_group_decorator.py took 0.114 seconds
[2025-12-27T20:11:40.812+0530] {processor.py:161} INFO - Started process (PID=2880) to work on /home/sathya/projects/training-kit/.venv-airflow/lib/python3.10/site-packages/airflow/example_dags/example_task_group_decorator.py
[2025-12-27T20:11:40.818+0530] {processor.py:830} INFO - Processing file /home/sathya/projects/training-kit/.venv-airflow/lib/python3.10/site-packages/airflow/example_dags/example_task_group_decorator.py for tasks to queue
[2025-12-27T20:11:40.820+0530] {logging_mixin.py:188} INFO - [2025-12-27T20:11:40.820+0530] {dagbag.py:545} INFO - Filling up the DagBag from /home/sathya/projects/training-kit/.venv-airflow/lib/python3.10/site-packages/airflow/example_dags/example_task_group_decorator.py
[2025-12-27T20:11:40.833+0530] {processor.py:840} INFO - DAG(s) 'example_task_group_decorator' retrieved from /home/sathya/projects/training-kit/.venv-airflow/lib/python3.10/site-packages/airflow/example_dags/example_task_group_decorator.py
[2025-12-27T20:11:40.854+0530] {logging_mixin.py:188} INFO - [2025-12-27T20:11:40.854+0530] {dag.py:3089} INFO - Sync 1 DAGs
[2025-12-27T20:11:40.874+0530] {logging_mixin.py:188} INFO - [2025-12-27T20:11:40.873+0530] {dag.py:3947} INFO - Setting next_dagrun for example_task_group_decorator to 2025-12-27 00:00:00+00:00, run_after=2025-12-28 00:00:00+00:00
[2025-12-27T20:11:40.902+0530] {processor.py:183} INFO - Processing /home/sathya/projects/training-kit/.venv-airflow/lib/python3.10/site-packages/airflow/example_dags/example_task_group_decorator.py took 0.096 seconds
[2025-12-27T20:17:58.374+0530] {processor.py:161} INFO - Started process (PID=3174) to work on /home/sathya/projects/training-kit/.venv-airflow/lib/python3.10/site-packages/airflow/example_dags/example_task_group_decorator.py
[2025-12-27T20:17:58.380+0530] {processor.py:830} INFO - Processing file /home/sathya/projects/training-kit/.venv-airflow/lib/python3.10/site-packages/airflow/example_dags/example_task_group_decorator.py for tasks to queue
[2025-12-27T20:17:58.382+0530] {logging_mixin.py:188} INFO - [2025-12-27T20:17:58.382+0530] {dagbag.py:545} INFO - Filling up the DagBag from /home/sathya/projects/training-kit/.venv-airflow/lib/python3.10/site-packages/airflow/example_dags/example_task_group_decorator.py
[2025-12-27T20:17:58.396+0530] {processor.py:840} INFO - DAG(s) 'example_task_group_decorator' retrieved from /home/sathya/projects/training-kit/.venv-airflow/lib/python3.10/site-packages/airflow/example_dags/example_task_group_decorator.py
[2025-12-27T20:17:58.414+0530] {logging_mixin.py:188} INFO - [2025-12-27T20:17:58.414+0530] {dag.py:3089} INFO - Sync 1 DAGs
[2025-12-27T20:17:58.431+0530] {logging_mixin.py:188} INFO - [2025-12-27T20:17:58.430+0530] {dag.py:3947} INFO - Setting next_dagrun for example_task_group_decorator to 2025-12-27 00:00:00+00:00, run_after=2025-12-28 00:00:00+00:00
[2025-12-27T20:17:58.454+0530] {processor.py:183} INFO - Processing /home/sathya/projects/training-kit/.venv-airflow/lib/python3.10/site-packages/airflow/example_dags/example_task_group_decorator.py took 0.087 seconds
[2025-12-27T20:24:35.714+0530] {processor.py:161} INFO - Started process (PID=3455) to work on /home/sathya/projects/training-kit/.venv-airflow/lib/python3.10/site-packages/airflow/example_dags/example_task_group_decorator.py
[2025-12-27T20:24:35.716+0530] {processor.py:830} INFO - Processing file /home/sathya/projects/training-kit/.venv-airflow/lib/python3.10/site-packages/airflow/example_dags/example_task_group_decorator.py for tasks to queue
[2025-12-27T20:24:35.718+0530] {logging_mixin.py:188} INFO - [2025-12-27T20:24:35.718+0530] {dagbag.py:545} INFO - Filling up the DagBag from /home/sathya/projects/training-kit/.venv-airflow/lib/python3.10/site-packages/airflow/example_dags/example_task_group_decorator.py
[2025-12-27T20:24:35.743+0530] {processor.py:840} INFO - DAG(s) 'example_task_group_decorator' retrieved from /home/sathya/projects/training-kit/.venv-airflow/lib/python3.10/site-packages/airflow/example_dags/example_task_group_decorator.py
[2025-12-27T20:24:35.770+0530] {logging_mixin.py:188} INFO - [2025-12-27T20:24:35.770+0530] {dag.py:3089} INFO - Sync 1 DAGs
[2025-12-27T20:24:35.791+0530] {logging_mixin.py:188} INFO - [2025-12-27T20:24:35.791+0530] {dag.py:3947} INFO - Setting next_dagrun for example_task_group_decorator to 2025-12-27 00:00:00+00:00, run_after=2025-12-28 00:00:00+00:00
[2025-12-27T20:24:35.827+0530] {processor.py:183} INFO - Processing /home/sathya/projects/training-kit/.venv-airflow/lib/python3.10/site-packages/airflow/example_dags/example_task_group_decorator.py took 0.127 seconds
[2025-12-27T20:31:54.480+0530] {processor.py:161} INFO - Started process (PID=3774) to work on /home/sathya/projects/training-kit/.venv-airflow/lib/python3.10/site-packages/airflow/example_dags/example_task_group_decorator.py
[2025-12-27T20:31:54.486+0530] {processor.py:830} INFO - Processing file /home/sathya/projects/training-kit/.venv-airflow/lib/python3.10/site-packages/airflow/example_dags/example_task_group_decorator.py for tasks to queue
[2025-12-27T20:31:54.488+0530] {logging_mixin.py:188} INFO - [2025-12-27T20:31:54.487+0530] {dagbag.py:545} INFO - Filling up the DagBag from /home/sathya/projects/training-kit/.venv-airflow/lib/python3.10/site-packages/airflow/example_dags/example_task_group_decorator.py
[2025-12-27T20:31:54.502+0530] {processor.py:840} INFO - DAG(s) 'example_task_group_decorator' retrieved from /home/sathya/projects/training-kit/.venv-airflow/lib/python3.10/site-packages/airflow/example_dags/example_task_group_decorator.py
[2025-12-27T20:31:54.529+0530] {logging_mixin.py:188} INFO - [2025-12-27T20:31:54.529+0530] {dag.py:3089} INFO - Sync 1 DAGs
[2025-12-27T20:31:54.548+0530] {logging_mixin.py:188} INFO - [2025-12-27T20:31:54.548+0530] {dag.py:3947} INFO - Setting next_dagrun for example_task_group_decorator to 2025-12-27 00:00:00+00:00, run_after=2025-12-28 00:00:00+00:00
[2025-12-27T20:31:54.577+0530] {processor.py:183} INFO - Processing /home/sathya/projects/training-kit/.venv-airflow/lib/python3.10/site-packages/airflow/example_dags/example_task_group_decorator.py took 0.105 seconds
[2025-12-27T20:39:40.817+0530] {processor.py:161} INFO - Started process (PID=4075) to work on /home/sathya/projects/training-kit/.venv-airflow/lib/python3.10/site-packages/airflow/example_dags/example_task_group_decorator.py
[2025-12-27T20:39:40.819+0530] {processor.py:830} INFO - Processing file /home/sathya/projects/training-kit/.venv-airflow/lib/python3.10/site-packages/airflow/example_dags/example_task_group_decorator.py for tasks to queue
[2025-12-27T20:39:40.820+0530] {logging_mixin.py:188} INFO - [2025-12-27T20:39:40.820+0530] {dagbag.py:545} INFO - Filling up the DagBag from /home/sathya/projects/training-kit/.venv-airflow/lib/python3.10/site-packages/airflow/example_dags/example_task_group_decorator.py
[2025-12-27T20:39:40.834+0530] {processor.py:840} INFO - DAG(s) 'example_task_group_decorator' retrieved from /home/sathya/projects/training-kit/.venv-airflow/lib/python3.10/site-packages/airflow/example_dags/example_task_group_decorator.py
[2025-12-27T20:39:40.852+0530] {logging_mixin.py:188} INFO - [2025-12-27T20:39:40.852+0530] {dag.py:3089} INFO - Sync 1 DAGs
[2025-12-27T20:39:40.869+0530] {logging_mixin.py:188} INFO - [2025-12-27T20:39:40.869+0530] {dag.py:3947} INFO - Setting next_dagrun for example_task_group_decorator to 2025-12-27 00:00:00+00:00, run_after=2025-12-28 00:00:00+00:00
[2025-12-27T20:39:40.892+0530] {processor.py:183} INFO - Processing /home/sathya/projects/training-kit/.venv-airflow/lib/python3.10/site-packages/airflow/example_dags/example_task_group_decorator.py took 0.081 seconds
[2025-12-27T20:47:41.987+0530] {processor.py:161} INFO - Started process (PID=4395) to work on /home/sathya/projects/training-kit/.venv-airflow/lib/python3.10/site-packages/airflow/example_dags/example_task_group_decorator.py
[2025-12-27T20:47:41.989+0530] {processor.py:830} INFO - Processing file /home/sathya/projects/training-kit/.venv-airflow/lib/python3.10/site-packages/airflow/example_dags/example_task_group_decorator.py for tasks to queue
[2025-12-27T20:47:41.991+0530] {logging_mixin.py:188} INFO - [2025-12-27T20:47:41.991+0530] {dagbag.py:545} INFO - Filling up the DagBag from /home/sathya/projects/training-kit/.venv-airflow/lib/python3.10/site-packages/airflow/example_dags/example_task_group_decorator.py
[2025-12-27T20:47:42.058+0530] {processor.py:840} INFO - DAG(s) 'example_task_group_decorator' retrieved from /home/sathya/projects/training-kit/.venv-airflow/lib/python3.10/site-packages/airflow/example_dags/example_task_group_decorator.py
[2025-12-27T20:47:42.102+0530] {logging_mixin.py:188} INFO - [2025-12-27T20:47:42.101+0530] {dag.py:3089} INFO - Sync 1 DAGs
[2025-12-27T20:47:42.130+0530] {logging_mixin.py:188} INFO - [2025-12-27T20:47:42.130+0530] {dag.py:3947} INFO - Setting next_dagrun for example_task_group_decorator to 2025-12-27 00:00:00+00:00, run_after=2025-12-28 00:00:00+00:00
[2025-12-27T20:47:42.188+0530] {processor.py:183} INFO - Processing /home/sathya/projects/training-kit/.venv-airflow/lib/python3.10/site-packages/airflow/example_dags/example_task_group_decorator.py took 0.220 seconds
[2025-12-27T21:48:52.916+0530] {processor.py:161} INFO - Started process (PID=4805) to work on /home/sathya/projects/training-kit/.venv-airflow/lib/python3.10/site-packages/airflow/example_dags/example_task_group_decorator.py
[2025-12-27T21:48:52.923+0530] {processor.py:830} INFO - Processing file /home/sathya/projects/training-kit/.venv-airflow/lib/python3.10/site-packages/airflow/example_dags/example_task_group_decorator.py for tasks to queue
[2025-12-27T21:48:52.925+0530] {logging_mixin.py:188} INFO - [2025-12-27T21:48:52.925+0530] {dagbag.py:545} INFO - Filling up the DagBag from /home/sathya/projects/training-kit/.venv-airflow/lib/python3.10/site-packages/airflow/example_dags/example_task_group_decorator.py
[2025-12-27T21:48:52.944+0530] {processor.py:840} INFO - DAG(s) 'example_task_group_decorator' retrieved from /home/sathya/projects/training-kit/.venv-airflow/lib/python3.10/site-packages/airflow/example_dags/example_task_group_decorator.py
[2025-12-27T21:48:52.969+0530] {logging_mixin.py:188} INFO - [2025-12-27T21:48:52.968+0530] {dag.py:3089} INFO - Sync 1 DAGs
[2025-12-27T21:48:52.995+0530] {logging_mixin.py:188} INFO - [2025-12-27T21:48:52.994+0530] {dag.py:3947} INFO - Setting next_dagrun for example_task_group_decorator to 2025-12-27 00:00:00+00:00, run_after=2025-12-28 00:00:00+00:00
[2025-12-27T21:48:53.027+0530] {processor.py:183} INFO - Processing /home/sathya/projects/training-kit/.venv-airflow/lib/python3.10/site-packages/airflow/example_dags/example_task_group_decorator.py took 0.120 seconds
[2025-12-27T21:58:38.425+0530] {processor.py:161} INFO - Started process (PID=5276) to work on /home/sathya/projects/training-kit/.venv-airflow/lib/python3.10/site-packages/airflow/example_dags/example_task_group_decorator.py
[2025-12-27T21:58:38.427+0530] {processor.py:830} INFO - Processing file /home/sathya/projects/training-kit/.venv-airflow/lib/python3.10/site-packages/airflow/example_dags/example_task_group_decorator.py for tasks to queue
[2025-12-27T21:58:38.430+0530] {logging_mixin.py:188} INFO - [2025-12-27T21:58:38.429+0530] {dagbag.py:545} INFO - Filling up the DagBag from /home/sathya/projects/training-kit/.venv-airflow/lib/python3.10/site-packages/airflow/example_dags/example_task_group_decorator.py
[2025-12-27T21:58:38.453+0530] {processor.py:840} INFO - DAG(s) 'example_task_group_decorator' retrieved from /home/sathya/projects/training-kit/.venv-airflow/lib/python3.10/site-packages/airflow/example_dags/example_task_group_decorator.py
[2025-12-27T21:58:38.483+0530] {logging_mixin.py:188} INFO - [2025-12-27T21:58:38.483+0530] {dag.py:3089} INFO - Sync 1 DAGs
[2025-12-27T21:58:38.507+0530] {logging_mixin.py:188} INFO - [2025-12-27T21:58:38.507+0530] {dag.py:3947} INFO - Setting next_dagrun for example_task_group_decorator to 2025-12-27 00:00:00+00:00, run_after=2025-12-28 00:00:00+00:00
[2025-12-27T21:58:38.537+0530] {processor.py:183} INFO - Processing /home/sathya/projects/training-kit/.venv-airflow/lib/python3.10/site-packages/airflow/example_dags/example_task_group_decorator.py took 0.126 seconds
[2025-12-27T22:12:23.085+0530] {processor.py:161} INFO - Started process (PID=5711) to work on /home/sathya/projects/training-kit/.venv-airflow/lib/python3.10/site-packages/airflow/example_dags/example_task_group_decorator.py
[2025-12-27T22:12:23.090+0530] {processor.py:830} INFO - Processing file /home/sathya/projects/training-kit/.venv-airflow/lib/python3.10/site-packages/airflow/example_dags/example_task_group_decorator.py for tasks to queue
[2025-12-27T22:12:23.095+0530] {logging_mixin.py:188} INFO - [2025-12-27T22:12:23.093+0530] {dagbag.py:545} INFO - Filling up the DagBag from /home/sathya/projects/training-kit/.venv-airflow/lib/python3.10/site-packages/airflow/example_dags/example_task_group_decorator.py
[2025-12-27T22:12:23.147+0530] {processor.py:840} INFO - DAG(s) 'example_task_group_decorator' retrieved from /home/sathya/projects/training-kit/.venv-airflow/lib/python3.10/site-packages/airflow/example_dags/example_task_group_decorator.py
[2025-12-27T22:12:23.194+0530] {logging_mixin.py:188} INFO - [2025-12-27T22:12:23.193+0530] {dag.py:3089} INFO - Sync 1 DAGs
[2025-12-27T22:12:23.235+0530] {logging_mixin.py:188} INFO - [2025-12-27T22:12:23.234+0530] {dag.py:3947} INFO - Setting next_dagrun for example_task_group_decorator to 2025-12-27 00:00:00+00:00, run_after=2025-12-28 00:00:00+00:00
[2025-12-27T22:12:23.284+0530] {processor.py:183} INFO - Processing /home/sathya/projects/training-kit/.venv-airflow/lib/python3.10/site-packages/airflow/example_dags/example_task_group_decorator.py took 0.217 seconds
[2025-12-27T22:29:46.847+0530] {processor.py:161} INFO - Started process (PID=6185) to work on /home/sathya/projects/training-kit/.venv-airflow/lib/python3.10/site-packages/airflow/example_dags/example_task_group_decorator.py
[2025-12-27T22:29:46.853+0530] {processor.py:830} INFO - Processing file /home/sathya/projects/training-kit/.venv-airflow/lib/python3.10/site-packages/airflow/example_dags/example_task_group_decorator.py for tasks to queue
[2025-12-27T22:29:46.854+0530] {logging_mixin.py:188} INFO - [2025-12-27T22:29:46.854+0530] {dagbag.py:545} INFO - Filling up the DagBag from /home/sathya/projects/training-kit/.venv-airflow/lib/python3.10/site-packages/airflow/example_dags/example_task_group_decorator.py
[2025-12-27T22:29:46.865+0530] {processor.py:840} INFO - DAG(s) 'example_task_group_decorator' retrieved from /home/sathya/projects/training-kit/.venv-airflow/lib/python3.10/site-packages/airflow/example_dags/example_task_group_decorator.py
[2025-12-27T22:29:46.878+0530] {logging_mixin.py:188} INFO - [2025-12-27T22:29:46.878+0530] {dag.py:3089} INFO - Sync 1 DAGs
[2025-12-27T22:29:46.892+0530] {logging_mixin.py:188} INFO - [2025-12-27T22:29:46.892+0530] {dag.py:3947} INFO - Setting next_dagrun for example_task_group_decorator to 2025-12-27 00:00:00+00:00, run_after=2025-12-28 00:00:00+00:00
[2025-12-27T22:29:46.911+0530] {processor.py:183} INFO - Processing /home/sathya/projects/training-kit/.venv-airflow/lib/python3.10/site-packages/airflow/example_dags/example_task_group_decorator.py took 0.069 seconds
[2025-12-27T22:35:13.730+0530] {processor.py:161} INFO - Started process (PID=6496) to work on /home/sathya/projects/training-kit/.venv-airflow/lib/python3.10/site-packages/airflow/example_dags/example_task_group_decorator.py
[2025-12-27T22:35:13.732+0530] {processor.py:830} INFO - Processing file /home/sathya/projects/training-kit/.venv-airflow/lib/python3.10/site-packages/airflow/example_dags/example_task_group_decorator.py for tasks to queue
[2025-12-27T22:35:13.734+0530] {logging_mixin.py:188} INFO - [2025-12-27T22:35:13.733+0530] {dagbag.py:545} INFO - Filling up the DagBag from /home/sathya/projects/training-kit/.venv-airflow/lib/python3.10/site-packages/airflow/example_dags/example_task_group_decorator.py
[2025-12-27T22:35:13.744+0530] {processor.py:840} INFO - DAG(s) 'example_task_group_decorator' retrieved from /home/sathya/projects/training-kit/.venv-airflow/lib/python3.10/site-packages/airflow/example_dags/example_task_group_decorator.py
[2025-12-27T22:35:13.757+0530] {logging_mixin.py:188} INFO - [2025-12-27T22:35:13.757+0530] {dag.py:3089} INFO - Sync 1 DAGs
[2025-12-27T22:35:13.769+0530] {logging_mixin.py:188} INFO - [2025-12-27T22:35:13.769+0530] {dag.py:3947} INFO - Setting next_dagrun for example_task_group_decorator to 2025-12-27 00:00:00+00:00, run_after=2025-12-28 00:00:00+00:00
[2025-12-27T22:35:13.787+0530] {processor.py:183} INFO - Processing /home/sathya/projects/training-kit/.venv-airflow/lib/python3.10/site-packages/airflow/example_dags/example_task_group_decorator.py took 0.062 seconds
[2025-12-27T22:39:42.136+0530] {processor.py:161} INFO - Started process (PID=6772) to work on /home/sathya/projects/training-kit/.venv-airflow/lib/python3.10/site-packages/airflow/example_dags/example_task_group_decorator.py
[2025-12-27T22:39:42.142+0530] {processor.py:830} INFO - Processing file /home/sathya/projects/training-kit/.venv-airflow/lib/python3.10/site-packages/airflow/example_dags/example_task_group_decorator.py for tasks to queue
[2025-12-27T22:39:42.144+0530] {logging_mixin.py:188} INFO - [2025-12-27T22:39:42.143+0530] {dagbag.py:545} INFO - Filling up the DagBag from /home/sathya/projects/training-kit/.venv-airflow/lib/python3.10/site-packages/airflow/example_dags/example_task_group_decorator.py
[2025-12-27T22:39:42.155+0530] {processor.py:840} INFO - DAG(s) 'example_task_group_decorator' retrieved from /home/sathya/projects/training-kit/.venv-airflow/lib/python3.10/site-packages/airflow/example_dags/example_task_group_decorator.py
[2025-12-27T22:39:42.168+0530] {logging_mixin.py:188} INFO - [2025-12-27T22:39:42.168+0530] {dag.py:3089} INFO - Sync 1 DAGs
[2025-12-27T22:39:42.181+0530] {logging_mixin.py:188} INFO - [2025-12-27T22:39:42.181+0530] {dag.py:3947} INFO - Setting next_dagrun for example_task_group_decorator to 2025-12-27 00:00:00+00:00, run_after=2025-12-28 00:00:00+00:00
[2025-12-27T22:39:42.200+0530] {processor.py:183} INFO - Processing /home/sathya/projects/training-kit/.venv-airflow/lib/python3.10/site-packages/airflow/example_dags/example_task_group_decorator.py took 0.069 seconds
[2025-12-27T22:45:24.178+0530] {processor.py:161} INFO - Started process (PID=7078) to work on /home/sathya/projects/training-kit/.venv-airflow/lib/python3.10/site-packages/airflow/example_dags/example_task_group_decorator.py
[2025-12-27T22:45:24.184+0530] {processor.py:830} INFO - Processing file /home/sathya/projects/training-kit/.venv-airflow/lib/python3.10/site-packages/airflow/example_dags/example_task_group_decorator.py for tasks to queue
[2025-12-27T22:45:24.185+0530] {logging_mixin.py:188} INFO - [2025-12-27T22:45:24.185+0530] {dagbag.py:545} INFO - Filling up the DagBag from /home/sathya/projects/training-kit/.venv-airflow/lib/python3.10/site-packages/airflow/example_dags/example_task_group_decorator.py
[2025-12-27T22:45:24.195+0530] {processor.py:840} INFO - DAG(s) 'example_task_group_decorator' retrieved from /home/sathya/projects/training-kit/.venv-airflow/lib/python3.10/site-packages/airflow/example_dags/example_task_group_decorator.py
[2025-12-27T22:45:24.210+0530] {logging_mixin.py:188} INFO - [2025-12-27T22:45:24.210+0530] {dag.py:3089} INFO - Sync 1 DAGs
[2025-12-27T22:45:24.224+0530] {logging_mixin.py:188} INFO - [2025-12-27T22:45:24.224+0530] {dag.py:3947} INFO - Setting next_dagrun for example_task_group_decorator to 2025-12-27 00:00:00+00:00, run_after=2025-12-28 00:00:00+00:00
[2025-12-27T22:45:24.244+0530] {processor.py:183} INFO - Processing /home/sathya/projects/training-kit/.venv-airflow/lib/python3.10/site-packages/airflow/example_dags/example_task_group_decorator.py took 0.071 seconds
[2025-12-27T22:51:34.272+0530] {processor.py:161} INFO - Started process (PID=7405) to work on /home/sathya/projects/training-kit/.venv-airflow/lib/python3.10/site-packages/airflow/example_dags/example_task_group_decorator.py
[2025-12-27T22:51:34.273+0530] {processor.py:830} INFO - Processing file /home/sathya/projects/training-kit/.venv-airflow/lib/python3.10/site-packages/airflow/example_dags/example_task_group_decorator.py for tasks to queue
[2025-12-27T22:51:34.275+0530] {logging_mixin.py:188} INFO - [2025-12-27T22:51:34.274+0530] {dagbag.py:545} INFO - Filling up the DagBag from /home/sathya/projects/training-kit/.venv-airflow/lib/python3.10/site-packages/airflow/example_dags/example_task_group_decorator.py
[2025-12-27T22:51:34.285+0530] {processor.py:840} INFO - DAG(s) 'example_task_group_decorator' retrieved from /home/sathya/projects/training-kit/.venv-airflow/lib/python3.10/site-packages/airflow/example_dags/example_task_group_decorator.py
[2025-12-27T22:51:34.300+0530] {logging_mixin.py:188} INFO - [2025-12-27T22:51:34.300+0530] {dag.py:3089} INFO - Sync 1 DAGs
[2025-12-27T22:51:34.314+0530] {logging_mixin.py:188} INFO - [2025-12-27T22:51:34.314+0530] {dag.py:3947} INFO - Setting next_dagrun for example_task_group_decorator to 2025-12-27 00:00:00+00:00, run_after=2025-12-28 00:00:00+00:00
[2025-12-27T22:51:34.334+0530] {processor.py:183} INFO - Processing /home/sathya/projects/training-kit/.venv-airflow/lib/python3.10/site-packages/airflow/example_dags/example_task_group_decorator.py took 0.067 seconds
[2025-12-27T22:57:47.653+0530] {processor.py:161} INFO - Started process (PID=7806) to work on /home/sathya/projects/training-kit/.venv-airflow/lib/python3.10/site-packages/airflow/example_dags/example_task_group_decorator.py
[2025-12-27T22:57:47.656+0530] {processor.py:830} INFO - Processing file /home/sathya/projects/training-kit/.venv-airflow/lib/python3.10/site-packages/airflow/example_dags/example_task_group_decorator.py for tasks to queue
[2025-12-27T22:57:47.658+0530] {logging_mixin.py:188} INFO - [2025-12-27T22:57:47.657+0530] {dagbag.py:545} INFO - Filling up the DagBag from /home/sathya/projects/training-kit/.venv-airflow/lib/python3.10/site-packages/airflow/example_dags/example_task_group_decorator.py
[2025-12-27T22:57:47.670+0530] {processor.py:840} INFO - DAG(s) 'example_task_group_decorator' retrieved from /home/sathya/projects/training-kit/.venv-airflow/lib/python3.10/site-packages/airflow/example_dags/example_task_group_decorator.py
[2025-12-27T22:57:47.686+0530] {logging_mixin.py:188} INFO - [2025-12-27T22:57:47.685+0530] {dag.py:3089} INFO - Sync 1 DAGs
[2025-12-27T22:57:47.701+0530] {logging_mixin.py:188} INFO - [2025-12-27T22:57:47.700+0530] {dag.py:3947} INFO - Setting next_dagrun for example_task_group_decorator to 2025-12-27 00:00:00+00:00, run_after=2025-12-28 00:00:00+00:00
[2025-12-27T22:57:47.724+0530] {processor.py:183} INFO - Processing /home/sathya/projects/training-kit/.venv-airflow/lib/python3.10/site-packages/airflow/example_dags/example_task_group_decorator.py took 0.076 seconds
[2025-12-27T23:03:58.712+0530] {processor.py:161} INFO - Started process (PID=8173) to work on /home/sathya/projects/training-kit/.venv-airflow/lib/python3.10/site-packages/airflow/example_dags/example_task_group_decorator.py
[2025-12-27T23:03:58.713+0530] {processor.py:830} INFO - Processing file /home/sathya/projects/training-kit/.venv-airflow/lib/python3.10/site-packages/airflow/example_dags/example_task_group_decorator.py for tasks to queue
[2025-12-27T23:03:58.714+0530] {logging_mixin.py:188} INFO - [2025-12-27T23:03:58.714+0530] {dagbag.py:545} INFO - Filling up the DagBag from /home/sathya/projects/training-kit/.venv-airflow/lib/python3.10/site-packages/airflow/example_dags/example_task_group_decorator.py
[2025-12-27T23:03:58.725+0530] {processor.py:840} INFO - DAG(s) 'example_task_group_decorator' retrieved from /home/sathya/projects/training-kit/.venv-airflow/lib/python3.10/site-packages/airflow/example_dags/example_task_group_decorator.py
[2025-12-27T23:03:58.739+0530] {logging_mixin.py:188} INFO - [2025-12-27T23:03:58.739+0530] {dag.py:3089} INFO - Sync 1 DAGs
[2025-12-27T23:03:58.752+0530] {logging_mixin.py:188} INFO - [2025-12-27T23:03:58.752+0530] {dag.py:3947} INFO - Setting next_dagrun for example_task_group_decorator to 2025-12-27 00:00:00+00:00, run_after=2025-12-28 00:00:00+00:00
[2025-12-27T23:03:58.771+0530] {processor.py:183} INFO - Processing /home/sathya/projects/training-kit/.venv-airflow/lib/python3.10/site-packages/airflow/example_dags/example_task_group_decorator.py took 0.065 seconds
[2025-12-27T23:11:30.964+0530] {processor.py:161} INFO - Started process (PID=8653) to work on /home/sathya/projects/training-kit/.venv-airflow/lib/python3.10/site-packages/airflow/example_dags/example_task_group_decorator.py
[2025-12-27T23:11:30.965+0530] {processor.py:830} INFO - Processing file /home/sathya/projects/training-kit/.venv-airflow/lib/python3.10/site-packages/airflow/example_dags/example_task_group_decorator.py for tasks to queue
[2025-12-27T23:11:30.966+0530] {logging_mixin.py:188} INFO - [2025-12-27T23:11:30.966+0530] {dagbag.py:545} INFO - Filling up the DagBag from /home/sathya/projects/training-kit/.venv-airflow/lib/python3.10/site-packages/airflow/example_dags/example_task_group_decorator.py
[2025-12-27T23:11:30.977+0530] {processor.py:840} INFO - DAG(s) 'example_task_group_decorator' retrieved from /home/sathya/projects/training-kit/.venv-airflow/lib/python3.10/site-packages/airflow/example_dags/example_task_group_decorator.py
[2025-12-27T23:11:30.993+0530] {logging_mixin.py:188} INFO - [2025-12-27T23:11:30.993+0530] {dag.py:3089} INFO - Sync 1 DAGs
[2025-12-27T23:11:31.024+0530] {logging_mixin.py:188} INFO - [2025-12-27T23:11:31.023+0530] {dag.py:3947} INFO - Setting next_dagrun for example_task_group_decorator to 2025-12-27 00:00:00+00:00, run_after=2025-12-28 00:00:00+00:00
[2025-12-27T23:11:31.057+0530] {processor.py:183} INFO - Processing /home/sathya/projects/training-kit/.venv-airflow/lib/python3.10/site-packages/airflow/example_dags/example_task_group_decorator.py took 0.099 seconds
[2025-12-27T23:17:30.491+0530] {processor.py:161} INFO - Started process (PID=9258) to work on /home/sathya/projects/training-kit/.venv-airflow/lib/python3.10/site-packages/airflow/example_dags/example_task_group_decorator.py
[2025-12-27T23:17:30.492+0530] {processor.py:830} INFO - Processing file /home/sathya/projects/training-kit/.venv-airflow/lib/python3.10/site-packages/airflow/example_dags/example_task_group_decorator.py for tasks to queue
[2025-12-27T23:17:30.494+0530] {logging_mixin.py:188} INFO - [2025-12-27T23:17:30.493+0530] {dagbag.py:545} INFO - Filling up the DagBag from /home/sathya/projects/training-kit/.venv-airflow/lib/python3.10/site-packages/airflow/example_dags/example_task_group_decorator.py
[2025-12-27T23:17:30.505+0530] {processor.py:840} INFO - DAG(s) 'example_task_group_decorator' retrieved from /home/sathya/projects/training-kit/.venv-airflow/lib/python3.10/site-packages/airflow/example_dags/example_task_group_decorator.py
[2025-12-27T23:17:30.519+0530] {logging_mixin.py:188} INFO - [2025-12-27T23:17:30.519+0530] {dag.py:3089} INFO - Sync 1 DAGs
[2025-12-27T23:17:30.535+0530] {logging_mixin.py:188} INFO - [2025-12-27T23:17:30.534+0530] {dag.py:3947} INFO - Setting next_dagrun for example_task_group_decorator to 2025-12-27 00:00:00+00:00, run_after=2025-12-28 00:00:00+00:00
[2025-12-27T23:17:30.554+0530] {processor.py:183} INFO - Processing /home/sathya/projects/training-kit/.venv-airflow/lib/python3.10/site-packages/airflow/example_dags/example_task_group_decorator.py took 0.069 seconds
[2025-12-27T23:23:55.200+0530] {processor.py:161} INFO - Started process (PID=10005) to work on /home/sathya/projects/training-kit/.venv-airflow/lib/python3.10/site-packages/airflow/example_dags/example_task_group_decorator.py
[2025-12-27T23:23:55.202+0530] {processor.py:830} INFO - Processing file /home/sathya/projects/training-kit/.venv-airflow/lib/python3.10/site-packages/airflow/example_dags/example_task_group_decorator.py for tasks to queue
[2025-12-27T23:23:55.203+0530] {logging_mixin.py:188} INFO - [2025-12-27T23:23:55.203+0530] {dagbag.py:545} INFO - Filling up the DagBag from /home/sathya/projects/training-kit/.venv-airflow/lib/python3.10/site-packages/airflow/example_dags/example_task_group_decorator.py
[2025-12-27T23:23:55.214+0530] {processor.py:840} INFO - DAG(s) 'example_task_group_decorator' retrieved from /home/sathya/projects/training-kit/.venv-airflow/lib/python3.10/site-packages/airflow/example_dags/example_task_group_decorator.py
[2025-12-27T23:23:55.230+0530] {logging_mixin.py:188} INFO - [2025-12-27T23:23:55.229+0530] {dag.py:3089} INFO - Sync 1 DAGs
[2025-12-27T23:23:55.243+0530] {logging_mixin.py:188} INFO - [2025-12-27T23:23:55.243+0530] {dag.py:3947} INFO - Setting next_dagrun for example_task_group_decorator to 2025-12-27 00:00:00+00:00, run_after=2025-12-28 00:00:00+00:00
[2025-12-27T23:23:55.265+0530] {processor.py:183} INFO - Processing /home/sathya/projects/training-kit/.venv-airflow/lib/python3.10/site-packages/airflow/example_dags/example_task_group_decorator.py took 0.070 seconds
[2025-12-27T23:30:01.015+0530] {processor.py:161} INFO - Started process (PID=10688) to work on /home/sathya/projects/training-kit/.venv-airflow/lib/python3.10/site-packages/airflow/example_dags/example_task_group_decorator.py
[2025-12-27T23:30:01.016+0530] {processor.py:830} INFO - Processing file /home/sathya/projects/training-kit/.venv-airflow/lib/python3.10/site-packages/airflow/example_dags/example_task_group_decorator.py for tasks to queue
[2025-12-27T23:30:01.017+0530] {logging_mixin.py:188} INFO - [2025-12-27T23:30:01.017+0530] {dagbag.py:545} INFO - Filling up the DagBag from /home/sathya/projects/training-kit/.venv-airflow/lib/python3.10/site-packages/airflow/example_dags/example_task_group_decorator.py
[2025-12-27T23:30:01.028+0530] {processor.py:840} INFO - DAG(s) 'example_task_group_decorator' retrieved from /home/sathya/projects/training-kit/.venv-airflow/lib/python3.10/site-packages/airflow/example_dags/example_task_group_decorator.py
[2025-12-27T23:30:01.043+0530] {logging_mixin.py:188} INFO - [2025-12-27T23:30:01.043+0530] {dag.py:3089} INFO - Sync 1 DAGs
[2025-12-27T23:30:01.058+0530] {logging_mixin.py:188} INFO - [2025-12-27T23:30:01.057+0530] {dag.py:3947} INFO - Setting next_dagrun for example_task_group_decorator to 2025-12-27 00:00:00+00:00, run_after=2025-12-28 00:00:00+00:00
[2025-12-27T23:30:01.079+0530] {processor.py:183} INFO - Processing /home/sathya/projects/training-kit/.venv-airflow/lib/python3.10/site-packages/airflow/example_dags/example_task_group_decorator.py took 0.070 seconds
[2025-12-27T23:36:41.073+0530] {processor.py:161} INFO - Started process (PID=11437) to work on /home/sathya/projects/training-kit/.venv-airflow/lib/python3.10/site-packages/airflow/example_dags/example_task_group_decorator.py
[2025-12-27T23:36:41.075+0530] {processor.py:830} INFO - Processing file /home/sathya/projects/training-kit/.venv-airflow/lib/python3.10/site-packages/airflow/example_dags/example_task_group_decorator.py for tasks to queue
[2025-12-27T23:36:41.076+0530] {logging_mixin.py:188} INFO - [2025-12-27T23:36:41.076+0530] {dagbag.py:545} INFO - Filling up the DagBag from /home/sathya/projects/training-kit/.venv-airflow/lib/python3.10/site-packages/airflow/example_dags/example_task_group_decorator.py
[2025-12-27T23:36:41.089+0530] {processor.py:840} INFO - DAG(s) 'example_task_group_decorator' retrieved from /home/sathya/projects/training-kit/.venv-airflow/lib/python3.10/site-packages/airflow/example_dags/example_task_group_decorator.py
[2025-12-27T23:36:41.106+0530] {logging_mixin.py:188} INFO - [2025-12-27T23:36:41.106+0530] {dag.py:3089} INFO - Sync 1 DAGs
[2025-12-27T23:36:41.120+0530] {logging_mixin.py:188} INFO - [2025-12-27T23:36:41.120+0530] {dag.py:3947} INFO - Setting next_dagrun for example_task_group_decorator to 2025-12-27 00:00:00+00:00, run_after=2025-12-28 00:00:00+00:00
[2025-12-27T23:36:41.141+0530] {processor.py:183} INFO - Processing /home/sathya/projects/training-kit/.venv-airflow/lib/python3.10/site-packages/airflow/example_dags/example_task_group_decorator.py took 0.073 seconds
[2025-12-27T23:43:30.551+0530] {processor.py:161} INFO - Started process (PID=12191) to work on /home/sathya/projects/training-kit/.venv-airflow/lib/python3.10/site-packages/airflow/example_dags/example_task_group_decorator.py
[2025-12-27T23:43:30.553+0530] {processor.py:830} INFO - Processing file /home/sathya/projects/training-kit/.venv-airflow/lib/python3.10/site-packages/airflow/example_dags/example_task_group_decorator.py for tasks to queue
[2025-12-27T23:43:30.555+0530] {logging_mixin.py:188} INFO - [2025-12-27T23:43:30.554+0530] {dagbag.py:545} INFO - Filling up the DagBag from /home/sathya/projects/training-kit/.venv-airflow/lib/python3.10/site-packages/airflow/example_dags/example_task_group_decorator.py
[2025-12-27T23:43:30.566+0530] {processor.py:840} INFO - DAG(s) 'example_task_group_decorator' retrieved from /home/sathya/projects/training-kit/.venv-airflow/lib/python3.10/site-packages/airflow/example_dags/example_task_group_decorator.py
[2025-12-27T23:43:30.582+0530] {logging_mixin.py:188} INFO - [2025-12-27T23:43:30.581+0530] {dag.py:3089} INFO - Sync 1 DAGs
[2025-12-27T23:43:30.596+0530] {logging_mixin.py:188} INFO - [2025-12-27T23:43:30.596+0530] {dag.py:3947} INFO - Setting next_dagrun for example_task_group_decorator to 2025-12-27 00:00:00+00:00, run_after=2025-12-28 00:00:00+00:00
[2025-12-27T23:43:30.616+0530] {processor.py:183} INFO - Processing /home/sathya/projects/training-kit/.venv-airflow/lib/python3.10/site-packages/airflow/example_dags/example_task_group_decorator.py took 0.070 seconds
[2025-12-27T23:50:04.410+0530] {processor.py:161} INFO - Started process (PID=12927) to work on /home/sathya/projects/training-kit/.venv-airflow/lib/python3.10/site-packages/airflow/example_dags/example_task_group_decorator.py
[2025-12-27T23:50:04.411+0530] {processor.py:830} INFO - Processing file /home/sathya/projects/training-kit/.venv-airflow/lib/python3.10/site-packages/airflow/example_dags/example_task_group_decorator.py for tasks to queue
[2025-12-27T23:50:04.414+0530] {logging_mixin.py:188} INFO - [2025-12-27T23:50:04.413+0530] {dagbag.py:545} INFO - Filling up the DagBag from /home/sathya/projects/training-kit/.venv-airflow/lib/python3.10/site-packages/airflow/example_dags/example_task_group_decorator.py
[2025-12-27T23:50:04.427+0530] {processor.py:840} INFO - DAG(s) 'example_task_group_decorator' retrieved from /home/sathya/projects/training-kit/.venv-airflow/lib/python3.10/site-packages/airflow/example_dags/example_task_group_decorator.py
[2025-12-27T23:50:04.452+0530] {logging_mixin.py:188} INFO - [2025-12-27T23:50:04.452+0530] {dag.py:3089} INFO - Sync 1 DAGs
[2025-12-27T23:50:04.470+0530] {logging_mixin.py:188} INFO - [2025-12-27T23:50:04.470+0530] {dag.py:3947} INFO - Setting next_dagrun for example_task_group_decorator to 2025-12-27 00:00:00+00:00, run_after=2025-12-28 00:00:00+00:00
[2025-12-27T23:50:04.494+0530] {processor.py:183} INFO - Processing /home/sathya/projects/training-kit/.venv-airflow/lib/python3.10/site-packages/airflow/example_dags/example_task_group_decorator.py took 0.089 seconds
