[2025-12-27T19:10:37.131+0530] {processor.py:161} INFO - Started process (PID=599) to work on /home/sathya/projects/training-kit/.venv-airflow/lib/python3.10/site-packages/airflow/example_dags/example_task_group.py
[2025-12-27T19:10:37.132+0530] {processor.py:830} INFO - Processing file /home/sathya/projects/training-kit/.venv-airflow/lib/python3.10/site-packages/airflow/example_dags/example_task_group.py for tasks to queue
[2025-12-27T19:10:37.135+0530] {logging_mixin.py:188} INFO - [2025-12-27T19:10:37.134+0530] {dagbag.py:545} INFO - Filling up the DagBag from /home/sathya/projects/training-kit/.venv-airflow/lib/python3.10/site-packages/airflow/example_dags/example_task_group.py
[2025-12-27T19:10:37.147+0530] {processor.py:840} INFO - DAG(s) 'example_task_group' retrieved from /home/sathya/projects/training-kit/.venv-airflow/lib/python3.10/site-packages/airflow/example_dags/example_task_group.py
[2025-12-27T19:10:37.170+0530] {logging_mixin.py:188} INFO - [2025-12-27T19:10:37.170+0530] {dag.py:3089} INFO - Sync 1 DAGs
[2025-12-27T19:10:37.187+0530] {logging_mixin.py:188} INFO - [2025-12-27T19:10:37.187+0530] {dag.py:3947} INFO - Setting next_dagrun for example_task_group to 2025-12-27 00:00:00+00:00, run_after=2025-12-28 00:00:00+00:00
[2025-12-27T19:10:37.217+0530] {processor.py:183} INFO - Processing /home/sathya/projects/training-kit/.venv-airflow/lib/python3.10/site-packages/airflow/example_dags/example_task_group.py took 0.092 seconds
[2025-12-27T19:27:26.378+0530] {processor.py:161} INFO - Started process (PID=1131) to work on /home/sathya/projects/training-kit/.venv-airflow/lib/python3.10/site-packages/airflow/example_dags/example_task_group.py
[2025-12-27T19:27:26.379+0530] {processor.py:830} INFO - Processing file /home/sathya/projects/training-kit/.venv-airflow/lib/python3.10/site-packages/airflow/example_dags/example_task_group.py for tasks to queue
[2025-12-27T19:27:26.381+0530] {logging_mixin.py:188} INFO - [2025-12-27T19:27:26.381+0530] {dagbag.py:545} INFO - Filling up the DagBag from /home/sathya/projects/training-kit/.venv-airflow/lib/python3.10/site-packages/airflow/example_dags/example_task_group.py
[2025-12-27T19:27:26.389+0530] {processor.py:840} INFO - DAG(s) 'example_task_group' retrieved from /home/sathya/projects/training-kit/.venv-airflow/lib/python3.10/site-packages/airflow/example_dags/example_task_group.py
[2025-12-27T19:27:26.407+0530] {logging_mixin.py:188} INFO - [2025-12-27T19:27:26.406+0530] {dag.py:3089} INFO - Sync 1 DAGs
[2025-12-27T19:27:26.427+0530] {logging_mixin.py:188} INFO - [2025-12-27T19:27:26.426+0530] {dag.py:3947} INFO - Setting next_dagrun for example_task_group to 2025-12-27 00:00:00+00:00, run_after=2025-12-28 00:00:00+00:00
[2025-12-27T19:27:26.450+0530] {processor.py:183} INFO - Processing /home/sathya/projects/training-kit/.venv-airflow/lib/python3.10/site-packages/airflow/example_dags/example_task_group.py took 0.080 seconds
[2025-12-27T19:36:05.832+0530] {processor.py:161} INFO - Started process (PID=1476) to work on /home/sathya/projects/training-kit/.venv-airflow/lib/python3.10/site-packages/airflow/example_dags/example_task_group.py
[2025-12-27T19:36:05.835+0530] {processor.py:830} INFO - Processing file /home/sathya/projects/training-kit/.venv-airflow/lib/python3.10/site-packages/airflow/example_dags/example_task_group.py for tasks to queue
[2025-12-27T19:36:05.837+0530] {logging_mixin.py:188} INFO - [2025-12-27T19:36:05.836+0530] {dagbag.py:545} INFO - Filling up the DagBag from /home/sathya/projects/training-kit/.venv-airflow/lib/python3.10/site-packages/airflow/example_dags/example_task_group.py
[2025-12-27T19:36:05.982+0530] {processor.py:840} INFO - DAG(s) 'example_task_group' retrieved from /home/sathya/projects/training-kit/.venv-airflow/lib/python3.10/site-packages/airflow/example_dags/example_task_group.py
[2025-12-27T19:36:06.004+0530] {logging_mixin.py:188} INFO - [2025-12-27T19:36:06.004+0530] {dag.py:3089} INFO - Sync 1 DAGs
[2025-12-27T19:36:06.032+0530] {logging_mixin.py:188} INFO - [2025-12-27T19:36:06.031+0530] {dag.py:3947} INFO - Setting next_dagrun for example_task_group to 2025-12-27 00:00:00+00:00, run_after=2025-12-28 00:00:00+00:00
[2025-12-27T19:36:06.075+0530] {processor.py:183} INFO - Processing /home/sathya/projects/training-kit/.venv-airflow/lib/python3.10/site-packages/airflow/example_dags/example_task_group.py took 0.255 seconds
[2025-12-27T19:44:43.375+0530] {processor.py:161} INFO - Started process (PID=1797) to work on /home/sathya/projects/training-kit/.venv-airflow/lib/python3.10/site-packages/airflow/example_dags/example_task_group.py
[2025-12-27T19:44:43.377+0530] {processor.py:830} INFO - Processing file /home/sathya/projects/training-kit/.venv-airflow/lib/python3.10/site-packages/airflow/example_dags/example_task_group.py for tasks to queue
[2025-12-27T19:44:43.379+0530] {logging_mixin.py:188} INFO - [2025-12-27T19:44:43.378+0530] {dagbag.py:545} INFO - Filling up the DagBag from /home/sathya/projects/training-kit/.venv-airflow/lib/python3.10/site-packages/airflow/example_dags/example_task_group.py
[2025-12-27T19:44:43.389+0530] {processor.py:840} INFO - DAG(s) 'example_task_group' retrieved from /home/sathya/projects/training-kit/.venv-airflow/lib/python3.10/site-packages/airflow/example_dags/example_task_group.py
[2025-12-27T19:44:43.409+0530] {logging_mixin.py:188} INFO - [2025-12-27T19:44:43.409+0530] {dag.py:3089} INFO - Sync 1 DAGs
[2025-12-27T19:44:43.431+0530] {logging_mixin.py:188} INFO - [2025-12-27T19:44:43.431+0530] {dag.py:3947} INFO - Setting next_dagrun for example_task_group to 2025-12-27 00:00:00+00:00, run_after=2025-12-28 00:00:00+00:00
[2025-12-27T19:44:43.463+0530] {processor.py:183} INFO - Processing /home/sathya/projects/training-kit/.venv-airflow/lib/python3.10/site-packages/airflow/example_dags/example_task_group.py took 0.094 seconds
[2025-12-27T19:53:31.125+0530] {processor.py:161} INFO - Started process (PID=2131) to work on /home/sathya/projects/training-kit/.venv-airflow/lib/python3.10/site-packages/airflow/example_dags/example_task_group.py
[2025-12-27T19:53:31.127+0530] {processor.py:830} INFO - Processing file /home/sathya/projects/training-kit/.venv-airflow/lib/python3.10/site-packages/airflow/example_dags/example_task_group.py for tasks to queue
[2025-12-27T19:53:31.130+0530] {logging_mixin.py:188} INFO - [2025-12-27T19:53:31.129+0530] {dagbag.py:545} INFO - Filling up the DagBag from /home/sathya/projects/training-kit/.venv-airflow/lib/python3.10/site-packages/airflow/example_dags/example_task_group.py
[2025-12-27T19:53:31.143+0530] {processor.py:840} INFO - DAG(s) 'example_task_group' retrieved from /home/sathya/projects/training-kit/.venv-airflow/lib/python3.10/site-packages/airflow/example_dags/example_task_group.py
[2025-12-27T19:53:31.163+0530] {logging_mixin.py:188} INFO - [2025-12-27T19:53:31.163+0530] {dag.py:3089} INFO - Sync 1 DAGs
[2025-12-27T19:53:31.185+0530] {logging_mixin.py:188} INFO - [2025-12-27T19:53:31.184+0530] {dag.py:3947} INFO - Setting next_dagrun for example_task_group to 2025-12-27 00:00:00+00:00, run_after=2025-12-28 00:00:00+00:00
[2025-12-27T19:53:31.229+0530] {processor.py:183} INFO - Processing /home/sathya/projects/training-kit/.venv-airflow/lib/python3.10/site-packages/airflow/example_dags/example_task_group.py took 0.116 seconds
[2025-12-27T20:01:40.415+0530] {processor.py:161} INFO - Started process (PID=2465) to work on /home/sathya/projects/training-kit/.venv-airflow/lib/python3.10/site-packages/airflow/example_dags/example_task_group.py
[2025-12-27T20:01:40.417+0530] {processor.py:830} INFO - Processing file /home/sathya/projects/training-kit/.venv-airflow/lib/python3.10/site-packages/airflow/example_dags/example_task_group.py for tasks to queue
[2025-12-27T20:01:40.419+0530] {logging_mixin.py:188} INFO - [2025-12-27T20:01:40.419+0530] {dagbag.py:545} INFO - Filling up the DagBag from /home/sathya/projects/training-kit/.venv-airflow/lib/python3.10/site-packages/airflow/example_dags/example_task_group.py
[2025-12-27T20:01:40.429+0530] {processor.py:840} INFO - DAG(s) 'example_task_group' retrieved from /home/sathya/projects/training-kit/.venv-airflow/lib/python3.10/site-packages/airflow/example_dags/example_task_group.py
[2025-12-27T20:01:40.448+0530] {logging_mixin.py:188} INFO - [2025-12-27T20:01:40.448+0530] {dag.py:3089} INFO - Sync 1 DAGs
[2025-12-27T20:01:40.470+0530] {logging_mixin.py:188} INFO - [2025-12-27T20:01:40.469+0530] {dag.py:3947} INFO - Setting next_dagrun for example_task_group to 2025-12-27 00:00:00+00:00, run_after=2025-12-28 00:00:00+00:00
[2025-12-27T20:01:40.504+0530] {processor.py:183} INFO - Processing /home/sathya/projects/training-kit/.venv-airflow/lib/python3.10/site-packages/airflow/example_dags/example_task_group.py took 0.099 seconds
[2025-12-27T20:10:01.903+0530] {processor.py:161} INFO - Started process (PID=2818) to work on /home/sathya/projects/training-kit/.venv-airflow/lib/python3.10/site-packages/airflow/example_dags/example_task_group.py
[2025-12-27T20:10:01.905+0530] {processor.py:830} INFO - Processing file /home/sathya/projects/training-kit/.venv-airflow/lib/python3.10/site-packages/airflow/example_dags/example_task_group.py for tasks to queue
[2025-12-27T20:10:01.907+0530] {logging_mixin.py:188} INFO - [2025-12-27T20:10:01.907+0530] {dagbag.py:545} INFO - Filling up the DagBag from /home/sathya/projects/training-kit/.venv-airflow/lib/python3.10/site-packages/airflow/example_dags/example_task_group.py
[2025-12-27T20:10:01.921+0530] {processor.py:840} INFO - DAG(s) 'example_task_group' retrieved from /home/sathya/projects/training-kit/.venv-airflow/lib/python3.10/site-packages/airflow/example_dags/example_task_group.py
[2025-12-27T20:10:01.946+0530] {logging_mixin.py:188} INFO - [2025-12-27T20:10:01.946+0530] {dag.py:3089} INFO - Sync 1 DAGs
[2025-12-27T20:10:01.966+0530] {logging_mixin.py:188} INFO - [2025-12-27T20:10:01.965+0530] {dag.py:3947} INFO - Setting next_dagrun for example_task_group to 2025-12-27 00:00:00+00:00, run_after=2025-12-28 00:00:00+00:00
[2025-12-27T20:10:02.015+0530] {processor.py:183} INFO - Processing /home/sathya/projects/training-kit/.venv-airflow/lib/python3.10/site-packages/airflow/example_dags/example_task_group.py took 0.124 seconds
[2025-12-27T20:16:37.367+0530] {processor.py:161} INFO - Started process (PID=3112) to work on /home/sathya/projects/training-kit/.venv-airflow/lib/python3.10/site-packages/airflow/example_dags/example_task_group.py
[2025-12-27T20:16:37.369+0530] {processor.py:830} INFO - Processing file /home/sathya/projects/training-kit/.venv-airflow/lib/python3.10/site-packages/airflow/example_dags/example_task_group.py for tasks to queue
[2025-12-27T20:16:37.371+0530] {logging_mixin.py:188} INFO - [2025-12-27T20:16:37.370+0530] {dagbag.py:545} INFO - Filling up the DagBag from /home/sathya/projects/training-kit/.venv-airflow/lib/python3.10/site-packages/airflow/example_dags/example_task_group.py
[2025-12-27T20:16:37.385+0530] {processor.py:840} INFO - DAG(s) 'example_task_group' retrieved from /home/sathya/projects/training-kit/.venv-airflow/lib/python3.10/site-packages/airflow/example_dags/example_task_group.py
[2025-12-27T20:16:37.419+0530] {logging_mixin.py:188} INFO - [2025-12-27T20:16:37.419+0530] {dag.py:3089} INFO - Sync 1 DAGs
[2025-12-27T20:16:37.445+0530] {logging_mixin.py:188} INFO - [2025-12-27T20:16:37.444+0530] {dag.py:3947} INFO - Setting next_dagrun for example_task_group to 2025-12-27 00:00:00+00:00, run_after=2025-12-28 00:00:00+00:00
[2025-12-27T20:16:37.490+0530] {processor.py:183} INFO - Processing /home/sathya/projects/training-kit/.venv-airflow/lib/python3.10/site-packages/airflow/example_dags/example_task_group.py took 0.135 seconds
[2025-12-27T20:23:36.915+0530] {processor.py:161} INFO - Started process (PID=3405) to work on /home/sathya/projects/training-kit/.venv-airflow/lib/python3.10/site-packages/airflow/example_dags/example_task_group.py
[2025-12-27T20:23:36.921+0530] {processor.py:830} INFO - Processing file /home/sathya/projects/training-kit/.venv-airflow/lib/python3.10/site-packages/airflow/example_dags/example_task_group.py for tasks to queue
[2025-12-27T20:23:36.923+0530] {logging_mixin.py:188} INFO - [2025-12-27T20:23:36.923+0530] {dagbag.py:545} INFO - Filling up the DagBag from /home/sathya/projects/training-kit/.venv-airflow/lib/python3.10/site-packages/airflow/example_dags/example_task_group.py
[2025-12-27T20:23:36.931+0530] {processor.py:840} INFO - DAG(s) 'example_task_group' retrieved from /home/sathya/projects/training-kit/.venv-airflow/lib/python3.10/site-packages/airflow/example_dags/example_task_group.py
[2025-12-27T20:23:36.948+0530] {logging_mixin.py:188} INFO - [2025-12-27T20:23:36.947+0530] {dag.py:3089} INFO - Sync 1 DAGs
[2025-12-27T20:23:36.971+0530] {logging_mixin.py:188} INFO - [2025-12-27T20:23:36.970+0530] {dag.py:3947} INFO - Setting next_dagrun for example_task_group to 2025-12-27 00:00:00+00:00, run_after=2025-12-28 00:00:00+00:00
[2025-12-27T20:23:36.993+0530] {processor.py:183} INFO - Processing /home/sathya/projects/training-kit/.venv-airflow/lib/python3.10/site-packages/airflow/example_dags/example_task_group.py took 0.085 seconds
[2025-12-27T20:30:38.053+0530] {processor.py:161} INFO - Started process (PID=3717) to work on /home/sathya/projects/training-kit/.venv-airflow/lib/python3.10/site-packages/airflow/example_dags/example_task_group.py
[2025-12-27T20:30:38.056+0530] {processor.py:830} INFO - Processing file /home/sathya/projects/training-kit/.venv-airflow/lib/python3.10/site-packages/airflow/example_dags/example_task_group.py for tasks to queue
[2025-12-27T20:30:38.058+0530] {logging_mixin.py:188} INFO - [2025-12-27T20:30:38.058+0530] {dagbag.py:545} INFO - Filling up the DagBag from /home/sathya/projects/training-kit/.venv-airflow/lib/python3.10/site-packages/airflow/example_dags/example_task_group.py
[2025-12-27T20:30:38.070+0530] {processor.py:840} INFO - DAG(s) 'example_task_group' retrieved from /home/sathya/projects/training-kit/.venv-airflow/lib/python3.10/site-packages/airflow/example_dags/example_task_group.py
[2025-12-27T20:30:38.094+0530] {logging_mixin.py:188} INFO - [2025-12-27T20:30:38.093+0530] {dag.py:3089} INFO - Sync 1 DAGs
[2025-12-27T20:30:38.117+0530] {logging_mixin.py:188} INFO - [2025-12-27T20:30:38.117+0530] {dag.py:3947} INFO - Setting next_dagrun for example_task_group to 2025-12-27 00:00:00+00:00, run_after=2025-12-28 00:00:00+00:00
[2025-12-27T20:30:38.149+0530] {processor.py:183} INFO - Processing /home/sathya/projects/training-kit/.venv-airflow/lib/python3.10/site-packages/airflow/example_dags/example_task_group.py took 0.108 seconds
[2025-12-27T20:37:59.365+0530] {processor.py:161} INFO - Started process (PID=4017) to work on /home/sathya/projects/training-kit/.venv-airflow/lib/python3.10/site-packages/airflow/example_dags/example_task_group.py
[2025-12-27T20:37:59.366+0530] {processor.py:830} INFO - Processing file /home/sathya/projects/training-kit/.venv-airflow/lib/python3.10/site-packages/airflow/example_dags/example_task_group.py for tasks to queue
[2025-12-27T20:37:59.368+0530] {logging_mixin.py:188} INFO - [2025-12-27T20:37:59.367+0530] {dagbag.py:545} INFO - Filling up the DagBag from /home/sathya/projects/training-kit/.venv-airflow/lib/python3.10/site-packages/airflow/example_dags/example_task_group.py
[2025-12-27T20:37:59.376+0530] {processor.py:840} INFO - DAG(s) 'example_task_group' retrieved from /home/sathya/projects/training-kit/.venv-airflow/lib/python3.10/site-packages/airflow/example_dags/example_task_group.py
[2025-12-27T20:37:59.395+0530] {logging_mixin.py:188} INFO - [2025-12-27T20:37:59.395+0530] {dag.py:3089} INFO - Sync 1 DAGs
[2025-12-27T20:37:59.423+0530] {logging_mixin.py:188} INFO - [2025-12-27T20:37:59.423+0530] {dag.py:3947} INFO - Setting next_dagrun for example_task_group to 2025-12-27 00:00:00+00:00, run_after=2025-12-28 00:00:00+00:00
[2025-12-27T20:37:59.473+0530] {processor.py:183} INFO - Processing /home/sathya/projects/training-kit/.venv-airflow/lib/python3.10/site-packages/airflow/example_dags/example_task_group.py took 0.115 seconds
[2025-12-27T20:45:55.840+0530] {processor.py:161} INFO - Started process (PID=4335) to work on /home/sathya/projects/training-kit/.venv-airflow/lib/python3.10/site-packages/airflow/example_dags/example_task_group.py
[2025-12-27T20:45:55.847+0530] {processor.py:830} INFO - Processing file /home/sathya/projects/training-kit/.venv-airflow/lib/python3.10/site-packages/airflow/example_dags/example_task_group.py for tasks to queue
[2025-12-27T20:45:55.849+0530] {logging_mixin.py:188} INFO - [2025-12-27T20:45:55.848+0530] {dagbag.py:545} INFO - Filling up the DagBag from /home/sathya/projects/training-kit/.venv-airflow/lib/python3.10/site-packages/airflow/example_dags/example_task_group.py
[2025-12-27T20:45:55.857+0530] {processor.py:840} INFO - DAG(s) 'example_task_group' retrieved from /home/sathya/projects/training-kit/.venv-airflow/lib/python3.10/site-packages/airflow/example_dags/example_task_group.py
[2025-12-27T20:45:55.875+0530] {logging_mixin.py:188} INFO - [2025-12-27T20:45:55.875+0530] {dag.py:3089} INFO - Sync 1 DAGs
[2025-12-27T20:45:55.895+0530] {logging_mixin.py:188} INFO - [2025-12-27T20:45:55.895+0530] {dag.py:3947} INFO - Setting next_dagrun for example_task_group to 2025-12-27 00:00:00+00:00, run_after=2025-12-28 00:00:00+00:00
[2025-12-27T20:45:55.922+0530] {processor.py:183} INFO - Processing /home/sathya/projects/training-kit/.venv-airflow/lib/python3.10/site-packages/airflow/example_dags/example_task_group.py took 0.090 seconds
[2025-12-27T21:46:59.170+0530] {processor.py:161} INFO - Started process (PID=4752) to work on /home/sathya/projects/training-kit/.venv-airflow/lib/python3.10/site-packages/airflow/example_dags/example_task_group.py
[2025-12-27T21:46:59.176+0530] {processor.py:830} INFO - Processing file /home/sathya/projects/training-kit/.venv-airflow/lib/python3.10/site-packages/airflow/example_dags/example_task_group.py for tasks to queue
[2025-12-27T21:46:59.179+0530] {logging_mixin.py:188} INFO - [2025-12-27T21:46:59.178+0530] {dagbag.py:545} INFO - Filling up the DagBag from /home/sathya/projects/training-kit/.venv-airflow/lib/python3.10/site-packages/airflow/example_dags/example_task_group.py
[2025-12-27T21:46:59.188+0530] {processor.py:840} INFO - DAG(s) 'example_task_group' retrieved from /home/sathya/projects/training-kit/.venv-airflow/lib/python3.10/site-packages/airflow/example_dags/example_task_group.py
[2025-12-27T21:46:59.206+0530] {logging_mixin.py:188} INFO - [2025-12-27T21:46:59.206+0530] {dag.py:3089} INFO - Sync 1 DAGs
[2025-12-27T21:46:59.226+0530] {logging_mixin.py:188} INFO - [2025-12-27T21:46:59.226+0530] {dag.py:3947} INFO - Setting next_dagrun for example_task_group to 2025-12-27 00:00:00+00:00, run_after=2025-12-28 00:00:00+00:00
[2025-12-27T21:46:59.261+0530] {processor.py:183} INFO - Processing /home/sathya/projects/training-kit/.venv-airflow/lib/python3.10/site-packages/airflow/example_dags/example_task_group.py took 0.101 seconds
[2025-12-27T21:57:39.774+0530] {processor.py:161} INFO - Started process (PID=5219) to work on /home/sathya/projects/training-kit/.venv-airflow/lib/python3.10/site-packages/airflow/example_dags/example_task_group.py
[2025-12-27T21:57:39.776+0530] {processor.py:830} INFO - Processing file /home/sathya/projects/training-kit/.venv-airflow/lib/python3.10/site-packages/airflow/example_dags/example_task_group.py for tasks to queue
[2025-12-27T21:57:39.779+0530] {logging_mixin.py:188} INFO - [2025-12-27T21:57:39.779+0530] {dagbag.py:545} INFO - Filling up the DagBag from /home/sathya/projects/training-kit/.venv-airflow/lib/python3.10/site-packages/airflow/example_dags/example_task_group.py
[2025-12-27T21:57:39.791+0530] {processor.py:840} INFO - DAG(s) 'example_task_group' retrieved from /home/sathya/projects/training-kit/.venv-airflow/lib/python3.10/site-packages/airflow/example_dags/example_task_group.py
[2025-12-27T21:57:39.810+0530] {logging_mixin.py:188} INFO - [2025-12-27T21:57:39.809+0530] {dag.py:3089} INFO - Sync 1 DAGs
[2025-12-27T21:57:39.829+0530] {logging_mixin.py:188} INFO - [2025-12-27T21:57:39.829+0530] {dag.py:3947} INFO - Setting next_dagrun for example_task_group to 2025-12-27 00:00:00+00:00, run_after=2025-12-28 00:00:00+00:00
[2025-12-27T21:57:39.860+0530] {processor.py:183} INFO - Processing /home/sathya/projects/training-kit/.venv-airflow/lib/python3.10/site-packages/airflow/example_dags/example_task_group.py took 0.095 seconds
[2025-12-27T22:08:05.259+0530] {processor.py:161} INFO - Started process (PID=5606) to work on /home/sathya/projects/training-kit/.venv-airflow/lib/python3.10/site-packages/airflow/example_dags/example_task_group.py
[2025-12-27T22:08:05.269+0530] {processor.py:830} INFO - Processing file /home/sathya/projects/training-kit/.venv-airflow/lib/python3.10/site-packages/airflow/example_dags/example_task_group.py for tasks to queue
[2025-12-27T22:08:05.275+0530] {logging_mixin.py:188} INFO - [2025-12-27T22:08:05.274+0530] {dagbag.py:545} INFO - Filling up the DagBag from /home/sathya/projects/training-kit/.venv-airflow/lib/python3.10/site-packages/airflow/example_dags/example_task_group.py
[2025-12-27T22:08:05.305+0530] {processor.py:840} INFO - DAG(s) 'example_task_group' retrieved from /home/sathya/projects/training-kit/.venv-airflow/lib/python3.10/site-packages/airflow/example_dags/example_task_group.py
[2025-12-27T22:08:05.361+0530] {logging_mixin.py:188} INFO - [2025-12-27T22:08:05.361+0530] {dag.py:3089} INFO - Sync 1 DAGs
[2025-12-27T22:08:05.422+0530] {logging_mixin.py:188} INFO - [2025-12-27T22:08:05.421+0530] {dag.py:3947} INFO - Setting next_dagrun for example_task_group to 2025-12-27 00:00:00+00:00, run_after=2025-12-28 00:00:00+00:00
[2025-12-27T22:08:05.482+0530] {processor.py:183} INFO - Processing /home/sathya/projects/training-kit/.venv-airflow/lib/python3.10/site-packages/airflow/example_dags/example_task_group.py took 0.242 seconds
[2025-12-27T22:28:16.282+0530] {processor.py:161} INFO - Started process (PID=6113) to work on /home/sathya/projects/training-kit/.venv-airflow/lib/python3.10/site-packages/airflow/example_dags/example_task_group.py
[2025-12-27T22:28:16.288+0530] {processor.py:830} INFO - Processing file /home/sathya/projects/training-kit/.venv-airflow/lib/python3.10/site-packages/airflow/example_dags/example_task_group.py for tasks to queue
[2025-12-27T22:28:16.289+0530] {logging_mixin.py:188} INFO - [2025-12-27T22:28:16.289+0530] {dagbag.py:545} INFO - Filling up the DagBag from /home/sathya/projects/training-kit/.venv-airflow/lib/python3.10/site-packages/airflow/example_dags/example_task_group.py
[2025-12-27T22:28:16.295+0530] {processor.py:840} INFO - DAG(s) 'example_task_group' retrieved from /home/sathya/projects/training-kit/.venv-airflow/lib/python3.10/site-packages/airflow/example_dags/example_task_group.py
[2025-12-27T22:28:16.307+0530] {logging_mixin.py:188} INFO - [2025-12-27T22:28:16.307+0530] {dag.py:3089} INFO - Sync 1 DAGs
[2025-12-27T22:28:16.321+0530] {logging_mixin.py:188} INFO - [2025-12-27T22:28:16.321+0530] {dag.py:3947} INFO - Setting next_dagrun for example_task_group to 2025-12-27 00:00:00+00:00, run_after=2025-12-28 00:00:00+00:00
[2025-12-27T22:28:16.346+0530] {processor.py:183} INFO - Processing /home/sathya/projects/training-kit/.venv-airflow/lib/python3.10/site-packages/airflow/example_dags/example_task_group.py took 0.068 seconds
[2025-12-27T22:33:52.340+0530] {processor.py:161} INFO - Started process (PID=6436) to work on /home/sathya/projects/training-kit/.venv-airflow/lib/python3.10/site-packages/airflow/example_dags/example_task_group.py
[2025-12-27T22:33:52.346+0530] {processor.py:830} INFO - Processing file /home/sathya/projects/training-kit/.venv-airflow/lib/python3.10/site-packages/airflow/example_dags/example_task_group.py for tasks to queue
[2025-12-27T22:33:52.347+0530] {logging_mixin.py:188} INFO - [2025-12-27T22:33:52.347+0530] {dagbag.py:545} INFO - Filling up the DagBag from /home/sathya/projects/training-kit/.venv-airflow/lib/python3.10/site-packages/airflow/example_dags/example_task_group.py
[2025-12-27T22:33:52.357+0530] {processor.py:840} INFO - DAG(s) 'example_task_group' retrieved from /home/sathya/projects/training-kit/.venv-airflow/lib/python3.10/site-packages/airflow/example_dags/example_task_group.py
[2025-12-27T22:33:52.371+0530] {logging_mixin.py:188} INFO - [2025-12-27T22:33:52.371+0530] {dag.py:3089} INFO - Sync 1 DAGs
[2025-12-27T22:33:52.384+0530] {logging_mixin.py:188} INFO - [2025-12-27T22:33:52.383+0530] {dag.py:3947} INFO - Setting next_dagrun for example_task_group to 2025-12-27 00:00:00+00:00, run_after=2025-12-28 00:00:00+00:00
[2025-12-27T22:33:52.404+0530] {processor.py:183} INFO - Processing /home/sathya/projects/training-kit/.venv-airflow/lib/python3.10/site-packages/airflow/example_dags/example_task_group.py took 0.069 seconds
[2025-12-27T22:38:07.188+0530] {processor.py:161} INFO - Started process (PID=6703) to work on /home/sathya/projects/training-kit/.venv-airflow/lib/python3.10/site-packages/airflow/example_dags/example_task_group.py
[2025-12-27T22:38:07.190+0530] {processor.py:830} INFO - Processing file /home/sathya/projects/training-kit/.venv-airflow/lib/python3.10/site-packages/airflow/example_dags/example_task_group.py for tasks to queue
[2025-12-27T22:38:07.191+0530] {logging_mixin.py:188} INFO - [2025-12-27T22:38:07.191+0530] {dagbag.py:545} INFO - Filling up the DagBag from /home/sathya/projects/training-kit/.venv-airflow/lib/python3.10/site-packages/airflow/example_dags/example_task_group.py
[2025-12-27T22:38:07.198+0530] {processor.py:840} INFO - DAG(s) 'example_task_group' retrieved from /home/sathya/projects/training-kit/.venv-airflow/lib/python3.10/site-packages/airflow/example_dags/example_task_group.py
[2025-12-27T22:38:07.213+0530] {logging_mixin.py:188} INFO - [2025-12-27T22:38:07.212+0530] {dag.py:3089} INFO - Sync 1 DAGs
[2025-12-27T22:38:07.231+0530] {logging_mixin.py:188} INFO - [2025-12-27T22:38:07.231+0530] {dag.py:3947} INFO - Setting next_dagrun for example_task_group to 2025-12-27 00:00:00+00:00, run_after=2025-12-28 00:00:00+00:00
[2025-12-27T22:38:07.256+0530] {processor.py:183} INFO - Processing /home/sathya/projects/training-kit/.venv-airflow/lib/python3.10/site-packages/airflow/example_dags/example_task_group.py took 0.074 seconds
[2025-12-27T22:43:56.360+0530] {processor.py:161} INFO - Started process (PID=7016) to work on /home/sathya/projects/training-kit/.venv-airflow/lib/python3.10/site-packages/airflow/example_dags/example_task_group.py
[2025-12-27T22:43:56.367+0530] {processor.py:830} INFO - Processing file /home/sathya/projects/training-kit/.venv-airflow/lib/python3.10/site-packages/airflow/example_dags/example_task_group.py for tasks to queue
[2025-12-27T22:43:56.368+0530] {logging_mixin.py:188} INFO - [2025-12-27T22:43:56.368+0530] {dagbag.py:545} INFO - Filling up the DagBag from /home/sathya/projects/training-kit/.venv-airflow/lib/python3.10/site-packages/airflow/example_dags/example_task_group.py
[2025-12-27T22:43:56.375+0530] {processor.py:840} INFO - DAG(s) 'example_task_group' retrieved from /home/sathya/projects/training-kit/.venv-airflow/lib/python3.10/site-packages/airflow/example_dags/example_task_group.py
[2025-12-27T22:43:56.390+0530] {logging_mixin.py:188} INFO - [2025-12-27T22:43:56.390+0530] {dag.py:3089} INFO - Sync 1 DAGs
[2025-12-27T22:43:56.404+0530] {logging_mixin.py:188} INFO - [2025-12-27T22:43:56.404+0530] {dag.py:3947} INFO - Setting next_dagrun for example_task_group to 2025-12-27 00:00:00+00:00, run_after=2025-12-28 00:00:00+00:00
[2025-12-27T22:43:56.423+0530] {processor.py:183} INFO - Processing /home/sathya/projects/training-kit/.venv-airflow/lib/python3.10/site-packages/airflow/example_dags/example_task_group.py took 0.068 seconds
[2025-12-27T22:50:00.744+0530] {processor.py:161} INFO - Started process (PID=7338) to work on /home/sathya/projects/training-kit/.venv-airflow/lib/python3.10/site-packages/airflow/example_dags/example_task_group.py
[2025-12-27T22:50:00.745+0530] {processor.py:830} INFO - Processing file /home/sathya/projects/training-kit/.venv-airflow/lib/python3.10/site-packages/airflow/example_dags/example_task_group.py for tasks to queue
[2025-12-27T22:50:00.746+0530] {logging_mixin.py:188} INFO - [2025-12-27T22:50:00.746+0530] {dagbag.py:545} INFO - Filling up the DagBag from /home/sathya/projects/training-kit/.venv-airflow/lib/python3.10/site-packages/airflow/example_dags/example_task_group.py
[2025-12-27T22:50:00.753+0530] {processor.py:840} INFO - DAG(s) 'example_task_group' retrieved from /home/sathya/projects/training-kit/.venv-airflow/lib/python3.10/site-packages/airflow/example_dags/example_task_group.py
[2025-12-27T22:50:00.765+0530] {logging_mixin.py:188} INFO - [2025-12-27T22:50:00.765+0530] {dag.py:3089} INFO - Sync 1 DAGs
[2025-12-27T22:50:00.778+0530] {logging_mixin.py:188} INFO - [2025-12-27T22:50:00.778+0530] {dag.py:3947} INFO - Setting next_dagrun for example_task_group to 2025-12-27 00:00:00+00:00, run_after=2025-12-28 00:00:00+00:00
[2025-12-27T22:50:00.799+0530] {processor.py:183} INFO - Processing /home/sathya/projects/training-kit/.venv-airflow/lib/python3.10/site-packages/airflow/example_dags/example_task_group.py took 0.060 seconds
[2025-12-27T22:56:43.238+0530] {processor.py:161} INFO - Started process (PID=7751) to work on /home/sathya/projects/training-kit/.venv-airflow/lib/python3.10/site-packages/airflow/example_dags/example_task_group.py
[2025-12-27T22:56:43.239+0530] {processor.py:830} INFO - Processing file /home/sathya/projects/training-kit/.venv-airflow/lib/python3.10/site-packages/airflow/example_dags/example_task_group.py for tasks to queue
[2025-12-27T22:56:43.241+0530] {logging_mixin.py:188} INFO - [2025-12-27T22:56:43.241+0530] {dagbag.py:545} INFO - Filling up the DagBag from /home/sathya/projects/training-kit/.venv-airflow/lib/python3.10/site-packages/airflow/example_dags/example_task_group.py
[2025-12-27T22:56:43.252+0530] {processor.py:840} INFO - DAG(s) 'example_task_group' retrieved from /home/sathya/projects/training-kit/.venv-airflow/lib/python3.10/site-packages/airflow/example_dags/example_task_group.py
[2025-12-27T22:56:43.267+0530] {logging_mixin.py:188} INFO - [2025-12-27T22:56:43.267+0530] {dag.py:3089} INFO - Sync 1 DAGs
[2025-12-27T22:56:43.284+0530] {logging_mixin.py:188} INFO - [2025-12-27T22:56:43.284+0530] {dag.py:3947} INFO - Setting next_dagrun for example_task_group to 2025-12-27 00:00:00+00:00, run_after=2025-12-28 00:00:00+00:00
[2025-12-27T22:56:43.306+0530] {processor.py:183} INFO - Processing /home/sathya/projects/training-kit/.venv-airflow/lib/python3.10/site-packages/airflow/example_dags/example_task_group.py took 0.073 seconds
[2025-12-27T23:03:13.460+0530] {processor.py:161} INFO - Started process (PID=8107) to work on /home/sathya/projects/training-kit/.venv-airflow/lib/python3.10/site-packages/airflow/example_dags/example_task_group.py
[2025-12-27T23:03:13.462+0530] {processor.py:830} INFO - Processing file /home/sathya/projects/training-kit/.venv-airflow/lib/python3.10/site-packages/airflow/example_dags/example_task_group.py for tasks to queue
[2025-12-27T23:03:13.463+0530] {logging_mixin.py:188} INFO - [2025-12-27T23:03:13.463+0530] {dagbag.py:545} INFO - Filling up the DagBag from /home/sathya/projects/training-kit/.venv-airflow/lib/python3.10/site-packages/airflow/example_dags/example_task_group.py
[2025-12-27T23:03:13.469+0530] {processor.py:840} INFO - DAG(s) 'example_task_group' retrieved from /home/sathya/projects/training-kit/.venv-airflow/lib/python3.10/site-packages/airflow/example_dags/example_task_group.py
[2025-12-27T23:03:13.483+0530] {logging_mixin.py:188} INFO - [2025-12-27T23:03:13.483+0530] {dag.py:3089} INFO - Sync 1 DAGs
[2025-12-27T23:03:13.500+0530] {logging_mixin.py:188} INFO - [2025-12-27T23:03:13.500+0530] {dag.py:3947} INFO - Setting next_dagrun for example_task_group to 2025-12-27 00:00:00+00:00, run_after=2025-12-28 00:00:00+00:00
[2025-12-27T23:03:13.522+0530] {processor.py:183} INFO - Processing /home/sathya/projects/training-kit/.venv-airflow/lib/python3.10/site-packages/airflow/example_dags/example_task_group.py took 0.069 seconds
[2025-12-27T23:09:55.621+0530] {processor.py:161} INFO - Started process (PID=8576) to work on /home/sathya/projects/training-kit/.venv-airflow/lib/python3.10/site-packages/airflow/example_dags/example_task_group.py
[2025-12-27T23:09:55.622+0530] {processor.py:830} INFO - Processing file /home/sathya/projects/training-kit/.venv-airflow/lib/python3.10/site-packages/airflow/example_dags/example_task_group.py for tasks to queue
[2025-12-27T23:09:55.624+0530] {logging_mixin.py:188} INFO - [2025-12-27T23:09:55.623+0530] {dagbag.py:545} INFO - Filling up the DagBag from /home/sathya/projects/training-kit/.venv-airflow/lib/python3.10/site-packages/airflow/example_dags/example_task_group.py
[2025-12-27T23:09:55.631+0530] {processor.py:840} INFO - DAG(s) 'example_task_group' retrieved from /home/sathya/projects/training-kit/.venv-airflow/lib/python3.10/site-packages/airflow/example_dags/example_task_group.py
[2025-12-27T23:09:55.645+0530] {logging_mixin.py:188} INFO - [2025-12-27T23:09:55.645+0530] {dag.py:3089} INFO - Sync 1 DAGs
[2025-12-27T23:09:55.659+0530] {logging_mixin.py:188} INFO - [2025-12-27T23:09:55.659+0530] {dag.py:3947} INFO - Setting next_dagrun for example_task_group to 2025-12-27 00:00:00+00:00, run_after=2025-12-28 00:00:00+00:00
[2025-12-27T23:09:55.678+0530] {processor.py:183} INFO - Processing /home/sathya/projects/training-kit/.venv-airflow/lib/python3.10/site-packages/airflow/example_dags/example_task_group.py took 0.062 seconds
[2025-12-27T23:15:58.426+0530] {processor.py:161} INFO - Started process (PID=9095) to work on /home/sathya/projects/training-kit/.venv-airflow/lib/python3.10/site-packages/airflow/example_dags/example_task_group.py
[2025-12-27T23:15:58.433+0530] {processor.py:830} INFO - Processing file /home/sathya/projects/training-kit/.venv-airflow/lib/python3.10/site-packages/airflow/example_dags/example_task_group.py for tasks to queue
[2025-12-27T23:15:58.434+0530] {logging_mixin.py:188} INFO - [2025-12-27T23:15:58.434+0530] {dagbag.py:545} INFO - Filling up the DagBag from /home/sathya/projects/training-kit/.venv-airflow/lib/python3.10/site-packages/airflow/example_dags/example_task_group.py
[2025-12-27T23:15:58.440+0530] {processor.py:840} INFO - DAG(s) 'example_task_group' retrieved from /home/sathya/projects/training-kit/.venv-airflow/lib/python3.10/site-packages/airflow/example_dags/example_task_group.py
[2025-12-27T23:15:58.452+0530] {logging_mixin.py:188} INFO - [2025-12-27T23:15:58.452+0530] {dag.py:3089} INFO - Sync 1 DAGs
[2025-12-27T23:15:58.466+0530] {logging_mixin.py:188} INFO - [2025-12-27T23:15:58.466+0530] {dag.py:3947} INFO - Setting next_dagrun for example_task_group to 2025-12-27 00:00:00+00:00, run_after=2025-12-28 00:00:00+00:00
[2025-12-27T23:15:58.488+0530] {processor.py:183} INFO - Processing /home/sathya/projects/training-kit/.venv-airflow/lib/python3.10/site-packages/airflow/example_dags/example_task_group.py took 0.067 seconds
[2025-12-27T23:23:07.845+0530] {processor.py:161} INFO - Started process (PID=9886) to work on /home/sathya/projects/training-kit/.venv-airflow/lib/python3.10/site-packages/airflow/example_dags/example_task_group.py
[2025-12-27T23:23:07.846+0530] {processor.py:830} INFO - Processing file /home/sathya/projects/training-kit/.venv-airflow/lib/python3.10/site-packages/airflow/example_dags/example_task_group.py for tasks to queue
[2025-12-27T23:23:07.848+0530] {logging_mixin.py:188} INFO - [2025-12-27T23:23:07.847+0530] {dagbag.py:545} INFO - Filling up the DagBag from /home/sathya/projects/training-kit/.venv-airflow/lib/python3.10/site-packages/airflow/example_dags/example_task_group.py
[2025-12-27T23:23:07.857+0530] {processor.py:840} INFO - DAG(s) 'example_task_group' retrieved from /home/sathya/projects/training-kit/.venv-airflow/lib/python3.10/site-packages/airflow/example_dags/example_task_group.py
[2025-12-27T23:23:07.874+0530] {logging_mixin.py:188} INFO - [2025-12-27T23:23:07.874+0530] {dag.py:3089} INFO - Sync 1 DAGs
[2025-12-27T23:23:07.892+0530] {logging_mixin.py:188} INFO - [2025-12-27T23:23:07.892+0530] {dag.py:3947} INFO - Setting next_dagrun for example_task_group to 2025-12-27 00:00:00+00:00, run_after=2025-12-28 00:00:00+00:00
[2025-12-27T23:23:07.914+0530] {processor.py:183} INFO - Processing /home/sathya/projects/training-kit/.venv-airflow/lib/python3.10/site-packages/airflow/example_dags/example_task_group.py took 0.076 seconds
[2025-12-27T23:29:08.918+0530] {processor.py:161} INFO - Started process (PID=10568) to work on /home/sathya/projects/training-kit/.venv-airflow/lib/python3.10/site-packages/airflow/example_dags/example_task_group.py
[2025-12-27T23:29:08.919+0530] {processor.py:830} INFO - Processing file /home/sathya/projects/training-kit/.venv-airflow/lib/python3.10/site-packages/airflow/example_dags/example_task_group.py for tasks to queue
[2025-12-27T23:29:08.922+0530] {logging_mixin.py:188} INFO - [2025-12-27T23:29:08.921+0530] {dagbag.py:545} INFO - Filling up the DagBag from /home/sathya/projects/training-kit/.venv-airflow/lib/python3.10/site-packages/airflow/example_dags/example_task_group.py
[2025-12-27T23:29:08.946+0530] {processor.py:840} INFO - DAG(s) 'example_task_group' retrieved from /home/sathya/projects/training-kit/.venv-airflow/lib/python3.10/site-packages/airflow/example_dags/example_task_group.py
[2025-12-27T23:29:08.966+0530] {logging_mixin.py:188} INFO - [2025-12-27T23:29:08.966+0530] {dag.py:3089} INFO - Sync 1 DAGs
[2025-12-27T23:29:08.988+0530] {logging_mixin.py:188} INFO - [2025-12-27T23:29:08.988+0530] {dag.py:3947} INFO - Setting next_dagrun for example_task_group to 2025-12-27 00:00:00+00:00, run_after=2025-12-28 00:00:00+00:00
[2025-12-27T23:29:09.016+0530] {processor.py:183} INFO - Processing /home/sathya/projects/training-kit/.venv-airflow/lib/python3.10/site-packages/airflow/example_dags/example_task_group.py took 0.109 seconds
[2025-12-27T23:35:38.627+0530] {processor.py:161} INFO - Started process (PID=11312) to work on /home/sathya/projects/training-kit/.venv-airflow/lib/python3.10/site-packages/airflow/example_dags/example_task_group.py
[2025-12-27T23:35:38.628+0530] {processor.py:830} INFO - Processing file /home/sathya/projects/training-kit/.venv-airflow/lib/python3.10/site-packages/airflow/example_dags/example_task_group.py for tasks to queue
[2025-12-27T23:35:38.630+0530] {logging_mixin.py:188} INFO - [2025-12-27T23:35:38.629+0530] {dagbag.py:545} INFO - Filling up the DagBag from /home/sathya/projects/training-kit/.venv-airflow/lib/python3.10/site-packages/airflow/example_dags/example_task_group.py
[2025-12-27T23:35:38.637+0530] {processor.py:840} INFO - DAG(s) 'example_task_group' retrieved from /home/sathya/projects/training-kit/.venv-airflow/lib/python3.10/site-packages/airflow/example_dags/example_task_group.py
[2025-12-27T23:35:38.650+0530] {logging_mixin.py:188} INFO - [2025-12-27T23:35:38.650+0530] {dag.py:3089} INFO - Sync 1 DAGs
[2025-12-27T23:35:38.666+0530] {logging_mixin.py:188} INFO - [2025-12-27T23:35:38.665+0530] {dag.py:3947} INFO - Setting next_dagrun for example_task_group to 2025-12-27 00:00:00+00:00, run_after=2025-12-28 00:00:00+00:00
[2025-12-27T23:35:38.687+0530] {processor.py:183} INFO - Processing /home/sathya/projects/training-kit/.venv-airflow/lib/python3.10/site-packages/airflow/example_dags/example_task_group.py took 0.065 seconds
[2025-12-27T23:41:54.225+0530] {processor.py:161} INFO - Started process (PID=12024) to work on /home/sathya/projects/training-kit/.venv-airflow/lib/python3.10/site-packages/airflow/example_dags/example_task_group.py
[2025-12-27T23:41:54.231+0530] {processor.py:830} INFO - Processing file /home/sathya/projects/training-kit/.venv-airflow/lib/python3.10/site-packages/airflow/example_dags/example_task_group.py for tasks to queue
[2025-12-27T23:41:54.233+0530] {logging_mixin.py:188} INFO - [2025-12-27T23:41:54.233+0530] {dagbag.py:545} INFO - Filling up the DagBag from /home/sathya/projects/training-kit/.venv-airflow/lib/python3.10/site-packages/airflow/example_dags/example_task_group.py
[2025-12-27T23:41:54.239+0530] {processor.py:840} INFO - DAG(s) 'example_task_group' retrieved from /home/sathya/projects/training-kit/.venv-airflow/lib/python3.10/site-packages/airflow/example_dags/example_task_group.py
[2025-12-27T23:41:54.254+0530] {logging_mixin.py:188} INFO - [2025-12-27T23:41:54.254+0530] {dag.py:3089} INFO - Sync 1 DAGs
[2025-12-27T23:41:54.268+0530] {logging_mixin.py:188} INFO - [2025-12-27T23:41:54.268+0530] {dag.py:3947} INFO - Setting next_dagrun for example_task_group to 2025-12-27 00:00:00+00:00, run_after=2025-12-28 00:00:00+00:00
[2025-12-27T23:41:54.289+0530] {processor.py:183} INFO - Processing /home/sathya/projects/training-kit/.venv-airflow/lib/python3.10/site-packages/airflow/example_dags/example_task_group.py took 0.076 seconds
[2025-12-27T23:49:15.489+0530] {processor.py:161} INFO - Started process (PID=12807) to work on /home/sathya/projects/training-kit/.venv-airflow/lib/python3.10/site-packages/airflow/example_dags/example_task_group.py
[2025-12-27T23:49:15.490+0530] {processor.py:830} INFO - Processing file /home/sathya/projects/training-kit/.venv-airflow/lib/python3.10/site-packages/airflow/example_dags/example_task_group.py for tasks to queue
[2025-12-27T23:49:15.491+0530] {logging_mixin.py:188} INFO - [2025-12-27T23:49:15.491+0530] {dagbag.py:545} INFO - Filling up the DagBag from /home/sathya/projects/training-kit/.venv-airflow/lib/python3.10/site-packages/airflow/example_dags/example_task_group.py
[2025-12-27T23:49:15.498+0530] {processor.py:840} INFO - DAG(s) 'example_task_group' retrieved from /home/sathya/projects/training-kit/.venv-airflow/lib/python3.10/site-packages/airflow/example_dags/example_task_group.py
[2025-12-27T23:49:15.514+0530] {logging_mixin.py:188} INFO - [2025-12-27T23:49:15.514+0530] {dag.py:3089} INFO - Sync 1 DAGs
[2025-12-27T23:49:15.530+0530] {logging_mixin.py:188} INFO - [2025-12-27T23:49:15.530+0530] {dag.py:3947} INFO - Setting next_dagrun for example_task_group to 2025-12-27 00:00:00+00:00, run_after=2025-12-28 00:00:00+00:00
[2025-12-27T23:49:15.552+0530] {processor.py:183} INFO - Processing /home/sathya/projects/training-kit/.venv-airflow/lib/python3.10/site-packages/airflow/example_dags/example_task_group.py took 0.068 seconds
[2025-12-27T23:56:31.850+0530] {processor.py:161} INFO - Started process (PID=13611) to work on /home/sathya/projects/training-kit/.venv-airflow/lib/python3.10/site-packages/airflow/example_dags/example_task_group.py
[2025-12-27T23:56:31.851+0530] {processor.py:830} INFO - Processing file /home/sathya/projects/training-kit/.venv-airflow/lib/python3.10/site-packages/airflow/example_dags/example_task_group.py for tasks to queue
[2025-12-27T23:56:31.852+0530] {logging_mixin.py:188} INFO - [2025-12-27T23:56:31.852+0530] {dagbag.py:545} INFO - Filling up the DagBag from /home/sathya/projects/training-kit/.venv-airflow/lib/python3.10/site-packages/airflow/example_dags/example_task_group.py
[2025-12-27T23:56:31.862+0530] {processor.py:840} INFO - DAG(s) 'example_task_group' retrieved from /home/sathya/projects/training-kit/.venv-airflow/lib/python3.10/site-packages/airflow/example_dags/example_task_group.py
[2025-12-27T23:56:31.876+0530] {logging_mixin.py:188} INFO - [2025-12-27T23:56:31.876+0530] {dag.py:3089} INFO - Sync 1 DAGs
[2025-12-27T23:56:31.890+0530] {logging_mixin.py:188} INFO - [2025-12-27T23:56:31.890+0530] {dag.py:3947} INFO - Setting next_dagrun for example_task_group to 2025-12-27 00:00:00+00:00, run_after=2025-12-28 00:00:00+00:00
[2025-12-27T23:56:31.911+0530] {processor.py:183} INFO - Processing /home/sathya/projects/training-kit/.venv-airflow/lib/python3.10/site-packages/airflow/example_dags/example_task_group.py took 0.066 seconds
