[2025-12-27T19:24:01.581+0530] {processor.py:161} INFO - Started process (PID=1043) to work on /home/sathya/projects/training-kit/.venv-airflow/lib/python3.10/site-packages/airflow/example_dags/example_params_ui_tutorial.py
[2025-12-27T19:24:01.582+0530] {processor.py:830} INFO - Processing file /home/sathya/projects/training-kit/.venv-airflow/lib/python3.10/site-packages/airflow/example_dags/example_params_ui_tutorial.py for tasks to queue
[2025-12-27T19:24:01.584+0530] {logging_mixin.py:188} INFO - [2025-12-27T19:24:01.584+0530] {dagbag.py:545} INFO - Filling up the DagBag from /home/sathya/projects/training-kit/.venv-airflow/lib/python3.10/site-packages/airflow/example_dags/example_params_ui_tutorial.py
[2025-12-27T19:24:01.594+0530] {processor.py:840} INFO - DAG(s) 'example_params_ui_tutorial' retrieved from /home/sathya/projects/training-kit/.venv-airflow/lib/python3.10/site-packages/airflow/example_dags/example_params_ui_tutorial.py
[2025-12-27T19:24:01.867+0530] {logging_mixin.py:188} INFO - [2025-12-27T19:24:01.867+0530] {dag.py:3089} INFO - Sync 1 DAGs
[2025-12-27T19:24:01.879+0530] {logging_mixin.py:188} INFO - [2025-12-27T19:24:01.879+0530] {dag.py:3947} INFO - Setting next_dagrun for example_params_ui_tutorial to None, run_after=None
[2025-12-27T19:24:01.914+0530] {processor.py:183} INFO - Processing /home/sathya/projects/training-kit/.venv-airflow/lib/python3.10/site-packages/airflow/example_dags/example_params_ui_tutorial.py took 0.340 seconds
[2025-12-27T19:34:05.604+0530] {processor.py:161} INFO - Started process (PID=1401) to work on /home/sathya/projects/training-kit/.venv-airflow/lib/python3.10/site-packages/airflow/example_dags/example_params_ui_tutorial.py
[2025-12-27T19:34:05.608+0530] {processor.py:830} INFO - Processing file /home/sathya/projects/training-kit/.venv-airflow/lib/python3.10/site-packages/airflow/example_dags/example_params_ui_tutorial.py for tasks to queue
[2025-12-27T19:34:05.611+0530] {logging_mixin.py:188} INFO - [2025-12-27T19:34:05.610+0530] {dagbag.py:545} INFO - Filling up the DagBag from /home/sathya/projects/training-kit/.venv-airflow/lib/python3.10/site-packages/airflow/example_dags/example_params_ui_tutorial.py
[2025-12-27T19:34:05.623+0530] {processor.py:840} INFO - DAG(s) 'example_params_ui_tutorial' retrieved from /home/sathya/projects/training-kit/.venv-airflow/lib/python3.10/site-packages/airflow/example_dags/example_params_ui_tutorial.py
[2025-12-27T19:34:05.792+0530] {logging_mixin.py:188} INFO - [2025-12-27T19:34:05.792+0530] {dag.py:3089} INFO - Sync 1 DAGs
[2025-12-27T19:34:05.803+0530] {logging_mixin.py:188} INFO - [2025-12-27T19:34:05.803+0530] {dag.py:3947} INFO - Setting next_dagrun for example_params_ui_tutorial to None, run_after=None
[2025-12-27T19:34:05.835+0530] {processor.py:183} INFO - Processing /home/sathya/projects/training-kit/.venv-airflow/lib/python3.10/site-packages/airflow/example_dags/example_params_ui_tutorial.py took 0.241 seconds
[2025-12-27T19:42:48.560+0530] {processor.py:161} INFO - Started process (PID=1728) to work on /home/sathya/projects/training-kit/.venv-airflow/lib/python3.10/site-packages/airflow/example_dags/example_params_ui_tutorial.py
[2025-12-27T19:42:48.565+0530] {processor.py:830} INFO - Processing file /home/sathya/projects/training-kit/.venv-airflow/lib/python3.10/site-packages/airflow/example_dags/example_params_ui_tutorial.py for tasks to queue
[2025-12-27T19:42:48.567+0530] {logging_mixin.py:188} INFO - [2025-12-27T19:42:48.567+0530] {dagbag.py:545} INFO - Filling up the DagBag from /home/sathya/projects/training-kit/.venv-airflow/lib/python3.10/site-packages/airflow/example_dags/example_params_ui_tutorial.py
[2025-12-27T19:42:48.576+0530] {processor.py:840} INFO - DAG(s) 'example_params_ui_tutorial' retrieved from /home/sathya/projects/training-kit/.venv-airflow/lib/python3.10/site-packages/airflow/example_dags/example_params_ui_tutorial.py
[2025-12-27T19:42:48.616+0530] {logging_mixin.py:188} INFO - [2025-12-27T19:42:48.616+0530] {dag.py:3089} INFO - Sync 1 DAGs
[2025-12-27T19:42:48.630+0530] {logging_mixin.py:188} INFO - [2025-12-27T19:42:48.630+0530] {dag.py:3947} INFO - Setting next_dagrun for example_params_ui_tutorial to None, run_after=None
[2025-12-27T19:42:48.662+0530] {processor.py:183} INFO - Processing /home/sathya/projects/training-kit/.venv-airflow/lib/python3.10/site-packages/airflow/example_dags/example_params_ui_tutorial.py took 0.110 seconds
[2025-12-27T19:51:48.989+0530] {processor.py:161} INFO - Started process (PID=2073) to work on /home/sathya/projects/training-kit/.venv-airflow/lib/python3.10/site-packages/airflow/example_dags/example_params_ui_tutorial.py
[2025-12-27T19:51:48.995+0530] {processor.py:830} INFO - Processing file /home/sathya/projects/training-kit/.venv-airflow/lib/python3.10/site-packages/airflow/example_dags/example_params_ui_tutorial.py for tasks to queue
[2025-12-27T19:51:48.997+0530] {logging_mixin.py:188} INFO - [2025-12-27T19:51:48.996+0530] {dagbag.py:545} INFO - Filling up the DagBag from /home/sathya/projects/training-kit/.venv-airflow/lib/python3.10/site-packages/airflow/example_dags/example_params_ui_tutorial.py
[2025-12-27T19:51:49.005+0530] {processor.py:840} INFO - DAG(s) 'example_params_ui_tutorial' retrieved from /home/sathya/projects/training-kit/.venv-airflow/lib/python3.10/site-packages/airflow/example_dags/example_params_ui_tutorial.py
[2025-12-27T19:51:49.048+0530] {logging_mixin.py:188} INFO - [2025-12-27T19:51:49.048+0530] {dag.py:3089} INFO - Sync 1 DAGs
[2025-12-27T19:51:49.060+0530] {logging_mixin.py:188} INFO - [2025-12-27T19:51:49.060+0530] {dag.py:3947} INFO - Setting next_dagrun for example_params_ui_tutorial to None, run_after=None
[2025-12-27T19:51:49.102+0530] {processor.py:183} INFO - Processing /home/sathya/projects/training-kit/.venv-airflow/lib/python3.10/site-packages/airflow/example_dags/example_params_ui_tutorial.py took 0.120 seconds
[2025-12-27T19:59:36.351+0530] {processor.py:161} INFO - Started process (PID=2382) to work on /home/sathya/projects/training-kit/.venv-airflow/lib/python3.10/site-packages/airflow/example_dags/example_params_ui_tutorial.py
[2025-12-27T19:59:36.353+0530] {processor.py:830} INFO - Processing file /home/sathya/projects/training-kit/.venv-airflow/lib/python3.10/site-packages/airflow/example_dags/example_params_ui_tutorial.py for tasks to queue
[2025-12-27T19:59:36.355+0530] {logging_mixin.py:188} INFO - [2025-12-27T19:59:36.355+0530] {dagbag.py:545} INFO - Filling up the DagBag from /home/sathya/projects/training-kit/.venv-airflow/lib/python3.10/site-packages/airflow/example_dags/example_params_ui_tutorial.py
[2025-12-27T19:59:36.363+0530] {processor.py:840} INFO - DAG(s) 'example_params_ui_tutorial' retrieved from /home/sathya/projects/training-kit/.venv-airflow/lib/python3.10/site-packages/airflow/example_dags/example_params_ui_tutorial.py
[2025-12-27T19:59:36.408+0530] {logging_mixin.py:188} INFO - [2025-12-27T19:59:36.407+0530] {dag.py:3089} INFO - Sync 1 DAGs
[2025-12-27T19:59:36.420+0530] {logging_mixin.py:188} INFO - [2025-12-27T19:59:36.420+0530] {dag.py:3947} INFO - Setting next_dagrun for example_params_ui_tutorial to None, run_after=None
[2025-12-27T19:59:36.465+0530] {processor.py:183} INFO - Processing /home/sathya/projects/training-kit/.venv-airflow/lib/python3.10/site-packages/airflow/example_dags/example_params_ui_tutorial.py took 0.129 seconds
[2025-12-27T20:08:07.191+0530] {processor.py:161} INFO - Started process (PID=2736) to work on /home/sathya/projects/training-kit/.venv-airflow/lib/python3.10/site-packages/airflow/example_dags/example_params_ui_tutorial.py
[2025-12-27T20:08:07.192+0530] {processor.py:830} INFO - Processing file /home/sathya/projects/training-kit/.venv-airflow/lib/python3.10/site-packages/airflow/example_dags/example_params_ui_tutorial.py for tasks to queue
[2025-12-27T20:08:07.194+0530] {logging_mixin.py:188} INFO - [2025-12-27T20:08:07.194+0530] {dagbag.py:545} INFO - Filling up the DagBag from /home/sathya/projects/training-kit/.venv-airflow/lib/python3.10/site-packages/airflow/example_dags/example_params_ui_tutorial.py
[2025-12-27T20:08:07.205+0530] {processor.py:840} INFO - DAG(s) 'example_params_ui_tutorial' retrieved from /home/sathya/projects/training-kit/.venv-airflow/lib/python3.10/site-packages/airflow/example_dags/example_params_ui_tutorial.py
[2025-12-27T20:08:07.256+0530] {logging_mixin.py:188} INFO - [2025-12-27T20:08:07.256+0530] {dag.py:3089} INFO - Sync 1 DAGs
[2025-12-27T20:08:07.266+0530] {logging_mixin.py:188} INFO - [2025-12-27T20:08:07.266+0530] {dag.py:3947} INFO - Setting next_dagrun for example_params_ui_tutorial to None, run_after=None
[2025-12-27T20:08:07.294+0530] {processor.py:183} INFO - Processing /home/sathya/projects/training-kit/.venv-airflow/lib/python3.10/site-packages/airflow/example_dags/example_params_ui_tutorial.py took 0.113 seconds
[2025-12-27T20:15:41.004+0530] {processor.py:161} INFO - Started process (PID=3069) to work on /home/sathya/projects/training-kit/.venv-airflow/lib/python3.10/site-packages/airflow/example_dags/example_params_ui_tutorial.py
[2025-12-27T20:15:41.010+0530] {processor.py:830} INFO - Processing file /home/sathya/projects/training-kit/.venv-airflow/lib/python3.10/site-packages/airflow/example_dags/example_params_ui_tutorial.py for tasks to queue
[2025-12-27T20:15:41.012+0530] {logging_mixin.py:188} INFO - [2025-12-27T20:15:41.012+0530] {dagbag.py:545} INFO - Filling up the DagBag from /home/sathya/projects/training-kit/.venv-airflow/lib/python3.10/site-packages/airflow/example_dags/example_params_ui_tutorial.py
[2025-12-27T20:15:41.019+0530] {processor.py:840} INFO - DAG(s) 'example_params_ui_tutorial' retrieved from /home/sathya/projects/training-kit/.venv-airflow/lib/python3.10/site-packages/airflow/example_dags/example_params_ui_tutorial.py
[2025-12-27T20:15:41.057+0530] {logging_mixin.py:188} INFO - [2025-12-27T20:15:41.057+0530] {dag.py:3089} INFO - Sync 1 DAGs
[2025-12-27T20:15:41.067+0530] {logging_mixin.py:188} INFO - [2025-12-27T20:15:41.067+0530] {dag.py:3947} INFO - Setting next_dagrun for example_params_ui_tutorial to None, run_after=None
[2025-12-27T20:15:41.095+0530] {processor.py:183} INFO - Processing /home/sathya/projects/training-kit/.venv-airflow/lib/python3.10/site-packages/airflow/example_dags/example_params_ui_tutorial.py took 0.097 seconds
[2025-12-27T20:29:15.923+0530] {processor.py:161} INFO - Started process (PID=3646) to work on /home/sathya/projects/training-kit/.venv-airflow/lib/python3.10/site-packages/airflow/example_dags/example_params_ui_tutorial.py
[2025-12-27T20:29:15.925+0530] {processor.py:830} INFO - Processing file /home/sathya/projects/training-kit/.venv-airflow/lib/python3.10/site-packages/airflow/example_dags/example_params_ui_tutorial.py for tasks to queue
[2025-12-27T20:29:15.927+0530] {logging_mixin.py:188} INFO - [2025-12-27T20:29:15.926+0530] {dagbag.py:545} INFO - Filling up the DagBag from /home/sathya/projects/training-kit/.venv-airflow/lib/python3.10/site-packages/airflow/example_dags/example_params_ui_tutorial.py
[2025-12-27T20:29:15.938+0530] {processor.py:840} INFO - DAG(s) 'example_params_ui_tutorial' retrieved from /home/sathya/projects/training-kit/.venv-airflow/lib/python3.10/site-packages/airflow/example_dags/example_params_ui_tutorial.py
[2025-12-27T20:29:15.986+0530] {logging_mixin.py:188} INFO - [2025-12-27T20:29:15.986+0530] {dag.py:3089} INFO - Sync 1 DAGs
[2025-12-27T20:29:15.998+0530] {logging_mixin.py:188} INFO - [2025-12-27T20:29:15.998+0530] {dag.py:3947} INFO - Setting next_dagrun for example_params_ui_tutorial to None, run_after=None
[2025-12-27T20:29:16.024+0530] {processor.py:183} INFO - Processing /home/sathya/projects/training-kit/.venv-airflow/lib/python3.10/site-packages/airflow/example_dags/example_params_ui_tutorial.py took 0.108 seconds
[2025-12-27T20:36:38.164+0530] {processor.py:161} INFO - Started process (PID=3961) to work on /home/sathya/projects/training-kit/.venv-airflow/lib/python3.10/site-packages/airflow/example_dags/example_params_ui_tutorial.py
[2025-12-27T20:36:38.166+0530] {processor.py:830} INFO - Processing file /home/sathya/projects/training-kit/.venv-airflow/lib/python3.10/site-packages/airflow/example_dags/example_params_ui_tutorial.py for tasks to queue
[2025-12-27T20:36:38.168+0530] {logging_mixin.py:188} INFO - [2025-12-27T20:36:38.168+0530] {dagbag.py:545} INFO - Filling up the DagBag from /home/sathya/projects/training-kit/.venv-airflow/lib/python3.10/site-packages/airflow/example_dags/example_params_ui_tutorial.py
[2025-12-27T20:36:38.186+0530] {processor.py:840} INFO - DAG(s) 'example_params_ui_tutorial' retrieved from /home/sathya/projects/training-kit/.venv-airflow/lib/python3.10/site-packages/airflow/example_dags/example_params_ui_tutorial.py
[2025-12-27T20:36:38.238+0530] {logging_mixin.py:188} INFO - [2025-12-27T20:36:38.238+0530] {dag.py:3089} INFO - Sync 1 DAGs
[2025-12-27T20:36:38.252+0530] {logging_mixin.py:188} INFO - [2025-12-27T20:36:38.252+0530] {dag.py:3947} INFO - Setting next_dagrun for example_params_ui_tutorial to None, run_after=None
[2025-12-27T20:36:38.279+0530] {processor.py:183} INFO - Processing /home/sathya/projects/training-kit/.venv-airflow/lib/python3.10/site-packages/airflow/example_dags/example_params_ui_tutorial.py took 0.124 seconds
[2025-12-27T20:44:08.813+0530] {processor.py:161} INFO - Started process (PID=4267) to work on /home/sathya/projects/training-kit/.venv-airflow/lib/python3.10/site-packages/airflow/example_dags/example_params_ui_tutorial.py
[2025-12-27T20:44:08.815+0530] {processor.py:830} INFO - Processing file /home/sathya/projects/training-kit/.venv-airflow/lib/python3.10/site-packages/airflow/example_dags/example_params_ui_tutorial.py for tasks to queue
[2025-12-27T20:44:08.817+0530] {logging_mixin.py:188} INFO - [2025-12-27T20:44:08.817+0530] {dagbag.py:545} INFO - Filling up the DagBag from /home/sathya/projects/training-kit/.venv-airflow/lib/python3.10/site-packages/airflow/example_dags/example_params_ui_tutorial.py
[2025-12-27T20:44:08.828+0530] {processor.py:840} INFO - DAG(s) 'example_params_ui_tutorial' retrieved from /home/sathya/projects/training-kit/.venv-airflow/lib/python3.10/site-packages/airflow/example_dags/example_params_ui_tutorial.py
[2025-12-27T20:44:08.878+0530] {logging_mixin.py:188} INFO - [2025-12-27T20:44:08.877+0530] {dag.py:3089} INFO - Sync 1 DAGs
[2025-12-27T20:44:08.898+0530] {logging_mixin.py:188} INFO - [2025-12-27T20:44:08.898+0530] {dag.py:3947} INFO - Setting next_dagrun for example_params_ui_tutorial to None, run_after=None
[2025-12-27T20:44:08.932+0530] {processor.py:183} INFO - Processing /home/sathya/projects/training-kit/.venv-airflow/lib/python3.10/site-packages/airflow/example_dags/example_params_ui_tutorial.py took 0.131 seconds
[2025-12-27T20:52:06.021+0530] {processor.py:161} INFO - Started process (PID=4606) to work on /home/sathya/projects/training-kit/.venv-airflow/lib/python3.10/site-packages/airflow/example_dags/example_params_ui_tutorial.py
[2025-12-27T20:52:06.024+0530] {processor.py:830} INFO - Processing file /home/sathya/projects/training-kit/.venv-airflow/lib/python3.10/site-packages/airflow/example_dags/example_params_ui_tutorial.py for tasks to queue
[2025-12-27T20:52:06.026+0530] {logging_mixin.py:188} INFO - [2025-12-27T20:52:06.025+0530] {dagbag.py:545} INFO - Filling up the DagBag from /home/sathya/projects/training-kit/.venv-airflow/lib/python3.10/site-packages/airflow/example_dags/example_params_ui_tutorial.py
[2025-12-27T20:52:06.034+0530] {processor.py:840} INFO - DAG(s) 'example_params_ui_tutorial' retrieved from /home/sathya/projects/training-kit/.venv-airflow/lib/python3.10/site-packages/airflow/example_dags/example_params_ui_tutorial.py
[2025-12-27T20:52:06.085+0530] {logging_mixin.py:188} INFO - [2025-12-27T20:52:06.085+0530] {dag.py:3089} INFO - Sync 1 DAGs
[2025-12-27T20:52:06.097+0530] {logging_mixin.py:188} INFO - [2025-12-27T20:52:06.097+0530] {dag.py:3947} INFO - Setting next_dagrun for example_params_ui_tutorial to None, run_after=None
[2025-12-27T20:52:06.132+0530] {processor.py:183} INFO - Processing /home/sathya/projects/training-kit/.venv-airflow/lib/python3.10/site-packages/airflow/example_dags/example_params_ui_tutorial.py took 0.120 seconds
[2025-12-27T21:55:40.665+0530] {processor.py:161} INFO - Started process (PID=5106) to work on /home/sathya/projects/training-kit/.venv-airflow/lib/python3.10/site-packages/airflow/example_dags/example_params_ui_tutorial.py
[2025-12-27T21:55:40.668+0530] {processor.py:830} INFO - Processing file /home/sathya/projects/training-kit/.venv-airflow/lib/python3.10/site-packages/airflow/example_dags/example_params_ui_tutorial.py for tasks to queue
[2025-12-27T21:55:40.670+0530] {logging_mixin.py:188} INFO - [2025-12-27T21:55:40.669+0530] {dagbag.py:545} INFO - Filling up the DagBag from /home/sathya/projects/training-kit/.venv-airflow/lib/python3.10/site-packages/airflow/example_dags/example_params_ui_tutorial.py
[2025-12-27T21:55:40.678+0530] {processor.py:840} INFO - DAG(s) 'example_params_ui_tutorial' retrieved from /home/sathya/projects/training-kit/.venv-airflow/lib/python3.10/site-packages/airflow/example_dags/example_params_ui_tutorial.py
[2025-12-27T21:55:40.718+0530] {logging_mixin.py:188} INFO - [2025-12-27T21:55:40.718+0530] {dag.py:3089} INFO - Sync 1 DAGs
[2025-12-27T21:55:40.728+0530] {logging_mixin.py:188} INFO - [2025-12-27T21:55:40.728+0530] {dag.py:3947} INFO - Setting next_dagrun for example_params_ui_tutorial to None, run_after=None
[2025-12-27T21:55:40.761+0530] {processor.py:183} INFO - Processing /home/sathya/projects/training-kit/.venv-airflow/lib/python3.10/site-packages/airflow/example_dags/example_params_ui_tutorial.py took 0.104 seconds
[2025-12-27T22:04:03.865+0530] {processor.py:161} INFO - Started process (PID=5493) to work on /home/sathya/projects/training-kit/.venv-airflow/lib/python3.10/site-packages/airflow/example_dags/example_params_ui_tutorial.py
[2025-12-27T22:04:03.868+0530] {processor.py:830} INFO - Processing file /home/sathya/projects/training-kit/.venv-airflow/lib/python3.10/site-packages/airflow/example_dags/example_params_ui_tutorial.py for tasks to queue
[2025-12-27T22:04:03.874+0530] {logging_mixin.py:188} INFO - [2025-12-27T22:04:03.872+0530] {dagbag.py:545} INFO - Filling up the DagBag from /home/sathya/projects/training-kit/.venv-airflow/lib/python3.10/site-packages/airflow/example_dags/example_params_ui_tutorial.py
[2025-12-27T22:04:03.897+0530] {processor.py:840} INFO - DAG(s) 'example_params_ui_tutorial' retrieved from /home/sathya/projects/training-kit/.venv-airflow/lib/python3.10/site-packages/airflow/example_dags/example_params_ui_tutorial.py
[2025-12-27T22:04:03.995+0530] {logging_mixin.py:188} INFO - [2025-12-27T22:04:03.994+0530] {dag.py:3089} INFO - Sync 1 DAGs
[2025-12-27T22:04:04.026+0530] {logging_mixin.py:188} INFO - [2025-12-27T22:04:04.025+0530] {dag.py:3947} INFO - Setting next_dagrun for example_params_ui_tutorial to None, run_after=None
[2025-12-27T22:04:04.087+0530] {processor.py:183} INFO - Processing /home/sathya/projects/training-kit/.venv-airflow/lib/python3.10/site-packages/airflow/example_dags/example_params_ui_tutorial.py took 0.237 seconds
[2025-12-27T22:24:24.942+0530] {processor.py:161} INFO - Started process (PID=6019) to work on /home/sathya/projects/training-kit/.venv-airflow/lib/python3.10/site-packages/airflow/example_dags/example_params_ui_tutorial.py
[2025-12-27T22:24:24.952+0530] {processor.py:830} INFO - Processing file /home/sathya/projects/training-kit/.venv-airflow/lib/python3.10/site-packages/airflow/example_dags/example_params_ui_tutorial.py for tasks to queue
[2025-12-27T22:24:24.956+0530] {logging_mixin.py:188} INFO - [2025-12-27T22:24:24.955+0530] {dagbag.py:545} INFO - Filling up the DagBag from /home/sathya/projects/training-kit/.venv-airflow/lib/python3.10/site-packages/airflow/example_dags/example_params_ui_tutorial.py
[2025-12-27T22:24:24.974+0530] {processor.py:840} INFO - DAG(s) 'example_params_ui_tutorial' retrieved from /home/sathya/projects/training-kit/.venv-airflow/lib/python3.10/site-packages/airflow/example_dags/example_params_ui_tutorial.py
[2025-12-27T22:24:25.073+0530] {logging_mixin.py:188} INFO - [2025-12-27T22:24:25.072+0530] {dag.py:3089} INFO - Sync 1 DAGs
[2025-12-27T22:24:25.100+0530] {logging_mixin.py:188} INFO - [2025-12-27T22:24:25.099+0530] {dag.py:3947} INFO - Setting next_dagrun for example_params_ui_tutorial to None, run_after=None
[2025-12-27T22:24:25.155+0530] {processor.py:183} INFO - Processing /home/sathya/projects/training-kit/.venv-airflow/lib/python3.10/site-packages/airflow/example_dags/example_params_ui_tutorial.py took 0.228 seconds
[2025-12-27T22:33:09.708+0530] {processor.py:161} INFO - Started process (PID=6362) to work on /home/sathya/projects/training-kit/.venv-airflow/lib/python3.10/site-packages/airflow/example_dags/example_params_ui_tutorial.py
[2025-12-27T22:33:09.709+0530] {processor.py:830} INFO - Processing file /home/sathya/projects/training-kit/.venv-airflow/lib/python3.10/site-packages/airflow/example_dags/example_params_ui_tutorial.py for tasks to queue
[2025-12-27T22:33:09.710+0530] {logging_mixin.py:188} INFO - [2025-12-27T22:33:09.710+0530] {dagbag.py:545} INFO - Filling up the DagBag from /home/sathya/projects/training-kit/.venv-airflow/lib/python3.10/site-packages/airflow/example_dags/example_params_ui_tutorial.py
[2025-12-27T22:33:09.717+0530] {processor.py:840} INFO - DAG(s) 'example_params_ui_tutorial' retrieved from /home/sathya/projects/training-kit/.venv-airflow/lib/python3.10/site-packages/airflow/example_dags/example_params_ui_tutorial.py
[2025-12-27T22:33:09.745+0530] {logging_mixin.py:188} INFO - [2025-12-27T22:33:09.744+0530] {dag.py:3089} INFO - Sync 1 DAGs
[2025-12-27T22:33:09.754+0530] {logging_mixin.py:188} INFO - [2025-12-27T22:33:09.753+0530] {dag.py:3947} INFO - Setting next_dagrun for example_params_ui_tutorial to None, run_after=None
[2025-12-27T22:33:09.776+0530] {processor.py:183} INFO - Processing /home/sathya/projects/training-kit/.venv-airflow/lib/python3.10/site-packages/airflow/example_dags/example_params_ui_tutorial.py took 0.075 seconds
[2025-12-27T22:37:52.701+0530] {processor.py:161} INFO - Started process (PID=6681) to work on /home/sathya/projects/training-kit/.venv-airflow/lib/python3.10/site-packages/airflow/example_dags/example_params_ui_tutorial.py
[2025-12-27T22:37:52.703+0530] {processor.py:830} INFO - Processing file /home/sathya/projects/training-kit/.venv-airflow/lib/python3.10/site-packages/airflow/example_dags/example_params_ui_tutorial.py for tasks to queue
[2025-12-27T22:37:52.704+0530] {logging_mixin.py:188} INFO - [2025-12-27T22:37:52.704+0530] {dagbag.py:545} INFO - Filling up the DagBag from /home/sathya/projects/training-kit/.venv-airflow/lib/python3.10/site-packages/airflow/example_dags/example_params_ui_tutorial.py
[2025-12-27T22:37:52.709+0530] {processor.py:840} INFO - DAG(s) 'example_params_ui_tutorial' retrieved from /home/sathya/projects/training-kit/.venv-airflow/lib/python3.10/site-packages/airflow/example_dags/example_params_ui_tutorial.py
[2025-12-27T22:37:52.736+0530] {logging_mixin.py:188} INFO - [2025-12-27T22:37:52.736+0530] {dag.py:3089} INFO - Sync 1 DAGs
[2025-12-27T22:37:52.743+0530] {logging_mixin.py:188} INFO - [2025-12-27T22:37:52.743+0530] {dag.py:3947} INFO - Setting next_dagrun for example_params_ui_tutorial to None, run_after=None
[2025-12-27T22:37:52.765+0530] {processor.py:183} INFO - Processing /home/sathya/projects/training-kit/.venv-airflow/lib/python3.10/site-packages/airflow/example_dags/example_params_ui_tutorial.py took 0.071 seconds
[2025-12-27T22:49:29.497+0530] {processor.py:161} INFO - Started process (PID=7292) to work on /home/sathya/projects/training-kit/.venv-airflow/lib/python3.10/site-packages/airflow/example_dags/example_params_ui_tutorial.py
[2025-12-27T22:49:29.498+0530] {processor.py:830} INFO - Processing file /home/sathya/projects/training-kit/.venv-airflow/lib/python3.10/site-packages/airflow/example_dags/example_params_ui_tutorial.py for tasks to queue
[2025-12-27T22:49:29.500+0530] {logging_mixin.py:188} INFO - [2025-12-27T22:49:29.499+0530] {dagbag.py:545} INFO - Filling up the DagBag from /home/sathya/projects/training-kit/.venv-airflow/lib/python3.10/site-packages/airflow/example_dags/example_params_ui_tutorial.py
[2025-12-27T22:49:29.505+0530] {processor.py:840} INFO - DAG(s) 'example_params_ui_tutorial' retrieved from /home/sathya/projects/training-kit/.venv-airflow/lib/python3.10/site-packages/airflow/example_dags/example_params_ui_tutorial.py
[2025-12-27T22:49:29.533+0530] {logging_mixin.py:188} INFO - [2025-12-27T22:49:29.533+0530] {dag.py:3089} INFO - Sync 1 DAGs
[2025-12-27T22:49:29.541+0530] {logging_mixin.py:188} INFO - [2025-12-27T22:49:29.540+0530] {dag.py:3947} INFO - Setting next_dagrun for example_params_ui_tutorial to None, run_after=None
[2025-12-27T22:49:29.560+0530] {processor.py:183} INFO - Processing /home/sathya/projects/training-kit/.venv-airflow/lib/python3.10/site-packages/airflow/example_dags/example_params_ui_tutorial.py took 0.068 seconds
[2025-12-27T23:01:53.199+0530] {processor.py:161} INFO - Started process (PID=8054) to work on /home/sathya/projects/training-kit/.venv-airflow/lib/python3.10/site-packages/airflow/example_dags/example_params_ui_tutorial.py
[2025-12-27T23:01:53.204+0530] {processor.py:830} INFO - Processing file /home/sathya/projects/training-kit/.venv-airflow/lib/python3.10/site-packages/airflow/example_dags/example_params_ui_tutorial.py for tasks to queue
[2025-12-27T23:01:53.206+0530] {logging_mixin.py:188} INFO - [2025-12-27T23:01:53.205+0530] {dagbag.py:545} INFO - Filling up the DagBag from /home/sathya/projects/training-kit/.venv-airflow/lib/python3.10/site-packages/airflow/example_dags/example_params_ui_tutorial.py
[2025-12-27T23:01:53.212+0530] {processor.py:840} INFO - DAG(s) 'example_params_ui_tutorial' retrieved from /home/sathya/projects/training-kit/.venv-airflow/lib/python3.10/site-packages/airflow/example_dags/example_params_ui_tutorial.py
[2025-12-27T23:01:53.244+0530] {logging_mixin.py:188} INFO - [2025-12-27T23:01:53.244+0530] {dag.py:3089} INFO - Sync 1 DAGs
[2025-12-27T23:01:53.253+0530] {logging_mixin.py:188} INFO - [2025-12-27T23:01:53.253+0530] {dag.py:3947} INFO - Setting next_dagrun for example_params_ui_tutorial to None, run_after=None
[2025-12-27T23:01:53.271+0530] {processor.py:183} INFO - Processing /home/sathya/projects/training-kit/.venv-airflow/lib/python3.10/site-packages/airflow/example_dags/example_params_ui_tutorial.py took 0.079 seconds
[2025-12-27T23:07:58.790+0530] {processor.py:161} INFO - Started process (PID=8434) to work on /home/sathya/projects/training-kit/.venv-airflow/lib/python3.10/site-packages/airflow/example_dags/example_params_ui_tutorial.py
[2025-12-27T23:07:58.791+0530] {processor.py:830} INFO - Processing file /home/sathya/projects/training-kit/.venv-airflow/lib/python3.10/site-packages/airflow/example_dags/example_params_ui_tutorial.py for tasks to queue
[2025-12-27T23:07:58.793+0530] {logging_mixin.py:188} INFO - [2025-12-27T23:07:58.792+0530] {dagbag.py:545} INFO - Filling up the DagBag from /home/sathya/projects/training-kit/.venv-airflow/lib/python3.10/site-packages/airflow/example_dags/example_params_ui_tutorial.py
[2025-12-27T23:07:58.799+0530] {processor.py:840} INFO - DAG(s) 'example_params_ui_tutorial' retrieved from /home/sathya/projects/training-kit/.venv-airflow/lib/python3.10/site-packages/airflow/example_dags/example_params_ui_tutorial.py
[2025-12-27T23:07:58.828+0530] {logging_mixin.py:188} INFO - [2025-12-27T23:07:58.827+0530] {dag.py:3089} INFO - Sync 1 DAGs
[2025-12-27T23:07:58.835+0530] {logging_mixin.py:188} INFO - [2025-12-27T23:07:58.835+0530] {dag.py:3947} INFO - Setting next_dagrun for example_params_ui_tutorial to None, run_after=None
[2025-12-27T23:07:58.856+0530] {processor.py:183} INFO - Processing /home/sathya/projects/training-kit/.venv-airflow/lib/python3.10/site-packages/airflow/example_dags/example_params_ui_tutorial.py took 0.072 seconds
[2025-12-27T23:15:25.029+0530] {processor.py:161} INFO - Started process (PID=9013) to work on /home/sathya/projects/training-kit/.venv-airflow/lib/python3.10/site-packages/airflow/example_dags/example_params_ui_tutorial.py
[2025-12-27T23:15:25.030+0530] {processor.py:830} INFO - Processing file /home/sathya/projects/training-kit/.venv-airflow/lib/python3.10/site-packages/airflow/example_dags/example_params_ui_tutorial.py for tasks to queue
[2025-12-27T23:15:25.031+0530] {logging_mixin.py:188} INFO - [2025-12-27T23:15:25.031+0530] {dagbag.py:545} INFO - Filling up the DagBag from /home/sathya/projects/training-kit/.venv-airflow/lib/python3.10/site-packages/airflow/example_dags/example_params_ui_tutorial.py
[2025-12-27T23:15:25.037+0530] {processor.py:840} INFO - DAG(s) 'example_params_ui_tutorial' retrieved from /home/sathya/projects/training-kit/.venv-airflow/lib/python3.10/site-packages/airflow/example_dags/example_params_ui_tutorial.py
[2025-12-27T23:15:25.067+0530] {logging_mixin.py:188} INFO - [2025-12-27T23:15:25.067+0530] {dag.py:3089} INFO - Sync 1 DAGs
[2025-12-27T23:15:25.076+0530] {logging_mixin.py:188} INFO - [2025-12-27T23:15:25.076+0530] {dag.py:3947} INFO - Setting next_dagrun for example_params_ui_tutorial to None, run_after=None
[2025-12-27T23:15:25.096+0530] {processor.py:183} INFO - Processing /home/sathya/projects/training-kit/.venv-airflow/lib/python3.10/site-packages/airflow/example_dags/example_params_ui_tutorial.py took 0.073 seconds
[2025-12-27T23:27:43.305+0530] {processor.py:161} INFO - Started process (PID=10425) to work on /home/sathya/projects/training-kit/.venv-airflow/lib/python3.10/site-packages/airflow/example_dags/example_params_ui_tutorial.py
[2025-12-27T23:27:43.308+0530] {processor.py:830} INFO - Processing file /home/sathya/projects/training-kit/.venv-airflow/lib/python3.10/site-packages/airflow/example_dags/example_params_ui_tutorial.py for tasks to queue
[2025-12-27T23:27:43.315+0530] {logging_mixin.py:188} INFO - [2025-12-27T23:27:43.312+0530] {dagbag.py:545} INFO - Filling up the DagBag from /home/sathya/projects/training-kit/.venv-airflow/lib/python3.10/site-packages/airflow/example_dags/example_params_ui_tutorial.py
[2025-12-27T23:27:43.333+0530] {processor.py:840} INFO - DAG(s) 'example_params_ui_tutorial' retrieved from /home/sathya/projects/training-kit/.venv-airflow/lib/python3.10/site-packages/airflow/example_dags/example_params_ui_tutorial.py
[2025-12-27T23:27:43.383+0530] {logging_mixin.py:188} INFO - [2025-12-27T23:27:43.382+0530] {dag.py:3089} INFO - Sync 1 DAGs
[2025-12-27T23:27:43.393+0530] {logging_mixin.py:188} INFO - [2025-12-27T23:27:43.391+0530] {dag.py:3947} INFO - Setting next_dagrun for example_params_ui_tutorial to None, run_after=None
[2025-12-27T23:27:43.418+0530] {processor.py:183} INFO - Processing /home/sathya/projects/training-kit/.venv-airflow/lib/python3.10/site-packages/airflow/example_dags/example_params_ui_tutorial.py took 0.131 seconds
[2025-12-27T23:34:03.001+0530] {processor.py:161} INFO - Started process (PID=11145) to work on /home/sathya/projects/training-kit/.venv-airflow/lib/python3.10/site-packages/airflow/example_dags/example_params_ui_tutorial.py
[2025-12-27T23:34:03.003+0530] {processor.py:830} INFO - Processing file /home/sathya/projects/training-kit/.venv-airflow/lib/python3.10/site-packages/airflow/example_dags/example_params_ui_tutorial.py for tasks to queue
[2025-12-27T23:34:03.005+0530] {logging_mixin.py:188} INFO - [2025-12-27T23:34:03.005+0530] {dagbag.py:545} INFO - Filling up the DagBag from /home/sathya/projects/training-kit/.venv-airflow/lib/python3.10/site-packages/airflow/example_dags/example_params_ui_tutorial.py
[2025-12-27T23:34:03.010+0530] {processor.py:840} INFO - DAG(s) 'example_params_ui_tutorial' retrieved from /home/sathya/projects/training-kit/.venv-airflow/lib/python3.10/site-packages/airflow/example_dags/example_params_ui_tutorial.py
[2025-12-27T23:34:03.039+0530] {logging_mixin.py:188} INFO - [2025-12-27T23:34:03.039+0530] {dag.py:3089} INFO - Sync 1 DAGs
[2025-12-27T23:34:03.048+0530] {logging_mixin.py:188} INFO - [2025-12-27T23:34:03.048+0530] {dag.py:3947} INFO - Setting next_dagrun for example_params_ui_tutorial to None, run_after=None
[2025-12-27T23:34:03.071+0530] {processor.py:183} INFO - Processing /home/sathya/projects/training-kit/.venv-airflow/lib/python3.10/site-packages/airflow/example_dags/example_params_ui_tutorial.py took 0.075 seconds
[2025-12-27T23:40:39.094+0530] {processor.py:161} INFO - Started process (PID=11885) to work on /home/sathya/projects/training-kit/.venv-airflow/lib/python3.10/site-packages/airflow/example_dags/example_params_ui_tutorial.py
[2025-12-27T23:40:39.097+0530] {processor.py:830} INFO - Processing file /home/sathya/projects/training-kit/.venv-airflow/lib/python3.10/site-packages/airflow/example_dags/example_params_ui_tutorial.py for tasks to queue
[2025-12-27T23:40:39.098+0530] {logging_mixin.py:188} INFO - [2025-12-27T23:40:39.098+0530] {dagbag.py:545} INFO - Filling up the DagBag from /home/sathya/projects/training-kit/.venv-airflow/lib/python3.10/site-packages/airflow/example_dags/example_params_ui_tutorial.py
[2025-12-27T23:40:39.104+0530] {processor.py:840} INFO - DAG(s) 'example_params_ui_tutorial' retrieved from /home/sathya/projects/training-kit/.venv-airflow/lib/python3.10/site-packages/airflow/example_dags/example_params_ui_tutorial.py
[2025-12-27T23:40:39.135+0530] {logging_mixin.py:188} INFO - [2025-12-27T23:40:39.135+0530] {dag.py:3089} INFO - Sync 1 DAGs
[2025-12-27T23:40:39.143+0530] {logging_mixin.py:188} INFO - [2025-12-27T23:40:39.143+0530] {dag.py:3947} INFO - Setting next_dagrun for example_params_ui_tutorial to None, run_after=None
[2025-12-27T23:40:39.165+0530] {processor.py:183} INFO - Processing /home/sathya/projects/training-kit/.venv-airflow/lib/python3.10/site-packages/airflow/example_dags/example_params_ui_tutorial.py took 0.077 seconds
[2025-12-27T23:47:48.663+0530] {processor.py:161} INFO - Started process (PID=12668) to work on /home/sathya/projects/training-kit/.venv-airflow/lib/python3.10/site-packages/airflow/example_dags/example_params_ui_tutorial.py
[2025-12-27T23:47:48.670+0530] {processor.py:830} INFO - Processing file /home/sathya/projects/training-kit/.venv-airflow/lib/python3.10/site-packages/airflow/example_dags/example_params_ui_tutorial.py for tasks to queue
[2025-12-27T23:47:48.675+0530] {logging_mixin.py:188} INFO - [2025-12-27T23:47:48.673+0530] {dagbag.py:545} INFO - Filling up the DagBag from /home/sathya/projects/training-kit/.venv-airflow/lib/python3.10/site-packages/airflow/example_dags/example_params_ui_tutorial.py
[2025-12-27T23:47:48.689+0530] {processor.py:840} INFO - DAG(s) 'example_params_ui_tutorial' retrieved from /home/sathya/projects/training-kit/.venv-airflow/lib/python3.10/site-packages/airflow/example_dags/example_params_ui_tutorial.py
[2025-12-27T23:47:48.723+0530] {logging_mixin.py:188} INFO - [2025-12-27T23:47:48.722+0530] {dag.py:3089} INFO - Sync 1 DAGs
[2025-12-27T23:47:48.730+0530] {logging_mixin.py:188} INFO - [2025-12-27T23:47:48.730+0530] {dag.py:3947} INFO - Setting next_dagrun for example_params_ui_tutorial to None, run_after=None
[2025-12-27T23:47:48.759+0530] {processor.py:183} INFO - Processing /home/sathya/projects/training-kit/.venv-airflow/lib/python3.10/site-packages/airflow/example_dags/example_params_ui_tutorial.py took 0.101 seconds
[2025-12-27T23:55:12.387+0530] {processor.py:161} INFO - Started process (PID=13454) to work on /home/sathya/projects/training-kit/.venv-airflow/lib/python3.10/site-packages/airflow/example_dags/example_params_ui_tutorial.py
[2025-12-27T23:55:12.388+0530] {processor.py:830} INFO - Processing file /home/sathya/projects/training-kit/.venv-airflow/lib/python3.10/site-packages/airflow/example_dags/example_params_ui_tutorial.py for tasks to queue
[2025-12-27T23:55:12.390+0530] {logging_mixin.py:188} INFO - [2025-12-27T23:55:12.389+0530] {dagbag.py:545} INFO - Filling up the DagBag from /home/sathya/projects/training-kit/.venv-airflow/lib/python3.10/site-packages/airflow/example_dags/example_params_ui_tutorial.py
[2025-12-27T23:55:12.396+0530] {processor.py:840} INFO - DAG(s) 'example_params_ui_tutorial' retrieved from /home/sathya/projects/training-kit/.venv-airflow/lib/python3.10/site-packages/airflow/example_dags/example_params_ui_tutorial.py
[2025-12-27T23:55:12.428+0530] {logging_mixin.py:188} INFO - [2025-12-27T23:55:12.428+0530] {dag.py:3089} INFO - Sync 1 DAGs
[2025-12-27T23:55:12.437+0530] {logging_mixin.py:188} INFO - [2025-12-27T23:55:12.437+0530] {dag.py:3947} INFO - Setting next_dagrun for example_params_ui_tutorial to None, run_after=None
[2025-12-27T23:55:12.460+0530] {processor.py:183} INFO - Processing /home/sathya/projects/training-kit/.venv-airflow/lib/python3.10/site-packages/airflow/example_dags/example_params_ui_tutorial.py took 0.078 seconds
