[2025-12-27T19:21:22.754+0530] {processor.py:161} INFO - Started process (PID=977) to work on /home/sathya/projects/training-kit/.venv-airflow/lib/python3.10/site-packages/airflow/example_dags/example_python_operator.py
[2025-12-27T19:21:22.754+0530] {processor.py:830} INFO - Processing file /home/sathya/projects/training-kit/.venv-airflow/lib/python3.10/site-packages/airflow/example_dags/example_python_operator.py for tasks to queue
[2025-12-27T19:21:22.757+0530] {logging_mixin.py:188} INFO - [2025-12-27T19:21:22.756+0530] {dagbag.py:545} INFO - Filling up the DagBag from /home/sathya/projects/training-kit/.venv-airflow/lib/python3.10/site-packages/airflow/example_dags/example_python_operator.py
[2025-12-27T19:21:22.784+0530] {logging_mixin.py:188} INFO - [2025-12-27T19:21:22.783+0530] {example_python_operator.py:93} WARNING - The virtalenv_python example task requires virtualenv, please install it.
[2025-12-27T19:21:22.785+0530] {processor.py:840} INFO - DAG(s) 'example_python_operator' retrieved from /home/sathya/projects/training-kit/.venv-airflow/lib/python3.10/site-packages/airflow/example_dags/example_python_operator.py
[2025-12-27T19:21:22.824+0530] {logging_mixin.py:188} INFO - [2025-12-27T19:21:22.824+0530] {dag.py:3089} INFO - Sync 1 DAGs
[2025-12-27T19:21:22.843+0530] {logging_mixin.py:188} INFO - [2025-12-27T19:21:22.842+0530] {dag.py:3947} INFO - Setting next_dagrun for example_python_operator to None, run_after=None
[2025-12-27T19:21:22.871+0530] {processor.py:183} INFO - Processing /home/sathya/projects/training-kit/.venv-airflow/lib/python3.10/site-packages/airflow/example_dags/example_python_operator.py took 0.128 seconds
[2025-12-27T19:33:20.462+0530] {processor.py:161} INFO - Started process (PID=1352) to work on /home/sathya/projects/training-kit/.venv-airflow/lib/python3.10/site-packages/airflow/example_dags/example_python_operator.py
[2025-12-27T19:33:20.472+0530] {processor.py:830} INFO - Processing file /home/sathya/projects/training-kit/.venv-airflow/lib/python3.10/site-packages/airflow/example_dags/example_python_operator.py for tasks to queue
[2025-12-27T19:33:20.475+0530] {logging_mixin.py:188} INFO - [2025-12-27T19:33:20.474+0530] {dagbag.py:545} INFO - Filling up the DagBag from /home/sathya/projects/training-kit/.venv-airflow/lib/python3.10/site-packages/airflow/example_dags/example_python_operator.py
[2025-12-27T19:33:20.509+0530] {logging_mixin.py:188} INFO - [2025-12-27T19:33:20.509+0530] {example_python_operator.py:93} WARNING - The virtalenv_python example task requires virtualenv, please install it.
[2025-12-27T19:33:20.510+0530] {processor.py:840} INFO - DAG(s) 'example_python_operator' retrieved from /home/sathya/projects/training-kit/.venv-airflow/lib/python3.10/site-packages/airflow/example_dags/example_python_operator.py
[2025-12-27T19:33:20.529+0530] {logging_mixin.py:188} INFO - [2025-12-27T19:33:20.529+0530] {dag.py:3089} INFO - Sync 1 DAGs
[2025-12-27T19:33:20.543+0530] {logging_mixin.py:188} INFO - [2025-12-27T19:33:20.543+0530] {dag.py:3947} INFO - Setting next_dagrun for example_python_operator to None, run_after=None
[2025-12-27T19:33:20.676+0530] {processor.py:183} INFO - Processing /home/sathya/projects/training-kit/.venv-airflow/lib/python3.10/site-packages/airflow/example_dags/example_python_operator.py took 0.223 seconds
[2025-12-27T19:41:41.651+0530] {processor.py:161} INFO - Started process (PID=1680) to work on /home/sathya/projects/training-kit/.venv-airflow/lib/python3.10/site-packages/airflow/example_dags/example_python_operator.py
[2025-12-27T19:41:41.657+0530] {processor.py:830} INFO - Processing file /home/sathya/projects/training-kit/.venv-airflow/lib/python3.10/site-packages/airflow/example_dags/example_python_operator.py for tasks to queue
[2025-12-27T19:41:41.660+0530] {logging_mixin.py:188} INFO - [2025-12-27T19:41:41.659+0530] {dagbag.py:545} INFO - Filling up the DagBag from /home/sathya/projects/training-kit/.venv-airflow/lib/python3.10/site-packages/airflow/example_dags/example_python_operator.py
[2025-12-27T19:41:41.680+0530] {logging_mixin.py:188} INFO - [2025-12-27T19:41:41.680+0530] {example_python_operator.py:93} WARNING - The virtalenv_python example task requires virtualenv, please install it.
[2025-12-27T19:41:41.681+0530] {processor.py:840} INFO - DAG(s) 'example_python_operator' retrieved from /home/sathya/projects/training-kit/.venv-airflow/lib/python3.10/site-packages/airflow/example_dags/example_python_operator.py
[2025-12-27T19:41:41.701+0530] {logging_mixin.py:188} INFO - [2025-12-27T19:41:41.701+0530] {dag.py:3089} INFO - Sync 1 DAGs
[2025-12-27T19:41:41.714+0530] {logging_mixin.py:188} INFO - [2025-12-27T19:41:41.714+0530] {dag.py:3947} INFO - Setting next_dagrun for example_python_operator to None, run_after=None
[2025-12-27T19:41:41.745+0530] {processor.py:183} INFO - Processing /home/sathya/projects/training-kit/.venv-airflow/lib/python3.10/site-packages/airflow/example_dags/example_python_operator.py took 0.101 seconds
[2025-12-27T19:50:05.153+0530] {processor.py:161} INFO - Started process (PID=2011) to work on /home/sathya/projects/training-kit/.venv-airflow/lib/python3.10/site-packages/airflow/example_dags/example_python_operator.py
[2025-12-27T19:50:05.155+0530] {processor.py:830} INFO - Processing file /home/sathya/projects/training-kit/.venv-airflow/lib/python3.10/site-packages/airflow/example_dags/example_python_operator.py for tasks to queue
[2025-12-27T19:50:05.157+0530] {logging_mixin.py:188} INFO - [2025-12-27T19:50:05.157+0530] {dagbag.py:545} INFO - Filling up the DagBag from /home/sathya/projects/training-kit/.venv-airflow/lib/python3.10/site-packages/airflow/example_dags/example_python_operator.py
[2025-12-27T19:50:05.186+0530] {logging_mixin.py:188} INFO - [2025-12-27T19:50:05.186+0530] {example_python_operator.py:93} WARNING - The virtalenv_python example task requires virtualenv, please install it.
[2025-12-27T19:50:05.187+0530] {processor.py:840} INFO - DAG(s) 'example_python_operator' retrieved from /home/sathya/projects/training-kit/.venv-airflow/lib/python3.10/site-packages/airflow/example_dags/example_python_operator.py
[2025-12-27T19:50:05.205+0530] {logging_mixin.py:188} INFO - [2025-12-27T19:50:05.205+0530] {dag.py:3089} INFO - Sync 1 DAGs
[2025-12-27T19:50:05.216+0530] {logging_mixin.py:188} INFO - [2025-12-27T19:50:05.216+0530] {dag.py:3947} INFO - Setting next_dagrun for example_python_operator to None, run_after=None
[2025-12-27T19:50:05.246+0530] {processor.py:183} INFO - Processing /home/sathya/projects/training-kit/.venv-airflow/lib/python3.10/site-packages/airflow/example_dags/example_python_operator.py took 0.104 seconds
[2025-12-27T19:57:58.508+0530] {processor.py:161} INFO - Started process (PID=2328) to work on /home/sathya/projects/training-kit/.venv-airflow/lib/python3.10/site-packages/airflow/example_dags/example_python_operator.py
[2025-12-27T19:57:58.514+0530] {processor.py:830} INFO - Processing file /home/sathya/projects/training-kit/.venv-airflow/lib/python3.10/site-packages/airflow/example_dags/example_python_operator.py for tasks to queue
[2025-12-27T19:57:58.516+0530] {logging_mixin.py:188} INFO - [2025-12-27T19:57:58.516+0530] {dagbag.py:545} INFO - Filling up the DagBag from /home/sathya/projects/training-kit/.venv-airflow/lib/python3.10/site-packages/airflow/example_dags/example_python_operator.py
[2025-12-27T19:57:58.536+0530] {logging_mixin.py:188} INFO - [2025-12-27T19:57:58.536+0530] {example_python_operator.py:93} WARNING - The virtalenv_python example task requires virtualenv, please install it.
[2025-12-27T19:57:58.537+0530] {processor.py:840} INFO - DAG(s) 'example_python_operator' retrieved from /home/sathya/projects/training-kit/.venv-airflow/lib/python3.10/site-packages/airflow/example_dags/example_python_operator.py
[2025-12-27T19:57:58.566+0530] {logging_mixin.py:188} INFO - [2025-12-27T19:57:58.565+0530] {dag.py:3089} INFO - Sync 1 DAGs
[2025-12-27T19:57:58.581+0530] {logging_mixin.py:188} INFO - [2025-12-27T19:57:58.580+0530] {dag.py:3947} INFO - Setting next_dagrun for example_python_operator to None, run_after=None
[2025-12-27T19:57:58.614+0530] {processor.py:183} INFO - Processing /home/sathya/projects/training-kit/.venv-airflow/lib/python3.10/site-packages/airflow/example_dags/example_python_operator.py took 0.116 seconds
[2025-12-27T20:07:22.302+0530] {processor.py:161} INFO - Started process (PID=2689) to work on /home/sathya/projects/training-kit/.venv-airflow/lib/python3.10/site-packages/airflow/example_dags/example_python_operator.py
[2025-12-27T20:07:22.304+0530] {processor.py:830} INFO - Processing file /home/sathya/projects/training-kit/.venv-airflow/lib/python3.10/site-packages/airflow/example_dags/example_python_operator.py for tasks to queue
[2025-12-27T20:07:22.306+0530] {logging_mixin.py:188} INFO - [2025-12-27T20:07:22.306+0530] {dagbag.py:545} INFO - Filling up the DagBag from /home/sathya/projects/training-kit/.venv-airflow/lib/python3.10/site-packages/airflow/example_dags/example_python_operator.py
[2025-12-27T20:07:22.334+0530] {logging_mixin.py:188} INFO - [2025-12-27T20:07:22.333+0530] {example_python_operator.py:93} WARNING - The virtalenv_python example task requires virtualenv, please install it.
[2025-12-27T20:07:22.335+0530] {processor.py:840} INFO - DAG(s) 'example_python_operator' retrieved from /home/sathya/projects/training-kit/.venv-airflow/lib/python3.10/site-packages/airflow/example_dags/example_python_operator.py
[2025-12-27T20:07:22.356+0530] {logging_mixin.py:188} INFO - [2025-12-27T20:07:22.356+0530] {dag.py:3089} INFO - Sync 1 DAGs
[2025-12-27T20:07:22.367+0530] {logging_mixin.py:188} INFO - [2025-12-27T20:07:22.367+0530] {dag.py:3947} INFO - Setting next_dagrun for example_python_operator to None, run_after=None
[2025-12-27T20:07:22.405+0530] {processor.py:183} INFO - Processing /home/sathya/projects/training-kit/.venv-airflow/lib/python3.10/site-packages/airflow/example_dags/example_python_operator.py took 0.112 seconds
[2025-12-27T20:14:30.681+0530] {processor.py:161} INFO - Started process (PID=3017) to work on /home/sathya/projects/training-kit/.venv-airflow/lib/python3.10/site-packages/airflow/example_dags/example_python_operator.py
[2025-12-27T20:14:30.683+0530] {processor.py:830} INFO - Processing file /home/sathya/projects/training-kit/.venv-airflow/lib/python3.10/site-packages/airflow/example_dags/example_python_operator.py for tasks to queue
[2025-12-27T20:14:30.685+0530] {logging_mixin.py:188} INFO - [2025-12-27T20:14:30.685+0530] {dagbag.py:545} INFO - Filling up the DagBag from /home/sathya/projects/training-kit/.venv-airflow/lib/python3.10/site-packages/airflow/example_dags/example_python_operator.py
[2025-12-27T20:14:30.721+0530] {logging_mixin.py:188} INFO - [2025-12-27T20:14:30.721+0530] {example_python_operator.py:93} WARNING - The virtalenv_python example task requires virtualenv, please install it.
[2025-12-27T20:14:30.722+0530] {processor.py:840} INFO - DAG(s) 'example_python_operator' retrieved from /home/sathya/projects/training-kit/.venv-airflow/lib/python3.10/site-packages/airflow/example_dags/example_python_operator.py
[2025-12-27T20:14:30.749+0530] {logging_mixin.py:188} INFO - [2025-12-27T20:14:30.749+0530] {dag.py:3089} INFO - Sync 1 DAGs
[2025-12-27T20:14:30.761+0530] {logging_mixin.py:188} INFO - [2025-12-27T20:14:30.760+0530] {dag.py:3947} INFO - Setting next_dagrun for example_python_operator to None, run_after=None
[2025-12-27T20:14:30.789+0530] {processor.py:183} INFO - Processing /home/sathya/projects/training-kit/.venv-airflow/lib/python3.10/site-packages/airflow/example_dags/example_python_operator.py took 0.116 seconds
[2025-12-27T20:21:37.417+0530] {processor.py:161} INFO - Started process (PID=3321) to work on /home/sathya/projects/training-kit/.venv-airflow/lib/python3.10/site-packages/airflow/example_dags/example_python_operator.py
[2025-12-27T20:21:37.419+0530] {processor.py:830} INFO - Processing file /home/sathya/projects/training-kit/.venv-airflow/lib/python3.10/site-packages/airflow/example_dags/example_python_operator.py for tasks to queue
[2025-12-27T20:21:37.420+0530] {logging_mixin.py:188} INFO - [2025-12-27T20:21:37.420+0530] {dagbag.py:545} INFO - Filling up the DagBag from /home/sathya/projects/training-kit/.venv-airflow/lib/python3.10/site-packages/airflow/example_dags/example_python_operator.py
[2025-12-27T20:21:37.443+0530] {logging_mixin.py:188} INFO - [2025-12-27T20:21:37.441+0530] {example_python_operator.py:93} WARNING - The virtalenv_python example task requires virtualenv, please install it.
[2025-12-27T20:21:37.443+0530] {processor.py:840} INFO - DAG(s) 'example_python_operator' retrieved from /home/sathya/projects/training-kit/.venv-airflow/lib/python3.10/site-packages/airflow/example_dags/example_python_operator.py
[2025-12-27T20:21:37.460+0530] {logging_mixin.py:188} INFO - [2025-12-27T20:21:37.459+0530] {dag.py:3089} INFO - Sync 1 DAGs
[2025-12-27T20:21:37.469+0530] {logging_mixin.py:188} INFO - [2025-12-27T20:21:37.469+0530] {dag.py:3947} INFO - Setting next_dagrun for example_python_operator to None, run_after=None
[2025-12-27T20:21:37.498+0530] {processor.py:183} INFO - Processing /home/sathya/projects/training-kit/.venv-airflow/lib/python3.10/site-packages/airflow/example_dags/example_python_operator.py took 0.088 seconds
[2025-12-27T20:27:50.485+0530] {processor.py:161} INFO - Started process (PID=3600) to work on /home/sathya/projects/training-kit/.venv-airflow/lib/python3.10/site-packages/airflow/example_dags/example_python_operator.py
[2025-12-27T20:27:50.491+0530] {processor.py:830} INFO - Processing file /home/sathya/projects/training-kit/.venv-airflow/lib/python3.10/site-packages/airflow/example_dags/example_python_operator.py for tasks to queue
[2025-12-27T20:27:50.493+0530] {logging_mixin.py:188} INFO - [2025-12-27T20:27:50.492+0530] {dagbag.py:545} INFO - Filling up the DagBag from /home/sathya/projects/training-kit/.venv-airflow/lib/python3.10/site-packages/airflow/example_dags/example_python_operator.py
[2025-12-27T20:27:50.511+0530] {logging_mixin.py:188} INFO - [2025-12-27T20:27:50.510+0530] {example_python_operator.py:93} WARNING - The virtalenv_python example task requires virtualenv, please install it.
[2025-12-27T20:27:50.511+0530] {processor.py:840} INFO - DAG(s) 'example_python_operator' retrieved from /home/sathya/projects/training-kit/.venv-airflow/lib/python3.10/site-packages/airflow/example_dags/example_python_operator.py
[2025-12-27T20:27:50.528+0530] {logging_mixin.py:188} INFO - [2025-12-27T20:27:50.528+0530] {dag.py:3089} INFO - Sync 1 DAGs
[2025-12-27T20:27:50.539+0530] {logging_mixin.py:188} INFO - [2025-12-27T20:27:50.538+0530] {dag.py:3947} INFO - Setting next_dagrun for example_python_operator to None, run_after=None
[2025-12-27T20:27:50.563+0530] {processor.py:183} INFO - Processing /home/sathya/projects/training-kit/.venv-airflow/lib/python3.10/site-packages/airflow/example_dags/example_python_operator.py took 0.086 seconds
[2025-12-27T20:35:46.264+0530] {processor.py:161} INFO - Started process (PID=3925) to work on /home/sathya/projects/training-kit/.venv-airflow/lib/python3.10/site-packages/airflow/example_dags/example_python_operator.py
[2025-12-27T20:35:46.266+0530] {processor.py:830} INFO - Processing file /home/sathya/projects/training-kit/.venv-airflow/lib/python3.10/site-packages/airflow/example_dags/example_python_operator.py for tasks to queue
[2025-12-27T20:35:46.270+0530] {logging_mixin.py:188} INFO - [2025-12-27T20:35:46.270+0530] {dagbag.py:545} INFO - Filling up the DagBag from /home/sathya/projects/training-kit/.venv-airflow/lib/python3.10/site-packages/airflow/example_dags/example_python_operator.py
[2025-12-27T20:35:46.295+0530] {logging_mixin.py:188} INFO - [2025-12-27T20:35:46.295+0530] {example_python_operator.py:93} WARNING - The virtalenv_python example task requires virtualenv, please install it.
[2025-12-27T20:35:46.295+0530] {processor.py:840} INFO - DAG(s) 'example_python_operator' retrieved from /home/sathya/projects/training-kit/.venv-airflow/lib/python3.10/site-packages/airflow/example_dags/example_python_operator.py
[2025-12-27T20:35:46.315+0530] {logging_mixin.py:188} INFO - [2025-12-27T20:35:46.315+0530] {dag.py:3089} INFO - Sync 1 DAGs
[2025-12-27T20:35:46.328+0530] {logging_mixin.py:188} INFO - [2025-12-27T20:35:46.328+0530] {dag.py:3947} INFO - Setting next_dagrun for example_python_operator to None, run_after=None
[2025-12-27T20:35:46.362+0530] {processor.py:183} INFO - Processing /home/sathya/projects/training-kit/.venv-airflow/lib/python3.10/site-packages/airflow/example_dags/example_python_operator.py took 0.105 seconds
[2025-12-27T20:43:15.776+0530] {processor.py:161} INFO - Started process (PID=4218) to work on /home/sathya/projects/training-kit/.venv-airflow/lib/python3.10/site-packages/airflow/example_dags/example_python_operator.py
[2025-12-27T20:43:15.778+0530] {processor.py:830} INFO - Processing file /home/sathya/projects/training-kit/.venv-airflow/lib/python3.10/site-packages/airflow/example_dags/example_python_operator.py for tasks to queue
[2025-12-27T20:43:15.780+0530] {logging_mixin.py:188} INFO - [2025-12-27T20:43:15.780+0530] {dagbag.py:545} INFO - Filling up the DagBag from /home/sathya/projects/training-kit/.venv-airflow/lib/python3.10/site-packages/airflow/example_dags/example_python_operator.py
[2025-12-27T20:43:15.799+0530] {logging_mixin.py:188} INFO - [2025-12-27T20:43:15.799+0530] {example_python_operator.py:93} WARNING - The virtalenv_python example task requires virtualenv, please install it.
[2025-12-27T20:43:15.800+0530] {processor.py:840} INFO - DAG(s) 'example_python_operator' retrieved from /home/sathya/projects/training-kit/.venv-airflow/lib/python3.10/site-packages/airflow/example_dags/example_python_operator.py
[2025-12-27T20:43:15.820+0530] {logging_mixin.py:188} INFO - [2025-12-27T20:43:15.819+0530] {dag.py:3089} INFO - Sync 1 DAGs
[2025-12-27T20:43:15.832+0530] {logging_mixin.py:188} INFO - [2025-12-27T20:43:15.832+0530] {dag.py:3947} INFO - Setting next_dagrun for example_python_operator to None, run_after=None
[2025-12-27T20:43:15.871+0530] {processor.py:183} INFO - Processing /home/sathya/projects/training-kit/.venv-airflow/lib/python3.10/site-packages/airflow/example_dags/example_python_operator.py took 0.106 seconds
[2025-12-27T20:51:32.267+0530] {processor.py:161} INFO - Started process (PID=4565) to work on /home/sathya/projects/training-kit/.venv-airflow/lib/python3.10/site-packages/airflow/example_dags/example_python_operator.py
[2025-12-27T20:51:32.268+0530] {processor.py:830} INFO - Processing file /home/sathya/projects/training-kit/.venv-airflow/lib/python3.10/site-packages/airflow/example_dags/example_python_operator.py for tasks to queue
[2025-12-27T20:51:32.270+0530] {logging_mixin.py:188} INFO - [2025-12-27T20:51:32.270+0530] {dagbag.py:545} INFO - Filling up the DagBag from /home/sathya/projects/training-kit/.venv-airflow/lib/python3.10/site-packages/airflow/example_dags/example_python_operator.py
[2025-12-27T20:51:32.288+0530] {logging_mixin.py:188} INFO - [2025-12-27T20:51:32.288+0530] {example_python_operator.py:93} WARNING - The virtalenv_python example task requires virtualenv, please install it.
[2025-12-27T20:51:32.289+0530] {processor.py:840} INFO - DAG(s) 'example_python_operator' retrieved from /home/sathya/projects/training-kit/.venv-airflow/lib/python3.10/site-packages/airflow/example_dags/example_python_operator.py
[2025-12-27T20:51:32.306+0530] {logging_mixin.py:188} INFO - [2025-12-27T20:51:32.306+0530] {dag.py:3089} INFO - Sync 1 DAGs
[2025-12-27T20:51:32.316+0530] {logging_mixin.py:188} INFO - [2025-12-27T20:51:32.316+0530] {dag.py:3947} INFO - Setting next_dagrun for example_python_operator to None, run_after=None
[2025-12-27T20:51:32.340+0530] {processor.py:183} INFO - Processing /home/sathya/projects/training-kit/.venv-airflow/lib/python3.10/site-packages/airflow/example_dags/example_python_operator.py took 0.079 seconds
[2025-12-27T21:54:00.572+0530] {processor.py:161} INFO - Started process (PID=5048) to work on /home/sathya/projects/training-kit/.venv-airflow/lib/python3.10/site-packages/airflow/example_dags/example_python_operator.py
[2025-12-27T21:54:00.573+0530] {processor.py:830} INFO - Processing file /home/sathya/projects/training-kit/.venv-airflow/lib/python3.10/site-packages/airflow/example_dags/example_python_operator.py for tasks to queue
[2025-12-27T21:54:00.575+0530] {logging_mixin.py:188} INFO - [2025-12-27T21:54:00.574+0530] {dagbag.py:545} INFO - Filling up the DagBag from /home/sathya/projects/training-kit/.venv-airflow/lib/python3.10/site-packages/airflow/example_dags/example_python_operator.py
[2025-12-27T21:54:00.599+0530] {logging_mixin.py:188} INFO - [2025-12-27T21:54:00.599+0530] {example_python_operator.py:93} WARNING - The virtalenv_python example task requires virtualenv, please install it.
[2025-12-27T21:54:00.600+0530] {processor.py:840} INFO - DAG(s) 'example_python_operator' retrieved from /home/sathya/projects/training-kit/.venv-airflow/lib/python3.10/site-packages/airflow/example_dags/example_python_operator.py
[2025-12-27T21:54:00.617+0530] {logging_mixin.py:188} INFO - [2025-12-27T21:54:00.617+0530] {dag.py:3089} INFO - Sync 1 DAGs
[2025-12-27T21:54:00.629+0530] {logging_mixin.py:188} INFO - [2025-12-27T21:54:00.628+0530] {dag.py:3947} INFO - Setting next_dagrun for example_python_operator to None, run_after=None
[2025-12-27T21:54:00.671+0530] {processor.py:183} INFO - Processing /home/sathya/projects/training-kit/.venv-airflow/lib/python3.10/site-packages/airflow/example_dags/example_python_operator.py took 0.108 seconds
[2025-12-27T22:02:01.404+0530] {processor.py:161} INFO - Started process (PID=5436) to work on /home/sathya/projects/training-kit/.venv-airflow/lib/python3.10/site-packages/airflow/example_dags/example_python_operator.py
[2025-12-27T22:02:01.406+0530] {processor.py:830} INFO - Processing file /home/sathya/projects/training-kit/.venv-airflow/lib/python3.10/site-packages/airflow/example_dags/example_python_operator.py for tasks to queue
[2025-12-27T22:02:01.409+0530] {logging_mixin.py:188} INFO - [2025-12-27T22:02:01.407+0530] {dagbag.py:545} INFO - Filling up the DagBag from /home/sathya/projects/training-kit/.venv-airflow/lib/python3.10/site-packages/airflow/example_dags/example_python_operator.py
[2025-12-27T22:02:01.434+0530] {logging_mixin.py:188} INFO - [2025-12-27T22:02:01.434+0530] {example_python_operator.py:93} WARNING - The virtalenv_python example task requires virtualenv, please install it.
[2025-12-27T22:02:01.435+0530] {processor.py:840} INFO - DAG(s) 'example_python_operator' retrieved from /home/sathya/projects/training-kit/.venv-airflow/lib/python3.10/site-packages/airflow/example_dags/example_python_operator.py
[2025-12-27T22:02:01.457+0530] {logging_mixin.py:188} INFO - [2025-12-27T22:02:01.457+0530] {dag.py:3089} INFO - Sync 1 DAGs
[2025-12-27T22:02:01.468+0530] {logging_mixin.py:188} INFO - [2025-12-27T22:02:01.468+0530] {dag.py:3947} INFO - Setting next_dagrun for example_python_operator to None, run_after=None
[2025-12-27T22:02:01.502+0530] {processor.py:183} INFO - Processing /home/sathya/projects/training-kit/.venv-airflow/lib/python3.10/site-packages/airflow/example_dags/example_python_operator.py took 0.107 seconds
[2025-12-27T22:21:17.661+0530] {processor.py:161} INFO - Started process (PID=5952) to work on /home/sathya/projects/training-kit/.venv-airflow/lib/python3.10/site-packages/airflow/example_dags/example_python_operator.py
[2025-12-27T22:21:17.665+0530] {processor.py:830} INFO - Processing file /home/sathya/projects/training-kit/.venv-airflow/lib/python3.10/site-packages/airflow/example_dags/example_python_operator.py for tasks to queue
[2025-12-27T22:21:17.669+0530] {logging_mixin.py:188} INFO - [2025-12-27T22:21:17.668+0530] {dagbag.py:545} INFO - Filling up the DagBag from /home/sathya/projects/training-kit/.venv-airflow/lib/python3.10/site-packages/airflow/example_dags/example_python_operator.py
[2025-12-27T22:21:17.736+0530] {logging_mixin.py:188} INFO - [2025-12-27T22:21:17.736+0530] {example_python_operator.py:93} WARNING - The virtalenv_python example task requires virtualenv, please install it.
[2025-12-27T22:21:17.737+0530] {processor.py:840} INFO - DAG(s) 'example_python_operator' retrieved from /home/sathya/projects/training-kit/.venv-airflow/lib/python3.10/site-packages/airflow/example_dags/example_python_operator.py
[2025-12-27T22:21:17.778+0530] {logging_mixin.py:188} INFO - [2025-12-27T22:21:17.777+0530] {dag.py:3089} INFO - Sync 1 DAGs
[2025-12-27T22:21:17.806+0530] {logging_mixin.py:188} INFO - [2025-12-27T22:21:17.806+0530] {dag.py:3947} INFO - Setting next_dagrun for example_python_operator to None, run_after=None
[2025-12-27T22:21:17.863+0530] {processor.py:183} INFO - Processing /home/sathya/projects/training-kit/.venv-airflow/lib/python3.10/site-packages/airflow/example_dags/example_python_operator.py took 0.218 seconds
[2025-12-27T22:31:52.197+0530] {processor.py:161} INFO - Started process (PID=6318) to work on /home/sathya/projects/training-kit/.venv-airflow/lib/python3.10/site-packages/airflow/example_dags/example_python_operator.py
[2025-12-27T22:31:52.198+0530] {processor.py:830} INFO - Processing file /home/sathya/projects/training-kit/.venv-airflow/lib/python3.10/site-packages/airflow/example_dags/example_python_operator.py for tasks to queue
[2025-12-27T22:31:52.199+0530] {logging_mixin.py:188} INFO - [2025-12-27T22:31:52.199+0530] {dagbag.py:545} INFO - Filling up the DagBag from /home/sathya/projects/training-kit/.venv-airflow/lib/python3.10/site-packages/airflow/example_dags/example_python_operator.py
[2025-12-27T22:31:52.222+0530] {logging_mixin.py:188} INFO - [2025-12-27T22:31:52.222+0530] {example_python_operator.py:93} WARNING - The virtalenv_python example task requires virtualenv, please install it.
[2025-12-27T22:31:52.223+0530] {processor.py:840} INFO - DAG(s) 'example_python_operator' retrieved from /home/sathya/projects/training-kit/.venv-airflow/lib/python3.10/site-packages/airflow/example_dags/example_python_operator.py
[2025-12-27T22:31:52.235+0530] {logging_mixin.py:188} INFO - [2025-12-27T22:31:52.235+0530] {dag.py:3089} INFO - Sync 1 DAGs
[2025-12-27T22:31:52.244+0530] {logging_mixin.py:188} INFO - [2025-12-27T22:31:52.243+0530] {dag.py:3947} INFO - Setting next_dagrun for example_python_operator to None, run_after=None
[2025-12-27T22:31:52.261+0530] {processor.py:183} INFO - Processing /home/sathya/projects/training-kit/.venv-airflow/lib/python3.10/site-packages/airflow/example_dags/example_python_operator.py took 0.069 seconds
[2025-12-27T22:37:19.709+0530] {processor.py:161} INFO - Started process (PID=6633) to work on /home/sathya/projects/training-kit/.venv-airflow/lib/python3.10/site-packages/airflow/example_dags/example_python_operator.py
[2025-12-27T22:37:19.715+0530] {processor.py:830} INFO - Processing file /home/sathya/projects/training-kit/.venv-airflow/lib/python3.10/site-packages/airflow/example_dags/example_python_operator.py for tasks to queue
[2025-12-27T22:37:19.717+0530] {logging_mixin.py:188} INFO - [2025-12-27T22:37:19.716+0530] {dagbag.py:545} INFO - Filling up the DagBag from /home/sathya/projects/training-kit/.venv-airflow/lib/python3.10/site-packages/airflow/example_dags/example_python_operator.py
[2025-12-27T22:37:19.730+0530] {logging_mixin.py:188} INFO - [2025-12-27T22:37:19.730+0530] {example_python_operator.py:93} WARNING - The virtalenv_python example task requires virtualenv, please install it.
[2025-12-27T22:37:19.731+0530] {processor.py:840} INFO - DAG(s) 'example_python_operator' retrieved from /home/sathya/projects/training-kit/.venv-airflow/lib/python3.10/site-packages/airflow/example_dags/example_python_operator.py
[2025-12-27T22:37:19.742+0530] {logging_mixin.py:188} INFO - [2025-12-27T22:37:19.742+0530] {dag.py:3089} INFO - Sync 1 DAGs
[2025-12-27T22:37:19.750+0530] {logging_mixin.py:188} INFO - [2025-12-27T22:37:19.749+0530] {dag.py:3947} INFO - Setting next_dagrun for example_python_operator to None, run_after=None
[2025-12-27T22:37:19.772+0530] {processor.py:183} INFO - Processing /home/sathya/projects/training-kit/.venv-airflow/lib/python3.10/site-packages/airflow/example_dags/example_python_operator.py took 0.069 seconds
[2025-12-27T22:42:03.813+0530] {processor.py:161} INFO - Started process (PID=6921) to work on /home/sathya/projects/training-kit/.venv-airflow/lib/python3.10/site-packages/airflow/example_dags/example_python_operator.py
[2025-12-27T22:42:03.814+0530] {processor.py:830} INFO - Processing file /home/sathya/projects/training-kit/.venv-airflow/lib/python3.10/site-packages/airflow/example_dags/example_python_operator.py for tasks to queue
[2025-12-27T22:42:03.817+0530] {logging_mixin.py:188} INFO - [2025-12-27T22:42:03.816+0530] {dagbag.py:545} INFO - Filling up the DagBag from /home/sathya/projects/training-kit/.venv-airflow/lib/python3.10/site-packages/airflow/example_dags/example_python_operator.py
[2025-12-27T22:42:03.838+0530] {logging_mixin.py:188} INFO - [2025-12-27T22:42:03.838+0530] {example_python_operator.py:93} WARNING - The virtalenv_python example task requires virtualenv, please install it.
[2025-12-27T22:42:03.839+0530] {processor.py:840} INFO - DAG(s) 'example_python_operator' retrieved from /home/sathya/projects/training-kit/.venv-airflow/lib/python3.10/site-packages/airflow/example_dags/example_python_operator.py
[2025-12-27T22:42:03.854+0530] {logging_mixin.py:188} INFO - [2025-12-27T22:42:03.853+0530] {dag.py:3089} INFO - Sync 1 DAGs
[2025-12-27T22:42:03.862+0530] {logging_mixin.py:188} INFO - [2025-12-27T22:42:03.862+0530] {dag.py:3947} INFO - Setting next_dagrun for example_python_operator to None, run_after=None
[2025-12-27T22:42:03.884+0530] {processor.py:183} INFO - Processing /home/sathya/projects/training-kit/.venv-airflow/lib/python3.10/site-packages/airflow/example_dags/example_python_operator.py took 0.077 seconds
[2025-12-27T22:47:59.370+0530] {processor.py:161} INFO - Started process (PID=7230) to work on /home/sathya/projects/training-kit/.venv-airflow/lib/python3.10/site-packages/airflow/example_dags/example_python_operator.py
[2025-12-27T22:47:59.376+0530] {processor.py:830} INFO - Processing file /home/sathya/projects/training-kit/.venv-airflow/lib/python3.10/site-packages/airflow/example_dags/example_python_operator.py for tasks to queue
[2025-12-27T22:47:59.378+0530] {logging_mixin.py:188} INFO - [2025-12-27T22:47:59.378+0530] {dagbag.py:545} INFO - Filling up the DagBag from /home/sathya/projects/training-kit/.venv-airflow/lib/python3.10/site-packages/airflow/example_dags/example_python_operator.py
[2025-12-27T22:47:59.406+0530] {logging_mixin.py:188} INFO - [2025-12-27T22:47:59.406+0530] {example_python_operator.py:93} WARNING - The virtalenv_python example task requires virtualenv, please install it.
[2025-12-27T22:47:59.407+0530] {processor.py:840} INFO - DAG(s) 'example_python_operator' retrieved from /home/sathya/projects/training-kit/.venv-airflow/lib/python3.10/site-packages/airflow/example_dags/example_python_operator.py
[2025-12-27T22:47:59.424+0530] {logging_mixin.py:188} INFO - [2025-12-27T22:47:59.424+0530] {dag.py:3089} INFO - Sync 1 DAGs
[2025-12-27T22:47:59.435+0530] {logging_mixin.py:188} INFO - [2025-12-27T22:47:59.435+0530] {dag.py:3947} INFO - Setting next_dagrun for example_python_operator to None, run_after=None
[2025-12-27T22:47:59.464+0530] {processor.py:183} INFO - Processing /home/sathya/projects/training-kit/.venv-airflow/lib/python3.10/site-packages/airflow/example_dags/example_python_operator.py took 0.099 seconds
[2025-12-27T22:54:05.343+0530] {processor.py:161} INFO - Started process (PID=7569) to work on /home/sathya/projects/training-kit/.venv-airflow/lib/python3.10/site-packages/airflow/example_dags/example_python_operator.py
[2025-12-27T22:54:05.344+0530] {processor.py:830} INFO - Processing file /home/sathya/projects/training-kit/.venv-airflow/lib/python3.10/site-packages/airflow/example_dags/example_python_operator.py for tasks to queue
[2025-12-27T22:54:05.346+0530] {logging_mixin.py:188} INFO - [2025-12-27T22:54:05.345+0530] {dagbag.py:545} INFO - Filling up the DagBag from /home/sathya/projects/training-kit/.venv-airflow/lib/python3.10/site-packages/airflow/example_dags/example_python_operator.py
[2025-12-27T22:54:05.373+0530] {logging_mixin.py:188} INFO - [2025-12-27T22:54:05.372+0530] {example_python_operator.py:93} WARNING - The virtalenv_python example task requires virtualenv, please install it.
[2025-12-27T22:54:05.373+0530] {processor.py:840} INFO - DAG(s) 'example_python_operator' retrieved from /home/sathya/projects/training-kit/.venv-airflow/lib/python3.10/site-packages/airflow/example_dags/example_python_operator.py
[2025-12-27T22:54:05.391+0530] {logging_mixin.py:188} INFO - [2025-12-27T22:54:05.390+0530] {dag.py:3089} INFO - Sync 1 DAGs
[2025-12-27T22:54:05.398+0530] {logging_mixin.py:188} INFO - [2025-12-27T22:54:05.398+0530] {dag.py:3947} INFO - Setting next_dagrun for example_python_operator to None, run_after=None
[2025-12-27T22:54:05.422+0530] {processor.py:183} INFO - Processing /home/sathya/projects/training-kit/.venv-airflow/lib/python3.10/site-packages/airflow/example_dags/example_python_operator.py took 0.084 seconds
[2025-12-27T23:01:20.735+0530] {processor.py:161} INFO - Started process (PID=8006) to work on /home/sathya/projects/training-kit/.venv-airflow/lib/python3.10/site-packages/airflow/example_dags/example_python_operator.py
[2025-12-27T23:01:20.737+0530] {processor.py:830} INFO - Processing file /home/sathya/projects/training-kit/.venv-airflow/lib/python3.10/site-packages/airflow/example_dags/example_python_operator.py for tasks to queue
[2025-12-27T23:01:20.738+0530] {logging_mixin.py:188} INFO - [2025-12-27T23:01:20.738+0530] {dagbag.py:545} INFO - Filling up the DagBag from /home/sathya/projects/training-kit/.venv-airflow/lib/python3.10/site-packages/airflow/example_dags/example_python_operator.py
[2025-12-27T23:01:20.759+0530] {logging_mixin.py:188} INFO - [2025-12-27T23:01:20.758+0530] {example_python_operator.py:93} WARNING - The virtalenv_python example task requires virtualenv, please install it.
[2025-12-27T23:01:20.759+0530] {processor.py:840} INFO - DAG(s) 'example_python_operator' retrieved from /home/sathya/projects/training-kit/.venv-airflow/lib/python3.10/site-packages/airflow/example_dags/example_python_operator.py
[2025-12-27T23:01:20.772+0530] {logging_mixin.py:188} INFO - [2025-12-27T23:01:20.771+0530] {dag.py:3089} INFO - Sync 1 DAGs
[2025-12-27T23:01:20.781+0530] {logging_mixin.py:188} INFO - [2025-12-27T23:01:20.780+0530] {dag.py:3947} INFO - Setting next_dagrun for example_python_operator to None, run_after=None
[2025-12-27T23:01:20.801+0530] {processor.py:183} INFO - Processing /home/sathya/projects/training-kit/.venv-airflow/lib/python3.10/site-packages/airflow/example_dags/example_python_operator.py took 0.071 seconds
[2025-12-27T23:07:25.224+0530] {processor.py:161} INFO - Started process (PID=8383) to work on /home/sathya/projects/training-kit/.venv-airflow/lib/python3.10/site-packages/airflow/example_dags/example_python_operator.py
[2025-12-27T23:07:25.230+0530] {processor.py:830} INFO - Processing file /home/sathya/projects/training-kit/.venv-airflow/lib/python3.10/site-packages/airflow/example_dags/example_python_operator.py for tasks to queue
[2025-12-27T23:07:25.232+0530] {logging_mixin.py:188} INFO - [2025-12-27T23:07:25.232+0530] {dagbag.py:545} INFO - Filling up the DagBag from /home/sathya/projects/training-kit/.venv-airflow/lib/python3.10/site-packages/airflow/example_dags/example_python_operator.py
[2025-12-27T23:07:25.257+0530] {logging_mixin.py:188} INFO - [2025-12-27T23:07:25.257+0530] {example_python_operator.py:93} WARNING - The virtalenv_python example task requires virtualenv, please install it.
[2025-12-27T23:07:25.257+0530] {processor.py:840} INFO - DAG(s) 'example_python_operator' retrieved from /home/sathya/projects/training-kit/.venv-airflow/lib/python3.10/site-packages/airflow/example_dags/example_python_operator.py
[2025-12-27T23:07:25.275+0530] {logging_mixin.py:188} INFO - [2025-12-27T23:07:25.275+0530] {dag.py:3089} INFO - Sync 1 DAGs
[2025-12-27T23:07:25.284+0530] {logging_mixin.py:188} INFO - [2025-12-27T23:07:25.284+0530] {dag.py:3947} INFO - Setting next_dagrun for example_python_operator to None, run_after=None
[2025-12-27T23:07:25.308+0530] {processor.py:183} INFO - Processing /home/sathya/projects/training-kit/.venv-airflow/lib/python3.10/site-packages/airflow/example_dags/example_python_operator.py took 0.090 seconds
[2025-12-27T23:14:00.607+0530] {processor.py:161} INFO - Started process (PID=8871) to work on /home/sathya/projects/training-kit/.venv-airflow/lib/python3.10/site-packages/airflow/example_dags/example_python_operator.py
[2025-12-27T23:14:00.609+0530] {processor.py:830} INFO - Processing file /home/sathya/projects/training-kit/.venv-airflow/lib/python3.10/site-packages/airflow/example_dags/example_python_operator.py for tasks to queue
[2025-12-27T23:14:00.611+0530] {logging_mixin.py:188} INFO - [2025-12-27T23:14:00.610+0530] {dagbag.py:545} INFO - Filling up the DagBag from /home/sathya/projects/training-kit/.venv-airflow/lib/python3.10/site-packages/airflow/example_dags/example_python_operator.py
[2025-12-27T23:14:00.638+0530] {logging_mixin.py:188} INFO - [2025-12-27T23:14:00.637+0530] {example_python_operator.py:93} WARNING - The virtalenv_python example task requires virtualenv, please install it.
[2025-12-27T23:14:00.638+0530] {processor.py:840} INFO - DAG(s) 'example_python_operator' retrieved from /home/sathya/projects/training-kit/.venv-airflow/lib/python3.10/site-packages/airflow/example_dags/example_python_operator.py
[2025-12-27T23:14:00.652+0530] {logging_mixin.py:188} INFO - [2025-12-27T23:14:00.651+0530] {dag.py:3089} INFO - Sync 1 DAGs
[2025-12-27T23:14:00.660+0530] {logging_mixin.py:188} INFO - [2025-12-27T23:14:00.660+0530] {dag.py:3947} INFO - Setting next_dagrun for example_python_operator to None, run_after=None
[2025-12-27T23:14:00.679+0530] {processor.py:183} INFO - Processing /home/sathya/projects/training-kit/.venv-airflow/lib/python3.10/site-packages/airflow/example_dags/example_python_operator.py took 0.077 seconds
[2025-12-27T23:20:30.661+0530] {processor.py:161} INFO - Started process (PID=9619) to work on /home/sathya/projects/training-kit/.venv-airflow/lib/python3.10/site-packages/airflow/example_dags/example_python_operator.py
[2025-12-27T23:20:30.662+0530] {processor.py:830} INFO - Processing file /home/sathya/projects/training-kit/.venv-airflow/lib/python3.10/site-packages/airflow/example_dags/example_python_operator.py for tasks to queue
[2025-12-27T23:20:30.665+0530] {logging_mixin.py:188} INFO - [2025-12-27T23:20:30.665+0530] {dagbag.py:545} INFO - Filling up the DagBag from /home/sathya/projects/training-kit/.venv-airflow/lib/python3.10/site-packages/airflow/example_dags/example_python_operator.py
[2025-12-27T23:20:30.714+0530] {logging_mixin.py:188} INFO - [2025-12-27T23:20:30.714+0530] {example_python_operator.py:93} WARNING - The virtalenv_python example task requires virtualenv, please install it.
[2025-12-27T23:20:30.715+0530] {processor.py:840} INFO - DAG(s) 'example_python_operator' retrieved from /home/sathya/projects/training-kit/.venv-airflow/lib/python3.10/site-packages/airflow/example_dags/example_python_operator.py
[2025-12-27T23:20:30.745+0530] {logging_mixin.py:188} INFO - [2025-12-27T23:20:30.745+0530] {dag.py:3089} INFO - Sync 1 DAGs
[2025-12-27T23:20:30.764+0530] {logging_mixin.py:188} INFO - [2025-12-27T23:20:30.764+0530] {dag.py:3947} INFO - Setting next_dagrun for example_python_operator to None, run_after=None
[2025-12-27T23:20:30.809+0530] {processor.py:183} INFO - Processing /home/sathya/projects/training-kit/.venv-airflow/lib/python3.10/site-packages/airflow/example_dags/example_python_operator.py took 0.156 seconds
[2025-12-27T23:27:08.972+0530] {processor.py:161} INFO - Started process (PID=10351) to work on /home/sathya/projects/training-kit/.venv-airflow/lib/python3.10/site-packages/airflow/example_dags/example_python_operator.py
[2025-12-27T23:27:08.973+0530] {processor.py:830} INFO - Processing file /home/sathya/projects/training-kit/.venv-airflow/lib/python3.10/site-packages/airflow/example_dags/example_python_operator.py for tasks to queue
[2025-12-27T23:27:08.975+0530] {logging_mixin.py:188} INFO - [2025-12-27T23:27:08.975+0530] {dagbag.py:545} INFO - Filling up the DagBag from /home/sathya/projects/training-kit/.venv-airflow/lib/python3.10/site-packages/airflow/example_dags/example_python_operator.py
[2025-12-27T23:27:09.002+0530] {logging_mixin.py:188} INFO - [2025-12-27T23:27:09.001+0530] {example_python_operator.py:93} WARNING - The virtalenv_python example task requires virtualenv, please install it.
[2025-12-27T23:27:09.002+0530] {processor.py:840} INFO - DAG(s) 'example_python_operator' retrieved from /home/sathya/projects/training-kit/.venv-airflow/lib/python3.10/site-packages/airflow/example_dags/example_python_operator.py
[2025-12-27T23:27:09.016+0530] {logging_mixin.py:188} INFO - [2025-12-27T23:27:09.016+0530] {dag.py:3089} INFO - Sync 1 DAGs
[2025-12-27T23:27:09.024+0530] {logging_mixin.py:188} INFO - [2025-12-27T23:27:09.024+0530] {dag.py:3947} INFO - Setting next_dagrun for example_python_operator to None, run_after=None
[2025-12-27T23:27:09.048+0530] {processor.py:183} INFO - Processing /home/sathya/projects/training-kit/.venv-airflow/lib/python3.10/site-packages/airflow/example_dags/example_python_operator.py took 0.081 seconds
[2025-12-27T23:33:27.365+0530] {processor.py:161} INFO - Started process (PID=11057) to work on /home/sathya/projects/training-kit/.venv-airflow/lib/python3.10/site-packages/airflow/example_dags/example_python_operator.py
[2025-12-27T23:33:27.366+0530] {processor.py:830} INFO - Processing file /home/sathya/projects/training-kit/.venv-airflow/lib/python3.10/site-packages/airflow/example_dags/example_python_operator.py for tasks to queue
[2025-12-27T23:33:27.371+0530] {logging_mixin.py:188} INFO - [2025-12-27T23:33:27.370+0530] {dagbag.py:545} INFO - Filling up the DagBag from /home/sathya/projects/training-kit/.venv-airflow/lib/python3.10/site-packages/airflow/example_dags/example_python_operator.py
[2025-12-27T23:33:27.405+0530] {logging_mixin.py:188} INFO - [2025-12-27T23:33:27.404+0530] {example_python_operator.py:93} WARNING - The virtalenv_python example task requires virtualenv, please install it.
[2025-12-27T23:33:27.405+0530] {processor.py:840} INFO - DAG(s) 'example_python_operator' retrieved from /home/sathya/projects/training-kit/.venv-airflow/lib/python3.10/site-packages/airflow/example_dags/example_python_operator.py
[2025-12-27T23:33:27.421+0530] {logging_mixin.py:188} INFO - [2025-12-27T23:33:27.421+0530] {dag.py:3089} INFO - Sync 1 DAGs
[2025-12-27T23:33:27.429+0530] {logging_mixin.py:188} INFO - [2025-12-27T23:33:27.429+0530] {dag.py:3947} INFO - Setting next_dagrun for example_python_operator to None, run_after=None
[2025-12-27T23:33:27.461+0530] {processor.py:183} INFO - Processing /home/sathya/projects/training-kit/.venv-airflow/lib/python3.10/site-packages/airflow/example_dags/example_python_operator.py took 0.101 seconds
[2025-12-27T23:39:51.275+0530] {processor.py:161} INFO - Started process (PID=11793) to work on /home/sathya/projects/training-kit/.venv-airflow/lib/python3.10/site-packages/airflow/example_dags/example_python_operator.py
[2025-12-27T23:39:51.276+0530] {processor.py:830} INFO - Processing file /home/sathya/projects/training-kit/.venv-airflow/lib/python3.10/site-packages/airflow/example_dags/example_python_operator.py for tasks to queue
[2025-12-27T23:39:51.278+0530] {logging_mixin.py:188} INFO - [2025-12-27T23:39:51.277+0530] {dagbag.py:545} INFO - Filling up the DagBag from /home/sathya/projects/training-kit/.venv-airflow/lib/python3.10/site-packages/airflow/example_dags/example_python_operator.py
[2025-12-27T23:39:51.293+0530] {logging_mixin.py:188} INFO - [2025-12-27T23:39:51.292+0530] {example_python_operator.py:93} WARNING - The virtalenv_python example task requires virtualenv, please install it.
[2025-12-27T23:39:51.293+0530] {processor.py:840} INFO - DAG(s) 'example_python_operator' retrieved from /home/sathya/projects/training-kit/.venv-airflow/lib/python3.10/site-packages/airflow/example_dags/example_python_operator.py
[2025-12-27T23:39:51.307+0530] {logging_mixin.py:188} INFO - [2025-12-27T23:39:51.307+0530] {dag.py:3089} INFO - Sync 1 DAGs
[2025-12-27T23:39:51.316+0530] {logging_mixin.py:188} INFO - [2025-12-27T23:39:51.316+0530] {dag.py:3947} INFO - Setting next_dagrun for example_python_operator to None, run_after=None
[2025-12-27T23:39:51.336+0530] {processor.py:183} INFO - Processing /home/sathya/projects/training-kit/.venv-airflow/lib/python3.10/site-packages/airflow/example_dags/example_python_operator.py took 0.066 seconds
[2025-12-27T23:46:34.964+0530] {processor.py:161} INFO - Started process (PID=12537) to work on /home/sathya/projects/training-kit/.venv-airflow/lib/python3.10/site-packages/airflow/example_dags/example_python_operator.py
[2025-12-27T23:46:34.965+0530] {processor.py:830} INFO - Processing file /home/sathya/projects/training-kit/.venv-airflow/lib/python3.10/site-packages/airflow/example_dags/example_python_operator.py for tasks to queue
[2025-12-27T23:46:34.967+0530] {logging_mixin.py:188} INFO - [2025-12-27T23:46:34.966+0530] {dagbag.py:545} INFO - Filling up the DagBag from /home/sathya/projects/training-kit/.venv-airflow/lib/python3.10/site-packages/airflow/example_dags/example_python_operator.py
[2025-12-27T23:46:34.997+0530] {logging_mixin.py:188} INFO - [2025-12-27T23:46:34.997+0530] {example_python_operator.py:93} WARNING - The virtalenv_python example task requires virtualenv, please install it.
[2025-12-27T23:46:34.998+0530] {processor.py:840} INFO - DAG(s) 'example_python_operator' retrieved from /home/sathya/projects/training-kit/.venv-airflow/lib/python3.10/site-packages/airflow/example_dags/example_python_operator.py
[2025-12-27T23:46:35.013+0530] {logging_mixin.py:188} INFO - [2025-12-27T23:46:35.013+0530] {dag.py:3089} INFO - Sync 1 DAGs
[2025-12-27T23:46:35.023+0530] {logging_mixin.py:188} INFO - [2025-12-27T23:46:35.023+0530] {dag.py:3947} INFO - Setting next_dagrun for example_python_operator to None, run_after=None
[2025-12-27T23:46:35.044+0530] {processor.py:183} INFO - Processing /home/sathya/projects/training-kit/.venv-airflow/lib/python3.10/site-packages/airflow/example_dags/example_python_operator.py took 0.086 seconds
[2025-12-27T23:53:42.563+0530] {processor.py:161} INFO - Started process (PID=13300) to work on /home/sathya/projects/training-kit/.venv-airflow/lib/python3.10/site-packages/airflow/example_dags/example_python_operator.py
[2025-12-27T23:53:42.570+0530] {processor.py:830} INFO - Processing file /home/sathya/projects/training-kit/.venv-airflow/lib/python3.10/site-packages/airflow/example_dags/example_python_operator.py for tasks to queue
[2025-12-27T23:53:42.571+0530] {logging_mixin.py:188} INFO - [2025-12-27T23:53:42.571+0530] {dagbag.py:545} INFO - Filling up the DagBag from /home/sathya/projects/training-kit/.venv-airflow/lib/python3.10/site-packages/airflow/example_dags/example_python_operator.py
[2025-12-27T23:53:42.598+0530] {logging_mixin.py:188} INFO - [2025-12-27T23:53:42.598+0530] {example_python_operator.py:93} WARNING - The virtalenv_python example task requires virtualenv, please install it.
[2025-12-27T23:53:42.599+0530] {processor.py:840} INFO - DAG(s) 'example_python_operator' retrieved from /home/sathya/projects/training-kit/.venv-airflow/lib/python3.10/site-packages/airflow/example_dags/example_python_operator.py
[2025-12-27T23:53:42.614+0530] {logging_mixin.py:188} INFO - [2025-12-27T23:53:42.614+0530] {dag.py:3089} INFO - Sync 1 DAGs
[2025-12-27T23:53:42.622+0530] {logging_mixin.py:188} INFO - [2025-12-27T23:53:42.622+0530] {dag.py:3947} INFO - Setting next_dagrun for example_python_operator to None, run_after=None
[2025-12-27T23:53:42.645+0530] {processor.py:183} INFO - Processing /home/sathya/projects/training-kit/.venv-airflow/lib/python3.10/site-packages/airflow/example_dags/example_python_operator.py took 0.086 seconds
