[2025-12-27T19:19:52.151+0530] {processor.py:161} INFO - Started process (PID=939) to work on /home/sathya/projects/training-kit/.venv-airflow/lib/python3.10/site-packages/airflow/example_dags/example_branch_labels.py
[2025-12-27T19:19:52.153+0530] {processor.py:830} INFO - Processing file /home/sathya/projects/training-kit/.venv-airflow/lib/python3.10/site-packages/airflow/example_dags/example_branch_labels.py for tasks to queue
[2025-12-27T19:19:52.155+0530] {logging_mixin.py:188} INFO - [2025-12-27T19:19:52.154+0530] {dagbag.py:545} INFO - Filling up the DagBag from /home/sathya/projects/training-kit/.venv-airflow/lib/python3.10/site-packages/airflow/example_dags/example_branch_labels.py
[2025-12-27T19:19:52.164+0530] {processor.py:840} INFO - DAG(s) 'example_branch_labels' retrieved from /home/sathya/projects/training-kit/.venv-airflow/lib/python3.10/site-packages/airflow/example_dags/example_branch_labels.py
[2025-12-27T19:19:52.186+0530] {logging_mixin.py:188} INFO - [2025-12-27T19:19:52.186+0530] {dag.py:3089} INFO - Sync 1 DAGs
[2025-12-27T19:19:52.212+0530] {logging_mixin.py:188} INFO - [2025-12-27T19:19:52.211+0530] {dag.py:3947} INFO - Setting next_dagrun for example_branch_labels to 2025-12-27 00:00:00+00:00, run_after=2025-12-28 00:00:00+00:00
[2025-12-27T19:19:52.247+0530] {processor.py:183} INFO - Processing /home/sathya/projects/training-kit/.venv-airflow/lib/python3.10/site-packages/airflow/example_dags/example_branch_labels.py took 0.103 seconds
[2025-12-27T19:31:52.941+0530] {processor.py:161} INFO - Started process (PID=1312) to work on /home/sathya/projects/training-kit/.venv-airflow/lib/python3.10/site-packages/airflow/example_dags/example_branch_labels.py
[2025-12-27T19:31:52.943+0530] {processor.py:830} INFO - Processing file /home/sathya/projects/training-kit/.venv-airflow/lib/python3.10/site-packages/airflow/example_dags/example_branch_labels.py for tasks to queue
[2025-12-27T19:31:52.944+0530] {logging_mixin.py:188} INFO - [2025-12-27T19:31:52.944+0530] {dagbag.py:545} INFO - Filling up the DagBag from /home/sathya/projects/training-kit/.venv-airflow/lib/python3.10/site-packages/airflow/example_dags/example_branch_labels.py
[2025-12-27T19:31:52.954+0530] {processor.py:840} INFO - DAG(s) 'example_branch_labels' retrieved from /home/sathya/projects/training-kit/.venv-airflow/lib/python3.10/site-packages/airflow/example_dags/example_branch_labels.py
[2025-12-27T19:31:52.972+0530] {logging_mixin.py:188} INFO - [2025-12-27T19:31:52.971+0530] {dag.py:3089} INFO - Sync 1 DAGs
[2025-12-27T19:31:52.993+0530] {logging_mixin.py:188} INFO - [2025-12-27T19:31:52.993+0530] {dag.py:3947} INFO - Setting next_dagrun for example_branch_labels to 2025-12-27 00:00:00+00:00, run_after=2025-12-28 00:00:00+00:00
[2025-12-27T19:31:53.122+0530] {processor.py:183} INFO - Processing /home/sathya/projects/training-kit/.venv-airflow/lib/python3.10/site-packages/airflow/example_dags/example_branch_labels.py took 0.189 seconds
[2025-12-27T19:40:38.136+0530] {processor.py:161} INFO - Started process (PID=1641) to work on /home/sathya/projects/training-kit/.venv-airflow/lib/python3.10/site-packages/airflow/example_dags/example_branch_labels.py
[2025-12-27T19:40:38.137+0530] {processor.py:830} INFO - Processing file /home/sathya/projects/training-kit/.venv-airflow/lib/python3.10/site-packages/airflow/example_dags/example_branch_labels.py for tasks to queue
[2025-12-27T19:40:38.139+0530] {logging_mixin.py:188} INFO - [2025-12-27T19:40:38.139+0530] {dagbag.py:545} INFO - Filling up the DagBag from /home/sathya/projects/training-kit/.venv-airflow/lib/python3.10/site-packages/airflow/example_dags/example_branch_labels.py
[2025-12-27T19:40:38.148+0530] {processor.py:840} INFO - DAG(s) 'example_branch_labels' retrieved from /home/sathya/projects/training-kit/.venv-airflow/lib/python3.10/site-packages/airflow/example_dags/example_branch_labels.py
[2025-12-27T19:40:38.167+0530] {logging_mixin.py:188} INFO - [2025-12-27T19:40:38.166+0530] {dag.py:3089} INFO - Sync 1 DAGs
[2025-12-27T19:40:38.188+0530] {logging_mixin.py:188} INFO - [2025-12-27T19:40:38.188+0530] {dag.py:3947} INFO - Setting next_dagrun for example_branch_labels to 2025-12-27 00:00:00+00:00, run_after=2025-12-28 00:00:00+00:00
[2025-12-27T19:40:38.225+0530] {processor.py:183} INFO - Processing /home/sathya/projects/training-kit/.venv-airflow/lib/python3.10/site-packages/airflow/example_dags/example_branch_labels.py took 0.096 seconds
[2025-12-27T19:49:38.944+0530] {processor.py:161} INFO - Started process (PID=1977) to work on /home/sathya/projects/training-kit/.venv-airflow/lib/python3.10/site-packages/airflow/example_dags/example_branch_labels.py
[2025-12-27T19:49:38.946+0530] {processor.py:830} INFO - Processing file /home/sathya/projects/training-kit/.venv-airflow/lib/python3.10/site-packages/airflow/example_dags/example_branch_labels.py for tasks to queue
[2025-12-27T19:49:38.948+0530] {logging_mixin.py:188} INFO - [2025-12-27T19:49:38.948+0530] {dagbag.py:545} INFO - Filling up the DagBag from /home/sathya/projects/training-kit/.venv-airflow/lib/python3.10/site-packages/airflow/example_dags/example_branch_labels.py
[2025-12-27T19:49:38.957+0530] {processor.py:840} INFO - DAG(s) 'example_branch_labels' retrieved from /home/sathya/projects/training-kit/.venv-airflow/lib/python3.10/site-packages/airflow/example_dags/example_branch_labels.py
[2025-12-27T19:49:38.976+0530] {logging_mixin.py:188} INFO - [2025-12-27T19:49:38.975+0530] {dag.py:3089} INFO - Sync 1 DAGs
[2025-12-27T19:49:39.000+0530] {logging_mixin.py:188} INFO - [2025-12-27T19:49:38.999+0530] {dag.py:3947} INFO - Setting next_dagrun for example_branch_labels to 2025-12-27 00:00:00+00:00, run_after=2025-12-28 00:00:00+00:00
[2025-12-27T19:49:39.030+0530] {processor.py:183} INFO - Processing /home/sathya/projects/training-kit/.venv-airflow/lib/python3.10/site-packages/airflow/example_dags/example_branch_labels.py took 0.094 seconds
[2025-12-27T19:57:27.604+0530] {processor.py:161} INFO - Started process (PID=2294) to work on /home/sathya/projects/training-kit/.venv-airflow/lib/python3.10/site-packages/airflow/example_dags/example_branch_labels.py
[2025-12-27T19:57:27.605+0530] {processor.py:830} INFO - Processing file /home/sathya/projects/training-kit/.venv-airflow/lib/python3.10/site-packages/airflow/example_dags/example_branch_labels.py for tasks to queue
[2025-12-27T19:57:27.607+0530] {logging_mixin.py:188} INFO - [2025-12-27T19:57:27.606+0530] {dagbag.py:545} INFO - Filling up the DagBag from /home/sathya/projects/training-kit/.venv-airflow/lib/python3.10/site-packages/airflow/example_dags/example_branch_labels.py
[2025-12-27T19:57:27.615+0530] {processor.py:840} INFO - DAG(s) 'example_branch_labels' retrieved from /home/sathya/projects/training-kit/.venv-airflow/lib/python3.10/site-packages/airflow/example_dags/example_branch_labels.py
[2025-12-27T19:57:27.635+0530] {logging_mixin.py:188} INFO - [2025-12-27T19:57:27.635+0530] {dag.py:3089} INFO - Sync 1 DAGs
[2025-12-27T19:57:27.656+0530] {logging_mixin.py:188} INFO - [2025-12-27T19:57:27.656+0530] {dag.py:3947} INFO - Setting next_dagrun for example_branch_labels to 2025-12-27 00:00:00+00:00, run_after=2025-12-28 00:00:00+00:00
[2025-12-27T19:57:27.681+0530] {processor.py:183} INFO - Processing /home/sathya/projects/training-kit/.venv-airflow/lib/python3.10/site-packages/airflow/example_dags/example_branch_labels.py took 0.085 seconds
[2025-12-27T20:05:58.140+0530] {processor.py:161} INFO - Started process (PID=2645) to work on /home/sathya/projects/training-kit/.venv-airflow/lib/python3.10/site-packages/airflow/example_dags/example_branch_labels.py
[2025-12-27T20:05:58.142+0530] {processor.py:830} INFO - Processing file /home/sathya/projects/training-kit/.venv-airflow/lib/python3.10/site-packages/airflow/example_dags/example_branch_labels.py for tasks to queue
[2025-12-27T20:05:58.144+0530] {logging_mixin.py:188} INFO - [2025-12-27T20:05:58.143+0530] {dagbag.py:545} INFO - Filling up the DagBag from /home/sathya/projects/training-kit/.venv-airflow/lib/python3.10/site-packages/airflow/example_dags/example_branch_labels.py
[2025-12-27T20:05:58.152+0530] {processor.py:840} INFO - DAG(s) 'example_branch_labels' retrieved from /home/sathya/projects/training-kit/.venv-airflow/lib/python3.10/site-packages/airflow/example_dags/example_branch_labels.py
[2025-12-27T20:05:58.168+0530] {logging_mixin.py:188} INFO - [2025-12-27T20:05:58.168+0530] {dag.py:3089} INFO - Sync 1 DAGs
[2025-12-27T20:05:58.186+0530] {logging_mixin.py:188} INFO - [2025-12-27T20:05:58.186+0530] {dag.py:3947} INFO - Setting next_dagrun for example_branch_labels to 2025-12-27 00:00:00+00:00, run_after=2025-12-28 00:00:00+00:00
[2025-12-27T20:05:58.208+0530] {processor.py:183} INFO - Processing /home/sathya/projects/training-kit/.venv-airflow/lib/python3.10/site-packages/airflow/example_dags/example_branch_labels.py took 0.074 seconds
[2025-12-27T20:13:46.812+0530] {processor.py:161} INFO - Started process (PID=2979) to work on /home/sathya/projects/training-kit/.venv-airflow/lib/python3.10/site-packages/airflow/example_dags/example_branch_labels.py
[2025-12-27T20:13:46.818+0530] {processor.py:830} INFO - Processing file /home/sathya/projects/training-kit/.venv-airflow/lib/python3.10/site-packages/airflow/example_dags/example_branch_labels.py for tasks to queue
[2025-12-27T20:13:46.820+0530] {logging_mixin.py:188} INFO - [2025-12-27T20:13:46.820+0530] {dagbag.py:545} INFO - Filling up the DagBag from /home/sathya/projects/training-kit/.venv-airflow/lib/python3.10/site-packages/airflow/example_dags/example_branch_labels.py
[2025-12-27T20:13:46.829+0530] {processor.py:840} INFO - DAG(s) 'example_branch_labels' retrieved from /home/sathya/projects/training-kit/.venv-airflow/lib/python3.10/site-packages/airflow/example_dags/example_branch_labels.py
[2025-12-27T20:13:46.845+0530] {logging_mixin.py:188} INFO - [2025-12-27T20:13:46.845+0530] {dag.py:3089} INFO - Sync 1 DAGs
[2025-12-27T20:13:46.863+0530] {logging_mixin.py:188} INFO - [2025-12-27T20:13:46.863+0530] {dag.py:3947} INFO - Setting next_dagrun for example_branch_labels to 2025-12-27 00:00:00+00:00, run_after=2025-12-28 00:00:00+00:00
[2025-12-27T20:13:46.888+0530] {processor.py:183} INFO - Processing /home/sathya/projects/training-kit/.venv-airflow/lib/python3.10/site-packages/airflow/example_dags/example_branch_labels.py took 0.083 seconds
[2025-12-27T20:20:36.169+0530] {processor.py:161} INFO - Started process (PID=3284) to work on /home/sathya/projects/training-kit/.venv-airflow/lib/python3.10/site-packages/airflow/example_dags/example_branch_labels.py
[2025-12-27T20:20:36.170+0530] {processor.py:830} INFO - Processing file /home/sathya/projects/training-kit/.venv-airflow/lib/python3.10/site-packages/airflow/example_dags/example_branch_labels.py for tasks to queue
[2025-12-27T20:20:36.172+0530] {logging_mixin.py:188} INFO - [2025-12-27T20:20:36.172+0530] {dagbag.py:545} INFO - Filling up the DagBag from /home/sathya/projects/training-kit/.venv-airflow/lib/python3.10/site-packages/airflow/example_dags/example_branch_labels.py
[2025-12-27T20:20:36.180+0530] {processor.py:840} INFO - DAG(s) 'example_branch_labels' retrieved from /home/sathya/projects/training-kit/.venv-airflow/lib/python3.10/site-packages/airflow/example_dags/example_branch_labels.py
[2025-12-27T20:20:36.200+0530] {logging_mixin.py:188} INFO - [2025-12-27T20:20:36.199+0530] {dag.py:3089} INFO - Sync 1 DAGs
[2025-12-27T20:20:36.219+0530] {logging_mixin.py:188} INFO - [2025-12-27T20:20:36.219+0530] {dag.py:3947} INFO - Setting next_dagrun for example_branch_labels to 2025-12-27 00:00:00+00:00, run_after=2025-12-28 00:00:00+00:00
[2025-12-27T20:20:36.255+0530] {processor.py:183} INFO - Processing /home/sathya/projects/training-kit/.venv-airflow/lib/python3.10/site-packages/airflow/example_dags/example_branch_labels.py took 0.092 seconds
[2025-12-27T20:27:15.361+0530] {processor.py:161} INFO - Started process (PID=3559) to work on /home/sathya/projects/training-kit/.venv-airflow/lib/python3.10/site-packages/airflow/example_dags/example_branch_labels.py
[2025-12-27T20:27:15.363+0530] {processor.py:830} INFO - Processing file /home/sathya/projects/training-kit/.venv-airflow/lib/python3.10/site-packages/airflow/example_dags/example_branch_labels.py for tasks to queue
[2025-12-27T20:27:15.369+0530] {logging_mixin.py:188} INFO - [2025-12-27T20:27:15.368+0530] {dagbag.py:545} INFO - Filling up the DagBag from /home/sathya/projects/training-kit/.venv-airflow/lib/python3.10/site-packages/airflow/example_dags/example_branch_labels.py
[2025-12-27T20:27:15.396+0530] {processor.py:840} INFO - DAG(s) 'example_branch_labels' retrieved from /home/sathya/projects/training-kit/.venv-airflow/lib/python3.10/site-packages/airflow/example_dags/example_branch_labels.py
[2025-12-27T20:27:15.426+0530] {logging_mixin.py:188} INFO - [2025-12-27T20:27:15.426+0530] {dag.py:3089} INFO - Sync 1 DAGs
[2025-12-27T20:27:15.458+0530] {logging_mixin.py:188} INFO - [2025-12-27T20:27:15.457+0530] {dag.py:3947} INFO - Setting next_dagrun for example_branch_labels to 2025-12-27 00:00:00+00:00, run_after=2025-12-28 00:00:00+00:00
[2025-12-27T20:27:15.501+0530] {processor.py:183} INFO - Processing /home/sathya/projects/training-kit/.venv-airflow/lib/python3.10/site-packages/airflow/example_dags/example_branch_labels.py took 0.151 seconds
[2025-12-27T20:34:38.388+0530] {processor.py:161} INFO - Started process (PID=3883) to work on /home/sathya/projects/training-kit/.venv-airflow/lib/python3.10/site-packages/airflow/example_dags/example_branch_labels.py
[2025-12-27T20:34:38.390+0530] {processor.py:830} INFO - Processing file /home/sathya/projects/training-kit/.venv-airflow/lib/python3.10/site-packages/airflow/example_dags/example_branch_labels.py for tasks to queue
[2025-12-27T20:34:38.392+0530] {logging_mixin.py:188} INFO - [2025-12-27T20:34:38.391+0530] {dagbag.py:545} INFO - Filling up the DagBag from /home/sathya/projects/training-kit/.venv-airflow/lib/python3.10/site-packages/airflow/example_dags/example_branch_labels.py
[2025-12-27T20:34:38.401+0530] {processor.py:840} INFO - DAG(s) 'example_branch_labels' retrieved from /home/sathya/projects/training-kit/.venv-airflow/lib/python3.10/site-packages/airflow/example_dags/example_branch_labels.py
[2025-12-27T20:34:38.417+0530] {logging_mixin.py:188} INFO - [2025-12-27T20:34:38.417+0530] {dag.py:3089} INFO - Sync 1 DAGs
[2025-12-27T20:34:38.435+0530] {logging_mixin.py:188} INFO - [2025-12-27T20:34:38.435+0530] {dag.py:3947} INFO - Setting next_dagrun for example_branch_labels to 2025-12-27 00:00:00+00:00, run_after=2025-12-28 00:00:00+00:00
[2025-12-27T20:34:38.458+0530] {processor.py:183} INFO - Processing /home/sathya/projects/training-kit/.venv-airflow/lib/python3.10/site-packages/airflow/example_dags/example_branch_labels.py took 0.075 seconds
[2025-12-27T20:41:54.506+0530] {processor.py:161} INFO - Started process (PID=4178) to work on /home/sathya/projects/training-kit/.venv-airflow/lib/python3.10/site-packages/airflow/example_dags/example_branch_labels.py
[2025-12-27T20:41:54.507+0530] {processor.py:830} INFO - Processing file /home/sathya/projects/training-kit/.venv-airflow/lib/python3.10/site-packages/airflow/example_dags/example_branch_labels.py for tasks to queue
[2025-12-27T20:41:54.509+0530] {logging_mixin.py:188} INFO - [2025-12-27T20:41:54.509+0530] {dagbag.py:545} INFO - Filling up the DagBag from /home/sathya/projects/training-kit/.venv-airflow/lib/python3.10/site-packages/airflow/example_dags/example_branch_labels.py
[2025-12-27T20:41:54.521+0530] {processor.py:840} INFO - DAG(s) 'example_branch_labels' retrieved from /home/sathya/projects/training-kit/.venv-airflow/lib/python3.10/site-packages/airflow/example_dags/example_branch_labels.py
[2025-12-27T20:41:54.548+0530] {logging_mixin.py:188} INFO - [2025-12-27T20:41:54.547+0530] {dag.py:3089} INFO - Sync 1 DAGs
[2025-12-27T20:41:54.578+0530] {logging_mixin.py:188} INFO - [2025-12-27T20:41:54.577+0530] {dag.py:3947} INFO - Setting next_dagrun for example_branch_labels to 2025-12-27 00:00:00+00:00, run_after=2025-12-28 00:00:00+00:00
[2025-12-27T20:41:54.610+0530] {processor.py:183} INFO - Processing /home/sathya/projects/training-kit/.venv-airflow/lib/python3.10/site-packages/airflow/example_dags/example_branch_labels.py took 0.115 seconds
[2025-12-27T20:50:06.125+0530] {processor.py:161} INFO - Started process (PID=4517) to work on /home/sathya/projects/training-kit/.venv-airflow/lib/python3.10/site-packages/airflow/example_dags/example_branch_labels.py
[2025-12-27T20:50:06.127+0530] {processor.py:830} INFO - Processing file /home/sathya/projects/training-kit/.venv-airflow/lib/python3.10/site-packages/airflow/example_dags/example_branch_labels.py for tasks to queue
[2025-12-27T20:50:06.129+0530] {logging_mixin.py:188} INFO - [2025-12-27T20:50:06.129+0530] {dagbag.py:545} INFO - Filling up the DagBag from /home/sathya/projects/training-kit/.venv-airflow/lib/python3.10/site-packages/airflow/example_dags/example_branch_labels.py
[2025-12-27T20:50:06.140+0530] {processor.py:840} INFO - DAG(s) 'example_branch_labels' retrieved from /home/sathya/projects/training-kit/.venv-airflow/lib/python3.10/site-packages/airflow/example_dags/example_branch_labels.py
[2025-12-27T20:50:06.162+0530] {logging_mixin.py:188} INFO - [2025-12-27T20:50:06.161+0530] {dag.py:3089} INFO - Sync 1 DAGs
[2025-12-27T20:50:06.186+0530] {logging_mixin.py:188} INFO - [2025-12-27T20:50:06.186+0530] {dag.py:3947} INFO - Setting next_dagrun for example_branch_labels to 2025-12-27 00:00:00+00:00, run_after=2025-12-28 00:00:00+00:00
[2025-12-27T20:50:06.216+0530] {processor.py:183} INFO - Processing /home/sathya/projects/training-kit/.venv-airflow/lib/python3.10/site-packages/airflow/example_dags/example_branch_labels.py took 0.100 seconds
[2025-12-27T21:53:14.950+0530] {processor.py:161} INFO - Started process (PID=4992) to work on /home/sathya/projects/training-kit/.venv-airflow/lib/python3.10/site-packages/airflow/example_dags/example_branch_labels.py
[2025-12-27T21:53:14.952+0530] {processor.py:830} INFO - Processing file /home/sathya/projects/training-kit/.venv-airflow/lib/python3.10/site-packages/airflow/example_dags/example_branch_labels.py for tasks to queue
[2025-12-27T21:53:14.956+0530] {logging_mixin.py:188} INFO - [2025-12-27T21:53:14.956+0530] {dagbag.py:545} INFO - Filling up the DagBag from /home/sathya/projects/training-kit/.venv-airflow/lib/python3.10/site-packages/airflow/example_dags/example_branch_labels.py
[2025-12-27T21:53:14.968+0530] {processor.py:840} INFO - DAG(s) 'example_branch_labels' retrieved from /home/sathya/projects/training-kit/.venv-airflow/lib/python3.10/site-packages/airflow/example_dags/example_branch_labels.py
[2025-12-27T21:53:14.992+0530] {logging_mixin.py:188} INFO - [2025-12-27T21:53:14.992+0530] {dag.py:3089} INFO - Sync 1 DAGs
[2025-12-27T21:53:15.019+0530] {logging_mixin.py:188} INFO - [2025-12-27T21:53:15.019+0530] {dag.py:3947} INFO - Setting next_dagrun for example_branch_labels to 2025-12-27 00:00:00+00:00, run_after=2025-12-28 00:00:00+00:00
[2025-12-27T21:53:15.047+0530] {processor.py:183} INFO - Processing /home/sathya/projects/training-kit/.venv-airflow/lib/python3.10/site-packages/airflow/example_dags/example_branch_labels.py took 0.108 seconds
[2025-12-27T22:01:42.427+0530] {processor.py:161} INFO - Started process (PID=5408) to work on /home/sathya/projects/training-kit/.venv-airflow/lib/python3.10/site-packages/airflow/example_dags/example_branch_labels.py
[2025-12-27T22:01:42.429+0530] {processor.py:830} INFO - Processing file /home/sathya/projects/training-kit/.venv-airflow/lib/python3.10/site-packages/airflow/example_dags/example_branch_labels.py for tasks to queue
[2025-12-27T22:01:42.431+0530] {logging_mixin.py:188} INFO - [2025-12-27T22:01:42.430+0530] {dagbag.py:545} INFO - Filling up the DagBag from /home/sathya/projects/training-kit/.venv-airflow/lib/python3.10/site-packages/airflow/example_dags/example_branch_labels.py
[2025-12-27T22:01:42.439+0530] {processor.py:840} INFO - DAG(s) 'example_branch_labels' retrieved from /home/sathya/projects/training-kit/.venv-airflow/lib/python3.10/site-packages/airflow/example_dags/example_branch_labels.py
[2025-12-27T22:01:42.456+0530] {logging_mixin.py:188} INFO - [2025-12-27T22:01:42.456+0530] {dag.py:3089} INFO - Sync 1 DAGs
[2025-12-27T22:01:42.477+0530] {logging_mixin.py:188} INFO - [2025-12-27T22:01:42.476+0530] {dag.py:3947} INFO - Setting next_dagrun for example_branch_labels to 2025-12-27 00:00:00+00:00, run_after=2025-12-28 00:00:00+00:00
[2025-12-27T22:01:42.501+0530] {processor.py:183} INFO - Processing /home/sathya/projects/training-kit/.venv-airflow/lib/python3.10/site-packages/airflow/example_dags/example_branch_labels.py took 0.082 seconds
[2025-12-27T22:18:24.842+0530] {processor.py:161} INFO - Started process (PID=5861) to work on /home/sathya/projects/training-kit/.venv-airflow/lib/python3.10/site-packages/airflow/example_dags/example_branch_labels.py
[2025-12-27T22:18:24.850+0530] {processor.py:830} INFO - Processing file /home/sathya/projects/training-kit/.venv-airflow/lib/python3.10/site-packages/airflow/example_dags/example_branch_labels.py for tasks to queue
[2025-12-27T22:18:24.855+0530] {logging_mixin.py:188} INFO - [2025-12-27T22:18:24.854+0530] {dagbag.py:545} INFO - Filling up the DagBag from /home/sathya/projects/training-kit/.venv-airflow/lib/python3.10/site-packages/airflow/example_dags/example_branch_labels.py
[2025-12-27T22:18:24.879+0530] {processor.py:840} INFO - DAG(s) 'example_branch_labels' retrieved from /home/sathya/projects/training-kit/.venv-airflow/lib/python3.10/site-packages/airflow/example_dags/example_branch_labels.py
[2025-12-27T22:18:24.933+0530] {logging_mixin.py:188} INFO - [2025-12-27T22:18:24.932+0530] {dag.py:3089} INFO - Sync 1 DAGs
[2025-12-27T22:18:24.996+0530] {logging_mixin.py:188} INFO - [2025-12-27T22:18:24.995+0530] {dag.py:3947} INFO - Setting next_dagrun for example_branch_labels to 2025-12-27 00:00:00+00:00, run_after=2025-12-28 00:00:00+00:00
[2025-12-27T22:18:25.072+0530] {processor.py:183} INFO - Processing /home/sathya/projects/training-kit/.venv-airflow/lib/python3.10/site-packages/airflow/example_dags/example_branch_labels.py took 0.247 seconds
[2025-12-27T22:31:33.555+0530] {processor.py:161} INFO - Started process (PID=6287) to work on /home/sathya/projects/training-kit/.venv-airflow/lib/python3.10/site-packages/airflow/example_dags/example_branch_labels.py
[2025-12-27T22:31:33.556+0530] {processor.py:830} INFO - Processing file /home/sathya/projects/training-kit/.venv-airflow/lib/python3.10/site-packages/airflow/example_dags/example_branch_labels.py for tasks to queue
[2025-12-27T22:31:33.557+0530] {logging_mixin.py:188} INFO - [2025-12-27T22:31:33.557+0530] {dagbag.py:545} INFO - Filling up the DagBag from /home/sathya/projects/training-kit/.venv-airflow/lib/python3.10/site-packages/airflow/example_dags/example_branch_labels.py
[2025-12-27T22:31:33.563+0530] {processor.py:840} INFO - DAG(s) 'example_branch_labels' retrieved from /home/sathya/projects/training-kit/.venv-airflow/lib/python3.10/site-packages/airflow/example_dags/example_branch_labels.py
[2025-12-27T22:31:33.574+0530] {logging_mixin.py:188} INFO - [2025-12-27T22:31:33.574+0530] {dag.py:3089} INFO - Sync 1 DAGs
[2025-12-27T22:31:33.587+0530] {logging_mixin.py:188} INFO - [2025-12-27T22:31:33.587+0530] {dag.py:3947} INFO - Setting next_dagrun for example_branch_labels to 2025-12-27 00:00:00+00:00, run_after=2025-12-28 00:00:00+00:00
[2025-12-27T22:31:33.604+0530] {processor.py:183} INFO - Processing /home/sathya/projects/training-kit/.venv-airflow/lib/python3.10/site-packages/airflow/example_dags/example_branch_labels.py took 0.054 seconds
[2025-12-27T22:36:28.756+0530] {processor.py:161} INFO - Started process (PID=6594) to work on /home/sathya/projects/training-kit/.venv-airflow/lib/python3.10/site-packages/airflow/example_dags/example_branch_labels.py
[2025-12-27T22:36:28.757+0530] {processor.py:830} INFO - Processing file /home/sathya/projects/training-kit/.venv-airflow/lib/python3.10/site-packages/airflow/example_dags/example_branch_labels.py for tasks to queue
[2025-12-27T22:36:28.759+0530] {logging_mixin.py:188} INFO - [2025-12-27T22:36:28.758+0530] {dagbag.py:545} INFO - Filling up the DagBag from /home/sathya/projects/training-kit/.venv-airflow/lib/python3.10/site-packages/airflow/example_dags/example_branch_labels.py
[2025-12-27T22:36:28.765+0530] {processor.py:840} INFO - DAG(s) 'example_branch_labels' retrieved from /home/sathya/projects/training-kit/.venv-airflow/lib/python3.10/site-packages/airflow/example_dags/example_branch_labels.py
[2025-12-27T22:36:28.778+0530] {logging_mixin.py:188} INFO - [2025-12-27T22:36:28.778+0530] {dag.py:3089} INFO - Sync 1 DAGs
[2025-12-27T22:36:28.792+0530] {logging_mixin.py:188} INFO - [2025-12-27T22:36:28.792+0530] {dag.py:3947} INFO - Setting next_dagrun for example_branch_labels to 2025-12-27 00:00:00+00:00, run_after=2025-12-28 00:00:00+00:00
[2025-12-27T22:36:28.810+0530] {processor.py:183} INFO - Processing /home/sathya/projects/training-kit/.venv-airflow/lib/python3.10/site-packages/airflow/example_dags/example_branch_labels.py took 0.058 seconds
[2025-12-27T22:41:43.378+0530] {processor.py:161} INFO - Started process (PID=6889) to work on /home/sathya/projects/training-kit/.venv-airflow/lib/python3.10/site-packages/airflow/example_dags/example_branch_labels.py
[2025-12-27T22:41:43.379+0530] {processor.py:830} INFO - Processing file /home/sathya/projects/training-kit/.venv-airflow/lib/python3.10/site-packages/airflow/example_dags/example_branch_labels.py for tasks to queue
[2025-12-27T22:41:43.380+0530] {logging_mixin.py:188} INFO - [2025-12-27T22:41:43.380+0530] {dagbag.py:545} INFO - Filling up the DagBag from /home/sathya/projects/training-kit/.venv-airflow/lib/python3.10/site-packages/airflow/example_dags/example_branch_labels.py
[2025-12-27T22:41:43.386+0530] {processor.py:840} INFO - DAG(s) 'example_branch_labels' retrieved from /home/sathya/projects/training-kit/.venv-airflow/lib/python3.10/site-packages/airflow/example_dags/example_branch_labels.py
[2025-12-27T22:41:43.398+0530] {logging_mixin.py:188} INFO - [2025-12-27T22:41:43.398+0530] {dag.py:3089} INFO - Sync 1 DAGs
[2025-12-27T22:41:43.412+0530] {logging_mixin.py:188} INFO - [2025-12-27T22:41:43.412+0530] {dag.py:3947} INFO - Setting next_dagrun for example_branch_labels to 2025-12-27 00:00:00+00:00, run_after=2025-12-28 00:00:00+00:00
[2025-12-27T22:41:43.431+0530] {processor.py:183} INFO - Processing /home/sathya/projects/training-kit/.venv-airflow/lib/python3.10/site-packages/airflow/example_dags/example_branch_labels.py took 0.058 seconds
[2025-12-27T22:47:35.982+0530] {processor.py:161} INFO - Started process (PID=7198) to work on /home/sathya/projects/training-kit/.venv-airflow/lib/python3.10/site-packages/airflow/example_dags/example_branch_labels.py
[2025-12-27T22:47:35.984+0530] {processor.py:830} INFO - Processing file /home/sathya/projects/training-kit/.venv-airflow/lib/python3.10/site-packages/airflow/example_dags/example_branch_labels.py for tasks to queue
[2025-12-27T22:47:35.985+0530] {logging_mixin.py:188} INFO - [2025-12-27T22:47:35.985+0530] {dagbag.py:545} INFO - Filling up the DagBag from /home/sathya/projects/training-kit/.venv-airflow/lib/python3.10/site-packages/airflow/example_dags/example_branch_labels.py
[2025-12-27T22:47:35.997+0530] {processor.py:840} INFO - DAG(s) 'example_branch_labels' retrieved from /home/sathya/projects/training-kit/.venv-airflow/lib/python3.10/site-packages/airflow/example_dags/example_branch_labels.py
[2025-12-27T22:47:36.013+0530] {logging_mixin.py:188} INFO - [2025-12-27T22:47:36.013+0530] {dag.py:3089} INFO - Sync 1 DAGs
[2025-12-27T22:47:36.030+0530] {logging_mixin.py:188} INFO - [2025-12-27T22:47:36.030+0530] {dag.py:3947} INFO - Setting next_dagrun for example_branch_labels to 2025-12-27 00:00:00+00:00, run_after=2025-12-28 00:00:00+00:00
[2025-12-27T22:47:36.051+0530] {processor.py:183} INFO - Processing /home/sathya/projects/training-kit/.venv-airflow/lib/python3.10/site-packages/airflow/example_dags/example_branch_labels.py took 0.073 seconds
[2025-12-27T22:53:37.041+0530] {processor.py:161} INFO - Started process (PID=7520) to work on /home/sathya/projects/training-kit/.venv-airflow/lib/python3.10/site-packages/airflow/example_dags/example_branch_labels.py
[2025-12-27T22:53:37.043+0530] {processor.py:830} INFO - Processing file /home/sathya/projects/training-kit/.venv-airflow/lib/python3.10/site-packages/airflow/example_dags/example_branch_labels.py for tasks to queue
[2025-12-27T22:53:37.044+0530] {logging_mixin.py:188} INFO - [2025-12-27T22:53:37.044+0530] {dagbag.py:545} INFO - Filling up the DagBag from /home/sathya/projects/training-kit/.venv-airflow/lib/python3.10/site-packages/airflow/example_dags/example_branch_labels.py
[2025-12-27T22:53:37.051+0530] {processor.py:840} INFO - DAG(s) 'example_branch_labels' retrieved from /home/sathya/projects/training-kit/.venv-airflow/lib/python3.10/site-packages/airflow/example_dags/example_branch_labels.py
[2025-12-27T22:53:37.064+0530] {logging_mixin.py:188} INFO - [2025-12-27T22:53:37.063+0530] {dag.py:3089} INFO - Sync 1 DAGs
[2025-12-27T22:53:37.079+0530] {logging_mixin.py:188} INFO - [2025-12-27T22:53:37.078+0530] {dag.py:3947} INFO - Setting next_dagrun for example_branch_labels to 2025-12-27 00:00:00+00:00, run_after=2025-12-28 00:00:00+00:00
[2025-12-27T22:53:37.100+0530] {processor.py:183} INFO - Processing /home/sathya/projects/training-kit/.venv-airflow/lib/python3.10/site-packages/airflow/example_dags/example_branch_labels.py took 0.063 seconds
[2025-12-27T23:00:01.544+0530] {processor.py:161} INFO - Started process (PID=7958) to work on /home/sathya/projects/training-kit/.venv-airflow/lib/python3.10/site-packages/airflow/example_dags/example_branch_labels.py
[2025-12-27T23:00:01.552+0530] {processor.py:830} INFO - Processing file /home/sathya/projects/training-kit/.venv-airflow/lib/python3.10/site-packages/airflow/example_dags/example_branch_labels.py for tasks to queue
[2025-12-27T23:00:01.554+0530] {logging_mixin.py:188} INFO - [2025-12-27T23:00:01.553+0530] {dagbag.py:545} INFO - Filling up the DagBag from /home/sathya/projects/training-kit/.venv-airflow/lib/python3.10/site-packages/airflow/example_dags/example_branch_labels.py
[2025-12-27T23:00:01.560+0530] {processor.py:840} INFO - DAG(s) 'example_branch_labels' retrieved from /home/sathya/projects/training-kit/.venv-airflow/lib/python3.10/site-packages/airflow/example_dags/example_branch_labels.py
[2025-12-27T23:00:01.575+0530] {logging_mixin.py:188} INFO - [2025-12-27T23:00:01.575+0530] {dag.py:3089} INFO - Sync 1 DAGs
[2025-12-27T23:00:01.590+0530] {logging_mixin.py:188} INFO - [2025-12-27T23:00:01.590+0530] {dag.py:3947} INFO - Setting next_dagrun for example_branch_labels to 2025-12-27 00:00:00+00:00, run_after=2025-12-28 00:00:00+00:00
[2025-12-27T23:00:01.609+0530] {processor.py:183} INFO - Processing /home/sathya/projects/training-kit/.venv-airflow/lib/python3.10/site-packages/airflow/example_dags/example_branch_labels.py took 0.070 seconds
[2025-12-27T23:06:02.024+0530] {processor.py:161} INFO - Started process (PID=8315) to work on /home/sathya/projects/training-kit/.venv-airflow/lib/python3.10/site-packages/airflow/example_dags/example_branch_labels.py
[2025-12-27T23:06:02.025+0530] {processor.py:830} INFO - Processing file /home/sathya/projects/training-kit/.venv-airflow/lib/python3.10/site-packages/airflow/example_dags/example_branch_labels.py for tasks to queue
[2025-12-27T23:06:02.027+0530] {logging_mixin.py:188} INFO - [2025-12-27T23:06:02.026+0530] {dagbag.py:545} INFO - Filling up the DagBag from /home/sathya/projects/training-kit/.venv-airflow/lib/python3.10/site-packages/airflow/example_dags/example_branch_labels.py
[2025-12-27T23:06:02.035+0530] {processor.py:840} INFO - DAG(s) 'example_branch_labels' retrieved from /home/sathya/projects/training-kit/.venv-airflow/lib/python3.10/site-packages/airflow/example_dags/example_branch_labels.py
[2025-12-27T23:06:02.050+0530] {logging_mixin.py:188} INFO - [2025-12-27T23:06:02.050+0530] {dag.py:3089} INFO - Sync 1 DAGs
[2025-12-27T23:06:02.066+0530] {logging_mixin.py:188} INFO - [2025-12-27T23:06:02.066+0530] {dag.py:3947} INFO - Setting next_dagrun for example_branch_labels to 2025-12-27 00:00:00+00:00, run_after=2025-12-28 00:00:00+00:00
[2025-12-27T23:06:02.089+0530] {processor.py:183} INFO - Processing /home/sathya/projects/training-kit/.venv-airflow/lib/python3.10/site-packages/airflow/example_dags/example_branch_labels.py took 0.073 seconds
[2025-12-27T23:13:31.082+0530] {processor.py:161} INFO - Started process (PID=8790) to work on /home/sathya/projects/training-kit/.venv-airflow/lib/python3.10/site-packages/airflow/example_dags/example_branch_labels.py
[2025-12-27T23:13:31.083+0530] {processor.py:830} INFO - Processing file /home/sathya/projects/training-kit/.venv-airflow/lib/python3.10/site-packages/airflow/example_dags/example_branch_labels.py for tasks to queue
[2025-12-27T23:13:31.084+0530] {logging_mixin.py:188} INFO - [2025-12-27T23:13:31.084+0530] {dagbag.py:545} INFO - Filling up the DagBag from /home/sathya/projects/training-kit/.venv-airflow/lib/python3.10/site-packages/airflow/example_dags/example_branch_labels.py
[2025-12-27T23:13:31.091+0530] {processor.py:840} INFO - DAG(s) 'example_branch_labels' retrieved from /home/sathya/projects/training-kit/.venv-airflow/lib/python3.10/site-packages/airflow/example_dags/example_branch_labels.py
[2025-12-27T23:13:31.105+0530] {logging_mixin.py:188} INFO - [2025-12-27T23:13:31.105+0530] {dag.py:3089} INFO - Sync 1 DAGs
[2025-12-27T23:13:31.120+0530] {logging_mixin.py:188} INFO - [2025-12-27T23:13:31.120+0530] {dag.py:3947} INFO - Setting next_dagrun for example_branch_labels to 2025-12-27 00:00:00+00:00, run_after=2025-12-28 00:00:00+00:00
[2025-12-27T23:13:31.139+0530] {processor.py:183} INFO - Processing /home/sathya/projects/training-kit/.venv-airflow/lib/python3.10/site-packages/airflow/example_dags/example_branch_labels.py took 0.062 seconds
[2025-12-27T23:19:40.994+0530] {processor.py:161} INFO - Started process (PID=9525) to work on /home/sathya/projects/training-kit/.venv-airflow/lib/python3.10/site-packages/airflow/example_dags/example_branch_labels.py
[2025-12-27T23:19:41.000+0530] {processor.py:830} INFO - Processing file /home/sathya/projects/training-kit/.venv-airflow/lib/python3.10/site-packages/airflow/example_dags/example_branch_labels.py for tasks to queue
[2025-12-27T23:19:41.002+0530] {logging_mixin.py:188} INFO - [2025-12-27T23:19:41.001+0530] {dagbag.py:545} INFO - Filling up the DagBag from /home/sathya/projects/training-kit/.venv-airflow/lib/python3.10/site-packages/airflow/example_dags/example_branch_labels.py
[2025-12-27T23:19:41.014+0530] {processor.py:840} INFO - DAG(s) 'example_branch_labels' retrieved from /home/sathya/projects/training-kit/.venv-airflow/lib/python3.10/site-packages/airflow/example_dags/example_branch_labels.py
[2025-12-27T23:19:41.041+0530] {logging_mixin.py:188} INFO - [2025-12-27T23:19:41.040+0530] {dag.py:3089} INFO - Sync 1 DAGs
[2025-12-27T23:19:41.063+0530] {logging_mixin.py:188} INFO - [2025-12-27T23:19:41.063+0530] {dag.py:3947} INFO - Setting next_dagrun for example_branch_labels to 2025-12-27 00:00:00+00:00, run_after=2025-12-28 00:00:00+00:00
[2025-12-27T23:19:41.098+0530] {processor.py:183} INFO - Processing /home/sathya/projects/training-kit/.venv-airflow/lib/python3.10/site-packages/airflow/example_dags/example_branch_labels.py took 0.116 seconds
[2025-12-27T23:25:59.515+0530] {processor.py:161} INFO - Started process (PID=10246) to work on /home/sathya/projects/training-kit/.venv-airflow/lib/python3.10/site-packages/airflow/example_dags/example_branch_labels.py
[2025-12-27T23:25:59.516+0530] {processor.py:830} INFO - Processing file /home/sathya/projects/training-kit/.venv-airflow/lib/python3.10/site-packages/airflow/example_dags/example_branch_labels.py for tasks to queue
[2025-12-27T23:25:59.517+0530] {logging_mixin.py:188} INFO - [2025-12-27T23:25:59.517+0530] {dagbag.py:545} INFO - Filling up the DagBag from /home/sathya/projects/training-kit/.venv-airflow/lib/python3.10/site-packages/airflow/example_dags/example_branch_labels.py
[2025-12-27T23:25:59.524+0530] {processor.py:840} INFO - DAG(s) 'example_branch_labels' retrieved from /home/sathya/projects/training-kit/.venv-airflow/lib/python3.10/site-packages/airflow/example_dags/example_branch_labels.py
[2025-12-27T23:25:59.537+0530] {logging_mixin.py:188} INFO - [2025-12-27T23:25:59.537+0530] {dag.py:3089} INFO - Sync 1 DAGs
[2025-12-27T23:25:59.553+0530] {logging_mixin.py:188} INFO - [2025-12-27T23:25:59.553+0530] {dag.py:3947} INFO - Setting next_dagrun for example_branch_labels to 2025-12-27 00:00:00+00:00, run_after=2025-12-28 00:00:00+00:00
[2025-12-27T23:25:59.573+0530] {processor.py:183} INFO - Processing /home/sathya/projects/training-kit/.venv-airflow/lib/python3.10/site-packages/airflow/example_dags/example_branch_labels.py took 0.065 seconds
[2025-12-27T23:32:03.649+0530] {processor.py:161} INFO - Started process (PID=10925) to work on /home/sathya/projects/training-kit/.venv-airflow/lib/python3.10/site-packages/airflow/example_dags/example_branch_labels.py
[2025-12-27T23:32:03.651+0530] {processor.py:830} INFO - Processing file /home/sathya/projects/training-kit/.venv-airflow/lib/python3.10/site-packages/airflow/example_dags/example_branch_labels.py for tasks to queue
[2025-12-27T23:32:03.653+0530] {logging_mixin.py:188} INFO - [2025-12-27T23:32:03.653+0530] {dagbag.py:545} INFO - Filling up the DagBag from /home/sathya/projects/training-kit/.venv-airflow/lib/python3.10/site-packages/airflow/example_dags/example_branch_labels.py
[2025-12-27T23:32:03.660+0530] {processor.py:840} INFO - DAG(s) 'example_branch_labels' retrieved from /home/sathya/projects/training-kit/.venv-airflow/lib/python3.10/site-packages/airflow/example_dags/example_branch_labels.py
[2025-12-27T23:32:03.675+0530] {logging_mixin.py:188} INFO - [2025-12-27T23:32:03.675+0530] {dag.py:3089} INFO - Sync 1 DAGs
[2025-12-27T23:32:03.690+0530] {logging_mixin.py:188} INFO - [2025-12-27T23:32:03.690+0530] {dag.py:3947} INFO - Setting next_dagrun for example_branch_labels to 2025-12-27 00:00:00+00:00, run_after=2025-12-28 00:00:00+00:00
[2025-12-27T23:32:03.713+0530] {processor.py:183} INFO - Processing /home/sathya/projects/training-kit/.venv-airflow/lib/python3.10/site-packages/airflow/example_dags/example_branch_labels.py took 0.069 seconds
[2025-12-27T23:39:22.466+0530] {processor.py:161} INFO - Started process (PID=11724) to work on /home/sathya/projects/training-kit/.venv-airflow/lib/python3.10/site-packages/airflow/example_dags/example_branch_labels.py
[2025-12-27T23:39:22.467+0530] {processor.py:830} INFO - Processing file /home/sathya/projects/training-kit/.venv-airflow/lib/python3.10/site-packages/airflow/example_dags/example_branch_labels.py for tasks to queue
[2025-12-27T23:39:22.469+0530] {logging_mixin.py:188} INFO - [2025-12-27T23:39:22.469+0530] {dagbag.py:545} INFO - Filling up the DagBag from /home/sathya/projects/training-kit/.venv-airflow/lib/python3.10/site-packages/airflow/example_dags/example_branch_labels.py
[2025-12-27T23:39:22.475+0530] {processor.py:840} INFO - DAG(s) 'example_branch_labels' retrieved from /home/sathya/projects/training-kit/.venv-airflow/lib/python3.10/site-packages/airflow/example_dags/example_branch_labels.py
[2025-12-27T23:39:22.488+0530] {logging_mixin.py:188} INFO - [2025-12-27T23:39:22.488+0530] {dag.py:3089} INFO - Sync 1 DAGs
[2025-12-27T23:39:22.505+0530] {logging_mixin.py:188} INFO - [2025-12-27T23:39:22.505+0530] {dag.py:3947} INFO - Setting next_dagrun for example_branch_labels to 2025-12-27 00:00:00+00:00, run_after=2025-12-28 00:00:00+00:00
[2025-12-27T23:39:22.525+0530] {processor.py:183} INFO - Processing /home/sathya/projects/training-kit/.venv-airflow/lib/python3.10/site-packages/airflow/example_dags/example_branch_labels.py took 0.064 seconds
[2025-12-27T23:45:38.500+0530] {processor.py:161} INFO - Started process (PID=12439) to work on /home/sathya/projects/training-kit/.venv-airflow/lib/python3.10/site-packages/airflow/example_dags/example_branch_labels.py
[2025-12-27T23:45:38.507+0530] {processor.py:830} INFO - Processing file /home/sathya/projects/training-kit/.venv-airflow/lib/python3.10/site-packages/airflow/example_dags/example_branch_labels.py for tasks to queue
[2025-12-27T23:45:38.510+0530] {logging_mixin.py:188} INFO - [2025-12-27T23:45:38.510+0530] {dagbag.py:545} INFO - Filling up the DagBag from /home/sathya/projects/training-kit/.venv-airflow/lib/python3.10/site-packages/airflow/example_dags/example_branch_labels.py
[2025-12-27T23:45:38.521+0530] {processor.py:840} INFO - DAG(s) 'example_branch_labels' retrieved from /home/sathya/projects/training-kit/.venv-airflow/lib/python3.10/site-packages/airflow/example_dags/example_branch_labels.py
[2025-12-27T23:45:38.539+0530] {logging_mixin.py:188} INFO - [2025-12-27T23:45:38.539+0530] {dag.py:3089} INFO - Sync 1 DAGs
[2025-12-27T23:45:38.558+0530] {logging_mixin.py:188} INFO - [2025-12-27T23:45:38.557+0530] {dag.py:3947} INFO - Setting next_dagrun for example_branch_labels to 2025-12-27 00:00:00+00:00, run_after=2025-12-28 00:00:00+00:00
[2025-12-27T23:45:38.579+0530] {processor.py:183} INFO - Processing /home/sathya/projects/training-kit/.venv-airflow/lib/python3.10/site-packages/airflow/example_dags/example_branch_labels.py took 0.084 seconds
[2025-12-27T23:53:09.256+0530] {processor.py:161} INFO - Started process (PID=13229) to work on /home/sathya/projects/training-kit/.venv-airflow/lib/python3.10/site-packages/airflow/example_dags/example_branch_labels.py
[2025-12-27T23:53:09.257+0530] {processor.py:830} INFO - Processing file /home/sathya/projects/training-kit/.venv-airflow/lib/python3.10/site-packages/airflow/example_dags/example_branch_labels.py for tasks to queue
[2025-12-27T23:53:09.261+0530] {logging_mixin.py:188} INFO - [2025-12-27T23:53:09.260+0530] {dagbag.py:545} INFO - Filling up the DagBag from /home/sathya/projects/training-kit/.venv-airflow/lib/python3.10/site-packages/airflow/example_dags/example_branch_labels.py
[2025-12-27T23:53:09.267+0530] {processor.py:840} INFO - DAG(s) 'example_branch_labels' retrieved from /home/sathya/projects/training-kit/.venv-airflow/lib/python3.10/site-packages/airflow/example_dags/example_branch_labels.py
[2025-12-27T23:53:09.283+0530] {logging_mixin.py:188} INFO - [2025-12-27T23:53:09.283+0530] {dag.py:3089} INFO - Sync 1 DAGs
[2025-12-27T23:53:09.298+0530] {logging_mixin.py:188} INFO - [2025-12-27T23:53:09.298+0530] {dag.py:3947} INFO - Setting next_dagrun for example_branch_labels to 2025-12-27 00:00:00+00:00, run_after=2025-12-28 00:00:00+00:00
[2025-12-27T23:53:09.320+0530] {processor.py:183} INFO - Processing /home/sathya/projects/training-kit/.venv-airflow/lib/python3.10/site-packages/airflow/example_dags/example_branch_labels.py took 0.069 seconds
