[2025-12-27T19:12:12.210+0530] {processor.py:161} INFO - Started process (PID=681) to work on /home/sathya/projects/training-kit/.venv-airflow/lib/python3.10/site-packages/airflow/example_dags/example_xcomargs.py
[2025-12-27T19:12:12.211+0530] {processor.py:830} INFO - Processing file /home/sathya/projects/training-kit/.venv-airflow/lib/python3.10/site-packages/airflow/example_dags/example_xcomargs.py for tasks to queue
[2025-12-27T19:12:12.214+0530] {logging_mixin.py:188} INFO - [2025-12-27T19:12:12.213+0530] {dagbag.py:545} INFO - Filling up the DagBag from /home/sathya/projects/training-kit/.venv-airflow/lib/python3.10/site-packages/airflow/example_dags/example_xcomargs.py
[2025-12-27T19:12:12.248+0530] {processor.py:840} INFO - DAG(s) 'example_xcom_args', 'example_xcom_args_with_operators' retrieved from /home/sathya/projects/training-kit/.venv-airflow/lib/python3.10/site-packages/airflow/example_dags/example_xcomargs.py
[2025-12-27T19:12:12.307+0530] {logging_mixin.py:188} INFO - [2025-12-27T19:12:12.306+0530] {dag.py:3089} INFO - Sync 2 DAGs
[2025-12-27T19:12:12.323+0530] {logging_mixin.py:188} INFO - [2025-12-27T19:12:12.323+0530] {dag.py:3947} INFO - Setting next_dagrun for example_xcom_args to None, run_after=None
[2025-12-27T19:12:12.328+0530] {logging_mixin.py:188} INFO - [2025-12-27T19:12:12.328+0530] {dag.py:3947} INFO - Setting next_dagrun for example_xcom_args_with_operators to None, run_after=None
[2025-12-27T19:12:12.367+0530] {processor.py:183} INFO - Processing /home/sathya/projects/training-kit/.venv-airflow/lib/python3.10/site-packages/airflow/example_dags/example_xcomargs.py took 0.173 seconds
[2025-12-27T19:28:06.835+0530] {processor.py:161} INFO - Started process (PID=1173) to work on /home/sathya/projects/training-kit/.venv-airflow/lib/python3.10/site-packages/airflow/example_dags/example_xcomargs.py
[2025-12-27T19:28:06.838+0530] {processor.py:830} INFO - Processing file /home/sathya/projects/training-kit/.venv-airflow/lib/python3.10/site-packages/airflow/example_dags/example_xcomargs.py for tasks to queue
[2025-12-27T19:28:06.841+0530] {logging_mixin.py:188} INFO - [2025-12-27T19:28:06.841+0530] {dagbag.py:545} INFO - Filling up the DagBag from /home/sathya/projects/training-kit/.venv-airflow/lib/python3.10/site-packages/airflow/example_dags/example_xcomargs.py
[2025-12-27T19:28:06.857+0530] {processor.py:840} INFO - DAG(s) 'example_xcom_args_with_operators', 'example_xcom_args' retrieved from /home/sathya/projects/training-kit/.venv-airflow/lib/python3.10/site-packages/airflow/example_dags/example_xcomargs.py
[2025-12-27T19:28:06.879+0530] {logging_mixin.py:188} INFO - [2025-12-27T19:28:06.878+0530] {dag.py:3089} INFO - Sync 2 DAGs
[2025-12-27T19:28:06.891+0530] {logging_mixin.py:188} INFO - [2025-12-27T19:28:06.891+0530] {dag.py:3947} INFO - Setting next_dagrun for example_xcom_args to None, run_after=None
[2025-12-27T19:28:06.894+0530] {logging_mixin.py:188} INFO - [2025-12-27T19:28:06.894+0530] {dag.py:3947} INFO - Setting next_dagrun for example_xcom_args_with_operators to None, run_after=None
[2025-12-27T19:28:06.928+0530] {processor.py:183} INFO - Processing /home/sathya/projects/training-kit/.venv-airflow/lib/python3.10/site-packages/airflow/example_dags/example_xcomargs.py took 0.103 seconds
[2025-12-27T19:37:33.112+0530] {processor.py:161} INFO - Started process (PID=1515) to work on /home/sathya/projects/training-kit/.venv-airflow/lib/python3.10/site-packages/airflow/example_dags/example_xcomargs.py
[2025-12-27T19:37:33.114+0530] {processor.py:830} INFO - Processing file /home/sathya/projects/training-kit/.venv-airflow/lib/python3.10/site-packages/airflow/example_dags/example_xcomargs.py for tasks to queue
[2025-12-27T19:37:33.116+0530] {logging_mixin.py:188} INFO - [2025-12-27T19:37:33.116+0530] {dagbag.py:545} INFO - Filling up the DagBag from /home/sathya/projects/training-kit/.venv-airflow/lib/python3.10/site-packages/airflow/example_dags/example_xcomargs.py
[2025-12-27T19:37:33.125+0530] {processor.py:840} INFO - DAG(s) 'example_xcom_args', 'example_xcom_args_with_operators' retrieved from /home/sathya/projects/training-kit/.venv-airflow/lib/python3.10/site-packages/airflow/example_dags/example_xcomargs.py
[2025-12-27T19:37:33.147+0530] {logging_mixin.py:188} INFO - [2025-12-27T19:37:33.147+0530] {dag.py:3089} INFO - Sync 2 DAGs
[2025-12-27T19:37:33.158+0530] {logging_mixin.py:188} INFO - [2025-12-27T19:37:33.158+0530] {dag.py:3947} INFO - Setting next_dagrun for example_xcom_args to None, run_after=None
[2025-12-27T19:37:33.163+0530] {logging_mixin.py:188} INFO - [2025-12-27T19:37:33.162+0530] {dag.py:3947} INFO - Setting next_dagrun for example_xcom_args_with_operators to None, run_after=None
[2025-12-27T19:37:33.188+0530] {processor.py:183} INFO - Processing /home/sathya/projects/training-kit/.venv-airflow/lib/python3.10/site-packages/airflow/example_dags/example_xcomargs.py took 0.084 seconds
[2025-12-27T19:45:47.271+0530] {processor.py:161} INFO - Started process (PID=1837) to work on /home/sathya/projects/training-kit/.venv-airflow/lib/python3.10/site-packages/airflow/example_dags/example_xcomargs.py
[2025-12-27T19:45:47.273+0530] {processor.py:830} INFO - Processing file /home/sathya/projects/training-kit/.venv-airflow/lib/python3.10/site-packages/airflow/example_dags/example_xcomargs.py for tasks to queue
[2025-12-27T19:45:47.275+0530] {logging_mixin.py:188} INFO - [2025-12-27T19:45:47.275+0530] {dagbag.py:545} INFO - Filling up the DagBag from /home/sathya/projects/training-kit/.venv-airflow/lib/python3.10/site-packages/airflow/example_dags/example_xcomargs.py
[2025-12-27T19:45:47.290+0530] {processor.py:840} INFO - DAG(s) 'example_xcom_args_with_operators', 'example_xcom_args' retrieved from /home/sathya/projects/training-kit/.venv-airflow/lib/python3.10/site-packages/airflow/example_dags/example_xcomargs.py
[2025-12-27T19:45:47.314+0530] {logging_mixin.py:188} INFO - [2025-12-27T19:45:47.314+0530] {dag.py:3089} INFO - Sync 2 DAGs
[2025-12-27T19:45:47.327+0530] {logging_mixin.py:188} INFO - [2025-12-27T19:45:47.327+0530] {dag.py:3947} INFO - Setting next_dagrun for example_xcom_args to None, run_after=None
[2025-12-27T19:45:47.331+0530] {logging_mixin.py:188} INFO - [2025-12-27T19:45:47.330+0530] {dag.py:3947} INFO - Setting next_dagrun for example_xcom_args_with_operators to None, run_after=None
[2025-12-27T19:45:47.372+0530] {processor.py:183} INFO - Processing /home/sathya/projects/training-kit/.venv-airflow/lib/python3.10/site-packages/airflow/example_dags/example_xcomargs.py took 0.110 seconds
[2025-12-27T19:54:02.284+0530] {processor.py:161} INFO - Started process (PID=2163) to work on /home/sathya/projects/training-kit/.venv-airflow/lib/python3.10/site-packages/airflow/example_dags/example_xcomargs.py
[2025-12-27T19:54:02.286+0530] {processor.py:830} INFO - Processing file /home/sathya/projects/training-kit/.venv-airflow/lib/python3.10/site-packages/airflow/example_dags/example_xcomargs.py for tasks to queue
[2025-12-27T19:54:02.288+0530] {logging_mixin.py:188} INFO - [2025-12-27T19:54:02.287+0530] {dagbag.py:545} INFO - Filling up the DagBag from /home/sathya/projects/training-kit/.venv-airflow/lib/python3.10/site-packages/airflow/example_dags/example_xcomargs.py
[2025-12-27T19:54:02.300+0530] {processor.py:840} INFO - DAG(s) 'example_xcom_args_with_operators', 'example_xcom_args' retrieved from /home/sathya/projects/training-kit/.venv-airflow/lib/python3.10/site-packages/airflow/example_dags/example_xcomargs.py
[2025-12-27T19:54:02.327+0530] {logging_mixin.py:188} INFO - [2025-12-27T19:54:02.327+0530] {dag.py:3089} INFO - Sync 2 DAGs
[2025-12-27T19:54:02.340+0530] {logging_mixin.py:188} INFO - [2025-12-27T19:54:02.340+0530] {dag.py:3947} INFO - Setting next_dagrun for example_xcom_args to None, run_after=None
[2025-12-27T19:54:02.343+0530] {logging_mixin.py:188} INFO - [2025-12-27T19:54:02.343+0530] {dag.py:3947} INFO - Setting next_dagrun for example_xcom_args_with_operators to None, run_after=None
[2025-12-27T19:54:02.376+0530] {processor.py:183} INFO - Processing /home/sathya/projects/training-kit/.venv-airflow/lib/python3.10/site-packages/airflow/example_dags/example_xcomargs.py took 0.106 seconds
[2025-12-27T20:02:31.323+0530] {processor.py:161} INFO - Started process (PID=2499) to work on /home/sathya/projects/training-kit/.venv-airflow/lib/python3.10/site-packages/airflow/example_dags/example_xcomargs.py
[2025-12-27T20:02:31.325+0530] {processor.py:830} INFO - Processing file /home/sathya/projects/training-kit/.venv-airflow/lib/python3.10/site-packages/airflow/example_dags/example_xcomargs.py for tasks to queue
[2025-12-27T20:02:31.327+0530] {logging_mixin.py:188} INFO - [2025-12-27T20:02:31.326+0530] {dagbag.py:545} INFO - Filling up the DagBag from /home/sathya/projects/training-kit/.venv-airflow/lib/python3.10/site-packages/airflow/example_dags/example_xcomargs.py
[2025-12-27T20:02:31.344+0530] {processor.py:840} INFO - DAG(s) 'example_xcom_args', 'example_xcom_args_with_operators' retrieved from /home/sathya/projects/training-kit/.venv-airflow/lib/python3.10/site-packages/airflow/example_dags/example_xcomargs.py
[2025-12-27T20:02:31.369+0530] {logging_mixin.py:188} INFO - [2025-12-27T20:02:31.369+0530] {dag.py:3089} INFO - Sync 2 DAGs
[2025-12-27T20:02:31.384+0530] {logging_mixin.py:188} INFO - [2025-12-27T20:02:31.384+0530] {dag.py:3947} INFO - Setting next_dagrun for example_xcom_args to None, run_after=None
[2025-12-27T20:02:31.388+0530] {logging_mixin.py:188} INFO - [2025-12-27T20:02:31.388+0530] {dag.py:3947} INFO - Setting next_dagrun for example_xcom_args_with_operators to None, run_after=None
[2025-12-27T20:02:31.443+0530] {processor.py:183} INFO - Processing /home/sathya/projects/training-kit/.venv-airflow/lib/python3.10/site-packages/airflow/example_dags/example_xcomargs.py took 0.135 seconds
[2025-12-27T20:11:30.702+0530] {processor.py:161} INFO - Started process (PID=2864) to work on /home/sathya/projects/training-kit/.venv-airflow/lib/python3.10/site-packages/airflow/example_dags/example_xcomargs.py
[2025-12-27T20:11:30.704+0530] {processor.py:830} INFO - Processing file /home/sathya/projects/training-kit/.venv-airflow/lib/python3.10/site-packages/airflow/example_dags/example_xcomargs.py for tasks to queue
[2025-12-27T20:11:30.706+0530] {logging_mixin.py:188} INFO - [2025-12-27T20:11:30.705+0530] {dagbag.py:545} INFO - Filling up the DagBag from /home/sathya/projects/training-kit/.venv-airflow/lib/python3.10/site-packages/airflow/example_dags/example_xcomargs.py
[2025-12-27T20:11:30.714+0530] {processor.py:840} INFO - DAG(s) 'example_xcom_args_with_operators', 'example_xcom_args' retrieved from /home/sathya/projects/training-kit/.venv-airflow/lib/python3.10/site-packages/airflow/example_dags/example_xcomargs.py
[2025-12-27T20:11:30.732+0530] {logging_mixin.py:188} INFO - [2025-12-27T20:11:30.731+0530] {dag.py:3089} INFO - Sync 2 DAGs
[2025-12-27T20:11:30.743+0530] {logging_mixin.py:188} INFO - [2025-12-27T20:11:30.743+0530] {dag.py:3947} INFO - Setting next_dagrun for example_xcom_args to None, run_after=None
[2025-12-27T20:11:30.746+0530] {logging_mixin.py:188} INFO - [2025-12-27T20:11:30.745+0530] {dag.py:3947} INFO - Setting next_dagrun for example_xcom_args_with_operators to None, run_after=None
[2025-12-27T20:11:30.766+0530] {processor.py:183} INFO - Processing /home/sathya/projects/training-kit/.venv-airflow/lib/python3.10/site-packages/airflow/example_dags/example_xcomargs.py took 0.070 seconds
[2025-12-27T20:17:46.869+0530] {processor.py:161} INFO - Started process (PID=3160) to work on /home/sathya/projects/training-kit/.venv-airflow/lib/python3.10/site-packages/airflow/example_dags/example_xcomargs.py
[2025-12-27T20:17:46.871+0530] {processor.py:830} INFO - Processing file /home/sathya/projects/training-kit/.venv-airflow/lib/python3.10/site-packages/airflow/example_dags/example_xcomargs.py for tasks to queue
[2025-12-27T20:17:46.873+0530] {logging_mixin.py:188} INFO - [2025-12-27T20:17:46.872+0530] {dagbag.py:545} INFO - Filling up the DagBag from /home/sathya/projects/training-kit/.venv-airflow/lib/python3.10/site-packages/airflow/example_dags/example_xcomargs.py
[2025-12-27T20:17:46.883+0530] {processor.py:840} INFO - DAG(s) 'example_xcom_args_with_operators', 'example_xcom_args' retrieved from /home/sathya/projects/training-kit/.venv-airflow/lib/python3.10/site-packages/airflow/example_dags/example_xcomargs.py
[2025-12-27T20:17:46.913+0530] {logging_mixin.py:188} INFO - [2025-12-27T20:17:46.913+0530] {dag.py:3089} INFO - Sync 2 DAGs
[2025-12-27T20:17:46.925+0530] {logging_mixin.py:188} INFO - [2025-12-27T20:17:46.925+0530] {dag.py:3947} INFO - Setting next_dagrun for example_xcom_args to None, run_after=None
[2025-12-27T20:17:46.929+0530] {logging_mixin.py:188} INFO - [2025-12-27T20:17:46.928+0530] {dag.py:3947} INFO - Setting next_dagrun for example_xcom_args_with_operators to None, run_after=None
[2025-12-27T20:17:46.959+0530] {processor.py:183} INFO - Processing /home/sathya/projects/training-kit/.venv-airflow/lib/python3.10/site-packages/airflow/example_dags/example_xcomargs.py took 0.098 seconds
[2025-12-27T20:24:01.460+0530] {processor.py:161} INFO - Started process (PID=3436) to work on /home/sathya/projects/training-kit/.venv-airflow/lib/python3.10/site-packages/airflow/example_dags/example_xcomargs.py
[2025-12-27T20:24:01.466+0530] {processor.py:830} INFO - Processing file /home/sathya/projects/training-kit/.venv-airflow/lib/python3.10/site-packages/airflow/example_dags/example_xcomargs.py for tasks to queue
[2025-12-27T20:24:01.468+0530] {logging_mixin.py:188} INFO - [2025-12-27T20:24:01.467+0530] {dagbag.py:545} INFO - Filling up the DagBag from /home/sathya/projects/training-kit/.venv-airflow/lib/python3.10/site-packages/airflow/example_dags/example_xcomargs.py
[2025-12-27T20:24:01.476+0530] {processor.py:840} INFO - DAG(s) 'example_xcom_args_with_operators', 'example_xcom_args' retrieved from /home/sathya/projects/training-kit/.venv-airflow/lib/python3.10/site-packages/airflow/example_dags/example_xcomargs.py
[2025-12-27T20:24:01.496+0530] {logging_mixin.py:188} INFO - [2025-12-27T20:24:01.496+0530] {dag.py:3089} INFO - Sync 2 DAGs
[2025-12-27T20:24:01.507+0530] {logging_mixin.py:188} INFO - [2025-12-27T20:24:01.506+0530] {dag.py:3947} INFO - Setting next_dagrun for example_xcom_args to None, run_after=None
[2025-12-27T20:24:01.511+0530] {logging_mixin.py:188} INFO - [2025-12-27T20:24:01.511+0530] {dag.py:3947} INFO - Setting next_dagrun for example_xcom_args_with_operators to None, run_after=None
[2025-12-27T20:24:01.535+0530] {processor.py:183} INFO - Processing /home/sathya/projects/training-kit/.venv-airflow/lib/python3.10/site-packages/airflow/example_dags/example_xcomargs.py took 0.082 seconds
[2025-12-27T20:31:44.456+0530] {processor.py:161} INFO - Started process (PID=3760) to work on /home/sathya/projects/training-kit/.venv-airflow/lib/python3.10/site-packages/airflow/example_dags/example_xcomargs.py
[2025-12-27T20:31:44.457+0530] {processor.py:830} INFO - Processing file /home/sathya/projects/training-kit/.venv-airflow/lib/python3.10/site-packages/airflow/example_dags/example_xcomargs.py for tasks to queue
[2025-12-27T20:31:44.459+0530] {logging_mixin.py:188} INFO - [2025-12-27T20:31:44.459+0530] {dagbag.py:545} INFO - Filling up the DagBag from /home/sathya/projects/training-kit/.venv-airflow/lib/python3.10/site-packages/airflow/example_dags/example_xcomargs.py
[2025-12-27T20:31:44.468+0530] {processor.py:840} INFO - DAG(s) 'example_xcom_args', 'example_xcom_args_with_operators' retrieved from /home/sathya/projects/training-kit/.venv-airflow/lib/python3.10/site-packages/airflow/example_dags/example_xcomargs.py
[2025-12-27T20:31:44.485+0530] {logging_mixin.py:188} INFO - [2025-12-27T20:31:44.485+0530] {dag.py:3089} INFO - Sync 2 DAGs
[2025-12-27T20:31:44.496+0530] {logging_mixin.py:188} INFO - [2025-12-27T20:31:44.495+0530] {dag.py:3947} INFO - Setting next_dagrun for example_xcom_args to None, run_after=None
[2025-12-27T20:31:44.498+0530] {logging_mixin.py:188} INFO - [2025-12-27T20:31:44.498+0530] {dag.py:3947} INFO - Setting next_dagrun for example_xcom_args_with_operators to None, run_after=None
[2025-12-27T20:31:44.521+0530] {processor.py:183} INFO - Processing /home/sathya/projects/training-kit/.venv-airflow/lib/python3.10/site-packages/airflow/example_dags/example_xcomargs.py took 0.071 seconds
[2025-12-27T20:39:19.244+0530] {processor.py:161} INFO - Started process (PID=4049) to work on /home/sathya/projects/training-kit/.venv-airflow/lib/python3.10/site-packages/airflow/example_dags/example_xcomargs.py
[2025-12-27T20:39:19.246+0530] {processor.py:830} INFO - Processing file /home/sathya/projects/training-kit/.venv-airflow/lib/python3.10/site-packages/airflow/example_dags/example_xcomargs.py for tasks to queue
[2025-12-27T20:39:19.248+0530] {logging_mixin.py:188} INFO - [2025-12-27T20:39:19.248+0530] {dagbag.py:545} INFO - Filling up the DagBag from /home/sathya/projects/training-kit/.venv-airflow/lib/python3.10/site-packages/airflow/example_dags/example_xcomargs.py
[2025-12-27T20:39:19.264+0530] {processor.py:840} INFO - DAG(s) 'example_xcom_args_with_operators', 'example_xcom_args' retrieved from /home/sathya/projects/training-kit/.venv-airflow/lib/python3.10/site-packages/airflow/example_dags/example_xcomargs.py
[2025-12-27T20:39:19.291+0530] {logging_mixin.py:188} INFO - [2025-12-27T20:39:19.291+0530] {dag.py:3089} INFO - Sync 2 DAGs
[2025-12-27T20:39:19.303+0530] {logging_mixin.py:188} INFO - [2025-12-27T20:39:19.302+0530] {dag.py:3947} INFO - Setting next_dagrun for example_xcom_args to None, run_after=None
[2025-12-27T20:39:19.305+0530] {logging_mixin.py:188} INFO - [2025-12-27T20:39:19.305+0530] {dag.py:3947} INFO - Setting next_dagrun for example_xcom_args_with_operators to None, run_after=None
[2025-12-27T20:39:19.328+0530] {processor.py:183} INFO - Processing /home/sathya/projects/training-kit/.venv-airflow/lib/python3.10/site-packages/airflow/example_dags/example_xcomargs.py took 0.098 seconds
[2025-12-27T20:47:30.228+0530] {processor.py:161} INFO - Started process (PID=4381) to work on /home/sathya/projects/training-kit/.venv-airflow/lib/python3.10/site-packages/airflow/example_dags/example_xcomargs.py
[2025-12-27T20:47:30.229+0530] {processor.py:830} INFO - Processing file /home/sathya/projects/training-kit/.venv-airflow/lib/python3.10/site-packages/airflow/example_dags/example_xcomargs.py for tasks to queue
[2025-12-27T20:47:30.231+0530] {logging_mixin.py:188} INFO - [2025-12-27T20:47:30.231+0530] {dagbag.py:545} INFO - Filling up the DagBag from /home/sathya/projects/training-kit/.venv-airflow/lib/python3.10/site-packages/airflow/example_dags/example_xcomargs.py
[2025-12-27T20:47:30.240+0530] {processor.py:840} INFO - DAG(s) 'example_xcom_args', 'example_xcom_args_with_operators' retrieved from /home/sathya/projects/training-kit/.venv-airflow/lib/python3.10/site-packages/airflow/example_dags/example_xcomargs.py
[2025-12-27T20:47:30.263+0530] {logging_mixin.py:188} INFO - [2025-12-27T20:47:30.262+0530] {dag.py:3089} INFO - Sync 2 DAGs
[2025-12-27T20:47:30.275+0530] {logging_mixin.py:188} INFO - [2025-12-27T20:47:30.275+0530] {dag.py:3947} INFO - Setting next_dagrun for example_xcom_args to None, run_after=None
[2025-12-27T20:47:30.278+0530] {logging_mixin.py:188} INFO - [2025-12-27T20:47:30.278+0530] {dag.py:3947} INFO - Setting next_dagrun for example_xcom_args_with_operators to None, run_after=None
[2025-12-27T20:47:30.310+0530] {processor.py:183} INFO - Processing /home/sathya/projects/training-kit/.venv-airflow/lib/python3.10/site-packages/airflow/example_dags/example_xcomargs.py took 0.088 seconds
[2025-12-27T21:48:04.300+0530] {processor.py:161} INFO - Started process (PID=4780) to work on /home/sathya/projects/training-kit/.venv-airflow/lib/python3.10/site-packages/airflow/example_dags/example_xcomargs.py
[2025-12-27T21:48:04.304+0530] {processor.py:830} INFO - Processing file /home/sathya/projects/training-kit/.venv-airflow/lib/python3.10/site-packages/airflow/example_dags/example_xcomargs.py for tasks to queue
[2025-12-27T21:48:04.306+0530] {logging_mixin.py:188} INFO - [2025-12-27T21:48:04.306+0530] {dagbag.py:545} INFO - Filling up the DagBag from /home/sathya/projects/training-kit/.venv-airflow/lib/python3.10/site-packages/airflow/example_dags/example_xcomargs.py
[2025-12-27T21:48:04.316+0530] {processor.py:840} INFO - DAG(s) 'example_xcom_args', 'example_xcom_args_with_operators' retrieved from /home/sathya/projects/training-kit/.venv-airflow/lib/python3.10/site-packages/airflow/example_dags/example_xcomargs.py
[2025-12-27T21:48:04.343+0530] {logging_mixin.py:188} INFO - [2025-12-27T21:48:04.342+0530] {dag.py:3089} INFO - Sync 2 DAGs
[2025-12-27T21:48:04.358+0530] {logging_mixin.py:188} INFO - [2025-12-27T21:48:04.358+0530] {dag.py:3947} INFO - Setting next_dagrun for example_xcom_args to None, run_after=None
[2025-12-27T21:48:04.361+0530] {logging_mixin.py:188} INFO - [2025-12-27T21:48:04.361+0530] {dag.py:3947} INFO - Setting next_dagrun for example_xcom_args_with_operators to None, run_after=None
[2025-12-27T21:48:04.392+0530] {processor.py:183} INFO - Processing /home/sathya/projects/training-kit/.venv-airflow/lib/python3.10/site-packages/airflow/example_dags/example_xcomargs.py took 0.100 seconds
[2025-12-27T21:58:06.523+0530] {processor.py:161} INFO - Started process (PID=5254) to work on /home/sathya/projects/training-kit/.venv-airflow/lib/python3.10/site-packages/airflow/example_dags/example_xcomargs.py
[2025-12-27T21:58:06.524+0530] {processor.py:830} INFO - Processing file /home/sathya/projects/training-kit/.venv-airflow/lib/python3.10/site-packages/airflow/example_dags/example_xcomargs.py for tasks to queue
[2025-12-27T21:58:06.527+0530] {logging_mixin.py:188} INFO - [2025-12-27T21:58:06.526+0530] {dagbag.py:545} INFO - Filling up the DagBag from /home/sathya/projects/training-kit/.venv-airflow/lib/python3.10/site-packages/airflow/example_dags/example_xcomargs.py
[2025-12-27T21:58:06.537+0530] {processor.py:840} INFO - DAG(s) 'example_xcom_args_with_operators', 'example_xcom_args' retrieved from /home/sathya/projects/training-kit/.venv-airflow/lib/python3.10/site-packages/airflow/example_dags/example_xcomargs.py
[2025-12-27T21:58:06.558+0530] {logging_mixin.py:188} INFO - [2025-12-27T21:58:06.557+0530] {dag.py:3089} INFO - Sync 2 DAGs
[2025-12-27T21:58:06.570+0530] {logging_mixin.py:188} INFO - [2025-12-27T21:58:06.570+0530] {dag.py:3947} INFO - Setting next_dagrun for example_xcom_args to None, run_after=None
[2025-12-27T21:58:06.574+0530] {logging_mixin.py:188} INFO - [2025-12-27T21:58:06.573+0530] {dag.py:3947} INFO - Setting next_dagrun for example_xcom_args_with_operators to None, run_after=None
[2025-12-27T21:58:06.599+0530] {processor.py:183} INFO - Processing /home/sathya/projects/training-kit/.venv-airflow/lib/python3.10/site-packages/airflow/example_dags/example_xcomargs.py took 0.083 seconds
[2025-12-27T22:10:19.950+0530] {processor.py:161} INFO - Started process (PID=5662) to work on /home/sathya/projects/training-kit/.venv-airflow/lib/python3.10/site-packages/airflow/example_dags/example_xcomargs.py
[2025-12-27T22:10:19.954+0530] {processor.py:830} INFO - Processing file /home/sathya/projects/training-kit/.venv-airflow/lib/python3.10/site-packages/airflow/example_dags/example_xcomargs.py for tasks to queue
[2025-12-27T22:10:19.958+0530] {logging_mixin.py:188} INFO - [2025-12-27T22:10:19.957+0530] {dagbag.py:545} INFO - Filling up the DagBag from /home/sathya/projects/training-kit/.venv-airflow/lib/python3.10/site-packages/airflow/example_dags/example_xcomargs.py
[2025-12-27T22:10:19.985+0530] {processor.py:840} INFO - DAG(s) 'example_xcom_args', 'example_xcom_args_with_operators' retrieved from /home/sathya/projects/training-kit/.venv-airflow/lib/python3.10/site-packages/airflow/example_dags/example_xcomargs.py
[2025-12-27T22:10:20.043+0530] {logging_mixin.py:188} INFO - [2025-12-27T22:10:20.043+0530] {dag.py:3089} INFO - Sync 2 DAGs
[2025-12-27T22:10:20.074+0530] {logging_mixin.py:188} INFO - [2025-12-27T22:10:20.074+0530] {dag.py:3947} INFO - Setting next_dagrun for example_xcom_args to None, run_after=None
[2025-12-27T22:10:20.083+0530] {logging_mixin.py:188} INFO - [2025-12-27T22:10:20.082+0530] {dag.py:3947} INFO - Setting next_dagrun for example_xcom_args_with_operators to None, run_after=None
[2025-12-27T22:10:20.132+0530] {processor.py:183} INFO - Processing /home/sathya/projects/training-kit/.venv-airflow/lib/python3.10/site-packages/airflow/example_dags/example_xcomargs.py took 0.201 seconds
[2025-12-27T22:29:37.939+0530] {processor.py:161} INFO - Started process (PID=6169) to work on /home/sathya/projects/training-kit/.venv-airflow/lib/python3.10/site-packages/airflow/example_dags/example_xcomargs.py
[2025-12-27T22:29:37.941+0530] {processor.py:830} INFO - Processing file /home/sathya/projects/training-kit/.venv-airflow/lib/python3.10/site-packages/airflow/example_dags/example_xcomargs.py for tasks to queue
[2025-12-27T22:29:37.942+0530] {logging_mixin.py:188} INFO - [2025-12-27T22:29:37.942+0530] {dagbag.py:545} INFO - Filling up the DagBag from /home/sathya/projects/training-kit/.venv-airflow/lib/python3.10/site-packages/airflow/example_dags/example_xcomargs.py
[2025-12-27T22:29:37.949+0530] {processor.py:840} INFO - DAG(s) 'example_xcom_args', 'example_xcom_args_with_operators' retrieved from /home/sathya/projects/training-kit/.venv-airflow/lib/python3.10/site-packages/airflow/example_dags/example_xcomargs.py
[2025-12-27T22:29:37.962+0530] {logging_mixin.py:188} INFO - [2025-12-27T22:29:37.962+0530] {dag.py:3089} INFO - Sync 2 DAGs
[2025-12-27T22:29:37.970+0530] {logging_mixin.py:188} INFO - [2025-12-27T22:29:37.970+0530] {dag.py:3947} INFO - Setting next_dagrun for example_xcom_args to None, run_after=None
[2025-12-27T22:29:37.972+0530] {logging_mixin.py:188} INFO - [2025-12-27T22:29:37.972+0530] {dag.py:3947} INFO - Setting next_dagrun for example_xcom_args_with_operators to None, run_after=None
[2025-12-27T22:29:37.990+0530] {processor.py:183} INFO - Processing /home/sathya/projects/training-kit/.venv-airflow/lib/python3.10/site-packages/airflow/example_dags/example_xcomargs.py took 0.056 seconds
[2025-12-27T22:34:30.207+0530] {processor.py:161} INFO - Started process (PID=6470) to work on /home/sathya/projects/training-kit/.venv-airflow/lib/python3.10/site-packages/airflow/example_dags/example_xcomargs.py
[2025-12-27T22:34:30.209+0530] {processor.py:830} INFO - Processing file /home/sathya/projects/training-kit/.venv-airflow/lib/python3.10/site-packages/airflow/example_dags/example_xcomargs.py for tasks to queue
[2025-12-27T22:34:30.210+0530] {logging_mixin.py:188} INFO - [2025-12-27T22:34:30.210+0530] {dagbag.py:545} INFO - Filling up the DagBag from /home/sathya/projects/training-kit/.venv-airflow/lib/python3.10/site-packages/airflow/example_dags/example_xcomargs.py
[2025-12-27T22:34:30.217+0530] {processor.py:840} INFO - DAG(s) 'example_xcom_args_with_operators', 'example_xcom_args' retrieved from /home/sathya/projects/training-kit/.venv-airflow/lib/python3.10/site-packages/airflow/example_dags/example_xcomargs.py
[2025-12-27T22:34:30.230+0530] {logging_mixin.py:188} INFO - [2025-12-27T22:34:30.230+0530] {dag.py:3089} INFO - Sync 2 DAGs
[2025-12-27T22:34:30.238+0530] {logging_mixin.py:188} INFO - [2025-12-27T22:34:30.238+0530] {dag.py:3947} INFO - Setting next_dagrun for example_xcom_args to None, run_after=None
[2025-12-27T22:34:30.240+0530] {logging_mixin.py:188} INFO - [2025-12-27T22:34:30.240+0530] {dag.py:3947} INFO - Setting next_dagrun for example_xcom_args_with_operators to None, run_after=None
[2025-12-27T22:34:30.264+0530] {processor.py:183} INFO - Processing /home/sathya/projects/training-kit/.venv-airflow/lib/python3.10/site-packages/airflow/example_dags/example_xcomargs.py took 0.062 seconds
[2025-12-27T22:39:27.392+0530] {processor.py:161} INFO - Started process (PID=6751) to work on /home/sathya/projects/training-kit/.venv-airflow/lib/python3.10/site-packages/airflow/example_dags/example_xcomargs.py
[2025-12-27T22:39:27.393+0530] {processor.py:830} INFO - Processing file /home/sathya/projects/training-kit/.venv-airflow/lib/python3.10/site-packages/airflow/example_dags/example_xcomargs.py for tasks to queue
[2025-12-27T22:39:27.394+0530] {logging_mixin.py:188} INFO - [2025-12-27T22:39:27.394+0530] {dagbag.py:545} INFO - Filling up the DagBag from /home/sathya/projects/training-kit/.venv-airflow/lib/python3.10/site-packages/airflow/example_dags/example_xcomargs.py
[2025-12-27T22:39:27.401+0530] {processor.py:840} INFO - DAG(s) 'example_xcom_args', 'example_xcom_args_with_operators' retrieved from /home/sathya/projects/training-kit/.venv-airflow/lib/python3.10/site-packages/airflow/example_dags/example_xcomargs.py
[2025-12-27T22:39:27.414+0530] {logging_mixin.py:188} INFO - [2025-12-27T22:39:27.414+0530] {dag.py:3089} INFO - Sync 2 DAGs
[2025-12-27T22:39:27.424+0530] {logging_mixin.py:188} INFO - [2025-12-27T22:39:27.424+0530] {dag.py:3947} INFO - Setting next_dagrun for example_xcom_args to None, run_after=None
[2025-12-27T22:39:27.427+0530] {logging_mixin.py:188} INFO - [2025-12-27T22:39:27.427+0530] {dag.py:3947} INFO - Setting next_dagrun for example_xcom_args_with_operators to None, run_after=None
[2025-12-27T22:39:27.445+0530] {processor.py:183} INFO - Processing /home/sathya/projects/training-kit/.venv-airflow/lib/python3.10/site-packages/airflow/example_dags/example_xcomargs.py took 0.060 seconds
[2025-12-27T22:45:15.837+0530] {processor.py:161} INFO - Started process (PID=7065) to work on /home/sathya/projects/training-kit/.venv-airflow/lib/python3.10/site-packages/airflow/example_dags/example_xcomargs.py
[2025-12-27T22:45:15.838+0530] {processor.py:830} INFO - Processing file /home/sathya/projects/training-kit/.venv-airflow/lib/python3.10/site-packages/airflow/example_dags/example_xcomargs.py for tasks to queue
[2025-12-27T22:45:15.840+0530] {logging_mixin.py:188} INFO - [2025-12-27T22:45:15.839+0530] {dagbag.py:545} INFO - Filling up the DagBag from /home/sathya/projects/training-kit/.venv-airflow/lib/python3.10/site-packages/airflow/example_dags/example_xcomargs.py
[2025-12-27T22:45:15.847+0530] {processor.py:840} INFO - DAG(s) 'example_xcom_args_with_operators', 'example_xcom_args' retrieved from /home/sathya/projects/training-kit/.venv-airflow/lib/python3.10/site-packages/airflow/example_dags/example_xcomargs.py
[2025-12-27T22:45:15.860+0530] {logging_mixin.py:188} INFO - [2025-12-27T22:45:15.860+0530] {dag.py:3089} INFO - Sync 2 DAGs
[2025-12-27T22:45:15.869+0530] {logging_mixin.py:188} INFO - [2025-12-27T22:45:15.869+0530] {dag.py:3947} INFO - Setting next_dagrun for example_xcom_args to None, run_after=None
[2025-12-27T22:45:15.871+0530] {logging_mixin.py:188} INFO - [2025-12-27T22:45:15.871+0530] {dag.py:3947} INFO - Setting next_dagrun for example_xcom_args_with_operators to None, run_after=None
[2025-12-27T22:45:15.890+0530] {processor.py:183} INFO - Processing /home/sathya/projects/training-kit/.venv-airflow/lib/python3.10/site-packages/airflow/example_dags/example_xcomargs.py took 0.058 seconds
[2025-12-27T22:51:16.000+0530] {processor.py:161} INFO - Started process (PID=7380) to work on /home/sathya/projects/training-kit/.venv-airflow/lib/python3.10/site-packages/airflow/example_dags/example_xcomargs.py
[2025-12-27T22:51:16.002+0530] {processor.py:830} INFO - Processing file /home/sathya/projects/training-kit/.venv-airflow/lib/python3.10/site-packages/airflow/example_dags/example_xcomargs.py for tasks to queue
[2025-12-27T22:51:16.004+0530] {logging_mixin.py:188} INFO - [2025-12-27T22:51:16.004+0530] {dagbag.py:545} INFO - Filling up the DagBag from /home/sathya/projects/training-kit/.venv-airflow/lib/python3.10/site-packages/airflow/example_dags/example_xcomargs.py
[2025-12-27T22:51:16.013+0530] {processor.py:840} INFO - DAG(s) 'example_xcom_args', 'example_xcom_args_with_operators' retrieved from /home/sathya/projects/training-kit/.venv-airflow/lib/python3.10/site-packages/airflow/example_dags/example_xcomargs.py
[2025-12-27T22:51:16.029+0530] {logging_mixin.py:188} INFO - [2025-12-27T22:51:16.029+0530] {dag.py:3089} INFO - Sync 2 DAGs
[2025-12-27T22:51:16.038+0530] {logging_mixin.py:188} INFO - [2025-12-27T22:51:16.038+0530] {dag.py:3947} INFO - Setting next_dagrun for example_xcom_args to None, run_after=None
[2025-12-27T22:51:16.041+0530] {logging_mixin.py:188} INFO - [2025-12-27T22:51:16.040+0530] {dag.py:3947} INFO - Setting next_dagrun for example_xcom_args_with_operators to None, run_after=None
[2025-12-27T22:51:16.060+0530] {processor.py:183} INFO - Processing /home/sathya/projects/training-kit/.venv-airflow/lib/python3.10/site-packages/airflow/example_dags/example_xcomargs.py took 0.064 seconds
[2025-12-27T22:57:37.796+0530] {processor.py:161} INFO - Started process (PID=7792) to work on /home/sathya/projects/training-kit/.venv-airflow/lib/python3.10/site-packages/airflow/example_dags/example_xcomargs.py
[2025-12-27T22:57:37.798+0530] {processor.py:830} INFO - Processing file /home/sathya/projects/training-kit/.venv-airflow/lib/python3.10/site-packages/airflow/example_dags/example_xcomargs.py for tasks to queue
[2025-12-27T22:57:37.801+0530] {logging_mixin.py:188} INFO - [2025-12-27T22:57:37.800+0530] {dagbag.py:545} INFO - Filling up the DagBag from /home/sathya/projects/training-kit/.venv-airflow/lib/python3.10/site-packages/airflow/example_dags/example_xcomargs.py
[2025-12-27T22:57:37.810+0530] {processor.py:840} INFO - DAG(s) 'example_xcom_args_with_operators', 'example_xcom_args' retrieved from /home/sathya/projects/training-kit/.venv-airflow/lib/python3.10/site-packages/airflow/example_dags/example_xcomargs.py
[2025-12-27T22:57:37.837+0530] {logging_mixin.py:188} INFO - [2025-12-27T22:57:37.837+0530] {dag.py:3089} INFO - Sync 2 DAGs
[2025-12-27T22:57:37.846+0530] {logging_mixin.py:188} INFO - [2025-12-27T22:57:37.846+0530] {dag.py:3947} INFO - Setting next_dagrun for example_xcom_args to None, run_after=None
[2025-12-27T22:57:37.850+0530] {logging_mixin.py:188} INFO - [2025-12-27T22:57:37.849+0530] {dag.py:3947} INFO - Setting next_dagrun for example_xcom_args_with_operators to None, run_after=None
[2025-12-27T22:57:37.870+0530] {processor.py:183} INFO - Processing /home/sathya/projects/training-kit/.venv-airflow/lib/python3.10/site-packages/airflow/example_dags/example_xcomargs.py took 0.083 seconds
[2025-12-27T23:03:41.013+0530] {processor.py:161} INFO - Started process (PID=8146) to work on /home/sathya/projects/training-kit/.venv-airflow/lib/python3.10/site-packages/airflow/example_dags/example_xcomargs.py
[2025-12-27T23:03:41.019+0530] {processor.py:830} INFO - Processing file /home/sathya/projects/training-kit/.venv-airflow/lib/python3.10/site-packages/airflow/example_dags/example_xcomargs.py for tasks to queue
[2025-12-27T23:03:41.021+0530] {logging_mixin.py:188} INFO - [2025-12-27T23:03:41.020+0530] {dagbag.py:545} INFO - Filling up the DagBag from /home/sathya/projects/training-kit/.venv-airflow/lib/python3.10/site-packages/airflow/example_dags/example_xcomargs.py
[2025-12-27T23:03:41.030+0530] {processor.py:840} INFO - DAG(s) 'example_xcom_args', 'example_xcom_args_with_operators' retrieved from /home/sathya/projects/training-kit/.venv-airflow/lib/python3.10/site-packages/airflow/example_dags/example_xcomargs.py
[2025-12-27T23:03:41.046+0530] {logging_mixin.py:188} INFO - [2025-12-27T23:03:41.046+0530] {dag.py:3089} INFO - Sync 2 DAGs
[2025-12-27T23:03:41.054+0530] {logging_mixin.py:188} INFO - [2025-12-27T23:03:41.054+0530] {dag.py:3947} INFO - Setting next_dagrun for example_xcom_args to None, run_after=None
[2025-12-27T23:03:41.057+0530] {logging_mixin.py:188} INFO - [2025-12-27T23:03:41.056+0530] {dag.py:3947} INFO - Setting next_dagrun for example_xcom_args_with_operators to None, run_after=None
[2025-12-27T23:03:41.076+0530] {processor.py:183} INFO - Processing /home/sathya/projects/training-kit/.venv-airflow/lib/python3.10/site-packages/airflow/example_dags/example_xcomargs.py took 0.069 seconds
[2025-12-27T23:11:04.051+0530] {processor.py:161} INFO - Started process (PID=8616) to work on /home/sathya/projects/training-kit/.venv-airflow/lib/python3.10/site-packages/airflow/example_dags/example_xcomargs.py
[2025-12-27T23:11:04.052+0530] {processor.py:830} INFO - Processing file /home/sathya/projects/training-kit/.venv-airflow/lib/python3.10/site-packages/airflow/example_dags/example_xcomargs.py for tasks to queue
[2025-12-27T23:11:04.053+0530] {logging_mixin.py:188} INFO - [2025-12-27T23:11:04.053+0530] {dagbag.py:545} INFO - Filling up the DagBag from /home/sathya/projects/training-kit/.venv-airflow/lib/python3.10/site-packages/airflow/example_dags/example_xcomargs.py
[2025-12-27T23:11:04.060+0530] {processor.py:840} INFO - DAG(s) 'example_xcom_args_with_operators', 'example_xcom_args' retrieved from /home/sathya/projects/training-kit/.venv-airflow/lib/python3.10/site-packages/airflow/example_dags/example_xcomargs.py
[2025-12-27T23:11:04.077+0530] {logging_mixin.py:188} INFO - [2025-12-27T23:11:04.077+0530] {dag.py:3089} INFO - Sync 2 DAGs
[2025-12-27T23:11:04.087+0530] {logging_mixin.py:188} INFO - [2025-12-27T23:11:04.087+0530] {dag.py:3947} INFO - Setting next_dagrun for example_xcom_args to None, run_after=None
[2025-12-27T23:11:04.090+0530] {logging_mixin.py:188} INFO - [2025-12-27T23:11:04.089+0530] {dag.py:3947} INFO - Setting next_dagrun for example_xcom_args_with_operators to None, run_after=None
[2025-12-27T23:11:04.118+0530] {processor.py:183} INFO - Processing /home/sathya/projects/training-kit/.venv-airflow/lib/python3.10/site-packages/airflow/example_dags/example_xcomargs.py took 0.075 seconds
[2025-12-27T23:17:17.290+0530] {processor.py:161} INFO - Started process (PID=9224) to work on /home/sathya/projects/training-kit/.venv-airflow/lib/python3.10/site-packages/airflow/example_dags/example_xcomargs.py
[2025-12-27T23:17:17.291+0530] {processor.py:830} INFO - Processing file /home/sathya/projects/training-kit/.venv-airflow/lib/python3.10/site-packages/airflow/example_dags/example_xcomargs.py for tasks to queue
[2025-12-27T23:17:17.293+0530] {logging_mixin.py:188} INFO - [2025-12-27T23:17:17.292+0530] {dagbag.py:545} INFO - Filling up the DagBag from /home/sathya/projects/training-kit/.venv-airflow/lib/python3.10/site-packages/airflow/example_dags/example_xcomargs.py
[2025-12-27T23:17:17.301+0530] {processor.py:840} INFO - DAG(s) 'example_xcom_args_with_operators', 'example_xcom_args' retrieved from /home/sathya/projects/training-kit/.venv-airflow/lib/python3.10/site-packages/airflow/example_dags/example_xcomargs.py
[2025-12-27T23:17:17.318+0530] {logging_mixin.py:188} INFO - [2025-12-27T23:17:17.317+0530] {dag.py:3089} INFO - Sync 2 DAGs
[2025-12-27T23:17:17.326+0530] {logging_mixin.py:188} INFO - [2025-12-27T23:17:17.326+0530] {dag.py:3947} INFO - Setting next_dagrun for example_xcom_args to None, run_after=None
[2025-12-27T23:17:17.329+0530] {logging_mixin.py:188} INFO - [2025-12-27T23:17:17.329+0530] {dag.py:3947} INFO - Setting next_dagrun for example_xcom_args_with_operators to None, run_after=None
[2025-12-27T23:17:17.349+0530] {processor.py:183} INFO - Processing /home/sathya/projects/training-kit/.venv-airflow/lib/python3.10/site-packages/airflow/example_dags/example_xcomargs.py took 0.064 seconds
[2025-12-27T23:23:36.535+0530] {processor.py:161} INFO - Started process (PID=9954) to work on /home/sathya/projects/training-kit/.venv-airflow/lib/python3.10/site-packages/airflow/example_dags/example_xcomargs.py
[2025-12-27T23:23:36.541+0530] {processor.py:830} INFO - Processing file /home/sathya/projects/training-kit/.venv-airflow/lib/python3.10/site-packages/airflow/example_dags/example_xcomargs.py for tasks to queue
[2025-12-27T23:23:36.543+0530] {logging_mixin.py:188} INFO - [2025-12-27T23:23:36.542+0530] {dagbag.py:545} INFO - Filling up the DagBag from /home/sathya/projects/training-kit/.venv-airflow/lib/python3.10/site-packages/airflow/example_dags/example_xcomargs.py
[2025-12-27T23:23:36.553+0530] {processor.py:840} INFO - DAG(s) 'example_xcom_args_with_operators', 'example_xcom_args' retrieved from /home/sathya/projects/training-kit/.venv-airflow/lib/python3.10/site-packages/airflow/example_dags/example_xcomargs.py
[2025-12-27T23:23:36.569+0530] {logging_mixin.py:188} INFO - [2025-12-27T23:23:36.569+0530] {dag.py:3089} INFO - Sync 2 DAGs
[2025-12-27T23:23:36.580+0530] {logging_mixin.py:188} INFO - [2025-12-27T23:23:36.579+0530] {dag.py:3947} INFO - Setting next_dagrun for example_xcom_args to None, run_after=None
[2025-12-27T23:23:36.582+0530] {logging_mixin.py:188} INFO - [2025-12-27T23:23:36.582+0530] {dag.py:3947} INFO - Setting next_dagrun for example_xcom_args_with_operators to None, run_after=None
[2025-12-27T23:23:36.605+0530] {processor.py:183} INFO - Processing /home/sathya/projects/training-kit/.venv-airflow/lib/python3.10/site-packages/airflow/example_dags/example_xcomargs.py took 0.078 seconds
[2025-12-27T23:29:44.145+0530] {processor.py:161} INFO - Started process (PID=10648) to work on /home/sathya/projects/training-kit/.venv-airflow/lib/python3.10/site-packages/airflow/example_dags/example_xcomargs.py
[2025-12-27T23:29:44.146+0530] {processor.py:830} INFO - Processing file /home/sathya/projects/training-kit/.venv-airflow/lib/python3.10/site-packages/airflow/example_dags/example_xcomargs.py for tasks to queue
[2025-12-27T23:29:44.147+0530] {logging_mixin.py:188} INFO - [2025-12-27T23:29:44.147+0530] {dagbag.py:545} INFO - Filling up the DagBag from /home/sathya/projects/training-kit/.venv-airflow/lib/python3.10/site-packages/airflow/example_dags/example_xcomargs.py
[2025-12-27T23:29:44.154+0530] {processor.py:840} INFO - DAG(s) 'example_xcom_args', 'example_xcom_args_with_operators' retrieved from /home/sathya/projects/training-kit/.venv-airflow/lib/python3.10/site-packages/airflow/example_dags/example_xcomargs.py
[2025-12-27T23:29:44.170+0530] {logging_mixin.py:188} INFO - [2025-12-27T23:29:44.170+0530] {dag.py:3089} INFO - Sync 2 DAGs
[2025-12-27T23:29:44.179+0530] {logging_mixin.py:188} INFO - [2025-12-27T23:29:44.179+0530] {dag.py:3947} INFO - Setting next_dagrun for example_xcom_args to None, run_after=None
[2025-12-27T23:29:44.181+0530] {logging_mixin.py:188} INFO - [2025-12-27T23:29:44.181+0530] {dag.py:3947} INFO - Setting next_dagrun for example_xcom_args_with_operators to None, run_after=None
[2025-12-27T23:29:44.200+0530] {processor.py:183} INFO - Processing /home/sathya/projects/training-kit/.venv-airflow/lib/python3.10/site-packages/airflow/example_dags/example_xcomargs.py took 0.060 seconds
[2025-12-27T23:36:07.675+0530] {processor.py:161} INFO - Started process (PID=11384) to work on /home/sathya/projects/training-kit/.venv-airflow/lib/python3.10/site-packages/airflow/example_dags/example_xcomargs.py
[2025-12-27T23:36:07.677+0530] {processor.py:830} INFO - Processing file /home/sathya/projects/training-kit/.venv-airflow/lib/python3.10/site-packages/airflow/example_dags/example_xcomargs.py for tasks to queue
[2025-12-27T23:36:07.678+0530] {logging_mixin.py:188} INFO - [2025-12-27T23:36:07.678+0530] {dagbag.py:545} INFO - Filling up the DagBag from /home/sathya/projects/training-kit/.venv-airflow/lib/python3.10/site-packages/airflow/example_dags/example_xcomargs.py
[2025-12-27T23:36:07.686+0530] {processor.py:840} INFO - DAG(s) 'example_xcom_args', 'example_xcom_args_with_operators' retrieved from /home/sathya/projects/training-kit/.venv-airflow/lib/python3.10/site-packages/airflow/example_dags/example_xcomargs.py
[2025-12-27T23:36:07.701+0530] {logging_mixin.py:188} INFO - [2025-12-27T23:36:07.700+0530] {dag.py:3089} INFO - Sync 2 DAGs
[2025-12-27T23:36:07.710+0530] {logging_mixin.py:188} INFO - [2025-12-27T23:36:07.710+0530] {dag.py:3947} INFO - Setting next_dagrun for example_xcom_args to None, run_after=None
[2025-12-27T23:36:07.712+0530] {logging_mixin.py:188} INFO - [2025-12-27T23:36:07.712+0530] {dag.py:3947} INFO - Setting next_dagrun for example_xcom_args_with_operators to None, run_after=None
[2025-12-27T23:36:07.731+0530] {processor.py:183} INFO - Processing /home/sathya/projects/training-kit/.venv-airflow/lib/python3.10/site-packages/airflow/example_dags/example_xcomargs.py took 0.061 seconds
[2025-12-27T23:43:18.295+0530] {processor.py:161} INFO - Started process (PID=12160) to work on /home/sathya/projects/training-kit/.venv-airflow/lib/python3.10/site-packages/airflow/example_dags/example_xcomargs.py
[2025-12-27T23:43:18.296+0530] {processor.py:830} INFO - Processing file /home/sathya/projects/training-kit/.venv-airflow/lib/python3.10/site-packages/airflow/example_dags/example_xcomargs.py for tasks to queue
[2025-12-27T23:43:18.298+0530] {logging_mixin.py:188} INFO - [2025-12-27T23:43:18.297+0530] {dagbag.py:545} INFO - Filling up the DagBag from /home/sathya/projects/training-kit/.venv-airflow/lib/python3.10/site-packages/airflow/example_dags/example_xcomargs.py
[2025-12-27T23:43:18.304+0530] {processor.py:840} INFO - DAG(s) 'example_xcom_args_with_operators', 'example_xcom_args' retrieved from /home/sathya/projects/training-kit/.venv-airflow/lib/python3.10/site-packages/airflow/example_dags/example_xcomargs.py
[2025-12-27T23:43:18.320+0530] {logging_mixin.py:188} INFO - [2025-12-27T23:43:18.320+0530] {dag.py:3089} INFO - Sync 2 DAGs
[2025-12-27T23:43:18.329+0530] {logging_mixin.py:188} INFO - [2025-12-27T23:43:18.329+0530] {dag.py:3947} INFO - Setting next_dagrun for example_xcom_args to None, run_after=None
[2025-12-27T23:43:18.331+0530] {logging_mixin.py:188} INFO - [2025-12-27T23:43:18.331+0530] {dag.py:3947} INFO - Setting next_dagrun for example_xcom_args_with_operators to None, run_after=None
[2025-12-27T23:43:18.349+0530] {processor.py:183} INFO - Processing /home/sathya/projects/training-kit/.venv-airflow/lib/python3.10/site-packages/airflow/example_dags/example_xcomargs.py took 0.060 seconds
[2025-12-27T23:49:45.209+0530] {processor.py:161} INFO - Started process (PID=12878) to work on /home/sathya/projects/training-kit/.venv-airflow/lib/python3.10/site-packages/airflow/example_dags/example_xcomargs.py
[2025-12-27T23:49:45.216+0530] {processor.py:830} INFO - Processing file /home/sathya/projects/training-kit/.venv-airflow/lib/python3.10/site-packages/airflow/example_dags/example_xcomargs.py for tasks to queue
[2025-12-27T23:49:45.217+0530] {logging_mixin.py:188} INFO - [2025-12-27T23:49:45.217+0530] {dagbag.py:545} INFO - Filling up the DagBag from /home/sathya/projects/training-kit/.venv-airflow/lib/python3.10/site-packages/airflow/example_dags/example_xcomargs.py
[2025-12-27T23:49:45.223+0530] {processor.py:840} INFO - DAG(s) 'example_xcom_args', 'example_xcom_args_with_operators' retrieved from /home/sathya/projects/training-kit/.venv-airflow/lib/python3.10/site-packages/airflow/example_dags/example_xcomargs.py
[2025-12-27T23:49:45.239+0530] {logging_mixin.py:188} INFO - [2025-12-27T23:49:45.239+0530] {dag.py:3089} INFO - Sync 2 DAGs
[2025-12-27T23:49:45.248+0530] {logging_mixin.py:188} INFO - [2025-12-27T23:49:45.248+0530] {dag.py:3947} INFO - Setting next_dagrun for example_xcom_args to None, run_after=None
[2025-12-27T23:49:45.250+0530] {logging_mixin.py:188} INFO - [2025-12-27T23:49:45.250+0530] {dag.py:3947} INFO - Setting next_dagrun for example_xcom_args_with_operators to None, run_after=None
[2025-12-27T23:49:45.268+0530] {processor.py:183} INFO - Processing /home/sathya/projects/training-kit/.venv-airflow/lib/python3.10/site-packages/airflow/example_dags/example_xcomargs.py took 0.064 seconds
