[2025-12-27T19:11:23.002+0530] {processor.py:161} INFO - Started process (PID=638) to work on /home/sathya/projects/training-kit/.venv-airflow/lib/python3.10/site-packages/airflow/example_dags/example_sensor_decorator.py
[2025-12-27T19:11:23.004+0530] {processor.py:830} INFO - Processing file /home/sathya/projects/training-kit/.venv-airflow/lib/python3.10/site-packages/airflow/example_dags/example_sensor_decorator.py for tasks to queue
[2025-12-27T19:11:23.012+0530] {logging_mixin.py:188} INFO - [2025-12-27T19:11:23.010+0530] {dagbag.py:545} INFO - Filling up the DagBag from /home/sathya/projects/training-kit/.venv-airflow/lib/python3.10/site-packages/airflow/example_dags/example_sensor_decorator.py
[2025-12-27T19:11:23.030+0530] {processor.py:840} INFO - DAG(s) 'example_sensor_decorator' retrieved from /home/sathya/projects/training-kit/.venv-airflow/lib/python3.10/site-packages/airflow/example_dags/example_sensor_decorator.py
[2025-12-27T19:11:23.076+0530] {logging_mixin.py:188} INFO - [2025-12-27T19:11:23.075+0530] {dag.py:3089} INFO - Sync 1 DAGs
[2025-12-27T19:11:23.105+0530] {logging_mixin.py:188} INFO - [2025-12-27T19:11:23.104+0530] {dag.py:3947} INFO - Setting next_dagrun for example_sensor_decorator to None, run_after=None
[2025-12-27T19:11:23.152+0530] {processor.py:183} INFO - Processing /home/sathya/projects/training-kit/.venv-airflow/lib/python3.10/site-packages/airflow/example_dags/example_sensor_decorator.py took 0.170 seconds
[2025-12-27T19:27:35.732+0530] {processor.py:161} INFO - Started process (PID=1142) to work on /home/sathya/projects/training-kit/.venv-airflow/lib/python3.10/site-packages/airflow/example_dags/example_sensor_decorator.py
[2025-12-27T19:27:35.734+0530] {processor.py:830} INFO - Processing file /home/sathya/projects/training-kit/.venv-airflow/lib/python3.10/site-packages/airflow/example_dags/example_sensor_decorator.py for tasks to queue
[2025-12-27T19:27:35.735+0530] {logging_mixin.py:188} INFO - [2025-12-27T19:27:35.735+0530] {dagbag.py:545} INFO - Filling up the DagBag from /home/sathya/projects/training-kit/.venv-airflow/lib/python3.10/site-packages/airflow/example_dags/example_sensor_decorator.py
[2025-12-27T19:27:35.744+0530] {processor.py:840} INFO - DAG(s) 'example_sensor_decorator' retrieved from /home/sathya/projects/training-kit/.venv-airflow/lib/python3.10/site-packages/airflow/example_dags/example_sensor_decorator.py
[2025-12-27T19:27:35.762+0530] {logging_mixin.py:188} INFO - [2025-12-27T19:27:35.762+0530] {dag.py:3089} INFO - Sync 1 DAGs
[2025-12-27T19:27:35.774+0530] {logging_mixin.py:188} INFO - [2025-12-27T19:27:35.774+0530] {dag.py:3947} INFO - Setting next_dagrun for example_sensor_decorator to None, run_after=None
[2025-12-27T19:27:35.800+0530] {processor.py:183} INFO - Processing /home/sathya/projects/training-kit/.venv-airflow/lib/python3.10/site-packages/airflow/example_dags/example_sensor_decorator.py took 0.074 seconds
[2025-12-27T19:36:39.558+0530] {processor.py:161} INFO - Started process (PID=1490) to work on /home/sathya/projects/training-kit/.venv-airflow/lib/python3.10/site-packages/airflow/example_dags/example_sensor_decorator.py
[2025-12-27T19:36:39.560+0530] {processor.py:830} INFO - Processing file /home/sathya/projects/training-kit/.venv-airflow/lib/python3.10/site-packages/airflow/example_dags/example_sensor_decorator.py for tasks to queue
[2025-12-27T19:36:39.564+0530] {logging_mixin.py:188} INFO - [2025-12-27T19:36:39.563+0530] {dagbag.py:545} INFO - Filling up the DagBag from /home/sathya/projects/training-kit/.venv-airflow/lib/python3.10/site-packages/airflow/example_dags/example_sensor_decorator.py
[2025-12-27T19:36:39.723+0530] {processor.py:840} INFO - DAG(s) 'example_sensor_decorator' retrieved from /home/sathya/projects/training-kit/.venv-airflow/lib/python3.10/site-packages/airflow/example_dags/example_sensor_decorator.py
[2025-12-27T19:36:39.742+0530] {logging_mixin.py:188} INFO - [2025-12-27T19:36:39.741+0530] {dag.py:3089} INFO - Sync 1 DAGs
[2025-12-27T19:36:39.755+0530] {logging_mixin.py:188} INFO - [2025-12-27T19:36:39.755+0530] {dag.py:3947} INFO - Setting next_dagrun for example_sensor_decorator to None, run_after=None
[2025-12-27T19:36:39.795+0530] {processor.py:183} INFO - Processing /home/sathya/projects/training-kit/.venv-airflow/lib/python3.10/site-packages/airflow/example_dags/example_sensor_decorator.py took 0.247 seconds
[2025-12-27T19:45:20.950+0530] {processor.py:161} INFO - Started process (PID=1810) to work on /home/sathya/projects/training-kit/.venv-airflow/lib/python3.10/site-packages/airflow/example_dags/example_sensor_decorator.py
[2025-12-27T19:45:20.952+0530] {processor.py:830} INFO - Processing file /home/sathya/projects/training-kit/.venv-airflow/lib/python3.10/site-packages/airflow/example_dags/example_sensor_decorator.py for tasks to queue
[2025-12-27T19:45:20.953+0530] {logging_mixin.py:188} INFO - [2025-12-27T19:45:20.953+0530] {dagbag.py:545} INFO - Filling up the DagBag from /home/sathya/projects/training-kit/.venv-airflow/lib/python3.10/site-packages/airflow/example_dags/example_sensor_decorator.py
[2025-12-27T19:45:20.961+0530] {processor.py:840} INFO - DAG(s) 'example_sensor_decorator' retrieved from /home/sathya/projects/training-kit/.venv-airflow/lib/python3.10/site-packages/airflow/example_dags/example_sensor_decorator.py
[2025-12-27T19:45:20.981+0530] {logging_mixin.py:188} INFO - [2025-12-27T19:45:20.980+0530] {dag.py:3089} INFO - Sync 1 DAGs
[2025-12-27T19:45:20.994+0530] {logging_mixin.py:188} INFO - [2025-12-27T19:45:20.993+0530] {dag.py:3947} INFO - Setting next_dagrun for example_sensor_decorator to None, run_after=None
[2025-12-27T19:45:21.020+0530] {processor.py:183} INFO - Processing /home/sathya/projects/training-kit/.venv-airflow/lib/python3.10/site-packages/airflow/example_dags/example_sensor_decorator.py took 0.078 seconds
[2025-12-27T19:53:43.110+0530] {processor.py:161} INFO - Started process (PID=2144) to work on /home/sathya/projects/training-kit/.venv-airflow/lib/python3.10/site-packages/airflow/example_dags/example_sensor_decorator.py
[2025-12-27T19:53:43.116+0530] {processor.py:830} INFO - Processing file /home/sathya/projects/training-kit/.venv-airflow/lib/python3.10/site-packages/airflow/example_dags/example_sensor_decorator.py for tasks to queue
[2025-12-27T19:53:43.119+0530] {logging_mixin.py:188} INFO - [2025-12-27T19:53:43.118+0530] {dagbag.py:545} INFO - Filling up the DagBag from /home/sathya/projects/training-kit/.venv-airflow/lib/python3.10/site-packages/airflow/example_dags/example_sensor_decorator.py
[2025-12-27T19:53:43.128+0530] {processor.py:840} INFO - DAG(s) 'example_sensor_decorator' retrieved from /home/sathya/projects/training-kit/.venv-airflow/lib/python3.10/site-packages/airflow/example_dags/example_sensor_decorator.py
[2025-12-27T19:53:43.146+0530] {logging_mixin.py:188} INFO - [2025-12-27T19:53:43.145+0530] {dag.py:3089} INFO - Sync 1 DAGs
[2025-12-27T19:53:43.158+0530] {logging_mixin.py:188} INFO - [2025-12-27T19:53:43.158+0530] {dag.py:3947} INFO - Setting next_dagrun for example_sensor_decorator to None, run_after=None
[2025-12-27T19:53:43.213+0530] {processor.py:183} INFO - Processing /home/sathya/projects/training-kit/.venv-airflow/lib/python3.10/site-packages/airflow/example_dags/example_sensor_decorator.py took 0.112 seconds
[2025-12-27T20:01:59.022+0530] {processor.py:161} INFO - Started process (PID=2484) to work on /home/sathya/projects/training-kit/.venv-airflow/lib/python3.10/site-packages/airflow/example_dags/example_sensor_decorator.py
[2025-12-27T20:01:59.023+0530] {processor.py:830} INFO - Processing file /home/sathya/projects/training-kit/.venv-airflow/lib/python3.10/site-packages/airflow/example_dags/example_sensor_decorator.py for tasks to queue
[2025-12-27T20:01:59.025+0530] {logging_mixin.py:188} INFO - [2025-12-27T20:01:59.025+0530] {dagbag.py:545} INFO - Filling up the DagBag from /home/sathya/projects/training-kit/.venv-airflow/lib/python3.10/site-packages/airflow/example_dags/example_sensor_decorator.py
[2025-12-27T20:01:59.033+0530] {processor.py:840} INFO - DAG(s) 'example_sensor_decorator' retrieved from /home/sathya/projects/training-kit/.venv-airflow/lib/python3.10/site-packages/airflow/example_dags/example_sensor_decorator.py
[2025-12-27T20:01:59.051+0530] {logging_mixin.py:188} INFO - [2025-12-27T20:01:59.051+0530] {dag.py:3089} INFO - Sync 1 DAGs
[2025-12-27T20:01:59.063+0530] {logging_mixin.py:188} INFO - [2025-12-27T20:01:59.063+0530] {dag.py:3947} INFO - Setting next_dagrun for example_sensor_decorator to None, run_after=None
[2025-12-27T20:01:59.096+0530] {processor.py:183} INFO - Processing /home/sathya/projects/training-kit/.venv-airflow/lib/python3.10/site-packages/airflow/example_dags/example_sensor_decorator.py took 0.082 seconds
[2025-12-27T20:10:33.181+0530] {processor.py:161} INFO - Started process (PID=2832) to work on /home/sathya/projects/training-kit/.venv-airflow/lib/python3.10/site-packages/airflow/example_dags/example_sensor_decorator.py
[2025-12-27T20:10:33.182+0530] {processor.py:830} INFO - Processing file /home/sathya/projects/training-kit/.venv-airflow/lib/python3.10/site-packages/airflow/example_dags/example_sensor_decorator.py for tasks to queue
[2025-12-27T20:10:33.185+0530] {logging_mixin.py:188} INFO - [2025-12-27T20:10:33.184+0530] {dagbag.py:545} INFO - Filling up the DagBag from /home/sathya/projects/training-kit/.venv-airflow/lib/python3.10/site-packages/airflow/example_dags/example_sensor_decorator.py
[2025-12-27T20:10:33.193+0530] {processor.py:840} INFO - DAG(s) 'example_sensor_decorator' retrieved from /home/sathya/projects/training-kit/.venv-airflow/lib/python3.10/site-packages/airflow/example_dags/example_sensor_decorator.py
[2025-12-27T20:10:33.214+0530] {logging_mixin.py:188} INFO - [2025-12-27T20:10:33.214+0530] {dag.py:3089} INFO - Sync 1 DAGs
[2025-12-27T20:10:33.230+0530] {logging_mixin.py:188} INFO - [2025-12-27T20:10:33.230+0530] {dag.py:3947} INFO - Setting next_dagrun for example_sensor_decorator to None, run_after=None
[2025-12-27T20:10:33.257+0530] {processor.py:183} INFO - Processing /home/sathya/projects/training-kit/.venv-airflow/lib/python3.10/site-packages/airflow/example_dags/example_sensor_decorator.py took 0.083 seconds
[2025-12-27T20:17:18.304+0530] {processor.py:161} INFO - Started process (PID=3131) to work on /home/sathya/projects/training-kit/.venv-airflow/lib/python3.10/site-packages/airflow/example_dags/example_sensor_decorator.py
[2025-12-27T20:17:18.305+0530] {processor.py:830} INFO - Processing file /home/sathya/projects/training-kit/.venv-airflow/lib/python3.10/site-packages/airflow/example_dags/example_sensor_decorator.py for tasks to queue
[2025-12-27T20:17:18.307+0530] {logging_mixin.py:188} INFO - [2025-12-27T20:17:18.307+0530] {dagbag.py:545} INFO - Filling up the DagBag from /home/sathya/projects/training-kit/.venv-airflow/lib/python3.10/site-packages/airflow/example_dags/example_sensor_decorator.py
[2025-12-27T20:17:18.315+0530] {processor.py:840} INFO - DAG(s) 'example_sensor_decorator' retrieved from /home/sathya/projects/training-kit/.venv-airflow/lib/python3.10/site-packages/airflow/example_dags/example_sensor_decorator.py
[2025-12-27T20:17:18.333+0530] {logging_mixin.py:188} INFO - [2025-12-27T20:17:18.333+0530] {dag.py:3089} INFO - Sync 1 DAGs
[2025-12-27T20:17:18.344+0530] {logging_mixin.py:188} INFO - [2025-12-27T20:17:18.343+0530] {dag.py:3947} INFO - Setting next_dagrun for example_sensor_decorator to None, run_after=None
[2025-12-27T20:17:18.369+0530] {processor.py:183} INFO - Processing /home/sathya/projects/training-kit/.venv-airflow/lib/python3.10/site-packages/airflow/example_dags/example_sensor_decorator.py took 0.074 seconds
[2025-12-27T20:23:45.114+0530] {processor.py:161} INFO - Started process (PID=3415) to work on /home/sathya/projects/training-kit/.venv-airflow/lib/python3.10/site-packages/airflow/example_dags/example_sensor_decorator.py
[2025-12-27T20:23:45.116+0530] {processor.py:830} INFO - Processing file /home/sathya/projects/training-kit/.venv-airflow/lib/python3.10/site-packages/airflow/example_dags/example_sensor_decorator.py for tasks to queue
[2025-12-27T20:23:45.118+0530] {logging_mixin.py:188} INFO - [2025-12-27T20:23:45.117+0530] {dagbag.py:545} INFO - Filling up the DagBag from /home/sathya/projects/training-kit/.venv-airflow/lib/python3.10/site-packages/airflow/example_dags/example_sensor_decorator.py
[2025-12-27T20:23:45.124+0530] {processor.py:840} INFO - DAG(s) 'example_sensor_decorator' retrieved from /home/sathya/projects/training-kit/.venv-airflow/lib/python3.10/site-packages/airflow/example_dags/example_sensor_decorator.py
[2025-12-27T20:23:45.140+0530] {logging_mixin.py:188} INFO - [2025-12-27T20:23:45.139+0530] {dag.py:3089} INFO - Sync 1 DAGs
[2025-12-27T20:23:45.151+0530] {logging_mixin.py:188} INFO - [2025-12-27T20:23:45.150+0530] {dag.py:3947} INFO - Setting next_dagrun for example_sensor_decorator to None, run_after=None
[2025-12-27T20:23:45.174+0530] {processor.py:183} INFO - Processing /home/sathya/projects/training-kit/.venv-airflow/lib/python3.10/site-packages/airflow/example_dags/example_sensor_decorator.py took 0.067 seconds
[2025-12-27T20:31:18.373+0530] {processor.py:161} INFO - Started process (PID=3731) to work on /home/sathya/projects/training-kit/.venv-airflow/lib/python3.10/site-packages/airflow/example_dags/example_sensor_decorator.py
[2025-12-27T20:31:18.376+0530] {processor.py:830} INFO - Processing file /home/sathya/projects/training-kit/.venv-airflow/lib/python3.10/site-packages/airflow/example_dags/example_sensor_decorator.py for tasks to queue
[2025-12-27T20:31:18.378+0530] {logging_mixin.py:188} INFO - [2025-12-27T20:31:18.378+0530] {dagbag.py:545} INFO - Filling up the DagBag from /home/sathya/projects/training-kit/.venv-airflow/lib/python3.10/site-packages/airflow/example_dags/example_sensor_decorator.py
[2025-12-27T20:31:18.388+0530] {processor.py:840} INFO - DAG(s) 'example_sensor_decorator' retrieved from /home/sathya/projects/training-kit/.venv-airflow/lib/python3.10/site-packages/airflow/example_dags/example_sensor_decorator.py
[2025-12-27T20:31:18.410+0530] {logging_mixin.py:188} INFO - [2025-12-27T20:31:18.409+0530] {dag.py:3089} INFO - Sync 1 DAGs
[2025-12-27T20:31:18.421+0530] {logging_mixin.py:188} INFO - [2025-12-27T20:31:18.421+0530] {dag.py:3947} INFO - Setting next_dagrun for example_sensor_decorator to None, run_after=None
[2025-12-27T20:31:18.448+0530] {processor.py:183} INFO - Processing /home/sathya/projects/training-kit/.venv-airflow/lib/python3.10/site-packages/airflow/example_dags/example_sensor_decorator.py took 0.088 seconds
[2025-12-27T20:38:02.753+0530] {processor.py:161} INFO - Started process (PID=4021) to work on /home/sathya/projects/training-kit/.venv-airflow/lib/python3.10/site-packages/airflow/example_dags/example_sensor_decorator.py
[2025-12-27T20:38:02.756+0530] {processor.py:830} INFO - Processing file /home/sathya/projects/training-kit/.venv-airflow/lib/python3.10/site-packages/airflow/example_dags/example_sensor_decorator.py for tasks to queue
[2025-12-27T20:38:02.758+0530] {logging_mixin.py:188} INFO - [2025-12-27T20:38:02.757+0530] {dagbag.py:545} INFO - Filling up the DagBag from /home/sathya/projects/training-kit/.venv-airflow/lib/python3.10/site-packages/airflow/example_dags/example_sensor_decorator.py
[2025-12-27T20:38:02.766+0530] {processor.py:840} INFO - DAG(s) 'example_sensor_decorator' retrieved from /home/sathya/projects/training-kit/.venv-airflow/lib/python3.10/site-packages/airflow/example_dags/example_sensor_decorator.py
[2025-12-27T20:38:02.788+0530] {logging_mixin.py:188} INFO - [2025-12-27T20:38:02.788+0530] {dag.py:3089} INFO - Sync 1 DAGs
[2025-12-27T20:38:02.801+0530] {logging_mixin.py:188} INFO - [2025-12-27T20:38:02.800+0530] {dag.py:3947} INFO - Setting next_dagrun for example_sensor_decorator to None, run_after=None
[2025-12-27T20:38:02.830+0530] {processor.py:183} INFO - Processing /home/sathya/projects/training-kit/.venv-airflow/lib/python3.10/site-packages/airflow/example_dags/example_sensor_decorator.py took 0.089 seconds
[2025-12-27T20:46:03.757+0530] {processor.py:161} INFO - Started process (PID=4343) to work on /home/sathya/projects/training-kit/.venv-airflow/lib/python3.10/site-packages/airflow/example_dags/example_sensor_decorator.py
[2025-12-27T20:46:03.759+0530] {processor.py:830} INFO - Processing file /home/sathya/projects/training-kit/.venv-airflow/lib/python3.10/site-packages/airflow/example_dags/example_sensor_decorator.py for tasks to queue
[2025-12-27T20:46:03.762+0530] {logging_mixin.py:188} INFO - [2025-12-27T20:46:03.761+0530] {dagbag.py:545} INFO - Filling up the DagBag from /home/sathya/projects/training-kit/.venv-airflow/lib/python3.10/site-packages/airflow/example_dags/example_sensor_decorator.py
[2025-12-27T20:46:03.773+0530] {processor.py:840} INFO - DAG(s) 'example_sensor_decorator' retrieved from /home/sathya/projects/training-kit/.venv-airflow/lib/python3.10/site-packages/airflow/example_dags/example_sensor_decorator.py
[2025-12-27T20:46:03.793+0530] {logging_mixin.py:188} INFO - [2025-12-27T20:46:03.792+0530] {dag.py:3089} INFO - Sync 1 DAGs
[2025-12-27T20:46:03.811+0530] {logging_mixin.py:188} INFO - [2025-12-27T20:46:03.811+0530] {dag.py:3947} INFO - Setting next_dagrun for example_sensor_decorator to None, run_after=None
[2025-12-27T20:46:03.842+0530] {processor.py:183} INFO - Processing /home/sathya/projects/training-kit/.venv-airflow/lib/python3.10/site-packages/airflow/example_dags/example_sensor_decorator.py took 0.097 seconds
[2025-12-27T21:46:59.929+0530] {processor.py:161} INFO - Started process (PID=4755) to work on /home/sathya/projects/training-kit/.venv-airflow/lib/python3.10/site-packages/airflow/example_dags/example_sensor_decorator.py
[2025-12-27T21:46:59.930+0530] {processor.py:830} INFO - Processing file /home/sathya/projects/training-kit/.venv-airflow/lib/python3.10/site-packages/airflow/example_dags/example_sensor_decorator.py for tasks to queue
[2025-12-27T21:46:59.933+0530] {logging_mixin.py:188} INFO - [2025-12-27T21:46:59.932+0530] {dagbag.py:545} INFO - Filling up the DagBag from /home/sathya/projects/training-kit/.venv-airflow/lib/python3.10/site-packages/airflow/example_dags/example_sensor_decorator.py
[2025-12-27T21:46:59.943+0530] {processor.py:840} INFO - DAG(s) 'example_sensor_decorator' retrieved from /home/sathya/projects/training-kit/.venv-airflow/lib/python3.10/site-packages/airflow/example_dags/example_sensor_decorator.py
[2025-12-27T21:46:59.967+0530] {logging_mixin.py:188} INFO - [2025-12-27T21:46:59.966+0530] {dag.py:3089} INFO - Sync 1 DAGs
[2025-12-27T21:46:59.988+0530] {logging_mixin.py:188} INFO - [2025-12-27T21:46:59.986+0530] {dag.py:3947} INFO - Setting next_dagrun for example_sensor_decorator to None, run_after=None
[2025-12-27T21:47:00.038+0530] {processor.py:183} INFO - Processing /home/sathya/projects/training-kit/.venv-airflow/lib/python3.10/site-packages/airflow/example_dags/example_sensor_decorator.py took 0.120 seconds
[2025-12-27T21:57:49.567+0530] {processor.py:161} INFO - Started process (PID=5232) to work on /home/sathya/projects/training-kit/.venv-airflow/lib/python3.10/site-packages/airflow/example_dags/example_sensor_decorator.py
[2025-12-27T21:57:49.569+0530] {processor.py:830} INFO - Processing file /home/sathya/projects/training-kit/.venv-airflow/lib/python3.10/site-packages/airflow/example_dags/example_sensor_decorator.py for tasks to queue
[2025-12-27T21:57:49.570+0530] {logging_mixin.py:188} INFO - [2025-12-27T21:57:49.570+0530] {dagbag.py:545} INFO - Filling up the DagBag from /home/sathya/projects/training-kit/.venv-airflow/lib/python3.10/site-packages/airflow/example_dags/example_sensor_decorator.py
[2025-12-27T21:57:49.578+0530] {processor.py:840} INFO - DAG(s) 'example_sensor_decorator' retrieved from /home/sathya/projects/training-kit/.venv-airflow/lib/python3.10/site-packages/airflow/example_dags/example_sensor_decorator.py
[2025-12-27T21:57:49.594+0530] {logging_mixin.py:188} INFO - [2025-12-27T21:57:49.593+0530] {dag.py:3089} INFO - Sync 1 DAGs
[2025-12-27T21:57:49.604+0530] {logging_mixin.py:188} INFO - [2025-12-27T21:57:49.604+0530] {dag.py:3947} INFO - Setting next_dagrun for example_sensor_decorator to None, run_after=None
[2025-12-27T21:57:49.629+0530] {processor.py:183} INFO - Processing /home/sathya/projects/training-kit/.venv-airflow/lib/python3.10/site-packages/airflow/example_dags/example_sensor_decorator.py took 0.068 seconds
[2025-12-27T22:08:51.111+0530] {processor.py:161} INFO - Started process (PID=5620) to work on /home/sathya/projects/training-kit/.venv-airflow/lib/python3.10/site-packages/airflow/example_dags/example_sensor_decorator.py
[2025-12-27T22:08:51.115+0530] {processor.py:830} INFO - Processing file /home/sathya/projects/training-kit/.venv-airflow/lib/python3.10/site-packages/airflow/example_dags/example_sensor_decorator.py for tasks to queue
[2025-12-27T22:08:51.120+0530] {logging_mixin.py:188} INFO - [2025-12-27T22:08:51.119+0530] {dagbag.py:545} INFO - Filling up the DagBag from /home/sathya/projects/training-kit/.venv-airflow/lib/python3.10/site-packages/airflow/example_dags/example_sensor_decorator.py
[2025-12-27T22:08:51.136+0530] {processor.py:840} INFO - DAG(s) 'example_sensor_decorator' retrieved from /home/sathya/projects/training-kit/.venv-airflow/lib/python3.10/site-packages/airflow/example_dags/example_sensor_decorator.py
[2025-12-27T22:08:51.179+0530] {logging_mixin.py:188} INFO - [2025-12-27T22:08:51.179+0530] {dag.py:3089} INFO - Sync 1 DAGs
[2025-12-27T22:08:51.205+0530] {logging_mixin.py:188} INFO - [2025-12-27T22:08:51.205+0530] {dag.py:3947} INFO - Setting next_dagrun for example_sensor_decorator to None, run_after=None
[2025-12-27T22:08:51.256+0530] {processor.py:183} INFO - Processing /home/sathya/projects/training-kit/.venv-airflow/lib/python3.10/site-packages/airflow/example_dags/example_sensor_decorator.py took 0.166 seconds
[2025-12-27T22:28:44.961+0530] {processor.py:161} INFO - Started process (PID=6129) to work on /home/sathya/projects/training-kit/.venv-airflow/lib/python3.10/site-packages/airflow/example_dags/example_sensor_decorator.py
[2025-12-27T22:28:44.962+0530] {processor.py:830} INFO - Processing file /home/sathya/projects/training-kit/.venv-airflow/lib/python3.10/site-packages/airflow/example_dags/example_sensor_decorator.py for tasks to queue
[2025-12-27T22:28:44.963+0530] {logging_mixin.py:188} INFO - [2025-12-27T22:28:44.963+0530] {dagbag.py:545} INFO - Filling up the DagBag from /home/sathya/projects/training-kit/.venv-airflow/lib/python3.10/site-packages/airflow/example_dags/example_sensor_decorator.py
[2025-12-27T22:28:44.970+0530] {processor.py:840} INFO - DAG(s) 'example_sensor_decorator' retrieved from /home/sathya/projects/training-kit/.venv-airflow/lib/python3.10/site-packages/airflow/example_dags/example_sensor_decorator.py
[2025-12-27T22:28:44.981+0530] {logging_mixin.py:188} INFO - [2025-12-27T22:28:44.981+0530] {dag.py:3089} INFO - Sync 1 DAGs
[2025-12-27T22:28:44.989+0530] {logging_mixin.py:188} INFO - [2025-12-27T22:28:44.989+0530] {dag.py:3947} INFO - Setting next_dagrun for example_sensor_decorator to None, run_after=None
[2025-12-27T22:28:45.011+0530] {processor.py:183} INFO - Processing /home/sathya/projects/training-kit/.venv-airflow/lib/python3.10/site-packages/airflow/example_dags/example_sensor_decorator.py took 0.057 seconds
[2025-12-27T22:33:58.215+0530] {processor.py:161} INFO - Started process (PID=6447) to work on /home/sathya/projects/training-kit/.venv-airflow/lib/python3.10/site-packages/airflow/example_dags/example_sensor_decorator.py
[2025-12-27T22:33:58.221+0530] {processor.py:830} INFO - Processing file /home/sathya/projects/training-kit/.venv-airflow/lib/python3.10/site-packages/airflow/example_dags/example_sensor_decorator.py for tasks to queue
[2025-12-27T22:33:58.223+0530] {logging_mixin.py:188} INFO - [2025-12-27T22:33:58.222+0530] {dagbag.py:545} INFO - Filling up the DagBag from /home/sathya/projects/training-kit/.venv-airflow/lib/python3.10/site-packages/airflow/example_dags/example_sensor_decorator.py
[2025-12-27T22:33:58.228+0530] {processor.py:840} INFO - DAG(s) 'example_sensor_decorator' retrieved from /home/sathya/projects/training-kit/.venv-airflow/lib/python3.10/site-packages/airflow/example_dags/example_sensor_decorator.py
[2025-12-27T22:33:58.239+0530] {logging_mixin.py:188} INFO - [2025-12-27T22:33:58.239+0530] {dag.py:3089} INFO - Sync 1 DAGs
[2025-12-27T22:33:58.247+0530] {logging_mixin.py:188} INFO - [2025-12-27T22:33:58.246+0530] {dag.py:3947} INFO - Setting next_dagrun for example_sensor_decorator to None, run_after=None
[2025-12-27T22:33:58.267+0530] {processor.py:183} INFO - Processing /home/sathya/projects/training-kit/.venv-airflow/lib/python3.10/site-packages/airflow/example_dags/example_sensor_decorator.py took 0.057 seconds
[2025-12-27T22:38:40.184+0530] {processor.py:161} INFO - Started process (PID=6722) to work on /home/sathya/projects/training-kit/.venv-airflow/lib/python3.10/site-packages/airflow/example_dags/example_sensor_decorator.py
[2025-12-27T22:38:40.185+0530] {processor.py:830} INFO - Processing file /home/sathya/projects/training-kit/.venv-airflow/lib/python3.10/site-packages/airflow/example_dags/example_sensor_decorator.py for tasks to queue
[2025-12-27T22:38:40.188+0530] {logging_mixin.py:188} INFO - [2025-12-27T22:38:40.187+0530] {dagbag.py:545} INFO - Filling up the DagBag from /home/sathya/projects/training-kit/.venv-airflow/lib/python3.10/site-packages/airflow/example_dags/example_sensor_decorator.py
[2025-12-27T22:38:40.194+0530] {processor.py:840} INFO - DAG(s) 'example_sensor_decorator' retrieved from /home/sathya/projects/training-kit/.venv-airflow/lib/python3.10/site-packages/airflow/example_dags/example_sensor_decorator.py
[2025-12-27T22:38:40.208+0530] {logging_mixin.py:188} INFO - [2025-12-27T22:38:40.207+0530] {dag.py:3089} INFO - Sync 1 DAGs
[2025-12-27T22:38:40.215+0530] {logging_mixin.py:188} INFO - [2025-12-27T22:38:40.215+0530] {dag.py:3947} INFO - Setting next_dagrun for example_sensor_decorator to None, run_after=None
[2025-12-27T22:38:40.239+0530] {processor.py:183} INFO - Processing /home/sathya/projects/training-kit/.venv-airflow/lib/python3.10/site-packages/airflow/example_dags/example_sensor_decorator.py took 0.060 seconds
[2025-12-27T22:44:02.680+0530] {processor.py:161} INFO - Started process (PID=7024) to work on /home/sathya/projects/training-kit/.venv-airflow/lib/python3.10/site-packages/airflow/example_dags/example_sensor_decorator.py
[2025-12-27T22:44:02.682+0530] {processor.py:830} INFO - Processing file /home/sathya/projects/training-kit/.venv-airflow/lib/python3.10/site-packages/airflow/example_dags/example_sensor_decorator.py for tasks to queue
[2025-12-27T22:44:02.684+0530] {logging_mixin.py:188} INFO - [2025-12-27T22:44:02.683+0530] {dagbag.py:545} INFO - Filling up the DagBag from /home/sathya/projects/training-kit/.venv-airflow/lib/python3.10/site-packages/airflow/example_dags/example_sensor_decorator.py
[2025-12-27T22:44:02.689+0530] {processor.py:840} INFO - DAG(s) 'example_sensor_decorator' retrieved from /home/sathya/projects/training-kit/.venv-airflow/lib/python3.10/site-packages/airflow/example_dags/example_sensor_decorator.py
[2025-12-27T22:44:02.702+0530] {logging_mixin.py:188} INFO - [2025-12-27T22:44:02.702+0530] {dag.py:3089} INFO - Sync 1 DAGs
[2025-12-27T22:44:02.711+0530] {logging_mixin.py:188} INFO - [2025-12-27T22:44:02.710+0530] {dag.py:3947} INFO - Setting next_dagrun for example_sensor_decorator to None, run_after=None
[2025-12-27T22:44:02.732+0530] {processor.py:183} INFO - Processing /home/sathya/projects/training-kit/.venv-airflow/lib/python3.10/site-packages/airflow/example_dags/example_sensor_decorator.py took 0.057 seconds
[2025-12-27T22:50:07.878+0530] {processor.py:161} INFO - Started process (PID=7348) to work on /home/sathya/projects/training-kit/.venv-airflow/lib/python3.10/site-packages/airflow/example_dags/example_sensor_decorator.py
[2025-12-27T22:50:07.879+0530] {processor.py:830} INFO - Processing file /home/sathya/projects/training-kit/.venv-airflow/lib/python3.10/site-packages/airflow/example_dags/example_sensor_decorator.py for tasks to queue
[2025-12-27T22:50:07.881+0530] {logging_mixin.py:188} INFO - [2025-12-27T22:50:07.880+0530] {dagbag.py:545} INFO - Filling up the DagBag from /home/sathya/projects/training-kit/.venv-airflow/lib/python3.10/site-packages/airflow/example_dags/example_sensor_decorator.py
[2025-12-27T22:50:07.888+0530] {processor.py:840} INFO - DAG(s) 'example_sensor_decorator' retrieved from /home/sathya/projects/training-kit/.venv-airflow/lib/python3.10/site-packages/airflow/example_dags/example_sensor_decorator.py
[2025-12-27T22:50:07.902+0530] {logging_mixin.py:188} INFO - [2025-12-27T22:50:07.902+0530] {dag.py:3089} INFO - Sync 1 DAGs
[2025-12-27T22:50:07.912+0530] {logging_mixin.py:188} INFO - [2025-12-27T22:50:07.912+0530] {dag.py:3947} INFO - Setting next_dagrun for example_sensor_decorator to None, run_after=None
[2025-12-27T22:50:07.932+0530] {processor.py:183} INFO - Processing /home/sathya/projects/training-kit/.venv-airflow/lib/python3.10/site-packages/airflow/example_dags/example_sensor_decorator.py took 0.061 seconds
[2025-12-27T22:57:18.636+0530] {processor.py:161} INFO - Started process (PID=7762) to work on /home/sathya/projects/training-kit/.venv-airflow/lib/python3.10/site-packages/airflow/example_dags/example_sensor_decorator.py
[2025-12-27T22:57:18.638+0530] {processor.py:830} INFO - Processing file /home/sathya/projects/training-kit/.venv-airflow/lib/python3.10/site-packages/airflow/example_dags/example_sensor_decorator.py for tasks to queue
[2025-12-27T22:57:18.639+0530] {logging_mixin.py:188} INFO - [2025-12-27T22:57:18.639+0530] {dagbag.py:545} INFO - Filling up the DagBag from /home/sathya/projects/training-kit/.venv-airflow/lib/python3.10/site-packages/airflow/example_dags/example_sensor_decorator.py
[2025-12-27T22:57:18.645+0530] {processor.py:840} INFO - DAG(s) 'example_sensor_decorator' retrieved from /home/sathya/projects/training-kit/.venv-airflow/lib/python3.10/site-packages/airflow/example_dags/example_sensor_decorator.py
[2025-12-27T22:57:18.657+0530] {logging_mixin.py:188} INFO - [2025-12-27T22:57:18.657+0530] {dag.py:3089} INFO - Sync 1 DAGs
[2025-12-27T22:57:18.666+0530] {logging_mixin.py:188} INFO - [2025-12-27T22:57:18.666+0530] {dag.py:3947} INFO - Setting next_dagrun for example_sensor_decorator to None, run_after=None
[2025-12-27T22:57:18.686+0530] {processor.py:183} INFO - Processing /home/sathya/projects/training-kit/.venv-airflow/lib/python3.10/site-packages/airflow/example_dags/example_sensor_decorator.py took 0.056 seconds
[2025-12-27T23:03:24.809+0530] {processor.py:161} INFO - Started process (PID=8124) to work on /home/sathya/projects/training-kit/.venv-airflow/lib/python3.10/site-packages/airflow/example_dags/example_sensor_decorator.py
[2025-12-27T23:03:24.810+0530] {processor.py:830} INFO - Processing file /home/sathya/projects/training-kit/.venv-airflow/lib/python3.10/site-packages/airflow/example_dags/example_sensor_decorator.py for tasks to queue
[2025-12-27T23:03:24.811+0530] {logging_mixin.py:188} INFO - [2025-12-27T23:03:24.811+0530] {dagbag.py:545} INFO - Filling up the DagBag from /home/sathya/projects/training-kit/.venv-airflow/lib/python3.10/site-packages/airflow/example_dags/example_sensor_decorator.py
[2025-12-27T23:03:24.817+0530] {processor.py:840} INFO - DAG(s) 'example_sensor_decorator' retrieved from /home/sathya/projects/training-kit/.venv-airflow/lib/python3.10/site-packages/airflow/example_dags/example_sensor_decorator.py
[2025-12-27T23:03:24.829+0530] {logging_mixin.py:188} INFO - [2025-12-27T23:03:24.829+0530] {dag.py:3089} INFO - Sync 1 DAGs
[2025-12-27T23:03:24.837+0530] {logging_mixin.py:188} INFO - [2025-12-27T23:03:24.837+0530] {dag.py:3947} INFO - Setting next_dagrun for example_sensor_decorator to None, run_after=None
[2025-12-27T23:03:24.858+0530] {processor.py:183} INFO - Processing /home/sathya/projects/training-kit/.venv-airflow/lib/python3.10/site-packages/airflow/example_dags/example_sensor_decorator.py took 0.055 seconds
[2025-12-27T23:10:02.091+0530] {processor.py:161} INFO - Started process (PID=8588) to work on /home/sathya/projects/training-kit/.venv-airflow/lib/python3.10/site-packages/airflow/example_dags/example_sensor_decorator.py
[2025-12-27T23:10:02.092+0530] {processor.py:830} INFO - Processing file /home/sathya/projects/training-kit/.venv-airflow/lib/python3.10/site-packages/airflow/example_dags/example_sensor_decorator.py for tasks to queue
[2025-12-27T23:10:02.093+0530] {logging_mixin.py:188} INFO - [2025-12-27T23:10:02.093+0530] {dagbag.py:545} INFO - Filling up the DagBag from /home/sathya/projects/training-kit/.venv-airflow/lib/python3.10/site-packages/airflow/example_dags/example_sensor_decorator.py
[2025-12-27T23:10:02.100+0530] {processor.py:840} INFO - DAG(s) 'example_sensor_decorator' retrieved from /home/sathya/projects/training-kit/.venv-airflow/lib/python3.10/site-packages/airflow/example_dags/example_sensor_decorator.py
[2025-12-27T23:10:02.114+0530] {logging_mixin.py:188} INFO - [2025-12-27T23:10:02.114+0530] {dag.py:3089} INFO - Sync 1 DAGs
[2025-12-27T23:10:02.123+0530] {logging_mixin.py:188} INFO - [2025-12-27T23:10:02.123+0530] {dag.py:3947} INFO - Setting next_dagrun for example_sensor_decorator to None, run_after=None
[2025-12-27T23:10:02.145+0530] {processor.py:183} INFO - Processing /home/sathya/projects/training-kit/.venv-airflow/lib/python3.10/site-packages/airflow/example_dags/example_sensor_decorator.py took 0.059 seconds
[2025-12-27T23:16:03.670+0530] {processor.py:161} INFO - Started process (PID=9108) to work on /home/sathya/projects/training-kit/.venv-airflow/lib/python3.10/site-packages/airflow/example_dags/example_sensor_decorator.py
[2025-12-27T23:16:03.672+0530] {processor.py:830} INFO - Processing file /home/sathya/projects/training-kit/.venv-airflow/lib/python3.10/site-packages/airflow/example_dags/example_sensor_decorator.py for tasks to queue
[2025-12-27T23:16:03.674+0530] {logging_mixin.py:188} INFO - [2025-12-27T23:16:03.673+0530] {dagbag.py:545} INFO - Filling up the DagBag from /home/sathya/projects/training-kit/.venv-airflow/lib/python3.10/site-packages/airflow/example_dags/example_sensor_decorator.py
[2025-12-27T23:16:03.680+0530] {processor.py:840} INFO - DAG(s) 'example_sensor_decorator' retrieved from /home/sathya/projects/training-kit/.venv-airflow/lib/python3.10/site-packages/airflow/example_dags/example_sensor_decorator.py
[2025-12-27T23:16:03.694+0530] {logging_mixin.py:188} INFO - [2025-12-27T23:16:03.694+0530] {dag.py:3089} INFO - Sync 1 DAGs
[2025-12-27T23:16:03.703+0530] {logging_mixin.py:188} INFO - [2025-12-27T23:16:03.702+0530] {dag.py:3947} INFO - Setting next_dagrun for example_sensor_decorator to None, run_after=None
[2025-12-27T23:16:03.728+0530] {processor.py:183} INFO - Processing /home/sathya/projects/training-kit/.venv-airflow/lib/python3.10/site-packages/airflow/example_dags/example_sensor_decorator.py took 0.065 seconds
[2025-12-27T23:23:18.302+0530] {processor.py:161} INFO - Started process (PID=9911) to work on /home/sathya/projects/training-kit/.venv-airflow/lib/python3.10/site-packages/airflow/example_dags/example_sensor_decorator.py
[2025-12-27T23:23:18.303+0530] {processor.py:830} INFO - Processing file /home/sathya/projects/training-kit/.venv-airflow/lib/python3.10/site-packages/airflow/example_dags/example_sensor_decorator.py for tasks to queue
[2025-12-27T23:23:18.305+0530] {logging_mixin.py:188} INFO - [2025-12-27T23:23:18.304+0530] {dagbag.py:545} INFO - Filling up the DagBag from /home/sathya/projects/training-kit/.venv-airflow/lib/python3.10/site-packages/airflow/example_dags/example_sensor_decorator.py
[2025-12-27T23:23:18.310+0530] {processor.py:840} INFO - DAG(s) 'example_sensor_decorator' retrieved from /home/sathya/projects/training-kit/.venv-airflow/lib/python3.10/site-packages/airflow/example_dags/example_sensor_decorator.py
[2025-12-27T23:23:18.324+0530] {logging_mixin.py:188} INFO - [2025-12-27T23:23:18.324+0530] {dag.py:3089} INFO - Sync 1 DAGs
[2025-12-27T23:23:18.334+0530] {logging_mixin.py:188} INFO - [2025-12-27T23:23:18.333+0530] {dag.py:3947} INFO - Setting next_dagrun for example_sensor_decorator to None, run_after=None
[2025-12-27T23:23:18.353+0530] {processor.py:183} INFO - Processing /home/sathya/projects/training-kit/.venv-airflow/lib/python3.10/site-packages/airflow/example_dags/example_sensor_decorator.py took 0.056 seconds
[2025-12-27T23:29:28.894+0530] {processor.py:161} INFO - Started process (PID=10612) to work on /home/sathya/projects/training-kit/.venv-airflow/lib/python3.10/site-packages/airflow/example_dags/example_sensor_decorator.py
[2025-12-27T23:29:28.896+0530] {processor.py:830} INFO - Processing file /home/sathya/projects/training-kit/.venv-airflow/lib/python3.10/site-packages/airflow/example_dags/example_sensor_decorator.py for tasks to queue
[2025-12-27T23:29:28.897+0530] {logging_mixin.py:188} INFO - [2025-12-27T23:29:28.897+0530] {dagbag.py:545} INFO - Filling up the DagBag from /home/sathya/projects/training-kit/.venv-airflow/lib/python3.10/site-packages/airflow/example_dags/example_sensor_decorator.py
[2025-12-27T23:29:28.903+0530] {processor.py:840} INFO - DAG(s) 'example_sensor_decorator' retrieved from /home/sathya/projects/training-kit/.venv-airflow/lib/python3.10/site-packages/airflow/example_dags/example_sensor_decorator.py
[2025-12-27T23:29:28.917+0530] {logging_mixin.py:188} INFO - [2025-12-27T23:29:28.917+0530] {dag.py:3089} INFO - Sync 1 DAGs
[2025-12-27T23:29:28.928+0530] {logging_mixin.py:188} INFO - [2025-12-27T23:29:28.927+0530] {dag.py:3947} INFO - Setting next_dagrun for example_sensor_decorator to None, run_after=None
[2025-12-27T23:29:28.949+0530] {processor.py:183} INFO - Processing /home/sathya/projects/training-kit/.venv-airflow/lib/python3.10/site-packages/airflow/example_dags/example_sensor_decorator.py took 0.060 seconds
[2025-12-27T23:35:52.546+0530] {processor.py:161} INFO - Started process (PID=11348) to work on /home/sathya/projects/training-kit/.venv-airflow/lib/python3.10/site-packages/airflow/example_dags/example_sensor_decorator.py
[2025-12-27T23:35:52.549+0530] {processor.py:830} INFO - Processing file /home/sathya/projects/training-kit/.venv-airflow/lib/python3.10/site-packages/airflow/example_dags/example_sensor_decorator.py for tasks to queue
[2025-12-27T23:35:52.551+0530] {logging_mixin.py:188} INFO - [2025-12-27T23:35:52.551+0530] {dagbag.py:545} INFO - Filling up the DagBag from /home/sathya/projects/training-kit/.venv-airflow/lib/python3.10/site-packages/airflow/example_dags/example_sensor_decorator.py
[2025-12-27T23:35:52.556+0530] {processor.py:840} INFO - DAG(s) 'example_sensor_decorator' retrieved from /home/sathya/projects/training-kit/.venv-airflow/lib/python3.10/site-packages/airflow/example_dags/example_sensor_decorator.py
[2025-12-27T23:35:52.571+0530] {logging_mixin.py:188} INFO - [2025-12-27T23:35:52.570+0530] {dag.py:3089} INFO - Sync 1 DAGs
[2025-12-27T23:35:52.580+0530] {logging_mixin.py:188} INFO - [2025-12-27T23:35:52.580+0530] {dag.py:3947} INFO - Setting next_dagrun for example_sensor_decorator to None, run_after=None
[2025-12-27T23:35:52.604+0530] {processor.py:183} INFO - Processing /home/sathya/projects/training-kit/.venv-airflow/lib/python3.10/site-packages/airflow/example_dags/example_sensor_decorator.py took 0.063 seconds
[2025-12-27T23:42:07.693+0530] {processor.py:161} INFO - Started process (PID=12056) to work on /home/sathya/projects/training-kit/.venv-airflow/lib/python3.10/site-packages/airflow/example_dags/example_sensor_decorator.py
[2025-12-27T23:42:07.694+0530] {processor.py:830} INFO - Processing file /home/sathya/projects/training-kit/.venv-airflow/lib/python3.10/site-packages/airflow/example_dags/example_sensor_decorator.py for tasks to queue
[2025-12-27T23:42:07.695+0530] {logging_mixin.py:188} INFO - [2025-12-27T23:42:07.695+0530] {dagbag.py:545} INFO - Filling up the DagBag from /home/sathya/projects/training-kit/.venv-airflow/lib/python3.10/site-packages/airflow/example_dags/example_sensor_decorator.py
[2025-12-27T23:42:07.700+0530] {processor.py:840} INFO - DAG(s) 'example_sensor_decorator' retrieved from /home/sathya/projects/training-kit/.venv-airflow/lib/python3.10/site-packages/airflow/example_dags/example_sensor_decorator.py
[2025-12-27T23:42:07.713+0530] {logging_mixin.py:188} INFO - [2025-12-27T23:42:07.713+0530] {dag.py:3089} INFO - Sync 1 DAGs
[2025-12-27T23:42:07.722+0530] {logging_mixin.py:188} INFO - [2025-12-27T23:42:07.722+0530] {dag.py:3947} INFO - Setting next_dagrun for example_sensor_decorator to None, run_after=None
[2025-12-27T23:42:07.743+0530] {processor.py:183} INFO - Processing /home/sathya/projects/training-kit/.venv-airflow/lib/python3.10/site-packages/airflow/example_dags/example_sensor_decorator.py took 0.056 seconds
[2025-12-27T23:49:28.001+0530] {processor.py:161} INFO - Started process (PID=12836) to work on /home/sathya/projects/training-kit/.venv-airflow/lib/python3.10/site-packages/airflow/example_dags/example_sensor_decorator.py
[2025-12-27T23:49:28.003+0530] {processor.py:830} INFO - Processing file /home/sathya/projects/training-kit/.venv-airflow/lib/python3.10/site-packages/airflow/example_dags/example_sensor_decorator.py for tasks to queue
[2025-12-27T23:49:28.005+0530] {logging_mixin.py:188} INFO - [2025-12-27T23:49:28.004+0530] {dagbag.py:545} INFO - Filling up the DagBag from /home/sathya/projects/training-kit/.venv-airflow/lib/python3.10/site-packages/airflow/example_dags/example_sensor_decorator.py
[2025-12-27T23:49:28.010+0530] {processor.py:840} INFO - DAG(s) 'example_sensor_decorator' retrieved from /home/sathya/projects/training-kit/.venv-airflow/lib/python3.10/site-packages/airflow/example_dags/example_sensor_decorator.py
[2025-12-27T23:49:28.022+0530] {logging_mixin.py:188} INFO - [2025-12-27T23:49:28.022+0530] {dag.py:3089} INFO - Sync 1 DAGs
[2025-12-27T23:49:28.031+0530] {logging_mixin.py:188} INFO - [2025-12-27T23:49:28.031+0530] {dag.py:3947} INFO - Setting next_dagrun for example_sensor_decorator to None, run_after=None
[2025-12-27T23:49:28.055+0530] {processor.py:183} INFO - Processing /home/sathya/projects/training-kit/.venv-airflow/lib/python3.10/site-packages/airflow/example_dags/example_sensor_decorator.py took 0.063 seconds
