[2025-12-27T19:13:58.579+0530] {processor.py:161} INFO - Started process (PID=768) to work on /home/sathya/projects/training-kit/.venv-airflow/lib/python3.10/site-packages/airflow/example_dags/example_setup_teardown.py
[2025-12-27T19:13:58.580+0530] {processor.py:830} INFO - Processing file /home/sathya/projects/training-kit/.venv-airflow/lib/python3.10/site-packages/airflow/example_dags/example_setup_teardown.py for tasks to queue
[2025-12-27T19:13:58.582+0530] {logging_mixin.py:188} INFO - [2025-12-27T19:13:58.582+0530] {dagbag.py:545} INFO - Filling up the DagBag from /home/sathya/projects/training-kit/.venv-airflow/lib/python3.10/site-packages/airflow/example_dags/example_setup_teardown.py
[2025-12-27T19:13:58.595+0530] {processor.py:840} INFO - DAG(s) 'example_setup_teardown' retrieved from /home/sathya/projects/training-kit/.venv-airflow/lib/python3.10/site-packages/airflow/example_dags/example_setup_teardown.py
[2025-12-27T19:13:58.619+0530] {logging_mixin.py:188} INFO - [2025-12-27T19:13:58.618+0530] {dag.py:3089} INFO - Sync 1 DAGs
[2025-12-27T19:13:58.639+0530] {logging_mixin.py:188} INFO - [2025-12-27T19:13:58.639+0530] {dag.py:3947} INFO - Setting next_dagrun for example_setup_teardown to 2025-12-27 00:00:00+00:00, run_after=2025-12-28 00:00:00+00:00
[2025-12-27T19:13:58.710+0530] {processor.py:183} INFO - Processing /home/sathya/projects/training-kit/.venv-airflow/lib/python3.10/site-packages/airflow/example_dags/example_setup_teardown.py took 0.141 seconds
[2025-12-27T19:29:39.561+0530] {processor.py:161} INFO - Started process (PID=1221) to work on /home/sathya/projects/training-kit/.venv-airflow/lib/python3.10/site-packages/airflow/example_dags/example_setup_teardown.py
[2025-12-27T19:29:39.562+0530] {processor.py:830} INFO - Processing file /home/sathya/projects/training-kit/.venv-airflow/lib/python3.10/site-packages/airflow/example_dags/example_setup_teardown.py for tasks to queue
[2025-12-27T19:29:39.564+0530] {logging_mixin.py:188} INFO - [2025-12-27T19:29:39.564+0530] {dagbag.py:545} INFO - Filling up the DagBag from /home/sathya/projects/training-kit/.venv-airflow/lib/python3.10/site-packages/airflow/example_dags/example_setup_teardown.py
[2025-12-27T19:29:39.572+0530] {processor.py:840} INFO - DAG(s) 'example_setup_teardown' retrieved from /home/sathya/projects/training-kit/.venv-airflow/lib/python3.10/site-packages/airflow/example_dags/example_setup_teardown.py
[2025-12-27T19:29:39.590+0530] {logging_mixin.py:188} INFO - [2025-12-27T19:29:39.590+0530] {dag.py:3089} INFO - Sync 1 DAGs
[2025-12-27T19:29:39.609+0530] {logging_mixin.py:188} INFO - [2025-12-27T19:29:39.609+0530] {dag.py:3947} INFO - Setting next_dagrun for example_setup_teardown to 2025-12-27 00:00:00+00:00, run_after=2025-12-28 00:00:00+00:00
[2025-12-27T19:29:39.633+0530] {processor.py:183} INFO - Processing /home/sathya/projects/training-kit/.venv-airflow/lib/python3.10/site-packages/airflow/example_dags/example_setup_teardown.py took 0.080 seconds
[2025-12-27T19:38:34.086+0530] {processor.py:161} INFO - Started process (PID=1561) to work on /home/sathya/projects/training-kit/.venv-airflow/lib/python3.10/site-packages/airflow/example_dags/example_setup_teardown.py
[2025-12-27T19:38:34.088+0530] {processor.py:830} INFO - Processing file /home/sathya/projects/training-kit/.venv-airflow/lib/python3.10/site-packages/airflow/example_dags/example_setup_teardown.py for tasks to queue
[2025-12-27T19:38:34.090+0530] {logging_mixin.py:188} INFO - [2025-12-27T19:38:34.090+0530] {dagbag.py:545} INFO - Filling up the DagBag from /home/sathya/projects/training-kit/.venv-airflow/lib/python3.10/site-packages/airflow/example_dags/example_setup_teardown.py
[2025-12-27T19:38:34.100+0530] {processor.py:840} INFO - DAG(s) 'example_setup_teardown' retrieved from /home/sathya/projects/training-kit/.venv-airflow/lib/python3.10/site-packages/airflow/example_dags/example_setup_teardown.py
[2025-12-27T19:38:34.119+0530] {logging_mixin.py:188} INFO - [2025-12-27T19:38:34.119+0530] {dag.py:3089} INFO - Sync 1 DAGs
[2025-12-27T19:38:34.151+0530] {logging_mixin.py:188} INFO - [2025-12-27T19:38:34.151+0530] {dag.py:3947} INFO - Setting next_dagrun for example_setup_teardown to 2025-12-27 00:00:00+00:00, run_after=2025-12-28 00:00:00+00:00
[2025-12-27T19:38:34.199+0530] {processor.py:183} INFO - Processing /home/sathya/projects/training-kit/.venv-airflow/lib/python3.10/site-packages/airflow/example_dags/example_setup_teardown.py took 0.120 seconds
[2025-12-27T19:46:46.943+0530] {processor.py:161} INFO - Started process (PID=1881) to work on /home/sathya/projects/training-kit/.venv-airflow/lib/python3.10/site-packages/airflow/example_dags/example_setup_teardown.py
[2025-12-27T19:46:46.944+0530] {processor.py:830} INFO - Processing file /home/sathya/projects/training-kit/.venv-airflow/lib/python3.10/site-packages/airflow/example_dags/example_setup_teardown.py for tasks to queue
[2025-12-27T19:46:46.947+0530] {logging_mixin.py:188} INFO - [2025-12-27T19:46:46.946+0530] {dagbag.py:545} INFO - Filling up the DagBag from /home/sathya/projects/training-kit/.venv-airflow/lib/python3.10/site-packages/airflow/example_dags/example_setup_teardown.py
[2025-12-27T19:46:46.961+0530] {processor.py:840} INFO - DAG(s) 'example_setup_teardown' retrieved from /home/sathya/projects/training-kit/.venv-airflow/lib/python3.10/site-packages/airflow/example_dags/example_setup_teardown.py
[2025-12-27T19:46:46.981+0530] {logging_mixin.py:188} INFO - [2025-12-27T19:46:46.981+0530] {dag.py:3089} INFO - Sync 1 DAGs
[2025-12-27T19:46:47.002+0530] {logging_mixin.py:188} INFO - [2025-12-27T19:46:47.002+0530] {dag.py:3947} INFO - Setting next_dagrun for example_setup_teardown to 2025-12-27 00:00:00+00:00, run_after=2025-12-28 00:00:00+00:00
[2025-12-27T19:46:47.035+0530] {processor.py:183} INFO - Processing /home/sathya/projects/training-kit/.venv-airflow/lib/python3.10/site-packages/airflow/example_dags/example_setup_teardown.py took 0.101 seconds
[2025-12-27T19:55:33.512+0530] {processor.py:161} INFO - Started process (PID=2216) to work on /home/sathya/projects/training-kit/.venv-airflow/lib/python3.10/site-packages/airflow/example_dags/example_setup_teardown.py
[2025-12-27T19:55:33.520+0530] {processor.py:830} INFO - Processing file /home/sathya/projects/training-kit/.venv-airflow/lib/python3.10/site-packages/airflow/example_dags/example_setup_teardown.py for tasks to queue
[2025-12-27T19:55:33.523+0530] {logging_mixin.py:188} INFO - [2025-12-27T19:55:33.522+0530] {dagbag.py:545} INFO - Filling up the DagBag from /home/sathya/projects/training-kit/.venv-airflow/lib/python3.10/site-packages/airflow/example_dags/example_setup_teardown.py
[2025-12-27T19:55:33.535+0530] {processor.py:840} INFO - DAG(s) 'example_setup_teardown' retrieved from /home/sathya/projects/training-kit/.venv-airflow/lib/python3.10/site-packages/airflow/example_dags/example_setup_teardown.py
[2025-12-27T19:55:33.556+0530] {logging_mixin.py:188} INFO - [2025-12-27T19:55:33.556+0530] {dag.py:3089} INFO - Sync 1 DAGs
[2025-12-27T19:55:33.574+0530] {logging_mixin.py:188} INFO - [2025-12-27T19:55:33.574+0530] {dag.py:3947} INFO - Setting next_dagrun for example_setup_teardown to 2025-12-27 00:00:00+00:00, run_after=2025-12-28 00:00:00+00:00
[2025-12-27T19:55:33.601+0530] {processor.py:183} INFO - Processing /home/sathya/projects/training-kit/.venv-airflow/lib/python3.10/site-packages/airflow/example_dags/example_setup_teardown.py took 0.099 seconds
[2025-12-27T20:03:54.467+0530] {processor.py:161} INFO - Started process (PID=2555) to work on /home/sathya/projects/training-kit/.venv-airflow/lib/python3.10/site-packages/airflow/example_dags/example_setup_teardown.py
[2025-12-27T20:03:54.469+0530] {processor.py:830} INFO - Processing file /home/sathya/projects/training-kit/.venv-airflow/lib/python3.10/site-packages/airflow/example_dags/example_setup_teardown.py for tasks to queue
[2025-12-27T20:03:54.471+0530] {logging_mixin.py:188} INFO - [2025-12-27T20:03:54.470+0530] {dagbag.py:545} INFO - Filling up the DagBag from /home/sathya/projects/training-kit/.venv-airflow/lib/python3.10/site-packages/airflow/example_dags/example_setup_teardown.py
[2025-12-27T20:03:54.478+0530] {processor.py:840} INFO - DAG(s) 'example_setup_teardown' retrieved from /home/sathya/projects/training-kit/.venv-airflow/lib/python3.10/site-packages/airflow/example_dags/example_setup_teardown.py
[2025-12-27T20:03:54.498+0530] {logging_mixin.py:188} INFO - [2025-12-27T20:03:54.498+0530] {dag.py:3089} INFO - Sync 1 DAGs
[2025-12-27T20:03:54.522+0530] {logging_mixin.py:188} INFO - [2025-12-27T20:03:54.522+0530] {dag.py:3947} INFO - Setting next_dagrun for example_setup_teardown to 2025-12-27 00:00:00+00:00, run_after=2025-12-28 00:00:00+00:00
[2025-12-27T20:03:54.553+0530] {processor.py:183} INFO - Processing /home/sathya/projects/training-kit/.venv-airflow/lib/python3.10/site-packages/airflow/example_dags/example_setup_teardown.py took 0.093 seconds
[2025-12-27T20:11:56.732+0530] {processor.py:161} INFO - Started process (PID=2901) to work on /home/sathya/projects/training-kit/.venv-airflow/lib/python3.10/site-packages/airflow/example_dags/example_setup_teardown.py
[2025-12-27T20:11:56.738+0530] {processor.py:830} INFO - Processing file /home/sathya/projects/training-kit/.venv-airflow/lib/python3.10/site-packages/airflow/example_dags/example_setup_teardown.py for tasks to queue
[2025-12-27T20:11:56.741+0530] {logging_mixin.py:188} INFO - [2025-12-27T20:11:56.740+0530] {dagbag.py:545} INFO - Filling up the DagBag from /home/sathya/projects/training-kit/.venv-airflow/lib/python3.10/site-packages/airflow/example_dags/example_setup_teardown.py
[2025-12-27T20:11:56.748+0530] {processor.py:840} INFO - DAG(s) 'example_setup_teardown' retrieved from /home/sathya/projects/training-kit/.venv-airflow/lib/python3.10/site-packages/airflow/example_dags/example_setup_teardown.py
[2025-12-27T20:11:56.771+0530] {logging_mixin.py:188} INFO - [2025-12-27T20:11:56.771+0530] {dag.py:3089} INFO - Sync 1 DAGs
[2025-12-27T20:11:56.795+0530] {logging_mixin.py:188} INFO - [2025-12-27T20:11:56.794+0530] {dag.py:3947} INFO - Setting next_dagrun for example_setup_teardown to 2025-12-27 00:00:00+00:00, run_after=2025-12-28 00:00:00+00:00
[2025-12-27T20:11:56.824+0530] {processor.py:183} INFO - Processing /home/sathya/projects/training-kit/.venv-airflow/lib/python3.10/site-packages/airflow/example_dags/example_setup_teardown.py took 0.098 seconds
[2025-12-27T20:18:34.776+0530] {processor.py:161} INFO - Started process (PID=3196) to work on /home/sathya/projects/training-kit/.venv-airflow/lib/python3.10/site-packages/airflow/example_dags/example_setup_teardown.py
[2025-12-27T20:18:34.778+0530] {processor.py:830} INFO - Processing file /home/sathya/projects/training-kit/.venv-airflow/lib/python3.10/site-packages/airflow/example_dags/example_setup_teardown.py for tasks to queue
[2025-12-27T20:18:34.780+0530] {logging_mixin.py:188} INFO - [2025-12-27T20:18:34.780+0530] {dagbag.py:545} INFO - Filling up the DagBag from /home/sathya/projects/training-kit/.venv-airflow/lib/python3.10/site-packages/airflow/example_dags/example_setup_teardown.py
[2025-12-27T20:18:34.792+0530] {processor.py:840} INFO - DAG(s) 'example_setup_teardown' retrieved from /home/sathya/projects/training-kit/.venv-airflow/lib/python3.10/site-packages/airflow/example_dags/example_setup_teardown.py
[2025-12-27T20:18:34.817+0530] {logging_mixin.py:188} INFO - [2025-12-27T20:18:34.816+0530] {dag.py:3089} INFO - Sync 1 DAGs
[2025-12-27T20:18:34.839+0530] {logging_mixin.py:188} INFO - [2025-12-27T20:18:34.838+0530] {dag.py:3947} INFO - Setting next_dagrun for example_setup_teardown to 2025-12-27 00:00:00+00:00, run_after=2025-12-28 00:00:00+00:00
[2025-12-27T20:18:34.871+0530] {processor.py:183} INFO - Processing /home/sathya/projects/training-kit/.venv-airflow/lib/python3.10/site-packages/airflow/example_dags/example_setup_teardown.py took 0.105 seconds
[2025-12-27T20:25:27.618+0530] {processor.py:161} INFO - Started process (PID=3488) to work on /home/sathya/projects/training-kit/.venv-airflow/lib/python3.10/site-packages/airflow/example_dags/example_setup_teardown.py
[2025-12-27T20:25:27.624+0530] {processor.py:830} INFO - Processing file /home/sathya/projects/training-kit/.venv-airflow/lib/python3.10/site-packages/airflow/example_dags/example_setup_teardown.py for tasks to queue
[2025-12-27T20:25:27.626+0530] {logging_mixin.py:188} INFO - [2025-12-27T20:25:27.626+0530] {dagbag.py:545} INFO - Filling up the DagBag from /home/sathya/projects/training-kit/.venv-airflow/lib/python3.10/site-packages/airflow/example_dags/example_setup_teardown.py
[2025-12-27T20:25:27.633+0530] {processor.py:840} INFO - DAG(s) 'example_setup_teardown' retrieved from /home/sathya/projects/training-kit/.venv-airflow/lib/python3.10/site-packages/airflow/example_dags/example_setup_teardown.py
[2025-12-27T20:25:27.649+0530] {logging_mixin.py:188} INFO - [2025-12-27T20:25:27.649+0530] {dag.py:3089} INFO - Sync 1 DAGs
[2025-12-27T20:25:27.667+0530] {logging_mixin.py:188} INFO - [2025-12-27T20:25:27.667+0530] {dag.py:3947} INFO - Setting next_dagrun for example_setup_teardown to 2025-12-27 00:00:00+00:00, run_after=2025-12-28 00:00:00+00:00
[2025-12-27T20:25:27.694+0530] {processor.py:183} INFO - Processing /home/sathya/projects/training-kit/.venv-airflow/lib/python3.10/site-packages/airflow/example_dags/example_setup_teardown.py took 0.084 seconds
[2025-12-27T20:32:36.648+0530] {processor.py:161} INFO - Started process (PID=3802) to work on /home/sathya/projects/training-kit/.venv-airflow/lib/python3.10/site-packages/airflow/example_dags/example_setup_teardown.py
[2025-12-27T20:32:36.649+0530] {processor.py:830} INFO - Processing file /home/sathya/projects/training-kit/.venv-airflow/lib/python3.10/site-packages/airflow/example_dags/example_setup_teardown.py for tasks to queue
[2025-12-27T20:32:36.651+0530] {logging_mixin.py:188} INFO - [2025-12-27T20:32:36.650+0530] {dagbag.py:545} INFO - Filling up the DagBag from /home/sathya/projects/training-kit/.venv-airflow/lib/python3.10/site-packages/airflow/example_dags/example_setup_teardown.py
[2025-12-27T20:32:36.658+0530] {processor.py:840} INFO - DAG(s) 'example_setup_teardown' retrieved from /home/sathya/projects/training-kit/.venv-airflow/lib/python3.10/site-packages/airflow/example_dags/example_setup_teardown.py
[2025-12-27T20:32:36.674+0530] {logging_mixin.py:188} INFO - [2025-12-27T20:32:36.674+0530] {dag.py:3089} INFO - Sync 1 DAGs
[2025-12-27T20:32:36.691+0530] {logging_mixin.py:188} INFO - [2025-12-27T20:32:36.691+0530] {dag.py:3947} INFO - Setting next_dagrun for example_setup_teardown to 2025-12-27 00:00:00+00:00, run_after=2025-12-28 00:00:00+00:00
[2025-12-27T20:32:36.713+0530] {processor.py:183} INFO - Processing /home/sathya/projects/training-kit/.venv-airflow/lib/python3.10/site-packages/airflow/example_dags/example_setup_teardown.py took 0.072 seconds
[2025-12-27T20:39:56.898+0530] {processor.py:161} INFO - Started process (PID=4096) to work on /home/sathya/projects/training-kit/.venv-airflow/lib/python3.10/site-packages/airflow/example_dags/example_setup_teardown.py
[2025-12-27T20:39:56.900+0530] {processor.py:830} INFO - Processing file /home/sathya/projects/training-kit/.venv-airflow/lib/python3.10/site-packages/airflow/example_dags/example_setup_teardown.py for tasks to queue
[2025-12-27T20:39:56.904+0530] {logging_mixin.py:188} INFO - [2025-12-27T20:39:56.904+0530] {dagbag.py:545} INFO - Filling up the DagBag from /home/sathya/projects/training-kit/.venv-airflow/lib/python3.10/site-packages/airflow/example_dags/example_setup_teardown.py
[2025-12-27T20:39:56.914+0530] {processor.py:840} INFO - DAG(s) 'example_setup_teardown' retrieved from /home/sathya/projects/training-kit/.venv-airflow/lib/python3.10/site-packages/airflow/example_dags/example_setup_teardown.py
[2025-12-27T20:39:56.931+0530] {logging_mixin.py:188} INFO - [2025-12-27T20:39:56.930+0530] {dag.py:3089} INFO - Sync 1 DAGs
[2025-12-27T20:39:56.948+0530] {logging_mixin.py:188} INFO - [2025-12-27T20:39:56.947+0530] {dag.py:3947} INFO - Setting next_dagrun for example_setup_teardown to 2025-12-27 00:00:00+00:00, run_after=2025-12-28 00:00:00+00:00
[2025-12-27T20:39:56.970+0530] {processor.py:183} INFO - Processing /home/sathya/projects/training-kit/.venv-airflow/lib/python3.10/site-packages/airflow/example_dags/example_setup_teardown.py took 0.080 seconds
[2025-12-27T20:48:04.547+0530] {processor.py:161} INFO - Started process (PID=4424) to work on /home/sathya/projects/training-kit/.venv-airflow/lib/python3.10/site-packages/airflow/example_dags/example_setup_teardown.py
[2025-12-27T20:48:04.548+0530] {processor.py:830} INFO - Processing file /home/sathya/projects/training-kit/.venv-airflow/lib/python3.10/site-packages/airflow/example_dags/example_setup_teardown.py for tasks to queue
[2025-12-27T20:48:04.550+0530] {logging_mixin.py:188} INFO - [2025-12-27T20:48:04.550+0530] {dagbag.py:545} INFO - Filling up the DagBag from /home/sathya/projects/training-kit/.venv-airflow/lib/python3.10/site-packages/airflow/example_dags/example_setup_teardown.py
[2025-12-27T20:48:04.558+0530] {processor.py:840} INFO - DAG(s) 'example_setup_teardown' retrieved from /home/sathya/projects/training-kit/.venv-airflow/lib/python3.10/site-packages/airflow/example_dags/example_setup_teardown.py
[2025-12-27T20:48:04.578+0530] {logging_mixin.py:188} INFO - [2025-12-27T20:48:04.577+0530] {dag.py:3089} INFO - Sync 1 DAGs
[2025-12-27T20:48:04.597+0530] {logging_mixin.py:188} INFO - [2025-12-27T20:48:04.596+0530] {dag.py:3947} INFO - Setting next_dagrun for example_setup_teardown to 2025-12-27 00:00:00+00:00, run_after=2025-12-28 00:00:00+00:00
[2025-12-27T20:48:04.619+0530] {processor.py:183} INFO - Processing /home/sathya/projects/training-kit/.venv-airflow/lib/python3.10/site-packages/airflow/example_dags/example_setup_teardown.py took 0.081 seconds
[2025-12-27T21:50:19.922+0530] {processor.py:161} INFO - Started process (PID=4844) to work on /home/sathya/projects/training-kit/.venv-airflow/lib/python3.10/site-packages/airflow/example_dags/example_setup_teardown.py
[2025-12-27T21:50:19.925+0530] {processor.py:830} INFO - Processing file /home/sathya/projects/training-kit/.venv-airflow/lib/python3.10/site-packages/airflow/example_dags/example_setup_teardown.py for tasks to queue
[2025-12-27T21:50:19.927+0530] {logging_mixin.py:188} INFO - [2025-12-27T21:50:19.927+0530] {dagbag.py:545} INFO - Filling up the DagBag from /home/sathya/projects/training-kit/.venv-airflow/lib/python3.10/site-packages/airflow/example_dags/example_setup_teardown.py
[2025-12-27T21:50:19.938+0530] {processor.py:840} INFO - DAG(s) 'example_setup_teardown' retrieved from /home/sathya/projects/training-kit/.venv-airflow/lib/python3.10/site-packages/airflow/example_dags/example_setup_teardown.py
[2025-12-27T21:50:19.960+0530] {logging_mixin.py:188} INFO - [2025-12-27T21:50:19.960+0530] {dag.py:3089} INFO - Sync 1 DAGs
[2025-12-27T21:50:19.991+0530] {logging_mixin.py:188} INFO - [2025-12-27T21:50:19.990+0530] {dag.py:3947} INFO - Setting next_dagrun for example_setup_teardown to 2025-12-27 00:00:00+00:00, run_after=2025-12-28 00:00:00+00:00
[2025-12-27T21:50:20.026+0530] {processor.py:183} INFO - Processing /home/sathya/projects/training-kit/.venv-airflow/lib/python3.10/site-packages/airflow/example_dags/example_setup_teardown.py took 0.114 seconds
[2025-12-27T21:59:43.038+0530] {processor.py:161} INFO - Started process (PID=5316) to work on /home/sathya/projects/training-kit/.venv-airflow/lib/python3.10/site-packages/airflow/example_dags/example_setup_teardown.py
[2025-12-27T21:59:43.044+0530] {processor.py:830} INFO - Processing file /home/sathya/projects/training-kit/.venv-airflow/lib/python3.10/site-packages/airflow/example_dags/example_setup_teardown.py for tasks to queue
[2025-12-27T21:59:43.048+0530] {logging_mixin.py:188} INFO - [2025-12-27T21:59:43.047+0530] {dagbag.py:545} INFO - Filling up the DagBag from /home/sathya/projects/training-kit/.venv-airflow/lib/python3.10/site-packages/airflow/example_dags/example_setup_teardown.py
[2025-12-27T21:59:43.064+0530] {processor.py:840} INFO - DAG(s) 'example_setup_teardown' retrieved from /home/sathya/projects/training-kit/.venv-airflow/lib/python3.10/site-packages/airflow/example_dags/example_setup_teardown.py
[2025-12-27T21:59:43.092+0530] {logging_mixin.py:188} INFO - [2025-12-27T21:59:43.091+0530] {dag.py:3089} INFO - Sync 1 DAGs
[2025-12-27T21:59:43.123+0530] {logging_mixin.py:188} INFO - [2025-12-27T21:59:43.122+0530] {dag.py:3947} INFO - Setting next_dagrun for example_setup_teardown to 2025-12-27 00:00:00+00:00, run_after=2025-12-28 00:00:00+00:00
[2025-12-27T21:59:43.171+0530] {processor.py:183} INFO - Processing /home/sathya/projects/training-kit/.venv-airflow/lib/python3.10/site-packages/airflow/example_dags/example_setup_teardown.py took 0.145 seconds
[2025-12-27T22:13:14.314+0530] {processor.py:161} INFO - Started process (PID=5732) to work on /home/sathya/projects/training-kit/.venv-airflow/lib/python3.10/site-packages/airflow/example_dags/example_setup_teardown.py
[2025-12-27T22:13:14.316+0530] {processor.py:830} INFO - Processing file /home/sathya/projects/training-kit/.venv-airflow/lib/python3.10/site-packages/airflow/example_dags/example_setup_teardown.py for tasks to queue
[2025-12-27T22:13:14.322+0530] {logging_mixin.py:188} INFO - [2025-12-27T22:13:14.320+0530] {dagbag.py:545} INFO - Filling up the DagBag from /home/sathya/projects/training-kit/.venv-airflow/lib/python3.10/site-packages/airflow/example_dags/example_setup_teardown.py
[2025-12-27T22:13:14.347+0530] {processor.py:840} INFO - DAG(s) 'example_setup_teardown' retrieved from /home/sathya/projects/training-kit/.venv-airflow/lib/python3.10/site-packages/airflow/example_dags/example_setup_teardown.py
[2025-12-27T22:13:14.393+0530] {logging_mixin.py:188} INFO - [2025-12-27T22:13:14.393+0530] {dag.py:3089} INFO - Sync 1 DAGs
[2025-12-27T22:13:14.441+0530] {logging_mixin.py:188} INFO - [2025-12-27T22:13:14.441+0530] {dag.py:3947} INFO - Setting next_dagrun for example_setup_teardown to 2025-12-27 00:00:00+00:00, run_after=2025-12-28 00:00:00+00:00
[2025-12-27T22:13:14.522+0530] {processor.py:183} INFO - Processing /home/sathya/projects/training-kit/.venv-airflow/lib/python3.10/site-packages/airflow/example_dags/example_setup_teardown.py took 0.226 seconds
[2025-12-27T22:29:58.968+0530] {processor.py:161} INFO - Started process (PID=6207) to work on /home/sathya/projects/training-kit/.venv-airflow/lib/python3.10/site-packages/airflow/example_dags/example_setup_teardown.py
[2025-12-27T22:29:58.973+0530] {processor.py:830} INFO - Processing file /home/sathya/projects/training-kit/.venv-airflow/lib/python3.10/site-packages/airflow/example_dags/example_setup_teardown.py for tasks to queue
[2025-12-27T22:29:58.975+0530] {logging_mixin.py:188} INFO - [2025-12-27T22:29:58.975+0530] {dagbag.py:545} INFO - Filling up the DagBag from /home/sathya/projects/training-kit/.venv-airflow/lib/python3.10/site-packages/airflow/example_dags/example_setup_teardown.py
[2025-12-27T22:29:58.981+0530] {processor.py:840} INFO - DAG(s) 'example_setup_teardown' retrieved from /home/sathya/projects/training-kit/.venv-airflow/lib/python3.10/site-packages/airflow/example_dags/example_setup_teardown.py
[2025-12-27T22:29:58.992+0530] {logging_mixin.py:188} INFO - [2025-12-27T22:29:58.992+0530] {dag.py:3089} INFO - Sync 1 DAGs
[2025-12-27T22:29:59.004+0530] {logging_mixin.py:188} INFO - [2025-12-27T22:29:59.003+0530] {dag.py:3947} INFO - Setting next_dagrun for example_setup_teardown to 2025-12-27 00:00:00+00:00, run_after=2025-12-28 00:00:00+00:00
[2025-12-27T22:29:59.020+0530] {processor.py:183} INFO - Processing /home/sathya/projects/training-kit/.venv-airflow/lib/python3.10/site-packages/airflow/example_dags/example_setup_teardown.py took 0.056 seconds
[2025-12-27T22:35:26.811+0530] {processor.py:161} INFO - Started process (PID=6519) to work on /home/sathya/projects/training-kit/.venv-airflow/lib/python3.10/site-packages/airflow/example_dags/example_setup_teardown.py
[2025-12-27T22:35:26.817+0530] {processor.py:830} INFO - Processing file /home/sathya/projects/training-kit/.venv-airflow/lib/python3.10/site-packages/airflow/example_dags/example_setup_teardown.py for tasks to queue
[2025-12-27T22:35:26.819+0530] {logging_mixin.py:188} INFO - [2025-12-27T22:35:26.818+0530] {dagbag.py:545} INFO - Filling up the DagBag from /home/sathya/projects/training-kit/.venv-airflow/lib/python3.10/site-packages/airflow/example_dags/example_setup_teardown.py
[2025-12-27T22:35:26.824+0530] {processor.py:840} INFO - DAG(s) 'example_setup_teardown' retrieved from /home/sathya/projects/training-kit/.venv-airflow/lib/python3.10/site-packages/airflow/example_dags/example_setup_teardown.py
[2025-12-27T22:35:26.835+0530] {logging_mixin.py:188} INFO - [2025-12-27T22:35:26.835+0530] {dag.py:3089} INFO - Sync 1 DAGs
[2025-12-27T22:35:26.848+0530] {logging_mixin.py:188} INFO - [2025-12-27T22:35:26.848+0530] {dag.py:3947} INFO - Setting next_dagrun for example_setup_teardown to 2025-12-27 00:00:00+00:00, run_after=2025-12-28 00:00:00+00:00
[2025-12-27T22:35:26.867+0530] {processor.py:183} INFO - Processing /home/sathya/projects/training-kit/.venv-airflow/lib/python3.10/site-packages/airflow/example_dags/example_setup_teardown.py took 0.062 seconds
[2025-12-27T22:40:00.470+0530] {processor.py:161} INFO - Started process (PID=6800) to work on /home/sathya/projects/training-kit/.venv-airflow/lib/python3.10/site-packages/airflow/example_dags/example_setup_teardown.py
[2025-12-27T22:40:00.471+0530] {processor.py:830} INFO - Processing file /home/sathya/projects/training-kit/.venv-airflow/lib/python3.10/site-packages/airflow/example_dags/example_setup_teardown.py for tasks to queue
[2025-12-27T22:40:00.472+0530] {logging_mixin.py:188} INFO - [2025-12-27T22:40:00.472+0530] {dagbag.py:545} INFO - Filling up the DagBag from /home/sathya/projects/training-kit/.venv-airflow/lib/python3.10/site-packages/airflow/example_dags/example_setup_teardown.py
[2025-12-27T22:40:00.477+0530] {processor.py:840} INFO - DAG(s) 'example_setup_teardown' retrieved from /home/sathya/projects/training-kit/.venv-airflow/lib/python3.10/site-packages/airflow/example_dags/example_setup_teardown.py
[2025-12-27T22:40:00.490+0530] {logging_mixin.py:188} INFO - [2025-12-27T22:40:00.490+0530] {dag.py:3089} INFO - Sync 1 DAGs
[2025-12-27T22:40:00.504+0530] {logging_mixin.py:188} INFO - [2025-12-27T22:40:00.503+0530] {dag.py:3947} INFO - Setting next_dagrun for example_setup_teardown to 2025-12-27 00:00:00+00:00, run_after=2025-12-28 00:00:00+00:00
[2025-12-27T22:40:00.522+0530] {processor.py:183} INFO - Processing /home/sathya/projects/training-kit/.venv-airflow/lib/python3.10/site-packages/airflow/example_dags/example_setup_teardown.py took 0.057 seconds
[2025-12-27T22:45:44.337+0530] {processor.py:161} INFO - Started process (PID=7106) to work on /home/sathya/projects/training-kit/.venv-airflow/lib/python3.10/site-packages/airflow/example_dags/example_setup_teardown.py
[2025-12-27T22:45:44.342+0530] {processor.py:830} INFO - Processing file /home/sathya/projects/training-kit/.venv-airflow/lib/python3.10/site-packages/airflow/example_dags/example_setup_teardown.py for tasks to queue
[2025-12-27T22:45:44.344+0530] {logging_mixin.py:188} INFO - [2025-12-27T22:45:44.343+0530] {dagbag.py:545} INFO - Filling up the DagBag from /home/sathya/projects/training-kit/.venv-airflow/lib/python3.10/site-packages/airflow/example_dags/example_setup_teardown.py
[2025-12-27T22:45:44.352+0530] {processor.py:840} INFO - DAG(s) 'example_setup_teardown' retrieved from /home/sathya/projects/training-kit/.venv-airflow/lib/python3.10/site-packages/airflow/example_dags/example_setup_teardown.py
[2025-12-27T22:45:44.368+0530] {logging_mixin.py:188} INFO - [2025-12-27T22:45:44.367+0530] {dag.py:3089} INFO - Sync 1 DAGs
[2025-12-27T22:45:44.385+0530] {logging_mixin.py:188} INFO - [2025-12-27T22:45:44.384+0530] {dag.py:3947} INFO - Setting next_dagrun for example_setup_teardown to 2025-12-27 00:00:00+00:00, run_after=2025-12-28 00:00:00+00:00
[2025-12-27T22:45:44.408+0530] {processor.py:183} INFO - Processing /home/sathya/projects/training-kit/.venv-airflow/lib/python3.10/site-packages/airflow/example_dags/example_setup_teardown.py took 0.078 seconds
[2025-12-27T22:51:48.482+0530] {processor.py:161} INFO - Started process (PID=7426) to work on /home/sathya/projects/training-kit/.venv-airflow/lib/python3.10/site-packages/airflow/example_dags/example_setup_teardown.py
[2025-12-27T22:51:48.483+0530] {processor.py:830} INFO - Processing file /home/sathya/projects/training-kit/.venv-airflow/lib/python3.10/site-packages/airflow/example_dags/example_setup_teardown.py for tasks to queue
[2025-12-27T22:51:48.484+0530] {logging_mixin.py:188} INFO - [2025-12-27T22:51:48.484+0530] {dagbag.py:545} INFO - Filling up the DagBag from /home/sathya/projects/training-kit/.venv-airflow/lib/python3.10/site-packages/airflow/example_dags/example_setup_teardown.py
[2025-12-27T22:51:48.490+0530] {processor.py:840} INFO - DAG(s) 'example_setup_teardown' retrieved from /home/sathya/projects/training-kit/.venv-airflow/lib/python3.10/site-packages/airflow/example_dags/example_setup_teardown.py
[2025-12-27T22:51:48.504+0530] {logging_mixin.py:188} INFO - [2025-12-27T22:51:48.504+0530] {dag.py:3089} INFO - Sync 1 DAGs
[2025-12-27T22:51:48.519+0530] {logging_mixin.py:188} INFO - [2025-12-27T22:51:48.518+0530] {dag.py:3947} INFO - Setting next_dagrun for example_setup_teardown to 2025-12-27 00:00:00+00:00, run_after=2025-12-28 00:00:00+00:00
[2025-12-27T22:51:48.540+0530] {processor.py:183} INFO - Processing /home/sathya/projects/training-kit/.venv-airflow/lib/python3.10/site-packages/airflow/example_dags/example_setup_teardown.py took 0.063 seconds
[2025-12-27T22:58:09.170+0530] {processor.py:161} INFO - Started process (PID=7833) to work on /home/sathya/projects/training-kit/.venv-airflow/lib/python3.10/site-packages/airflow/example_dags/example_setup_teardown.py
[2025-12-27T22:58:09.172+0530] {processor.py:830} INFO - Processing file /home/sathya/projects/training-kit/.venv-airflow/lib/python3.10/site-packages/airflow/example_dags/example_setup_teardown.py for tasks to queue
[2025-12-27T22:58:09.174+0530] {logging_mixin.py:188} INFO - [2025-12-27T22:58:09.174+0530] {dagbag.py:545} INFO - Filling up the DagBag from /home/sathya/projects/training-kit/.venv-airflow/lib/python3.10/site-packages/airflow/example_dags/example_setup_teardown.py
[2025-12-27T22:58:09.181+0530] {processor.py:840} INFO - DAG(s) 'example_setup_teardown' retrieved from /home/sathya/projects/training-kit/.venv-airflow/lib/python3.10/site-packages/airflow/example_dags/example_setup_teardown.py
[2025-12-27T22:58:09.204+0530] {logging_mixin.py:188} INFO - [2025-12-27T22:58:09.203+0530] {dag.py:3089} INFO - Sync 1 DAGs
[2025-12-27T22:58:09.224+0530] {logging_mixin.py:188} INFO - [2025-12-27T22:58:09.224+0530] {dag.py:3947} INFO - Setting next_dagrun for example_setup_teardown to 2025-12-27 00:00:00+00:00, run_after=2025-12-28 00:00:00+00:00
[2025-12-27T22:58:09.249+0530] {processor.py:183} INFO - Processing /home/sathya/projects/training-kit/.venv-airflow/lib/python3.10/site-packages/airflow/example_dags/example_setup_teardown.py took 0.090 seconds
[2025-12-27T23:04:33.488+0530] {processor.py:161} INFO - Started process (PID=8208) to work on /home/sathya/projects/training-kit/.venv-airflow/lib/python3.10/site-packages/airflow/example_dags/example_setup_teardown.py
[2025-12-27T23:04:33.490+0530] {processor.py:830} INFO - Processing file /home/sathya/projects/training-kit/.venv-airflow/lib/python3.10/site-packages/airflow/example_dags/example_setup_teardown.py for tasks to queue
[2025-12-27T23:04:33.491+0530] {logging_mixin.py:188} INFO - [2025-12-27T23:04:33.491+0530] {dagbag.py:545} INFO - Filling up the DagBag from /home/sathya/projects/training-kit/.venv-airflow/lib/python3.10/site-packages/airflow/example_dags/example_setup_teardown.py
[2025-12-27T23:04:33.497+0530] {processor.py:840} INFO - DAG(s) 'example_setup_teardown' retrieved from /home/sathya/projects/training-kit/.venv-airflow/lib/python3.10/site-packages/airflow/example_dags/example_setup_teardown.py
[2025-12-27T23:04:33.510+0530] {logging_mixin.py:188} INFO - [2025-12-27T23:04:33.510+0530] {dag.py:3089} INFO - Sync 1 DAGs
[2025-12-27T23:04:33.525+0530] {logging_mixin.py:188} INFO - [2025-12-27T23:04:33.524+0530] {dag.py:3947} INFO - Setting next_dagrun for example_setup_teardown to 2025-12-27 00:00:00+00:00, run_after=2025-12-28 00:00:00+00:00
[2025-12-27T23:04:33.545+0530] {processor.py:183} INFO - Processing /home/sathya/projects/training-kit/.venv-airflow/lib/python3.10/site-packages/airflow/example_dags/example_setup_teardown.py took 0.062 seconds
[2025-12-27T23:11:45.268+0530] {processor.py:161} INFO - Started process (PID=8675) to work on /home/sathya/projects/training-kit/.venv-airflow/lib/python3.10/site-packages/airflow/example_dags/example_setup_teardown.py
[2025-12-27T23:11:45.269+0530] {processor.py:830} INFO - Processing file /home/sathya/projects/training-kit/.venv-airflow/lib/python3.10/site-packages/airflow/example_dags/example_setup_teardown.py for tasks to queue
[2025-12-27T23:11:45.270+0530] {logging_mixin.py:188} INFO - [2025-12-27T23:11:45.270+0530] {dagbag.py:545} INFO - Filling up the DagBag from /home/sathya/projects/training-kit/.venv-airflow/lib/python3.10/site-packages/airflow/example_dags/example_setup_teardown.py
[2025-12-27T23:11:45.276+0530] {processor.py:840} INFO - DAG(s) 'example_setup_teardown' retrieved from /home/sathya/projects/training-kit/.venv-airflow/lib/python3.10/site-packages/airflow/example_dags/example_setup_teardown.py
[2025-12-27T23:11:45.288+0530] {logging_mixin.py:188} INFO - [2025-12-27T23:11:45.288+0530] {dag.py:3089} INFO - Sync 1 DAGs
[2025-12-27T23:11:45.301+0530] {logging_mixin.py:188} INFO - [2025-12-27T23:11:45.301+0530] {dag.py:3947} INFO - Setting next_dagrun for example_setup_teardown to 2025-12-27 00:00:00+00:00, run_after=2025-12-28 00:00:00+00:00
[2025-12-27T23:11:45.320+0530] {processor.py:183} INFO - Processing /home/sathya/projects/training-kit/.venv-airflow/lib/python3.10/site-packages/airflow/example_dags/example_setup_teardown.py took 0.057 seconds
[2025-12-27T23:17:46.959+0530] {processor.py:161} INFO - Started process (PID=9299) to work on /home/sathya/projects/training-kit/.venv-airflow/lib/python3.10/site-packages/airflow/example_dags/example_setup_teardown.py
[2025-12-27T23:17:46.965+0530] {processor.py:830} INFO - Processing file /home/sathya/projects/training-kit/.venv-airflow/lib/python3.10/site-packages/airflow/example_dags/example_setup_teardown.py for tasks to queue
[2025-12-27T23:17:46.967+0530] {logging_mixin.py:188} INFO - [2025-12-27T23:17:46.967+0530] {dagbag.py:545} INFO - Filling up the DagBag from /home/sathya/projects/training-kit/.venv-airflow/lib/python3.10/site-packages/airflow/example_dags/example_setup_teardown.py
[2025-12-27T23:17:46.974+0530] {processor.py:840} INFO - DAG(s) 'example_setup_teardown' retrieved from /home/sathya/projects/training-kit/.venv-airflow/lib/python3.10/site-packages/airflow/example_dags/example_setup_teardown.py
[2025-12-27T23:17:46.988+0530] {logging_mixin.py:188} INFO - [2025-12-27T23:17:46.988+0530] {dag.py:3089} INFO - Sync 1 DAGs
[2025-12-27T23:17:47.002+0530] {logging_mixin.py:188} INFO - [2025-12-27T23:17:47.002+0530] {dag.py:3947} INFO - Setting next_dagrun for example_setup_teardown to 2025-12-27 00:00:00+00:00, run_after=2025-12-28 00:00:00+00:00
[2025-12-27T23:17:47.024+0530] {processor.py:183} INFO - Processing /home/sathya/projects/training-kit/.venv-airflow/lib/python3.10/site-packages/airflow/example_dags/example_setup_teardown.py took 0.070 seconds
[2025-12-27T23:24:03.553+0530] {processor.py:161} INFO - Started process (PID=10026) to work on /home/sathya/projects/training-kit/.venv-airflow/lib/python3.10/site-packages/airflow/example_dags/example_setup_teardown.py
[2025-12-27T23:24:03.555+0530] {processor.py:830} INFO - Processing file /home/sathya/projects/training-kit/.venv-airflow/lib/python3.10/site-packages/airflow/example_dags/example_setup_teardown.py for tasks to queue
[2025-12-27T23:24:03.556+0530] {logging_mixin.py:188} INFO - [2025-12-27T23:24:03.555+0530] {dagbag.py:545} INFO - Filling up the DagBag from /home/sathya/projects/training-kit/.venv-airflow/lib/python3.10/site-packages/airflow/example_dags/example_setup_teardown.py
[2025-12-27T23:24:03.562+0530] {processor.py:840} INFO - DAG(s) 'example_setup_teardown' retrieved from /home/sathya/projects/training-kit/.venv-airflow/lib/python3.10/site-packages/airflow/example_dags/example_setup_teardown.py
[2025-12-27T23:24:03.577+0530] {logging_mixin.py:188} INFO - [2025-12-27T23:24:03.576+0530] {dag.py:3089} INFO - Sync 1 DAGs
[2025-12-27T23:24:03.595+0530] {logging_mixin.py:188} INFO - [2025-12-27T23:24:03.594+0530] {dag.py:3947} INFO - Setting next_dagrun for example_setup_teardown to 2025-12-27 00:00:00+00:00, run_after=2025-12-28 00:00:00+00:00
[2025-12-27T23:24:03.627+0530] {processor.py:183} INFO - Processing /home/sathya/projects/training-kit/.venv-airflow/lib/python3.10/site-packages/airflow/example_dags/example_setup_teardown.py took 0.079 seconds
[2025-12-27T23:31:07.010+0530] {processor.py:161} INFO - Started process (PID=10783) to work on /home/sathya/projects/training-kit/.venv-airflow/lib/python3.10/site-packages/airflow/example_dags/example_setup_teardown.py
[2025-12-27T23:31:07.011+0530] {processor.py:830} INFO - Processing file /home/sathya/projects/training-kit/.venv-airflow/lib/python3.10/site-packages/airflow/example_dags/example_setup_teardown.py for tasks to queue
[2025-12-27T23:31:07.013+0530] {logging_mixin.py:188} INFO - [2025-12-27T23:31:07.013+0530] {dagbag.py:545} INFO - Filling up the DagBag from /home/sathya/projects/training-kit/.venv-airflow/lib/python3.10/site-packages/airflow/example_dags/example_setup_teardown.py
[2025-12-27T23:31:07.019+0530] {processor.py:840} INFO - DAG(s) 'example_setup_teardown' retrieved from /home/sathya/projects/training-kit/.venv-airflow/lib/python3.10/site-packages/airflow/example_dags/example_setup_teardown.py
[2025-12-27T23:31:07.033+0530] {logging_mixin.py:188} INFO - [2025-12-27T23:31:07.033+0530] {dag.py:3089} INFO - Sync 1 DAGs
[2025-12-27T23:31:07.047+0530] {logging_mixin.py:188} INFO - [2025-12-27T23:31:07.047+0530] {dag.py:3947} INFO - Setting next_dagrun for example_setup_teardown to 2025-12-27 00:00:00+00:00, run_after=2025-12-28 00:00:00+00:00
[2025-12-27T23:31:07.077+0530] {processor.py:183} INFO - Processing /home/sathya/projects/training-kit/.venv-airflow/lib/python3.10/site-packages/airflow/example_dags/example_setup_teardown.py took 0.072 seconds
[2025-12-27T23:37:28.343+0530] {processor.py:161} INFO - Started process (PID=11516) to work on /home/sathya/projects/training-kit/.venv-airflow/lib/python3.10/site-packages/airflow/example_dags/example_setup_teardown.py
[2025-12-27T23:37:28.345+0530] {processor.py:830} INFO - Processing file /home/sathya/projects/training-kit/.venv-airflow/lib/python3.10/site-packages/airflow/example_dags/example_setup_teardown.py for tasks to queue
[2025-12-27T23:37:28.347+0530] {logging_mixin.py:188} INFO - [2025-12-27T23:37:28.346+0530] {dagbag.py:545} INFO - Filling up the DagBag from /home/sathya/projects/training-kit/.venv-airflow/lib/python3.10/site-packages/airflow/example_dags/example_setup_teardown.py
[2025-12-27T23:37:28.355+0530] {processor.py:840} INFO - DAG(s) 'example_setup_teardown' retrieved from /home/sathya/projects/training-kit/.venv-airflow/lib/python3.10/site-packages/airflow/example_dags/example_setup_teardown.py
[2025-12-27T23:37:28.390+0530] {logging_mixin.py:188} INFO - [2025-12-27T23:37:28.389+0530] {dag.py:3089} INFO - Sync 1 DAGs
[2025-12-27T23:37:28.422+0530] {logging_mixin.py:188} INFO - [2025-12-27T23:37:28.422+0530] {dag.py:3947} INFO - Setting next_dagrun for example_setup_teardown to 2025-12-27 00:00:00+00:00, run_after=2025-12-28 00:00:00+00:00
[2025-12-27T23:37:28.463+0530] {processor.py:183} INFO - Processing /home/sathya/projects/training-kit/.venv-airflow/lib/python3.10/site-packages/airflow/example_dags/example_setup_teardown.py took 0.125 seconds
[2025-12-27T23:43:47.246+0530] {processor.py:161} INFO - Started process (PID=12232) to work on /home/sathya/projects/training-kit/.venv-airflow/lib/python3.10/site-packages/airflow/example_dags/example_setup_teardown.py
[2025-12-27T23:43:47.248+0530] {processor.py:830} INFO - Processing file /home/sathya/projects/training-kit/.venv-airflow/lib/python3.10/site-packages/airflow/example_dags/example_setup_teardown.py for tasks to queue
[2025-12-27T23:43:47.249+0530] {logging_mixin.py:188} INFO - [2025-12-27T23:43:47.249+0530] {dagbag.py:545} INFO - Filling up the DagBag from /home/sathya/projects/training-kit/.venv-airflow/lib/python3.10/site-packages/airflow/example_dags/example_setup_teardown.py
[2025-12-27T23:43:47.256+0530] {processor.py:840} INFO - DAG(s) 'example_setup_teardown' retrieved from /home/sathya/projects/training-kit/.venv-airflow/lib/python3.10/site-packages/airflow/example_dags/example_setup_teardown.py
[2025-12-27T23:43:47.270+0530] {logging_mixin.py:188} INFO - [2025-12-27T23:43:47.270+0530] {dag.py:3089} INFO - Sync 1 DAGs
[2025-12-27T23:43:47.286+0530] {logging_mixin.py:188} INFO - [2025-12-27T23:43:47.286+0530] {dag.py:3947} INFO - Setting next_dagrun for example_setup_teardown to 2025-12-27 00:00:00+00:00, run_after=2025-12-28 00:00:00+00:00
[2025-12-27T23:43:47.311+0530] {processor.py:183} INFO - Processing /home/sathya/projects/training-kit/.venv-airflow/lib/python3.10/site-packages/airflow/example_dags/example_setup_teardown.py took 0.071 seconds
[2025-12-27T23:51:11.702+0530] {processor.py:161} INFO - Started process (PID=13017) to work on /home/sathya/projects/training-kit/.venv-airflow/lib/python3.10/site-packages/airflow/example_dags/example_setup_teardown.py
[2025-12-27T23:51:11.704+0530] {processor.py:830} INFO - Processing file /home/sathya/projects/training-kit/.venv-airflow/lib/python3.10/site-packages/airflow/example_dags/example_setup_teardown.py for tasks to queue
[2025-12-27T23:51:11.705+0530] {logging_mixin.py:188} INFO - [2025-12-27T23:51:11.705+0530] {dagbag.py:545} INFO - Filling up the DagBag from /home/sathya/projects/training-kit/.venv-airflow/lib/python3.10/site-packages/airflow/example_dags/example_setup_teardown.py
[2025-12-27T23:51:11.714+0530] {processor.py:840} INFO - DAG(s) 'example_setup_teardown' retrieved from /home/sathya/projects/training-kit/.venv-airflow/lib/python3.10/site-packages/airflow/example_dags/example_setup_teardown.py
[2025-12-27T23:51:11.738+0530] {logging_mixin.py:188} INFO - [2025-12-27T23:51:11.737+0530] {dag.py:3089} INFO - Sync 1 DAGs
[2025-12-27T23:51:11.771+0530] {logging_mixin.py:188} INFO - [2025-12-27T23:51:11.771+0530] {dag.py:3947} INFO - Setting next_dagrun for example_setup_teardown to 2025-12-27 00:00:00+00:00, run_after=2025-12-28 00:00:00+00:00
[2025-12-27T23:51:11.806+0530] {processor.py:183} INFO - Processing /home/sathya/projects/training-kit/.venv-airflow/lib/python3.10/site-packages/airflow/example_dags/example_setup_teardown.py took 0.114 seconds
