[2025-12-27T19:25:53.152+0530] {processor.py:161} INFO - Started process (PID=1086) to work on /home/sathya/projects/training-kit/.venv-airflow/lib/python3.10/site-packages/airflow/example_dags/example_branch_operator_decorator.py
[2025-12-27T19:25:53.154+0530] {processor.py:830} INFO - Processing file /home/sathya/projects/training-kit/.venv-airflow/lib/python3.10/site-packages/airflow/example_dags/example_branch_operator_decorator.py for tasks to queue
[2025-12-27T19:25:53.156+0530] {logging_mixin.py:188} INFO - [2025-12-27T19:25:53.155+0530] {dagbag.py:545} INFO - Filling up the DagBag from /home/sathya/projects/training-kit/.venv-airflow/lib/python3.10/site-packages/airflow/example_dags/example_branch_operator_decorator.py
[2025-12-27T19:25:53.186+0530] {processor.py:842} WARNING - No viable dags retrieved from /home/sathya/projects/training-kit/.venv-airflow/lib/python3.10/site-packages/airflow/example_dags/example_branch_operator_decorator.py
[2025-12-27T19:25:53.200+0530] {processor.py:183} INFO - Processing /home/sathya/projects/training-kit/.venv-airflow/lib/python3.10/site-packages/airflow/example_dags/example_branch_operator_decorator.py took 0.064 seconds
[2025-12-27T19:43:44.624+0530] {processor.py:161} INFO - Started process (PID=1757) to work on /home/sathya/projects/training-kit/.venv-airflow/lib/python3.10/site-packages/airflow/example_dags/example_branch_operator_decorator.py
[2025-12-27T19:43:44.627+0530] {processor.py:830} INFO - Processing file /home/sathya/projects/training-kit/.venv-airflow/lib/python3.10/site-packages/airflow/example_dags/example_branch_operator_decorator.py for tasks to queue
[2025-12-27T19:43:44.630+0530] {logging_mixin.py:188} INFO - [2025-12-27T19:43:44.629+0530] {dagbag.py:545} INFO - Filling up the DagBag from /home/sathya/projects/training-kit/.venv-airflow/lib/python3.10/site-packages/airflow/example_dags/example_branch_operator_decorator.py
[2025-12-27T19:43:44.662+0530] {processor.py:842} WARNING - No viable dags retrieved from /home/sathya/projects/training-kit/.venv-airflow/lib/python3.10/site-packages/airflow/example_dags/example_branch_operator_decorator.py
[2025-12-27T19:43:44.678+0530] {processor.py:183} INFO - Processing /home/sathya/projects/training-kit/.venv-airflow/lib/python3.10/site-packages/airflow/example_dags/example_branch_operator_decorator.py took 0.066 seconds
[2025-12-27T20:00:46.141+0530] {processor.py:161} INFO - Started process (PID=2435) to work on /home/sathya/projects/training-kit/.venv-airflow/lib/python3.10/site-packages/airflow/example_dags/example_branch_operator_decorator.py
[2025-12-27T20:00:46.142+0530] {processor.py:830} INFO - Processing file /home/sathya/projects/training-kit/.venv-airflow/lib/python3.10/site-packages/airflow/example_dags/example_branch_operator_decorator.py for tasks to queue
[2025-12-27T20:00:46.144+0530] {logging_mixin.py:188} INFO - [2025-12-27T20:00:46.144+0530] {dagbag.py:545} INFO - Filling up the DagBag from /home/sathya/projects/training-kit/.venv-airflow/lib/python3.10/site-packages/airflow/example_dags/example_branch_operator_decorator.py
[2025-12-27T20:00:46.174+0530] {processor.py:842} WARNING - No viable dags retrieved from /home/sathya/projects/training-kit/.venv-airflow/lib/python3.10/site-packages/airflow/example_dags/example_branch_operator_decorator.py
[2025-12-27T20:00:46.187+0530] {processor.py:183} INFO - Processing /home/sathya/projects/training-kit/.venv-airflow/lib/python3.10/site-packages/airflow/example_dags/example_branch_operator_decorator.py took 0.058 seconds
[2025-12-27T20:09:45.173+0530] {processor.py:161} INFO - Started process (PID=2795) to work on /home/sathya/projects/training-kit/.venv-airflow/lib/python3.10/site-packages/airflow/example_dags/example_branch_operator_decorator.py
[2025-12-27T20:09:45.174+0530] {processor.py:830} INFO - Processing file /home/sathya/projects/training-kit/.venv-airflow/lib/python3.10/site-packages/airflow/example_dags/example_branch_operator_decorator.py for tasks to queue
[2025-12-27T20:09:45.176+0530] {logging_mixin.py:188} INFO - [2025-12-27T20:09:45.175+0530] {dagbag.py:545} INFO - Filling up the DagBag from /home/sathya/projects/training-kit/.venv-airflow/lib/python3.10/site-packages/airflow/example_dags/example_branch_operator_decorator.py
[2025-12-27T20:09:45.194+0530] {processor.py:842} WARNING - No viable dags retrieved from /home/sathya/projects/training-kit/.venv-airflow/lib/python3.10/site-packages/airflow/example_dags/example_branch_operator_decorator.py
[2025-12-27T20:09:45.207+0530] {processor.py:183} INFO - Processing /home/sathya/projects/training-kit/.venv-airflow/lib/python3.10/site-packages/airflow/example_dags/example_branch_operator_decorator.py took 0.041 seconds
[2025-12-27T20:22:38.217+0530] {processor.py:161} INFO - Started process (PID=3369) to work on /home/sathya/projects/training-kit/.venv-airflow/lib/python3.10/site-packages/airflow/example_dags/example_branch_operator_decorator.py
[2025-12-27T20:22:38.219+0530] {processor.py:830} INFO - Processing file /home/sathya/projects/training-kit/.venv-airflow/lib/python3.10/site-packages/airflow/example_dags/example_branch_operator_decorator.py for tasks to queue
[2025-12-27T20:22:38.221+0530] {logging_mixin.py:188} INFO - [2025-12-27T20:22:38.220+0530] {dagbag.py:545} INFO - Filling up the DagBag from /home/sathya/projects/training-kit/.venv-airflow/lib/python3.10/site-packages/airflow/example_dags/example_branch_operator_decorator.py
[2025-12-27T20:22:38.262+0530] {processor.py:842} WARNING - No viable dags retrieved from /home/sathya/projects/training-kit/.venv-airflow/lib/python3.10/site-packages/airflow/example_dags/example_branch_operator_decorator.py
[2025-12-27T20:22:38.280+0530] {processor.py:183} INFO - Processing /home/sathya/projects/training-kit/.venv-airflow/lib/python3.10/site-packages/airflow/example_dags/example_branch_operator_decorator.py took 0.076 seconds
[2025-12-27T20:30:00.225+0530] {processor.py:161} INFO - Started process (PID=3692) to work on /home/sathya/projects/training-kit/.venv-airflow/lib/python3.10/site-packages/airflow/example_dags/example_branch_operator_decorator.py
[2025-12-27T20:30:00.227+0530] {processor.py:830} INFO - Processing file /home/sathya/projects/training-kit/.venv-airflow/lib/python3.10/site-packages/airflow/example_dags/example_branch_operator_decorator.py for tasks to queue
[2025-12-27T20:30:00.234+0530] {logging_mixin.py:188} INFO - [2025-12-27T20:30:00.230+0530] {dagbag.py:545} INFO - Filling up the DagBag from /home/sathya/projects/training-kit/.venv-airflow/lib/python3.10/site-packages/airflow/example_dags/example_branch_operator_decorator.py
[2025-12-27T20:30:00.290+0530] {processor.py:842} WARNING - No viable dags retrieved from /home/sathya/projects/training-kit/.venv-airflow/lib/python3.10/site-packages/airflow/example_dags/example_branch_operator_decorator.py
[2025-12-27T20:30:00.305+0530] {processor.py:183} INFO - Processing /home/sathya/projects/training-kit/.venv-airflow/lib/python3.10/site-packages/airflow/example_dags/example_branch_operator_decorator.py took 0.094 seconds
[2025-12-27T20:45:19.322+0530] {processor.py:161} INFO - Started process (PID=4297) to work on /home/sathya/projects/training-kit/.venv-airflow/lib/python3.10/site-packages/airflow/example_dags/example_branch_operator_decorator.py
[2025-12-27T20:45:19.324+0530] {processor.py:830} INFO - Processing file /home/sathya/projects/training-kit/.venv-airflow/lib/python3.10/site-packages/airflow/example_dags/example_branch_operator_decorator.py for tasks to queue
[2025-12-27T20:45:19.326+0530] {logging_mixin.py:188} INFO - [2025-12-27T20:45:19.325+0530] {dagbag.py:545} INFO - Filling up the DagBag from /home/sathya/projects/training-kit/.venv-airflow/lib/python3.10/site-packages/airflow/example_dags/example_branch_operator_decorator.py
[2025-12-27T20:45:19.348+0530] {processor.py:842} WARNING - No viable dags retrieved from /home/sathya/projects/training-kit/.venv-airflow/lib/python3.10/site-packages/airflow/example_dags/example_branch_operator_decorator.py
[2025-12-27T20:45:19.367+0530] {processor.py:183} INFO - Processing /home/sathya/projects/training-kit/.venv-airflow/lib/python3.10/site-packages/airflow/example_dags/example_branch_operator_decorator.py took 0.054 seconds
[2025-12-27T21:56:38.209+0530] {processor.py:161} INFO - Started process (PID=5181) to work on /home/sathya/projects/training-kit/.venv-airflow/lib/python3.10/site-packages/airflow/example_dags/example_branch_operator_decorator.py
[2025-12-27T21:56:38.210+0530] {processor.py:830} INFO - Processing file /home/sathya/projects/training-kit/.venv-airflow/lib/python3.10/site-packages/airflow/example_dags/example_branch_operator_decorator.py for tasks to queue
[2025-12-27T21:56:38.212+0530] {logging_mixin.py:188} INFO - [2025-12-27T21:56:38.212+0530] {dagbag.py:545} INFO - Filling up the DagBag from /home/sathya/projects/training-kit/.venv-airflow/lib/python3.10/site-packages/airflow/example_dags/example_branch_operator_decorator.py
[2025-12-27T21:56:38.242+0530] {processor.py:842} WARNING - No viable dags retrieved from /home/sathya/projects/training-kit/.venv-airflow/lib/python3.10/site-packages/airflow/example_dags/example_branch_operator_decorator.py
[2025-12-27T21:56:38.256+0530] {processor.py:183} INFO - Processing /home/sathya/projects/training-kit/.venv-airflow/lib/python3.10/site-packages/airflow/example_dags/example_branch_operator_decorator.py took 0.056 seconds
[2025-12-27T22:07:06.403+0530] {processor.py:161} INFO - Started process (PID=5567) to work on /home/sathya/projects/training-kit/.venv-airflow/lib/python3.10/site-packages/airflow/example_dags/example_branch_operator_decorator.py
[2025-12-27T22:07:06.408+0530] {processor.py:830} INFO - Processing file /home/sathya/projects/training-kit/.venv-airflow/lib/python3.10/site-packages/airflow/example_dags/example_branch_operator_decorator.py for tasks to queue
[2025-12-27T22:07:06.412+0530] {logging_mixin.py:188} INFO - [2025-12-27T22:07:06.411+0530] {dagbag.py:545} INFO - Filling up the DagBag from /home/sathya/projects/training-kit/.venv-airflow/lib/python3.10/site-packages/airflow/example_dags/example_branch_operator_decorator.py
[2025-12-27T22:07:06.456+0530] {processor.py:842} WARNING - No viable dags retrieved from /home/sathya/projects/training-kit/.venv-airflow/lib/python3.10/site-packages/airflow/example_dags/example_branch_operator_decorator.py
[2025-12-27T22:07:06.480+0530] {processor.py:183} INFO - Processing /home/sathya/projects/training-kit/.venv-airflow/lib/python3.10/site-packages/airflow/example_dags/example_branch_operator_decorator.py took 0.103 seconds
[2025-12-27T22:33:40.406+0530] {processor.py:161} INFO - Started process (PID=6415) to work on /home/sathya/projects/training-kit/.venv-airflow/lib/python3.10/site-packages/airflow/example_dags/example_branch_operator_decorator.py
[2025-12-27T22:33:40.412+0530] {processor.py:830} INFO - Processing file /home/sathya/projects/training-kit/.venv-airflow/lib/python3.10/site-packages/airflow/example_dags/example_branch_operator_decorator.py for tasks to queue
[2025-12-27T22:33:40.414+0530] {logging_mixin.py:188} INFO - [2025-12-27T22:33:40.413+0530] {dagbag.py:545} INFO - Filling up the DagBag from /home/sathya/projects/training-kit/.venv-airflow/lib/python3.10/site-packages/airflow/example_dags/example_branch_operator_decorator.py
[2025-12-27T22:33:40.427+0530] {processor.py:842} WARNING - No viable dags retrieved from /home/sathya/projects/training-kit/.venv-airflow/lib/python3.10/site-packages/airflow/example_dags/example_branch_operator_decorator.py
[2025-12-27T22:33:40.436+0530] {processor.py:183} INFO - Processing /home/sathya/projects/training-kit/.venv-airflow/lib/python3.10/site-packages/airflow/example_dags/example_branch_operator_decorator.py took 0.034 seconds
[2025-12-27T22:43:35.534+0530] {processor.py:161} INFO - Started process (PID=6986) to work on /home/sathya/projects/training-kit/.venv-airflow/lib/python3.10/site-packages/airflow/example_dags/example_branch_operator_decorator.py
[2025-12-27T22:43:35.536+0530] {processor.py:830} INFO - Processing file /home/sathya/projects/training-kit/.venv-airflow/lib/python3.10/site-packages/airflow/example_dags/example_branch_operator_decorator.py for tasks to queue
[2025-12-27T22:43:35.537+0530] {logging_mixin.py:188} INFO - [2025-12-27T22:43:35.537+0530] {dagbag.py:545} INFO - Filling up the DagBag from /home/sathya/projects/training-kit/.venv-airflow/lib/python3.10/site-packages/airflow/example_dags/example_branch_operator_decorator.py
[2025-12-27T22:43:35.561+0530] {processor.py:842} WARNING - No viable dags retrieved from /home/sathya/projects/training-kit/.venv-airflow/lib/python3.10/site-packages/airflow/example_dags/example_branch_operator_decorator.py
[2025-12-27T22:43:35.574+0530] {processor.py:183} INFO - Processing /home/sathya/projects/training-kit/.venv-airflow/lib/python3.10/site-packages/airflow/example_dags/example_branch_operator_decorator.py took 0.048 seconds
[2025-12-27T22:55:54.620+0530] {processor.py:161} INFO - Started process (PID=7697) to work on /home/sathya/projects/training-kit/.venv-airflow/lib/python3.10/site-packages/airflow/example_dags/example_branch_operator_decorator.py
[2025-12-27T22:55:54.626+0530] {processor.py:830} INFO - Processing file /home/sathya/projects/training-kit/.venv-airflow/lib/python3.10/site-packages/airflow/example_dags/example_branch_operator_decorator.py for tasks to queue
[2025-12-27T22:55:54.629+0530] {logging_mixin.py:188} INFO - [2025-12-27T22:55:54.628+0530] {dagbag.py:545} INFO - Filling up the DagBag from /home/sathya/projects/training-kit/.venv-airflow/lib/python3.10/site-packages/airflow/example_dags/example_branch_operator_decorator.py
[2025-12-27T22:55:54.649+0530] {processor.py:842} WARNING - No viable dags retrieved from /home/sathya/projects/training-kit/.venv-airflow/lib/python3.10/site-packages/airflow/example_dags/example_branch_operator_decorator.py
[2025-12-27T22:55:54.658+0530] {processor.py:183} INFO - Processing /home/sathya/projects/training-kit/.venv-airflow/lib/python3.10/site-packages/airflow/example_dags/example_branch_operator_decorator.py took 0.044 seconds
[2025-12-27T23:09:27.504+0530] {processor.py:161} INFO - Started process (PID=8503) to work on /home/sathya/projects/training-kit/.venv-airflow/lib/python3.10/site-packages/airflow/example_dags/example_branch_operator_decorator.py
[2025-12-27T23:09:27.505+0530] {processor.py:830} INFO - Processing file /home/sathya/projects/training-kit/.venv-airflow/lib/python3.10/site-packages/airflow/example_dags/example_branch_operator_decorator.py for tasks to queue
[2025-12-27T23:09:27.506+0530] {logging_mixin.py:188} INFO - [2025-12-27T23:09:27.506+0530] {dagbag.py:545} INFO - Filling up the DagBag from /home/sathya/projects/training-kit/.venv-airflow/lib/python3.10/site-packages/airflow/example_dags/example_branch_operator_decorator.py
[2025-12-27T23:09:27.525+0530] {processor.py:842} WARNING - No viable dags retrieved from /home/sathya/projects/training-kit/.venv-airflow/lib/python3.10/site-packages/airflow/example_dags/example_branch_operator_decorator.py
[2025-12-27T23:09:27.535+0530] {processor.py:183} INFO - Processing /home/sathya/projects/training-kit/.venv-airflow/lib/python3.10/site-packages/airflow/example_dags/example_branch_operator_decorator.py took 0.036 seconds
[2025-12-27T23:21:58.181+0530] {processor.py:161} INFO - Started process (PID=9782) to work on /home/sathya/projects/training-kit/.venv-airflow/lib/python3.10/site-packages/airflow/example_dags/example_branch_operator_decorator.py
[2025-12-27T23:21:58.182+0530] {processor.py:830} INFO - Processing file /home/sathya/projects/training-kit/.venv-airflow/lib/python3.10/site-packages/airflow/example_dags/example_branch_operator_decorator.py for tasks to queue
[2025-12-27T23:21:58.183+0530] {logging_mixin.py:188} INFO - [2025-12-27T23:21:58.183+0530] {dagbag.py:545} INFO - Filling up the DagBag from /home/sathya/projects/training-kit/.venv-airflow/lib/python3.10/site-packages/airflow/example_dags/example_branch_operator_decorator.py
[2025-12-27T23:21:58.195+0530] {processor.py:842} WARNING - No viable dags retrieved from /home/sathya/projects/training-kit/.venv-airflow/lib/python3.10/site-packages/airflow/example_dags/example_branch_operator_decorator.py
[2025-12-27T23:21:58.204+0530] {processor.py:183} INFO - Processing /home/sathya/projects/training-kit/.venv-airflow/lib/python3.10/site-packages/airflow/example_dags/example_branch_operator_decorator.py took 0.028 seconds
[2025-12-27T23:35:15.218+0530] {processor.py:161} INFO - Started process (PID=11258) to work on /home/sathya/projects/training-kit/.venv-airflow/lib/python3.10/site-packages/airflow/example_dags/example_branch_operator_decorator.py
[2025-12-27T23:35:15.219+0530] {processor.py:830} INFO - Processing file /home/sathya/projects/training-kit/.venv-airflow/lib/python3.10/site-packages/airflow/example_dags/example_branch_operator_decorator.py for tasks to queue
[2025-12-27T23:35:15.220+0530] {logging_mixin.py:188} INFO - [2025-12-27T23:35:15.220+0530] {dagbag.py:545} INFO - Filling up the DagBag from /home/sathya/projects/training-kit/.venv-airflow/lib/python3.10/site-packages/airflow/example_dags/example_branch_operator_decorator.py
[2025-12-27T23:35:15.243+0530] {processor.py:842} WARNING - No viable dags retrieved from /home/sathya/projects/training-kit/.venv-airflow/lib/python3.10/site-packages/airflow/example_dags/example_branch_operator_decorator.py
[2025-12-27T23:35:15.253+0530] {processor.py:183} INFO - Processing /home/sathya/projects/training-kit/.venv-airflow/lib/python3.10/site-packages/airflow/example_dags/example_branch_operator_decorator.py took 0.041 seconds
[2025-12-27T23:48:04.666+0530] {processor.py:161} INFO - Started process (PID=12702) to work on /home/sathya/projects/training-kit/.venv-airflow/lib/python3.10/site-packages/airflow/example_dags/example_branch_operator_decorator.py
[2025-12-27T23:48:04.667+0530] {processor.py:830} INFO - Processing file /home/sathya/projects/training-kit/.venv-airflow/lib/python3.10/site-packages/airflow/example_dags/example_branch_operator_decorator.py for tasks to queue
[2025-12-27T23:48:04.669+0530] {logging_mixin.py:188} INFO - [2025-12-27T23:48:04.668+0530] {dagbag.py:545} INFO - Filling up the DagBag from /home/sathya/projects/training-kit/.venv-airflow/lib/python3.10/site-packages/airflow/example_dags/example_branch_operator_decorator.py
[2025-12-27T23:48:04.696+0530] {processor.py:842} WARNING - No viable dags retrieved from /home/sathya/projects/training-kit/.venv-airflow/lib/python3.10/site-packages/airflow/example_dags/example_branch_operator_decorator.py
[2025-12-27T23:48:04.707+0530] {processor.py:183} INFO - Processing /home/sathya/projects/training-kit/.venv-airflow/lib/python3.10/site-packages/airflow/example_dags/example_branch_operator_decorator.py took 0.050 seconds
[2025-12-27T23:55:46.464+0530] {processor.py:161} INFO - Started process (PID=13531) to work on /home/sathya/projects/training-kit/.venv-airflow/lib/python3.10/site-packages/airflow/example_dags/example_branch_operator_decorator.py
[2025-12-27T23:55:46.470+0530] {processor.py:830} INFO - Processing file /home/sathya/projects/training-kit/.venv-airflow/lib/python3.10/site-packages/airflow/example_dags/example_branch_operator_decorator.py for tasks to queue
[2025-12-27T23:55:46.472+0530] {logging_mixin.py:188} INFO - [2025-12-27T23:55:46.471+0530] {dagbag.py:545} INFO - Filling up the DagBag from /home/sathya/projects/training-kit/.venv-airflow/lib/python3.10/site-packages/airflow/example_dags/example_branch_operator_decorator.py
[2025-12-27T23:55:46.499+0530] {processor.py:842} WARNING - No viable dags retrieved from /home/sathya/projects/training-kit/.venv-airflow/lib/python3.10/site-packages/airflow/example_dags/example_branch_operator_decorator.py
[2025-12-27T23:55:46.510+0530] {processor.py:183} INFO - Processing /home/sathya/projects/training-kit/.venv-airflow/lib/python3.10/site-packages/airflow/example_dags/example_branch_operator_decorator.py took 0.050 seconds
