[2025-12-27T19:15:05.188+0530] {processor.py:161} INFO - Started process (PID=817) to work on /home/sathya/projects/training-kit/.venv-airflow/lib/python3.10/site-packages/airflow/example_dags/tutorial_taskflow_api.py
[2025-12-27T19:15:05.189+0530] {processor.py:830} INFO - Processing file /home/sathya/projects/training-kit/.venv-airflow/lib/python3.10/site-packages/airflow/example_dags/tutorial_taskflow_api.py for tasks to queue
[2025-12-27T19:15:05.191+0530] {logging_mixin.py:188} INFO - [2025-12-27T19:15:05.190+0530] {dagbag.py:545} INFO - Filling up the DagBag from /home/sathya/projects/training-kit/.venv-airflow/lib/python3.10/site-packages/airflow/example_dags/tutorial_taskflow_api.py
[2025-12-27T19:15:05.200+0530] {processor.py:840} INFO - DAG(s) 'tutorial_taskflow_api' retrieved from /home/sathya/projects/training-kit/.venv-airflow/lib/python3.10/site-packages/airflow/example_dags/tutorial_taskflow_api.py
[2025-12-27T19:15:05.222+0530] {logging_mixin.py:188} INFO - [2025-12-27T19:15:05.222+0530] {dag.py:3089} INFO - Sync 1 DAGs
[2025-12-27T19:15:05.234+0530] {logging_mixin.py:188} INFO - [2025-12-27T19:15:05.234+0530] {dag.py:3947} INFO - Setting next_dagrun for tutorial_taskflow_api to None, run_after=None
[2025-12-27T19:15:05.269+0530] {processor.py:183} INFO - Processing /home/sathya/projects/training-kit/.venv-airflow/lib/python3.10/site-packages/airflow/example_dags/tutorial_taskflow_api.py took 0.091 seconds
[2025-12-27T19:30:01.514+0530] {processor.py:161} INFO - Started process (PID=1244) to work on /home/sathya/projects/training-kit/.venv-airflow/lib/python3.10/site-packages/airflow/example_dags/tutorial_taskflow_api.py
[2025-12-27T19:30:01.520+0530] {processor.py:830} INFO - Processing file /home/sathya/projects/training-kit/.venv-airflow/lib/python3.10/site-packages/airflow/example_dags/tutorial_taskflow_api.py for tasks to queue
[2025-12-27T19:30:01.523+0530] {logging_mixin.py:188} INFO - [2025-12-27T19:30:01.522+0530] {dagbag.py:545} INFO - Filling up the DagBag from /home/sathya/projects/training-kit/.venv-airflow/lib/python3.10/site-packages/airflow/example_dags/tutorial_taskflow_api.py
[2025-12-27T19:30:01.530+0530] {processor.py:840} INFO - DAG(s) 'tutorial_taskflow_api' retrieved from /home/sathya/projects/training-kit/.venv-airflow/lib/python3.10/site-packages/airflow/example_dags/tutorial_taskflow_api.py
[2025-12-27T19:30:01.548+0530] {logging_mixin.py:188} INFO - [2025-12-27T19:30:01.548+0530] {dag.py:3089} INFO - Sync 1 DAGs
[2025-12-27T19:30:01.561+0530] {logging_mixin.py:188} INFO - [2025-12-27T19:30:01.560+0530] {dag.py:3947} INFO - Setting next_dagrun for tutorial_taskflow_api to None, run_after=None
[2025-12-27T19:30:01.585+0530] {processor.py:183} INFO - Processing /home/sathya/projects/training-kit/.venv-airflow/lib/python3.10/site-packages/airflow/example_dags/tutorial_taskflow_api.py took 0.083 seconds
[2025-12-27T19:39:27.138+0530] {processor.py:161} INFO - Started process (PID=1585) to work on /home/sathya/projects/training-kit/.venv-airflow/lib/python3.10/site-packages/airflow/example_dags/tutorial_taskflow_api.py
[2025-12-27T19:39:27.140+0530] {processor.py:830} INFO - Processing file /home/sathya/projects/training-kit/.venv-airflow/lib/python3.10/site-packages/airflow/example_dags/tutorial_taskflow_api.py for tasks to queue
[2025-12-27T19:39:27.143+0530] {logging_mixin.py:188} INFO - [2025-12-27T19:39:27.143+0530] {dagbag.py:545} INFO - Filling up the DagBag from /home/sathya/projects/training-kit/.venv-airflow/lib/python3.10/site-packages/airflow/example_dags/tutorial_taskflow_api.py
[2025-12-27T19:39:27.150+0530] {processor.py:840} INFO - DAG(s) 'tutorial_taskflow_api' retrieved from /home/sathya/projects/training-kit/.venv-airflow/lib/python3.10/site-packages/airflow/example_dags/tutorial_taskflow_api.py
[2025-12-27T19:39:27.168+0530] {logging_mixin.py:188} INFO - [2025-12-27T19:39:27.167+0530] {dag.py:3089} INFO - Sync 1 DAGs
[2025-12-27T19:39:27.181+0530] {logging_mixin.py:188} INFO - [2025-12-27T19:39:27.180+0530] {dag.py:3947} INFO - Setting next_dagrun for tutorial_taskflow_api to None, run_after=None
[2025-12-27T19:39:27.213+0530] {processor.py:183} INFO - Processing /home/sathya/projects/training-kit/.venv-airflow/lib/python3.10/site-packages/airflow/example_dags/tutorial_taskflow_api.py took 0.081 seconds
[2025-12-27T19:47:43.339+0530] {processor.py:161} INFO - Started process (PID=1910) to work on /home/sathya/projects/training-kit/.venv-airflow/lib/python3.10/site-packages/airflow/example_dags/tutorial_taskflow_api.py
[2025-12-27T19:47:43.345+0530] {processor.py:830} INFO - Processing file /home/sathya/projects/training-kit/.venv-airflow/lib/python3.10/site-packages/airflow/example_dags/tutorial_taskflow_api.py for tasks to queue
[2025-12-27T19:47:43.348+0530] {logging_mixin.py:188} INFO - [2025-12-27T19:47:43.348+0530] {dagbag.py:545} INFO - Filling up the DagBag from /home/sathya/projects/training-kit/.venv-airflow/lib/python3.10/site-packages/airflow/example_dags/tutorial_taskflow_api.py
[2025-12-27T19:47:43.357+0530] {processor.py:840} INFO - DAG(s) 'tutorial_taskflow_api' retrieved from /home/sathya/projects/training-kit/.venv-airflow/lib/python3.10/site-packages/airflow/example_dags/tutorial_taskflow_api.py
[2025-12-27T19:47:43.374+0530] {logging_mixin.py:188} INFO - [2025-12-27T19:47:43.373+0530] {dag.py:3089} INFO - Sync 1 DAGs
[2025-12-27T19:47:43.386+0530] {logging_mixin.py:188} INFO - [2025-12-27T19:47:43.386+0530] {dag.py:3947} INFO - Setting next_dagrun for tutorial_taskflow_api to None, run_after=None
[2025-12-27T19:47:43.422+0530] {processor.py:183} INFO - Processing /home/sathya/projects/training-kit/.venv-airflow/lib/python3.10/site-packages/airflow/example_dags/tutorial_taskflow_api.py took 0.092 seconds
[2025-12-27T19:55:50.149+0530] {processor.py:161} INFO - Started process (PID=2236) to work on /home/sathya/projects/training-kit/.venv-airflow/lib/python3.10/site-packages/airflow/example_dags/tutorial_taskflow_api.py
[2025-12-27T19:55:50.155+0530] {processor.py:830} INFO - Processing file /home/sathya/projects/training-kit/.venv-airflow/lib/python3.10/site-packages/airflow/example_dags/tutorial_taskflow_api.py for tasks to queue
[2025-12-27T19:55:50.157+0530] {logging_mixin.py:188} INFO - [2025-12-27T19:55:50.156+0530] {dagbag.py:545} INFO - Filling up the DagBag from /home/sathya/projects/training-kit/.venv-airflow/lib/python3.10/site-packages/airflow/example_dags/tutorial_taskflow_api.py
[2025-12-27T19:55:50.164+0530] {processor.py:840} INFO - DAG(s) 'tutorial_taskflow_api' retrieved from /home/sathya/projects/training-kit/.venv-airflow/lib/python3.10/site-packages/airflow/example_dags/tutorial_taskflow_api.py
[2025-12-27T19:55:50.180+0530] {logging_mixin.py:188} INFO - [2025-12-27T19:55:50.180+0530] {dag.py:3089} INFO - Sync 1 DAGs
[2025-12-27T19:55:50.191+0530] {logging_mixin.py:188} INFO - [2025-12-27T19:55:50.191+0530] {dag.py:3947} INFO - Setting next_dagrun for tutorial_taskflow_api to None, run_after=None
[2025-12-27T19:55:50.214+0530] {processor.py:183} INFO - Processing /home/sathya/projects/training-kit/.venv-airflow/lib/python3.10/site-packages/airflow/example_dags/tutorial_taskflow_api.py took 0.072 seconds
[2025-12-27T20:04:40.863+0530] {processor.py:161} INFO - Started process (PID=2585) to work on /home/sathya/projects/training-kit/.venv-airflow/lib/python3.10/site-packages/airflow/example_dags/tutorial_taskflow_api.py
[2025-12-27T20:04:40.865+0530] {processor.py:830} INFO - Processing file /home/sathya/projects/training-kit/.venv-airflow/lib/python3.10/site-packages/airflow/example_dags/tutorial_taskflow_api.py for tasks to queue
[2025-12-27T20:04:40.869+0530] {logging_mixin.py:188} INFO - [2025-12-27T20:04:40.867+0530] {dagbag.py:545} INFO - Filling up the DagBag from /home/sathya/projects/training-kit/.venv-airflow/lib/python3.10/site-packages/airflow/example_dags/tutorial_taskflow_api.py
[2025-12-27T20:04:40.882+0530] {processor.py:840} INFO - DAG(s) 'tutorial_taskflow_api' retrieved from /home/sathya/projects/training-kit/.venv-airflow/lib/python3.10/site-packages/airflow/example_dags/tutorial_taskflow_api.py
[2025-12-27T20:04:40.905+0530] {logging_mixin.py:188} INFO - [2025-12-27T20:04:40.905+0530] {dag.py:3089} INFO - Sync 1 DAGs
[2025-12-27T20:04:40.918+0530] {logging_mixin.py:188} INFO - [2025-12-27T20:04:40.918+0530] {dag.py:3947} INFO - Setting next_dagrun for tutorial_taskflow_api to None, run_after=None
[2025-12-27T20:04:40.944+0530] {processor.py:183} INFO - Processing /home/sathya/projects/training-kit/.venv-airflow/lib/python3.10/site-packages/airflow/example_dags/tutorial_taskflow_api.py took 0.101 seconds
[2025-12-27T20:12:33.117+0530] {processor.py:161} INFO - Started process (PID=2923) to work on /home/sathya/projects/training-kit/.venv-airflow/lib/python3.10/site-packages/airflow/example_dags/tutorial_taskflow_api.py
[2025-12-27T20:12:33.127+0530] {processor.py:830} INFO - Processing file /home/sathya/projects/training-kit/.venv-airflow/lib/python3.10/site-packages/airflow/example_dags/tutorial_taskflow_api.py for tasks to queue
[2025-12-27T20:12:33.132+0530] {logging_mixin.py:188} INFO - [2025-12-27T20:12:33.130+0530] {dagbag.py:545} INFO - Filling up the DagBag from /home/sathya/projects/training-kit/.venv-airflow/lib/python3.10/site-packages/airflow/example_dags/tutorial_taskflow_api.py
[2025-12-27T20:12:33.144+0530] {processor.py:840} INFO - DAG(s) 'tutorial_taskflow_api' retrieved from /home/sathya/projects/training-kit/.venv-airflow/lib/python3.10/site-packages/airflow/example_dags/tutorial_taskflow_api.py
[2025-12-27T20:12:33.173+0530] {logging_mixin.py:188} INFO - [2025-12-27T20:12:33.172+0530] {dag.py:3089} INFO - Sync 1 DAGs
[2025-12-27T20:12:33.190+0530] {logging_mixin.py:188} INFO - [2025-12-27T20:12:33.190+0530] {dag.py:3947} INFO - Setting next_dagrun for tutorial_taskflow_api to None, run_after=None
[2025-12-27T20:12:33.218+0530] {processor.py:183} INFO - Processing /home/sathya/projects/training-kit/.venv-airflow/lib/python3.10/site-packages/airflow/example_dags/tutorial_taskflow_api.py took 0.107 seconds
[2025-12-27T20:19:31.986+0530] {processor.py:161} INFO - Started process (PID=3228) to work on /home/sathya/projects/training-kit/.venv-airflow/lib/python3.10/site-packages/airflow/example_dags/tutorial_taskflow_api.py
[2025-12-27T20:19:31.988+0530] {processor.py:830} INFO - Processing file /home/sathya/projects/training-kit/.venv-airflow/lib/python3.10/site-packages/airflow/example_dags/tutorial_taskflow_api.py for tasks to queue
[2025-12-27T20:19:31.990+0530] {logging_mixin.py:188} INFO - [2025-12-27T20:19:31.989+0530] {dagbag.py:545} INFO - Filling up the DagBag from /home/sathya/projects/training-kit/.venv-airflow/lib/python3.10/site-packages/airflow/example_dags/tutorial_taskflow_api.py
[2025-12-27T20:19:31.996+0530] {processor.py:840} INFO - DAG(s) 'tutorial_taskflow_api' retrieved from /home/sathya/projects/training-kit/.venv-airflow/lib/python3.10/site-packages/airflow/example_dags/tutorial_taskflow_api.py
[2025-12-27T20:19:32.012+0530] {logging_mixin.py:188} INFO - [2025-12-27T20:19:32.012+0530] {dag.py:3089} INFO - Sync 1 DAGs
[2025-12-27T20:19:32.022+0530] {logging_mixin.py:188} INFO - [2025-12-27T20:19:32.022+0530] {dag.py:3947} INFO - Setting next_dagrun for tutorial_taskflow_api to None, run_after=None
[2025-12-27T20:19:32.046+0530] {processor.py:183} INFO - Processing /home/sathya/projects/training-kit/.venv-airflow/lib/python3.10/site-packages/airflow/example_dags/tutorial_taskflow_api.py took 0.066 seconds
[2025-12-27T20:25:44.633+0530] {processor.py:161} INFO - Started process (PID=3509) to work on /home/sathya/projects/training-kit/.venv-airflow/lib/python3.10/site-packages/airflow/example_dags/tutorial_taskflow_api.py
[2025-12-27T20:25:44.635+0530] {processor.py:830} INFO - Processing file /home/sathya/projects/training-kit/.venv-airflow/lib/python3.10/site-packages/airflow/example_dags/tutorial_taskflow_api.py for tasks to queue
[2025-12-27T20:25:44.637+0530] {logging_mixin.py:188} INFO - [2025-12-27T20:25:44.636+0530] {dagbag.py:545} INFO - Filling up the DagBag from /home/sathya/projects/training-kit/.venv-airflow/lib/python3.10/site-packages/airflow/example_dags/tutorial_taskflow_api.py
[2025-12-27T20:25:44.643+0530] {processor.py:840} INFO - DAG(s) 'tutorial_taskflow_api' retrieved from /home/sathya/projects/training-kit/.venv-airflow/lib/python3.10/site-packages/airflow/example_dags/tutorial_taskflow_api.py
[2025-12-27T20:25:44.659+0530] {logging_mixin.py:188} INFO - [2025-12-27T20:25:44.659+0530] {dag.py:3089} INFO - Sync 1 DAGs
[2025-12-27T20:25:44.670+0530] {logging_mixin.py:188} INFO - [2025-12-27T20:25:44.670+0530] {dag.py:3947} INFO - Setting next_dagrun for tutorial_taskflow_api to None, run_after=None
[2025-12-27T20:25:44.693+0530] {processor.py:183} INFO - Processing /home/sathya/projects/training-kit/.venv-airflow/lib/python3.10/site-packages/airflow/example_dags/tutorial_taskflow_api.py took 0.066 seconds
[2025-12-27T20:33:28.649+0530] {processor.py:161} INFO - Started process (PID=3828) to work on /home/sathya/projects/training-kit/.venv-airflow/lib/python3.10/site-packages/airflow/example_dags/tutorial_taskflow_api.py
[2025-12-27T20:33:28.650+0530] {processor.py:830} INFO - Processing file /home/sathya/projects/training-kit/.venv-airflow/lib/python3.10/site-packages/airflow/example_dags/tutorial_taskflow_api.py for tasks to queue
[2025-12-27T20:33:28.653+0530] {logging_mixin.py:188} INFO - [2025-12-27T20:33:28.652+0530] {dagbag.py:545} INFO - Filling up the DagBag from /home/sathya/projects/training-kit/.venv-airflow/lib/python3.10/site-packages/airflow/example_dags/tutorial_taskflow_api.py
[2025-12-27T20:33:28.659+0530] {processor.py:840} INFO - DAG(s) 'tutorial_taskflow_api' retrieved from /home/sathya/projects/training-kit/.venv-airflow/lib/python3.10/site-packages/airflow/example_dags/tutorial_taskflow_api.py
[2025-12-27T20:33:28.675+0530] {logging_mixin.py:188} INFO - [2025-12-27T20:33:28.674+0530] {dag.py:3089} INFO - Sync 1 DAGs
[2025-12-27T20:33:28.684+0530] {logging_mixin.py:188} INFO - [2025-12-27T20:33:28.683+0530] {dag.py:3947} INFO - Setting next_dagrun for tutorial_taskflow_api to None, run_after=None
[2025-12-27T20:33:28.706+0530] {processor.py:183} INFO - Processing /home/sathya/projects/training-kit/.venv-airflow/lib/python3.10/site-packages/airflow/example_dags/tutorial_taskflow_api.py took 0.063 seconds
[2025-12-27T20:40:35.060+0530] {processor.py:161} INFO - Started process (PID=4123) to work on /home/sathya/projects/training-kit/.venv-airflow/lib/python3.10/site-packages/airflow/example_dags/tutorial_taskflow_api.py
[2025-12-27T20:40:35.061+0530] {processor.py:830} INFO - Processing file /home/sathya/projects/training-kit/.venv-airflow/lib/python3.10/site-packages/airflow/example_dags/tutorial_taskflow_api.py for tasks to queue
[2025-12-27T20:40:35.063+0530] {logging_mixin.py:188} INFO - [2025-12-27T20:40:35.063+0530] {dagbag.py:545} INFO - Filling up the DagBag from /home/sathya/projects/training-kit/.venv-airflow/lib/python3.10/site-packages/airflow/example_dags/tutorial_taskflow_api.py
[2025-12-27T20:40:35.070+0530] {processor.py:840} INFO - DAG(s) 'tutorial_taskflow_api' retrieved from /home/sathya/projects/training-kit/.venv-airflow/lib/python3.10/site-packages/airflow/example_dags/tutorial_taskflow_api.py
[2025-12-27T20:40:35.086+0530] {logging_mixin.py:188} INFO - [2025-12-27T20:40:35.086+0530] {dag.py:3089} INFO - Sync 1 DAGs
[2025-12-27T20:40:35.097+0530] {logging_mixin.py:188} INFO - [2025-12-27T20:40:35.097+0530] {dag.py:3947} INFO - Setting next_dagrun for tutorial_taskflow_api to None, run_after=None
[2025-12-27T20:40:35.125+0530] {processor.py:183} INFO - Processing /home/sathya/projects/training-kit/.venv-airflow/lib/python3.10/site-packages/airflow/example_dags/tutorial_taskflow_api.py took 0.071 seconds
[2025-12-27T20:49:09.330+0530] {processor.py:161} INFO - Started process (PID=4445) to work on /home/sathya/projects/training-kit/.venv-airflow/lib/python3.10/site-packages/airflow/example_dags/tutorial_taskflow_api.py
[2025-12-27T20:49:09.331+0530] {processor.py:830} INFO - Processing file /home/sathya/projects/training-kit/.venv-airflow/lib/python3.10/site-packages/airflow/example_dags/tutorial_taskflow_api.py for tasks to queue
[2025-12-27T20:49:09.335+0530] {logging_mixin.py:188} INFO - [2025-12-27T20:49:09.334+0530] {dagbag.py:545} INFO - Filling up the DagBag from /home/sathya/projects/training-kit/.venv-airflow/lib/python3.10/site-packages/airflow/example_dags/tutorial_taskflow_api.py
[2025-12-27T20:49:09.344+0530] {processor.py:840} INFO - DAG(s) 'tutorial_taskflow_api' retrieved from /home/sathya/projects/training-kit/.venv-airflow/lib/python3.10/site-packages/airflow/example_dags/tutorial_taskflow_api.py
[2025-12-27T20:49:09.366+0530] {logging_mixin.py:188} INFO - [2025-12-27T20:49:09.366+0530] {dag.py:3089} INFO - Sync 1 DAGs
[2025-12-27T20:49:09.378+0530] {logging_mixin.py:188} INFO - [2025-12-27T20:49:09.377+0530] {dag.py:3947} INFO - Setting next_dagrun for tutorial_taskflow_api to None, run_after=None
[2025-12-27T20:49:09.413+0530] {processor.py:183} INFO - Processing /home/sathya/projects/training-kit/.venv-airflow/lib/python3.10/site-packages/airflow/example_dags/tutorial_taskflow_api.py took 0.094 seconds
[2025-12-27T21:51:32.781+0530] {processor.py:161} INFO - Started process (PID=4891) to work on /home/sathya/projects/training-kit/.venv-airflow/lib/python3.10/site-packages/airflow/example_dags/tutorial_taskflow_api.py
[2025-12-27T21:51:32.782+0530] {processor.py:830} INFO - Processing file /home/sathya/projects/training-kit/.venv-airflow/lib/python3.10/site-packages/airflow/example_dags/tutorial_taskflow_api.py for tasks to queue
[2025-12-27T21:51:32.784+0530] {logging_mixin.py:188} INFO - [2025-12-27T21:51:32.783+0530] {dagbag.py:545} INFO - Filling up the DagBag from /home/sathya/projects/training-kit/.venv-airflow/lib/python3.10/site-packages/airflow/example_dags/tutorial_taskflow_api.py
[2025-12-27T21:51:32.792+0530] {processor.py:840} INFO - DAG(s) 'tutorial_taskflow_api' retrieved from /home/sathya/projects/training-kit/.venv-airflow/lib/python3.10/site-packages/airflow/example_dags/tutorial_taskflow_api.py
[2025-12-27T21:51:32.808+0530] {logging_mixin.py:188} INFO - [2025-12-27T21:51:32.807+0530] {dag.py:3089} INFO - Sync 1 DAGs
[2025-12-27T21:51:32.820+0530] {logging_mixin.py:188} INFO - [2025-12-27T21:51:32.819+0530] {dag.py:3947} INFO - Setting next_dagrun for tutorial_taskflow_api to None, run_after=None
[2025-12-27T21:51:32.845+0530] {processor.py:183} INFO - Processing /home/sathya/projects/training-kit/.venv-airflow/lib/python3.10/site-packages/airflow/example_dags/tutorial_taskflow_api.py took 0.070 seconds
[2025-12-27T22:00:04.272+0530] {processor.py:161} INFO - Started process (PID=5343) to work on /home/sathya/projects/training-kit/.venv-airflow/lib/python3.10/site-packages/airflow/example_dags/tutorial_taskflow_api.py
[2025-12-27T22:00:04.274+0530] {processor.py:830} INFO - Processing file /home/sathya/projects/training-kit/.venv-airflow/lib/python3.10/site-packages/airflow/example_dags/tutorial_taskflow_api.py for tasks to queue
[2025-12-27T22:00:04.276+0530] {logging_mixin.py:188} INFO - [2025-12-27T22:00:04.276+0530] {dagbag.py:545} INFO - Filling up the DagBag from /home/sathya/projects/training-kit/.venv-airflow/lib/python3.10/site-packages/airflow/example_dags/tutorial_taskflow_api.py
[2025-12-27T22:00:04.291+0530] {processor.py:840} INFO - DAG(s) 'tutorial_taskflow_api' retrieved from /home/sathya/projects/training-kit/.venv-airflow/lib/python3.10/site-packages/airflow/example_dags/tutorial_taskflow_api.py
[2025-12-27T22:00:04.316+0530] {logging_mixin.py:188} INFO - [2025-12-27T22:00:04.316+0530] {dag.py:3089} INFO - Sync 1 DAGs
[2025-12-27T22:00:04.332+0530] {logging_mixin.py:188} INFO - [2025-12-27T22:00:04.332+0530] {dag.py:3947} INFO - Setting next_dagrun for tutorial_taskflow_api to None, run_after=None
[2025-12-27T22:00:04.374+0530] {processor.py:183} INFO - Processing /home/sathya/projects/training-kit/.venv-airflow/lib/python3.10/site-packages/airflow/example_dags/tutorial_taskflow_api.py took 0.113 seconds
[2025-12-27T22:15:07.533+0530] {processor.py:161} INFO - Started process (PID=5778) to work on /home/sathya/projects/training-kit/.venv-airflow/lib/python3.10/site-packages/airflow/example_dags/tutorial_taskflow_api.py
[2025-12-27T22:15:07.536+0530] {processor.py:830} INFO - Processing file /home/sathya/projects/training-kit/.venv-airflow/lib/python3.10/site-packages/airflow/example_dags/tutorial_taskflow_api.py for tasks to queue
[2025-12-27T22:15:07.540+0530] {logging_mixin.py:188} INFO - [2025-12-27T22:15:07.539+0530] {dagbag.py:545} INFO - Filling up the DagBag from /home/sathya/projects/training-kit/.venv-airflow/lib/python3.10/site-packages/airflow/example_dags/tutorial_taskflow_api.py
[2025-12-27T22:15:07.557+0530] {processor.py:840} INFO - DAG(s) 'tutorial_taskflow_api' retrieved from /home/sathya/projects/training-kit/.venv-airflow/lib/python3.10/site-packages/airflow/example_dags/tutorial_taskflow_api.py
[2025-12-27T22:15:07.594+0530] {logging_mixin.py:188} INFO - [2025-12-27T22:15:07.594+0530] {dag.py:3089} INFO - Sync 1 DAGs
[2025-12-27T22:15:07.622+0530] {logging_mixin.py:188} INFO - [2025-12-27T22:15:07.621+0530] {dag.py:3947} INFO - Setting next_dagrun for tutorial_taskflow_api to None, run_after=None
[2025-12-27T22:15:07.739+0530] {processor.py:183} INFO - Processing /home/sathya/projects/training-kit/.venv-airflow/lib/python3.10/site-packages/airflow/example_dags/tutorial_taskflow_api.py took 0.221 seconds
[2025-12-27T22:30:30.854+0530] {processor.py:161} INFO - Started process (PID=6229) to work on /home/sathya/projects/training-kit/.venv-airflow/lib/python3.10/site-packages/airflow/example_dags/tutorial_taskflow_api.py
[2025-12-27T22:30:30.855+0530] {processor.py:830} INFO - Processing file /home/sathya/projects/training-kit/.venv-airflow/lib/python3.10/site-packages/airflow/example_dags/tutorial_taskflow_api.py for tasks to queue
[2025-12-27T22:30:30.857+0530] {logging_mixin.py:188} INFO - [2025-12-27T22:30:30.856+0530] {dagbag.py:545} INFO - Filling up the DagBag from /home/sathya/projects/training-kit/.venv-airflow/lib/python3.10/site-packages/airflow/example_dags/tutorial_taskflow_api.py
[2025-12-27T22:30:30.862+0530] {processor.py:840} INFO - DAG(s) 'tutorial_taskflow_api' retrieved from /home/sathya/projects/training-kit/.venv-airflow/lib/python3.10/site-packages/airflow/example_dags/tutorial_taskflow_api.py
[2025-12-27T22:30:30.875+0530] {logging_mixin.py:188} INFO - [2025-12-27T22:30:30.875+0530] {dag.py:3089} INFO - Sync 1 DAGs
[2025-12-27T22:30:30.883+0530] {logging_mixin.py:188} INFO - [2025-12-27T22:30:30.883+0530] {dag.py:3947} INFO - Setting next_dagrun for tutorial_taskflow_api to None, run_after=None
[2025-12-27T22:30:30.905+0530] {processor.py:183} INFO - Processing /home/sathya/projects/training-kit/.venv-airflow/lib/python3.10/site-packages/airflow/example_dags/tutorial_taskflow_api.py took 0.056 seconds
[2025-12-27T22:35:38.740+0530] {processor.py:161} INFO - Started process (PID=6541) to work on /home/sathya/projects/training-kit/.venv-airflow/lib/python3.10/site-packages/airflow/example_dags/tutorial_taskflow_api.py
[2025-12-27T22:35:38.746+0530] {processor.py:830} INFO - Processing file /home/sathya/projects/training-kit/.venv-airflow/lib/python3.10/site-packages/airflow/example_dags/tutorial_taskflow_api.py for tasks to queue
[2025-12-27T22:35:38.748+0530] {logging_mixin.py:188} INFO - [2025-12-27T22:35:38.747+0530] {dagbag.py:545} INFO - Filling up the DagBag from /home/sathya/projects/training-kit/.venv-airflow/lib/python3.10/site-packages/airflow/example_dags/tutorial_taskflow_api.py
[2025-12-27T22:35:38.752+0530] {processor.py:840} INFO - DAG(s) 'tutorial_taskflow_api' retrieved from /home/sathya/projects/training-kit/.venv-airflow/lib/python3.10/site-packages/airflow/example_dags/tutorial_taskflow_api.py
[2025-12-27T22:35:38.764+0530] {logging_mixin.py:188} INFO - [2025-12-27T22:35:38.764+0530] {dag.py:3089} INFO - Sync 1 DAGs
[2025-12-27T22:35:38.771+0530] {logging_mixin.py:188} INFO - [2025-12-27T22:35:38.771+0530] {dag.py:3947} INFO - Setting next_dagrun for tutorial_taskflow_api to None, run_after=None
[2025-12-27T22:35:38.791+0530] {processor.py:183} INFO - Processing /home/sathya/projects/training-kit/.venv-airflow/lib/python3.10/site-packages/airflow/example_dags/tutorial_taskflow_api.py took 0.056 seconds
[2025-12-27T22:40:28.630+0530] {processor.py:161} INFO - Started process (PID=6817) to work on /home/sathya/projects/training-kit/.venv-airflow/lib/python3.10/site-packages/airflow/example_dags/tutorial_taskflow_api.py
[2025-12-27T22:40:28.631+0530] {processor.py:830} INFO - Processing file /home/sathya/projects/training-kit/.venv-airflow/lib/python3.10/site-packages/airflow/example_dags/tutorial_taskflow_api.py for tasks to queue
[2025-12-27T22:40:28.632+0530] {logging_mixin.py:188} INFO - [2025-12-27T22:40:28.632+0530] {dagbag.py:545} INFO - Filling up the DagBag from /home/sathya/projects/training-kit/.venv-airflow/lib/python3.10/site-packages/airflow/example_dags/tutorial_taskflow_api.py
[2025-12-27T22:40:28.639+0530] {processor.py:840} INFO - DAG(s) 'tutorial_taskflow_api' retrieved from /home/sathya/projects/training-kit/.venv-airflow/lib/python3.10/site-packages/airflow/example_dags/tutorial_taskflow_api.py
[2025-12-27T22:40:28.653+0530] {logging_mixin.py:188} INFO - [2025-12-27T22:40:28.653+0530] {dag.py:3089} INFO - Sync 1 DAGs
[2025-12-27T22:40:28.662+0530] {logging_mixin.py:188} INFO - [2025-12-27T22:40:28.661+0530] {dag.py:3947} INFO - Setting next_dagrun for tutorial_taskflow_api to None, run_after=None
[2025-12-27T22:40:28.682+0530] {processor.py:183} INFO - Processing /home/sathya/projects/training-kit/.venv-airflow/lib/python3.10/site-packages/airflow/example_dags/tutorial_taskflow_api.py took 0.058 seconds
[2025-12-27T22:46:05.379+0530] {processor.py:161} INFO - Started process (PID=7136) to work on /home/sathya/projects/training-kit/.venv-airflow/lib/python3.10/site-packages/airflow/example_dags/tutorial_taskflow_api.py
[2025-12-27T22:46:05.380+0530] {processor.py:830} INFO - Processing file /home/sathya/projects/training-kit/.venv-airflow/lib/python3.10/site-packages/airflow/example_dags/tutorial_taskflow_api.py for tasks to queue
[2025-12-27T22:46:05.382+0530] {logging_mixin.py:188} INFO - [2025-12-27T22:46:05.381+0530] {dagbag.py:545} INFO - Filling up the DagBag from /home/sathya/projects/training-kit/.venv-airflow/lib/python3.10/site-packages/airflow/example_dags/tutorial_taskflow_api.py
[2025-12-27T22:46:05.387+0530] {processor.py:840} INFO - DAG(s) 'tutorial_taskflow_api' retrieved from /home/sathya/projects/training-kit/.venv-airflow/lib/python3.10/site-packages/airflow/example_dags/tutorial_taskflow_api.py
[2025-12-27T22:46:05.404+0530] {logging_mixin.py:188} INFO - [2025-12-27T22:46:05.403+0530] {dag.py:3089} INFO - Sync 1 DAGs
[2025-12-27T22:46:05.412+0530] {logging_mixin.py:188} INFO - [2025-12-27T22:46:05.412+0530] {dag.py:3947} INFO - Setting next_dagrun for tutorial_taskflow_api to None, run_after=None
[2025-12-27T22:46:05.432+0530] {processor.py:183} INFO - Processing /home/sathya/projects/training-kit/.venv-airflow/lib/python3.10/site-packages/airflow/example_dags/tutorial_taskflow_api.py took 0.060 seconds
[2025-12-27T22:52:29.886+0530] {processor.py:161} INFO - Started process (PID=7460) to work on /home/sathya/projects/training-kit/.venv-airflow/lib/python3.10/site-packages/airflow/example_dags/tutorial_taskflow_api.py
[2025-12-27T22:52:29.887+0530] {processor.py:830} INFO - Processing file /home/sathya/projects/training-kit/.venv-airflow/lib/python3.10/site-packages/airflow/example_dags/tutorial_taskflow_api.py for tasks to queue
[2025-12-27T22:52:29.889+0530] {logging_mixin.py:188} INFO - [2025-12-27T22:52:29.888+0530] {dagbag.py:545} INFO - Filling up the DagBag from /home/sathya/projects/training-kit/.venv-airflow/lib/python3.10/site-packages/airflow/example_dags/tutorial_taskflow_api.py
[2025-12-27T22:52:29.895+0530] {processor.py:840} INFO - DAG(s) 'tutorial_taskflow_api' retrieved from /home/sathya/projects/training-kit/.venv-airflow/lib/python3.10/site-packages/airflow/example_dags/tutorial_taskflow_api.py
[2025-12-27T22:52:29.908+0530] {logging_mixin.py:188} INFO - [2025-12-27T22:52:29.908+0530] {dag.py:3089} INFO - Sync 1 DAGs
[2025-12-27T22:52:29.916+0530] {logging_mixin.py:188} INFO - [2025-12-27T22:52:29.916+0530] {dag.py:3947} INFO - Setting next_dagrun for tutorial_taskflow_api to None, run_after=None
[2025-12-27T22:52:29.936+0530] {processor.py:183} INFO - Processing /home/sathya/projects/training-kit/.venv-airflow/lib/python3.10/site-packages/airflow/example_dags/tutorial_taskflow_api.py took 0.056 seconds
[2025-12-27T22:59:11.922+0530] {processor.py:161} INFO - Started process (PID=7877) to work on /home/sathya/projects/training-kit/.venv-airflow/lib/python3.10/site-packages/airflow/example_dags/tutorial_taskflow_api.py
[2025-12-27T22:59:11.923+0530] {processor.py:830} INFO - Processing file /home/sathya/projects/training-kit/.venv-airflow/lib/python3.10/site-packages/airflow/example_dags/tutorial_taskflow_api.py for tasks to queue
[2025-12-27T22:59:11.924+0530] {logging_mixin.py:188} INFO - [2025-12-27T22:59:11.924+0530] {dagbag.py:545} INFO - Filling up the DagBag from /home/sathya/projects/training-kit/.venv-airflow/lib/python3.10/site-packages/airflow/example_dags/tutorial_taskflow_api.py
[2025-12-27T22:59:11.930+0530] {processor.py:840} INFO - DAG(s) 'tutorial_taskflow_api' retrieved from /home/sathya/projects/training-kit/.venv-airflow/lib/python3.10/site-packages/airflow/example_dags/tutorial_taskflow_api.py
[2025-12-27T22:59:11.946+0530] {logging_mixin.py:188} INFO - [2025-12-27T22:59:11.946+0530] {dag.py:3089} INFO - Sync 1 DAGs
[2025-12-27T22:59:11.959+0530] {logging_mixin.py:188} INFO - [2025-12-27T22:59:11.958+0530] {dag.py:3947} INFO - Setting next_dagrun for tutorial_taskflow_api to None, run_after=None
[2025-12-27T22:59:11.981+0530] {processor.py:183} INFO - Processing /home/sathya/projects/training-kit/.venv-airflow/lib/python3.10/site-packages/airflow/example_dags/tutorial_taskflow_api.py took 0.069 seconds
[2025-12-27T23:05:28.028+0530] {processor.py:161} INFO - Started process (PID=8266) to work on /home/sathya/projects/training-kit/.venv-airflow/lib/python3.10/site-packages/airflow/example_dags/tutorial_taskflow_api.py
[2025-12-27T23:05:28.030+0530] {processor.py:830} INFO - Processing file /home/sathya/projects/training-kit/.venv-airflow/lib/python3.10/site-packages/airflow/example_dags/tutorial_taskflow_api.py for tasks to queue
[2025-12-27T23:05:28.031+0530] {logging_mixin.py:188} INFO - [2025-12-27T23:05:28.031+0530] {dagbag.py:545} INFO - Filling up the DagBag from /home/sathya/projects/training-kit/.venv-airflow/lib/python3.10/site-packages/airflow/example_dags/tutorial_taskflow_api.py
[2025-12-27T23:05:28.036+0530] {processor.py:840} INFO - DAG(s) 'tutorial_taskflow_api' retrieved from /home/sathya/projects/training-kit/.venv-airflow/lib/python3.10/site-packages/airflow/example_dags/tutorial_taskflow_api.py
[2025-12-27T23:05:28.049+0530] {logging_mixin.py:188} INFO - [2025-12-27T23:05:28.049+0530] {dag.py:3089} INFO - Sync 1 DAGs
[2025-12-27T23:05:28.058+0530] {logging_mixin.py:188} INFO - [2025-12-27T23:05:28.058+0530] {dag.py:3947} INFO - Setting next_dagrun for tutorial_taskflow_api to None, run_after=None
[2025-12-27T23:05:28.081+0530] {processor.py:183} INFO - Processing /home/sathya/projects/training-kit/.venv-airflow/lib/python3.10/site-packages/airflow/example_dags/tutorial_taskflow_api.py took 0.057 seconds
[2025-12-27T23:11:59.067+0530] {processor.py:161} INFO - Started process (PID=8697) to work on /home/sathya/projects/training-kit/.venv-airflow/lib/python3.10/site-packages/airflow/example_dags/tutorial_taskflow_api.py
[2025-12-27T23:11:59.069+0530] {processor.py:830} INFO - Processing file /home/sathya/projects/training-kit/.venv-airflow/lib/python3.10/site-packages/airflow/example_dags/tutorial_taskflow_api.py for tasks to queue
[2025-12-27T23:11:59.071+0530] {logging_mixin.py:188} INFO - [2025-12-27T23:11:59.071+0530] {dagbag.py:545} INFO - Filling up the DagBag from /home/sathya/projects/training-kit/.venv-airflow/lib/python3.10/site-packages/airflow/example_dags/tutorial_taskflow_api.py
[2025-12-27T23:11:59.078+0530] {processor.py:840} INFO - DAG(s) 'tutorial_taskflow_api' retrieved from /home/sathya/projects/training-kit/.venv-airflow/lib/python3.10/site-packages/airflow/example_dags/tutorial_taskflow_api.py
[2025-12-27T23:11:59.090+0530] {logging_mixin.py:188} INFO - [2025-12-27T23:11:59.090+0530] {dag.py:3089} INFO - Sync 1 DAGs
[2025-12-27T23:11:59.099+0530] {logging_mixin.py:188} INFO - [2025-12-27T23:11:59.099+0530] {dag.py:3947} INFO - Setting next_dagrun for tutorial_taskflow_api to None, run_after=None
[2025-12-27T23:11:59.118+0530] {processor.py:183} INFO - Processing /home/sathya/projects/training-kit/.venv-airflow/lib/python3.10/site-packages/airflow/example_dags/tutorial_taskflow_api.py took 0.056 seconds
[2025-12-27T23:18:05.989+0530] {processor.py:161} INFO - Started process (PID=9347) to work on /home/sathya/projects/training-kit/.venv-airflow/lib/python3.10/site-packages/airflow/example_dags/tutorial_taskflow_api.py
[2025-12-27T23:18:05.990+0530] {processor.py:830} INFO - Processing file /home/sathya/projects/training-kit/.venv-airflow/lib/python3.10/site-packages/airflow/example_dags/tutorial_taskflow_api.py for tasks to queue
[2025-12-27T23:18:05.992+0530] {logging_mixin.py:188} INFO - [2025-12-27T23:18:05.992+0530] {dagbag.py:545} INFO - Filling up the DagBag from /home/sathya/projects/training-kit/.venv-airflow/lib/python3.10/site-packages/airflow/example_dags/tutorial_taskflow_api.py
[2025-12-27T23:18:05.999+0530] {processor.py:840} INFO - DAG(s) 'tutorial_taskflow_api' retrieved from /home/sathya/projects/training-kit/.venv-airflow/lib/python3.10/site-packages/airflow/example_dags/tutorial_taskflow_api.py
[2025-12-27T23:18:06.013+0530] {logging_mixin.py:188} INFO - [2025-12-27T23:18:06.013+0530] {dag.py:3089} INFO - Sync 1 DAGs
[2025-12-27T23:18:06.022+0530] {logging_mixin.py:188} INFO - [2025-12-27T23:18:06.022+0530] {dag.py:3947} INFO - Setting next_dagrun for tutorial_taskflow_api to None, run_after=None
[2025-12-27T23:18:06.043+0530] {processor.py:183} INFO - Processing /home/sathya/projects/training-kit/.venv-airflow/lib/python3.10/site-packages/airflow/example_dags/tutorial_taskflow_api.py took 0.060 seconds
[2025-12-27T23:25:18.336+0530] {processor.py:161} INFO - Started process (PID=10144) to work on /home/sathya/projects/training-kit/.venv-airflow/lib/python3.10/site-packages/airflow/example_dags/tutorial_taskflow_api.py
[2025-12-27T23:25:18.337+0530] {processor.py:830} INFO - Processing file /home/sathya/projects/training-kit/.venv-airflow/lib/python3.10/site-packages/airflow/example_dags/tutorial_taskflow_api.py for tasks to queue
[2025-12-27T23:25:18.339+0530] {logging_mixin.py:188} INFO - [2025-12-27T23:25:18.338+0530] {dagbag.py:545} INFO - Filling up the DagBag from /home/sathya/projects/training-kit/.venv-airflow/lib/python3.10/site-packages/airflow/example_dags/tutorial_taskflow_api.py
[2025-12-27T23:25:18.347+0530] {processor.py:840} INFO - DAG(s) 'tutorial_taskflow_api' retrieved from /home/sathya/projects/training-kit/.venv-airflow/lib/python3.10/site-packages/airflow/example_dags/tutorial_taskflow_api.py
[2025-12-27T23:25:18.359+0530] {logging_mixin.py:188} INFO - [2025-12-27T23:25:18.359+0530] {dag.py:3089} INFO - Sync 1 DAGs
[2025-12-27T23:25:18.368+0530] {logging_mixin.py:188} INFO - [2025-12-27T23:25:18.368+0530] {dag.py:3947} INFO - Setting next_dagrun for tutorial_taskflow_api to None, run_after=None
[2025-12-27T23:25:18.392+0530] {processor.py:183} INFO - Processing /home/sathya/projects/training-kit/.venv-airflow/lib/python3.10/site-packages/airflow/example_dags/tutorial_taskflow_api.py took 0.062 seconds
[2025-12-27T23:31:28.554+0530] {processor.py:161} INFO - Started process (PID=10837) to work on /home/sathya/projects/training-kit/.venv-airflow/lib/python3.10/site-packages/airflow/example_dags/tutorial_taskflow_api.py
[2025-12-27T23:31:28.560+0530] {processor.py:830} INFO - Processing file /home/sathya/projects/training-kit/.venv-airflow/lib/python3.10/site-packages/airflow/example_dags/tutorial_taskflow_api.py for tasks to queue
[2025-12-27T23:31:28.562+0530] {logging_mixin.py:188} INFO - [2025-12-27T23:31:28.561+0530] {dagbag.py:545} INFO - Filling up the DagBag from /home/sathya/projects/training-kit/.venv-airflow/lib/python3.10/site-packages/airflow/example_dags/tutorial_taskflow_api.py
[2025-12-27T23:31:28.568+0530] {processor.py:840} INFO - DAG(s) 'tutorial_taskflow_api' retrieved from /home/sathya/projects/training-kit/.venv-airflow/lib/python3.10/site-packages/airflow/example_dags/tutorial_taskflow_api.py
[2025-12-27T23:31:28.580+0530] {logging_mixin.py:188} INFO - [2025-12-27T23:31:28.580+0530] {dag.py:3089} INFO - Sync 1 DAGs
[2025-12-27T23:31:28.589+0530] {logging_mixin.py:188} INFO - [2025-12-27T23:31:28.588+0530] {dag.py:3947} INFO - Setting next_dagrun for tutorial_taskflow_api to None, run_after=None
[2025-12-27T23:31:28.608+0530] {processor.py:183} INFO - Processing /home/sathya/projects/training-kit/.venv-airflow/lib/python3.10/site-packages/airflow/example_dags/tutorial_taskflow_api.py took 0.059 seconds
[2025-12-27T23:37:50.121+0530] {processor.py:161} INFO - Started process (PID=11562) to work on /home/sathya/projects/training-kit/.venv-airflow/lib/python3.10/site-packages/airflow/example_dags/tutorial_taskflow_api.py
[2025-12-27T23:37:50.127+0530] {processor.py:830} INFO - Processing file /home/sathya/projects/training-kit/.venv-airflow/lib/python3.10/site-packages/airflow/example_dags/tutorial_taskflow_api.py for tasks to queue
[2025-12-27T23:37:50.129+0530] {logging_mixin.py:188} INFO - [2025-12-27T23:37:50.129+0530] {dagbag.py:545} INFO - Filling up the DagBag from /home/sathya/projects/training-kit/.venv-airflow/lib/python3.10/site-packages/airflow/example_dags/tutorial_taskflow_api.py
[2025-12-27T23:37:50.135+0530] {processor.py:840} INFO - DAG(s) 'tutorial_taskflow_api' retrieved from /home/sathya/projects/training-kit/.venv-airflow/lib/python3.10/site-packages/airflow/example_dags/tutorial_taskflow_api.py
[2025-12-27T23:37:50.148+0530] {logging_mixin.py:188} INFO - [2025-12-27T23:37:50.147+0530] {dag.py:3089} INFO - Sync 1 DAGs
[2025-12-27T23:37:50.156+0530] {logging_mixin.py:188} INFO - [2025-12-27T23:37:50.156+0530] {dag.py:3947} INFO - Setting next_dagrun for tutorial_taskflow_api to None, run_after=None
[2025-12-27T23:37:50.179+0530] {processor.py:183} INFO - Processing /home/sathya/projects/training-kit/.venv-airflow/lib/python3.10/site-packages/airflow/example_dags/tutorial_taskflow_api.py took 0.063 seconds
[2025-12-27T23:44:06.267+0530] {processor.py:161} INFO - Started process (PID=12281) to work on /home/sathya/projects/training-kit/.venv-airflow/lib/python3.10/site-packages/airflow/example_dags/tutorial_taskflow_api.py
[2025-12-27T23:44:06.268+0530] {processor.py:830} INFO - Processing file /home/sathya/projects/training-kit/.venv-airflow/lib/python3.10/site-packages/airflow/example_dags/tutorial_taskflow_api.py for tasks to queue
[2025-12-27T23:44:06.269+0530] {logging_mixin.py:188} INFO - [2025-12-27T23:44:06.269+0530] {dagbag.py:545} INFO - Filling up the DagBag from /home/sathya/projects/training-kit/.venv-airflow/lib/python3.10/site-packages/airflow/example_dags/tutorial_taskflow_api.py
[2025-12-27T23:44:06.278+0530] {processor.py:840} INFO - DAG(s) 'tutorial_taskflow_api' retrieved from /home/sathya/projects/training-kit/.venv-airflow/lib/python3.10/site-packages/airflow/example_dags/tutorial_taskflow_api.py
[2025-12-27T23:44:06.294+0530] {logging_mixin.py:188} INFO - [2025-12-27T23:44:06.294+0530] {dag.py:3089} INFO - Sync 1 DAGs
[2025-12-27T23:44:06.303+0530] {logging_mixin.py:188} INFO - [2025-12-27T23:44:06.302+0530] {dag.py:3947} INFO - Setting next_dagrun for tutorial_taskflow_api to None, run_after=None
[2025-12-27T23:44:06.325+0530] {processor.py:183} INFO - Processing /home/sathya/projects/training-kit/.venv-airflow/lib/python3.10/site-packages/airflow/example_dags/tutorial_taskflow_api.py took 0.064 seconds
[2025-12-27T23:51:40.974+0530] {processor.py:161} INFO - Started process (PID=13083) to work on /home/sathya/projects/training-kit/.venv-airflow/lib/python3.10/site-packages/airflow/example_dags/tutorial_taskflow_api.py
[2025-12-27T23:51:40.975+0530] {processor.py:830} INFO - Processing file /home/sathya/projects/training-kit/.venv-airflow/lib/python3.10/site-packages/airflow/example_dags/tutorial_taskflow_api.py for tasks to queue
[2025-12-27T23:51:40.977+0530] {logging_mixin.py:188} INFO - [2025-12-27T23:51:40.976+0530] {dagbag.py:545} INFO - Filling up the DagBag from /home/sathya/projects/training-kit/.venv-airflow/lib/python3.10/site-packages/airflow/example_dags/tutorial_taskflow_api.py
[2025-12-27T23:51:40.985+0530] {processor.py:840} INFO - DAG(s) 'tutorial_taskflow_api' retrieved from /home/sathya/projects/training-kit/.venv-airflow/lib/python3.10/site-packages/airflow/example_dags/tutorial_taskflow_api.py
[2025-12-27T23:51:41.004+0530] {logging_mixin.py:188} INFO - [2025-12-27T23:51:41.003+0530] {dag.py:3089} INFO - Sync 1 DAGs
[2025-12-27T23:51:41.016+0530] {logging_mixin.py:188} INFO - [2025-12-27T23:51:41.016+0530] {dag.py:3947} INFO - Setting next_dagrun for tutorial_taskflow_api to None, run_after=None
[2025-12-27T23:51:41.039+0530] {processor.py:183} INFO - Processing /home/sathya/projects/training-kit/.venv-airflow/lib/python3.10/site-packages/airflow/example_dags/tutorial_taskflow_api.py took 0.070 seconds
