[2025-12-27T19:13:58.808+0530] {processor.py:161} INFO - Started process (PID=769) to work on /home/sathya/projects/training-kit/.venv-airflow/lib/python3.10/site-packages/airflow/example_dags/tutorial_dag.py
[2025-12-27T19:13:58.811+0530] {processor.py:830} INFO - Processing file /home/sathya/projects/training-kit/.venv-airflow/lib/python3.10/site-packages/airflow/example_dags/tutorial_dag.py for tasks to queue
[2025-12-27T19:13:58.815+0530] {logging_mixin.py:188} INFO - [2025-12-27T19:13:58.814+0530] {dagbag.py:545} INFO - Filling up the DagBag from /home/sathya/projects/training-kit/.venv-airflow/lib/python3.10/site-packages/airflow/example_dags/tutorial_dag.py
[2025-12-27T19:13:58.828+0530] {processor.py:840} INFO - DAG(s) 'tutorial_dag' retrieved from /home/sathya/projects/training-kit/.venv-airflow/lib/python3.10/site-packages/airflow/example_dags/tutorial_dag.py
[2025-12-27T19:13:58.856+0530] {logging_mixin.py:188} INFO - [2025-12-27T19:13:58.856+0530] {dag.py:3089} INFO - Sync 1 DAGs
[2025-12-27T19:13:58.872+0530] {logging_mixin.py:188} INFO - [2025-12-27T19:13:58.872+0530] {dag.py:3947} INFO - Setting next_dagrun for tutorial_dag to None, run_after=None
[2025-12-27T19:13:58.910+0530] {processor.py:183} INFO - Processing /home/sathya/projects/training-kit/.venv-airflow/lib/python3.10/site-packages/airflow/example_dags/tutorial_dag.py took 0.112 seconds
[2025-12-27T19:29:48.640+0530] {processor.py:161} INFO - Started process (PID=1230) to work on /home/sathya/projects/training-kit/.venv-airflow/lib/python3.10/site-packages/airflow/example_dags/tutorial_dag.py
[2025-12-27T19:29:48.642+0530] {processor.py:830} INFO - Processing file /home/sathya/projects/training-kit/.venv-airflow/lib/python3.10/site-packages/airflow/example_dags/tutorial_dag.py for tasks to queue
[2025-12-27T19:29:48.644+0530] {logging_mixin.py:188} INFO - [2025-12-27T19:29:48.643+0530] {dagbag.py:545} INFO - Filling up the DagBag from /home/sathya/projects/training-kit/.venv-airflow/lib/python3.10/site-packages/airflow/example_dags/tutorial_dag.py
[2025-12-27T19:29:48.650+0530] {processor.py:840} INFO - DAG(s) 'tutorial_dag' retrieved from /home/sathya/projects/training-kit/.venv-airflow/lib/python3.10/site-packages/airflow/example_dags/tutorial_dag.py
[2025-12-27T19:29:48.667+0530] {logging_mixin.py:188} INFO - [2025-12-27T19:29:48.666+0530] {dag.py:3089} INFO - Sync 1 DAGs
[2025-12-27T19:29:48.679+0530] {logging_mixin.py:188} INFO - [2025-12-27T19:29:48.679+0530] {dag.py:3947} INFO - Setting next_dagrun for tutorial_dag to None, run_after=None
[2025-12-27T19:29:48.706+0530] {processor.py:183} INFO - Processing /home/sathya/projects/training-kit/.venv-airflow/lib/python3.10/site-packages/airflow/example_dags/tutorial_dag.py took 0.074 seconds
[2025-12-27T19:38:34.447+0530] {processor.py:161} INFO - Started process (PID=1562) to work on /home/sathya/projects/training-kit/.venv-airflow/lib/python3.10/site-packages/airflow/example_dags/tutorial_dag.py
[2025-12-27T19:38:34.449+0530] {processor.py:830} INFO - Processing file /home/sathya/projects/training-kit/.venv-airflow/lib/python3.10/site-packages/airflow/example_dags/tutorial_dag.py for tasks to queue
[2025-12-27T19:38:34.452+0530] {logging_mixin.py:188} INFO - [2025-12-27T19:38:34.451+0530] {dagbag.py:545} INFO - Filling up the DagBag from /home/sathya/projects/training-kit/.venv-airflow/lib/python3.10/site-packages/airflow/example_dags/tutorial_dag.py
[2025-12-27T19:38:34.464+0530] {processor.py:840} INFO - DAG(s) 'tutorial_dag' retrieved from /home/sathya/projects/training-kit/.venv-airflow/lib/python3.10/site-packages/airflow/example_dags/tutorial_dag.py
[2025-12-27T19:38:34.487+0530] {logging_mixin.py:188} INFO - [2025-12-27T19:38:34.487+0530] {dag.py:3089} INFO - Sync 1 DAGs
[2025-12-27T19:38:34.504+0530] {logging_mixin.py:188} INFO - [2025-12-27T19:38:34.504+0530] {dag.py:3947} INFO - Setting next_dagrun for tutorial_dag to None, run_after=None
[2025-12-27T19:38:34.540+0530] {processor.py:183} INFO - Processing /home/sathya/projects/training-kit/.venv-airflow/lib/python3.10/site-packages/airflow/example_dags/tutorial_dag.py took 0.105 seconds
[2025-12-27T19:47:30.417+0530] {processor.py:161} INFO - Started process (PID=1896) to work on /home/sathya/projects/training-kit/.venv-airflow/lib/python3.10/site-packages/airflow/example_dags/tutorial_dag.py
[2025-12-27T19:47:30.419+0530] {processor.py:830} INFO - Processing file /home/sathya/projects/training-kit/.venv-airflow/lib/python3.10/site-packages/airflow/example_dags/tutorial_dag.py for tasks to queue
[2025-12-27T19:47:30.420+0530] {logging_mixin.py:188} INFO - [2025-12-27T19:47:30.420+0530] {dagbag.py:545} INFO - Filling up the DagBag from /home/sathya/projects/training-kit/.venv-airflow/lib/python3.10/site-packages/airflow/example_dags/tutorial_dag.py
[2025-12-27T19:47:30.426+0530] {processor.py:840} INFO - DAG(s) 'tutorial_dag' retrieved from /home/sathya/projects/training-kit/.venv-airflow/lib/python3.10/site-packages/airflow/example_dags/tutorial_dag.py
[2025-12-27T19:47:30.444+0530] {logging_mixin.py:188} INFO - [2025-12-27T19:47:30.444+0530] {dag.py:3089} INFO - Sync 1 DAGs
[2025-12-27T19:47:30.457+0530] {logging_mixin.py:188} INFO - [2025-12-27T19:47:30.457+0530] {dag.py:3947} INFO - Setting next_dagrun for tutorial_dag to None, run_after=None
[2025-12-27T19:47:30.483+0530] {processor.py:183} INFO - Processing /home/sathya/projects/training-kit/.venv-airflow/lib/python3.10/site-packages/airflow/example_dags/tutorial_dag.py took 0.075 seconds
[2025-12-27T19:55:39.672+0530] {processor.py:161} INFO - Started process (PID=2223) to work on /home/sathya/projects/training-kit/.venv-airflow/lib/python3.10/site-packages/airflow/example_dags/tutorial_dag.py
[2025-12-27T19:55:39.673+0530] {processor.py:830} INFO - Processing file /home/sathya/projects/training-kit/.venv-airflow/lib/python3.10/site-packages/airflow/example_dags/tutorial_dag.py for tasks to queue
[2025-12-27T19:55:39.675+0530] {logging_mixin.py:188} INFO - [2025-12-27T19:55:39.675+0530] {dagbag.py:545} INFO - Filling up the DagBag from /home/sathya/projects/training-kit/.venv-airflow/lib/python3.10/site-packages/airflow/example_dags/tutorial_dag.py
[2025-12-27T19:55:39.681+0530] {processor.py:840} INFO - DAG(s) 'tutorial_dag' retrieved from /home/sathya/projects/training-kit/.venv-airflow/lib/python3.10/site-packages/airflow/example_dags/tutorial_dag.py
[2025-12-27T19:55:39.697+0530] {logging_mixin.py:188} INFO - [2025-12-27T19:55:39.697+0530] {dag.py:3089} INFO - Sync 1 DAGs
[2025-12-27T19:55:39.707+0530] {logging_mixin.py:188} INFO - [2025-12-27T19:55:39.707+0530] {dag.py:3947} INFO - Setting next_dagrun for tutorial_dag to None, run_after=None
[2025-12-27T19:55:39.735+0530] {processor.py:183} INFO - Processing /home/sathya/projects/training-kit/.venv-airflow/lib/python3.10/site-packages/airflow/example_dags/tutorial_dag.py took 0.070 seconds
[2025-12-27T20:04:02.603+0530] {processor.py:161} INFO - Started process (PID=2564) to work on /home/sathya/projects/training-kit/.venv-airflow/lib/python3.10/site-packages/airflow/example_dags/tutorial_dag.py
[2025-12-27T20:04:02.605+0530] {processor.py:830} INFO - Processing file /home/sathya/projects/training-kit/.venv-airflow/lib/python3.10/site-packages/airflow/example_dags/tutorial_dag.py for tasks to queue
[2025-12-27T20:04:02.608+0530] {logging_mixin.py:188} INFO - [2025-12-27T20:04:02.608+0530] {dagbag.py:545} INFO - Filling up the DagBag from /home/sathya/projects/training-kit/.venv-airflow/lib/python3.10/site-packages/airflow/example_dags/tutorial_dag.py
[2025-12-27T20:04:02.618+0530] {processor.py:840} INFO - DAG(s) 'tutorial_dag' retrieved from /home/sathya/projects/training-kit/.venv-airflow/lib/python3.10/site-packages/airflow/example_dags/tutorial_dag.py
[2025-12-27T20:04:02.637+0530] {logging_mixin.py:188} INFO - [2025-12-27T20:04:02.636+0530] {dag.py:3089} INFO - Sync 1 DAGs
[2025-12-27T20:04:02.652+0530] {logging_mixin.py:188} INFO - [2025-12-27T20:04:02.651+0530] {dag.py:3947} INFO - Setting next_dagrun for tutorial_dag to None, run_after=None
[2025-12-27T20:04:02.682+0530] {processor.py:183} INFO - Processing /home/sathya/projects/training-kit/.venv-airflow/lib/python3.10/site-packages/airflow/example_dags/tutorial_dag.py took 0.090 seconds
[2025-12-27T20:12:02.755+0530] {processor.py:161} INFO - Started process (PID=2908) to work on /home/sathya/projects/training-kit/.venv-airflow/lib/python3.10/site-packages/airflow/example_dags/tutorial_dag.py
[2025-12-27T20:12:02.756+0530] {processor.py:830} INFO - Processing file /home/sathya/projects/training-kit/.venv-airflow/lib/python3.10/site-packages/airflow/example_dags/tutorial_dag.py for tasks to queue
[2025-12-27T20:12:02.758+0530] {logging_mixin.py:188} INFO - [2025-12-27T20:12:02.757+0530] {dagbag.py:545} INFO - Filling up the DagBag from /home/sathya/projects/training-kit/.venv-airflow/lib/python3.10/site-packages/airflow/example_dags/tutorial_dag.py
[2025-12-27T20:12:02.763+0530] {processor.py:840} INFO - DAG(s) 'tutorial_dag' retrieved from /home/sathya/projects/training-kit/.venv-airflow/lib/python3.10/site-packages/airflow/example_dags/tutorial_dag.py
[2025-12-27T20:12:02.779+0530] {logging_mixin.py:188} INFO - [2025-12-27T20:12:02.779+0530] {dag.py:3089} INFO - Sync 1 DAGs
[2025-12-27T20:12:02.790+0530] {logging_mixin.py:188} INFO - [2025-12-27T20:12:02.790+0530] {dag.py:3947} INFO - Setting next_dagrun for tutorial_dag to None, run_after=None
[2025-12-27T20:12:02.814+0530] {processor.py:183} INFO - Processing /home/sathya/projects/training-kit/.venv-airflow/lib/python3.10/site-packages/airflow/example_dags/tutorial_dag.py took 0.066 seconds
[2025-12-27T20:19:14.938+0530] {processor.py:161} INFO - Started process (PID=3209) to work on /home/sathya/projects/training-kit/.venv-airflow/lib/python3.10/site-packages/airflow/example_dags/tutorial_dag.py
[2025-12-27T20:19:14.939+0530] {processor.py:830} INFO - Processing file /home/sathya/projects/training-kit/.venv-airflow/lib/python3.10/site-packages/airflow/example_dags/tutorial_dag.py for tasks to queue
[2025-12-27T20:19:14.941+0530] {logging_mixin.py:188} INFO - [2025-12-27T20:19:14.940+0530] {dagbag.py:545} INFO - Filling up the DagBag from /home/sathya/projects/training-kit/.venv-airflow/lib/python3.10/site-packages/airflow/example_dags/tutorial_dag.py
[2025-12-27T20:19:14.947+0530] {processor.py:840} INFO - DAG(s) 'tutorial_dag' retrieved from /home/sathya/projects/training-kit/.venv-airflow/lib/python3.10/site-packages/airflow/example_dags/tutorial_dag.py
[2025-12-27T20:19:14.964+0530] {logging_mixin.py:188} INFO - [2025-12-27T20:19:14.964+0530] {dag.py:3089} INFO - Sync 1 DAGs
[2025-12-27T20:19:14.975+0530] {logging_mixin.py:188} INFO - [2025-12-27T20:19:14.974+0530] {dag.py:3947} INFO - Setting next_dagrun for tutorial_dag to None, run_after=None
[2025-12-27T20:19:14.999+0530] {processor.py:183} INFO - Processing /home/sathya/projects/training-kit/.venv-airflow/lib/python3.10/site-packages/airflow/example_dags/tutorial_dag.py took 0.068 seconds
[2025-12-27T20:25:33.733+0530] {processor.py:161} INFO - Started process (PID=3496) to work on /home/sathya/projects/training-kit/.venv-airflow/lib/python3.10/site-packages/airflow/example_dags/tutorial_dag.py
[2025-12-27T20:25:33.735+0530] {processor.py:830} INFO - Processing file /home/sathya/projects/training-kit/.venv-airflow/lib/python3.10/site-packages/airflow/example_dags/tutorial_dag.py for tasks to queue
[2025-12-27T20:25:33.737+0530] {logging_mixin.py:188} INFO - [2025-12-27T20:25:33.736+0530] {dagbag.py:545} INFO - Filling up the DagBag from /home/sathya/projects/training-kit/.venv-airflow/lib/python3.10/site-packages/airflow/example_dags/tutorial_dag.py
[2025-12-27T20:25:33.744+0530] {processor.py:840} INFO - DAG(s) 'tutorial_dag' retrieved from /home/sathya/projects/training-kit/.venv-airflow/lib/python3.10/site-packages/airflow/example_dags/tutorial_dag.py
[2025-12-27T20:25:33.759+0530] {logging_mixin.py:188} INFO - [2025-12-27T20:25:33.759+0530] {dag.py:3089} INFO - Sync 1 DAGs
[2025-12-27T20:25:33.770+0530] {logging_mixin.py:188} INFO - [2025-12-27T20:25:33.770+0530] {dag.py:3947} INFO - Setting next_dagrun for tutorial_dag to None, run_after=None
[2025-12-27T20:25:33.793+0530] {processor.py:183} INFO - Processing /home/sathya/projects/training-kit/.venv-airflow/lib/python3.10/site-packages/airflow/example_dags/tutorial_dag.py took 0.066 seconds
[2025-12-27T20:32:36.847+0530] {processor.py:161} INFO - Started process (PID=3803) to work on /home/sathya/projects/training-kit/.venv-airflow/lib/python3.10/site-packages/airflow/example_dags/tutorial_dag.py
[2025-12-27T20:32:36.849+0530] {processor.py:830} INFO - Processing file /home/sathya/projects/training-kit/.venv-airflow/lib/python3.10/site-packages/airflow/example_dags/tutorial_dag.py for tasks to queue
[2025-12-27T20:32:36.851+0530] {logging_mixin.py:188} INFO - [2025-12-27T20:32:36.851+0530] {dagbag.py:545} INFO - Filling up the DagBag from /home/sathya/projects/training-kit/.venv-airflow/lib/python3.10/site-packages/airflow/example_dags/tutorial_dag.py
[2025-12-27T20:32:36.864+0530] {processor.py:840} INFO - DAG(s) 'tutorial_dag' retrieved from /home/sathya/projects/training-kit/.venv-airflow/lib/python3.10/site-packages/airflow/example_dags/tutorial_dag.py
[2025-12-27T20:32:36.885+0530] {logging_mixin.py:188} INFO - [2025-12-27T20:32:36.885+0530] {dag.py:3089} INFO - Sync 1 DAGs
[2025-12-27T20:32:36.900+0530] {logging_mixin.py:188} INFO - [2025-12-27T20:32:36.900+0530] {dag.py:3947} INFO - Setting next_dagrun for tutorial_dag to None, run_after=None
[2025-12-27T20:32:36.928+0530] {processor.py:183} INFO - Processing /home/sathya/projects/training-kit/.venv-airflow/lib/python3.10/site-packages/airflow/example_dags/tutorial_dag.py took 0.093 seconds
[2025-12-27T20:39:58.963+0530] {processor.py:161} INFO - Started process (PID=4099) to work on /home/sathya/projects/training-kit/.venv-airflow/lib/python3.10/site-packages/airflow/example_dags/tutorial_dag.py
[2025-12-27T20:39:58.968+0530] {processor.py:830} INFO - Processing file /home/sathya/projects/training-kit/.venv-airflow/lib/python3.10/site-packages/airflow/example_dags/tutorial_dag.py for tasks to queue
[2025-12-27T20:39:58.970+0530] {logging_mixin.py:188} INFO - [2025-12-27T20:39:58.970+0530] {dagbag.py:545} INFO - Filling up the DagBag from /home/sathya/projects/training-kit/.venv-airflow/lib/python3.10/site-packages/airflow/example_dags/tutorial_dag.py
[2025-12-27T20:39:58.977+0530] {processor.py:840} INFO - DAG(s) 'tutorial_dag' retrieved from /home/sathya/projects/training-kit/.venv-airflow/lib/python3.10/site-packages/airflow/example_dags/tutorial_dag.py
[2025-12-27T20:39:58.992+0530] {logging_mixin.py:188} INFO - [2025-12-27T20:39:58.992+0530] {dag.py:3089} INFO - Sync 1 DAGs
[2025-12-27T20:39:59.003+0530] {logging_mixin.py:188} INFO - [2025-12-27T20:39:59.002+0530] {dag.py:3947} INFO - Setting next_dagrun for tutorial_dag to None, run_after=None
[2025-12-27T20:39:59.026+0530] {processor.py:183} INFO - Processing /home/sathya/projects/training-kit/.venv-airflow/lib/python3.10/site-packages/airflow/example_dags/tutorial_dag.py took 0.070 seconds
[2025-12-27T20:48:34.571+0530] {processor.py:161} INFO - Started process (PID=4437) to work on /home/sathya/projects/training-kit/.venv-airflow/lib/python3.10/site-packages/airflow/example_dags/tutorial_dag.py
[2025-12-27T20:48:34.572+0530] {processor.py:830} INFO - Processing file /home/sathya/projects/training-kit/.venv-airflow/lib/python3.10/site-packages/airflow/example_dags/tutorial_dag.py for tasks to queue
[2025-12-27T20:48:34.574+0530] {logging_mixin.py:188} INFO - [2025-12-27T20:48:34.574+0530] {dagbag.py:545} INFO - Filling up the DagBag from /home/sathya/projects/training-kit/.venv-airflow/lib/python3.10/site-packages/airflow/example_dags/tutorial_dag.py
[2025-12-27T20:48:34.580+0530] {processor.py:840} INFO - DAG(s) 'tutorial_dag' retrieved from /home/sathya/projects/training-kit/.venv-airflow/lib/python3.10/site-packages/airflow/example_dags/tutorial_dag.py
[2025-12-27T20:48:34.596+0530] {logging_mixin.py:188} INFO - [2025-12-27T20:48:34.596+0530] {dag.py:3089} INFO - Sync 1 DAGs
[2025-12-27T20:48:34.606+0530] {logging_mixin.py:188} INFO - [2025-12-27T20:48:34.606+0530] {dag.py:3947} INFO - Setting next_dagrun for tutorial_dag to None, run_after=None
[2025-12-27T20:48:34.631+0530] {processor.py:183} INFO - Processing /home/sathya/projects/training-kit/.venv-airflow/lib/python3.10/site-packages/airflow/example_dags/tutorial_dag.py took 0.067 seconds
[2025-12-27T21:50:20.132+0530] {processor.py:161} INFO - Started process (PID=4846) to work on /home/sathya/projects/training-kit/.venv-airflow/lib/python3.10/site-packages/airflow/example_dags/tutorial_dag.py
[2025-12-27T21:50:20.138+0530] {processor.py:830} INFO - Processing file /home/sathya/projects/training-kit/.venv-airflow/lib/python3.10/site-packages/airflow/example_dags/tutorial_dag.py for tasks to queue
[2025-12-27T21:50:20.140+0530] {logging_mixin.py:188} INFO - [2025-12-27T21:50:20.139+0530] {dagbag.py:545} INFO - Filling up the DagBag from /home/sathya/projects/training-kit/.venv-airflow/lib/python3.10/site-packages/airflow/example_dags/tutorial_dag.py
[2025-12-27T21:50:20.147+0530] {processor.py:840} INFO - DAG(s) 'tutorial_dag' retrieved from /home/sathya/projects/training-kit/.venv-airflow/lib/python3.10/site-packages/airflow/example_dags/tutorial_dag.py
[2025-12-27T21:50:20.167+0530] {logging_mixin.py:188} INFO - [2025-12-27T21:50:20.166+0530] {dag.py:3089} INFO - Sync 1 DAGs
[2025-12-27T21:50:20.181+0530] {logging_mixin.py:188} INFO - [2025-12-27T21:50:20.180+0530] {dag.py:3947} INFO - Setting next_dagrun for tutorial_dag to None, run_after=None
[2025-12-27T21:50:20.207+0530] {processor.py:183} INFO - Processing /home/sathya/projects/training-kit/.venv-airflow/lib/python3.10/site-packages/airflow/example_dags/tutorial_dag.py took 0.081 seconds
[2025-12-27T21:59:46.138+0530] {processor.py:161} INFO - Started process (PID=5320) to work on /home/sathya/projects/training-kit/.venv-airflow/lib/python3.10/site-packages/airflow/example_dags/tutorial_dag.py
[2025-12-27T21:59:46.140+0530] {processor.py:830} INFO - Processing file /home/sathya/projects/training-kit/.venv-airflow/lib/python3.10/site-packages/airflow/example_dags/tutorial_dag.py for tasks to queue
[2025-12-27T21:59:46.141+0530] {logging_mixin.py:188} INFO - [2025-12-27T21:59:46.141+0530] {dagbag.py:545} INFO - Filling up the DagBag from /home/sathya/projects/training-kit/.venv-airflow/lib/python3.10/site-packages/airflow/example_dags/tutorial_dag.py
[2025-12-27T21:59:46.148+0530] {processor.py:840} INFO - DAG(s) 'tutorial_dag' retrieved from /home/sathya/projects/training-kit/.venv-airflow/lib/python3.10/site-packages/airflow/example_dags/tutorial_dag.py
[2025-12-27T21:59:46.163+0530] {logging_mixin.py:188} INFO - [2025-12-27T21:59:46.163+0530] {dag.py:3089} INFO - Sync 1 DAGs
[2025-12-27T21:59:46.173+0530] {logging_mixin.py:188} INFO - [2025-12-27T21:59:46.173+0530] {dag.py:3947} INFO - Setting next_dagrun for tutorial_dag to None, run_after=None
[2025-12-27T21:59:46.198+0530] {processor.py:183} INFO - Processing /home/sathya/projects/training-kit/.venv-airflow/lib/python3.10/site-packages/airflow/example_dags/tutorial_dag.py took 0.065 seconds
[2025-12-27T22:14:07.988+0530] {processor.py:161} INFO - Started process (PID=5749) to work on /home/sathya/projects/training-kit/.venv-airflow/lib/python3.10/site-packages/airflow/example_dags/tutorial_dag.py
[2025-12-27T22:14:07.995+0530] {processor.py:830} INFO - Processing file /home/sathya/projects/training-kit/.venv-airflow/lib/python3.10/site-packages/airflow/example_dags/tutorial_dag.py for tasks to queue
[2025-12-27T22:14:07.999+0530] {logging_mixin.py:188} INFO - [2025-12-27T22:14:07.998+0530] {dagbag.py:545} INFO - Filling up the DagBag from /home/sathya/projects/training-kit/.venv-airflow/lib/python3.10/site-packages/airflow/example_dags/tutorial_dag.py
[2025-12-27T22:14:08.014+0530] {processor.py:840} INFO - DAG(s) 'tutorial_dag' retrieved from /home/sathya/projects/training-kit/.venv-airflow/lib/python3.10/site-packages/airflow/example_dags/tutorial_dag.py
[2025-12-27T22:14:08.049+0530] {logging_mixin.py:188} INFO - [2025-12-27T22:14:08.049+0530] {dag.py:3089} INFO - Sync 1 DAGs
[2025-12-27T22:14:08.074+0530] {logging_mixin.py:188} INFO - [2025-12-27T22:14:08.073+0530] {dag.py:3947} INFO - Setting next_dagrun for tutorial_dag to None, run_after=None
[2025-12-27T22:14:08.136+0530] {processor.py:183} INFO - Processing /home/sathya/projects/training-kit/.venv-airflow/lib/python3.10/site-packages/airflow/example_dags/tutorial_dag.py took 0.163 seconds
[2025-12-27T22:30:03.391+0530] {processor.py:161} INFO - Started process (PID=6215) to work on /home/sathya/projects/training-kit/.venv-airflow/lib/python3.10/site-packages/airflow/example_dags/tutorial_dag.py
[2025-12-27T22:30:03.393+0530] {processor.py:830} INFO - Processing file /home/sathya/projects/training-kit/.venv-airflow/lib/python3.10/site-packages/airflow/example_dags/tutorial_dag.py for tasks to queue
[2025-12-27T22:30:03.394+0530] {logging_mixin.py:188} INFO - [2025-12-27T22:30:03.394+0530] {dagbag.py:545} INFO - Filling up the DagBag from /home/sathya/projects/training-kit/.venv-airflow/lib/python3.10/site-packages/airflow/example_dags/tutorial_dag.py
[2025-12-27T22:30:03.399+0530] {processor.py:840} INFO - DAG(s) 'tutorial_dag' retrieved from /home/sathya/projects/training-kit/.venv-airflow/lib/python3.10/site-packages/airflow/example_dags/tutorial_dag.py
[2025-12-27T22:30:03.410+0530] {logging_mixin.py:188} INFO - [2025-12-27T22:30:03.410+0530] {dag.py:3089} INFO - Sync 1 DAGs
[2025-12-27T22:30:03.418+0530] {logging_mixin.py:188} INFO - [2025-12-27T22:30:03.418+0530] {dag.py:3947} INFO - Setting next_dagrun for tutorial_dag to None, run_after=None
[2025-12-27T22:30:03.437+0530] {processor.py:183} INFO - Processing /home/sathya/projects/training-kit/.venv-airflow/lib/python3.10/site-packages/airflow/example_dags/tutorial_dag.py took 0.050 seconds
[2025-12-27T22:35:31.196+0530] {processor.py:161} INFO - Started process (PID=6526) to work on /home/sathya/projects/training-kit/.venv-airflow/lib/python3.10/site-packages/airflow/example_dags/tutorial_dag.py
[2025-12-27T22:35:31.197+0530] {processor.py:830} INFO - Processing file /home/sathya/projects/training-kit/.venv-airflow/lib/python3.10/site-packages/airflow/example_dags/tutorial_dag.py for tasks to queue
[2025-12-27T22:35:31.198+0530] {logging_mixin.py:188} INFO - [2025-12-27T22:35:31.198+0530] {dagbag.py:545} INFO - Filling up the DagBag from /home/sathya/projects/training-kit/.venv-airflow/lib/python3.10/site-packages/airflow/example_dags/tutorial_dag.py
[2025-12-27T22:35:31.202+0530] {processor.py:840} INFO - DAG(s) 'tutorial_dag' retrieved from /home/sathya/projects/training-kit/.venv-airflow/lib/python3.10/site-packages/airflow/example_dags/tutorial_dag.py
[2025-12-27T22:35:31.215+0530] {logging_mixin.py:188} INFO - [2025-12-27T22:35:31.215+0530] {dag.py:3089} INFO - Sync 1 DAGs
[2025-12-27T22:35:31.223+0530] {logging_mixin.py:188} INFO - [2025-12-27T22:35:31.223+0530] {dag.py:3947} INFO - Setting next_dagrun for tutorial_dag to None, run_after=None
[2025-12-27T22:35:31.242+0530] {processor.py:183} INFO - Processing /home/sathya/projects/training-kit/.venv-airflow/lib/python3.10/site-packages/airflow/example_dags/tutorial_dag.py took 0.050 seconds
[2025-12-27T22:40:02.172+0530] {processor.py:161} INFO - Started process (PID=6803) to work on /home/sathya/projects/training-kit/.venv-airflow/lib/python3.10/site-packages/airflow/example_dags/tutorial_dag.py
[2025-12-27T22:40:02.177+0530] {processor.py:830} INFO - Processing file /home/sathya/projects/training-kit/.venv-airflow/lib/python3.10/site-packages/airflow/example_dags/tutorial_dag.py for tasks to queue
[2025-12-27T22:40:02.179+0530] {logging_mixin.py:188} INFO - [2025-12-27T22:40:02.179+0530] {dagbag.py:545} INFO - Filling up the DagBag from /home/sathya/projects/training-kit/.venv-airflow/lib/python3.10/site-packages/airflow/example_dags/tutorial_dag.py
[2025-12-27T22:40:02.185+0530] {processor.py:840} INFO - DAG(s) 'tutorial_dag' retrieved from /home/sathya/projects/training-kit/.venv-airflow/lib/python3.10/site-packages/airflow/example_dags/tutorial_dag.py
[2025-12-27T22:40:02.197+0530] {logging_mixin.py:188} INFO - [2025-12-27T22:40:02.196+0530] {dag.py:3089} INFO - Sync 1 DAGs
[2025-12-27T22:40:02.204+0530] {logging_mixin.py:188} INFO - [2025-12-27T22:40:02.204+0530] {dag.py:3947} INFO - Setting next_dagrun for tutorial_dag to None, run_after=None
[2025-12-27T22:40:02.223+0530] {processor.py:183} INFO - Processing /home/sathya/projects/training-kit/.venv-airflow/lib/python3.10/site-packages/airflow/example_dags/tutorial_dag.py took 0.056 seconds
[2025-12-27T22:45:45.512+0530] {processor.py:161} INFO - Started process (PID=7107) to work on /home/sathya/projects/training-kit/.venv-airflow/lib/python3.10/site-packages/airflow/example_dags/tutorial_dag.py
[2025-12-27T22:45:45.518+0530] {processor.py:830} INFO - Processing file /home/sathya/projects/training-kit/.venv-airflow/lib/python3.10/site-packages/airflow/example_dags/tutorial_dag.py for tasks to queue
[2025-12-27T22:45:45.521+0530] {logging_mixin.py:188} INFO - [2025-12-27T22:45:45.520+0530] {dagbag.py:545} INFO - Filling up the DagBag from /home/sathya/projects/training-kit/.venv-airflow/lib/python3.10/site-packages/airflow/example_dags/tutorial_dag.py
[2025-12-27T22:45:45.529+0530] {processor.py:840} INFO - DAG(s) 'tutorial_dag' retrieved from /home/sathya/projects/training-kit/.venv-airflow/lib/python3.10/site-packages/airflow/example_dags/tutorial_dag.py
[2025-12-27T22:45:45.544+0530] {logging_mixin.py:188} INFO - [2025-12-27T22:45:45.544+0530] {dag.py:3089} INFO - Sync 1 DAGs
[2025-12-27T22:45:45.556+0530] {logging_mixin.py:188} INFO - [2025-12-27T22:45:45.556+0530] {dag.py:3947} INFO - Setting next_dagrun for tutorial_dag to None, run_after=None
[2025-12-27T22:45:45.577+0530] {processor.py:183} INFO - Processing /home/sathya/projects/training-kit/.venv-airflow/lib/python3.10/site-packages/airflow/example_dags/tutorial_dag.py took 0.075 seconds
[2025-12-27T22:51:54.814+0530] {processor.py:161} INFO - Started process (PID=7436) to work on /home/sathya/projects/training-kit/.venv-airflow/lib/python3.10/site-packages/airflow/example_dags/tutorial_dag.py
[2025-12-27T22:51:54.815+0530] {processor.py:830} INFO - Processing file /home/sathya/projects/training-kit/.venv-airflow/lib/python3.10/site-packages/airflow/example_dags/tutorial_dag.py for tasks to queue
[2025-12-27T22:51:54.816+0530] {logging_mixin.py:188} INFO - [2025-12-27T22:51:54.816+0530] {dagbag.py:545} INFO - Filling up the DagBag from /home/sathya/projects/training-kit/.venv-airflow/lib/python3.10/site-packages/airflow/example_dags/tutorial_dag.py
[2025-12-27T22:51:54.821+0530] {processor.py:840} INFO - DAG(s) 'tutorial_dag' retrieved from /home/sathya/projects/training-kit/.venv-airflow/lib/python3.10/site-packages/airflow/example_dags/tutorial_dag.py
[2025-12-27T22:51:54.833+0530] {logging_mixin.py:188} INFO - [2025-12-27T22:51:54.833+0530] {dag.py:3089} INFO - Sync 1 DAGs
[2025-12-27T22:51:54.841+0530] {logging_mixin.py:188} INFO - [2025-12-27T22:51:54.841+0530] {dag.py:3947} INFO - Setting next_dagrun for tutorial_dag to None, run_after=None
[2025-12-27T22:51:54.860+0530] {processor.py:183} INFO - Processing /home/sathya/projects/training-kit/.venv-airflow/lib/python3.10/site-packages/airflow/example_dags/tutorial_dag.py took 0.051 seconds
[2025-12-27T22:58:37.972+0530] {processor.py:161} INFO - Started process (PID=7852) to work on /home/sathya/projects/training-kit/.venv-airflow/lib/python3.10/site-packages/airflow/example_dags/tutorial_dag.py
[2025-12-27T22:58:37.973+0530] {processor.py:830} INFO - Processing file /home/sathya/projects/training-kit/.venv-airflow/lib/python3.10/site-packages/airflow/example_dags/tutorial_dag.py for tasks to queue
[2025-12-27T22:58:37.974+0530] {logging_mixin.py:188} INFO - [2025-12-27T22:58:37.974+0530] {dagbag.py:545} INFO - Filling up the DagBag from /home/sathya/projects/training-kit/.venv-airflow/lib/python3.10/site-packages/airflow/example_dags/tutorial_dag.py
[2025-12-27T22:58:37.979+0530] {processor.py:840} INFO - DAG(s) 'tutorial_dag' retrieved from /home/sathya/projects/training-kit/.venv-airflow/lib/python3.10/site-packages/airflow/example_dags/tutorial_dag.py
[2025-12-27T22:58:37.996+0530] {logging_mixin.py:188} INFO - [2025-12-27T22:58:37.996+0530] {dag.py:3089} INFO - Sync 1 DAGs
[2025-12-27T22:58:38.008+0530] {logging_mixin.py:188} INFO - [2025-12-27T22:58:38.007+0530] {dag.py:3947} INFO - Setting next_dagrun for tutorial_dag to None, run_after=None
[2025-12-27T22:58:38.028+0530] {processor.py:183} INFO - Processing /home/sathya/projects/training-kit/.venv-airflow/lib/python3.10/site-packages/airflow/example_dags/tutorial_dag.py took 0.064 seconds
[2025-12-27T23:04:33.751+0530] {processor.py:161} INFO - Started process (PID=8209) to work on /home/sathya/projects/training-kit/.venv-airflow/lib/python3.10/site-packages/airflow/example_dags/tutorial_dag.py
[2025-12-27T23:04:33.752+0530] {processor.py:830} INFO - Processing file /home/sathya/projects/training-kit/.venv-airflow/lib/python3.10/site-packages/airflow/example_dags/tutorial_dag.py for tasks to queue
[2025-12-27T23:04:33.753+0530] {logging_mixin.py:188} INFO - [2025-12-27T23:04:33.753+0530] {dagbag.py:545} INFO - Filling up the DagBag from /home/sathya/projects/training-kit/.venv-airflow/lib/python3.10/site-packages/airflow/example_dags/tutorial_dag.py
[2025-12-27T23:04:33.760+0530] {processor.py:840} INFO - DAG(s) 'tutorial_dag' retrieved from /home/sathya/projects/training-kit/.venv-airflow/lib/python3.10/site-packages/airflow/example_dags/tutorial_dag.py
[2025-12-27T23:04:33.774+0530] {logging_mixin.py:188} INFO - [2025-12-27T23:04:33.774+0530] {dag.py:3089} INFO - Sync 1 DAGs
[2025-12-27T23:04:33.783+0530] {logging_mixin.py:188} INFO - [2025-12-27T23:04:33.783+0530] {dag.py:3947} INFO - Setting next_dagrun for tutorial_dag to None, run_after=None
[2025-12-27T23:04:33.804+0530] {processor.py:183} INFO - Processing /home/sathya/projects/training-kit/.venv-airflow/lib/python3.10/site-packages/airflow/example_dags/tutorial_dag.py took 0.060 seconds
[2025-12-27T23:11:51.495+0530] {processor.py:161} INFO - Started process (PID=8685) to work on /home/sathya/projects/training-kit/.venv-airflow/lib/python3.10/site-packages/airflow/example_dags/tutorial_dag.py
[2025-12-27T23:11:51.496+0530] {processor.py:830} INFO - Processing file /home/sathya/projects/training-kit/.venv-airflow/lib/python3.10/site-packages/airflow/example_dags/tutorial_dag.py for tasks to queue
[2025-12-27T23:11:51.497+0530] {logging_mixin.py:188} INFO - [2025-12-27T23:11:51.497+0530] {dagbag.py:545} INFO - Filling up the DagBag from /home/sathya/projects/training-kit/.venv-airflow/lib/python3.10/site-packages/airflow/example_dags/tutorial_dag.py
[2025-12-27T23:11:51.502+0530] {processor.py:840} INFO - DAG(s) 'tutorial_dag' retrieved from /home/sathya/projects/training-kit/.venv-airflow/lib/python3.10/site-packages/airflow/example_dags/tutorial_dag.py
[2025-12-27T23:11:51.514+0530] {logging_mixin.py:188} INFO - [2025-12-27T23:11:51.514+0530] {dag.py:3089} INFO - Sync 1 DAGs
[2025-12-27T23:11:51.522+0530] {logging_mixin.py:188} INFO - [2025-12-27T23:11:51.522+0530] {dag.py:3947} INFO - Setting next_dagrun for tutorial_dag to None, run_after=None
[2025-12-27T23:11:51.541+0530] {processor.py:183} INFO - Processing /home/sathya/projects/training-kit/.venv-airflow/lib/python3.10/site-packages/airflow/example_dags/tutorial_dag.py took 0.050 seconds
[2025-12-27T23:17:52.140+0530] {processor.py:161} INFO - Started process (PID=9311) to work on /home/sathya/projects/training-kit/.venv-airflow/lib/python3.10/site-packages/airflow/example_dags/tutorial_dag.py
[2025-12-27T23:17:52.141+0530] {processor.py:830} INFO - Processing file /home/sathya/projects/training-kit/.venv-airflow/lib/python3.10/site-packages/airflow/example_dags/tutorial_dag.py for tasks to queue
[2025-12-27T23:17:52.142+0530] {logging_mixin.py:188} INFO - [2025-12-27T23:17:52.142+0530] {dagbag.py:545} INFO - Filling up the DagBag from /home/sathya/projects/training-kit/.venv-airflow/lib/python3.10/site-packages/airflow/example_dags/tutorial_dag.py
[2025-12-27T23:17:52.147+0530] {processor.py:840} INFO - DAG(s) 'tutorial_dag' retrieved from /home/sathya/projects/training-kit/.venv-airflow/lib/python3.10/site-packages/airflow/example_dags/tutorial_dag.py
[2025-12-27T23:17:52.158+0530] {logging_mixin.py:188} INFO - [2025-12-27T23:17:52.158+0530] {dag.py:3089} INFO - Sync 1 DAGs
[2025-12-27T23:17:52.167+0530] {logging_mixin.py:188} INFO - [2025-12-27T23:17:52.167+0530] {dag.py:3947} INFO - Setting next_dagrun for tutorial_dag to None, run_after=None
[2025-12-27T23:17:52.187+0530] {processor.py:183} INFO - Processing /home/sathya/projects/training-kit/.venv-airflow/lib/python3.10/site-packages/airflow/example_dags/tutorial_dag.py took 0.052 seconds
[2025-12-27T23:24:37.703+0530] {processor.py:161} INFO - Started process (PID=10079) to work on /home/sathya/projects/training-kit/.venv-airflow/lib/python3.10/site-packages/airflow/example_dags/tutorial_dag.py
[2025-12-27T23:24:37.704+0530] {processor.py:830} INFO - Processing file /home/sathya/projects/training-kit/.venv-airflow/lib/python3.10/site-packages/airflow/example_dags/tutorial_dag.py for tasks to queue
[2025-12-27T23:24:37.706+0530] {logging_mixin.py:188} INFO - [2025-12-27T23:24:37.705+0530] {dagbag.py:545} INFO - Filling up the DagBag from /home/sathya/projects/training-kit/.venv-airflow/lib/python3.10/site-packages/airflow/example_dags/tutorial_dag.py
[2025-12-27T23:24:37.711+0530] {processor.py:840} INFO - DAG(s) 'tutorial_dag' retrieved from /home/sathya/projects/training-kit/.venv-airflow/lib/python3.10/site-packages/airflow/example_dags/tutorial_dag.py
[2025-12-27T23:24:37.725+0530] {logging_mixin.py:188} INFO - [2025-12-27T23:24:37.725+0530] {dag.py:3089} INFO - Sync 1 DAGs
[2025-12-27T23:24:37.735+0530] {logging_mixin.py:188} INFO - [2025-12-27T23:24:37.734+0530] {dag.py:3947} INFO - Setting next_dagrun for tutorial_dag to None, run_after=None
[2025-12-27T23:24:37.756+0530] {processor.py:183} INFO - Processing /home/sathya/projects/training-kit/.venv-airflow/lib/python3.10/site-packages/airflow/example_dags/tutorial_dag.py took 0.058 seconds
[2025-12-27T23:31:07.235+0530] {processor.py:161} INFO - Started process (PID=10785) to work on /home/sathya/projects/training-kit/.venv-airflow/lib/python3.10/site-packages/airflow/example_dags/tutorial_dag.py
[2025-12-27T23:31:07.236+0530] {processor.py:830} INFO - Processing file /home/sathya/projects/training-kit/.venv-airflow/lib/python3.10/site-packages/airflow/example_dags/tutorial_dag.py for tasks to queue
[2025-12-27T23:31:07.237+0530] {logging_mixin.py:188} INFO - [2025-12-27T23:31:07.237+0530] {dagbag.py:545} INFO - Filling up the DagBag from /home/sathya/projects/training-kit/.venv-airflow/lib/python3.10/site-packages/airflow/example_dags/tutorial_dag.py
[2025-12-27T23:31:07.242+0530] {processor.py:840} INFO - DAG(s) 'tutorial_dag' retrieved from /home/sathya/projects/training-kit/.venv-airflow/lib/python3.10/site-packages/airflow/example_dags/tutorial_dag.py
[2025-12-27T23:31:07.257+0530] {logging_mixin.py:188} INFO - [2025-12-27T23:31:07.256+0530] {dag.py:3089} INFO - Sync 1 DAGs
[2025-12-27T23:31:07.266+0530] {logging_mixin.py:188} INFO - [2025-12-27T23:31:07.266+0530] {dag.py:3947} INFO - Setting next_dagrun for tutorial_dag to None, run_after=None
[2025-12-27T23:31:07.287+0530] {processor.py:183} INFO - Processing /home/sathya/projects/training-kit/.venv-airflow/lib/python3.10/site-packages/airflow/example_dags/tutorial_dag.py took 0.060 seconds
[2025-12-27T23:37:38.208+0530] {processor.py:161} INFO - Started process (PID=11535) to work on /home/sathya/projects/training-kit/.venv-airflow/lib/python3.10/site-packages/airflow/example_dags/tutorial_dag.py
[2025-12-27T23:37:38.209+0530] {processor.py:830} INFO - Processing file /home/sathya/projects/training-kit/.venv-airflow/lib/python3.10/site-packages/airflow/example_dags/tutorial_dag.py for tasks to queue
[2025-12-27T23:37:38.211+0530] {logging_mixin.py:188} INFO - [2025-12-27T23:37:38.210+0530] {dagbag.py:545} INFO - Filling up the DagBag from /home/sathya/projects/training-kit/.venv-airflow/lib/python3.10/site-packages/airflow/example_dags/tutorial_dag.py
[2025-12-27T23:37:38.218+0530] {processor.py:840} INFO - DAG(s) 'tutorial_dag' retrieved from /home/sathya/projects/training-kit/.venv-airflow/lib/python3.10/site-packages/airflow/example_dags/tutorial_dag.py
[2025-12-27T23:37:38.236+0530] {logging_mixin.py:188} INFO - [2025-12-27T23:37:38.236+0530] {dag.py:3089} INFO - Sync 1 DAGs
[2025-12-27T23:37:38.247+0530] {logging_mixin.py:188} INFO - [2025-12-27T23:37:38.246+0530] {dag.py:3947} INFO - Setting next_dagrun for tutorial_dag to None, run_after=None
[2025-12-27T23:37:38.273+0530] {processor.py:183} INFO - Processing /home/sathya/projects/training-kit/.venv-airflow/lib/python3.10/site-packages/airflow/example_dags/tutorial_dag.py took 0.071 seconds
[2025-12-27T23:43:52.401+0530] {processor.py:161} INFO - Started process (PID=12245) to work on /home/sathya/projects/training-kit/.venv-airflow/lib/python3.10/site-packages/airflow/example_dags/tutorial_dag.py
[2025-12-27T23:43:52.402+0530] {processor.py:830} INFO - Processing file /home/sathya/projects/training-kit/.venv-airflow/lib/python3.10/site-packages/airflow/example_dags/tutorial_dag.py for tasks to queue
[2025-12-27T23:43:52.403+0530] {logging_mixin.py:188} INFO - [2025-12-27T23:43:52.403+0530] {dagbag.py:545} INFO - Filling up the DagBag from /home/sathya/projects/training-kit/.venv-airflow/lib/python3.10/site-packages/airflow/example_dags/tutorial_dag.py
[2025-12-27T23:43:52.411+0530] {processor.py:840} INFO - DAG(s) 'tutorial_dag' retrieved from /home/sathya/projects/training-kit/.venv-airflow/lib/python3.10/site-packages/airflow/example_dags/tutorial_dag.py
[2025-12-27T23:43:52.425+0530] {logging_mixin.py:188} INFO - [2025-12-27T23:43:52.425+0530] {dag.py:3089} INFO - Sync 1 DAGs
[2025-12-27T23:43:52.434+0530] {logging_mixin.py:188} INFO - [2025-12-27T23:43:52.434+0530] {dag.py:3947} INFO - Setting next_dagrun for tutorial_dag to None, run_after=None
[2025-12-27T23:43:52.458+0530] {processor.py:183} INFO - Processing /home/sathya/projects/training-kit/.venv-airflow/lib/python3.10/site-packages/airflow/example_dags/tutorial_dag.py took 0.062 seconds
[2025-12-27T23:51:12.118+0530] {processor.py:161} INFO - Started process (PID=13019) to work on /home/sathya/projects/training-kit/.venv-airflow/lib/python3.10/site-packages/airflow/example_dags/tutorial_dag.py
[2025-12-27T23:51:12.121+0530] {processor.py:830} INFO - Processing file /home/sathya/projects/training-kit/.venv-airflow/lib/python3.10/site-packages/airflow/example_dags/tutorial_dag.py for tasks to queue
[2025-12-27T23:51:12.132+0530] {logging_mixin.py:188} INFO - [2025-12-27T23:51:12.130+0530] {dagbag.py:545} INFO - Filling up the DagBag from /home/sathya/projects/training-kit/.venv-airflow/lib/python3.10/site-packages/airflow/example_dags/tutorial_dag.py
[2025-12-27T23:51:12.155+0530] {processor.py:840} INFO - DAG(s) 'tutorial_dag' retrieved from /home/sathya/projects/training-kit/.venv-airflow/lib/python3.10/site-packages/airflow/example_dags/tutorial_dag.py
[2025-12-27T23:51:12.188+0530] {logging_mixin.py:188} INFO - [2025-12-27T23:51:12.187+0530] {dag.py:3089} INFO - Sync 1 DAGs
[2025-12-27T23:51:12.204+0530] {logging_mixin.py:188} INFO - [2025-12-27T23:51:12.204+0530] {dag.py:3947} INFO - Setting next_dagrun for tutorial_dag to None, run_after=None
[2025-12-27T23:51:12.236+0530] {processor.py:183} INFO - Processing /home/sathya/projects/training-kit/.venv-airflow/lib/python3.10/site-packages/airflow/example_dags/tutorial_dag.py took 0.130 seconds
