[2026-01-14T19:51:59.843+0530] {processor.py:161} INFO - Started process (PID=1634) to work on /home/sathya/projects/training-kit/.venv-airflow/lib/python3.10/site-packages/airflow/example_dags/example_branch_operator.py
[2026-01-14T19:51:59.844+0530] {processor.py:830} INFO - Processing file /home/sathya/projects/training-kit/.venv-airflow/lib/python3.10/site-packages/airflow/example_dags/example_branch_operator.py for tasks to queue
[2026-01-14T19:51:59.848+0530] {logging_mixin.py:188} INFO - [2026-01-14T19:51:59.847+0530] {dagbag.py:545} INFO - Filling up the DagBag from /home/sathya/projects/training-kit/.venv-airflow/lib/python3.10/site-packages/airflow/example_dags/example_branch_operator.py
[2026-01-14T19:51:59.867+0530] {processor.py:840} INFO - DAG(s) 'example_branch_operator' retrieved from /home/sathya/projects/training-kit/.venv-airflow/lib/python3.10/site-packages/airflow/example_dags/example_branch_operator.py
[2026-01-14T19:51:59.995+0530] {logging_mixin.py:188} INFO - [2026-01-14T19:51:59.995+0530] {dag.py:3089} INFO - Sync 1 DAGs
[2026-01-14T19:52:00.019+0530] {logging_mixin.py:188} INFO - [2026-01-14T19:52:00.018+0530] {dag.py:3947} INFO - Setting next_dagrun for example_branch_operator to 2026-01-13 00:00:00+00:00, run_after=2026-01-14 00:00:00+00:00
[2026-01-14T19:52:00.059+0530] {processor.py:183} INFO - Processing /home/sathya/projects/training-kit/.venv-airflow/lib/python3.10/site-packages/airflow/example_dags/example_branch_operator.py took 0.224 seconds
[2026-01-14T19:52:54.836+0530] {processor.py:161} INFO - Started process (PID=1815) to work on /home/sathya/projects/training-kit/.venv-airflow/lib/python3.10/site-packages/airflow/example_dags/example_branch_operator.py
[2026-01-14T19:52:54.837+0530] {processor.py:830} INFO - Processing file /home/sathya/projects/training-kit/.venv-airflow/lib/python3.10/site-packages/airflow/example_dags/example_branch_operator.py for tasks to queue
[2026-01-14T19:52:54.839+0530] {logging_mixin.py:188} INFO - [2026-01-14T19:52:54.838+0530] {dagbag.py:545} INFO - Filling up the DagBag from /home/sathya/projects/training-kit/.venv-airflow/lib/python3.10/site-packages/airflow/example_dags/example_branch_operator.py
[2026-01-14T19:52:54.863+0530] {processor.py:840} INFO - DAG(s) 'example_branch_operator' retrieved from /home/sathya/projects/training-kit/.venv-airflow/lib/python3.10/site-packages/airflow/example_dags/example_branch_operator.py
[2026-01-14T19:52:54.895+0530] {logging_mixin.py:188} INFO - [2026-01-14T19:52:54.895+0530] {dag.py:3089} INFO - Sync 1 DAGs
[2026-01-14T19:52:54.938+0530] {logging_mixin.py:188} INFO - [2026-01-14T19:52:54.938+0530] {dag.py:3947} INFO - Setting next_dagrun for example_branch_operator to 2026-01-13 00:00:00+00:00, run_after=2026-01-14 00:00:00+00:00
[2026-01-14T19:52:54.984+0530] {processor.py:183} INFO - Processing /home/sathya/projects/training-kit/.venv-airflow/lib/python3.10/site-packages/airflow/example_dags/example_branch_operator.py took 0.155 seconds
[2026-01-14T19:53:34.211+0530] {processor.py:161} INFO - Started process (PID=1961) to work on /home/sathya/projects/training-kit/.venv-airflow/lib/python3.10/site-packages/airflow/example_dags/example_branch_operator.py
[2026-01-14T19:53:34.213+0530] {processor.py:830} INFO - Processing file /home/sathya/projects/training-kit/.venv-airflow/lib/python3.10/site-packages/airflow/example_dags/example_branch_operator.py for tasks to queue
[2026-01-14T19:53:34.217+0530] {logging_mixin.py:188} INFO - [2026-01-14T19:53:34.217+0530] {dagbag.py:545} INFO - Filling up the DagBag from /home/sathya/projects/training-kit/.venv-airflow/lib/python3.10/site-packages/airflow/example_dags/example_branch_operator.py
[2026-01-14T19:53:34.254+0530] {processor.py:840} INFO - DAG(s) 'example_branch_operator' retrieved from /home/sathya/projects/training-kit/.venv-airflow/lib/python3.10/site-packages/airflow/example_dags/example_branch_operator.py
[2026-01-14T19:53:34.411+0530] {logging_mixin.py:188} INFO - [2026-01-14T19:53:34.410+0530] {dag.py:3089} INFO - Sync 1 DAGs
[2026-01-14T19:53:34.433+0530] {logging_mixin.py:188} INFO - [2026-01-14T19:53:34.432+0530] {dag.py:3947} INFO - Setting next_dagrun for example_branch_operator to 2026-01-13 00:00:00+00:00, run_after=2026-01-14 00:00:00+00:00
[2026-01-14T19:53:34.466+0530] {processor.py:183} INFO - Processing /home/sathya/projects/training-kit/.venv-airflow/lib/python3.10/site-packages/airflow/example_dags/example_branch_operator.py took 0.270 seconds
[2026-01-14T19:54:15.821+0530] {processor.py:161} INFO - Started process (PID=2103) to work on /home/sathya/projects/training-kit/.venv-airflow/lib/python3.10/site-packages/airflow/example_dags/example_branch_operator.py
[2026-01-14T19:54:15.824+0530] {processor.py:830} INFO - Processing file /home/sathya/projects/training-kit/.venv-airflow/lib/python3.10/site-packages/airflow/example_dags/example_branch_operator.py for tasks to queue
[2026-01-14T19:54:15.829+0530] {logging_mixin.py:188} INFO - [2026-01-14T19:54:15.828+0530] {dagbag.py:545} INFO - Filling up the DagBag from /home/sathya/projects/training-kit/.venv-airflow/lib/python3.10/site-packages/airflow/example_dags/example_branch_operator.py
[2026-01-14T19:54:15.863+0530] {processor.py:840} INFO - DAG(s) 'example_branch_operator' retrieved from /home/sathya/projects/training-kit/.venv-airflow/lib/python3.10/site-packages/airflow/example_dags/example_branch_operator.py
[2026-01-14T19:54:15.993+0530] {logging_mixin.py:188} INFO - [2026-01-14T19:54:15.992+0530] {dag.py:3089} INFO - Sync 1 DAGs
[2026-01-14T19:54:16.021+0530] {logging_mixin.py:188} INFO - [2026-01-14T19:54:16.021+0530] {dag.py:3947} INFO - Setting next_dagrun for example_branch_operator to 2026-01-13 00:00:00+00:00, run_after=2026-01-14 00:00:00+00:00
[2026-01-14T19:54:16.051+0530] {processor.py:183} INFO - Processing /home/sathya/projects/training-kit/.venv-airflow/lib/python3.10/site-packages/airflow/example_dags/example_branch_operator.py took 0.251 seconds
[2026-01-14T19:54:31.606+0530] {processor.py:161} INFO - Started process (PID=2160) to work on /home/sathya/projects/training-kit/.venv-airflow/lib/python3.10/site-packages/airflow/example_dags/example_branch_operator.py
[2026-01-14T19:54:31.607+0530] {processor.py:830} INFO - Processing file /home/sathya/projects/training-kit/.venv-airflow/lib/python3.10/site-packages/airflow/example_dags/example_branch_operator.py for tasks to queue
[2026-01-14T19:54:31.608+0530] {logging_mixin.py:188} INFO - [2026-01-14T19:54:31.608+0530] {dagbag.py:545} INFO - Filling up the DagBag from /home/sathya/projects/training-kit/.venv-airflow/lib/python3.10/site-packages/airflow/example_dags/example_branch_operator.py
[2026-01-14T19:54:31.624+0530] {processor.py:840} INFO - DAG(s) 'example_branch_operator' retrieved from /home/sathya/projects/training-kit/.venv-airflow/lib/python3.10/site-packages/airflow/example_dags/example_branch_operator.py
[2026-01-14T19:54:31.632+0530] {logging_mixin.py:188} INFO - [2026-01-14T19:54:31.631+0530] {dag.py:3089} INFO - Sync 1 DAGs
[2026-01-14T19:54:31.664+0530] {logging_mixin.py:188} INFO - [2026-01-14T19:54:31.663+0530] {dag.py:3947} INFO - Setting next_dagrun for example_branch_operator to 2026-01-13 00:00:00+00:00, run_after=2026-01-14 00:00:00+00:00
[2026-01-14T19:54:31.696+0530] {processor.py:183} INFO - Processing /home/sathya/projects/training-kit/.venv-airflow/lib/python3.10/site-packages/airflow/example_dags/example_branch_operator.py took 0.097 seconds
[2026-01-14T19:55:28.108+0530] {processor.py:161} INFO - Started process (PID=2369) to work on /home/sathya/projects/training-kit/.venv-airflow/lib/python3.10/site-packages/airflow/example_dags/example_branch_operator.py
[2026-01-14T19:55:28.111+0530] {processor.py:830} INFO - Processing file /home/sathya/projects/training-kit/.venv-airflow/lib/python3.10/site-packages/airflow/example_dags/example_branch_operator.py for tasks to queue
[2026-01-14T19:55:28.116+0530] {logging_mixin.py:188} INFO - [2026-01-14T19:55:28.115+0530] {dagbag.py:545} INFO - Filling up the DagBag from /home/sathya/projects/training-kit/.venv-airflow/lib/python3.10/site-packages/airflow/example_dags/example_branch_operator.py
[2026-01-14T19:55:28.153+0530] {processor.py:840} INFO - DAG(s) 'example_branch_operator' retrieved from /home/sathya/projects/training-kit/.venv-airflow/lib/python3.10/site-packages/airflow/example_dags/example_branch_operator.py
[2026-01-14T19:55:28.305+0530] {logging_mixin.py:188} INFO - [2026-01-14T19:55:28.304+0530] {dag.py:3089} INFO - Sync 1 DAGs
[2026-01-14T19:55:28.333+0530] {logging_mixin.py:188} INFO - [2026-01-14T19:55:28.333+0530] {dag.py:3947} INFO - Setting next_dagrun for example_branch_operator to 2026-01-13 00:00:00+00:00, run_after=2026-01-14 00:00:00+00:00
[2026-01-14T19:55:28.358+0530] {processor.py:183} INFO - Processing /home/sathya/projects/training-kit/.venv-airflow/lib/python3.10/site-packages/airflow/example_dags/example_branch_operator.py took 0.266 seconds
[2026-01-14T19:57:32.534+0530] {processor.py:161} INFO - Started process (PID=2551) to work on /home/sathya/projects/training-kit/.venv-airflow/lib/python3.10/site-packages/airflow/example_dags/example_branch_operator.py
[2026-01-14T19:57:32.536+0530] {processor.py:830} INFO - Processing file /home/sathya/projects/training-kit/.venv-airflow/lib/python3.10/site-packages/airflow/example_dags/example_branch_operator.py for tasks to queue
[2026-01-14T19:57:32.538+0530] {logging_mixin.py:188} INFO - [2026-01-14T19:57:32.537+0530] {dagbag.py:545} INFO - Filling up the DagBag from /home/sathya/projects/training-kit/.venv-airflow/lib/python3.10/site-packages/airflow/example_dags/example_branch_operator.py
[2026-01-14T19:57:32.564+0530] {processor.py:840} INFO - DAG(s) 'example_branch_operator' retrieved from /home/sathya/projects/training-kit/.venv-airflow/lib/python3.10/site-packages/airflow/example_dags/example_branch_operator.py
[2026-01-14T19:57:32.700+0530] {logging_mixin.py:188} INFO - [2026-01-14T19:57:32.700+0530] {dag.py:3089} INFO - Sync 1 DAGs
[2026-01-14T19:57:32.720+0530] {logging_mixin.py:188} INFO - [2026-01-14T19:57:32.719+0530] {dag.py:3947} INFO - Setting next_dagrun for example_branch_operator to 2026-01-13 00:00:00+00:00, run_after=2026-01-14 00:00:00+00:00
[2026-01-14T19:57:32.751+0530] {processor.py:183} INFO - Processing /home/sathya/projects/training-kit/.venv-airflow/lib/python3.10/site-packages/airflow/example_dags/example_branch_operator.py took 0.228 seconds
[2026-01-14T19:58:29.748+0530] {processor.py:161} INFO - Started process (PID=2641) to work on /home/sathya/projects/training-kit/.venv-airflow/lib/python3.10/site-packages/airflow/example_dags/example_branch_operator.py
[2026-01-14T19:58:29.750+0530] {processor.py:830} INFO - Processing file /home/sathya/projects/training-kit/.venv-airflow/lib/python3.10/site-packages/airflow/example_dags/example_branch_operator.py for tasks to queue
[2026-01-14T19:58:29.752+0530] {logging_mixin.py:188} INFO - [2026-01-14T19:58:29.752+0530] {dagbag.py:545} INFO - Filling up the DagBag from /home/sathya/projects/training-kit/.venv-airflow/lib/python3.10/site-packages/airflow/example_dags/example_branch_operator.py
[2026-01-14T19:58:29.788+0530] {processor.py:840} INFO - DAG(s) 'example_branch_operator' retrieved from /home/sathya/projects/training-kit/.venv-airflow/lib/python3.10/site-packages/airflow/example_dags/example_branch_operator.py
[2026-01-14T19:58:29.813+0530] {logging_mixin.py:188} INFO - [2026-01-14T19:58:29.810+0530] {dag.py:3089} INFO - Sync 1 DAGs
[2026-01-14T19:58:29.861+0530] {logging_mixin.py:188} INFO - [2026-01-14T19:58:29.860+0530] {dag.py:3947} INFO - Setting next_dagrun for example_branch_operator to 2026-01-13 00:00:00+00:00, run_after=2026-01-14 00:00:00+00:00
[2026-01-14T19:58:29.949+0530] {processor.py:183} INFO - Processing /home/sathya/projects/training-kit/.venv-airflow/lib/python3.10/site-packages/airflow/example_dags/example_branch_operator.py took 0.217 seconds
[2026-01-14T19:59:51.915+0530] {processor.py:161} INFO - Started process (PID=2783) to work on /home/sathya/projects/training-kit/.venv-airflow/lib/python3.10/site-packages/airflow/example_dags/example_branch_operator.py
[2026-01-14T19:59:51.920+0530] {processor.py:830} INFO - Processing file /home/sathya/projects/training-kit/.venv-airflow/lib/python3.10/site-packages/airflow/example_dags/example_branch_operator.py for tasks to queue
[2026-01-14T19:59:51.924+0530] {logging_mixin.py:188} INFO - [2026-01-14T19:59:51.922+0530] {dagbag.py:545} INFO - Filling up the DagBag from /home/sathya/projects/training-kit/.venv-airflow/lib/python3.10/site-packages/airflow/example_dags/example_branch_operator.py
[2026-01-14T19:59:51.948+0530] {processor.py:840} INFO - DAG(s) 'example_branch_operator' retrieved from /home/sathya/projects/training-kit/.venv-airflow/lib/python3.10/site-packages/airflow/example_dags/example_branch_operator.py
[2026-01-14T19:59:51.975+0530] {logging_mixin.py:188} INFO - [2026-01-14T19:59:51.975+0530] {dag.py:3089} INFO - Sync 1 DAGs
[2026-01-14T19:59:52.006+0530] {logging_mixin.py:188} INFO - [2026-01-14T19:59:52.004+0530] {dag.py:3947} INFO - Setting next_dagrun for example_branch_operator to 2026-01-13 00:00:00+00:00, run_after=2026-01-14 00:00:00+00:00
[2026-01-14T19:59:52.034+0530] {processor.py:183} INFO - Processing /home/sathya/projects/training-kit/.venv-airflow/lib/python3.10/site-packages/airflow/example_dags/example_branch_operator.py took 0.130 seconds
[2026-01-14T20:00:47.214+0530] {processor.py:161} INFO - Started process (PID=2873) to work on /home/sathya/projects/training-kit/.venv-airflow/lib/python3.10/site-packages/airflow/example_dags/example_branch_operator.py
[2026-01-14T20:00:47.215+0530] {processor.py:830} INFO - Processing file /home/sathya/projects/training-kit/.venv-airflow/lib/python3.10/site-packages/airflow/example_dags/example_branch_operator.py for tasks to queue
[2026-01-14T20:00:47.217+0530] {logging_mixin.py:188} INFO - [2026-01-14T20:00:47.217+0530] {dagbag.py:545} INFO - Filling up the DagBag from /home/sathya/projects/training-kit/.venv-airflow/lib/python3.10/site-packages/airflow/example_dags/example_branch_operator.py
[2026-01-14T20:00:47.236+0530] {processor.py:840} INFO - DAG(s) 'example_branch_operator' retrieved from /home/sathya/projects/training-kit/.venv-airflow/lib/python3.10/site-packages/airflow/example_dags/example_branch_operator.py
[2026-01-14T20:00:47.271+0530] {logging_mixin.py:188} INFO - [2026-01-14T20:00:47.270+0530] {dag.py:3089} INFO - Sync 1 DAGs
[2026-01-14T20:00:47.297+0530] {logging_mixin.py:188} INFO - [2026-01-14T20:00:47.297+0530] {dag.py:3947} INFO - Setting next_dagrun for example_branch_operator to 2026-01-13 00:00:00+00:00, run_after=2026-01-14 00:00:00+00:00
[2026-01-14T20:00:47.335+0530] {processor.py:183} INFO - Processing /home/sathya/projects/training-kit/.venv-airflow/lib/python3.10/site-packages/airflow/example_dags/example_branch_operator.py took 0.132 seconds
[2026-01-14T20:04:54.258+0530] {processor.py:161} INFO - Started process (PID=3138) to work on /home/sathya/projects/training-kit/.venv-airflow/lib/python3.10/site-packages/airflow/example_dags/example_branch_operator.py
[2026-01-14T20:04:54.260+0530] {processor.py:830} INFO - Processing file /home/sathya/projects/training-kit/.venv-airflow/lib/python3.10/site-packages/airflow/example_dags/example_branch_operator.py for tasks to queue
[2026-01-14T20:04:54.262+0530] {logging_mixin.py:188} INFO - [2026-01-14T20:04:54.261+0530] {dagbag.py:545} INFO - Filling up the DagBag from /home/sathya/projects/training-kit/.venv-airflow/lib/python3.10/site-packages/airflow/example_dags/example_branch_operator.py
[2026-01-14T20:04:54.285+0530] {processor.py:840} INFO - DAG(s) 'example_branch_operator' retrieved from /home/sathya/projects/training-kit/.venv-airflow/lib/python3.10/site-packages/airflow/example_dags/example_branch_operator.py
[2026-01-14T20:04:54.436+0530] {logging_mixin.py:188} INFO - [2026-01-14T20:04:54.435+0530] {dag.py:3089} INFO - Sync 1 DAGs
[2026-01-14T20:04:54.460+0530] {logging_mixin.py:188} INFO - [2026-01-14T20:04:54.460+0530] {dag.py:3947} INFO - Setting next_dagrun for example_branch_operator to 2026-01-13 00:00:00+00:00, run_after=2026-01-14 00:00:00+00:00
[2026-01-14T20:04:54.514+0530] {processor.py:183} INFO - Processing /home/sathya/projects/training-kit/.venv-airflow/lib/python3.10/site-packages/airflow/example_dags/example_branch_operator.py took 0.269 seconds
[2026-01-14T20:05:51.665+0530] {processor.py:161} INFO - Started process (PID=3252) to work on /home/sathya/projects/training-kit/.venv-airflow/lib/python3.10/site-packages/airflow/example_dags/example_branch_operator.py
[2026-01-14T20:05:51.672+0530] {processor.py:830} INFO - Processing file /home/sathya/projects/training-kit/.venv-airflow/lib/python3.10/site-packages/airflow/example_dags/example_branch_operator.py for tasks to queue
[2026-01-14T20:05:51.681+0530] {logging_mixin.py:188} INFO - [2026-01-14T20:05:51.679+0530] {dagbag.py:545} INFO - Filling up the DagBag from /home/sathya/projects/training-kit/.venv-airflow/lib/python3.10/site-packages/airflow/example_dags/example_branch_operator.py
[2026-01-14T20:05:51.740+0530] {processor.py:840} INFO - DAG(s) 'example_branch_operator' retrieved from /home/sathya/projects/training-kit/.venv-airflow/lib/python3.10/site-packages/airflow/example_dags/example_branch_operator.py
[2026-01-14T20:05:51.818+0530] {logging_mixin.py:188} INFO - [2026-01-14T20:05:51.818+0530] {dag.py:3089} INFO - Sync 1 DAGs
[2026-01-14T20:05:51.867+0530] {logging_mixin.py:188} INFO - [2026-01-14T20:05:51.866+0530] {dag.py:3947} INFO - Setting next_dagrun for example_branch_operator to 2026-01-13 00:00:00+00:00, run_after=2026-01-14 00:00:00+00:00
[2026-01-14T20:05:51.935+0530] {processor.py:183} INFO - Processing /home/sathya/projects/training-kit/.venv-airflow/lib/python3.10/site-packages/airflow/example_dags/example_branch_operator.py took 0.298 seconds
