[2026-01-14T19:51:21.616+0530] {processor.py:161} INFO - Started process (PID=1540) to work on /home/sathya/projects/training-kit/.venv-airflow/lib/python3.10/site-packages/airflow/example_dags/example_xcom.py
[2026-01-14T19:51:21.619+0530] {processor.py:830} INFO - Processing file /home/sathya/projects/training-kit/.venv-airflow/lib/python3.10/site-packages/airflow/example_dags/example_xcom.py for tasks to queue
[2026-01-14T19:51:21.621+0530] {logging_mixin.py:188} INFO - [2026-01-14T19:51:21.621+0530] {dagbag.py:545} INFO - Filling up the DagBag from /home/sathya/projects/training-kit/.venv-airflow/lib/python3.10/site-packages/airflow/example_dags/example_xcom.py
[2026-01-14T19:51:21.634+0530] {processor.py:840} INFO - DAG(s) 'example_xcom' retrieved from /home/sathya/projects/training-kit/.venv-airflow/lib/python3.10/site-packages/airflow/example_dags/example_xcom.py
[2026-01-14T19:51:21.770+0530] {logging_mixin.py:188} INFO - [2026-01-14T19:51:21.770+0530] {dag.py:3089} INFO - Sync 1 DAGs
[2026-01-14T19:51:21.843+0530] {logging_mixin.py:188} INFO - [2026-01-14T19:51:21.842+0530] {dag.py:3947} INFO - Setting next_dagrun for example_xcom to 2021-01-01 00:00:00+00:00, run_after=2021-01-01 00:00:00+00:00
[2026-01-14T19:51:21.902+0530] {processor.py:183} INFO - Processing /home/sathya/projects/training-kit/.venv-airflow/lib/python3.10/site-packages/airflow/example_dags/example_xcom.py took 0.297 seconds
[2026-01-14T19:52:22.937+0530] {processor.py:161} INFO - Started process (PID=1694) to work on /home/sathya/projects/training-kit/.venv-airflow/lib/python3.10/site-packages/airflow/example_dags/example_xcom.py
[2026-01-14T19:52:22.943+0530] {processor.py:830} INFO - Processing file /home/sathya/projects/training-kit/.venv-airflow/lib/python3.10/site-packages/airflow/example_dags/example_xcom.py for tasks to queue
[2026-01-14T19:52:22.946+0530] {logging_mixin.py:188} INFO - [2026-01-14T19:52:22.945+0530] {dagbag.py:545} INFO - Filling up the DagBag from /home/sathya/projects/training-kit/.venv-airflow/lib/python3.10/site-packages/airflow/example_dags/example_xcom.py
[2026-01-14T19:52:22.959+0530] {processor.py:840} INFO - DAG(s) 'example_xcom' retrieved from /home/sathya/projects/training-kit/.venv-airflow/lib/python3.10/site-packages/airflow/example_dags/example_xcom.py
[2026-01-14T19:52:22.990+0530] {logging_mixin.py:188} INFO - [2026-01-14T19:52:22.989+0530] {dag.py:3089} INFO - Sync 1 DAGs
[2026-01-14T19:52:23.021+0530] {logging_mixin.py:188} INFO - [2026-01-14T19:52:23.020+0530] {dag.py:3947} INFO - Setting next_dagrun for example_xcom to 2021-01-01 00:00:00+00:00, run_after=2021-01-01 00:00:00+00:00
[2026-01-14T19:52:23.070+0530] {processor.py:183} INFO - Processing /home/sathya/projects/training-kit/.venv-airflow/lib/python3.10/site-packages/airflow/example_dags/example_xcom.py took 0.144 seconds
[2026-01-14T19:52:59.547+0530] {processor.py:161} INFO - Started process (PID=1829) to work on /home/sathya/projects/training-kit/.venv-airflow/lib/python3.10/site-packages/airflow/example_dags/example_xcom.py
[2026-01-14T19:52:59.550+0530] {processor.py:830} INFO - Processing file /home/sathya/projects/training-kit/.venv-airflow/lib/python3.10/site-packages/airflow/example_dags/example_xcom.py for tasks to queue
[2026-01-14T19:52:59.552+0530] {logging_mixin.py:188} INFO - [2026-01-14T19:52:59.552+0530] {dagbag.py:545} INFO - Filling up the DagBag from /home/sathya/projects/training-kit/.venv-airflow/lib/python3.10/site-packages/airflow/example_dags/example_xcom.py
[2026-01-14T19:52:59.563+0530] {processor.py:840} INFO - DAG(s) 'example_xcom' retrieved from /home/sathya/projects/training-kit/.venv-airflow/lib/python3.10/site-packages/airflow/example_dags/example_xcom.py
[2026-01-14T19:52:59.589+0530] {logging_mixin.py:188} INFO - [2026-01-14T19:52:59.588+0530] {dag.py:3089} INFO - Sync 1 DAGs
[2026-01-14T19:52:59.622+0530] {logging_mixin.py:188} INFO - [2026-01-14T19:52:59.622+0530] {dag.py:3947} INFO - Setting next_dagrun for example_xcom to 2021-01-01 00:00:00+00:00, run_after=2021-01-01 00:00:00+00:00
[2026-01-14T19:52:59.675+0530] {processor.py:183} INFO - Processing /home/sathya/projects/training-kit/.venv-airflow/lib/python3.10/site-packages/airflow/example_dags/example_xcom.py took 0.138 seconds
[2026-01-14T19:53:16.970+0530] {processor.py:161} INFO - Started process (PID=1889) to work on /home/sathya/projects/training-kit/.venv-airflow/lib/python3.10/site-packages/airflow/example_dags/example_xcom.py
[2026-01-14T19:53:16.971+0530] {processor.py:830} INFO - Processing file /home/sathya/projects/training-kit/.venv-airflow/lib/python3.10/site-packages/airflow/example_dags/example_xcom.py for tasks to queue
[2026-01-14T19:53:16.973+0530] {logging_mixin.py:188} INFO - [2026-01-14T19:53:16.972+0530] {dagbag.py:545} INFO - Filling up the DagBag from /home/sathya/projects/training-kit/.venv-airflow/lib/python3.10/site-packages/airflow/example_dags/example_xcom.py
[2026-01-14T19:53:16.981+0530] {processor.py:840} INFO - DAG(s) 'example_xcom' retrieved from /home/sathya/projects/training-kit/.venv-airflow/lib/python3.10/site-packages/airflow/example_dags/example_xcom.py
[2026-01-14T19:53:16.998+0530] {logging_mixin.py:188} INFO - [2026-01-14T19:53:16.998+0530] {dag.py:3089} INFO - Sync 1 DAGs
[2026-01-14T19:53:17.018+0530] {logging_mixin.py:188} INFO - [2026-01-14T19:53:17.018+0530] {dag.py:3947} INFO - Setting next_dagrun for example_xcom to 2021-01-01 00:00:00+00:00, run_after=2021-01-01 00:00:00+00:00
[2026-01-14T19:53:17.045+0530] {processor.py:183} INFO - Processing /home/sathya/projects/training-kit/.venv-airflow/lib/python3.10/site-packages/airflow/example_dags/example_xcom.py took 0.087 seconds
[2026-01-14T19:53:57.951+0530] {processor.py:161} INFO - Started process (PID=2045) to work on /home/sathya/projects/training-kit/.venv-airflow/lib/python3.10/site-packages/airflow/example_dags/example_xcom.py
[2026-01-14T19:53:57.952+0530] {processor.py:830} INFO - Processing file /home/sathya/projects/training-kit/.venv-airflow/lib/python3.10/site-packages/airflow/example_dags/example_xcom.py for tasks to queue
[2026-01-14T19:53:57.954+0530] {logging_mixin.py:188} INFO - [2026-01-14T19:53:57.953+0530] {dagbag.py:545} INFO - Filling up the DagBag from /home/sathya/projects/training-kit/.venv-airflow/lib/python3.10/site-packages/airflow/example_dags/example_xcom.py
[2026-01-14T19:53:57.967+0530] {processor.py:840} INFO - DAG(s) 'example_xcom' retrieved from /home/sathya/projects/training-kit/.venv-airflow/lib/python3.10/site-packages/airflow/example_dags/example_xcom.py
[2026-01-14T19:53:57.994+0530] {logging_mixin.py:188} INFO - [2026-01-14T19:53:57.993+0530] {dag.py:3089} INFO - Sync 1 DAGs
[2026-01-14T19:53:58.037+0530] {logging_mixin.py:188} INFO - [2026-01-14T19:53:58.037+0530] {dag.py:3947} INFO - Setting next_dagrun for example_xcom to 2021-01-01 00:00:00+00:00, run_after=2021-01-01 00:00:00+00:00
[2026-01-14T19:53:58.079+0530] {processor.py:183} INFO - Processing /home/sathya/projects/training-kit/.venv-airflow/lib/python3.10/site-packages/airflow/example_dags/example_xcom.py took 0.136 seconds
[2026-01-14T19:54:10.156+0530] {processor.py:161} INFO - Started process (PID=2086) to work on /home/sathya/projects/training-kit/.venv-airflow/lib/python3.10/site-packages/airflow/example_dags/example_xcom.py
[2026-01-14T19:54:10.158+0530] {processor.py:830} INFO - Processing file /home/sathya/projects/training-kit/.venv-airflow/lib/python3.10/site-packages/airflow/example_dags/example_xcom.py for tasks to queue
[2026-01-14T19:54:10.161+0530] {logging_mixin.py:188} INFO - [2026-01-14T19:54:10.161+0530] {dagbag.py:545} INFO - Filling up the DagBag from /home/sathya/projects/training-kit/.venv-airflow/lib/python3.10/site-packages/airflow/example_dags/example_xcom.py
[2026-01-14T19:54:10.172+0530] {processor.py:840} INFO - DAG(s) 'example_xcom' retrieved from /home/sathya/projects/training-kit/.venv-airflow/lib/python3.10/site-packages/airflow/example_dags/example_xcom.py
[2026-01-14T19:54:10.205+0530] {logging_mixin.py:188} INFO - [2026-01-14T19:54:10.204+0530] {dag.py:3089} INFO - Sync 1 DAGs
[2026-01-14T19:54:10.236+0530] {logging_mixin.py:188} INFO - [2026-01-14T19:54:10.235+0530] {dag.py:3947} INFO - Setting next_dagrun for example_xcom to 2021-01-01 00:00:00+00:00, run_after=2021-01-01 00:00:00+00:00
[2026-01-14T19:54:10.274+0530] {processor.py:183} INFO - Processing /home/sathya/projects/training-kit/.venv-airflow/lib/python3.10/site-packages/airflow/example_dags/example_xcom.py took 0.127 seconds
[2026-01-14T19:54:54.559+0530] {processor.py:161} INFO - Started process (PID=2248) to work on /home/sathya/projects/training-kit/.venv-airflow/lib/python3.10/site-packages/airflow/example_dags/example_xcom.py
[2026-01-14T19:54:54.563+0530] {processor.py:830} INFO - Processing file /home/sathya/projects/training-kit/.venv-airflow/lib/python3.10/site-packages/airflow/example_dags/example_xcom.py for tasks to queue
[2026-01-14T19:54:54.574+0530] {logging_mixin.py:188} INFO - [2026-01-14T19:54:54.573+0530] {dagbag.py:545} INFO - Filling up the DagBag from /home/sathya/projects/training-kit/.venv-airflow/lib/python3.10/site-packages/airflow/example_dags/example_xcom.py
[2026-01-14T19:54:54.591+0530] {processor.py:840} INFO - DAG(s) 'example_xcom' retrieved from /home/sathya/projects/training-kit/.venv-airflow/lib/python3.10/site-packages/airflow/example_dags/example_xcom.py
[2026-01-14T19:54:54.624+0530] {logging_mixin.py:188} INFO - [2026-01-14T19:54:54.624+0530] {dag.py:3089} INFO - Sync 1 DAGs
[2026-01-14T19:54:54.648+0530] {logging_mixin.py:188} INFO - [2026-01-14T19:54:54.648+0530] {dag.py:3947} INFO - Setting next_dagrun for example_xcom to 2021-01-01 00:00:00+00:00, run_after=2021-01-01 00:00:00+00:00
[2026-01-14T19:54:54.710+0530] {processor.py:183} INFO - Processing /home/sathya/projects/training-kit/.venv-airflow/lib/python3.10/site-packages/airflow/example_dags/example_xcom.py took 0.169 seconds
[2026-01-14T19:55:05.174+0530] {processor.py:161} INFO - Started process (PID=2286) to work on /home/sathya/projects/training-kit/.venv-airflow/lib/python3.10/site-packages/airflow/example_dags/example_xcom.py
[2026-01-14T19:55:05.176+0530] {processor.py:830} INFO - Processing file /home/sathya/projects/training-kit/.venv-airflow/lib/python3.10/site-packages/airflow/example_dags/example_xcom.py for tasks to queue
[2026-01-14T19:55:05.180+0530] {logging_mixin.py:188} INFO - [2026-01-14T19:55:05.179+0530] {dagbag.py:545} INFO - Filling up the DagBag from /home/sathya/projects/training-kit/.venv-airflow/lib/python3.10/site-packages/airflow/example_dags/example_xcom.py
[2026-01-14T19:55:05.214+0530] {processor.py:840} INFO - DAG(s) 'example_xcom' retrieved from /home/sathya/projects/training-kit/.venv-airflow/lib/python3.10/site-packages/airflow/example_dags/example_xcom.py
[2026-01-14T19:55:05.248+0530] {logging_mixin.py:188} INFO - [2026-01-14T19:55:05.247+0530] {dag.py:3089} INFO - Sync 1 DAGs
[2026-01-14T19:55:05.296+0530] {logging_mixin.py:188} INFO - [2026-01-14T19:55:05.296+0530] {dag.py:3947} INFO - Setting next_dagrun for example_xcom to 2021-01-01 00:00:00+00:00, run_after=2021-01-01 00:00:00+00:00
[2026-01-14T19:55:05.358+0530] {processor.py:183} INFO - Processing /home/sathya/projects/training-kit/.venv-airflow/lib/python3.10/site-packages/airflow/example_dags/example_xcom.py took 0.201 seconds
[2026-01-14T19:57:10.868+0530] {processor.py:161} INFO - Started process (PID=2499) to work on /home/sathya/projects/training-kit/.venv-airflow/lib/python3.10/site-packages/airflow/example_dags/example_xcom.py
[2026-01-14T19:57:10.870+0530] {processor.py:830} INFO - Processing file /home/sathya/projects/training-kit/.venv-airflow/lib/python3.10/site-packages/airflow/example_dags/example_xcom.py for tasks to queue
[2026-01-14T19:57:10.879+0530] {logging_mixin.py:188} INFO - [2026-01-14T19:57:10.878+0530] {dagbag.py:545} INFO - Filling up the DagBag from /home/sathya/projects/training-kit/.venv-airflow/lib/python3.10/site-packages/airflow/example_dags/example_xcom.py
[2026-01-14T19:57:10.900+0530] {processor.py:840} INFO - DAG(s) 'example_xcom' retrieved from /home/sathya/projects/training-kit/.venv-airflow/lib/python3.10/site-packages/airflow/example_dags/example_xcom.py
[2026-01-14T19:57:10.967+0530] {logging_mixin.py:188} INFO - [2026-01-14T19:57:10.967+0530] {dag.py:3089} INFO - Sync 1 DAGs
[2026-01-14T19:56:59.424+0530] {logging_mixin.py:188} INFO - [2026-01-14T19:56:59.423+0530] {dag.py:3947} INFO - Setting next_dagrun for example_xcom to 2021-01-01 00:00:00+00:00, run_after=2021-01-01 00:00:00+00:00
[2026-01-14T19:56:59.495+0530] {processor.py:183} INFO - Processing /home/sathya/projects/training-kit/.venv-airflow/lib/python3.10/site-packages/airflow/example_dags/example_xcom.py took 0.262 seconds
[2026-01-14T19:57:56.041+0530] {processor.py:161} INFO - Started process (PID=2592) to work on /home/sathya/projects/training-kit/.venv-airflow/lib/python3.10/site-packages/airflow/example_dags/example_xcom.py
[2026-01-14T19:57:56.048+0530] {processor.py:830} INFO - Processing file /home/sathya/projects/training-kit/.venv-airflow/lib/python3.10/site-packages/airflow/example_dags/example_xcom.py for tasks to queue
[2026-01-14T19:57:56.051+0530] {logging_mixin.py:188} INFO - [2026-01-14T19:57:56.051+0530] {dagbag.py:545} INFO - Filling up the DagBag from /home/sathya/projects/training-kit/.venv-airflow/lib/python3.10/site-packages/airflow/example_dags/example_xcom.py
[2026-01-14T19:57:56.060+0530] {processor.py:840} INFO - DAG(s) 'example_xcom' retrieved from /home/sathya/projects/training-kit/.venv-airflow/lib/python3.10/site-packages/airflow/example_dags/example_xcom.py
[2026-01-14T19:57:56.081+0530] {logging_mixin.py:188} INFO - [2026-01-14T19:57:56.081+0530] {dag.py:3089} INFO - Sync 1 DAGs
[2026-01-14T19:57:56.109+0530] {logging_mixin.py:188} INFO - [2026-01-14T19:57:56.108+0530] {dag.py:3947} INFO - Setting next_dagrun for example_xcom to 2021-01-01 00:00:00+00:00, run_after=2021-01-01 00:00:00+00:00
[2026-01-14T19:57:56.137+0530] {processor.py:183} INFO - Processing /home/sathya/projects/training-kit/.venv-airflow/lib/python3.10/site-packages/airflow/example_dags/example_xcom.py took 0.101 seconds
[2026-01-14T19:58:50.053+0530] {processor.py:161} INFO - Started process (PID=2679) to work on /home/sathya/projects/training-kit/.venv-airflow/lib/python3.10/site-packages/airflow/example_dags/example_xcom.py
[2026-01-14T19:58:50.055+0530] {processor.py:830} INFO - Processing file /home/sathya/projects/training-kit/.venv-airflow/lib/python3.10/site-packages/airflow/example_dags/example_xcom.py for tasks to queue
[2026-01-14T19:58:50.057+0530] {logging_mixin.py:188} INFO - [2026-01-14T19:58:50.056+0530] {dagbag.py:545} INFO - Filling up the DagBag from /home/sathya/projects/training-kit/.venv-airflow/lib/python3.10/site-packages/airflow/example_dags/example_xcom.py
[2026-01-14T19:58:50.073+0530] {processor.py:840} INFO - DAG(s) 'example_xcom' retrieved from /home/sathya/projects/training-kit/.venv-airflow/lib/python3.10/site-packages/airflow/example_dags/example_xcom.py
[2026-01-14T19:58:50.109+0530] {logging_mixin.py:188} INFO - [2026-01-14T19:58:50.109+0530] {dag.py:3089} INFO - Sync 1 DAGs
[2026-01-14T19:58:50.136+0530] {logging_mixin.py:188} INFO - [2026-01-14T19:58:50.136+0530] {dag.py:3947} INFO - Setting next_dagrun for example_xcom to 2021-01-01 00:00:00+00:00, run_after=2021-01-01 00:00:00+00:00
[2026-01-14T19:58:50.194+0530] {processor.py:183} INFO - Processing /home/sathya/projects/training-kit/.venv-airflow/lib/python3.10/site-packages/airflow/example_dags/example_xcom.py took 0.153 seconds
[2026-01-14T19:59:45.320+0530] {processor.py:161} INFO - Started process (PID=2774) to work on /home/sathya/projects/training-kit/.venv-airflow/lib/python3.10/site-packages/airflow/example_dags/example_xcom.py
[2026-01-14T19:59:45.326+0530] {processor.py:830} INFO - Processing file /home/sathya/projects/training-kit/.venv-airflow/lib/python3.10/site-packages/airflow/example_dags/example_xcom.py for tasks to queue
[2026-01-14T19:59:45.329+0530] {logging_mixin.py:188} INFO - [2026-01-14T19:59:45.328+0530] {dagbag.py:545} INFO - Filling up the DagBag from /home/sathya/projects/training-kit/.venv-airflow/lib/python3.10/site-packages/airflow/example_dags/example_xcom.py
[2026-01-14T19:59:45.347+0530] {processor.py:840} INFO - DAG(s) 'example_xcom' retrieved from /home/sathya/projects/training-kit/.venv-airflow/lib/python3.10/site-packages/airflow/example_dags/example_xcom.py
[2026-01-14T19:59:45.391+0530] {logging_mixin.py:188} INFO - [2026-01-14T19:59:45.390+0530] {dag.py:3089} INFO - Sync 1 DAGs
[2026-01-14T19:59:45.420+0530] {logging_mixin.py:188} INFO - [2026-01-14T19:59:45.419+0530] {dag.py:3947} INFO - Setting next_dagrun for example_xcom to 2021-01-01 00:00:00+00:00, run_after=2021-01-01 00:00:00+00:00
[2026-01-14T19:59:45.450+0530] {processor.py:183} INFO - Processing /home/sathya/projects/training-kit/.venv-airflow/lib/python3.10/site-packages/airflow/example_dags/example_xcom.py took 0.136 seconds
[2026-01-14T20:00:41.982+0530] {processor.py:161} INFO - Started process (PID=2865) to work on /home/sathya/projects/training-kit/.venv-airflow/lib/python3.10/site-packages/airflow/example_dags/example_xcom.py
[2026-01-14T20:00:41.983+0530] {processor.py:830} INFO - Processing file /home/sathya/projects/training-kit/.venv-airflow/lib/python3.10/site-packages/airflow/example_dags/example_xcom.py for tasks to queue
[2026-01-14T20:00:41.986+0530] {logging_mixin.py:188} INFO - [2026-01-14T20:00:41.986+0530] {dagbag.py:545} INFO - Filling up the DagBag from /home/sathya/projects/training-kit/.venv-airflow/lib/python3.10/site-packages/airflow/example_dags/example_xcom.py
[2026-01-14T20:00:41.994+0530] {processor.py:840} INFO - DAG(s) 'example_xcom' retrieved from /home/sathya/projects/training-kit/.venv-airflow/lib/python3.10/site-packages/airflow/example_dags/example_xcom.py
[2026-01-14T20:00:42.012+0530] {logging_mixin.py:188} INFO - [2026-01-14T20:00:42.011+0530] {dag.py:3089} INFO - Sync 1 DAGs
[2026-01-14T20:00:42.028+0530] {logging_mixin.py:188} INFO - [2026-01-14T20:00:42.028+0530] {dag.py:3947} INFO - Setting next_dagrun for example_xcom to 2021-01-01 00:00:00+00:00, run_after=2021-01-01 00:00:00+00:00
[2026-01-14T20:00:42.060+0530] {processor.py:183} INFO - Processing /home/sathya/projects/training-kit/.venv-airflow/lib/python3.10/site-packages/airflow/example_dags/example_xcom.py took 0.086 seconds
[2026-01-14T20:04:18.085+0530] {processor.py:161} INFO - Started process (PID=3084) to work on /home/sathya/projects/training-kit/.venv-airflow/lib/python3.10/site-packages/airflow/example_dags/example_xcom.py
[2026-01-14T20:04:18.087+0530] {processor.py:830} INFO - Processing file /home/sathya/projects/training-kit/.venv-airflow/lib/python3.10/site-packages/airflow/example_dags/example_xcom.py for tasks to queue
[2026-01-14T20:04:18.088+0530] {logging_mixin.py:188} INFO - [2026-01-14T20:04:18.088+0530] {dagbag.py:545} INFO - Filling up the DagBag from /home/sathya/projects/training-kit/.venv-airflow/lib/python3.10/site-packages/airflow/example_dags/example_xcom.py
[2026-01-14T20:04:18.096+0530] {processor.py:840} INFO - DAG(s) 'example_xcom' retrieved from /home/sathya/projects/training-kit/.venv-airflow/lib/python3.10/site-packages/airflow/example_dags/example_xcom.py
[2026-01-14T20:04:18.227+0530] {logging_mixin.py:188} INFO - [2026-01-14T20:04:18.227+0530] {dag.py:3089} INFO - Sync 1 DAGs
[2026-01-14T20:04:18.246+0530] {logging_mixin.py:188} INFO - [2026-01-14T20:04:18.246+0530] {dag.py:3947} INFO - Setting next_dagrun for example_xcom to 2021-01-01 00:00:00+00:00, run_after=2021-01-01 00:00:00+00:00
[2026-01-14T20:04:18.278+0530] {processor.py:183} INFO - Processing /home/sathya/projects/training-kit/.venv-airflow/lib/python3.10/site-packages/airflow/example_dags/example_xcom.py took 0.197 seconds
[2026-01-14T20:05:18.924+0530] {processor.py:161} INFO - Started process (PID=3185) to work on /home/sathya/projects/training-kit/.venv-airflow/lib/python3.10/site-packages/airflow/example_dags/example_xcom.py
[2026-01-14T20:05:18.937+0530] {processor.py:830} INFO - Processing file /home/sathya/projects/training-kit/.venv-airflow/lib/python3.10/site-packages/airflow/example_dags/example_xcom.py for tasks to queue
[2026-01-14T20:05:18.939+0530] {logging_mixin.py:188} INFO - [2026-01-14T20:05:18.938+0530] {dagbag.py:545} INFO - Filling up the DagBag from /home/sathya/projects/training-kit/.venv-airflow/lib/python3.10/site-packages/airflow/example_dags/example_xcom.py
[2026-01-14T20:05:18.962+0530] {processor.py:840} INFO - DAG(s) 'example_xcom' retrieved from /home/sathya/projects/training-kit/.venv-airflow/lib/python3.10/site-packages/airflow/example_dags/example_xcom.py
[2026-01-14T20:05:18.987+0530] {logging_mixin.py:188} INFO - [2026-01-14T20:05:18.986+0530] {dag.py:3089} INFO - Sync 1 DAGs
[2026-01-14T20:05:19.014+0530] {logging_mixin.py:188} INFO - [2026-01-14T20:05:19.014+0530] {dag.py:3947} INFO - Setting next_dagrun for example_xcom to 2021-01-01 00:00:00+00:00, run_after=2021-01-01 00:00:00+00:00
[2026-01-14T20:05:19.060+0530] {processor.py:183} INFO - Processing /home/sathya/projects/training-kit/.venv-airflow/lib/python3.10/site-packages/airflow/example_dags/example_xcom.py took 0.146 seconds
