[2026-01-14T19:51:39.100+0530] {processor.py:161} INFO - Started process (PID=1590) to work on /home/sathya/projects/training-kit/.venv-airflow/lib/python3.10/site-packages/airflow/example_dags/example_bash_decorator.py
[2026-01-14T19:51:39.103+0530] {processor.py:830} INFO - Processing file /home/sathya/projects/training-kit/.venv-airflow/lib/python3.10/site-packages/airflow/example_dags/example_bash_decorator.py for tasks to queue
[2026-01-14T19:51:39.111+0530] {logging_mixin.py:188} INFO - [2026-01-14T19:51:39.110+0530] {dagbag.py:545} INFO - Filling up the DagBag from /home/sathya/projects/training-kit/.venv-airflow/lib/python3.10/site-packages/airflow/example_dags/example_bash_decorator.py
[2026-01-14T19:51:39.168+0530] {processor.py:840} INFO - DAG(s) 'example_bash_decorator' retrieved from /home/sathya/projects/training-kit/.venv-airflow/lib/python3.10/site-packages/airflow/example_dags/example_bash_decorator.py
[2026-01-14T19:51:39.354+0530] {logging_mixin.py:188} INFO - [2026-01-14T19:51:39.353+0530] {dag.py:3089} INFO - Sync 1 DAGs
[2026-01-14T19:51:39.370+0530] {logging_mixin.py:188} INFO - [2026-01-14T19:51:39.369+0530] {dag.py:3947} INFO - Setting next_dagrun for example_bash_decorator to None, run_after=None
[2026-01-14T19:51:39.430+0530] {processor.py:183} INFO - Processing /home/sathya/projects/training-kit/.venv-airflow/lib/python3.10/site-packages/airflow/example_dags/example_bash_decorator.py took 0.347 seconds
[2026-01-14T19:52:39.084+0530] {processor.py:161} INFO - Started process (PID=1754) to work on /home/sathya/projects/training-kit/.venv-airflow/lib/python3.10/site-packages/airflow/example_dags/example_bash_decorator.py
[2026-01-14T19:52:39.087+0530] {processor.py:830} INFO - Processing file /home/sathya/projects/training-kit/.venv-airflow/lib/python3.10/site-packages/airflow/example_dags/example_bash_decorator.py for tasks to queue
[2026-01-14T19:52:39.091+0530] {logging_mixin.py:188} INFO - [2026-01-14T19:52:39.090+0530] {dagbag.py:545} INFO - Filling up the DagBag from /home/sathya/projects/training-kit/.venv-airflow/lib/python3.10/site-packages/airflow/example_dags/example_bash_decorator.py
[2026-01-14T19:52:39.111+0530] {processor.py:840} INFO - DAG(s) 'example_bash_decorator' retrieved from /home/sathya/projects/training-kit/.venv-airflow/lib/python3.10/site-packages/airflow/example_dags/example_bash_decorator.py
[2026-01-14T19:52:39.141+0530] {logging_mixin.py:188} INFO - [2026-01-14T19:52:39.139+0530] {dag.py:3089} INFO - Sync 1 DAGs
[2026-01-14T19:52:39.162+0530] {logging_mixin.py:188} INFO - [2026-01-14T19:52:39.162+0530] {dag.py:3947} INFO - Setting next_dagrun for example_bash_decorator to None, run_after=None
[2026-01-14T19:52:39.219+0530] {processor.py:183} INFO - Processing /home/sathya/projects/training-kit/.venv-airflow/lib/python3.10/site-packages/airflow/example_dags/example_bash_decorator.py took 0.146 seconds
[2026-01-14T19:53:15.761+0530] {processor.py:161} INFO - Started process (PID=1887) to work on /home/sathya/projects/training-kit/.venv-airflow/lib/python3.10/site-packages/airflow/example_dags/example_bash_decorator.py
[2026-01-14T19:53:15.763+0530] {processor.py:830} INFO - Processing file /home/sathya/projects/training-kit/.venv-airflow/lib/python3.10/site-packages/airflow/example_dags/example_bash_decorator.py for tasks to queue
[2026-01-14T19:53:15.775+0530] {logging_mixin.py:188} INFO - [2026-01-14T19:53:15.774+0530] {dagbag.py:545} INFO - Filling up the DagBag from /home/sathya/projects/training-kit/.venv-airflow/lib/python3.10/site-packages/airflow/example_dags/example_bash_decorator.py
[2026-01-14T19:53:15.799+0530] {processor.py:840} INFO - DAG(s) 'example_bash_decorator' retrieved from /home/sathya/projects/training-kit/.venv-airflow/lib/python3.10/site-packages/airflow/example_dags/example_bash_decorator.py
[2026-01-14T19:53:15.950+0530] {logging_mixin.py:188} INFO - [2026-01-14T19:53:15.949+0530] {dag.py:3089} INFO - Sync 1 DAGs
[2026-01-14T19:53:15.968+0530] {logging_mixin.py:188} INFO - [2026-01-14T19:53:15.968+0530] {dag.py:3947} INFO - Setting next_dagrun for example_bash_decorator to None, run_after=None
[2026-01-14T19:53:16.025+0530] {processor.py:183} INFO - Processing /home/sathya/projects/training-kit/.venv-airflow/lib/python3.10/site-packages/airflow/example_dags/example_bash_decorator.py took 0.281 seconds
[2026-01-14T19:53:34.884+0530] {processor.py:161} INFO - Started process (PID=1962) to work on /home/sathya/projects/training-kit/.venv-airflow/lib/python3.10/site-packages/airflow/example_dags/example_bash_decorator.py
[2026-01-14T19:53:34.887+0530] {processor.py:830} INFO - Processing file /home/sathya/projects/training-kit/.venv-airflow/lib/python3.10/site-packages/airflow/example_dags/example_bash_decorator.py for tasks to queue
[2026-01-14T19:53:34.891+0530] {logging_mixin.py:188} INFO - [2026-01-14T19:53:34.890+0530] {dagbag.py:545} INFO - Filling up the DagBag from /home/sathya/projects/training-kit/.venv-airflow/lib/python3.10/site-packages/airflow/example_dags/example_bash_decorator.py
[2026-01-14T19:53:34.925+0530] {processor.py:840} INFO - DAG(s) 'example_bash_decorator' retrieved from /home/sathya/projects/training-kit/.venv-airflow/lib/python3.10/site-packages/airflow/example_dags/example_bash_decorator.py
[2026-01-14T19:53:34.942+0530] {logging_mixin.py:188} INFO - [2026-01-14T19:53:34.942+0530] {dag.py:3089} INFO - Sync 1 DAGs
[2026-01-14T19:53:34.955+0530] {logging_mixin.py:188} INFO - [2026-01-14T19:53:34.955+0530] {dag.py:3947} INFO - Setting next_dagrun for example_bash_decorator to None, run_after=None
[2026-01-14T19:53:34.983+0530] {processor.py:183} INFO - Processing /home/sathya/projects/training-kit/.venv-airflow/lib/python3.10/site-packages/airflow/example_dags/example_bash_decorator.py took 0.114 seconds
[2026-01-14T19:54:25.312+0530] {processor.py:161} INFO - Started process (PID=2095) to work on /home/sathya/projects/training-kit/.venv-airflow/lib/python3.10/site-packages/airflow/example_dags/example_bash_decorator.py
[2026-01-14T19:54:25.314+0530] {processor.py:830} INFO - Processing file /home/sathya/projects/training-kit/.venv-airflow/lib/python3.10/site-packages/airflow/example_dags/example_bash_decorator.py for tasks to queue
[2026-01-14T19:54:25.317+0530] {logging_mixin.py:188} INFO - [2026-01-14T19:54:25.317+0530] {dagbag.py:545} INFO - Filling up the DagBag from /home/sathya/projects/training-kit/.venv-airflow/lib/python3.10/site-packages/airflow/example_dags/example_bash_decorator.py
[2026-01-14T19:54:25.336+0530] {processor.py:840} INFO - DAG(s) 'example_bash_decorator' retrieved from /home/sathya/projects/training-kit/.venv-airflow/lib/python3.10/site-packages/airflow/example_dags/example_bash_decorator.py
[2026-01-14T19:54:25.368+0530] {logging_mixin.py:188} INFO - [2026-01-14T19:54:25.368+0530] {dag.py:3089} INFO - Sync 1 DAGs
[2026-01-14T19:54:25.394+0530] {logging_mixin.py:188} INFO - [2026-01-14T19:54:25.392+0530] {dag.py:3947} INFO - Setting next_dagrun for example_bash_decorator to None, run_after=None
[2026-01-14T19:54:25.424+0530] {processor.py:183} INFO - Processing /home/sathya/projects/training-kit/.venv-airflow/lib/python3.10/site-packages/airflow/example_dags/example_bash_decorator.py took 0.121 seconds
[2026-01-14T19:54:33.029+0530] {processor.py:161} INFO - Started process (PID=2165) to work on /home/sathya/projects/training-kit/.venv-airflow/lib/python3.10/site-packages/airflow/example_dags/example_bash_decorator.py
[2026-01-14T19:54:33.030+0530] {processor.py:830} INFO - Processing file /home/sathya/projects/training-kit/.venv-airflow/lib/python3.10/site-packages/airflow/example_dags/example_bash_decorator.py for tasks to queue
[2026-01-14T19:54:33.032+0530] {logging_mixin.py:188} INFO - [2026-01-14T19:54:33.031+0530] {dagbag.py:545} INFO - Filling up the DagBag from /home/sathya/projects/training-kit/.venv-airflow/lib/python3.10/site-packages/airflow/example_dags/example_bash_decorator.py
[2026-01-14T19:54:33.047+0530] {processor.py:840} INFO - DAG(s) 'example_bash_decorator' retrieved from /home/sathya/projects/training-kit/.venv-airflow/lib/python3.10/site-packages/airflow/example_dags/example_bash_decorator.py
[2026-01-14T19:54:33.198+0530] {logging_mixin.py:188} INFO - [2026-01-14T19:54:33.196+0530] {dag.py:3089} INFO - Sync 1 DAGs
[2026-01-14T19:54:33.212+0530] {logging_mixin.py:188} INFO - [2026-01-14T19:54:33.212+0530] {dag.py:3947} INFO - Setting next_dagrun for example_bash_decorator to None, run_after=None
[2026-01-14T19:54:33.255+0530] {processor.py:183} INFO - Processing /home/sathya/projects/training-kit/.venv-airflow/lib/python3.10/site-packages/airflow/example_dags/example_bash_decorator.py took 0.233 seconds
[2026-01-14T19:55:12.414+0530] {processor.py:161} INFO - Started process (PID=2308) to work on /home/sathya/projects/training-kit/.venv-airflow/lib/python3.10/site-packages/airflow/example_dags/example_bash_decorator.py
[2026-01-14T19:55:12.415+0530] {processor.py:830} INFO - Processing file /home/sathya/projects/training-kit/.venv-airflow/lib/python3.10/site-packages/airflow/example_dags/example_bash_decorator.py for tasks to queue
[2026-01-14T19:55:12.417+0530] {logging_mixin.py:188} INFO - [2026-01-14T19:55:12.417+0530] {dagbag.py:545} INFO - Filling up the DagBag from /home/sathya/projects/training-kit/.venv-airflow/lib/python3.10/site-packages/airflow/example_dags/example_bash_decorator.py
[2026-01-14T19:55:12.434+0530] {processor.py:840} INFO - DAG(s) 'example_bash_decorator' retrieved from /home/sathya/projects/training-kit/.venv-airflow/lib/python3.10/site-packages/airflow/example_dags/example_bash_decorator.py
[2026-01-14T19:55:12.551+0530] {logging_mixin.py:188} INFO - [2026-01-14T19:55:12.550+0530] {dag.py:3089} INFO - Sync 1 DAGs
[2026-01-14T19:55:12.558+0530] {logging_mixin.py:188} INFO - [2026-01-14T19:55:12.558+0530] {dag.py:3947} INFO - Setting next_dagrun for example_bash_decorator to None, run_after=None
[2026-01-14T19:55:12.591+0530] {processor.py:183} INFO - Processing /home/sathya/projects/training-kit/.venv-airflow/lib/python3.10/site-packages/airflow/example_dags/example_bash_decorator.py took 0.183 seconds
[2026-01-14T19:55:26.121+0530] {processor.py:161} INFO - Started process (PID=2363) to work on /home/sathya/projects/training-kit/.venv-airflow/lib/python3.10/site-packages/airflow/example_dags/example_bash_decorator.py
[2026-01-14T19:55:26.122+0530] {processor.py:830} INFO - Processing file /home/sathya/projects/training-kit/.venv-airflow/lib/python3.10/site-packages/airflow/example_dags/example_bash_decorator.py for tasks to queue
[2026-01-14T19:55:26.124+0530] {logging_mixin.py:188} INFO - [2026-01-14T19:55:26.124+0530] {dagbag.py:545} INFO - Filling up the DagBag from /home/sathya/projects/training-kit/.venv-airflow/lib/python3.10/site-packages/airflow/example_dags/example_bash_decorator.py
[2026-01-14T19:55:26.140+0530] {processor.py:840} INFO - DAG(s) 'example_bash_decorator' retrieved from /home/sathya/projects/training-kit/.venv-airflow/lib/python3.10/site-packages/airflow/example_dags/example_bash_decorator.py
[2026-01-14T19:55:26.149+0530] {logging_mixin.py:188} INFO - [2026-01-14T19:55:26.149+0530] {dag.py:3089} INFO - Sync 1 DAGs
[2026-01-14T19:55:26.167+0530] {logging_mixin.py:188} INFO - [2026-01-14T19:55:26.167+0530] {dag.py:3947} INFO - Setting next_dagrun for example_bash_decorator to None, run_after=None
[2026-01-14T19:55:26.206+0530] {processor.py:183} INFO - Processing /home/sathya/projects/training-kit/.venv-airflow/lib/python3.10/site-packages/airflow/example_dags/example_bash_decorator.py took 0.094 seconds
[2026-01-14T19:57:15.212+0530] {processor.py:161} INFO - Started process (PID=2523) to work on /home/sathya/projects/training-kit/.venv-airflow/lib/python3.10/site-packages/airflow/example_dags/example_bash_decorator.py
[2026-01-14T19:57:15.214+0530] {processor.py:830} INFO - Processing file /home/sathya/projects/training-kit/.venv-airflow/lib/python3.10/site-packages/airflow/example_dags/example_bash_decorator.py for tasks to queue
[2026-01-14T19:57:15.216+0530] {logging_mixin.py:188} INFO - [2026-01-14T19:57:15.215+0530] {dagbag.py:545} INFO - Filling up the DagBag from /home/sathya/projects/training-kit/.venv-airflow/lib/python3.10/site-packages/airflow/example_dags/example_bash_decorator.py
[2026-01-14T19:57:15.236+0530] {processor.py:840} INFO - DAG(s) 'example_bash_decorator' retrieved from /home/sathya/projects/training-kit/.venv-airflow/lib/python3.10/site-packages/airflow/example_dags/example_bash_decorator.py
[2026-01-14T19:57:15.348+0530] {logging_mixin.py:188} INFO - [2026-01-14T19:57:15.348+0530] {dag.py:3089} INFO - Sync 1 DAGs
[2026-01-14T19:57:15.358+0530] {logging_mixin.py:188} INFO - [2026-01-14T19:57:15.358+0530] {dag.py:3947} INFO - Setting next_dagrun for example_bash_decorator to None, run_after=None
[2026-01-14T19:57:15.389+0530] {processor.py:183} INFO - Processing /home/sathya/projects/training-kit/.venv-airflow/lib/python3.10/site-packages/airflow/example_dags/example_bash_decorator.py took 0.186 seconds
[2026-01-14T19:58:12.190+0530] {processor.py:161} INFO - Started process (PID=2614) to work on /home/sathya/projects/training-kit/.venv-airflow/lib/python3.10/site-packages/airflow/example_dags/example_bash_decorator.py
[2026-01-14T19:58:12.192+0530] {processor.py:830} INFO - Processing file /home/sathya/projects/training-kit/.venv-airflow/lib/python3.10/site-packages/airflow/example_dags/example_bash_decorator.py for tasks to queue
[2026-01-14T19:58:12.195+0530] {logging_mixin.py:188} INFO - [2026-01-14T19:58:12.195+0530] {dagbag.py:545} INFO - Filling up the DagBag from /home/sathya/projects/training-kit/.venv-airflow/lib/python3.10/site-packages/airflow/example_dags/example_bash_decorator.py
[2026-01-14T19:58:12.211+0530] {processor.py:840} INFO - DAG(s) 'example_bash_decorator' retrieved from /home/sathya/projects/training-kit/.venv-airflow/lib/python3.10/site-packages/airflow/example_dags/example_bash_decorator.py
[2026-01-14T19:58:12.232+0530] {logging_mixin.py:188} INFO - [2026-01-14T19:58:12.232+0530] {dag.py:3089} INFO - Sync 1 DAGs
[2026-01-14T19:58:12.244+0530] {logging_mixin.py:188} INFO - [2026-01-14T19:58:12.244+0530] {dag.py:3947} INFO - Setting next_dagrun for example_bash_decorator to None, run_after=None
[2026-01-14T19:58:12.283+0530] {processor.py:183} INFO - Processing /home/sathya/projects/training-kit/.venv-airflow/lib/python3.10/site-packages/airflow/example_dags/example_bash_decorator.py took 0.100 seconds
[2026-01-14T19:59:08.172+0530] {processor.py:161} INFO - Started process (PID=2703) to work on /home/sathya/projects/training-kit/.venv-airflow/lib/python3.10/site-packages/airflow/example_dags/example_bash_decorator.py
[2026-01-14T19:59:08.174+0530] {processor.py:830} INFO - Processing file /home/sathya/projects/training-kit/.venv-airflow/lib/python3.10/site-packages/airflow/example_dags/example_bash_decorator.py for tasks to queue
[2026-01-14T19:59:08.177+0530] {logging_mixin.py:188} INFO - [2026-01-14T19:59:08.177+0530] {dagbag.py:545} INFO - Filling up the DagBag from /home/sathya/projects/training-kit/.venv-airflow/lib/python3.10/site-packages/airflow/example_dags/example_bash_decorator.py
[2026-01-14T19:59:08.206+0530] {processor.py:840} INFO - DAG(s) 'example_bash_decorator' retrieved from /home/sathya/projects/training-kit/.venv-airflow/lib/python3.10/site-packages/airflow/example_dags/example_bash_decorator.py
[2026-01-14T19:59:08.229+0530] {logging_mixin.py:188} INFO - [2026-01-14T19:59:08.228+0530] {dag.py:3089} INFO - Sync 1 DAGs
[2026-01-14T19:59:08.243+0530] {logging_mixin.py:188} INFO - [2026-01-14T19:59:08.242+0530] {dag.py:3947} INFO - Setting next_dagrun for example_bash_decorator to None, run_after=None
[2026-01-14T19:59:08.275+0530] {processor.py:183} INFO - Processing /home/sathya/projects/training-kit/.venv-airflow/lib/python3.10/site-packages/airflow/example_dags/example_bash_decorator.py took 0.112 seconds
[2026-01-14T20:00:04.936+0530] {processor.py:161} INFO - Started process (PID=2802) to work on /home/sathya/projects/training-kit/.venv-airflow/lib/python3.10/site-packages/airflow/example_dags/example_bash_decorator.py
[2026-01-14T20:00:04.939+0530] {processor.py:830} INFO - Processing file /home/sathya/projects/training-kit/.venv-airflow/lib/python3.10/site-packages/airflow/example_dags/example_bash_decorator.py for tasks to queue
[2026-01-14T20:00:04.941+0530] {logging_mixin.py:188} INFO - [2026-01-14T20:00:04.941+0530] {dagbag.py:545} INFO - Filling up the DagBag from /home/sathya/projects/training-kit/.venv-airflow/lib/python3.10/site-packages/airflow/example_dags/example_bash_decorator.py
[2026-01-14T20:00:04.964+0530] {processor.py:840} INFO - DAG(s) 'example_bash_decorator' retrieved from /home/sathya/projects/training-kit/.venv-airflow/lib/python3.10/site-packages/airflow/example_dags/example_bash_decorator.py
[2026-01-14T20:00:04.992+0530] {logging_mixin.py:188} INFO - [2026-01-14T20:00:04.992+0530] {dag.py:3089} INFO - Sync 1 DAGs
[2026-01-14T20:00:05.005+0530] {logging_mixin.py:188} INFO - [2026-01-14T20:00:05.005+0530] {dag.py:3947} INFO - Setting next_dagrun for example_bash_decorator to None, run_after=None
[2026-01-14T20:00:05.048+0530] {processor.py:183} INFO - Processing /home/sathya/projects/training-kit/.venv-airflow/lib/python3.10/site-packages/airflow/example_dags/example_bash_decorator.py took 0.126 seconds
[2026-01-14T20:01:11.495+0530] {processor.py:161} INFO - Started process (PID=2893) to work on /home/sathya/projects/training-kit/.venv-airflow/lib/python3.10/site-packages/airflow/example_dags/example_bash_decorator.py
[2026-01-14T20:01:11.498+0530] {processor.py:830} INFO - Processing file /home/sathya/projects/training-kit/.venv-airflow/lib/python3.10/site-packages/airflow/example_dags/example_bash_decorator.py for tasks to queue
[2026-01-14T20:01:11.502+0530] {logging_mixin.py:188} INFO - [2026-01-14T20:01:11.501+0530] {dagbag.py:545} INFO - Filling up the DagBag from /home/sathya/projects/training-kit/.venv-airflow/lib/python3.10/site-packages/airflow/example_dags/example_bash_decorator.py
[2026-01-14T20:01:11.518+0530] {processor.py:840} INFO - DAG(s) 'example_bash_decorator' retrieved from /home/sathya/projects/training-kit/.venv-airflow/lib/python3.10/site-packages/airflow/example_dags/example_bash_decorator.py
[2026-01-14T20:01:11.538+0530] {logging_mixin.py:188} INFO - [2026-01-14T20:01:11.537+0530] {dag.py:3089} INFO - Sync 1 DAGs
[2026-01-14T20:01:11.550+0530] {logging_mixin.py:188} INFO - [2026-01-14T20:01:11.549+0530] {dag.py:3947} INFO - Setting next_dagrun for example_bash_decorator to None, run_after=None
[2026-01-14T20:01:11.573+0530] {processor.py:183} INFO - Processing /home/sathya/projects/training-kit/.venv-airflow/lib/python3.10/site-packages/airflow/example_dags/example_bash_decorator.py took 0.085 seconds
[2026-01-14T20:04:35.709+0530] {processor.py:161} INFO - Started process (PID=3110) to work on /home/sathya/projects/training-kit/.venv-airflow/lib/python3.10/site-packages/airflow/example_dags/example_bash_decorator.py
[2026-01-14T20:04:35.712+0530] {processor.py:830} INFO - Processing file /home/sathya/projects/training-kit/.venv-airflow/lib/python3.10/site-packages/airflow/example_dags/example_bash_decorator.py for tasks to queue
[2026-01-14T20:04:35.715+0530] {logging_mixin.py:188} INFO - [2026-01-14T20:04:35.715+0530] {dagbag.py:545} INFO - Filling up the DagBag from /home/sathya/projects/training-kit/.venv-airflow/lib/python3.10/site-packages/airflow/example_dags/example_bash_decorator.py
[2026-01-14T20:04:35.736+0530] {processor.py:840} INFO - DAG(s) 'example_bash_decorator' retrieved from /home/sathya/projects/training-kit/.venv-airflow/lib/python3.10/site-packages/airflow/example_dags/example_bash_decorator.py
[2026-01-14T20:04:35.870+0530] {logging_mixin.py:188} INFO - [2026-01-14T20:04:35.870+0530] {dag.py:3089} INFO - Sync 1 DAGs
[2026-01-14T20:04:35.898+0530] {logging_mixin.py:188} INFO - [2026-01-14T20:04:35.898+0530] {dag.py:3947} INFO - Setting next_dagrun for example_bash_decorator to None, run_after=None
[2026-01-14T20:04:35.929+0530] {processor.py:183} INFO - Processing /home/sathya/projects/training-kit/.venv-airflow/lib/python3.10/site-packages/airflow/example_dags/example_bash_decorator.py took 0.240 seconds
[2026-01-14T20:05:34.621+0530] {processor.py:161} INFO - Started process (PID=3224) to work on /home/sathya/projects/training-kit/.venv-airflow/lib/python3.10/site-packages/airflow/example_dags/example_bash_decorator.py
[2026-01-14T20:05:34.632+0530] {processor.py:830} INFO - Processing file /home/sathya/projects/training-kit/.venv-airflow/lib/python3.10/site-packages/airflow/example_dags/example_bash_decorator.py for tasks to queue
[2026-01-14T20:05:34.633+0530] {logging_mixin.py:188} INFO - [2026-01-14T20:05:34.633+0530] {dagbag.py:545} INFO - Filling up the DagBag from /home/sathya/projects/training-kit/.venv-airflow/lib/python3.10/site-packages/airflow/example_dags/example_bash_decorator.py
[2026-01-14T20:05:34.648+0530] {processor.py:840} INFO - DAG(s) 'example_bash_decorator' retrieved from /home/sathya/projects/training-kit/.venv-airflow/lib/python3.10/site-packages/airflow/example_dags/example_bash_decorator.py
[2026-01-14T20:05:34.663+0530] {logging_mixin.py:188} INFO - [2026-01-14T20:05:34.663+0530] {dag.py:3089} INFO - Sync 1 DAGs
[2026-01-14T20:05:34.673+0530] {logging_mixin.py:188} INFO - [2026-01-14T20:05:34.673+0530] {dag.py:3947} INFO - Setting next_dagrun for example_bash_decorator to None, run_after=None
[2026-01-14T20:05:34.697+0530] {processor.py:183} INFO - Processing /home/sathya/projects/training-kit/.venv-airflow/lib/python3.10/site-packages/airflow/example_dags/example_bash_decorator.py took 0.083 seconds
