[2026-01-14T19:52:10.293+0530] {processor.py:161} INFO - Started process (PID=1630) to work on /home/sathya/projects/training-kit/.venv-airflow/lib/python3.10/site-packages/airflow/example_dags/example_dynamic_task_mapping_with_no_taskflow_operators.py
[2026-01-14T19:52:10.294+0530] {processor.py:830} INFO - Processing file /home/sathya/projects/training-kit/.venv-airflow/lib/python3.10/site-packages/airflow/example_dags/example_dynamic_task_mapping_with_no_taskflow_operators.py for tasks to queue
[2026-01-14T19:51:58.645+0530] {logging_mixin.py:188} INFO - [2026-01-14T19:51:58.645+0530] {dagbag.py:545} INFO - Filling up the DagBag from /home/sathya/projects/training-kit/.venv-airflow/lib/python3.10/site-packages/airflow/example_dags/example_dynamic_task_mapping_with_no_taskflow_operators.py
[2026-01-14T19:51:58.653+0530] {processor.py:840} INFO - DAG(s) 'example_dynamic_task_mapping_with_no_taskflow_operators' retrieved from /home/sathya/projects/training-kit/.venv-airflow/lib/python3.10/site-packages/airflow/example_dags/example_dynamic_task_mapping_with_no_taskflow_operators.py
[2026-01-14T19:51:58.797+0530] {logging_mixin.py:188} INFO - [2026-01-14T19:51:58.796+0530] {dag.py:3089} INFO - Sync 1 DAGs
[2026-01-14T19:51:58.821+0530] {logging_mixin.py:188} INFO - [2026-01-14T19:51:58.821+0530] {dag.py:3947} INFO - Setting next_dagrun for example_dynamic_task_mapping_with_no_taskflow_operators to 2026-01-13 00:00:00+00:00, run_after=2026-01-14 00:00:00+00:00
[2026-01-14T19:51:58.868+0530] {processor.py:183} INFO - Processing /home/sathya/projects/training-kit/.venv-airflow/lib/python3.10/site-packages/airflow/example_dags/example_dynamic_task_mapping_with_no_taskflow_operators.py took 0.242 seconds
[2026-01-14T19:53:05.388+0530] {processor.py:161} INFO - Started process (PID=1810) to work on /home/sathya/projects/training-kit/.venv-airflow/lib/python3.10/site-packages/airflow/example_dags/example_dynamic_task_mapping_with_no_taskflow_operators.py
[2026-01-14T19:53:05.390+0530] {processor.py:830} INFO - Processing file /home/sathya/projects/training-kit/.venv-airflow/lib/python3.10/site-packages/airflow/example_dags/example_dynamic_task_mapping_with_no_taskflow_operators.py for tasks to queue
[2026-01-14T19:53:05.392+0530] {logging_mixin.py:188} INFO - [2026-01-14T19:53:05.391+0530] {dagbag.py:545} INFO - Filling up the DagBag from /home/sathya/projects/training-kit/.venv-airflow/lib/python3.10/site-packages/airflow/example_dags/example_dynamic_task_mapping_with_no_taskflow_operators.py
[2026-01-14T19:53:05.402+0530] {processor.py:840} INFO - DAG(s) 'example_dynamic_task_mapping_with_no_taskflow_operators' retrieved from /home/sathya/projects/training-kit/.venv-airflow/lib/python3.10/site-packages/airflow/example_dags/example_dynamic_task_mapping_with_no_taskflow_operators.py
[2026-01-14T19:53:05.425+0530] {logging_mixin.py:188} INFO - [2026-01-14T19:53:05.424+0530] {dag.py:3089} INFO - Sync 1 DAGs
[2026-01-14T19:53:05.451+0530] {logging_mixin.py:188} INFO - [2026-01-14T19:53:05.451+0530] {dag.py:3947} INFO - Setting next_dagrun for example_dynamic_task_mapping_with_no_taskflow_operators to 2026-01-13 00:00:00+00:00, run_after=2026-01-14 00:00:00+00:00
[2026-01-14T19:53:05.505+0530] {processor.py:183} INFO - Processing /home/sathya/projects/training-kit/.venv-airflow/lib/python3.10/site-packages/airflow/example_dags/example_dynamic_task_mapping_with_no_taskflow_operators.py took 0.127 seconds
[2026-01-14T19:53:32.916+0530] {processor.py:161} INFO - Started process (PID=1954) to work on /home/sathya/projects/training-kit/.venv-airflow/lib/python3.10/site-packages/airflow/example_dags/example_dynamic_task_mapping_with_no_taskflow_operators.py
[2026-01-14T19:53:32.918+0530] {processor.py:830} INFO - Processing file /home/sathya/projects/training-kit/.venv-airflow/lib/python3.10/site-packages/airflow/example_dags/example_dynamic_task_mapping_with_no_taskflow_operators.py for tasks to queue
[2026-01-14T19:53:32.920+0530] {logging_mixin.py:188} INFO - [2026-01-14T19:53:32.919+0530] {dagbag.py:545} INFO - Filling up the DagBag from /home/sathya/projects/training-kit/.venv-airflow/lib/python3.10/site-packages/airflow/example_dags/example_dynamic_task_mapping_with_no_taskflow_operators.py
[2026-01-14T19:53:32.934+0530] {processor.py:840} INFO - DAG(s) 'example_dynamic_task_mapping_with_no_taskflow_operators' retrieved from /home/sathya/projects/training-kit/.venv-airflow/lib/python3.10/site-packages/airflow/example_dags/example_dynamic_task_mapping_with_no_taskflow_operators.py
[2026-01-14T19:53:32.953+0530] {logging_mixin.py:188} INFO - [2026-01-14T19:53:32.952+0530] {dag.py:3089} INFO - Sync 1 DAGs
[2026-01-14T19:53:32.979+0530] {logging_mixin.py:188} INFO - [2026-01-14T19:53:32.979+0530] {dag.py:3947} INFO - Setting next_dagrun for example_dynamic_task_mapping_with_no_taskflow_operators to 2026-01-13 00:00:00+00:00, run_after=2026-01-14 00:00:00+00:00
[2026-01-14T19:53:33.027+0530] {processor.py:183} INFO - Processing /home/sathya/projects/training-kit/.venv-airflow/lib/python3.10/site-packages/airflow/example_dags/example_dynamic_task_mapping_with_no_taskflow_operators.py took 0.123 seconds
[2026-01-14T19:54:14.557+0530] {processor.py:161} INFO - Started process (PID=2100) to work on /home/sathya/projects/training-kit/.venv-airflow/lib/python3.10/site-packages/airflow/example_dags/example_dynamic_task_mapping_with_no_taskflow_operators.py
[2026-01-14T19:54:14.560+0530] {processor.py:830} INFO - Processing file /home/sathya/projects/training-kit/.venv-airflow/lib/python3.10/site-packages/airflow/example_dags/example_dynamic_task_mapping_with_no_taskflow_operators.py for tasks to queue
[2026-01-14T19:54:14.563+0530] {logging_mixin.py:188} INFO - [2026-01-14T19:54:14.562+0530] {dagbag.py:545} INFO - Filling up the DagBag from /home/sathya/projects/training-kit/.venv-airflow/lib/python3.10/site-packages/airflow/example_dags/example_dynamic_task_mapping_with_no_taskflow_operators.py
[2026-01-14T19:54:14.570+0530] {processor.py:840} INFO - DAG(s) 'example_dynamic_task_mapping_with_no_taskflow_operators' retrieved from /home/sathya/projects/training-kit/.venv-airflow/lib/python3.10/site-packages/airflow/example_dags/example_dynamic_task_mapping_with_no_taskflow_operators.py
[2026-01-14T19:54:14.596+0530] {logging_mixin.py:188} INFO - [2026-01-14T19:54:14.596+0530] {dag.py:3089} INFO - Sync 1 DAGs
[2026-01-14T19:54:14.629+0530] {logging_mixin.py:188} INFO - [2026-01-14T19:54:14.629+0530] {dag.py:3947} INFO - Setting next_dagrun for example_dynamic_task_mapping_with_no_taskflow_operators to 2026-01-13 00:00:00+00:00, run_after=2026-01-14 00:00:00+00:00
[2026-01-14T19:54:14.664+0530] {processor.py:183} INFO - Processing /home/sathya/projects/training-kit/.venv-airflow/lib/python3.10/site-packages/airflow/example_dags/example_dynamic_task_mapping_with_no_taskflow_operators.py took 0.115 seconds
[2026-01-14T19:54:30.348+0530] {processor.py:161} INFO - Started process (PID=2157) to work on /home/sathya/projects/training-kit/.venv-airflow/lib/python3.10/site-packages/airflow/example_dags/example_dynamic_task_mapping_with_no_taskflow_operators.py
[2026-01-14T19:54:30.350+0530] {processor.py:830} INFO - Processing file /home/sathya/projects/training-kit/.venv-airflow/lib/python3.10/site-packages/airflow/example_dags/example_dynamic_task_mapping_with_no_taskflow_operators.py for tasks to queue
[2026-01-14T19:54:30.352+0530] {logging_mixin.py:188} INFO - [2026-01-14T19:54:30.352+0530] {dagbag.py:545} INFO - Filling up the DagBag from /home/sathya/projects/training-kit/.venv-airflow/lib/python3.10/site-packages/airflow/example_dags/example_dynamic_task_mapping_with_no_taskflow_operators.py
[2026-01-14T19:54:30.364+0530] {processor.py:840} INFO - DAG(s) 'example_dynamic_task_mapping_with_no_taskflow_operators' retrieved from /home/sathya/projects/training-kit/.venv-airflow/lib/python3.10/site-packages/airflow/example_dags/example_dynamic_task_mapping_with_no_taskflow_operators.py
[2026-01-14T19:54:30.386+0530] {logging_mixin.py:188} INFO - [2026-01-14T19:54:30.385+0530] {dag.py:3089} INFO - Sync 1 DAGs
[2026-01-14T19:54:30.413+0530] {logging_mixin.py:188} INFO - [2026-01-14T19:54:30.412+0530] {dag.py:3947} INFO - Setting next_dagrun for example_dynamic_task_mapping_with_no_taskflow_operators to 2026-01-13 00:00:00+00:00, run_after=2026-01-14 00:00:00+00:00
[2026-01-14T19:54:30.447+0530] {processor.py:183} INFO - Processing /home/sathya/projects/training-kit/.venv-airflow/lib/python3.10/site-packages/airflow/example_dags/example_dynamic_task_mapping_with_no_taskflow_operators.py took 0.108 seconds
[2026-01-14T19:55:11.741+0530] {processor.py:161} INFO - Started process (PID=2307) to work on /home/sathya/projects/training-kit/.venv-airflow/lib/python3.10/site-packages/airflow/example_dags/example_dynamic_task_mapping_with_no_taskflow_operators.py
[2026-01-14T19:55:11.742+0530] {processor.py:830} INFO - Processing file /home/sathya/projects/training-kit/.venv-airflow/lib/python3.10/site-packages/airflow/example_dags/example_dynamic_task_mapping_with_no_taskflow_operators.py for tasks to queue
[2026-01-14T19:55:11.745+0530] {logging_mixin.py:188} INFO - [2026-01-14T19:55:11.744+0530] {dagbag.py:545} INFO - Filling up the DagBag from /home/sathya/projects/training-kit/.venv-airflow/lib/python3.10/site-packages/airflow/example_dags/example_dynamic_task_mapping_with_no_taskflow_operators.py
[2026-01-14T19:55:11.751+0530] {processor.py:840} INFO - DAG(s) 'example_dynamic_task_mapping_with_no_taskflow_operators' retrieved from /home/sathya/projects/training-kit/.venv-airflow/lib/python3.10/site-packages/airflow/example_dags/example_dynamic_task_mapping_with_no_taskflow_operators.py
[2026-01-14T19:55:11.771+0530] {logging_mixin.py:188} INFO - [2026-01-14T19:55:11.771+0530] {dag.py:3089} INFO - Sync 1 DAGs
[2026-01-14T19:55:11.795+0530] {logging_mixin.py:188} INFO - [2026-01-14T19:55:11.794+0530] {dag.py:3947} INFO - Setting next_dagrun for example_dynamic_task_mapping_with_no_taskflow_operators to 2026-01-13 00:00:00+00:00, run_after=2026-01-14 00:00:00+00:00
[2026-01-14T19:55:11.831+0530] {processor.py:183} INFO - Processing /home/sathya/projects/training-kit/.venv-airflow/lib/python3.10/site-packages/airflow/example_dags/example_dynamic_task_mapping_with_no_taskflow_operators.py took 0.095 seconds
[2026-01-14T19:55:26.839+0530] {processor.py:161} INFO - Started process (PID=2366) to work on /home/sathya/projects/training-kit/.venv-airflow/lib/python3.10/site-packages/airflow/example_dags/example_dynamic_task_mapping_with_no_taskflow_operators.py
[2026-01-14T19:55:26.841+0530] {processor.py:830} INFO - Processing file /home/sathya/projects/training-kit/.venv-airflow/lib/python3.10/site-packages/airflow/example_dags/example_dynamic_task_mapping_with_no_taskflow_operators.py for tasks to queue
[2026-01-14T19:55:26.843+0530] {logging_mixin.py:188} INFO - [2026-01-14T19:55:26.842+0530] {dagbag.py:545} INFO - Filling up the DagBag from /home/sathya/projects/training-kit/.venv-airflow/lib/python3.10/site-packages/airflow/example_dags/example_dynamic_task_mapping_with_no_taskflow_operators.py
[2026-01-14T19:55:26.850+0530] {processor.py:840} INFO - DAG(s) 'example_dynamic_task_mapping_with_no_taskflow_operators' retrieved from /home/sathya/projects/training-kit/.venv-airflow/lib/python3.10/site-packages/airflow/example_dags/example_dynamic_task_mapping_with_no_taskflow_operators.py
[2026-01-14T19:55:26.867+0530] {logging_mixin.py:188} INFO - [2026-01-14T19:55:26.867+0530] {dag.py:3089} INFO - Sync 1 DAGs
[2026-01-14T19:55:26.893+0530] {logging_mixin.py:188} INFO - [2026-01-14T19:55:26.893+0530] {dag.py:3947} INFO - Setting next_dagrun for example_dynamic_task_mapping_with_no_taskflow_operators to 2026-01-13 00:00:00+00:00, run_after=2026-01-14 00:00:00+00:00
[2026-01-14T19:55:26.926+0530] {processor.py:183} INFO - Processing /home/sathya/projects/training-kit/.venv-airflow/lib/python3.10/site-packages/airflow/example_dags/example_dynamic_task_mapping_with_no_taskflow_operators.py took 0.096 seconds
[2026-01-14T19:57:31.274+0530] {processor.py:161} INFO - Started process (PID=2548) to work on /home/sathya/projects/training-kit/.venv-airflow/lib/python3.10/site-packages/airflow/example_dags/example_dynamic_task_mapping_with_no_taskflow_operators.py
[2026-01-14T19:57:31.275+0530] {processor.py:830} INFO - Processing file /home/sathya/projects/training-kit/.venv-airflow/lib/python3.10/site-packages/airflow/example_dags/example_dynamic_task_mapping_with_no_taskflow_operators.py for tasks to queue
[2026-01-14T19:57:31.277+0530] {logging_mixin.py:188} INFO - [2026-01-14T19:57:31.277+0530] {dagbag.py:545} INFO - Filling up the DagBag from /home/sathya/projects/training-kit/.venv-airflow/lib/python3.10/site-packages/airflow/example_dags/example_dynamic_task_mapping_with_no_taskflow_operators.py
[2026-01-14T19:57:31.287+0530] {processor.py:840} INFO - DAG(s) 'example_dynamic_task_mapping_with_no_taskflow_operators' retrieved from /home/sathya/projects/training-kit/.venv-airflow/lib/python3.10/site-packages/airflow/example_dags/example_dynamic_task_mapping_with_no_taskflow_operators.py
[2026-01-14T19:57:31.309+0530] {logging_mixin.py:188} INFO - [2026-01-14T19:57:31.308+0530] {dag.py:3089} INFO - Sync 1 DAGs
[2026-01-14T19:57:31.352+0530] {logging_mixin.py:188} INFO - [2026-01-14T19:57:31.352+0530] {dag.py:3947} INFO - Setting next_dagrun for example_dynamic_task_mapping_with_no_taskflow_operators to 2026-01-13 00:00:00+00:00, run_after=2026-01-14 00:00:00+00:00
[2026-01-14T19:57:31.416+0530] {processor.py:183} INFO - Processing /home/sathya/projects/training-kit/.venv-airflow/lib/python3.10/site-packages/airflow/example_dags/example_dynamic_task_mapping_with_no_taskflow_operators.py took 0.161 seconds
[2026-01-14T19:58:28.639+0530] {processor.py:161} INFO - Started process (PID=2638) to work on /home/sathya/projects/training-kit/.venv-airflow/lib/python3.10/site-packages/airflow/example_dags/example_dynamic_task_mapping_with_no_taskflow_operators.py
[2026-01-14T19:58:28.641+0530] {processor.py:830} INFO - Processing file /home/sathya/projects/training-kit/.venv-airflow/lib/python3.10/site-packages/airflow/example_dags/example_dynamic_task_mapping_with_no_taskflow_operators.py for tasks to queue
[2026-01-14T19:58:28.644+0530] {logging_mixin.py:188} INFO - [2026-01-14T19:58:28.643+0530] {dagbag.py:545} INFO - Filling up the DagBag from /home/sathya/projects/training-kit/.venv-airflow/lib/python3.10/site-packages/airflow/example_dags/example_dynamic_task_mapping_with_no_taskflow_operators.py
[2026-01-14T19:58:28.654+0530] {processor.py:840} INFO - DAG(s) 'example_dynamic_task_mapping_with_no_taskflow_operators' retrieved from /home/sathya/projects/training-kit/.venv-airflow/lib/python3.10/site-packages/airflow/example_dags/example_dynamic_task_mapping_with_no_taskflow_operators.py
[2026-01-14T19:58:28.677+0530] {logging_mixin.py:188} INFO - [2026-01-14T19:58:28.677+0530] {dag.py:3089} INFO - Sync 1 DAGs
[2026-01-14T19:58:28.697+0530] {logging_mixin.py:188} INFO - [2026-01-14T19:58:28.697+0530] {dag.py:3947} INFO - Setting next_dagrun for example_dynamic_task_mapping_with_no_taskflow_operators to 2026-01-13 00:00:00+00:00, run_after=2026-01-14 00:00:00+00:00
[2026-01-14T19:58:28.722+0530] {processor.py:183} INFO - Processing /home/sathya/projects/training-kit/.venv-airflow/lib/python3.10/site-packages/airflow/example_dags/example_dynamic_task_mapping_with_no_taskflow_operators.py took 0.093 seconds
[2026-01-14T19:59:50.644+0530] {processor.py:161} INFO - Started process (PID=2782) to work on /home/sathya/projects/training-kit/.venv-airflow/lib/python3.10/site-packages/airflow/example_dags/example_dynamic_task_mapping_with_no_taskflow_operators.py
[2026-01-14T19:59:50.649+0530] {processor.py:830} INFO - Processing file /home/sathya/projects/training-kit/.venv-airflow/lib/python3.10/site-packages/airflow/example_dags/example_dynamic_task_mapping_with_no_taskflow_operators.py for tasks to queue
[2026-01-14T19:59:50.655+0530] {logging_mixin.py:188} INFO - [2026-01-14T19:59:50.653+0530] {dagbag.py:545} INFO - Filling up the DagBag from /home/sathya/projects/training-kit/.venv-airflow/lib/python3.10/site-packages/airflow/example_dags/example_dynamic_task_mapping_with_no_taskflow_operators.py
[2026-01-14T19:59:50.666+0530] {processor.py:840} INFO - DAG(s) 'example_dynamic_task_mapping_with_no_taskflow_operators' retrieved from /home/sathya/projects/training-kit/.venv-airflow/lib/python3.10/site-packages/airflow/example_dags/example_dynamic_task_mapping_with_no_taskflow_operators.py
[2026-01-14T19:59:50.698+0530] {logging_mixin.py:188} INFO - [2026-01-14T19:59:50.696+0530] {dag.py:3089} INFO - Sync 1 DAGs
[2026-01-14T19:59:50.738+0530] {logging_mixin.py:188} INFO - [2026-01-14T19:59:50.738+0530] {dag.py:3947} INFO - Setting next_dagrun for example_dynamic_task_mapping_with_no_taskflow_operators to 2026-01-13 00:00:00+00:00, run_after=2026-01-14 00:00:00+00:00
[2026-01-14T19:59:50.773+0530] {processor.py:183} INFO - Processing /home/sathya/projects/training-kit/.venv-airflow/lib/python3.10/site-packages/airflow/example_dags/example_dynamic_task_mapping_with_no_taskflow_operators.py took 0.135 seconds
[2026-01-14T20:00:45.967+0530] {processor.py:161} INFO - Started process (PID=2872) to work on /home/sathya/projects/training-kit/.venv-airflow/lib/python3.10/site-packages/airflow/example_dags/example_dynamic_task_mapping_with_no_taskflow_operators.py
[2026-01-14T20:00:45.970+0530] {processor.py:830} INFO - Processing file /home/sathya/projects/training-kit/.venv-airflow/lib/python3.10/site-packages/airflow/example_dags/example_dynamic_task_mapping_with_no_taskflow_operators.py for tasks to queue
[2026-01-14T20:00:45.983+0530] {logging_mixin.py:188} INFO - [2026-01-14T20:00:45.982+0530] {dagbag.py:545} INFO - Filling up the DagBag from /home/sathya/projects/training-kit/.venv-airflow/lib/python3.10/site-packages/airflow/example_dags/example_dynamic_task_mapping_with_no_taskflow_operators.py
[2026-01-14T20:00:46.001+0530] {processor.py:840} INFO - DAG(s) 'example_dynamic_task_mapping_with_no_taskflow_operators' retrieved from /home/sathya/projects/training-kit/.venv-airflow/lib/python3.10/site-packages/airflow/example_dags/example_dynamic_task_mapping_with_no_taskflow_operators.py
[2026-01-14T20:00:46.033+0530] {logging_mixin.py:188} INFO - [2026-01-14T20:00:46.033+0530] {dag.py:3089} INFO - Sync 1 DAGs
[2026-01-14T20:00:46.062+0530] {logging_mixin.py:188} INFO - [2026-01-14T20:00:46.062+0530] {dag.py:3947} INFO - Setting next_dagrun for example_dynamic_task_mapping_with_no_taskflow_operators to 2026-01-13 00:00:00+00:00, run_after=2026-01-14 00:00:00+00:00
[2026-01-14T20:00:46.101+0530] {processor.py:183} INFO - Processing /home/sathya/projects/training-kit/.venv-airflow/lib/python3.10/site-packages/airflow/example_dags/example_dynamic_task_mapping_with_no_taskflow_operators.py took 0.164 seconds
[2026-01-14T20:04:53.009+0530] {processor.py:161} INFO - Started process (PID=3137) to work on /home/sathya/projects/training-kit/.venv-airflow/lib/python3.10/site-packages/airflow/example_dags/example_dynamic_task_mapping_with_no_taskflow_operators.py
[2026-01-14T20:04:53.011+0530] {processor.py:830} INFO - Processing file /home/sathya/projects/training-kit/.venv-airflow/lib/python3.10/site-packages/airflow/example_dags/example_dynamic_task_mapping_with_no_taskflow_operators.py for tasks to queue
[2026-01-14T20:04:53.013+0530] {logging_mixin.py:188} INFO - [2026-01-14T20:04:53.013+0530] {dagbag.py:545} INFO - Filling up the DagBag from /home/sathya/projects/training-kit/.venv-airflow/lib/python3.10/site-packages/airflow/example_dags/example_dynamic_task_mapping_with_no_taskflow_operators.py
[2026-01-14T20:04:53.023+0530] {processor.py:840} INFO - DAG(s) 'example_dynamic_task_mapping_with_no_taskflow_operators' retrieved from /home/sathya/projects/training-kit/.venv-airflow/lib/python3.10/site-packages/airflow/example_dags/example_dynamic_task_mapping_with_no_taskflow_operators.py
[2026-01-14T20:04:53.112+0530] {logging_mixin.py:188} INFO - [2026-01-14T20:04:53.112+0530] {dag.py:3089} INFO - Sync 1 DAGs
[2026-01-14T20:04:53.141+0530] {logging_mixin.py:188} INFO - [2026-01-14T20:04:53.140+0530] {dag.py:3947} INFO - Setting next_dagrun for example_dynamic_task_mapping_with_no_taskflow_operators to 2026-01-13 00:00:00+00:00, run_after=2026-01-14 00:00:00+00:00
[2026-01-14T20:04:53.170+0530] {processor.py:183} INFO - Processing /home/sathya/projects/training-kit/.venv-airflow/lib/python3.10/site-packages/airflow/example_dags/example_dynamic_task_mapping_with_no_taskflow_operators.py took 0.176 seconds
[2026-01-14T20:05:50.418+0530] {processor.py:161} INFO - Started process (PID=3246) to work on /home/sathya/projects/training-kit/.venv-airflow/lib/python3.10/site-packages/airflow/example_dags/example_dynamic_task_mapping_with_no_taskflow_operators.py
[2026-01-14T20:05:50.421+0530] {processor.py:830} INFO - Processing file /home/sathya/projects/training-kit/.venv-airflow/lib/python3.10/site-packages/airflow/example_dags/example_dynamic_task_mapping_with_no_taskflow_operators.py for tasks to queue
[2026-01-14T20:05:50.424+0530] {logging_mixin.py:188} INFO - [2026-01-14T20:05:50.423+0530] {dagbag.py:545} INFO - Filling up the DagBag from /home/sathya/projects/training-kit/.venv-airflow/lib/python3.10/site-packages/airflow/example_dags/example_dynamic_task_mapping_with_no_taskflow_operators.py
[2026-01-14T20:05:50.441+0530] {processor.py:840} INFO - DAG(s) 'example_dynamic_task_mapping_with_no_taskflow_operators' retrieved from /home/sathya/projects/training-kit/.venv-airflow/lib/python3.10/site-packages/airflow/example_dags/example_dynamic_task_mapping_with_no_taskflow_operators.py
[2026-01-14T20:05:50.469+0530] {logging_mixin.py:188} INFO - [2026-01-14T20:05:50.468+0530] {dag.py:3089} INFO - Sync 1 DAGs
[2026-01-14T20:06:02.153+0530] {logging_mixin.py:188} INFO - [2026-01-14T20:06:02.153+0530] {dag.py:3947} INFO - Setting next_dagrun for example_dynamic_task_mapping_with_no_taskflow_operators to 2026-01-13 00:00:00+00:00, run_after=2026-01-14 00:00:00+00:00
[2026-01-14T20:06:02.200+0530] {processor.py:183} INFO - Processing /home/sathya/projects/training-kit/.venv-airflow/lib/python3.10/site-packages/airflow/example_dags/example_dynamic_task_mapping_with_no_taskflow_operators.py took 0.152 seconds
