[2026-01-14T19:51:44.228+0530] {processor.py:161} INFO - Started process (PID=1600) to work on /home/sathya/projects/training-kit/.venv-airflow/lib/python3.10/site-packages/airflow/example_dags/example_external_task_marker_dag.py
[2026-01-14T19:51:44.229+0530] {processor.py:830} INFO - Processing file /home/sathya/projects/training-kit/.venv-airflow/lib/python3.10/site-packages/airflow/example_dags/example_external_task_marker_dag.py for tasks to queue
[2026-01-14T19:51:44.231+0530] {logging_mixin.py:188} INFO - [2026-01-14T19:51:44.231+0530] {dagbag.py:545} INFO - Filling up the DagBag from /home/sathya/projects/training-kit/.venv-airflow/lib/python3.10/site-packages/airflow/example_dags/example_external_task_marker_dag.py
[2026-01-14T19:51:44.245+0530] {processor.py:840} INFO - DAG(s) 'example_external_task_marker_child', 'example_external_task_marker_parent' retrieved from /home/sathya/projects/training-kit/.venv-airflow/lib/python3.10/site-packages/airflow/example_dags/example_external_task_marker_dag.py
[2026-01-14T19:51:44.464+0530] {logging_mixin.py:188} INFO - [2026-01-14T19:51:44.464+0530] {dag.py:3089} INFO - Sync 2 DAGs
[2026-01-14T19:51:44.480+0530] {logging_mixin.py:188} INFO - [2026-01-14T19:51:44.479+0530] {dag.py:3947} INFO - Setting next_dagrun for example_external_task_marker_child to None, run_after=None
[2026-01-14T19:51:44.484+0530] {logging_mixin.py:188} INFO - [2026-01-14T19:51:44.484+0530] {dag.py:3947} INFO - Setting next_dagrun for example_external_task_marker_parent to None, run_after=None
[2026-01-14T19:51:44.511+0530] {processor.py:183} INFO - Processing /home/sathya/projects/training-kit/.venv-airflow/lib/python3.10/site-packages/airflow/example_dags/example_external_task_marker_dag.py took 0.299 seconds
[2026-01-14T19:52:55.143+0530] {processor.py:161} INFO - Started process (PID=1773) to work on /home/sathya/projects/training-kit/.venv-airflow/lib/python3.10/site-packages/airflow/example_dags/example_external_task_marker_dag.py
[2026-01-14T19:52:55.148+0530] {processor.py:830} INFO - Processing file /home/sathya/projects/training-kit/.venv-airflow/lib/python3.10/site-packages/airflow/example_dags/example_external_task_marker_dag.py for tasks to queue
[2026-01-14T19:52:55.151+0530] {logging_mixin.py:188} INFO - [2026-01-14T19:52:55.151+0530] {dagbag.py:545} INFO - Filling up the DagBag from /home/sathya/projects/training-kit/.venv-airflow/lib/python3.10/site-packages/airflow/example_dags/example_external_task_marker_dag.py
[2026-01-14T19:52:55.165+0530] {processor.py:840} INFO - DAG(s) 'example_external_task_marker_parent', 'example_external_task_marker_child' retrieved from /home/sathya/projects/training-kit/.venv-airflow/lib/python3.10/site-packages/airflow/example_dags/example_external_task_marker_dag.py
[2026-01-14T19:52:55.199+0530] {logging_mixin.py:188} INFO - [2026-01-14T19:52:55.198+0530] {dag.py:3089} INFO - Sync 2 DAGs
[2026-01-14T19:52:55.215+0530] {logging_mixin.py:188} INFO - [2026-01-14T19:52:55.214+0530] {dag.py:3947} INFO - Setting next_dagrun for example_external_task_marker_child to None, run_after=None
[2026-01-14T19:52:55.218+0530] {logging_mixin.py:188} INFO - [2026-01-14T19:52:55.218+0530] {dag.py:3947} INFO - Setting next_dagrun for example_external_task_marker_parent to None, run_after=None
[2026-01-14T19:52:55.250+0530] {processor.py:183} INFO - Processing /home/sathya/projects/training-kit/.venv-airflow/lib/python3.10/site-packages/airflow/example_dags/example_external_task_marker_dag.py took 0.132 seconds
[2026-01-14T19:53:20.051+0530] {processor.py:161} INFO - Started process (PID=1908) to work on /home/sathya/projects/training-kit/.venv-airflow/lib/python3.10/site-packages/airflow/example_dags/example_external_task_marker_dag.py
[2026-01-14T19:53:20.053+0530] {processor.py:830} INFO - Processing file /home/sathya/projects/training-kit/.venv-airflow/lib/python3.10/site-packages/airflow/example_dags/example_external_task_marker_dag.py for tasks to queue
[2026-01-14T19:53:20.055+0530] {logging_mixin.py:188} INFO - [2026-01-14T19:53:20.054+0530] {dagbag.py:545} INFO - Filling up the DagBag from /home/sathya/projects/training-kit/.venv-airflow/lib/python3.10/site-packages/airflow/example_dags/example_external_task_marker_dag.py
[2026-01-14T19:53:20.064+0530] {processor.py:840} INFO - DAG(s) 'example_external_task_marker_child', 'example_external_task_marker_parent' retrieved from /home/sathya/projects/training-kit/.venv-airflow/lib/python3.10/site-packages/airflow/example_dags/example_external_task_marker_dag.py
[2026-01-14T19:53:20.090+0530] {logging_mixin.py:188} INFO - [2026-01-14T19:53:20.090+0530] {dag.py:3089} INFO - Sync 2 DAGs
[2026-01-14T19:53:20.108+0530] {logging_mixin.py:188} INFO - [2026-01-14T19:53:20.107+0530] {dag.py:3947} INFO - Setting next_dagrun for example_external_task_marker_child to None, run_after=None
[2026-01-14T19:53:20.112+0530] {logging_mixin.py:188} INFO - [2026-01-14T19:53:20.111+0530] {dag.py:3947} INFO - Setting next_dagrun for example_external_task_marker_parent to None, run_after=None
[2026-01-14T19:53:20.141+0530] {processor.py:183} INFO - Processing /home/sathya/projects/training-kit/.venv-airflow/lib/python3.10/site-packages/airflow/example_dags/example_external_task_marker_dag.py took 0.097 seconds
[2026-01-14T19:54:25.546+0530] {processor.py:161} INFO - Started process (PID=2096) to work on /home/sathya/projects/training-kit/.venv-airflow/lib/python3.10/site-packages/airflow/example_dags/example_external_task_marker_dag.py
[2026-01-14T19:54:25.548+0530] {processor.py:830} INFO - Processing file /home/sathya/projects/training-kit/.venv-airflow/lib/python3.10/site-packages/airflow/example_dags/example_external_task_marker_dag.py for tasks to queue
[2026-01-14T19:54:25.550+0530] {logging_mixin.py:188} INFO - [2026-01-14T19:54:25.550+0530] {dagbag.py:545} INFO - Filling up the DagBag from /home/sathya/projects/training-kit/.venv-airflow/lib/python3.10/site-packages/airflow/example_dags/example_external_task_marker_dag.py
[2026-01-14T19:54:25.558+0530] {processor.py:840} INFO - DAG(s) 'example_external_task_marker_parent', 'example_external_task_marker_child' retrieved from /home/sathya/projects/training-kit/.venv-airflow/lib/python3.10/site-packages/airflow/example_dags/example_external_task_marker_dag.py
[2026-01-14T19:54:13.945+0530] {logging_mixin.py:188} INFO - [2026-01-14T19:54:13.945+0530] {dag.py:3089} INFO - Sync 2 DAGs
[2026-01-14T19:54:13.982+0530] {logging_mixin.py:188} INFO - [2026-01-14T19:54:13.981+0530] {dag.py:3947} INFO - Setting next_dagrun for example_external_task_marker_child to None, run_after=None
[2026-01-14T19:54:13.989+0530] {logging_mixin.py:188} INFO - [2026-01-14T19:54:13.989+0530] {dag.py:3947} INFO - Setting next_dagrun for example_external_task_marker_parent to None, run_after=None
[2026-01-14T19:54:14.067+0530] {processor.py:183} INFO - Processing /home/sathya/projects/training-kit/.venv-airflow/lib/python3.10/site-packages/airflow/example_dags/example_external_task_marker_dag.py took 0.179 seconds
[2026-01-14T19:54:30.321+0530] {processor.py:161} INFO - Started process (PID=2110) to work on /home/sathya/projects/training-kit/.venv-airflow/lib/python3.10/site-packages/airflow/example_dags/example_external_task_marker_dag.py
[2026-01-14T19:54:30.323+0530] {processor.py:830} INFO - Processing file /home/sathya/projects/training-kit/.venv-airflow/lib/python3.10/site-packages/airflow/example_dags/example_external_task_marker_dag.py for tasks to queue
[2026-01-14T19:54:30.325+0530] {logging_mixin.py:188} INFO - [2026-01-14T19:54:30.324+0530] {dagbag.py:545} INFO - Filling up the DagBag from /home/sathya/projects/training-kit/.venv-airflow/lib/python3.10/site-packages/airflow/example_dags/example_external_task_marker_dag.py
[2026-01-14T19:54:30.334+0530] {processor.py:840} INFO - DAG(s) 'example_external_task_marker_parent', 'example_external_task_marker_child' retrieved from /home/sathya/projects/training-kit/.venv-airflow/lib/python3.10/site-packages/airflow/example_dags/example_external_task_marker_dag.py
[2026-01-14T19:54:30.364+0530] {logging_mixin.py:188} INFO - [2026-01-14T19:54:30.363+0530] {dag.py:3089} INFO - Sync 2 DAGs
[2026-01-14T19:54:30.380+0530] {logging_mixin.py:188} INFO - [2026-01-14T19:54:30.379+0530] {dag.py:3947} INFO - Setting next_dagrun for example_external_task_marker_child to None, run_after=None
[2026-01-14T19:54:30.385+0530] {logging_mixin.py:188} INFO - [2026-01-14T19:54:30.385+0530] {dag.py:3947} INFO - Setting next_dagrun for example_external_task_marker_parent to None, run_after=None
[2026-01-14T19:54:30.413+0530] {processor.py:183} INFO - Processing /home/sathya/projects/training-kit/.venv-airflow/lib/python3.10/site-packages/airflow/example_dags/example_external_task_marker_dag.py took 0.102 seconds
[2026-01-14T19:55:20.655+0530] {processor.py:161} INFO - Started process (PID=2296) to work on /home/sathya/projects/training-kit/.venv-airflow/lib/python3.10/site-packages/airflow/example_dags/example_external_task_marker_dag.py
[2026-01-14T19:55:20.658+0530] {processor.py:830} INFO - Processing file /home/sathya/projects/training-kit/.venv-airflow/lib/python3.10/site-packages/airflow/example_dags/example_external_task_marker_dag.py for tasks to queue
[2026-01-14T19:55:20.661+0530] {logging_mixin.py:188} INFO - [2026-01-14T19:55:20.660+0530] {dagbag.py:545} INFO - Filling up the DagBag from /home/sathya/projects/training-kit/.venv-airflow/lib/python3.10/site-packages/airflow/example_dags/example_external_task_marker_dag.py
[2026-01-14T19:55:20.673+0530] {processor.py:840} INFO - DAG(s) 'example_external_task_marker_child', 'example_external_task_marker_parent' retrieved from /home/sathya/projects/training-kit/.venv-airflow/lib/python3.10/site-packages/airflow/example_dags/example_external_task_marker_dag.py
[2026-01-14T19:55:09.064+0530] {logging_mixin.py:188} INFO - [2026-01-14T19:55:09.064+0530] {dag.py:3089} INFO - Sync 2 DAGs
[2026-01-14T19:55:09.091+0530] {logging_mixin.py:188} INFO - [2026-01-14T19:55:09.091+0530] {dag.py:3947} INFO - Setting next_dagrun for example_external_task_marker_child to None, run_after=None
[2026-01-14T19:55:09.100+0530] {logging_mixin.py:188} INFO - [2026-01-14T19:55:09.100+0530] {dag.py:3947} INFO - Setting next_dagrun for example_external_task_marker_parent to None, run_after=None
[2026-01-14T19:55:09.150+0530] {processor.py:183} INFO - Processing /home/sathya/projects/training-kit/.venv-airflow/lib/python3.10/site-packages/airflow/example_dags/example_external_task_marker_dag.py took 0.152 seconds
[2026-01-14T19:55:16.887+0530] {processor.py:161} INFO - Started process (PID=2323) to work on /home/sathya/projects/training-kit/.venv-airflow/lib/python3.10/site-packages/airflow/example_dags/example_external_task_marker_dag.py
[2026-01-14T19:55:16.889+0530] {processor.py:830} INFO - Processing file /home/sathya/projects/training-kit/.venv-airflow/lib/python3.10/site-packages/airflow/example_dags/example_external_task_marker_dag.py for tasks to queue
[2026-01-14T19:55:16.890+0530] {logging_mixin.py:188} INFO - [2026-01-14T19:55:16.890+0530] {dagbag.py:545} INFO - Filling up the DagBag from /home/sathya/projects/training-kit/.venv-airflow/lib/python3.10/site-packages/airflow/example_dags/example_external_task_marker_dag.py
[2026-01-14T19:55:16.897+0530] {processor.py:840} INFO - DAG(s) 'example_external_task_marker_parent', 'example_external_task_marker_child' retrieved from /home/sathya/projects/training-kit/.venv-airflow/lib/python3.10/site-packages/airflow/example_dags/example_external_task_marker_dag.py
[2026-01-14T19:55:16.926+0530] {logging_mixin.py:188} INFO - [2026-01-14T19:55:16.925+0530] {dag.py:3089} INFO - Sync 2 DAGs
[2026-01-14T19:55:16.948+0530] {logging_mixin.py:188} INFO - [2026-01-14T19:55:16.948+0530] {dag.py:3947} INFO - Setting next_dagrun for example_external_task_marker_child to None, run_after=None
[2026-01-14T19:55:16.959+0530] {logging_mixin.py:188} INFO - [2026-01-14T19:55:16.958+0530] {dag.py:3947} INFO - Setting next_dagrun for example_external_task_marker_parent to None, run_after=None
[2026-01-14T19:55:17.000+0530] {processor.py:183} INFO - Processing /home/sathya/projects/training-kit/.venv-airflow/lib/python3.10/site-packages/airflow/example_dags/example_external_task_marker_dag.py took 0.128 seconds
[2026-01-14T19:57:31.050+0530] {processor.py:161} INFO - Started process (PID=2528) to work on /home/sathya/projects/training-kit/.venv-airflow/lib/python3.10/site-packages/airflow/example_dags/example_external_task_marker_dag.py
[2026-01-14T19:57:31.052+0530] {processor.py:830} INFO - Processing file /home/sathya/projects/training-kit/.venv-airflow/lib/python3.10/site-packages/airflow/example_dags/example_external_task_marker_dag.py for tasks to queue
[2026-01-14T19:57:31.054+0530] {logging_mixin.py:188} INFO - [2026-01-14T19:57:31.054+0530] {dagbag.py:545} INFO - Filling up the DagBag from /home/sathya/projects/training-kit/.venv-airflow/lib/python3.10/site-packages/airflow/example_dags/example_external_task_marker_dag.py
[2026-01-14T19:57:31.062+0530] {processor.py:840} INFO - DAG(s) 'example_external_task_marker_child', 'example_external_task_marker_parent' retrieved from /home/sathya/projects/training-kit/.venv-airflow/lib/python3.10/site-packages/airflow/example_dags/example_external_task_marker_dag.py
[2026-01-14T19:57:31.091+0530] {logging_mixin.py:188} INFO - [2026-01-14T19:57:31.089+0530] {dag.py:3089} INFO - Sync 2 DAGs
[2026-01-14T19:57:31.114+0530] {logging_mixin.py:188} INFO - [2026-01-14T19:57:31.114+0530] {dag.py:3947} INFO - Setting next_dagrun for example_external_task_marker_child to None, run_after=None
[2026-01-14T19:57:31.117+0530] {logging_mixin.py:188} INFO - [2026-01-14T19:57:31.116+0530] {dag.py:3947} INFO - Setting next_dagrun for example_external_task_marker_parent to None, run_after=None
[2026-01-14T19:57:31.151+0530] {processor.py:183} INFO - Processing /home/sathya/projects/training-kit/.venv-airflow/lib/python3.10/site-packages/airflow/example_dags/example_external_task_marker_dag.py took 0.109 seconds
[2026-01-14T19:58:16.764+0530] {processor.py:161} INFO - Started process (PID=2621) to work on /home/sathya/projects/training-kit/.venv-airflow/lib/python3.10/site-packages/airflow/example_dags/example_external_task_marker_dag.py
[2026-01-14T19:58:16.768+0530] {processor.py:830} INFO - Processing file /home/sathya/projects/training-kit/.venv-airflow/lib/python3.10/site-packages/airflow/example_dags/example_external_task_marker_dag.py for tasks to queue
[2026-01-14T19:58:16.775+0530] {logging_mixin.py:188} INFO - [2026-01-14T19:58:16.774+0530] {dagbag.py:545} INFO - Filling up the DagBag from /home/sathya/projects/training-kit/.venv-airflow/lib/python3.10/site-packages/airflow/example_dags/example_external_task_marker_dag.py
[2026-01-14T19:58:16.793+0530] {processor.py:840} INFO - DAG(s) 'example_external_task_marker_parent', 'example_external_task_marker_child' retrieved from /home/sathya/projects/training-kit/.venv-airflow/lib/python3.10/site-packages/airflow/example_dags/example_external_task_marker_dag.py
[2026-01-14T19:58:16.831+0530] {logging_mixin.py:188} INFO - [2026-01-14T19:58:16.830+0530] {dag.py:3089} INFO - Sync 2 DAGs
[2026-01-14T19:58:16.847+0530] {logging_mixin.py:188} INFO - [2026-01-14T19:58:16.847+0530] {dag.py:3947} INFO - Setting next_dagrun for example_external_task_marker_child to None, run_after=None
[2026-01-14T19:58:16.855+0530] {logging_mixin.py:188} INFO - [2026-01-14T19:58:16.854+0530] {dag.py:3947} INFO - Setting next_dagrun for example_external_task_marker_parent to None, run_after=None
[2026-01-14T19:58:16.894+0530] {processor.py:183} INFO - Processing /home/sathya/projects/training-kit/.venv-airflow/lib/python3.10/site-packages/airflow/example_dags/example_external_task_marker_dag.py took 0.162 seconds
[2026-01-14T19:59:12.384+0530] {processor.py:161} INFO - Started process (PID=2709) to work on /home/sathya/projects/training-kit/.venv-airflow/lib/python3.10/site-packages/airflow/example_dags/example_external_task_marker_dag.py
[2026-01-14T19:59:12.386+0530] {processor.py:830} INFO - Processing file /home/sathya/projects/training-kit/.venv-airflow/lib/python3.10/site-packages/airflow/example_dags/example_external_task_marker_dag.py for tasks to queue
[2026-01-14T19:59:12.388+0530] {logging_mixin.py:188} INFO - [2026-01-14T19:59:12.388+0530] {dagbag.py:545} INFO - Filling up the DagBag from /home/sathya/projects/training-kit/.venv-airflow/lib/python3.10/site-packages/airflow/example_dags/example_external_task_marker_dag.py
[2026-01-14T19:59:12.398+0530] {processor.py:840} INFO - DAG(s) 'example_external_task_marker_child', 'example_external_task_marker_parent' retrieved from /home/sathya/projects/training-kit/.venv-airflow/lib/python3.10/site-packages/airflow/example_dags/example_external_task_marker_dag.py
[2026-01-14T19:59:12.444+0530] {logging_mixin.py:188} INFO - [2026-01-14T19:59:12.444+0530] {dag.py:3089} INFO - Sync 2 DAGs
[2026-01-14T19:59:12.457+0530] {logging_mixin.py:188} INFO - [2026-01-14T19:59:12.456+0530] {dag.py:3947} INFO - Setting next_dagrun for example_external_task_marker_child to None, run_after=None
[2026-01-14T19:59:12.468+0530] {logging_mixin.py:188} INFO - [2026-01-14T19:59:12.468+0530] {dag.py:3947} INFO - Setting next_dagrun for example_external_task_marker_parent to None, run_after=None
[2026-01-14T19:59:12.491+0530] {processor.py:183} INFO - Processing /home/sathya/projects/training-kit/.venv-airflow/lib/python3.10/site-packages/airflow/example_dags/example_external_task_marker_dag.py took 0.117 seconds
[2026-01-14T20:00:09.975+0530] {processor.py:161} INFO - Started process (PID=2808) to work on /home/sathya/projects/training-kit/.venv-airflow/lib/python3.10/site-packages/airflow/example_dags/example_external_task_marker_dag.py
[2026-01-14T20:00:09.976+0530] {processor.py:830} INFO - Processing file /home/sathya/projects/training-kit/.venv-airflow/lib/python3.10/site-packages/airflow/example_dags/example_external_task_marker_dag.py for tasks to queue
[2026-01-14T20:00:09.978+0530] {logging_mixin.py:188} INFO - [2026-01-14T20:00:09.978+0530] {dagbag.py:545} INFO - Filling up the DagBag from /home/sathya/projects/training-kit/.venv-airflow/lib/python3.10/site-packages/airflow/example_dags/example_external_task_marker_dag.py
[2026-01-14T20:00:09.989+0530] {processor.py:840} INFO - DAG(s) 'example_external_task_marker_parent', 'example_external_task_marker_child' retrieved from /home/sathya/projects/training-kit/.venv-airflow/lib/python3.10/site-packages/airflow/example_dags/example_external_task_marker_dag.py
[2026-01-14T20:00:10.020+0530] {logging_mixin.py:188} INFO - [2026-01-14T20:00:10.019+0530] {dag.py:3089} INFO - Sync 2 DAGs
[2026-01-14T20:00:10.035+0530] {logging_mixin.py:188} INFO - [2026-01-14T20:00:10.034+0530] {dag.py:3947} INFO - Setting next_dagrun for example_external_task_marker_child to None, run_after=None
[2026-01-14T20:00:10.041+0530] {logging_mixin.py:188} INFO - [2026-01-14T20:00:10.040+0530] {dag.py:3947} INFO - Setting next_dagrun for example_external_task_marker_parent to None, run_after=None
[2026-01-14T20:00:10.086+0530] {processor.py:183} INFO - Processing /home/sathya/projects/training-kit/.venv-airflow/lib/python3.10/site-packages/airflow/example_dags/example_external_task_marker_dag.py took 0.118 seconds
[2026-01-14T20:01:04.038+0530] {processor.py:161} INFO - Started process (PID=2902) to work on /home/sathya/projects/training-kit/.venv-airflow/lib/python3.10/site-packages/airflow/example_dags/example_external_task_marker_dag.py
[2026-01-14T20:01:04.040+0530] {processor.py:830} INFO - Processing file /home/sathya/projects/training-kit/.venv-airflow/lib/python3.10/site-packages/airflow/example_dags/example_external_task_marker_dag.py for tasks to queue
[2026-01-14T20:01:04.042+0530] {logging_mixin.py:188} INFO - [2026-01-14T20:01:04.042+0530] {dagbag.py:545} INFO - Filling up the DagBag from /home/sathya/projects/training-kit/.venv-airflow/lib/python3.10/site-packages/airflow/example_dags/example_external_task_marker_dag.py
[2026-01-14T20:01:04.055+0530] {processor.py:840} INFO - DAG(s) 'example_external_task_marker_child', 'example_external_task_marker_parent' retrieved from /home/sathya/projects/training-kit/.venv-airflow/lib/python3.10/site-packages/airflow/example_dags/example_external_task_marker_dag.py
[2026-01-14T20:01:04.085+0530] {logging_mixin.py:188} INFO - [2026-01-14T20:01:04.085+0530] {dag.py:3089} INFO - Sync 2 DAGs
[2026-01-14T20:01:04.104+0530] {logging_mixin.py:188} INFO - [2026-01-14T20:01:04.104+0530] {dag.py:3947} INFO - Setting next_dagrun for example_external_task_marker_child to None, run_after=None
[2026-01-14T20:01:04.109+0530] {logging_mixin.py:188} INFO - [2026-01-14T20:01:04.109+0530] {dag.py:3947} INFO - Setting next_dagrun for example_external_task_marker_parent to None, run_after=None
[2026-01-14T20:01:04.143+0530] {processor.py:183} INFO - Processing /home/sathya/projects/training-kit/.venv-airflow/lib/python3.10/site-packages/airflow/example_dags/example_external_task_marker_dag.py took 0.113 seconds
[2026-01-14T20:04:40.903+0530] {processor.py:161} INFO - Started process (PID=3116) to work on /home/sathya/projects/training-kit/.venv-airflow/lib/python3.10/site-packages/airflow/example_dags/example_external_task_marker_dag.py
[2026-01-14T20:04:40.905+0530] {processor.py:830} INFO - Processing file /home/sathya/projects/training-kit/.venv-airflow/lib/python3.10/site-packages/airflow/example_dags/example_external_task_marker_dag.py for tasks to queue
[2026-01-14T20:04:40.907+0530] {logging_mixin.py:188} INFO - [2026-01-14T20:04:40.906+0530] {dagbag.py:545} INFO - Filling up the DagBag from /home/sathya/projects/training-kit/.venv-airflow/lib/python3.10/site-packages/airflow/example_dags/example_external_task_marker_dag.py
[2026-01-14T20:04:40.914+0530] {processor.py:840} INFO - DAG(s) 'example_external_task_marker_parent', 'example_external_task_marker_child' retrieved from /home/sathya/projects/training-kit/.venv-airflow/lib/python3.10/site-packages/airflow/example_dags/example_external_task_marker_dag.py
[2026-01-14T20:04:41.028+0530] {logging_mixin.py:188} INFO - [2026-01-14T20:04:41.028+0530] {dag.py:3089} INFO - Sync 2 DAGs
[2026-01-14T20:04:41.039+0530] {logging_mixin.py:188} INFO - [2026-01-14T20:04:41.039+0530] {dag.py:3947} INFO - Setting next_dagrun for example_external_task_marker_child to None, run_after=None
[2026-01-14T20:04:41.042+0530] {logging_mixin.py:188} INFO - [2026-01-14T20:04:41.041+0530] {dag.py:3947} INFO - Setting next_dagrun for example_external_task_marker_parent to None, run_after=None
[2026-01-14T20:04:41.094+0530] {processor.py:183} INFO - Processing /home/sathya/projects/training-kit/.venv-airflow/lib/python3.10/site-packages/airflow/example_dags/example_external_task_marker_dag.py took 0.200 seconds
[2026-01-14T20:05:38.665+0530] {processor.py:161} INFO - Started process (PID=3230) to work on /home/sathya/projects/training-kit/.venv-airflow/lib/python3.10/site-packages/airflow/example_dags/example_external_task_marker_dag.py
[2026-01-14T20:05:38.667+0530] {processor.py:830} INFO - Processing file /home/sathya/projects/training-kit/.venv-airflow/lib/python3.10/site-packages/airflow/example_dags/example_external_task_marker_dag.py for tasks to queue
[2026-01-14T20:05:38.669+0530] {logging_mixin.py:188} INFO - [2026-01-14T20:05:38.668+0530] {dagbag.py:545} INFO - Filling up the DagBag from /home/sathya/projects/training-kit/.venv-airflow/lib/python3.10/site-packages/airflow/example_dags/example_external_task_marker_dag.py
[2026-01-14T20:05:38.685+0530] {processor.py:840} INFO - DAG(s) 'example_external_task_marker_parent', 'example_external_task_marker_child' retrieved from /home/sathya/projects/training-kit/.venv-airflow/lib/python3.10/site-packages/airflow/example_dags/example_external_task_marker_dag.py
[2026-01-14T20:05:38.730+0530] {logging_mixin.py:188} INFO - [2026-01-14T20:05:38.729+0530] {dag.py:3089} INFO - Sync 2 DAGs
[2026-01-14T20:05:38.756+0530] {logging_mixin.py:188} INFO - [2026-01-14T20:05:38.756+0530] {dag.py:3947} INFO - Setting next_dagrun for example_external_task_marker_child to None, run_after=None
[2026-01-14T20:05:38.759+0530] {logging_mixin.py:188} INFO - [2026-01-14T20:05:38.759+0530] {dag.py:3947} INFO - Setting next_dagrun for example_external_task_marker_parent to None, run_after=None
[2026-01-14T20:05:38.791+0530] {processor.py:183} INFO - Processing /home/sathya/projects/training-kit/.venv-airflow/lib/python3.10/site-packages/airflow/example_dags/example_external_task_marker_dag.py took 0.139 seconds
