[2026-01-14T19:51:06.228+0530] {processor.py:161} INFO - Started process (PID=1505) to work on /home/sathya/projects/training-kit/.venv-airflow/lib/python3.10/site-packages/airflow/example_dags/example_sensor_decorator.py
[2026-01-14T19:51:06.229+0530] {processor.py:830} INFO - Processing file /home/sathya/projects/training-kit/.venv-airflow/lib/python3.10/site-packages/airflow/example_dags/example_sensor_decorator.py for tasks to queue
[2026-01-14T19:51:06.232+0530] {logging_mixin.py:188} INFO - [2026-01-14T19:51:06.231+0530] {dagbag.py:545} INFO - Filling up the DagBag from /home/sathya/projects/training-kit/.venv-airflow/lib/python3.10/site-packages/airflow/example_dags/example_sensor_decorator.py
[2026-01-14T19:51:06.240+0530] {processor.py:840} INFO - DAG(s) 'example_sensor_decorator' retrieved from /home/sathya/projects/training-kit/.venv-airflow/lib/python3.10/site-packages/airflow/example_dags/example_sensor_decorator.py
[2026-01-14T19:51:06.349+0530] {logging_mixin.py:188} INFO - [2026-01-14T19:51:06.349+0530] {dag.py:3089} INFO - Sync 1 DAGs
[2026-01-14T19:51:06.360+0530] {logging_mixin.py:188} INFO - [2026-01-14T19:51:06.360+0530] {dag.py:3947} INFO - Setting next_dagrun for example_sensor_decorator to None, run_after=None
[2026-01-14T19:51:06.394+0530] {processor.py:183} INFO - Processing /home/sathya/projects/training-kit/.venv-airflow/lib/python3.10/site-packages/airflow/example_dags/example_sensor_decorator.py took 0.173 seconds
[2026-01-14T19:52:09.065+0530] {processor.py:161} INFO - Started process (PID=1663) to work on /home/sathya/projects/training-kit/.venv-airflow/lib/python3.10/site-packages/airflow/example_dags/example_sensor_decorator.py
[2026-01-14T19:52:09.067+0530] {processor.py:830} INFO - Processing file /home/sathya/projects/training-kit/.venv-airflow/lib/python3.10/site-packages/airflow/example_dags/example_sensor_decorator.py for tasks to queue
[2026-01-14T19:52:09.069+0530] {logging_mixin.py:188} INFO - [2026-01-14T19:52:09.069+0530] {dagbag.py:545} INFO - Filling up the DagBag from /home/sathya/projects/training-kit/.venv-airflow/lib/python3.10/site-packages/airflow/example_dags/example_sensor_decorator.py
[2026-01-14T19:52:09.077+0530] {processor.py:840} INFO - DAG(s) 'example_sensor_decorator' retrieved from /home/sathya/projects/training-kit/.venv-airflow/lib/python3.10/site-packages/airflow/example_dags/example_sensor_decorator.py
[2026-01-14T19:52:09.111+0530] {logging_mixin.py:188} INFO - [2026-01-14T19:52:09.110+0530] {dag.py:3089} INFO - Sync 1 DAGs
[2026-01-14T19:52:09.133+0530] {logging_mixin.py:188} INFO - [2026-01-14T19:52:09.133+0530] {dag.py:3947} INFO - Setting next_dagrun for example_sensor_decorator to None, run_after=None
[2026-01-14T19:52:09.162+0530] {processor.py:183} INFO - Processing /home/sathya/projects/training-kit/.venv-airflow/lib/python3.10/site-packages/airflow/example_dags/example_sensor_decorator.py took 0.108 seconds
[2026-01-14T19:52:45.682+0530] {processor.py:161} INFO - Started process (PID=1783) to work on /home/sathya/projects/training-kit/.venv-airflow/lib/python3.10/site-packages/airflow/example_dags/example_sensor_decorator.py
[2026-01-14T19:52:45.684+0530] {processor.py:830} INFO - Processing file /home/sathya/projects/training-kit/.venv-airflow/lib/python3.10/site-packages/airflow/example_dags/example_sensor_decorator.py for tasks to queue
[2026-01-14T19:52:45.688+0530] {logging_mixin.py:188} INFO - [2026-01-14T19:52:45.687+0530] {dagbag.py:545} INFO - Filling up the DagBag from /home/sathya/projects/training-kit/.venv-airflow/lib/python3.10/site-packages/airflow/example_dags/example_sensor_decorator.py
[2026-01-14T19:52:45.699+0530] {processor.py:840} INFO - DAG(s) 'example_sensor_decorator' retrieved from /home/sathya/projects/training-kit/.venv-airflow/lib/python3.10/site-packages/airflow/example_dags/example_sensor_decorator.py
[2026-01-14T19:52:45.723+0530] {logging_mixin.py:188} INFO - [2026-01-14T19:52:45.723+0530] {dag.py:3089} INFO - Sync 1 DAGs
[2026-01-14T19:52:45.737+0530] {logging_mixin.py:188} INFO - [2026-01-14T19:52:45.737+0530] {dag.py:3947} INFO - Setting next_dagrun for example_sensor_decorator to None, run_after=None
[2026-01-14T19:52:45.776+0530] {processor.py:183} INFO - Processing /home/sathya/projects/training-kit/.venv-airflow/lib/python3.10/site-packages/airflow/example_dags/example_sensor_decorator.py took 0.109 seconds
[2026-01-14T19:53:04.006+0530] {processor.py:161} INFO - Started process (PID=1852) to work on /home/sathya/projects/training-kit/.venv-airflow/lib/python3.10/site-packages/airflow/example_dags/example_sensor_decorator.py
[2026-01-14T19:53:04.007+0530] {processor.py:830} INFO - Processing file /home/sathya/projects/training-kit/.venv-airflow/lib/python3.10/site-packages/airflow/example_dags/example_sensor_decorator.py for tasks to queue
[2026-01-14T19:53:04.008+0530] {logging_mixin.py:188} INFO - [2026-01-14T19:53:04.008+0530] {dagbag.py:545} INFO - Filling up the DagBag from /home/sathya/projects/training-kit/.venv-airflow/lib/python3.10/site-packages/airflow/example_dags/example_sensor_decorator.py
[2026-01-14T19:53:04.019+0530] {processor.py:840} INFO - DAG(s) 'example_sensor_decorator' retrieved from /home/sathya/projects/training-kit/.venv-airflow/lib/python3.10/site-packages/airflow/example_dags/example_sensor_decorator.py
[2026-01-14T19:53:04.039+0530] {logging_mixin.py:188} INFO - [2026-01-14T19:53:04.039+0530] {dag.py:3089} INFO - Sync 1 DAGs
[2026-01-14T19:53:04.048+0530] {logging_mixin.py:188} INFO - [2026-01-14T19:53:04.048+0530] {dag.py:3947} INFO - Setting next_dagrun for example_sensor_decorator to None, run_after=None
[2026-01-14T19:53:04.075+0530] {processor.py:183} INFO - Processing /home/sathya/projects/training-kit/.venv-airflow/lib/python3.10/site-packages/airflow/example_dags/example_sensor_decorator.py took 0.076 seconds
[2026-01-14T19:53:55.397+0530] {processor.py:161} INFO - Started process (PID=1993) to work on /home/sathya/projects/training-kit/.venv-airflow/lib/python3.10/site-packages/airflow/example_dags/example_sensor_decorator.py
[2026-01-14T19:53:55.401+0530] {processor.py:830} INFO - Processing file /home/sathya/projects/training-kit/.venv-airflow/lib/python3.10/site-packages/airflow/example_dags/example_sensor_decorator.py for tasks to queue
[2026-01-14T19:53:55.404+0530] {logging_mixin.py:188} INFO - [2026-01-14T19:53:55.403+0530] {dagbag.py:545} INFO - Filling up the DagBag from /home/sathya/projects/training-kit/.venv-airflow/lib/python3.10/site-packages/airflow/example_dags/example_sensor_decorator.py
[2026-01-14T19:53:55.417+0530] {processor.py:840} INFO - DAG(s) 'example_sensor_decorator' retrieved from /home/sathya/projects/training-kit/.venv-airflow/lib/python3.10/site-packages/airflow/example_dags/example_sensor_decorator.py
[2026-01-14T19:53:55.441+0530] {logging_mixin.py:188} INFO - [2026-01-14T19:53:55.441+0530] {dag.py:3089} INFO - Sync 1 DAGs
[2026-01-14T19:53:43.864+0530] {logging_mixin.py:188} INFO - [2026-01-14T19:53:43.864+0530] {dag.py:3947} INFO - Setting next_dagrun for example_sensor_decorator to None, run_after=None
[2026-01-14T19:53:43.936+0530] {processor.py:183} INFO - Processing /home/sathya/projects/training-kit/.venv-airflow/lib/python3.10/site-packages/airflow/example_dags/example_sensor_decorator.py took 0.152 seconds
[2026-01-14T19:53:56.492+0530] {processor.py:161} INFO - Started process (PID=2041) to work on /home/sathya/projects/training-kit/.venv-airflow/lib/python3.10/site-packages/airflow/example_dags/example_sensor_decorator.py
[2026-01-14T19:53:56.494+0530] {processor.py:830} INFO - Processing file /home/sathya/projects/training-kit/.venv-airflow/lib/python3.10/site-packages/airflow/example_dags/example_sensor_decorator.py for tasks to queue
[2026-01-14T19:53:56.495+0530] {logging_mixin.py:188} INFO - [2026-01-14T19:53:56.495+0530] {dagbag.py:545} INFO - Filling up the DagBag from /home/sathya/projects/training-kit/.venv-airflow/lib/python3.10/site-packages/airflow/example_dags/example_sensor_decorator.py
[2026-01-14T19:53:56.503+0530] {processor.py:840} INFO - DAG(s) 'example_sensor_decorator' retrieved from /home/sathya/projects/training-kit/.venv-airflow/lib/python3.10/site-packages/airflow/example_dags/example_sensor_decorator.py
[2026-01-14T19:53:56.522+0530] {logging_mixin.py:188} INFO - [2026-01-14T19:53:56.521+0530] {dag.py:3089} INFO - Sync 1 DAGs
[2026-01-14T19:53:56.539+0530] {logging_mixin.py:188} INFO - [2026-01-14T19:53:56.538+0530] {dag.py:3947} INFO - Setting next_dagrun for example_sensor_decorator to None, run_after=None
[2026-01-14T19:53:56.564+0530] {processor.py:183} INFO - Processing /home/sathya/projects/training-kit/.venv-airflow/lib/python3.10/site-packages/airflow/example_dags/example_sensor_decorator.py took 0.084 seconds
[2026-01-14T19:54:40.495+0530] {processor.py:161} INFO - Started process (PID=2196) to work on /home/sathya/projects/training-kit/.venv-airflow/lib/python3.10/site-packages/airflow/example_dags/example_sensor_decorator.py
[2026-01-14T19:54:40.497+0530] {processor.py:830} INFO - Processing file /home/sathya/projects/training-kit/.venv-airflow/lib/python3.10/site-packages/airflow/example_dags/example_sensor_decorator.py for tasks to queue
[2026-01-14T19:54:40.504+0530] {logging_mixin.py:188} INFO - [2026-01-14T19:54:40.503+0530] {dagbag.py:545} INFO - Filling up the DagBag from /home/sathya/projects/training-kit/.venv-airflow/lib/python3.10/site-packages/airflow/example_dags/example_sensor_decorator.py
[2026-01-14T19:54:40.514+0530] {processor.py:840} INFO - DAG(s) 'example_sensor_decorator' retrieved from /home/sathya/projects/training-kit/.venv-airflow/lib/python3.10/site-packages/airflow/example_dags/example_sensor_decorator.py
[2026-01-14T19:54:40.546+0530] {logging_mixin.py:188} INFO - [2026-01-14T19:54:40.546+0530] {dag.py:3089} INFO - Sync 1 DAGs
[2026-01-14T19:54:40.565+0530] {logging_mixin.py:188} INFO - [2026-01-14T19:54:40.565+0530] {dag.py:3947} INFO - Setting next_dagrun for example_sensor_decorator to None, run_after=None
[2026-01-14T19:54:40.614+0530] {processor.py:183} INFO - Processing /home/sathya/projects/training-kit/.venv-airflow/lib/python3.10/site-packages/airflow/example_dags/example_sensor_decorator.py took 0.128 seconds
[2026-01-14T19:54:52.009+0530] {processor.py:161} INFO - Started process (PID=2241) to work on /home/sathya/projects/training-kit/.venv-airflow/lib/python3.10/site-packages/airflow/example_dags/example_sensor_decorator.py
[2026-01-14T19:54:52.011+0530] {processor.py:830} INFO - Processing file /home/sathya/projects/training-kit/.venv-airflow/lib/python3.10/site-packages/airflow/example_dags/example_sensor_decorator.py for tasks to queue
[2026-01-14T19:54:52.013+0530] {logging_mixin.py:188} INFO - [2026-01-14T19:54:52.013+0530] {dagbag.py:545} INFO - Filling up the DagBag from /home/sathya/projects/training-kit/.venv-airflow/lib/python3.10/site-packages/airflow/example_dags/example_sensor_decorator.py
[2026-01-14T19:54:52.024+0530] {processor.py:840} INFO - DAG(s) 'example_sensor_decorator' retrieved from /home/sathya/projects/training-kit/.venv-airflow/lib/python3.10/site-packages/airflow/example_dags/example_sensor_decorator.py
[2026-01-14T19:54:52.042+0530] {logging_mixin.py:188} INFO - [2026-01-14T19:54:52.042+0530] {dag.py:3089} INFO - Sync 1 DAGs
[2026-01-14T19:54:52.058+0530] {logging_mixin.py:188} INFO - [2026-01-14T19:54:52.058+0530] {dag.py:3947} INFO - Setting next_dagrun for example_sensor_decorator to None, run_after=None
[2026-01-14T19:54:52.100+0530] {processor.py:183} INFO - Processing /home/sathya/projects/training-kit/.venv-airflow/lib/python3.10/site-packages/airflow/example_dags/example_sensor_decorator.py took 0.099 seconds
[2026-01-14T19:56:45.237+0530] {processor.py:161} INFO - Started process (PID=2478) to work on /home/sathya/projects/training-kit/.venv-airflow/lib/python3.10/site-packages/airflow/example_dags/example_sensor_decorator.py
[2026-01-14T19:56:45.241+0530] {processor.py:830} INFO - Processing file /home/sathya/projects/training-kit/.venv-airflow/lib/python3.10/site-packages/airflow/example_dags/example_sensor_decorator.py for tasks to queue
[2026-01-14T19:56:45.245+0530] {logging_mixin.py:188} INFO - [2026-01-14T19:56:45.244+0530] {dagbag.py:545} INFO - Filling up the DagBag from /home/sathya/projects/training-kit/.venv-airflow/lib/python3.10/site-packages/airflow/example_dags/example_sensor_decorator.py
[2026-01-14T19:56:45.262+0530] {processor.py:840} INFO - DAG(s) 'example_sensor_decorator' retrieved from /home/sathya/projects/training-kit/.venv-airflow/lib/python3.10/site-packages/airflow/example_dags/example_sensor_decorator.py
[2026-01-14T19:56:45.315+0530] {logging_mixin.py:188} INFO - [2026-01-14T19:56:45.314+0530] {dag.py:3089} INFO - Sync 1 DAGs
[2026-01-14T19:56:45.352+0530] {logging_mixin.py:188} INFO - [2026-01-14T19:56:45.351+0530] {dag.py:3947} INFO - Setting next_dagrun for example_sensor_decorator to None, run_after=None
[2026-01-14T19:56:45.407+0530] {processor.py:183} INFO - Processing /home/sathya/projects/training-kit/.venv-airflow/lib/python3.10/site-packages/airflow/example_dags/example_sensor_decorator.py took 0.178 seconds
[2026-01-14T19:57:41.826+0530] {processor.py:161} INFO - Started process (PID=2570) to work on /home/sathya/projects/training-kit/.venv-airflow/lib/python3.10/site-packages/airflow/example_dags/example_sensor_decorator.py
[2026-01-14T19:57:41.828+0530] {processor.py:830} INFO - Processing file /home/sathya/projects/training-kit/.venv-airflow/lib/python3.10/site-packages/airflow/example_dags/example_sensor_decorator.py for tasks to queue
[2026-01-14T19:57:41.832+0530] {logging_mixin.py:188} INFO - [2026-01-14T19:57:41.831+0530] {dagbag.py:545} INFO - Filling up the DagBag from /home/sathya/projects/training-kit/.venv-airflow/lib/python3.10/site-packages/airflow/example_dags/example_sensor_decorator.py
[2026-01-14T19:57:41.843+0530] {processor.py:840} INFO - DAG(s) 'example_sensor_decorator' retrieved from /home/sathya/projects/training-kit/.venv-airflow/lib/python3.10/site-packages/airflow/example_dags/example_sensor_decorator.py
[2026-01-14T19:57:41.868+0530] {logging_mixin.py:188} INFO - [2026-01-14T19:57:41.868+0530] {dag.py:3089} INFO - Sync 1 DAGs
[2026-01-14T19:57:41.878+0530] {logging_mixin.py:188} INFO - [2026-01-14T19:57:41.878+0530] {dag.py:3947} INFO - Setting next_dagrun for example_sensor_decorator to None, run_after=None
[2026-01-14T19:57:41.900+0530] {processor.py:183} INFO - Processing /home/sathya/projects/training-kit/.venv-airflow/lib/python3.10/site-packages/airflow/example_dags/example_sensor_decorator.py took 0.083 seconds
[2026-01-14T19:58:36.348+0530] {processor.py:161} INFO - Started process (PID=2657) to work on /home/sathya/projects/training-kit/.venv-airflow/lib/python3.10/site-packages/airflow/example_dags/example_sensor_decorator.py
[2026-01-14T19:58:36.350+0530] {processor.py:830} INFO - Processing file /home/sathya/projects/training-kit/.venv-airflow/lib/python3.10/site-packages/airflow/example_dags/example_sensor_decorator.py for tasks to queue
[2026-01-14T19:58:36.353+0530] {logging_mixin.py:188} INFO - [2026-01-14T19:58:36.352+0530] {dagbag.py:545} INFO - Filling up the DagBag from /home/sathya/projects/training-kit/.venv-airflow/lib/python3.10/site-packages/airflow/example_dags/example_sensor_decorator.py
[2026-01-14T19:58:36.362+0530] {processor.py:840} INFO - DAG(s) 'example_sensor_decorator' retrieved from /home/sathya/projects/training-kit/.venv-airflow/lib/python3.10/site-packages/airflow/example_dags/example_sensor_decorator.py
[2026-01-14T19:58:36.382+0530] {logging_mixin.py:188} INFO - [2026-01-14T19:58:36.382+0530] {dag.py:3089} INFO - Sync 1 DAGs
[2026-01-14T19:58:36.392+0530] {logging_mixin.py:188} INFO - [2026-01-14T19:58:36.391+0530] {dag.py:3947} INFO - Setting next_dagrun for example_sensor_decorator to None, run_after=None
[2026-01-14T19:58:36.413+0530] {processor.py:183} INFO - Processing /home/sathya/projects/training-kit/.venv-airflow/lib/python3.10/site-packages/airflow/example_dags/example_sensor_decorator.py took 0.073 seconds
[2026-01-14T19:59:31.067+0530] {processor.py:161} INFO - Started process (PID=2753) to work on /home/sathya/projects/training-kit/.venv-airflow/lib/python3.10/site-packages/airflow/example_dags/example_sensor_decorator.py
[2026-01-14T19:59:31.069+0530] {processor.py:830} INFO - Processing file /home/sathya/projects/training-kit/.venv-airflow/lib/python3.10/site-packages/airflow/example_dags/example_sensor_decorator.py for tasks to queue
[2026-01-14T19:59:31.071+0530] {logging_mixin.py:188} INFO - [2026-01-14T19:59:31.071+0530] {dagbag.py:545} INFO - Filling up the DagBag from /home/sathya/projects/training-kit/.venv-airflow/lib/python3.10/site-packages/airflow/example_dags/example_sensor_decorator.py
[2026-01-14T19:59:31.080+0530] {processor.py:840} INFO - DAG(s) 'example_sensor_decorator' retrieved from /home/sathya/projects/training-kit/.venv-airflow/lib/python3.10/site-packages/airflow/example_dags/example_sensor_decorator.py
[2026-01-14T19:59:31.101+0530] {logging_mixin.py:188} INFO - [2026-01-14T19:59:31.100+0530] {dag.py:3089} INFO - Sync 1 DAGs
[2026-01-14T19:59:31.110+0530] {logging_mixin.py:188} INFO - [2026-01-14T19:59:31.110+0530] {dag.py:3947} INFO - Setting next_dagrun for example_sensor_decorator to None, run_after=None
[2026-01-14T19:59:31.309+0530] {processor.py:183} INFO - Processing /home/sathya/projects/training-kit/.venv-airflow/lib/python3.10/site-packages/airflow/example_dags/example_sensor_decorator.py took 0.251 seconds
[2026-01-14T20:00:27.987+0530] {processor.py:161} INFO - Started process (PID=2843) to work on /home/sathya/projects/training-kit/.venv-airflow/lib/python3.10/site-packages/airflow/example_dags/example_sensor_decorator.py
[2026-01-14T20:00:27.989+0530] {processor.py:830} INFO - Processing file /home/sathya/projects/training-kit/.venv-airflow/lib/python3.10/site-packages/airflow/example_dags/example_sensor_decorator.py for tasks to queue
[2026-01-14T20:00:27.992+0530] {logging_mixin.py:188} INFO - [2026-01-14T20:00:27.992+0530] {dagbag.py:545} INFO - Filling up the DagBag from /home/sathya/projects/training-kit/.venv-airflow/lib/python3.10/site-packages/airflow/example_dags/example_sensor_decorator.py
[2026-01-14T20:00:28.001+0530] {processor.py:840} INFO - DAG(s) 'example_sensor_decorator' retrieved from /home/sathya/projects/training-kit/.venv-airflow/lib/python3.10/site-packages/airflow/example_dags/example_sensor_decorator.py
[2026-01-14T20:00:28.024+0530] {logging_mixin.py:188} INFO - [2026-01-14T20:00:28.023+0530] {dag.py:3089} INFO - Sync 1 DAGs
[2026-01-14T20:00:28.041+0530] {logging_mixin.py:188} INFO - [2026-01-14T20:00:28.040+0530] {dag.py:3947} INFO - Setting next_dagrun for example_sensor_decorator to None, run_after=None
[2026-01-14T20:00:28.080+0530] {processor.py:183} INFO - Processing /home/sathya/projects/training-kit/.venv-airflow/lib/python3.10/site-packages/airflow/example_dags/example_sensor_decorator.py took 0.101 seconds
[2026-01-14T20:04:04.365+0530] {processor.py:161} INFO - Started process (PID=3064) to work on /home/sathya/projects/training-kit/.venv-airflow/lib/python3.10/site-packages/airflow/example_dags/example_sensor_decorator.py
[2026-01-14T20:04:04.366+0530] {processor.py:830} INFO - Processing file /home/sathya/projects/training-kit/.venv-airflow/lib/python3.10/site-packages/airflow/example_dags/example_sensor_decorator.py for tasks to queue
[2026-01-14T20:04:04.368+0530] {logging_mixin.py:188} INFO - [2026-01-14T20:04:04.368+0530] {dagbag.py:545} INFO - Filling up the DagBag from /home/sathya/projects/training-kit/.venv-airflow/lib/python3.10/site-packages/airflow/example_dags/example_sensor_decorator.py
[2026-01-14T20:04:04.375+0530] {processor.py:840} INFO - DAG(s) 'example_sensor_decorator' retrieved from /home/sathya/projects/training-kit/.venv-airflow/lib/python3.10/site-packages/airflow/example_dags/example_sensor_decorator.py
[2026-01-14T20:04:04.473+0530] {logging_mixin.py:188} INFO - [2026-01-14T20:04:04.472+0530] {dag.py:3089} INFO - Sync 1 DAGs
[2026-01-14T20:04:04.483+0530] {logging_mixin.py:188} INFO - [2026-01-14T20:04:04.483+0530] {dag.py:3947} INFO - Setting next_dagrun for example_sensor_decorator to None, run_after=None
[2026-01-14T20:04:04.508+0530] {processor.py:183} INFO - Processing /home/sathya/projects/training-kit/.venv-airflow/lib/python3.10/site-packages/airflow/example_dags/example_sensor_decorator.py took 0.151 seconds
[2026-01-14T20:05:03.249+0530] {processor.py:161} INFO - Started process (PID=3161) to work on /home/sathya/projects/training-kit/.venv-airflow/lib/python3.10/site-packages/airflow/example_dags/example_sensor_decorator.py
[2026-01-14T20:05:03.251+0530] {processor.py:830} INFO - Processing file /home/sathya/projects/training-kit/.venv-airflow/lib/python3.10/site-packages/airflow/example_dags/example_sensor_decorator.py for tasks to queue
[2026-01-14T20:05:03.253+0530] {logging_mixin.py:188} INFO - [2026-01-14T20:05:03.253+0530] {dagbag.py:545} INFO - Filling up the DagBag from /home/sathya/projects/training-kit/.venv-airflow/lib/python3.10/site-packages/airflow/example_dags/example_sensor_decorator.py
[2026-01-14T20:05:03.263+0530] {processor.py:840} INFO - DAG(s) 'example_sensor_decorator' retrieved from /home/sathya/projects/training-kit/.venv-airflow/lib/python3.10/site-packages/airflow/example_dags/example_sensor_decorator.py
[2026-01-14T20:05:03.287+0530] {logging_mixin.py:188} INFO - [2026-01-14T20:05:03.287+0530] {dag.py:3089} INFO - Sync 1 DAGs
[2026-01-14T20:05:03.305+0530] {logging_mixin.py:188} INFO - [2026-01-14T20:05:03.304+0530] {dag.py:3947} INFO - Setting next_dagrun for example_sensor_decorator to None, run_after=None
[2026-01-14T20:05:03.342+0530] {processor.py:183} INFO - Processing /home/sathya/projects/training-kit/.venv-airflow/lib/python3.10/site-packages/airflow/example_dags/example_sensor_decorator.py took 0.105 seconds
