[2026-01-14T19:51:04.414+0530] {processor.py:161} INFO - Started process (PID=1502) to work on /home/sathya/projects/training-kit/.venv-airflow/lib/python3.10/site-packages/airflow/example_dags/example_task_group.py
[2026-01-14T19:51:04.415+0530] {processor.py:830} INFO - Processing file /home/sathya/projects/training-kit/.venv-airflow/lib/python3.10/site-packages/airflow/example_dags/example_task_group.py for tasks to queue
[2026-01-14T19:51:04.417+0530] {logging_mixin.py:188} INFO - [2026-01-14T19:51:04.417+0530] {dagbag.py:545} INFO - Filling up the DagBag from /home/sathya/projects/training-kit/.venv-airflow/lib/python3.10/site-packages/airflow/example_dags/example_task_group.py
[2026-01-14T19:51:04.434+0530] {processor.py:840} INFO - DAG(s) 'example_task_group' retrieved from /home/sathya/projects/training-kit/.venv-airflow/lib/python3.10/site-packages/airflow/example_dags/example_task_group.py
[2026-01-14T19:51:04.599+0530] {logging_mixin.py:188} INFO - [2026-01-14T19:51:04.599+0530] {dag.py:3089} INFO - Sync 1 DAGs
[2026-01-14T19:51:04.627+0530] {logging_mixin.py:188} INFO - [2026-01-14T19:51:04.627+0530] {dag.py:3947} INFO - Setting next_dagrun for example_task_group to 2026-01-13 00:00:00+00:00, run_after=2026-01-14 00:00:00+00:00
[2026-01-14T19:51:04.666+0530] {processor.py:183} INFO - Processing /home/sathya/projects/training-kit/.venv-airflow/lib/python3.10/site-packages/airflow/example_dags/example_task_group.py took 0.259 seconds
[2026-01-14T19:52:06.786+0530] {processor.py:161} INFO - Started process (PID=1657) to work on /home/sathya/projects/training-kit/.venv-airflow/lib/python3.10/site-packages/airflow/example_dags/example_task_group.py
[2026-01-14T19:52:06.788+0530] {processor.py:830} INFO - Processing file /home/sathya/projects/training-kit/.venv-airflow/lib/python3.10/site-packages/airflow/example_dags/example_task_group.py for tasks to queue
[2026-01-14T19:52:06.790+0530] {logging_mixin.py:188} INFO - [2026-01-14T19:52:06.789+0530] {dagbag.py:545} INFO - Filling up the DagBag from /home/sathya/projects/training-kit/.venv-airflow/lib/python3.10/site-packages/airflow/example_dags/example_task_group.py
[2026-01-14T19:52:06.805+0530] {processor.py:840} INFO - DAG(s) 'example_task_group' retrieved from /home/sathya/projects/training-kit/.venv-airflow/lib/python3.10/site-packages/airflow/example_dags/example_task_group.py
[2026-01-14T19:52:06.830+0530] {logging_mixin.py:188} INFO - [2026-01-14T19:52:06.830+0530] {dag.py:3089} INFO - Sync 1 DAGs
[2026-01-14T19:52:06.856+0530] {logging_mixin.py:188} INFO - [2026-01-14T19:52:06.856+0530] {dag.py:3947} INFO - Setting next_dagrun for example_task_group to 2026-01-13 00:00:00+00:00, run_after=2026-01-14 00:00:00+00:00
[2026-01-14T19:52:06.885+0530] {processor.py:183} INFO - Processing /home/sathya/projects/training-kit/.venv-airflow/lib/python3.10/site-packages/airflow/example_dags/example_task_group.py took 0.114 seconds
[2026-01-14T19:52:55.160+0530] {processor.py:161} INFO - Started process (PID=1774) to work on /home/sathya/projects/training-kit/.venv-airflow/lib/python3.10/site-packages/airflow/example_dags/example_task_group.py
[2026-01-14T19:52:55.163+0530] {processor.py:830} INFO - Processing file /home/sathya/projects/training-kit/.venv-airflow/lib/python3.10/site-packages/airflow/example_dags/example_task_group.py for tasks to queue
[2026-01-14T19:52:55.165+0530] {logging_mixin.py:188} INFO - [2026-01-14T19:52:55.164+0530] {dagbag.py:545} INFO - Filling up the DagBag from /home/sathya/projects/training-kit/.venv-airflow/lib/python3.10/site-packages/airflow/example_dags/example_task_group.py
[2026-01-14T19:52:55.187+0530] {processor.py:840} INFO - DAG(s) 'example_task_group' retrieved from /home/sathya/projects/training-kit/.venv-airflow/lib/python3.10/site-packages/airflow/example_dags/example_task_group.py
[2026-01-14T19:52:55.219+0530] {logging_mixin.py:188} INFO - [2026-01-14T19:52:55.219+0530] {dag.py:3089} INFO - Sync 1 DAGs
[2026-01-14T19:52:55.250+0530] {logging_mixin.py:188} INFO - [2026-01-14T19:52:55.250+0530] {dag.py:3947} INFO - Setting next_dagrun for example_task_group to 2026-01-13 00:00:00+00:00, run_after=2026-01-14 00:00:00+00:00
[2026-01-14T19:52:55.291+0530] {processor.py:183} INFO - Processing /home/sathya/projects/training-kit/.venv-airflow/lib/python3.10/site-packages/airflow/example_dags/example_task_group.py took 0.141 seconds
[2026-01-14T19:53:01.746+0530] {processor.py:161} INFO - Started process (PID=1843) to work on /home/sathya/projects/training-kit/.venv-airflow/lib/python3.10/site-packages/airflow/example_dags/example_task_group.py
[2026-01-14T19:53:01.747+0530] {processor.py:830} INFO - Processing file /home/sathya/projects/training-kit/.venv-airflow/lib/python3.10/site-packages/airflow/example_dags/example_task_group.py for tasks to queue
[2026-01-14T19:53:01.749+0530] {logging_mixin.py:188} INFO - [2026-01-14T19:53:01.749+0530] {dagbag.py:545} INFO - Filling up the DagBag from /home/sathya/projects/training-kit/.venv-airflow/lib/python3.10/site-packages/airflow/example_dags/example_task_group.py
[2026-01-14T19:53:01.756+0530] {processor.py:840} INFO - DAG(s) 'example_task_group' retrieved from /home/sathya/projects/training-kit/.venv-airflow/lib/python3.10/site-packages/airflow/example_dags/example_task_group.py
[2026-01-14T19:53:01.782+0530] {logging_mixin.py:188} INFO - [2026-01-14T19:53:01.782+0530] {dag.py:3089} INFO - Sync 1 DAGs
[2026-01-14T19:53:01.802+0530] {logging_mixin.py:188} INFO - [2026-01-14T19:53:01.801+0530] {dag.py:3947} INFO - Setting next_dagrun for example_task_group to 2026-01-13 00:00:00+00:00, run_after=2026-01-14 00:00:00+00:00
[2026-01-14T19:53:01.830+0530] {processor.py:183} INFO - Processing /home/sathya/projects/training-kit/.venv-airflow/lib/python3.10/site-packages/airflow/example_dags/example_task_group.py took 0.095 seconds
[2026-01-14T19:53:41.685+0530] {processor.py:161} INFO - Started process (PID=1988) to work on /home/sathya/projects/training-kit/.venv-airflow/lib/python3.10/site-packages/airflow/example_dags/example_task_group.py
[2026-01-14T19:53:41.688+0530] {processor.py:830} INFO - Processing file /home/sathya/projects/training-kit/.venv-airflow/lib/python3.10/site-packages/airflow/example_dags/example_task_group.py for tasks to queue
[2026-01-14T19:53:41.690+0530] {logging_mixin.py:188} INFO - [2026-01-14T19:53:41.690+0530] {dagbag.py:545} INFO - Filling up the DagBag from /home/sathya/projects/training-kit/.venv-airflow/lib/python3.10/site-packages/airflow/example_dags/example_task_group.py
[2026-01-14T19:53:41.701+0530] {processor.py:840} INFO - DAG(s) 'example_task_group' retrieved from /home/sathya/projects/training-kit/.venv-airflow/lib/python3.10/site-packages/airflow/example_dags/example_task_group.py
[2026-01-14T19:53:41.746+0530] {logging_mixin.py:188} INFO - [2026-01-14T19:53:41.745+0530] {dag.py:3089} INFO - Sync 1 DAGs
[2026-01-14T19:53:41.796+0530] {logging_mixin.py:188} INFO - [2026-01-14T19:53:41.796+0530] {dag.py:3947} INFO - Setting next_dagrun for example_task_group to 2026-01-13 00:00:00+00:00, run_after=2026-01-14 00:00:00+00:00
[2026-01-14T19:53:41.834+0530] {processor.py:183} INFO - Processing /home/sathya/projects/training-kit/.venv-airflow/lib/python3.10/site-packages/airflow/example_dags/example_task_group.py took 0.158 seconds
[2026-01-14T19:53:53.981+0530] {processor.py:161} INFO - Started process (PID=2034) to work on /home/sathya/projects/training-kit/.venv-airflow/lib/python3.10/site-packages/airflow/example_dags/example_task_group.py
[2026-01-14T19:53:53.983+0530] {processor.py:830} INFO - Processing file /home/sathya/projects/training-kit/.venv-airflow/lib/python3.10/site-packages/airflow/example_dags/example_task_group.py for tasks to queue
[2026-01-14T19:53:53.986+0530] {logging_mixin.py:188} INFO - [2026-01-14T19:53:53.986+0530] {dagbag.py:545} INFO - Filling up the DagBag from /home/sathya/projects/training-kit/.venv-airflow/lib/python3.10/site-packages/airflow/example_dags/example_task_group.py
[2026-01-14T19:53:53.998+0530] {processor.py:840} INFO - DAG(s) 'example_task_group' retrieved from /home/sathya/projects/training-kit/.venv-airflow/lib/python3.10/site-packages/airflow/example_dags/example_task_group.py
[2026-01-14T19:53:54.021+0530] {logging_mixin.py:188} INFO - [2026-01-14T19:53:54.020+0530] {dag.py:3089} INFO - Sync 1 DAGs
[2026-01-14T19:53:54.052+0530] {logging_mixin.py:188} INFO - [2026-01-14T19:53:54.052+0530] {dag.py:3947} INFO - Setting next_dagrun for example_task_group to 2026-01-13 00:00:00+00:00, run_after=2026-01-14 00:00:00+00:00
[2026-01-14T19:53:54.077+0530] {processor.py:183} INFO - Processing /home/sathya/projects/training-kit/.venv-airflow/lib/python3.10/site-packages/airflow/example_dags/example_task_group.py took 0.103 seconds
[2026-01-14T19:54:38.406+0530] {processor.py:161} INFO - Started process (PID=2187) to work on /home/sathya/projects/training-kit/.venv-airflow/lib/python3.10/site-packages/airflow/example_dags/example_task_group.py
[2026-01-14T19:54:38.408+0530] {processor.py:830} INFO - Processing file /home/sathya/projects/training-kit/.venv-airflow/lib/python3.10/site-packages/airflow/example_dags/example_task_group.py for tasks to queue
[2026-01-14T19:54:38.410+0530] {logging_mixin.py:188} INFO - [2026-01-14T19:54:38.409+0530] {dagbag.py:545} INFO - Filling up the DagBag from /home/sathya/projects/training-kit/.venv-airflow/lib/python3.10/site-packages/airflow/example_dags/example_task_group.py
[2026-01-14T19:54:38.421+0530] {processor.py:840} INFO - DAG(s) 'example_task_group' retrieved from /home/sathya/projects/training-kit/.venv-airflow/lib/python3.10/site-packages/airflow/example_dags/example_task_group.py
[2026-01-14T19:54:38.443+0530] {logging_mixin.py:188} INFO - [2026-01-14T19:54:38.442+0530] {dag.py:3089} INFO - Sync 1 DAGs
[2026-01-14T19:54:38.465+0530] {logging_mixin.py:188} INFO - [2026-01-14T19:54:38.465+0530] {dag.py:3947} INFO - Setting next_dagrun for example_task_group to 2026-01-13 00:00:00+00:00, run_after=2026-01-14 00:00:00+00:00
[2026-01-14T19:54:38.499+0530] {processor.py:183} INFO - Processing /home/sathya/projects/training-kit/.venv-airflow/lib/python3.10/site-packages/airflow/example_dags/example_task_group.py took 0.104 seconds
[2026-01-14T19:54:49.834+0530] {processor.py:161} INFO - Started process (PID=2234) to work on /home/sathya/projects/training-kit/.venv-airflow/lib/python3.10/site-packages/airflow/example_dags/example_task_group.py
[2026-01-14T19:54:49.835+0530] {processor.py:830} INFO - Processing file /home/sathya/projects/training-kit/.venv-airflow/lib/python3.10/site-packages/airflow/example_dags/example_task_group.py for tasks to queue
[2026-01-14T19:54:49.838+0530] {logging_mixin.py:188} INFO - [2026-01-14T19:54:49.837+0530] {dagbag.py:545} INFO - Filling up the DagBag from /home/sathya/projects/training-kit/.venv-airflow/lib/python3.10/site-packages/airflow/example_dags/example_task_group.py
[2026-01-14T19:54:49.848+0530] {processor.py:840} INFO - DAG(s) 'example_task_group' retrieved from /home/sathya/projects/training-kit/.venv-airflow/lib/python3.10/site-packages/airflow/example_dags/example_task_group.py
[2026-01-14T19:54:49.875+0530] {logging_mixin.py:188} INFO - [2026-01-14T19:54:49.874+0530] {dag.py:3089} INFO - Sync 1 DAGs
[2026-01-14T19:54:49.916+0530] {logging_mixin.py:188} INFO - [2026-01-14T19:54:49.916+0530] {dag.py:3947} INFO - Setting next_dagrun for example_task_group to 2026-01-13 00:00:00+00:00, run_after=2026-01-14 00:00:00+00:00
[2026-01-14T19:54:49.960+0530] {processor.py:183} INFO - Processing /home/sathya/projects/training-kit/.venv-airflow/lib/python3.10/site-packages/airflow/example_dags/example_task_group.py took 0.140 seconds
[2026-01-14T19:55:33.019+0530] {processor.py:161} INFO - Started process (PID=2395) to work on /home/sathya/projects/training-kit/.venv-airflow/lib/python3.10/site-packages/airflow/example_dags/example_task_group.py
[2026-01-14T19:55:33.021+0530] {processor.py:830} INFO - Processing file /home/sathya/projects/training-kit/.venv-airflow/lib/python3.10/site-packages/airflow/example_dags/example_task_group.py for tasks to queue
[2026-01-14T19:55:33.024+0530] {logging_mixin.py:188} INFO - [2026-01-14T19:55:33.024+0530] {dagbag.py:545} INFO - Filling up the DagBag from /home/sathya/projects/training-kit/.venv-airflow/lib/python3.10/site-packages/airflow/example_dags/example_task_group.py
[2026-01-14T19:55:33.037+0530] {processor.py:840} INFO - DAG(s) 'example_task_group' retrieved from /home/sathya/projects/training-kit/.venv-airflow/lib/python3.10/site-packages/airflow/example_dags/example_task_group.py
[2026-01-14T19:55:33.059+0530] {logging_mixin.py:188} INFO - [2026-01-14T19:55:33.059+0530] {dag.py:3089} INFO - Sync 1 DAGs
[2026-01-14T19:55:33.081+0530] {logging_mixin.py:188} INFO - [2026-01-14T19:55:33.081+0530] {dag.py:3947} INFO - Setting next_dagrun for example_task_group to 2026-01-13 00:00:00+00:00, run_after=2026-01-14 00:00:00+00:00
[2026-01-14T19:55:33.121+0530] {processor.py:183} INFO - Processing /home/sathya/projects/training-kit/.venv-airflow/lib/python3.10/site-packages/airflow/example_dags/example_task_group.py took 0.112 seconds
[2026-01-14T19:56:43.200+0530] {processor.py:161} INFO - Started process (PID=2474) to work on /home/sathya/projects/training-kit/.venv-airflow/lib/python3.10/site-packages/airflow/example_dags/example_task_group.py
[2026-01-14T19:56:43.203+0530] {processor.py:830} INFO - Processing file /home/sathya/projects/training-kit/.venv-airflow/lib/python3.10/site-packages/airflow/example_dags/example_task_group.py for tasks to queue
[2026-01-14T19:56:43.208+0530] {logging_mixin.py:188} INFO - [2026-01-14T19:56:43.207+0530] {dagbag.py:545} INFO - Filling up the DagBag from /home/sathya/projects/training-kit/.venv-airflow/lib/python3.10/site-packages/airflow/example_dags/example_task_group.py
[2026-01-14T19:56:43.229+0530] {processor.py:840} INFO - DAG(s) 'example_task_group' retrieved from /home/sathya/projects/training-kit/.venv-airflow/lib/python3.10/site-packages/airflow/example_dags/example_task_group.py
[2026-01-14T19:56:43.259+0530] {logging_mixin.py:188} INFO - [2026-01-14T19:56:43.258+0530] {dag.py:3089} INFO - Sync 1 DAGs
[2026-01-14T19:56:43.295+0530] {logging_mixin.py:188} INFO - [2026-01-14T19:56:43.295+0530] {dag.py:3947} INFO - Setting next_dagrun for example_task_group to 2026-01-13 00:00:00+00:00, run_after=2026-01-14 00:00:00+00:00
[2026-01-14T19:56:43.369+0530] {processor.py:183} INFO - Processing /home/sathya/projects/training-kit/.venv-airflow/lib/python3.10/site-packages/airflow/example_dags/example_task_group.py took 0.187 seconds
[2026-01-14T19:57:40.250+0530] {processor.py:161} INFO - Started process (PID=2568) to work on /home/sathya/projects/training-kit/.venv-airflow/lib/python3.10/site-packages/airflow/example_dags/example_task_group.py
[2026-01-14T19:57:40.251+0530] {processor.py:830} INFO - Processing file /home/sathya/projects/training-kit/.venv-airflow/lib/python3.10/site-packages/airflow/example_dags/example_task_group.py for tasks to queue
[2026-01-14T19:57:40.254+0530] {logging_mixin.py:188} INFO - [2026-01-14T19:57:40.253+0530] {dagbag.py:545} INFO - Filling up the DagBag from /home/sathya/projects/training-kit/.venv-airflow/lib/python3.10/site-packages/airflow/example_dags/example_task_group.py
[2026-01-14T19:57:40.268+0530] {processor.py:840} INFO - DAG(s) 'example_task_group' retrieved from /home/sathya/projects/training-kit/.venv-airflow/lib/python3.10/site-packages/airflow/example_dags/example_task_group.py
[2026-01-14T19:57:40.291+0530] {logging_mixin.py:188} INFO - [2026-01-14T19:57:40.291+0530] {dag.py:3089} INFO - Sync 1 DAGs
[2026-01-14T19:57:40.315+0530] {logging_mixin.py:188} INFO - [2026-01-14T19:57:40.314+0530] {dag.py:3947} INFO - Setting next_dagrun for example_task_group to 2026-01-13 00:00:00+00:00, run_after=2026-01-14 00:00:00+00:00
[2026-01-14T19:57:40.342+0530] {processor.py:183} INFO - Processing /home/sathya/projects/training-kit/.venv-airflow/lib/python3.10/site-packages/airflow/example_dags/example_task_group.py took 0.102 seconds
[2026-01-14T19:58:33.755+0530] {processor.py:161} INFO - Started process (PID=2653) to work on /home/sathya/projects/training-kit/.venv-airflow/lib/python3.10/site-packages/airflow/example_dags/example_task_group.py
[2026-01-14T19:58:33.760+0530] {processor.py:830} INFO - Processing file /home/sathya/projects/training-kit/.venv-airflow/lib/python3.10/site-packages/airflow/example_dags/example_task_group.py for tasks to queue
[2026-01-14T19:58:33.763+0530] {logging_mixin.py:188} INFO - [2026-01-14T19:58:33.762+0530] {dagbag.py:545} INFO - Filling up the DagBag from /home/sathya/projects/training-kit/.venv-airflow/lib/python3.10/site-packages/airflow/example_dags/example_task_group.py
[2026-01-14T19:58:33.781+0530] {processor.py:840} INFO - DAG(s) 'example_task_group' retrieved from /home/sathya/projects/training-kit/.venv-airflow/lib/python3.10/site-packages/airflow/example_dags/example_task_group.py
[2026-01-14T19:58:33.819+0530] {logging_mixin.py:188} INFO - [2026-01-14T19:58:33.818+0530] {dag.py:3089} INFO - Sync 1 DAGs
[2026-01-14T19:58:33.873+0530] {logging_mixin.py:188} INFO - [2026-01-14T19:58:33.873+0530] {dag.py:3947} INFO - Setting next_dagrun for example_task_group to 2026-01-13 00:00:00+00:00, run_after=2026-01-14 00:00:00+00:00
[2026-01-14T19:58:33.922+0530] {processor.py:183} INFO - Processing /home/sathya/projects/training-kit/.venv-airflow/lib/python3.10/site-packages/airflow/example_dags/example_task_group.py took 0.179 seconds
[2026-01-14T19:59:28.313+0530] {processor.py:161} INFO - Started process (PID=2748) to work on /home/sathya/projects/training-kit/.venv-airflow/lib/python3.10/site-packages/airflow/example_dags/example_task_group.py
[2026-01-14T19:59:28.316+0530] {processor.py:830} INFO - Processing file /home/sathya/projects/training-kit/.venv-airflow/lib/python3.10/site-packages/airflow/example_dags/example_task_group.py for tasks to queue
[2026-01-14T19:59:28.320+0530] {logging_mixin.py:188} INFO - [2026-01-14T19:59:28.319+0530] {dagbag.py:545} INFO - Filling up the DagBag from /home/sathya/projects/training-kit/.venv-airflow/lib/python3.10/site-packages/airflow/example_dags/example_task_group.py
[2026-01-14T19:59:28.334+0530] {processor.py:840} INFO - DAG(s) 'example_task_group' retrieved from /home/sathya/projects/training-kit/.venv-airflow/lib/python3.10/site-packages/airflow/example_dags/example_task_group.py
[2026-01-14T19:59:28.367+0530] {logging_mixin.py:188} INFO - [2026-01-14T19:59:28.367+0530] {dag.py:3089} INFO - Sync 1 DAGs
[2026-01-14T19:59:28.399+0530] {logging_mixin.py:188} INFO - [2026-01-14T19:59:28.399+0530] {dag.py:3947} INFO - Setting next_dagrun for example_task_group to 2026-01-13 00:00:00+00:00, run_after=2026-01-14 00:00:00+00:00
[2026-01-14T19:59:28.496+0530] {processor.py:183} INFO - Processing /home/sathya/projects/training-kit/.venv-airflow/lib/python3.10/site-packages/airflow/example_dags/example_task_group.py took 0.203 seconds
[2026-01-14T20:00:26.004+0530] {processor.py:161} INFO - Started process (PID=2841) to work on /home/sathya/projects/training-kit/.venv-airflow/lib/python3.10/site-packages/airflow/example_dags/example_task_group.py
[2026-01-14T20:00:26.007+0530] {processor.py:830} INFO - Processing file /home/sathya/projects/training-kit/.venv-airflow/lib/python3.10/site-packages/airflow/example_dags/example_task_group.py for tasks to queue
[2026-01-14T20:00:26.009+0530] {logging_mixin.py:188} INFO - [2026-01-14T20:00:26.009+0530] {dagbag.py:545} INFO - Filling up the DagBag from /home/sathya/projects/training-kit/.venv-airflow/lib/python3.10/site-packages/airflow/example_dags/example_task_group.py
[2026-01-14T20:00:26.020+0530] {processor.py:840} INFO - DAG(s) 'example_task_group' retrieved from /home/sathya/projects/training-kit/.venv-airflow/lib/python3.10/site-packages/airflow/example_dags/example_task_group.py
[2026-01-14T20:00:26.050+0530] {logging_mixin.py:188} INFO - [2026-01-14T20:00:26.049+0530] {dag.py:3089} INFO - Sync 1 DAGs
[2026-01-14T20:00:26.089+0530] {logging_mixin.py:188} INFO - [2026-01-14T20:00:26.089+0530] {dag.py:3947} INFO - Setting next_dagrun for example_task_group to 2026-01-13 00:00:00+00:00, run_after=2026-01-14 00:00:00+00:00
[2026-01-14T20:00:26.126+0530] {processor.py:183} INFO - Processing /home/sathya/projects/training-kit/.venv-airflow/lib/python3.10/site-packages/airflow/example_dags/example_task_group.py took 0.131 seconds
[2026-01-14T20:04:02.358+0530] {processor.py:161} INFO - Started process (PID=3062) to work on /home/sathya/projects/training-kit/.venv-airflow/lib/python3.10/site-packages/airflow/example_dags/example_task_group.py
[2026-01-14T20:04:02.361+0530] {processor.py:830} INFO - Processing file /home/sathya/projects/training-kit/.venv-airflow/lib/python3.10/site-packages/airflow/example_dags/example_task_group.py for tasks to queue
[2026-01-14T20:04:02.365+0530] {logging_mixin.py:188} INFO - [2026-01-14T20:04:02.364+0530] {dagbag.py:545} INFO - Filling up the DagBag from /home/sathya/projects/training-kit/.venv-airflow/lib/python3.10/site-packages/airflow/example_dags/example_task_group.py
[2026-01-14T20:04:02.401+0530] {processor.py:840} INFO - DAG(s) 'example_task_group' retrieved from /home/sathya/projects/training-kit/.venv-airflow/lib/python3.10/site-packages/airflow/example_dags/example_task_group.py
[2026-01-14T20:04:02.553+0530] {logging_mixin.py:188} INFO - [2026-01-14T20:04:02.552+0530] {dag.py:3089} INFO - Sync 1 DAGs
[2026-01-14T20:04:02.608+0530] {logging_mixin.py:188} INFO - [2026-01-14T20:04:02.608+0530] {dag.py:3947} INFO - Setting next_dagrun for example_task_group to 2026-01-13 00:00:00+00:00, run_after=2026-01-14 00:00:00+00:00
[2026-01-14T20:04:02.645+0530] {processor.py:183} INFO - Processing /home/sathya/projects/training-kit/.venv-airflow/lib/python3.10/site-packages/airflow/example_dags/example_task_group.py took 0.300 seconds
[2026-01-14T20:05:12.413+0530] {processor.py:161} INFO - Started process (PID=3153) to work on /home/sathya/projects/training-kit/.venv-airflow/lib/python3.10/site-packages/airflow/example_dags/example_task_group.py
[2026-01-14T20:05:12.415+0530] {processor.py:830} INFO - Processing file /home/sathya/projects/training-kit/.venv-airflow/lib/python3.10/site-packages/airflow/example_dags/example_task_group.py for tasks to queue
[2026-01-14T20:05:12.418+0530] {logging_mixin.py:188} INFO - [2026-01-14T20:05:12.417+0530] {dagbag.py:545} INFO - Filling up the DagBag from /home/sathya/projects/training-kit/.venv-airflow/lib/python3.10/site-packages/airflow/example_dags/example_task_group.py
[2026-01-14T20:05:12.430+0530] {processor.py:840} INFO - DAG(s) 'example_task_group' retrieved from /home/sathya/projects/training-kit/.venv-airflow/lib/python3.10/site-packages/airflow/example_dags/example_task_group.py
[2026-01-14T20:05:12.455+0530] {logging_mixin.py:188} INFO - [2026-01-14T20:05:12.454+0530] {dag.py:3089} INFO - Sync 1 DAGs
[2026-01-14T20:05:12.473+0530] {logging_mixin.py:188} INFO - [2026-01-14T20:05:12.473+0530] {dag.py:3947} INFO - Setting next_dagrun for example_task_group to 2026-01-13 00:00:00+00:00, run_after=2026-01-14 00:00:00+00:00
[2026-01-14T20:05:00.824+0530] {processor.py:183} INFO - Processing /home/sathya/projects/training-kit/.venv-airflow/lib/python3.10/site-packages/airflow/example_dags/example_task_group.py took 0.114 seconds
