[2026-01-14T19:51:23.045+0530] {processor.py:161} INFO - Started process (PID=1543) to work on /home/sathya/projects/training-kit/.venv-airflow/lib/python3.10/site-packages/airflow/example_dags/example_skip_dag.py
[2026-01-14T19:51:23.046+0530] {processor.py:830} INFO - Processing file /home/sathya/projects/training-kit/.venv-airflow/lib/python3.10/site-packages/airflow/example_dags/example_skip_dag.py for tasks to queue
[2026-01-14T19:51:23.047+0530] {logging_mixin.py:188} INFO - [2026-01-14T19:51:23.047+0530] {dagbag.py:545} INFO - Filling up the DagBag from /home/sathya/projects/training-kit/.venv-airflow/lib/python3.10/site-packages/airflow/example_dags/example_skip_dag.py
[2026-01-14T19:51:23.056+0530] {processor.py:840} INFO - DAG(s) 'example_skip_dag' retrieved from /home/sathya/projects/training-kit/.venv-airflow/lib/python3.10/site-packages/airflow/example_dags/example_skip_dag.py
[2026-01-14T19:51:23.155+0530] {logging_mixin.py:188} INFO - [2026-01-14T19:51:23.154+0530] {dag.py:3089} INFO - Sync 1 DAGs
[2026-01-14T19:51:23.178+0530] {logging_mixin.py:188} INFO - [2026-01-14T19:51:23.176+0530] {dag.py:3947} INFO - Setting next_dagrun for example_skip_dag to 2026-01-13 00:00:00+00:00, run_after=2026-01-14 00:00:00+00:00
[2026-01-14T19:51:23.209+0530] {processor.py:183} INFO - Processing /home/sathya/projects/training-kit/.venv-airflow/lib/python3.10/site-packages/airflow/example_dags/example_skip_dag.py took 0.169 seconds
[2026-01-14T19:52:35.215+0530] {processor.py:161} INFO - Started process (PID=1698) to work on /home/sathya/projects/training-kit/.venv-airflow/lib/python3.10/site-packages/airflow/example_dags/example_skip_dag.py
[2026-01-14T19:52:35.217+0530] {processor.py:830} INFO - Processing file /home/sathya/projects/training-kit/.venv-airflow/lib/python3.10/site-packages/airflow/example_dags/example_skip_dag.py for tasks to queue
[2026-01-14T19:52:35.219+0530] {logging_mixin.py:188} INFO - [2026-01-14T19:52:35.219+0530] {dagbag.py:545} INFO - Filling up the DagBag from /home/sathya/projects/training-kit/.venv-airflow/lib/python3.10/site-packages/airflow/example_dags/example_skip_dag.py
[2026-01-14T19:52:35.230+0530] {processor.py:840} INFO - DAG(s) 'example_skip_dag' retrieved from /home/sathya/projects/training-kit/.venv-airflow/lib/python3.10/site-packages/airflow/example_dags/example_skip_dag.py
[2026-01-14T19:52:35.260+0530] {logging_mixin.py:188} INFO - [2026-01-14T19:52:35.260+0530] {dag.py:3089} INFO - Sync 1 DAGs
[2026-01-14T19:52:35.299+0530] {logging_mixin.py:188} INFO - [2026-01-14T19:52:35.298+0530] {dag.py:3947} INFO - Setting next_dagrun for example_skip_dag to 2026-01-13 00:00:00+00:00, run_after=2026-01-14 00:00:00+00:00
[2026-01-14T19:52:23.774+0530] {processor.py:183} INFO - Processing /home/sathya/projects/training-kit/.venv-airflow/lib/python3.10/site-packages/airflow/example_dags/example_skip_dag.py took 0.144 seconds
[2026-01-14T19:53:00.253+0530] {processor.py:161} INFO - Started process (PID=1840) to work on /home/sathya/projects/training-kit/.venv-airflow/lib/python3.10/site-packages/airflow/example_dags/example_skip_dag.py
[2026-01-14T19:53:00.258+0530] {processor.py:830} INFO - Processing file /home/sathya/projects/training-kit/.venv-airflow/lib/python3.10/site-packages/airflow/example_dags/example_skip_dag.py for tasks to queue
[2026-01-14T19:53:00.266+0530] {logging_mixin.py:188} INFO - [2026-01-14T19:53:00.265+0530] {dagbag.py:545} INFO - Filling up the DagBag from /home/sathya/projects/training-kit/.venv-airflow/lib/python3.10/site-packages/airflow/example_dags/example_skip_dag.py
[2026-01-14T19:53:00.281+0530] {processor.py:840} INFO - DAG(s) 'example_skip_dag' retrieved from /home/sathya/projects/training-kit/.venv-airflow/lib/python3.10/site-packages/airflow/example_dags/example_skip_dag.py
[2026-01-14T19:53:00.346+0530] {logging_mixin.py:188} INFO - [2026-01-14T19:53:00.345+0530] {dag.py:3089} INFO - Sync 1 DAGs
[2026-01-14T19:53:00.387+0530] {logging_mixin.py:188} INFO - [2026-01-14T19:53:00.387+0530] {dag.py:3947} INFO - Setting next_dagrun for example_skip_dag to 2026-01-13 00:00:00+00:00, run_after=2026-01-14 00:00:00+00:00
[2026-01-14T19:53:00.434+0530] {processor.py:183} INFO - Processing /home/sathya/projects/training-kit/.venv-airflow/lib/python3.10/site-packages/airflow/example_dags/example_skip_dag.py took 0.203 seconds
[2026-01-14T19:53:18.111+0530] {processor.py:161} INFO - Started process (PID=1900) to work on /home/sathya/projects/training-kit/.venv-airflow/lib/python3.10/site-packages/airflow/example_dags/example_skip_dag.py
[2026-01-14T19:53:18.113+0530] {processor.py:830} INFO - Processing file /home/sathya/projects/training-kit/.venv-airflow/lib/python3.10/site-packages/airflow/example_dags/example_skip_dag.py for tasks to queue
[2026-01-14T19:53:18.116+0530] {logging_mixin.py:188} INFO - [2026-01-14T19:53:18.115+0530] {dagbag.py:545} INFO - Filling up the DagBag from /home/sathya/projects/training-kit/.venv-airflow/lib/python3.10/site-packages/airflow/example_dags/example_skip_dag.py
[2026-01-14T19:53:18.129+0530] {processor.py:840} INFO - DAG(s) 'example_skip_dag' retrieved from /home/sathya/projects/training-kit/.venv-airflow/lib/python3.10/site-packages/airflow/example_dags/example_skip_dag.py
[2026-01-14T19:53:18.155+0530] {logging_mixin.py:188} INFO - [2026-01-14T19:53:18.155+0530] {dag.py:3089} INFO - Sync 1 DAGs
[2026-01-14T19:53:18.175+0530] {logging_mixin.py:188} INFO - [2026-01-14T19:53:18.175+0530] {dag.py:3947} INFO - Setting next_dagrun for example_skip_dag to 2026-01-13 00:00:00+00:00, run_after=2026-01-14 00:00:00+00:00
[2026-01-14T19:53:18.202+0530] {processor.py:183} INFO - Processing /home/sathya/projects/training-kit/.venv-airflow/lib/python3.10/site-packages/airflow/example_dags/example_skip_dag.py took 0.105 seconds
[2026-01-14T19:53:59.257+0530] {processor.py:161} INFO - Started process (PID=2051) to work on /home/sathya/projects/training-kit/.venv-airflow/lib/python3.10/site-packages/airflow/example_dags/example_skip_dag.py
[2026-01-14T19:53:59.259+0530] {processor.py:830} INFO - Processing file /home/sathya/projects/training-kit/.venv-airflow/lib/python3.10/site-packages/airflow/example_dags/example_skip_dag.py for tasks to queue
[2026-01-14T19:53:59.261+0530] {logging_mixin.py:188} INFO - [2026-01-14T19:53:59.260+0530] {dagbag.py:545} INFO - Filling up the DagBag from /home/sathya/projects/training-kit/.venv-airflow/lib/python3.10/site-packages/airflow/example_dags/example_skip_dag.py
[2026-01-14T19:53:59.266+0530] {processor.py:840} INFO - DAG(s) 'example_skip_dag' retrieved from /home/sathya/projects/training-kit/.venv-airflow/lib/python3.10/site-packages/airflow/example_dags/example_skip_dag.py
[2026-01-14T19:53:59.281+0530] {logging_mixin.py:188} INFO - [2026-01-14T19:53:59.281+0530] {dag.py:3089} INFO - Sync 1 DAGs
[2026-01-14T19:53:59.300+0530] {logging_mixin.py:188} INFO - [2026-01-14T19:53:59.300+0530] {dag.py:3947} INFO - Setting next_dagrun for example_skip_dag to 2026-01-13 00:00:00+00:00, run_after=2026-01-14 00:00:00+00:00
[2026-01-14T19:53:59.330+0530] {processor.py:183} INFO - Processing /home/sathya/projects/training-kit/.venv-airflow/lib/python3.10/site-packages/airflow/example_dags/example_skip_dag.py took 0.079 seconds
[2026-01-14T19:54:11.447+0530] {processor.py:161} INFO - Started process (PID=2090) to work on /home/sathya/projects/training-kit/.venv-airflow/lib/python3.10/site-packages/airflow/example_dags/example_skip_dag.py
[2026-01-14T19:54:11.449+0530] {processor.py:830} INFO - Processing file /home/sathya/projects/training-kit/.venv-airflow/lib/python3.10/site-packages/airflow/example_dags/example_skip_dag.py for tasks to queue
[2026-01-14T19:54:11.453+0530] {logging_mixin.py:188} INFO - [2026-01-14T19:54:11.452+0530] {dagbag.py:545} INFO - Filling up the DagBag from /home/sathya/projects/training-kit/.venv-airflow/lib/python3.10/site-packages/airflow/example_dags/example_skip_dag.py
[2026-01-14T19:54:11.464+0530] {processor.py:840} INFO - DAG(s) 'example_skip_dag' retrieved from /home/sathya/projects/training-kit/.venv-airflow/lib/python3.10/site-packages/airflow/example_dags/example_skip_dag.py
[2026-01-14T19:54:11.486+0530] {logging_mixin.py:188} INFO - [2026-01-14T19:54:11.486+0530] {dag.py:3089} INFO - Sync 1 DAGs
[2026-01-14T19:54:11.527+0530] {logging_mixin.py:188} INFO - [2026-01-14T19:54:11.526+0530] {dag.py:3947} INFO - Setting next_dagrun for example_skip_dag to 2026-01-13 00:00:00+00:00, run_after=2026-01-14 00:00:00+00:00
[2026-01-14T19:54:11.561+0530] {processor.py:183} INFO - Processing /home/sathya/projects/training-kit/.venv-airflow/lib/python3.10/site-packages/airflow/example_dags/example_skip_dag.py took 0.131 seconds
[2026-01-14T19:54:55.806+0530] {processor.py:161} INFO - Started process (PID=2252) to work on /home/sathya/projects/training-kit/.venv-airflow/lib/python3.10/site-packages/airflow/example_dags/example_skip_dag.py
[2026-01-14T19:54:55.808+0530] {processor.py:830} INFO - Processing file /home/sathya/projects/training-kit/.venv-airflow/lib/python3.10/site-packages/airflow/example_dags/example_skip_dag.py for tasks to queue
[2026-01-14T19:54:55.810+0530] {logging_mixin.py:188} INFO - [2026-01-14T19:54:55.810+0530] {dagbag.py:545} INFO - Filling up the DagBag from /home/sathya/projects/training-kit/.venv-airflow/lib/python3.10/site-packages/airflow/example_dags/example_skip_dag.py
[2026-01-14T19:54:55.822+0530] {processor.py:840} INFO - DAG(s) 'example_skip_dag' retrieved from /home/sathya/projects/training-kit/.venv-airflow/lib/python3.10/site-packages/airflow/example_dags/example_skip_dag.py
[2026-01-14T19:54:55.844+0530] {logging_mixin.py:188} INFO - [2026-01-14T19:54:55.844+0530] {dag.py:3089} INFO - Sync 1 DAGs
[2026-01-14T19:54:55.861+0530] {logging_mixin.py:188} INFO - [2026-01-14T19:54:55.861+0530] {dag.py:3947} INFO - Setting next_dagrun for example_skip_dag to 2026-01-13 00:00:00+00:00, run_after=2026-01-14 00:00:00+00:00
[2026-01-14T19:54:55.886+0530] {processor.py:183} INFO - Processing /home/sathya/projects/training-kit/.venv-airflow/lib/python3.10/site-packages/airflow/example_dags/example_skip_dag.py took 0.086 seconds
[2026-01-14T19:55:05.697+0530] {processor.py:161} INFO - Started process (PID=2288) to work on /home/sathya/projects/training-kit/.venv-airflow/lib/python3.10/site-packages/airflow/example_dags/example_skip_dag.py
[2026-01-14T19:55:05.698+0530] {processor.py:830} INFO - Processing file /home/sathya/projects/training-kit/.venv-airflow/lib/python3.10/site-packages/airflow/example_dags/example_skip_dag.py for tasks to queue
[2026-01-14T19:55:05.701+0530] {logging_mixin.py:188} INFO - [2026-01-14T19:55:05.701+0530] {dagbag.py:545} INFO - Filling up the DagBag from /home/sathya/projects/training-kit/.venv-airflow/lib/python3.10/site-packages/airflow/example_dags/example_skip_dag.py
[2026-01-14T19:55:05.713+0530] {processor.py:840} INFO - DAG(s) 'example_skip_dag' retrieved from /home/sathya/projects/training-kit/.venv-airflow/lib/python3.10/site-packages/airflow/example_dags/example_skip_dag.py
[2026-01-14T19:55:05.742+0530] {logging_mixin.py:188} INFO - [2026-01-14T19:55:05.741+0530] {dag.py:3089} INFO - Sync 1 DAGs
[2026-01-14T19:55:05.775+0530] {logging_mixin.py:188} INFO - [2026-01-14T19:55:05.775+0530] {dag.py:3947} INFO - Setting next_dagrun for example_skip_dag to 2026-01-13 00:00:00+00:00, run_after=2026-01-14 00:00:00+00:00
[2026-01-14T19:55:05.818+0530] {processor.py:183} INFO - Processing /home/sathya/projects/training-kit/.venv-airflow/lib/python3.10/site-packages/airflow/example_dags/example_skip_dag.py took 0.128 seconds
[2026-01-14T19:56:59.953+0530] {processor.py:161} INFO - Started process (PID=2502) to work on /home/sathya/projects/training-kit/.venv-airflow/lib/python3.10/site-packages/airflow/example_dags/example_skip_dag.py
[2026-01-14T19:56:59.955+0530] {processor.py:830} INFO - Processing file /home/sathya/projects/training-kit/.venv-airflow/lib/python3.10/site-packages/airflow/example_dags/example_skip_dag.py for tasks to queue
[2026-01-14T19:56:59.957+0530] {logging_mixin.py:188} INFO - [2026-01-14T19:56:59.957+0530] {dagbag.py:545} INFO - Filling up the DagBag from /home/sathya/projects/training-kit/.venv-airflow/lib/python3.10/site-packages/airflow/example_dags/example_skip_dag.py
[2026-01-14T19:56:59.963+0530] {processor.py:840} INFO - DAG(s) 'example_skip_dag' retrieved from /home/sathya/projects/training-kit/.venv-airflow/lib/python3.10/site-packages/airflow/example_dags/example_skip_dag.py
[2026-01-14T19:56:59.985+0530] {logging_mixin.py:188} INFO - [2026-01-14T19:56:59.985+0530] {dag.py:3089} INFO - Sync 1 DAGs
[2026-01-14T19:57:00.012+0530] {logging_mixin.py:188} INFO - [2026-01-14T19:57:00.011+0530] {dag.py:3947} INFO - Setting next_dagrun for example_skip_dag to 2026-01-13 00:00:00+00:00, run_after=2026-01-14 00:00:00+00:00
[2026-01-14T19:57:00.036+0530] {processor.py:183} INFO - Processing /home/sathya/projects/training-kit/.venv-airflow/lib/python3.10/site-packages/airflow/example_dags/example_skip_dag.py took 0.092 seconds
[2026-01-14T19:57:57.304+0530] {processor.py:161} INFO - Started process (PID=2593) to work on /home/sathya/projects/training-kit/.venv-airflow/lib/python3.10/site-packages/airflow/example_dags/example_skip_dag.py
[2026-01-14T19:57:57.306+0530] {processor.py:830} INFO - Processing file /home/sathya/projects/training-kit/.venv-airflow/lib/python3.10/site-packages/airflow/example_dags/example_skip_dag.py for tasks to queue
[2026-01-14T19:57:57.309+0530] {logging_mixin.py:188} INFO - [2026-01-14T19:57:57.308+0530] {dagbag.py:545} INFO - Filling up the DagBag from /home/sathya/projects/training-kit/.venv-airflow/lib/python3.10/site-packages/airflow/example_dags/example_skip_dag.py
[2026-01-14T19:57:57.318+0530] {processor.py:840} INFO - DAG(s) 'example_skip_dag' retrieved from /home/sathya/projects/training-kit/.venv-airflow/lib/python3.10/site-packages/airflow/example_dags/example_skip_dag.py
[2026-01-14T19:57:57.340+0530] {logging_mixin.py:188} INFO - [2026-01-14T19:57:57.340+0530] {dag.py:3089} INFO - Sync 1 DAGs
[2026-01-14T19:57:57.365+0530] {logging_mixin.py:188} INFO - [2026-01-14T19:57:57.364+0530] {dag.py:3947} INFO - Setting next_dagrun for example_skip_dag to 2026-01-13 00:00:00+00:00, run_after=2026-01-14 00:00:00+00:00
[2026-01-14T19:57:57.400+0530] {processor.py:183} INFO - Processing /home/sathya/projects/training-kit/.venv-airflow/lib/python3.10/site-packages/airflow/example_dags/example_skip_dag.py took 0.114 seconds
[2026-01-14T19:58:51.323+0530] {processor.py:161} INFO - Started process (PID=2680) to work on /home/sathya/projects/training-kit/.venv-airflow/lib/python3.10/site-packages/airflow/example_dags/example_skip_dag.py
[2026-01-14T19:58:51.325+0530] {processor.py:830} INFO - Processing file /home/sathya/projects/training-kit/.venv-airflow/lib/python3.10/site-packages/airflow/example_dags/example_skip_dag.py for tasks to queue
[2026-01-14T19:58:51.327+0530] {logging_mixin.py:188} INFO - [2026-01-14T19:58:51.326+0530] {dagbag.py:545} INFO - Filling up the DagBag from /home/sathya/projects/training-kit/.venv-airflow/lib/python3.10/site-packages/airflow/example_dags/example_skip_dag.py
[2026-01-14T19:58:51.338+0530] {processor.py:840} INFO - DAG(s) 'example_skip_dag' retrieved from /home/sathya/projects/training-kit/.venv-airflow/lib/python3.10/site-packages/airflow/example_dags/example_skip_dag.py
[2026-01-14T19:58:51.360+0530] {logging_mixin.py:188} INFO - [2026-01-14T19:58:51.360+0530] {dag.py:3089} INFO - Sync 1 DAGs
[2026-01-14T19:58:51.388+0530] {logging_mixin.py:188} INFO - [2026-01-14T19:58:51.388+0530] {dag.py:3947} INFO - Setting next_dagrun for example_skip_dag to 2026-01-13 00:00:00+00:00, run_after=2026-01-14 00:00:00+00:00
[2026-01-14T19:58:51.419+0530] {processor.py:183} INFO - Processing /home/sathya/projects/training-kit/.venv-airflow/lib/python3.10/site-packages/airflow/example_dags/example_skip_dag.py took 0.107 seconds
[2026-01-14T19:59:46.565+0530] {processor.py:161} INFO - Started process (PID=2776) to work on /home/sathya/projects/training-kit/.venv-airflow/lib/python3.10/site-packages/airflow/example_dags/example_skip_dag.py
[2026-01-14T19:59:46.568+0530] {processor.py:830} INFO - Processing file /home/sathya/projects/training-kit/.venv-airflow/lib/python3.10/site-packages/airflow/example_dags/example_skip_dag.py for tasks to queue
[2026-01-14T19:59:46.570+0530] {logging_mixin.py:188} INFO - [2026-01-14T19:59:46.570+0530] {dagbag.py:545} INFO - Filling up the DagBag from /home/sathya/projects/training-kit/.venv-airflow/lib/python3.10/site-packages/airflow/example_dags/example_skip_dag.py
[2026-01-14T19:59:46.580+0530] {processor.py:840} INFO - DAG(s) 'example_skip_dag' retrieved from /home/sathya/projects/training-kit/.venv-airflow/lib/python3.10/site-packages/airflow/example_dags/example_skip_dag.py
[2026-01-14T19:59:46.600+0530] {logging_mixin.py:188} INFO - [2026-01-14T19:59:46.599+0530] {dag.py:3089} INFO - Sync 1 DAGs
[2026-01-14T19:59:46.635+0530] {logging_mixin.py:188} INFO - [2026-01-14T19:59:46.634+0530] {dag.py:3947} INFO - Setting next_dagrun for example_skip_dag to 2026-01-13 00:00:00+00:00, run_after=2026-01-14 00:00:00+00:00
[2026-01-14T19:59:46.654+0530] {processor.py:183} INFO - Processing /home/sathya/projects/training-kit/.venv-airflow/lib/python3.10/site-packages/airflow/example_dags/example_skip_dag.py took 0.094 seconds
[2026-01-14T20:00:43.135+0530] {processor.py:161} INFO - Started process (PID=2866) to work on /home/sathya/projects/training-kit/.venv-airflow/lib/python3.10/site-packages/airflow/example_dags/example_skip_dag.py
[2026-01-14T20:00:43.136+0530] {processor.py:830} INFO - Processing file /home/sathya/projects/training-kit/.venv-airflow/lib/python3.10/site-packages/airflow/example_dags/example_skip_dag.py for tasks to queue
[2026-01-14T20:00:43.139+0530] {logging_mixin.py:188} INFO - [2026-01-14T20:00:43.138+0530] {dagbag.py:545} INFO - Filling up the DagBag from /home/sathya/projects/training-kit/.venv-airflow/lib/python3.10/site-packages/airflow/example_dags/example_skip_dag.py
[2026-01-14T20:00:43.147+0530] {processor.py:840} INFO - DAG(s) 'example_skip_dag' retrieved from /home/sathya/projects/training-kit/.venv-airflow/lib/python3.10/site-packages/airflow/example_dags/example_skip_dag.py
[2026-01-14T20:00:43.175+0530] {logging_mixin.py:188} INFO - [2026-01-14T20:00:43.175+0530] {dag.py:3089} INFO - Sync 1 DAGs
[2026-01-14T20:00:43.208+0530] {logging_mixin.py:188} INFO - [2026-01-14T20:00:43.208+0530] {dag.py:3947} INFO - Setting next_dagrun for example_skip_dag to 2026-01-13 00:00:00+00:00, run_after=2026-01-14 00:00:00+00:00
[2026-01-14T20:00:43.450+0530] {processor.py:183} INFO - Processing /home/sathya/projects/training-kit/.venv-airflow/lib/python3.10/site-packages/airflow/example_dags/example_skip_dag.py took 0.325 seconds
[2026-01-14T20:04:18.797+0530] {processor.py:161} INFO - Started process (PID=3085) to work on /home/sathya/projects/training-kit/.venv-airflow/lib/python3.10/site-packages/airflow/example_dags/example_skip_dag.py
[2026-01-14T20:04:18.799+0530] {processor.py:830} INFO - Processing file /home/sathya/projects/training-kit/.venv-airflow/lib/python3.10/site-packages/airflow/example_dags/example_skip_dag.py for tasks to queue
[2026-01-14T20:04:18.801+0530] {logging_mixin.py:188} INFO - [2026-01-14T20:04:18.801+0530] {dagbag.py:545} INFO - Filling up the DagBag from /home/sathya/projects/training-kit/.venv-airflow/lib/python3.10/site-packages/airflow/example_dags/example_skip_dag.py
[2026-01-14T20:04:18.807+0530] {processor.py:840} INFO - DAG(s) 'example_skip_dag' retrieved from /home/sathya/projects/training-kit/.venv-airflow/lib/python3.10/site-packages/airflow/example_dags/example_skip_dag.py
[2026-01-14T20:04:18.927+0530] {logging_mixin.py:188} INFO - [2026-01-14T20:04:18.926+0530] {dag.py:3089} INFO - Sync 1 DAGs
[2026-01-14T20:04:18.947+0530] {logging_mixin.py:188} INFO - [2026-01-14T20:04:18.947+0530] {dag.py:3947} INFO - Setting next_dagrun for example_skip_dag to 2026-01-13 00:00:00+00:00, run_after=2026-01-14 00:00:00+00:00
[2026-01-14T20:04:18.976+0530] {processor.py:183} INFO - Processing /home/sathya/projects/training-kit/.venv-airflow/lib/python3.10/site-packages/airflow/example_dags/example_skip_dag.py took 0.184 seconds
[2026-01-14T20:05:19.945+0530] {processor.py:161} INFO - Started process (PID=3188) to work on /home/sathya/projects/training-kit/.venv-airflow/lib/python3.10/site-packages/airflow/example_dags/example_skip_dag.py
[2026-01-14T20:05:19.959+0530] {processor.py:830} INFO - Processing file /home/sathya/projects/training-kit/.venv-airflow/lib/python3.10/site-packages/airflow/example_dags/example_skip_dag.py for tasks to queue
[2026-01-14T20:05:19.962+0530] {logging_mixin.py:188} INFO - [2026-01-14T20:05:19.961+0530] {dagbag.py:545} INFO - Filling up the DagBag from /home/sathya/projects/training-kit/.venv-airflow/lib/python3.10/site-packages/airflow/example_dags/example_skip_dag.py
[2026-01-14T20:05:19.977+0530] {processor.py:840} INFO - DAG(s) 'example_skip_dag' retrieved from /home/sathya/projects/training-kit/.venv-airflow/lib/python3.10/site-packages/airflow/example_dags/example_skip_dag.py
[2026-01-14T20:05:20.002+0530] {logging_mixin.py:188} INFO - [2026-01-14T20:05:20.002+0530] {dag.py:3089} INFO - Sync 1 DAGs
[2026-01-14T20:05:20.025+0530] {logging_mixin.py:188} INFO - [2026-01-14T20:05:20.024+0530] {dag.py:3947} INFO - Setting next_dagrun for example_skip_dag to 2026-01-13 00:00:00+00:00, run_after=2026-01-14 00:00:00+00:00
[2026-01-14T20:05:20.069+0530] {processor.py:183} INFO - Processing /home/sathya/projects/training-kit/.venv-airflow/lib/python3.10/site-packages/airflow/example_dags/example_skip_dag.py took 0.134 seconds
