[2026-01-14T19:51:19.147+0530] {processor.py:161} INFO - Started process (PID=1536) to work on /home/sathya/projects/training-kit/.venv-airflow/lib/python3.10/site-packages/airflow/example_dags/example_setup_teardown.py
[2026-01-14T19:51:19.148+0530] {processor.py:830} INFO - Processing file /home/sathya/projects/training-kit/.venv-airflow/lib/python3.10/site-packages/airflow/example_dags/example_setup_teardown.py for tasks to queue
[2026-01-14T19:51:19.150+0530] {logging_mixin.py:188} INFO - [2026-01-14T19:51:19.149+0530] {dagbag.py:545} INFO - Filling up the DagBag from /home/sathya/projects/training-kit/.venv-airflow/lib/python3.10/site-packages/airflow/example_dags/example_setup_teardown.py
[2026-01-14T19:51:19.161+0530] {processor.py:840} INFO - DAG(s) 'example_setup_teardown' retrieved from /home/sathya/projects/training-kit/.venv-airflow/lib/python3.10/site-packages/airflow/example_dags/example_setup_teardown.py
[2026-01-14T19:51:19.325+0530] {logging_mixin.py:188} INFO - [2026-01-14T19:51:19.325+0530] {dag.py:3089} INFO - Sync 1 DAGs
[2026-01-14T19:51:19.358+0530] {logging_mixin.py:188} INFO - [2026-01-14T19:51:19.358+0530] {dag.py:3947} INFO - Setting next_dagrun for example_setup_teardown to 2026-01-13 00:00:00+00:00, run_after=2026-01-14 00:00:00+00:00
[2026-01-14T19:51:19.395+0530] {processor.py:183} INFO - Processing /home/sathya/projects/training-kit/.venv-airflow/lib/python3.10/site-packages/airflow/example_dags/example_setup_teardown.py took 0.262 seconds
[2026-01-14T19:52:20.878+0530] {processor.py:161} INFO - Started process (PID=1691) to work on /home/sathya/projects/training-kit/.venv-airflow/lib/python3.10/site-packages/airflow/example_dags/example_setup_teardown.py
[2026-01-14T19:52:20.883+0530] {processor.py:830} INFO - Processing file /home/sathya/projects/training-kit/.venv-airflow/lib/python3.10/site-packages/airflow/example_dags/example_setup_teardown.py for tasks to queue
[2026-01-14T19:52:20.888+0530] {logging_mixin.py:188} INFO - [2026-01-14T19:52:20.886+0530] {dagbag.py:545} INFO - Filling up the DagBag from /home/sathya/projects/training-kit/.venv-airflow/lib/python3.10/site-packages/airflow/example_dags/example_setup_teardown.py
[2026-01-14T19:52:20.909+0530] {processor.py:840} INFO - DAG(s) 'example_setup_teardown' retrieved from /home/sathya/projects/training-kit/.venv-airflow/lib/python3.10/site-packages/airflow/example_dags/example_setup_teardown.py
[2026-01-14T19:52:20.957+0530] {logging_mixin.py:188} INFO - [2026-01-14T19:52:20.956+0530] {dag.py:3089} INFO - Sync 1 DAGs
[2026-01-14T19:52:20.990+0530] {logging_mixin.py:188} INFO - [2026-01-14T19:52:20.990+0530] {dag.py:3947} INFO - Setting next_dagrun for example_setup_teardown to 2026-01-13 00:00:00+00:00, run_after=2026-01-14 00:00:00+00:00
[2026-01-14T19:52:21.014+0530] {processor.py:183} INFO - Processing /home/sathya/projects/training-kit/.venv-airflow/lib/python3.10/site-packages/airflow/example_dags/example_setup_teardown.py took 0.161 seconds
[2026-01-14T19:52:57.589+0530] {processor.py:161} INFO - Started process (PID=1823) to work on /home/sathya/projects/training-kit/.venv-airflow/lib/python3.10/site-packages/airflow/example_dags/example_setup_teardown.py
[2026-01-14T19:52:57.598+0530] {processor.py:830} INFO - Processing file /home/sathya/projects/training-kit/.venv-airflow/lib/python3.10/site-packages/airflow/example_dags/example_setup_teardown.py for tasks to queue
[2026-01-14T19:52:57.610+0530] {logging_mixin.py:188} INFO - [2026-01-14T19:52:57.609+0530] {dagbag.py:545} INFO - Filling up the DagBag from /home/sathya/projects/training-kit/.venv-airflow/lib/python3.10/site-packages/airflow/example_dags/example_setup_teardown.py
[2026-01-14T19:52:57.624+0530] {processor.py:840} INFO - DAG(s) 'example_setup_teardown' retrieved from /home/sathya/projects/training-kit/.venv-airflow/lib/python3.10/site-packages/airflow/example_dags/example_setup_teardown.py
[2026-01-14T19:52:57.649+0530] {logging_mixin.py:188} INFO - [2026-01-14T19:52:57.649+0530] {dag.py:3089} INFO - Sync 1 DAGs
[2026-01-14T19:52:57.673+0530] {logging_mixin.py:188} INFO - [2026-01-14T19:52:57.672+0530] {dag.py:3947} INFO - Setting next_dagrun for example_setup_teardown to 2026-01-13 00:00:00+00:00, run_after=2026-01-14 00:00:00+00:00
[2026-01-14T19:52:57.704+0530] {processor.py:183} INFO - Processing /home/sathya/projects/training-kit/.venv-airflow/lib/python3.10/site-packages/airflow/example_dags/example_setup_teardown.py took 0.131 seconds
[2026-01-14T19:53:15.623+0530] {processor.py:161} INFO - Started process (PID=1885) to work on /home/sathya/projects/training-kit/.venv-airflow/lib/python3.10/site-packages/airflow/example_dags/example_setup_teardown.py
[2026-01-14T19:53:15.625+0530] {processor.py:830} INFO - Processing file /home/sathya/projects/training-kit/.venv-airflow/lib/python3.10/site-packages/airflow/example_dags/example_setup_teardown.py for tasks to queue
[2026-01-14T19:53:15.640+0530] {logging_mixin.py:188} INFO - [2026-01-14T19:53:15.639+0530] {dagbag.py:545} INFO - Filling up the DagBag from /home/sathya/projects/training-kit/.venv-airflow/lib/python3.10/site-packages/airflow/example_dags/example_setup_teardown.py
[2026-01-14T19:53:15.672+0530] {processor.py:840} INFO - DAG(s) 'example_setup_teardown' retrieved from /home/sathya/projects/training-kit/.venv-airflow/lib/python3.10/site-packages/airflow/example_dags/example_setup_teardown.py
[2026-01-14T19:53:15.727+0530] {logging_mixin.py:188} INFO - [2026-01-14T19:53:15.726+0530] {dag.py:3089} INFO - Sync 1 DAGs
[2026-01-14T19:53:15.774+0530] {logging_mixin.py:188} INFO - [2026-01-14T19:53:15.773+0530] {dag.py:3947} INFO - Setting next_dagrun for example_setup_teardown to 2026-01-13 00:00:00+00:00, run_after=2026-01-14 00:00:00+00:00
[2026-01-14T19:53:15.816+0530] {processor.py:183} INFO - Processing /home/sathya/projects/training-kit/.venv-airflow/lib/python3.10/site-packages/airflow/example_dags/example_setup_teardown.py took 0.211 seconds
[2026-01-14T19:53:55.670+0530] {processor.py:161} INFO - Started process (PID=2039) to work on /home/sathya/projects/training-kit/.venv-airflow/lib/python3.10/site-packages/airflow/example_dags/example_setup_teardown.py
[2026-01-14T19:53:55.671+0530] {processor.py:830} INFO - Processing file /home/sathya/projects/training-kit/.venv-airflow/lib/python3.10/site-packages/airflow/example_dags/example_setup_teardown.py for tasks to queue
[2026-01-14T19:53:55.672+0530] {logging_mixin.py:188} INFO - [2026-01-14T19:53:55.672+0530] {dagbag.py:545} INFO - Filling up the DagBag from /home/sathya/projects/training-kit/.venv-airflow/lib/python3.10/site-packages/airflow/example_dags/example_setup_teardown.py
[2026-01-14T19:53:55.678+0530] {processor.py:840} INFO - DAG(s) 'example_setup_teardown' retrieved from /home/sathya/projects/training-kit/.venv-airflow/lib/python3.10/site-packages/airflow/example_dags/example_setup_teardown.py
[2026-01-14T19:53:55.692+0530] {logging_mixin.py:188} INFO - [2026-01-14T19:53:55.691+0530] {dag.py:3089} INFO - Sync 1 DAGs
[2026-01-14T19:53:55.709+0530] {logging_mixin.py:188} INFO - [2026-01-14T19:53:55.709+0530] {dag.py:3947} INFO - Setting next_dagrun for example_setup_teardown to 2026-01-13 00:00:00+00:00, run_after=2026-01-14 00:00:00+00:00
[2026-01-14T19:53:55.743+0530] {processor.py:183} INFO - Processing /home/sathya/projects/training-kit/.venv-airflow/lib/python3.10/site-packages/airflow/example_dags/example_setup_teardown.py took 0.079 seconds
[2026-01-14T19:54:07.938+0530] {processor.py:161} INFO - Started process (PID=2077) to work on /home/sathya/projects/training-kit/.venv-airflow/lib/python3.10/site-packages/airflow/example_dags/example_setup_teardown.py
[2026-01-14T19:54:07.949+0530] {processor.py:830} INFO - Processing file /home/sathya/projects/training-kit/.venv-airflow/lib/python3.10/site-packages/airflow/example_dags/example_setup_teardown.py for tasks to queue
[2026-01-14T19:54:07.951+0530] {logging_mixin.py:188} INFO - [2026-01-14T19:54:07.951+0530] {dagbag.py:545} INFO - Filling up the DagBag from /home/sathya/projects/training-kit/.venv-airflow/lib/python3.10/site-packages/airflow/example_dags/example_setup_teardown.py
[2026-01-14T19:54:07.963+0530] {processor.py:840} INFO - DAG(s) 'example_setup_teardown' retrieved from /home/sathya/projects/training-kit/.venv-airflow/lib/python3.10/site-packages/airflow/example_dags/example_setup_teardown.py
[2026-01-14T19:54:08.005+0530] {logging_mixin.py:188} INFO - [2026-01-14T19:54:08.004+0530] {dag.py:3089} INFO - Sync 1 DAGs
[2026-01-14T19:54:08.046+0530] {logging_mixin.py:188} INFO - [2026-01-14T19:54:08.045+0530] {dag.py:3947} INFO - Setting next_dagrun for example_setup_teardown to 2026-01-13 00:00:00+00:00, run_after=2026-01-14 00:00:00+00:00
[2026-01-14T19:54:08.118+0530] {processor.py:183} INFO - Processing /home/sathya/projects/training-kit/.venv-airflow/lib/python3.10/site-packages/airflow/example_dags/example_setup_teardown.py took 0.187 seconds
[2026-01-14T19:54:52.006+0530] {processor.py:161} INFO - Started process (PID=2240) to work on /home/sathya/projects/training-kit/.venv-airflow/lib/python3.10/site-packages/airflow/example_dags/example_setup_teardown.py
[2026-01-14T19:54:52.008+0530] {processor.py:830} INFO - Processing file /home/sathya/projects/training-kit/.venv-airflow/lib/python3.10/site-packages/airflow/example_dags/example_setup_teardown.py for tasks to queue
[2026-01-14T19:54:52.011+0530] {logging_mixin.py:188} INFO - [2026-01-14T19:54:52.011+0530] {dagbag.py:545} INFO - Filling up the DagBag from /home/sathya/projects/training-kit/.venv-airflow/lib/python3.10/site-packages/airflow/example_dags/example_setup_teardown.py
[2026-01-14T19:54:52.021+0530] {processor.py:840} INFO - DAG(s) 'example_setup_teardown' retrieved from /home/sathya/projects/training-kit/.venv-airflow/lib/python3.10/site-packages/airflow/example_dags/example_setup_teardown.py
[2026-01-14T19:54:52.042+0530] {logging_mixin.py:188} INFO - [2026-01-14T19:54:52.041+0530] {dag.py:3089} INFO - Sync 1 DAGs
[2026-01-14T19:54:52.079+0530] {logging_mixin.py:188} INFO - [2026-01-14T19:54:52.078+0530] {dag.py:3947} INFO - Setting next_dagrun for example_setup_teardown to 2026-01-13 00:00:00+00:00, run_after=2026-01-14 00:00:00+00:00
[2026-01-14T19:54:52.122+0530] {processor.py:183} INFO - Processing /home/sathya/projects/training-kit/.venv-airflow/lib/python3.10/site-packages/airflow/example_dags/example_setup_teardown.py took 0.123 seconds
[2026-01-14T19:55:02.600+0530] {processor.py:161} INFO - Started process (PID=2277) to work on /home/sathya/projects/training-kit/.venv-airflow/lib/python3.10/site-packages/airflow/example_dags/example_setup_teardown.py
[2026-01-14T19:55:02.602+0530] {processor.py:830} INFO - Processing file /home/sathya/projects/training-kit/.venv-airflow/lib/python3.10/site-packages/airflow/example_dags/example_setup_teardown.py for tasks to queue
[2026-01-14T19:55:02.605+0530] {logging_mixin.py:188} INFO - [2026-01-14T19:55:02.604+0530] {dagbag.py:545} INFO - Filling up the DagBag from /home/sathya/projects/training-kit/.venv-airflow/lib/python3.10/site-packages/airflow/example_dags/example_setup_teardown.py
[2026-01-14T19:55:02.619+0530] {processor.py:840} INFO - DAG(s) 'example_setup_teardown' retrieved from /home/sathya/projects/training-kit/.venv-airflow/lib/python3.10/site-packages/airflow/example_dags/example_setup_teardown.py
[2026-01-14T19:55:02.641+0530] {logging_mixin.py:188} INFO - [2026-01-14T19:55:02.640+0530] {dag.py:3089} INFO - Sync 1 DAGs
[2026-01-14T19:55:02.663+0530] {logging_mixin.py:188} INFO - [2026-01-14T19:55:02.662+0530] {dag.py:3947} INFO - Setting next_dagrun for example_setup_teardown to 2026-01-13 00:00:00+00:00, run_after=2026-01-14 00:00:00+00:00
[2026-01-14T19:55:02.688+0530] {processor.py:183} INFO - Processing /home/sathya/projects/training-kit/.venv-airflow/lib/python3.10/site-packages/airflow/example_dags/example_setup_teardown.py took 0.099 seconds
[2026-01-14T19:56:57.266+0530] {processor.py:161} INFO - Started process (PID=2497) to work on /home/sathya/projects/training-kit/.venv-airflow/lib/python3.10/site-packages/airflow/example_dags/example_setup_teardown.py
[2026-01-14T19:56:57.269+0530] {processor.py:830} INFO - Processing file /home/sathya/projects/training-kit/.venv-airflow/lib/python3.10/site-packages/airflow/example_dags/example_setup_teardown.py for tasks to queue
[2026-01-14T19:56:57.271+0530] {logging_mixin.py:188} INFO - [2026-01-14T19:56:57.271+0530] {dagbag.py:545} INFO - Filling up the DagBag from /home/sathya/projects/training-kit/.venv-airflow/lib/python3.10/site-packages/airflow/example_dags/example_setup_teardown.py
[2026-01-14T19:56:57.279+0530] {processor.py:840} INFO - DAG(s) 'example_setup_teardown' retrieved from /home/sathya/projects/training-kit/.venv-airflow/lib/python3.10/site-packages/airflow/example_dags/example_setup_teardown.py
[2026-01-14T19:56:57.307+0530] {logging_mixin.py:188} INFO - [2026-01-14T19:56:57.307+0530] {dag.py:3089} INFO - Sync 1 DAGs
[2026-01-14T19:56:57.346+0530] {logging_mixin.py:188} INFO - [2026-01-14T19:56:57.346+0530] {dag.py:3947} INFO - Setting next_dagrun for example_setup_teardown to 2026-01-13 00:00:00+00:00, run_after=2026-01-14 00:00:00+00:00
[2026-01-14T19:56:57.381+0530] {processor.py:183} INFO - Processing /home/sathya/projects/training-kit/.venv-airflow/lib/python3.10/site-packages/airflow/example_dags/example_setup_teardown.py took 0.128 seconds
[2026-01-14T19:57:53.469+0530] {processor.py:161} INFO - Started process (PID=2588) to work on /home/sathya/projects/training-kit/.venv-airflow/lib/python3.10/site-packages/airflow/example_dags/example_setup_teardown.py
[2026-01-14T19:57:53.472+0530] {processor.py:830} INFO - Processing file /home/sathya/projects/training-kit/.venv-airflow/lib/python3.10/site-packages/airflow/example_dags/example_setup_teardown.py for tasks to queue
[2026-01-14T19:57:53.474+0530] {logging_mixin.py:188} INFO - [2026-01-14T19:57:53.474+0530] {dagbag.py:545} INFO - Filling up the DagBag from /home/sathya/projects/training-kit/.venv-airflow/lib/python3.10/site-packages/airflow/example_dags/example_setup_teardown.py
[2026-01-14T19:57:53.482+0530] {processor.py:840} INFO - DAG(s) 'example_setup_teardown' retrieved from /home/sathya/projects/training-kit/.venv-airflow/lib/python3.10/site-packages/airflow/example_dags/example_setup_teardown.py
[2026-01-14T19:57:53.514+0530] {logging_mixin.py:188} INFO - [2026-01-14T19:57:53.513+0530] {dag.py:3089} INFO - Sync 1 DAGs
[2026-01-14T19:57:53.549+0530] {logging_mixin.py:188} INFO - [2026-01-14T19:57:53.549+0530] {dag.py:3947} INFO - Setting next_dagrun for example_setup_teardown to 2026-01-13 00:00:00+00:00, run_after=2026-01-14 00:00:00+00:00
[2026-01-14T19:57:53.591+0530] {processor.py:183} INFO - Processing /home/sathya/projects/training-kit/.venv-airflow/lib/python3.10/site-packages/airflow/example_dags/example_setup_teardown.py took 0.130 seconds
[2026-01-14T19:58:48.558+0530] {processor.py:161} INFO - Started process (PID=2675) to work on /home/sathya/projects/training-kit/.venv-airflow/lib/python3.10/site-packages/airflow/example_dags/example_setup_teardown.py
[2026-01-14T19:58:48.560+0530] {processor.py:830} INFO - Processing file /home/sathya/projects/training-kit/.venv-airflow/lib/python3.10/site-packages/airflow/example_dags/example_setup_teardown.py for tasks to queue
[2026-01-14T19:58:48.563+0530] {logging_mixin.py:188} INFO - [2026-01-14T19:58:48.562+0530] {dagbag.py:545} INFO - Filling up the DagBag from /home/sathya/projects/training-kit/.venv-airflow/lib/python3.10/site-packages/airflow/example_dags/example_setup_teardown.py
[2026-01-14T19:58:48.584+0530] {processor.py:840} INFO - DAG(s) 'example_setup_teardown' retrieved from /home/sathya/projects/training-kit/.venv-airflow/lib/python3.10/site-packages/airflow/example_dags/example_setup_teardown.py
[2026-01-14T19:58:48.635+0530] {logging_mixin.py:188} INFO - [2026-01-14T19:58:48.634+0530] {dag.py:3089} INFO - Sync 1 DAGs
[2026-01-14T19:58:48.666+0530] {logging_mixin.py:188} INFO - [2026-01-14T19:58:48.665+0530] {dag.py:3947} INFO - Setting next_dagrun for example_setup_teardown to 2026-01-13 00:00:00+00:00, run_after=2026-01-14 00:00:00+00:00
[2026-01-14T19:58:48.733+0530] {processor.py:183} INFO - Processing /home/sathya/projects/training-kit/.venv-airflow/lib/python3.10/site-packages/airflow/example_dags/example_setup_teardown.py took 0.184 seconds
[2026-01-14T19:59:42.989+0530] {processor.py:161} INFO - Started process (PID=2770) to work on /home/sathya/projects/training-kit/.venv-airflow/lib/python3.10/site-packages/airflow/example_dags/example_setup_teardown.py
[2026-01-14T19:59:42.990+0530] {processor.py:830} INFO - Processing file /home/sathya/projects/training-kit/.venv-airflow/lib/python3.10/site-packages/airflow/example_dags/example_setup_teardown.py for tasks to queue
[2026-01-14T19:59:42.992+0530] {logging_mixin.py:188} INFO - [2026-01-14T19:59:42.991+0530] {dagbag.py:545} INFO - Filling up the DagBag from /home/sathya/projects/training-kit/.venv-airflow/lib/python3.10/site-packages/airflow/example_dags/example_setup_teardown.py
[2026-01-14T19:59:42.997+0530] {processor.py:840} INFO - DAG(s) 'example_setup_teardown' retrieved from /home/sathya/projects/training-kit/.venv-airflow/lib/python3.10/site-packages/airflow/example_dags/example_setup_teardown.py
[2026-01-14T19:59:43.027+0530] {logging_mixin.py:188} INFO - [2026-01-14T19:59:43.026+0530] {dag.py:3089} INFO - Sync 1 DAGs
[2026-01-14T19:59:43.051+0530] {logging_mixin.py:188} INFO - [2026-01-14T19:59:43.051+0530] {dag.py:3947} INFO - Setting next_dagrun for example_setup_teardown to 2026-01-13 00:00:00+00:00, run_after=2026-01-14 00:00:00+00:00
[2026-01-14T19:59:43.076+0530] {processor.py:183} INFO - Processing /home/sathya/projects/training-kit/.venv-airflow/lib/python3.10/site-packages/airflow/example_dags/example_setup_teardown.py took 0.096 seconds
[2026-01-14T20:00:40.231+0530] {processor.py:161} INFO - Started process (PID=2861) to work on /home/sathya/projects/training-kit/.venv-airflow/lib/python3.10/site-packages/airflow/example_dags/example_setup_teardown.py
[2026-01-14T20:00:40.233+0530] {processor.py:830} INFO - Processing file /home/sathya/projects/training-kit/.venv-airflow/lib/python3.10/site-packages/airflow/example_dags/example_setup_teardown.py for tasks to queue
[2026-01-14T20:00:40.236+0530] {logging_mixin.py:188} INFO - [2026-01-14T20:00:40.235+0530] {dagbag.py:545} INFO - Filling up the DagBag from /home/sathya/projects/training-kit/.venv-airflow/lib/python3.10/site-packages/airflow/example_dags/example_setup_teardown.py
[2026-01-14T20:00:40.249+0530] {processor.py:840} INFO - DAG(s) 'example_setup_teardown' retrieved from /home/sathya/projects/training-kit/.venv-airflow/lib/python3.10/site-packages/airflow/example_dags/example_setup_teardown.py
[2026-01-14T20:00:40.269+0530] {logging_mixin.py:188} INFO - [2026-01-14T20:00:40.269+0530] {dag.py:3089} INFO - Sync 1 DAGs
[2026-01-14T20:00:40.297+0530] {logging_mixin.py:188} INFO - [2026-01-14T20:00:40.297+0530] {dag.py:3947} INFO - Setting next_dagrun for example_setup_teardown to 2026-01-13 00:00:00+00:00, run_after=2026-01-14 00:00:00+00:00
[2026-01-14T20:00:40.329+0530] {processor.py:183} INFO - Processing /home/sathya/projects/training-kit/.venv-airflow/lib/python3.10/site-packages/airflow/example_dags/example_setup_teardown.py took 0.107 seconds
[2026-01-14T20:04:16.112+0530] {processor.py:161} INFO - Started process (PID=3082) to work on /home/sathya/projects/training-kit/.venv-airflow/lib/python3.10/site-packages/airflow/example_dags/example_setup_teardown.py
[2026-01-14T20:04:16.114+0530] {processor.py:830} INFO - Processing file /home/sathya/projects/training-kit/.venv-airflow/lib/python3.10/site-packages/airflow/example_dags/example_setup_teardown.py for tasks to queue
[2026-01-14T20:04:16.124+0530] {logging_mixin.py:188} INFO - [2026-01-14T20:04:16.122+0530] {dagbag.py:545} INFO - Filling up the DagBag from /home/sathya/projects/training-kit/.venv-airflow/lib/python3.10/site-packages/airflow/example_dags/example_setup_teardown.py
[2026-01-14T20:04:16.132+0530] {processor.py:840} INFO - DAG(s) 'example_setup_teardown' retrieved from /home/sathya/projects/training-kit/.venv-airflow/lib/python3.10/site-packages/airflow/example_dags/example_setup_teardown.py
[2026-01-14T20:04:16.247+0530] {logging_mixin.py:188} INFO - [2026-01-14T20:04:16.247+0530] {dag.py:3089} INFO - Sync 1 DAGs
[2026-01-14T20:04:16.275+0530] {logging_mixin.py:188} INFO - [2026-01-14T20:04:16.275+0530] {dag.py:3947} INFO - Setting next_dagrun for example_setup_teardown to 2026-01-13 00:00:00+00:00, run_after=2026-01-14 00:00:00+00:00
[2026-01-14T20:04:16.305+0530] {processor.py:183} INFO - Processing /home/sathya/projects/training-kit/.venv-airflow/lib/python3.10/site-packages/airflow/example_dags/example_setup_teardown.py took 0.229 seconds
[2026-01-14T20:05:16.420+0530] {processor.py:161} INFO - Started process (PID=3183) to work on /home/sathya/projects/training-kit/.venv-airflow/lib/python3.10/site-packages/airflow/example_dags/example_setup_teardown.py
[2026-01-14T20:05:16.431+0530] {processor.py:830} INFO - Processing file /home/sathya/projects/training-kit/.venv-airflow/lib/python3.10/site-packages/airflow/example_dags/example_setup_teardown.py for tasks to queue
[2026-01-14T20:05:16.434+0530] {logging_mixin.py:188} INFO - [2026-01-14T20:05:16.434+0530] {dagbag.py:545} INFO - Filling up the DagBag from /home/sathya/projects/training-kit/.venv-airflow/lib/python3.10/site-packages/airflow/example_dags/example_setup_teardown.py
[2026-01-14T20:05:16.446+0530] {processor.py:840} INFO - DAG(s) 'example_setup_teardown' retrieved from /home/sathya/projects/training-kit/.venv-airflow/lib/python3.10/site-packages/airflow/example_dags/example_setup_teardown.py
[2026-01-14T20:05:16.493+0530] {logging_mixin.py:188} INFO - [2026-01-14T20:05:16.491+0530] {dag.py:3089} INFO - Sync 1 DAGs
[2026-01-14T20:05:16.518+0530] {logging_mixin.py:188} INFO - [2026-01-14T20:05:16.518+0530] {dag.py:3947} INFO - Setting next_dagrun for example_setup_teardown to 2026-01-13 00:00:00+00:00, run_after=2026-01-14 00:00:00+00:00
[2026-01-14T20:05:16.545+0530] {processor.py:183} INFO - Processing /home/sathya/projects/training-kit/.venv-airflow/lib/python3.10/site-packages/airflow/example_dags/example_setup_teardown.py took 0.135 seconds
