[2026-01-14T19:51:53.364+0530] {processor.py:161} INFO - Started process (PID=1618) to work on /home/sathya/projects/training-kit/.venv-airflow/lib/python3.10/site-packages/airflow/example_dags/example_branch_datetime_operator.py
[2026-01-14T19:51:53.366+0530] {processor.py:830} INFO - Processing file /home/sathya/projects/training-kit/.venv-airflow/lib/python3.10/site-packages/airflow/example_dags/example_branch_datetime_operator.py for tasks to queue
[2026-01-14T19:51:53.369+0530] {logging_mixin.py:188} INFO - [2026-01-14T19:51:53.369+0530] {dagbag.py:545} INFO - Filling up the DagBag from /home/sathya/projects/training-kit/.venv-airflow/lib/python3.10/site-packages/airflow/example_dags/example_branch_datetime_operator.py
[2026-01-14T19:51:53.378+0530] {processor.py:840} INFO - DAG(s) 'example_branch_datetime_operator_3', 'example_branch_datetime_operator_2', 'example_branch_datetime_operator' retrieved from /home/sathya/projects/training-kit/.venv-airflow/lib/python3.10/site-packages/airflow/example_dags/example_branch_datetime_operator.py
[2026-01-14T19:52:05.134+0530] {logging_mixin.py:188} INFO - [2026-01-14T19:52:05.134+0530] {dag.py:3089} INFO - Sync 3 DAGs
[2026-01-14T19:52:05.164+0530] {logging_mixin.py:188} INFO - [2026-01-14T19:52:05.163+0530] {dag.py:3947} INFO - Setting next_dagrun for example_branch_datetime_operator to 2026-01-13 00:00:00+00:00, run_after=2026-01-14 00:00:00+00:00
[2026-01-14T19:52:05.170+0530] {logging_mixin.py:188} INFO - [2026-01-14T19:52:05.170+0530] {dag.py:3947} INFO - Setting next_dagrun for example_branch_datetime_operator_2 to 2026-01-13 00:00:00+00:00, run_after=2026-01-14 00:00:00+00:00
[2026-01-14T19:52:05.172+0530] {logging_mixin.py:188} INFO - [2026-01-14T19:52:05.172+0530] {dag.py:3947} INFO - Setting next_dagrun for example_branch_datetime_operator_3 to 2026-01-13 00:00:00+00:00, run_after=2026-01-14 00:00:00+00:00
[2026-01-14T19:52:05.210+0530] {processor.py:183} INFO - Processing /home/sathya/projects/training-kit/.venv-airflow/lib/python3.10/site-packages/airflow/example_dags/example_branch_datetime_operator.py took 0.260 seconds
[2026-01-14T19:53:22.803+0530] {processor.py:161} INFO - Started process (PID=1915) to work on /home/sathya/projects/training-kit/.venv-airflow/lib/python3.10/site-packages/airflow/example_dags/example_branch_datetime_operator.py
[2026-01-14T19:53:22.805+0530] {processor.py:830} INFO - Processing file /home/sathya/projects/training-kit/.venv-airflow/lib/python3.10/site-packages/airflow/example_dags/example_branch_datetime_operator.py for tasks to queue
[2026-01-14T19:53:22.808+0530] {logging_mixin.py:188} INFO - [2026-01-14T19:53:22.808+0530] {dagbag.py:545} INFO - Filling up the DagBag from /home/sathya/projects/training-kit/.venv-airflow/lib/python3.10/site-packages/airflow/example_dags/example_branch_datetime_operator.py
[2026-01-14T19:53:22.830+0530] {processor.py:840} INFO - DAG(s) 'example_branch_datetime_operator_2', 'example_branch_datetime_operator', 'example_branch_datetime_operator_3' retrieved from /home/sathya/projects/training-kit/.venv-airflow/lib/python3.10/site-packages/airflow/example_dags/example_branch_datetime_operator.py
[2026-01-14T19:53:22.860+0530] {logging_mixin.py:188} INFO - [2026-01-14T19:53:22.859+0530] {dag.py:3089} INFO - Sync 3 DAGs
[2026-01-14T19:53:22.893+0530] {logging_mixin.py:188} INFO - [2026-01-14T19:53:22.893+0530] {dag.py:3947} INFO - Setting next_dagrun for example_branch_datetime_operator to 2026-01-13 00:00:00+00:00, run_after=2026-01-14 00:00:00+00:00
[2026-01-14T19:53:22.904+0530] {logging_mixin.py:188} INFO - [2026-01-14T19:53:22.903+0530] {dag.py:3947} INFO - Setting next_dagrun for example_branch_datetime_operator_2 to 2026-01-13 00:00:00+00:00, run_after=2026-01-14 00:00:00+00:00
[2026-01-14T19:53:22.907+0530] {logging_mixin.py:188} INFO - [2026-01-14T19:53:22.906+0530] {dag.py:3947} INFO - Setting next_dagrun for example_branch_datetime_operator_3 to 2026-01-13 00:00:00+00:00, run_after=2026-01-14 00:00:00+00:00
[2026-01-14T19:53:22.932+0530] {processor.py:183} INFO - Processing /home/sathya/projects/training-kit/.venv-airflow/lib/python3.10/site-packages/airflow/example_dags/example_branch_datetime_operator.py took 0.139 seconds
[2026-01-14T19:53:27.609+0530] {processor.py:161} INFO - Started process (PID=1931) to work on /home/sathya/projects/training-kit/.venv-airflow/lib/python3.10/site-packages/airflow/example_dags/example_branch_datetime_operator.py
[2026-01-14T19:53:27.610+0530] {processor.py:830} INFO - Processing file /home/sathya/projects/training-kit/.venv-airflow/lib/python3.10/site-packages/airflow/example_dags/example_branch_datetime_operator.py for tasks to queue
[2026-01-14T19:53:27.616+0530] {logging_mixin.py:188} INFO - [2026-01-14T19:53:27.615+0530] {dagbag.py:545} INFO - Filling up the DagBag from /home/sathya/projects/training-kit/.venv-airflow/lib/python3.10/site-packages/airflow/example_dags/example_branch_datetime_operator.py
[2026-01-14T19:53:27.658+0530] {processor.py:840} INFO - DAG(s) 'example_branch_datetime_operator', 'example_branch_datetime_operator_3', 'example_branch_datetime_operator_2' retrieved from /home/sathya/projects/training-kit/.venv-airflow/lib/python3.10/site-packages/airflow/example_dags/example_branch_datetime_operator.py
[2026-01-14T19:53:27.711+0530] {logging_mixin.py:188} INFO - [2026-01-14T19:53:27.710+0530] {dag.py:3089} INFO - Sync 3 DAGs
[2026-01-14T19:53:27.748+0530] {logging_mixin.py:188} INFO - [2026-01-14T19:53:27.748+0530] {dag.py:3947} INFO - Setting next_dagrun for example_branch_datetime_operator to 2026-01-13 00:00:00+00:00, run_after=2026-01-14 00:00:00+00:00
[2026-01-14T19:53:27.756+0530] {logging_mixin.py:188} INFO - [2026-01-14T19:53:27.756+0530] {dag.py:3947} INFO - Setting next_dagrun for example_branch_datetime_operator_2 to 2026-01-13 00:00:00+00:00, run_after=2026-01-14 00:00:00+00:00
[2026-01-14T19:53:27.760+0530] {logging_mixin.py:188} INFO - [2026-01-14T19:53:27.760+0530] {dag.py:3947} INFO - Setting next_dagrun for example_branch_datetime_operator_3 to 2026-01-13 00:00:00+00:00, run_after=2026-01-14 00:00:00+00:00
[2026-01-14T19:53:27.792+0530] {processor.py:183} INFO - Processing /home/sathya/projects/training-kit/.venv-airflow/lib/python3.10/site-packages/airflow/example_dags/example_branch_datetime_operator.py took 0.199 seconds
[2026-01-14T19:54:26.149+0530] {processor.py:161} INFO - Started process (PID=2144) to work on /home/sathya/projects/training-kit/.venv-airflow/lib/python3.10/site-packages/airflow/example_dags/example_branch_datetime_operator.py
[2026-01-14T19:54:26.151+0530] {processor.py:830} INFO - Processing file /home/sathya/projects/training-kit/.venv-airflow/lib/python3.10/site-packages/airflow/example_dags/example_branch_datetime_operator.py for tasks to queue
[2026-01-14T19:54:26.161+0530] {logging_mixin.py:188} INFO - [2026-01-14T19:54:26.160+0530] {dagbag.py:545} INFO - Filling up the DagBag from /home/sathya/projects/training-kit/.venv-airflow/lib/python3.10/site-packages/airflow/example_dags/example_branch_datetime_operator.py
[2026-01-14T19:54:26.194+0530] {processor.py:840} INFO - DAG(s) 'example_branch_datetime_operator_3', 'example_branch_datetime_operator', 'example_branch_datetime_operator_2' retrieved from /home/sathya/projects/training-kit/.venv-airflow/lib/python3.10/site-packages/airflow/example_dags/example_branch_datetime_operator.py
[2026-01-14T19:54:26.234+0530] {logging_mixin.py:188} INFO - [2026-01-14T19:54:26.234+0530] {dag.py:3089} INFO - Sync 3 DAGs
[2026-01-14T19:54:26.261+0530] {logging_mixin.py:188} INFO - [2026-01-14T19:54:26.261+0530] {dag.py:3947} INFO - Setting next_dagrun for example_branch_datetime_operator to 2026-01-13 00:00:00+00:00, run_after=2026-01-14 00:00:00+00:00
[2026-01-14T19:54:26.268+0530] {logging_mixin.py:188} INFO - [2026-01-14T19:54:26.267+0530] {dag.py:3947} INFO - Setting next_dagrun for example_branch_datetime_operator_2 to 2026-01-13 00:00:00+00:00, run_after=2026-01-14 00:00:00+00:00
[2026-01-14T19:54:26.272+0530] {logging_mixin.py:188} INFO - [2026-01-14T19:54:26.272+0530] {dag.py:3947} INFO - Setting next_dagrun for example_branch_datetime_operator_3 to 2026-01-13 00:00:00+00:00, run_after=2026-01-14 00:00:00+00:00
[2026-01-14T19:54:26.304+0530] {processor.py:183} INFO - Processing /home/sathya/projects/training-kit/.venv-airflow/lib/python3.10/site-packages/airflow/example_dags/example_branch_datetime_operator.py took 0.164 seconds
[2026-01-14T19:54:42.628+0530] {processor.py:161} INFO - Started process (PID=2201) to work on /home/sathya/projects/training-kit/.venv-airflow/lib/python3.10/site-packages/airflow/example_dags/example_branch_datetime_operator.py
[2026-01-14T19:54:42.630+0530] {processor.py:830} INFO - Processing file /home/sathya/projects/training-kit/.venv-airflow/lib/python3.10/site-packages/airflow/example_dags/example_branch_datetime_operator.py for tasks to queue
[2026-01-14T19:54:42.632+0530] {logging_mixin.py:188} INFO - [2026-01-14T19:54:42.632+0530] {dagbag.py:545} INFO - Filling up the DagBag from /home/sathya/projects/training-kit/.venv-airflow/lib/python3.10/site-packages/airflow/example_dags/example_branch_datetime_operator.py
[2026-01-14T19:54:42.651+0530] {processor.py:840} INFO - DAG(s) 'example_branch_datetime_operator', 'example_branch_datetime_operator_3', 'example_branch_datetime_operator_2' retrieved from /home/sathya/projects/training-kit/.venv-airflow/lib/python3.10/site-packages/airflow/example_dags/example_branch_datetime_operator.py
[2026-01-14T19:54:42.689+0530] {logging_mixin.py:188} INFO - [2026-01-14T19:54:42.689+0530] {dag.py:3089} INFO - Sync 3 DAGs
[2026-01-14T19:54:42.724+0530] {logging_mixin.py:188} INFO - [2026-01-14T19:54:42.724+0530] {dag.py:3947} INFO - Setting next_dagrun for example_branch_datetime_operator to 2026-01-13 00:00:00+00:00, run_after=2026-01-14 00:00:00+00:00
[2026-01-14T19:54:42.734+0530] {logging_mixin.py:188} INFO - [2026-01-14T19:54:42.733+0530] {dag.py:3947} INFO - Setting next_dagrun for example_branch_datetime_operator_2 to 2026-01-13 00:00:00+00:00, run_after=2026-01-14 00:00:00+00:00
[2026-01-14T19:54:42.742+0530] {logging_mixin.py:188} INFO - [2026-01-14T19:54:42.741+0530] {dag.py:3947} INFO - Setting next_dagrun for example_branch_datetime_operator_3 to 2026-01-13 00:00:00+00:00, run_after=2026-01-14 00:00:00+00:00
[2026-01-14T19:54:42.766+0530] {processor.py:183} INFO - Processing /home/sathya/projects/training-kit/.venv-airflow/lib/python3.10/site-packages/airflow/example_dags/example_branch_datetime_operator.py took 0.153 seconds
[2026-01-14T19:55:35.633+0530] {processor.py:161} INFO - Started process (PID=2354) to work on /home/sathya/projects/training-kit/.venv-airflow/lib/python3.10/site-packages/airflow/example_dags/example_branch_datetime_operator.py
[2026-01-14T19:55:35.635+0530] {processor.py:830} INFO - Processing file /home/sathya/projects/training-kit/.venv-airflow/lib/python3.10/site-packages/airflow/example_dags/example_branch_datetime_operator.py for tasks to queue
[2026-01-14T19:55:35.638+0530] {logging_mixin.py:188} INFO - [2026-01-14T19:55:35.637+0530] {dagbag.py:545} INFO - Filling up the DagBag from /home/sathya/projects/training-kit/.venv-airflow/lib/python3.10/site-packages/airflow/example_dags/example_branch_datetime_operator.py
[2026-01-14T19:55:35.652+0530] {processor.py:840} INFO - DAG(s) 'example_branch_datetime_operator_3', 'example_branch_datetime_operator_2', 'example_branch_datetime_operator' retrieved from /home/sathya/projects/training-kit/.venv-airflow/lib/python3.10/site-packages/airflow/example_dags/example_branch_datetime_operator.py
[2026-01-14T19:55:35.677+0530] {logging_mixin.py:188} INFO - [2026-01-14T19:55:35.677+0530] {dag.py:3089} INFO - Sync 3 DAGs
[2026-01-14T19:55:35.700+0530] {logging_mixin.py:188} INFO - [2026-01-14T19:55:35.700+0530] {dag.py:3947} INFO - Setting next_dagrun for example_branch_datetime_operator to 2026-01-13 00:00:00+00:00, run_after=2026-01-14 00:00:00+00:00
[2026-01-14T19:55:24.050+0530] {logging_mixin.py:188} INFO - [2026-01-14T19:55:24.049+0530] {dag.py:3947} INFO - Setting next_dagrun for example_branch_datetime_operator_2 to 2026-01-13 00:00:00+00:00, run_after=2026-01-14 00:00:00+00:00
[2026-01-14T19:55:24.057+0530] {logging_mixin.py:188} INFO - [2026-01-14T19:55:24.057+0530] {dag.py:3947} INFO - Setting next_dagrun for example_branch_datetime_operator_3 to 2026-01-13 00:00:00+00:00, run_after=2026-01-14 00:00:00+00:00
[2026-01-14T19:55:24.193+0530] {processor.py:183} INFO - Processing /home/sathya/projects/training-kit/.venv-airflow/lib/python3.10/site-packages/airflow/example_dags/example_branch_datetime_operator.py took 0.227 seconds
[2026-01-14T19:55:34.215+0530] {processor.py:161} INFO - Started process (PID=2400) to work on /home/sathya/projects/training-kit/.venv-airflow/lib/python3.10/site-packages/airflow/example_dags/example_branch_datetime_operator.py
[2026-01-14T19:55:34.216+0530] {processor.py:830} INFO - Processing file /home/sathya/projects/training-kit/.venv-airflow/lib/python3.10/site-packages/airflow/example_dags/example_branch_datetime_operator.py for tasks to queue
[2026-01-14T19:55:34.218+0530] {logging_mixin.py:188} INFO - [2026-01-14T19:55:34.218+0530] {dagbag.py:545} INFO - Filling up the DagBag from /home/sathya/projects/training-kit/.venv-airflow/lib/python3.10/site-packages/airflow/example_dags/example_branch_datetime_operator.py
[2026-01-14T19:55:34.228+0530] {processor.py:840} INFO - DAG(s) 'example_branch_datetime_operator_3', 'example_branch_datetime_operator_2', 'example_branch_datetime_operator' retrieved from /home/sathya/projects/training-kit/.venv-airflow/lib/python3.10/site-packages/airflow/example_dags/example_branch_datetime_operator.py
[2026-01-14T19:55:34.262+0530] {logging_mixin.py:188} INFO - [2026-01-14T19:55:34.262+0530] {dag.py:3089} INFO - Sync 3 DAGs
[2026-01-14T19:55:34.284+0530] {logging_mixin.py:188} INFO - [2026-01-14T19:55:34.284+0530] {dag.py:3947} INFO - Setting next_dagrun for example_branch_datetime_operator to 2026-01-13 00:00:00+00:00, run_after=2026-01-14 00:00:00+00:00
[2026-01-14T19:55:34.290+0530] {logging_mixin.py:188} INFO - [2026-01-14T19:55:34.290+0530] {dag.py:3947} INFO - Setting next_dagrun for example_branch_datetime_operator_2 to 2026-01-13 00:00:00+00:00, run_after=2026-01-14 00:00:00+00:00
[2026-01-14T19:55:34.294+0530] {logging_mixin.py:188} INFO - [2026-01-14T19:55:34.294+0530] {dag.py:3947} INFO - Setting next_dagrun for example_branch_datetime_operator_3 to 2026-01-13 00:00:00+00:00, run_after=2026-01-14 00:00:00+00:00
[2026-01-14T19:55:34.375+0530] {processor.py:183} INFO - Processing /home/sathya/projects/training-kit/.venv-airflow/lib/python3.10/site-packages/airflow/example_dags/example_branch_datetime_operator.py took 0.167 seconds
[2026-01-14T19:57:25.944+0530] {processor.py:161} INFO - Started process (PID=2541) to work on /home/sathya/projects/training-kit/.venv-airflow/lib/python3.10/site-packages/airflow/example_dags/example_branch_datetime_operator.py
[2026-01-14T19:57:25.946+0530] {processor.py:830} INFO - Processing file /home/sathya/projects/training-kit/.venv-airflow/lib/python3.10/site-packages/airflow/example_dags/example_branch_datetime_operator.py for tasks to queue
[2026-01-14T19:57:25.950+0530] {logging_mixin.py:188} INFO - [2026-01-14T19:57:25.949+0530] {dagbag.py:545} INFO - Filling up the DagBag from /home/sathya/projects/training-kit/.venv-airflow/lib/python3.10/site-packages/airflow/example_dags/example_branch_datetime_operator.py
[2026-01-14T19:57:25.970+0530] {processor.py:840} INFO - DAG(s) 'example_branch_datetime_operator_2', 'example_branch_datetime_operator_3', 'example_branch_datetime_operator' retrieved from /home/sathya/projects/training-kit/.venv-airflow/lib/python3.10/site-packages/airflow/example_dags/example_branch_datetime_operator.py
[2026-01-14T19:57:26.004+0530] {logging_mixin.py:188} INFO - [2026-01-14T19:57:26.004+0530] {dag.py:3089} INFO - Sync 3 DAGs
[2026-01-14T19:57:26.028+0530] {logging_mixin.py:188} INFO - [2026-01-14T19:57:26.028+0530] {dag.py:3947} INFO - Setting next_dagrun for example_branch_datetime_operator to 2026-01-13 00:00:00+00:00, run_after=2026-01-14 00:00:00+00:00
[2026-01-14T19:57:26.034+0530] {logging_mixin.py:188} INFO - [2026-01-14T19:57:26.034+0530] {dag.py:3947} INFO - Setting next_dagrun for example_branch_datetime_operator_2 to 2026-01-13 00:00:00+00:00, run_after=2026-01-14 00:00:00+00:00
[2026-01-14T19:57:26.036+0530] {logging_mixin.py:188} INFO - [2026-01-14T19:57:26.036+0530] {dag.py:3947} INFO - Setting next_dagrun for example_branch_datetime_operator_3 to 2026-01-13 00:00:00+00:00, run_after=2026-01-14 00:00:00+00:00
[2026-01-14T19:57:26.068+0530] {processor.py:183} INFO - Processing /home/sathya/projects/training-kit/.venv-airflow/lib/python3.10/site-packages/airflow/example_dags/example_branch_datetime_operator.py took 0.139 seconds
[2026-01-14T19:58:24.643+0530] {processor.py:161} INFO - Started process (PID=2634) to work on /home/sathya/projects/training-kit/.venv-airflow/lib/python3.10/site-packages/airflow/example_dags/example_branch_datetime_operator.py
[2026-01-14T19:58:24.644+0530] {processor.py:830} INFO - Processing file /home/sathya/projects/training-kit/.venv-airflow/lib/python3.10/site-packages/airflow/example_dags/example_branch_datetime_operator.py for tasks to queue
[2026-01-14T19:58:24.649+0530] {logging_mixin.py:188} INFO - [2026-01-14T19:58:24.648+0530] {dagbag.py:545} INFO - Filling up the DagBag from /home/sathya/projects/training-kit/.venv-airflow/lib/python3.10/site-packages/airflow/example_dags/example_branch_datetime_operator.py
[2026-01-14T19:58:24.678+0530] {processor.py:840} INFO - DAG(s) 'example_branch_datetime_operator', 'example_branch_datetime_operator_2', 'example_branch_datetime_operator_3' retrieved from /home/sathya/projects/training-kit/.venv-airflow/lib/python3.10/site-packages/airflow/example_dags/example_branch_datetime_operator.py
[2026-01-14T19:58:24.724+0530] {logging_mixin.py:188} INFO - [2026-01-14T19:58:24.724+0530] {dag.py:3089} INFO - Sync 3 DAGs
[2026-01-14T19:58:24.743+0530] {logging_mixin.py:188} INFO - [2026-01-14T19:58:24.743+0530] {dag.py:3947} INFO - Setting next_dagrun for example_branch_datetime_operator to 2026-01-13 00:00:00+00:00, run_after=2026-01-14 00:00:00+00:00
[2026-01-14T19:58:24.747+0530] {logging_mixin.py:188} INFO - [2026-01-14T19:58:24.747+0530] {dag.py:3947} INFO - Setting next_dagrun for example_branch_datetime_operator_2 to 2026-01-13 00:00:00+00:00, run_after=2026-01-14 00:00:00+00:00
[2026-01-14T19:58:24.750+0530] {logging_mixin.py:188} INFO - [2026-01-14T19:58:24.750+0530] {dag.py:3947} INFO - Setting next_dagrun for example_branch_datetime_operator_3 to 2026-01-13 00:00:00+00:00, run_after=2026-01-14 00:00:00+00:00
[2026-01-14T19:58:24.790+0530] {processor.py:183} INFO - Processing /home/sathya/projects/training-kit/.venv-airflow/lib/python3.10/site-packages/airflow/example_dags/example_branch_datetime_operator.py took 0.162 seconds
[2026-01-14T19:59:20.907+0530] {processor.py:161} INFO - Started process (PID=2721) to work on /home/sathya/projects/training-kit/.venv-airflow/lib/python3.10/site-packages/airflow/example_dags/example_branch_datetime_operator.py
[2026-01-14T19:59:20.909+0530] {processor.py:830} INFO - Processing file /home/sathya/projects/training-kit/.venv-airflow/lib/python3.10/site-packages/airflow/example_dags/example_branch_datetime_operator.py for tasks to queue
[2026-01-14T19:59:20.911+0530] {logging_mixin.py:188} INFO - [2026-01-14T19:59:20.910+0530] {dagbag.py:545} INFO - Filling up the DagBag from /home/sathya/projects/training-kit/.venv-airflow/lib/python3.10/site-packages/airflow/example_dags/example_branch_datetime_operator.py
[2026-01-14T19:59:20.925+0530] {processor.py:840} INFO - DAG(s) 'example_branch_datetime_operator_2', 'example_branch_datetime_operator_3', 'example_branch_datetime_operator' retrieved from /home/sathya/projects/training-kit/.venv-airflow/lib/python3.10/site-packages/airflow/example_dags/example_branch_datetime_operator.py
[2026-01-14T19:59:21.004+0530] {logging_mixin.py:188} INFO - [2026-01-14T19:59:21.003+0530] {dag.py:3089} INFO - Sync 3 DAGs
[2026-01-14T19:59:21.080+0530] {logging_mixin.py:188} INFO - [2026-01-14T19:59:21.080+0530] {dag.py:3947} INFO - Setting next_dagrun for example_branch_datetime_operator to 2026-01-13 00:00:00+00:00, run_after=2026-01-14 00:00:00+00:00
[2026-01-14T19:59:21.087+0530] {logging_mixin.py:188} INFO - [2026-01-14T19:59:21.086+0530] {dag.py:3947} INFO - Setting next_dagrun for example_branch_datetime_operator_2 to 2026-01-13 00:00:00+00:00, run_after=2026-01-14 00:00:00+00:00
[2026-01-14T19:59:21.089+0530] {logging_mixin.py:188} INFO - [2026-01-14T19:59:21.089+0530] {dag.py:3947} INFO - Setting next_dagrun for example_branch_datetime_operator_3 to 2026-01-13 00:00:00+00:00, run_after=2026-01-14 00:00:00+00:00
[2026-01-14T19:59:21.126+0530] {processor.py:183} INFO - Processing /home/sathya/projects/training-kit/.venv-airflow/lib/python3.10/site-packages/airflow/example_dags/example_branch_datetime_operator.py took 0.225 seconds
[2026-01-14T20:00:16.488+0530] {processor.py:161} INFO - Started process (PID=2820) to work on /home/sathya/projects/training-kit/.venv-airflow/lib/python3.10/site-packages/airflow/example_dags/example_branch_datetime_operator.py
[2026-01-14T20:00:16.494+0530] {processor.py:830} INFO - Processing file /home/sathya/projects/training-kit/.venv-airflow/lib/python3.10/site-packages/airflow/example_dags/example_branch_datetime_operator.py for tasks to queue
[2026-01-14T20:00:16.497+0530] {logging_mixin.py:188} INFO - [2026-01-14T20:00:16.496+0530] {dagbag.py:545} INFO - Filling up the DagBag from /home/sathya/projects/training-kit/.venv-airflow/lib/python3.10/site-packages/airflow/example_dags/example_branch_datetime_operator.py
[2026-01-14T20:00:16.506+0530] {processor.py:840} INFO - DAG(s) 'example_branch_datetime_operator', 'example_branch_datetime_operator_2', 'example_branch_datetime_operator_3' retrieved from /home/sathya/projects/training-kit/.venv-airflow/lib/python3.10/site-packages/airflow/example_dags/example_branch_datetime_operator.py
[2026-01-14T20:00:16.535+0530] {logging_mixin.py:188} INFO - [2026-01-14T20:00:16.535+0530] {dag.py:3089} INFO - Sync 3 DAGs
[2026-01-14T20:00:16.558+0530] {logging_mixin.py:188} INFO - [2026-01-14T20:00:16.558+0530] {dag.py:3947} INFO - Setting next_dagrun for example_branch_datetime_operator to 2026-01-13 00:00:00+00:00, run_after=2026-01-14 00:00:00+00:00
[2026-01-14T20:00:16.562+0530] {logging_mixin.py:188} INFO - [2026-01-14T20:00:16.562+0530] {dag.py:3947} INFO - Setting next_dagrun for example_branch_datetime_operator_2 to 2026-01-13 00:00:00+00:00, run_after=2026-01-14 00:00:00+00:00
[2026-01-14T20:00:16.563+0530] {logging_mixin.py:188} INFO - [2026-01-14T20:00:16.563+0530] {dag.py:3947} INFO - Setting next_dagrun for example_branch_datetime_operator_3 to 2026-01-13 00:00:00+00:00, run_after=2026-01-14 00:00:00+00:00
[2026-01-14T20:00:16.587+0530] {processor.py:183} INFO - Processing /home/sathya/projects/training-kit/.venv-airflow/lib/python3.10/site-packages/airflow/example_dags/example_branch_datetime_operator.py took 0.114 seconds
[2026-01-14T20:04:48.700+0530] {processor.py:161} INFO - Started process (PID=3131) to work on /home/sathya/projects/training-kit/.venv-airflow/lib/python3.10/site-packages/airflow/example_dags/example_branch_datetime_operator.py
[2026-01-14T20:04:48.701+0530] {processor.py:830} INFO - Processing file /home/sathya/projects/training-kit/.venv-airflow/lib/python3.10/site-packages/airflow/example_dags/example_branch_datetime_operator.py for tasks to queue
[2026-01-14T20:04:48.703+0530] {logging_mixin.py:188} INFO - [2026-01-14T20:04:48.703+0530] {dagbag.py:545} INFO - Filling up the DagBag from /home/sathya/projects/training-kit/.venv-airflow/lib/python3.10/site-packages/airflow/example_dags/example_branch_datetime_operator.py
[2026-01-14T20:04:48.724+0530] {processor.py:840} INFO - DAG(s) 'example_branch_datetime_operator_3', 'example_branch_datetime_operator', 'example_branch_datetime_operator_2' retrieved from /home/sathya/projects/training-kit/.venv-airflow/lib/python3.10/site-packages/airflow/example_dags/example_branch_datetime_operator.py
[2026-01-14T20:04:48.859+0530] {logging_mixin.py:188} INFO - [2026-01-14T20:04:48.859+0530] {dag.py:3089} INFO - Sync 3 DAGs
[2026-01-14T20:04:48.878+0530] {logging_mixin.py:188} INFO - [2026-01-14T20:04:48.877+0530] {dag.py:3947} INFO - Setting next_dagrun for example_branch_datetime_operator to 2026-01-13 00:00:00+00:00, run_after=2026-01-14 00:00:00+00:00
[2026-01-14T20:04:48.882+0530] {logging_mixin.py:188} INFO - [2026-01-14T20:04:48.881+0530] {dag.py:3947} INFO - Setting next_dagrun for example_branch_datetime_operator_2 to 2026-01-13 00:00:00+00:00, run_after=2026-01-14 00:00:00+00:00
[2026-01-14T20:04:48.883+0530] {logging_mixin.py:188} INFO - [2026-01-14T20:04:48.883+0530] {dag.py:3947} INFO - Setting next_dagrun for example_branch_datetime_operator_3 to 2026-01-13 00:00:00+00:00, run_after=2026-01-14 00:00:00+00:00
[2026-01-14T20:04:48.910+0530] {processor.py:183} INFO - Processing /home/sathya/projects/training-kit/.venv-airflow/lib/python3.10/site-packages/airflow/example_dags/example_branch_datetime_operator.py took 0.229 seconds
[2026-01-14T20:05:57.288+0530] {processor.py:161} INFO - Started process (PID=3239) to work on /home/sathya/projects/training-kit/.venv-airflow/lib/python3.10/site-packages/airflow/example_dags/example_branch_datetime_operator.py
[2026-01-14T20:05:57.295+0530] {processor.py:830} INFO - Processing file /home/sathya/projects/training-kit/.venv-airflow/lib/python3.10/site-packages/airflow/example_dags/example_branch_datetime_operator.py for tasks to queue
[2026-01-14T20:05:57.302+0530] {logging_mixin.py:188} INFO - [2026-01-14T20:05:57.301+0530] {dagbag.py:545} INFO - Filling up the DagBag from /home/sathya/projects/training-kit/.venv-airflow/lib/python3.10/site-packages/airflow/example_dags/example_branch_datetime_operator.py
[2026-01-14T20:05:57.343+0530] {processor.py:840} INFO - DAG(s) 'example_branch_datetime_operator', 'example_branch_datetime_operator_3', 'example_branch_datetime_operator_2' retrieved from /home/sathya/projects/training-kit/.venv-airflow/lib/python3.10/site-packages/airflow/example_dags/example_branch_datetime_operator.py
[2026-01-14T20:05:45.756+0530] {logging_mixin.py:188} INFO - [2026-01-14T20:05:45.756+0530] {dag.py:3089} INFO - Sync 3 DAGs
[2026-01-14T20:05:45.832+0530] {logging_mixin.py:188} INFO - [2026-01-14T20:05:45.831+0530] {dag.py:3947} INFO - Setting next_dagrun for example_branch_datetime_operator to 2026-01-13 00:00:00+00:00, run_after=2026-01-14 00:00:00+00:00
[2026-01-14T20:05:45.843+0530] {logging_mixin.py:188} INFO - [2026-01-14T20:05:45.843+0530] {dag.py:3947} INFO - Setting next_dagrun for example_branch_datetime_operator_2 to 2026-01-13 00:00:00+00:00, run_after=2026-01-14 00:00:00+00:00
[2026-01-14T20:05:45.847+0530] {logging_mixin.py:188} INFO - [2026-01-14T20:05:45.846+0530] {dag.py:3947} INFO - Setting next_dagrun for example_branch_datetime_operator_3 to 2026-01-13 00:00:00+00:00, run_after=2026-01-14 00:00:00+00:00
[2026-01-14T20:05:45.977+0530] {processor.py:183} INFO - Processing /home/sathya/projects/training-kit/.venv-airflow/lib/python3.10/site-packages/airflow/example_dags/example_branch_datetime_operator.py took 0.355 seconds
