[2026-01-14T19:51:04.856+0530] {processor.py:161} INFO - Started process (PID=1503) to work on /home/sathya/projects/training-kit/.venv-airflow/lib/python3.10/site-packages/airflow/example_dags/example_subdag_operator.py
[2026-01-14T19:51:04.857+0530] {processor.py:830} INFO - Processing file /home/sathya/projects/training-kit/.venv-airflow/lib/python3.10/site-packages/airflow/example_dags/example_subdag_operator.py for tasks to queue
[2026-01-14T19:51:04.858+0530] {logging_mixin.py:188} INFO - [2026-01-14T19:51:04.858+0530] {dagbag.py:545} INFO - Filling up the DagBag from /home/sathya/projects/training-kit/.venv-airflow/lib/python3.10/site-packages/airflow/example_dags/example_subdag_operator.py
[2026-01-14T19:51:04.891+0530] {processor.py:840} INFO - DAG(s) 'example_subdag_operator.section-1', 'example_subdag_operator.section-2', 'example_subdag_operator' retrieved from /home/sathya/projects/training-kit/.venv-airflow/lib/python3.10/site-packages/airflow/example_dags/example_subdag_operator.py
[2026-01-14T19:51:05.037+0530] {logging_mixin.py:188} INFO - [2026-01-14T19:51:05.037+0530] {dag.py:3089} INFO - Sync 3 DAGs
[2026-01-14T19:51:05.055+0530] {logging_mixin.py:188} INFO - [2026-01-14T19:51:05.054+0530] {dag.py:3947} INFO - Setting next_dagrun for example_subdag_operator to 2022-01-01 00:00:00+00:00, run_after=2022-01-01 00:00:00+00:00
[2026-01-14T19:51:05.057+0530] {logging_mixin.py:188} INFO - [2026-01-14T19:51:05.056+0530] {dag.py:3947} INFO - Setting next_dagrun for example_subdag_operator.section-1 to None, run_after=None
[2026-01-14T19:51:05.058+0530] {logging_mixin.py:188} INFO - [2026-01-14T19:51:05.058+0530] {dag.py:3947} INFO - Setting next_dagrun for example_subdag_operator.section-2 to None, run_after=None
[2026-01-14T19:51:05.066+0530] {logging_mixin.py:188} INFO - [2026-01-14T19:51:05.065+0530] {dag.py:3089} INFO - Sync 2 DAGs
[2026-01-14T19:51:05.072+0530] {logging_mixin.py:188} INFO - [2026-01-14T19:51:05.072+0530] {dag.py:3947} INFO - Setting next_dagrun for example_subdag_operator.section-1 to None, run_after=None
[2026-01-14T19:51:05.072+0530] {logging_mixin.py:188} INFO - [2026-01-14T19:51:05.072+0530] {dag.py:3947} INFO - Setting next_dagrun for example_subdag_operator.section-2 to None, run_after=None
[2026-01-14T19:51:05.090+0530] {processor.py:183} INFO - Processing /home/sathya/projects/training-kit/.venv-airflow/lib/python3.10/site-packages/airflow/example_dags/example_subdag_operator.py took 0.244 seconds
[2026-01-14T19:52:07.789+0530] {processor.py:161} INFO - Started process (PID=1659) to work on /home/sathya/projects/training-kit/.venv-airflow/lib/python3.10/site-packages/airflow/example_dags/example_subdag_operator.py
[2026-01-14T19:52:07.791+0530] {processor.py:830} INFO - Processing file /home/sathya/projects/training-kit/.venv-airflow/lib/python3.10/site-packages/airflow/example_dags/example_subdag_operator.py for tasks to queue
[2026-01-14T19:52:07.795+0530] {logging_mixin.py:188} INFO - [2026-01-14T19:52:07.794+0530] {dagbag.py:545} INFO - Filling up the DagBag from /home/sathya/projects/training-kit/.venv-airflow/lib/python3.10/site-packages/airflow/example_dags/example_subdag_operator.py
[2026-01-14T19:52:07.828+0530] {processor.py:840} INFO - DAG(s) 'example_subdag_operator.section-1', 'example_subdag_operator.section-2', 'example_subdag_operator' retrieved from /home/sathya/projects/training-kit/.venv-airflow/lib/python3.10/site-packages/airflow/example_dags/example_subdag_operator.py
[2026-01-14T19:52:07.847+0530] {logging_mixin.py:188} INFO - [2026-01-14T19:52:07.847+0530] {dag.py:3089} INFO - Sync 3 DAGs
[2026-01-14T19:52:07.868+0530] {logging_mixin.py:188} INFO - [2026-01-14T19:52:07.867+0530] {dag.py:3947} INFO - Setting next_dagrun for example_subdag_operator to 2022-01-01 00:00:00+00:00, run_after=2022-01-01 00:00:00+00:00
[2026-01-14T19:52:07.874+0530] {logging_mixin.py:188} INFO - [2026-01-14T19:52:07.873+0530] {dag.py:3947} INFO - Setting next_dagrun for example_subdag_operator.section-1 to None, run_after=None
[2026-01-14T19:52:07.876+0530] {logging_mixin.py:188} INFO - [2026-01-14T19:52:07.876+0530] {dag.py:3947} INFO - Setting next_dagrun for example_subdag_operator.section-2 to None, run_after=None
[2026-01-14T19:52:07.883+0530] {logging_mixin.py:188} INFO - [2026-01-14T19:52:07.883+0530] {dag.py:3089} INFO - Sync 2 DAGs
[2026-01-14T19:52:07.887+0530] {logging_mixin.py:188} INFO - [2026-01-14T19:52:07.887+0530] {dag.py:3947} INFO - Setting next_dagrun for example_subdag_operator.section-1 to None, run_after=None
[2026-01-14T19:52:07.887+0530] {logging_mixin.py:188} INFO - [2026-01-14T19:52:07.887+0530] {dag.py:3947} INFO - Setting next_dagrun for example_subdag_operator.section-2 to None, run_after=None
[2026-01-14T19:52:07.910+0530] {processor.py:183} INFO - Processing /home/sathya/projects/training-kit/.venv-airflow/lib/python3.10/site-packages/airflow/example_dags/example_subdag_operator.py took 0.134 seconds
[2026-01-14T19:52:44.267+0530] {processor.py:161} INFO - Started process (PID=1778) to work on /home/sathya/projects/training-kit/.venv-airflow/lib/python3.10/site-packages/airflow/example_dags/example_subdag_operator.py
[2026-01-14T19:52:44.269+0530] {processor.py:830} INFO - Processing file /home/sathya/projects/training-kit/.venv-airflow/lib/python3.10/site-packages/airflow/example_dags/example_subdag_operator.py for tasks to queue
[2026-01-14T19:52:44.272+0530] {logging_mixin.py:188} INFO - [2026-01-14T19:52:44.272+0530] {dagbag.py:545} INFO - Filling up the DagBag from /home/sathya/projects/training-kit/.venv-airflow/lib/python3.10/site-packages/airflow/example_dags/example_subdag_operator.py
[2026-01-14T19:52:44.336+0530] {processor.py:840} INFO - DAG(s) 'example_subdag_operator.section-1', 'example_subdag_operator.section-2', 'example_subdag_operator' retrieved from /home/sathya/projects/training-kit/.venv-airflow/lib/python3.10/site-packages/airflow/example_dags/example_subdag_operator.py
[2026-01-14T19:52:44.367+0530] {logging_mixin.py:188} INFO - [2026-01-14T19:52:44.366+0530] {dag.py:3089} INFO - Sync 3 DAGs
[2026-01-14T19:52:44.392+0530] {logging_mixin.py:188} INFO - [2026-01-14T19:52:44.392+0530] {dag.py:3947} INFO - Setting next_dagrun for example_subdag_operator to 2022-01-01 00:00:00+00:00, run_after=2022-01-01 00:00:00+00:00
[2026-01-14T19:52:44.396+0530] {logging_mixin.py:188} INFO - [2026-01-14T19:52:44.396+0530] {dag.py:3947} INFO - Setting next_dagrun for example_subdag_operator.section-1 to None, run_after=None
[2026-01-14T19:52:44.398+0530] {logging_mixin.py:188} INFO - [2026-01-14T19:52:44.398+0530] {dag.py:3947} INFO - Setting next_dagrun for example_subdag_operator.section-2 to None, run_after=None
[2026-01-14T19:52:44.405+0530] {logging_mixin.py:188} INFO - [2026-01-14T19:52:44.405+0530] {dag.py:3089} INFO - Sync 2 DAGs
[2026-01-14T19:52:44.418+0530] {logging_mixin.py:188} INFO - [2026-01-14T19:52:44.417+0530] {dag.py:3947} INFO - Setting next_dagrun for example_subdag_operator.section-1 to None, run_after=None
[2026-01-14T19:52:44.419+0530] {logging_mixin.py:188} INFO - [2026-01-14T19:52:44.419+0530] {dag.py:3947} INFO - Setting next_dagrun for example_subdag_operator.section-2 to None, run_after=None
[2026-01-14T19:52:44.460+0530] {processor.py:183} INFO - Processing /home/sathya/projects/training-kit/.venv-airflow/lib/python3.10/site-packages/airflow/example_dags/example_subdag_operator.py took 0.206 seconds
[2026-01-14T19:53:02.738+0530] {processor.py:161} INFO - Started process (PID=1845) to work on /home/sathya/projects/training-kit/.venv-airflow/lib/python3.10/site-packages/airflow/example_dags/example_subdag_operator.py
[2026-01-14T19:53:02.739+0530] {processor.py:830} INFO - Processing file /home/sathya/projects/training-kit/.venv-airflow/lib/python3.10/site-packages/airflow/example_dags/example_subdag_operator.py for tasks to queue
[2026-01-14T19:53:02.742+0530] {logging_mixin.py:188} INFO - [2026-01-14T19:53:02.741+0530] {dagbag.py:545} INFO - Filling up the DagBag from /home/sathya/projects/training-kit/.venv-airflow/lib/python3.10/site-packages/airflow/example_dags/example_subdag_operator.py
[2026-01-14T19:53:02.767+0530] {processor.py:840} INFO - DAG(s) 'example_subdag_operator.section-1', 'example_subdag_operator.section-2', 'example_subdag_operator' retrieved from /home/sathya/projects/training-kit/.venv-airflow/lib/python3.10/site-packages/airflow/example_dags/example_subdag_operator.py
[2026-01-14T19:53:02.782+0530] {logging_mixin.py:188} INFO - [2026-01-14T19:53:02.781+0530] {dag.py:3089} INFO - Sync 3 DAGs
[2026-01-14T19:53:02.808+0530] {logging_mixin.py:188} INFO - [2026-01-14T19:53:02.807+0530] {dag.py:3947} INFO - Setting next_dagrun for example_subdag_operator to 2022-01-01 00:00:00+00:00, run_after=2022-01-01 00:00:00+00:00
[2026-01-14T19:53:02.811+0530] {logging_mixin.py:188} INFO - [2026-01-14T19:53:02.810+0530] {dag.py:3947} INFO - Setting next_dagrun for example_subdag_operator.section-1 to None, run_after=None
[2026-01-14T19:53:02.811+0530] {logging_mixin.py:188} INFO - [2026-01-14T19:53:02.811+0530] {dag.py:3947} INFO - Setting next_dagrun for example_subdag_operator.section-2 to None, run_after=None
[2026-01-14T19:53:02.819+0530] {logging_mixin.py:188} INFO - [2026-01-14T19:53:02.819+0530] {dag.py:3089} INFO - Sync 2 DAGs
[2026-01-14T19:53:02.825+0530] {logging_mixin.py:188} INFO - [2026-01-14T19:53:02.824+0530] {dag.py:3947} INFO - Setting next_dagrun for example_subdag_operator.section-1 to None, run_after=None
[2026-01-14T19:53:02.825+0530] {logging_mixin.py:188} INFO - [2026-01-14T19:53:02.825+0530] {dag.py:3947} INFO - Setting next_dagrun for example_subdag_operator.section-2 to None, run_after=None
[2026-01-14T19:53:02.851+0530] {processor.py:183} INFO - Processing /home/sathya/projects/training-kit/.venv-airflow/lib/python3.10/site-packages/airflow/example_dags/example_subdag_operator.py took 0.121 seconds
[2026-01-14T19:53:42.378+0530] {processor.py:161} INFO - Started process (PID=1990) to work on /home/sathya/projects/training-kit/.venv-airflow/lib/python3.10/site-packages/airflow/example_dags/example_subdag_operator.py
[2026-01-14T19:53:42.382+0530] {processor.py:830} INFO - Processing file /home/sathya/projects/training-kit/.venv-airflow/lib/python3.10/site-packages/airflow/example_dags/example_subdag_operator.py for tasks to queue
[2026-01-14T19:53:42.391+0530] {logging_mixin.py:188} INFO - [2026-01-14T19:53:42.390+0530] {dagbag.py:545} INFO - Filling up the DagBag from /home/sathya/projects/training-kit/.venv-airflow/lib/python3.10/site-packages/airflow/example_dags/example_subdag_operator.py
[2026-01-14T19:53:42.443+0530] {processor.py:840} INFO - DAG(s) 'example_subdag_operator.section-1', 'example_subdag_operator.section-2', 'example_subdag_operator' retrieved from /home/sathya/projects/training-kit/.venv-airflow/lib/python3.10/site-packages/airflow/example_dags/example_subdag_operator.py
[2026-01-14T19:53:42.480+0530] {logging_mixin.py:188} INFO - [2026-01-14T19:53:42.479+0530] {dag.py:3089} INFO - Sync 3 DAGs
[2026-01-14T19:53:42.543+0530] {logging_mixin.py:188} INFO - [2026-01-14T19:53:42.543+0530] {dag.py:3947} INFO - Setting next_dagrun for example_subdag_operator to 2022-01-01 00:00:00+00:00, run_after=2022-01-01 00:00:00+00:00
[2026-01-14T19:53:42.549+0530] {logging_mixin.py:188} INFO - [2026-01-14T19:53:42.549+0530] {dag.py:3947} INFO - Setting next_dagrun for example_subdag_operator.section-1 to None, run_after=None
[2026-01-14T19:53:42.555+0530] {logging_mixin.py:188} INFO - [2026-01-14T19:53:42.554+0530] {dag.py:3947} INFO - Setting next_dagrun for example_subdag_operator.section-2 to None, run_after=None
[2026-01-14T19:53:42.577+0530] {logging_mixin.py:188} INFO - [2026-01-14T19:53:42.577+0530] {dag.py:3089} INFO - Sync 2 DAGs
[2026-01-14T19:53:42.592+0530] {logging_mixin.py:188} INFO - [2026-01-14T19:53:42.592+0530] {dag.py:3947} INFO - Setting next_dagrun for example_subdag_operator.section-1 to None, run_after=None
[2026-01-14T19:53:42.593+0530] {logging_mixin.py:188} INFO - [2026-01-14T19:53:42.593+0530] {dag.py:3947} INFO - Setting next_dagrun for example_subdag_operator.section-2 to None, run_after=None
[2026-01-14T19:53:42.654+0530] {processor.py:183} INFO - Processing /home/sathya/projects/training-kit/.venv-airflow/lib/python3.10/site-packages/airflow/example_dags/example_subdag_operator.py took 0.299 seconds
[2026-01-14T19:53:55.235+0530] {processor.py:161} INFO - Started process (PID=2037) to work on /home/sathya/projects/training-kit/.venv-airflow/lib/python3.10/site-packages/airflow/example_dags/example_subdag_operator.py
[2026-01-14T19:53:55.236+0530] {processor.py:830} INFO - Processing file /home/sathya/projects/training-kit/.venv-airflow/lib/python3.10/site-packages/airflow/example_dags/example_subdag_operator.py for tasks to queue
[2026-01-14T19:53:55.238+0530] {logging_mixin.py:188} INFO - [2026-01-14T19:53:55.238+0530] {dagbag.py:545} INFO - Filling up the DagBag from /home/sathya/projects/training-kit/.venv-airflow/lib/python3.10/site-packages/airflow/example_dags/example_subdag_operator.py
[2026-01-14T19:53:55.269+0530] {processor.py:840} INFO - DAG(s) 'example_subdag_operator.section-1', 'example_subdag_operator.section-2', 'example_subdag_operator' retrieved from /home/sathya/projects/training-kit/.venv-airflow/lib/python3.10/site-packages/airflow/example_dags/example_subdag_operator.py
[2026-01-14T19:53:55.285+0530] {logging_mixin.py:188} INFO - [2026-01-14T19:53:55.285+0530] {dag.py:3089} INFO - Sync 3 DAGs
[2026-01-14T19:53:55.308+0530] {logging_mixin.py:188} INFO - [2026-01-14T19:53:55.308+0530] {dag.py:3947} INFO - Setting next_dagrun for example_subdag_operator to 2022-01-01 00:00:00+00:00, run_after=2022-01-01 00:00:00+00:00
[2026-01-14T19:53:55.313+0530] {logging_mixin.py:188} INFO - [2026-01-14T19:53:55.312+0530] {dag.py:3947} INFO - Setting next_dagrun for example_subdag_operator.section-1 to None, run_after=None
[2026-01-14T19:53:55.314+0530] {logging_mixin.py:188} INFO - [2026-01-14T19:53:55.314+0530] {dag.py:3947} INFO - Setting next_dagrun for example_subdag_operator.section-2 to None, run_after=None
[2026-01-14T19:53:55.328+0530] {logging_mixin.py:188} INFO - [2026-01-14T19:53:55.327+0530] {dag.py:3089} INFO - Sync 2 DAGs
[2026-01-14T19:53:55.339+0530] {logging_mixin.py:188} INFO - [2026-01-14T19:53:55.339+0530] {dag.py:3947} INFO - Setting next_dagrun for example_subdag_operator.section-1 to None, run_after=None
[2026-01-14T19:53:55.340+0530] {logging_mixin.py:188} INFO - [2026-01-14T19:53:55.340+0530] {dag.py:3947} INFO - Setting next_dagrun for example_subdag_operator.section-2 to None, run_after=None
[2026-01-14T19:53:55.359+0530] {processor.py:183} INFO - Processing /home/sathya/projects/training-kit/.venv-airflow/lib/python3.10/site-packages/airflow/example_dags/example_subdag_operator.py took 0.130 seconds
[2026-01-14T19:54:39.228+0530] {processor.py:161} INFO - Started process (PID=2192) to work on /home/sathya/projects/training-kit/.venv-airflow/lib/python3.10/site-packages/airflow/example_dags/example_subdag_operator.py
[2026-01-14T19:54:39.230+0530] {processor.py:830} INFO - Processing file /home/sathya/projects/training-kit/.venv-airflow/lib/python3.10/site-packages/airflow/example_dags/example_subdag_operator.py for tasks to queue
[2026-01-14T19:54:39.232+0530] {logging_mixin.py:188} INFO - [2026-01-14T19:54:39.232+0530] {dagbag.py:545} INFO - Filling up the DagBag from /home/sathya/projects/training-kit/.venv-airflow/lib/python3.10/site-packages/airflow/example_dags/example_subdag_operator.py
[2026-01-14T19:54:39.278+0530] {processor.py:840} INFO - DAG(s) 'example_subdag_operator.section-1', 'example_subdag_operator.section-2', 'example_subdag_operator' retrieved from /home/sathya/projects/training-kit/.venv-airflow/lib/python3.10/site-packages/airflow/example_dags/example_subdag_operator.py
[2026-01-14T19:54:39.323+0530] {logging_mixin.py:188} INFO - [2026-01-14T19:54:39.322+0530] {dag.py:3089} INFO - Sync 3 DAGs
[2026-01-14T19:54:39.363+0530] {logging_mixin.py:188} INFO - [2026-01-14T19:54:39.363+0530] {dag.py:3947} INFO - Setting next_dagrun for example_subdag_operator to 2022-01-01 00:00:00+00:00, run_after=2022-01-01 00:00:00+00:00
[2026-01-14T19:54:39.368+0530] {logging_mixin.py:188} INFO - [2026-01-14T19:54:39.368+0530] {dag.py:3947} INFO - Setting next_dagrun for example_subdag_operator.section-1 to None, run_after=None
[2026-01-14T19:54:39.369+0530] {logging_mixin.py:188} INFO - [2026-01-14T19:54:39.369+0530] {dag.py:3947} INFO - Setting next_dagrun for example_subdag_operator.section-2 to None, run_after=None
[2026-01-14T19:54:39.380+0530] {logging_mixin.py:188} INFO - [2026-01-14T19:54:39.380+0530] {dag.py:3089} INFO - Sync 2 DAGs
[2026-01-14T19:54:39.387+0530] {logging_mixin.py:188} INFO - [2026-01-14T19:54:39.387+0530] {dag.py:3947} INFO - Setting next_dagrun for example_subdag_operator.section-1 to None, run_after=None
[2026-01-14T19:54:39.387+0530] {logging_mixin.py:188} INFO - [2026-01-14T19:54:39.387+0530] {dag.py:3947} INFO - Setting next_dagrun for example_subdag_operator.section-2 to None, run_after=None
[2026-01-14T19:54:39.407+0530] {processor.py:183} INFO - Processing /home/sathya/projects/training-kit/.venv-airflow/lib/python3.10/site-packages/airflow/example_dags/example_subdag_operator.py took 0.192 seconds
[2026-01-14T19:54:50.757+0530] {processor.py:161} INFO - Started process (PID=2235) to work on /home/sathya/projects/training-kit/.venv-airflow/lib/python3.10/site-packages/airflow/example_dags/example_subdag_operator.py
[2026-01-14T19:54:50.759+0530] {processor.py:830} INFO - Processing file /home/sathya/projects/training-kit/.venv-airflow/lib/python3.10/site-packages/airflow/example_dags/example_subdag_operator.py for tasks to queue
[2026-01-14T19:54:50.762+0530] {logging_mixin.py:188} INFO - [2026-01-14T19:54:50.761+0530] {dagbag.py:545} INFO - Filling up the DagBag from /home/sathya/projects/training-kit/.venv-airflow/lib/python3.10/site-packages/airflow/example_dags/example_subdag_operator.py
[2026-01-14T19:54:50.793+0530] {processor.py:840} INFO - DAG(s) 'example_subdag_operator.section-1', 'example_subdag_operator.section-2', 'example_subdag_operator' retrieved from /home/sathya/projects/training-kit/.venv-airflow/lib/python3.10/site-packages/airflow/example_dags/example_subdag_operator.py
[2026-01-14T19:54:50.811+0530] {logging_mixin.py:188} INFO - [2026-01-14T19:54:50.810+0530] {dag.py:3089} INFO - Sync 3 DAGs
[2026-01-14T19:54:50.833+0530] {logging_mixin.py:188} INFO - [2026-01-14T19:54:50.831+0530] {dag.py:3947} INFO - Setting next_dagrun for example_subdag_operator to 2022-01-01 00:00:00+00:00, run_after=2022-01-01 00:00:00+00:00
[2026-01-14T19:54:50.840+0530] {logging_mixin.py:188} INFO - [2026-01-14T19:54:50.839+0530] {dag.py:3947} INFO - Setting next_dagrun for example_subdag_operator.section-1 to None, run_after=None
[2026-01-14T19:54:50.842+0530] {logging_mixin.py:188} INFO - [2026-01-14T19:54:50.842+0530] {dag.py:3947} INFO - Setting next_dagrun for example_subdag_operator.section-2 to None, run_after=None
[2026-01-14T19:54:50.851+0530] {logging_mixin.py:188} INFO - [2026-01-14T19:54:50.850+0530] {dag.py:3089} INFO - Sync 2 DAGs
[2026-01-14T19:54:50.860+0530] {logging_mixin.py:188} INFO - [2026-01-14T19:54:50.860+0530] {dag.py:3947} INFO - Setting next_dagrun for example_subdag_operator.section-1 to None, run_after=None
[2026-01-14T19:54:50.861+0530] {logging_mixin.py:188} INFO - [2026-01-14T19:54:50.861+0530] {dag.py:3947} INFO - Setting next_dagrun for example_subdag_operator.section-2 to None, run_after=None
[2026-01-14T19:54:50.898+0530] {processor.py:183} INFO - Processing /home/sathya/projects/training-kit/.venv-airflow/lib/python3.10/site-packages/airflow/example_dags/example_subdag_operator.py took 0.147 seconds
[2026-01-14T19:55:34.219+0530] {processor.py:161} INFO - Started process (PID=2401) to work on /home/sathya/projects/training-kit/.venv-airflow/lib/python3.10/site-packages/airflow/example_dags/example_subdag_operator.py
[2026-01-14T19:55:34.221+0530] {processor.py:830} INFO - Processing file /home/sathya/projects/training-kit/.venv-airflow/lib/python3.10/site-packages/airflow/example_dags/example_subdag_operator.py for tasks to queue
[2026-01-14T19:55:34.222+0530] {logging_mixin.py:188} INFO - [2026-01-14T19:55:34.222+0530] {dagbag.py:545} INFO - Filling up the DagBag from /home/sathya/projects/training-kit/.venv-airflow/lib/python3.10/site-packages/airflow/example_dags/example_subdag_operator.py
[2026-01-14T19:55:34.252+0530] {processor.py:840} INFO - DAG(s) 'example_subdag_operator.section-1', 'example_subdag_operator.section-2', 'example_subdag_operator' retrieved from /home/sathya/projects/training-kit/.venv-airflow/lib/python3.10/site-packages/airflow/example_dags/example_subdag_operator.py
[2026-01-14T19:55:34.268+0530] {logging_mixin.py:188} INFO - [2026-01-14T19:55:34.268+0530] {dag.py:3089} INFO - Sync 3 DAGs
[2026-01-14T19:55:34.288+0530] {logging_mixin.py:188} INFO - [2026-01-14T19:55:34.288+0530] {dag.py:3947} INFO - Setting next_dagrun for example_subdag_operator to 2022-01-01 00:00:00+00:00, run_after=2022-01-01 00:00:00+00:00
[2026-01-14T19:55:34.292+0530] {logging_mixin.py:188} INFO - [2026-01-14T19:55:34.292+0530] {dag.py:3947} INFO - Setting next_dagrun for example_subdag_operator.section-1 to None, run_after=None
[2026-01-14T19:55:34.293+0530] {logging_mixin.py:188} INFO - [2026-01-14T19:55:34.293+0530] {dag.py:3947} INFO - Setting next_dagrun for example_subdag_operator.section-2 to None, run_after=None
[2026-01-14T19:55:34.300+0530] {logging_mixin.py:188} INFO - [2026-01-14T19:55:34.300+0530] {dag.py:3089} INFO - Sync 2 DAGs
[2026-01-14T19:55:34.308+0530] {logging_mixin.py:188} INFO - [2026-01-14T19:55:34.306+0530] {dag.py:3947} INFO - Setting next_dagrun for example_subdag_operator.section-1 to None, run_after=None
[2026-01-14T19:55:34.308+0530] {logging_mixin.py:188} INFO - [2026-01-14T19:55:34.308+0530] {dag.py:3947} INFO - Setting next_dagrun for example_subdag_operator.section-2 to None, run_after=None
[2026-01-14T19:55:34.327+0530] {processor.py:183} INFO - Processing /home/sathya/projects/training-kit/.venv-airflow/lib/python3.10/site-packages/airflow/example_dags/example_subdag_operator.py took 0.115 seconds
[2026-01-14T19:56:55.635+0530] {processor.py:161} INFO - Started process (PID=2475) to work on /home/sathya/projects/training-kit/.venv-airflow/lib/python3.10/site-packages/airflow/example_dags/example_subdag_operator.py
[2026-01-14T19:56:55.637+0530] {processor.py:830} INFO - Processing file /home/sathya/projects/training-kit/.venv-airflow/lib/python3.10/site-packages/airflow/example_dags/example_subdag_operator.py for tasks to queue
[2026-01-14T19:56:55.641+0530] {logging_mixin.py:188} INFO - [2026-01-14T19:56:55.640+0530] {dagbag.py:545} INFO - Filling up the DagBag from /home/sathya/projects/training-kit/.venv-airflow/lib/python3.10/site-packages/airflow/example_dags/example_subdag_operator.py
[2026-01-14T19:56:55.674+0530] {processor.py:840} INFO - DAG(s) 'example_subdag_operator.section-1', 'example_subdag_operator.section-2', 'example_subdag_operator' retrieved from /home/sathya/projects/training-kit/.venv-airflow/lib/python3.10/site-packages/airflow/example_dags/example_subdag_operator.py
[2026-01-14T19:56:55.705+0530] {logging_mixin.py:188} INFO - [2026-01-14T19:56:55.704+0530] {dag.py:3089} INFO - Sync 3 DAGs
[2026-01-14T19:56:55.720+0530] {logging_mixin.py:188} INFO - [2026-01-14T19:56:55.720+0530] {dag.py:3947} INFO - Setting next_dagrun for example_subdag_operator to 2022-01-01 00:00:00+00:00, run_after=2022-01-01 00:00:00+00:00
[2026-01-14T19:56:55.723+0530] {logging_mixin.py:188} INFO - [2026-01-14T19:56:55.723+0530] {dag.py:3947} INFO - Setting next_dagrun for example_subdag_operator.section-1 to None, run_after=None
[2026-01-14T19:56:55.728+0530] {logging_mixin.py:188} INFO - [2026-01-14T19:56:55.727+0530] {dag.py:3947} INFO - Setting next_dagrun for example_subdag_operator.section-2 to None, run_after=None
[2026-01-14T19:56:55.733+0530] {logging_mixin.py:188} INFO - [2026-01-14T19:56:55.733+0530] {dag.py:3089} INFO - Sync 2 DAGs
[2026-01-14T19:56:55.738+0530] {logging_mixin.py:188} INFO - [2026-01-14T19:56:55.738+0530] {dag.py:3947} INFO - Setting next_dagrun for example_subdag_operator.section-1 to None, run_after=None
[2026-01-14T19:56:55.738+0530] {logging_mixin.py:188} INFO - [2026-01-14T19:56:55.738+0530] {dag.py:3947} INFO - Setting next_dagrun for example_subdag_operator.section-2 to None, run_after=None
[2026-01-14T19:56:55.760+0530] {processor.py:183} INFO - Processing /home/sathya/projects/training-kit/.venv-airflow/lib/python3.10/site-packages/airflow/example_dags/example_subdag_operator.py took 0.141 seconds
[2026-01-14T19:57:41.487+0530] {processor.py:161} INFO - Started process (PID=2569) to work on /home/sathya/projects/training-kit/.venv-airflow/lib/python3.10/site-packages/airflow/example_dags/example_subdag_operator.py
[2026-01-14T19:57:41.489+0530] {processor.py:830} INFO - Processing file /home/sathya/projects/training-kit/.venv-airflow/lib/python3.10/site-packages/airflow/example_dags/example_subdag_operator.py for tasks to queue
[2026-01-14T19:57:41.490+0530] {logging_mixin.py:188} INFO - [2026-01-14T19:57:41.490+0530] {dagbag.py:545} INFO - Filling up the DagBag from /home/sathya/projects/training-kit/.venv-airflow/lib/python3.10/site-packages/airflow/example_dags/example_subdag_operator.py
[2026-01-14T19:57:41.524+0530] {processor.py:840} INFO - DAG(s) 'example_subdag_operator.section-1', 'example_subdag_operator.section-2', 'example_subdag_operator' retrieved from /home/sathya/projects/training-kit/.venv-airflow/lib/python3.10/site-packages/airflow/example_dags/example_subdag_operator.py
[2026-01-14T19:57:41.545+0530] {logging_mixin.py:188} INFO - [2026-01-14T19:57:41.544+0530] {dag.py:3089} INFO - Sync 3 DAGs
[2026-01-14T19:57:41.574+0530] {logging_mixin.py:188} INFO - [2026-01-14T19:57:41.574+0530] {dag.py:3947} INFO - Setting next_dagrun for example_subdag_operator to 2022-01-01 00:00:00+00:00, run_after=2022-01-01 00:00:00+00:00
[2026-01-14T19:57:41.578+0530] {logging_mixin.py:188} INFO - [2026-01-14T19:57:41.577+0530] {dag.py:3947} INFO - Setting next_dagrun for example_subdag_operator.section-1 to None, run_after=None
[2026-01-14T19:57:41.579+0530] {logging_mixin.py:188} INFO - [2026-01-14T19:57:41.578+0530] {dag.py:3947} INFO - Setting next_dagrun for example_subdag_operator.section-2 to None, run_after=None
[2026-01-14T19:57:41.586+0530] {logging_mixin.py:188} INFO - [2026-01-14T19:57:41.586+0530] {dag.py:3089} INFO - Sync 2 DAGs
[2026-01-14T19:57:41.590+0530] {logging_mixin.py:188} INFO - [2026-01-14T19:57:41.590+0530] {dag.py:3947} INFO - Setting next_dagrun for example_subdag_operator.section-1 to None, run_after=None
[2026-01-14T19:57:41.591+0530] {logging_mixin.py:188} INFO - [2026-01-14T19:57:41.591+0530] {dag.py:3947} INFO - Setting next_dagrun for example_subdag_operator.section-2 to None, run_after=None
[2026-01-14T19:57:41.608+0530] {processor.py:183} INFO - Processing /home/sathya/projects/training-kit/.venv-airflow/lib/python3.10/site-packages/airflow/example_dags/example_subdag_operator.py took 0.130 seconds
[2026-01-14T19:58:35.002+0530] {processor.py:161} INFO - Started process (PID=2656) to work on /home/sathya/projects/training-kit/.venv-airflow/lib/python3.10/site-packages/airflow/example_dags/example_subdag_operator.py
[2026-01-14T19:58:35.005+0530] {processor.py:830} INFO - Processing file /home/sathya/projects/training-kit/.venv-airflow/lib/python3.10/site-packages/airflow/example_dags/example_subdag_operator.py for tasks to queue
[2026-01-14T19:58:35.007+0530] {logging_mixin.py:188} INFO - [2026-01-14T19:58:35.007+0530] {dagbag.py:545} INFO - Filling up the DagBag from /home/sathya/projects/training-kit/.venv-airflow/lib/python3.10/site-packages/airflow/example_dags/example_subdag_operator.py
[2026-01-14T19:58:35.050+0530] {processor.py:840} INFO - DAG(s) 'example_subdag_operator.section-1', 'example_subdag_operator.section-2', 'example_subdag_operator' retrieved from /home/sathya/projects/training-kit/.venv-airflow/lib/python3.10/site-packages/airflow/example_dags/example_subdag_operator.py
[2026-01-14T19:58:35.076+0530] {logging_mixin.py:188} INFO - [2026-01-14T19:58:35.076+0530] {dag.py:3089} INFO - Sync 3 DAGs
[2026-01-14T19:58:35.114+0530] {logging_mixin.py:188} INFO - [2026-01-14T19:58:35.114+0530] {dag.py:3947} INFO - Setting next_dagrun for example_subdag_operator to 2022-01-01 00:00:00+00:00, run_after=2022-01-01 00:00:00+00:00
[2026-01-14T19:58:35.119+0530] {logging_mixin.py:188} INFO - [2026-01-14T19:58:35.119+0530] {dag.py:3947} INFO - Setting next_dagrun for example_subdag_operator.section-1 to None, run_after=None
[2026-01-14T19:58:35.121+0530] {logging_mixin.py:188} INFO - [2026-01-14T19:58:35.121+0530] {dag.py:3947} INFO - Setting next_dagrun for example_subdag_operator.section-2 to None, run_after=None
[2026-01-14T19:58:35.141+0530] {logging_mixin.py:188} INFO - [2026-01-14T19:58:35.140+0530] {dag.py:3089} INFO - Sync 2 DAGs
[2026-01-14T19:58:35.150+0530] {logging_mixin.py:188} INFO - [2026-01-14T19:58:35.150+0530] {dag.py:3947} INFO - Setting next_dagrun for example_subdag_operator.section-1 to None, run_after=None
[2026-01-14T19:58:35.151+0530] {logging_mixin.py:188} INFO - [2026-01-14T19:58:35.151+0530] {dag.py:3947} INFO - Setting next_dagrun for example_subdag_operator.section-2 to None, run_after=None
[2026-01-14T19:58:35.188+0530] {processor.py:183} INFO - Processing /home/sathya/projects/training-kit/.venv-airflow/lib/python3.10/site-packages/airflow/example_dags/example_subdag_operator.py took 0.200 seconds
[2026-01-14T19:59:29.836+0530] {processor.py:161} INFO - Started process (PID=2751) to work on /home/sathya/projects/training-kit/.venv-airflow/lib/python3.10/site-packages/airflow/example_dags/example_subdag_operator.py
[2026-01-14T19:59:29.838+0530] {processor.py:830} INFO - Processing file /home/sathya/projects/training-kit/.venv-airflow/lib/python3.10/site-packages/airflow/example_dags/example_subdag_operator.py for tasks to queue
[2026-01-14T19:59:29.844+0530] {logging_mixin.py:188} INFO - [2026-01-14T19:59:29.842+0530] {dagbag.py:545} INFO - Filling up the DagBag from /home/sathya/projects/training-kit/.venv-airflow/lib/python3.10/site-packages/airflow/example_dags/example_subdag_operator.py
[2026-01-14T19:59:29.888+0530] {processor.py:840} INFO - DAG(s) 'example_subdag_operator.section-1', 'example_subdag_operator.section-2', 'example_subdag_operator' retrieved from /home/sathya/projects/training-kit/.venv-airflow/lib/python3.10/site-packages/airflow/example_dags/example_subdag_operator.py
[2026-01-14T19:59:29.910+0530] {logging_mixin.py:188} INFO - [2026-01-14T19:59:29.910+0530] {dag.py:3089} INFO - Sync 3 DAGs
[2026-01-14T19:59:29.938+0530] {logging_mixin.py:188} INFO - [2026-01-14T19:59:29.938+0530] {dag.py:3947} INFO - Setting next_dagrun for example_subdag_operator to 2022-01-01 00:00:00+00:00, run_after=2022-01-01 00:00:00+00:00
[2026-01-14T19:59:29.941+0530] {logging_mixin.py:188} INFO - [2026-01-14T19:59:29.941+0530] {dag.py:3947} INFO - Setting next_dagrun for example_subdag_operator.section-1 to None, run_after=None
[2026-01-14T19:59:29.942+0530] {logging_mixin.py:188} INFO - [2026-01-14T19:59:29.942+0530] {dag.py:3947} INFO - Setting next_dagrun for example_subdag_operator.section-2 to None, run_after=None
[2026-01-14T19:59:29.950+0530] {logging_mixin.py:188} INFO - [2026-01-14T19:59:29.949+0530] {dag.py:3089} INFO - Sync 2 DAGs
[2026-01-14T19:59:29.956+0530] {logging_mixin.py:188} INFO - [2026-01-14T19:59:29.956+0530] {dag.py:3947} INFO - Setting next_dagrun for example_subdag_operator.section-1 to None, run_after=None
[2026-01-14T19:59:29.956+0530] {logging_mixin.py:188} INFO - [2026-01-14T19:59:29.956+0530] {dag.py:3947} INFO - Setting next_dagrun for example_subdag_operator.section-2 to None, run_after=None
[2026-01-14T19:59:29.980+0530] {processor.py:183} INFO - Processing /home/sathya/projects/training-kit/.venv-airflow/lib/python3.10/site-packages/airflow/example_dags/example_subdag_operator.py took 0.166 seconds
[2026-01-14T20:00:27.247+0530] {processor.py:161} INFO - Started process (PID=2842) to work on /home/sathya/projects/training-kit/.venv-airflow/lib/python3.10/site-packages/airflow/example_dags/example_subdag_operator.py
[2026-01-14T20:00:27.249+0530] {processor.py:830} INFO - Processing file /home/sathya/projects/training-kit/.venv-airflow/lib/python3.10/site-packages/airflow/example_dags/example_subdag_operator.py for tasks to queue
[2026-01-14T20:00:27.251+0530] {logging_mixin.py:188} INFO - [2026-01-14T20:00:27.251+0530] {dagbag.py:545} INFO - Filling up the DagBag from /home/sathya/projects/training-kit/.venv-airflow/lib/python3.10/site-packages/airflow/example_dags/example_subdag_operator.py
[2026-01-14T20:00:27.286+0530] {processor.py:840} INFO - DAG(s) 'example_subdag_operator.section-1', 'example_subdag_operator.section-2', 'example_subdag_operator' retrieved from /home/sathya/projects/training-kit/.venv-airflow/lib/python3.10/site-packages/airflow/example_dags/example_subdag_operator.py
[2026-01-14T20:00:27.311+0530] {logging_mixin.py:188} INFO - [2026-01-14T20:00:27.311+0530] {dag.py:3089} INFO - Sync 3 DAGs
[2026-01-14T20:00:27.353+0530] {logging_mixin.py:188} INFO - [2026-01-14T20:00:27.353+0530] {dag.py:3947} INFO - Setting next_dagrun for example_subdag_operator to 2022-01-01 00:00:00+00:00, run_after=2022-01-01 00:00:00+00:00
[2026-01-14T20:00:27.356+0530] {logging_mixin.py:188} INFO - [2026-01-14T20:00:27.356+0530] {dag.py:3947} INFO - Setting next_dagrun for example_subdag_operator.section-1 to None, run_after=None
[2026-01-14T20:00:27.357+0530] {logging_mixin.py:188} INFO - [2026-01-14T20:00:27.357+0530] {dag.py:3947} INFO - Setting next_dagrun for example_subdag_operator.section-2 to None, run_after=None
[2026-01-14T20:00:27.363+0530] {logging_mixin.py:188} INFO - [2026-01-14T20:00:27.363+0530] {dag.py:3089} INFO - Sync 2 DAGs
[2026-01-14T20:00:27.373+0530] {logging_mixin.py:188} INFO - [2026-01-14T20:00:27.373+0530] {dag.py:3947} INFO - Setting next_dagrun for example_subdag_operator.section-1 to None, run_after=None
[2026-01-14T20:00:27.373+0530] {logging_mixin.py:188} INFO - [2026-01-14T20:00:27.373+0530] {dag.py:3947} INFO - Setting next_dagrun for example_subdag_operator.section-2 to None, run_after=None
[2026-01-14T20:00:27.393+0530] {processor.py:183} INFO - Processing /home/sathya/projects/training-kit/.venv-airflow/lib/python3.10/site-packages/airflow/example_dags/example_subdag_operator.py took 0.152 seconds
[2026-01-14T20:04:02.889+0530] {processor.py:161} INFO - Started process (PID=3063) to work on /home/sathya/projects/training-kit/.venv-airflow/lib/python3.10/site-packages/airflow/example_dags/example_subdag_operator.py
[2026-01-14T20:04:02.891+0530] {processor.py:830} INFO - Processing file /home/sathya/projects/training-kit/.venv-airflow/lib/python3.10/site-packages/airflow/example_dags/example_subdag_operator.py for tasks to queue
[2026-01-14T20:04:02.896+0530] {logging_mixin.py:188} INFO - [2026-01-14T20:04:02.896+0530] {dagbag.py:545} INFO - Filling up the DagBag from /home/sathya/projects/training-kit/.venv-airflow/lib/python3.10/site-packages/airflow/example_dags/example_subdag_operator.py
[2026-01-14T20:04:02.927+0530] {processor.py:840} INFO - DAG(s) 'example_subdag_operator.section-1', 'example_subdag_operator.section-2', 'example_subdag_operator' retrieved from /home/sathya/projects/training-kit/.venv-airflow/lib/python3.10/site-packages/airflow/example_dags/example_subdag_operator.py
[2026-01-14T20:04:03.087+0530] {logging_mixin.py:188} INFO - [2026-01-14T20:04:03.087+0530] {dag.py:3089} INFO - Sync 3 DAGs
[2026-01-14T20:04:03.125+0530] {logging_mixin.py:188} INFO - [2026-01-14T20:04:03.125+0530] {dag.py:3947} INFO - Setting next_dagrun for example_subdag_operator to 2022-01-01 00:00:00+00:00, run_after=2022-01-01 00:00:00+00:00
[2026-01-14T20:04:03.132+0530] {logging_mixin.py:188} INFO - [2026-01-14T20:04:03.131+0530] {dag.py:3947} INFO - Setting next_dagrun for example_subdag_operator.section-1 to None, run_after=None
[2026-01-14T20:04:03.133+0530] {logging_mixin.py:188} INFO - [2026-01-14T20:04:03.133+0530] {dag.py:3947} INFO - Setting next_dagrun for example_subdag_operator.section-2 to None, run_after=None
[2026-01-14T20:04:03.146+0530] {logging_mixin.py:188} INFO - [2026-01-14T20:04:03.146+0530] {dag.py:3089} INFO - Sync 2 DAGs
[2026-01-14T20:04:03.151+0530] {logging_mixin.py:188} INFO - [2026-01-14T20:04:03.151+0530] {dag.py:3947} INFO - Setting next_dagrun for example_subdag_operator.section-1 to None, run_after=None
[2026-01-14T20:04:03.151+0530] {logging_mixin.py:188} INFO - [2026-01-14T20:04:03.151+0530] {dag.py:3947} INFO - Setting next_dagrun for example_subdag_operator.section-2 to None, run_after=None
[2026-01-14T20:04:03.186+0530] {processor.py:183} INFO - Processing /home/sathya/projects/training-kit/.venv-airflow/lib/python3.10/site-packages/airflow/example_dags/example_subdag_operator.py took 0.305 seconds
[2026-01-14T20:05:01.998+0530] {processor.py:161} INFO - Started process (PID=3160) to work on /home/sathya/projects/training-kit/.venv-airflow/lib/python3.10/site-packages/airflow/example_dags/example_subdag_operator.py
[2026-01-14T20:05:01.999+0530] {processor.py:830} INFO - Processing file /home/sathya/projects/training-kit/.venv-airflow/lib/python3.10/site-packages/airflow/example_dags/example_subdag_operator.py for tasks to queue
[2026-01-14T20:05:02.002+0530] {logging_mixin.py:188} INFO - [2026-01-14T20:05:02.002+0530] {dagbag.py:545} INFO - Filling up the DagBag from /home/sathya/projects/training-kit/.venv-airflow/lib/python3.10/site-packages/airflow/example_dags/example_subdag_operator.py
[2026-01-14T20:05:02.025+0530] {processor.py:840} INFO - DAG(s) 'example_subdag_operator.section-1', 'example_subdag_operator.section-2', 'example_subdag_operator' retrieved from /home/sathya/projects/training-kit/.venv-airflow/lib/python3.10/site-packages/airflow/example_dags/example_subdag_operator.py
[2026-01-14T20:05:02.040+0530] {logging_mixin.py:188} INFO - [2026-01-14T20:05:02.040+0530] {dag.py:3089} INFO - Sync 3 DAGs
[2026-01-14T20:05:02.063+0530] {logging_mixin.py:188} INFO - [2026-01-14T20:05:02.062+0530] {dag.py:3947} INFO - Setting next_dagrun for example_subdag_operator to 2022-01-01 00:00:00+00:00, run_after=2022-01-01 00:00:00+00:00
[2026-01-14T20:05:02.065+0530] {logging_mixin.py:188} INFO - [2026-01-14T20:05:02.065+0530] {dag.py:3947} INFO - Setting next_dagrun for example_subdag_operator.section-1 to None, run_after=None
[2026-01-14T20:05:02.066+0530] {logging_mixin.py:188} INFO - [2026-01-14T20:05:02.066+0530] {dag.py:3947} INFO - Setting next_dagrun for example_subdag_operator.section-2 to None, run_after=None
[2026-01-14T20:05:02.071+0530] {logging_mixin.py:188} INFO - [2026-01-14T20:05:02.071+0530] {dag.py:3089} INFO - Sync 2 DAGs
[2026-01-14T20:05:02.076+0530] {logging_mixin.py:188} INFO - [2026-01-14T20:05:02.075+0530] {dag.py:3947} INFO - Setting next_dagrun for example_subdag_operator.section-1 to None, run_after=None
[2026-01-14T20:05:02.076+0530] {logging_mixin.py:188} INFO - [2026-01-14T20:05:02.076+0530] {dag.py:3947} INFO - Setting next_dagrun for example_subdag_operator.section-2 to None, run_after=None
[2026-01-14T20:05:02.095+0530] {processor.py:183} INFO - Processing /home/sathya/projects/training-kit/.venv-airflow/lib/python3.10/site-packages/airflow/example_dags/example_subdag_operator.py took 0.118 seconds
