[2026-01-14T19:52:01.037+0530] {processor.py:161} INFO - Started process (PID=1638) to work on /home/sathya/projects/training-kit/.venv-airflow/lib/python3.10/site-packages/airflow/example_dags/example_dag_decorator.py
[2026-01-14T19:52:01.038+0530] {processor.py:830} INFO - Processing file /home/sathya/projects/training-kit/.venv-airflow/lib/python3.10/site-packages/airflow/example_dags/example_dag_decorator.py for tasks to queue
[2026-01-14T19:52:01.040+0530] {logging_mixin.py:188} INFO - [2026-01-14T19:52:01.040+0530] {dagbag.py:545} INFO - Filling up the DagBag from /home/sathya/projects/training-kit/.venv-airflow/lib/python3.10/site-packages/airflow/example_dags/example_dag_decorator.py
[2026-01-14T19:52:01.172+0530] {processor.py:840} INFO - DAG(s) 'example_dag_decorator' retrieved from /home/sathya/projects/training-kit/.venv-airflow/lib/python3.10/site-packages/airflow/example_dags/example_dag_decorator.py
[2026-01-14T19:52:01.322+0530] {logging_mixin.py:188} INFO - [2026-01-14T19:52:01.321+0530] {dag.py:3089} INFO - Sync 1 DAGs
[2026-01-14T19:52:01.345+0530] {logging_mixin.py:188} INFO - [2026-01-14T19:52:01.344+0530] {dag.py:3947} INFO - Setting next_dagrun for example_dag_decorator to None, run_after=None
[2026-01-14T19:52:01.378+0530] {processor.py:183} INFO - Processing /home/sathya/projects/training-kit/.venv-airflow/lib/python3.10/site-packages/airflow/example_dags/example_dag_decorator.py took 0.347 seconds
[2026-01-14T19:52:57.370+0530] {processor.py:161} INFO - Started process (PID=1822) to work on /home/sathya/projects/training-kit/.venv-airflow/lib/python3.10/site-packages/airflow/example_dags/example_dag_decorator.py
[2026-01-14T19:52:57.373+0530] {processor.py:830} INFO - Processing file /home/sathya/projects/training-kit/.venv-airflow/lib/python3.10/site-packages/airflow/example_dags/example_dag_decorator.py for tasks to queue
[2026-01-14T19:52:57.376+0530] {logging_mixin.py:188} INFO - [2026-01-14T19:52:57.375+0530] {dagbag.py:545} INFO - Filling up the DagBag from /home/sathya/projects/training-kit/.venv-airflow/lib/python3.10/site-packages/airflow/example_dags/example_dag_decorator.py
[2026-01-14T19:52:57.467+0530] {processor.py:840} INFO - DAG(s) 'example_dag_decorator' retrieved from /home/sathya/projects/training-kit/.venv-airflow/lib/python3.10/site-packages/airflow/example_dags/example_dag_decorator.py
[2026-01-14T19:52:57.632+0530] {logging_mixin.py:188} INFO - [2026-01-14T19:52:57.632+0530] {dag.py:3089} INFO - Sync 1 DAGs
[2026-01-14T19:52:57.647+0530] {logging_mixin.py:188} INFO - [2026-01-14T19:52:57.647+0530] {dag.py:3947} INFO - Setting next_dagrun for example_dag_decorator to None, run_after=None
[2026-01-14T19:52:57.854+0530] {processor.py:183} INFO - Processing /home/sathya/projects/training-kit/.venv-airflow/lib/python3.10/site-packages/airflow/example_dags/example_dag_decorator.py took 0.493 seconds
[2026-01-14T19:53:36.915+0530] {processor.py:161} INFO - Started process (PID=1967) to work on /home/sathya/projects/training-kit/.venv-airflow/lib/python3.10/site-packages/airflow/example_dags/example_dag_decorator.py
[2026-01-14T19:53:36.917+0530] {processor.py:830} INFO - Processing file /home/sathya/projects/training-kit/.venv-airflow/lib/python3.10/site-packages/airflow/example_dags/example_dag_decorator.py for tasks to queue
[2026-01-14T19:53:36.921+0530] {logging_mixin.py:188} INFO - [2026-01-14T19:53:36.920+0530] {dagbag.py:545} INFO - Filling up the DagBag from /home/sathya/projects/training-kit/.venv-airflow/lib/python3.10/site-packages/airflow/example_dags/example_dag_decorator.py
[2026-01-14T19:53:37.089+0530] {processor.py:840} INFO - DAG(s) 'example_dag_decorator' retrieved from /home/sathya/projects/training-kit/.venv-airflow/lib/python3.10/site-packages/airflow/example_dags/example_dag_decorator.py
[2026-01-14T19:53:37.208+0530] {logging_mixin.py:188} INFO - [2026-01-14T19:53:37.207+0530] {dag.py:3089} INFO - Sync 1 DAGs
[2026-01-14T19:53:37.221+0530] {logging_mixin.py:188} INFO - [2026-01-14T19:53:37.221+0530] {dag.py:3947} INFO - Setting next_dagrun for example_dag_decorator to None, run_after=None
[2026-01-14T19:53:37.269+0530] {processor.py:183} INFO - Processing /home/sathya/projects/training-kit/.venv-airflow/lib/python3.10/site-packages/airflow/example_dags/example_dag_decorator.py took 0.372 seconds
[2026-01-14T19:54:17.557+0530] {processor.py:161} INFO - Started process (PID=2108) to work on /home/sathya/projects/training-kit/.venv-airflow/lib/python3.10/site-packages/airflow/example_dags/example_dag_decorator.py
[2026-01-14T19:54:17.558+0530] {processor.py:830} INFO - Processing file /home/sathya/projects/training-kit/.venv-airflow/lib/python3.10/site-packages/airflow/example_dags/example_dag_decorator.py for tasks to queue
[2026-01-14T19:54:17.561+0530] {logging_mixin.py:188} INFO - [2026-01-14T19:54:17.561+0530] {dagbag.py:545} INFO - Filling up the DagBag from /home/sathya/projects/training-kit/.venv-airflow/lib/python3.10/site-packages/airflow/example_dags/example_dag_decorator.py
[2026-01-14T19:54:17.643+0530] {processor.py:840} INFO - DAG(s) 'example_dag_decorator' retrieved from /home/sathya/projects/training-kit/.venv-airflow/lib/python3.10/site-packages/airflow/example_dags/example_dag_decorator.py
[2026-01-14T19:54:17.840+0530] {logging_mixin.py:188} INFO - [2026-01-14T19:54:17.840+0530] {dag.py:3089} INFO - Sync 1 DAGs
[2026-01-14T19:54:17.849+0530] {logging_mixin.py:188} INFO - [2026-01-14T19:54:17.849+0530] {dag.py:3947} INFO - Setting next_dagrun for example_dag_decorator to None, run_after=None
[2026-01-14T19:54:17.879+0530] {processor.py:183} INFO - Processing /home/sathya/projects/training-kit/.venv-airflow/lib/python3.10/site-packages/airflow/example_dags/example_dag_decorator.py took 0.330 seconds
[2026-01-14T19:55:01.083+0530] {processor.py:161} INFO - Started process (PID=2269) to work on /home/sathya/projects/training-kit/.venv-airflow/lib/python3.10/site-packages/airflow/example_dags/example_dag_decorator.py
[2026-01-14T19:55:01.085+0530] {processor.py:830} INFO - Processing file /home/sathya/projects/training-kit/.venv-airflow/lib/python3.10/site-packages/airflow/example_dags/example_dag_decorator.py for tasks to queue
[2026-01-14T19:55:01.088+0530] {logging_mixin.py:188} INFO - [2026-01-14T19:55:01.087+0530] {dagbag.py:545} INFO - Filling up the DagBag from /home/sathya/projects/training-kit/.venv-airflow/lib/python3.10/site-packages/airflow/example_dags/example_dag_decorator.py
[2026-01-14T19:55:01.231+0530] {processor.py:840} INFO - DAG(s) 'example_dag_decorator' retrieved from /home/sathya/projects/training-kit/.venv-airflow/lib/python3.10/site-packages/airflow/example_dags/example_dag_decorator.py
[2026-01-14T19:55:01.373+0530] {logging_mixin.py:188} INFO - [2026-01-14T19:55:01.372+0530] {dag.py:3089} INFO - Sync 1 DAGs
[2026-01-14T19:55:01.586+0530] {logging_mixin.py:188} INFO - [2026-01-14T19:55:01.586+0530] {dag.py:3947} INFO - Setting next_dagrun for example_dag_decorator to None, run_after=None
[2026-01-14T19:55:01.618+0530] {processor.py:183} INFO - Processing /home/sathya/projects/training-kit/.venv-airflow/lib/python3.10/site-packages/airflow/example_dags/example_dag_decorator.py took 0.545 seconds
[2026-01-14T19:57:35.326+0530] {processor.py:161} INFO - Started process (PID=2555) to work on /home/sathya/projects/training-kit/.venv-airflow/lib/python3.10/site-packages/airflow/example_dags/example_dag_decorator.py
[2026-01-14T19:57:35.328+0530] {processor.py:830} INFO - Processing file /home/sathya/projects/training-kit/.venv-airflow/lib/python3.10/site-packages/airflow/example_dags/example_dag_decorator.py for tasks to queue
[2026-01-14T19:57:35.329+0530] {logging_mixin.py:188} INFO - [2026-01-14T19:57:35.329+0530] {dagbag.py:545} INFO - Filling up the DagBag from /home/sathya/projects/training-kit/.venv-airflow/lib/python3.10/site-packages/airflow/example_dags/example_dag_decorator.py
[2026-01-14T19:57:35.454+0530] {processor.py:840} INFO - DAG(s) 'example_dag_decorator' retrieved from /home/sathya/projects/training-kit/.venv-airflow/lib/python3.10/site-packages/airflow/example_dags/example_dag_decorator.py
[2026-01-14T19:57:35.573+0530] {logging_mixin.py:188} INFO - [2026-01-14T19:57:35.573+0530] {dag.py:3089} INFO - Sync 1 DAGs
[2026-01-14T19:57:35.587+0530] {logging_mixin.py:188} INFO - [2026-01-14T19:57:35.587+0530] {dag.py:3947} INFO - Setting next_dagrun for example_dag_decorator to None, run_after=None
[2026-01-14T19:57:35.621+0530] {processor.py:183} INFO - Processing /home/sathya/projects/training-kit/.venv-airflow/lib/python3.10/site-packages/airflow/example_dags/example_dag_decorator.py took 0.310 seconds
[2026-01-14T19:58:55.910+0530] {processor.py:161} INFO - Started process (PID=2687) to work on /home/sathya/projects/training-kit/.venv-airflow/lib/python3.10/site-packages/airflow/example_dags/example_dag_decorator.py
[2026-01-14T19:58:55.912+0530] {processor.py:830} INFO - Processing file /home/sathya/projects/training-kit/.venv-airflow/lib/python3.10/site-packages/airflow/example_dags/example_dag_decorator.py for tasks to queue
[2026-01-14T19:58:55.915+0530] {logging_mixin.py:188} INFO - [2026-01-14T19:58:55.915+0530] {dagbag.py:545} INFO - Filling up the DagBag from /home/sathya/projects/training-kit/.venv-airflow/lib/python3.10/site-packages/airflow/example_dags/example_dag_decorator.py
[2026-01-14T19:58:56.007+0530] {processor.py:840} INFO - DAG(s) 'example_dag_decorator' retrieved from /home/sathya/projects/training-kit/.venv-airflow/lib/python3.10/site-packages/airflow/example_dags/example_dag_decorator.py
[2026-01-14T19:58:56.173+0530] {logging_mixin.py:188} INFO - [2026-01-14T19:58:56.172+0530] {dag.py:3089} INFO - Sync 1 DAGs
[2026-01-14T19:58:56.355+0530] {logging_mixin.py:188} INFO - [2026-01-14T19:58:56.354+0530] {dag.py:3947} INFO - Setting next_dagrun for example_dag_decorator to None, run_after=None
[2026-01-14T19:58:56.386+0530] {processor.py:183} INFO - Processing /home/sathya/projects/training-kit/.venv-airflow/lib/python3.10/site-packages/airflow/example_dags/example_dag_decorator.py took 0.483 seconds
[2026-01-14T20:00:21.492+0530] {processor.py:161} INFO - Started process (PID=2826) to work on /home/sathya/projects/training-kit/.venv-airflow/lib/python3.10/site-packages/airflow/example_dags/example_dag_decorator.py
[2026-01-14T20:00:21.494+0530] {processor.py:830} INFO - Processing file /home/sathya/projects/training-kit/.venv-airflow/lib/python3.10/site-packages/airflow/example_dags/example_dag_decorator.py for tasks to queue
[2026-01-14T20:00:21.496+0530] {logging_mixin.py:188} INFO - [2026-01-14T20:00:21.496+0530] {dagbag.py:545} INFO - Filling up the DagBag from /home/sathya/projects/training-kit/.venv-airflow/lib/python3.10/site-packages/airflow/example_dags/example_dag_decorator.py
[2026-01-14T20:00:21.627+0530] {processor.py:840} INFO - DAG(s) 'example_dag_decorator' retrieved from /home/sathya/projects/training-kit/.venv-airflow/lib/python3.10/site-packages/airflow/example_dags/example_dag_decorator.py
[2026-01-14T20:00:22.029+0530] {logging_mixin.py:188} INFO - [2026-01-14T20:00:22.028+0530] {dag.py:3089} INFO - Sync 1 DAGs
[2026-01-14T20:00:22.043+0530] {logging_mixin.py:188} INFO - [2026-01-14T20:00:22.042+0530] {dag.py:3947} INFO - Setting next_dagrun for example_dag_decorator to None, run_after=None
[2026-01-14T20:00:22.070+0530] {processor.py:183} INFO - Processing /home/sathya/projects/training-kit/.venv-airflow/lib/python3.10/site-packages/airflow/example_dags/example_dag_decorator.py took 0.591 seconds
[2026-01-14T20:04:56.951+0530] {processor.py:161} INFO - Started process (PID=3142) to work on /home/sathya/projects/training-kit/.venv-airflow/lib/python3.10/site-packages/airflow/example_dags/example_dag_decorator.py
[2026-01-14T20:04:56.953+0530] {processor.py:830} INFO - Processing file /home/sathya/projects/training-kit/.venv-airflow/lib/python3.10/site-packages/airflow/example_dags/example_dag_decorator.py for tasks to queue
[2026-01-14T20:04:56.955+0530] {logging_mixin.py:188} INFO - [2026-01-14T20:04:56.955+0530] {dagbag.py:545} INFO - Filling up the DagBag from /home/sathya/projects/training-kit/.venv-airflow/lib/python3.10/site-packages/airflow/example_dags/example_dag_decorator.py
[2026-01-14T20:04:57.093+0530] {processor.py:840} INFO - DAG(s) 'example_dag_decorator' retrieved from /home/sathya/projects/training-kit/.venv-airflow/lib/python3.10/site-packages/airflow/example_dags/example_dag_decorator.py
[2026-01-14T20:04:57.216+0530] {logging_mixin.py:188} INFO - [2026-01-14T20:04:57.216+0530] {dag.py:3089} INFO - Sync 1 DAGs
[2026-01-14T20:04:57.226+0530] {logging_mixin.py:188} INFO - [2026-01-14T20:04:57.226+0530] {dag.py:3947} INFO - Setting next_dagrun for example_dag_decorator to None, run_after=None
[2026-01-14T20:04:57.256+0530] {processor.py:183} INFO - Processing /home/sathya/projects/training-kit/.venv-airflow/lib/python3.10/site-packages/airflow/example_dags/example_dag_decorator.py took 0.320 seconds
