[2026-01-14T19:51:24.357+0530] {processor.py:161} INFO - Started process (PID=1549) to work on /home/sathya/projects/training-kit/.venv-airflow/lib/python3.10/site-packages/airflow/example_dags/tutorial_taskflow_api.py
[2026-01-14T19:51:24.358+0530] {processor.py:830} INFO - Processing file /home/sathya/projects/training-kit/.venv-airflow/lib/python3.10/site-packages/airflow/example_dags/tutorial_taskflow_api.py for tasks to queue
[2026-01-14T19:51:24.366+0530] {logging_mixin.py:188} INFO - [2026-01-14T19:51:24.362+0530] {dagbag.py:545} INFO - Filling up the DagBag from /home/sathya/projects/training-kit/.venv-airflow/lib/python3.10/site-packages/airflow/example_dags/tutorial_taskflow_api.py
[2026-01-14T19:51:24.380+0530] {processor.py:840} INFO - DAG(s) 'tutorial_taskflow_api' retrieved from /home/sathya/projects/training-kit/.venv-airflow/lib/python3.10/site-packages/airflow/example_dags/tutorial_taskflow_api.py
[2026-01-14T19:51:24.572+0530] {logging_mixin.py:188} INFO - [2026-01-14T19:51:24.572+0530] {dag.py:3089} INFO - Sync 1 DAGs
[2026-01-14T19:51:24.588+0530] {logging_mixin.py:188} INFO - [2026-01-14T19:51:24.588+0530] {dag.py:3947} INFO - Setting next_dagrun for tutorial_taskflow_api to None, run_after=None
[2026-01-14T19:51:24.639+0530] {processor.py:183} INFO - Processing /home/sathya/projects/training-kit/.venv-airflow/lib/python3.10/site-packages/airflow/example_dags/tutorial_taskflow_api.py took 0.302 seconds
[2026-01-14T19:52:24.896+0530] {processor.py:161} INFO - Started process (PID=1702) to work on /home/sathya/projects/training-kit/.venv-airflow/lib/python3.10/site-packages/airflow/example_dags/tutorial_taskflow_api.py
[2026-01-14T19:52:24.897+0530] {processor.py:830} INFO - Processing file /home/sathya/projects/training-kit/.venv-airflow/lib/python3.10/site-packages/airflow/example_dags/tutorial_taskflow_api.py for tasks to queue
[2026-01-14T19:52:24.900+0530] {logging_mixin.py:188} INFO - [2026-01-14T19:52:24.899+0530] {dagbag.py:545} INFO - Filling up the DagBag from /home/sathya/projects/training-kit/.venv-airflow/lib/python3.10/site-packages/airflow/example_dags/tutorial_taskflow_api.py
[2026-01-14T19:52:24.909+0530] {processor.py:840} INFO - DAG(s) 'tutorial_taskflow_api' retrieved from /home/sathya/projects/training-kit/.venv-airflow/lib/python3.10/site-packages/airflow/example_dags/tutorial_taskflow_api.py
[2026-01-14T19:52:24.929+0530] {logging_mixin.py:188} INFO - [2026-01-14T19:52:24.928+0530] {dag.py:3089} INFO - Sync 1 DAGs
[2026-01-14T19:52:24.940+0530] {logging_mixin.py:188} INFO - [2026-01-14T19:52:24.940+0530] {dag.py:3947} INFO - Setting next_dagrun for tutorial_taskflow_api to None, run_after=None
[2026-01-14T19:52:24.970+0530] {processor.py:183} INFO - Processing /home/sathya/projects/training-kit/.venv-airflow/lib/python3.10/site-packages/airflow/example_dags/tutorial_taskflow_api.py took 0.082 seconds
[2026-01-14T19:53:01.623+0530] {processor.py:161} INFO - Started process (PID=1842) to work on /home/sathya/projects/training-kit/.venv-airflow/lib/python3.10/site-packages/airflow/example_dags/tutorial_taskflow_api.py
[2026-01-14T19:53:01.626+0530] {processor.py:830} INFO - Processing file /home/sathya/projects/training-kit/.venv-airflow/lib/python3.10/site-packages/airflow/example_dags/tutorial_taskflow_api.py for tasks to queue
[2026-01-14T19:53:01.630+0530] {logging_mixin.py:188} INFO - [2026-01-14T19:53:01.629+0530] {dagbag.py:545} INFO - Filling up the DagBag from /home/sathya/projects/training-kit/.venv-airflow/lib/python3.10/site-packages/airflow/example_dags/tutorial_taskflow_api.py
[2026-01-14T19:53:01.645+0530] {processor.py:840} INFO - DAG(s) 'tutorial_taskflow_api' retrieved from /home/sathya/projects/training-kit/.venv-airflow/lib/python3.10/site-packages/airflow/example_dags/tutorial_taskflow_api.py
[2026-01-14T19:53:01.667+0530] {logging_mixin.py:188} INFO - [2026-01-14T19:53:01.667+0530] {dag.py:3089} INFO - Sync 1 DAGs
[2026-01-14T19:53:01.683+0530] {logging_mixin.py:188} INFO - [2026-01-14T19:53:01.683+0530] {dag.py:3947} INFO - Setting next_dagrun for tutorial_taskflow_api to None, run_after=None
[2026-01-14T19:53:01.715+0530] {processor.py:183} INFO - Processing /home/sathya/projects/training-kit/.venv-airflow/lib/python3.10/site-packages/airflow/example_dags/tutorial_taskflow_api.py took 0.111 seconds
[2026-01-14T19:53:19.309+0530] {processor.py:161} INFO - Started process (PID=1905) to work on /home/sathya/projects/training-kit/.venv-airflow/lib/python3.10/site-packages/airflow/example_dags/tutorial_taskflow_api.py
[2026-01-14T19:53:19.311+0530] {processor.py:830} INFO - Processing file /home/sathya/projects/training-kit/.venv-airflow/lib/python3.10/site-packages/airflow/example_dags/tutorial_taskflow_api.py for tasks to queue
[2026-01-14T19:53:19.313+0530] {logging_mixin.py:188} INFO - [2026-01-14T19:53:19.312+0530] {dagbag.py:545} INFO - Filling up the DagBag from /home/sathya/projects/training-kit/.venv-airflow/lib/python3.10/site-packages/airflow/example_dags/tutorial_taskflow_api.py
[2026-01-14T19:53:19.326+0530] {processor.py:840} INFO - DAG(s) 'tutorial_taskflow_api' retrieved from /home/sathya/projects/training-kit/.venv-airflow/lib/python3.10/site-packages/airflow/example_dags/tutorial_taskflow_api.py
[2026-01-14T19:53:19.364+0530] {logging_mixin.py:188} INFO - [2026-01-14T19:53:19.364+0530] {dag.py:3089} INFO - Sync 1 DAGs
[2026-01-14T19:53:19.388+0530] {logging_mixin.py:188} INFO - [2026-01-14T19:53:19.386+0530] {dag.py:3947} INFO - Setting next_dagrun for tutorial_taskflow_api to None, run_after=None
[2026-01-14T19:53:19.435+0530] {processor.py:183} INFO - Processing /home/sathya/projects/training-kit/.venv-airflow/lib/python3.10/site-packages/airflow/example_dags/tutorial_taskflow_api.py took 0.135 seconds
[2026-01-14T19:54:00.403+0530] {processor.py:161} INFO - Started process (PID=2054) to work on /home/sathya/projects/training-kit/.venv-airflow/lib/python3.10/site-packages/airflow/example_dags/tutorial_taskflow_api.py
[2026-01-14T19:54:00.405+0530] {processor.py:830} INFO - Processing file /home/sathya/projects/training-kit/.venv-airflow/lib/python3.10/site-packages/airflow/example_dags/tutorial_taskflow_api.py for tasks to queue
[2026-01-14T19:54:00.407+0530] {logging_mixin.py:188} INFO - [2026-01-14T19:54:00.407+0530] {dagbag.py:545} INFO - Filling up the DagBag from /home/sathya/projects/training-kit/.venv-airflow/lib/python3.10/site-packages/airflow/example_dags/tutorial_taskflow_api.py
[2026-01-14T19:54:00.426+0530] {processor.py:840} INFO - DAG(s) 'tutorial_taskflow_api' retrieved from /home/sathya/projects/training-kit/.venv-airflow/lib/python3.10/site-packages/airflow/example_dags/tutorial_taskflow_api.py
[2026-01-14T19:54:00.464+0530] {logging_mixin.py:188} INFO - [2026-01-14T19:54:00.463+0530] {dag.py:3089} INFO - Sync 1 DAGs
[2026-01-14T19:54:00.482+0530] {logging_mixin.py:188} INFO - [2026-01-14T19:54:00.481+0530] {dag.py:3947} INFO - Setting next_dagrun for tutorial_taskflow_api to None, run_after=None
[2026-01-14T19:54:00.522+0530] {processor.py:183} INFO - Processing /home/sathya/projects/training-kit/.venv-airflow/lib/python3.10/site-packages/airflow/example_dags/tutorial_taskflow_api.py took 0.125 seconds
[2026-01-14T19:54:12.698+0530] {processor.py:161} INFO - Started process (PID=2093) to work on /home/sathya/projects/training-kit/.venv-airflow/lib/python3.10/site-packages/airflow/example_dags/tutorial_taskflow_api.py
[2026-01-14T19:54:12.701+0530] {processor.py:830} INFO - Processing file /home/sathya/projects/training-kit/.venv-airflow/lib/python3.10/site-packages/airflow/example_dags/tutorial_taskflow_api.py for tasks to queue
[2026-01-14T19:54:12.703+0530] {logging_mixin.py:188} INFO - [2026-01-14T19:54:12.702+0530] {dagbag.py:545} INFO - Filling up the DagBag from /home/sathya/projects/training-kit/.venv-airflow/lib/python3.10/site-packages/airflow/example_dags/tutorial_taskflow_api.py
[2026-01-14T19:54:12.717+0530] {processor.py:840} INFO - DAG(s) 'tutorial_taskflow_api' retrieved from /home/sathya/projects/training-kit/.venv-airflow/lib/python3.10/site-packages/airflow/example_dags/tutorial_taskflow_api.py
[2026-01-14T19:54:12.747+0530] {logging_mixin.py:188} INFO - [2026-01-14T19:54:12.747+0530] {dag.py:3089} INFO - Sync 1 DAGs
[2026-01-14T19:54:12.766+0530] {logging_mixin.py:188} INFO - [2026-01-14T19:54:12.766+0530] {dag.py:3947} INFO - Setting next_dagrun for tutorial_taskflow_api to None, run_after=None
[2026-01-14T19:54:12.803+0530] {processor.py:183} INFO - Processing /home/sathya/projects/training-kit/.venv-airflow/lib/python3.10/site-packages/airflow/example_dags/tutorial_taskflow_api.py took 0.115 seconds
[2026-01-14T19:54:56.500+0530] {processor.py:161} INFO - Started process (PID=2255) to work on /home/sathya/projects/training-kit/.venv-airflow/lib/python3.10/site-packages/airflow/example_dags/tutorial_taskflow_api.py
[2026-01-14T19:54:56.503+0530] {processor.py:830} INFO - Processing file /home/sathya/projects/training-kit/.venv-airflow/lib/python3.10/site-packages/airflow/example_dags/tutorial_taskflow_api.py for tasks to queue
[2026-01-14T19:54:56.507+0530] {logging_mixin.py:188} INFO - [2026-01-14T19:54:56.505+0530] {dagbag.py:545} INFO - Filling up the DagBag from /home/sathya/projects/training-kit/.venv-airflow/lib/python3.10/site-packages/airflow/example_dags/tutorial_taskflow_api.py
[2026-01-14T19:54:56.522+0530] {processor.py:840} INFO - DAG(s) 'tutorial_taskflow_api' retrieved from /home/sathya/projects/training-kit/.venv-airflow/lib/python3.10/site-packages/airflow/example_dags/tutorial_taskflow_api.py
[2026-01-14T19:54:56.551+0530] {logging_mixin.py:188} INFO - [2026-01-14T19:54:56.550+0530] {dag.py:3089} INFO - Sync 1 DAGs
[2026-01-14T19:54:56.578+0530] {logging_mixin.py:188} INFO - [2026-01-14T19:54:56.577+0530] {dag.py:3947} INFO - Setting next_dagrun for tutorial_taskflow_api to None, run_after=None
[2026-01-14T19:54:56.631+0530] {processor.py:183} INFO - Processing /home/sathya/projects/training-kit/.venv-airflow/lib/python3.10/site-packages/airflow/example_dags/tutorial_taskflow_api.py took 0.149 seconds
[2026-01-14T19:55:06.670+0530] {processor.py:161} INFO - Started process (PID=2290) to work on /home/sathya/projects/training-kit/.venv-airflow/lib/python3.10/site-packages/airflow/example_dags/tutorial_taskflow_api.py
[2026-01-14T19:55:06.671+0530] {processor.py:830} INFO - Processing file /home/sathya/projects/training-kit/.venv-airflow/lib/python3.10/site-packages/airflow/example_dags/tutorial_taskflow_api.py for tasks to queue
[2026-01-14T19:55:06.673+0530] {logging_mixin.py:188} INFO - [2026-01-14T19:55:06.673+0530] {dagbag.py:545} INFO - Filling up the DagBag from /home/sathya/projects/training-kit/.venv-airflow/lib/python3.10/site-packages/airflow/example_dags/tutorial_taskflow_api.py
[2026-01-14T19:55:06.681+0530] {processor.py:840} INFO - DAG(s) 'tutorial_taskflow_api' retrieved from /home/sathya/projects/training-kit/.venv-airflow/lib/python3.10/site-packages/airflow/example_dags/tutorial_taskflow_api.py
[2026-01-14T19:55:06.702+0530] {logging_mixin.py:188} INFO - [2026-01-14T19:55:06.701+0530] {dag.py:3089} INFO - Sync 1 DAGs
[2026-01-14T19:55:06.723+0530] {logging_mixin.py:188} INFO - [2026-01-14T19:55:06.723+0530] {dag.py:3947} INFO - Setting next_dagrun for tutorial_taskflow_api to None, run_after=None
[2026-01-14T19:55:06.756+0530] {processor.py:183} INFO - Processing /home/sathya/projects/training-kit/.venv-airflow/lib/python3.10/site-packages/airflow/example_dags/tutorial_taskflow_api.py took 0.099 seconds
[2026-01-14T19:57:01.096+0530] {processor.py:161} INFO - Started process (PID=2504) to work on /home/sathya/projects/training-kit/.venv-airflow/lib/python3.10/site-packages/airflow/example_dags/tutorial_taskflow_api.py
[2026-01-14T19:57:01.098+0530] {processor.py:830} INFO - Processing file /home/sathya/projects/training-kit/.venv-airflow/lib/python3.10/site-packages/airflow/example_dags/tutorial_taskflow_api.py for tasks to queue
[2026-01-14T19:57:01.100+0530] {logging_mixin.py:188} INFO - [2026-01-14T19:57:01.100+0530] {dagbag.py:545} INFO - Filling up the DagBag from /home/sathya/projects/training-kit/.venv-airflow/lib/python3.10/site-packages/airflow/example_dags/tutorial_taskflow_api.py
[2026-01-14T19:57:01.114+0530] {processor.py:840} INFO - DAG(s) 'tutorial_taskflow_api' retrieved from /home/sathya/projects/training-kit/.venv-airflow/lib/python3.10/site-packages/airflow/example_dags/tutorial_taskflow_api.py
[2026-01-14T19:57:01.144+0530] {logging_mixin.py:188} INFO - [2026-01-14T19:57:01.143+0530] {dag.py:3089} INFO - Sync 1 DAGs
[2026-01-14T19:57:01.163+0530] {logging_mixin.py:188} INFO - [2026-01-14T19:57:01.163+0530] {dag.py:3947} INFO - Setting next_dagrun for tutorial_taskflow_api to None, run_after=None
[2026-01-14T19:57:01.211+0530] {processor.py:183} INFO - Processing /home/sathya/projects/training-kit/.venv-airflow/lib/python3.10/site-packages/airflow/example_dags/tutorial_taskflow_api.py took 0.125 seconds
[2026-01-14T19:57:58.585+0530] {processor.py:161} INFO - Started process (PID=2594) to work on /home/sathya/projects/training-kit/.venv-airflow/lib/python3.10/site-packages/airflow/example_dags/tutorial_taskflow_api.py
[2026-01-14T19:57:58.587+0530] {processor.py:830} INFO - Processing file /home/sathya/projects/training-kit/.venv-airflow/lib/python3.10/site-packages/airflow/example_dags/tutorial_taskflow_api.py for tasks to queue
[2026-01-14T19:57:58.598+0530] {logging_mixin.py:188} INFO - [2026-01-14T19:57:58.597+0530] {dagbag.py:545} INFO - Filling up the DagBag from /home/sathya/projects/training-kit/.venv-airflow/lib/python3.10/site-packages/airflow/example_dags/tutorial_taskflow_api.py
[2026-01-14T19:57:58.606+0530] {processor.py:840} INFO - DAG(s) 'tutorial_taskflow_api' retrieved from /home/sathya/projects/training-kit/.venv-airflow/lib/python3.10/site-packages/airflow/example_dags/tutorial_taskflow_api.py
[2026-01-14T19:57:58.645+0530] {logging_mixin.py:188} INFO - [2026-01-14T19:57:58.644+0530] {dag.py:3089} INFO - Sync 1 DAGs
[2026-01-14T19:57:58.670+0530] {logging_mixin.py:188} INFO - [2026-01-14T19:57:58.669+0530] {dag.py:3947} INFO - Setting next_dagrun for tutorial_taskflow_api to None, run_after=None
[2026-01-14T19:57:58.712+0530] {processor.py:183} INFO - Processing /home/sathya/projects/training-kit/.venv-airflow/lib/python3.10/site-packages/airflow/example_dags/tutorial_taskflow_api.py took 0.157 seconds
[2026-01-14T19:58:51.841+0530] {processor.py:161} INFO - Started process (PID=2681) to work on /home/sathya/projects/training-kit/.venv-airflow/lib/python3.10/site-packages/airflow/example_dags/tutorial_taskflow_api.py
[2026-01-14T19:58:51.842+0530] {processor.py:830} INFO - Processing file /home/sathya/projects/training-kit/.venv-airflow/lib/python3.10/site-packages/airflow/example_dags/tutorial_taskflow_api.py for tasks to queue
[2026-01-14T19:58:51.844+0530] {logging_mixin.py:188} INFO - [2026-01-14T19:58:51.844+0530] {dagbag.py:545} INFO - Filling up the DagBag from /home/sathya/projects/training-kit/.venv-airflow/lib/python3.10/site-packages/airflow/example_dags/tutorial_taskflow_api.py
[2026-01-14T19:58:51.856+0530] {processor.py:840} INFO - DAG(s) 'tutorial_taskflow_api' retrieved from /home/sathya/projects/training-kit/.venv-airflow/lib/python3.10/site-packages/airflow/example_dags/tutorial_taskflow_api.py
[2026-01-14T19:58:51.879+0530] {logging_mixin.py:188} INFO - [2026-01-14T19:58:51.879+0530] {dag.py:3089} INFO - Sync 1 DAGs
[2026-01-14T19:58:51.891+0530] {logging_mixin.py:188} INFO - [2026-01-14T19:58:51.891+0530] {dag.py:3947} INFO - Setting next_dagrun for tutorial_taskflow_api to None, run_after=None
[2026-01-14T19:58:51.930+0530] {processor.py:183} INFO - Processing /home/sathya/projects/training-kit/.venv-airflow/lib/python3.10/site-packages/airflow/example_dags/tutorial_taskflow_api.py took 0.099 seconds
[2026-01-14T19:59:47.714+0530] {processor.py:161} INFO - Started process (PID=2777) to work on /home/sathya/projects/training-kit/.venv-airflow/lib/python3.10/site-packages/airflow/example_dags/tutorial_taskflow_api.py
[2026-01-14T19:59:47.716+0530] {processor.py:830} INFO - Processing file /home/sathya/projects/training-kit/.venv-airflow/lib/python3.10/site-packages/airflow/example_dags/tutorial_taskflow_api.py for tasks to queue
[2026-01-14T19:59:47.725+0530] {logging_mixin.py:188} INFO - [2026-01-14T19:59:47.724+0530] {dagbag.py:545} INFO - Filling up the DagBag from /home/sathya/projects/training-kit/.venv-airflow/lib/python3.10/site-packages/airflow/example_dags/tutorial_taskflow_api.py
[2026-01-14T19:59:47.738+0530] {processor.py:840} INFO - DAG(s) 'tutorial_taskflow_api' retrieved from /home/sathya/projects/training-kit/.venv-airflow/lib/python3.10/site-packages/airflow/example_dags/tutorial_taskflow_api.py
[2026-01-14T19:59:47.766+0530] {logging_mixin.py:188} INFO - [2026-01-14T19:59:47.765+0530] {dag.py:3089} INFO - Sync 1 DAGs
[2026-01-14T19:59:47.786+0530] {logging_mixin.py:188} INFO - [2026-01-14T19:59:47.785+0530] {dag.py:3947} INFO - Setting next_dagrun for tutorial_taskflow_api to None, run_after=None
[2026-01-14T19:59:47.841+0530] {processor.py:183} INFO - Processing /home/sathya/projects/training-kit/.venv-airflow/lib/python3.10/site-packages/airflow/example_dags/tutorial_taskflow_api.py took 0.132 seconds
[2026-01-14T20:00:44.051+0530] {processor.py:161} INFO - Started process (PID=2867) to work on /home/sathya/projects/training-kit/.venv-airflow/lib/python3.10/site-packages/airflow/example_dags/tutorial_taskflow_api.py
[2026-01-14T20:00:44.053+0530] {processor.py:830} INFO - Processing file /home/sathya/projects/training-kit/.venv-airflow/lib/python3.10/site-packages/airflow/example_dags/tutorial_taskflow_api.py for tasks to queue
[2026-01-14T20:00:44.057+0530] {logging_mixin.py:188} INFO - [2026-01-14T20:00:44.055+0530] {dagbag.py:545} INFO - Filling up the DagBag from /home/sathya/projects/training-kit/.venv-airflow/lib/python3.10/site-packages/airflow/example_dags/tutorial_taskflow_api.py
[2026-01-14T20:00:44.067+0530] {processor.py:840} INFO - DAG(s) 'tutorial_taskflow_api' retrieved from /home/sathya/projects/training-kit/.venv-airflow/lib/python3.10/site-packages/airflow/example_dags/tutorial_taskflow_api.py
[2026-01-14T20:00:44.127+0530] {logging_mixin.py:188} INFO - [2026-01-14T20:00:44.126+0530] {dag.py:3089} INFO - Sync 1 DAGs
[2026-01-14T20:00:44.148+0530] {logging_mixin.py:188} INFO - [2026-01-14T20:00:44.148+0530] {dag.py:3947} INFO - Setting next_dagrun for tutorial_taskflow_api to None, run_after=None
[2026-01-14T20:00:44.192+0530] {processor.py:183} INFO - Processing /home/sathya/projects/training-kit/.venv-airflow/lib/python3.10/site-packages/airflow/example_dags/tutorial_taskflow_api.py took 0.147 seconds
[2026-01-14T20:04:20.038+0530] {processor.py:161} INFO - Started process (PID=3086) to work on /home/sathya/projects/training-kit/.venv-airflow/lib/python3.10/site-packages/airflow/example_dags/tutorial_taskflow_api.py
[2026-01-14T20:04:20.039+0530] {processor.py:830} INFO - Processing file /home/sathya/projects/training-kit/.venv-airflow/lib/python3.10/site-packages/airflow/example_dags/tutorial_taskflow_api.py for tasks to queue
[2026-01-14T20:04:20.041+0530] {logging_mixin.py:188} INFO - [2026-01-14T20:04:20.041+0530] {dagbag.py:545} INFO - Filling up the DagBag from /home/sathya/projects/training-kit/.venv-airflow/lib/python3.10/site-packages/airflow/example_dags/tutorial_taskflow_api.py
[2026-01-14T20:04:20.048+0530] {processor.py:840} INFO - DAG(s) 'tutorial_taskflow_api' retrieved from /home/sathya/projects/training-kit/.venv-airflow/lib/python3.10/site-packages/airflow/example_dags/tutorial_taskflow_api.py
[2026-01-14T20:04:20.136+0530] {logging_mixin.py:188} INFO - [2026-01-14T20:04:20.136+0530] {dag.py:3089} INFO - Sync 1 DAGs
[2026-01-14T20:04:20.144+0530] {logging_mixin.py:188} INFO - [2026-01-14T20:04:20.144+0530] {dag.py:3947} INFO - Setting next_dagrun for tutorial_taskflow_api to None, run_after=None
[2026-01-14T20:04:20.169+0530] {processor.py:183} INFO - Processing /home/sathya/projects/training-kit/.venv-airflow/lib/python3.10/site-packages/airflow/example_dags/tutorial_taskflow_api.py took 0.136 seconds
[2026-01-14T20:05:26.755+0530] {processor.py:161} INFO - Started process (PID=3201) to work on /home/sathya/projects/training-kit/.venv-airflow/lib/python3.10/site-packages/airflow/example_dags/tutorial_taskflow_api.py
[2026-01-14T20:05:26.765+0530] {processor.py:830} INFO - Processing file /home/sathya/projects/training-kit/.venv-airflow/lib/python3.10/site-packages/airflow/example_dags/tutorial_taskflow_api.py for tasks to queue
[2026-01-14T20:05:26.767+0530] {logging_mixin.py:188} INFO - [2026-01-14T20:05:26.767+0530] {dagbag.py:545} INFO - Filling up the DagBag from /home/sathya/projects/training-kit/.venv-airflow/lib/python3.10/site-packages/airflow/example_dags/tutorial_taskflow_api.py
[2026-01-14T20:05:26.778+0530] {processor.py:840} INFO - DAG(s) 'tutorial_taskflow_api' retrieved from /home/sathya/projects/training-kit/.venv-airflow/lib/python3.10/site-packages/airflow/example_dags/tutorial_taskflow_api.py
[2026-01-14T20:05:26.808+0530] {logging_mixin.py:188} INFO - [2026-01-14T20:05:26.807+0530] {dag.py:3089} INFO - Sync 1 DAGs
[2026-01-14T20:05:26.825+0530] {logging_mixin.py:188} INFO - [2026-01-14T20:05:26.825+0530] {dag.py:3947} INFO - Setting next_dagrun for tutorial_taskflow_api to None, run_after=None
[2026-01-14T20:05:26.867+0530] {processor.py:183} INFO - Processing /home/sathya/projects/training-kit/.venv-airflow/lib/python3.10/site-packages/airflow/example_dags/tutorial_taskflow_api.py took 0.125 seconds
