[2026-01-14T19:51:20.236+0530] {processor.py:161} INFO - Started process (PID=1538) to work on /home/sathya/projects/training-kit/.venv-airflow/lib/python3.10/site-packages/airflow/example_dags/tutorial_dag.py
[2026-01-14T19:51:20.237+0530] {processor.py:830} INFO - Processing file /home/sathya/projects/training-kit/.venv-airflow/lib/python3.10/site-packages/airflow/example_dags/tutorial_dag.py for tasks to queue
[2026-01-14T19:51:20.240+0530] {logging_mixin.py:188} INFO - [2026-01-14T19:51:20.239+0530] {dagbag.py:545} INFO - Filling up the DagBag from /home/sathya/projects/training-kit/.venv-airflow/lib/python3.10/site-packages/airflow/example_dags/tutorial_dag.py
[2026-01-14T19:51:20.253+0530] {processor.py:840} INFO - DAG(s) 'tutorial_dag' retrieved from /home/sathya/projects/training-kit/.venv-airflow/lib/python3.10/site-packages/airflow/example_dags/tutorial_dag.py
[2026-01-14T19:51:20.369+0530] {logging_mixin.py:188} INFO - [2026-01-14T19:51:20.369+0530] {dag.py:3089} INFO - Sync 1 DAGs
[2026-01-14T19:51:20.382+0530] {logging_mixin.py:188} INFO - [2026-01-14T19:51:20.382+0530] {dag.py:3947} INFO - Setting next_dagrun for tutorial_dag to None, run_after=None
[2026-01-14T19:51:20.422+0530] {processor.py:183} INFO - Processing /home/sathya/projects/training-kit/.venv-airflow/lib/python3.10/site-packages/airflow/example_dags/tutorial_dag.py took 0.200 seconds
[2026-01-14T19:52:21.676+0530] {processor.py:161} INFO - Started process (PID=1693) to work on /home/sathya/projects/training-kit/.venv-airflow/lib/python3.10/site-packages/airflow/example_dags/tutorial_dag.py
[2026-01-14T19:52:21.677+0530] {processor.py:830} INFO - Processing file /home/sathya/projects/training-kit/.venv-airflow/lib/python3.10/site-packages/airflow/example_dags/tutorial_dag.py for tasks to queue
[2026-01-14T19:52:21.680+0530] {logging_mixin.py:188} INFO - [2026-01-14T19:52:21.679+0530] {dagbag.py:545} INFO - Filling up the DagBag from /home/sathya/projects/training-kit/.venv-airflow/lib/python3.10/site-packages/airflow/example_dags/tutorial_dag.py
[2026-01-14T19:52:21.690+0530] {processor.py:840} INFO - DAG(s) 'tutorial_dag' retrieved from /home/sathya/projects/training-kit/.venv-airflow/lib/python3.10/site-packages/airflow/example_dags/tutorial_dag.py
[2026-01-14T19:52:21.722+0530] {logging_mixin.py:188} INFO - [2026-01-14T19:52:21.722+0530] {dag.py:3089} INFO - Sync 1 DAGs
[2026-01-14T19:52:21.739+0530] {logging_mixin.py:188} INFO - [2026-01-14T19:52:21.739+0530] {dag.py:3947} INFO - Setting next_dagrun for tutorial_dag to None, run_after=None
[2026-01-14T19:52:21.788+0530] {processor.py:183} INFO - Processing /home/sathya/projects/training-kit/.venv-airflow/lib/python3.10/site-packages/airflow/example_dags/tutorial_dag.py took 0.121 seconds
[2026-01-14T19:53:10.433+0530] {processor.py:161} INFO - Started process (PID=1825) to work on /home/sathya/projects/training-kit/.venv-airflow/lib/python3.10/site-packages/airflow/example_dags/tutorial_dag.py
[2026-01-14T19:53:10.435+0530] {processor.py:830} INFO - Processing file /home/sathya/projects/training-kit/.venv-airflow/lib/python3.10/site-packages/airflow/example_dags/tutorial_dag.py for tasks to queue
[2026-01-14T19:53:10.437+0530] {logging_mixin.py:188} INFO - [2026-01-14T19:53:10.436+0530] {dagbag.py:545} INFO - Filling up the DagBag from /home/sathya/projects/training-kit/.venv-airflow/lib/python3.10/site-packages/airflow/example_dags/tutorial_dag.py
[2026-01-14T19:53:10.441+0530] {processor.py:840} INFO - DAG(s) 'tutorial_dag' retrieved from /home/sathya/projects/training-kit/.venv-airflow/lib/python3.10/site-packages/airflow/example_dags/tutorial_dag.py
[2026-01-14T19:53:10.461+0530] {logging_mixin.py:188} INFO - [2026-01-14T19:53:10.460+0530] {dag.py:3089} INFO - Sync 1 DAGs
[2026-01-14T19:52:58.824+0530] {logging_mixin.py:188} INFO - [2026-01-14T19:52:58.824+0530] {dag.py:3947} INFO - Setting next_dagrun for tutorial_dag to None, run_after=None
[2026-01-14T19:52:58.871+0530] {processor.py:183} INFO - Processing /home/sathya/projects/training-kit/.venv-airflow/lib/python3.10/site-packages/airflow/example_dags/tutorial_dag.py took 0.100 seconds
[2026-01-14T19:53:16.325+0530] {processor.py:161} INFO - Started process (PID=1888) to work on /home/sathya/projects/training-kit/.venv-airflow/lib/python3.10/site-packages/airflow/example_dags/tutorial_dag.py
[2026-01-14T19:53:16.327+0530] {processor.py:830} INFO - Processing file /home/sathya/projects/training-kit/.venv-airflow/lib/python3.10/site-packages/airflow/example_dags/tutorial_dag.py for tasks to queue
[2026-01-14T19:53:16.328+0530] {logging_mixin.py:188} INFO - [2026-01-14T19:53:16.328+0530] {dagbag.py:545} INFO - Filling up the DagBag from /home/sathya/projects/training-kit/.venv-airflow/lib/python3.10/site-packages/airflow/example_dags/tutorial_dag.py
[2026-01-14T19:53:16.349+0530] {processor.py:840} INFO - DAG(s) 'tutorial_dag' retrieved from /home/sathya/projects/training-kit/.venv-airflow/lib/python3.10/site-packages/airflow/example_dags/tutorial_dag.py
[2026-01-14T19:53:16.372+0530] {logging_mixin.py:188} INFO - [2026-01-14T19:53:16.371+0530] {dag.py:3089} INFO - Sync 1 DAGs
[2026-01-14T19:53:16.382+0530] {logging_mixin.py:188} INFO - [2026-01-14T19:53:16.382+0530] {dag.py:3947} INFO - Setting next_dagrun for tutorial_dag to None, run_after=None
[2026-01-14T19:53:16.405+0530] {processor.py:183} INFO - Processing /home/sathya/projects/training-kit/.venv-airflow/lib/python3.10/site-packages/airflow/example_dags/tutorial_dag.py took 0.098 seconds
[2026-01-14T19:53:56.805+0530] {processor.py:161} INFO - Started process (PID=2042) to work on /home/sathya/projects/training-kit/.venv-airflow/lib/python3.10/site-packages/airflow/example_dags/tutorial_dag.py
[2026-01-14T19:53:56.806+0530] {processor.py:830} INFO - Processing file /home/sathya/projects/training-kit/.venv-airflow/lib/python3.10/site-packages/airflow/example_dags/tutorial_dag.py for tasks to queue
[2026-01-14T19:53:56.808+0530] {logging_mixin.py:188} INFO - [2026-01-14T19:53:56.807+0530] {dagbag.py:545} INFO - Filling up the DagBag from /home/sathya/projects/training-kit/.venv-airflow/lib/python3.10/site-packages/airflow/example_dags/tutorial_dag.py
[2026-01-14T19:53:56.815+0530] {processor.py:840} INFO - DAG(s) 'tutorial_dag' retrieved from /home/sathya/projects/training-kit/.venv-airflow/lib/python3.10/site-packages/airflow/example_dags/tutorial_dag.py
[2026-01-14T19:53:56.835+0530] {logging_mixin.py:188} INFO - [2026-01-14T19:53:56.835+0530] {dag.py:3089} INFO - Sync 1 DAGs
[2026-01-14T19:53:56.844+0530] {logging_mixin.py:188} INFO - [2026-01-14T19:53:56.844+0530] {dag.py:3947} INFO - Setting next_dagrun for tutorial_dag to None, run_after=None
[2026-01-14T19:53:56.876+0530] {processor.py:183} INFO - Processing /home/sathya/projects/training-kit/.venv-airflow/lib/python3.10/site-packages/airflow/example_dags/tutorial_dag.py took 0.076 seconds
[2026-01-14T19:54:08.912+0530] {processor.py:161} INFO - Started process (PID=2080) to work on /home/sathya/projects/training-kit/.venv-airflow/lib/python3.10/site-packages/airflow/example_dags/tutorial_dag.py
[2026-01-14T19:54:08.914+0530] {processor.py:830} INFO - Processing file /home/sathya/projects/training-kit/.venv-airflow/lib/python3.10/site-packages/airflow/example_dags/tutorial_dag.py for tasks to queue
[2026-01-14T19:54:08.917+0530] {logging_mixin.py:188} INFO - [2026-01-14T19:54:08.916+0530] {dagbag.py:545} INFO - Filling up the DagBag from /home/sathya/projects/training-kit/.venv-airflow/lib/python3.10/site-packages/airflow/example_dags/tutorial_dag.py
[2026-01-14T19:54:08.928+0530] {processor.py:840} INFO - DAG(s) 'tutorial_dag' retrieved from /home/sathya/projects/training-kit/.venv-airflow/lib/python3.10/site-packages/airflow/example_dags/tutorial_dag.py
[2026-01-14T19:54:08.966+0530] {logging_mixin.py:188} INFO - [2026-01-14T19:54:08.966+0530] {dag.py:3089} INFO - Sync 1 DAGs
[2026-01-14T19:54:08.990+0530] {logging_mixin.py:188} INFO - [2026-01-14T19:54:08.990+0530] {dag.py:3947} INFO - Setting next_dagrun for tutorial_dag to None, run_after=None
[2026-01-14T19:54:09.030+0530] {processor.py:183} INFO - Processing /home/sathya/projects/training-kit/.venv-airflow/lib/python3.10/site-packages/airflow/example_dags/tutorial_dag.py took 0.135 seconds
[2026-01-14T19:54:53.286+0530] {processor.py:161} INFO - Started process (PID=2243) to work on /home/sathya/projects/training-kit/.venv-airflow/lib/python3.10/site-packages/airflow/example_dags/tutorial_dag.py
[2026-01-14T19:54:53.288+0530] {processor.py:830} INFO - Processing file /home/sathya/projects/training-kit/.venv-airflow/lib/python3.10/site-packages/airflow/example_dags/tutorial_dag.py for tasks to queue
[2026-01-14T19:54:53.291+0530] {logging_mixin.py:188} INFO - [2026-01-14T19:54:53.291+0530] {dagbag.py:545} INFO - Filling up the DagBag from /home/sathya/projects/training-kit/.venv-airflow/lib/python3.10/site-packages/airflow/example_dags/tutorial_dag.py
[2026-01-14T19:54:53.301+0530] {processor.py:840} INFO - DAG(s) 'tutorial_dag' retrieved from /home/sathya/projects/training-kit/.venv-airflow/lib/python3.10/site-packages/airflow/example_dags/tutorial_dag.py
[2026-01-14T19:54:53.340+0530] {logging_mixin.py:188} INFO - [2026-01-14T19:54:53.339+0530] {dag.py:3089} INFO - Sync 1 DAGs
[2026-01-14T19:54:53.357+0530] {logging_mixin.py:188} INFO - [2026-01-14T19:54:53.357+0530] {dag.py:3947} INFO - Setting next_dagrun for tutorial_dag to None, run_after=None
[2026-01-14T19:54:53.412+0530] {processor.py:183} INFO - Processing /home/sathya/projects/training-kit/.venv-airflow/lib/python3.10/site-packages/airflow/example_dags/tutorial_dag.py took 0.140 seconds
[2026-01-14T19:55:15.466+0530] {processor.py:161} INFO - Started process (PID=2280) to work on /home/sathya/projects/training-kit/.venv-airflow/lib/python3.10/site-packages/airflow/example_dags/tutorial_dag.py
[2026-01-14T19:55:15.467+0530] {processor.py:830} INFO - Processing file /home/sathya/projects/training-kit/.venv-airflow/lib/python3.10/site-packages/airflow/example_dags/tutorial_dag.py for tasks to queue
[2026-01-14T19:55:15.469+0530] {logging_mixin.py:188} INFO - [2026-01-14T19:55:15.469+0530] {dagbag.py:545} INFO - Filling up the DagBag from /home/sathya/projects/training-kit/.venv-airflow/lib/python3.10/site-packages/airflow/example_dags/tutorial_dag.py
[2026-01-14T19:55:15.483+0530] {processor.py:840} INFO - DAG(s) 'tutorial_dag' retrieved from /home/sathya/projects/training-kit/.venv-airflow/lib/python3.10/site-packages/airflow/example_dags/tutorial_dag.py
[2026-01-14T19:55:15.516+0530] {logging_mixin.py:188} INFO - [2026-01-14T19:55:15.515+0530] {dag.py:3089} INFO - Sync 1 DAGs
[2026-01-14T19:55:15.531+0530] {logging_mixin.py:188} INFO - [2026-01-14T19:55:15.531+0530] {dag.py:3947} INFO - Setting next_dagrun for tutorial_dag to None, run_after=None
[2026-01-14T19:55:15.555+0530] {processor.py:183} INFO - Processing /home/sathya/projects/training-kit/.venv-airflow/lib/python3.10/site-packages/airflow/example_dags/tutorial_dag.py took 0.105 seconds
[2026-01-14T19:56:58.533+0530] {processor.py:161} INFO - Started process (PID=2498) to work on /home/sathya/projects/training-kit/.venv-airflow/lib/python3.10/site-packages/airflow/example_dags/tutorial_dag.py
[2026-01-14T19:56:58.535+0530] {processor.py:830} INFO - Processing file /home/sathya/projects/training-kit/.venv-airflow/lib/python3.10/site-packages/airflow/example_dags/tutorial_dag.py for tasks to queue
[2026-01-14T19:56:58.538+0530] {logging_mixin.py:188} INFO - [2026-01-14T19:56:58.537+0530] {dagbag.py:545} INFO - Filling up the DagBag from /home/sathya/projects/training-kit/.venv-airflow/lib/python3.10/site-packages/airflow/example_dags/tutorial_dag.py
[2026-01-14T19:56:58.550+0530] {processor.py:840} INFO - DAG(s) 'tutorial_dag' retrieved from /home/sathya/projects/training-kit/.venv-airflow/lib/python3.10/site-packages/airflow/example_dags/tutorial_dag.py
[2026-01-14T19:56:58.578+0530] {logging_mixin.py:188} INFO - [2026-01-14T19:56:58.578+0530] {dag.py:3089} INFO - Sync 1 DAGs
[2026-01-14T19:56:58.597+0530] {logging_mixin.py:188} INFO - [2026-01-14T19:56:58.596+0530] {dag.py:3947} INFO - Setting next_dagrun for tutorial_dag to None, run_after=None
[2026-01-14T19:56:58.643+0530] {processor.py:183} INFO - Processing /home/sathya/projects/training-kit/.venv-airflow/lib/python3.10/site-packages/airflow/example_dags/tutorial_dag.py took 0.125 seconds
[2026-01-14T19:57:54.789+0530] {processor.py:161} INFO - Started process (PID=2591) to work on /home/sathya/projects/training-kit/.venv-airflow/lib/python3.10/site-packages/airflow/example_dags/tutorial_dag.py
[2026-01-14T19:57:54.792+0530] {processor.py:830} INFO - Processing file /home/sathya/projects/training-kit/.venv-airflow/lib/python3.10/site-packages/airflow/example_dags/tutorial_dag.py for tasks to queue
[2026-01-14T19:57:54.794+0530] {logging_mixin.py:188} INFO - [2026-01-14T19:57:54.794+0530] {dagbag.py:545} INFO - Filling up the DagBag from /home/sathya/projects/training-kit/.venv-airflow/lib/python3.10/site-packages/airflow/example_dags/tutorial_dag.py
[2026-01-14T19:57:54.802+0530] {processor.py:840} INFO - DAG(s) 'tutorial_dag' retrieved from /home/sathya/projects/training-kit/.venv-airflow/lib/python3.10/site-packages/airflow/example_dags/tutorial_dag.py
[2026-01-14T19:57:54.824+0530] {logging_mixin.py:188} INFO - [2026-01-14T19:57:54.824+0530] {dag.py:3089} INFO - Sync 1 DAGs
[2026-01-14T19:57:54.836+0530] {logging_mixin.py:188} INFO - [2026-01-14T19:57:54.835+0530] {dag.py:3947} INFO - Setting next_dagrun for tutorial_dag to None, run_after=None
[2026-01-14T19:57:54.882+0530] {processor.py:183} INFO - Processing /home/sathya/projects/training-kit/.venv-airflow/lib/python3.10/site-packages/airflow/example_dags/tutorial_dag.py took 0.101 seconds
[2026-01-14T19:58:49.796+0530] {processor.py:161} INFO - Started process (PID=2678) to work on /home/sathya/projects/training-kit/.venv-airflow/lib/python3.10/site-packages/airflow/example_dags/tutorial_dag.py
[2026-01-14T19:58:49.798+0530] {processor.py:830} INFO - Processing file /home/sathya/projects/training-kit/.venv-airflow/lib/python3.10/site-packages/airflow/example_dags/tutorial_dag.py for tasks to queue
[2026-01-14T19:58:49.800+0530] {logging_mixin.py:188} INFO - [2026-01-14T19:58:49.800+0530] {dagbag.py:545} INFO - Filling up the DagBag from /home/sathya/projects/training-kit/.venv-airflow/lib/python3.10/site-packages/airflow/example_dags/tutorial_dag.py
[2026-01-14T19:58:49.811+0530] {processor.py:840} INFO - DAG(s) 'tutorial_dag' retrieved from /home/sathya/projects/training-kit/.venv-airflow/lib/python3.10/site-packages/airflow/example_dags/tutorial_dag.py
[2026-01-14T19:58:49.838+0530] {logging_mixin.py:188} INFO - [2026-01-14T19:58:49.837+0530] {dag.py:3089} INFO - Sync 1 DAGs
[2026-01-14T19:58:49.856+0530] {logging_mixin.py:188} INFO - [2026-01-14T19:58:49.856+0530] {dag.py:3947} INFO - Setting next_dagrun for tutorial_dag to None, run_after=None
[2026-01-14T19:58:49.897+0530] {processor.py:183} INFO - Processing /home/sathya/projects/training-kit/.venv-airflow/lib/python3.10/site-packages/airflow/example_dags/tutorial_dag.py took 0.116 seconds
[2026-01-14T19:59:44.245+0530] {processor.py:161} INFO - Started process (PID=2771) to work on /home/sathya/projects/training-kit/.venv-airflow/lib/python3.10/site-packages/airflow/example_dags/tutorial_dag.py
[2026-01-14T19:59:44.247+0530] {processor.py:830} INFO - Processing file /home/sathya/projects/training-kit/.venv-airflow/lib/python3.10/site-packages/airflow/example_dags/tutorial_dag.py for tasks to queue
[2026-01-14T19:59:44.249+0530] {logging_mixin.py:188} INFO - [2026-01-14T19:59:44.248+0530] {dagbag.py:545} INFO - Filling up the DagBag from /home/sathya/projects/training-kit/.venv-airflow/lib/python3.10/site-packages/airflow/example_dags/tutorial_dag.py
[2026-01-14T19:59:44.264+0530] {processor.py:840} INFO - DAG(s) 'tutorial_dag' retrieved from /home/sathya/projects/training-kit/.venv-airflow/lib/python3.10/site-packages/airflow/example_dags/tutorial_dag.py
[2026-01-14T19:59:44.278+0530] {logging_mixin.py:188} INFO - [2026-01-14T19:59:44.278+0530] {dag.py:3089} INFO - Sync 1 DAGs
[2026-01-14T19:59:44.286+0530] {logging_mixin.py:188} INFO - [2026-01-14T19:59:44.286+0530] {dag.py:3947} INFO - Setting next_dagrun for tutorial_dag to None, run_after=None
[2026-01-14T19:59:44.311+0530] {processor.py:183} INFO - Processing /home/sathya/projects/training-kit/.venv-airflow/lib/python3.10/site-packages/airflow/example_dags/tutorial_dag.py took 0.084 seconds
[2026-01-14T20:00:40.691+0530] {processor.py:161} INFO - Started process (PID=2862) to work on /home/sathya/projects/training-kit/.venv-airflow/lib/python3.10/site-packages/airflow/example_dags/tutorial_dag.py
[2026-01-14T20:00:40.695+0530] {processor.py:830} INFO - Processing file /home/sathya/projects/training-kit/.venv-airflow/lib/python3.10/site-packages/airflow/example_dags/tutorial_dag.py for tasks to queue
[2026-01-14T20:00:40.697+0530] {logging_mixin.py:188} INFO - [2026-01-14T20:00:40.697+0530] {dagbag.py:545} INFO - Filling up the DagBag from /home/sathya/projects/training-kit/.venv-airflow/lib/python3.10/site-packages/airflow/example_dags/tutorial_dag.py
[2026-01-14T20:00:40.714+0530] {processor.py:840} INFO - DAG(s) 'tutorial_dag' retrieved from /home/sathya/projects/training-kit/.venv-airflow/lib/python3.10/site-packages/airflow/example_dags/tutorial_dag.py
[2026-01-14T20:00:40.747+0530] {logging_mixin.py:188} INFO - [2026-01-14T20:00:40.746+0530] {dag.py:3089} INFO - Sync 1 DAGs
[2026-01-14T20:00:40.766+0530] {logging_mixin.py:188} INFO - [2026-01-14T20:00:40.765+0530] {dag.py:3947} INFO - Setting next_dagrun for tutorial_dag to None, run_after=None
[2026-01-14T20:00:40.851+0530] {processor.py:183} INFO - Processing /home/sathya/projects/training-kit/.venv-airflow/lib/python3.10/site-packages/airflow/example_dags/tutorial_dag.py took 0.176 seconds
[2026-01-14T20:04:17.406+0530] {processor.py:161} INFO - Started process (PID=3083) to work on /home/sathya/projects/training-kit/.venv-airflow/lib/python3.10/site-packages/airflow/example_dags/tutorial_dag.py
[2026-01-14T20:04:17.408+0530] {processor.py:830} INFO - Processing file /home/sathya/projects/training-kit/.venv-airflow/lib/python3.10/site-packages/airflow/example_dags/tutorial_dag.py for tasks to queue
[2026-01-14T20:04:17.410+0530] {logging_mixin.py:188} INFO - [2026-01-14T20:04:17.409+0530] {dagbag.py:545} INFO - Filling up the DagBag from /home/sathya/projects/training-kit/.venv-airflow/lib/python3.10/site-packages/airflow/example_dags/tutorial_dag.py
[2026-01-14T20:04:17.418+0530] {processor.py:840} INFO - DAG(s) 'tutorial_dag' retrieved from /home/sathya/projects/training-kit/.venv-airflow/lib/python3.10/site-packages/airflow/example_dags/tutorial_dag.py
[2026-01-14T20:04:17.524+0530] {logging_mixin.py:188} INFO - [2026-01-14T20:04:17.524+0530] {dag.py:3089} INFO - Sync 1 DAGs
[2026-01-14T20:04:17.535+0530] {logging_mixin.py:188} INFO - [2026-01-14T20:04:17.535+0530] {dag.py:3947} INFO - Setting next_dagrun for tutorial_dag to None, run_after=None
[2026-01-14T20:04:17.560+0530] {processor.py:183} INFO - Processing /home/sathya/projects/training-kit/.venv-airflow/lib/python3.10/site-packages/airflow/example_dags/tutorial_dag.py took 0.160 seconds
[2026-01-14T20:05:17.664+0530] {processor.py:161} INFO - Started process (PID=3184) to work on /home/sathya/projects/training-kit/.venv-airflow/lib/python3.10/site-packages/airflow/example_dags/tutorial_dag.py
[2026-01-14T20:05:17.666+0530] {processor.py:830} INFO - Processing file /home/sathya/projects/training-kit/.venv-airflow/lib/python3.10/site-packages/airflow/example_dags/tutorial_dag.py for tasks to queue
[2026-01-14T20:05:17.668+0530] {logging_mixin.py:188} INFO - [2026-01-14T20:05:17.667+0530] {dagbag.py:545} INFO - Filling up the DagBag from /home/sathya/projects/training-kit/.venv-airflow/lib/python3.10/site-packages/airflow/example_dags/tutorial_dag.py
[2026-01-14T20:05:17.674+0530] {processor.py:840} INFO - DAG(s) 'tutorial_dag' retrieved from /home/sathya/projects/training-kit/.venv-airflow/lib/python3.10/site-packages/airflow/example_dags/tutorial_dag.py
[2026-01-14T20:05:17.691+0530] {logging_mixin.py:188} INFO - [2026-01-14T20:05:17.690+0530] {dag.py:3089} INFO - Sync 1 DAGs
[2026-01-14T20:05:17.702+0530] {logging_mixin.py:188} INFO - [2026-01-14T20:05:17.702+0530] {dag.py:3947} INFO - Setting next_dagrun for tutorial_dag to None, run_after=None
[2026-01-14T20:05:17.757+0530] {processor.py:183} INFO - Processing /home/sathya/projects/training-kit/.venv-airflow/lib/python3.10/site-packages/airflow/example_dags/tutorial_dag.py took 0.101 seconds
