[2026-01-14T19:51:12.758+0530] {processor.py:161} INFO - Started process (PID=1518) to work on /home/sathya/projects/training-kit/.venv-airflow/lib/python3.10/site-packages/airflow/example_dags/tutorial.py
[2026-01-14T19:51:12.759+0530] {processor.py:830} INFO - Processing file /home/sathya/projects/training-kit/.venv-airflow/lib/python3.10/site-packages/airflow/example_dags/tutorial.py for tasks to queue
[2026-01-14T19:51:12.761+0530] {logging_mixin.py:188} INFO - [2026-01-14T19:51:12.761+0530] {dagbag.py:545} INFO - Filling up the DagBag from /home/sathya/projects/training-kit/.venv-airflow/lib/python3.10/site-packages/airflow/example_dags/tutorial.py
[2026-01-14T19:51:12.770+0530] {processor.py:840} INFO - DAG(s) 'tutorial' retrieved from /home/sathya/projects/training-kit/.venv-airflow/lib/python3.10/site-packages/airflow/example_dags/tutorial.py
[2026-01-14T19:51:12.919+0530] {logging_mixin.py:188} INFO - [2026-01-14T19:51:12.919+0530] {dag.py:3089} INFO - Sync 1 DAGs
[2026-01-14T19:51:12.945+0530] {logging_mixin.py:188} INFO - [2026-01-14T19:51:12.944+0530] {dag.py:3947} INFO - Setting next_dagrun for tutorial to 2026-01-13 00:00:00+00:00, run_after=2026-01-14 00:00:00+00:00
[2026-01-14T19:51:12.982+0530] {processor.py:183} INFO - Processing /home/sathya/projects/training-kit/.venv-airflow/lib/python3.10/site-packages/airflow/example_dags/tutorial.py took 0.239 seconds
[2026-01-14T19:52:14.257+0530] {processor.py:161} INFO - Started process (PID=1674) to work on /home/sathya/projects/training-kit/.venv-airflow/lib/python3.10/site-packages/airflow/example_dags/tutorial.py
[2026-01-14T19:52:14.258+0530] {processor.py:830} INFO - Processing file /home/sathya/projects/training-kit/.venv-airflow/lib/python3.10/site-packages/airflow/example_dags/tutorial.py for tasks to queue
[2026-01-14T19:52:14.260+0530] {logging_mixin.py:188} INFO - [2026-01-14T19:52:14.260+0530] {dagbag.py:545} INFO - Filling up the DagBag from /home/sathya/projects/training-kit/.venv-airflow/lib/python3.10/site-packages/airflow/example_dags/tutorial.py
[2026-01-14T19:52:14.266+0530] {processor.py:840} INFO - DAG(s) 'tutorial' retrieved from /home/sathya/projects/training-kit/.venv-airflow/lib/python3.10/site-packages/airflow/example_dags/tutorial.py
[2026-01-14T19:52:14.283+0530] {logging_mixin.py:188} INFO - [2026-01-14T19:52:14.283+0530] {dag.py:3089} INFO - Sync 1 DAGs
[2026-01-14T19:52:14.302+0530] {logging_mixin.py:188} INFO - [2026-01-14T19:52:14.302+0530] {dag.py:3947} INFO - Setting next_dagrun for tutorial to 2026-01-13 00:00:00+00:00, run_after=2026-01-14 00:00:00+00:00
[2026-01-14T19:52:14.335+0530] {processor.py:183} INFO - Processing /home/sathya/projects/training-kit/.venv-airflow/lib/python3.10/site-packages/airflow/example_dags/tutorial.py took 0.085 seconds
[2026-01-14T19:52:50.943+0530] {processor.py:161} INFO - Started process (PID=1803) to work on /home/sathya/projects/training-kit/.venv-airflow/lib/python3.10/site-packages/airflow/example_dags/tutorial.py
[2026-01-14T19:52:50.945+0530] {processor.py:830} INFO - Processing file /home/sathya/projects/training-kit/.venv-airflow/lib/python3.10/site-packages/airflow/example_dags/tutorial.py for tasks to queue
[2026-01-14T19:52:50.946+0530] {logging_mixin.py:188} INFO - [2026-01-14T19:52:50.946+0530] {dagbag.py:545} INFO - Filling up the DagBag from /home/sathya/projects/training-kit/.venv-airflow/lib/python3.10/site-packages/airflow/example_dags/tutorial.py
[2026-01-14T19:52:50.959+0530] {processor.py:840} INFO - DAG(s) 'tutorial' retrieved from /home/sathya/projects/training-kit/.venv-airflow/lib/python3.10/site-packages/airflow/example_dags/tutorial.py
[2026-01-14T19:52:51.002+0530] {logging_mixin.py:188} INFO - [2026-01-14T19:52:51.001+0530] {dag.py:3089} INFO - Sync 1 DAGs
[2026-01-14T19:52:51.031+0530] {logging_mixin.py:188} INFO - [2026-01-14T19:52:51.030+0530] {dag.py:3947} INFO - Setting next_dagrun for tutorial to 2026-01-13 00:00:00+00:00, run_after=2026-01-14 00:00:00+00:00
[2026-01-14T19:52:51.075+0530] {processor.py:183} INFO - Processing /home/sathya/projects/training-kit/.venv-airflow/lib/python3.10/site-packages/airflow/example_dags/tutorial.py took 0.141 seconds
[2026-01-14T19:53:09.845+0530] {processor.py:161} INFO - Started process (PID=1869) to work on /home/sathya/projects/training-kit/.venv-airflow/lib/python3.10/site-packages/airflow/example_dags/tutorial.py
[2026-01-14T19:53:09.847+0530] {processor.py:830} INFO - Processing file /home/sathya/projects/training-kit/.venv-airflow/lib/python3.10/site-packages/airflow/example_dags/tutorial.py for tasks to queue
[2026-01-14T19:53:09.849+0530] {logging_mixin.py:188} INFO - [2026-01-14T19:53:09.848+0530] {dagbag.py:545} INFO - Filling up the DagBag from /home/sathya/projects/training-kit/.venv-airflow/lib/python3.10/site-packages/airflow/example_dags/tutorial.py
[2026-01-14T19:53:09.858+0530] {processor.py:840} INFO - DAG(s) 'tutorial' retrieved from /home/sathya/projects/training-kit/.venv-airflow/lib/python3.10/site-packages/airflow/example_dags/tutorial.py
[2026-01-14T19:53:09.882+0530] {logging_mixin.py:188} INFO - [2026-01-14T19:53:09.881+0530] {dag.py:3089} INFO - Sync 1 DAGs
[2026-01-14T19:53:09.916+0530] {logging_mixin.py:188} INFO - [2026-01-14T19:53:09.916+0530] {dag.py:3947} INFO - Setting next_dagrun for tutorial to 2026-01-13 00:00:00+00:00, run_after=2026-01-14 00:00:00+00:00
[2026-01-14T19:53:09.958+0530] {processor.py:183} INFO - Processing /home/sathya/projects/training-kit/.venv-airflow/lib/python3.10/site-packages/airflow/example_dags/tutorial.py took 0.123 seconds
[2026-01-14T19:53:50.179+0530] {processor.py:161} INFO - Started process (PID=2014) to work on /home/sathya/projects/training-kit/.venv-airflow/lib/python3.10/site-packages/airflow/example_dags/tutorial.py
[2026-01-14T19:53:50.181+0530] {processor.py:830} INFO - Processing file /home/sathya/projects/training-kit/.venv-airflow/lib/python3.10/site-packages/airflow/example_dags/tutorial.py for tasks to queue
[2026-01-14T19:53:50.184+0530] {logging_mixin.py:188} INFO - [2026-01-14T19:53:50.183+0530] {dagbag.py:545} INFO - Filling up the DagBag from /home/sathya/projects/training-kit/.venv-airflow/lib/python3.10/site-packages/airflow/example_dags/tutorial.py
[2026-01-14T19:53:50.192+0530] {processor.py:840} INFO - DAG(s) 'tutorial' retrieved from /home/sathya/projects/training-kit/.venv-airflow/lib/python3.10/site-packages/airflow/example_dags/tutorial.py
[2026-01-14T19:53:50.218+0530] {logging_mixin.py:188} INFO - [2026-01-14T19:53:50.218+0530] {dag.py:3089} INFO - Sync 1 DAGs
[2026-01-14T19:53:50.251+0530] {logging_mixin.py:188} INFO - [2026-01-14T19:53:50.250+0530] {dag.py:3947} INFO - Setting next_dagrun for tutorial to 2026-01-13 00:00:00+00:00, run_after=2026-01-14 00:00:00+00:00
[2026-01-14T19:53:50.317+0530] {processor.py:183} INFO - Processing /home/sathya/projects/training-kit/.venv-airflow/lib/python3.10/site-packages/airflow/example_dags/tutorial.py took 0.148 seconds
[2026-01-14T19:54:02.353+0530] {processor.py:161} INFO - Started process (PID=2059) to work on /home/sathya/projects/training-kit/.venv-airflow/lib/python3.10/site-packages/airflow/example_dags/tutorial.py
[2026-01-14T19:54:02.354+0530] {processor.py:830} INFO - Processing file /home/sathya/projects/training-kit/.venv-airflow/lib/python3.10/site-packages/airflow/example_dags/tutorial.py for tasks to queue
[2026-01-14T19:54:02.357+0530] {logging_mixin.py:188} INFO - [2026-01-14T19:54:02.357+0530] {dagbag.py:545} INFO - Filling up the DagBag from /home/sathya/projects/training-kit/.venv-airflow/lib/python3.10/site-packages/airflow/example_dags/tutorial.py
[2026-01-14T19:54:02.369+0530] {processor.py:840} INFO - DAG(s) 'tutorial' retrieved from /home/sathya/projects/training-kit/.venv-airflow/lib/python3.10/site-packages/airflow/example_dags/tutorial.py
[2026-01-14T19:54:02.398+0530] {logging_mixin.py:188} INFO - [2026-01-14T19:54:02.398+0530] {dag.py:3089} INFO - Sync 1 DAGs
[2026-01-14T19:54:02.432+0530] {logging_mixin.py:188} INFO - [2026-01-14T19:54:02.432+0530] {dag.py:3947} INFO - Setting next_dagrun for tutorial to 2026-01-13 00:00:00+00:00, run_after=2026-01-14 00:00:00+00:00
[2026-01-14T19:54:02.471+0530] {processor.py:183} INFO - Processing /home/sathya/projects/training-kit/.venv-airflow/lib/python3.10/site-packages/airflow/example_dags/tutorial.py took 0.135 seconds
[2026-01-14T19:54:45.541+0530] {processor.py:161} INFO - Started process (PID=2211) to work on /home/sathya/projects/training-kit/.venv-airflow/lib/python3.10/site-packages/airflow/example_dags/tutorial.py
[2026-01-14T19:54:45.543+0530] {processor.py:830} INFO - Processing file /home/sathya/projects/training-kit/.venv-airflow/lib/python3.10/site-packages/airflow/example_dags/tutorial.py for tasks to queue
[2026-01-14T19:54:45.545+0530] {logging_mixin.py:188} INFO - [2026-01-14T19:54:45.545+0530] {dagbag.py:545} INFO - Filling up the DagBag from /home/sathya/projects/training-kit/.venv-airflow/lib/python3.10/site-packages/airflow/example_dags/tutorial.py
[2026-01-14T19:54:45.560+0530] {processor.py:840} INFO - DAG(s) 'tutorial' retrieved from /home/sathya/projects/training-kit/.venv-airflow/lib/python3.10/site-packages/airflow/example_dags/tutorial.py
[2026-01-14T19:54:45.593+0530] {logging_mixin.py:188} INFO - [2026-01-14T19:54:45.592+0530] {dag.py:3089} INFO - Sync 1 DAGs
[2026-01-14T19:54:45.630+0530] {logging_mixin.py:188} INFO - [2026-01-14T19:54:45.630+0530] {dag.py:3947} INFO - Setting next_dagrun for tutorial to 2026-01-13 00:00:00+00:00, run_after=2026-01-14 00:00:00+00:00
[2026-01-14T19:54:45.662+0530] {processor.py:183} INFO - Processing /home/sathya/projects/training-kit/.venv-airflow/lib/python3.10/site-packages/airflow/example_dags/tutorial.py took 0.136 seconds
[2026-01-14T19:54:57.175+0530] {processor.py:161} INFO - Started process (PID=2256) to work on /home/sathya/projects/training-kit/.venv-airflow/lib/python3.10/site-packages/airflow/example_dags/tutorial.py
[2026-01-14T19:54:57.178+0530] {processor.py:830} INFO - Processing file /home/sathya/projects/training-kit/.venv-airflow/lib/python3.10/site-packages/airflow/example_dags/tutorial.py for tasks to queue
[2026-01-14T19:54:57.180+0530] {logging_mixin.py:188} INFO - [2026-01-14T19:54:57.179+0530] {dagbag.py:545} INFO - Filling up the DagBag from /home/sathya/projects/training-kit/.venv-airflow/lib/python3.10/site-packages/airflow/example_dags/tutorial.py
[2026-01-14T19:54:57.212+0530] {processor.py:840} INFO - DAG(s) 'tutorial' retrieved from /home/sathya/projects/training-kit/.venv-airflow/lib/python3.10/site-packages/airflow/example_dags/tutorial.py
[2026-01-14T19:54:57.268+0530] {logging_mixin.py:188} INFO - [2026-01-14T19:54:57.266+0530] {dag.py:3089} INFO - Sync 1 DAGs
[2026-01-14T19:54:57.328+0530] {logging_mixin.py:188} INFO - [2026-01-14T19:54:57.327+0530] {dag.py:3947} INFO - Setting next_dagrun for tutorial to 2026-01-13 00:00:00+00:00, run_after=2026-01-14 00:00:00+00:00
[2026-01-14T19:54:57.376+0530] {processor.py:183} INFO - Processing /home/sathya/projects/training-kit/.venv-airflow/lib/python3.10/site-packages/airflow/example_dags/tutorial.py took 0.218 seconds
[2026-01-14T19:56:50.526+0530] {processor.py:161} INFO - Started process (PID=2489) to work on /home/sathya/projects/training-kit/.venv-airflow/lib/python3.10/site-packages/airflow/example_dags/tutorial.py
[2026-01-14T19:56:50.527+0530] {processor.py:830} INFO - Processing file /home/sathya/projects/training-kit/.venv-airflow/lib/python3.10/site-packages/airflow/example_dags/tutorial.py for tasks to queue
[2026-01-14T19:56:50.531+0530] {logging_mixin.py:188} INFO - [2026-01-14T19:56:50.530+0530] {dagbag.py:545} INFO - Filling up the DagBag from /home/sathya/projects/training-kit/.venv-airflow/lib/python3.10/site-packages/airflow/example_dags/tutorial.py
[2026-01-14T19:56:50.546+0530] {processor.py:840} INFO - DAG(s) 'tutorial' retrieved from /home/sathya/projects/training-kit/.venv-airflow/lib/python3.10/site-packages/airflow/example_dags/tutorial.py
[2026-01-14T19:56:50.597+0530] {logging_mixin.py:188} INFO - [2026-01-14T19:56:50.597+0530] {dag.py:3089} INFO - Sync 1 DAGs
[2026-01-14T19:56:50.638+0530] {logging_mixin.py:188} INFO - [2026-01-14T19:56:50.637+0530] {dag.py:3947} INFO - Setting next_dagrun for tutorial to 2026-01-13 00:00:00+00:00, run_after=2026-01-14 00:00:00+00:00
[2026-01-14T19:56:50.678+0530] {processor.py:183} INFO - Processing /home/sathya/projects/training-kit/.venv-airflow/lib/python3.10/site-packages/airflow/example_dags/tutorial.py took 0.167 seconds
[2026-01-14T19:57:47.028+0530] {processor.py:161} INFO - Started process (PID=2578) to work on /home/sathya/projects/training-kit/.venv-airflow/lib/python3.10/site-packages/airflow/example_dags/tutorial.py
[2026-01-14T19:57:47.030+0530] {processor.py:830} INFO - Processing file /home/sathya/projects/training-kit/.venv-airflow/lib/python3.10/site-packages/airflow/example_dags/tutorial.py for tasks to queue
[2026-01-14T19:57:47.033+0530] {logging_mixin.py:188} INFO - [2026-01-14T19:57:47.033+0530] {dagbag.py:545} INFO - Filling up the DagBag from /home/sathya/projects/training-kit/.venv-airflow/lib/python3.10/site-packages/airflow/example_dags/tutorial.py
[2026-01-14T19:57:47.043+0530] {processor.py:840} INFO - DAG(s) 'tutorial' retrieved from /home/sathya/projects/training-kit/.venv-airflow/lib/python3.10/site-packages/airflow/example_dags/tutorial.py
[2026-01-14T19:57:47.072+0530] {logging_mixin.py:188} INFO - [2026-01-14T19:57:47.071+0530] {dag.py:3089} INFO - Sync 1 DAGs
[2026-01-14T19:57:47.098+0530] {logging_mixin.py:188} INFO - [2026-01-14T19:57:47.097+0530] {dag.py:3947} INFO - Setting next_dagrun for tutorial to 2026-01-13 00:00:00+00:00, run_after=2026-01-14 00:00:00+00:00
[2026-01-14T19:57:47.134+0530] {processor.py:183} INFO - Processing /home/sathya/projects/training-kit/.venv-airflow/lib/python3.10/site-packages/airflow/example_dags/tutorial.py took 0.118 seconds
[2026-01-14T19:58:40.670+0530] {processor.py:161} INFO - Started process (PID=2664) to work on /home/sathya/projects/training-kit/.venv-airflow/lib/python3.10/site-packages/airflow/example_dags/tutorial.py
[2026-01-14T19:58:40.677+0530] {processor.py:830} INFO - Processing file /home/sathya/projects/training-kit/.venv-airflow/lib/python3.10/site-packages/airflow/example_dags/tutorial.py for tasks to queue
[2026-01-14T19:58:40.679+0530] {logging_mixin.py:188} INFO - [2026-01-14T19:58:40.679+0530] {dagbag.py:545} INFO - Filling up the DagBag from /home/sathya/projects/training-kit/.venv-airflow/lib/python3.10/site-packages/airflow/example_dags/tutorial.py
[2026-01-14T19:58:40.688+0530] {processor.py:840} INFO - DAG(s) 'tutorial' retrieved from /home/sathya/projects/training-kit/.venv-airflow/lib/python3.10/site-packages/airflow/example_dags/tutorial.py
[2026-01-14T19:58:40.709+0530] {logging_mixin.py:188} INFO - [2026-01-14T19:58:40.708+0530] {dag.py:3089} INFO - Sync 1 DAGs
[2026-01-14T19:58:40.730+0530] {logging_mixin.py:188} INFO - [2026-01-14T19:58:40.730+0530] {dag.py:3947} INFO - Setting next_dagrun for tutorial to 2026-01-13 00:00:00+00:00, run_after=2026-01-14 00:00:00+00:00
[2026-01-14T19:58:40.760+0530] {processor.py:183} INFO - Processing /home/sathya/projects/training-kit/.venv-airflow/lib/python3.10/site-packages/airflow/example_dags/tutorial.py took 0.096 seconds
[2026-01-14T19:59:36.598+0530] {processor.py:161} INFO - Started process (PID=2762) to work on /home/sathya/projects/training-kit/.venv-airflow/lib/python3.10/site-packages/airflow/example_dags/tutorial.py
[2026-01-14T19:59:36.600+0530] {processor.py:830} INFO - Processing file /home/sathya/projects/training-kit/.venv-airflow/lib/python3.10/site-packages/airflow/example_dags/tutorial.py for tasks to queue
[2026-01-14T19:59:36.602+0530] {logging_mixin.py:188} INFO - [2026-01-14T19:59:36.601+0530] {dagbag.py:545} INFO - Filling up the DagBag from /home/sathya/projects/training-kit/.venv-airflow/lib/python3.10/site-packages/airflow/example_dags/tutorial.py
[2026-01-14T19:59:36.610+0530] {processor.py:840} INFO - DAG(s) 'tutorial' retrieved from /home/sathya/projects/training-kit/.venv-airflow/lib/python3.10/site-packages/airflow/example_dags/tutorial.py
[2026-01-14T19:59:36.626+0530] {logging_mixin.py:188} INFO - [2026-01-14T19:59:36.626+0530] {dag.py:3089} INFO - Sync 1 DAGs
[2026-01-14T19:59:36.647+0530] {logging_mixin.py:188} INFO - [2026-01-14T19:59:36.647+0530] {dag.py:3947} INFO - Setting next_dagrun for tutorial to 2026-01-13 00:00:00+00:00, run_after=2026-01-14 00:00:00+00:00
[2026-01-14T19:59:36.873+0530] {processor.py:183} INFO - Processing /home/sathya/projects/training-kit/.venv-airflow/lib/python3.10/site-packages/airflow/example_dags/tutorial.py took 0.280 seconds
[2026-01-14T20:00:33.611+0530] {processor.py:161} INFO - Started process (PID=2851) to work on /home/sathya/projects/training-kit/.venv-airflow/lib/python3.10/site-packages/airflow/example_dags/tutorial.py
[2026-01-14T20:00:33.612+0530] {processor.py:830} INFO - Processing file /home/sathya/projects/training-kit/.venv-airflow/lib/python3.10/site-packages/airflow/example_dags/tutorial.py for tasks to queue
[2026-01-14T20:00:33.615+0530] {logging_mixin.py:188} INFO - [2026-01-14T20:00:33.615+0530] {dagbag.py:545} INFO - Filling up the DagBag from /home/sathya/projects/training-kit/.venv-airflow/lib/python3.10/site-packages/airflow/example_dags/tutorial.py
[2026-01-14T20:00:33.625+0530] {processor.py:840} INFO - DAG(s) 'tutorial' retrieved from /home/sathya/projects/training-kit/.venv-airflow/lib/python3.10/site-packages/airflow/example_dags/tutorial.py
[2026-01-14T20:00:33.649+0530] {logging_mixin.py:188} INFO - [2026-01-14T20:00:33.649+0530] {dag.py:3089} INFO - Sync 1 DAGs
[2026-01-14T20:00:33.676+0530] {logging_mixin.py:188} INFO - [2026-01-14T20:00:33.675+0530] {dag.py:3947} INFO - Setting next_dagrun for tutorial to 2026-01-13 00:00:00+00:00, run_after=2026-01-14 00:00:00+00:00
[2026-01-14T20:00:33.710+0530] {processor.py:183} INFO - Processing /home/sathya/projects/training-kit/.venv-airflow/lib/python3.10/site-packages/airflow/example_dags/tutorial.py took 0.107 seconds
[2026-01-14T20:04:09.511+0530] {processor.py:161} INFO - Started process (PID=3071) to work on /home/sathya/projects/training-kit/.venv-airflow/lib/python3.10/site-packages/airflow/example_dags/tutorial.py
[2026-01-14T20:04:09.512+0530] {processor.py:830} INFO - Processing file /home/sathya/projects/training-kit/.venv-airflow/lib/python3.10/site-packages/airflow/example_dags/tutorial.py for tasks to queue
[2026-01-14T20:04:09.514+0530] {logging_mixin.py:188} INFO - [2026-01-14T20:04:09.514+0530] {dagbag.py:545} INFO - Filling up the DagBag from /home/sathya/projects/training-kit/.venv-airflow/lib/python3.10/site-packages/airflow/example_dags/tutorial.py
[2026-01-14T20:04:09.531+0530] {processor.py:840} INFO - DAG(s) 'tutorial' retrieved from /home/sathya/projects/training-kit/.venv-airflow/lib/python3.10/site-packages/airflow/example_dags/tutorial.py
[2026-01-14T20:04:09.625+0530] {logging_mixin.py:188} INFO - [2026-01-14T20:04:09.625+0530] {dag.py:3089} INFO - Sync 1 DAGs
[2026-01-14T20:04:09.640+0530] {logging_mixin.py:188} INFO - [2026-01-14T20:04:09.640+0530] {dag.py:3947} INFO - Setting next_dagrun for tutorial to 2026-01-13 00:00:00+00:00, run_after=2026-01-14 00:00:00+00:00
[2026-01-14T20:04:09.667+0530] {processor.py:183} INFO - Processing /home/sathya/projects/training-kit/.venv-airflow/lib/python3.10/site-packages/airflow/example_dags/tutorial.py took 0.168 seconds
[2026-01-14T20:05:08.411+0530] {processor.py:161} INFO - Started process (PID=3170) to work on /home/sathya/projects/training-kit/.venv-airflow/lib/python3.10/site-packages/airflow/example_dags/tutorial.py
[2026-01-14T20:05:08.423+0530] {processor.py:830} INFO - Processing file /home/sathya/projects/training-kit/.venv-airflow/lib/python3.10/site-packages/airflow/example_dags/tutorial.py for tasks to queue
[2026-01-14T20:05:08.428+0530] {logging_mixin.py:188} INFO - [2026-01-14T20:05:08.428+0530] {dagbag.py:545} INFO - Filling up the DagBag from /home/sathya/projects/training-kit/.venv-airflow/lib/python3.10/site-packages/airflow/example_dags/tutorial.py
[2026-01-14T20:05:08.444+0530] {processor.py:840} INFO - DAG(s) 'tutorial' retrieved from /home/sathya/projects/training-kit/.venv-airflow/lib/python3.10/site-packages/airflow/example_dags/tutorial.py
[2026-01-14T20:05:08.472+0530] {logging_mixin.py:188} INFO - [2026-01-14T20:05:08.471+0530] {dag.py:3089} INFO - Sync 1 DAGs
[2026-01-14T20:05:08.500+0530] {logging_mixin.py:188} INFO - [2026-01-14T20:05:08.499+0530] {dag.py:3947} INFO - Setting next_dagrun for tutorial to 2026-01-13 00:00:00+00:00, run_after=2026-01-14 00:00:00+00:00
[2026-01-14T20:05:08.538+0530] {processor.py:183} INFO - Processing /home/sathya/projects/training-kit/.venv-airflow/lib/python3.10/site-packages/airflow/example_dags/tutorial.py took 0.137 seconds
