[2025-12-27T19:46:06.617+0530] {local_task_job_runner.py:120} INFO - ::group::Pre task execution logs
[2025-12-27T19:46:06.643+0530] {taskinstance.py:2076} INFO - Dependencies all met for dep_context=non-requeueable deps ti=<TaskInstance: example_dynamic_task_mapping.add_one scheduled__2023-01-07T00:00:00+00:00 map_index=2 [queued]>
[2025-12-27T19:46:06.648+0530] {taskinstance.py:2076} INFO - Dependencies all met for dep_context=requeueable deps ti=<TaskInstance: example_dynamic_task_mapping.add_one scheduled__2023-01-07T00:00:00+00:00 map_index=2 [queued]>
[2025-12-27T19:46:06.649+0530] {taskinstance.py:2306} INFO - Starting attempt 1 of 1
[2025-12-27T19:46:06.665+0530] {taskinstance.py:2330} INFO - Executing <Mapped(_PythonDecoratedOperator): add_one> on 2023-01-07 00:00:00+00:00
[2025-12-27T19:46:06.670+0530] {standard_task_runner.py:64} INFO - Started process 1859 to run task
[2025-12-27T19:46:06.674+0530] {standard_task_runner.py:90} INFO - Running: ['airflow', 'tasks', 'run', 'example_dynamic_task_mapping', 'add_one', 'scheduled__2023-01-07T00:00:00+00:00', '--job-id', '1956', '--raw', '--subdir', '/home/sathya/projects/training-kit/.venv-airflow/lib/python3.10/site-packages/airflow/example_dags/example_dynamic_task_mapping.py', '--cfg-path', '/tmp/tmpl2q29n_h', '--map-index', '2']
[2025-12-27T19:46:06.675+0530] {standard_task_runner.py:91} INFO - Job 1956: Subtask add_one
[2025-12-27T19:46:06.718+0530] {task_command.py:426} INFO - Running <TaskInstance: example_dynamic_task_mapping.add_one scheduled__2023-01-07T00:00:00+00:00 map_index=2 [running]> on host LAPTOP-A1PMOBSE.localdomain
[2025-12-27T19:46:06.799+0530] {taskinstance.py:2648} INFO - Exporting env vars: AIRFLOW_CTX_DAG_OWNER='airflow' AIRFLOW_CTX_DAG_ID='example_dynamic_task_mapping' AIRFLOW_CTX_TASK_ID='add_one' AIRFLOW_CTX_EXECUTION_DATE='2023-01-07T00:00:00+00:00' AIRFLOW_CTX_TRY_NUMBER='1' AIRFLOW_CTX_DAG_RUN_ID='scheduled__2023-01-07T00:00:00+00:00'
[2025-12-27T19:46:06.801+0530] {taskinstance.py:430} INFO - ::endgroup::
[2025-12-27T19:46:06.802+0530] {python.py:237} INFO - Done. Returned value was: 4
[2025-12-27T19:46:06.802+0530] {taskinstance.py:441} INFO - ::group::Post task execution logs
[2025-12-27T19:46:06.820+0530] {taskinstance.py:1206} INFO - Marking task as SUCCESS. dag_id=example_dynamic_task_mapping, task_id=add_one, run_id=scheduled__2023-01-07T00:00:00+00:00, map_index=2, execution_date=20230107T000000, start_date=20251227T141606, end_date=20251227T141606
[2025-12-27T19:46:06.851+0530] {local_task_job_runner.py:243} INFO - Task exited with return code 0
[2025-12-27T19:46:06.871+0530] {taskinstance.py:3503} INFO - 1 downstream tasks scheduled from follow-on schedule check
[2025-12-27T19:46:06.879+0530] {local_task_job_runner.py:222} INFO - ::endgroup::
[2026-03-11T22:58:01.059+0530] {local_task_job_runner.py:120} INFO - ::group::Pre task execution logs
[2026-03-11T22:58:01.075+0530] {taskinstance.py:2076} INFO - Dependencies all met for dep_context=non-requeueable deps ti=<TaskInstance: example_dynamic_task_mapping.add_one scheduled__2023-01-07T00:00:00+00:00 map_index=2 [queued]>
[2026-03-11T22:58:01.079+0530] {taskinstance.py:2076} INFO - Dependencies all met for dep_context=requeueable deps ti=<TaskInstance: example_dynamic_task_mapping.add_one scheduled__2023-01-07T00:00:00+00:00 map_index=2 [queued]>
[2026-03-11T22:58:01.080+0530] {taskinstance.py:2306} INFO - Starting attempt 1 of 1
[2026-03-11T22:58:01.094+0530] {taskinstance.py:2330} INFO - Executing <Mapped(_PythonDecoratedOperator): add_one> on 2023-01-07 00:00:00+00:00
[2026-03-11T22:58:01.098+0530] {standard_task_runner.py:64} INFO - Started process 12310 to run task
[2026-03-11T22:58:01.101+0530] {standard_task_runner.py:90} INFO - Running: ['airflow', 'tasks', 'run', 'example_dynamic_task_mapping', 'add_one', 'scheduled__2023-01-07T00:00:00+00:00', '--job-id', '2247', '--raw', '--subdir', '/home/sathya/projects/training-kit/.venv-airflow/lib/python3.10/site-packages/airflow/example_dags/example_dynamic_task_mapping.py', '--cfg-path', '/tmp/tmpingq17n3', '--map-index', '2']
[2026-03-11T22:58:01.102+0530] {standard_task_runner.py:91} INFO - Job 2247: Subtask add_one
[2026-03-11T22:58:01.133+0530] {task_command.py:426} INFO - Running <TaskInstance: example_dynamic_task_mapping.add_one scheduled__2023-01-07T00:00:00+00:00 map_index=2 [running]> on host LAPTOP-A1PMOBSE.localdomain
[2026-03-11T22:58:01.191+0530] {taskinstance.py:2648} INFO - Exporting env vars: AIRFLOW_CTX_DAG_OWNER='airflow' AIRFLOW_CTX_DAG_ID='example_dynamic_task_mapping' AIRFLOW_CTX_TASK_ID='add_one' AIRFLOW_CTX_EXECUTION_DATE='2023-01-07T00:00:00+00:00' AIRFLOW_CTX_TRY_NUMBER='1' AIRFLOW_CTX_DAG_RUN_ID='scheduled__2023-01-07T00:00:00+00:00'
[2026-03-11T22:58:01.192+0530] {taskinstance.py:430} INFO - ::endgroup::
[2026-03-11T22:58:01.192+0530] {python.py:237} INFO - Done. Returned value was: 4
[2026-03-11T22:58:01.192+0530] {taskinstance.py:441} INFO - ::group::Post task execution logs
[2026-03-11T22:58:01.207+0530] {taskinstance.py:1206} INFO - Marking task as SUCCESS. dag_id=example_dynamic_task_mapping, task_id=add_one, run_id=scheduled__2023-01-07T00:00:00+00:00, map_index=2, execution_date=20230107T000000, start_date=20260311T172801, end_date=20260311T172801
[2026-03-11T22:58:01.243+0530] {local_task_job_runner.py:243} INFO - Task exited with return code 0
[2026-03-11T22:58:01.262+0530] {taskinstance.py:3503} INFO - 1 downstream tasks scheduled from follow-on schedule check
[2026-03-11T22:58:01.270+0530] {local_task_job_runner.py:222} INFO - ::endgroup::
