[2025-12-26T23:09:47.326+0530] {local_task_job_runner.py:120} INFO - ::group::Pre task execution logs
[2025-12-26T23:09:47.348+0530] {taskinstance.py:2076} INFO - Dependencies all met for dep_context=non-requeueable deps ti=<TaskInstance: example_dynamic_task_mapping.add_one scheduled__2022-11-08T00:00:00+00:00 map_index=0 [queued]>
[2025-12-26T23:09:47.352+0530] {taskinstance.py:2076} INFO - Dependencies all met for dep_context=requeueable deps ti=<TaskInstance: example_dynamic_task_mapping.add_one scheduled__2022-11-08T00:00:00+00:00 map_index=0 [queued]>
[2025-12-26T23:09:47.353+0530] {taskinstance.py:2306} INFO - Starting attempt 1 of 1
[2025-12-26T23:09:47.374+0530] {taskinstance.py:2330} INFO - Executing <Mapped(_PythonDecoratedOperator): add_one> on 2022-11-08 00:00:00+00:00
[2025-12-26T23:09:47.377+0530] {standard_task_runner.py:64} INFO - Started process 11650 to run task
[2025-12-26T23:09:47.381+0530] {standard_task_runner.py:90} INFO - Running: ['airflow', 'tasks', 'run', 'example_dynamic_task_mapping', 'add_one', 'scheduled__2022-11-08T00:00:00+00:00', '--job-id', '1448', '--raw', '--subdir', '/home/sathya/projects/training-kit/.venv-airflow/lib/python3.10/site-packages/airflow/example_dags/example_dynamic_task_mapping.py', '--cfg-path', '/tmp/tmpdrj5gdxj', '--map-index', '0']
[2025-12-26T23:09:47.381+0530] {standard_task_runner.py:91} INFO - Job 1448: Subtask add_one
[2025-12-26T23:09:47.424+0530] {task_command.py:426} INFO - Running <TaskInstance: example_dynamic_task_mapping.add_one scheduled__2022-11-08T00:00:00+00:00 map_index=0 [running]> on host LAPTOP-A1PMOBSE.localdomain
[2025-12-26T23:09:47.492+0530] {taskinstance.py:2648} INFO - Exporting env vars: AIRFLOW_CTX_DAG_OWNER='airflow' AIRFLOW_CTX_DAG_ID='example_dynamic_task_mapping' AIRFLOW_CTX_TASK_ID='add_one' AIRFLOW_CTX_EXECUTION_DATE='2022-11-08T00:00:00+00:00' AIRFLOW_CTX_TRY_NUMBER='1' AIRFLOW_CTX_DAG_RUN_ID='scheduled__2022-11-08T00:00:00+00:00'
[2025-12-26T23:09:47.492+0530] {taskinstance.py:430} INFO - ::endgroup::
[2025-12-26T23:09:47.493+0530] {python.py:237} INFO - Done. Returned value was: 2
[2025-12-26T23:09:47.493+0530] {taskinstance.py:441} INFO - ::group::Post task execution logs
[2025-12-26T23:09:47.505+0530] {taskinstance.py:1206} INFO - Marking task as SUCCESS. dag_id=example_dynamic_task_mapping, task_id=add_one, run_id=scheduled__2022-11-08T00:00:00+00:00, map_index=0, execution_date=20221108T000000, start_date=20251226T173947, end_date=20251226T173947
[2025-12-26T23:09:47.554+0530] {local_task_job_runner.py:243} INFO - Task exited with return code 0
[2025-12-26T23:09:47.582+0530] {taskinstance.py:3503} INFO - 0 downstream tasks scheduled from follow-on schedule check
[2025-12-26T23:09:47.582+0530] {local_task_job_runner.py:222} INFO - ::endgroup::
[2026-03-11T22:37:51.210+0530] {local_task_job_runner.py:120} INFO - ::group::Pre task execution logs
[2026-03-11T22:37:51.228+0530] {taskinstance.py:2076} INFO - Dependencies all met for dep_context=non-requeueable deps ti=<TaskInstance: example_dynamic_task_mapping.add_one scheduled__2022-11-08T00:00:00+00:00 map_index=0 [queued]>
[2026-03-11T22:37:51.231+0530] {taskinstance.py:2076} INFO - Dependencies all met for dep_context=requeueable deps ti=<TaskInstance: example_dynamic_task_mapping.add_one scheduled__2022-11-08T00:00:00+00:00 map_index=0 [queued]>
[2026-03-11T22:37:51.232+0530] {taskinstance.py:2306} INFO - Starting attempt 1 of 1
[2026-03-11T22:37:51.250+0530] {taskinstance.py:2330} INFO - Executing <Mapped(_PythonDecoratedOperator): add_one> on 2022-11-08 00:00:00+00:00
[2026-03-11T22:37:51.255+0530] {standard_task_runner.py:64} INFO - Started process 8890 to run task
[2026-03-11T22:37:51.258+0530] {standard_task_runner.py:90} INFO - Running: ['airflow', 'tasks', 'run', 'example_dynamic_task_mapping', 'add_one', 'scheduled__2022-11-08T00:00:00+00:00', '--job-id', '1906', '--raw', '--subdir', '/home/sathya/projects/training-kit/.venv-airflow/lib/python3.10/site-packages/airflow/example_dags/example_dynamic_task_mapping.py', '--cfg-path', '/tmp/tmpf7k273l3', '--map-index', '0']
[2026-03-11T22:37:51.260+0530] {standard_task_runner.py:91} INFO - Job 1906: Subtask add_one
[2026-03-11T22:37:51.296+0530] {task_command.py:426} INFO - Running <TaskInstance: example_dynamic_task_mapping.add_one scheduled__2022-11-08T00:00:00+00:00 map_index=0 [running]> on host LAPTOP-A1PMOBSE.localdomain
[2026-03-11T22:37:51.375+0530] {taskinstance.py:2648} INFO - Exporting env vars: AIRFLOW_CTX_DAG_OWNER='airflow' AIRFLOW_CTX_DAG_ID='example_dynamic_task_mapping' AIRFLOW_CTX_TASK_ID='add_one' AIRFLOW_CTX_EXECUTION_DATE='2022-11-08T00:00:00+00:00' AIRFLOW_CTX_TRY_NUMBER='1' AIRFLOW_CTX_DAG_RUN_ID='scheduled__2022-11-08T00:00:00+00:00'
[2026-03-11T22:37:51.376+0530] {taskinstance.py:430} INFO - ::endgroup::
[2026-03-11T22:37:51.377+0530] {python.py:237} INFO - Done. Returned value was: 2
[2026-03-11T22:37:51.377+0530] {taskinstance.py:441} INFO - ::group::Post task execution logs
[2026-03-11T22:37:51.398+0530] {taskinstance.py:1206} INFO - Marking task as SUCCESS. dag_id=example_dynamic_task_mapping, task_id=add_one, run_id=scheduled__2022-11-08T00:00:00+00:00, map_index=0, execution_date=20221108T000000, start_date=20260311T170751, end_date=20260311T170751
[2026-03-11T22:37:51.439+0530] {local_task_job_runner.py:243} INFO - Task exited with return code 0
[2026-03-11T22:37:51.459+0530] {taskinstance.py:3503} INFO - 0 downstream tasks scheduled from follow-on schedule check
[2026-03-11T22:37:51.460+0530] {local_task_job_runner.py:222} INFO - ::endgroup::
