[2025-12-26T22:19:17.077+0530] {local_task_job_runner.py:120} INFO - ::group::Pre task execution logs
[2025-12-26T22:19:17.102+0530] {taskinstance.py:2076} INFO - Dependencies all met for dep_context=non-requeueable deps ti=<TaskInstance: example_dynamic_task_mapping.sum_it scheduled__2022-05-04T00:00:00+00:00 [queued]>
[2025-12-26T22:19:17.108+0530] {taskinstance.py:2076} INFO - Dependencies all met for dep_context=requeueable deps ti=<TaskInstance: example_dynamic_task_mapping.sum_it scheduled__2022-05-04T00:00:00+00:00 [queued]>
[2025-12-26T22:19:17.108+0530] {taskinstance.py:2306} INFO - Starting attempt 1 of 1
[2025-12-26T22:19:17.126+0530] {taskinstance.py:2330} INFO - Executing <Task(_PythonDecoratedOperator): sum_it> on 2022-05-04 00:00:00+00:00
[2025-12-26T22:19:17.129+0530] {standard_task_runner.py:64} INFO - Started process 5725 to run task
[2025-12-26T22:19:17.135+0530] {standard_task_runner.py:90} INFO - Running: ['airflow', 'tasks', 'run', 'example_dynamic_task_mapping', 'sum_it', 'scheduled__2022-05-04T00:00:00+00:00', '--job-id', '449', '--raw', '--subdir', '/home/sathya/projects/training-kit/.venv-airflow/lib/python3.10/site-packages/airflow/example_dags/example_dynamic_task_mapping.py', '--cfg-path', '/tmp/tmpgkmvaym6']
[2025-12-26T22:19:17.136+0530] {standard_task_runner.py:91} INFO - Job 449: Subtask sum_it
[2025-12-26T22:19:17.178+0530] {task_command.py:426} INFO - Running <TaskInstance: example_dynamic_task_mapping.sum_it scheduled__2022-05-04T00:00:00+00:00 [running]> on host LAPTOP-A1PMOBSE.localdomain
[2025-12-26T22:19:17.264+0530] {taskinstance.py:2648} INFO - Exporting env vars: AIRFLOW_CTX_DAG_OWNER='airflow' AIRFLOW_CTX_DAG_ID='example_dynamic_task_mapping' AIRFLOW_CTX_TASK_ID='sum_it' AIRFLOW_CTX_EXECUTION_DATE='2022-05-04T00:00:00+00:00' AIRFLOW_CTX_TRY_NUMBER='1' AIRFLOW_CTX_DAG_RUN_ID='scheduled__2022-05-04T00:00:00+00:00'
[2025-12-26T22:19:17.265+0530] {taskinstance.py:430} INFO - ::endgroup::
[2025-12-26T22:19:17.267+0530] {logging_mixin.py:188} INFO - Total was 9
[2025-12-26T22:19:17.268+0530] {python.py:237} INFO - Done. Returned value was: None
[2025-12-26T22:19:17.268+0530] {taskinstance.py:441} INFO - ::group::Post task execution logs
[2025-12-26T22:19:17.271+0530] {taskinstance.py:1206} INFO - Marking task as SUCCESS. dag_id=example_dynamic_task_mapping, task_id=sum_it, run_id=scheduled__2022-05-04T00:00:00+00:00, execution_date=20220504T000000, start_date=20251226T164917, end_date=20251226T164917
[2025-12-26T22:19:17.310+0530] {local_task_job_runner.py:243} INFO - Task exited with return code 0
[2025-12-26T22:19:17.319+0530] {taskinstance.py:3503} INFO - 0 downstream tasks scheduled from follow-on schedule check
[2025-12-26T22:19:17.320+0530] {local_task_job_runner.py:222} INFO - ::endgroup::
[2026-03-10T23:08:51.215+0530] {local_task_job_runner.py:120} INFO - ::group::Pre task execution logs
[2026-03-10T23:08:51.240+0530] {taskinstance.py:2076} INFO - Dependencies all met for dep_context=non-requeueable deps ti=<TaskInstance: example_dynamic_task_mapping.sum_it scheduled__2022-05-04T00:00:00+00:00 [queued]>
[2026-03-10T23:08:51.245+0530] {taskinstance.py:2076} INFO - Dependencies all met for dep_context=requeueable deps ti=<TaskInstance: example_dynamic_task_mapping.sum_it scheduled__2022-05-04T00:00:00+00:00 [queued]>
[2026-03-10T23:08:51.246+0530] {taskinstance.py:2306} INFO - Starting attempt 1 of 1
[2026-03-10T23:08:51.263+0530] {taskinstance.py:2330} INFO - Executing <Task(_PythonDecoratedOperator): sum_it> on 2022-05-04 00:00:00+00:00
[2026-03-10T23:08:51.270+0530] {standard_task_runner.py:64} INFO - Started process 6870 to run task
[2026-03-10T23:08:51.278+0530] {standard_task_runner.py:90} INFO - Running: ['airflow', 'tasks', 'run', 'example_dynamic_task_mapping', 'sum_it', 'scheduled__2022-05-04T00:00:00+00:00', '--job-id', '583', '--raw', '--subdir', '/home/sathya/projects/training-kit/.venv-airflow/lib/python3.10/site-packages/airflow/example_dags/example_dynamic_task_mapping.py', '--cfg-path', '/tmp/tmp9x3j4ow6']
[2026-03-10T23:08:51.281+0530] {standard_task_runner.py:91} INFO - Job 583: Subtask sum_it
[2026-03-10T23:08:51.347+0530] {task_command.py:426} INFO - Running <TaskInstance: example_dynamic_task_mapping.sum_it scheduled__2022-05-04T00:00:00+00:00 [running]> on host LAPTOP-A1PMOBSE.localdomain
[2026-03-10T23:08:51.461+0530] {taskinstance.py:2648} INFO - Exporting env vars: AIRFLOW_CTX_DAG_OWNER='airflow' AIRFLOW_CTX_DAG_ID='example_dynamic_task_mapping' AIRFLOW_CTX_TASK_ID='sum_it' AIRFLOW_CTX_EXECUTION_DATE='2022-05-04T00:00:00+00:00' AIRFLOW_CTX_TRY_NUMBER='1' AIRFLOW_CTX_DAG_RUN_ID='scheduled__2022-05-04T00:00:00+00:00'
[2026-03-10T23:08:51.463+0530] {taskinstance.py:430} INFO - ::endgroup::
[2026-03-10T23:08:51.471+0530] {logging_mixin.py:188} INFO - Total was 9
[2026-03-10T23:08:51.471+0530] {python.py:237} INFO - Done. Returned value was: None
[2026-03-10T23:08:51.471+0530] {taskinstance.py:441} INFO - ::group::Post task execution logs
[2026-03-10T23:08:51.479+0530] {taskinstance.py:1206} INFO - Marking task as SUCCESS. dag_id=example_dynamic_task_mapping, task_id=sum_it, run_id=scheduled__2022-05-04T00:00:00+00:00, execution_date=20220504T000000, start_date=20260310T173851, end_date=20260310T173851
[2026-03-10T23:08:51.548+0530] {local_task_job_runner.py:243} INFO - Task exited with return code 0
[2026-03-10T23:08:51.574+0530] {taskinstance.py:3503} INFO - 0 downstream tasks scheduled from follow-on schedule check
[2026-03-10T23:08:51.575+0530] {local_task_job_runner.py:222} INFO - ::endgroup::
