[2025-12-26T22:46:33.213+0530] {local_task_job_runner.py:120} INFO - ::group::Pre task execution logs
[2025-12-26T22:46:33.228+0530] {taskinstance.py:2076} INFO - Dependencies all met for dep_context=non-requeueable deps ti=<TaskInstance: example_dynamic_task_mapping.sum_it scheduled__2022-08-22T00:00:00+00:00 [queued]>
[2025-12-26T22:46:33.232+0530] {taskinstance.py:2076} INFO - Dependencies all met for dep_context=requeueable deps ti=<TaskInstance: example_dynamic_task_mapping.sum_it scheduled__2022-08-22T00:00:00+00:00 [queued]>
[2025-12-26T22:46:33.232+0530] {taskinstance.py:2306} INFO - Starting attempt 1 of 1
[2025-12-26T22:46:33.246+0530] {taskinstance.py:2330} INFO - Executing <Task(_PythonDecoratedOperator): sum_it> on 2022-08-22 00:00:00+00:00
[2025-12-26T22:46:33.249+0530] {standard_task_runner.py:64} INFO - Started process 9088 to run task
[2025-12-26T22:46:33.252+0530] {standard_task_runner.py:90} INFO - Running: ['airflow', 'tasks', 'run', 'example_dynamic_task_mapping', 'sum_it', 'scheduled__2022-08-22T00:00:00+00:00', '--job-id', '1025', '--raw', '--subdir', '/home/sathya/projects/training-kit/.venv-airflow/lib/python3.10/site-packages/airflow/example_dags/example_dynamic_task_mapping.py', '--cfg-path', '/tmp/tmpjohsavmg']
[2025-12-26T22:46:33.252+0530] {standard_task_runner.py:91} INFO - Job 1025: Subtask sum_it
[2025-12-26T22:46:33.281+0530] {task_command.py:426} INFO - Running <TaskInstance: example_dynamic_task_mapping.sum_it scheduled__2022-08-22T00:00:00+00:00 [running]> on host LAPTOP-A1PMOBSE.localdomain
[2025-12-26T22:46:33.342+0530] {taskinstance.py:2648} INFO - Exporting env vars: AIRFLOW_CTX_DAG_OWNER='airflow' AIRFLOW_CTX_DAG_ID='example_dynamic_task_mapping' AIRFLOW_CTX_TASK_ID='sum_it' AIRFLOW_CTX_EXECUTION_DATE='2022-08-22T00:00:00+00:00' AIRFLOW_CTX_TRY_NUMBER='1' AIRFLOW_CTX_DAG_RUN_ID='scheduled__2022-08-22T00:00:00+00:00'
[2025-12-26T22:46:33.343+0530] {taskinstance.py:430} INFO - ::endgroup::
[2025-12-26T22:46:33.345+0530] {logging_mixin.py:188} INFO - Total was 9
[2025-12-26T22:46:33.345+0530] {python.py:237} INFO - Done. Returned value was: None
[2025-12-26T22:46:33.345+0530] {taskinstance.py:441} INFO - ::group::Post task execution logs
[2025-12-26T22:46:33.348+0530] {taskinstance.py:1206} INFO - Marking task as SUCCESS. dag_id=example_dynamic_task_mapping, task_id=sum_it, run_id=scheduled__2022-08-22T00:00:00+00:00, execution_date=20220822T000000, start_date=20251226T171633, end_date=20251226T171633
[2025-12-26T22:46:33.395+0530] {local_task_job_runner.py:243} INFO - Task exited with return code 0
[2025-12-26T22:46:33.411+0530] {taskinstance.py:3503} INFO - 0 downstream tasks scheduled from follow-on schedule check
[2025-12-26T22:46:33.412+0530] {local_task_job_runner.py:222} INFO - ::endgroup::
[2026-03-10T23:37:15.534+0530] {local_task_job_runner.py:120} INFO - ::group::Pre task execution logs
[2026-03-10T23:37:15.594+0530] {taskinstance.py:2076} INFO - Dependencies all met for dep_context=non-requeueable deps ti=<TaskInstance: example_dynamic_task_mapping.sum_it scheduled__2022-08-22T00:00:00+00:00 [queued]>
[2026-03-10T23:37:15.607+0530] {taskinstance.py:2076} INFO - Dependencies all met for dep_context=requeueable deps ti=<TaskInstance: example_dynamic_task_mapping.sum_it scheduled__2022-08-22T00:00:00+00:00 [queued]>
[2026-03-10T23:37:15.607+0530] {taskinstance.py:2306} INFO - Starting attempt 1 of 1
[2026-03-10T23:37:15.640+0530] {taskinstance.py:2330} INFO - Executing <Task(_PythonDecoratedOperator): sum_it> on 2022-08-22 00:00:00+00:00
[2026-03-10T23:37:15.650+0530] {standard_task_runner.py:64} INFO - Started process 13430 to run task
[2026-03-10T23:37:15.661+0530] {standard_task_runner.py:90} INFO - Running: ['airflow', 'tasks', 'run', 'example_dynamic_task_mapping', 'sum_it', 'scheduled__2022-08-22T00:00:00+00:00', '--job-id', '1216', '--raw', '--subdir', '/home/sathya/projects/training-kit/.venv-airflow/lib/python3.10/site-packages/airflow/example_dags/example_dynamic_task_mapping.py', '--cfg-path', '/tmp/tmpfs_q6lyd']
[2026-03-10T23:37:15.665+0530] {standard_task_runner.py:91} INFO - Job 1216: Subtask sum_it
[2026-03-10T23:37:15.757+0530] {task_command.py:426} INFO - Running <TaskInstance: example_dynamic_task_mapping.sum_it scheduled__2022-08-22T00:00:00+00:00 [running]> on host LAPTOP-A1PMOBSE.localdomain
[2026-03-10T23:37:15.958+0530] {taskinstance.py:2648} INFO - Exporting env vars: AIRFLOW_CTX_DAG_OWNER='airflow' AIRFLOW_CTX_DAG_ID='example_dynamic_task_mapping' AIRFLOW_CTX_TASK_ID='sum_it' AIRFLOW_CTX_EXECUTION_DATE='2022-08-22T00:00:00+00:00' AIRFLOW_CTX_TRY_NUMBER='1' AIRFLOW_CTX_DAG_RUN_ID='scheduled__2022-08-22T00:00:00+00:00'
[2026-03-10T23:37:15.961+0530] {taskinstance.py:430} INFO - ::endgroup::
[2026-03-10T23:37:15.968+0530] {logging_mixin.py:188} INFO - Total was 9
[2026-03-10T23:37:15.969+0530] {python.py:237} INFO - Done. Returned value was: None
[2026-03-10T23:37:15.969+0530] {taskinstance.py:441} INFO - ::group::Post task execution logs
[2026-03-10T23:37:15.981+0530] {taskinstance.py:1206} INFO - Marking task as SUCCESS. dag_id=example_dynamic_task_mapping, task_id=sum_it, run_id=scheduled__2022-08-22T00:00:00+00:00, execution_date=20220822T000000, start_date=20260310T180715, end_date=20260310T180715
[2026-03-10T23:37:16.018+0530] {local_task_job_runner.py:243} INFO - Task exited with return code 0
[2026-03-10T23:37:16.042+0530] {taskinstance.py:3503} INFO - 0 downstream tasks scheduled from follow-on schedule check
[2026-03-10T23:37:16.044+0530] {local_task_job_runner.py:222} INFO - ::endgroup::
