[2025-12-27T19:33:42.762+0530] {local_task_job_runner.py:120} INFO - ::group::Pre task execution logs
[2025-12-27T19:33:42.788+0530] {taskinstance.py:2076} INFO - Dependencies all met for dep_context=non-requeueable deps ti=<TaskInstance: example_dynamic_task_mapping.add_one scheduled__2022-12-09T00:00:00+00:00 map_index=2 [queued]>
[2025-12-27T19:33:42.794+0530] {taskinstance.py:2076} INFO - Dependencies all met for dep_context=requeueable deps ti=<TaskInstance: example_dynamic_task_mapping.add_one scheduled__2022-12-09T00:00:00+00:00 map_index=2 [queued]>
[2025-12-27T19:33:42.795+0530] {taskinstance.py:2306} INFO - Starting attempt 1 of 1
[2025-12-27T19:33:42.812+0530] {taskinstance.py:2330} INFO - Executing <Mapped(_PythonDecoratedOperator): add_one> on 2022-12-09 00:00:00+00:00
[2025-12-27T19:33:42.816+0530] {standard_task_runner.py:64} INFO - Started process 1377 to run task
[2025-12-27T19:33:42.821+0530] {standard_task_runner.py:90} INFO - Running: ['airflow', 'tasks', 'run', 'example_dynamic_task_mapping', 'add_one', 'scheduled__2022-12-09T00:00:00+00:00', '--job-id', '1779', '--raw', '--subdir', '/home/sathya/projects/training-kit/.venv-airflow/lib/python3.10/site-packages/airflow/example_dags/example_dynamic_task_mapping.py', '--cfg-path', '/tmp/tmpacctp4tt', '--map-index', '2']
[2025-12-27T19:33:42.821+0530] {standard_task_runner.py:91} INFO - Job 1779: Subtask add_one
[2025-12-27T19:33:42.865+0530] {task_command.py:426} INFO - Running <TaskInstance: example_dynamic_task_mapping.add_one scheduled__2022-12-09T00:00:00+00:00 map_index=2 [running]> on host LAPTOP-A1PMOBSE.localdomain
[2025-12-27T19:33:42.949+0530] {taskinstance.py:2648} INFO - Exporting env vars: AIRFLOW_CTX_DAG_OWNER='airflow' AIRFLOW_CTX_DAG_ID='example_dynamic_task_mapping' AIRFLOW_CTX_TASK_ID='add_one' AIRFLOW_CTX_EXECUTION_DATE='2022-12-09T00:00:00+00:00' AIRFLOW_CTX_TRY_NUMBER='1' AIRFLOW_CTX_DAG_RUN_ID='scheduled__2022-12-09T00:00:00+00:00'
[2025-12-27T19:33:42.950+0530] {taskinstance.py:430} INFO - ::endgroup::
[2025-12-27T19:33:42.951+0530] {python.py:237} INFO - Done. Returned value was: 4
[2025-12-27T19:33:42.951+0530] {taskinstance.py:441} INFO - ::group::Post task execution logs
[2025-12-27T19:33:42.968+0530] {taskinstance.py:1206} INFO - Marking task as SUCCESS. dag_id=example_dynamic_task_mapping, task_id=add_one, run_id=scheduled__2022-12-09T00:00:00+00:00, map_index=2, execution_date=20221209T000000, start_date=20251227T140342, end_date=20251227T140342
[2025-12-27T19:33:42.993+0530] {local_task_job_runner.py:243} INFO - Task exited with return code 0
[2025-12-27T19:33:43.012+0530] {taskinstance.py:3503} INFO - 1 downstream tasks scheduled from follow-on schedule check
[2025-12-27T19:33:43.029+0530] {local_task_job_runner.py:222} INFO - ::endgroup::
[2026-03-11T22:48:39.621+0530] {local_task_job_runner.py:120} INFO - ::group::Pre task execution logs
[2026-03-11T22:48:39.639+0530] {taskinstance.py:2076} INFO - Dependencies all met for dep_context=non-requeueable deps ti=<TaskInstance: example_dynamic_task_mapping.add_one scheduled__2022-12-09T00:00:00+00:00 map_index=2 [queued]>
[2026-03-11T22:48:39.643+0530] {taskinstance.py:2076} INFO - Dependencies all met for dep_context=requeueable deps ti=<TaskInstance: example_dynamic_task_mapping.add_one scheduled__2022-12-09T00:00:00+00:00 map_index=2 [queued]>
[2026-03-11T22:48:39.643+0530] {taskinstance.py:2306} INFO - Starting attempt 1 of 1
[2026-03-11T22:48:39.658+0530] {taskinstance.py:2330} INFO - Executing <Mapped(_PythonDecoratedOperator): add_one> on 2022-12-09 00:00:00+00:00
[2026-03-11T22:48:39.661+0530] {standard_task_runner.py:64} INFO - Started process 10703 to run task
[2026-03-11T22:48:39.664+0530] {standard_task_runner.py:90} INFO - Running: ['airflow', 'tasks', 'run', 'example_dynamic_task_mapping', 'add_one', 'scheduled__2022-12-09T00:00:00+00:00', '--job-id', '2086', '--raw', '--subdir', '/home/sathya/projects/training-kit/.venv-airflow/lib/python3.10/site-packages/airflow/example_dags/example_dynamic_task_mapping.py', '--cfg-path', '/tmp/tmpegd3m650', '--map-index', '2']
[2026-03-11T22:48:39.666+0530] {standard_task_runner.py:91} INFO - Job 2086: Subtask add_one
[2026-03-11T22:48:39.700+0530] {task_command.py:426} INFO - Running <TaskInstance: example_dynamic_task_mapping.add_one scheduled__2022-12-09T00:00:00+00:00 map_index=2 [running]> on host LAPTOP-A1PMOBSE.localdomain
[2026-03-11T22:48:39.768+0530] {taskinstance.py:2648} INFO - Exporting env vars: AIRFLOW_CTX_DAG_OWNER='airflow' AIRFLOW_CTX_DAG_ID='example_dynamic_task_mapping' AIRFLOW_CTX_TASK_ID='add_one' AIRFLOW_CTX_EXECUTION_DATE='2022-12-09T00:00:00+00:00' AIRFLOW_CTX_TRY_NUMBER='1' AIRFLOW_CTX_DAG_RUN_ID='scheduled__2022-12-09T00:00:00+00:00'
[2026-03-11T22:48:39.769+0530] {taskinstance.py:430} INFO - ::endgroup::
[2026-03-11T22:48:39.770+0530] {python.py:237} INFO - Done. Returned value was: 4
[2026-03-11T22:48:39.770+0530] {taskinstance.py:441} INFO - ::group::Post task execution logs
[2026-03-11T22:48:39.785+0530] {taskinstance.py:1206} INFO - Marking task as SUCCESS. dag_id=example_dynamic_task_mapping, task_id=add_one, run_id=scheduled__2022-12-09T00:00:00+00:00, map_index=2, execution_date=20221209T000000, start_date=20260311T171839, end_date=20260311T171839
[2026-03-11T22:48:39.807+0530] {local_task_job_runner.py:243} INFO - Task exited with return code 0
[2026-03-11T22:48:39.821+0530] {taskinstance.py:3503} INFO - 1 downstream tasks scheduled from follow-on schedule check
[2026-03-11T22:48:39.828+0530] {local_task_job_runner.py:222} INFO - ::endgroup::
