[2025-12-27T19:15:56.639+0530] {local_task_job_runner.py:120} INFO - ::group::Pre task execution logs
[2025-12-27T19:15:56.664+0530] {taskinstance.py:2076} INFO - Dependencies all met for dep_context=non-requeueable deps ti=<TaskInstance: daily_elt.meltano_extract scheduled__2025-12-26T00:00:00+00:00 [queued]>
[2025-12-27T19:15:56.672+0530] {taskinstance.py:2076} INFO - Dependencies all met for dep_context=requeueable deps ti=<TaskInstance: daily_elt.meltano_extract scheduled__2025-12-26T00:00:00+00:00 [queued]>
[2025-12-27T19:15:56.672+0530] {taskinstance.py:2306} INFO - Starting attempt 1 of 2
[2025-12-27T19:15:56.699+0530] {taskinstance.py:2330} INFO - Executing <Task(BashOperator): meltano_extract> on 2025-12-26 00:00:00+00:00
[2025-12-27T19:15:56.704+0530] {standard_task_runner.py:64} INFO - Started process 844 to run task
[2025-12-27T19:15:56.712+0530] {standard_task_runner.py:90} INFO - Running: ['airflow', 'tasks', 'run', 'daily_elt', 'meltano_extract', 'scheduled__2025-12-26T00:00:00+00:00', '--job-id', '1602', '--raw', '--subdir', 'DAGS_FOLDER/elt_dag.py', '--cfg-path', '/tmp/tmp06dh0aqd']
[2025-12-27T19:15:56.713+0530] {standard_task_runner.py:91} INFO - Job 1602: Subtask meltano_extract
[2025-12-27T19:15:56.779+0530] {task_command.py:426} INFO - Running <TaskInstance: daily_elt.meltano_extract scheduled__2025-12-26T00:00:00+00:00 [running]> on host LAPTOP-A1PMOBSE.localdomain
[2025-12-27T19:15:56.872+0530] {taskinstance.py:2648} INFO - Exporting env vars: AIRFLOW_CTX_DAG_OWNER='data-eng' AIRFLOW_CTX_DAG_ID='daily_elt' AIRFLOW_CTX_TASK_ID='meltano_extract' AIRFLOW_CTX_EXECUTION_DATE='2025-12-26T00:00:00+00:00' AIRFLOW_CTX_TRY_NUMBER='1' AIRFLOW_CTX_DAG_RUN_ID='scheduled__2025-12-26T00:00:00+00:00'
[2025-12-27T19:15:56.874+0530] {taskinstance.py:430} INFO - ::endgroup::
[2025-12-27T19:15:56.876+0530] {subprocess.py:63} INFO - Tmp dir root location: /tmp
[2025-12-27T19:15:56.876+0530] {subprocess.py:75} INFO - Running command: ['/usr/bin/bash', '-c', 'cd ~/projects/training-kit/training-meltano && meltano elt tap-csv target-postgres']
[2025-12-27T19:15:56.884+0530] {subprocess.py:86} INFO - Output:
[2025-12-27T19:15:58.365+0530] {subprocess.py:93} INFO - [2m2025-12-27T13:45:58.364776Z[0m [[32m[1minfo     [0m] [1mEnvironment 'dev' is active   [0m
[2025-12-27T19:15:58.558+0530] {subprocess.py:93} INFO - [2m2025-12-27T13:45:58.558550Z[0m [[33m[1mwarning  [0m] [1mThe `elt` command is deprecated in favor of `el`[0m
[2025-12-27T19:15:59.044+0530] {subprocess.py:93} INFO - [2m2025-12-27T13:45:59.044400Z[0m [[32m[1minfo     [0m] [1mRunning extract & load...     [0m [36mname[0m=[35mmeltano[0m
[2025-12-27T19:16:00.219+0530] {subprocess.py:93} INFO - [2m2025-12-27T13:46:00.218749Z[0m [[32m[1minfo     [0m] [1mtap-csv v1.2.0, Meltano SDK v0.53.4[0m [36mname[0m=[35mtap-csv[0m
[2025-12-27T19:16:00.219+0530] {subprocess.py:93} INFO - [2m2025-12-27T13:46:00.219249Z[0m [[32m[1minfo     [0m] [1mSkipping parse of env var settings...[0m [36mname[0m=[35mtap-csv[0m
[2025-12-27T19:16:00.219+0530] {subprocess.py:93} INFO - [2m2025-12-27T13:46:00.219539Z[0m [[32m[1minfo     [0m] [1mBeginning sync of 'people' in full_table mode[0m [36mname[0m=[35mtap-csv[0m
[2025-12-27T19:16:00.221+0530] {subprocess.py:93} INFO - [2m2025-12-27T13:46:00.221545Z[0m [[32m[1minfo     [0m] [1mMETRIC: {"type":"timer","metric":"sync_duration","value":0.0009698867797851562,"tags":{"stream":"people","pid":849,"context":{},"status":"succeeded"}}[0m [36mname[0m=[35mtap-csv[0m
[2025-12-27T19:16:00.222+0530] {subprocess.py:93} INFO - [2m2025-12-27T13:46:00.222129Z[0m [[32m[1minfo     [0m] [1mMETRIC: {"type":"counter","metric":"record_count","value":3,"tags":{"stream":"people","pid":849,"context":{}}}[0m [36mname[0m=[35mtap-csv[0m
[2025-12-27T19:16:00.746+0530] {subprocess.py:93} INFO - [2m2025-12-27T13:46:00.746269Z[0m [[32m[1minfo     [0m] [1mtarget-postgres v0.6.3, Meltano SDK v0.53.4[0m [36mname[0m=[35mtarget-postgres[0m
[2025-12-27T19:16:00.747+0530] {subprocess.py:93} INFO - [2m2025-12-27T13:46:00.746746Z[0m [[32m[1minfo     [0m] [1mSkipping parse of env var settings...[0m [36mname[0m=[35mtarget-postgres[0m
[2025-12-27T19:16:00.747+0530] {subprocess.py:93} INFO - [2m2025-12-27T13:46:00.747106Z[0m [[33m[1mwarning  [0m] [1mThe `dialect+driver` configuration option is deprecated. Please set it to `postgresql+psycopg`, as this will be the hard-coded value in the future.[0m [36mname[0m=[35mtarget-postgres[0m
[2025-12-27T19:16:01.002+0530] {subprocess.py:93} INFO - [2m2025-12-27T13:46:01.002039Z[0m [[32m[1minfo     [0m] [1mReader 'target-postgres' completed processing 5 lines of input (1 schemas, 3 records, 0 batch manifests, 1 state messages, 0 activate version messages).[0m [36mname[0m=[35mtarget-postgres[0m
[2025-12-27T19:16:01.061+0530] {subprocess.py:93} INFO - [2m2025-12-27T13:46:01.061016Z[0m [[32m[1minfo     [0m] [1mInserting with SQL: INSERT INTO "27848c8b_6000_4707_a2a8_90ef6dc036f8" (id, name, age, _sdc_extracted_at, _sdc_received_at, _sdc_batched_at, _sdc_deleted_at, _sdc_sequence, _sdc_table_version, _sdc_sync_started_at) VALUES (:id, :name, :age, :_sdc_extracted_at, :_sdc_received_at, :_sdc_batched_at, :_sdc_deleted_at, :_sdc_sequence, :_sdc_table_version, :_sdc_sync_started_at)[0m [36mname[0m=[35mtarget-postgres[0m
[2025-12-27T19:16:01.078+0530] {subprocess.py:93} INFO - [2m2025-12-27T13:46:01.078259Z[0m [[32m[1minfo     [0m] [1mMETRIC                        [0m [36mmetric_name[0m=[35mbatch_processing_time[0m [36mmetric_value[0m=[35m0.06888842582702637[0m [36mname[0m=[35mtarget-postgres[0m
[2025-12-27T19:16:01.083+0530] {subprocess.py:93} INFO - [2m2025-12-27T13:46:01.082903Z[0m [[32m[1minfo     [0m] [1mMETRIC                        [0m [36mmetric_name[0m=[35mrecord_count[0m [36mmetric_value[0m=[35m3[0m [36mname[0m=[35mtarget-postgres[0m
[2025-12-27T19:16:01.102+0530] {subprocess.py:93} INFO - [2m2025-12-27T13:46:01.102116Z[0m [[32m[1minfo     [0m] [1mUsing systemdb state backend  [0m
[2025-12-27T19:16:01.118+0530] {subprocess.py:93} INFO - [2m2025-12-27T13:46:01.118461Z[0m [[32m[1minfo     [0m] [1mIncremental state has been updated at 2025-12-27 13:46:01.118405+00:00.[0m
[2025-12-27T19:16:01.274+0530] {subprocess.py:93} INFO - [2m2025-12-27T13:46:01.273654Z[0m [[32m[1minfo     [0m] [1mExtract & load complete!      [0m [36mname[0m=[35mmeltano[0m
[2025-12-27T19:16:01.275+0530] {subprocess.py:93} INFO - [2m2025-12-27T13:46:01.274379Z[0m [[32m[1minfo     [0m] [1mTransformation skipped.       [0m [36mname[0m=[35mmeltano[0m
[2025-12-27T19:16:02.872+0530] {subprocess.py:97} INFO - Command exited with return code 0
[2025-12-27T19:16:02.872+0530] {taskinstance.py:441} INFO - ::group::Post task execution logs
[2025-12-27T19:16:02.904+0530] {taskinstance.py:1206} INFO - Marking task as SUCCESS. dag_id=daily_elt, task_id=meltano_extract, run_id=scheduled__2025-12-26T00:00:00+00:00, execution_date=20251226T000000, start_date=20251227T134556, end_date=20251227T134602
[2025-12-27T19:16:02.954+0530] {local_task_job_runner.py:243} INFO - Task exited with return code 0
[2025-12-27T19:16:02.976+0530] {taskinstance.py:3503} INFO - 0 downstream tasks scheduled from follow-on schedule check
[2025-12-27T19:16:02.976+0530] {local_task_job_runner.py:222} INFO - ::endgroup::
