[2025-12-27T19:09:34.044+0530] {local_task_job_runner.py:120} INFO - ::group::Pre task execution logs
[2025-12-27T19:09:34.068+0530] {taskinstance.py:2076} INFO - Dependencies all met for dep_context=non-requeueable deps ti=<TaskInstance: example_setup_teardown.root_setup scheduled__2025-12-26T00:00:00+00:00 [queued]>
[2025-12-27T19:09:34.072+0530] {taskinstance.py:2076} INFO - Dependencies all met for dep_context=requeueable deps ti=<TaskInstance: example_setup_teardown.root_setup scheduled__2025-12-26T00:00:00+00:00 [queued]>
[2025-12-27T19:09:34.073+0530] {taskinstance.py:2306} INFO - Starting attempt 1 of 1
[2025-12-27T19:09:34.091+0530] {taskinstance.py:2330} INFO - Executing <Task(BashOperator): root_setup> on 2025-12-26 00:00:00+00:00
[2025-12-27T19:09:34.099+0530] {standard_task_runner.py:90} INFO - Running: ['airflow', 'tasks', 'run', 'example_setup_teardown', 'root_setup', 'scheduled__2025-12-26T00:00:00+00:00', '--job-id', '1501', '--raw', '--subdir', '/home/sathya/projects/training-kit/.venv-airflow/lib/python3.10/site-packages/airflow/example_dags/example_setup_teardown.py', '--cfg-path', '/tmp/tmpempptaow']
[2025-12-27T19:09:34.100+0530] {standard_task_runner.py:91} INFO - Job 1501: Subtask root_setup
[2025-12-27T19:09:34.104+0530] {standard_task_runner.py:64} INFO - Started process 567 to run task
[2025-12-27T19:09:34.146+0530] {task_command.py:426} INFO - Running <TaskInstance: example_setup_teardown.root_setup scheduled__2025-12-26T00:00:00+00:00 [running]> on host LAPTOP-A1PMOBSE.localdomain
[2025-12-27T19:09:34.210+0530] {taskinstance.py:2648} INFO - Exporting env vars: AIRFLOW_CTX_DAG_OWNER='airflow' AIRFLOW_CTX_DAG_ID='example_setup_teardown' AIRFLOW_CTX_TASK_ID='root_setup' AIRFLOW_CTX_EXECUTION_DATE='2025-12-26T00:00:00+00:00' AIRFLOW_CTX_TRY_NUMBER='1' AIRFLOW_CTX_DAG_RUN_ID='scheduled__2025-12-26T00:00:00+00:00'
[2025-12-27T19:09:34.211+0530] {taskinstance.py:430} INFO - ::endgroup::
[2025-12-27T19:09:34.211+0530] {subprocess.py:63} INFO - Tmp dir root location: /tmp
[2025-12-27T19:09:34.212+0530] {subprocess.py:75} INFO - Running command: ['/usr/bin/bash', '-c', "echo 'Hello from root_setup'"]
[2025-12-27T19:09:34.217+0530] {subprocess.py:86} INFO - Output:
[2025-12-27T19:09:34.218+0530] {subprocess.py:93} INFO - Hello from root_setup
[2025-12-27T19:09:34.218+0530] {subprocess.py:97} INFO - Command exited with return code 0
[2025-12-27T19:09:34.219+0530] {taskinstance.py:441} INFO - ::group::Post task execution logs
[2025-12-27T19:09:34.237+0530] {taskinstance.py:1206} INFO - Marking task as SUCCESS. dag_id=example_setup_teardown, task_id=root_setup, run_id=scheduled__2025-12-26T00:00:00+00:00, execution_date=20251226T000000, start_date=20251227T133934, end_date=20251227T133934
[2025-12-27T19:09:34.280+0530] {local_task_job_runner.py:243} INFO - Task exited with return code 0
[2025-12-27T19:09:34.307+0530] {taskinstance.py:3503} INFO - 1 downstream tasks scheduled from follow-on schedule check
[2025-12-27T19:09:34.314+0530] {local_task_job_runner.py:222} INFO - ::endgroup::
