[2025-12-27T19:42:00.049+0530] {local_task_job_runner.py:120} INFO - ::group::Pre task execution logs
[2025-12-27T19:42:00.074+0530] {taskinstance.py:2076} INFO - Dependencies all met for dep_context=non-requeueable deps ti=<TaskInstance: example_dynamic_task_mapping.sum_it scheduled__2022-12-28T00:00:00+00:00 [queued]>
[2025-12-27T19:42:00.080+0530] {taskinstance.py:2076} INFO - Dependencies all met for dep_context=requeueable deps ti=<TaskInstance: example_dynamic_task_mapping.sum_it scheduled__2022-12-28T00:00:00+00:00 [queued]>
[2025-12-27T19:42:00.080+0530] {taskinstance.py:2306} INFO - Starting attempt 1 of 1
[2025-12-27T19:42:00.106+0530] {taskinstance.py:2330} INFO - Executing <Task(_PythonDecoratedOperator): sum_it> on 2022-12-28 00:00:00+00:00
[2025-12-27T19:42:00.109+0530] {standard_task_runner.py:64} INFO - Started process 1700 to run task
[2025-12-27T19:42:00.114+0530] {standard_task_runner.py:90} INFO - Running: ['airflow', 'tasks', 'run', 'example_dynamic_task_mapping', 'sum_it', 'scheduled__2022-12-28T00:00:00+00:00', '--job-id', '1897', '--raw', '--subdir', '/home/sathya/projects/training-kit/.venv-airflow/lib/python3.10/site-packages/airflow/example_dags/example_dynamic_task_mapping.py', '--cfg-path', '/tmp/tmpj1qxbeow']
[2025-12-27T19:42:00.114+0530] {standard_task_runner.py:91} INFO - Job 1897: Subtask sum_it
[2025-12-27T19:42:00.158+0530] {task_command.py:426} INFO - Running <TaskInstance: example_dynamic_task_mapping.sum_it scheduled__2022-12-28T00:00:00+00:00 [running]> on host LAPTOP-A1PMOBSE.localdomain
[2025-12-27T19:42:00.260+0530] {taskinstance.py:2648} INFO - Exporting env vars: AIRFLOW_CTX_DAG_OWNER='airflow' AIRFLOW_CTX_DAG_ID='example_dynamic_task_mapping' AIRFLOW_CTX_TASK_ID='sum_it' AIRFLOW_CTX_EXECUTION_DATE='2022-12-28T00:00:00+00:00' AIRFLOW_CTX_TRY_NUMBER='1' AIRFLOW_CTX_DAG_RUN_ID='scheduled__2022-12-28T00:00:00+00:00'
[2025-12-27T19:42:00.262+0530] {taskinstance.py:430} INFO - ::endgroup::
[2025-12-27T19:42:00.265+0530] {logging_mixin.py:188} INFO - Total was 9
[2025-12-27T19:42:00.265+0530] {python.py:237} INFO - Done. Returned value was: None
[2025-12-27T19:42:00.265+0530] {taskinstance.py:441} INFO - ::group::Post task execution logs
[2025-12-27T19:42:00.269+0530] {taskinstance.py:1206} INFO - Marking task as SUCCESS. dag_id=example_dynamic_task_mapping, task_id=sum_it, run_id=scheduled__2022-12-28T00:00:00+00:00, execution_date=20221228T000000, start_date=20251227T141200, end_date=20251227T141200
[2025-12-27T19:42:00.328+0530] {local_task_job_runner.py:243} INFO - Task exited with return code 0
[2025-12-27T19:42:00.344+0530] {taskinstance.py:3503} INFO - 0 downstream tasks scheduled from follow-on schedule check
[2025-12-27T19:42:00.345+0530] {local_task_job_runner.py:222} INFO - ::endgroup::
[2026-03-11T22:55:34.449+0530] {local_task_job_runner.py:120} INFO - ::group::Pre task execution logs
[2026-03-11T22:55:34.464+0530] {taskinstance.py:2076} INFO - Dependencies all met for dep_context=non-requeueable deps ti=<TaskInstance: example_dynamic_task_mapping.sum_it scheduled__2022-12-28T00:00:00+00:00 [queued]>
[2026-03-11T22:55:34.468+0530] {taskinstance.py:2076} INFO - Dependencies all met for dep_context=requeueable deps ti=<TaskInstance: example_dynamic_task_mapping.sum_it scheduled__2022-12-28T00:00:00+00:00 [queued]>
[2026-03-11T22:55:34.469+0530] {taskinstance.py:2306} INFO - Starting attempt 1 of 1
[2026-03-11T22:55:34.484+0530] {taskinstance.py:2330} INFO - Executing <Task(_PythonDecoratedOperator): sum_it> on 2022-12-28 00:00:00+00:00
[2026-03-11T22:55:34.488+0530] {standard_task_runner.py:64} INFO - Started process 11841 to run task
[2026-03-11T22:55:34.491+0530] {standard_task_runner.py:90} INFO - Running: ['airflow', 'tasks', 'run', 'example_dynamic_task_mapping', 'sum_it', 'scheduled__2022-12-28T00:00:00+00:00', '--job-id', '2199', '--raw', '--subdir', '/home/sathya/projects/training-kit/.venv-airflow/lib/python3.10/site-packages/airflow/example_dags/example_dynamic_task_mapping.py', '--cfg-path', '/tmp/tmp9ab9m6vv']
[2026-03-11T22:55:34.492+0530] {standard_task_runner.py:91} INFO - Job 2199: Subtask sum_it
[2026-03-11T22:55:34.524+0530] {task_command.py:426} INFO - Running <TaskInstance: example_dynamic_task_mapping.sum_it scheduled__2022-12-28T00:00:00+00:00 [running]> on host LAPTOP-A1PMOBSE.localdomain
[2026-03-11T22:55:34.598+0530] {taskinstance.py:2648} INFO - Exporting env vars: AIRFLOW_CTX_DAG_OWNER='airflow' AIRFLOW_CTX_DAG_ID='example_dynamic_task_mapping' AIRFLOW_CTX_TASK_ID='sum_it' AIRFLOW_CTX_EXECUTION_DATE='2022-12-28T00:00:00+00:00' AIRFLOW_CTX_TRY_NUMBER='1' AIRFLOW_CTX_DAG_RUN_ID='scheduled__2022-12-28T00:00:00+00:00'
[2026-03-11T22:55:34.599+0530] {taskinstance.py:430} INFO - ::endgroup::
[2026-03-11T22:55:34.601+0530] {logging_mixin.py:188} INFO - Total was 9
[2026-03-11T22:55:34.602+0530] {python.py:237} INFO - Done. Returned value was: None
[2026-03-11T22:55:34.602+0530] {taskinstance.py:441} INFO - ::group::Post task execution logs
[2026-03-11T22:55:34.605+0530] {taskinstance.py:1206} INFO - Marking task as SUCCESS. dag_id=example_dynamic_task_mapping, task_id=sum_it, run_id=scheduled__2022-12-28T00:00:00+00:00, execution_date=20221228T000000, start_date=20260311T172534, end_date=20260311T172534
[2026-03-11T22:55:34.626+0530] {local_task_job_runner.py:243} INFO - Task exited with return code 0
[2026-03-11T22:55:34.633+0530] {taskinstance.py:3503} INFO - 0 downstream tasks scheduled from follow-on schedule check
[2026-03-11T22:55:34.634+0530] {local_task_job_runner.py:222} INFO - ::endgroup::
