[2025-12-26T22:25:58.856+0530] {local_task_job_runner.py:120} INFO - ::group::Pre task execution logs
[2025-12-26T22:25:58.877+0530] {taskinstance.py:2076} INFO - Dependencies all met for dep_context=non-requeueable deps ti=<TaskInstance: example_dynamic_task_mapping.sum_it scheduled__2022-06-03T00:00:00+00:00 [queued]>
[2025-12-26T22:25:58.882+0530] {taskinstance.py:2076} INFO - Dependencies all met for dep_context=requeueable deps ti=<TaskInstance: example_dynamic_task_mapping.sum_it scheduled__2022-06-03T00:00:00+00:00 [queued]>
[2025-12-26T22:25:58.882+0530] {taskinstance.py:2306} INFO - Starting attempt 1 of 1
[2025-12-26T22:25:58.900+0530] {taskinstance.py:2330} INFO - Executing <Task(_PythonDecoratedOperator): sum_it> on 2022-06-03 00:00:00+00:00
[2025-12-26T22:25:58.905+0530] {standard_task_runner.py:64} INFO - Started process 6592 to run task
[2025-12-26T22:25:58.908+0530] {standard_task_runner.py:90} INFO - Running: ['airflow', 'tasks', 'run', 'example_dynamic_task_mapping', 'sum_it', 'scheduled__2022-06-03T00:00:00+00:00', '--job-id', '602', '--raw', '--subdir', '/home/sathya/projects/training-kit/.venv-airflow/lib/python3.10/site-packages/airflow/example_dags/example_dynamic_task_mapping.py', '--cfg-path', '/tmp/tmpj55oo3fh']
[2025-12-26T22:25:58.909+0530] {standard_task_runner.py:91} INFO - Job 602: Subtask sum_it
[2025-12-26T22:25:58.951+0530] {task_command.py:426} INFO - Running <TaskInstance: example_dynamic_task_mapping.sum_it scheduled__2022-06-03T00:00:00+00:00 [running]> on host LAPTOP-A1PMOBSE.localdomain
[2025-12-26T22:25:59.031+0530] {taskinstance.py:2648} INFO - Exporting env vars: AIRFLOW_CTX_DAG_OWNER='airflow' AIRFLOW_CTX_DAG_ID='example_dynamic_task_mapping' AIRFLOW_CTX_TASK_ID='sum_it' AIRFLOW_CTX_EXECUTION_DATE='2022-06-03T00:00:00+00:00' AIRFLOW_CTX_TRY_NUMBER='1' AIRFLOW_CTX_DAG_RUN_ID='scheduled__2022-06-03T00:00:00+00:00'
[2025-12-26T22:25:59.032+0530] {taskinstance.py:430} INFO - ::endgroup::
[2025-12-26T22:25:59.034+0530] {logging_mixin.py:188} INFO - Total was 9
[2025-12-26T22:25:59.035+0530] {python.py:237} INFO - Done. Returned value was: None
[2025-12-26T22:25:59.035+0530] {taskinstance.py:441} INFO - ::group::Post task execution logs
[2025-12-26T22:25:59.038+0530] {taskinstance.py:1206} INFO - Marking task as SUCCESS. dag_id=example_dynamic_task_mapping, task_id=sum_it, run_id=scheduled__2022-06-03T00:00:00+00:00, execution_date=20220603T000000, start_date=20251226T165558, end_date=20251226T165559
[2025-12-26T22:25:59.093+0530] {local_task_job_runner.py:243} INFO - Task exited with return code 0
[2025-12-26T22:25:59.108+0530] {taskinstance.py:3503} INFO - 0 downstream tasks scheduled from follow-on schedule check
[2025-12-26T22:25:59.109+0530] {local_task_job_runner.py:222} INFO - ::endgroup::
[2026-03-10T23:15:40.073+0530] {local_task_job_runner.py:120} INFO - ::group::Pre task execution logs
[2026-03-10T23:15:40.099+0530] {taskinstance.py:2076} INFO - Dependencies all met for dep_context=non-requeueable deps ti=<TaskInstance: example_dynamic_task_mapping.sum_it scheduled__2022-06-03T00:00:00+00:00 [queued]>
[2026-03-10T23:15:40.109+0530] {taskinstance.py:2076} INFO - Dependencies all met for dep_context=requeueable deps ti=<TaskInstance: example_dynamic_task_mapping.sum_it scheduled__2022-06-03T00:00:00+00:00 [queued]>
[2026-03-10T23:15:40.109+0530] {taskinstance.py:2306} INFO - Starting attempt 1 of 1
[2026-03-10T23:15:40.134+0530] {taskinstance.py:2330} INFO - Executing <Task(_PythonDecoratedOperator): sum_it> on 2022-06-03 00:00:00+00:00
[2026-03-10T23:15:40.143+0530] {standard_task_runner.py:64} INFO - Started process 8550 to run task
[2026-03-10T23:15:40.148+0530] {standard_task_runner.py:90} INFO - Running: ['airflow', 'tasks', 'run', 'example_dynamic_task_mapping', 'sum_it', 'scheduled__2022-06-03T00:00:00+00:00', '--job-id', '746', '--raw', '--subdir', '/home/sathya/projects/training-kit/.venv-airflow/lib/python3.10/site-packages/airflow/example_dags/example_dynamic_task_mapping.py', '--cfg-path', '/tmp/tmp9xb7btmh']
[2026-03-10T23:15:40.150+0530] {standard_task_runner.py:91} INFO - Job 746: Subtask sum_it
[2026-03-10T23:15:40.210+0530] {task_command.py:426} INFO - Running <TaskInstance: example_dynamic_task_mapping.sum_it scheduled__2022-06-03T00:00:00+00:00 [running]> on host LAPTOP-A1PMOBSE.localdomain
[2026-03-10T23:15:40.311+0530] {taskinstance.py:2648} INFO - Exporting env vars: AIRFLOW_CTX_DAG_OWNER='airflow' AIRFLOW_CTX_DAG_ID='example_dynamic_task_mapping' AIRFLOW_CTX_TASK_ID='sum_it' AIRFLOW_CTX_EXECUTION_DATE='2022-06-03T00:00:00+00:00' AIRFLOW_CTX_TRY_NUMBER='1' AIRFLOW_CTX_DAG_RUN_ID='scheduled__2022-06-03T00:00:00+00:00'
[2026-03-10T23:15:40.313+0530] {taskinstance.py:430} INFO - ::endgroup::
[2026-03-10T23:15:40.317+0530] {logging_mixin.py:188} INFO - Total was 9
[2026-03-10T23:15:40.317+0530] {python.py:237} INFO - Done. Returned value was: None
[2026-03-10T23:15:40.317+0530] {taskinstance.py:441} INFO - ::group::Post task execution logs
[2026-03-10T23:15:40.325+0530] {taskinstance.py:1206} INFO - Marking task as SUCCESS. dag_id=example_dynamic_task_mapping, task_id=sum_it, run_id=scheduled__2022-06-03T00:00:00+00:00, execution_date=20220603T000000, start_date=20260310T174540, end_date=20260310T174540
[2026-03-10T23:15:40.367+0530] {local_task_job_runner.py:243} INFO - Task exited with return code 0
[2026-03-10T23:15:40.382+0530] {taskinstance.py:3503} INFO - 0 downstream tasks scheduled from follow-on schedule check
[2026-03-10T23:15:40.383+0530] {local_task_job_runner.py:222} INFO - ::endgroup::
