[2025-12-26T22:45:36.017+0530] {local_task_job_runner.py:120} INFO - ::group::Pre task execution logs
[2025-12-26T22:45:36.032+0530] {taskinstance.py:2076} INFO - Dependencies all met for dep_context=non-requeueable deps ti=<TaskInstance: example_dynamic_task_mapping.add_one scheduled__2022-08-18T00:00:00+00:00 map_index=1 [queued]>
[2025-12-26T22:45:36.036+0530] {taskinstance.py:2076} INFO - Dependencies all met for dep_context=requeueable deps ti=<TaskInstance: example_dynamic_task_mapping.add_one scheduled__2022-08-18T00:00:00+00:00 map_index=1 [queued]>
[2025-12-26T22:45:36.036+0530] {taskinstance.py:2306} INFO - Starting attempt 1 of 1
[2025-12-26T22:45:36.049+0530] {taskinstance.py:2330} INFO - Executing <Mapped(_PythonDecoratedOperator): add_one> on 2022-08-18 00:00:00+00:00
[2025-12-26T22:45:36.051+0530] {standard_task_runner.py:64} INFO - Started process 8963 to run task
[2025-12-26T22:45:36.054+0530] {standard_task_runner.py:90} INFO - Running: ['airflow', 'tasks', 'run', 'example_dynamic_task_mapping', 'add_one', 'scheduled__2022-08-18T00:00:00+00:00', '--job-id', '1000', '--raw', '--subdir', '/home/sathya/projects/training-kit/.venv-airflow/lib/python3.10/site-packages/airflow/example_dags/example_dynamic_task_mapping.py', '--cfg-path', '/tmp/tmp9470yyrx', '--map-index', '1']
[2025-12-26T22:45:36.054+0530] {standard_task_runner.py:91} INFO - Job 1000: Subtask add_one
[2025-12-26T22:45:36.084+0530] {task_command.py:426} INFO - Running <TaskInstance: example_dynamic_task_mapping.add_one scheduled__2022-08-18T00:00:00+00:00 map_index=1 [running]> on host LAPTOP-A1PMOBSE.localdomain
[2025-12-26T22:45:36.136+0530] {taskinstance.py:2648} INFO - Exporting env vars: AIRFLOW_CTX_DAG_OWNER='airflow' AIRFLOW_CTX_DAG_ID='example_dynamic_task_mapping' AIRFLOW_CTX_TASK_ID='add_one' AIRFLOW_CTX_EXECUTION_DATE='2022-08-18T00:00:00+00:00' AIRFLOW_CTX_TRY_NUMBER='1' AIRFLOW_CTX_DAG_RUN_ID='scheduled__2022-08-18T00:00:00+00:00'
[2025-12-26T22:45:36.136+0530] {taskinstance.py:430} INFO - ::endgroup::
[2025-12-26T22:45:36.137+0530] {python.py:237} INFO - Done. Returned value was: 3
[2025-12-26T22:45:36.137+0530] {taskinstance.py:441} INFO - ::group::Post task execution logs
[2025-12-26T22:45:36.150+0530] {taskinstance.py:1206} INFO - Marking task as SUCCESS. dag_id=example_dynamic_task_mapping, task_id=add_one, run_id=scheduled__2022-08-18T00:00:00+00:00, map_index=1, execution_date=20220818T000000, start_date=20251226T171536, end_date=20251226T171536
[2025-12-26T22:45:36.191+0530] {local_task_job_runner.py:243} INFO - Task exited with return code 0
[2025-12-26T22:45:36.212+0530] {taskinstance.py:3503} INFO - 0 downstream tasks scheduled from follow-on schedule check
[2025-12-26T22:45:36.212+0530] {local_task_job_runner.py:222} INFO - ::endgroup::
[2026-03-10T23:34:46.447+0530] {local_task_job_runner.py:120} INFO - ::group::Pre task execution logs
[2026-03-10T23:34:46.521+0530] {taskinstance.py:2076} INFO - Dependencies all met for dep_context=non-requeueable deps ti=<TaskInstance: example_dynamic_task_mapping.add_one scheduled__2022-08-18T00:00:00+00:00 map_index=1 [queued]>
[2026-03-10T23:34:46.543+0530] {taskinstance.py:2076} INFO - Dependencies all met for dep_context=requeueable deps ti=<TaskInstance: example_dynamic_task_mapping.add_one scheduled__2022-08-18T00:00:00+00:00 map_index=1 [queued]>
[2026-03-10T23:34:46.544+0530] {taskinstance.py:2306} INFO - Starting attempt 1 of 1
[2026-03-10T23:34:46.614+0530] {taskinstance.py:2330} INFO - Executing <Mapped(_PythonDecoratedOperator): add_one> on 2022-08-18 00:00:00+00:00
[2026-03-10T23:34:46.636+0530] {standard_task_runner.py:64} INFO - Started process 12986 to run task
[2026-03-10T23:34:46.660+0530] {standard_task_runner.py:90} INFO - Running: ['airflow', 'tasks', 'run', 'example_dynamic_task_mapping', 'add_one', 'scheduled__2022-08-18T00:00:00+00:00', '--job-id', '1173', '--raw', '--subdir', '/home/sathya/projects/training-kit/.venv-airflow/lib/python3.10/site-packages/airflow/example_dags/example_dynamic_task_mapping.py', '--cfg-path', '/tmp/tmpdz8v5fd5', '--map-index', '1']
[2026-03-10T23:34:46.668+0530] {standard_task_runner.py:91} INFO - Job 1173: Subtask add_one
[2026-03-10T23:34:46.859+0530] {task_command.py:426} INFO - Running <TaskInstance: example_dynamic_task_mapping.add_one scheduled__2022-08-18T00:00:00+00:00 map_index=1 [running]> on host LAPTOP-A1PMOBSE.localdomain
[2026-03-10T23:34:47.083+0530] {taskinstance.py:2648} INFO - Exporting env vars: AIRFLOW_CTX_DAG_OWNER='airflow' AIRFLOW_CTX_DAG_ID='example_dynamic_task_mapping' AIRFLOW_CTX_TASK_ID='add_one' AIRFLOW_CTX_EXECUTION_DATE='2022-08-18T00:00:00+00:00' AIRFLOW_CTX_TRY_NUMBER='1' AIRFLOW_CTX_DAG_RUN_ID='scheduled__2022-08-18T00:00:00+00:00'
[2026-03-10T23:34:47.087+0530] {taskinstance.py:430} INFO - ::endgroup::
[2026-03-10T23:34:47.089+0530] {python.py:237} INFO - Done. Returned value was: 3
[2026-03-10T23:34:47.090+0530] {taskinstance.py:441} INFO - ::group::Post task execution logs
[2026-03-10T23:34:47.146+0530] {taskinstance.py:1206} INFO - Marking task as SUCCESS. dag_id=example_dynamic_task_mapping, task_id=add_one, run_id=scheduled__2022-08-18T00:00:00+00:00, map_index=1, execution_date=20220818T000000, start_date=20260310T180446, end_date=20260310T180447
[2026-03-10T23:34:47.214+0530] {local_task_job_runner.py:243} INFO - Task exited with return code 0
[2026-03-10T23:34:47.302+0530] {taskinstance.py:3503} INFO - 0 downstream tasks scheduled from follow-on schedule check
[2026-03-10T23:34:47.303+0530] {local_task_job_runner.py:222} INFO - ::endgroup::
