[2025-12-27T19:43:55.830+0530] {local_task_job_runner.py:120} INFO - ::group::Pre task execution logs
[2025-12-27T19:43:55.857+0530] {taskinstance.py:2076} INFO - Dependencies all met for dep_context=non-requeueable deps ti=<TaskInstance: example_dynamic_task_mapping.add_one scheduled__2023-01-02T00:00:00+00:00 map_index=0 [queued]>
[2025-12-27T19:43:55.863+0530] {taskinstance.py:2076} INFO - Dependencies all met for dep_context=requeueable deps ti=<TaskInstance: example_dynamic_task_mapping.add_one scheduled__2023-01-02T00:00:00+00:00 map_index=0 [queued]>
[2025-12-27T19:43:55.863+0530] {taskinstance.py:2306} INFO - Starting attempt 1 of 1
[2025-12-27T19:43:55.880+0530] {taskinstance.py:2330} INFO - Executing <Mapped(_PythonDecoratedOperator): add_one> on 2023-01-02 00:00:00+00:00
[2025-12-27T19:43:55.884+0530] {standard_task_runner.py:64} INFO - Started process 1770 to run task
[2025-12-27T19:43:55.888+0530] {standard_task_runner.py:90} INFO - Running: ['airflow', 'tasks', 'run', 'example_dynamic_task_mapping', 'add_one', 'scheduled__2023-01-02T00:00:00+00:00', '--job-id', '1923', '--raw', '--subdir', '/home/sathya/projects/training-kit/.venv-airflow/lib/python3.10/site-packages/airflow/example_dags/example_dynamic_task_mapping.py', '--cfg-path', '/tmp/tmpss0cdu8q', '--map-index', '0']
[2025-12-27T19:43:55.889+0530] {standard_task_runner.py:91} INFO - Job 1923: Subtask add_one
[2025-12-27T19:43:55.938+0530] {task_command.py:426} INFO - Running <TaskInstance: example_dynamic_task_mapping.add_one scheduled__2023-01-02T00:00:00+00:00 map_index=0 [running]> on host LAPTOP-A1PMOBSE.localdomain
[2025-12-27T19:43:56.028+0530] {taskinstance.py:2648} INFO - Exporting env vars: AIRFLOW_CTX_DAG_OWNER='airflow' AIRFLOW_CTX_DAG_ID='example_dynamic_task_mapping' AIRFLOW_CTX_TASK_ID='add_one' AIRFLOW_CTX_EXECUTION_DATE='2023-01-02T00:00:00+00:00' AIRFLOW_CTX_TRY_NUMBER='1' AIRFLOW_CTX_DAG_RUN_ID='scheduled__2023-01-02T00:00:00+00:00'
[2025-12-27T19:43:56.029+0530] {taskinstance.py:430} INFO - ::endgroup::
[2025-12-27T19:43:56.029+0530] {python.py:237} INFO - Done. Returned value was: 2
[2025-12-27T19:43:56.029+0530] {taskinstance.py:441} INFO - ::group::Post task execution logs
[2025-12-27T19:43:56.046+0530] {taskinstance.py:1206} INFO - Marking task as SUCCESS. dag_id=example_dynamic_task_mapping, task_id=add_one, run_id=scheduled__2023-01-02T00:00:00+00:00, map_index=0, execution_date=20230102T000000, start_date=20251227T141355, end_date=20251227T141356
[2025-12-27T19:43:56.104+0530] {local_task_job_runner.py:243} INFO - Task exited with return code 0
[2025-12-27T19:43:56.131+0530] {taskinstance.py:3503} INFO - 0 downstream tasks scheduled from follow-on schedule check
[2025-12-27T19:43:56.132+0530] {local_task_job_runner.py:222} INFO - ::endgroup::
[2026-03-11T22:56:33.989+0530] {local_task_job_runner.py:120} INFO - ::group::Pre task execution logs
[2026-03-11T22:56:34.005+0530] {taskinstance.py:2076} INFO - Dependencies all met for dep_context=non-requeueable deps ti=<TaskInstance: example_dynamic_task_mapping.add_one scheduled__2023-01-02T00:00:00+00:00 map_index=0 [queued]>
[2026-03-11T22:56:34.008+0530] {taskinstance.py:2076} INFO - Dependencies all met for dep_context=requeueable deps ti=<TaskInstance: example_dynamic_task_mapping.add_one scheduled__2023-01-02T00:00:00+00:00 map_index=0 [queued]>
[2026-03-11T22:56:34.009+0530] {taskinstance.py:2306} INFO - Starting attempt 1 of 1
[2026-03-11T22:56:34.024+0530] {taskinstance.py:2330} INFO - Executing <Mapped(_PythonDecoratedOperator): add_one> on 2023-01-02 00:00:00+00:00
[2026-03-11T22:56:34.028+0530] {standard_task_runner.py:64} INFO - Started process 12050 to run task
[2026-03-11T22:56:34.031+0530] {standard_task_runner.py:90} INFO - Running: ['airflow', 'tasks', 'run', 'example_dynamic_task_mapping', 'add_one', 'scheduled__2023-01-02T00:00:00+00:00', '--job-id', '2220', '--raw', '--subdir', '/home/sathya/projects/training-kit/.venv-airflow/lib/python3.10/site-packages/airflow/example_dags/example_dynamic_task_mapping.py', '--cfg-path', '/tmp/tmpfwa80dig', '--map-index', '0']
[2026-03-11T22:56:34.032+0530] {standard_task_runner.py:91} INFO - Job 2220: Subtask add_one
[2026-03-11T22:56:34.062+0530] {task_command.py:426} INFO - Running <TaskInstance: example_dynamic_task_mapping.add_one scheduled__2023-01-02T00:00:00+00:00 map_index=0 [running]> on host LAPTOP-A1PMOBSE.localdomain
[2026-03-11T22:56:34.127+0530] {taskinstance.py:2648} INFO - Exporting env vars: AIRFLOW_CTX_DAG_OWNER='airflow' AIRFLOW_CTX_DAG_ID='example_dynamic_task_mapping' AIRFLOW_CTX_TASK_ID='add_one' AIRFLOW_CTX_EXECUTION_DATE='2023-01-02T00:00:00+00:00' AIRFLOW_CTX_TRY_NUMBER='1' AIRFLOW_CTX_DAG_RUN_ID='scheduled__2023-01-02T00:00:00+00:00'
[2026-03-11T22:56:34.128+0530] {taskinstance.py:430} INFO - ::endgroup::
[2026-03-11T22:56:34.129+0530] {python.py:237} INFO - Done. Returned value was: 2
[2026-03-11T22:56:34.129+0530] {taskinstance.py:441} INFO - ::group::Post task execution logs
[2026-03-11T22:56:34.145+0530] {taskinstance.py:1206} INFO - Marking task as SUCCESS. dag_id=example_dynamic_task_mapping, task_id=add_one, run_id=scheduled__2023-01-02T00:00:00+00:00, map_index=0, execution_date=20230102T000000, start_date=20260311T172634, end_date=20260311T172634
[2026-03-11T22:56:34.172+0530] {local_task_job_runner.py:243} INFO - Task exited with return code 0
[2026-03-11T22:56:34.186+0530] {taskinstance.py:3503} INFO - 0 downstream tasks scheduled from follow-on schedule check
[2026-03-11T22:56:34.186+0530] {local_task_job_runner.py:222} INFO - ::endgroup::
