[2025-12-26T22:18:47.513+0530] {local_task_job_runner.py:120} INFO - ::group::Pre task execution logs
[2025-12-26T22:18:47.529+0530] {taskinstance.py:2076} INFO - Dependencies all met for dep_context=non-requeueable deps ti=<TaskInstance: example_dynamic_task_mapping.sum_it scheduled__2022-04-30T00:00:00+00:00 [queued]>
[2025-12-26T22:18:47.532+0530] {taskinstance.py:2076} INFO - Dependencies all met for dep_context=requeueable deps ti=<TaskInstance: example_dynamic_task_mapping.sum_it scheduled__2022-04-30T00:00:00+00:00 [queued]>
[2025-12-26T22:18:47.533+0530] {taskinstance.py:2306} INFO - Starting attempt 1 of 1
[2025-12-26T22:18:47.546+0530] {taskinstance.py:2330} INFO - Executing <Task(_PythonDecoratedOperator): sum_it> on 2022-04-30 00:00:00+00:00
[2025-12-26T22:18:47.548+0530] {standard_task_runner.py:64} INFO - Started process 5635 to run task
[2025-12-26T22:18:47.551+0530] {standard_task_runner.py:90} INFO - Running: ['airflow', 'tasks', 'run', 'example_dynamic_task_mapping', 'sum_it', 'scheduled__2022-04-30T00:00:00+00:00', '--job-id', '432', '--raw', '--subdir', '/home/sathya/projects/training-kit/.venv-airflow/lib/python3.10/site-packages/airflow/example_dags/example_dynamic_task_mapping.py', '--cfg-path', '/tmp/tmpa_77ad9m']
[2025-12-26T22:18:47.551+0530] {standard_task_runner.py:91} INFO - Job 432: Subtask sum_it
[2025-12-26T22:18:47.582+0530] {task_command.py:426} INFO - Running <TaskInstance: example_dynamic_task_mapping.sum_it scheduled__2022-04-30T00:00:00+00:00 [running]> on host LAPTOP-A1PMOBSE.localdomain
[2025-12-26T22:18:47.683+0530] {taskinstance.py:2648} INFO - Exporting env vars: AIRFLOW_CTX_DAG_OWNER='airflow' AIRFLOW_CTX_DAG_ID='example_dynamic_task_mapping' AIRFLOW_CTX_TASK_ID='sum_it' AIRFLOW_CTX_EXECUTION_DATE='2022-04-30T00:00:00+00:00' AIRFLOW_CTX_TRY_NUMBER='1' AIRFLOW_CTX_DAG_RUN_ID='scheduled__2022-04-30T00:00:00+00:00'
[2025-12-26T22:18:47.685+0530] {taskinstance.py:430} INFO - ::endgroup::
[2025-12-26T22:18:47.688+0530] {logging_mixin.py:188} INFO - Total was 9
[2025-12-26T22:18:47.688+0530] {python.py:237} INFO - Done. Returned value was: None
[2025-12-26T22:18:47.688+0530] {taskinstance.py:441} INFO - ::group::Post task execution logs
[2025-12-26T22:18:47.691+0530] {taskinstance.py:1206} INFO - Marking task as SUCCESS. dag_id=example_dynamic_task_mapping, task_id=sum_it, run_id=scheduled__2022-04-30T00:00:00+00:00, execution_date=20220430T000000, start_date=20251226T164847, end_date=20251226T164847
[2025-12-26T22:18:47.726+0530] {local_task_job_runner.py:243} INFO - Task exited with return code 0
[2025-12-26T22:18:47.736+0530] {taskinstance.py:3503} INFO - 0 downstream tasks scheduled from follow-on schedule check
[2025-12-26T22:18:47.738+0530] {local_task_job_runner.py:222} INFO - ::endgroup::
[2026-03-10T23:08:48.500+0530] {local_task_job_runner.py:120} INFO - ::group::Pre task execution logs
[2026-03-10T23:08:48.547+0530] {taskinstance.py:2076} INFO - Dependencies all met for dep_context=non-requeueable deps ti=<TaskInstance: example_dynamic_task_mapping.sum_it scheduled__2022-04-30T00:00:00+00:00 [queued]>
[2026-03-10T23:08:48.555+0530] {taskinstance.py:2076} INFO - Dependencies all met for dep_context=requeueable deps ti=<TaskInstance: example_dynamic_task_mapping.sum_it scheduled__2022-04-30T00:00:00+00:00 [queued]>
[2026-03-10T23:08:48.555+0530] {taskinstance.py:2306} INFO - Starting attempt 1 of 1
[2026-03-10T23:08:48.587+0530] {taskinstance.py:2330} INFO - Executing <Task(_PythonDecoratedOperator): sum_it> on 2022-04-30 00:00:00+00:00
[2026-03-10T23:08:48.594+0530] {standard_task_runner.py:64} INFO - Started process 6851 to run task
[2026-03-10T23:08:48.599+0530] {standard_task_runner.py:90} INFO - Running: ['airflow', 'tasks', 'run', 'example_dynamic_task_mapping', 'sum_it', 'scheduled__2022-04-30T00:00:00+00:00', '--job-id', '580', '--raw', '--subdir', '/home/sathya/projects/training-kit/.venv-airflow/lib/python3.10/site-packages/airflow/example_dags/example_dynamic_task_mapping.py', '--cfg-path', '/tmp/tmp_1fhryq0']
[2026-03-10T23:08:48.602+0530] {standard_task_runner.py:91} INFO - Job 580: Subtask sum_it
[2026-03-10T23:08:48.673+0530] {task_command.py:426} INFO - Running <TaskInstance: example_dynamic_task_mapping.sum_it scheduled__2022-04-30T00:00:00+00:00 [running]> on host LAPTOP-A1PMOBSE.localdomain
[2026-03-10T23:08:48.806+0530] {taskinstance.py:2648} INFO - Exporting env vars: AIRFLOW_CTX_DAG_OWNER='airflow' AIRFLOW_CTX_DAG_ID='example_dynamic_task_mapping' AIRFLOW_CTX_TASK_ID='sum_it' AIRFLOW_CTX_EXECUTION_DATE='2022-04-30T00:00:00+00:00' AIRFLOW_CTX_TRY_NUMBER='1' AIRFLOW_CTX_DAG_RUN_ID='scheduled__2022-04-30T00:00:00+00:00'
[2026-03-10T23:08:48.808+0530] {taskinstance.py:430} INFO - ::endgroup::
[2026-03-10T23:08:48.812+0530] {logging_mixin.py:188} INFO - Total was 9
[2026-03-10T23:08:48.813+0530] {python.py:237} INFO - Done. Returned value was: None
[2026-03-10T23:08:48.813+0530] {taskinstance.py:441} INFO - ::group::Post task execution logs
[2026-03-10T23:08:48.820+0530] {taskinstance.py:1206} INFO - Marking task as SUCCESS. dag_id=example_dynamic_task_mapping, task_id=sum_it, run_id=scheduled__2022-04-30T00:00:00+00:00, execution_date=20220430T000000, start_date=20260310T173848, end_date=20260310T173848
[2026-03-10T23:08:48.862+0530] {local_task_job_runner.py:243} INFO - Task exited with return code 0
[2026-03-10T23:08:48.877+0530] {taskinstance.py:3503} INFO - 0 downstream tasks scheduled from follow-on schedule check
[2026-03-10T23:08:48.878+0530] {local_task_job_runner.py:222} INFO - ::endgroup::
