[2025-12-26T22:42:30.810+0530] {local_task_job_runner.py:120} INFO - ::group::Pre task execution logs
[2025-12-26T22:42:30.828+0530] {taskinstance.py:2076} INFO - Dependencies all met for dep_context=non-requeueable deps ti=<TaskInstance: example_dynamic_task_mapping.sum_it scheduled__2022-08-04T00:00:00+00:00 [queued]>
[2025-12-26T22:42:30.833+0530] {taskinstance.py:2076} INFO - Dependencies all met for dep_context=requeueable deps ti=<TaskInstance: example_dynamic_task_mapping.sum_it scheduled__2022-08-04T00:00:00+00:00 [queued]>
[2025-12-26T22:42:30.834+0530] {taskinstance.py:2306} INFO - Starting attempt 1 of 1
[2025-12-26T22:42:30.848+0530] {taskinstance.py:2330} INFO - Executing <Task(_PythonDecoratedOperator): sum_it> on 2022-08-04 00:00:00+00:00
[2025-12-26T22:42:30.851+0530] {standard_task_runner.py:64} INFO - Started process 8584 to run task
[2025-12-26T22:42:30.854+0530] {standard_task_runner.py:90} INFO - Running: ['airflow', 'tasks', 'run', 'example_dynamic_task_mapping', 'sum_it', 'scheduled__2022-08-04T00:00:00+00:00', '--job-id', '933', '--raw', '--subdir', '/home/sathya/projects/training-kit/.venv-airflow/lib/python3.10/site-packages/airflow/example_dags/example_dynamic_task_mapping.py', '--cfg-path', '/tmp/tmpugv0xvft']
[2025-12-26T22:42:30.855+0530] {standard_task_runner.py:91} INFO - Job 933: Subtask sum_it
[2025-12-26T22:42:30.890+0530] {task_command.py:426} INFO - Running <TaskInstance: example_dynamic_task_mapping.sum_it scheduled__2022-08-04T00:00:00+00:00 [running]> on host LAPTOP-A1PMOBSE.localdomain
[2025-12-26T22:42:30.983+0530] {taskinstance.py:2648} INFO - Exporting env vars: AIRFLOW_CTX_DAG_OWNER='airflow' AIRFLOW_CTX_DAG_ID='example_dynamic_task_mapping' AIRFLOW_CTX_TASK_ID='sum_it' AIRFLOW_CTX_EXECUTION_DATE='2022-08-04T00:00:00+00:00' AIRFLOW_CTX_TRY_NUMBER='1' AIRFLOW_CTX_DAG_RUN_ID='scheduled__2022-08-04T00:00:00+00:00'
[2025-12-26T22:42:30.984+0530] {taskinstance.py:430} INFO - ::endgroup::
[2025-12-26T22:42:30.986+0530] {logging_mixin.py:188} INFO - Total was 9
[2025-12-26T22:42:30.986+0530] {python.py:237} INFO - Done. Returned value was: None
[2025-12-26T22:42:30.986+0530] {taskinstance.py:441} INFO - ::group::Post task execution logs
[2025-12-26T22:42:30.989+0530] {taskinstance.py:1206} INFO - Marking task as SUCCESS. dag_id=example_dynamic_task_mapping, task_id=sum_it, run_id=scheduled__2022-08-04T00:00:00+00:00, execution_date=20220804T000000, start_date=20251226T171230, end_date=20251226T171230
[2025-12-26T22:42:31.036+0530] {local_task_job_runner.py:243} INFO - Task exited with return code 0
[2025-12-26T22:42:31.050+0530] {taskinstance.py:3503} INFO - 0 downstream tasks scheduled from follow-on schedule check
[2025-12-26T22:42:31.051+0530] {local_task_job_runner.py:222} INFO - ::endgroup::
[2026-03-10T23:29:53.494+0530] {local_task_job_runner.py:120} INFO - ::group::Pre task execution logs
[2026-03-10T23:29:53.547+0530] {taskinstance.py:2076} INFO - Dependencies all met for dep_context=non-requeueable deps ti=<TaskInstance: example_dynamic_task_mapping.sum_it scheduled__2022-08-04T00:00:00+00:00 [queued]>
[2026-03-10T23:29:53.560+0530] {taskinstance.py:2076} INFO - Dependencies all met for dep_context=requeueable deps ti=<TaskInstance: example_dynamic_task_mapping.sum_it scheduled__2022-08-04T00:00:00+00:00 [queued]>
[2026-03-10T23:29:53.560+0530] {taskinstance.py:2306} INFO - Starting attempt 1 of 1
[2026-03-10T23:29:53.618+0530] {taskinstance.py:2330} INFO - Executing <Task(_PythonDecoratedOperator): sum_it> on 2022-08-04 00:00:00+00:00
[2026-03-10T23:29:53.636+0530] {standard_task_runner.py:64} INFO - Started process 12022 to run task
[2026-03-10T23:29:53.648+0530] {standard_task_runner.py:90} INFO - Running: ['airflow', 'tasks', 'run', 'example_dynamic_task_mapping', 'sum_it', 'scheduled__2022-08-04T00:00:00+00:00', '--job-id', '1083', '--raw', '--subdir', '/home/sathya/projects/training-kit/.venv-airflow/lib/python3.10/site-packages/airflow/example_dags/example_dynamic_task_mapping.py', '--cfg-path', '/tmp/tmp67z3vpib']
[2026-03-10T23:29:53.654+0530] {standard_task_runner.py:91} INFO - Job 1083: Subtask sum_it
[2026-03-10T23:29:53.766+0530] {task_command.py:426} INFO - Running <TaskInstance: example_dynamic_task_mapping.sum_it scheduled__2022-08-04T00:00:00+00:00 [running]> on host LAPTOP-A1PMOBSE.localdomain
[2026-03-10T23:29:54.026+0530] {taskinstance.py:2648} INFO - Exporting env vars: AIRFLOW_CTX_DAG_OWNER='airflow' AIRFLOW_CTX_DAG_ID='example_dynamic_task_mapping' AIRFLOW_CTX_TASK_ID='sum_it' AIRFLOW_CTX_EXECUTION_DATE='2022-08-04T00:00:00+00:00' AIRFLOW_CTX_TRY_NUMBER='1' AIRFLOW_CTX_DAG_RUN_ID='scheduled__2022-08-04T00:00:00+00:00'
[2026-03-10T23:29:54.031+0530] {taskinstance.py:430} INFO - ::endgroup::
[2026-03-10T23:29:54.047+0530] {logging_mixin.py:188} INFO - Total was 9
[2026-03-10T23:29:54.048+0530] {python.py:237} INFO - Done. Returned value was: None
[2026-03-10T23:29:54.048+0530] {taskinstance.py:441} INFO - ::group::Post task execution logs
[2026-03-10T23:29:54.068+0530] {taskinstance.py:1206} INFO - Marking task as SUCCESS. dag_id=example_dynamic_task_mapping, task_id=sum_it, run_id=scheduled__2022-08-04T00:00:00+00:00, execution_date=20220804T000000, start_date=20260310T175953, end_date=20260310T175954
[2026-03-10T23:29:54.119+0530] {local_task_job_runner.py:243} INFO - Task exited with return code 0
[2026-03-10T23:29:54.153+0530] {taskinstance.py:3503} INFO - 0 downstream tasks scheduled from follow-on schedule check
[2026-03-10T23:29:54.155+0530] {local_task_job_runner.py:222} INFO - ::endgroup::
