[2025-12-26T22:27:11.335+0530] {local_task_job_runner.py:120} INFO - ::group::Pre task execution logs
[2025-12-26T22:27:11.350+0530] {taskinstance.py:2076} INFO - Dependencies all met for dep_context=non-requeueable deps ti=<TaskInstance: example_dynamic_task_mapping.sum_it scheduled__2022-06-05T00:00:00+00:00 [queued]>
[2025-12-26T22:27:11.354+0530] {taskinstance.py:2076} INFO - Dependencies all met for dep_context=requeueable deps ti=<TaskInstance: example_dynamic_task_mapping.sum_it scheduled__2022-06-05T00:00:00+00:00 [queued]>
[2025-12-26T22:27:11.354+0530] {taskinstance.py:2306} INFO - Starting attempt 1 of 1
[2025-12-26T22:27:11.369+0530] {taskinstance.py:2330} INFO - Executing <Task(_PythonDecoratedOperator): sum_it> on 2022-06-05 00:00:00+00:00
[2025-12-26T22:27:11.371+0530] {standard_task_runner.py:64} INFO - Started process 6720 to run task
[2025-12-26T22:27:11.374+0530] {standard_task_runner.py:90} INFO - Running: ['airflow', 'tasks', 'run', 'example_dynamic_task_mapping', 'sum_it', 'scheduled__2022-06-05T00:00:00+00:00', '--job-id', '618', '--raw', '--subdir', '/home/sathya/projects/training-kit/.venv-airflow/lib/python3.10/site-packages/airflow/example_dags/example_dynamic_task_mapping.py', '--cfg-path', '/tmp/tmps58dy922']
[2025-12-26T22:27:11.375+0530] {standard_task_runner.py:91} INFO - Job 618: Subtask sum_it
[2025-12-26T22:27:11.405+0530] {task_command.py:426} INFO - Running <TaskInstance: example_dynamic_task_mapping.sum_it scheduled__2022-06-05T00:00:00+00:00 [running]> on host LAPTOP-A1PMOBSE.localdomain
[2025-12-26T22:27:11.469+0530] {taskinstance.py:2648} INFO - Exporting env vars: AIRFLOW_CTX_DAG_OWNER='airflow' AIRFLOW_CTX_DAG_ID='example_dynamic_task_mapping' AIRFLOW_CTX_TASK_ID='sum_it' AIRFLOW_CTX_EXECUTION_DATE='2022-06-05T00:00:00+00:00' AIRFLOW_CTX_TRY_NUMBER='1' AIRFLOW_CTX_DAG_RUN_ID='scheduled__2022-06-05T00:00:00+00:00'
[2025-12-26T22:27:11.469+0530] {taskinstance.py:430} INFO - ::endgroup::
[2025-12-26T22:27:11.472+0530] {logging_mixin.py:188} INFO - Total was 9
[2025-12-26T22:27:11.472+0530] {python.py:237} INFO - Done. Returned value was: None
[2025-12-26T22:27:11.472+0530] {taskinstance.py:441} INFO - ::group::Post task execution logs
[2025-12-26T22:27:11.474+0530] {taskinstance.py:1206} INFO - Marking task as SUCCESS. dag_id=example_dynamic_task_mapping, task_id=sum_it, run_id=scheduled__2022-06-05T00:00:00+00:00, execution_date=20220605T000000, start_date=20251226T165711, end_date=20251226T165711
[2025-12-26T22:27:11.519+0530] {local_task_job_runner.py:243} INFO - Task exited with return code 0
[2025-12-26T22:27:11.541+0530] {taskinstance.py:3503} INFO - 0 downstream tasks scheduled from follow-on schedule check
[2025-12-26T22:27:11.541+0530] {local_task_job_runner.py:222} INFO - ::endgroup::
[2026-03-10T23:15:57.807+0530] {local_task_job_runner.py:120} INFO - ::group::Pre task execution logs
[2026-03-10T23:15:57.869+0530] {taskinstance.py:2076} INFO - Dependencies all met for dep_context=non-requeueable deps ti=<TaskInstance: example_dynamic_task_mapping.sum_it scheduled__2022-06-05T00:00:00+00:00 [queued]>
[2026-03-10T23:15:57.881+0530] {taskinstance.py:2076} INFO - Dependencies all met for dep_context=requeueable deps ti=<TaskInstance: example_dynamic_task_mapping.sum_it scheduled__2022-06-05T00:00:00+00:00 [queued]>
[2026-03-10T23:15:57.881+0530] {taskinstance.py:2306} INFO - Starting attempt 1 of 1
[2026-03-10T23:15:57.919+0530] {taskinstance.py:2330} INFO - Executing <Task(_PythonDecoratedOperator): sum_it> on 2022-06-05 00:00:00+00:00
[2026-03-10T23:15:57.933+0530] {standard_task_runner.py:64} INFO - Started process 8633 to run task
[2026-03-10T23:15:57.939+0530] {standard_task_runner.py:90} INFO - Running: ['airflow', 'tasks', 'run', 'example_dynamic_task_mapping', 'sum_it', 'scheduled__2022-06-05T00:00:00+00:00', '--job-id', '754', '--raw', '--subdir', '/home/sathya/projects/training-kit/.venv-airflow/lib/python3.10/site-packages/airflow/example_dags/example_dynamic_task_mapping.py', '--cfg-path', '/tmp/tmpc305rq0c']
[2026-03-10T23:15:57.948+0530] {standard_task_runner.py:91} INFO - Job 754: Subtask sum_it
[2026-03-10T23:15:58.027+0530] {task_command.py:426} INFO - Running <TaskInstance: example_dynamic_task_mapping.sum_it scheduled__2022-06-05T00:00:00+00:00 [running]> on host LAPTOP-A1PMOBSE.localdomain
[2026-03-10T23:15:58.194+0530] {taskinstance.py:2648} INFO - Exporting env vars: AIRFLOW_CTX_DAG_OWNER='airflow' AIRFLOW_CTX_DAG_ID='example_dynamic_task_mapping' AIRFLOW_CTX_TASK_ID='sum_it' AIRFLOW_CTX_EXECUTION_DATE='2022-06-05T00:00:00+00:00' AIRFLOW_CTX_TRY_NUMBER='1' AIRFLOW_CTX_DAG_RUN_ID='scheduled__2022-06-05T00:00:00+00:00'
[2026-03-10T23:15:58.196+0530] {taskinstance.py:430} INFO - ::endgroup::
[2026-03-10T23:15:58.201+0530] {logging_mixin.py:188} INFO - Total was 9
[2026-03-10T23:15:58.201+0530] {python.py:237} INFO - Done. Returned value was: None
[2026-03-10T23:15:58.201+0530] {taskinstance.py:441} INFO - ::group::Post task execution logs
[2026-03-10T23:15:58.207+0530] {taskinstance.py:1206} INFO - Marking task as SUCCESS. dag_id=example_dynamic_task_mapping, task_id=sum_it, run_id=scheduled__2022-06-05T00:00:00+00:00, execution_date=20220605T000000, start_date=20260310T174557, end_date=20260310T174558
[2026-03-10T23:15:58.251+0530] {local_task_job_runner.py:243} INFO - Task exited with return code 0
[2026-03-10T23:15:58.265+0530] {taskinstance.py:3503} INFO - 0 downstream tasks scheduled from follow-on schedule check
[2026-03-10T23:15:58.266+0530] {local_task_job_runner.py:222} INFO - ::endgroup::
