[2025-12-27T19:21:00.440+0530] {local_task_job_runner.py:120} INFO - ::group::Pre task execution logs
[2025-12-27T19:21:00.463+0530] {taskinstance.py:2076} INFO - Dependencies all met for dep_context=non-requeueable deps ti=<TaskInstance: consume_1_or_2_with_dataset_expressions.consume_1_or_2_with_dataset_expressions dataset_triggered__2025-12-27T13:46:16.078934+00:00 [queued]>
[2025-12-27T19:21:00.471+0530] {taskinstance.py:2076} INFO - Dependencies all met for dep_context=requeueable deps ti=<TaskInstance: consume_1_or_2_with_dataset_expressions.consume_1_or_2_with_dataset_expressions dataset_triggered__2025-12-27T13:46:16.078934+00:00 [queued]>
[2025-12-27T19:21:00.471+0530] {taskinstance.py:2306} INFO - Starting attempt 1 of 1
[2025-12-27T19:21:00.489+0530] {taskinstance.py:2330} INFO - Executing <Task(BashOperator): consume_1_or_2_with_dataset_expressions> on 2025-12-27 13:46:16.078934+00:00
[2025-12-27T19:21:00.493+0530] {standard_task_runner.py:64} INFO - Started process 962 to run task
[2025-12-27T19:21:00.497+0530] {standard_task_runner.py:90} INFO - Running: ['airflow', 'tasks', 'run', 'consume_1_or_2_with_dataset_expressions', 'consume_1_or_2_with_dataset_expressions', 'dataset_triggered__2025-12-27T13:46:16.078934+00:00', '--job-id', '1630', '--raw', '--subdir', '/home/sathya/projects/training-kit/.venv-airflow/lib/python3.10/site-packages/airflow/example_dags/example_datasets.py', '--cfg-path', '/tmp/tmpm51gghmp']
[2025-12-27T19:21:00.498+0530] {standard_task_runner.py:91} INFO - Job 1630: Subtask consume_1_or_2_with_dataset_expressions
[2025-12-27T19:21:00.542+0530] {task_command.py:426} INFO - Running <TaskInstance: consume_1_or_2_with_dataset_expressions.consume_1_or_2_with_dataset_expressions dataset_triggered__2025-12-27T13:46:16.078934+00:00 [running]> on host LAPTOP-A1PMOBSE.localdomain
[2025-12-27T19:21:00.622+0530] {taskinstance.py:2648} INFO - Exporting env vars: AIRFLOW_CTX_DAG_OWNER='airflow' AIRFLOW_CTX_DAG_ID='consume_1_or_2_with_dataset_expressions' AIRFLOW_CTX_TASK_ID='consume_1_or_2_with_dataset_expressions' AIRFLOW_CTX_EXECUTION_DATE='2025-12-27T13:46:16.078934+00:00' AIRFLOW_CTX_TRY_NUMBER='1' AIRFLOW_CTX_DAG_RUN_ID='dataset_triggered__2025-12-27T13:46:16.078934+00:00'
[2025-12-27T19:21:00.624+0530] {taskinstance.py:430} INFO - ::endgroup::
[2025-12-27T19:21:00.624+0530] {subprocess.py:63} INFO - Tmp dir root location: /tmp
[2025-12-27T19:21:00.625+0530] {subprocess.py:75} INFO - Running command: ['/usr/bin/bash', '-c', 'sleep 5']
[2025-12-27T19:21:00.630+0530] {subprocess.py:86} INFO - Output:
[2025-12-27T19:21:05.634+0530] {subprocess.py:97} INFO - Command exited with return code 0
[2025-12-27T19:21:05.637+0530] {taskinstance.py:441} INFO - ::group::Post task execution logs
[2025-12-27T19:21:05.694+0530] {taskinstance.py:1206} INFO - Marking task as SUCCESS. dag_id=consume_1_or_2_with_dataset_expressions, task_id=consume_1_or_2_with_dataset_expressions, run_id=dataset_triggered__2025-12-27T13:46:16.078934+00:00, execution_date=20251227T134616, start_date=20251227T135100, end_date=20251227T135105
[2025-12-27T19:21:05.748+0530] {local_task_job_runner.py:243} INFO - Task exited with return code 0
[2025-12-27T19:21:05.764+0530] {taskinstance.py:3503} INFO - 0 downstream tasks scheduled from follow-on schedule check
[2025-12-27T19:21:05.765+0530] {local_task_job_runner.py:222} INFO - ::endgroup::
