[2025-12-26T23:07:38.360+0530] {local_task_job_runner.py:120} INFO - ::group::Pre task execution logs
[2025-12-26T23:07:38.377+0530] {taskinstance.py:2076} INFO - Dependencies all met for dep_context=non-requeueable deps ti=<TaskInstance: example_dynamic_task_mapping.add_one scheduled__2022-10-30T00:00:00+00:00 map_index=0 [queued]>
[2025-12-26T23:07:38.383+0530] {taskinstance.py:2076} INFO - Dependencies all met for dep_context=requeueable deps ti=<TaskInstance: example_dynamic_task_mapping.add_one scheduled__2022-10-30T00:00:00+00:00 map_index=0 [queued]>
[2025-12-26T23:07:38.383+0530] {taskinstance.py:2306} INFO - Starting attempt 1 of 1
[2025-12-26T23:07:38.397+0530] {taskinstance.py:2330} INFO - Executing <Mapped(_PythonDecoratedOperator): add_one> on 2022-10-30 00:00:00+00:00
[2025-12-26T23:07:38.400+0530] {standard_task_runner.py:64} INFO - Started process 11390 to run task
[2025-12-26T23:07:38.402+0530] {standard_task_runner.py:90} INFO - Running: ['airflow', 'tasks', 'run', 'example_dynamic_task_mapping', 'add_one', 'scheduled__2022-10-30T00:00:00+00:00', '--job-id', '1402', '--raw', '--subdir', '/home/sathya/projects/training-kit/.venv-airflow/lib/python3.10/site-packages/airflow/example_dags/example_dynamic_task_mapping.py', '--cfg-path', '/tmp/tmp7kjnh8b0', '--map-index', '0']
[2025-12-26T23:07:38.403+0530] {standard_task_runner.py:91} INFO - Job 1402: Subtask add_one
[2025-12-26T23:07:38.436+0530] {task_command.py:426} INFO - Running <TaskInstance: example_dynamic_task_mapping.add_one scheduled__2022-10-30T00:00:00+00:00 map_index=0 [running]> on host LAPTOP-A1PMOBSE.localdomain
[2025-12-26T23:07:38.498+0530] {taskinstance.py:2648} INFO - Exporting env vars: AIRFLOW_CTX_DAG_OWNER='airflow' AIRFLOW_CTX_DAG_ID='example_dynamic_task_mapping' AIRFLOW_CTX_TASK_ID='add_one' AIRFLOW_CTX_EXECUTION_DATE='2022-10-30T00:00:00+00:00' AIRFLOW_CTX_TRY_NUMBER='1' AIRFLOW_CTX_DAG_RUN_ID='scheduled__2022-10-30T00:00:00+00:00'
[2025-12-26T23:07:38.499+0530] {taskinstance.py:430} INFO - ::endgroup::
[2025-12-26T23:07:38.499+0530] {python.py:237} INFO - Done. Returned value was: 2
[2025-12-26T23:07:38.500+0530] {taskinstance.py:441} INFO - ::group::Post task execution logs
[2025-12-26T23:07:38.515+0530] {taskinstance.py:1206} INFO - Marking task as SUCCESS. dag_id=example_dynamic_task_mapping, task_id=add_one, run_id=scheduled__2022-10-30T00:00:00+00:00, map_index=0, execution_date=20221030T000000, start_date=20251226T173738, end_date=20251226T173738
[2025-12-26T23:07:38.538+0530] {local_task_job_runner.py:243} INFO - Task exited with return code 0
[2025-12-26T23:07:38.552+0530] {taskinstance.py:3503} INFO - 0 downstream tasks scheduled from follow-on schedule check
[2025-12-26T23:07:38.553+0530] {local_task_job_runner.py:222} INFO - ::endgroup::
[2026-03-11T22:33:31.579+0530] {local_task_job_runner.py:120} INFO - ::group::Pre task execution logs
[2026-03-11T22:33:31.597+0530] {taskinstance.py:2076} INFO - Dependencies all met for dep_context=non-requeueable deps ti=<TaskInstance: example_dynamic_task_mapping.add_one scheduled__2022-10-30T00:00:00+00:00 map_index=0 [queued]>
[2026-03-11T22:33:31.601+0530] {taskinstance.py:2076} INFO - Dependencies all met for dep_context=requeueable deps ti=<TaskInstance: example_dynamic_task_mapping.add_one scheduled__2022-10-30T00:00:00+00:00 map_index=0 [queued]>
[2026-03-11T22:33:31.601+0530] {taskinstance.py:2306} INFO - Starting attempt 1 of 1
[2026-03-11T22:33:31.618+0530] {taskinstance.py:2330} INFO - Executing <Mapped(_PythonDecoratedOperator): add_one> on 2022-10-30 00:00:00+00:00
[2026-03-11T22:33:31.622+0530] {standard_task_runner.py:64} INFO - Started process 8306 to run task
[2026-03-11T22:33:31.626+0530] {standard_task_runner.py:90} INFO - Running: ['airflow', 'tasks', 'run', 'example_dynamic_task_mapping', 'add_one', 'scheduled__2022-10-30T00:00:00+00:00', '--job-id', '1848', '--raw', '--subdir', '/home/sathya/projects/training-kit/.venv-airflow/lib/python3.10/site-packages/airflow/example_dags/example_dynamic_task_mapping.py', '--cfg-path', '/tmp/tmpu_3hqzjb', '--map-index', '0']
[2026-03-11T22:33:31.628+0530] {standard_task_runner.py:91} INFO - Job 1848: Subtask add_one
[2026-03-11T22:33:31.660+0530] {task_command.py:426} INFO - Running <TaskInstance: example_dynamic_task_mapping.add_one scheduled__2022-10-30T00:00:00+00:00 map_index=0 [running]> on host LAPTOP-A1PMOBSE.localdomain
[2026-03-11T22:33:31.745+0530] {taskinstance.py:2648} INFO - Exporting env vars: AIRFLOW_CTX_DAG_OWNER='airflow' AIRFLOW_CTX_DAG_ID='example_dynamic_task_mapping' AIRFLOW_CTX_TASK_ID='add_one' AIRFLOW_CTX_EXECUTION_DATE='2022-10-30T00:00:00+00:00' AIRFLOW_CTX_TRY_NUMBER='1' AIRFLOW_CTX_DAG_RUN_ID='scheduled__2022-10-30T00:00:00+00:00'
[2026-03-11T22:33:31.746+0530] {taskinstance.py:430} INFO - ::endgroup::
[2026-03-11T22:33:31.746+0530] {python.py:237} INFO - Done. Returned value was: 2
[2026-03-11T22:33:31.747+0530] {taskinstance.py:441} INFO - ::group::Post task execution logs
[2026-03-11T22:33:31.763+0530] {taskinstance.py:1206} INFO - Marking task as SUCCESS. dag_id=example_dynamic_task_mapping, task_id=add_one, run_id=scheduled__2022-10-30T00:00:00+00:00, map_index=0, execution_date=20221030T000000, start_date=20260311T170331, end_date=20260311T170331
[2026-03-11T22:33:31.811+0530] {local_task_job_runner.py:243} INFO - Task exited with return code 0
[2026-03-11T22:33:31.826+0530] {taskinstance.py:3503} INFO - 0 downstream tasks scheduled from follow-on schedule check
[2026-03-11T22:33:31.827+0530] {local_task_job_runner.py:222} INFO - ::endgroup::
