[2025-12-26T22:47:25.938+0530] {local_task_job_runner.py:120} INFO - ::group::Pre task execution logs
[2025-12-26T22:47:25.953+0530] {taskinstance.py:2076} INFO - Dependencies all met for dep_context=non-requeueable deps ti=<TaskInstance: example_dynamic_task_mapping.add_one scheduled__2022-08-26T00:00:00+00:00 map_index=1 [queued]>
[2025-12-26T22:47:25.956+0530] {taskinstance.py:2076} INFO - Dependencies all met for dep_context=requeueable deps ti=<TaskInstance: example_dynamic_task_mapping.add_one scheduled__2022-08-26T00:00:00+00:00 map_index=1 [queued]>
[2025-12-26T22:47:25.956+0530] {taskinstance.py:2306} INFO - Starting attempt 1 of 1
[2025-12-26T22:47:25.968+0530] {taskinstance.py:2330} INFO - Executing <Mapped(_PythonDecoratedOperator): add_one> on 2022-08-26 00:00:00+00:00
[2025-12-26T22:47:25.970+0530] {standard_task_runner.py:64} INFO - Started process 9190 to run task
[2025-12-26T22:47:25.973+0530] {standard_task_runner.py:90} INFO - Running: ['airflow', 'tasks', 'run', 'example_dynamic_task_mapping', 'add_one', 'scheduled__2022-08-26T00:00:00+00:00', '--job-id', '1042', '--raw', '--subdir', '/home/sathya/projects/training-kit/.venv-airflow/lib/python3.10/site-packages/airflow/example_dags/example_dynamic_task_mapping.py', '--cfg-path', '/tmp/tmpogqkfl7m', '--map-index', '1']
[2025-12-26T22:47:25.973+0530] {standard_task_runner.py:91} INFO - Job 1042: Subtask add_one
[2025-12-26T22:47:26.001+0530] {task_command.py:426} INFO - Running <TaskInstance: example_dynamic_task_mapping.add_one scheduled__2022-08-26T00:00:00+00:00 map_index=1 [running]> on host LAPTOP-A1PMOBSE.localdomain
[2025-12-26T22:47:26.051+0530] {taskinstance.py:2648} INFO - Exporting env vars: AIRFLOW_CTX_DAG_OWNER='airflow' AIRFLOW_CTX_DAG_ID='example_dynamic_task_mapping' AIRFLOW_CTX_TASK_ID='add_one' AIRFLOW_CTX_EXECUTION_DATE='2022-08-26T00:00:00+00:00' AIRFLOW_CTX_TRY_NUMBER='1' AIRFLOW_CTX_DAG_RUN_ID='scheduled__2022-08-26T00:00:00+00:00'
[2025-12-26T22:47:26.051+0530] {taskinstance.py:430} INFO - ::endgroup::
[2025-12-26T22:47:26.051+0530] {python.py:237} INFO - Done. Returned value was: 3
[2025-12-26T22:47:26.051+0530] {taskinstance.py:441} INFO - ::group::Post task execution logs
[2025-12-26T22:47:26.063+0530] {taskinstance.py:1206} INFO - Marking task as SUCCESS. dag_id=example_dynamic_task_mapping, task_id=add_one, run_id=scheduled__2022-08-26T00:00:00+00:00, map_index=1, execution_date=20220826T000000, start_date=20251226T171725, end_date=20251226T171726
[2025-12-26T22:47:26.105+0530] {local_task_job_runner.py:243} INFO - Task exited with return code 0
[2025-12-26T22:47:26.115+0530] {taskinstance.py:3503} INFO - 0 downstream tasks scheduled from follow-on schedule check
[2025-12-26T22:47:26.116+0530] {local_task_job_runner.py:222} INFO - ::endgroup::
[2026-03-10T23:37:46.184+0530] {local_task_job_runner.py:120} INFO - ::group::Pre task execution logs
[2026-03-10T23:37:46.247+0530] {taskinstance.py:2076} INFO - Dependencies all met for dep_context=non-requeueable deps ti=<TaskInstance: example_dynamic_task_mapping.add_one scheduled__2022-08-26T00:00:00+00:00 map_index=1 [queued]>
[2026-03-10T23:37:46.263+0530] {taskinstance.py:2076} INFO - Dependencies all met for dep_context=requeueable deps ti=<TaskInstance: example_dynamic_task_mapping.add_one scheduled__2022-08-26T00:00:00+00:00 map_index=1 [queued]>
[2026-03-10T23:37:46.264+0530] {taskinstance.py:2306} INFO - Starting attempt 1 of 1
[2026-03-10T23:37:46.303+0530] {taskinstance.py:2330} INFO - Executing <Mapped(_PythonDecoratedOperator): add_one> on 2022-08-26 00:00:00+00:00
[2026-03-10T23:37:46.315+0530] {standard_task_runner.py:64} INFO - Started process 13522 to run task
[2026-03-10T23:37:46.322+0530] {standard_task_runner.py:90} INFO - Running: ['airflow', 'tasks', 'run', 'example_dynamic_task_mapping', 'add_one', 'scheduled__2022-08-26T00:00:00+00:00', '--job-id', '1225', '--raw', '--subdir', '/home/sathya/projects/training-kit/.venv-airflow/lib/python3.10/site-packages/airflow/example_dags/example_dynamic_task_mapping.py', '--cfg-path', '/tmp/tmpbzj9wdah', '--map-index', '1']
[2026-03-10T23:37:46.327+0530] {standard_task_runner.py:91} INFO - Job 1225: Subtask add_one
[2026-03-10T23:37:46.430+0530] {task_command.py:426} INFO - Running <TaskInstance: example_dynamic_task_mapping.add_one scheduled__2022-08-26T00:00:00+00:00 map_index=1 [running]> on host LAPTOP-A1PMOBSE.localdomain
[2026-03-10T23:37:46.613+0530] {taskinstance.py:2648} INFO - Exporting env vars: AIRFLOW_CTX_DAG_OWNER='airflow' AIRFLOW_CTX_DAG_ID='example_dynamic_task_mapping' AIRFLOW_CTX_TASK_ID='add_one' AIRFLOW_CTX_EXECUTION_DATE='2022-08-26T00:00:00+00:00' AIRFLOW_CTX_TRY_NUMBER='1' AIRFLOW_CTX_DAG_RUN_ID='scheduled__2022-08-26T00:00:00+00:00'
[2026-03-10T23:37:46.616+0530] {taskinstance.py:430} INFO - ::endgroup::
[2026-03-10T23:37:46.617+0530] {python.py:237} INFO - Done. Returned value was: 3
[2026-03-10T23:37:46.617+0530] {taskinstance.py:441} INFO - ::group::Post task execution logs
[2026-03-10T23:37:46.653+0530] {taskinstance.py:1206} INFO - Marking task as SUCCESS. dag_id=example_dynamic_task_mapping, task_id=add_one, run_id=scheduled__2022-08-26T00:00:00+00:00, map_index=1, execution_date=20220826T000000, start_date=20260310T180746, end_date=20260310T180746
[2026-03-10T23:37:46.724+0530] {local_task_job_runner.py:243} INFO - Task exited with return code 0
[2026-03-10T23:37:46.761+0530] {taskinstance.py:3503} INFO - 0 downstream tasks scheduled from follow-on schedule check
[2026-03-10T23:37:46.762+0530] {local_task_job_runner.py:222} INFO - ::endgroup::
