[2025-12-27T19:42:05.516+0530] {local_task_job_runner.py:120} INFO - ::group::Pre task execution logs
[2025-12-27T19:42:05.552+0530] {taskinstance.py:2076} INFO - Dependencies all met for dep_context=non-requeueable deps ti=<TaskInstance: example_dynamic_task_mapping.add_one scheduled__2022-12-29T00:00:00+00:00 map_index=1 [queued]>
[2025-12-27T19:42:05.560+0530] {taskinstance.py:2076} INFO - Dependencies all met for dep_context=requeueable deps ti=<TaskInstance: example_dynamic_task_mapping.add_one scheduled__2022-12-29T00:00:00+00:00 map_index=1 [queued]>
[2025-12-27T19:42:05.560+0530] {taskinstance.py:2306} INFO - Starting attempt 1 of 1
[2025-12-27T19:42:05.581+0530] {taskinstance.py:2330} INFO - Executing <Mapped(_PythonDecoratedOperator): add_one> on 2022-12-29 00:00:00+00:00
[2025-12-27T19:42:05.584+0530] {standard_task_runner.py:64} INFO - Started process 1705 to run task
[2025-12-27T19:42:05.590+0530] {standard_task_runner.py:90} INFO - Running: ['airflow', 'tasks', 'run', 'example_dynamic_task_mapping', 'add_one', 'scheduled__2022-12-29T00:00:00+00:00', '--job-id', '1899', '--raw', '--subdir', '/home/sathya/projects/training-kit/.venv-airflow/lib/python3.10/site-packages/airflow/example_dags/example_dynamic_task_mapping.py', '--cfg-path', '/tmp/tmp2ge02gf4', '--map-index', '1']
[2025-12-27T19:42:05.590+0530] {standard_task_runner.py:91} INFO - Job 1899: Subtask add_one
[2025-12-27T19:42:05.634+0530] {task_command.py:426} INFO - Running <TaskInstance: example_dynamic_task_mapping.add_one scheduled__2022-12-29T00:00:00+00:00 map_index=1 [running]> on host LAPTOP-A1PMOBSE.localdomain
[2025-12-27T19:42:05.724+0530] {taskinstance.py:2648} INFO - Exporting env vars: AIRFLOW_CTX_DAG_OWNER='airflow' AIRFLOW_CTX_DAG_ID='example_dynamic_task_mapping' AIRFLOW_CTX_TASK_ID='add_one' AIRFLOW_CTX_EXECUTION_DATE='2022-12-29T00:00:00+00:00' AIRFLOW_CTX_TRY_NUMBER='1' AIRFLOW_CTX_DAG_RUN_ID='scheduled__2022-12-29T00:00:00+00:00'
[2025-12-27T19:42:05.725+0530] {taskinstance.py:430} INFO - ::endgroup::
[2025-12-27T19:42:05.725+0530] {python.py:237} INFO - Done. Returned value was: 3
[2025-12-27T19:42:05.726+0530] {taskinstance.py:441} INFO - ::group::Post task execution logs
[2025-12-27T19:42:05.745+0530] {taskinstance.py:1206} INFO - Marking task as SUCCESS. dag_id=example_dynamic_task_mapping, task_id=add_one, run_id=scheduled__2022-12-29T00:00:00+00:00, map_index=1, execution_date=20221229T000000, start_date=20251227T141205, end_date=20251227T141205
[2025-12-27T19:42:05.803+0530] {local_task_job_runner.py:243} INFO - Task exited with return code 0
[2025-12-27T19:42:05.832+0530] {taskinstance.py:3503} INFO - 0 downstream tasks scheduled from follow-on schedule check
[2025-12-27T19:42:05.832+0530] {local_task_job_runner.py:222} INFO - ::endgroup::
[2026-03-11T22:55:36.717+0530] {local_task_job_runner.py:120} INFO - ::group::Pre task execution logs
[2026-03-11T22:55:36.733+0530] {taskinstance.py:2076} INFO - Dependencies all met for dep_context=non-requeueable deps ti=<TaskInstance: example_dynamic_task_mapping.add_one scheduled__2022-12-29T00:00:00+00:00 map_index=1 [queued]>
[2026-03-11T22:55:36.737+0530] {taskinstance.py:2076} INFO - Dependencies all met for dep_context=requeueable deps ti=<TaskInstance: example_dynamic_task_mapping.add_one scheduled__2022-12-29T00:00:00+00:00 map_index=1 [queued]>
[2026-03-11T22:55:36.737+0530] {taskinstance.py:2306} INFO - Starting attempt 1 of 1
[2026-03-11T22:55:36.752+0530] {taskinstance.py:2330} INFO - Executing <Mapped(_PythonDecoratedOperator): add_one> on 2022-12-29 00:00:00+00:00
[2026-03-11T22:55:36.755+0530] {standard_task_runner.py:64} INFO - Started process 11861 to run task
[2026-03-11T22:55:36.758+0530] {standard_task_runner.py:90} INFO - Running: ['airflow', 'tasks', 'run', 'example_dynamic_task_mapping', 'add_one', 'scheduled__2022-12-29T00:00:00+00:00', '--job-id', '2201', '--raw', '--subdir', '/home/sathya/projects/training-kit/.venv-airflow/lib/python3.10/site-packages/airflow/example_dags/example_dynamic_task_mapping.py', '--cfg-path', '/tmp/tmprf5ynh_y', '--map-index', '1']
[2026-03-11T22:55:36.759+0530] {standard_task_runner.py:91} INFO - Job 2201: Subtask add_one
[2026-03-11T22:55:36.793+0530] {task_command.py:426} INFO - Running <TaskInstance: example_dynamic_task_mapping.add_one scheduled__2022-12-29T00:00:00+00:00 map_index=1 [running]> on host LAPTOP-A1PMOBSE.localdomain
[2026-03-11T22:55:36.854+0530] {taskinstance.py:2648} INFO - Exporting env vars: AIRFLOW_CTX_DAG_OWNER='airflow' AIRFLOW_CTX_DAG_ID='example_dynamic_task_mapping' AIRFLOW_CTX_TASK_ID='add_one' AIRFLOW_CTX_EXECUTION_DATE='2022-12-29T00:00:00+00:00' AIRFLOW_CTX_TRY_NUMBER='1' AIRFLOW_CTX_DAG_RUN_ID='scheduled__2022-12-29T00:00:00+00:00'
[2026-03-11T22:55:36.855+0530] {taskinstance.py:430} INFO - ::endgroup::
[2026-03-11T22:55:36.856+0530] {python.py:237} INFO - Done. Returned value was: 3
[2026-03-11T22:55:36.856+0530] {taskinstance.py:441} INFO - ::group::Post task execution logs
[2026-03-11T22:55:36.873+0530] {taskinstance.py:1206} INFO - Marking task as SUCCESS. dag_id=example_dynamic_task_mapping, task_id=add_one, run_id=scheduled__2022-12-29T00:00:00+00:00, map_index=1, execution_date=20221229T000000, start_date=20260311T172536, end_date=20260311T172536
[2026-03-11T22:55:36.894+0530] {local_task_job_runner.py:243} INFO - Task exited with return code 0
[2026-03-11T22:55:36.907+0530] {taskinstance.py:3503} INFO - 0 downstream tasks scheduled from follow-on schedule check
[2026-03-11T22:55:36.908+0530] {local_task_job_runner.py:222} INFO - ::endgroup::
