[2025-12-27T19:09:36.002+0530] {local_task_job_runner.py:120} INFO - ::group::Pre task execution logs
[2025-12-27T19:09:36.021+0530] {taskinstance.py:2076} INFO - Dependencies all met for dep_context=non-requeueable deps ti=<TaskInstance: latest_only_with_trigger.latest_only scheduled__2025-12-26T16:00:00+00:00 [queued]>
[2025-12-27T19:09:36.027+0530] {taskinstance.py:2076} INFO - Dependencies all met for dep_context=requeueable deps ti=<TaskInstance: latest_only_with_trigger.latest_only scheduled__2025-12-26T16:00:00+00:00 [queued]>
[2025-12-27T19:09:36.028+0530] {taskinstance.py:2306} INFO - Starting attempt 1 of 1
[2025-12-27T19:09:36.043+0530] {taskinstance.py:2330} INFO - Executing <Task(LatestOnlyOperator): latest_only> on 2025-12-26 16:00:00+00:00
[2025-12-27T19:09:36.047+0530] {standard_task_runner.py:64} INFO - Started process 570 to run task
[2025-12-27T19:09:36.051+0530] {standard_task_runner.py:90} INFO - Running: ['airflow', 'tasks', 'run', 'latest_only_with_trigger', 'latest_only', 'scheduled__2025-12-26T16:00:00+00:00', '--job-id', '1502', '--raw', '--subdir', '/home/sathya/projects/training-kit/.venv-airflow/lib/python3.10/site-packages/airflow/example_dags/example_latest_only_with_trigger.py', '--cfg-path', '/tmp/tmpkmdnsm6q']
[2025-12-27T19:09:36.052+0530] {standard_task_runner.py:91} INFO - Job 1502: Subtask latest_only
[2025-12-27T19:09:36.105+0530] {task_command.py:426} INFO - Running <TaskInstance: latest_only_with_trigger.latest_only scheduled__2025-12-26T16:00:00+00:00 [running]> on host LAPTOP-A1PMOBSE.localdomain
[2025-12-27T19:09:36.169+0530] {taskinstance.py:2648} INFO - Exporting env vars: AIRFLOW_CTX_DAG_OWNER='airflow' AIRFLOW_CTX_DAG_ID='latest_only_with_trigger' AIRFLOW_CTX_TASK_ID='latest_only' AIRFLOW_CTX_EXECUTION_DATE='2025-12-26T16:00:00+00:00' AIRFLOW_CTX_TRY_NUMBER='1' AIRFLOW_CTX_DAG_RUN_ID='scheduled__2025-12-26T16:00:00+00:00'
[2025-12-27T19:09:36.170+0530] {taskinstance.py:430} INFO - ::endgroup::
[2025-12-27T19:09:36.170+0530] {latest_only.py:63} INFO - Checking latest only with left_window: 2025-12-26 20:00:00+00:00 right_window: 2025-12-27 00:00:00+00:00 now: 2025-12-27 13:39:36.170577+00:00
[2025-12-27T19:09:36.170+0530] {latest_only.py:71} INFO - Not latest execution, skipping downstream.
[2025-12-27T19:09:36.170+0530] {branch.py:36} INFO - Branch into []
[2025-12-27T19:09:36.171+0530] {skipmixin.py:178} INFO - Following branch []
[2025-12-27T19:09:36.173+0530] {skipmixin.py:246} INFO - Skipping tasks [('task1', -1)]
[2025-12-27T19:09:36.194+0530] {taskinstance.py:441} INFO - ::group::Post task execution logs
[2025-12-27T19:09:36.206+0530] {taskinstance.py:1206} INFO - Marking task as SUCCESS. dag_id=latest_only_with_trigger, task_id=latest_only, run_id=scheduled__2025-12-26T16:00:00+00:00, execution_date=20251226T160000, start_date=20251227T133936, end_date=20251227T133936
[2025-12-27T19:09:36.225+0530] {local_task_job_runner.py:243} INFO - Task exited with return code 0
[2025-12-27T19:09:36.241+0530] {taskinstance.py:3503} INFO - 0 downstream tasks scheduled from follow-on schedule check
[2025-12-27T19:09:36.249+0530] {local_task_job_runner.py:222} INFO - ::endgroup::
