[2025-12-27T19:50:08.390+0530] {local_task_job_runner.py:120} INFO - ::group::Pre task execution logs
[2025-12-27T19:50:08.410+0530] {taskinstance.py:2076} INFO - Dependencies all met for dep_context=non-requeueable deps ti=<TaskInstance: example_dynamic_task_mapping.add_one scheduled__2023-01-17T00:00:00+00:00 map_index=0 [queued]>
[2025-12-27T19:50:08.415+0530] {taskinstance.py:2076} INFO - Dependencies all met for dep_context=requeueable deps ti=<TaskInstance: example_dynamic_task_mapping.add_one scheduled__2023-01-17T00:00:00+00:00 map_index=0 [queued]>
[2025-12-27T19:50:08.416+0530] {taskinstance.py:2306} INFO - Starting attempt 1 of 1
[2025-12-27T19:50:08.431+0530] {taskinstance.py:2330} INFO - Executing <Mapped(_PythonDecoratedOperator): add_one> on 2023-01-17 00:00:00+00:00
[2025-12-27T19:50:08.434+0530] {standard_task_runner.py:64} INFO - Started process 2015 to run task
[2025-12-27T19:50:08.439+0530] {standard_task_runner.py:90} INFO - Running: ['airflow', 'tasks', 'run', 'example_dynamic_task_mapping', 'add_one', 'scheduled__2023-01-17T00:00:00+00:00', '--job-id', '2014', '--raw', '--subdir', '/home/sathya/projects/training-kit/.venv-airflow/lib/python3.10/site-packages/airflow/example_dags/example_dynamic_task_mapping.py', '--cfg-path', '/tmp/tmpwt3gxf93', '--map-index', '0']
[2025-12-27T19:50:08.439+0530] {standard_task_runner.py:91} INFO - Job 2014: Subtask add_one
[2025-12-27T19:50:08.475+0530] {task_command.py:426} INFO - Running <TaskInstance: example_dynamic_task_mapping.add_one scheduled__2023-01-17T00:00:00+00:00 map_index=0 [running]> on host LAPTOP-A1PMOBSE.localdomain
[2025-12-27T19:50:08.552+0530] {taskinstance.py:2648} INFO - Exporting env vars: AIRFLOW_CTX_DAG_OWNER='airflow' AIRFLOW_CTX_DAG_ID='example_dynamic_task_mapping' AIRFLOW_CTX_TASK_ID='add_one' AIRFLOW_CTX_EXECUTION_DATE='2023-01-17T00:00:00+00:00' AIRFLOW_CTX_TRY_NUMBER='1' AIRFLOW_CTX_DAG_RUN_ID='scheduled__2023-01-17T00:00:00+00:00'
[2025-12-27T19:50:08.553+0530] {taskinstance.py:430} INFO - ::endgroup::
[2025-12-27T19:50:08.553+0530] {python.py:237} INFO - Done. Returned value was: 2
[2025-12-27T19:50:08.553+0530] {taskinstance.py:441} INFO - ::group::Post task execution logs
[2025-12-27T19:50:08.569+0530] {taskinstance.py:1206} INFO - Marking task as SUCCESS. dag_id=example_dynamic_task_mapping, task_id=add_one, run_id=scheduled__2023-01-17T00:00:00+00:00, map_index=0, execution_date=20230117T000000, start_date=20251227T142008, end_date=20251227T142008
[2025-12-27T19:50:08.611+0530] {local_task_job_runner.py:243} INFO - Task exited with return code 0
[2025-12-27T19:50:08.627+0530] {taskinstance.py:3503} INFO - 0 downstream tasks scheduled from follow-on schedule check
[2025-12-27T19:50:08.627+0530] {local_task_job_runner.py:222} INFO - ::endgroup::
[2026-03-11T23:01:40.647+0530] {local_task_job_runner.py:120} INFO - ::group::Pre task execution logs
[2026-03-11T23:01:40.665+0530] {taskinstance.py:2076} INFO - Dependencies all met for dep_context=non-requeueable deps ti=<TaskInstance: example_dynamic_task_mapping.add_one scheduled__2023-01-17T00:00:00+00:00 map_index=0 [queued]>
[2026-03-11T23:01:40.669+0530] {taskinstance.py:2076} INFO - Dependencies all met for dep_context=requeueable deps ti=<TaskInstance: example_dynamic_task_mapping.add_one scheduled__2023-01-17T00:00:00+00:00 map_index=0 [queued]>
[2026-03-11T23:01:40.669+0530] {taskinstance.py:2306} INFO - Starting attempt 1 of 1
[2026-03-11T23:01:40.686+0530] {taskinstance.py:2330} INFO - Executing <Mapped(_PythonDecoratedOperator): add_one> on 2023-01-17 00:00:00+00:00
[2026-03-11T23:01:40.690+0530] {standard_task_runner.py:64} INFO - Started process 12928 to run task
[2026-03-11T23:01:40.695+0530] {standard_task_runner.py:90} INFO - Running: ['airflow', 'tasks', 'run', 'example_dynamic_task_mapping', 'add_one', 'scheduled__2023-01-17T00:00:00+00:00', '--job-id', '2306', '--raw', '--subdir', '/home/sathya/projects/training-kit/.venv-airflow/lib/python3.10/site-packages/airflow/example_dags/example_dynamic_task_mapping.py', '--cfg-path', '/tmp/tmp5tttr7ek', '--map-index', '0']
[2026-03-11T23:01:40.699+0530] {standard_task_runner.py:91} INFO - Job 2306: Subtask add_one
[2026-03-11T23:01:40.737+0530] {task_command.py:426} INFO - Running <TaskInstance: example_dynamic_task_mapping.add_one scheduled__2023-01-17T00:00:00+00:00 map_index=0 [running]> on host LAPTOP-A1PMOBSE.localdomain
[2026-03-11T23:01:40.820+0530] {taskinstance.py:2648} INFO - Exporting env vars: AIRFLOW_CTX_DAG_OWNER='airflow' AIRFLOW_CTX_DAG_ID='example_dynamic_task_mapping' AIRFLOW_CTX_TASK_ID='add_one' AIRFLOW_CTX_EXECUTION_DATE='2023-01-17T00:00:00+00:00' AIRFLOW_CTX_TRY_NUMBER='1' AIRFLOW_CTX_DAG_RUN_ID='scheduled__2023-01-17T00:00:00+00:00'
[2026-03-11T23:01:40.821+0530] {taskinstance.py:430} INFO - ::endgroup::
[2026-03-11T23:01:40.822+0530] {python.py:237} INFO - Done. Returned value was: 2
[2026-03-11T23:01:40.822+0530] {taskinstance.py:441} INFO - ::group::Post task execution logs
[2026-03-11T23:01:40.840+0530] {taskinstance.py:1206} INFO - Marking task as SUCCESS. dag_id=example_dynamic_task_mapping, task_id=add_one, run_id=scheduled__2023-01-17T00:00:00+00:00, map_index=0, execution_date=20230117T000000, start_date=20260311T173140, end_date=20260311T173140
[2026-03-11T23:01:40.879+0530] {local_task_job_runner.py:243} INFO - Task exited with return code 0
[2026-03-11T23:01:40.900+0530] {taskinstance.py:3503} INFO - 0 downstream tasks scheduled from follow-on schedule check
[2026-03-11T23:01:40.900+0530] {local_task_job_runner.py:222} INFO - ::endgroup::
