[2025-12-26T22:18:36.112+0530] {local_task_job_runner.py:120} INFO - ::group::Pre task execution logs
[2025-12-26T22:18:36.132+0530] {taskinstance.py:2076} INFO - Dependencies all met for dep_context=non-requeueable deps ti=<TaskInstance: example_dynamic_task_mapping.add_one scheduled__2022-04-30T00:00:00+00:00 map_index=2 [queued]>
[2025-12-26T22:18:36.138+0530] {taskinstance.py:2076} INFO - Dependencies all met for dep_context=requeueable deps ti=<TaskInstance: example_dynamic_task_mapping.add_one scheduled__2022-04-30T00:00:00+00:00 map_index=2 [queued]>
[2025-12-26T22:18:36.138+0530] {taskinstance.py:2306} INFO - Starting attempt 1 of 1
[2025-12-26T22:18:36.159+0530] {taskinstance.py:2330} INFO - Executing <Mapped(_PythonDecoratedOperator): add_one> on 2022-04-30 00:00:00+00:00
[2025-12-26T22:18:36.162+0530] {standard_task_runner.py:64} INFO - Started process 5602 to run task
[2025-12-26T22:18:36.167+0530] {standard_task_runner.py:90} INFO - Running: ['airflow', 'tasks', 'run', 'example_dynamic_task_mapping', 'add_one', 'scheduled__2022-04-30T00:00:00+00:00', '--job-id', '424', '--raw', '--subdir', '/home/sathya/projects/training-kit/.venv-airflow/lib/python3.10/site-packages/airflow/example_dags/example_dynamic_task_mapping.py', '--cfg-path', '/tmp/tmpu7hp3myc', '--map-index', '2']
[2025-12-26T22:18:36.167+0530] {standard_task_runner.py:91} INFO - Job 424: Subtask add_one
[2025-12-26T22:18:36.207+0530] {task_command.py:426} INFO - Running <TaskInstance: example_dynamic_task_mapping.add_one scheduled__2022-04-30T00:00:00+00:00 map_index=2 [running]> on host LAPTOP-A1PMOBSE.localdomain
[2025-12-26T22:18:36.273+0530] {taskinstance.py:2648} INFO - Exporting env vars: AIRFLOW_CTX_DAG_OWNER='airflow' AIRFLOW_CTX_DAG_ID='example_dynamic_task_mapping' AIRFLOW_CTX_TASK_ID='add_one' AIRFLOW_CTX_EXECUTION_DATE='2022-04-30T00:00:00+00:00' AIRFLOW_CTX_TRY_NUMBER='1' AIRFLOW_CTX_DAG_RUN_ID='scheduled__2022-04-30T00:00:00+00:00'
[2025-12-26T22:18:36.274+0530] {taskinstance.py:430} INFO - ::endgroup::
[2025-12-26T22:18:36.275+0530] {python.py:237} INFO - Done. Returned value was: 4
[2025-12-26T22:18:36.275+0530] {taskinstance.py:441} INFO - ::group::Post task execution logs
[2025-12-26T22:18:36.294+0530] {taskinstance.py:1206} INFO - Marking task as SUCCESS. dag_id=example_dynamic_task_mapping, task_id=add_one, run_id=scheduled__2022-04-30T00:00:00+00:00, map_index=2, execution_date=20220430T000000, start_date=20251226T164836, end_date=20251226T164836
[2025-12-26T22:18:36.341+0530] {local_task_job_runner.py:243} INFO - Task exited with return code 0
[2025-12-26T22:18:36.354+0530] {taskinstance.py:3503} INFO - 1 downstream tasks scheduled from follow-on schedule check
[2025-12-26T22:18:36.363+0530] {local_task_job_runner.py:222} INFO - ::endgroup::
[2026-03-10T23:07:56.255+0530] {local_task_job_runner.py:120} INFO - ::group::Pre task execution logs
[2026-03-10T23:07:56.286+0530] {taskinstance.py:2076} INFO - Dependencies all met for dep_context=non-requeueable deps ti=<TaskInstance: example_dynamic_task_mapping.add_one scheduled__2022-04-30T00:00:00+00:00 map_index=2 [queued]>
[2026-03-10T23:07:56.291+0530] {taskinstance.py:2076} INFO - Dependencies all met for dep_context=requeueable deps ti=<TaskInstance: example_dynamic_task_mapping.add_one scheduled__2022-04-30T00:00:00+00:00 map_index=2 [queued]>
[2026-03-10T23:07:56.292+0530] {taskinstance.py:2306} INFO - Starting attempt 1 of 1
[2026-03-10T23:07:56.310+0530] {taskinstance.py:2330} INFO - Executing <Mapped(_PythonDecoratedOperator): add_one> on 2022-04-30 00:00:00+00:00
[2026-03-10T23:07:56.315+0530] {standard_task_runner.py:64} INFO - Started process 6622 to run task
[2026-03-10T23:07:56.319+0530] {standard_task_runner.py:90} INFO - Running: ['airflow', 'tasks', 'run', 'example_dynamic_task_mapping', 'add_one', 'scheduled__2022-04-30T00:00:00+00:00', '--job-id', '558', '--raw', '--subdir', '/home/sathya/projects/training-kit/.venv-airflow/lib/python3.10/site-packages/airflow/example_dags/example_dynamic_task_mapping.py', '--cfg-path', '/tmp/tmpeejb5irn', '--map-index', '2']
[2026-03-10T23:07:56.321+0530] {standard_task_runner.py:91} INFO - Job 558: Subtask add_one
[2026-03-10T23:07:56.416+0530] {task_command.py:426} INFO - Running <TaskInstance: example_dynamic_task_mapping.add_one scheduled__2022-04-30T00:00:00+00:00 map_index=2 [running]> on host LAPTOP-A1PMOBSE.localdomain
[2026-03-10T23:07:56.560+0530] {taskinstance.py:2648} INFO - Exporting env vars: AIRFLOW_CTX_DAG_OWNER='airflow' AIRFLOW_CTX_DAG_ID='example_dynamic_task_mapping' AIRFLOW_CTX_TASK_ID='add_one' AIRFLOW_CTX_EXECUTION_DATE='2022-04-30T00:00:00+00:00' AIRFLOW_CTX_TRY_NUMBER='1' AIRFLOW_CTX_DAG_RUN_ID='scheduled__2022-04-30T00:00:00+00:00'
[2026-03-10T23:07:56.562+0530] {taskinstance.py:430} INFO - ::endgroup::
[2026-03-10T23:07:56.562+0530] {python.py:237} INFO - Done. Returned value was: 4
[2026-03-10T23:07:56.563+0530] {taskinstance.py:441} INFO - ::group::Post task execution logs
[2026-03-10T23:07:56.583+0530] {taskinstance.py:1206} INFO - Marking task as SUCCESS. dag_id=example_dynamic_task_mapping, task_id=add_one, run_id=scheduled__2022-04-30T00:00:00+00:00, map_index=2, execution_date=20220430T000000, start_date=20260310T173756, end_date=20260310T173756
[2026-03-10T23:07:56.634+0530] {local_task_job_runner.py:243} INFO - Task exited with return code 0
[2026-03-10T23:07:56.651+0530] {taskinstance.py:3503} INFO - 1 downstream tasks scheduled from follow-on schedule check
[2026-03-10T23:07:56.660+0530] {local_task_job_runner.py:222} INFO - ::endgroup::
