[2025-12-26T22:17:46.428+0530] {local_task_job_runner.py:120} INFO - ::group::Pre task execution logs
[2025-12-26T22:17:46.452+0530] {taskinstance.py:2076} INFO - Dependencies all met for dep_context=non-requeueable deps ti=<TaskInstance: example_dynamic_task_mapping.add_one scheduled__2022-04-22T00:00:00+00:00 map_index=1 [queued]>
[2025-12-26T22:17:46.457+0530] {taskinstance.py:2076} INFO - Dependencies all met for dep_context=requeueable deps ti=<TaskInstance: example_dynamic_task_mapping.add_one scheduled__2022-04-22T00:00:00+00:00 map_index=1 [queued]>
[2025-12-26T22:17:46.457+0530] {taskinstance.py:2306} INFO - Starting attempt 1 of 1
[2025-12-26T22:17:46.476+0530] {taskinstance.py:2330} INFO - Executing <Mapped(_PythonDecoratedOperator): add_one> on 2022-04-22 00:00:00+00:00
[2025-12-26T22:17:46.479+0530] {standard_task_runner.py:64} INFO - Started process 5434 to run task
[2025-12-26T22:17:46.484+0530] {standard_task_runner.py:90} INFO - Running: ['airflow', 'tasks', 'run', 'example_dynamic_task_mapping', 'add_one', 'scheduled__2022-04-22T00:00:00+00:00', '--job-id', '388', '--raw', '--subdir', '/home/sathya/projects/training-kit/.venv-airflow/lib/python3.10/site-packages/airflow/example_dags/example_dynamic_task_mapping.py', '--cfg-path', '/tmp/tmpqqatg28r', '--map-index', '1']
[2025-12-26T22:17:46.485+0530] {standard_task_runner.py:91} INFO - Job 388: Subtask add_one
[2025-12-26T22:17:46.527+0530] {task_command.py:426} INFO - Running <TaskInstance: example_dynamic_task_mapping.add_one scheduled__2022-04-22T00:00:00+00:00 map_index=1 [running]> on host LAPTOP-A1PMOBSE.localdomain
[2025-12-26T22:17:46.602+0530] {taskinstance.py:2648} INFO - Exporting env vars: AIRFLOW_CTX_DAG_OWNER='airflow' AIRFLOW_CTX_DAG_ID='example_dynamic_task_mapping' AIRFLOW_CTX_TASK_ID='add_one' AIRFLOW_CTX_EXECUTION_DATE='2022-04-22T00:00:00+00:00' AIRFLOW_CTX_TRY_NUMBER='1' AIRFLOW_CTX_DAG_RUN_ID='scheduled__2022-04-22T00:00:00+00:00'
[2025-12-26T22:17:46.604+0530] {taskinstance.py:430} INFO - ::endgroup::
[2025-12-26T22:17:46.604+0530] {python.py:237} INFO - Done. Returned value was: 3
[2025-12-26T22:17:46.604+0530] {taskinstance.py:441} INFO - ::group::Post task execution logs
[2025-12-26T22:17:46.624+0530] {taskinstance.py:1206} INFO - Marking task as SUCCESS. dag_id=example_dynamic_task_mapping, task_id=add_one, run_id=scheduled__2022-04-22T00:00:00+00:00, map_index=1, execution_date=20220422T000000, start_date=20251226T164746, end_date=20251226T164746
[2025-12-26T22:17:46.662+0530] {local_task_job_runner.py:243} INFO - Task exited with return code 0
[2025-12-26T22:17:46.683+0530] {taskinstance.py:3503} INFO - 0 downstream tasks scheduled from follow-on schedule check
[2025-12-26T22:17:46.684+0530] {local_task_job_runner.py:222} INFO - ::endgroup::
[2026-03-10T23:06:16.841+0530] {local_task_job_runner.py:120} INFO - ::group::Pre task execution logs
[2026-03-10T23:06:16.871+0530] {taskinstance.py:2076} INFO - Dependencies all met for dep_context=non-requeueable deps ti=<TaskInstance: example_dynamic_task_mapping.add_one scheduled__2022-04-22T00:00:00+00:00 map_index=1 [queued]>
[2026-03-10T23:06:16.877+0530] {taskinstance.py:2076} INFO - Dependencies all met for dep_context=requeueable deps ti=<TaskInstance: example_dynamic_task_mapping.add_one scheduled__2022-04-22T00:00:00+00:00 map_index=1 [queued]>
[2026-03-10T23:06:16.877+0530] {taskinstance.py:2306} INFO - Starting attempt 1 of 1
[2026-03-10T23:06:16.898+0530] {taskinstance.py:2330} INFO - Executing <Mapped(_PythonDecoratedOperator): add_one> on 2022-04-22 00:00:00+00:00
[2026-03-10T23:06:16.904+0530] {standard_task_runner.py:64} INFO - Started process 6191 to run task
[2026-03-10T23:06:16.909+0530] {standard_task_runner.py:90} INFO - Running: ['airflow', 'tasks', 'run', 'example_dynamic_task_mapping', 'add_one', 'scheduled__2022-04-22T00:00:00+00:00', '--job-id', '518', '--raw', '--subdir', '/home/sathya/projects/training-kit/.venv-airflow/lib/python3.10/site-packages/airflow/example_dags/example_dynamic_task_mapping.py', '--cfg-path', '/tmp/tmp8l3xhmzu', '--map-index', '1']
[2026-03-10T23:06:16.911+0530] {standard_task_runner.py:91} INFO - Job 518: Subtask add_one
[2026-03-10T23:06:16.971+0530] {task_command.py:426} INFO - Running <TaskInstance: example_dynamic_task_mapping.add_one scheduled__2022-04-22T00:00:00+00:00 map_index=1 [running]> on host LAPTOP-A1PMOBSE.localdomain
[2026-03-10T23:06:17.067+0530] {taskinstance.py:2648} INFO - Exporting env vars: AIRFLOW_CTX_DAG_OWNER='airflow' AIRFLOW_CTX_DAG_ID='example_dynamic_task_mapping' AIRFLOW_CTX_TASK_ID='add_one' AIRFLOW_CTX_EXECUTION_DATE='2022-04-22T00:00:00+00:00' AIRFLOW_CTX_TRY_NUMBER='1' AIRFLOW_CTX_DAG_RUN_ID='scheduled__2022-04-22T00:00:00+00:00'
[2026-03-10T23:06:17.069+0530] {taskinstance.py:430} INFO - ::endgroup::
[2026-03-10T23:06:17.069+0530] {python.py:237} INFO - Done. Returned value was: 3
[2026-03-10T23:06:17.069+0530] {taskinstance.py:441} INFO - ::group::Post task execution logs
[2026-03-10T23:06:17.105+0530] {taskinstance.py:1206} INFO - Marking task as SUCCESS. dag_id=example_dynamic_task_mapping, task_id=add_one, run_id=scheduled__2022-04-22T00:00:00+00:00, map_index=1, execution_date=20220422T000000, start_date=20260310T173616, end_date=20260310T173617
[2026-03-10T23:06:17.137+0530] {local_task_job_runner.py:243} INFO - Task exited with return code 0
[2026-03-10T23:06:17.165+0530] {taskinstance.py:3503} INFO - 0 downstream tasks scheduled from follow-on schedule check
[2026-03-10T23:06:17.166+0530] {local_task_job_runner.py:222} INFO - ::endgroup::
