[2025-12-26T22:55:55.673+0530] {local_task_job_runner.py:120} INFO - ::group::Pre task execution logs
[2025-12-26T22:55:55.693+0530] {taskinstance.py:2076} INFO - Dependencies all met for dep_context=non-requeueable deps ti=<TaskInstance: example_dynamic_task_mapping.add_one scheduled__2022-09-30T00:00:00+00:00 map_index=2 [queued]>
[2025-12-26T22:55:55.699+0530] {taskinstance.py:2076} INFO - Dependencies all met for dep_context=requeueable deps ti=<TaskInstance: example_dynamic_task_mapping.add_one scheduled__2022-09-30T00:00:00+00:00 map_index=2 [queued]>
[2025-12-26T22:55:55.699+0530] {taskinstance.py:2306} INFO - Starting attempt 1 of 1
[2025-12-26T22:55:55.715+0530] {taskinstance.py:2330} INFO - Executing <Mapped(_PythonDecoratedOperator): add_one> on 2022-09-30 00:00:00+00:00
[2025-12-26T22:55:55.718+0530] {standard_task_runner.py:64} INFO - Started process 10210 to run task
[2025-12-26T22:55:55.721+0530] {standard_task_runner.py:90} INFO - Running: ['airflow', 'tasks', 'run', 'example_dynamic_task_mapping', 'add_one', 'scheduled__2022-09-30T00:00:00+00:00', '--job-id', '1224', '--raw', '--subdir', '/home/sathya/projects/training-kit/.venv-airflow/lib/python3.10/site-packages/airflow/example_dags/example_dynamic_task_mapping.py', '--cfg-path', '/tmp/tmp9grcr8j4', '--map-index', '2']
[2025-12-26T22:55:55.721+0530] {standard_task_runner.py:91} INFO - Job 1224: Subtask add_one
[2025-12-26T22:55:55.757+0530] {task_command.py:426} INFO - Running <TaskInstance: example_dynamic_task_mapping.add_one scheduled__2022-09-30T00:00:00+00:00 map_index=2 [running]> on host LAPTOP-A1PMOBSE.localdomain
[2025-12-26T22:55:55.820+0530] {taskinstance.py:2648} INFO - Exporting env vars: AIRFLOW_CTX_DAG_OWNER='airflow' AIRFLOW_CTX_DAG_ID='example_dynamic_task_mapping' AIRFLOW_CTX_TASK_ID='add_one' AIRFLOW_CTX_EXECUTION_DATE='2022-09-30T00:00:00+00:00' AIRFLOW_CTX_TRY_NUMBER='1' AIRFLOW_CTX_DAG_RUN_ID='scheduled__2022-09-30T00:00:00+00:00'
[2025-12-26T22:55:55.821+0530] {taskinstance.py:430} INFO - ::endgroup::
[2025-12-26T22:55:55.822+0530] {python.py:237} INFO - Done. Returned value was: 4
[2025-12-26T22:55:55.822+0530] {taskinstance.py:441} INFO - ::group::Post task execution logs
[2025-12-26T22:55:55.836+0530] {taskinstance.py:1206} INFO - Marking task as SUCCESS. dag_id=example_dynamic_task_mapping, task_id=add_one, run_id=scheduled__2022-09-30T00:00:00+00:00, map_index=2, execution_date=20220930T000000, start_date=20251226T172555, end_date=20251226T172555
[2025-12-26T22:55:55.859+0530] {local_task_job_runner.py:243} INFO - Task exited with return code 0
[2025-12-26T22:55:55.873+0530] {taskinstance.py:3503} INFO - 1 downstream tasks scheduled from follow-on schedule check
[2025-12-26T22:55:55.880+0530] {local_task_job_runner.py:222} INFO - ::endgroup::
[2026-03-10T23:59:40.228+0530] {local_task_job_runner.py:120} INFO - ::group::Pre task execution logs
[2026-03-10T23:59:40.363+0530] {taskinstance.py:2076} INFO - Dependencies all met for dep_context=non-requeueable deps ti=<TaskInstance: example_dynamic_task_mapping.add_one scheduled__2022-09-30T00:00:00+00:00 map_index=2 [queued]>
[2026-03-10T23:59:40.397+0530] {taskinstance.py:2076} INFO - Dependencies all met for dep_context=requeueable deps ti=<TaskInstance: example_dynamic_task_mapping.add_one scheduled__2022-09-30T00:00:00+00:00 map_index=2 [queued]>
[2026-03-10T23:59:40.398+0530] {taskinstance.py:2306} INFO - Starting attempt 1 of 1
[2026-03-10T23:59:40.452+0530] {taskinstance.py:2330} INFO - Executing <Mapped(_PythonDecoratedOperator): add_one> on 2022-09-30 00:00:00+00:00
[2026-03-10T23:59:40.468+0530] {standard_task_runner.py:64} INFO - Started process 16451 to run task
[2026-03-10T23:59:40.480+0530] {standard_task_runner.py:90} INFO - Running: ['airflow', 'tasks', 'run', 'example_dynamic_task_mapping', 'add_one', 'scheduled__2022-09-30T00:00:00+00:00', '--job-id', '1504', '--raw', '--subdir', '/home/sathya/projects/training-kit/.venv-airflow/lib/python3.10/site-packages/airflow/example_dags/example_dynamic_task_mapping.py', '--cfg-path', '/tmp/tmpnn8wzvsb', '--map-index', '2']
[2026-03-10T23:59:40.486+0530] {standard_task_runner.py:91} INFO - Job 1504: Subtask add_one
[2026-03-10T23:59:40.681+0530] {task_command.py:426} INFO - Running <TaskInstance: example_dynamic_task_mapping.add_one scheduled__2022-09-30T00:00:00+00:00 map_index=2 [running]> on host LAPTOP-A1PMOBSE.localdomain
[2026-03-10T23:59:41.008+0530] {taskinstance.py:2648} INFO - Exporting env vars: AIRFLOW_CTX_DAG_OWNER='airflow' AIRFLOW_CTX_DAG_ID='example_dynamic_task_mapping' AIRFLOW_CTX_TASK_ID='add_one' AIRFLOW_CTX_EXECUTION_DATE='2022-09-30T00:00:00+00:00' AIRFLOW_CTX_TRY_NUMBER='1' AIRFLOW_CTX_DAG_RUN_ID='scheduled__2022-09-30T00:00:00+00:00'
[2026-03-10T23:59:41.012+0530] {taskinstance.py:430} INFO - ::endgroup::
[2026-03-10T23:59:41.014+0530] {python.py:237} INFO - Done. Returned value was: 4
[2026-03-10T23:59:41.019+0530] {taskinstance.py:441} INFO - ::group::Post task execution logs
[2026-03-10T23:59:41.084+0530] {taskinstance.py:1206} INFO - Marking task as SUCCESS. dag_id=example_dynamic_task_mapping, task_id=add_one, run_id=scheduled__2022-09-30T00:00:00+00:00, map_index=2, execution_date=20220930T000000, start_date=20260310T182940, end_date=20260310T182941
[2026-03-10T23:59:41.164+0530] {local_task_job_runner.py:243} INFO - Task exited with return code 0
[2026-03-10T23:59:41.222+0530] {taskinstance.py:3503} INFO - 1 downstream tasks scheduled from follow-on schedule check
[2026-03-10T23:59:41.277+0530] {local_task_job_runner.py:222} INFO - ::endgroup::
