[2025-12-26T22:42:00.749+0530] {local_task_job_runner.py:120} INFO - ::group::Pre task execution logs
[2025-12-26T22:42:00.776+0530] {taskinstance.py:2076} INFO - Dependencies all met for dep_context=non-requeueable deps ti=<TaskInstance: example_dynamic_task_mapping.add_one scheduled__2022-08-04T00:00:00+00:00 map_index=2 [queued]>
[2025-12-26T22:42:00.782+0530] {taskinstance.py:2076} INFO - Dependencies all met for dep_context=requeueable deps ti=<TaskInstance: example_dynamic_task_mapping.add_one scheduled__2022-08-04T00:00:00+00:00 map_index=2 [queued]>
[2025-12-26T22:42:00.782+0530] {taskinstance.py:2306} INFO - Starting attempt 1 of 1
[2025-12-26T22:42:00.798+0530] {taskinstance.py:2330} INFO - Executing <Mapped(_PythonDecoratedOperator): add_one> on 2022-08-04 00:00:00+00:00
[2025-12-26T22:42:00.801+0530] {standard_task_runner.py:64} INFO - Started process 8534 to run task
[2025-12-26T22:42:00.805+0530] {standard_task_runner.py:90} INFO - Running: ['airflow', 'tasks', 'run', 'example_dynamic_task_mapping', 'add_one', 'scheduled__2022-08-04T00:00:00+00:00', '--job-id', '926', '--raw', '--subdir', '/home/sathya/projects/training-kit/.venv-airflow/lib/python3.10/site-packages/airflow/example_dags/example_dynamic_task_mapping.py', '--cfg-path', '/tmp/tmptqpa2oux', '--map-index', '2']
[2025-12-26T22:42:00.805+0530] {standard_task_runner.py:91} INFO - Job 926: Subtask add_one
[2025-12-26T22:42:00.848+0530] {task_command.py:426} INFO - Running <TaskInstance: example_dynamic_task_mapping.add_one scheduled__2022-08-04T00:00:00+00:00 map_index=2 [running]> on host LAPTOP-A1PMOBSE.localdomain
[2025-12-26T22:42:00.913+0530] {taskinstance.py:2648} INFO - Exporting env vars: AIRFLOW_CTX_DAG_OWNER='airflow' AIRFLOW_CTX_DAG_ID='example_dynamic_task_mapping' AIRFLOW_CTX_TASK_ID='add_one' AIRFLOW_CTX_EXECUTION_DATE='2022-08-04T00:00:00+00:00' AIRFLOW_CTX_TRY_NUMBER='1' AIRFLOW_CTX_DAG_RUN_ID='scheduled__2022-08-04T00:00:00+00:00'
[2025-12-26T22:42:00.914+0530] {taskinstance.py:430} INFO - ::endgroup::
[2025-12-26T22:42:00.914+0530] {python.py:237} INFO - Done. Returned value was: 4
[2025-12-26T22:42:00.914+0530] {taskinstance.py:441} INFO - ::group::Post task execution logs
[2025-12-26T22:42:00.928+0530] {taskinstance.py:1206} INFO - Marking task as SUCCESS. dag_id=example_dynamic_task_mapping, task_id=add_one, run_id=scheduled__2022-08-04T00:00:00+00:00, map_index=2, execution_date=20220804T000000, start_date=20251226T171200, end_date=20251226T171200
[2025-12-26T22:42:00.946+0530] {local_task_job_runner.py:243} INFO - Task exited with return code 0
[2025-12-26T22:42:00.958+0530] {taskinstance.py:3503} INFO - 1 downstream tasks scheduled from follow-on schedule check
[2025-12-26T22:42:00.965+0530] {local_task_job_runner.py:222} INFO - ::endgroup::
[2026-03-10T23:29:38.837+0530] {local_task_job_runner.py:120} INFO - ::group::Pre task execution logs
[2026-03-10T23:29:38.903+0530] {taskinstance.py:2076} INFO - Dependencies all met for dep_context=non-requeueable deps ti=<TaskInstance: example_dynamic_task_mapping.add_one scheduled__2022-08-04T00:00:00+00:00 map_index=2 [queued]>
[2026-03-10T23:29:38.924+0530] {taskinstance.py:2076} INFO - Dependencies all met for dep_context=requeueable deps ti=<TaskInstance: example_dynamic_task_mapping.add_one scheduled__2022-08-04T00:00:00+00:00 map_index=2 [queued]>
[2026-03-10T23:29:38.924+0530] {taskinstance.py:2306} INFO - Starting attempt 1 of 1
[2026-03-10T23:29:38.982+0530] {taskinstance.py:2330} INFO - Executing <Mapped(_PythonDecoratedOperator): add_one> on 2022-08-04 00:00:00+00:00
[2026-03-10T23:29:38.997+0530] {standard_task_runner.py:64} INFO - Started process 11976 to run task
[2026-03-10T23:29:39.007+0530] {standard_task_runner.py:90} INFO - Running: ['airflow', 'tasks', 'run', 'example_dynamic_task_mapping', 'add_one', 'scheduled__2022-08-04T00:00:00+00:00', '--job-id', '1078', '--raw', '--subdir', '/home/sathya/projects/training-kit/.venv-airflow/lib/python3.10/site-packages/airflow/example_dags/example_dynamic_task_mapping.py', '--cfg-path', '/tmp/tmprjnfltak', '--map-index', '2']
[2026-03-10T23:29:39.012+0530] {standard_task_runner.py:91} INFO - Job 1078: Subtask add_one
[2026-03-10T23:29:39.132+0530] {task_command.py:426} INFO - Running <TaskInstance: example_dynamic_task_mapping.add_one scheduled__2022-08-04T00:00:00+00:00 map_index=2 [running]> on host LAPTOP-A1PMOBSE.localdomain
[2026-03-10T23:29:39.356+0530] {taskinstance.py:2648} INFO - Exporting env vars: AIRFLOW_CTX_DAG_OWNER='airflow' AIRFLOW_CTX_DAG_ID='example_dynamic_task_mapping' AIRFLOW_CTX_TASK_ID='add_one' AIRFLOW_CTX_EXECUTION_DATE='2022-08-04T00:00:00+00:00' AIRFLOW_CTX_TRY_NUMBER='1' AIRFLOW_CTX_DAG_RUN_ID='scheduled__2022-08-04T00:00:00+00:00'
[2026-03-10T23:29:39.360+0530] {taskinstance.py:430} INFO - ::endgroup::
[2026-03-10T23:29:39.361+0530] {python.py:237} INFO - Done. Returned value was: 4
[2026-03-10T23:29:39.362+0530] {taskinstance.py:441} INFO - ::group::Post task execution logs
[2026-03-10T23:29:39.410+0530] {taskinstance.py:1206} INFO - Marking task as SUCCESS. dag_id=example_dynamic_task_mapping, task_id=add_one, run_id=scheduled__2022-08-04T00:00:00+00:00, map_index=2, execution_date=20220804T000000, start_date=20260310T175938, end_date=20260310T175939
[2026-03-10T23:29:39.492+0530] {local_task_job_runner.py:243} INFO - Task exited with return code 0
[2026-03-10T23:29:39.578+0530] {taskinstance.py:3503} INFO - 1 downstream tasks scheduled from follow-on schedule check
[2026-03-10T23:29:39.594+0530] {local_task_job_runner.py:222} INFO - ::endgroup::
