[2025-12-26T22:39:58.560+0530] {local_task_job_runner.py:120} INFO - ::group::Pre task execution logs
[2025-12-26T22:39:58.579+0530] {taskinstance.py:2076} INFO - Dependencies all met for dep_context=non-requeueable deps ti=<TaskInstance: example_dynamic_task_mapping.add_one scheduled__2022-07-27T00:00:00+00:00 map_index=1 [queued]>
[2025-12-26T22:39:58.584+0530] {taskinstance.py:2076} INFO - Dependencies all met for dep_context=requeueable deps ti=<TaskInstance: example_dynamic_task_mapping.add_one scheduled__2022-07-27T00:00:00+00:00 map_index=1 [queued]>
[2025-12-26T22:39:58.585+0530] {taskinstance.py:2306} INFO - Starting attempt 1 of 1
[2025-12-26T22:39:58.600+0530] {taskinstance.py:2330} INFO - Executing <Mapped(_PythonDecoratedOperator): add_one> on 2022-07-27 00:00:00+00:00
[2025-12-26T22:39:58.603+0530] {standard_task_runner.py:64} INFO - Started process 8288 to run task
[2025-12-26T22:39:58.606+0530] {standard_task_runner.py:90} INFO - Running: ['airflow', 'tasks', 'run', 'example_dynamic_task_mapping', 'add_one', 'scheduled__2022-07-27T00:00:00+00:00', '--job-id', '882', '--raw', '--subdir', '/home/sathya/projects/training-kit/.venv-airflow/lib/python3.10/site-packages/airflow/example_dags/example_dynamic_task_mapping.py', '--cfg-path', '/tmp/tmp1uighmm1', '--map-index', '1']
[2025-12-26T22:39:58.606+0530] {standard_task_runner.py:91} INFO - Job 882: Subtask add_one
[2025-12-26T22:39:58.639+0530] {task_command.py:426} INFO - Running <TaskInstance: example_dynamic_task_mapping.add_one scheduled__2022-07-27T00:00:00+00:00 map_index=1 [running]> on host LAPTOP-A1PMOBSE.localdomain
[2025-12-26T22:39:58.698+0530] {taskinstance.py:2648} INFO - Exporting env vars: AIRFLOW_CTX_DAG_OWNER='airflow' AIRFLOW_CTX_DAG_ID='example_dynamic_task_mapping' AIRFLOW_CTX_TASK_ID='add_one' AIRFLOW_CTX_EXECUTION_DATE='2022-07-27T00:00:00+00:00' AIRFLOW_CTX_TRY_NUMBER='1' AIRFLOW_CTX_DAG_RUN_ID='scheduled__2022-07-27T00:00:00+00:00'
[2025-12-26T22:39:58.698+0530] {taskinstance.py:430} INFO - ::endgroup::
[2025-12-26T22:39:58.699+0530] {python.py:237} INFO - Done. Returned value was: 3
[2025-12-26T22:39:58.699+0530] {taskinstance.py:441} INFO - ::group::Post task execution logs
[2025-12-26T22:39:58.712+0530] {taskinstance.py:1206} INFO - Marking task as SUCCESS. dag_id=example_dynamic_task_mapping, task_id=add_one, run_id=scheduled__2022-07-27T00:00:00+00:00, map_index=1, execution_date=20220727T000000, start_date=20251226T170958, end_date=20251226T170958
[2025-12-26T22:39:58.747+0530] {local_task_job_runner.py:243} INFO - Task exited with return code 0
[2025-12-26T22:39:58.762+0530] {taskinstance.py:3503} INFO - 0 downstream tasks scheduled from follow-on schedule check
[2025-12-26T22:39:58.762+0530] {local_task_job_runner.py:222} INFO - ::endgroup::
[2026-03-10T23:26:55.894+0530] {local_task_job_runner.py:120} INFO - ::group::Pre task execution logs
[2026-03-10T23:26:55.959+0530] {taskinstance.py:2076} INFO - Dependencies all met for dep_context=non-requeueable deps ti=<TaskInstance: example_dynamic_task_mapping.add_one scheduled__2022-07-27T00:00:00+00:00 map_index=1 [queued]>
[2026-03-10T23:26:55.975+0530] {taskinstance.py:2076} INFO - Dependencies all met for dep_context=requeueable deps ti=<TaskInstance: example_dynamic_task_mapping.add_one scheduled__2022-07-27T00:00:00+00:00 map_index=1 [queued]>
[2026-03-10T23:26:55.975+0530] {taskinstance.py:2306} INFO - Starting attempt 1 of 1
[2026-03-10T23:26:56.025+0530] {taskinstance.py:2330} INFO - Executing <Mapped(_PythonDecoratedOperator): add_one> on 2022-07-27 00:00:00+00:00
[2026-03-10T23:26:56.043+0530] {standard_task_runner.py:64} INFO - Started process 11416 to run task
[2026-03-10T23:26:56.054+0530] {standard_task_runner.py:90} INFO - Running: ['airflow', 'tasks', 'run', 'example_dynamic_task_mapping', 'add_one', 'scheduled__2022-07-27T00:00:00+00:00', '--job-id', '1024', '--raw', '--subdir', '/home/sathya/projects/training-kit/.venv-airflow/lib/python3.10/site-packages/airflow/example_dags/example_dynamic_task_mapping.py', '--cfg-path', '/tmp/tmpjsvjs04q', '--map-index', '1']
[2026-03-10T23:26:56.059+0530] {standard_task_runner.py:91} INFO - Job 1024: Subtask add_one
[2026-03-10T23:26:56.152+0530] {task_command.py:426} INFO - Running <TaskInstance: example_dynamic_task_mapping.add_one scheduled__2022-07-27T00:00:00+00:00 map_index=1 [running]> on host LAPTOP-A1PMOBSE.localdomain
[2026-03-10T23:26:56.320+0530] {taskinstance.py:2648} INFO - Exporting env vars: AIRFLOW_CTX_DAG_OWNER='airflow' AIRFLOW_CTX_DAG_ID='example_dynamic_task_mapping' AIRFLOW_CTX_TASK_ID='add_one' AIRFLOW_CTX_EXECUTION_DATE='2022-07-27T00:00:00+00:00' AIRFLOW_CTX_TRY_NUMBER='1' AIRFLOW_CTX_DAG_RUN_ID='scheduled__2022-07-27T00:00:00+00:00'
[2026-03-10T23:26:56.322+0530] {taskinstance.py:430} INFO - ::endgroup::
[2026-03-10T23:26:56.323+0530] {python.py:237} INFO - Done. Returned value was: 3
[2026-03-10T23:26:56.324+0530] {taskinstance.py:441} INFO - ::group::Post task execution logs
[2026-03-10T23:26:56.365+0530] {taskinstance.py:1206} INFO - Marking task as SUCCESS. dag_id=example_dynamic_task_mapping, task_id=add_one, run_id=scheduled__2022-07-27T00:00:00+00:00, map_index=1, execution_date=20220727T000000, start_date=20260310T175655, end_date=20260310T175656
[2026-03-10T23:26:56.403+0530] {local_task_job_runner.py:243} INFO - Task exited with return code 0
[2026-03-10T23:26:56.440+0530] {taskinstance.py:3503} INFO - 0 downstream tasks scheduled from follow-on schedule check
[2026-03-10T23:26:56.441+0530] {local_task_job_runner.py:222} INFO - ::endgroup::
