[2025-12-27T19:09:30.591+0530] {processor.py:161} INFO - Started process (PID=560) to work on /home/sathya/projects/training-kit/.venv-airflow/lib/python3.10/site-packages/airflow/example_dags/subdags/subdag.py
[2025-12-27T19:09:30.592+0530] {processor.py:830} INFO - Processing file /home/sathya/projects/training-kit/.venv-airflow/lib/python3.10/site-packages/airflow/example_dags/subdags/subdag.py for tasks to queue
[2025-12-27T19:09:30.594+0530] {logging_mixin.py:188} INFO - [2025-12-27T19:09:30.593+0530] {dagbag.py:545} INFO - Filling up the DagBag from /home/sathya/projects/training-kit/.venv-airflow/lib/python3.10/site-packages/airflow/example_dags/subdags/subdag.py
[2025-12-27T19:09:30.595+0530] {processor.py:842} WARNING - No viable dags retrieved from /home/sathya/projects/training-kit/.venv-airflow/lib/python3.10/site-packages/airflow/example_dags/subdags/subdag.py
[2025-12-27T19:09:30.626+0530] {processor.py:183} INFO - Processing /home/sathya/projects/training-kit/.venv-airflow/lib/python3.10/site-packages/airflow/example_dags/subdags/subdag.py took 0.043 seconds
[2025-12-27T19:26:42.280+0530] {processor.py:161} INFO - Started process (PID=1115) to work on /home/sathya/projects/training-kit/.venv-airflow/lib/python3.10/site-packages/airflow/example_dags/subdags/subdag.py
[2025-12-27T19:26:42.286+0530] {processor.py:830} INFO - Processing file /home/sathya/projects/training-kit/.venv-airflow/lib/python3.10/site-packages/airflow/example_dags/subdags/subdag.py for tasks to queue
[2025-12-27T19:26:42.289+0530] {logging_mixin.py:188} INFO - [2025-12-27T19:26:42.288+0530] {dagbag.py:545} INFO - Filling up the DagBag from /home/sathya/projects/training-kit/.venv-airflow/lib/python3.10/site-packages/airflow/example_dags/subdags/subdag.py
[2025-12-27T19:26:42.291+0530] {processor.py:842} WARNING - No viable dags retrieved from /home/sathya/projects/training-kit/.venv-airflow/lib/python3.10/site-packages/airflow/example_dags/subdags/subdag.py
[2025-12-27T19:26:42.303+0530] {processor.py:183} INFO - Processing /home/sathya/projects/training-kit/.venv-airflow/lib/python3.10/site-packages/airflow/example_dags/subdags/subdag.py took 0.031 seconds
[2025-12-27T19:35:54.995+0530] {processor.py:161} INFO - Started process (PID=1466) to work on /home/sathya/projects/training-kit/.venv-airflow/lib/python3.10/site-packages/airflow/example_dags/subdags/subdag.py
[2025-12-27T19:35:54.996+0530] {processor.py:830} INFO - Processing file /home/sathya/projects/training-kit/.venv-airflow/lib/python3.10/site-packages/airflow/example_dags/subdags/subdag.py for tasks to queue
[2025-12-27T19:35:54.998+0530] {logging_mixin.py:188} INFO - [2025-12-27T19:35:54.998+0530] {dagbag.py:545} INFO - Filling up the DagBag from /home/sathya/projects/training-kit/.venv-airflow/lib/python3.10/site-packages/airflow/example_dags/subdags/subdag.py
[2025-12-27T19:35:55.000+0530] {processor.py:842} WARNING - No viable dags retrieved from /home/sathya/projects/training-kit/.venv-airflow/lib/python3.10/site-packages/airflow/example_dags/subdags/subdag.py
[2025-12-27T19:35:55.015+0530] {processor.py:183} INFO - Processing /home/sathya/projects/training-kit/.venv-airflow/lib/python3.10/site-packages/airflow/example_dags/subdags/subdag.py took 0.028 seconds
[2025-12-27T19:44:03.924+0530] {processor.py:161} INFO - Started process (PID=1777) to work on /home/sathya/projects/training-kit/.venv-airflow/lib/python3.10/site-packages/airflow/example_dags/subdags/subdag.py
[2025-12-27T19:44:03.926+0530] {processor.py:830} INFO - Processing file /home/sathya/projects/training-kit/.venv-airflow/lib/python3.10/site-packages/airflow/example_dags/subdags/subdag.py for tasks to queue
[2025-12-27T19:44:03.929+0530] {logging_mixin.py:188} INFO - [2025-12-27T19:44:03.928+0530] {dagbag.py:545} INFO - Filling up the DagBag from /home/sathya/projects/training-kit/.venv-airflow/lib/python3.10/site-packages/airflow/example_dags/subdags/subdag.py
[2025-12-27T19:44:03.932+0530] {processor.py:842} WARNING - No viable dags retrieved from /home/sathya/projects/training-kit/.venv-airflow/lib/python3.10/site-packages/airflow/example_dags/subdags/subdag.py
[2025-12-27T19:44:03.951+0530] {processor.py:183} INFO - Processing /home/sathya/projects/training-kit/.venv-airflow/lib/python3.10/site-packages/airflow/example_dags/subdags/subdag.py took 0.039 seconds
[2025-12-27T19:53:20.674+0530] {processor.py:161} INFO - Started process (PID=2121) to work on /home/sathya/projects/training-kit/.venv-airflow/lib/python3.10/site-packages/airflow/example_dags/subdags/subdag.py
[2025-12-27T19:53:20.680+0530] {processor.py:830} INFO - Processing file /home/sathya/projects/training-kit/.venv-airflow/lib/python3.10/site-packages/airflow/example_dags/subdags/subdag.py for tasks to queue
[2025-12-27T19:53:20.684+0530] {logging_mixin.py:188} INFO - [2025-12-27T19:53:20.683+0530] {dagbag.py:545} INFO - Filling up the DagBag from /home/sathya/projects/training-kit/.venv-airflow/lib/python3.10/site-packages/airflow/example_dags/subdags/subdag.py
[2025-12-27T19:53:20.687+0530] {processor.py:842} WARNING - No viable dags retrieved from /home/sathya/projects/training-kit/.venv-airflow/lib/python3.10/site-packages/airflow/example_dags/subdags/subdag.py
[2025-12-27T19:53:20.704+0530] {processor.py:183} INFO - Processing /home/sathya/projects/training-kit/.venv-airflow/lib/python3.10/site-packages/airflow/example_dags/subdags/subdag.py took 0.042 seconds
[2025-12-27T20:01:23.625+0530] {processor.py:161} INFO - Started process (PID=2448) to work on /home/sathya/projects/training-kit/.venv-airflow/lib/python3.10/site-packages/airflow/example_dags/subdags/subdag.py
[2025-12-27T20:01:23.627+0530] {processor.py:830} INFO - Processing file /home/sathya/projects/training-kit/.venv-airflow/lib/python3.10/site-packages/airflow/example_dags/subdags/subdag.py for tasks to queue
[2025-12-27T20:01:23.635+0530] {logging_mixin.py:188} INFO - [2025-12-27T20:01:23.634+0530] {dagbag.py:545} INFO - Filling up the DagBag from /home/sathya/projects/training-kit/.venv-airflow/lib/python3.10/site-packages/airflow/example_dags/subdags/subdag.py
[2025-12-27T20:01:23.640+0530] {processor.py:842} WARNING - No viable dags retrieved from /home/sathya/projects/training-kit/.venv-airflow/lib/python3.10/site-packages/airflow/example_dags/subdags/subdag.py
[2025-12-27T20:01:23.656+0530] {processor.py:183} INFO - Processing /home/sathya/projects/training-kit/.venv-airflow/lib/python3.10/site-packages/airflow/example_dags/subdags/subdag.py took 0.042 seconds
[2025-12-27T20:09:55.667+0530] {processor.py:161} INFO - Started process (PID=2809) to work on /home/sathya/projects/training-kit/.venv-airflow/lib/python3.10/site-packages/airflow/example_dags/subdags/subdag.py
[2025-12-27T20:09:55.673+0530] {processor.py:830} INFO - Processing file /home/sathya/projects/training-kit/.venv-airflow/lib/python3.10/site-packages/airflow/example_dags/subdags/subdag.py for tasks to queue
[2025-12-27T20:09:55.675+0530] {logging_mixin.py:188} INFO - [2025-12-27T20:09:55.674+0530] {dagbag.py:545} INFO - Filling up the DagBag from /home/sathya/projects/training-kit/.venv-airflow/lib/python3.10/site-packages/airflow/example_dags/subdags/subdag.py
[2025-12-27T20:09:55.677+0530] {processor.py:842} WARNING - No viable dags retrieved from /home/sathya/projects/training-kit/.venv-airflow/lib/python3.10/site-packages/airflow/example_dags/subdags/subdag.py
[2025-12-27T20:09:55.689+0530] {processor.py:183} INFO - Processing /home/sathya/projects/training-kit/.venv-airflow/lib/python3.10/site-packages/airflow/example_dags/subdags/subdag.py took 0.029 seconds
[2025-12-27T20:16:05.442+0530] {processor.py:161} INFO - Started process (PID=3098) to work on /home/sathya/projects/training-kit/.venv-airflow/lib/python3.10/site-packages/airflow/example_dags/subdags/subdag.py
[2025-12-27T20:16:05.444+0530] {processor.py:830} INFO - Processing file /home/sathya/projects/training-kit/.venv-airflow/lib/python3.10/site-packages/airflow/example_dags/subdags/subdag.py for tasks to queue
[2025-12-27T20:16:05.447+0530] {logging_mixin.py:188} INFO - [2025-12-27T20:16:05.446+0530] {dagbag.py:545} INFO - Filling up the DagBag from /home/sathya/projects/training-kit/.venv-airflow/lib/python3.10/site-packages/airflow/example_dags/subdags/subdag.py
[2025-12-27T20:16:05.450+0530] {processor.py:842} WARNING - No viable dags retrieved from /home/sathya/projects/training-kit/.venv-airflow/lib/python3.10/site-packages/airflow/example_dags/subdags/subdag.py
[2025-12-27T20:16:05.467+0530] {processor.py:183} INFO - Processing /home/sathya/projects/training-kit/.venv-airflow/lib/python3.10/site-packages/airflow/example_dags/subdags/subdag.py took 0.036 seconds
[2025-12-27T20:23:26.986+0530] {processor.py:161} INFO - Started process (PID=3392) to work on /home/sathya/projects/training-kit/.venv-airflow/lib/python3.10/site-packages/airflow/example_dags/subdags/subdag.py
[2025-12-27T20:23:26.987+0530] {processor.py:830} INFO - Processing file /home/sathya/projects/training-kit/.venv-airflow/lib/python3.10/site-packages/airflow/example_dags/subdags/subdag.py for tasks to queue
[2025-12-27T20:23:26.989+0530] {logging_mixin.py:188} INFO - [2025-12-27T20:23:26.988+0530] {dagbag.py:545} INFO - Filling up the DagBag from /home/sathya/projects/training-kit/.venv-airflow/lib/python3.10/site-packages/airflow/example_dags/subdags/subdag.py
[2025-12-27T20:23:26.991+0530] {processor.py:842} WARNING - No viable dags retrieved from /home/sathya/projects/training-kit/.venv-airflow/lib/python3.10/site-packages/airflow/example_dags/subdags/subdag.py
[2025-12-27T20:23:27.002+0530] {processor.py:183} INFO - Processing /home/sathya/projects/training-kit/.venv-airflow/lib/python3.10/site-packages/airflow/example_dags/subdags/subdag.py took 0.023 seconds
[2025-12-27T20:30:06.908+0530] {processor.py:161} INFO - Started process (PID=3703) to work on /home/sathya/projects/training-kit/.venv-airflow/lib/python3.10/site-packages/airflow/example_dags/subdags/subdag.py
[2025-12-27T20:30:06.910+0530] {processor.py:830} INFO - Processing file /home/sathya/projects/training-kit/.venv-airflow/lib/python3.10/site-packages/airflow/example_dags/subdags/subdag.py for tasks to queue
[2025-12-27T20:30:06.915+0530] {logging_mixin.py:188} INFO - [2025-12-27T20:30:06.915+0530] {dagbag.py:545} INFO - Filling up the DagBag from /home/sathya/projects/training-kit/.venv-airflow/lib/python3.10/site-packages/airflow/example_dags/subdags/subdag.py
[2025-12-27T20:30:06.918+0530] {processor.py:842} WARNING - No viable dags retrieved from /home/sathya/projects/training-kit/.venv-airflow/lib/python3.10/site-packages/airflow/example_dags/subdags/subdag.py
[2025-12-27T20:30:06.935+0530] {processor.py:183} INFO - Processing /home/sathya/projects/training-kit/.venv-airflow/lib/python3.10/site-packages/airflow/example_dags/subdags/subdag.py took 0.039 seconds
[2025-12-27T20:37:49.967+0530] {processor.py:161} INFO - Started process (PID=4006) to work on /home/sathya/projects/training-kit/.venv-airflow/lib/python3.10/site-packages/airflow/example_dags/subdags/subdag.py
[2025-12-27T20:37:49.968+0530] {processor.py:830} INFO - Processing file /home/sathya/projects/training-kit/.venv-airflow/lib/python3.10/site-packages/airflow/example_dags/subdags/subdag.py for tasks to queue
[2025-12-27T20:37:49.974+0530] {logging_mixin.py:188} INFO - [2025-12-27T20:37:49.974+0530] {dagbag.py:545} INFO - Filling up the DagBag from /home/sathya/projects/training-kit/.venv-airflow/lib/python3.10/site-packages/airflow/example_dags/subdags/subdag.py
[2025-12-27T20:37:49.976+0530] {processor.py:842} WARNING - No viable dags retrieved from /home/sathya/projects/training-kit/.venv-airflow/lib/python3.10/site-packages/airflow/example_dags/subdags/subdag.py
[2025-12-27T20:37:49.989+0530] {processor.py:183} INFO - Processing /home/sathya/projects/training-kit/.venv-airflow/lib/python3.10/site-packages/airflow/example_dags/subdags/subdag.py took 0.029 seconds
[2025-12-27T20:45:44.046+0530] {processor.py:161} INFO - Started process (PID=4322) to work on /home/sathya/projects/training-kit/.venv-airflow/lib/python3.10/site-packages/airflow/example_dags/subdags/subdag.py
[2025-12-27T20:45:44.049+0530] {processor.py:830} INFO - Processing file /home/sathya/projects/training-kit/.venv-airflow/lib/python3.10/site-packages/airflow/example_dags/subdags/subdag.py for tasks to queue
[2025-12-27T20:45:44.052+0530] {logging_mixin.py:188} INFO - [2025-12-27T20:45:44.051+0530] {dagbag.py:545} INFO - Filling up the DagBag from /home/sathya/projects/training-kit/.venv-airflow/lib/python3.10/site-packages/airflow/example_dags/subdags/subdag.py
[2025-12-27T20:45:44.056+0530] {processor.py:842} WARNING - No viable dags retrieved from /home/sathya/projects/training-kit/.venv-airflow/lib/python3.10/site-packages/airflow/example_dags/subdags/subdag.py
[2025-12-27T20:45:44.076+0530] {processor.py:183} INFO - Processing /home/sathya/projects/training-kit/.venv-airflow/lib/python3.10/site-packages/airflow/example_dags/subdags/subdag.py took 0.042 seconds
[2025-12-27T21:45:51.850+0530] {processor.py:161} INFO - Started process (PID=4714) to work on /home/sathya/projects/training-kit/.venv-airflow/lib/python3.10/site-packages/airflow/example_dags/subdags/subdag.py
[2025-12-27T21:45:51.853+0530] {processor.py:830} INFO - Processing file /home/sathya/projects/training-kit/.venv-airflow/lib/python3.10/site-packages/airflow/example_dags/subdags/subdag.py for tasks to queue
[2025-12-27T21:45:51.857+0530] {logging_mixin.py:188} INFO - [2025-12-27T21:45:51.856+0530] {dagbag.py:545} INFO - Filling up the DagBag from /home/sathya/projects/training-kit/.venv-airflow/lib/python3.10/site-packages/airflow/example_dags/subdags/subdag.py
[2025-12-27T21:45:51.861+0530] {processor.py:842} WARNING - No viable dags retrieved from /home/sathya/projects/training-kit/.venv-airflow/lib/python3.10/site-packages/airflow/example_dags/subdags/subdag.py
[2025-12-27T21:45:51.876+0530] {processor.py:183} INFO - Processing /home/sathya/projects/training-kit/.venv-airflow/lib/python3.10/site-packages/airflow/example_dags/subdags/subdag.py took 0.035 seconds
[2025-12-27T21:57:28.429+0530] {processor.py:161} INFO - Started process (PID=5207) to work on /home/sathya/projects/training-kit/.venv-airflow/lib/python3.10/site-packages/airflow/example_dags/subdags/subdag.py
[2025-12-27T21:57:28.430+0530] {processor.py:830} INFO - Processing file /home/sathya/projects/training-kit/.venv-airflow/lib/python3.10/site-packages/airflow/example_dags/subdags/subdag.py for tasks to queue
[2025-12-27T21:57:28.433+0530] {logging_mixin.py:188} INFO - [2025-12-27T21:57:28.432+0530] {dagbag.py:545} INFO - Filling up the DagBag from /home/sathya/projects/training-kit/.venv-airflow/lib/python3.10/site-packages/airflow/example_dags/subdags/subdag.py
[2025-12-27T21:57:28.435+0530] {processor.py:842} WARNING - No viable dags retrieved from /home/sathya/projects/training-kit/.venv-airflow/lib/python3.10/site-packages/airflow/example_dags/subdags/subdag.py
[2025-12-27T21:57:28.449+0530] {processor.py:183} INFO - Processing /home/sathya/projects/training-kit/.venv-airflow/lib/python3.10/site-packages/airflow/example_dags/subdags/subdag.py took 0.027 seconds
[2025-12-27T22:08:04.536+0530] {processor.py:161} INFO - Started process (PID=5603) to work on /home/sathya/projects/training-kit/.venv-airflow/lib/python3.10/site-packages/airflow/example_dags/subdags/subdag.py
[2025-12-27T22:08:04.544+0530] {processor.py:830} INFO - Processing file /home/sathya/projects/training-kit/.venv-airflow/lib/python3.10/site-packages/airflow/example_dags/subdags/subdag.py for tasks to queue
[2025-12-27T22:08:04.547+0530] {logging_mixin.py:188} INFO - [2025-12-27T22:08:04.546+0530] {dagbag.py:545} INFO - Filling up the DagBag from /home/sathya/projects/training-kit/.venv-airflow/lib/python3.10/site-packages/airflow/example_dags/subdags/subdag.py
[2025-12-27T22:08:04.552+0530] {processor.py:842} WARNING - No viable dags retrieved from /home/sathya/projects/training-kit/.venv-airflow/lib/python3.10/site-packages/airflow/example_dags/subdags/subdag.py
[2025-12-27T22:08:04.578+0530] {processor.py:183} INFO - Processing /home/sathya/projects/training-kit/.venv-airflow/lib/python3.10/site-packages/airflow/example_dags/subdags/subdag.py took 0.057 seconds
[2025-12-27T22:28:15.939+0530] {processor.py:161} INFO - Started process (PID=6110) to work on /home/sathya/projects/training-kit/.venv-airflow/lib/python3.10/site-packages/airflow/example_dags/subdags/subdag.py
[2025-12-27T22:28:15.941+0530] {processor.py:830} INFO - Processing file /home/sathya/projects/training-kit/.venv-airflow/lib/python3.10/site-packages/airflow/example_dags/subdags/subdag.py for tasks to queue
[2025-12-27T22:28:15.943+0530] {logging_mixin.py:188} INFO - [2025-12-27T22:28:15.942+0530] {dagbag.py:545} INFO - Filling up the DagBag from /home/sathya/projects/training-kit/.venv-airflow/lib/python3.10/site-packages/airflow/example_dags/subdags/subdag.py
[2025-12-27T22:28:15.944+0530] {processor.py:842} WARNING - No viable dags retrieved from /home/sathya/projects/training-kit/.venv-airflow/lib/python3.10/site-packages/airflow/example_dags/subdags/subdag.py
[2025-12-27T22:28:15.953+0530] {processor.py:183} INFO - Processing /home/sathya/projects/training-kit/.venv-airflow/lib/python3.10/site-packages/airflow/example_dags/subdags/subdag.py took 0.018 seconds
[2025-12-27T22:33:46.362+0530] {processor.py:161} INFO - Started process (PID=6426) to work on /home/sathya/projects/training-kit/.venv-airflow/lib/python3.10/site-packages/airflow/example_dags/subdags/subdag.py
[2025-12-27T22:33:46.368+0530] {processor.py:830} INFO - Processing file /home/sathya/projects/training-kit/.venv-airflow/lib/python3.10/site-packages/airflow/example_dags/subdags/subdag.py for tasks to queue
[2025-12-27T22:33:46.369+0530] {logging_mixin.py:188} INFO - [2025-12-27T22:33:46.369+0530] {dagbag.py:545} INFO - Filling up the DagBag from /home/sathya/projects/training-kit/.venv-airflow/lib/python3.10/site-packages/airflow/example_dags/subdags/subdag.py
[2025-12-27T22:33:46.371+0530] {processor.py:842} WARNING - No viable dags retrieved from /home/sathya/projects/training-kit/.venv-airflow/lib/python3.10/site-packages/airflow/example_dags/subdags/subdag.py
[2025-12-27T22:33:46.379+0530] {processor.py:183} INFO - Processing /home/sathya/projects/training-kit/.venv-airflow/lib/python3.10/site-packages/airflow/example_dags/subdags/subdag.py took 0.022 seconds
[2025-12-27T22:38:00.472+0530] {processor.py:161} INFO - Started process (PID=6693) to work on /home/sathya/projects/training-kit/.venv-airflow/lib/python3.10/site-packages/airflow/example_dags/subdags/subdag.py
[2025-12-27T22:38:00.473+0530] {processor.py:830} INFO - Processing file /home/sathya/projects/training-kit/.venv-airflow/lib/python3.10/site-packages/airflow/example_dags/subdags/subdag.py for tasks to queue
[2025-12-27T22:38:00.475+0530] {logging_mixin.py:188} INFO - [2025-12-27T22:38:00.474+0530] {dagbag.py:545} INFO - Filling up the DagBag from /home/sathya/projects/training-kit/.venv-airflow/lib/python3.10/site-packages/airflow/example_dags/subdags/subdag.py
[2025-12-27T22:38:00.476+0530] {processor.py:842} WARNING - No viable dags retrieved from /home/sathya/projects/training-kit/.venv-airflow/lib/python3.10/site-packages/airflow/example_dags/subdags/subdag.py
[2025-12-27T22:38:00.485+0530] {processor.py:183} INFO - Processing /home/sathya/projects/training-kit/.venv-airflow/lib/python3.10/site-packages/airflow/example_dags/subdags/subdag.py took 0.020 seconds
[2025-12-27T22:43:47.629+0530] {processor.py:161} INFO - Started process (PID=7003) to work on /home/sathya/projects/training-kit/.venv-airflow/lib/python3.10/site-packages/airflow/example_dags/subdags/subdag.py
[2025-12-27T22:43:47.630+0530] {processor.py:830} INFO - Processing file /home/sathya/projects/training-kit/.venv-airflow/lib/python3.10/site-packages/airflow/example_dags/subdags/subdag.py for tasks to queue
[2025-12-27T22:43:47.633+0530] {logging_mixin.py:188} INFO - [2025-12-27T22:43:47.632+0530] {dagbag.py:545} INFO - Filling up the DagBag from /home/sathya/projects/training-kit/.venv-airflow/lib/python3.10/site-packages/airflow/example_dags/subdags/subdag.py
[2025-12-27T22:43:47.636+0530] {processor.py:842} WARNING - No viable dags retrieved from /home/sathya/projects/training-kit/.venv-airflow/lib/python3.10/site-packages/airflow/example_dags/subdags/subdag.py
[2025-12-27T22:43:47.644+0530] {processor.py:183} INFO - Processing /home/sathya/projects/training-kit/.venv-airflow/lib/python3.10/site-packages/airflow/example_dags/subdags/subdag.py took 0.024 seconds
[2025-12-27T22:49:54.580+0530] {processor.py:161} INFO - Started process (PID=7330) to work on /home/sathya/projects/training-kit/.venv-airflow/lib/python3.10/site-packages/airflow/example_dags/subdags/subdag.py
[2025-12-27T22:49:54.586+0530] {processor.py:830} INFO - Processing file /home/sathya/projects/training-kit/.venv-airflow/lib/python3.10/site-packages/airflow/example_dags/subdags/subdag.py for tasks to queue
[2025-12-27T22:49:54.587+0530] {logging_mixin.py:188} INFO - [2025-12-27T22:49:54.587+0530] {dagbag.py:545} INFO - Filling up the DagBag from /home/sathya/projects/training-kit/.venv-airflow/lib/python3.10/site-packages/airflow/example_dags/subdags/subdag.py
[2025-12-27T22:49:54.589+0530] {processor.py:842} WARNING - No viable dags retrieved from /home/sathya/projects/training-kit/.venv-airflow/lib/python3.10/site-packages/airflow/example_dags/subdags/subdag.py
[2025-12-27T22:49:54.598+0530] {processor.py:183} INFO - Processing /home/sathya/projects/training-kit/.venv-airflow/lib/python3.10/site-packages/airflow/example_dags/subdags/subdag.py took 0.023 seconds
[2025-12-27T22:56:07.992+0530] {processor.py:161} INFO - Started process (PID=7720) to work on /home/sathya/projects/training-kit/.venv-airflow/lib/python3.10/site-packages/airflow/example_dags/subdags/subdag.py
[2025-12-27T22:56:07.993+0530] {processor.py:830} INFO - Processing file /home/sathya/projects/training-kit/.venv-airflow/lib/python3.10/site-packages/airflow/example_dags/subdags/subdag.py for tasks to queue
[2025-12-27T22:56:07.995+0530] {logging_mixin.py:188} INFO - [2025-12-27T22:56:07.995+0530] {dagbag.py:545} INFO - Filling up the DagBag from /home/sathya/projects/training-kit/.venv-airflow/lib/python3.10/site-packages/airflow/example_dags/subdags/subdag.py
[2025-12-27T22:56:07.999+0530] {processor.py:842} WARNING - No viable dags retrieved from /home/sathya/projects/training-kit/.venv-airflow/lib/python3.10/site-packages/airflow/example_dags/subdags/subdag.py
[2025-12-27T22:56:08.008+0530] {processor.py:183} INFO - Processing /home/sathya/projects/training-kit/.venv-airflow/lib/python3.10/site-packages/airflow/example_dags/subdags/subdag.py took 0.021 seconds
[2025-12-27T23:02:38.454+0530] {processor.py:161} INFO - Started process (PID=8094) to work on /home/sathya/projects/training-kit/.venv-airflow/lib/python3.10/site-packages/airflow/example_dags/subdags/subdag.py
[2025-12-27T23:02:38.455+0530] {processor.py:830} INFO - Processing file /home/sathya/projects/training-kit/.venv-airflow/lib/python3.10/site-packages/airflow/example_dags/subdags/subdag.py for tasks to queue
[2025-12-27T23:02:38.457+0530] {logging_mixin.py:188} INFO - [2025-12-27T23:02:38.456+0530] {dagbag.py:545} INFO - Filling up the DagBag from /home/sathya/projects/training-kit/.venv-airflow/lib/python3.10/site-packages/airflow/example_dags/subdags/subdag.py
[2025-12-27T23:02:38.459+0530] {processor.py:842} WARNING - No viable dags retrieved from /home/sathya/projects/training-kit/.venv-airflow/lib/python3.10/site-packages/airflow/example_dags/subdags/subdag.py
[2025-12-27T23:02:38.469+0530] {processor.py:183} INFO - Processing /home/sathya/projects/training-kit/.venv-airflow/lib/python3.10/site-packages/airflow/example_dags/subdags/subdag.py took 0.020 seconds
[2025-12-27T23:09:42.070+0530] {processor.py:161} INFO - Started process (PID=8541) to work on /home/sathya/projects/training-kit/.venv-airflow/lib/python3.10/site-packages/airflow/example_dags/subdags/subdag.py
[2025-12-27T23:09:42.072+0530] {processor.py:830} INFO - Processing file /home/sathya/projects/training-kit/.venv-airflow/lib/python3.10/site-packages/airflow/example_dags/subdags/subdag.py for tasks to queue
[2025-12-27T23:09:42.073+0530] {logging_mixin.py:188} INFO - [2025-12-27T23:09:42.073+0530] {dagbag.py:545} INFO - Filling up the DagBag from /home/sathya/projects/training-kit/.venv-airflow/lib/python3.10/site-packages/airflow/example_dags/subdags/subdag.py
[2025-12-27T23:09:42.075+0530] {processor.py:842} WARNING - No viable dags retrieved from /home/sathya/projects/training-kit/.venv-airflow/lib/python3.10/site-packages/airflow/example_dags/subdags/subdag.py
[2025-12-27T23:09:42.084+0530] {processor.py:183} INFO - Processing /home/sathya/projects/training-kit/.venv-airflow/lib/python3.10/site-packages/airflow/example_dags/subdags/subdag.py took 0.018 seconds
[2025-12-27T23:15:55.427+0530] {processor.py:161} INFO - Started process (PID=9089) to work on /home/sathya/projects/training-kit/.venv-airflow/lib/python3.10/site-packages/airflow/example_dags/subdags/subdag.py
[2025-12-27T23:15:55.428+0530] {processor.py:830} INFO - Processing file /home/sathya/projects/training-kit/.venv-airflow/lib/python3.10/site-packages/airflow/example_dags/subdags/subdag.py for tasks to queue
[2025-12-27T23:15:55.429+0530] {logging_mixin.py:188} INFO - [2025-12-27T23:15:55.429+0530] {dagbag.py:545} INFO - Filling up the DagBag from /home/sathya/projects/training-kit/.venv-airflow/lib/python3.10/site-packages/airflow/example_dags/subdags/subdag.py
[2025-12-27T23:15:55.431+0530] {processor.py:842} WARNING - No viable dags retrieved from /home/sathya/projects/training-kit/.venv-airflow/lib/python3.10/site-packages/airflow/example_dags/subdags/subdag.py
[2025-12-27T23:15:55.445+0530] {processor.py:183} INFO - Processing /home/sathya/projects/training-kit/.venv-airflow/lib/python3.10/site-packages/airflow/example_dags/subdags/subdag.py took 0.024 seconds
[2025-12-27T23:22:33.020+0530] {processor.py:161} INFO - Started process (PID=9842) to work on /home/sathya/projects/training-kit/.venv-airflow/lib/python3.10/site-packages/airflow/example_dags/subdags/subdag.py
[2025-12-27T23:22:33.022+0530] {processor.py:830} INFO - Processing file /home/sathya/projects/training-kit/.venv-airflow/lib/python3.10/site-packages/airflow/example_dags/subdags/subdag.py for tasks to queue
[2025-12-27T23:22:33.023+0530] {logging_mixin.py:188} INFO - [2025-12-27T23:22:33.023+0530] {dagbag.py:545} INFO - Filling up the DagBag from /home/sathya/projects/training-kit/.venv-airflow/lib/python3.10/site-packages/airflow/example_dags/subdags/subdag.py
[2025-12-27T23:22:33.025+0530] {processor.py:842} WARNING - No viable dags retrieved from /home/sathya/projects/training-kit/.venv-airflow/lib/python3.10/site-packages/airflow/example_dags/subdags/subdag.py
[2025-12-27T23:22:33.034+0530] {processor.py:183} INFO - Processing /home/sathya/projects/training-kit/.venv-airflow/lib/python3.10/site-packages/airflow/example_dags/subdags/subdag.py took 0.018 seconds
[2025-12-27T23:28:33.833+0530] {processor.py:161} INFO - Started process (PID=10521) to work on /home/sathya/projects/training-kit/.venv-airflow/lib/python3.10/site-packages/airflow/example_dags/subdags/subdag.py
[2025-12-27T23:28:33.834+0530] {processor.py:830} INFO - Processing file /home/sathya/projects/training-kit/.venv-airflow/lib/python3.10/site-packages/airflow/example_dags/subdags/subdag.py for tasks to queue
[2025-12-27T23:28:33.837+0530] {logging_mixin.py:188} INFO - [2025-12-27T23:28:33.836+0530] {dagbag.py:545} INFO - Filling up the DagBag from /home/sathya/projects/training-kit/.venv-airflow/lib/python3.10/site-packages/airflow/example_dags/subdags/subdag.py
[2025-12-27T23:28:33.838+0530] {processor.py:842} WARNING - No viable dags retrieved from /home/sathya/projects/training-kit/.venv-airflow/lib/python3.10/site-packages/airflow/example_dags/subdags/subdag.py
[2025-12-27T23:28:33.855+0530] {processor.py:183} INFO - Processing /home/sathya/projects/training-kit/.venv-airflow/lib/python3.10/site-packages/airflow/example_dags/subdags/subdag.py took 0.034 seconds
[2025-12-27T23:35:32.070+0530] {processor.py:161} INFO - Started process (PID=11298) to work on /home/sathya/projects/training-kit/.venv-airflow/lib/python3.10/site-packages/airflow/example_dags/subdags/subdag.py
[2025-12-27T23:35:32.076+0530] {processor.py:830} INFO - Processing file /home/sathya/projects/training-kit/.venv-airflow/lib/python3.10/site-packages/airflow/example_dags/subdags/subdag.py for tasks to queue
[2025-12-27T23:35:32.077+0530] {logging_mixin.py:188} INFO - [2025-12-27T23:35:32.077+0530] {dagbag.py:545} INFO - Filling up the DagBag from /home/sathya/projects/training-kit/.venv-airflow/lib/python3.10/site-packages/airflow/example_dags/subdags/subdag.py
[2025-12-27T23:35:32.079+0530] {processor.py:842} WARNING - No viable dags retrieved from /home/sathya/projects/training-kit/.venv-airflow/lib/python3.10/site-packages/airflow/example_dags/subdags/subdag.py
[2025-12-27T23:35:32.090+0530] {processor.py:183} INFO - Processing /home/sathya/projects/training-kit/.venv-airflow/lib/python3.10/site-packages/airflow/example_dags/subdags/subdag.py took 0.026 seconds
[2025-12-27T23:41:51.121+0530] {processor.py:161} INFO - Started process (PID=12018) to work on /home/sathya/projects/training-kit/.venv-airflow/lib/python3.10/site-packages/airflow/example_dags/subdags/subdag.py
[2025-12-27T23:41:51.122+0530] {processor.py:830} INFO - Processing file /home/sathya/projects/training-kit/.venv-airflow/lib/python3.10/site-packages/airflow/example_dags/subdags/subdag.py for tasks to queue
[2025-12-27T23:41:51.123+0530] {logging_mixin.py:188} INFO - [2025-12-27T23:41:51.123+0530] {dagbag.py:545} INFO - Filling up the DagBag from /home/sathya/projects/training-kit/.venv-airflow/lib/python3.10/site-packages/airflow/example_dags/subdags/subdag.py
[2025-12-27T23:41:51.127+0530] {processor.py:842} WARNING - No viable dags retrieved from /home/sathya/projects/training-kit/.venv-airflow/lib/python3.10/site-packages/airflow/example_dags/subdags/subdag.py
[2025-12-27T23:41:51.136+0530] {processor.py:183} INFO - Processing /home/sathya/projects/training-kit/.venv-airflow/lib/python3.10/site-packages/airflow/example_dags/subdags/subdag.py took 0.020 seconds
[2025-12-27T23:48:39.583+0530] {processor.py:161} INFO - Started process (PID=12759) to work on /home/sathya/projects/training-kit/.venv-airflow/lib/python3.10/site-packages/airflow/example_dags/subdags/subdag.py
[2025-12-27T23:48:39.585+0530] {processor.py:830} INFO - Processing file /home/sathya/projects/training-kit/.venv-airflow/lib/python3.10/site-packages/airflow/example_dags/subdags/subdag.py for tasks to queue
[2025-12-27T23:48:39.587+0530] {logging_mixin.py:188} INFO - [2025-12-27T23:48:39.586+0530] {dagbag.py:545} INFO - Filling up the DagBag from /home/sathya/projects/training-kit/.venv-airflow/lib/python3.10/site-packages/airflow/example_dags/subdags/subdag.py
[2025-12-27T23:48:39.590+0530] {processor.py:842} WARNING - No viable dags retrieved from /home/sathya/projects/training-kit/.venv-airflow/lib/python3.10/site-packages/airflow/example_dags/subdags/subdag.py
[2025-12-27T23:48:39.604+0530] {processor.py:183} INFO - Processing /home/sathya/projects/training-kit/.venv-airflow/lib/python3.10/site-packages/airflow/example_dags/subdags/subdag.py took 0.028 seconds
[2025-12-27T23:56:01.567+0530] {processor.py:161} INFO - Started process (PID=13568) to work on /home/sathya/projects/training-kit/.venv-airflow/lib/python3.10/site-packages/airflow/example_dags/subdags/subdag.py
[2025-12-27T23:56:01.568+0530] {processor.py:830} INFO - Processing file /home/sathya/projects/training-kit/.venv-airflow/lib/python3.10/site-packages/airflow/example_dags/subdags/subdag.py for tasks to queue
[2025-12-27T23:56:01.570+0530] {logging_mixin.py:188} INFO - [2025-12-27T23:56:01.569+0530] {dagbag.py:545} INFO - Filling up the DagBag from /home/sathya/projects/training-kit/.venv-airflow/lib/python3.10/site-packages/airflow/example_dags/subdags/subdag.py
[2025-12-27T23:56:01.573+0530] {processor.py:842} WARNING - No viable dags retrieved from /home/sathya/projects/training-kit/.venv-airflow/lib/python3.10/site-packages/airflow/example_dags/subdags/subdag.py
[2025-12-27T23:56:01.586+0530] {processor.py:183} INFO - Processing /home/sathya/projects/training-kit/.venv-airflow/lib/python3.10/site-packages/airflow/example_dags/subdags/subdag.py took 0.027 seconds
