[2025-12-26T22:47:31.939+0530] {local_task_job_runner.py:120} INFO - ::group::Pre task execution logs
[2025-12-26T22:47:31.956+0530] {taskinstance.py:2076} INFO - Dependencies all met for dep_context=non-requeueable deps ti=<TaskInstance: example_dynamic_task_mapping.add_one scheduled__2022-08-27T00:00:00+00:00 map_index=1 [queued]>
[2025-12-26T22:47:31.959+0530] {taskinstance.py:2076} INFO - Dependencies all met for dep_context=requeueable deps ti=<TaskInstance: example_dynamic_task_mapping.add_one scheduled__2022-08-27T00:00:00+00:00 map_index=1 [queued]>
[2025-12-26T22:47:31.959+0530] {taskinstance.py:2306} INFO - Starting attempt 1 of 1
[2025-12-26T22:47:31.973+0530] {taskinstance.py:2330} INFO - Executing <Mapped(_PythonDecoratedOperator): add_one> on 2022-08-27 00:00:00+00:00
[2025-12-26T22:47:31.975+0530] {standard_task_runner.py:64} INFO - Started process 9206 to run task
[2025-12-26T22:47:31.978+0530] {standard_task_runner.py:90} INFO - Running: ['airflow', 'tasks', 'run', 'example_dynamic_task_mapping', 'add_one', 'scheduled__2022-08-27T00:00:00+00:00', '--job-id', '1046', '--raw', '--subdir', '/home/sathya/projects/training-kit/.venv-airflow/lib/python3.10/site-packages/airflow/example_dags/example_dynamic_task_mapping.py', '--cfg-path', '/tmp/tmpej3t3a33', '--map-index', '1']
[2025-12-26T22:47:31.978+0530] {standard_task_runner.py:91} INFO - Job 1046: Subtask add_one
[2025-12-26T22:47:32.006+0530] {task_command.py:426} INFO - Running <TaskInstance: example_dynamic_task_mapping.add_one scheduled__2022-08-27T00:00:00+00:00 map_index=1 [running]> on host LAPTOP-A1PMOBSE.localdomain
[2025-12-26T22:47:32.059+0530] {taskinstance.py:2648} INFO - Exporting env vars: AIRFLOW_CTX_DAG_OWNER='airflow' AIRFLOW_CTX_DAG_ID='example_dynamic_task_mapping' AIRFLOW_CTX_TASK_ID='add_one' AIRFLOW_CTX_EXECUTION_DATE='2022-08-27T00:00:00+00:00' AIRFLOW_CTX_TRY_NUMBER='1' AIRFLOW_CTX_DAG_RUN_ID='scheduled__2022-08-27T00:00:00+00:00'
[2025-12-26T22:47:32.059+0530] {taskinstance.py:430} INFO - ::endgroup::
[2025-12-26T22:47:32.060+0530] {python.py:237} INFO - Done. Returned value was: 3
[2025-12-26T22:47:32.060+0530] {taskinstance.py:441} INFO - ::group::Post task execution logs
[2025-12-26T22:47:32.073+0530] {taskinstance.py:1206} INFO - Marking task as SUCCESS. dag_id=example_dynamic_task_mapping, task_id=add_one, run_id=scheduled__2022-08-27T00:00:00+00:00, map_index=1, execution_date=20220827T000000, start_date=20251226T171731, end_date=20251226T171732
[2025-12-26T22:47:32.116+0530] {local_task_job_runner.py:243} INFO - Task exited with return code 0
[2025-12-26T22:47:32.141+0530] {taskinstance.py:3503} INFO - 0 downstream tasks scheduled from follow-on schedule check
[2025-12-26T22:47:32.141+0530] {local_task_job_runner.py:222} INFO - ::endgroup::
[2026-03-10T23:39:15.257+0530] {local_task_job_runner.py:120} INFO - ::group::Pre task execution logs
[2026-03-10T23:39:15.308+0530] {taskinstance.py:2076} INFO - Dependencies all met for dep_context=non-requeueable deps ti=<TaskInstance: example_dynamic_task_mapping.add_one scheduled__2022-08-27T00:00:00+00:00 map_index=1 [queued]>
[2026-03-10T23:39:15.327+0530] {taskinstance.py:2076} INFO - Dependencies all met for dep_context=requeueable deps ti=<TaskInstance: example_dynamic_task_mapping.add_one scheduled__2022-08-27T00:00:00+00:00 map_index=1 [queued]>
[2026-03-10T23:39:15.328+0530] {taskinstance.py:2306} INFO - Starting attempt 1 of 1
[2026-03-10T23:39:15.372+0530] {taskinstance.py:2330} INFO - Executing <Mapped(_PythonDecoratedOperator): add_one> on 2022-08-27 00:00:00+00:00
[2026-03-10T23:39:15.383+0530] {standard_task_runner.py:64} INFO - Started process 13713 to run task
[2026-03-10T23:39:15.391+0530] {standard_task_runner.py:90} INFO - Running: ['airflow', 'tasks', 'run', 'example_dynamic_task_mapping', 'add_one', 'scheduled__2022-08-27T00:00:00+00:00', '--job-id', '1244', '--raw', '--subdir', '/home/sathya/projects/training-kit/.venv-airflow/lib/python3.10/site-packages/airflow/example_dags/example_dynamic_task_mapping.py', '--cfg-path', '/tmp/tmp3mwmob8l', '--map-index', '1']
[2026-03-10T23:39:15.395+0530] {standard_task_runner.py:91} INFO - Job 1244: Subtask add_one
[2026-03-10T23:39:15.509+0530] {task_command.py:426} INFO - Running <TaskInstance: example_dynamic_task_mapping.add_one scheduled__2022-08-27T00:00:00+00:00 map_index=1 [running]> on host LAPTOP-A1PMOBSE.localdomain
[2026-03-10T23:39:15.694+0530] {taskinstance.py:2648} INFO - Exporting env vars: AIRFLOW_CTX_DAG_OWNER='airflow' AIRFLOW_CTX_DAG_ID='example_dynamic_task_mapping' AIRFLOW_CTX_TASK_ID='add_one' AIRFLOW_CTX_EXECUTION_DATE='2022-08-27T00:00:00+00:00' AIRFLOW_CTX_TRY_NUMBER='1' AIRFLOW_CTX_DAG_RUN_ID='scheduled__2022-08-27T00:00:00+00:00'
[2026-03-10T23:39:15.698+0530] {taskinstance.py:430} INFO - ::endgroup::
[2026-03-10T23:39:15.699+0530] {python.py:237} INFO - Done. Returned value was: 3
[2026-03-10T23:39:15.700+0530] {taskinstance.py:441} INFO - ::group::Post task execution logs
[2026-03-10T23:39:15.739+0530] {taskinstance.py:1206} INFO - Marking task as SUCCESS. dag_id=example_dynamic_task_mapping, task_id=add_one, run_id=scheduled__2022-08-27T00:00:00+00:00, map_index=1, execution_date=20220827T000000, start_date=20260310T180915, end_date=20260310T180915
[2026-03-10T23:39:15.800+0530] {local_task_job_runner.py:243} INFO - Task exited with return code 0
[2026-03-10T23:39:15.837+0530] {taskinstance.py:3503} INFO - 0 downstream tasks scheduled from follow-on schedule check
[2026-03-10T23:39:15.838+0530] {local_task_job_runner.py:222} INFO - ::endgroup::
