[2025-12-26T22:31:39.528+0530] {local_task_job_runner.py:120} INFO - ::group::Pre task execution logs
[2025-12-26T22:31:39.547+0530] {taskinstance.py:2076} INFO - Dependencies all met for dep_context=non-requeueable deps ti=<TaskInstance: example_dynamic_task_mapping.add_one scheduled__2022-06-26T00:00:00+00:00 map_index=1 [queued]>
[2025-12-26T22:31:39.552+0530] {taskinstance.py:2076} INFO - Dependencies all met for dep_context=requeueable deps ti=<TaskInstance: example_dynamic_task_mapping.add_one scheduled__2022-06-26T00:00:00+00:00 map_index=1 [queued]>
[2025-12-26T22:31:39.552+0530] {taskinstance.py:2306} INFO - Starting attempt 1 of 1
[2025-12-26T22:31:39.568+0530] {taskinstance.py:2330} INFO - Executing <Mapped(_PythonDecoratedOperator): add_one> on 2022-06-26 00:00:00+00:00
[2025-12-26T22:31:39.571+0530] {standard_task_runner.py:64} INFO - Started process 7279 to run task
[2025-12-26T22:31:39.575+0530] {standard_task_runner.py:90} INFO - Running: ['airflow', 'tasks', 'run', 'example_dynamic_task_mapping', 'add_one', 'scheduled__2022-06-26T00:00:00+00:00', '--job-id', '719', '--raw', '--subdir', '/home/sathya/projects/training-kit/.venv-airflow/lib/python3.10/site-packages/airflow/example_dags/example_dynamic_task_mapping.py', '--cfg-path', '/tmp/tmps8uelugr', '--map-index', '1']
[2025-12-26T22:31:39.576+0530] {standard_task_runner.py:91} INFO - Job 719: Subtask add_one
[2025-12-26T22:31:39.608+0530] {task_command.py:426} INFO - Running <TaskInstance: example_dynamic_task_mapping.add_one scheduled__2022-06-26T00:00:00+00:00 map_index=1 [running]> on host LAPTOP-A1PMOBSE.localdomain
[2025-12-26T22:31:39.665+0530] {taskinstance.py:2648} INFO - Exporting env vars: AIRFLOW_CTX_DAG_OWNER='airflow' AIRFLOW_CTX_DAG_ID='example_dynamic_task_mapping' AIRFLOW_CTX_TASK_ID='add_one' AIRFLOW_CTX_EXECUTION_DATE='2022-06-26T00:00:00+00:00' AIRFLOW_CTX_TRY_NUMBER='1' AIRFLOW_CTX_DAG_RUN_ID='scheduled__2022-06-26T00:00:00+00:00'
[2025-12-26T22:31:39.667+0530] {taskinstance.py:430} INFO - ::endgroup::
[2025-12-26T22:31:39.667+0530] {python.py:237} INFO - Done. Returned value was: 3
[2025-12-26T22:31:39.667+0530] {taskinstance.py:441} INFO - ::group::Post task execution logs
[2025-12-26T22:31:39.681+0530] {taskinstance.py:1206} INFO - Marking task as SUCCESS. dag_id=example_dynamic_task_mapping, task_id=add_one, run_id=scheduled__2022-06-26T00:00:00+00:00, map_index=1, execution_date=20220626T000000, start_date=20251226T170139, end_date=20251226T170139
[2025-12-26T22:31:39.717+0530] {local_task_job_runner.py:243} INFO - Task exited with return code 0
[2025-12-26T22:31:39.737+0530] {taskinstance.py:3503} INFO - 0 downstream tasks scheduled from follow-on schedule check
[2025-12-26T22:31:39.738+0530] {local_task_job_runner.py:222} INFO - ::endgroup::
[2026-03-10T23:20:28.581+0530] {local_task_job_runner.py:120} INFO - ::group::Pre task execution logs
[2026-03-10T23:20:28.616+0530] {taskinstance.py:2076} INFO - Dependencies all met for dep_context=non-requeueable deps ti=<TaskInstance: example_dynamic_task_mapping.add_one scheduled__2022-06-26T00:00:00+00:00 map_index=1 [queued]>
[2026-03-10T23:20:28.625+0530] {taskinstance.py:2076} INFO - Dependencies all met for dep_context=requeueable deps ti=<TaskInstance: example_dynamic_task_mapping.add_one scheduled__2022-06-26T00:00:00+00:00 map_index=1 [queued]>
[2026-03-10T23:20:28.626+0530] {taskinstance.py:2306} INFO - Starting attempt 1 of 1
[2026-03-10T23:20:28.693+0530] {taskinstance.py:2330} INFO - Executing <Mapped(_PythonDecoratedOperator): add_one> on 2022-06-26 00:00:00+00:00
[2026-03-10T23:20:28.703+0530] {standard_task_runner.py:64} INFO - Started process 9696 to run task
[2026-03-10T23:20:28.708+0530] {standard_task_runner.py:90} INFO - Running: ['airflow', 'tasks', 'run', 'example_dynamic_task_mapping', 'add_one', 'scheduled__2022-06-26T00:00:00+00:00', '--job-id', '858', '--raw', '--subdir', '/home/sathya/projects/training-kit/.venv-airflow/lib/python3.10/site-packages/airflow/example_dags/example_dynamic_task_mapping.py', '--cfg-path', '/tmp/tmpcshpypct', '--map-index', '1']
[2026-03-10T23:20:28.714+0530] {standard_task_runner.py:91} INFO - Job 858: Subtask add_one
[2026-03-10T23:20:28.822+0530] {task_command.py:426} INFO - Running <TaskInstance: example_dynamic_task_mapping.add_one scheduled__2022-06-26T00:00:00+00:00 map_index=1 [running]> on host LAPTOP-A1PMOBSE.localdomain
[2026-03-10T23:20:28.938+0530] {taskinstance.py:2648} INFO - Exporting env vars: AIRFLOW_CTX_DAG_OWNER='airflow' AIRFLOW_CTX_DAG_ID='example_dynamic_task_mapping' AIRFLOW_CTX_TASK_ID='add_one' AIRFLOW_CTX_EXECUTION_DATE='2022-06-26T00:00:00+00:00' AIRFLOW_CTX_TRY_NUMBER='1' AIRFLOW_CTX_DAG_RUN_ID='scheduled__2022-06-26T00:00:00+00:00'
[2026-03-10T23:20:28.942+0530] {taskinstance.py:430} INFO - ::endgroup::
[2026-03-10T23:20:28.943+0530] {python.py:237} INFO - Done. Returned value was: 3
[2026-03-10T23:20:28.943+0530] {taskinstance.py:441} INFO - ::group::Post task execution logs
[2026-03-10T23:20:28.968+0530] {taskinstance.py:1206} INFO - Marking task as SUCCESS. dag_id=example_dynamic_task_mapping, task_id=add_one, run_id=scheduled__2022-06-26T00:00:00+00:00, map_index=1, execution_date=20220626T000000, start_date=20260310T175028, end_date=20260310T175028
[2026-03-10T23:20:29.023+0530] {local_task_job_runner.py:243} INFO - Task exited with return code 0
[2026-03-10T23:20:29.053+0530] {taskinstance.py:3503} INFO - 0 downstream tasks scheduled from follow-on schedule check
[2026-03-10T23:20:29.053+0530] {local_task_job_runner.py:222} INFO - ::endgroup::
