[2025-12-26T22:30:03.815+0530] {local_task_job_runner.py:120} INFO - ::group::Pre task execution logs
[2025-12-26T22:30:03.832+0530] {taskinstance.py:2076} INFO - Dependencies all met for dep_context=non-requeueable deps ti=<TaskInstance: example_dynamic_task_mapping.sum_it scheduled__2022-06-20T00:00:00+00:00 [queued]>
[2025-12-26T22:30:03.836+0530] {taskinstance.py:2076} INFO - Dependencies all met for dep_context=requeueable deps ti=<TaskInstance: example_dynamic_task_mapping.sum_it scheduled__2022-06-20T00:00:00+00:00 [queued]>
[2025-12-26T22:30:03.837+0530] {taskinstance.py:2306} INFO - Starting attempt 1 of 1
[2025-12-26T22:30:03.850+0530] {taskinstance.py:2330} INFO - Executing <Task(_PythonDecoratedOperator): sum_it> on 2022-06-20 00:00:00+00:00
[2025-12-26T22:30:03.853+0530] {standard_task_runner.py:64} INFO - Started process 7096 to run task
[2025-12-26T22:30:03.856+0530] {standard_task_runner.py:90} INFO - Running: ['airflow', 'tasks', 'run', 'example_dynamic_task_mapping', 'sum_it', 'scheduled__2022-06-20T00:00:00+00:00', '--job-id', '690', '--raw', '--subdir', '/home/sathya/projects/training-kit/.venv-airflow/lib/python3.10/site-packages/airflow/example_dags/example_dynamic_task_mapping.py', '--cfg-path', '/tmp/tmpophe3h5m']
[2025-12-26T22:30:03.857+0530] {standard_task_runner.py:91} INFO - Job 690: Subtask sum_it
[2025-12-26T22:30:03.889+0530] {task_command.py:426} INFO - Running <TaskInstance: example_dynamic_task_mapping.sum_it scheduled__2022-06-20T00:00:00+00:00 [running]> on host LAPTOP-A1PMOBSE.localdomain
[2025-12-26T22:30:03.955+0530] {taskinstance.py:2648} INFO - Exporting env vars: AIRFLOW_CTX_DAG_OWNER='airflow' AIRFLOW_CTX_DAG_ID='example_dynamic_task_mapping' AIRFLOW_CTX_TASK_ID='sum_it' AIRFLOW_CTX_EXECUTION_DATE='2022-06-20T00:00:00+00:00' AIRFLOW_CTX_TRY_NUMBER='1' AIRFLOW_CTX_DAG_RUN_ID='scheduled__2022-06-20T00:00:00+00:00'
[2025-12-26T22:30:03.956+0530] {taskinstance.py:430} INFO - ::endgroup::
[2025-12-26T22:30:03.958+0530] {logging_mixin.py:188} INFO - Total was 9
[2025-12-26T22:30:03.958+0530] {python.py:237} INFO - Done. Returned value was: None
[2025-12-26T22:30:03.958+0530] {taskinstance.py:441} INFO - ::group::Post task execution logs
[2025-12-26T22:30:03.961+0530] {taskinstance.py:1206} INFO - Marking task as SUCCESS. dag_id=example_dynamic_task_mapping, task_id=sum_it, run_id=scheduled__2022-06-20T00:00:00+00:00, execution_date=20220620T000000, start_date=20251226T170003, end_date=20251226T170003
[2025-12-26T22:30:04.000+0530] {local_task_job_runner.py:243} INFO - Task exited with return code 0
[2025-12-26T22:30:04.016+0530] {taskinstance.py:3503} INFO - 0 downstream tasks scheduled from follow-on schedule check
[2025-12-26T22:30:04.016+0530] {local_task_job_runner.py:222} INFO - ::endgroup::
[2026-03-10T23:18:47.911+0530] {local_task_job_runner.py:120} INFO - ::group::Pre task execution logs
[2026-03-10T23:18:48.012+0530] {taskinstance.py:2076} INFO - Dependencies all met for dep_context=non-requeueable deps ti=<TaskInstance: example_dynamic_task_mapping.sum_it scheduled__2022-06-20T00:00:00+00:00 [queued]>
[2026-03-10T23:18:48.021+0530] {taskinstance.py:2076} INFO - Dependencies all met for dep_context=requeueable deps ti=<TaskInstance: example_dynamic_task_mapping.sum_it scheduled__2022-06-20T00:00:00+00:00 [queued]>
[2026-03-10T23:18:48.021+0530] {taskinstance.py:2306} INFO - Starting attempt 1 of 1
[2026-03-10T23:18:48.046+0530] {taskinstance.py:2330} INFO - Executing <Task(_PythonDecoratedOperator): sum_it> on 2022-06-20 00:00:00+00:00
[2026-03-10T23:18:48.055+0530] {standard_task_runner.py:64} INFO - Started process 9323 to run task
[2026-03-10T23:18:48.060+0530] {standard_task_runner.py:90} INFO - Running: ['airflow', 'tasks', 'run', 'example_dynamic_task_mapping', 'sum_it', 'scheduled__2022-06-20T00:00:00+00:00', '--job-id', '823', '--raw', '--subdir', '/home/sathya/projects/training-kit/.venv-airflow/lib/python3.10/site-packages/airflow/example_dags/example_dynamic_task_mapping.py', '--cfg-path', '/tmp/tmp2rqn0m97']
[2026-03-10T23:18:48.063+0530] {standard_task_runner.py:91} INFO - Job 823: Subtask sum_it
[2026-03-10T23:18:48.124+0530] {task_command.py:426} INFO - Running <TaskInstance: example_dynamic_task_mapping.sum_it scheduled__2022-06-20T00:00:00+00:00 [running]> on host LAPTOP-A1PMOBSE.localdomain
[2026-03-10T23:18:48.278+0530] {taskinstance.py:2648} INFO - Exporting env vars: AIRFLOW_CTX_DAG_OWNER='airflow' AIRFLOW_CTX_DAG_ID='example_dynamic_task_mapping' AIRFLOW_CTX_TASK_ID='sum_it' AIRFLOW_CTX_EXECUTION_DATE='2022-06-20T00:00:00+00:00' AIRFLOW_CTX_TRY_NUMBER='1' AIRFLOW_CTX_DAG_RUN_ID='scheduled__2022-06-20T00:00:00+00:00'
[2026-03-10T23:18:48.280+0530] {taskinstance.py:430} INFO - ::endgroup::
[2026-03-10T23:18:48.285+0530] {logging_mixin.py:188} INFO - Total was 9
[2026-03-10T23:18:48.285+0530] {python.py:237} INFO - Done. Returned value was: None
[2026-03-10T23:18:48.285+0530] {taskinstance.py:441} INFO - ::group::Post task execution logs
[2026-03-10T23:18:48.294+0530] {taskinstance.py:1206} INFO - Marking task as SUCCESS. dag_id=example_dynamic_task_mapping, task_id=sum_it, run_id=scheduled__2022-06-20T00:00:00+00:00, execution_date=20220620T000000, start_date=20260310T174848, end_date=20260310T174848
[2026-03-10T23:18:48.332+0530] {local_task_job_runner.py:243} INFO - Task exited with return code 0
[2026-03-10T23:18:48.348+0530] {taskinstance.py:3503} INFO - 0 downstream tasks scheduled from follow-on schedule check
[2026-03-10T23:18:48.348+0530] {local_task_job_runner.py:222} INFO - ::endgroup::
