[2025-12-26T22:57:45.909+0530] {local_task_job_runner.py:120} INFO - ::group::Pre task execution logs
[2025-12-26T22:57:45.929+0530] {taskinstance.py:2076} INFO - Dependencies all met for dep_context=non-requeueable deps ti=<TaskInstance: example_dynamic_task_mapping.add_one scheduled__2022-10-06T00:00:00+00:00 map_index=1 [queued]>
[2025-12-26T22:57:45.933+0530] {taskinstance.py:2076} INFO - Dependencies all met for dep_context=requeueable deps ti=<TaskInstance: example_dynamic_task_mapping.add_one scheduled__2022-10-06T00:00:00+00:00 map_index=1 [queued]>
[2025-12-26T22:57:45.934+0530] {taskinstance.py:2306} INFO - Starting attempt 1 of 1
[2025-12-26T22:57:45.954+0530] {taskinstance.py:2330} INFO - Executing <Mapped(_PythonDecoratedOperator): add_one> on 2022-10-06 00:00:00+00:00
[2025-12-26T22:57:45.957+0530] {standard_task_runner.py:64} INFO - Started process 10416 to run task
[2025-12-26T22:57:45.961+0530] {standard_task_runner.py:90} INFO - Running: ['airflow', 'tasks', 'run', 'example_dynamic_task_mapping', 'add_one', 'scheduled__2022-10-06T00:00:00+00:00', '--job-id', '1257', '--raw', '--subdir', '/home/sathya/projects/training-kit/.venv-airflow/lib/python3.10/site-packages/airflow/example_dags/example_dynamic_task_mapping.py', '--cfg-path', '/tmp/tmppp1250so', '--map-index', '1']
[2025-12-26T22:57:45.961+0530] {standard_task_runner.py:91} INFO - Job 1257: Subtask add_one
[2025-12-26T22:57:46.000+0530] {task_command.py:426} INFO - Running <TaskInstance: example_dynamic_task_mapping.add_one scheduled__2022-10-06T00:00:00+00:00 map_index=1 [running]> on host LAPTOP-A1PMOBSE.localdomain
[2025-12-26T22:57:46.076+0530] {taskinstance.py:2648} INFO - Exporting env vars: AIRFLOW_CTX_DAG_OWNER='airflow' AIRFLOW_CTX_DAG_ID='example_dynamic_task_mapping' AIRFLOW_CTX_TASK_ID='add_one' AIRFLOW_CTX_EXECUTION_DATE='2022-10-06T00:00:00+00:00' AIRFLOW_CTX_TRY_NUMBER='1' AIRFLOW_CTX_DAG_RUN_ID='scheduled__2022-10-06T00:00:00+00:00'
[2025-12-26T22:57:46.077+0530] {taskinstance.py:430} INFO - ::endgroup::
[2025-12-26T22:57:46.077+0530] {python.py:237} INFO - Done. Returned value was: 3
[2025-12-26T22:57:46.077+0530] {taskinstance.py:441} INFO - ::group::Post task execution logs
[2025-12-26T22:57:46.094+0530] {taskinstance.py:1206} INFO - Marking task as SUCCESS. dag_id=example_dynamic_task_mapping, task_id=add_one, run_id=scheduled__2022-10-06T00:00:00+00:00, map_index=1, execution_date=20221006T000000, start_date=20251226T172745, end_date=20251226T172746
[2025-12-26T22:57:46.135+0530] {local_task_job_runner.py:243} INFO - Task exited with return code 0
[2025-12-26T22:57:46.158+0530] {taskinstance.py:3503} INFO - 0 downstream tasks scheduled from follow-on schedule check
[2025-12-26T22:57:46.159+0530] {local_task_job_runner.py:222} INFO - ::endgroup::
[2026-03-11T00:03:29.343+0530] {local_task_job_runner.py:120} INFO - ::group::Pre task execution logs
[2026-03-11T00:03:29.421+0530] {taskinstance.py:2076} INFO - Dependencies all met for dep_context=non-requeueable deps ti=<TaskInstance: example_dynamic_task_mapping.add_one scheduled__2022-10-06T00:00:00+00:00 map_index=1 [queued]>
[2026-03-11T00:03:29.443+0530] {taskinstance.py:2076} INFO - Dependencies all met for dep_context=requeueable deps ti=<TaskInstance: example_dynamic_task_mapping.add_one scheduled__2022-10-06T00:00:00+00:00 map_index=1 [queued]>
[2026-03-11T00:03:29.444+0530] {taskinstance.py:2306} INFO - Starting attempt 1 of 1
[2026-03-11T00:03:29.506+0530] {taskinstance.py:2330} INFO - Executing <Mapped(_PythonDecoratedOperator): add_one> on 2022-10-06 00:00:00+00:00
[2026-03-11T00:03:29.519+0530] {standard_task_runner.py:64} INFO - Started process 16984 to run task
[2026-03-11T00:03:29.536+0530] {standard_task_runner.py:90} INFO - Running: ['airflow', 'tasks', 'run', 'example_dynamic_task_mapping', 'add_one', 'scheduled__2022-10-06T00:00:00+00:00', '--job-id', '1551', '--raw', '--subdir', '/home/sathya/projects/training-kit/.venv-airflow/lib/python3.10/site-packages/airflow/example_dags/example_dynamic_task_mapping.py', '--cfg-path', '/tmp/tmpqvl1lmjh', '--map-index', '1']
[2026-03-11T00:03:29.544+0530] {standard_task_runner.py:91} INFO - Job 1551: Subtask add_one
[2026-03-11T00:03:29.672+0530] {task_command.py:426} INFO - Running <TaskInstance: example_dynamic_task_mapping.add_one scheduled__2022-10-06T00:00:00+00:00 map_index=1 [running]> on host LAPTOP-A1PMOBSE.localdomain
[2026-03-11T00:03:29.921+0530] {taskinstance.py:2648} INFO - Exporting env vars: AIRFLOW_CTX_DAG_OWNER='airflow' AIRFLOW_CTX_DAG_ID='example_dynamic_task_mapping' AIRFLOW_CTX_TASK_ID='add_one' AIRFLOW_CTX_EXECUTION_DATE='2022-10-06T00:00:00+00:00' AIRFLOW_CTX_TRY_NUMBER='1' AIRFLOW_CTX_DAG_RUN_ID='scheduled__2022-10-06T00:00:00+00:00'
[2026-03-11T00:03:29.926+0530] {taskinstance.py:430} INFO - ::endgroup::
[2026-03-11T00:03:29.928+0530] {python.py:237} INFO - Done. Returned value was: 3
[2026-03-11T00:03:29.928+0530] {taskinstance.py:441} INFO - ::group::Post task execution logs
[2026-03-11T00:03:29.976+0530] {taskinstance.py:1206} INFO - Marking task as SUCCESS. dag_id=example_dynamic_task_mapping, task_id=add_one, run_id=scheduled__2022-10-06T00:00:00+00:00, map_index=1, execution_date=20221006T000000, start_date=20260310T183329, end_date=20260310T183329
[2026-03-11T00:03:30.063+0530] {local_task_job_runner.py:243} INFO - Task exited with return code 0
[2026-03-11T00:03:30.126+0530] {taskinstance.py:3503} INFO - 0 downstream tasks scheduled from follow-on schedule check
[2026-03-11T00:03:30.127+0530] {local_task_job_runner.py:222} INFO - ::endgroup::
