[2026-03-10T22:57:37.129+0530] {local_task_job_runner.py:120} INFO - ::group::Pre task execution logs
[2026-03-10T22:57:37.173+0530] {taskinstance.py:2076} INFO - Dependencies all met for dep_context=non-requeueable deps ti=<TaskInstance: example_branch_python_operator_decorator.ext_py_b scheduled__2026-03-09T00:00:00+00:00 [queued]>
[2026-03-10T22:57:37.190+0530] {taskinstance.py:2076} INFO - Dependencies all met for dep_context=requeueable deps ti=<TaskInstance: example_branch_python_operator_decorator.ext_py_b scheduled__2026-03-09T00:00:00+00:00 [queued]>
[2026-03-10T22:57:37.190+0530] {taskinstance.py:2306} INFO - Starting attempt 1 of 1
[2026-03-10T22:57:37.227+0530] {taskinstance.py:2330} INFO - Executing <Task(_PythonExternalDecoratedOperator): ext_py_b> on 2026-03-09 00:00:00+00:00
[2026-03-10T22:57:37.243+0530] {standard_task_runner.py:90} INFO - Running: ['airflow', 'tasks', 'run', 'example_branch_python_operator_decorator', 'ext_py_b', 'scheduled__2026-03-09T00:00:00+00:00', '--job-id', '315', '--raw', '--subdir', '/home/sathya/projects/training-kit/.venv-airflow/lib/python3.10/site-packages/airflow/example_dags/example_branch_operator_decorator.py', '--cfg-path', '/tmp/tmp5znehtal']
[2026-03-10T22:57:37.246+0530] {standard_task_runner.py:91} INFO - Job 315: Subtask ext_py_b
[2026-03-10T22:57:37.242+0530] {standard_task_runner.py:64} INFO - Started process 4020 to run task
[2026-03-10T22:57:37.344+0530] {task_command.py:426} INFO - Running <TaskInstance: example_branch_python_operator_decorator.ext_py_b scheduled__2026-03-09T00:00:00+00:00 [running]> on host LAPTOP-A1PMOBSE.localdomain
[2026-03-10T22:57:37.461+0530] {taskinstance.py:2648} INFO - Exporting env vars: AIRFLOW_CTX_DAG_OWNER='airflow' AIRFLOW_CTX_DAG_ID='example_branch_python_operator_decorator' AIRFLOW_CTX_TASK_ID='ext_py_b' AIRFLOW_CTX_EXECUTION_DATE='2026-03-09T00:00:00+00:00' AIRFLOW_CTX_TRY_NUMBER='1' AIRFLOW_CTX_DAG_RUN_ID='scheduled__2026-03-09T00:00:00+00:00'
[2026-03-10T22:57:37.463+0530] {taskinstance.py:430} INFO - ::endgroup::
[2026-03-10T22:57:37.665+0530] {process_utils.py:183} INFO - Executing cmd: /home/sathya/projects/training-kit/.venv-airflow/bin/python3.10 /tmp/venv-callofph9gb7/script.py /tmp/venv-callofph9gb7/script.in /tmp/venv-callofph9gb7/script.out /tmp/venv-callofph9gb7/string_args.txt /tmp/venv-callofph9gb7/termination.log
[2026-03-10T22:57:37.666+0530] {process_utils.py:187} INFO - Output:
[2026-03-10T22:57:38.518+0530] {process_utils.py:191} INFO - doing something in external Python
[2026-03-10T22:57:38.669+0530] {python.py:237} INFO - Done. Returned value was: None
[2026-03-10T22:57:38.669+0530] {taskinstance.py:441} INFO - ::group::Post task execution logs
[2026-03-10T22:57:38.674+0530] {taskinstance.py:1206} INFO - Marking task as SUCCESS. dag_id=example_branch_python_operator_decorator, task_id=ext_py_b, run_id=scheduled__2026-03-09T00:00:00+00:00, execution_date=20260309T000000, start_date=20260310T172737, end_date=20260310T172738
[2026-03-10T22:57:38.732+0530] {local_task_job_runner.py:243} INFO - Task exited with return code 0
[2026-03-10T22:57:38.750+0530] {taskinstance.py:3503} INFO - 0 downstream tasks scheduled from follow-on schedule check
[2026-03-10T22:57:38.751+0530] {local_task_job_runner.py:222} INFO - ::endgroup::
