[2025-12-26T22:12:51.672+0530] {local_task_job_runner.py:120} INFO - ::group::Pre task execution logs
[2025-12-26T22:12:51.699+0530] {taskinstance.py:2076} INFO - Dependencies all met for dep_context=non-requeueable deps ti=<TaskInstance: example_dynamic_task_mapping.sum_it scheduled__2022-03-13T00:00:00+00:00 [queued]>
[2025-12-26T22:12:51.706+0530] {taskinstance.py:2076} INFO - Dependencies all met for dep_context=requeueable deps ti=<TaskInstance: example_dynamic_task_mapping.sum_it scheduled__2022-03-13T00:00:00+00:00 [queued]>
[2025-12-26T22:12:51.706+0530] {taskinstance.py:2306} INFO - Starting attempt 1 of 1
[2025-12-26T22:12:51.730+0530] {taskinstance.py:2330} INFO - Executing <Task(_PythonDecoratedOperator): sum_it> on 2022-03-13 00:00:00+00:00
[2025-12-26T22:12:51.733+0530] {standard_task_runner.py:64} INFO - Started process 4520 to run task
[2025-12-26T22:12:51.739+0530] {standard_task_runner.py:90} INFO - Running: ['airflow', 'tasks', 'run', 'example_dynamic_task_mapping', 'sum_it', 'scheduled__2022-03-13T00:00:00+00:00', '--job-id', '201', '--raw', '--subdir', '/home/sathya/projects/training-kit/.venv-airflow/lib/python3.10/site-packages/airflow/example_dags/example_dynamic_task_mapping.py', '--cfg-path', '/tmp/tmpxzmnth5c']
[2025-12-26T22:12:51.739+0530] {standard_task_runner.py:91} INFO - Job 201: Subtask sum_it
[2025-12-26T22:12:51.782+0530] {task_command.py:426} INFO - Running <TaskInstance: example_dynamic_task_mapping.sum_it scheduled__2022-03-13T00:00:00+00:00 [running]> on host LAPTOP-A1PMOBSE.localdomain
[2025-12-26T22:12:51.863+0530] {taskinstance.py:2648} INFO - Exporting env vars: AIRFLOW_CTX_DAG_OWNER='airflow' AIRFLOW_CTX_DAG_ID='example_dynamic_task_mapping' AIRFLOW_CTX_TASK_ID='sum_it' AIRFLOW_CTX_EXECUTION_DATE='2022-03-13T00:00:00+00:00' AIRFLOW_CTX_TRY_NUMBER='1' AIRFLOW_CTX_DAG_RUN_ID='scheduled__2022-03-13T00:00:00+00:00'
[2025-12-26T22:12:51.864+0530] {taskinstance.py:430} INFO - ::endgroup::
[2025-12-26T22:12:51.867+0530] {logging_mixin.py:188} INFO - Total was 9
[2025-12-26T22:12:51.868+0530] {python.py:237} INFO - Done. Returned value was: None
[2025-12-26T22:12:51.868+0530] {taskinstance.py:441} INFO - ::group::Post task execution logs
[2025-12-26T22:12:51.872+0530] {taskinstance.py:1206} INFO - Marking task as SUCCESS. dag_id=example_dynamic_task_mapping, task_id=sum_it, run_id=scheduled__2022-03-13T00:00:00+00:00, execution_date=20220313T000000, start_date=20251226T164251, end_date=20251226T164251
[2025-12-26T22:12:51.910+0530] {local_task_job_runner.py:243} INFO - Task exited with return code 0
[2025-12-26T22:12:51.921+0530] {taskinstance.py:3503} INFO - 0 downstream tasks scheduled from follow-on schedule check
[2025-12-26T22:12:51.922+0530] {local_task_job_runner.py:222} INFO - ::endgroup::
[2026-03-10T22:16:52.514+0530] {local_task_job_runner.py:120} INFO - ::group::Pre task execution logs
[2026-03-10T22:16:52.553+0530] {taskinstance.py:2076} INFO - Dependencies all met for dep_context=non-requeueable deps ti=<TaskInstance: example_dynamic_task_mapping.sum_it scheduled__2022-03-13T00:00:00+00:00 [queued]>
[2026-03-10T22:16:52.566+0530] {taskinstance.py:2076} INFO - Dependencies all met for dep_context=requeueable deps ti=<TaskInstance: example_dynamic_task_mapping.sum_it scheduled__2022-03-13T00:00:00+00:00 [queued]>
[2026-03-10T22:16:52.566+0530] {taskinstance.py:2306} INFO - Starting attempt 1 of 1
[2026-03-10T22:16:52.594+0530] {taskinstance.py:2330} INFO - Executing <Task(_PythonDecoratedOperator): sum_it> on 2022-03-13 00:00:00+00:00
[2026-03-10T22:16:52.602+0530] {standard_task_runner.py:64} INFO - Started process 2690 to run task
[2026-03-10T22:16:52.608+0530] {standard_task_runner.py:90} INFO - Running: ['airflow', 'tasks', 'run', 'example_dynamic_task_mapping', 'sum_it', 'scheduled__2022-03-13T00:00:00+00:00', '--job-id', '227', '--raw', '--subdir', '/home/sathya/projects/training-kit/.venv-airflow/lib/python3.10/site-packages/airflow/example_dags/example_dynamic_task_mapping.py', '--cfg-path', '/tmp/tmpe1wa38mx']
[2026-03-10T22:16:52.612+0530] {standard_task_runner.py:91} INFO - Job 227: Subtask sum_it
[2026-03-10T22:16:52.681+0530] {task_command.py:426} INFO - Running <TaskInstance: example_dynamic_task_mapping.sum_it scheduled__2022-03-13T00:00:00+00:00 [running]> on host LAPTOP-A1PMOBSE.localdomain
[2026-03-10T22:16:52.812+0530] {taskinstance.py:2648} INFO - Exporting env vars: AIRFLOW_CTX_DAG_OWNER='airflow' AIRFLOW_CTX_DAG_ID='example_dynamic_task_mapping' AIRFLOW_CTX_TASK_ID='sum_it' AIRFLOW_CTX_EXECUTION_DATE='2022-03-13T00:00:00+00:00' AIRFLOW_CTX_TRY_NUMBER='1' AIRFLOW_CTX_DAG_RUN_ID='scheduled__2022-03-13T00:00:00+00:00'
[2026-03-10T22:16:52.817+0530] {taskinstance.py:430} INFO - ::endgroup::
[2026-03-10T22:16:52.826+0530] {logging_mixin.py:188} INFO - Total was 9
[2026-03-10T22:16:52.826+0530] {python.py:237} INFO - Done. Returned value was: None
[2026-03-10T22:16:52.827+0530] {taskinstance.py:441} INFO - ::group::Post task execution logs
[2026-03-10T22:16:52.840+0530] {taskinstance.py:1206} INFO - Marking task as SUCCESS. dag_id=example_dynamic_task_mapping, task_id=sum_it, run_id=scheduled__2022-03-13T00:00:00+00:00, execution_date=20220313T000000, start_date=20260310T164652, end_date=20260310T164652
[2026-03-10T22:16:52.878+0530] {local_task_job_runner.py:243} INFO - Task exited with return code 0
[2026-03-10T22:16:52.905+0530] {taskinstance.py:3503} INFO - 0 downstream tasks scheduled from follow-on schedule check
[2026-03-10T22:16:52.906+0530] {local_task_job_runner.py:222} INFO - ::endgroup::
