[2025-12-26T22:57:14.913+0530] {local_task_job_runner.py:120} INFO - ::group::Pre task execution logs
[2025-12-26T22:57:14.934+0530] {taskinstance.py:2076} INFO - Dependencies all met for dep_context=non-requeueable deps ti=<TaskInstance: example_dynamic_task_mapping.sum_it scheduled__2022-10-02T00:00:00+00:00 [queued]>
[2025-12-26T22:57:14.939+0530] {taskinstance.py:2076} INFO - Dependencies all met for dep_context=requeueable deps ti=<TaskInstance: example_dynamic_task_mapping.sum_it scheduled__2022-10-02T00:00:00+00:00 [queued]>
[2025-12-26T22:57:14.939+0530] {taskinstance.py:2306} INFO - Starting attempt 1 of 1
[2025-12-26T22:57:14.957+0530] {taskinstance.py:2330} INFO - Executing <Task(_PythonDecoratedOperator): sum_it> on 2022-10-02 00:00:00+00:00
[2025-12-26T22:57:14.960+0530] {standard_task_runner.py:64} INFO - Started process 10342 to run task
[2025-12-26T22:57:14.967+0530] {standard_task_runner.py:90} INFO - Running: ['airflow', 'tasks', 'run', 'example_dynamic_task_mapping', 'sum_it', 'scheduled__2022-10-02T00:00:00+00:00', '--job-id', '1241', '--raw', '--subdir', '/home/sathya/projects/training-kit/.venv-airflow/lib/python3.10/site-packages/airflow/example_dags/example_dynamic_task_mapping.py', '--cfg-path', '/tmp/tmp1gzjcdlt']
[2025-12-26T22:57:14.967+0530] {standard_task_runner.py:91} INFO - Job 1241: Subtask sum_it
[2025-12-26T22:57:15.003+0530] {task_command.py:426} INFO - Running <TaskInstance: example_dynamic_task_mapping.sum_it scheduled__2022-10-02T00:00:00+00:00 [running]> on host LAPTOP-A1PMOBSE.localdomain
[2025-12-26T22:57:15.084+0530] {taskinstance.py:2648} INFO - Exporting env vars: AIRFLOW_CTX_DAG_OWNER='airflow' AIRFLOW_CTX_DAG_ID='example_dynamic_task_mapping' AIRFLOW_CTX_TASK_ID='sum_it' AIRFLOW_CTX_EXECUTION_DATE='2022-10-02T00:00:00+00:00' AIRFLOW_CTX_TRY_NUMBER='1' AIRFLOW_CTX_DAG_RUN_ID='scheduled__2022-10-02T00:00:00+00:00'
[2025-12-26T22:57:15.085+0530] {taskinstance.py:430} INFO - ::endgroup::
[2025-12-26T22:57:15.089+0530] {logging_mixin.py:188} INFO - Total was 9
[2025-12-26T22:57:15.089+0530] {python.py:237} INFO - Done. Returned value was: None
[2025-12-26T22:57:15.089+0530] {taskinstance.py:441} INFO - ::group::Post task execution logs
[2025-12-26T22:57:15.092+0530] {taskinstance.py:1206} INFO - Marking task as SUCCESS. dag_id=example_dynamic_task_mapping, task_id=sum_it, run_id=scheduled__2022-10-02T00:00:00+00:00, execution_date=20221002T000000, start_date=20251226T172714, end_date=20251226T172715
[2025-12-26T22:57:15.144+0530] {local_task_job_runner.py:243} INFO - Task exited with return code 0
[2025-12-26T22:57:15.152+0530] {taskinstance.py:3503} INFO - 0 downstream tasks scheduled from follow-on schedule check
[2025-12-26T22:57:15.153+0530] {local_task_job_runner.py:222} INFO - ::endgroup::
[2026-03-11T00:02:21.253+0530] {local_task_job_runner.py:120} INFO - ::group::Pre task execution logs
[2026-03-11T00:02:21.305+0530] {taskinstance.py:2076} INFO - Dependencies all met for dep_context=non-requeueable deps ti=<TaskInstance: example_dynamic_task_mapping.sum_it scheduled__2022-10-02T00:00:00+00:00 [queued]>
[2026-03-11T00:02:21.318+0530] {taskinstance.py:2076} INFO - Dependencies all met for dep_context=requeueable deps ti=<TaskInstance: example_dynamic_task_mapping.sum_it scheduled__2022-10-02T00:00:00+00:00 [queued]>
[2026-03-11T00:02:21.319+0530] {taskinstance.py:2306} INFO - Starting attempt 1 of 1
[2026-03-11T00:02:21.360+0530] {taskinstance.py:2330} INFO - Executing <Task(_PythonDecoratedOperator): sum_it> on 2022-10-02 00:00:00+00:00
[2026-03-11T00:02:21.376+0530] {standard_task_runner.py:64} INFO - Started process 16837 to run task
[2026-03-11T00:02:21.387+0530] {standard_task_runner.py:90} INFO - Running: ['airflow', 'tasks', 'run', 'example_dynamic_task_mapping', 'sum_it', 'scheduled__2022-10-02T00:00:00+00:00', '--job-id', '1537', '--raw', '--subdir', '/home/sathya/projects/training-kit/.venv-airflow/lib/python3.10/site-packages/airflow/example_dags/example_dynamic_task_mapping.py', '--cfg-path', '/tmp/tmp_o9qw1tb']
[2026-03-11T00:02:21.391+0530] {standard_task_runner.py:91} INFO - Job 1537: Subtask sum_it
[2026-03-11T00:02:21.479+0530] {task_command.py:426} INFO - Running <TaskInstance: example_dynamic_task_mapping.sum_it scheduled__2022-10-02T00:00:00+00:00 [running]> on host LAPTOP-A1PMOBSE.localdomain
[2026-03-11T00:02:21.699+0530] {taskinstance.py:2648} INFO - Exporting env vars: AIRFLOW_CTX_DAG_OWNER='airflow' AIRFLOW_CTX_DAG_ID='example_dynamic_task_mapping' AIRFLOW_CTX_TASK_ID='sum_it' AIRFLOW_CTX_EXECUTION_DATE='2022-10-02T00:00:00+00:00' AIRFLOW_CTX_TRY_NUMBER='1' AIRFLOW_CTX_DAG_RUN_ID='scheduled__2022-10-02T00:00:00+00:00'
[2026-03-11T00:02:21.703+0530] {taskinstance.py:430} INFO - ::endgroup::
[2026-03-11T00:02:21.710+0530] {logging_mixin.py:188} INFO - Total was 9
[2026-03-11T00:02:21.710+0530] {python.py:237} INFO - Done. Returned value was: None
[2026-03-11T00:02:21.711+0530] {taskinstance.py:441} INFO - ::group::Post task execution logs
[2026-03-11T00:02:21.724+0530] {taskinstance.py:1206} INFO - Marking task as SUCCESS. dag_id=example_dynamic_task_mapping, task_id=sum_it, run_id=scheduled__2022-10-02T00:00:00+00:00, execution_date=20221002T000000, start_date=20260310T183221, end_date=20260310T183221
[2026-03-11T00:02:21.784+0530] {local_task_job_runner.py:243} INFO - Task exited with return code 0
[2026-03-11T00:02:21.808+0530] {taskinstance.py:3503} INFO - 0 downstream tasks scheduled from follow-on schedule check
[2026-03-11T00:02:21.810+0530] {local_task_job_runner.py:222} INFO - ::endgroup::
