[2025-12-26T22:52:05.169+0530] {local_task_job_runner.py:120} INFO - ::group::Pre task execution logs
[2025-12-26T22:52:05.188+0530] {taskinstance.py:2076} INFO - Dependencies all met for dep_context=non-requeueable deps ti=<TaskInstance: example_dynamic_task_mapping.add_one scheduled__2022-09-18T00:00:00+00:00 map_index=2 [queued]>
[2025-12-26T22:52:05.192+0530] {taskinstance.py:2076} INFO - Dependencies all met for dep_context=requeueable deps ti=<TaskInstance: example_dynamic_task_mapping.add_one scheduled__2022-09-18T00:00:00+00:00 map_index=2 [queued]>
[2025-12-26T22:52:05.192+0530] {taskinstance.py:2306} INFO - Starting attempt 1 of 1
[2025-12-26T22:52:05.210+0530] {taskinstance.py:2330} INFO - Executing <Mapped(_PythonDecoratedOperator): add_one> on 2022-09-18 00:00:00+00:00
[2025-12-26T22:52:05.212+0530] {standard_task_runner.py:64} INFO - Started process 9787 to run task
[2025-12-26T22:52:05.215+0530] {standard_task_runner.py:90} INFO - Running: ['airflow', 'tasks', 'run', 'example_dynamic_task_mapping', 'add_one', 'scheduled__2022-09-18T00:00:00+00:00', '--job-id', '1156', '--raw', '--subdir', '/home/sathya/projects/training-kit/.venv-airflow/lib/python3.10/site-packages/airflow/example_dags/example_dynamic_task_mapping.py', '--cfg-path', '/tmp/tmpzqhbph5j', '--map-index', '2']
[2025-12-26T22:52:05.216+0530] {standard_task_runner.py:91} INFO - Job 1156: Subtask add_one
[2025-12-26T22:52:05.251+0530] {task_command.py:426} INFO - Running <TaskInstance: example_dynamic_task_mapping.add_one scheduled__2022-09-18T00:00:00+00:00 map_index=2 [running]> on host LAPTOP-A1PMOBSE.localdomain
[2025-12-26T22:52:05.307+0530] {taskinstance.py:2648} INFO - Exporting env vars: AIRFLOW_CTX_DAG_OWNER='airflow' AIRFLOW_CTX_DAG_ID='example_dynamic_task_mapping' AIRFLOW_CTX_TASK_ID='add_one' AIRFLOW_CTX_EXECUTION_DATE='2022-09-18T00:00:00+00:00' AIRFLOW_CTX_TRY_NUMBER='1' AIRFLOW_CTX_DAG_RUN_ID='scheduled__2022-09-18T00:00:00+00:00'
[2025-12-26T22:52:05.308+0530] {taskinstance.py:430} INFO - ::endgroup::
[2025-12-26T22:52:05.308+0530] {python.py:237} INFO - Done. Returned value was: 4
[2025-12-26T22:52:05.308+0530] {taskinstance.py:441} INFO - ::group::Post task execution logs
[2025-12-26T22:52:05.321+0530] {taskinstance.py:1206} INFO - Marking task as SUCCESS. dag_id=example_dynamic_task_mapping, task_id=add_one, run_id=scheduled__2022-09-18T00:00:00+00:00, map_index=2, execution_date=20220918T000000, start_date=20251226T172205, end_date=20251226T172205
[2025-12-26T22:52:05.349+0530] {local_task_job_runner.py:243} INFO - Task exited with return code 0
[2025-12-26T22:52:05.364+0530] {taskinstance.py:3503} INFO - 1 downstream tasks scheduled from follow-on schedule check
[2025-12-26T22:52:05.371+0530] {local_task_job_runner.py:222} INFO - ::endgroup::
[2026-03-10T23:54:28.257+0530] {local_task_job_runner.py:120} INFO - ::group::Pre task execution logs
[2026-03-10T23:54:28.317+0530] {taskinstance.py:2076} INFO - Dependencies all met for dep_context=non-requeueable deps ti=<TaskInstance: example_dynamic_task_mapping.add_one scheduled__2022-09-18T00:00:00+00:00 map_index=2 [queued]>
[2026-03-10T23:54:28.332+0530] {taskinstance.py:2076} INFO - Dependencies all met for dep_context=requeueable deps ti=<TaskInstance: example_dynamic_task_mapping.add_one scheduled__2022-09-18T00:00:00+00:00 map_index=2 [queued]>
[2026-03-10T23:54:28.333+0530] {taskinstance.py:2306} INFO - Starting attempt 1 of 1
[2026-03-10T23:54:28.384+0530] {taskinstance.py:2330} INFO - Executing <Mapped(_PythonDecoratedOperator): add_one> on 2022-09-18 00:00:00+00:00
[2026-03-10T23:54:28.396+0530] {standard_task_runner.py:64} INFO - Started process 15712 to run task
[2026-03-10T23:54:28.406+0530] {standard_task_runner.py:90} INFO - Running: ['airflow', 'tasks', 'run', 'example_dynamic_task_mapping', 'add_one', 'scheduled__2022-09-18T00:00:00+00:00', '--job-id', '1433', '--raw', '--subdir', '/home/sathya/projects/training-kit/.venv-airflow/lib/python3.10/site-packages/airflow/example_dags/example_dynamic_task_mapping.py', '--cfg-path', '/tmp/tmpjwcajuqw', '--map-index', '2']
[2026-03-10T23:54:28.411+0530] {standard_task_runner.py:91} INFO - Job 1433: Subtask add_one
[2026-03-10T23:54:28.504+0530] {task_command.py:426} INFO - Running <TaskInstance: example_dynamic_task_mapping.add_one scheduled__2022-09-18T00:00:00+00:00 map_index=2 [running]> on host LAPTOP-A1PMOBSE.localdomain
[2026-03-10T23:54:28.711+0530] {taskinstance.py:2648} INFO - Exporting env vars: AIRFLOW_CTX_DAG_OWNER='airflow' AIRFLOW_CTX_DAG_ID='example_dynamic_task_mapping' AIRFLOW_CTX_TASK_ID='add_one' AIRFLOW_CTX_EXECUTION_DATE='2022-09-18T00:00:00+00:00' AIRFLOW_CTX_TRY_NUMBER='1' AIRFLOW_CTX_DAG_RUN_ID='scheduled__2022-09-18T00:00:00+00:00'
[2026-03-10T23:54:28.714+0530] {taskinstance.py:430} INFO - ::endgroup::
[2026-03-10T23:54:28.715+0530] {python.py:237} INFO - Done. Returned value was: 4
[2026-03-10T23:54:28.715+0530] {taskinstance.py:441} INFO - ::group::Post task execution logs
[2026-03-10T23:54:28.754+0530] {taskinstance.py:1206} INFO - Marking task as SUCCESS. dag_id=example_dynamic_task_mapping, task_id=add_one, run_id=scheduled__2022-09-18T00:00:00+00:00, map_index=2, execution_date=20220918T000000, start_date=20260310T182428, end_date=20260310T182428
[2026-03-10T23:54:28.848+0530] {local_task_job_runner.py:243} INFO - Task exited with return code 0
[2026-03-10T23:54:28.928+0530] {taskinstance.py:3503} INFO - 1 downstream tasks scheduled from follow-on schedule check
[2026-03-10T23:54:28.945+0530] {local_task_job_runner.py:222} INFO - ::endgroup::
