[2026-03-09T20:59:56.920+0530] {local_task_job_runner.py:120} INFO - ::group::Pre task execution logs
[2026-03-09T20:59:56.937+0530] {taskinstance.py:2076} INFO - Dependencies all met for dep_context=non-requeueable deps ti=<TaskInstance: conditional_dataset_and_time_based_timetable.conditional_dataset_and_time_based_timetable scheduled__2026-03-04T01:00:00+00:00 [queued]>
[2026-03-09T20:59:56.942+0530] {taskinstance.py:2076} INFO - Dependencies all met for dep_context=requeueable deps ti=<TaskInstance: conditional_dataset_and_time_based_timetable.conditional_dataset_and_time_based_timetable scheduled__2026-03-04T01:00:00+00:00 [queued]>
[2026-03-09T20:59:56.943+0530] {taskinstance.py:2306} INFO - Starting attempt 1 of 1
[2026-03-09T20:59:56.959+0530] {taskinstance.py:2330} INFO - Executing <Task(BashOperator): conditional_dataset_and_time_based_timetable> on 2026-03-04 01:00:00+00:00
[2026-03-09T20:59:56.969+0530] {standard_task_runner.py:64} INFO - Started process 20315 to run task
[2026-03-09T20:59:56.974+0530] {standard_task_runner.py:90} INFO - Running: ['airflow', 'tasks', 'run', 'conditional_dataset_and_time_based_timetable', 'conditional_dataset_and_time_based_timetable', 'scheduled__2026-03-04T01:00:00+00:00', '--job-id', '16', '--raw', '--subdir', '/home/sathya/projects/training-kit/.venv-airflow/lib/python3.10/site-packages/airflow/example_dags/example_datasets.py', '--cfg-path', '/tmp/tmps4jqmlxs']
[2026-03-09T20:59:56.975+0530] {standard_task_runner.py:91} INFO - Job 16: Subtask conditional_dataset_and_time_based_timetable
[2026-03-09T20:59:57.028+0530] {task_command.py:426} INFO - Running <TaskInstance: conditional_dataset_and_time_based_timetable.conditional_dataset_and_time_based_timetable scheduled__2026-03-04T01:00:00+00:00 [running]> on host LAPTOP-A1PMOBSE.localdomain
[2026-03-09T20:59:57.082+0530] {taskinstance.py:2648} INFO - Exporting env vars: AIRFLOW_CTX_DAG_OWNER='airflow' AIRFLOW_CTX_DAG_ID='conditional_dataset_and_time_based_timetable' AIRFLOW_CTX_TASK_ID='conditional_dataset_and_time_based_timetable' AIRFLOW_CTX_EXECUTION_DATE='2026-03-04T01:00:00+00:00' AIRFLOW_CTX_TRY_NUMBER='1' AIRFLOW_CTX_DAG_RUN_ID='scheduled__2026-03-04T01:00:00+00:00'
[2026-03-09T20:59:57.084+0530] {taskinstance.py:430} INFO - ::endgroup::
[2026-03-09T20:59:57.084+0530] {subprocess.py:63} INFO - Tmp dir root location: /tmp
[2026-03-09T20:59:57.085+0530] {subprocess.py:75} INFO - Running command: ['/usr/bin/bash', '-c', 'sleep 5']
[2026-03-09T20:59:57.092+0530] {subprocess.py:86} INFO - Output:
[2026-03-09T21:00:02.101+0530] {subprocess.py:97} INFO - Command exited with return code 0
[2026-03-09T21:00:02.102+0530] {taskinstance.py:441} INFO - ::group::Post task execution logs
[2026-03-09T21:00:02.138+0530] {taskinstance.py:1206} INFO - Marking task as SUCCESS. dag_id=conditional_dataset_and_time_based_timetable, task_id=conditional_dataset_and_time_based_timetable, run_id=scheduled__2026-03-04T01:00:00+00:00, execution_date=20260304T010000, start_date=20260309T152956, end_date=20260309T153002
[2026-03-09T21:00:02.192+0530] {local_task_job_runner.py:243} INFO - Task exited with return code 0
[2026-03-09T21:00:02.203+0530] {taskinstance.py:3503} INFO - 0 downstream tasks scheduled from follow-on schedule check
[2026-03-09T21:00:02.203+0530] {local_task_job_runner.py:222} INFO - ::endgroup::
