[2025-12-26T22:47:33.408+0530] {local_task_job_runner.py:120} INFO - ::group::Pre task execution logs
[2025-12-26T22:47:33.423+0530] {taskinstance.py:2076} INFO - Dependencies all met for dep_context=non-requeueable deps ti=<TaskInstance: example_dynamic_task_mapping.add_one scheduled__2022-08-27T00:00:00+00:00 map_index=2 [queued]>
[2025-12-26T22:47:33.427+0530] {taskinstance.py:2076} INFO - Dependencies all met for dep_context=requeueable deps ti=<TaskInstance: example_dynamic_task_mapping.add_one scheduled__2022-08-27T00:00:00+00:00 map_index=2 [queued]>
[2025-12-26T22:47:33.427+0530] {taskinstance.py:2306} INFO - Starting attempt 1 of 1
[2025-12-26T22:47:33.440+0530] {taskinstance.py:2330} INFO - Executing <Mapped(_PythonDecoratedOperator): add_one> on 2022-08-27 00:00:00+00:00
[2025-12-26T22:47:33.443+0530] {standard_task_runner.py:64} INFO - Started process 9209 to run task
[2025-12-26T22:47:33.445+0530] {standard_task_runner.py:90} INFO - Running: ['airflow', 'tasks', 'run', 'example_dynamic_task_mapping', 'add_one', 'scheduled__2022-08-27T00:00:00+00:00', '--job-id', '1047', '--raw', '--subdir', '/home/sathya/projects/training-kit/.venv-airflow/lib/python3.10/site-packages/airflow/example_dags/example_dynamic_task_mapping.py', '--cfg-path', '/tmp/tmpw_gwuwhb', '--map-index', '2']
[2025-12-26T22:47:33.446+0530] {standard_task_runner.py:91} INFO - Job 1047: Subtask add_one
[2025-12-26T22:47:33.478+0530] {task_command.py:426} INFO - Running <TaskInstance: example_dynamic_task_mapping.add_one scheduled__2022-08-27T00:00:00+00:00 map_index=2 [running]> on host LAPTOP-A1PMOBSE.localdomain
[2025-12-26T22:47:33.534+0530] {taskinstance.py:2648} INFO - Exporting env vars: AIRFLOW_CTX_DAG_OWNER='airflow' AIRFLOW_CTX_DAG_ID='example_dynamic_task_mapping' AIRFLOW_CTX_TASK_ID='add_one' AIRFLOW_CTX_EXECUTION_DATE='2022-08-27T00:00:00+00:00' AIRFLOW_CTX_TRY_NUMBER='1' AIRFLOW_CTX_DAG_RUN_ID='scheduled__2022-08-27T00:00:00+00:00'
[2025-12-26T22:47:33.534+0530] {taskinstance.py:430} INFO - ::endgroup::
[2025-12-26T22:47:33.535+0530] {python.py:237} INFO - Done. Returned value was: 4
[2025-12-26T22:47:33.535+0530] {taskinstance.py:441} INFO - ::group::Post task execution logs
[2025-12-26T22:47:33.548+0530] {taskinstance.py:1206} INFO - Marking task as SUCCESS. dag_id=example_dynamic_task_mapping, task_id=add_one, run_id=scheduled__2022-08-27T00:00:00+00:00, map_index=2, execution_date=20220827T000000, start_date=20251226T171733, end_date=20251226T171733
[2025-12-26T22:47:33.580+0530] {local_task_job_runner.py:243} INFO - Task exited with return code 0
[2025-12-26T22:47:33.591+0530] {taskinstance.py:3503} INFO - 1 downstream tasks scheduled from follow-on schedule check
[2025-12-26T22:47:33.600+0530] {local_task_job_runner.py:222} INFO - ::endgroup::
[2026-03-10T23:39:20.197+0530] {local_task_job_runner.py:120} INFO - ::group::Pre task execution logs
[2026-03-10T23:39:20.280+0530] {taskinstance.py:2076} INFO - Dependencies all met for dep_context=non-requeueable deps ti=<TaskInstance: example_dynamic_task_mapping.add_one scheduled__2022-08-27T00:00:00+00:00 map_index=2 [queued]>
[2026-03-10T23:39:20.302+0530] {taskinstance.py:2076} INFO - Dependencies all met for dep_context=requeueable deps ti=<TaskInstance: example_dynamic_task_mapping.add_one scheduled__2022-08-27T00:00:00+00:00 map_index=2 [queued]>
[2026-03-10T23:39:20.302+0530] {taskinstance.py:2306} INFO - Starting attempt 1 of 1
[2026-03-10T23:39:20.351+0530] {taskinstance.py:2330} INFO - Executing <Mapped(_PythonDecoratedOperator): add_one> on 2022-08-27 00:00:00+00:00
[2026-03-10T23:39:20.360+0530] {standard_task_runner.py:64} INFO - Started process 13737 to run task
[2026-03-10T23:39:20.372+0530] {standard_task_runner.py:90} INFO - Running: ['airflow', 'tasks', 'run', 'example_dynamic_task_mapping', 'add_one', 'scheduled__2022-08-27T00:00:00+00:00', '--job-id', '1246', '--raw', '--subdir', '/home/sathya/projects/training-kit/.venv-airflow/lib/python3.10/site-packages/airflow/example_dags/example_dynamic_task_mapping.py', '--cfg-path', '/tmp/tmplu4_qhb5', '--map-index', '2']
[2026-03-10T23:39:20.376+0530] {standard_task_runner.py:91} INFO - Job 1246: Subtask add_one
[2026-03-10T23:39:20.472+0530] {task_command.py:426} INFO - Running <TaskInstance: example_dynamic_task_mapping.add_one scheduled__2022-08-27T00:00:00+00:00 map_index=2 [running]> on host LAPTOP-A1PMOBSE.localdomain
[2026-03-10T23:39:20.662+0530] {taskinstance.py:2648} INFO - Exporting env vars: AIRFLOW_CTX_DAG_OWNER='airflow' AIRFLOW_CTX_DAG_ID='example_dynamic_task_mapping' AIRFLOW_CTX_TASK_ID='add_one' AIRFLOW_CTX_EXECUTION_DATE='2022-08-27T00:00:00+00:00' AIRFLOW_CTX_TRY_NUMBER='1' AIRFLOW_CTX_DAG_RUN_ID='scheduled__2022-08-27T00:00:00+00:00'
[2026-03-10T23:39:20.665+0530] {taskinstance.py:430} INFO - ::endgroup::
[2026-03-10T23:39:20.666+0530] {python.py:237} INFO - Done. Returned value was: 4
[2026-03-10T23:39:20.667+0530] {taskinstance.py:441} INFO - ::group::Post task execution logs
[2026-03-10T23:39:20.709+0530] {taskinstance.py:1206} INFO - Marking task as SUCCESS. dag_id=example_dynamic_task_mapping, task_id=add_one, run_id=scheduled__2022-08-27T00:00:00+00:00, map_index=2, execution_date=20220827T000000, start_date=20260310T180920, end_date=20260310T180920
[2026-03-10T23:39:20.770+0530] {local_task_job_runner.py:243} INFO - Task exited with return code 0
[2026-03-10T23:39:20.837+0530] {taskinstance.py:3503} INFO - 1 downstream tasks scheduled from follow-on schedule check
[2026-03-10T23:39:20.851+0530] {local_task_job_runner.py:222} INFO - ::endgroup::
