[2025-12-26T22:43:32.487+0530] {local_task_job_runner.py:120} INFO - ::group::Pre task execution logs
[2025-12-26T22:43:32.504+0530] {taskinstance.py:2076} INFO - Dependencies all met for dep_context=non-requeueable deps ti=<TaskInstance: example_dynamic_task_mapping.add_one scheduled__2022-08-09T00:00:00+00:00 map_index=1 [queued]>
[2025-12-26T22:43:32.508+0530] {taskinstance.py:2076} INFO - Dependencies all met for dep_context=requeueable deps ti=<TaskInstance: example_dynamic_task_mapping.add_one scheduled__2022-08-09T00:00:00+00:00 map_index=1 [queued]>
[2025-12-26T22:43:32.508+0530] {taskinstance.py:2306} INFO - Starting attempt 1 of 1
[2025-12-26T22:43:32.522+0530] {taskinstance.py:2330} INFO - Executing <Mapped(_PythonDecoratedOperator): add_one> on 2022-08-09 00:00:00+00:00
[2025-12-26T22:43:32.524+0530] {standard_task_runner.py:64} INFO - Started process 8707 to run task
[2025-12-26T22:43:32.527+0530] {standard_task_runner.py:90} INFO - Running: ['airflow', 'tasks', 'run', 'example_dynamic_task_mapping', 'add_one', 'scheduled__2022-08-09T00:00:00+00:00', '--job-id', '954', '--raw', '--subdir', '/home/sathya/projects/training-kit/.venv-airflow/lib/python3.10/site-packages/airflow/example_dags/example_dynamic_task_mapping.py', '--cfg-path', '/tmp/tmpb0t1y1o1', '--map-index', '1']
[2025-12-26T22:43:32.527+0530] {standard_task_runner.py:91} INFO - Job 954: Subtask add_one
[2025-12-26T22:43:32.559+0530] {task_command.py:426} INFO - Running <TaskInstance: example_dynamic_task_mapping.add_one scheduled__2022-08-09T00:00:00+00:00 map_index=1 [running]> on host LAPTOP-A1PMOBSE.localdomain
[2025-12-26T22:43:32.615+0530] {taskinstance.py:2648} INFO - Exporting env vars: AIRFLOW_CTX_DAG_OWNER='airflow' AIRFLOW_CTX_DAG_ID='example_dynamic_task_mapping' AIRFLOW_CTX_TASK_ID='add_one' AIRFLOW_CTX_EXECUTION_DATE='2022-08-09T00:00:00+00:00' AIRFLOW_CTX_TRY_NUMBER='1' AIRFLOW_CTX_DAG_RUN_ID='scheduled__2022-08-09T00:00:00+00:00'
[2025-12-26T22:43:32.616+0530] {taskinstance.py:430} INFO - ::endgroup::
[2025-12-26T22:43:32.616+0530] {python.py:237} INFO - Done. Returned value was: 3
[2025-12-26T22:43:32.616+0530] {taskinstance.py:441} INFO - ::group::Post task execution logs
[2025-12-26T22:43:32.629+0530] {taskinstance.py:1206} INFO - Marking task as SUCCESS. dag_id=example_dynamic_task_mapping, task_id=add_one, run_id=scheduled__2022-08-09T00:00:00+00:00, map_index=1, execution_date=20220809T000000, start_date=20251226T171332, end_date=20251226T171332
[2025-12-26T22:43:32.670+0530] {local_task_job_runner.py:243} INFO - Task exited with return code 0
[2025-12-26T22:43:32.690+0530] {taskinstance.py:3503} INFO - 0 downstream tasks scheduled from follow-on schedule check
[2025-12-26T22:43:32.691+0530] {local_task_job_runner.py:222} INFO - ::endgroup::
[2026-03-10T23:31:06.224+0530] {local_task_job_runner.py:120} INFO - ::group::Pre task execution logs
[2026-03-10T23:31:06.325+0530] {taskinstance.py:2076} INFO - Dependencies all met for dep_context=non-requeueable deps ti=<TaskInstance: example_dynamic_task_mapping.add_one scheduled__2022-08-09T00:00:00+00:00 map_index=1 [queued]>
[2026-03-10T23:31:06.348+0530] {taskinstance.py:2076} INFO - Dependencies all met for dep_context=requeueable deps ti=<TaskInstance: example_dynamic_task_mapping.add_one scheduled__2022-08-09T00:00:00+00:00 map_index=1 [queued]>
[2026-03-10T23:31:06.348+0530] {taskinstance.py:2306} INFO - Starting attempt 1 of 1
[2026-03-10T23:31:06.409+0530] {taskinstance.py:2330} INFO - Executing <Mapped(_PythonDecoratedOperator): add_one> on 2022-08-09 00:00:00+00:00
[2026-03-10T23:31:06.426+0530] {standard_task_runner.py:64} INFO - Started process 12257 to run task
[2026-03-10T23:31:06.435+0530] {standard_task_runner.py:90} INFO - Running: ['airflow', 'tasks', 'run', 'example_dynamic_task_mapping', 'add_one', 'scheduled__2022-08-09T00:00:00+00:00', '--job-id', '1104', '--raw', '--subdir', '/home/sathya/projects/training-kit/.venv-airflow/lib/python3.10/site-packages/airflow/example_dags/example_dynamic_task_mapping.py', '--cfg-path', '/tmp/tmpr7ech8s5', '--map-index', '1']
[2026-03-10T23:31:06.441+0530] {standard_task_runner.py:91} INFO - Job 1104: Subtask add_one
[2026-03-10T23:31:06.545+0530] {task_command.py:426} INFO - Running <TaskInstance: example_dynamic_task_mapping.add_one scheduled__2022-08-09T00:00:00+00:00 map_index=1 [running]> on host LAPTOP-A1PMOBSE.localdomain
[2026-03-10T23:31:06.753+0530] {taskinstance.py:2648} INFO - Exporting env vars: AIRFLOW_CTX_DAG_OWNER='airflow' AIRFLOW_CTX_DAG_ID='example_dynamic_task_mapping' AIRFLOW_CTX_TASK_ID='add_one' AIRFLOW_CTX_EXECUTION_DATE='2022-08-09T00:00:00+00:00' AIRFLOW_CTX_TRY_NUMBER='1' AIRFLOW_CTX_DAG_RUN_ID='scheduled__2022-08-09T00:00:00+00:00'
[2026-03-10T23:31:06.756+0530] {taskinstance.py:430} INFO - ::endgroup::
[2026-03-10T23:31:06.757+0530] {python.py:237} INFO - Done. Returned value was: 3
[2026-03-10T23:31:06.757+0530] {taskinstance.py:441} INFO - ::group::Post task execution logs
[2026-03-10T23:31:06.816+0530] {taskinstance.py:1206} INFO - Marking task as SUCCESS. dag_id=example_dynamic_task_mapping, task_id=add_one, run_id=scheduled__2022-08-09T00:00:00+00:00, map_index=1, execution_date=20220809T000000, start_date=20260310T180106, end_date=20260310T180106
[2026-03-10T23:31:06.882+0530] {local_task_job_runner.py:243} INFO - Task exited with return code 0
[2026-03-10T23:31:06.953+0530] {taskinstance.py:3503} INFO - 0 downstream tasks scheduled from follow-on schedule check
[2026-03-10T23:31:06.955+0530] {local_task_job_runner.py:222} INFO - ::endgroup::
